INFO:Starting Version 1.0.5
DEBUG:Using selector: EpollSelector
INFO:Connecting to cluster at: mqtt-quic://emqx-headless.dtwins:14567 using QUIC
INFO:Subscribed to topic: test/47
INFO:Logging each: 50
INFO:Unhandled packet type received
INFO:Message received on topic: test/47 with payload size: 91 at 2024-12-09 09:16:26.881835 sent 2024-12-09 09:16:26.740749
INFO:Message received on topic: test/47 with payload size: 91 at 2024-12-09 09:16:29.371082 sent 2024-12-09 09:16:29.346437
INFO:Message received on topic: test/47 with payload size: 91 at 2024-12-09 09:16:31.985533 sent 2024-12-09 09:16:31.953714
INFO:Message received on topic: test/47 with payload size: 91 at 2024-12-09 09:16:34.585445 sent 2024-12-09 09:16:34.569438
INFO:Message received on topic: test/47 with payload size: 91 at 2024-12-09 09:16:37.279688 sent 2024-12-09 09:16:37.190636
INFO:Message received on topic: test/47 with payload size: 91 at 2024-12-09 09:16:39.899234 sent 2024-12-09 09:16:39.801626
INFO:Message received on topic: test/47 with payload size: 91 at 2024-12-09 09:16:42.464273 sent 2024-12-09 09:16:42.426645
INFO:Message received on topic: test/47 with payload size: 91 at 2024-12-09 09:16:45.184425 sent 2024-12-09 09:16:45.043838
INFO:Message received on topic: test/47 with payload size: 91 at 2024-12-09 09:16:47.677130 sent 2024-12-09 09:16:47.651969
INFO:Message received on topic: test/47 with payload size: 91 at 2024-12-09 09:16:50.279639 sent 2024-12-09 09:16:50.268243
INFO:Message received on topic: test/47 with payload size: 91 at 2024-12-09 09:16:52.974418 sent 2024-12-09 09:16:52.891313
INFO:Message received on topic: test/47 with payload size: 91 at 2024-12-09 09:16:55.573790 sent 2024-12-09 09:16:55.499153
INFO:Message received on topic: test/47 with payload size: 91 at 2024-12-09 09:16:58.187084 sent 2024-12-09 09:16:58.111425
INFO:Message received on topic: test/47 with payload size: 91 at 2024-12-09 09:17:00.859645 sent 2024-12-09 09:17:00.731112
INFO:Message received on topic: test/47 with payload size: 91 at 2024-12-09 09:17:03.459487 sent 2024-12-09 09:17:03.349742
INFO:Message received on topic: test/47 with payload size: 91 at 2024-12-09 09:17:06.054421 sent 2024-12-09 09:17:05.957575
INFO:Message received on topic: test/47 with payload size: 91 at 2024-12-09 09:17:08.663662 sent 2024-12-09 09:17:08.567919
INFO:Message received on topic: test/47 with payload size: 91 at 2024-12-09 09:17:11.281458 sent 2024-12-09 09:17:11.188581
INFO:Message received on topic: test/47 with payload size: 91 at 2024-12-09 09:17:13.870557 sent 2024-12-09 09:17:13.806403
INFO:Message received on topic: test/47 with payload size: 91 at 2024-12-09 09:17:16.465725 sent 2024-12-09 09:17:16.415572
INFO:Message received on topic: test/47 with payload size: 91 at 2024-12-09 09:17:19.079355 sent 2024-12-09 09:17:19.029008
INFO:Message received on topic: test/47 with payload size: 91 at 2024-12-09 09:17:21.787586 sent 2024-12-09 09:17:21.635507
INFO:Message received on topic: test/47 with payload size: 91 at 2024-12-09 09:17:24.289991 sent 2024-12-09 09:17:24.252733
INFO:Message received on topic: test/47 with payload size: 91 at 2024-12-09 09:17:26.892004 sent 2024-12-09 09:17:26.863434
INFO:Message received on topic: test/47 with payload size: 91 at 2024-12-09 09:17:29.549409 sent 2024-12-09 09:17:29.491477
INFO:Message received on topic: test/47 with payload size: 91 at 2024-12-09 09:17:32.208695 sent 2024-12-09 09:17:32.106816
INFO:Message received on topic: test/47 with payload size: 91 at 2024-12-09 09:17:34.781127 sent 2024-12-09 09:17:34.725183
INFO:Message received on topic: test/47 with payload size: 91 at 2024-12-09 09:17:37.469158 sent 2024-12-09 09:17:37.347208
INFO:Message received on topic: test/47 with payload size: 91 at 2024-12-09 09:17:39.977722 sent 2024-12-09 09:17:39.962078
INFO:Message received on topic: test/47 with payload size: 91 at 2024-12-09 09:17:42.650675 sent 2024-12-09 09:17:42.573655
INFO:Message received on topic: test/47 with payload size: 91 at 2024-12-09 09:17:45.263809 sent 2024-12-09 09:17:45.191152
INFO:Message received on topic: test/47 with payload size: 91 at 2024-12-09 09:17:47.880178 sent 2024-12-09 09:17:47.804128
INFO:Message received on topic: test/47 with payload size: 91 at 2024-12-09 09:17:50.495399 sent 2024-12-09 09:17:50.420224
INFO:Message received on topic: test/47 with payload size: 91 at 2024-12-09 09:17:53.077280 sent 2024-12-09 09:17:53.032409
INFO:Message received on topic: test/47 with payload size: 91 at 2024-12-09 09:17:55.769020 sent 2024-12-09 09:17:55.643088
INFO:Message received on topic: test/47 with payload size: 91 at 2024-12-09 09:17:58.276027 sent 2024-12-09 09:17:58.259023
INFO:Message received on topic: test/47 with payload size: 91 at 2024-12-09 09:18:00.967955 sent 2024-12-09 09:18:00.873765
INFO:Message received on topic: test/47 with payload size: 91 at 2024-12-09 09:18:03.591570 sent 2024-12-09 09:18:03.486364
INFO:Message received on topic: test/47 with payload size: 91 at 2024-12-09 09:18:06.165691 sent 2024-12-09 09:18:06.098272
INFO:Message received on topic: test/47 with payload size: 91 at 2024-12-09 09:18:08.861535 sent 2024-12-09 09:18:08.708276
INFO:Message received on topic: test/47 with payload size: 91 at 2024-12-09 09:18:11.393622 sent 2024-12-09 09:18:11.327187
INFO:Message received on topic: test/47 with payload size: 91 at 2024-12-09 09:18:14.052544 sent 2024-12-09 09:18:13.942368
INFO:Message received on topic: test/47 with payload size: 91 at 2024-12-09 09:18:16.578872 sent 2024-12-09 09:18:16.562534
INFO:Message received on topic: test/47 with payload size: 91 at 2024-12-09 09:18:19.264556 sent 2024-12-09 09:18:19.176739
INFO:Message received on topic: test/47 with payload size: 91 at 2024-12-09 09:18:21.968146 sent 2024-12-09 09:18:21.791933
INFO:Message received on topic: test/47 with payload size: 91 at 2024-12-09 09:18:24.463700 sent 2024-12-09 09:18:24.402926
INFO:Message received on topic: test/47 with payload size: 91 at 2024-12-09 09:18:27.077990 sent 2024-12-09 09:18:27.019067
INFO:Message received on topic: test/47 with payload size: 91 at 2024-12-09 09:18:29.751112 sent 2024-12-09 09:18:29.632224
INFO:Message received on topic: test/47 with payload size: 91 at 2024-12-09 09:18:32.362284 sent 2024-12-09 09:18:32.254864
INFO:Message received on topic: test/47 with payload size: 91 at 2024-12-09 09:18:34.999196 sent 2024-12-09 09:18:34.867535
INFO:Message received on topic: test/47 with payload size: 91 at 2024-12-09 09:18:37.557748 sent 2024-12-09 09:18:37.478824
INFO:Message received on topic: test/47 with payload size: 91 at 2024-12-09 09:18:40.167077 sent 2024-12-09 09:18:40.099293
INFO:Message received on topic: test/47 with payload size: 91 at 2024-12-09 09:18:42.790956 sent 2024-12-09 09:18:42.710984
INFO:Message received on topic: test/47 with payload size: 91 at 2024-12-09 09:18:45.378122 sent 2024-12-09 09:18:45.327922
INFO:Message received on topic: test/47 with payload size: 91 at 2024-12-09 09:18:48.061826 sent 2024-12-09 09:18:47.935147
INFO:Message received on topic: test/47 with payload size: 91 at 2024-12-09 09:18:50.652005 sent 2024-12-09 09:18:50.550759
INFO:Message received on topic: test/47 with payload size: 91 at 2024-12-09 09:18:53.262513 sent 2024-12-09 09:18:53.156897
INFO:Message received on topic: test/47 with payload size: 91 at 2024-12-09 09:18:55.851631 sent 2024-12-09 09:18:55.767621
INFO:Message received on topic: test/47 with payload size: 91 at 2024-12-09 09:18:58.685901 sent 2024-12-09 09:18:58.384576
INFO:Message received on topic: test/47 with payload size: 91 at 2024-12-09 09:19:01.173348 sent 2024-12-09 09:19:00.996921
INFO:Message received on topic: test/47 with payload size: 91 at 2024-12-09 09:19:03.673016 sent 2024-12-09 09:19:03.609776
INFO:Message received on topic: test/47 with payload size: 91 at 2024-12-09 09:19:06.360653 sent 2024-12-09 09:19:06.221614
INFO:Message received on topic: test/47 with payload size: 91 at 2024-12-09 09:19:08.948191 sent 2024-12-09 09:19:08.835705
INFO:Message received on topic: test/47 with payload size: 91 at 2024-12-09 09:19:11.588618 sent 2024-12-09 09:19:11.447383
INFO:Message received on topic: test/47 with payload size: 91 at 2024-12-09 09:19:14.189606 sent 2024-12-09 09:19:14.063169
INFO:Message received on topic: test/47 with payload size: 91 at 2024-12-09 09:19:16.764821 sent 2024-12-09 09:19:16.671559
INFO:Message received on topic: test/47 with payload size: 91 at 2024-12-09 09:19:19.467136 sent 2024-12-09 09:19:19.287496
INFO:Message received on topic: test/47 with payload size: 91 at 2024-12-09 09:19:21.982504 sent 2024-12-09 09:19:21.910154
INFO:Message received on topic: test/47 with payload size: 91 at 2024-12-09 09:19:24.580067 sent 2024-12-09 09:19:24.524784
INFO:Message received on topic: test/47 with payload size: 91 at 2024-12-09 09:19:27.182445 sent 2024-12-09 09:19:27.133868
INFO:Message received on topic: test/47 with payload size: 91 at 2024-12-09 09:19:29.860928 sent 2024-12-09 09:19:29.727074
INFO:Message received on topic: test/47 with payload size: 91 at 2024-12-09 09:19:32.460649 sent 2024-12-09 09:19:32.311581
INFO:Message received on topic: test/47 with payload size: 91 at 2024-12-09 09:19:35.077900 sent 2024-12-09 09:19:34.905055
INFO:Message received on topic: test/47 with payload size: 91 at 2024-12-09 09:19:37.658687 sent 2024-12-09 09:19:37.492167
INFO:Message received on topic: test/47 with payload size: 91 at 2024-12-09 09:19:40.258807 sent 2024-12-09 09:19:40.108710
INFO:Message received on topic: test/47 with payload size: 91 at 2024-12-09 09:19:42.885639 sent 2024-12-09 09:19:42.728857
INFO:Message received on topic: test/47 with payload size: 91 at 2024-12-09 09:19:45.467564 sent 2024-12-09 09:19:45.339564
INFO:Message received on topic: test/47 with payload size: 91 at 2024-12-09 09:19:48.276684 sent 2024-12-09 09:19:47.954500
INFO:Message received on topic: test/47 with payload size: 91 at 2024-12-09 09:19:50.673721 sent 2024-12-09 09:19:50.568120
INFO:Message received on topic: test/47 with payload size: 91 at 2024-12-09 09:19:53.351798 sent 2024-12-09 09:19:53.180260
INFO:Message received on topic: test/47 with payload size: 91 at 2024-12-09 09:19:55.904142 sent 2024-12-09 09:19:55.797666
INFO:Message received on topic: test/47 with payload size: 91 at 2024-12-09 09:19:58.471909 sent 2024-12-09 09:19:58.409076
INFO:Message received on topic: test/47 with payload size: 91 at 2024-12-09 09:20:01.254632 sent 2024-12-09 09:20:01.025515
INFO:Message received on topic: test/47 with payload size: 91 at 2024-12-09 09:20:03.751903 sent 2024-12-09 09:20:03.638202
INFO:Message received on topic: test/47 with payload size: 91 at 2024-12-09 09:20:06.282754 sent 2024-12-09 09:20:06.252884
INFO:Message received on topic: test/47 with payload size: 91 at 2024-12-09 09:20:08.971259 sent 2024-12-09 09:20:08.866956
INFO:Message received on topic: test/47 with payload size: 91 at 2024-12-09 09:20:11.655890 sent 2024-12-09 09:20:11.483223
INFO:Message received on topic: test/47 with payload size: 91 at 2024-12-09 09:20:14.172538 sent 2024-12-09 09:20:14.102628
INFO:Message received on topic: test/47 with payload size: 91 at 2024-12-09 09:20:16.791188 sent 2024-12-09 09:20:16.714074
INFO:Message received on topic: test/47 with payload size: 91 at 2024-12-09 09:20:19.468735 sent 2024-12-09 09:20:19.329001
INFO:Message received on topic: test/47 with payload size: 91 at 2024-12-09 09:20:22.058006 sent 2024-12-09 09:20:21.952980
INFO:Message received on topic: test/47 with payload size: 91 at 2024-12-09 09:20:24.663710 sent 2024-12-09 09:20:24.573560
INFO:Message received on topic: test/47 with payload size: 91 at 2024-12-09 09:20:27.268238 sent 2024-12-09 09:20:27.187545
INFO:Message received on topic: test/47 with payload size: 91 at 2024-12-09 09:20:29.891239 sent 2024-12-09 09:20:29.808600
INFO:Message received on topic: test/47 with payload size: 91 at 2024-12-09 09:20:32.492708 sent 2024-12-09 09:20:32.421619
INFO:Message received on topic: test/47 with payload size: 91 at 2024-12-09 09:20:35.193714 sent 2024-12-09 09:20:35.036676
INFO:Message received on topic: test/47 with payload size: 91 at 2024-12-09 09:20:37.775048 sent 2024-12-09 09:20:37.644038
INFO:Message received on topic: test/47 with payload size: 91 at 2024-12-09 09:20:40.387009 sent 2024-12-09 09:20:40.263047
INFO:Message received on topic: test/47 with payload size: 91 at 2024-12-09 09:20:42.991362 sent 2024-12-09 09:20:42.883418
INFO:Message received on topic: test/47 with payload size: 91 at 2024-12-09 09:20:45.563033 sent 2024-12-09 09:20:45.491951
INFO:Message received on topic: test/47 with payload size: 91 at 2024-12-09 09:20:48.176855 sent 2024-12-09 09:20:48.104154
INFO:Message received on topic: test/47 with payload size: 91 at 2024-12-09 09:20:50.774152 sent 2024-12-09 09:20:50.721939
INFO:Message received on topic: test/47 with payload size: 91 at 2024-12-09 09:20:53.577547 sent 2024-12-09 09:20:53.337243
INFO:Message received on topic: test/47 with payload size: 91 at 2024-12-09 09:20:56.091152 sent 2024-12-09 09:20:55.950156
INFO:Message received on topic: test/47 with payload size: 91 at 2024-12-09 09:20:58.655638 sent 2024-12-09 09:20:58.563707
INFO:Message received on topic: test/47 with payload size: 91 at 2024-12-09 09:21:01.269264 sent 2024-12-09 09:21:01.174601
INFO:Message received on topic: test/47 with payload size: 91 at 2024-12-09 09:21:03.969803 sent 2024-12-09 09:21:03.787926
INFO:Message received on topic: test/47 with payload size: 91 at 2024-12-09 09:21:06.491616 sent 2024-12-09 09:21:06.392057
INFO:Message received on topic: test/47 with payload size: 91 at 2024-12-09 09:21:09.077052 sent 2024-12-09 09:21:09.008618
INFO:Message received on topic: test/47 with payload size: 91 at 2024-12-09 09:21:11.764731 sent 2024-12-09 09:21:11.627162
INFO:Message received on topic: test/47 with payload size: 91 at 2024-12-09 09:21:14.364267 sent 2024-12-09 09:21:14.238822
INFO:Message received on topic: test/47 with payload size: 91 at 2024-12-09 09:21:16.959798 sent 2024-12-09 09:21:16.845603
INFO:Message received on topic: test/47 with payload size: 91 at 2024-12-09 09:21:19.595698 sent 2024-12-09 09:21:19.457707
INFO:Message received on topic: test/47 with payload size: 91 at 2024-12-09 09:21:22.164789 sent 2024-12-09 09:21:22.071756
INFO:Message received on topic: test/47 with payload size: 91 at 2024-12-09 09:21:24.762964 sent 2024-12-09 09:21:24.691220
INFO:Message received on topic: test/47 with payload size: 91 at 2024-12-09 09:21:27.465529 sent 2024-12-09 09:21:27.299439
INFO:Message received on topic: test/47 with payload size: 91 at 2024-12-09 09:21:30.368482 sent 2024-12-09 09:21:29.912621
INFO:Message received on topic: test/47 with payload size: 91 at 2024-12-09 09:21:32.685454 sent 2024-12-09 09:21:32.528816
INFO:Message received on topic: test/47 with payload size: 91 at 2024-12-09 09:21:35.282966 sent 2024-12-09 09:21:35.138248
INFO:Message received on topic: test/47 with payload size: 91 at 2024-12-09 09:21:37.956939 sent 2024-12-09 09:21:37.762055
INFO:Message received on topic: test/47 with payload size: 91 at 2024-12-09 09:21:40.560631 sent 2024-12-09 09:21:40.374480
INFO:Message received on topic: test/47 with payload size: 91 at 2024-12-09 09:21:43.054523 sent 2024-12-09 09:21:42.983018
INFO:Message received on topic: test/47 with payload size: 91 at 2024-12-09 09:21:45.751794 sent 2024-12-09 09:21:45.594841
INFO:Message received on topic: test/47 with payload size: 91 at 2024-12-09 09:21:48.280109 sent 2024-12-09 09:21:48.204593
INFO:Message received on topic: test/47 with payload size: 91 at 2024-12-09 09:21:50.992230 sent 2024-12-09 09:21:50.829831
INFO:Message received on topic: test/47 with payload size: 91 at 2024-12-09 09:21:53.565110 sent 2024-12-09 09:21:53.456764
INFO:Message received on topic: test/47 with payload size: 91 at 2024-12-09 09:21:56.164044 sent 2024-12-09 09:21:56.071971
INFO:Message received on topic: test/47 with payload size: 91 at 2024-12-09 09:21:58.776679 sent 2024-12-09 09:21:58.684612
INFO:Message received on topic: test/47 with payload size: 91 at 2024-12-09 09:22:01.463651 sent 2024-12-09 09:22:01.300772
INFO:Message received on topic: test/47 with payload size: 91 at 2024-12-09 09:22:03.970894 sent 2024-12-09 09:22:03.915603
INFO:Message received on topic: test/47 with payload size: 91 at 2024-12-09 09:22:06.653732 sent 2024-12-09 09:22:06.535857
INFO:Message received on topic: test/47 with payload size: 91 at 2024-12-09 09:22:09.280781 sent 2024-12-09 09:22:09.153864
INFO:Message received on topic: test/47 with payload size: 91 at 2024-12-09 09:22:11.854671 sent 2024-12-09 09:22:11.770608
INFO:Message received on topic: test/47 with payload size: 91 at 2024-12-09 09:22:14.463564 sent 2024-12-09 09:22:14.384661
INFO:Message received on topic: test/47 with payload size: 91 at 2024-12-09 09:22:17.159738 sent 2024-12-09 09:22:16.990513
INFO:Message received on topic: test/47 with payload size: 91 at 2024-12-09 09:22:19.669478 sent 2024-12-09 09:22:19.607660
INFO:Message received on topic: test/47 with payload size: 91 at 2024-12-09 09:22:22.283081 sent 2024-12-09 09:22:22.221779
INFO:Message received on topic: test/47 with payload size: 91 at 2024-12-09 09:22:24.973736 sent 2024-12-09 09:22:24.833106
INFO:Message received on topic: test/47 with payload size: 91 at 2024-12-09 09:22:27.575987 sent 2024-12-09 09:22:27.450953
INFO:Message received on topic: test/47 with payload size: 91 at 2024-12-09 09:22:30.150500 sent 2024-12-09 09:22:30.064528
INFO:Message received on topic: test/47 with payload size: 91 at 2024-12-09 09:22:32.753824 sent 2024-12-09 09:22:32.674096
INFO:Message received on topic: test/47 with payload size: 91 at 2024-12-09 09:22:35.355047 sent 2024-12-09 09:22:35.281068
INFO:Message received on topic: test/47 with payload size: 91 at 2024-12-09 09:22:38.059945 sent 2024-12-09 09:22:37.893286
INFO:Message received on topic: test/47 with payload size: 91 at 2024-12-09 09:22:40.595654 sent 2024-12-09 09:22:40.510971
INFO:Message received on topic: test/47 with payload size: 91 at 2024-12-09 09:22:43.261618 sent 2024-12-09 09:22:43.120839
INFO:Message received on topic: test/47 with payload size: 91 at 2024-12-09 09:22:45.784783 sent 2024-12-09 09:22:45.728978
INFO:Message received on topic: test/47 with payload size: 91 at 2024-12-09 09:22:48.378072 sent 2024-12-09 09:22:48.339985
INFO:Message received on topic: test/47 with payload size: 91 at 2024-12-09 09:22:51.061729 sent 2024-12-09 09:22:50.961980
INFO:Message received on topic: test/47 with payload size: 91 at 2024-12-09 09:22:53.677462 sent 2024-12-09 09:22:53.573554
INFO:Message received on topic: test/47 with payload size: 91 at 2024-12-09 09:22:56.285068 sent 2024-12-09 09:22:56.180498
INFO:Message received on topic: test/47 with payload size: 91 at 2024-12-09 09:22:58.875939 sent 2024-12-09 09:22:58.789562
INFO:Message received on topic: test/47 with payload size: 91 at 2024-12-09 09:23:01.489138 sent 2024-12-09 09:23:01.401463
INFO:Message received on topic: test/47 with payload size: 91 at 2024-12-09 09:23:04.073232 sent 2024-12-09 09:23:04.018020
INFO:Message received on topic: test/47 with payload size: 91 at 2024-12-09 09:23:06.674102 sent 2024-12-09 09:23:06.627496
INFO:Message received on topic: test/47 with payload size: 91 at 2024-12-09 09:23:09.273515 sent 2024-12-09 09:23:09.239071
INFO:Message received on topic: test/47 with payload size: 91 at 2024-12-09 09:23:11.980492 sent 2024-12-09 09:23:11.848248
INFO:Message received on topic: test/47 with payload size: 91 at 2024-12-09 09:23:14.554740 sent 2024-12-09 09:23:14.459248
INFO:Message received on topic: test/47 with payload size: 91 at 2024-12-09 09:23:17.175559 sent 2024-12-09 09:23:17.070705
INFO:Message received on topic: test/47 with payload size: 91 at 2024-12-09 09:23:19.769071 sent 2024-12-09 09:23:19.681543
INFO:Message received on topic: test/47 with payload size: 91 at 2024-12-09 09:23:22.458979 sent 2024-12-09 09:23:22.289930
INFO:Message received on topic: test/47 with payload size: 91 at 2024-12-09 09:23:25.058592 sent 2024-12-09 09:23:24.899206
INFO:Message received on topic: test/47 with payload size: 91 at 2024-12-09 09:23:27.661441 sent 2024-12-09 09:23:27.512251
INFO:Message received on topic: test/47 with payload size: 91 at 2024-12-09 09:23:30.159318 sent 2024-12-09 09:23:30.124223
INFO:Message received on topic: test/47 with payload size: 91 at 2024-12-09 09:23:32.790930 sent 2024-12-09 09:23:32.737995
INFO:Message received on topic: test/47 with payload size: 91 at 2024-12-09 09:23:35.459297 sent 2024-12-09 09:23:35.353608
INFO:Message received on topic: test/47 with payload size: 91 at 2024-12-09 09:23:37.974147 sent 2024-12-09 09:23:37.963483
INFO:Message received on topic: test/47 with payload size: 91 at 2024-12-09 09:23:40.652931 sent 2024-12-09 09:23:40.576067
INFO:Message received on topic: test/47 with payload size: 91 at 2024-12-09 09:23:43.355112 sent 2024-12-09 09:23:43.186914
INFO:Message received on topic: test/47 with payload size: 91 at 2024-12-09 09:23:45.977072 sent 2024-12-09 09:23:45.794916
INFO:Message received on topic: test/47 with payload size: 91 at 2024-12-09 09:23:48.475048 sent 2024-12-09 09:23:48.400828
INFO:Message received on topic: test/47 with payload size: 91 at 2024-12-09 09:23:51.083790 sent 2024-12-09 09:23:51.013640
INFO:Message received on topic: test/47 with payload size: 91 at 2024-12-09 09:23:53.664599 sent 2024-12-09 09:23:53.622207
INFO:Message received on topic: test/47 with payload size: 91 at 2024-12-09 09:23:56.269131 sent 2024-12-09 09:23:56.231692
INFO:Message received on topic: test/47 with payload size: 91 at 2024-12-09 09:23:58.882839 sent 2024-12-09 09:23:58.839672
INFO:Message received on topic: test/47 with payload size: 91 at 2024-12-09 09:24:01.552003 sent 2024-12-09 09:24:01.446601
INFO:Message received on topic: test/47 with payload size: 91 at 2024-12-09 09:24:04.097091 sent 2024-12-09 09:24:04.052932
INFO:Message received on topic: test/47 with payload size: 91 at 2024-12-09 09:24:06.672903 sent 2024-12-09 09:24:06.658319
INFO:Message received on topic: test/47 with payload size: 91 at 2024-12-09 09:24:09.354302 sent 2024-12-09 09:24:09.264800
INFO:Message received on topic: test/47 with payload size: 91 at 2024-12-09 09:24:11.890848 sent 2024-12-09 09:24:11.871156
INFO:Message received on topic: test/47 with payload size: 91 at 2024-12-09 09:24:14.553482 sent 2024-12-09 09:24:14.479942
INFO:Message received on topic: test/47 with payload size: 91 at 2024-12-09 09:24:17.155660 sent 2024-12-09 09:24:17.082222
INFO:Message received on topic: test/47 with payload size: 91 at 2024-12-09 09:24:19.763921 sent 2024-12-09 09:24:19.688458
INFO:Message received on topic: test/47 with payload size: 91 at 2024-12-09 09:24:22.391317 sent 2024-12-09 09:24:22.295722
INFO:Message received on topic: test/47 with payload size: 91 at 2024-12-09 09:24:24.980020 sent 2024-12-09 09:24:24.903643
INFO:Message received on topic: test/47 with payload size: 91 at 2024-12-09 09:24:27.563104 sent 2024-12-09 09:24:27.509705
INFO:Message received on topic: test/47 with payload size: 91 at 2024-12-09 09:24:30.164502 sent 2024-12-09 09:24:30.115951
INFO:Message received on topic: test/47 with payload size: 91 at 2024-12-09 09:24:32.776339 sent 2024-12-09 09:24:32.723379
INFO:Message received on topic: test/47 with payload size: 91 at 2024-12-09 09:24:35.365689 sent 2024-12-09 09:24:35.328117
INFO:Message received on topic: test/47 with payload size: 91 at 2024-12-09 09:24:38.077123 sent 2024-12-09 09:24:37.935238
INFO:Message received on topic: test/47 with payload size: 91 at 2024-12-09 09:24:40.566297 sent 2024-12-09 09:24:40.540398
INFO:Message received on topic: test/47 with payload size: 91 at 2024-12-09 09:24:43.176773 sent 2024-12-09 09:24:43.146814
INFO:Message received on topic: test/47 with payload size: 91 at 2024-12-09 09:24:45.762842 sent 2024-12-09 09:24:45.748021
INFO:Message received on topic: test/47 with payload size: 91 at 2024-12-09 09:24:48.365815 sent 2024-12-09 09:24:48.351104
INFO:Message received on topic: test/47 with payload size: 91 at 2024-12-09 09:24:50.972589 sent 2024-12-09 09:24:50.953571
INFO:Message received on topic: test/47 with payload size: 91 at 2024-12-09 09:24:53.569874 sent 2024-12-09 09:24:53.556980
INFO:Message received on topic: test/47 with payload size: 91 at 2024-12-09 09:24:56.176131 sent 2024-12-09 09:24:56.161902
