INFO:Starting Version 1.0.5
DEBUG:Using selector: EpollSelector
INFO:Connecting to cluster at: mqtt-quic://emqx-headless.dtwins:14567 using QUIC
INFO:Subscribed to topic: test/12
INFO:Logging each: 50
INFO:Unhandled packet type received
INFO:Message received on topic: test/12 with payload size: 91 at 2024-12-09 09:14:23.455037 sent 2024-12-09 09:14:23.405855
INFO:Message received on topic: test/12 with payload size: 91 at 2024-12-09 09:14:26.008864 sent 2024-12-09 09:14:26.007418
INFO:Message received on topic: test/12 with payload size: 91 at 2024-12-09 09:14:28.608681 sent 2024-12-09 09:14:28.606665
INFO:Message received on topic: test/12 with payload size: 91 at 2024-12-09 09:14:31.258398 sent 2024-12-09 09:14:31.210453
INFO:Message received on topic: test/12 with payload size: 91 at 2024-12-09 09:14:33.855469 sent 2024-12-09 09:14:33.810135
INFO:Message received on topic: test/12 with payload size: 91 at 2024-12-09 09:14:36.453842 sent 2024-12-09 09:14:36.410074
INFO:Message received on topic: test/12 with payload size: 91 at 2024-12-09 09:14:39.054515 sent 2024-12-09 09:14:39.012413
INFO:Message received on topic: test/12 with payload size: 91 at 2024-12-09 09:14:41.652176 sent 2024-12-09 09:14:41.611534
INFO:Message received on topic: test/12 with payload size: 91 at 2024-12-09 09:14:44.255989 sent 2024-12-09 09:14:44.210943
INFO:Message received on topic: test/12 with payload size: 91 at 2024-12-09 09:14:46.858000 sent 2024-12-09 09:14:46.812783
INFO:Message received on topic: test/12 with payload size: 91 at 2024-12-09 09:14:49.456661 sent 2024-12-09 09:14:49.413250
INFO:Message received on topic: test/12 with payload size: 91 at 2024-12-09 09:14:52.055304 sent 2024-12-09 09:14:52.012179
INFO:Message received on topic: test/12 with payload size: 91 at 2024-12-09 09:14:54.657151 sent 2024-12-09 09:14:54.615875
INFO:Message received on topic: test/12 with payload size: 91 at 2024-12-09 09:14:57.261075 sent 2024-12-09 09:14:57.217250
INFO:Message received on topic: test/12 with payload size: 91 at 2024-12-09 09:14:59.860176 sent 2024-12-09 09:14:59.816513
INFO:Message received on topic: test/12 with payload size: 91 at 2024-12-09 09:15:02.458032 sent 2024-12-09 09:15:02.417686
INFO:Message received on topic: test/12 with payload size: 91 at 2024-12-09 09:15:05.057479 sent 2024-12-09 09:15:05.020289
INFO:Message received on topic: test/12 with payload size: 91 at 2024-12-09 09:15:07.656599 sent 2024-12-09 09:15:07.619617
INFO:Message received on topic: test/12 with payload size: 91 at 2024-12-09 09:15:10.255299 sent 2024-12-09 09:15:10.218785
INFO:Message received on topic: test/12 with payload size: 91 at 2024-12-09 09:15:12.865981 sent 2024-12-09 09:15:12.816426
INFO:Message received on topic: test/12 with payload size: 91 at 2024-12-09 09:15:15.466044 sent 2024-12-09 09:15:15.414172
INFO:Message received on topic: test/12 with payload size: 91 at 2024-12-09 09:15:18.061433 sent 2024-12-09 09:15:18.012741
INFO:Message received on topic: test/12 with payload size: 91 at 2024-12-09 09:15:20.660289 sent 2024-12-09 09:15:20.613553
INFO:Message received on topic: test/12 with payload size: 91 at 2024-12-09 09:15:23.257113 sent 2024-12-09 09:15:23.215092
INFO:Message received on topic: test/12 with payload size: 91 at 2024-12-09 09:15:25.876809 sent 2024-12-09 09:15:25.813396
INFO:Message received on topic: test/12 with payload size: 91 at 2024-12-09 09:15:28.466001 sent 2024-12-09 09:15:28.417877
INFO:Message received on topic: test/12 with payload size: 91 at 2024-12-09 09:15:31.062274 sent 2024-12-09 09:15:31.024292
INFO:Message received on topic: test/12 with payload size: 91 at 2024-12-09 09:15:33.757743 sent 2024-12-09 09:15:33.639889
INFO:Message received on topic: test/12 with payload size: 91 at 2024-12-09 09:15:36.284714 sent 2024-12-09 09:15:36.246649
INFO:Message received on topic: test/12 with payload size: 91 at 2024-12-09 09:15:38.869550 sent 2024-12-09 09:15:38.850557
INFO:Message received on topic: test/12 with payload size: 91 at 2024-12-09 09:15:41.482577 sent 2024-12-09 09:15:41.458911
INFO:Message received on topic: test/12 with payload size: 91 at 2024-12-09 09:15:44.098186 sent 2024-12-09 09:15:44.065558
INFO:Message received on topic: test/12 with payload size: 91 at 2024-12-09 09:15:46.678417 sent 2024-12-09 09:15:46.668099
INFO:Message received on topic: test/12 with payload size: 91 at 2024-12-09 09:15:49.350521 sent 2024-12-09 09:15:49.288196
INFO:Message received on topic: test/12 with payload size: 91 at 2024-12-09 09:15:51.950762 sent 2024-12-09 09:15:51.896755
INFO:Message received on topic: test/12 with payload size: 91 at 2024-12-09 09:15:54.568119 sent 2024-12-09 09:15:54.504570
INFO:Message received on topic: test/12 with payload size: 91 at 2024-12-09 09:15:57.166785 sent 2024-12-09 09:15:57.110495
INFO:Message received on topic: test/12 with payload size: 91 at 2024-12-09 09:15:59.771885 sent 2024-12-09 09:15:59.715317
INFO:Message received on topic: test/12 with payload size: 91 at 2024-12-09 09:16:02.370825 sent 2024-12-09 09:16:02.322878
INFO:Message received on topic: test/12 with payload size: 91 at 2024-12-09 09:16:04.991269 sent 2024-12-09 09:16:04.929622
INFO:Message received on topic: test/12 with payload size: 91 at 2024-12-09 09:16:07.671579 sent 2024-12-09 09:16:07.534613
INFO:Message received on topic: test/12 with payload size: 91 at 2024-12-09 09:16:10.294260 sent 2024-12-09 09:16:10.142511
INFO:Message received on topic: test/12 with payload size: 91 at 2024-12-09 09:16:12.772521 sent 2024-12-09 09:16:12.757142
INFO:Message received on topic: test/12 with payload size: 91 at 2024-12-09 09:16:15.388176 sent 2024-12-09 09:16:15.368446
INFO:Message received on topic: test/12 with payload size: 91 at 2024-12-09 09:16:17.978279 sent 2024-12-09 09:16:17.969871
INFO:Message received on topic: test/12 with payload size: 91 at 2024-12-09 09:16:20.654709 sent 2024-12-09 09:16:20.580714
INFO:Message received on topic: test/12 with payload size: 91 at 2024-12-09 09:16:23.354299 sent 2024-12-09 09:16:23.185174
INFO:Message received on topic: test/12 with payload size: 91 at 2024-12-09 09:16:25.887633 sent 2024-12-09 09:16:25.789440
INFO:Message received on topic: test/12 with payload size: 91 at 2024-12-09 09:16:28.473287 sent 2024-12-09 09:16:28.401454
INFO:Message received on topic: test/12 with payload size: 91 at 2024-12-09 09:16:31.060434 sent 2024-12-09 09:16:31.009889
INFO:Message received on topic: test/12 with payload size: 91 at 2024-12-09 09:16:33.665942 sent 2024-12-09 09:16:33.624545
INFO:Message received on topic: test/12 with payload size: 91 at 2024-12-09 09:16:36.297769 sent 2024-12-09 09:16:36.238229
INFO:Message received on topic: test/12 with payload size: 91 at 2024-12-09 09:16:38.869079 sent 2024-12-09 09:16:38.849094
INFO:Message received on topic: test/12 with payload size: 91 at 2024-12-09 09:16:41.570552 sent 2024-12-09 09:16:41.460697
INFO:Message received on topic: test/12 with payload size: 91 at 2024-12-09 09:16:44.156686 sent 2024-12-09 09:16:44.085600
INFO:Message received on topic: test/12 with payload size: 91 at 2024-12-09 09:16:46.754152 sent 2024-12-09 09:16:46.698921
INFO:Message received on topic: test/12 with payload size: 91 at 2024-12-09 09:16:49.383458 sent 2024-12-09 09:16:49.315780
INFO:Message received on topic: test/12 with payload size: 91 at 2024-12-09 09:16:51.965452 sent 2024-12-09 09:16:51.926893
INFO:Message received on topic: test/12 with payload size: 91 at 2024-12-09 09:16:54.571890 sent 2024-12-09 09:16:54.538124
INFO:Message received on topic: test/12 with payload size: 91 at 2024-12-09 09:16:57.170905 sent 2024-12-09 09:16:57.149174
INFO:Message received on topic: test/12 with payload size: 91 at 2024-12-09 09:16:59.786092 sent 2024-12-09 09:16:59.760168
INFO:Message received on topic: test/12 with payload size: 91 at 2024-12-09 09:17:02.393889 sent 2024-12-09 09:17:02.377850
INFO:Message received on topic: test/12 with payload size: 91 at 2024-12-09 09:17:05.060376 sent 2024-12-09 09:17:04.996601
INFO:Message received on topic: test/12 with payload size: 91 at 2024-12-09 09:17:07.667975 sent 2024-12-09 09:17:07.613796
INFO:Message received on topic: test/12 with payload size: 91 at 2024-12-09 09:17:10.258020 sent 2024-12-09 09:17:10.230782
INFO:Message received on topic: test/12 with payload size: 91 at 2024-12-09 09:17:12.987320 sent 2024-12-09 09:17:12.840058
INFO:Message received on topic: test/12 with payload size: 91 at 2024-12-09 09:17:15.478084 sent 2024-12-09 09:17:15.459818
INFO:Message received on topic: test/12 with payload size: 91 at 2024-12-09 09:17:18.099195 sent 2024-12-09 09:17:18.077957
INFO:Message received on topic: test/12 with payload size: 91 at 2024-12-09 09:17:20.792793 sent 2024-12-09 09:17:20.687694
INFO:Message received on topic: test/12 with payload size: 91 at 2024-12-09 09:17:23.377388 sent 2024-12-09 09:17:23.306567
INFO:Message received on topic: test/12 with payload size: 91 at 2024-12-09 09:17:25.958613 sent 2024-12-09 09:17:25.913584
INFO:Message received on topic: test/12 with payload size: 91 at 2024-12-09 09:17:28.581780 sent 2024-12-09 09:17:28.522680
INFO:Message received on topic: test/12 with payload size: 91 at 2024-12-09 09:17:31.273027 sent 2024-12-09 09:17:31.143066
INFO:Message received on topic: test/12 with payload size: 91 at 2024-12-09 09:17:33.779268 sent 2024-12-09 09:17:33.761033
INFO:Message received on topic: test/12 with payload size: 91 at 2024-12-09 09:17:36.388614 sent 2024-12-09 09:17:36.370875
INFO:Message received on topic: test/12 with payload size: 91 at 2024-12-09 09:17:39.070255 sent 2024-12-09 09:17:38.985025
INFO:Message received on topic: test/12 with payload size: 91 at 2024-12-09 09:17:41.685251 sent 2024-12-09 09:17:41.597430
INFO:Message received on topic: test/12 with payload size: 91 at 2024-12-09 09:17:44.281245 sent 2024-12-09 09:17:44.215995
INFO:Message received on topic: test/12 with payload size: 91 at 2024-12-09 09:17:46.875233 sent 2024-12-09 09:17:46.825041
INFO:Message received on topic: test/12 with payload size: 91 at 2024-12-09 09:17:49.475705 sent 2024-12-09 09:17:49.442123
INFO:Message received on topic: test/12 with payload size: 91 at 2024-12-09 09:17:52.160786 sent 2024-12-09 09:17:52.065781
INFO:Message received on topic: test/12 with payload size: 91 at 2024-12-09 09:17:54.754966 sent 2024-12-09 09:17:54.678311
INFO:Message received on topic: test/12 with payload size: 91 at 2024-12-09 09:17:57.392239 sent 2024-12-09 09:17:57.284394
INFO:Message received on topic: test/12 with payload size: 91 at 2024-12-09 09:18:00.082196 sent 2024-12-09 09:17:59.899243
INFO:Message received on topic: test/12 with payload size: 91 at 2024-12-09 09:18:02.570199 sent 2024-12-09 09:18:02.514408
INFO:Message received on topic: test/12 with payload size: 91 at 2024-12-09 09:18:05.200169 sent 2024-12-09 09:18:05.122535
INFO:Message received on topic: test/12 with payload size: 91 at 2024-12-09 09:18:07.771378 sent 2024-12-09 09:18:07.736169
INFO:Message received on topic: test/12 with payload size: 91 at 2024-12-09 09:18:10.370309 sent 2024-12-09 09:18:10.347945
INFO:Message received on topic: test/12 with payload size: 91 at 2024-12-09 09:18:13.052306 sent 2024-12-09 09:18:12.960631
INFO:Message received on topic: test/12 with payload size: 91 at 2024-12-09 09:18:15.658100 sent 2024-12-09 09:18:15.582934
INFO:Message received on topic: test/12 with payload size: 91 at 2024-12-09 09:18:18.288808 sent 2024-12-09 09:18:18.191577
INFO:Message received on topic: test/12 with payload size: 91 at 2024-12-09 09:18:20.949223 sent 2024-12-09 09:18:20.813708
INFO:Message received on topic: test/12 with payload size: 91 at 2024-12-09 09:18:23.572832 sent 2024-12-09 09:18:23.426612
INFO:Message received on topic: test/12 with payload size: 91 at 2024-12-09 09:18:26.155303 sent 2024-12-09 09:18:26.038089
INFO:Message received on topic: test/12 with payload size: 91 at 2024-12-09 09:18:28.683838 sent 2024-12-09 09:18:28.651976
INFO:Message received on topic: test/12 with payload size: 91 at 2024-12-09 09:18:31.386012 sent 2024-12-09 09:18:31.274573
INFO:Message received on topic: test/12 with payload size: 91 at 2024-12-09 09:18:34.056216 sent 2024-12-09 09:18:33.889555
INFO:Message received on topic: test/12 with payload size: 91 at 2024-12-09 09:18:36.599827 sent 2024-12-09 09:18:36.499853
INFO:Message received on topic: test/12 with payload size: 91 at 2024-12-09 09:18:39.155465 sent 2024-12-09 09:18:39.118177
INFO:Message received on topic: test/12 with payload size: 91 at 2024-12-09 09:18:41.776437 sent 2024-12-09 09:18:41.727988
INFO:Message received on topic: test/12 with payload size: 91 at 2024-12-09 09:18:44.387044 sent 2024-12-09 09:18:44.342020
INFO:Message received on topic: test/12 with payload size: 91 at 2024-12-09 09:18:47.052854 sent 2024-12-09 09:18:46.953251
INFO:Message received on topic: test/12 with payload size: 91 at 2024-12-09 09:18:49.651518 sent 2024-12-09 09:18:49.567492
INFO:Message received on topic: test/12 with payload size: 91 at 2024-12-09 09:18:52.264747 sent 2024-12-09 09:18:52.182973
INFO:Message received on topic: test/12 with payload size: 91 at 2024-12-09 09:18:55.055169 sent 2024-12-09 09:18:54.793203
INFO:Message received on topic: test/12 with payload size: 91 at 2024-12-09 09:18:57.475732 sent 2024-12-09 09:18:57.408025
INFO:Message received on topic: test/12 with payload size: 91 at 2024-12-09 09:19:00.163654 sent 2024-12-09 09:19:00.022809
INFO:Message received on topic: test/12 with payload size: 91 at 2024-12-09 09:19:02.794652 sent 2024-12-09 09:19:02.632240
INFO:Message received on topic: test/12 with payload size: 91 at 2024-12-09 09:19:05.353936 sent 2024-12-09 09:19:05.250457
INFO:Message received on topic: test/12 with payload size: 91 at 2024-12-09 09:19:07.964209 sent 2024-12-09 09:19:07.867753
INFO:Message received on topic: test/12 with payload size: 91 at 2024-12-09 09:19:10.556613 sent 2024-12-09 09:19:10.484984
INFO:Message received on topic: test/12 with payload size: 91 at 2024-12-09 09:19:13.249905 sent 2024-12-09 09:19:13.097631
INFO:Message received on topic: test/12 with payload size: 91 at 2024-12-09 09:19:15.781784 sent 2024-12-09 09:19:15.704024
INFO:Message received on topic: test/12 with payload size: 91 at 2024-12-09 09:19:18.387339 sent 2024-12-09 09:19:18.317578
INFO:Message received on topic: test/12 with payload size: 91 at 2024-12-09 09:19:21.059783 sent 2024-12-09 09:19:20.940550
INFO:Message received on topic: test/12 with payload size: 91 at 2024-12-09 09:19:23.657904 sent 2024-12-09 09:19:23.553103
INFO:Message received on topic: test/12 with payload size: 91 at 2024-12-09 09:19:26.194851 sent 2024-12-09 09:19:26.158857
INFO:Message received on topic: test/12 with payload size: 91 at 2024-12-09 09:19:28.784977 sent 2024-12-09 09:19:28.760312
INFO:Message received on topic: test/12 with payload size: 91 at 2024-12-09 09:19:31.482261 sent 2024-12-09 09:19:31.345605
INFO:Message received on topic: test/12 with payload size: 91 at 2024-12-09 09:19:33.998052 sent 2024-12-09 09:19:33.943831
INFO:Message received on topic: test/12 with payload size: 91 at 2024-12-09 09:19:36.760092 sent 2024-12-09 09:19:36.534067
INFO:Message received on topic: test/12 with payload size: 91 at 2024-12-09 09:19:39.268638 sent 2024-12-09 09:19:39.139359
INFO:Message received on topic: test/12 with payload size: 91 at 2024-12-09 09:19:41.898924 sent 2024-12-09 09:19:41.765714
INFO:Message received on topic: test/12 with payload size: 91 at 2024-12-09 09:19:44.471914 sent 2024-12-09 09:19:44.381987
INFO:Message received on topic: test/12 with payload size: 91 at 2024-12-09 09:19:47.088968 sent 2024-12-09 09:19:46.991233
INFO:Message received on topic: test/12 with payload size: 91 at 2024-12-09 09:19:49.681253 sent 2024-12-09 09:19:49.610647
INFO:Message received on topic: test/12 with payload size: 91 at 2024-12-09 09:19:52.275064 sent 2024-12-09 09:19:52.222282
INFO:Message received on topic: test/12 with payload size: 91 at 2024-12-09 09:19:54.885269 sent 2024-12-09 09:19:54.830085
INFO:Message received on topic: test/12 with payload size: 91 at 2024-12-09 09:19:57.492642 sent 2024-12-09 09:19:57.452883
INFO:Message received on topic: test/12 with payload size: 91 at 2024-12-09 09:20:00.086001 sent 2024-12-09 09:20:00.066480
INFO:Message received on topic: test/12 with payload size: 91 at 2024-12-09 09:20:02.789392 sent 2024-12-09 09:20:02.684139
INFO:Message received on topic: test/12 with payload size: 91 at 2024-12-09 09:20:05.382690 sent 2024-12-09 09:20:05.303393
INFO:Message received on topic: test/12 with payload size: 91 at 2024-12-09 09:20:07.970656 sent 2024-12-09 09:20:07.918914
INFO:Message received on topic: test/12 with payload size: 91 at 2024-12-09 09:20:10.568237 sent 2024-12-09 09:20:10.529844
INFO:Message received on topic: test/12 with payload size: 91 at 2024-12-09 09:20:13.382429 sent 2024-12-09 09:20:13.142040
INFO:Message received on topic: test/12 with payload size: 91 at 2024-12-09 09:20:15.793577 sent 2024-12-09 09:20:15.752303
INFO:Message received on topic: test/12 with payload size: 91 at 2024-12-09 09:20:18.553045 sent 2024-12-09 09:20:18.359100
INFO:Message received on topic: test/12 with payload size: 91 at 2024-12-09 09:20:21.070172 sent 2024-12-09 09:20:20.978336
INFO:Message received on topic: test/12 with payload size: 91 at 2024-12-09 09:20:23.661667 sent 2024-12-09 09:20:23.592682
INFO:Message received on topic: test/12 with payload size: 91 at 2024-12-09 09:20:26.279557 sent 2024-12-09 09:20:26.203152
INFO:Message received on topic: test/12 with payload size: 91 at 2024-12-09 09:20:28.874062 sent 2024-12-09 09:20:28.812162
INFO:Message received on topic: test/12 with payload size: 91 at 2024-12-09 09:20:31.475198 sent 2024-12-09 09:20:31.423005
INFO:Message received on topic: test/12 with payload size: 91 at 2024-12-09 09:20:34.250164 sent 2024-12-09 09:20:34.037113
INFO:Message received on topic: test/12 with payload size: 91 at 2024-12-09 09:20:36.759084 sent 2024-12-09 09:20:36.656205
INFO:Message received on topic: test/12 with payload size: 91 at 2024-12-09 09:20:39.361750 sent 2024-12-09 09:20:39.269461
INFO:Message received on topic: test/12 with payload size: 91 at 2024-12-09 09:20:41.972433 sent 2024-12-09 09:20:41.881601
INFO:Message received on topic: test/12 with payload size: 91 at 2024-12-09 09:20:44.593466 sent 2024-12-09 09:20:44.493586
INFO:Message received on topic: test/12 with payload size: 91 at 2024-12-09 09:20:47.263614 sent 2024-12-09 09:20:47.103776
INFO:Message received on topic: test/12 with payload size: 91 at 2024-12-09 09:20:49.951723 sent 2024-12-09 09:20:49.716253
INFO:Message received on topic: test/12 with payload size: 91 at 2024-12-09 09:20:52.375591 sent 2024-12-09 09:20:52.328852
INFO:Message received on topic: test/12 with payload size: 91 at 2024-12-09 09:20:55.064102 sent 2024-12-09 09:20:54.943501
INFO:Message received on topic: test/12 with payload size: 91 at 2024-12-09 09:20:57.683710 sent 2024-12-09 09:20:57.559765
INFO:Message received on topic: test/12 with payload size: 91 at 2024-12-09 09:21:00.282865 sent 2024-12-09 09:21:00.173493
INFO:Message received on topic: test/12 with payload size: 91 at 2024-12-09 09:21:02.965239 sent 2024-12-09 09:21:02.793791
INFO:Message received on topic: test/12 with payload size: 91 at 2024-12-09 09:21:05.550823 sent 2024-12-09 09:21:05.395169
INFO:Message received on topic: test/12 with payload size: 91 at 2024-12-09 09:21:08.155264 sent 2024-12-09 09:21:08.009600
INFO:Message received on topic: test/12 with payload size: 91 at 2024-12-09 09:21:10.668644 sent 2024-12-09 09:21:10.626487
INFO:Message received on topic: test/12 with payload size: 91 at 2024-12-09 09:21:13.266953 sent 2024-12-09 09:21:13.235636
INFO:Message received on topic: test/12 with payload size: 91 at 2024-12-09 09:21:16.058038 sent 2024-12-09 09:21:15.848695
INFO:Message received on topic: test/12 with payload size: 91 at 2024-12-09 09:21:18.598627 sent 2024-12-09 09:21:18.471772
INFO:Message received on topic: test/12 with payload size: 91 at 2024-12-09 09:21:21.275832 sent 2024-12-09 09:21:21.094894
INFO:Message received on topic: test/12 with payload size: 91 at 2024-12-09 09:21:23.785294 sent 2024-12-09 09:21:23.719670
INFO:Message received on topic: test/12 with payload size: 91 at 2024-12-09 09:21:26.477638 sent 2024-12-09 09:21:26.334688
INFO:Message received on topic: test/12 with payload size: 91 at 2024-12-09 09:21:29.379031 sent 2024-12-09 09:21:28.942232
INFO:Message received on topic: test/12 with payload size: 91 at 2024-12-09 09:21:31.750455 sent 2024-12-09 09:21:31.556076
INFO:Message received on topic: test/12 with payload size: 91 at 2024-12-09 09:21:34.287143 sent 2024-12-09 09:21:34.171714
INFO:Message received on topic: test/12 with payload size: 91 at 2024-12-09 09:21:36.882167 sent 2024-12-09 09:21:36.782946
INFO:Message received on topic: test/12 with payload size: 91 at 2024-12-09 09:21:39.582393 sent 2024-12-09 09:21:39.394999
INFO:Message received on topic: test/12 with payload size: 91 at 2024-12-09 09:21:42.169417 sent 2024-12-09 09:21:42.008518
INFO:Message received on topic: test/12 with payload size: 91 at 2024-12-09 09:21:44.753348 sent 2024-12-09 09:21:44.613097
INFO:Message received on topic: test/12 with payload size: 91 at 2024-12-09 09:21:47.376158 sent 2024-12-09 09:21:47.221034
INFO:Message received on topic: test/12 with payload size: 91 at 2024-12-09 09:21:49.955126 sent 2024-12-09 09:21:49.840214
INFO:Message received on topic: test/12 with payload size: 91 at 2024-12-09 09:21:52.490631 sent 2024-12-09 09:21:52.454088
INFO:Message received on topic: test/12 with payload size: 91 at 2024-12-09 09:21:55.255728 sent 2024-12-09 09:21:55.067318
INFO:Message received on topic: test/12 with payload size: 91 at 2024-12-09 09:21:57.866795 sent 2024-12-09 09:21:57.677710
INFO:Message received on topic: test/12 with payload size: 91 at 2024-12-09 09:22:00.697225 sent 2024-12-09 09:22:00.284449
INFO:Message received on topic: test/12 with payload size: 91 at 2024-12-09 09:22:03.062651 sent 2024-12-09 09:22:02.893056
INFO:Message received on topic: test/12 with payload size: 91 at 2024-12-09 09:22:05.671898 sent 2024-12-09 09:22:05.507844
INFO:Message received on topic: test/12 with payload size: 91 at 2024-12-09 09:22:08.181982 sent 2024-12-09 09:22:08.126901
INFO:Message received on topic: test/12 with payload size: 91 at 2024-12-09 09:22:10.789450 sent 2024-12-09 09:22:10.744126
INFO:Message received on topic: test/12 with payload size: 91 at 2024-12-09 09:22:13.464908 sent 2024-12-09 09:22:13.353676
INFO:Message received on topic: test/12 with payload size: 91 at 2024-12-09 09:22:16.067424 sent 2024-12-09 09:22:15.962786
INFO:Message received on topic: test/12 with payload size: 91 at 2024-12-09 09:22:18.680777 sent 2024-12-09 09:22:18.573701
INFO:Message received on topic: test/12 with payload size: 91 at 2024-12-09 09:22:21.351765 sent 2024-12-09 09:22:21.186479
INFO:Message received on topic: test/12 with payload size: 91 at 2024-12-09 09:22:23.882867 sent 2024-12-09 09:22:23.794467
INFO:Message received on topic: test/12 with payload size: 91 at 2024-12-09 09:22:26.561115 sent 2024-12-09 09:22:26.404119
INFO:Message received on topic: test/12 with payload size: 91 at 2024-12-09 09:22:29.152478 sent 2024-12-09 09:22:29.014926
INFO:Message received on topic: test/12 with payload size: 91 at 2024-12-09 09:22:31.761812 sent 2024-12-09 09:22:31.626295
INFO:Message received on topic: test/12 with payload size: 91 at 2024-12-09 09:22:34.351909 sent 2024-12-09 09:22:34.235070
INFO:Message received on topic: test/12 with payload size: 91 at 2024-12-09 09:22:36.952105 sent 2024-12-09 09:22:36.847503
INFO:Message received on topic: test/12 with payload size: 91 at 2024-12-09 09:22:39.479850 sent 2024-12-09 09:22:39.458713
INFO:Message received on topic: test/12 with payload size: 91 at 2024-12-09 09:22:42.156779 sent 2024-12-09 09:22:42.071833
INFO:Message received on topic: test/12 with payload size: 91 at 2024-12-09 09:22:44.782283 sent 2024-12-09 09:22:44.694194
INFO:Message received on topic: test/12 with payload size: 91 at 2024-12-09 09:22:47.467111 sent 2024-12-09 09:22:47.307293
INFO:Message received on topic: test/12 with payload size: 91 at 2024-12-09 09:22:50.063727 sent 2024-12-09 09:22:49.926966
INFO:Message received on topic: test/12 with payload size: 91 at 2024-12-09 09:22:52.677096 sent 2024-12-09 09:22:52.545631
