INFO:Starting Version 1.0.5
DEBUG:Using selector: EpollSelector
INFO:Connecting to cluster at: mqtt-quic://emqx-headless.dtwins:14567 using QUIC
INFO:Subscribed to topic: test/37
INFO:Logging each: 50
INFO:Unhandled packet type received
INFO:Message received on topic: test/37 with payload size: 91 at 2024-12-09 09:15:55.966979 sent 2024-12-09 09:15:55.913286
INFO:Message received on topic: test/37 with payload size: 91 at 2024-12-09 09:15:58.582866 sent 2024-12-09 09:15:58.520521
INFO:Message received on topic: test/37 with payload size: 91 at 2024-12-09 09:16:01.167577 sent 2024-12-09 09:16:01.121702
INFO:Message received on topic: test/37 with payload size: 91 at 2024-12-09 09:16:03.883586 sent 2024-12-09 09:16:03.727720
INFO:Message received on topic: test/37 with payload size: 91 at 2024-12-09 09:16:06.449176 sent 2024-12-09 09:16:06.333131
INFO:Message received on topic: test/37 with payload size: 91 at 2024-12-09 09:16:09.078420 sent 2024-12-09 09:16:08.938109
INFO:Message received on topic: test/37 with payload size: 91 at 2024-12-09 09:16:11.571579 sent 2024-12-09 09:16:11.552594
INFO:Message received on topic: test/37 with payload size: 91 at 2024-12-09 09:16:14.196504 sent 2024-12-09 09:16:14.157592
INFO:Message received on topic: test/37 with payload size: 91 at 2024-12-09 09:16:16.777634 sent 2024-12-09 09:16:16.758682
INFO:Message received on topic: test/37 with payload size: 91 at 2024-12-09 09:16:19.392194 sent 2024-12-09 09:16:19.361124
INFO:Message received on topic: test/37 with payload size: 91 at 2024-12-09 09:16:22.052763 sent 2024-12-09 09:16:21.968986
INFO:Message received on topic: test/37 with payload size: 91 at 2024-12-09 09:16:24.592753 sent 2024-12-09 09:16:24.573738
INFO:Message received on topic: test/37 with payload size: 91 at 2024-12-09 09:16:27.251818 sent 2024-12-09 09:16:27.179183
INFO:Message received on topic: test/37 with payload size: 91 at 2024-12-09 09:16:29.872818 sent 2024-12-09 09:16:29.784974
INFO:Message received on topic: test/37 with payload size: 91 at 2024-12-09 09:16:32.469027 sent 2024-12-09 09:16:32.394479
INFO:Message received on topic: test/37 with payload size: 91 at 2024-12-09 09:16:35.088783 sent 2024-12-09 09:16:35.009950
INFO:Message received on topic: test/37 with payload size: 91 at 2024-12-09 09:16:37.773982 sent 2024-12-09 09:16:37.643271
INFO:Message received on topic: test/37 with payload size: 91 at 2024-12-09 09:16:40.352914 sent 2024-12-09 09:16:40.258092
INFO:Message received on topic: test/37 with payload size: 91 at 2024-12-09 09:16:42.959373 sent 2024-12-09 09:16:42.879556
INFO:Message received on topic: test/37 with payload size: 91 at 2024-12-09 09:16:45.598518 sent 2024-12-09 09:16:45.491961
INFO:Message received on topic: test/37 with payload size: 91 at 2024-12-09 09:16:48.186756 sent 2024-12-09 09:16:48.099482
INFO:Message received on topic: test/37 with payload size: 91 at 2024-12-09 09:16:50.769423 sent 2024-12-09 09:16:50.711084
INFO:Message received on topic: test/37 with payload size: 91 at 2024-12-09 09:16:53.375308 sent 2024-12-09 09:16:53.321223
INFO:Message received on topic: test/37 with payload size: 91 at 2024-12-09 09:16:55.977102 sent 2024-12-09 09:16:55.931198
INFO:Message received on topic: test/37 with payload size: 91 at 2024-12-09 09:16:58.694582 sent 2024-12-09 09:16:58.542265
INFO:Message received on topic: test/37 with payload size: 91 at 2024-12-09 09:17:01.179487 sent 2024-12-09 09:17:01.149612
INFO:Message received on topic: test/37 with payload size: 91 at 2024-12-09 09:17:03.851205 sent 2024-12-09 09:17:03.770516
INFO:Message received on topic: test/37 with payload size: 91 at 2024-12-09 09:17:06.554400 sent 2024-12-09 09:17:06.388722
INFO:Message received on topic: test/37 with payload size: 91 at 2024-12-09 09:17:09.059229 sent 2024-12-09 09:17:09.009613
INFO:Message received on topic: test/37 with payload size: 91 at 2024-12-09 09:17:11.672196 sent 2024-12-09 09:17:11.616285
INFO:Message received on topic: test/37 with payload size: 91 at 2024-12-09 09:17:14.268496 sent 2024-12-09 09:17:14.232659
INFO:Message received on topic: test/37 with payload size: 91 at 2024-12-09 09:17:16.893001 sent 2024-12-09 09:17:16.850159
INFO:Message received on topic: test/37 with payload size: 91 at 2024-12-09 09:17:19.554954 sent 2024-12-09 09:17:19.476989
INFO:Message received on topic: test/37 with payload size: 91 at 2024-12-09 09:17:22.174314 sent 2024-12-09 09:17:22.093233
INFO:Message received on topic: test/37 with payload size: 91 at 2024-12-09 09:17:24.771564 sent 2024-12-09 09:17:24.708444
INFO:Message received on topic: test/37 with payload size: 91 at 2024-12-09 09:17:27.385543 sent 2024-12-09 09:17:27.325242
INFO:Message received on topic: test/37 with payload size: 91 at 2024-12-09 09:17:30.079998 sent 2024-12-09 09:17:29.939882
INFO:Message received on topic: test/37 with payload size: 91 at 2024-12-09 09:17:32.578909 sent 2024-12-09 09:17:32.550295
INFO:Message received on topic: test/37 with payload size: 91 at 2024-12-09 09:17:35.186510 sent 2024-12-09 09:17:35.165596
INFO:Message received on topic: test/37 with payload size: 91 at 2024-12-09 09:17:37.871676 sent 2024-12-09 09:17:37.774590
INFO:Message received on topic: test/37 with payload size: 91 at 2024-12-09 09:17:40.489032 sent 2024-12-09 09:17:40.388137
INFO:Message received on topic: test/37 with payload size: 91 at 2024-12-09 09:17:43.071004 sent 2024-12-09 09:17:42.997898
INFO:Message received on topic: test/37 with payload size: 91 at 2024-12-09 09:17:45.675059 sent 2024-12-09 09:17:45.610520
INFO:Message received on topic: test/37 with payload size: 91 at 2024-12-09 09:17:48.353011 sent 2024-12-09 09:17:48.220906
INFO:Message received on topic: test/37 with payload size: 91 at 2024-12-09 09:17:50.874778 sent 2024-12-09 09:17:50.838585
INFO:Message received on topic: test/37 with payload size: 91 at 2024-12-09 09:17:53.495647 sent 2024-12-09 09:17:53.464726
INFO:Message received on topic: test/37 with payload size: 91 at 2024-12-09 09:17:56.155208 sent 2024-12-09 09:17:56.075389
INFO:Message received on topic: test/37 with payload size: 91 at 2024-12-09 09:17:58.779127 sent 2024-12-09 09:17:58.688624
INFO:Message received on topic: test/37 with payload size: 91 at 2024-12-09 09:18:01.373569 sent 2024-12-09 09:18:01.296643
INFO:Message received on topic: test/37 with payload size: 91 at 2024-12-09 09:18:04.073154 sent 2024-12-09 09:18:03.908538
INFO:Message received on topic: test/37 with payload size: 91 at 2024-12-09 09:18:06.572828 sent 2024-12-09 09:18:06.518190
INFO:Message received on topic: test/37 with payload size: 91 at 2024-12-09 09:18:09.271117 sent 2024-12-09 09:18:09.128496
INFO:Message received on topic: test/37 with payload size: 91 at 2024-12-09 09:18:11.959536 sent 2024-12-09 09:18:11.741986
INFO:Message received on topic: test/37 with payload size: 91 at 2024-12-09 09:18:14.453840 sent 2024-12-09 09:18:14.358644
INFO:Message received on topic: test/37 with payload size: 91 at 2024-12-09 09:18:17.059933 sent 2024-12-09 09:18:16.975014
INFO:Message received on topic: test/37 with payload size: 91 at 2024-12-09 09:18:19.678972 sent 2024-12-09 09:18:19.587304
INFO:Message received on topic: test/37 with payload size: 91 at 2024-12-09 09:18:22.271625 sent 2024-12-09 09:18:22.206662
INFO:Message received on topic: test/37 with payload size: 91 at 2024-12-09 09:18:24.969818 sent 2024-12-09 09:18:24.815668
INFO:Message received on topic: test/37 with payload size: 91 at 2024-12-09 09:18:27.551638 sent 2024-12-09 09:18:27.426987
INFO:Message received on topic: test/37 with payload size: 91 at 2024-12-09 09:18:30.154553 sent 2024-12-09 09:18:30.036039
INFO:Message received on topic: test/37 with payload size: 91 at 2024-12-09 09:18:32.769481 sent 2024-12-09 09:18:32.654602
INFO:Message received on topic: test/37 with payload size: 91 at 2024-12-09 09:18:35.295031 sent 2024-12-09 09:18:35.266504
INFO:Message received on topic: test/37 with payload size: 91 at 2024-12-09 09:18:38.071586 sent 2024-12-09 09:18:37.888870
INFO:Message received on topic: test/37 with payload size: 91 at 2024-12-09 09:18:40.579271 sent 2024-12-09 09:18:40.503372
INFO:Message received on topic: test/37 with payload size: 91 at 2024-12-09 09:18:43.193746 sent 2024-12-09 09:18:43.113606
INFO:Message received on topic: test/37 with payload size: 91 at 2024-12-09 09:18:45.781280 sent 2024-12-09 09:18:45.724136
INFO:Message received on topic: test/37 with payload size: 91 at 2024-12-09 09:18:48.379710 sent 2024-12-09 09:18:48.333291
INFO:Message received on topic: test/37 with payload size: 91 at 2024-12-09 09:18:51.081060 sent 2024-12-09 09:18:50.941721
INFO:Message received on topic: test/37 with payload size: 91 at 2024-12-09 09:18:53.589261 sent 2024-12-09 09:18:53.551292
INFO:Message received on topic: test/37 with payload size: 91 at 2024-12-09 09:18:56.178492 sent 2024-12-09 09:18:56.164731
INFO:Message received on topic: test/37 with payload size: 91 at 2024-12-09 09:18:58.863726 sent 2024-12-09 09:18:58.775148
INFO:Message received on topic: test/37 with payload size: 91 at 2024-12-09 09:19:01.486145 sent 2024-12-09 09:19:01.385155
INFO:Message received on topic: test/37 with payload size: 91 at 2024-12-09 09:19:04.159655 sent 2024-12-09 09:19:03.994196
INFO:Message received on topic: test/37 with payload size: 91 at 2024-12-09 09:19:06.700156 sent 2024-12-09 09:19:06.606682
INFO:Message received on topic: test/37 with payload size: 91 at 2024-12-09 09:19:09.277320 sent 2024-12-09 09:19:09.222992
INFO:Message received on topic: test/37 with payload size: 91 at 2024-12-09 09:19:12.065617 sent 2024-12-09 09:19:11.844661
INFO:Message received on topic: test/37 with payload size: 91 at 2024-12-09 09:19:14.557862 sent 2024-12-09 09:19:14.455850
INFO:Message received on topic: test/37 with payload size: 91 at 2024-12-09 09:19:17.155676 sent 2024-12-09 09:19:17.070455
INFO:Message received on topic: test/37 with payload size: 91 at 2024-12-09 09:19:19.695872 sent 2024-12-09 09:19:19.678772
INFO:Message received on topic: test/37 with payload size: 91 at 2024-12-09 09:19:22.476200 sent 2024-12-09 09:19:22.291997
INFO:Message received on topic: test/37 with payload size: 91 at 2024-12-09 09:19:24.981264 sent 2024-12-09 09:19:24.905123
INFO:Message received on topic: test/37 with payload size: 91 at 2024-12-09 09:19:27.586416 sent 2024-12-09 09:19:27.507800
INFO:Message received on topic: test/37 with payload size: 91 at 2024-12-09 09:19:30.166592 sent 2024-12-09 09:19:30.094753
INFO:Message received on topic: test/37 with payload size: 91 at 2024-12-09 09:19:32.755471 sent 2024-12-09 09:19:32.684271
INFO:Message received on topic: test/37 with payload size: 91 at 2024-12-09 09:19:35.358012 sent 2024-12-09 09:19:35.278970
INFO:Message received on topic: test/37 with payload size: 91 at 2024-12-09 09:19:37.980965 sent 2024-12-09 09:19:37.868435
INFO:Message received on topic: test/37 with payload size: 91 at 2024-12-09 09:19:40.566475 sent 2024-12-09 09:19:40.487883
INFO:Message received on topic: test/37 with payload size: 91 at 2024-12-09 09:19:43.169291 sent 2024-12-09 09:19:43.105967
INFO:Message received on topic: test/37 with payload size: 91 at 2024-12-09 09:19:45.861114 sent 2024-12-09 09:19:45.719132
INFO:Message received on topic: test/37 with payload size: 91 at 2024-12-09 09:19:48.659979 sent 2024-12-09 09:19:48.327638
INFO:Message received on topic: test/37 with payload size: 91 at 2024-12-09 09:19:51.058766 sent 2024-12-09 09:19:50.942947
INFO:Message received on topic: test/37 with payload size: 91 at 2024-12-09 09:19:53.653919 sent 2024-12-09 09:19:53.548058
INFO:Message received on topic: test/37 with payload size: 91 at 2024-12-09 09:19:56.207462 sent 2024-12-09 09:19:56.166832
INFO:Message received on topic: test/37 with payload size: 91 at 2024-12-09 09:19:58.976975 sent 2024-12-09 09:19:58.776129
INFO:Message received on topic: test/37 with payload size: 91 at 2024-12-09 09:20:01.562114 sent 2024-12-09 09:20:01.382628
INFO:Message received on topic: test/37 with payload size: 91 at 2024-12-09 09:20:04.158211 sent 2024-12-09 09:20:03.996021
INFO:Message received on topic: test/37 with payload size: 91 at 2024-12-09 09:20:06.673803 sent 2024-12-09 09:20:06.605723
INFO:Message received on topic: test/37 with payload size: 91 at 2024-12-09 09:20:09.285228 sent 2024-12-09 09:20:09.217750
INFO:Message received on topic: test/37 with payload size: 91 at 2024-12-09 09:20:11.878766 sent 2024-12-09 09:20:11.830289
INFO:Message received on topic: test/37 with payload size: 91 at 2024-12-09 09:20:14.478083 sent 2024-12-09 09:20:14.446202
INFO:Message received on topic: test/37 with payload size: 91 at 2024-12-09 09:20:17.098307 sent 2024-12-09 09:20:17.069799
INFO:Message received on topic: test/37 with payload size: 91 at 2024-12-09 09:20:19.852221 sent 2024-12-09 09:20:19.689866
INFO:Message received on topic: test/37 with payload size: 91 at 2024-12-09 09:20:22.373289 sent 2024-12-09 09:20:22.319099
INFO:Message received on topic: test/37 with payload size: 91 at 2024-12-09 09:20:25.151511 sent 2024-12-09 09:20:24.931289
INFO:Message received on topic: test/37 with payload size: 91 at 2024-12-09 09:20:27.585066 sent 2024-12-09 09:20:27.551143
INFO:Message received on topic: test/37 with payload size: 91 at 2024-12-09 09:20:30.254636 sent 2024-12-09 09:20:30.169016
INFO:Message received on topic: test/37 with payload size: 91 at 2024-12-09 09:20:32.992945 sent 2024-12-09 09:20:32.786607
INFO:Message received on topic: test/37 with payload size: 91 at 2024-12-09 09:20:35.551702 sent 2024-12-09 09:20:35.395101
INFO:Message received on topic: test/37 with payload size: 91 at 2024-12-09 09:20:38.097488 sent 2024-12-09 09:20:38.005926
INFO:Message received on topic: test/37 with payload size: 91 at 2024-12-09 09:20:40.765203 sent 2024-12-09 09:20:40.625041
INFO:Message received on topic: test/37 with payload size: 91 at 2024-12-09 09:20:43.385884 sent 2024-12-09 09:20:43.242609
INFO:Message received on topic: test/37 with payload size: 91 at 2024-12-09 09:20:46.052228 sent 2024-12-09 09:20:45.851249
INFO:Message received on topic: test/37 with payload size: 91 at 2024-12-09 09:20:48.567131 sent 2024-12-09 09:20:48.469698
INFO:Message received on topic: test/37 with payload size: 91 at 2024-12-09 09:20:51.255230 sent 2024-12-09 09:20:51.085497
INFO:Message received on topic: test/37 with payload size: 91 at 2024-12-09 09:20:53.875065 sent 2024-12-09 09:20:53.701773
INFO:Message received on topic: test/37 with payload size: 91 at 2024-12-09 09:20:56.464664 sent 2024-12-09 09:20:56.309968
INFO:Message received on topic: test/37 with payload size: 91 at 2024-12-09 09:20:58.966043 sent 2024-12-09 09:20:58.921429
INFO:Message received on topic: test/37 with payload size: 91 at 2024-12-09 09:21:01.762195 sent 2024-12-09 09:21:01.531590
INFO:Message received on topic: test/37 with payload size: 91 at 2024-12-09 09:21:04.301515 sent 2024-12-09 09:21:04.136146
INFO:Message received on topic: test/37 with payload size: 91 at 2024-12-09 09:21:06.867606 sent 2024-12-09 09:21:06.748599
INFO:Message received on topic: test/37 with payload size: 91 at 2024-12-09 09:21:09.461257 sent 2024-12-09 09:21:09.366815
INFO:Message received on topic: test/37 with payload size: 91 at 2024-12-09 09:21:12.187501 sent 2024-12-09 09:21:11.985123
INFO:Message received on topic: test/37 with payload size: 91 at 2024-12-09 09:21:14.761019 sent 2024-12-09 09:21:14.608148
INFO:Message received on topic: test/37 with payload size: 91 at 2024-12-09 09:21:17.356129 sent 2024-12-09 09:21:17.218945
INFO:Message received on topic: test/37 with payload size: 91 at 2024-12-09 09:21:19.884411 sent 2024-12-09 09:21:19.830932
INFO:Message received on topic: test/37 with payload size: 91 at 2024-12-09 09:21:22.564376 sent 2024-12-09 09:21:22.440424
INFO:Message received on topic: test/37 with payload size: 91 at 2024-12-09 09:21:25.157945 sent 2024-12-09 09:21:25.055121
INFO:Message received on topic: test/37 with payload size: 91 at 2024-12-09 09:21:27.751787 sent 2024-12-09 09:21:27.673660
INFO:Message received on topic: test/37 with payload size: 91 at 2024-12-09 09:21:30.870541 sent 2024-12-09 09:21:30.287919
INFO:Message received on topic: test/37 with payload size: 91 at 2024-12-09 09:21:33.051987 sent 2024-12-09 09:21:32.906097
INFO:Message received on topic: test/37 with payload size: 91 at 2024-12-09 09:21:35.582205 sent 2024-12-09 09:21:35.519500
INFO:Message received on topic: test/37 with payload size: 91 at 2024-12-09 09:21:38.265725 sent 2024-12-09 09:21:38.134383
INFO:Message received on topic: test/37 with payload size: 91 at 2024-12-09 09:21:40.863888 sent 2024-12-09 09:21:40.749076
INFO:Message received on topic: test/37 with payload size: 91 at 2024-12-09 09:21:43.468208 sent 2024-12-09 09:21:43.366785
INFO:Message received on topic: test/37 with payload size: 91 at 2024-12-09 09:21:46.090053 sent 2024-12-09 09:21:45.985270
INFO:Message received on topic: test/37 with payload size: 91 at 2024-12-09 09:21:48.869993 sent 2024-12-09 09:21:48.598891
INFO:Message received on topic: test/37 with payload size: 91 at 2024-12-09 09:21:51.354033 sent 2024-12-09 09:21:51.212604
INFO:Message received on topic: test/37 with payload size: 91 at 2024-12-09 09:21:53.973676 sent 2024-12-09 09:21:53.820879
INFO:Message received on topic: test/37 with payload size: 91 at 2024-12-09 09:21:56.568222 sent 2024-12-09 09:21:56.430054
INFO:Message received on topic: test/37 with payload size: 91 at 2024-12-09 09:21:59.266664 sent 2024-12-09 09:21:59.041483
INFO:Message received on topic: test/37 with payload size: 91 at 2024-12-09 09:22:01.774543 sent 2024-12-09 09:22:01.654144
INFO:Message received on topic: test/37 with payload size: 91 at 2024-12-09 09:22:04.371027 sent 2024-12-09 09:22:04.268996
INFO:Message received on topic: test/37 with payload size: 91 at 2024-12-09 09:22:06.963546 sent 2024-12-09 09:22:06.884609
INFO:Message received on topic: test/37 with payload size: 91 at 2024-12-09 09:22:09.756412 sent 2024-12-09 09:22:09.494048
INFO:Message received on topic: test/37 with payload size: 91 at 2024-12-09 09:22:12.261530 sent 2024-12-09 09:22:12.108402
INFO:Message received on topic: test/37 with payload size: 91 at 2024-12-09 09:22:14.777248 sent 2024-12-09 09:22:14.727720
INFO:Message received on topic: test/37 with payload size: 91 at 2024-12-09 09:22:17.478502 sent 2024-12-09 09:22:17.344505
INFO:Message received on topic: test/37 with payload size: 91 at 2024-12-09 09:22:20.159886 sent 2024-12-09 09:22:19.954573
INFO:Message received on topic: test/37 with payload size: 91 at 2024-12-09 09:22:22.659612 sent 2024-12-09 09:22:22.566359
INFO:Message received on topic: test/37 with payload size: 91 at 2024-12-09 09:22:25.280671 sent 2024-12-09 09:22:25.175713
INFO:Message received on topic: test/37 with payload size: 91 at 2024-12-09 09:22:27.961317 sent 2024-12-09 09:22:27.793583
INFO:Message received on topic: test/37 with payload size: 91 at 2024-12-09 09:22:30.568084 sent 2024-12-09 09:22:30.405246
INFO:Message received on topic: test/37 with payload size: 91 at 2024-12-09 09:22:33.087879 sent 2024-12-09 09:22:33.014394
INFO:Message received on topic: test/37 with payload size: 91 at 2024-12-09 09:22:35.682369 sent 2024-12-09 09:22:35.626804
INFO:Message received on topic: test/37 with payload size: 91 at 2024-12-09 09:22:38.360037 sent 2024-12-09 09:22:38.235872
INFO:Message received on topic: test/37 with payload size: 91 at 2024-12-09 09:22:40.957466 sent 2024-12-09 09:22:40.851563
INFO:Message received on topic: test/37 with payload size: 91 at 2024-12-09 09:22:43.561142 sent 2024-12-09 09:22:43.466862
INFO:Message received on topic: test/37 with payload size: 91 at 2024-12-09 09:22:46.171722 sent 2024-12-09 09:22:46.082728
INFO:Message received on topic: test/37 with payload size: 91 at 2024-12-09 09:22:48.770893 sent 2024-12-09 09:22:48.695576
INFO:Message received on topic: test/37 with payload size: 91 at 2024-12-09 09:22:51.370278 sent 2024-12-09 09:22:51.314051
INFO:Message received on topic: test/37 with payload size: 91 at 2024-12-09 09:22:53.983500 sent 2024-12-09 09:22:53.924438
INFO:Message received on topic: test/37 with payload size: 91 at 2024-12-09 09:22:56.669795 sent 2024-12-09 09:22:56.539599
INFO:Message received on topic: test/37 with payload size: 91 at 2024-12-09 09:22:59.261365 sent 2024-12-09 09:22:59.145444
INFO:Message received on topic: test/37 with payload size: 91 at 2024-12-09 09:23:01.785873 sent 2024-12-09 09:23:01.756610
INFO:Message received on topic: test/37 with payload size: 91 at 2024-12-09 09:23:04.457516 sent 2024-12-09 09:23:04.379632
INFO:Message received on topic: test/37 with payload size: 91 at 2024-12-09 09:23:07.083838 sent 2024-12-09 09:23:06.987072
INFO:Message received on topic: test/37 with payload size: 91 at 2024-12-09 09:23:09.680816 sent 2024-12-09 09:23:09.594510
INFO:Message received on topic: test/37 with payload size: 91 at 2024-12-09 09:23:12.383249 sent 2024-12-09 09:23:12.206385
INFO:Message received on topic: test/37 with payload size: 91 at 2024-12-09 09:23:14.866004 sent 2024-12-09 09:23:14.816636
INFO:Message received on topic: test/37 with payload size: 91 at 2024-12-09 09:23:17.467217 sent 2024-12-09 09:23:17.429006
INFO:Message received on topic: test/37 with payload size: 91 at 2024-12-09 09:23:20.149060 sent 2024-12-09 09:23:20.037565
INFO:Message received on topic: test/37 with payload size: 91 at 2024-12-09 09:23:22.951554 sent 2024-12-09 09:23:22.644905
INFO:Message received on topic: test/37 with payload size: 91 at 2024-12-09 09:23:25.384885 sent 2024-12-09 09:23:25.261839
INFO:Message received on topic: test/37 with payload size: 91 at 2024-12-09 09:23:27.979370 sent 2024-12-09 09:23:27.871681
INFO:Message received on topic: test/37 with payload size: 91 at 2024-12-09 09:23:30.570536 sent 2024-12-09 09:23:30.481568
INFO:Message received on topic: test/37 with payload size: 91 at 2024-12-09 09:23:33.167670 sent 2024-12-09 09:23:33.090201
INFO:Message received on topic: test/37 with payload size: 91 at 2024-12-09 09:23:35.767643 sent 2024-12-09 09:23:35.701184
INFO:Message received on topic: test/37 with payload size: 91 at 2024-12-09 09:23:38.478847 sent 2024-12-09 09:23:38.313745
INFO:Message received on topic: test/37 with payload size: 91 at 2024-12-09 09:23:40.973298 sent 2024-12-09 09:23:40.919651
INFO:Message received on topic: test/37 with payload size: 91 at 2024-12-09 09:23:43.561630 sent 2024-12-09 09:23:43.527643
INFO:Message received on topic: test/37 with payload size: 91 at 2024-12-09 09:23:46.267865 sent 2024-12-09 09:23:46.132609
INFO:Message received on topic: test/37 with payload size: 91 at 2024-12-09 09:23:48.867530 sent 2024-12-09 09:23:48.735994
INFO:Message received on topic: test/37 with payload size: 91 at 2024-12-09 09:23:51.371855 sent 2024-12-09 09:23:51.342566
INFO:Message received on topic: test/37 with payload size: 91 at 2024-12-09 09:23:53.995747 sent 2024-12-09 09:23:53.951217
INFO:Message received on topic: test/37 with payload size: 91 at 2024-12-09 09:23:56.578602 sent 2024-12-09 09:23:56.550807
INFO:Message received on topic: test/37 with payload size: 91 at 2024-12-09 09:23:59.169580 sent 2024-12-09 09:23:59.152952
INFO:Message received on topic: test/37 with payload size: 91 at 2024-12-09 09:24:01.784718 sent 2024-12-09 09:24:01.758987
INFO:Message received on topic: test/37 with payload size: 91 at 2024-12-09 09:24:04.375138 sent 2024-12-09 09:24:04.367165
INFO:Message received on topic: test/37 with payload size: 91 at 2024-12-09 09:24:07.052901 sent 2024-12-09 09:24:06.972888
INFO:Message received on topic: test/37 with payload size: 91 at 2024-12-09 09:24:09.657858 sent 2024-12-09 09:24:09.577418
INFO:Message received on topic: test/37 with payload size: 91 at 2024-12-09 09:24:12.261990 sent 2024-12-09 09:24:12.181591
INFO:Message received on topic: test/37 with payload size: 91 at 2024-12-09 09:24:14.866886 sent 2024-12-09 09:24:14.787634
INFO:Message received on topic: test/37 with payload size: 91 at 2024-12-09 09:24:17.464924 sent 2024-12-09 09:24:17.389050
INFO:Message received on topic: test/37 with payload size: 91 at 2024-12-09 09:24:20.181455 sent 2024-12-09 09:24:19.996605
INFO:Message received on topic: test/37 with payload size: 91 at 2024-12-09 09:24:22.755652 sent 2024-12-09 09:24:22.602827
INFO:Message received on topic: test/37 with payload size: 91 at 2024-12-09 09:24:25.274820 sent 2024-12-09 09:24:25.207492
