INFO:Starting Version 1.0.5
DEBUG:Using selector: EpollSelector
INFO:Connecting to cluster at: mqtt-quic://emqx-headless.dtwins:14567 using QUIC
INFO:Subscribed to topic: test/23
INFO:Logging each: 50
INFO:Unhandled packet type received
INFO:Message received on topic: test/23 with payload size: 91 at 2024-12-09 09:15:06.581871 sent 2024-12-09 09:15:06.526452
INFO:Message received on topic: test/23 with payload size: 91 at 2024-12-09 09:15:09.172159 sent 2024-12-09 09:15:09.128236
INFO:Message received on topic: test/23 with payload size: 91 at 2024-12-09 09:15:11.788953 sent 2024-12-09 09:15:11.727534
INFO:Message received on topic: test/23 with payload size: 91 at 2024-12-09 09:15:14.390446 sent 2024-12-09 09:15:14.330075
INFO:Message received on topic: test/23 with payload size: 91 at 2024-12-09 09:15:17.062004 sent 2024-12-09 09:15:16.929385
INFO:Message received on topic: test/23 with payload size: 91 at 2024-12-09 09:15:19.668876 sent 2024-12-09 09:15:19.529238
INFO:Message received on topic: test/23 with payload size: 91 at 2024-12-09 09:15:22.259018 sent 2024-12-09 09:15:22.131602
INFO:Message received on topic: test/23 with payload size: 91 at 2024-12-09 09:15:24.772921 sent 2024-12-09 09:15:24.734905
INFO:Message received on topic: test/23 with payload size: 91 at 2024-12-09 09:15:27.390043 sent 2024-12-09 09:15:27.334105
INFO:Message received on topic: test/23 with payload size: 91 at 2024-12-09 09:15:30.065166 sent 2024-12-09 09:15:29.941561
INFO:Message received on topic: test/23 with payload size: 91 at 2024-12-09 09:15:32.561900 sent 2024-12-09 09:15:32.545713
INFO:Message received on topic: test/23 with payload size: 91 at 2024-12-09 09:15:35.170835 sent 2024-12-09 09:15:35.152740
INFO:Message received on topic: test/23 with payload size: 91 at 2024-12-09 09:15:37.773353 sent 2024-12-09 09:15:37.761237
INFO:Message received on topic: test/23 with payload size: 91 at 2024-12-09 09:15:40.384582 sent 2024-12-09 09:15:40.371908
INFO:Message received on topic: test/23 with payload size: 91 at 2024-12-09 09:15:43.057773 sent 2024-12-09 09:15:42.981935
INFO:Message received on topic: test/23 with payload size: 91 at 2024-12-09 09:15:45.669698 sent 2024-12-09 09:15:45.599059
INFO:Message received on topic: test/23 with payload size: 91 at 2024-12-09 09:15:48.272987 sent 2024-12-09 09:15:48.204686
INFO:Message received on topic: test/23 with payload size: 91 at 2024-12-09 09:15:50.866895 sent 2024-12-09 09:15:50.816646
INFO:Message received on topic: test/23 with payload size: 91 at 2024-12-09 09:15:53.478754 sent 2024-12-09 09:15:53.423971
INFO:Message received on topic: test/23 with payload size: 91 at 2024-12-09 09:15:56.097159 sent 2024-12-09 09:15:56.030882
INFO:Message received on topic: test/23 with payload size: 91 at 2024-12-09 09:15:58.794742 sent 2024-12-09 09:15:58.638766
INFO:Message received on topic: test/23 with payload size: 91 at 2024-12-09 09:16:01.280485 sent 2024-12-09 09:16:01.240270
INFO:Message received on topic: test/23 with payload size: 91 at 2024-12-09 09:16:03.888867 sent 2024-12-09 09:16:03.849585
INFO:Message received on topic: test/23 with payload size: 91 at 2024-12-09 09:16:06.474574 sent 2024-12-09 09:16:06.454445
INFO:Message received on topic: test/23 with payload size: 91 at 2024-12-09 09:16:09.068018 sent 2024-12-09 09:16:09.059688
INFO:Message received on topic: test/23 with payload size: 91 at 2024-12-09 09:16:11.694109 sent 2024-12-09 09:16:11.669152
INFO:Message received on topic: test/23 with payload size: 91 at 2024-12-09 09:16:14.307019 sent 2024-12-09 09:16:14.271992
INFO:Message received on topic: test/23 with payload size: 91 at 2024-12-09 09:16:16.890977 sent 2024-12-09 09:16:16.871443
INFO:Message received on topic: test/23 with payload size: 91 at 2024-12-09 09:16:19.558943 sent 2024-12-09 09:16:19.485396
INFO:Message received on topic: test/23 with payload size: 91 at 2024-12-09 09:16:22.171252 sent 2024-12-09 09:16:22.090167
INFO:Message received on topic: test/23 with payload size: 91 at 2024-12-09 09:16:24.768119 sent 2024-12-09 09:16:24.706941
INFO:Message received on topic: test/23 with payload size: 91 at 2024-12-09 09:16:27.403051 sent 2024-12-09 09:16:27.323309
INFO:Message received on topic: test/23 with payload size: 91 at 2024-12-09 09:16:30.049172 sent 2024-12-09 09:16:29.934641
INFO:Message received on topic: test/23 with payload size: 91 at 2024-12-09 09:16:32.578964 sent 2024-12-09 09:16:32.546513
INFO:Message received on topic: test/23 with payload size: 91 at 2024-12-09 09:16:35.263563 sent 2024-12-09 09:16:35.173500
INFO:Message received on topic: test/23 with payload size: 91 at 2024-12-09 09:16:37.854824 sent 2024-12-09 09:16:37.795675
INFO:Message received on topic: test/23 with payload size: 91 at 2024-12-09 09:16:40.484712 sent 2024-12-09 09:16:40.408021
INFO:Message received on topic: test/23 with payload size: 91 at 2024-12-09 09:16:43.169769 sent 2024-12-09 09:16:43.030469
INFO:Message received on topic: test/23 with payload size: 91 at 2024-12-09 09:16:45.686200 sent 2024-12-09 09:16:45.645659
INFO:Message received on topic: test/23 with payload size: 91 at 2024-12-09 09:16:48.289736 sent 2024-12-09 09:16:48.251031
INFO:Message received on topic: test/23 with payload size: 91 at 2024-12-09 09:16:50.891037 sent 2024-12-09 09:16:50.867205
INFO:Message received on topic: test/23 with payload size: 91 at 2024-12-09 09:16:53.562086 sent 2024-12-09 09:16:53.493137
INFO:Message received on topic: test/23 with payload size: 91 at 2024-12-09 09:16:56.176530 sent 2024-12-09 09:16:56.105758
INFO:Message received on topic: test/23 with payload size: 91 at 2024-12-09 09:16:58.780813 sent 2024-12-09 09:16:58.720712
INFO:Message received on topic: test/23 with payload size: 91 at 2024-12-09 09:17:01.367826 sent 2024-12-09 09:17:01.327473
INFO:Message received on topic: test/23 with payload size: 91 at 2024-12-09 09:17:04.063820 sent 2024-12-09 09:17:03.937235
INFO:Message received on topic: test/23 with payload size: 91 at 2024-12-09 09:17:06.580865 sent 2024-12-09 09:17:06.555854
INFO:Message received on topic: test/23 with payload size: 91 at 2024-12-09 09:17:09.254104 sent 2024-12-09 09:17:09.182740
INFO:Message received on topic: test/23 with payload size: 91 at 2024-12-09 09:17:11.876016 sent 2024-12-09 09:17:11.804632
INFO:Message received on topic: test/23 with payload size: 91 at 2024-12-09 09:17:14.465903 sent 2024-12-09 09:17:14.429134
INFO:Message received on topic: test/23 with payload size: 91 at 2024-12-09 09:17:17.153013 sent 2024-12-09 09:17:17.052269
INFO:Message received on topic: test/23 with payload size: 91 at 2024-12-09 09:17:19.692270 sent 2024-12-09 09:17:19.664194
INFO:Message received on topic: test/23 with payload size: 91 at 2024-12-09 09:17:22.357682 sent 2024-12-09 09:17:22.282597
INFO:Message received on topic: test/23 with payload size: 91 at 2024-12-09 09:17:24.985084 sent 2024-12-09 09:17:24.902246
INFO:Message received on topic: test/23 with payload size: 91 at 2024-12-09 09:17:27.572133 sent 2024-12-09 09:17:27.524601
INFO:Message received on topic: test/23 with payload size: 91 at 2024-12-09 09:17:30.189132 sent 2024-12-09 09:17:30.136701
INFO:Message received on topic: test/23 with payload size: 91 at 2024-12-09 09:17:32.769990 sent 2024-12-09 09:17:32.752525
INFO:Message received on topic: test/23 with payload size: 91 at 2024-12-09 09:17:35.385150 sent 2024-12-09 09:17:35.366727
INFO:Message received on topic: test/23 with payload size: 91 at 2024-12-09 09:17:38.171675 sent 2024-12-09 09:17:37.979292
INFO:Message received on topic: test/23 with payload size: 91 at 2024-12-09 09:17:40.670440 sent 2024-12-09 09:17:40.596858
INFO:Message received on topic: test/23 with payload size: 91 at 2024-12-09 09:17:43.280049 sent 2024-12-09 09:17:43.206976
INFO:Message received on topic: test/23 with payload size: 91 at 2024-12-09 09:17:45.891476 sent 2024-12-09 09:17:45.818407
INFO:Message received on topic: test/23 with payload size: 91 at 2024-12-09 09:17:48.566711 sent 2024-12-09 09:17:48.425899
INFO:Message received on topic: test/23 with payload size: 91 at 2024-12-09 09:17:51.080508 sent 2024-12-09 09:17:51.041192
INFO:Message received on topic: test/23 with payload size: 91 at 2024-12-09 09:17:53.774895 sent 2024-12-09 09:17:53.649753
INFO:Message received on topic: test/23 with payload size: 91 at 2024-12-09 09:17:56.286440 sent 2024-12-09 09:17:56.263103
INFO:Message received on topic: test/23 with payload size: 91 at 2024-12-09 09:17:58.897653 sent 2024-12-09 09:17:58.877821
INFO:Message received on topic: test/23 with payload size: 91 at 2024-12-09 09:18:01.584278 sent 2024-12-09 09:18:01.489090
INFO:Message received on topic: test/23 with payload size: 91 at 2024-12-09 09:18:04.290026 sent 2024-12-09 09:18:04.107821
INFO:Message received on topic: test/23 with payload size: 91 at 2024-12-09 09:18:06.790696 sent 2024-12-09 09:18:06.722193
INFO:Message received on topic: test/23 with payload size: 91 at 2024-12-09 09:18:09.473219 sent 2024-12-09 09:18:09.331911
INFO:Message received on topic: test/23 with payload size: 91 at 2024-12-09 09:18:12.063248 sent 2024-12-09 09:18:11.945611
INFO:Message received on topic: test/23 with payload size: 91 at 2024-12-09 09:18:14.594914 sent 2024-12-09 09:18:14.557558
INFO:Message received on topic: test/23 with payload size: 91 at 2024-12-09 09:18:17.261032 sent 2024-12-09 09:18:17.165637
INFO:Message received on topic: test/23 with payload size: 91 at 2024-12-09 09:18:19.894152 sent 2024-12-09 09:18:19.783914
INFO:Message received on topic: test/23 with payload size: 91 at 2024-12-09 09:18:22.475592 sent 2024-12-09 09:18:22.393892
INFO:Message received on topic: test/23 with payload size: 91 at 2024-12-09 09:18:25.059773 sent 2024-12-09 09:18:25.004001
INFO:Message received on topic: test/23 with payload size: 91 at 2024-12-09 09:18:27.679647 sent 2024-12-09 09:18:27.620070
INFO:Message received on topic: test/23 with payload size: 91 at 2024-12-09 09:18:30.288836 sent 2024-12-09 09:18:30.232079
INFO:Message received on topic: test/23 with payload size: 91 at 2024-12-09 09:18:32.952679 sent 2024-12-09 09:18:32.847065
INFO:Message received on topic: test/23 with payload size: 91 at 2024-12-09 09:18:35.555195 sent 2024-12-09 09:18:35.456580
INFO:Message received on topic: test/23 with payload size: 91 at 2024-12-09 09:18:38.159442 sent 2024-12-09 09:18:38.069589
INFO:Message received on topic: test/23 with payload size: 91 at 2024-12-09 09:18:40.855831 sent 2024-12-09 09:18:40.691316
INFO:Message received on topic: test/23 with payload size: 91 at 2024-12-09 09:18:43.383359 sent 2024-12-09 09:18:43.309572
INFO:Message received on topic: test/23 with payload size: 91 at 2024-12-09 09:18:45.969596 sent 2024-12-09 09:18:45.927201
INFO:Message received on topic: test/23 with payload size: 91 at 2024-12-09 09:18:48.687289 sent 2024-12-09 09:18:48.535222
INFO:Message received on topic: test/23 with payload size: 91 at 2024-12-09 09:18:51.182167 sent 2024-12-09 09:18:51.140709
INFO:Message received on topic: test/23 with payload size: 91 at 2024-12-09 09:18:53.976682 sent 2024-12-09 09:18:53.754648
INFO:Message received on topic: test/23 with payload size: 91 at 2024-12-09 09:18:56.488307 sent 2024-12-09 09:18:56.370178
INFO:Message received on topic: test/23 with payload size: 91 at 2024-12-09 09:18:59.095050 sent 2024-12-09 09:18:58.981550
INFO:Message received on topic: test/23 with payload size: 91 at 2024-12-09 09:19:01.676518 sent 2024-12-09 09:19:01.593655
INFO:Message received on topic: test/23 with payload size: 91 at 2024-12-09 09:19:04.287255 sent 2024-12-09 09:19:04.200298
INFO:Message received on topic: test/23 with payload size: 91 at 2024-12-09 09:19:06.887598 sent 2024-12-09 09:19:06.811112
INFO:Message received on topic: test/23 with payload size: 91 at 2024-12-09 09:19:09.491287 sent 2024-12-09 09:19:09.432920
INFO:Message received on topic: test/23 with payload size: 91 at 2024-12-09 09:19:12.184695 sent 2024-12-09 09:19:12.054031
INFO:Message received on topic: test/23 with payload size: 91 at 2024-12-09 09:19:14.767176 sent 2024-12-09 09:19:14.665962
INFO:Message received on topic: test/23 with payload size: 91 at 2024-12-09 09:19:17.395742 sent 2024-12-09 09:19:17.278474
INFO:Message received on topic: test/23 with payload size: 91 at 2024-12-09 09:19:20.061947 sent 2024-12-09 09:19:19.887933
INFO:Message received on topic: test/23 with payload size: 91 at 2024-12-09 09:19:22.569193 sent 2024-12-09 09:19:22.501067
INFO:Message received on topic: test/23 with payload size: 91 at 2024-12-09 09:19:25.180393 sent 2024-12-09 09:19:25.116401
INFO:Message received on topic: test/23 with payload size: 91 at 2024-12-09 09:19:27.790611 sent 2024-12-09 09:19:27.720522
INFO:Message received on topic: test/23 with payload size: 91 at 2024-12-09 09:19:30.464171 sent 2024-12-09 09:19:30.309647
INFO:Message received on topic: test/23 with payload size: 91 at 2024-12-09 09:19:32.976860 sent 2024-12-09 09:19:32.897725
INFO:Message received on topic: test/23 with payload size: 91 at 2024-12-09 09:19:35.584547 sent 2024-12-09 09:19:35.485843
INFO:Message received on topic: test/23 with payload size: 91 at 2024-12-09 09:19:38.202606 sent 2024-12-09 09:19:38.077037
INFO:Message received on topic: test/23 with payload size: 91 at 2024-12-09 09:19:40.886618 sent 2024-12-09 09:19:40.694175
INFO:Message received on topic: test/23 with payload size: 91 at 2024-12-09 09:19:43.376610 sent 2024-12-09 09:19:43.314380
INFO:Message received on topic: test/23 with payload size: 91 at 2024-12-09 09:19:46.064169 sent 2024-12-09 09:19:45.925622
INFO:Message received on topic: test/23 with payload size: 91 at 2024-12-09 09:19:48.985178 sent 2024-12-09 09:19:48.533922
INFO:Message received on topic: test/23 with payload size: 91 at 2024-12-09 09:19:51.263891 sent 2024-12-09 09:19:51.148801
INFO:Message received on topic: test/23 with payload size: 91 at 2024-12-09 09:19:53.786188 sent 2024-12-09 09:19:53.767886
INFO:Message received on topic: test/23 with payload size: 91 at 2024-12-09 09:19:56.460312 sent 2024-12-09 09:19:56.375003
INFO:Message received on topic: test/23 with payload size: 91 at 2024-12-09 09:19:59.259512 sent 2024-12-09 09:19:58.999142
INFO:Message received on topic: test/23 with payload size: 91 at 2024-12-09 09:20:01.767758 sent 2024-12-09 09:20:01.624996
INFO:Message received on topic: test/23 with payload size: 91 at 2024-12-09 09:20:04.271663 sent 2024-12-09 09:20:04.241956
INFO:Message received on topic: test/23 with payload size: 91 at 2024-12-09 09:20:06.887544 sent 2024-12-09 09:20:06.857786
INFO:Message received on topic: test/23 with payload size: 91 at 2024-12-09 09:20:09.566497 sent 2024-12-09 09:20:09.474497
INFO:Message received on topic: test/23 with payload size: 91 at 2024-12-09 09:20:12.159126 sent 2024-12-09 09:20:12.084552
INFO:Message received on topic: test/23 with payload size: 91 at 2024-12-09 09:20:14.761802 sent 2024-12-09 09:20:14.695491
INFO:Message received on topic: test/23 with payload size: 91 at 2024-12-09 09:20:17.383792 sent 2024-12-09 09:20:17.308642
INFO:Message received on topic: test/23 with payload size: 91 at 2024-12-09 09:20:20.048719 sent 2024-12-09 09:20:19.926701
INFO:Message received on topic: test/23 with payload size: 91 at 2024-12-09 09:20:22.603001 sent 2024-12-09 09:20:22.534137
INFO:Message received on topic: test/23 with payload size: 91 at 2024-12-09 09:20:25.292012 sent 2024-12-09 09:20:25.143315
INFO:Message received on topic: test/23 with payload size: 91 at 2024-12-09 09:20:27.868782 sent 2024-12-09 09:20:27.759732
INFO:Message received on topic: test/23 with payload size: 91 at 2024-12-09 09:20:30.474834 sent 2024-12-09 09:20:30.372238
INFO:Message received on topic: test/23 with payload size: 91 at 2024-12-09 09:20:33.088295 sent 2024-12-09 09:20:33.006538
INFO:Message received on topic: test/23 with payload size: 91 at 2024-12-09 09:20:35.767624 sent 2024-12-09 09:20:35.622995
INFO:Message received on topic: test/23 with payload size: 91 at 2024-12-09 09:20:38.369400 sent 2024-12-09 09:20:38.238278
INFO:Message received on topic: test/23 with payload size: 91 at 2024-12-09 09:20:40.971037 sent 2024-12-09 09:20:40.848101
INFO:Message received on topic: test/23 with payload size: 91 at 2024-12-09 09:20:43.566067 sent 2024-12-09 09:20:43.460496
INFO:Message received on topic: test/23 with payload size: 91 at 2024-12-09 09:20:46.170359 sent 2024-12-09 09:20:46.071984
INFO:Message received on topic: test/23 with payload size: 91 at 2024-12-09 09:20:48.790412 sent 2024-12-09 09:20:48.678642
INFO:Message received on topic: test/23 with payload size: 91 at 2024-12-09 09:20:51.470971 sent 2024-12-09 09:20:51.289286
INFO:Message received on topic: test/23 with payload size: 91 at 2024-12-09 09:20:54.061874 sent 2024-12-09 09:20:53.905214
INFO:Message received on topic: test/23 with payload size: 91 at 2024-12-09 09:20:56.661539 sent 2024-12-09 09:20:56.516091
INFO:Message received on topic: test/23 with payload size: 91 at 2024-12-09 09:20:59.259033 sent 2024-12-09 09:20:59.131229
INFO:Message received on topic: test/23 with payload size: 91 at 2024-12-09 09:21:01.894190 sent 2024-12-09 09:21:01.745951
INFO:Message received on topic: test/23 with payload size: 91 at 2024-12-09 09:21:04.454005 sent 2024-12-09 09:21:04.350494
INFO:Message received on topic: test/23 with payload size: 91 at 2024-12-09 09:21:07.061076 sent 2024-12-09 09:21:06.957714
INFO:Message received on topic: test/23 with payload size: 91 at 2024-12-09 09:21:09.663554 sent 2024-12-09 09:21:09.575897
INFO:Message received on topic: test/23 with payload size: 91 at 2024-12-09 09:21:12.281424 sent 2024-12-09 09:21:12.193839
INFO:Message received on topic: test/23 with payload size: 91 at 2024-12-09 09:21:14.952278 sent 2024-12-09 09:21:14.806746
INFO:Message received on topic: test/23 with payload size: 91 at 2024-12-09 09:21:17.464933 sent 2024-12-09 09:21:17.415852
INFO:Message received on topic: test/23 with payload size: 91 at 2024-12-09 09:21:20.258158 sent 2024-12-09 09:21:20.025486
INFO:Message received on topic: test/23 with payload size: 91 at 2024-12-09 09:21:22.797484 sent 2024-12-09 09:21:22.639622
INFO:Message received on topic: test/23 with payload size: 91 at 2024-12-09 09:21:25.281824 sent 2024-12-09 09:21:25.258385
INFO:Message received on topic: test/23 with payload size: 91 at 2024-12-09 09:21:27.956847 sent 2024-12-09 09:21:27.877574
INFO:Message received on topic: test/23 with payload size: 91 at 2024-12-09 09:21:30.961223 sent 2024-12-09 09:21:30.489499
INFO:Message received on topic: test/23 with payload size: 91 at 2024-12-09 09:21:33.268541 sent 2024-12-09 09:21:33.101486
INFO:Message received on topic: test/23 with payload size: 91 at 2024-12-09 09:21:35.862524 sent 2024-12-09 09:21:35.710205
INFO:Message received on topic: test/23 with payload size: 91 at 2024-12-09 09:21:38.483037 sent 2024-12-09 09:21:38.330070
INFO:Message received on topic: test/23 with payload size: 91 at 2024-12-09 09:21:41.257209 sent 2024-12-09 09:21:40.947464
INFO:Message received on topic: test/23 with payload size: 91 at 2024-12-09 09:21:43.664523 sent 2024-12-09 09:21:43.557271
INFO:Message received on topic: test/23 with payload size: 91 at 2024-12-09 09:21:46.269387 sent 2024-12-09 09:21:46.168010
INFO:Message received on topic: test/23 with payload size: 91 at 2024-12-09 09:21:48.954411 sent 2024-12-09 09:21:48.774923
INFO:Message received on topic: test/23 with payload size: 91 at 2024-12-09 09:21:51.552581 sent 2024-12-09 09:21:51.390631
INFO:Message received on topic: test/23 with payload size: 91 at 2024-12-09 09:21:54.158068 sent 2024-12-09 09:21:54.004449
INFO:Message received on topic: test/23 with payload size: 91 at 2024-12-09 09:21:56.763776 sent 2024-12-09 09:21:56.625574
INFO:Message received on topic: test/23 with payload size: 91 at 2024-12-09 09:21:59.460655 sent 2024-12-09 09:21:59.239810
INFO:Message received on topic: test/23 with payload size: 91 at 2024-12-09 09:22:02.067935 sent 2024-12-09 09:22:01.864874
INFO:Message received on topic: test/23 with payload size: 91 at 2024-12-09 09:22:04.575311 sent 2024-12-09 09:22:04.481641
INFO:Message received on topic: test/23 with payload size: 91 at 2024-12-09 09:22:07.273572 sent 2024-12-09 09:22:07.095103
INFO:Message received on topic: test/23 with payload size: 91 at 2024-12-09 09:22:09.762275 sent 2024-12-09 09:22:09.712519
INFO:Message received on topic: test/23 with payload size: 91 at 2024-12-09 09:22:12.370081 sent 2024-12-09 09:22:12.322578
INFO:Message received on topic: test/23 with payload size: 91 at 2024-12-09 09:22:15.055701 sent 2024-12-09 09:22:14.932069
INFO:Message received on topic: test/23 with payload size: 91 at 2024-12-09 09:22:17.654763 sent 2024-12-09 09:22:17.539716
INFO:Message received on topic: test/23 with payload size: 91 at 2024-12-09 09:22:20.264556 sent 2024-12-09 09:22:20.158271
INFO:Message received on topic: test/23 with payload size: 91 at 2024-12-09 09:22:22.959767 sent 2024-12-09 09:22:22.774156
INFO:Message received on topic: test/23 with payload size: 91 at 2024-12-09 09:22:25.466248 sent 2024-12-09 09:22:25.380586
INFO:Message received on topic: test/23 with payload size: 91 at 2024-12-09 09:22:28.074699 sent 2024-12-09 09:22:27.997380
INFO:Message received on topic: test/23 with payload size: 91 at 2024-12-09 09:22:30.764062 sent 2024-12-09 09:22:30.606868
INFO:Message received on topic: test/23 with payload size: 91 at 2024-12-09 09:22:33.357572 sent 2024-12-09 09:22:33.215977
INFO:Message received on topic: test/23 with payload size: 91 at 2024-12-09 09:22:36.051837 sent 2024-12-09 09:22:35.824105
INFO:Message received on topic: test/23 with payload size: 91 at 2024-12-09 09:22:38.561640 sent 2024-12-09 09:22:38.434707
INFO:Message received on topic: test/23 with payload size: 91 at 2024-12-09 09:22:41.252190 sent 2024-12-09 09:22:41.052567
INFO:Message received on topic: test/23 with payload size: 91 at 2024-12-09 09:22:43.754572 sent 2024-12-09 09:22:43.667519
INFO:Message received on topic: test/23 with payload size: 91 at 2024-12-09 09:22:46.375025 sent 2024-12-09 09:22:46.281498
INFO:Message received on topic: test/23 with payload size: 91 at 2024-12-09 09:22:49.049432 sent 2024-12-09 09:22:48.886489
INFO:Message received on topic: test/23 with payload size: 91 at 2024-12-09 09:22:51.755019 sent 2024-12-09 09:22:51.495505
INFO:Message received on topic: test/23 with payload size: 91 at 2024-12-09 09:22:54.171896 sent 2024-12-09 09:22:54.105529
INFO:Message received on topic: test/23 with payload size: 91 at 2024-12-09 09:22:56.768652 sent 2024-12-09 09:22:56.708382
INFO:Message received on topic: test/23 with payload size: 91 at 2024-12-09 09:22:59.455892 sent 2024-12-09 09:22:59.317627
INFO:Message received on topic: test/23 with payload size: 91 at 2024-12-09 09:23:02.055781 sent 2024-12-09 09:23:01.927652
INFO:Message received on topic: test/23 with payload size: 91 at 2024-12-09 09:23:04.654449 sent 2024-12-09 09:23:04.537098
INFO:Message received on topic: test/23 with payload size: 91 at 2024-12-09 09:23:07.258549 sent 2024-12-09 09:23:07.157599
INFO:Message received on topic: test/23 with payload size: 91 at 2024-12-09 09:23:09.788886 sent 2024-12-09 09:23:09.765178
INFO:Message received on topic: test/23 with payload size: 91 at 2024-12-09 09:23:12.552660 sent 2024-12-09 09:23:12.380133
INFO:Message received on topic: test/23 with payload size: 91 at 2024-12-09 09:23:15.058749 sent 2024-12-09 09:23:14.984629
INFO:Message received on topic: test/23 with payload size: 91 at 2024-12-09 09:23:17.753281 sent 2024-12-09 09:23:17.588962
INFO:Message received on topic: test/23 with payload size: 91 at 2024-12-09 09:23:20.289823 sent 2024-12-09 09:23:20.200527
INFO:Message received on topic: test/23 with payload size: 91 at 2024-12-09 09:23:22.880718 sent 2024-12-09 09:23:22.810852
INFO:Message received on topic: test/23 with payload size: 91 at 2024-12-09 09:23:25.469158 sent 2024-12-09 09:23:25.421709
INFO:Message received on topic: test/23 with payload size: 91 at 2024-12-09 09:23:28.082949 sent 2024-12-09 09:23:28.035954
INFO:Message received on topic: test/23 with payload size: 91 at 2024-12-09 09:23:30.761079 sent 2024-12-09 09:23:30.646042
INFO:Message received on topic: test/23 with payload size: 91 at 2024-12-09 09:23:33.351878 sent 2024-12-09 09:23:33.257896
INFO:Message received on topic: test/23 with payload size: 91 at 2024-12-09 09:23:35.952817 sent 2024-12-09 09:23:35.874049
