INFO:Starting Version 1.0.5
DEBUG:Using selector: EpollSelector
INFO:Connecting to cluster at: mqtt-quic://emqx-headless.dtwins:14567 using QUIC
INFO:Subscribed to topic: test/45
INFO:Logging each: 50
INFO:Unhandled packet type received
INFO:Message received on topic: test/45 with payload size: 91 at 2024-12-09 09:16:20.684960 sent 2024-12-09 09:16:20.648130
INFO:Message received on topic: test/45 with payload size: 91 at 2024-12-09 09:16:23.375056 sent 2024-12-09 09:16:23.252271
INFO:Message received on topic: test/45 with payload size: 91 at 2024-12-09 09:16:25.887924 sent 2024-12-09 09:16:25.852130
INFO:Message received on topic: test/45 with payload size: 91 at 2024-12-09 09:16:28.475701 sent 2024-12-09 09:16:28.457866
INFO:Message received on topic: test/45 with payload size: 91 at 2024-12-09 09:16:31.150196 sent 2024-12-09 09:16:31.072091
INFO:Message received on topic: test/45 with payload size: 91 at 2024-12-09 09:16:33.865560 sent 2024-12-09 09:16:33.692673
INFO:Message received on topic: test/45 with payload size: 91 at 2024-12-09 09:16:36.384196 sent 2024-12-09 09:16:36.316061
INFO:Message received on topic: test/45 with payload size: 91 at 2024-12-09 09:16:39.078098 sent 2024-12-09 09:16:38.929319
INFO:Message received on topic: test/45 with payload size: 91 at 2024-12-09 09:16:41.689959 sent 2024-12-09 09:16:41.551234
INFO:Message received on topic: test/45 with payload size: 91 at 2024-12-09 09:16:44.175809 sent 2024-12-09 09:16:44.160965
INFO:Message received on topic: test/45 with payload size: 91 at 2024-12-09 09:16:46.788805 sent 2024-12-09 09:16:46.774542
INFO:Message received on topic: test/45 with payload size: 91 at 2024-12-09 09:16:49.487290 sent 2024-12-09 09:16:49.387857
INFO:Message received on topic: test/45 with payload size: 91 at 2024-12-09 09:16:52.062960 sent 2024-12-09 09:16:51.997028
INFO:Message received on topic: test/45 with payload size: 91 at 2024-12-09 09:16:54.668631 sent 2024-12-09 09:16:54.615536
INFO:Message received on topic: test/45 with payload size: 91 at 2024-12-09 09:16:57.271254 sent 2024-12-09 09:16:57.224970
INFO:Message received on topic: test/45 with payload size: 91 at 2024-12-09 09:16:59.966600 sent 2024-12-09 09:16:59.833150
INFO:Message received on topic: test/45 with payload size: 91 at 2024-12-09 09:17:02.483769 sent 2024-12-09 09:17:02.451798
INFO:Message received on topic: test/45 with payload size: 91 at 2024-12-09 09:17:05.082392 sent 2024-12-09 09:17:05.065349
INFO:Message received on topic: test/45 with payload size: 91 at 2024-12-09 09:17:07.695553 sent 2024-12-09 09:17:07.680537
INFO:Message received on topic: test/45 with payload size: 91 at 2024-12-09 09:17:10.371992 sent 2024-12-09 09:17:10.306108
INFO:Message received on topic: test/45 with payload size: 91 at 2024-12-09 09:17:12.968035 sent 2024-12-09 09:17:12.920567
INFO:Message received on topic: test/45 with payload size: 91 at 2024-12-09 09:17:15.670432 sent 2024-12-09 09:17:15.529544
INFO:Message received on topic: test/45 with payload size: 91 at 2024-12-09 09:17:18.180084 sent 2024-12-09 09:17:18.140762
INFO:Message received on topic: test/45 with payload size: 91 at 2024-12-09 09:17:20.786704 sent 2024-12-09 09:17:20.756421
INFO:Message received on topic: test/45 with payload size: 91 at 2024-12-09 09:17:23.395039 sent 2024-12-09 09:17:23.369111
INFO:Message received on topic: test/45 with payload size: 91 at 2024-12-09 09:17:26.092179 sent 2024-12-09 09:17:25.984950
INFO:Message received on topic: test/45 with payload size: 91 at 2024-12-09 09:17:28.688146 sent 2024-12-09 09:17:28.597012
INFO:Message received on topic: test/45 with payload size: 91 at 2024-12-09 09:17:31.269197 sent 2024-12-09 09:17:31.214725
INFO:Message received on topic: test/45 with payload size: 91 at 2024-12-09 09:17:33.987880 sent 2024-12-09 09:17:33.832767
INFO:Message received on topic: test/45 with payload size: 91 at 2024-12-09 09:17:36.490234 sent 2024-12-09 09:17:36.448046
INFO:Message received on topic: test/45 with payload size: 91 at 2024-12-09 09:17:39.080972 sent 2024-12-09 09:17:39.060357
INFO:Message received on topic: test/45 with payload size: 91 at 2024-12-09 09:17:41.693856 sent 2024-12-09 09:17:41.679220
INFO:Message received on topic: test/45 with payload size: 91 at 2024-12-09 09:17:44.378944 sent 2024-12-09 09:17:44.287713
INFO:Message received on topic: test/45 with payload size: 91 at 2024-12-09 09:17:46.986259 sent 2024-12-09 09:17:46.893908
INFO:Message received on topic: test/45 with payload size: 91 at 2024-12-09 09:17:49.653873 sent 2024-12-09 09:17:49.506889
INFO:Message received on topic: test/45 with payload size: 91 at 2024-12-09 09:17:52.191356 sent 2024-12-09 09:17:52.127798
INFO:Message received on topic: test/45 with payload size: 91 at 2024-12-09 09:17:54.793767 sent 2024-12-09 09:17:54.748407
INFO:Message received on topic: test/45 with payload size: 91 at 2024-12-09 09:17:57.463920 sent 2024-12-09 09:17:57.364553
INFO:Message received on topic: test/45 with payload size: 91 at 2024-12-09 09:18:00.081091 sent 2024-12-09 09:17:59.971728
INFO:Message received on topic: test/45 with payload size: 91 at 2024-12-09 09:18:02.677959 sent 2024-12-09 09:18:02.580977
INFO:Message received on topic: test/45 with payload size: 91 at 2024-12-09 09:18:05.301669 sent 2024-12-09 09:18:05.194530
INFO:Message received on topic: test/45 with payload size: 91 at 2024-12-09 09:18:07.884830 sent 2024-12-09 09:18:07.809478
INFO:Message received on topic: test/45 with payload size: 91 at 2024-12-09 09:18:10.468400 sent 2024-12-09 09:18:10.420932
INFO:Message received on topic: test/45 with payload size: 91 at 2024-12-09 09:18:13.190318 sent 2024-12-09 09:18:13.034888
INFO:Message received on topic: test/45 with payload size: 91 at 2024-12-09 09:18:15.678538 sent 2024-12-09 09:18:15.648254
INFO:Message received on topic: test/45 with payload size: 91 at 2024-12-09 09:18:18.292173 sent 2024-12-09 09:18:18.264276
INFO:Message received on topic: test/45 with payload size: 91 at 2024-12-09 09:18:20.979161 sent 2024-12-09 09:18:20.879141
INFO:Message received on topic: test/45 with payload size: 91 at 2024-12-09 09:18:23.582693 sent 2024-12-09 09:18:23.490437
INFO:Message received on topic: test/45 with payload size: 91 at 2024-12-09 09:18:26.177889 sent 2024-12-09 09:18:26.097182
INFO:Message received on topic: test/45 with payload size: 91 at 2024-12-09 09:18:28.762025 sent 2024-12-09 09:18:28.712263
INFO:Message received on topic: test/45 with payload size: 91 at 2024-12-09 09:18:31.452270 sent 2024-12-09 09:18:31.330175
INFO:Message received on topic: test/45 with payload size: 91 at 2024-12-09 09:18:34.081518 sent 2024-12-09 09:18:33.944917
INFO:Message received on topic: test/45 with payload size: 91 at 2024-12-09 09:18:36.657643 sent 2024-12-09 09:18:36.559228
INFO:Message received on topic: test/45 with payload size: 91 at 2024-12-09 09:18:39.460446 sent 2024-12-09 09:18:39.184654
INFO:Message received on topic: test/45 with payload size: 91 at 2024-12-09 09:18:41.956405 sent 2024-12-09 09:18:41.797571
INFO:Message received on topic: test/45 with payload size: 91 at 2024-12-09 09:18:44.467910 sent 2024-12-09 09:18:44.419255
INFO:Message received on topic: test/45 with payload size: 91 at 2024-12-09 09:18:47.178381 sent 2024-12-09 09:18:47.025832
INFO:Message received on topic: test/45 with payload size: 91 at 2024-12-09 09:18:49.670207 sent 2024-12-09 09:18:49.638951
INFO:Message received on topic: test/45 with payload size: 91 at 2024-12-09 09:18:52.373680 sent 2024-12-09 09:18:52.260535
INFO:Message received on topic: test/45 with payload size: 91 at 2024-12-09 09:18:55.158383 sent 2024-12-09 09:18:54.885018
INFO:Message received on topic: test/45 with payload size: 91 at 2024-12-09 09:18:57.576985 sent 2024-12-09 09:18:57.496556
INFO:Message received on topic: test/45 with payload size: 91 at 2024-12-09 09:19:00.258169 sent 2024-12-09 09:19:00.107790
INFO:Message received on topic: test/45 with payload size: 91 at 2024-12-09 09:19:02.779790 sent 2024-12-09 09:19:02.727672
INFO:Message received on topic: test/45 with payload size: 91 at 2024-12-09 09:19:05.461086 sent 2024-12-09 09:19:05.338689
INFO:Message received on topic: test/45 with payload size: 91 at 2024-12-09 09:19:07.980499 sent 2024-12-09 09:19:07.948952
INFO:Message received on topic: test/45 with payload size: 91 at 2024-12-09 09:19:10.658906 sent 2024-12-09 09:19:10.564004
INFO:Message received on topic: test/45 with payload size: 91 at 2024-12-09 09:19:13.262576 sent 2024-12-09 09:19:13.177474
INFO:Message received on topic: test/45 with payload size: 91 at 2024-12-09 09:19:15.864434 sent 2024-12-09 09:19:15.787854
INFO:Message received on topic: test/45 with payload size: 91 at 2024-12-09 09:19:18.480241 sent 2024-12-09 09:19:18.395060
INFO:Message received on topic: test/45 with payload size: 91 at 2024-12-09 09:19:21.153074 sent 2024-12-09 09:19:21.005682
INFO:Message received on topic: test/45 with payload size: 91 at 2024-12-09 09:19:23.673747 sent 2024-12-09 09:19:23.620254
INFO:Message received on topic: test/45 with payload size: 91 at 2024-12-09 09:19:26.255386 sent 2024-12-09 09:19:26.229131
INFO:Message received on topic: test/45 with payload size: 91 at 2024-12-09 09:19:28.869236 sent 2024-12-09 09:19:28.820087
INFO:Message received on topic: test/45 with payload size: 91 at 2024-12-09 09:19:31.462278 sent 2024-12-09 09:19:31.407861
INFO:Message received on topic: test/45 with payload size: 91 at 2024-12-09 09:19:34.074726 sent 2024-12-09 09:19:34.009226
INFO:Message received on topic: test/45 with payload size: 91 at 2024-12-09 09:19:36.783626 sent 2024-12-09 09:19:36.594257
INFO:Message received on topic: test/45 with payload size: 91 at 2024-12-09 09:19:39.269315 sent 2024-12-09 09:19:39.197070
INFO:Message received on topic: test/45 with payload size: 91 at 2024-12-09 09:19:41.903291 sent 2024-12-09 09:19:41.816506
INFO:Message received on topic: test/45 with payload size: 91 at 2024-12-09 09:19:44.551656 sent 2024-12-09 09:19:44.432579
INFO:Message received on topic: test/45 with payload size: 91 at 2024-12-09 09:19:47.162108 sent 2024-12-09 09:19:47.040277
INFO:Message received on topic: test/45 with payload size: 91 at 2024-12-09 09:19:49.771978 sent 2024-12-09 09:19:49.649089
INFO:Message received on topic: test/45 with payload size: 91 at 2024-12-09 09:19:52.370454 sent 2024-12-09 09:19:52.261073
INFO:Message received on topic: test/45 with payload size: 91 at 2024-12-09 09:19:54.969563 sent 2024-12-09 09:19:54.875027
INFO:Message received on topic: test/45 with payload size: 91 at 2024-12-09 09:19:57.582231 sent 2024-12-09 09:19:57.485098
INFO:Message received on topic: test/45 with payload size: 91 at 2024-12-09 09:20:00.179075 sent 2024-12-09 09:20:00.093377
INFO:Message received on topic: test/45 with payload size: 91 at 2024-12-09 09:20:02.762454 sent 2024-12-09 09:20:02.705627
INFO:Message received on topic: test/45 with payload size: 91 at 2024-12-09 09:20:05.382665 sent 2024-12-09 09:20:05.316280
INFO:Message received on topic: test/45 with payload size: 91 at 2024-12-09 09:20:07.988437 sent 2024-12-09 09:20:07.929253
INFO:Message received on topic: test/45 with payload size: 91 at 2024-12-09 09:20:10.655424 sent 2024-12-09 09:20:10.536006
INFO:Message received on topic: test/45 with payload size: 91 at 2024-12-09 09:20:13.264197 sent 2024-12-09 09:20:13.147098
INFO:Message received on topic: test/45 with payload size: 91 at 2024-12-09 09:20:15.864054 sent 2024-12-09 09:20:15.754905
INFO:Message received on topic: test/45 with payload size: 91 at 2024-12-09 09:20:18.488839 sent 2024-12-09 09:20:18.360686
INFO:Message received on topic: test/45 with payload size: 91 at 2024-12-09 09:20:21.057586 sent 2024-12-09 09:20:20.975229
INFO:Message received on topic: test/45 with payload size: 91 at 2024-12-09 09:20:23.659699 sent 2024-12-09 09:20:23.589647
INFO:Message received on topic: test/45 with payload size: 91 at 2024-12-09 09:20:26.366141 sent 2024-12-09 09:20:26.197913
INFO:Message received on topic: test/45 with payload size: 91 at 2024-12-09 09:20:28.870571 sent 2024-12-09 09:20:28.813587
INFO:Message received on topic: test/45 with payload size: 91 at 2024-12-09 09:20:31.550354 sent 2024-12-09 09:20:31.421857
INFO:Message received on topic: test/45 with payload size: 91 at 2024-12-09 09:20:34.174281 sent 2024-12-09 09:20:34.036121
INFO:Message received on topic: test/45 with payload size: 91 at 2024-12-09 09:20:36.863244 sent 2024-12-09 09:20:36.648590
INFO:Message received on topic: test/45 with payload size: 91 at 2024-12-09 09:20:39.360076 sent 2024-12-09 09:20:39.262169
INFO:Message received on topic: test/45 with payload size: 91 at 2024-12-09 09:20:41.956621 sent 2024-12-09 09:20:41.870156
INFO:Message received on topic: test/45 with payload size: 91 at 2024-12-09 09:20:44.593526 sent 2024-12-09 09:20:44.492314
INFO:Message received on topic: test/45 with payload size: 91 at 2024-12-09 09:20:47.264296 sent 2024-12-09 09:20:47.104208
INFO:Message received on topic: test/45 with payload size: 91 at 2024-12-09 09:20:49.880975 sent 2024-12-09 09:20:49.714900
INFO:Message received on topic: test/45 with payload size: 91 at 2024-12-09 09:20:52.461901 sent 2024-12-09 09:20:52.323976
INFO:Message received on topic: test/45 with payload size: 91 at 2024-12-09 09:20:54.985390 sent 2024-12-09 09:20:54.941420
INFO:Message received on topic: test/45 with payload size: 91 at 2024-12-09 09:20:57.686125 sent 2024-12-09 09:20:57.559629
INFO:Message received on topic: test/45 with payload size: 91 at 2024-12-09 09:21:00.278835 sent 2024-12-09 09:21:00.174558
INFO:Message received on topic: test/45 with payload size: 91 at 2024-12-09 09:21:02.964546 sent 2024-12-09 09:21:02.798718
INFO:Message received on topic: test/45 with payload size: 91 at 2024-12-09 09:21:05.568225 sent 2024-12-09 09:21:05.406584
INFO:Message received on topic: test/45 with payload size: 91 at 2024-12-09 09:21:08.162824 sent 2024-12-09 09:21:08.024372
INFO:Message received on topic: test/45 with payload size: 91 at 2024-12-09 09:21:10.781554 sent 2024-12-09 09:21:10.640563
INFO:Message received on topic: test/45 with payload size: 91 at 2024-12-09 09:21:13.362582 sent 2024-12-09 09:21:13.252433
INFO:Message received on topic: test/45 with payload size: 91 at 2024-12-09 09:21:15.957829 sent 2024-12-09 09:21:15.862496
INFO:Message received on topic: test/45 with payload size: 91 at 2024-12-09 09:21:18.598969 sent 2024-12-09 09:21:18.474005
INFO:Message received on topic: test/45 with payload size: 91 at 2024-12-09 09:21:21.192074 sent 2024-12-09 09:21:21.088947
INFO:Message received on topic: test/45 with payload size: 91 at 2024-12-09 09:21:23.795130 sent 2024-12-09 09:21:23.697509
INFO:Message received on topic: test/45 with payload size: 91 at 2024-12-09 09:21:26.463825 sent 2024-12-09 09:21:26.302673
INFO:Message received on topic: test/45 with payload size: 91 at 2024-12-09 09:21:29.279219 sent 2024-12-09 09:21:28.916168
INFO:Message received on topic: test/45 with payload size: 91 at 2024-12-09 09:21:31.674469 sent 2024-12-09 09:21:31.542960
INFO:Message received on topic: test/45 with payload size: 91 at 2024-12-09 09:21:34.291011 sent 2024-12-09 09:21:34.158231
INFO:Message received on topic: test/45 with payload size: 91 at 2024-12-09 09:21:36.879031 sent 2024-12-09 09:21:36.768534
INFO:Message received on topic: test/45 with payload size: 91 at 2024-12-09 09:21:39.473115 sent 2024-12-09 09:21:39.379844
INFO:Message received on topic: test/45 with payload size: 91 at 2024-12-09 09:21:42.159269 sent 2024-12-09 09:21:41.988032
INFO:Message received on topic: test/45 with payload size: 91 at 2024-12-09 09:21:44.702372 sent 2024-12-09 09:21:44.596968
INFO:Message received on topic: test/45 with payload size: 91 at 2024-12-09 09:21:47.355047 sent 2024-12-09 09:21:47.217653
INFO:Message received on topic: test/45 with payload size: 91 at 2024-12-09 09:21:49.957011 sent 2024-12-09 09:21:49.833948
INFO:Message received on topic: test/45 with payload size: 91 at 2024-12-09 09:21:52.578539 sent 2024-12-09 09:21:52.453212
INFO:Message received on topic: test/45 with payload size: 91 at 2024-12-09 09:21:55.358845 sent 2024-12-09 09:21:55.071535
INFO:Message received on topic: test/45 with payload size: 91 at 2024-12-09 09:21:57.853078 sent 2024-12-09 09:21:57.680920
INFO:Message received on topic: test/45 with payload size: 91 at 2024-12-09 09:22:00.678048 sent 2024-12-09 09:22:00.297754
INFO:Message received on topic: test/45 with payload size: 91 at 2024-12-09 09:22:02.984996 sent 2024-12-09 09:22:02.907137
INFO:Message received on topic: test/45 with payload size: 91 at 2024-12-09 09:22:05.685157 sent 2024-12-09 09:22:05.522538
INFO:Message received on topic: test/45 with payload size: 91 at 2024-12-09 09:22:08.168027 sent 2024-12-09 09:22:08.130807
INFO:Message received on topic: test/45 with payload size: 91 at 2024-12-09 09:22:10.790395 sent 2024-12-09 09:22:10.748173
INFO:Message received on topic: test/45 with payload size: 91 at 2024-12-09 09:22:13.468252 sent 2024-12-09 09:22:13.361590
INFO:Message received on topic: test/45 with payload size: 91 at 2024-12-09 09:22:16.065908 sent 2024-12-09 09:22:15.973742
INFO:Message received on topic: test/45 with payload size: 91 at 2024-12-09 09:22:18.756486 sent 2024-12-09 09:22:18.581421
INFO:Message received on topic: test/45 with payload size: 91 at 2024-12-09 09:22:21.271233 sent 2024-12-09 09:22:21.193947
INFO:Message received on topic: test/45 with payload size: 91 at 2024-12-09 09:22:23.872799 sent 2024-12-09 09:22:23.808749
INFO:Message received on topic: test/45 with payload size: 91 at 2024-12-09 09:22:26.570035 sent 2024-12-09 09:22:26.414489
INFO:Message received on topic: test/45 with payload size: 91 at 2024-12-09 09:22:29.173231 sent 2024-12-09 09:22:29.028003
INFO:Message received on topic: test/45 with payload size: 91 at 2024-12-09 09:22:31.779178 sent 2024-12-09 09:22:31.641652
INFO:Message received on topic: test/45 with payload size: 91 at 2024-12-09 09:22:34.361487 sent 2024-12-09 09:22:34.250791
INFO:Message received on topic: test/45 with payload size: 91 at 2024-12-09 09:22:36.970643 sent 2024-12-09 09:22:36.862449
INFO:Message received on topic: test/45 with payload size: 91 at 2024-12-09 09:22:39.591198 sent 2024-12-09 09:22:39.477351
INFO:Message received on topic: test/45 with payload size: 91 at 2024-12-09 09:22:42.182320 sent 2024-12-09 09:22:42.087862
INFO:Message received on topic: test/45 with payload size: 91 at 2024-12-09 09:22:44.777611 sent 2024-12-09 09:22:44.699993
INFO:Message received on topic: test/45 with payload size: 91 at 2024-12-09 09:22:47.468660 sent 2024-12-09 09:22:47.312247
INFO:Message received on topic: test/45 with payload size: 91 at 2024-12-09 09:22:50.056927 sent 2024-12-09 09:22:49.924257
INFO:Message received on topic: test/45 with payload size: 91 at 2024-12-09 09:22:52.573247 sent 2024-12-09 09:22:52.536033
INFO:Message received on topic: test/45 with payload size: 91 at 2024-12-09 09:22:55.287661 sent 2024-12-09 09:22:55.143787
INFO:Message received on topic: test/45 with payload size: 91 at 2024-12-09 09:22:57.788498 sent 2024-12-09 09:22:57.749360
INFO:Message received on topic: test/45 with payload size: 91 at 2024-12-09 09:23:00.474519 sent 2024-12-09 09:23:00.360111
INFO:Message received on topic: test/45 with payload size: 91 at 2024-12-09 09:23:03.072480 sent 2024-12-09 09:23:02.967659
INFO:Message received on topic: test/45 with payload size: 91 at 2024-12-09 09:23:05.675181 sent 2024-12-09 09:23:05.577416
INFO:Message received on topic: test/45 with payload size: 91 at 2024-12-09 09:23:08.259774 sent 2024-12-09 09:23:08.184761
INFO:Message received on topic: test/45 with payload size: 91 at 2024-12-09 09:23:10.871443 sent 2024-12-09 09:23:10.796990
INFO:Message received on topic: test/45 with payload size: 91 at 2024-12-09 09:23:13.467526 sent 2024-12-09 09:23:13.410153
INFO:Message received on topic: test/45 with payload size: 91 at 2024-12-09 09:23:16.066636 sent 2024-12-09 09:23:16.015647
INFO:Message received on topic: test/45 with payload size: 91 at 2024-12-09 09:23:18.663026 sent 2024-12-09 09:23:18.626120
INFO:Message received on topic: test/45 with payload size: 91 at 2024-12-09 09:23:21.359698 sent 2024-12-09 09:23:21.233368
INFO:Message received on topic: test/45 with payload size: 91 at 2024-12-09 09:23:23.892067 sent 2024-12-09 09:23:23.847426
INFO:Message received on topic: test/45 with payload size: 91 at 2024-12-09 09:23:26.559837 sent 2024-12-09 09:23:26.453063
INFO:Message received on topic: test/45 with payload size: 91 at 2024-12-09 09:23:29.181291 sent 2024-12-09 09:23:29.068433
INFO:Message received on topic: test/45 with payload size: 91 at 2024-12-09 09:23:31.771825 sent 2024-12-09 09:23:31.682173
INFO:Message received on topic: test/45 with payload size: 91 at 2024-12-09 09:23:34.365824 sent 2024-12-09 09:23:34.289474
INFO:Message received on topic: test/45 with payload size: 91 at 2024-12-09 09:23:36.992556 sent 2024-12-09 09:23:36.899980
INFO:Message received on topic: test/45 with payload size: 91 at 2024-12-09 09:23:39.563675 sent 2024-12-09 09:23:39.508982
INFO:Message received on topic: test/45 with payload size: 91 at 2024-12-09 09:23:42.170042 sent 2024-12-09 09:23:42.117585
INFO:Message received on topic: test/45 with payload size: 91 at 2024-12-09 09:23:44.762110 sent 2024-12-09 09:23:44.724287
INFO:Message received on topic: test/45 with payload size: 91 at 2024-12-09 09:23:47.451295 sent 2024-12-09 09:23:47.330514
INFO:Message received on topic: test/45 with payload size: 91 at 2024-12-09 09:23:49.982401 sent 2024-12-09 09:23:49.939688
INFO:Message received on topic: test/45 with payload size: 91 at 2024-12-09 09:23:52.561799 sent 2024-12-09 09:23:52.545771
INFO:Message received on topic: test/45 with payload size: 91 at 2024-12-09 09:23:55.169580 sent 2024-12-09 09:23:55.154200
INFO:Message received on topic: test/45 with payload size: 91 at 2024-12-09 09:23:57.777536 sent 2024-12-09 09:23:57.763234
INFO:Message received on topic: test/45 with payload size: 91 at 2024-12-09 09:24:00.456491 sent 2024-12-09 09:24:00.367007
INFO:Message received on topic: test/45 with payload size: 91 at 2024-12-09 09:24:02.990550 sent 2024-12-09 09:24:02.976161
INFO:Message received on topic: test/45 with payload size: 91 at 2024-12-09 09:24:05.659718 sent 2024-12-09 09:24:05.582833
INFO:Message received on topic: test/45 with payload size: 91 at 2024-12-09 09:24:08.277216 sent 2024-12-09 09:24:08.188476
INFO:Message received on topic: test/45 with payload size: 91 at 2024-12-09 09:24:10.870506 sent 2024-12-09 09:24:10.791770
INFO:Message received on topic: test/45 with payload size: 91 at 2024-12-09 09:24:13.470653 sent 2024-12-09 09:24:13.399511
INFO:Message received on topic: test/45 with payload size: 91 at 2024-12-09 09:24:16.078553 sent 2024-12-09 09:24:16.006848
INFO:Message received on topic: test/45 with payload size: 91 at 2024-12-09 09:24:18.659975 sent 2024-12-09 09:24:18.619735
INFO:Message received on topic: test/45 with payload size: 91 at 2024-12-09 09:24:21.264664 sent 2024-12-09 09:24:21.230141
INFO:Message received on topic: test/45 with payload size: 91 at 2024-12-09 09:24:23.885473 sent 2024-12-09 09:24:23.834961
INFO:Message received on topic: test/45 with payload size: 91 at 2024-12-09 09:24:26.469828 sent 2024-12-09 09:24:26.442669
INFO:Message received on topic: test/45 with payload size: 91 at 2024-12-09 09:24:29.162768 sent 2024-12-09 09:24:29.045187
INFO:Message received on topic: test/45 with payload size: 91 at 2024-12-09 09:24:31.675922 sent 2024-12-09 09:24:31.650672
INFO:Message received on topic: test/45 with payload size: 91 at 2024-12-09 09:24:34.353978 sent 2024-12-09 09:24:34.255281
INFO:Message received on topic: test/45 with payload size: 91 at 2024-12-09 09:24:36.950138 sent 2024-12-09 09:24:36.859836
INFO:Message received on topic: test/45 with payload size: 91 at 2024-12-09 09:24:39.479455 sent 2024-12-09 09:24:39.466672
INFO:Message received on topic: test/45 with payload size: 91 at 2024-12-09 09:24:42.076560 sent 2024-12-09 09:24:42.068921
INFO:Message received on topic: test/45 with payload size: 91 at 2024-12-09 09:24:44.751913 sent 2024-12-09 09:24:44.669052
INFO:Message received on topic: test/45 with payload size: 91 at 2024-12-09 09:24:47.352419 sent 2024-12-09 09:24:47.270039
INFO:Message received on topic: test/45 with payload size: 91 at 2024-12-09 09:24:49.955819 sent 2024-12-09 09:24:49.875044
