INFO:Starting Version 1.0.5
DEBUG:Using selector: EpollSelector
INFO:Connecting to cluster at: mqtt-quic://emqx-headless.dtwins:14567 using QUIC
INFO:Subscribed to topic: test/18
INFO:Logging each: 50
INFO:Unhandled packet type received
INFO:Message received on topic: test/18 with payload size: 91 at 2024-12-09 09:14:47.071413 sent 2024-12-09 09:14:47.000633
INFO:Message received on topic: test/18 with payload size: 91 at 2024-12-09 09:14:49.654122 sent 2024-12-09 09:14:49.600272
INFO:Message received on topic: test/18 with payload size: 91 at 2024-12-09 09:14:52.255457 sent 2024-12-09 09:14:52.200447
INFO:Message received on topic: test/18 with payload size: 91 at 2024-12-09 09:14:54.853908 sent 2024-12-09 09:14:54.804169
INFO:Message received on topic: test/18 with payload size: 91 at 2024-12-09 09:14:57.458357 sent 2024-12-09 09:14:57.404577
INFO:Message received on topic: test/18 with payload size: 91 at 2024-12-09 09:15:00.060898 sent 2024-12-09 09:15:00.004615
INFO:Message received on topic: test/18 with payload size: 91 at 2024-12-09 09:15:02.658646 sent 2024-12-09 09:15:02.608861
INFO:Message received on topic: test/18 with payload size: 91 at 2024-12-09 09:15:05.257157 sent 2024-12-09 09:15:05.208893
INFO:Message received on topic: test/18 with payload size: 91 at 2024-12-09 09:15:07.860992 sent 2024-12-09 09:15:07.807852
INFO:Message received on topic: test/18 with payload size: 91 at 2024-12-09 09:15:10.455744 sent 2024-12-09 09:15:10.405535
INFO:Message received on topic: test/18 with payload size: 91 at 2024-12-09 09:15:13.061465 sent 2024-12-09 09:15:13.004973
INFO:Message received on topic: test/18 with payload size: 91 at 2024-12-09 09:15:15.665027 sent 2024-12-09 09:15:15.605536
INFO:Message received on topic: test/18 with payload size: 91 at 2024-12-09 09:15:18.255899 sent 2024-12-09 09:15:18.205464
INFO:Message received on topic: test/18 with payload size: 91 at 2024-12-09 09:15:20.867805 sent 2024-12-09 09:15:20.806430
INFO:Message received on topic: test/18 with payload size: 91 at 2024-12-09 09:15:23.465108 sent 2024-12-09 09:15:23.409156
INFO:Message received on topic: test/18 with payload size: 91 at 2024-12-09 09:15:26.060878 sent 2024-12-09 09:15:26.007449
INFO:Message received on topic: test/18 with payload size: 91 at 2024-12-09 09:15:28.674779 sent 2024-12-09 09:15:28.609208
INFO:Message received on topic: test/18 with payload size: 91 at 2024-12-09 09:15:31.255517 sent 2024-12-09 09:15:31.212476
INFO:Message received on topic: test/18 with payload size: 91 at 2024-12-09 09:15:33.885314 sent 2024-12-09 09:15:33.814943
INFO:Message received on topic: test/18 with payload size: 91 at 2024-12-09 09:15:36.467805 sent 2024-12-09 09:15:36.418975
INFO:Message received on topic: test/18 with payload size: 91 at 2024-12-09 09:15:39.064586 sent 2024-12-09 09:15:39.026204
INFO:Message received on topic: test/18 with payload size: 91 at 2024-12-09 09:15:41.696013 sent 2024-12-09 09:15:41.631658
INFO:Message received on topic: test/18 with payload size: 91 at 2024-12-09 09:15:44.376552 sent 2024-12-09 09:15:44.234304
INFO:Message received on topic: test/18 with payload size: 91 at 2024-12-09 09:15:46.976732 sent 2024-12-09 09:15:46.837385
INFO:Message received on topic: test/18 with payload size: 91 at 2024-12-09 09:15:49.490557 sent 2024-12-09 09:15:49.442918
INFO:Message received on topic: test/18 with payload size: 91 at 2024-12-09 09:15:52.071144 sent 2024-12-09 09:15:52.052078
INFO:Message received on topic: test/18 with payload size: 91 at 2024-12-09 09:15:54.674549 sent 2024-12-09 09:15:54.661973
INFO:Message received on topic: test/18 with payload size: 91 at 2024-12-09 09:15:57.288552 sent 2024-12-09 09:15:57.271972
INFO:Message received on topic: test/18 with payload size: 91 at 2024-12-09 09:15:59.950994 sent 2024-12-09 09:15:59.874871
INFO:Message received on topic: test/18 with payload size: 91 at 2024-12-09 09:16:02.552545 sent 2024-12-09 09:16:02.485130
INFO:Message received on topic: test/18 with payload size: 91 at 2024-12-09 09:16:05.182951 sent 2024-12-09 09:16:05.088585
INFO:Message received on topic: test/18 with payload size: 91 at 2024-12-09 09:16:07.794681 sent 2024-12-09 09:16:07.694639
INFO:Message received on topic: test/18 with payload size: 91 at 2024-12-09 09:16:10.355198 sent 2024-12-09 09:16:10.295839
INFO:Message received on topic: test/18 with payload size: 91 at 2024-12-09 09:16:12.973869 sent 2024-12-09 09:16:12.901136
INFO:Message received on topic: test/18 with payload size: 91 at 2024-12-09 09:16:15.582997 sent 2024-12-09 09:16:15.506091
INFO:Message received on topic: test/18 with payload size: 91 at 2024-12-09 09:16:18.167305 sent 2024-12-09 09:16:18.111564
INFO:Message received on topic: test/18 with payload size: 91 at 2024-12-09 09:16:20.786036 sent 2024-12-09 09:16:20.718283
INFO:Message received on topic: test/18 with payload size: 91 at 2024-12-09 09:16:23.394000 sent 2024-12-09 09:16:23.321818
INFO:Message received on topic: test/18 with payload size: 91 at 2024-12-09 09:16:26.052533 sent 2024-12-09 09:16:25.930261
INFO:Message received on topic: test/18 with payload size: 91 at 2024-12-09 09:16:28.592680 sent 2024-12-09 09:16:28.530764
INFO:Message received on topic: test/18 with payload size: 91 at 2024-12-09 09:16:31.178984 sent 2024-12-09 09:16:31.139084
INFO:Message received on topic: test/18 with payload size: 91 at 2024-12-09 09:16:33.775773 sent 2024-12-09 09:16:33.748923
INFO:Message received on topic: test/18 with payload size: 91 at 2024-12-09 09:16:36.457442 sent 2024-12-09 09:16:36.374749
INFO:Message received on topic: test/18 with payload size: 91 at 2024-12-09 09:16:39.152792 sent 2024-12-09 09:16:38.994763
INFO:Message received on topic: test/18 with payload size: 91 at 2024-12-09 09:16:41.692937 sent 2024-12-09 09:16:41.612636
INFO:Message received on topic: test/18 with payload size: 91 at 2024-12-09 09:16:44.372721 sent 2024-12-09 09:16:44.233938
INFO:Message received on topic: test/18 with payload size: 91 at 2024-12-09 09:16:46.967518 sent 2024-12-09 09:16:46.843580
INFO:Message received on topic: test/18 with payload size: 91 at 2024-12-09 09:16:49.489050 sent 2024-12-09 09:16:49.452283
INFO:Message received on topic: test/18 with payload size: 91 at 2024-12-09 09:16:52.092779 sent 2024-12-09 09:16:52.066300
INFO:Message received on topic: test/18 with payload size: 91 at 2024-12-09 09:16:54.760476 sent 2024-12-09 09:16:54.687569
INFO:Message received on topic: test/18 with payload size: 91 at 2024-12-09 09:16:57.362581 sent 2024-12-09 09:16:57.302122
INFO:Message received on topic: test/18 with payload size: 91 at 2024-12-09 09:16:59.970646 sent 2024-12-09 09:16:59.908772
INFO:Message received on topic: test/18 with payload size: 91 at 2024-12-09 09:17:02.566305 sent 2024-12-09 09:17:02.526982
INFO:Message received on topic: test/18 with payload size: 91 at 2024-12-09 09:17:05.175743 sent 2024-12-09 09:17:05.158296
INFO:Message received on topic: test/18 with payload size: 91 at 2024-12-09 09:17:07.794935 sent 2024-12-09 09:17:07.778777
INFO:Message received on topic: test/18 with payload size: 91 at 2024-12-09 09:17:10.471057 sent 2024-12-09 09:17:10.410172
INFO:Message received on topic: test/18 with payload size: 91 at 2024-12-09 09:17:13.079012 sent 2024-12-09 09:17:13.037873
INFO:Message received on topic: test/18 with payload size: 91 at 2024-12-09 09:17:15.670286 sent 2024-12-09 09:17:15.655748
INFO:Message received on topic: test/18 with payload size: 91 at 2024-12-09 09:17:18.294226 sent 2024-12-09 09:17:18.275550
INFO:Message received on topic: test/18 with payload size: 91 at 2024-12-09 09:17:20.959654 sent 2024-12-09 09:17:20.887985
INFO:Message received on topic: test/18 with payload size: 91 at 2024-12-09 09:17:23.568793 sent 2024-12-09 09:17:23.500652
INFO:Message received on topic: test/18 with payload size: 91 at 2024-12-09 09:17:26.178426 sent 2024-12-09 09:17:26.111827
INFO:Message received on topic: test/18 with payload size: 91 at 2024-12-09 09:17:28.771747 sent 2024-12-09 09:17:28.727992
INFO:Message received on topic: test/18 with payload size: 91 at 2024-12-09 09:17:31.377929 sent 2024-12-09 09:17:31.346173
INFO:Message received on topic: test/18 with payload size: 91 at 2024-12-09 09:17:34.076073 sent 2024-12-09 09:17:33.967724
INFO:Message received on topic: test/18 with payload size: 91 at 2024-12-09 09:17:36.694128 sent 2024-12-09 09:17:36.590284
INFO:Message received on topic: test/18 with payload size: 91 at 2024-12-09 09:17:39.267367 sent 2024-12-09 09:17:39.211011
INFO:Message received on topic: test/18 with payload size: 91 at 2024-12-09 09:17:42.059575 sent 2024-12-09 09:17:41.835634
INFO:Message received on topic: test/18 with payload size: 91 at 2024-12-09 09:17:44.486937 sent 2024-12-09 09:17:44.450883
INFO:Message received on topic: test/18 with payload size: 91 at 2024-12-09 09:17:47.160076 sent 2024-12-09 09:17:47.059157
INFO:Message received on topic: test/18 with payload size: 91 at 2024-12-09 09:17:49.684721 sent 2024-12-09 09:17:49.672389
INFO:Message received on topic: test/18 with payload size: 91 at 2024-12-09 09:17:52.383237 sent 2024-12-09 09:17:52.286890
INFO:Message received on topic: test/18 with payload size: 91 at 2024-12-09 09:17:54.969155 sent 2024-12-09 09:17:54.904622
INFO:Message received on topic: test/18 with payload size: 91 at 2024-12-09 09:17:57.581272 sent 2024-12-09 09:17:57.517037
INFO:Message received on topic: test/18 with payload size: 91 at 2024-12-09 09:18:00.169278 sent 2024-12-09 09:18:00.126532
INFO:Message received on topic: test/18 with payload size: 91 at 2024-12-09 09:18:03.000693 sent 2024-12-09 09:18:02.735990
INFO:Message received on topic: test/18 with payload size: 91 at 2024-12-09 09:18:05.382070 sent 2024-12-09 09:18:05.346310
INFO:Message received on topic: test/18 with payload size: 91 at 2024-12-09 09:18:08.070826 sent 2024-12-09 09:18:07.968578
INFO:Message received on topic: test/18 with payload size: 91 at 2024-12-09 09:18:10.675094 sent 2024-12-09 09:18:10.583507
INFO:Message received on topic: test/18 with payload size: 91 at 2024-12-09 09:18:13.289143 sent 2024-12-09 09:18:13.193286
INFO:Message received on topic: test/18 with payload size: 91 at 2024-12-09 09:18:15.968946 sent 2024-12-09 09:18:15.811608
INFO:Message received on topic: test/18 with payload size: 91 at 2024-12-09 09:18:18.549286 sent 2024-12-09 09:18:18.422810
INFO:Message received on topic: test/18 with payload size: 91 at 2024-12-09 09:18:21.192721 sent 2024-12-09 09:18:21.046286
INFO:Message received on topic: test/18 with payload size: 91 at 2024-12-09 09:18:23.751604 sent 2024-12-09 09:18:23.666909
INFO:Message received on topic: test/18 with payload size: 91 at 2024-12-09 09:18:26.360539 sent 2024-12-09 09:18:26.286304
INFO:Message received on topic: test/18 with payload size: 91 at 2024-12-09 09:18:28.987655 sent 2024-12-09 09:18:28.907700
INFO:Message received on topic: test/18 with payload size: 91 at 2024-12-09 09:18:31.574043 sent 2024-12-09 09:18:31.526949
INFO:Message received on topic: test/18 with payload size: 91 at 2024-12-09 09:18:34.198947 sent 2024-12-09 09:18:34.138200
INFO:Message received on topic: test/18 with payload size: 91 at 2024-12-09 09:18:36.866233 sent 2024-12-09 09:18:36.746070
INFO:Message received on topic: test/18 with payload size: 91 at 2024-12-09 09:18:39.398813 sent 2024-12-09 09:18:39.362371
INFO:Message received on topic: test/18 with payload size: 91 at 2024-12-09 09:18:42.064236 sent 2024-12-09 09:18:41.977734
INFO:Message received on topic: test/18 with payload size: 91 at 2024-12-09 09:18:44.681610 sent 2024-12-09 09:18:44.591187
INFO:Message received on topic: test/18 with payload size: 91 at 2024-12-09 09:18:47.274534 sent 2024-12-09 09:18:47.200918
INFO:Message received on topic: test/18 with payload size: 91 at 2024-12-09 09:18:49.960058 sent 2024-12-09 09:18:49.811579
INFO:Message received on topic: test/18 with payload size: 91 at 2024-12-09 09:18:52.491679 sent 2024-12-09 09:18:52.421967
INFO:Message received on topic: test/18 with payload size: 91 at 2024-12-09 09:18:55.282313 sent 2024-12-09 09:18:55.036139
INFO:Message received on topic: test/18 with payload size: 91 at 2024-12-09 09:18:57.758657 sent 2024-12-09 09:18:57.662000
INFO:Message received on topic: test/18 with payload size: 91 at 2024-12-09 09:19:00.354882 sent 2024-12-09 09:19:00.272035
INFO:Message received on topic: test/18 with payload size: 91 at 2024-12-09 09:19:03.055109 sent 2024-12-09 09:19:02.887202
INFO:Message received on topic: test/18 with payload size: 91 at 2024-12-09 09:19:05.568001 sent 2024-12-09 09:19:05.508102
INFO:Message received on topic: test/18 with payload size: 91 at 2024-12-09 09:19:08.279976 sent 2024-12-09 09:19:08.121024
INFO:Message received on topic: test/18 with payload size: 91 at 2024-12-09 09:19:10.862850 sent 2024-12-09 09:19:10.738030
INFO:Message received on topic: test/18 with payload size: 91 at 2024-12-09 09:19:13.383416 sent 2024-12-09 09:19:13.345844
INFO:Message received on topic: test/18 with payload size: 91 at 2024-12-09 09:19:16.054975 sent 2024-12-09 09:19:15.959942
INFO:Message received on topic: test/18 with payload size: 91 at 2024-12-09 09:19:18.674866 sent 2024-12-09 09:19:18.572151
INFO:Message received on topic: test/18 with payload size: 91 at 2024-12-09 09:19:21.254557 sent 2024-12-09 09:19:21.187240
INFO:Message received on topic: test/18 with payload size: 91 at 2024-12-09 09:19:23.880431 sent 2024-12-09 09:19:23.798723
INFO:Message received on topic: test/18 with payload size: 91 at 2024-12-09 09:19:26.478693 sent 2024-12-09 09:19:26.411057
INFO:Message received on topic: test/18 with payload size: 91 at 2024-12-09 09:19:29.073196 sent 2024-12-09 09:19:29.012216
INFO:Message received on topic: test/18 with payload size: 91 at 2024-12-09 09:19:31.761796 sent 2024-12-09 09:19:31.602287
INFO:Message received on topic: test/18 with payload size: 91 at 2024-12-09 09:19:34.449633 sent 2024-12-09 09:19:34.195050
INFO:Message received on topic: test/18 with payload size: 91 at 2024-12-09 09:19:36.952863 sent 2024-12-09 09:19:36.780636
INFO:Message received on topic: test/18 with payload size: 91 at 2024-12-09 09:19:39.481271 sent 2024-12-09 09:19:39.389619
INFO:Message received on topic: test/18 with payload size: 91 at 2024-12-09 09:19:42.064520 sent 2024-12-09 09:19:42.016264
INFO:Message received on topic: test/18 with payload size: 91 at 2024-12-09 09:19:44.688599 sent 2024-12-09 09:19:44.631862
INFO:Message received on topic: test/18 with payload size: 91 at 2024-12-09 09:19:47.380914 sent 2024-12-09 09:19:47.236882
INFO:Message received on topic: test/18 with payload size: 91 at 2024-12-09 09:19:49.983383 sent 2024-12-09 09:19:49.848629
INFO:Message received on topic: test/18 with payload size: 91 at 2024-12-09 09:19:52.503113 sent 2024-12-09 09:19:52.461487
INFO:Message received on topic: test/18 with payload size: 91 at 2024-12-09 09:19:55.257529 sent 2024-12-09 09:19:55.077340
INFO:Message received on topic: test/18 with payload size: 91 at 2024-12-09 09:19:57.867473 sent 2024-12-09 09:19:57.687739
INFO:Message received on topic: test/18 with payload size: 91 at 2024-12-09 09:20:00.390794 sent 2024-12-09 09:20:00.295831
INFO:Message received on topic: test/18 with payload size: 91 at 2024-12-09 09:20:03.070603 sent 2024-12-09 09:20:02.914538
INFO:Message received on topic: test/18 with payload size: 91 at 2024-12-09 09:20:05.576857 sent 2024-12-09 09:20:05.528867
INFO:Message received on topic: test/18 with payload size: 91 at 2024-12-09 09:20:08.261248 sent 2024-12-09 09:20:08.142262
INFO:Message received on topic: test/18 with payload size: 91 at 2024-12-09 09:20:10.785698 sent 2024-12-09 09:20:10.756494
INFO:Message received on topic: test/18 with payload size: 91 at 2024-12-09 09:20:13.461397 sent 2024-12-09 09:20:13.368518
INFO:Message received on topic: test/18 with payload size: 91 at 2024-12-09 09:20:16.053041 sent 2024-12-09 09:20:15.980127
INFO:Message received on topic: test/18 with payload size: 91 at 2024-12-09 09:20:18.692278 sent 2024-12-09 09:20:18.591141
INFO:Message received on topic: test/18 with payload size: 91 at 2024-12-09 09:20:21.357647 sent 2024-12-09 09:20:21.210196
INFO:Message received on topic: test/18 with payload size: 91 at 2024-12-09 09:20:23.967674 sent 2024-12-09 09:20:23.823658
INFO:Message received on topic: test/18 with payload size: 91 at 2024-12-09 09:20:26.552597 sent 2024-12-09 09:20:26.427762
INFO:Message received on topic: test/18 with payload size: 91 at 2024-12-09 09:20:29.152675 sent 2024-12-09 09:20:29.046975
INFO:Message received on topic: test/18 with payload size: 91 at 2024-12-09 09:20:31.687086 sent 2024-12-09 09:20:31.665673
INFO:Message received on topic: test/18 with payload size: 91 at 2024-12-09 09:20:34.459123 sent 2024-12-09 09:20:34.291505
INFO:Message received on topic: test/18 with payload size: 91 at 2024-12-09 09:20:37.063212 sent 2024-12-09 09:20:36.904415
INFO:Message received on topic: test/18 with payload size: 91 at 2024-12-09 09:20:39.573141 sent 2024-12-09 09:20:39.516770
INFO:Message received on topic: test/18 with payload size: 91 at 2024-12-09 09:20:42.179514 sent 2024-12-09 09:20:42.128831
INFO:Message received on topic: test/18 with payload size: 91 at 2024-12-09 09:20:44.862026 sent 2024-12-09 09:20:44.746208
INFO:Message received on topic: test/18 with payload size: 91 at 2024-12-09 09:20:47.483846 sent 2024-12-09 09:20:47.355278
INFO:Message received on topic: test/18 with payload size: 91 at 2024-12-09 09:20:50.085753 sent 2024-12-09 09:20:49.965524
INFO:Message received on topic: test/18 with payload size: 91 at 2024-12-09 09:20:52.666588 sent 2024-12-09 09:20:52.578916
INFO:Message received on topic: test/18 with payload size: 91 at 2024-12-09 09:20:55.274938 sent 2024-12-09 09:20:55.188788
INFO:Message received on topic: test/18 with payload size: 91 at 2024-12-09 09:20:57.965914 sent 2024-12-09 09:20:57.807248
INFO:Message received on topic: test/18 with payload size: 91 at 2024-12-09 09:21:00.465745 sent 2024-12-09 09:21:00.419284
INFO:Message received on topic: test/18 with payload size: 91 at 2024-12-09 09:21:03.155725 sent 2024-12-09 09:21:03.033896
INFO:Message received on topic: test/18 with payload size: 91 at 2024-12-09 09:21:05.693992 sent 2024-12-09 09:21:05.642108
INFO:Message received on topic: test/18 with payload size: 91 at 2024-12-09 09:21:08.280158 sent 2024-12-09 09:21:08.252717
INFO:Message received on topic: test/18 with payload size: 91 at 2024-12-09 09:21:10.953894 sent 2024-12-09 09:21:10.863603
INFO:Message received on topic: test/18 with payload size: 91 at 2024-12-09 09:21:13.566288 sent 2024-12-09 09:21:13.478594
INFO:Message received on topic: test/18 with payload size: 91 at 2024-12-09 09:21:16.255008 sent 2024-12-09 09:21:16.090804
INFO:Message received on topic: test/18 with payload size: 91 at 2024-12-09 09:21:18.770811 sent 2024-12-09 09:21:18.700787
INFO:Message received on topic: test/18 with payload size: 91 at 2024-12-09 09:21:21.471497 sent 2024-12-09 09:21:21.311423
INFO:Message received on topic: test/18 with payload size: 91 at 2024-12-09 09:21:23.964168 sent 2024-12-09 09:21:23.924608
INFO:Message received on topic: test/18 with payload size: 91 at 2024-12-09 09:21:26.657738 sent 2024-12-09 09:21:26.533943
INFO:Message received on topic: test/18 with payload size: 91 at 2024-12-09 09:21:29.671981 sent 2024-12-09 09:21:29.145656
INFO:Message received on topic: test/18 with payload size: 91 at 2024-12-09 09:21:31.958033 sent 2024-12-09 09:21:31.759724
INFO:Message received on topic: test/18 with payload size: 91 at 2024-12-09 09:21:34.488584 sent 2024-12-09 09:21:34.370199
INFO:Message received on topic: test/18 with payload size: 91 at 2024-12-09 09:21:37.091786 sent 2024-12-09 09:21:36.989145
INFO:Message received on topic: test/18 with payload size: 91 at 2024-12-09 09:21:39.758467 sent 2024-12-09 09:21:39.599029
INFO:Message received on topic: test/18 with payload size: 91 at 2024-12-09 09:21:42.356714 sent 2024-12-09 09:21:42.220370
INFO:Message received on topic: test/18 with payload size: 91 at 2024-12-09 09:21:44.965988 sent 2024-12-09 09:21:44.825184
INFO:Message received on topic: test/18 with payload size: 91 at 2024-12-09 09:21:47.472134 sent 2024-12-09 09:21:47.432991
INFO:Message received on topic: test/18 with payload size: 91 at 2024-12-09 09:21:50.167570 sent 2024-12-09 09:21:50.057615
INFO:Message received on topic: test/18 with payload size: 91 at 2024-12-09 09:21:52.795953 sent 2024-12-09 09:21:52.669620
INFO:Message received on topic: test/18 with payload size: 91 at 2024-12-09 09:21:55.493681 sent 2024-12-09 09:21:55.278629
INFO:Message received on topic: test/18 with payload size: 91 at 2024-12-09 09:21:58.155227 sent 2024-12-09 09:21:57.893471
INFO:Message received on topic: test/18 with payload size: 91 at 2024-12-09 09:22:00.863145 sent 2024-12-09 09:22:00.504309
INFO:Message received on topic: test/18 with payload size: 91 at 2024-12-09 09:22:03.250703 sent 2024-12-09 09:22:03.113893
INFO:Message received on topic: test/18 with payload size: 91 at 2024-12-09 09:22:05.954681 sent 2024-12-09 09:22:05.727534
INFO:Message received on topic: test/18 with payload size: 91 at 2024-12-09 09:22:08.376607 sent 2024-12-09 09:22:08.336043
INFO:Message received on topic: test/18 with payload size: 91 at 2024-12-09 09:22:10.988466 sent 2024-12-09 09:22:10.953681
INFO:Message received on topic: test/18 with payload size: 91 at 2024-12-09 09:22:13.664217 sent 2024-12-09 09:22:13.574862
INFO:Message received on topic: test/18 with payload size: 91 at 2024-12-09 09:22:16.270568 sent 2024-12-09 09:22:16.189239
INFO:Message received on topic: test/18 with payload size: 91 at 2024-12-09 09:22:18.871372 sent 2024-12-09 09:22:18.798058
INFO:Message received on topic: test/18 with payload size: 91 at 2024-12-09 09:22:21.468612 sent 2024-12-09 09:22:21.419413
INFO:Message received on topic: test/18 with payload size: 91 at 2024-12-09 09:22:24.087192 sent 2024-12-09 09:22:24.033968
INFO:Message received on topic: test/18 with payload size: 91 at 2024-12-09 09:22:26.685777 sent 2024-12-09 09:22:26.645075
INFO:Message received on topic: test/18 with payload size: 91 at 2024-12-09 09:22:29.459927 sent 2024-12-09 09:22:29.252562
INFO:Message received on topic: test/18 with payload size: 91 at 2024-12-09 09:22:31.964990 sent 2024-12-09 09:22:31.868286
INFO:Message received on topic: test/18 with payload size: 91 at 2024-12-09 09:22:34.559080 sent 2024-12-09 09:22:34.482940
INFO:Message received on topic: test/18 with payload size: 91 at 2024-12-09 09:22:37.170435 sent 2024-12-09 09:22:37.091949
INFO:Message received on topic: test/18 with payload size: 91 at 2024-12-09 09:22:39.767615 sent 2024-12-09 09:22:39.703707
INFO:Message received on topic: test/18 with payload size: 91 at 2024-12-09 09:22:42.458155 sent 2024-12-09 09:22:42.313465
INFO:Message received on topic: test/18 with payload size: 91 at 2024-12-09 09:22:44.972122 sent 2024-12-09 09:22:44.920123
INFO:Message received on topic: test/18 with payload size: 91 at 2024-12-09 09:22:47.655586 sent 2024-12-09 09:22:47.526574
INFO:Message received on topic: test/18 with payload size: 91 at 2024-12-09 09:22:50.260176 sent 2024-12-09 09:22:50.141910
INFO:Message received on topic: test/18 with payload size: 91 at 2024-12-09 09:22:52.867417 sent 2024-12-09 09:22:52.760630
INFO:Message received on topic: test/18 with payload size: 91 at 2024-12-09 09:22:55.454554 sent 2024-12-09 09:22:55.369456
INFO:Message received on topic: test/18 with payload size: 91 at 2024-12-09 09:22:58.084784 sent 2024-12-09 09:22:57.979756
INFO:Message received on topic: test/18 with payload size: 91 at 2024-12-09 09:23:00.677580 sent 2024-12-09 09:23:00.592633
INFO:Message received on topic: test/18 with payload size: 91 at 2024-12-09 09:23:03.268428 sent 2024-12-09 09:23:03.201233
INFO:Message received on topic: test/18 with payload size: 91 at 2024-12-09 09:23:05.954821 sent 2024-12-09 09:23:05.816389
INFO:Message received on topic: test/18 with payload size: 91 at 2024-12-09 09:23:08.462117 sent 2024-12-09 09:23:08.424841
INFO:Message received on topic: test/18 with payload size: 91 at 2024-12-09 09:23:11.156178 sent 2024-12-09 09:23:11.032272
INFO:Message received on topic: test/18 with payload size: 91 at 2024-12-09 09:23:13.774381 sent 2024-12-09 09:23:13.643931
INFO:Message received on topic: test/18 with payload size: 91 at 2024-12-09 09:23:16.356654 sent 2024-12-09 09:23:16.254460
