INFO:Starting Version 1.0.5
DEBUG:Using selector: EpollSelector
INFO:Connecting to cluster at: mqtt-quic://emqx-headless.dtwins:14567 using QUIC
INFO:Subscribed to topic: test/29
INFO:Logging each: 50
INFO:Unhandled packet type received
INFO:Message received on topic: test/29 with payload size: 91 at 2024-12-09 09:15:28.360583 sent 2024-12-09 09:15:28.322104
INFO:Message received on topic: test/29 with payload size: 91 at 2024-12-09 09:15:30.987490 sent 2024-12-09 09:15:30.928875
INFO:Message received on topic: test/29 with payload size: 91 at 2024-12-09 09:15:33.587523 sent 2024-12-09 09:15:33.537122
INFO:Message received on topic: test/29 with payload size: 91 at 2024-12-09 09:15:36.278402 sent 2024-12-09 09:15:36.144263
INFO:Message received on topic: test/29 with payload size: 91 at 2024-12-09 09:15:38.770762 sent 2024-12-09 09:15:38.749513
INFO:Message received on topic: test/29 with payload size: 91 at 2024-12-09 09:15:41.372211 sent 2024-12-09 09:15:41.356926
INFO:Message received on topic: test/29 with payload size: 91 at 2024-12-09 09:15:43.982057 sent 2024-12-09 09:15:43.966897
INFO:Message received on topic: test/29 with payload size: 91 at 2024-12-09 09:15:46.594154 sent 2024-12-09 09:15:46.572405
INFO:Message received on topic: test/29 with payload size: 91 at 2024-12-09 09:15:49.254715 sent 2024-12-09 09:15:49.183259
INFO:Message received on topic: test/29 with payload size: 91 at 2024-12-09 09:15:51.862001 sent 2024-12-09 09:15:51.789611
INFO:Message received on topic: test/29 with payload size: 91 at 2024-12-09 09:15:54.469285 sent 2024-12-09 09:15:54.401013
INFO:Message received on topic: test/29 with payload size: 91 at 2024-12-09 09:15:57.063194 sent 2024-12-09 09:15:57.005004
INFO:Message received on topic: test/29 with payload size: 91 at 2024-12-09 09:15:59.665820 sent 2024-12-09 09:15:59.611036
INFO:Message received on topic: test/29 with payload size: 91 at 2024-12-09 09:16:02.275414 sent 2024-12-09 09:16:02.219486
INFO:Message received on topic: test/29 with payload size: 91 at 2024-12-09 09:16:04.870785 sent 2024-12-09 09:16:04.825365
INFO:Message received on topic: test/29 with payload size: 91 at 2024-12-09 09:16:07.581972 sent 2024-12-09 09:16:07.431585
INFO:Message received on topic: test/29 with payload size: 91 at 2024-12-09 09:16:10.082693 sent 2024-12-09 09:16:10.037645
INFO:Message received on topic: test/29 with payload size: 91 at 2024-12-09 09:16:12.675494 sent 2024-12-09 09:16:12.645593
INFO:Message received on topic: test/29 with payload size: 91 at 2024-12-09 09:16:15.262248 sent 2024-12-09 09:16:15.249706
INFO:Message received on topic: test/29 with payload size: 91 at 2024-12-09 09:16:17.967857 sent 2024-12-09 09:16:17.853550
INFO:Message received on topic: test/29 with payload size: 91 at 2024-12-09 09:16:20.476110 sent 2024-12-09 09:16:20.460148
INFO:Message received on topic: test/29 with payload size: 91 at 2024-12-09 09:16:23.173156 sent 2024-12-09 09:16:23.065823
INFO:Message received on topic: test/29 with payload size: 91 at 2024-12-09 09:16:25.696053 sent 2024-12-09 09:16:25.677854
INFO:Message received on topic: test/29 with payload size: 91 at 2024-12-09 09:16:28.365982 sent 2024-12-09 09:16:28.283802
INFO:Message received on topic: test/29 with payload size: 91 at 2024-12-09 09:16:30.969133 sent 2024-12-09 09:16:30.887203
INFO:Message received on topic: test/29 with payload size: 91 at 2024-12-09 09:16:33.572244 sent 2024-12-09 09:16:33.497918
INFO:Message received on topic: test/29 with payload size: 91 at 2024-12-09 09:16:36.180807 sent 2024-12-09 09:16:36.112699
INFO:Message received on topic: test/29 with payload size: 91 at 2024-12-09 09:16:38.773138 sent 2024-12-09 09:16:38.728681
INFO:Message received on topic: test/29 with payload size: 91 at 2024-12-09 09:16:41.567013 sent 2024-12-09 09:16:41.346371
INFO:Message received on topic: test/29 with payload size: 91 at 2024-12-09 09:16:44.053036 sent 2024-12-09 09:16:43.975722
INFO:Message received on topic: test/29 with payload size: 91 at 2024-12-09 09:16:46.654368 sent 2024-12-09 09:16:46.586244
INFO:Message received on topic: test/29 with payload size: 91 at 2024-12-09 09:16:49.290418 sent 2024-12-09 09:16:49.194874
INFO:Message received on topic: test/29 with payload size: 91 at 2024-12-09 09:16:51.892471 sent 2024-12-09 09:16:51.806630
INFO:Message received on topic: test/29 with payload size: 91 at 2024-12-09 09:16:54.473911 sent 2024-12-09 09:16:54.421744
INFO:Message received on topic: test/29 with payload size: 91 at 2024-12-09 09:16:57.169618 sent 2024-12-09 09:16:57.031615
INFO:Message received on topic: test/29 with payload size: 91 at 2024-12-09 09:16:59.666950 sent 2024-12-09 09:16:59.645509
INFO:Message received on topic: test/29 with payload size: 91 at 2024-12-09 09:17:02.290201 sent 2024-12-09 09:17:02.264940
INFO:Message received on topic: test/29 with payload size: 91 at 2024-12-09 09:17:04.965057 sent 2024-12-09 09:17:04.873173
INFO:Message received on topic: test/29 with payload size: 91 at 2024-12-09 09:17:07.553751 sent 2024-12-09 09:17:07.484049
INFO:Message received on topic: test/29 with payload size: 91 at 2024-12-09 09:17:10.175166 sent 2024-12-09 09:17:10.099548
INFO:Message received on topic: test/29 with payload size: 91 at 2024-12-09 09:17:12.777501 sent 2024-12-09 09:17:12.715181
INFO:Message received on topic: test/29 with payload size: 91 at 2024-12-09 09:17:15.450892 sent 2024-12-09 09:17:15.329502
INFO:Message received on topic: test/29 with payload size: 91 at 2024-12-09 09:17:17.960749 sent 2024-12-09 09:17:17.938521
INFO:Message received on topic: test/29 with payload size: 91 at 2024-12-09 09:17:20.582112 sent 2024-12-09 09:17:20.551981
INFO:Message received on topic: test/29 with payload size: 91 at 2024-12-09 09:17:23.279123 sent 2024-12-09 09:17:23.170215
INFO:Message received on topic: test/29 with payload size: 91 at 2024-12-09 09:17:25.872563 sent 2024-12-09 09:17:25.777833
INFO:Message received on topic: test/29 with payload size: 91 at 2024-12-09 09:17:28.470033 sent 2024-12-09 09:17:28.415300
INFO:Message received on topic: test/29 with payload size: 91 at 2024-12-09 09:17:31.088043 sent 2024-12-09 09:17:31.031411
INFO:Message received on topic: test/29 with payload size: 91 at 2024-12-09 09:17:33.688484 sent 2024-12-09 09:17:33.647363
INFO:Message received on topic: test/29 with payload size: 91 at 2024-12-09 09:17:36.293684 sent 2024-12-09 09:17:36.260794
INFO:Message received on topic: test/29 with payload size: 91 at 2024-12-09 09:17:38.987849 sent 2024-12-09 09:17:38.875175
INFO:Message received on topic: test/29 with payload size: 91 at 2024-12-09 09:17:41.650669 sent 2024-12-09 09:17:41.490722
INFO:Message received on topic: test/29 with payload size: 91 at 2024-12-09 09:17:44.178034 sent 2024-12-09 09:17:44.101473
INFO:Message received on topic: test/29 with payload size: 91 at 2024-12-09 09:17:46.787246 sent 2024-12-09 09:17:46.708826
INFO:Message received on topic: test/29 with payload size: 91 at 2024-12-09 09:17:49.390511 sent 2024-12-09 09:17:49.320783
INFO:Message received on topic: test/29 with payload size: 91 at 2024-12-09 09:17:51.970231 sent 2024-12-09 09:17:51.934902
INFO:Message received on topic: test/29 with payload size: 91 at 2024-12-09 09:17:54.685130 sent 2024-12-09 09:17:54.547452
INFO:Message received on topic: test/29 with payload size: 91 at 2024-12-09 09:17:57.265982 sent 2024-12-09 09:17:57.161120
INFO:Message received on topic: test/29 with payload size: 91 at 2024-12-09 09:17:59.970168 sent 2024-12-09 09:17:59.775550
INFO:Message received on topic: test/29 with payload size: 91 at 2024-12-09 09:18:02.473948 sent 2024-12-09 09:18:02.388214
INFO:Message received on topic: test/29 with payload size: 91 at 2024-12-09 09:18:05.176715 sent 2024-12-09 09:18:04.999627
INFO:Message received on topic: test/29 with payload size: 91 at 2024-12-09 09:18:07.670114 sent 2024-12-09 09:18:07.608364
INFO:Message received on topic: test/29 with payload size: 91 at 2024-12-09 09:18:10.264188 sent 2024-12-09 09:18:10.224620
INFO:Message received on topic: test/29 with payload size: 91 at 2024-12-09 09:18:13.088780 sent 2024-12-09 09:18:12.835449
INFO:Message received on topic: test/29 with payload size: 91 at 2024-12-09 09:18:15.568293 sent 2024-12-09 09:18:15.447626
INFO:Message received on topic: test/29 with payload size: 91 at 2024-12-09 09:18:18.092881 sent 2024-12-09 09:18:18.062656
INFO:Message received on topic: test/29 with payload size: 91 at 2024-12-09 09:18:20.764392 sent 2024-12-09 09:18:20.682473
INFO:Message received on topic: test/29 with payload size: 91 at 2024-12-09 09:18:23.366269 sent 2024-12-09 09:18:23.302037
INFO:Message received on topic: test/29 with payload size: 91 at 2024-12-09 09:18:26.060553 sent 2024-12-09 09:18:25.920628
INFO:Message received on topic: test/29 with payload size: 91 at 2024-12-09 09:18:28.561807 sent 2024-12-09 09:18:28.534012
INFO:Message received on topic: test/29 with payload size: 91 at 2024-12-09 09:18:31.480836 sent 2024-12-09 09:18:31.142033
INFO:Message received on topic: test/29 with payload size: 91 at 2024-12-09 09:18:33.783688 sent 2024-12-09 09:18:33.749794
INFO:Message received on topic: test/29 with payload size: 91 at 2024-12-09 09:18:36.482069 sent 2024-12-09 09:18:36.366022
INFO:Message received on topic: test/29 with payload size: 91 at 2024-12-09 09:18:39.084005 sent 2024-12-09 09:18:38.980163
INFO:Message received on topic: test/29 with payload size: 91 at 2024-12-09 09:18:41.753849 sent 2024-12-09 09:18:41.592765
INFO:Message received on topic: test/29 with payload size: 91 at 2024-12-09 09:18:44.269946 sent 2024-12-09 09:18:44.205314
INFO:Message received on topic: test/29 with payload size: 91 at 2024-12-09 09:18:46.907117 sent 2024-12-09 09:18:46.813628
INFO:Message received on topic: test/29 with payload size: 91 at 2024-12-09 09:18:49.486533 sent 2024-12-09 09:18:49.425972
INFO:Message received on topic: test/29 with payload size: 91 at 2024-12-09 09:18:52.073191 sent 2024-12-09 09:18:52.039496
INFO:Message received on topic: test/29 with payload size: 91 at 2024-12-09 09:18:54.858237 sent 2024-12-09 09:18:54.647522
INFO:Message received on topic: test/29 with payload size: 91 at 2024-12-09 09:18:57.462220 sent 2024-12-09 09:18:57.256691
INFO:Message received on topic: test/29 with payload size: 91 at 2024-12-09 09:19:00.073426 sent 2024-12-09 09:18:59.869808
INFO:Message received on topic: test/29 with payload size: 91 at 2024-12-09 09:19:02.486788 sent 2024-12-09 09:19:02.478852
INFO:Message received on topic: test/29 with payload size: 91 at 2024-12-09 09:19:05.171096 sent 2024-12-09 09:19:05.101784
INFO:Message received on topic: test/29 with payload size: 91 at 2024-12-09 09:19:07.856768 sent 2024-12-09 09:19:07.718558
INFO:Message received on topic: test/29 with payload size: 91 at 2024-12-09 09:19:10.380737 sent 2024-12-09 09:19:10.336817
INFO:Message received on topic: test/29 with payload size: 91 at 2024-12-09 09:19:13.056578 sent 2024-12-09 09:19:12.951123
INFO:Message received on topic: test/29 with payload size: 91 at 2024-12-09 09:19:15.665626 sent 2024-12-09 09:19:15.561442
INFO:Message received on topic: test/29 with payload size: 91 at 2024-12-09 09:19:18.356696 sent 2024-12-09 09:19:18.171487
INFO:Message received on topic: test/29 with payload size: 91 at 2024-12-09 09:19:20.870418 sent 2024-12-09 09:19:20.783853
INFO:Message received on topic: test/29 with payload size: 91 at 2024-12-09 09:19:23.502257 sent 2024-12-09 09:19:23.400630
INFO:Message received on topic: test/29 with payload size: 91 at 2024-12-09 09:19:26.075277 sent 2024-12-09 09:19:26.008375
INFO:Message received on topic: test/29 with payload size: 91 at 2024-12-09 09:19:28.757704 sent 2024-12-09 09:19:28.607865
INFO:Message received on topic: test/29 with payload size: 91 at 2024-12-09 09:19:31.281412 sent 2024-12-09 09:19:31.195226
INFO:Message received on topic: test/29 with payload size: 91 at 2024-12-09 09:19:33.895043 sent 2024-12-09 09:19:33.786595
INFO:Message received on topic: test/29 with payload size: 91 at 2024-12-09 09:19:36.505241 sent 2024-12-09 09:19:36.380648
INFO:Message received on topic: test/29 with payload size: 91 at 2024-12-09 09:19:39.175742 sent 2024-12-09 09:19:38.981528
INFO:Message received on topic: test/29 with payload size: 91 at 2024-12-09 09:19:41.691929 sent 2024-12-09 09:19:41.604949
INFO:Message received on topic: test/29 with payload size: 91 at 2024-12-09 09:19:44.288534 sent 2024-12-09 09:19:44.219844
INFO:Message received on topic: test/29 with payload size: 91 at 2024-12-09 09:19:46.892679 sent 2024-12-09 09:19:46.826859
INFO:Message received on topic: test/29 with payload size: 91 at 2024-12-09 09:19:49.585006 sent 2024-12-09 09:19:49.441388
INFO:Message received on topic: test/29 with payload size: 91 at 2024-12-09 09:19:52.086697 sent 2024-12-09 09:19:52.051583
INFO:Message received on topic: test/29 with payload size: 91 at 2024-12-09 09:19:54.794370 sent 2024-12-09 09:19:54.665855
INFO:Message received on topic: test/29 with payload size: 91 at 2024-12-09 09:19:57.354214 sent 2024-12-09 09:19:57.277183
INFO:Message received on topic: test/29 with payload size: 91 at 2024-12-09 09:19:59.968628 sent 2024-12-09 09:19:59.889777
INFO:Message received on topic: test/29 with payload size: 91 at 2024-12-09 09:20:02.595480 sent 2024-12-09 09:20:02.499300
INFO:Message received on topic: test/29 with payload size: 91 at 2024-12-09 09:20:05.251720 sent 2024-12-09 09:20:05.109840
INFO:Message received on topic: test/29 with payload size: 91 at 2024-12-09 09:20:07.861066 sent 2024-12-09 09:20:07.734705
INFO:Message received on topic: test/29 with payload size: 91 at 2024-12-09 09:20:10.387068 sent 2024-12-09 09:20:10.347531
INFO:Message received on topic: test/29 with payload size: 91 at 2024-12-09 09:20:12.988239 sent 2024-12-09 09:20:12.971923
INFO:Message received on topic: test/29 with payload size: 91 at 2024-12-09 09:20:15.666592 sent 2024-12-09 09:20:15.581871
INFO:Message received on topic: test/29 with payload size: 91 at 2024-12-09 09:20:18.286962 sent 2024-12-09 09:20:18.194649
INFO:Message received on topic: test/29 with payload size: 91 at 2024-12-09 09:20:20.970794 sent 2024-12-09 09:20:20.820894
INFO:Message received on topic: test/29 with payload size: 91 at 2024-12-09 09:20:23.485314 sent 2024-12-09 09:20:23.435543
INFO:Message received on topic: test/29 with payload size: 91 at 2024-12-09 09:20:26.156590 sent 2024-12-09 09:20:26.042509
INFO:Message received on topic: test/29 with payload size: 91 at 2024-12-09 09:20:28.761158 sent 2024-12-09 09:20:28.657942
INFO:Message received on topic: test/29 with payload size: 91 at 2024-12-09 09:20:31.358236 sent 2024-12-09 09:20:31.277653
INFO:Message received on topic: test/29 with payload size: 91 at 2024-12-09 09:20:33.983928 sent 2024-12-09 09:20:33.886814
INFO:Message received on topic: test/29 with payload size: 91 at 2024-12-09 09:20:36.571926 sent 2024-12-09 09:20:36.506308
INFO:Message received on topic: test/29 with payload size: 91 at 2024-12-09 09:20:39.287314 sent 2024-12-09 09:20:39.119542
INFO:Message received on topic: test/29 with payload size: 91 at 2024-12-09 09:20:41.853917 sent 2024-12-09 09:20:41.729694
INFO:Message received on topic: test/29 with payload size: 91 at 2024-12-09 09:20:44.457285 sent 2024-12-09 09:20:44.345718
INFO:Message received on topic: test/29 with payload size: 91 at 2024-12-09 09:20:47.164170 sent 2024-12-09 09:20:46.960494
INFO:Message received on topic: test/29 with payload size: 91 at 2024-12-09 09:20:49.751897 sent 2024-12-09 09:20:49.575491
INFO:Message received on topic: test/29 with payload size: 91 at 2024-12-09 09:20:52.284034 sent 2024-12-09 09:20:52.184095
INFO:Message received on topic: test/29 with payload size: 91 at 2024-12-09 09:20:54.877236 sent 2024-12-09 09:20:54.788927
INFO:Message received on topic: test/29 with payload size: 91 at 2024-12-09 09:20:57.577154 sent 2024-12-09 09:20:57.406040
INFO:Message received on topic: test/29 with payload size: 91 at 2024-12-09 09:21:00.150027 sent 2024-12-09 09:21:00.025585
INFO:Message received on topic: test/29 with payload size: 91 at 2024-12-09 09:21:02.771110 sent 2024-12-09 09:21:02.646712
INFO:Message received on topic: test/29 with payload size: 91 at 2024-12-09 09:21:05.449462 sent 2024-12-09 09:21:05.260429
INFO:Message received on topic: test/29 with payload size: 91 at 2024-12-09 09:21:07.965800 sent 2024-12-09 09:21:07.873846
INFO:Message received on topic: test/29 with payload size: 91 at 2024-12-09 09:21:10.559976 sent 2024-12-09 09:21:10.485726
INFO:Message received on topic: test/29 with payload size: 91 at 2024-12-09 09:21:13.263148 sent 2024-12-09 09:21:13.096577
INFO:Message received on topic: test/29 with payload size: 91 at 2024-12-09 09:21:15.781792 sent 2024-12-09 09:21:15.706040
INFO:Message received on topic: test/29 with payload size: 91 at 2024-12-09 09:21:18.490706 sent 2024-12-09 09:21:18.319237
INFO:Message received on topic: test/29 with payload size: 91 at 2024-12-09 09:21:21.191193 sent 2024-12-09 09:21:20.940256
INFO:Message received on topic: test/29 with payload size: 91 at 2024-12-09 09:21:23.675663 sent 2024-12-09 09:21:23.555319
INFO:Message received on topic: test/29 with payload size: 91 at 2024-12-09 09:21:26.265745 sent 2024-12-09 09:21:26.162285
INFO:Message received on topic: test/29 with payload size: 91 at 2024-12-09 09:21:29.075025 sent 2024-12-09 09:21:28.785053
INFO:Message received on topic: test/29 with payload size: 91 at 2024-12-09 09:21:31.569638 sent 2024-12-09 09:21:31.396594
INFO:Message received on topic: test/29 with payload size: 91 at 2024-12-09 09:21:34.081467 sent 2024-12-09 09:21:34.010399
INFO:Message received on topic: test/29 with payload size: 91 at 2024-12-09 09:21:36.760594 sent 2024-12-09 09:21:36.625442
INFO:Message received on topic: test/29 with payload size: 91 at 2024-12-09 09:21:39.357545 sent 2024-12-09 09:21:39.235175
INFO:Message received on topic: test/29 with payload size: 91 at 2024-12-09 09:21:41.967182 sent 2024-12-09 09:21:41.846612
INFO:Message received on topic: test/29 with payload size: 91 at 2024-12-09 09:21:44.587482 sent 2024-12-09 09:21:44.459219
INFO:Message received on topic: test/29 with payload size: 91 at 2024-12-09 09:21:47.167763 sent 2024-12-09 09:21:47.070705
INFO:Message received on topic: test/29 with payload size: 91 at 2024-12-09 09:21:49.871903 sent 2024-12-09 09:21:49.695797
INFO:Message received on topic: test/29 with payload size: 91 at 2024-12-09 09:21:52.470140 sent 2024-12-09 09:21:52.312947
INFO:Message received on topic: test/29 with payload size: 91 at 2024-12-09 09:21:55.160989 sent 2024-12-09 09:21:54.926424
INFO:Message received on topic: test/29 with payload size: 91 at 2024-12-09 09:21:57.781635 sent 2024-12-09 09:21:57.541954
INFO:Message received on topic: test/29 with payload size: 91 at 2024-12-09 09:22:00.590860 sent 2024-12-09 09:22:00.151859
INFO:Message received on topic: test/29 with payload size: 91 at 2024-12-09 09:22:02.899402 sent 2024-12-09 09:22:02.776502
INFO:Message received on topic: test/29 with payload size: 91 at 2024-12-09 09:22:05.473301 sent 2024-12-09 09:22:05.387596
INFO:Message received on topic: test/29 with payload size: 91 at 2024-12-09 09:22:08.096495 sent 2024-12-09 09:22:08.005946
INFO:Message received on topic: test/29 with payload size: 91 at 2024-12-09 09:22:10.687979 sent 2024-12-09 09:22:10.619813
INFO:Message received on topic: test/29 with payload size: 91 at 2024-12-09 09:22:13.355520 sent 2024-12-09 09:22:13.236681
INFO:Message received on topic: test/29 with payload size: 91 at 2024-12-09 09:22:15.983639 sent 2024-12-09 09:22:15.843527
INFO:Message received on topic: test/29 with payload size: 91 at 2024-12-09 09:22:18.556195 sent 2024-12-09 09:22:18.457363
INFO:Message received on topic: test/29 with payload size: 91 at 2024-12-09 09:22:21.158589 sent 2024-12-09 09:22:21.070418
INFO:Message received on topic: test/29 with payload size: 91 at 2024-12-09 09:22:23.767641 sent 2024-12-09 09:22:23.678678
INFO:Message received on topic: test/29 with payload size: 91 at 2024-12-09 09:22:26.365896 sent 2024-12-09 09:22:26.290307
INFO:Message received on topic: test/29 with payload size: 91 at 2024-12-09 09:22:29.063456 sent 2024-12-09 09:22:28.907251
INFO:Message received on topic: test/29 with payload size: 91 at 2024-12-09 09:22:31.577138 sent 2024-12-09 09:22:31.520909
INFO:Message received on topic: test/29 with payload size: 91 at 2024-12-09 09:22:34.179897 sent 2024-12-09 09:22:34.128970
INFO:Message received on topic: test/29 with payload size: 91 at 2024-12-09 09:22:36.870191 sent 2024-12-09 09:22:36.740681
INFO:Message received on topic: test/29 with payload size: 91 at 2024-12-09 09:22:39.371965 sent 2024-12-09 09:22:39.350095
INFO:Message received on topic: test/29 with payload size: 91 at 2024-12-09 09:22:42.077426 sent 2024-12-09 09:22:41.962272
INFO:Message received on topic: test/29 with payload size: 91 at 2024-12-09 09:22:44.671873 sent 2024-12-09 09:22:44.566452
INFO:Message received on topic: test/29 with payload size: 91 at 2024-12-09 09:22:47.274883 sent 2024-12-09 09:22:47.172966
INFO:Message received on topic: test/29 with payload size: 91 at 2024-12-09 09:22:49.876162 sent 2024-12-09 09:22:49.783287
INFO:Message received on topic: test/29 with payload size: 91 at 2024-12-09 09:22:52.472935 sent 2024-12-09 09:22:52.401282
INFO:Message received on topic: test/29 with payload size: 91 at 2024-12-09 09:22:55.080802 sent 2024-12-09 09:22:55.012847
INFO:Message received on topic: test/29 with payload size: 91 at 2024-12-09 09:22:57.667011 sent 2024-12-09 09:22:57.619781
INFO:Message received on topic: test/29 with payload size: 91 at 2024-12-09 09:23:00.460963 sent 2024-12-09 09:23:00.232461
INFO:Message received on topic: test/29 with payload size: 91 at 2024-12-09 09:23:02.912301 sent 2024-12-09 09:23:02.841211
INFO:Message received on topic: test/29 with payload size: 91 at 2024-12-09 09:23:05.557231 sent 2024-12-09 09:23:05.454532
INFO:Message received on topic: test/29 with payload size: 91 at 2024-12-09 09:23:08.154493 sent 2024-12-09 09:23:08.064808
INFO:Message received on topic: test/29 with payload size: 91 at 2024-12-09 09:23:10.785036 sent 2024-12-09 09:23:10.671307
INFO:Message received on topic: test/29 with payload size: 91 at 2024-12-09 09:23:13.373704 sent 2024-12-09 09:23:13.285946
INFO:Message received on topic: test/29 with payload size: 91 at 2024-12-09 09:23:16.056062 sent 2024-12-09 09:23:15.895194
INFO:Message received on topic: test/29 with payload size: 91 at 2024-12-09 09:23:18.561213 sent 2024-12-09 09:23:18.506648
INFO:Message received on topic: test/29 with payload size: 91 at 2024-12-09 09:23:21.279492 sent 2024-12-09 09:23:21.118580
INFO:Message received on topic: test/29 with payload size: 91 at 2024-12-09 09:23:23.860564 sent 2024-12-09 09:23:23.730621
INFO:Message received on topic: test/29 with payload size: 91 at 2024-12-09 09:23:26.377113 sent 2024-12-09 09:23:26.337909
INFO:Message received on topic: test/29 with payload size: 91 at 2024-12-09 09:23:28.983633 sent 2024-12-09 09:23:28.949354
INFO:Message received on topic: test/29 with payload size: 91 at 2024-12-09 09:23:31.579898 sent 2024-12-09 09:23:31.561122
INFO:Message received on topic: test/29 with payload size: 91 at 2024-12-09 09:23:34.259219 sent 2024-12-09 09:23:34.178489
INFO:Message received on topic: test/29 with payload size: 91 at 2024-12-09 09:23:36.864808 sent 2024-12-09 09:23:36.788033
INFO:Message received on topic: test/29 with payload size: 91 at 2024-12-09 09:23:39.481710 sent 2024-12-09 09:23:39.399660
INFO:Message received on topic: test/29 with payload size: 91 at 2024-12-09 09:23:42.081551 sent 2024-12-09 09:23:42.013136
INFO:Message received on topic: test/29 with payload size: 91 at 2024-12-09 09:23:44.762156 sent 2024-12-09 09:23:44.623600
INFO:Message received on topic: test/29 with payload size: 91 at 2024-12-09 09:23:47.274872 sent 2024-12-09 09:23:47.229500
INFO:Message received on topic: test/29 with payload size: 91 at 2024-12-09 09:23:49.952949 sent 2024-12-09 09:23:49.839133
INFO:Message received on topic: test/29 with payload size: 91 at 2024-12-09 09:23:52.465111 sent 2024-12-09 09:23:52.447577
INFO:Message received on topic: test/29 with payload size: 91 at 2024-12-09 09:23:55.073676 sent 2024-12-09 09:23:55.058632
INFO:Message received on topic: test/29 with payload size: 91 at 2024-12-09 09:23:57.677614 sent 2024-12-09 09:23:57.664034
