INFO:Starting Version 1.0.5
DEBUG:Using selector: EpollSelector
INFO:Connecting to cluster at: mqtt-quic://emqx-headless.dtwins:14567 using QUIC
INFO:Subscribed to topic: test/2
INFO:Logging each: 50
INFO:Unhandled packet type received
INFO:Message received on topic: test/2 with payload size: 91 at 2024-12-09 09:13:42.534589 sent 2024-12-09 09:13:42.532879
INFO:Message received on topic: test/2 with payload size: 91 at 2024-12-09 09:13:45.135623 sent 2024-12-09 09:13:45.134108
INFO:Message received on topic: test/2 with payload size: 91 at 2024-12-09 09:13:47.738779 sent 2024-12-09 09:13:47.737506
INFO:Message received on topic: test/2 with payload size: 91 at 2024-12-09 09:13:50.340430 sent 2024-12-09 09:13:50.338910
INFO:Message received on topic: test/2 with payload size: 91 at 2024-12-09 09:13:52.938290 sent 2024-12-09 09:13:52.936843
INFO:Message received on topic: test/2 with payload size: 91 at 2024-12-09 09:13:55.541052 sent 2024-12-09 09:13:55.539272
INFO:Message received on topic: test/2 with payload size: 91 at 2024-12-09 09:13:58.140052 sent 2024-12-09 09:13:58.138966
INFO:Message received on topic: test/2 with payload size: 91 at 2024-12-09 09:14:00.741227 sent 2024-12-09 09:14:00.739764
INFO:Message received on topic: test/2 with payload size: 91 at 2024-12-09 09:14:03.341579 sent 2024-12-09 09:14:03.340081
INFO:Message received on topic: test/2 with payload size: 91 at 2024-12-09 09:14:05.937134 sent 2024-12-09 09:14:05.936112
INFO:Message received on topic: test/2 with payload size: 91 at 2024-12-09 09:14:08.535102 sent 2024-12-09 09:14:08.532782
INFO:Message received on topic: test/2 with payload size: 91 at 2024-12-09 09:14:11.132880 sent 2024-12-09 09:14:11.131616
INFO:Message received on topic: test/2 with payload size: 91 at 2024-12-09 09:14:13.749238 sent 2024-12-09 09:14:13.731735
INFO:Message received on topic: test/2 with payload size: 91 at 2024-12-09 09:14:16.349754 sent 2024-12-09 09:14:16.327499
INFO:Message received on topic: test/2 with payload size: 91 at 2024-12-09 09:14:18.955529 sent 2024-12-09 09:14:18.924161
INFO:Message received on topic: test/2 with payload size: 91 at 2024-12-09 09:14:21.552779 sent 2024-12-09 09:14:21.522896
INFO:Message received on topic: test/2 with payload size: 91 at 2024-12-09 09:14:24.152172 sent 2024-12-09 09:14:24.124929
INFO:Message received on topic: test/2 with payload size: 91 at 2024-12-09 09:14:26.750980 sent 2024-12-09 09:14:26.723967
INFO:Message received on topic: test/2 with payload size: 91 at 2024-12-09 09:14:29.358091 sent 2024-12-09 09:14:29.327515
INFO:Message received on topic: test/2 with payload size: 91 at 2024-12-09 09:14:31.953823 sent 2024-12-09 09:14:31.933459
INFO:Message received on topic: test/2 with payload size: 91 at 2024-12-09 09:14:34.553174 sent 2024-12-09 09:14:34.533234
INFO:Message received on topic: test/2 with payload size: 91 at 2024-12-09 09:14:37.150740 sent 2024-12-09 09:14:37.132542
INFO:Message received on topic: test/2 with payload size: 91 at 2024-12-09 09:14:39.760543 sent 2024-12-09 09:14:39.734618
INFO:Message received on topic: test/2 with payload size: 91 at 2024-12-09 09:14:42.350734 sent 2024-12-09 09:14:42.334926
INFO:Message received on topic: test/2 with payload size: 91 at 2024-12-09 09:14:44.959531 sent 2024-12-09 09:14:44.934594
INFO:Message received on topic: test/2 with payload size: 91 at 2024-12-09 09:14:47.558896 sent 2024-12-09 09:14:47.536978
INFO:Message received on topic: test/2 with payload size: 91 at 2024-12-09 09:14:50.154852 sent 2024-12-09 09:14:50.137518
INFO:Message received on topic: test/2 with payload size: 91 at 2024-12-09 09:14:52.864230 sent 2024-12-09 09:14:52.738261
INFO:Message received on topic: test/2 with payload size: 91 at 2024-12-09 09:14:55.357617 sent 2024-12-09 09:14:55.340813
INFO:Message received on topic: test/2 with payload size: 91 at 2024-12-09 09:14:58.058369 sent 2024-12-09 09:14:57.943596
INFO:Message received on topic: test/2 with payload size: 91 at 2024-12-09 09:15:00.560655 sent 2024-12-09 09:15:00.545156
INFO:Message received on topic: test/2 with payload size: 91 at 2024-12-09 09:15:03.190484 sent 2024-12-09 09:15:03.143749
INFO:Message received on topic: test/2 with payload size: 91 at 2024-12-09 09:15:05.797459 sent 2024-12-09 09:15:05.750855
INFO:Message received on topic: test/2 with payload size: 91 at 2024-12-09 09:15:08.357497 sent 2024-12-09 09:15:08.352480
INFO:Message received on topic: test/2 with payload size: 91 at 2024-12-09 09:15:10.964531 sent 2024-12-09 09:15:10.949945
INFO:Message received on topic: test/2 with payload size: 91 at 2024-12-09 09:15:13.563112 sent 2024-12-09 09:15:13.549249
INFO:Message received on topic: test/2 with payload size: 91 at 2024-12-09 09:15:16.162569 sent 2024-12-09 09:15:16.149340
INFO:Message received on topic: test/2 with payload size: 91 at 2024-12-09 09:15:18.767578 sent 2024-12-09 09:15:18.746651
INFO:Message received on topic: test/2 with payload size: 91 at 2024-12-09 09:15:21.362036 sent 2024-12-09 09:15:21.348674
INFO:Message received on topic: test/2 with payload size: 91 at 2024-12-09 09:15:23.965151 sent 2024-12-09 09:15:23.955245
INFO:Message received on topic: test/2 with payload size: 91 at 2024-12-09 09:15:26.565265 sent 2024-12-09 09:15:26.556786
INFO:Message received on topic: test/2 with payload size: 91 at 2024-12-09 09:15:29.173774 sent 2024-12-09 09:15:29.162188
INFO:Message received on topic: test/2 with payload size: 91 at 2024-12-09 09:15:31.778476 sent 2024-12-09 09:15:31.761554
INFO:Message received on topic: test/2 with payload size: 91 at 2024-12-09 09:15:34.453032 sent 2024-12-09 09:15:34.368872
INFO:Message received on topic: test/2 with payload size: 91 at 2024-12-09 09:15:37.060662 sent 2024-12-09 09:15:36.982702
INFO:Message received on topic: test/2 with payload size: 91 at 2024-12-09 09:15:39.649444 sent 2024-12-09 09:15:39.586377
INFO:Message received on topic: test/2 with payload size: 91 at 2024-12-09 09:15:42.277475 sent 2024-12-09 09:15:42.192034
INFO:Message received on topic: test/2 with payload size: 91 at 2024-12-09 09:15:44.882155 sent 2024-12-09 09:15:44.793579
INFO:Message received on topic: test/2 with payload size: 91 at 2024-12-09 09:15:47.455097 sent 2024-12-09 09:15:47.397152
INFO:Message received on topic: test/2 with payload size: 91 at 2024-12-09 09:15:50.073463 sent 2024-12-09 09:15:50.005432
INFO:Message received on topic: test/2 with payload size: 91 at 2024-12-09 09:15:52.666794 sent 2024-12-09 09:15:52.619766
INFO:Message received on topic: test/2 with payload size: 91 at 2024-12-09 09:15:55.265983 sent 2024-12-09 09:15:55.222646
INFO:Message received on topic: test/2 with payload size: 91 at 2024-12-09 09:15:57.892184 sent 2024-12-09 09:15:57.832319
INFO:Message received on topic: test/2 with payload size: 91 at 2024-12-09 09:16:00.484485 sent 2024-12-09 09:16:00.436093
INFO:Message received on topic: test/2 with payload size: 91 at 2024-12-09 09:16:03.158542 sent 2024-12-09 09:16:03.043758
INFO:Message received on topic: test/2 with payload size: 91 at 2024-12-09 09:16:05.678224 sent 2024-12-09 09:16:05.651909
INFO:Message received on topic: test/2 with payload size: 91 at 2024-12-09 09:16:08.288464 sent 2024-12-09 09:16:08.261458
INFO:Message received on topic: test/2 with payload size: 91 at 2024-12-09 09:16:10.894727 sent 2024-12-09 09:16:10.865090
INFO:Message received on topic: test/2 with payload size: 91 at 2024-12-09 09:16:13.495376 sent 2024-12-09 09:16:13.469795
INFO:Message received on topic: test/2 with payload size: 91 at 2024-12-09 09:16:16.101730 sent 2024-12-09 09:16:16.076703
INFO:Message received on topic: test/2 with payload size: 91 at 2024-12-09 09:16:18.762777 sent 2024-12-09 09:16:18.683499
INFO:Message received on topic: test/2 with payload size: 91 at 2024-12-09 09:16:21.358561 sent 2024-12-09 09:16:21.286617
INFO:Message received on topic: test/2 with payload size: 91 at 2024-12-09 09:16:23.981517 sent 2024-12-09 09:16:23.895856
INFO:Message received on topic: test/2 with payload size: 91 at 2024-12-09 09:16:26.574654 sent 2024-12-09 09:16:26.511581
INFO:Message received on topic: test/2 with payload size: 91 at 2024-12-09 09:16:29.178115 sent 2024-12-09 09:16:29.120519
INFO:Message received on topic: test/2 with payload size: 91 at 2024-12-09 09:16:31.786629 sent 2024-12-09 09:16:31.727110
INFO:Message received on topic: test/2 with payload size: 91 at 2024-12-09 09:16:34.471470 sent 2024-12-09 09:16:34.342355
INFO:Message received on topic: test/2 with payload size: 91 at 2024-12-09 09:16:36.986403 sent 2024-12-09 09:16:36.963198
INFO:Message received on topic: test/2 with payload size: 91 at 2024-12-09 09:16:39.653251 sent 2024-12-09 09:16:39.578428
INFO:Message received on topic: test/2 with payload size: 91 at 2024-12-09 09:16:42.274309 sent 2024-12-09 09:16:42.188904
INFO:Message received on topic: test/2 with payload size: 91 at 2024-12-09 09:16:44.882770 sent 2024-12-09 09:16:44.802868
INFO:Message received on topic: test/2 with payload size: 91 at 2024-12-09 09:16:47.470684 sent 2024-12-09 09:16:47.424492
INFO:Message received on topic: test/2 with payload size: 91 at 2024-12-09 09:16:50.179620 sent 2024-12-09 09:16:50.042982
INFO:Message received on topic: test/2 with payload size: 91 at 2024-12-09 09:16:52.758780 sent 2024-12-09 09:16:52.656933
INFO:Message received on topic: test/2 with payload size: 91 at 2024-12-09 09:16:55.296941 sent 2024-12-09 09:16:55.269253
INFO:Message received on topic: test/2 with payload size: 91 at 2024-12-09 09:16:57.954432 sent 2024-12-09 09:16:57.879461
INFO:Message received on topic: test/2 with payload size: 91 at 2024-12-09 09:17:00.572405 sent 2024-12-09 09:17:00.494537
INFO:Message received on topic: test/2 with payload size: 91 at 2024-12-09 09:17:03.179281 sent 2024-12-09 09:17:03.105142
INFO:Message received on topic: test/2 with payload size: 91 at 2024-12-09 09:17:05.773008 sent 2024-12-09 09:17:05.723573
INFO:Message received on topic: test/2 with payload size: 91 at 2024-12-09 09:17:08.383206 sent 2024-12-09 09:17:08.350438
INFO:Message received on topic: test/2 with payload size: 91 at 2024-12-09 09:17:10.995569 sent 2024-12-09 09:17:10.973070
INFO:Message received on topic: test/2 with payload size: 91 at 2024-12-09 09:17:13.678760 sent 2024-12-09 09:17:13.585551
INFO:Message received on topic: test/2 with payload size: 91 at 2024-12-09 09:17:16.291723 sent 2024-12-09 09:17:16.193546
INFO:Message received on topic: test/2 with payload size: 91 at 2024-12-09 09:17:18.873278 sent 2024-12-09 09:17:18.813712
INFO:Message received on topic: test/2 with payload size: 91 at 2024-12-09 09:17:21.573495 sent 2024-12-09 09:17:21.429634
INFO:Message received on topic: test/2 with payload size: 91 at 2024-12-09 09:17:24.159071 sent 2024-12-09 09:17:24.052246
INFO:Message received on topic: test/2 with payload size: 91 at 2024-12-09 09:17:26.678429 sent 2024-12-09 09:17:26.659922
INFO:Message received on topic: test/2 with payload size: 91 at 2024-12-09 09:17:29.364970 sent 2024-12-09 09:17:29.283404
INFO:Message received on topic: test/2 with payload size: 91 at 2024-12-09 09:17:32.074135 sent 2024-12-09 09:17:31.893963
INFO:Message received on topic: test/2 with payload size: 91 at 2024-12-09 09:17:34.569197 sent 2024-12-09 09:17:34.507709
INFO:Message received on topic: test/2 with payload size: 91 at 2024-12-09 09:17:37.173099 sent 2024-12-09 09:17:37.117981
INFO:Message received on topic: test/2 with payload size: 91 at 2024-12-09 09:17:39.878038 sent 2024-12-09 09:17:39.731391
INFO:Message received on topic: test/2 with payload size: 91 at 2024-12-09 09:17:42.478790 sent 2024-12-09 09:17:42.351610
INFO:Message received on topic: test/2 with payload size: 91 at 2024-12-09 09:17:44.987149 sent 2024-12-09 09:17:44.966835
INFO:Message received on topic: test/2 with payload size: 91 at 2024-12-09 09:17:47.593248 sent 2024-12-09 09:17:47.575389
INFO:Message received on topic: test/2 with payload size: 91 at 2024-12-09 09:17:50.289305 sent 2024-12-09 09:17:50.189150
INFO:Message received on topic: test/2 with payload size: 91 at 2024-12-09 09:17:52.954200 sent 2024-12-09 09:17:52.798438
INFO:Message received on topic: test/2 with payload size: 91 at 2024-12-09 09:17:55.471126 sent 2024-12-09 09:17:55.410258
INFO:Message received on topic: test/2 with payload size: 91 at 2024-12-09 09:17:58.080495 sent 2024-12-09 09:17:58.021539
INFO:Message received on topic: test/2 with payload size: 91 at 2024-12-09 09:18:00.686211 sent 2024-12-09 09:18:00.631025
INFO:Message received on topic: test/2 with payload size: 91 at 2024-12-09 09:18:03.393066 sent 2024-12-09 09:18:03.244911
INFO:Message received on topic: test/2 with payload size: 91 at 2024-12-09 09:18:05.899936 sent 2024-12-09 09:18:05.854618
INFO:Message received on topic: test/2 with payload size: 91 at 2024-12-09 09:18:08.593589 sent 2024-12-09 09:18:08.477246
INFO:Message received on topic: test/2 with payload size: 91 at 2024-12-09 09:18:11.155874 sent 2024-12-09 09:18:11.086151
INFO:Message received on topic: test/2 with payload size: 91 at 2024-12-09 09:18:13.785229 sent 2024-12-09 09:18:13.699931
INFO:Message received on topic: test/2 with payload size: 91 at 2024-12-09 09:18:16.383144 sent 2024-12-09 09:18:16.309374
INFO:Message received on topic: test/2 with payload size: 91 at 2024-12-09 09:18:18.968148 sent 2024-12-09 09:18:18.925913
INFO:Message received on topic: test/2 with payload size: 91 at 2024-12-09 09:18:21.764122 sent 2024-12-09 09:18:21.538349
INFO:Message received on topic: test/2 with payload size: 91 at 2024-12-09 09:18:24.269273 sent 2024-12-09 09:18:24.151252
INFO:Message received on topic: test/2 with payload size: 91 at 2024-12-09 09:18:26.853652 sent 2024-12-09 09:18:26.762605
INFO:Message received on topic: test/2 with payload size: 91 at 2024-12-09 09:18:29.466408 sent 2024-12-09 09:18:29.374672
INFO:Message received on topic: test/2 with payload size: 91 at 2024-12-09 09:18:32.173422 sent 2024-12-09 09:18:31.994916
INFO:Message received on topic: test/2 with payload size: 91 at 2024-12-09 09:18:34.673473 sent 2024-12-09 09:18:34.608747
INFO:Message received on topic: test/2 with payload size: 91 at 2024-12-09 09:18:37.263573 sent 2024-12-09 09:18:37.225184
INFO:Message received on topic: test/2 with payload size: 91 at 2024-12-09 09:18:39.970695 sent 2024-12-09 09:18:39.837215
INFO:Message received on topic: test/2 with payload size: 91 at 2024-12-09 09:18:42.658859 sent 2024-12-09 09:18:42.446118
INFO:Message received on topic: test/2 with payload size: 91 at 2024-12-09 09:18:45.095467 sent 2024-12-09 09:18:45.060689
INFO:Message received on topic: test/2 with payload size: 91 at 2024-12-09 09:18:47.785872 sent 2024-12-09 09:18:47.672192
INFO:Message received on topic: test/2 with payload size: 91 at 2024-12-09 09:18:50.370841 sent 2024-12-09 09:18:50.283227
INFO:Message received on topic: test/2 with payload size: 91 at 2024-12-09 09:18:53.057103 sent 2024-12-09 09:18:52.893478
INFO:Message received on topic: test/2 with payload size: 91 at 2024-12-09 09:18:55.577265 sent 2024-12-09 09:18:55.503695
INFO:Message received on topic: test/2 with payload size: 91 at 2024-12-09 09:18:58.254040 sent 2024-12-09 09:18:58.123881
INFO:Message received on topic: test/2 with payload size: 91 at 2024-12-09 09:19:00.959603 sent 2024-12-09 09:19:00.734610
INFO:Message received on topic: test/2 with payload size: 91 at 2024-12-09 09:19:03.368655 sent 2024-12-09 09:19:03.345596
INFO:Message received on topic: test/2 with payload size: 91 at 2024-12-09 09:19:06.051207 sent 2024-12-09 09:19:05.960416
INFO:Message received on topic: test/2 with payload size: 91 at 2024-12-09 09:19:08.650678 sent 2024-12-09 09:19:08.567467
INFO:Message received on topic: test/2 with payload size: 91 at 2024-12-09 09:19:11.260831 sent 2024-12-09 09:19:11.179273
INFO:Message received on topic: test/2 with payload size: 91 at 2024-12-09 09:19:13.888552 sent 2024-12-09 09:19:13.793842
INFO:Message received on topic: test/2 with payload size: 91 at 2024-12-09 09:19:16.468193 sent 2024-12-09 09:19:16.402565
INFO:Message received on topic: test/2 with payload size: 91 at 2024-12-09 09:19:19.075607 sent 2024-12-09 09:19:19.013833
INFO:Message received on topic: test/2 with payload size: 91 at 2024-12-09 09:19:21.754285 sent 2024-12-09 09:19:21.630196
INFO:Message received on topic: test/2 with payload size: 91 at 2024-12-09 09:19:24.356777 sent 2024-12-09 09:19:24.242662
INFO:Message received on topic: test/2 with payload size: 91 at 2024-12-09 09:19:27.048250 sent 2024-12-09 09:19:26.846749
INFO:Message received on topic: test/2 with payload size: 91 at 2024-12-09 09:19:29.473956 sent 2024-12-09 09:19:29.436449
INFO:Message received on topic: test/2 with payload size: 91 at 2024-12-09 09:19:32.161504 sent 2024-12-09 09:19:32.023516
INFO:Message received on topic: test/2 with payload size: 91 at 2024-12-09 09:19:34.756770 sent 2024-12-09 09:19:34.618378
INFO:Message received on topic: test/2 with payload size: 91 at 2024-12-09 09:19:37.374976 sent 2024-12-09 09:19:37.204901
INFO:Message received on topic: test/2 with payload size: 91 at 2024-12-09 09:19:39.951098 sent 2024-12-09 09:19:39.815070
INFO:Message received on topic: test/2 with payload size: 91 at 2024-12-09 09:19:42.556141 sent 2024-12-09 09:19:42.430473
INFO:Message received on topic: test/2 with payload size: 91 at 2024-12-09 09:19:45.078932 sent 2024-12-09 09:19:45.043565
INFO:Message received on topic: test/2 with payload size: 91 at 2024-12-09 09:19:47.671925 sent 2024-12-09 09:19:47.649871
INFO:Message received on topic: test/2 with payload size: 91 at 2024-12-09 09:19:50.270968 sent 2024-12-09 09:19:50.261719
INFO:Message received on topic: test/2 with payload size: 91 at 2024-12-09 09:19:52.961925 sent 2024-12-09 09:19:52.872877
INFO:Message received on topic: test/2 with payload size: 91 at 2024-12-09 09:19:55.592304 sent 2024-12-09 09:19:55.485475
INFO:Message received on topic: test/2 with payload size: 91 at 2024-12-09 09:19:58.170861 sent 2024-12-09 09:19:58.100078
INFO:Message received on topic: test/2 with payload size: 91 at 2024-12-09 09:20:00.779414 sent 2024-12-09 09:20:00.712248
INFO:Message received on topic: test/2 with payload size: 91 at 2024-12-09 09:20:03.471661 sent 2024-12-09 09:20:03.328426
INFO:Message received on topic: test/2 with payload size: 91 at 2024-12-09 09:20:05.960450 sent 2024-12-09 09:20:05.938413
INFO:Message received on topic: test/2 with payload size: 91 at 2024-12-09 09:20:08.656569 sent 2024-12-09 09:20:08.559721
INFO:Message received on topic: test/2 with payload size: 91 at 2024-12-09 09:20:11.291558 sent 2024-12-09 09:20:11.173318
INFO:Message received on topic: test/2 with payload size: 91 at 2024-12-09 09:20:13.864618 sent 2024-12-09 09:20:13.787340
INFO:Message received on topic: test/2 with payload size: 91 at 2024-12-09 09:20:16.482569 sent 2024-12-09 09:20:16.400668
INFO:Message received on topic: test/2 with payload size: 91 at 2024-12-09 09:20:19.160258 sent 2024-12-09 09:20:19.019916
INFO:Message received on topic: test/2 with payload size: 91 at 2024-12-09 09:20:21.763677 sent 2024-12-09 09:20:21.634885
INFO:Message received on topic: test/2 with payload size: 91 at 2024-12-09 09:20:24.279287 sent 2024-12-09 09:20:24.248415
INFO:Message received on topic: test/2 with payload size: 91 at 2024-12-09 09:20:26.883286 sent 2024-12-09 09:20:26.859700
INFO:Message received on topic: test/2 with payload size: 91 at 2024-12-09 09:20:29.564840 sent 2024-12-09 09:20:29.467700
INFO:Message received on topic: test/2 with payload size: 91 at 2024-12-09 09:20:32.165624 sent 2024-12-09 09:20:32.080809
INFO:Message received on topic: test/2 with payload size: 91 at 2024-12-09 09:20:34.857231 sent 2024-12-09 09:20:34.703439
INFO:Message received on topic: test/2 with payload size: 91 at 2024-12-09 09:20:37.456869 sent 2024-12-09 09:20:37.317514
INFO:Message received on topic: test/2 with payload size: 91 at 2024-12-09 09:20:39.998028 sent 2024-12-09 09:20:39.926087
INFO:Message received on topic: test/2 with payload size: 91 at 2024-12-09 09:20:42.660170 sent 2024-12-09 09:20:42.541426
INFO:Message received on topic: test/2 with payload size: 91 at 2024-12-09 09:20:45.273402 sent 2024-12-09 09:20:45.154712
INFO:Message received on topic: test/2 with payload size: 91 at 2024-12-09 09:20:47.859710 sent 2024-12-09 09:20:47.763054
INFO:Message received on topic: test/2 with payload size: 91 at 2024-12-09 09:20:50.479937 sent 2024-12-09 09:20:50.373941
INFO:Message received on topic: test/2 with payload size: 91 at 2024-12-09 09:20:53.175729 sent 2024-12-09 09:20:52.988239
INFO:Message received on topic: test/2 with payload size: 91 at 2024-12-09 09:20:55.697661 sent 2024-12-09 09:20:55.600047
INFO:Message received on topic: test/2 with payload size: 91 at 2024-12-09 09:20:58.387185 sent 2024-12-09 09:20:58.212638
INFO:Message received on topic: test/2 with payload size: 91 at 2024-12-09 09:21:00.994615 sent 2024-12-09 09:21:00.831161
INFO:Message received on topic: test/2 with payload size: 91 at 2024-12-09 09:21:03.586854 sent 2024-12-09 09:21:03.443193
INFO:Message received on topic: test/2 with payload size: 91 at 2024-12-09 09:21:06.279318 sent 2024-12-09 09:21:06.041946
INFO:Message received on topic: test/2 with payload size: 91 at 2024-12-09 09:21:08.683959 sent 2024-12-09 09:21:08.651121
INFO:Message received on topic: test/2 with payload size: 91 at 2024-12-09 09:21:11.462030 sent 2024-12-09 09:21:11.271646
INFO:Message received on topic: test/2 with payload size: 91 at 2024-12-09 09:21:13.963653 sent 2024-12-09 09:21:13.886522
INFO:Message received on topic: test/2 with payload size: 91 at 2024-12-09 09:21:16.654716 sent 2024-12-09 09:21:16.499296
INFO:Message received on topic: test/2 with payload size: 91 at 2024-12-09 09:21:19.256274 sent 2024-12-09 09:21:19.109759
INFO:Message received on topic: test/2 with payload size: 91 at 2024-12-09 09:21:21.855408 sent 2024-12-09 09:21:21.726729
INFO:Message received on topic: test/2 with payload size: 91 at 2024-12-09 09:21:24.502605 sent 2024-12-09 09:21:24.337903
INFO:Message received on topic: test/2 with payload size: 91 at 2024-12-09 09:21:27.072837 sent 2024-12-09 09:21:26.953799
INFO:Message received on topic: test/2 with payload size: 91 at 2024-12-09 09:21:30.191974 sent 2024-12-09 09:21:29.577528
INFO:Message received on topic: test/2 with payload size: 91 at 2024-12-09 09:21:32.301088 sent 2024-12-09 09:21:32.187006
INFO:Message received on topic: test/2 with payload size: 91 at 2024-12-09 09:21:34.861168 sent 2024-12-09 09:21:34.797022
INFO:Message received on topic: test/2 with payload size: 91 at 2024-12-09 09:21:37.670294 sent 2024-12-09 09:21:37.412702
INFO:Message received on topic: test/2 with payload size: 91 at 2024-12-09 09:21:40.159059 sent 2024-12-09 09:21:40.025110
INFO:Message received on topic: test/2 with payload size: 91 at 2024-12-09 09:21:42.765555 sent 2024-12-09 09:21:42.644663
INFO:Message received on topic: test/2 with payload size: 91 at 2024-12-09 09:21:45.365450 sent 2024-12-09 09:21:45.258077
INFO:Message received on topic: test/2 with payload size: 91 at 2024-12-09 09:21:47.887262 sent 2024-12-09 09:21:47.867709
INFO:Message received on topic: test/2 with payload size: 91 at 2024-12-09 09:21:50.757479 sent 2024-12-09 09:21:50.480299
INFO:Message received on topic: test/2 with payload size: 91 at 2024-12-09 09:21:53.162910 sent 2024-12-09 09:21:53.095305
INFO:Message received on topic: test/2 with payload size: 91 at 2024-12-09 09:21:55.864616 sent 2024-12-09 09:21:55.707813
INFO:Message received on topic: test/2 with payload size: 91 at 2024-12-09 09:21:58.566113 sent 2024-12-09 09:21:58.322928
INFO:Message received on topic: test/2 with payload size: 91 at 2024-12-09 09:22:01.173475 sent 2024-12-09 09:22:00.935789
INFO:Message received on topic: test/2 with payload size: 91 at 2024-12-09 09:22:03.681829 sent 2024-12-09 09:22:03.550040
INFO:Message received on topic: test/2 with payload size: 91 at 2024-12-09 09:22:06.257011 sent 2024-12-09 09:22:06.168665
INFO:Message received on topic: test/2 with payload size: 91 at 2024-12-09 09:22:08.873936 sent 2024-12-09 09:22:08.786215
INFO:Message received on topic: test/2 with payload size: 91 at 2024-12-09 09:22:11.550090 sent 2024-12-09 09:22:11.399621
