INFO:Starting Version 1.0.5
DEBUG:Using selector: EpollSelector
INFO:Connecting to cluster at: mqtt-quic://emqx-headless.dtwins:14567 using QUIC
INFO:Subscribed to topic: test/40
INFO:Logging each: 50
INFO:Unhandled packet type received
INFO:Message received on topic: test/40 with payload size: 91 at 2024-12-09 09:16:05.576124 sent 2024-12-09 09:16:05.440696
INFO:Message received on topic: test/40 with payload size: 91 at 2024-12-09 09:16:08.160706 sent 2024-12-09 09:16:08.045071
INFO:Message received on topic: test/40 with payload size: 91 at 2024-12-09 09:16:10.678885 sent 2024-12-09 09:16:10.649746
INFO:Message received on topic: test/40 with payload size: 91 at 2024-12-09 09:16:13.276473 sent 2024-12-09 09:16:13.251198
INFO:Message received on topic: test/40 with payload size: 91 at 2024-12-09 09:16:15.880610 sent 2024-12-09 09:16:15.856864
INFO:Message received on topic: test/40 with payload size: 91 at 2024-12-09 09:16:18.474307 sent 2024-12-09 09:16:18.459549
INFO:Message received on topic: test/40 with payload size: 91 at 2024-12-09 09:16:21.103866 sent 2024-12-09 09:16:21.073556
INFO:Message received on topic: test/40 with payload size: 91 at 2024-12-09 09:16:23.784277 sent 2024-12-09 09:16:23.689932
INFO:Message received on topic: test/40 with payload size: 91 at 2024-12-09 09:16:26.388035 sent 2024-12-09 09:16:26.301545
INFO:Message received on topic: test/40 with payload size: 91 at 2024-12-09 09:16:28.976786 sent 2024-12-09 09:16:28.908749
INFO:Message received on topic: test/40 with payload size: 91 at 2024-12-09 09:16:31.568043 sent 2024-12-09 09:16:31.517554
INFO:Message received on topic: test/40 with payload size: 91 at 2024-12-09 09:16:34.183458 sent 2024-12-09 09:16:34.135214
INFO:Message received on topic: test/40 with payload size: 91 at 2024-12-09 09:16:36.869488 sent 2024-12-09 09:16:36.745510
INFO:Message received on topic: test/40 with payload size: 91 at 2024-12-09 09:16:39.370498 sent 2024-12-09 09:16:39.355168
INFO:Message received on topic: test/40 with payload size: 91 at 2024-12-09 09:16:41.990924 sent 2024-12-09 09:16:41.970090
INFO:Message received on topic: test/40 with payload size: 91 at 2024-12-09 09:16:44.759575 sent 2024-12-09 09:16:44.595862
INFO:Message received on topic: test/40 with payload size: 91 at 2024-12-09 09:16:47.272214 sent 2024-12-09 09:16:47.211890
INFO:Message received on topic: test/40 with payload size: 91 at 2024-12-09 09:16:49.885365 sent 2024-12-09 09:16:49.834692
INFO:Message received on topic: test/40 with payload size: 91 at 2024-12-09 09:16:52.666305 sent 2024-12-09 09:16:52.443617
INFO:Message received on topic: test/40 with payload size: 91 at 2024-12-09 09:16:55.093571 sent 2024-12-09 09:16:55.052674
INFO:Message received on topic: test/40 with payload size: 91 at 2024-12-09 09:16:57.689277 sent 2024-12-09 09:16:57.663561
INFO:Message received on topic: test/40 with payload size: 91 at 2024-12-09 09:17:00.295536 sent 2024-12-09 09:17:00.272863
INFO:Message received on topic: test/40 with payload size: 91 at 2024-12-09 09:17:03.066597 sent 2024-12-09 09:17:02.890203
INFO:Message received on topic: test/40 with payload size: 91 at 2024-12-09 09:17:05.569285 sent 2024-12-09 09:17:05.508598
INFO:Message received on topic: test/40 with payload size: 91 at 2024-12-09 09:17:08.174671 sent 2024-12-09 09:17:08.118278
INFO:Message received on topic: test/40 with payload size: 91 at 2024-12-09 09:17:10.774091 sent 2024-12-09 09:17:10.728304
INFO:Message received on topic: test/40 with payload size: 91 at 2024-12-09 09:17:13.368145 sent 2024-12-09 09:17:13.351095
INFO:Message received on topic: test/40 with payload size: 91 at 2024-12-09 09:17:15.985619 sent 2024-12-09 09:17:15.971026
INFO:Message received on topic: test/40 with payload size: 91 at 2024-12-09 09:17:18.652314 sent 2024-12-09 09:17:18.581878
INFO:Message received on topic: test/40 with payload size: 91 at 2024-12-09 09:17:21.257247 sent 2024-12-09 09:17:21.199317
INFO:Message received on topic: test/40 with payload size: 91 at 2024-12-09 09:17:23.971613 sent 2024-12-09 09:17:23.809878
INFO:Message received on topic: test/40 with payload size: 91 at 2024-12-09 09:17:26.468527 sent 2024-12-09 09:17:26.422312
INFO:Message received on topic: test/40 with payload size: 91 at 2024-12-09 09:17:29.082554 sent 2024-12-09 09:17:29.035635
INFO:Message received on topic: test/40 with payload size: 91 at 2024-12-09 09:17:31.677926 sent 2024-12-09 09:17:31.649927
INFO:Message received on topic: test/40 with payload size: 91 at 2024-12-09 09:17:34.351301 sent 2024-12-09 09:17:34.269533
INFO:Message received on topic: test/40 with payload size: 91 at 2024-12-09 09:17:36.967993 sent 2024-12-09 09:17:36.883623
INFO:Message received on topic: test/40 with payload size: 91 at 2024-12-09 09:17:39.574269 sent 2024-12-09 09:17:39.498203
INFO:Message received on topic: test/40 with payload size: 91 at 2024-12-09 09:17:42.254041 sent 2024-12-09 09:17:42.113361
INFO:Message received on topic: test/40 with payload size: 91 at 2024-12-09 09:17:44.765622 sent 2024-12-09 09:17:44.725054
INFO:Message received on topic: test/40 with payload size: 91 at 2024-12-09 09:17:47.373218 sent 2024-12-09 09:17:47.328561
INFO:Message received on topic: test/40 with payload size: 91 at 2024-12-09 09:17:50.093829 sent 2024-12-09 09:17:49.944994
INFO:Message received on topic: test/40 with payload size: 91 at 2024-12-09 09:17:52.670924 sent 2024-12-09 09:17:52.554145
INFO:Message received on topic: test/40 with payload size: 91 at 2024-12-09 09:17:55.194607 sent 2024-12-09 09:17:55.163948
INFO:Message received on topic: test/40 with payload size: 91 at 2024-12-09 09:17:57.860953 sent 2024-12-09 09:17:57.777818
INFO:Message received on topic: test/40 with payload size: 91 at 2024-12-09 09:18:00.479681 sent 2024-12-09 09:18:00.385940
INFO:Message received on topic: test/40 with payload size: 91 at 2024-12-09 09:18:03.166934 sent 2024-12-09 09:18:02.994304
INFO:Message received on topic: test/40 with payload size: 91 at 2024-12-09 09:18:05.665187 sent 2024-12-09 09:18:05.604783
INFO:Message received on topic: test/40 with payload size: 91 at 2024-12-09 09:18:08.270290 sent 2024-12-09 09:18:08.226755
INFO:Message received on topic: test/40 with payload size: 91 at 2024-12-09 09:18:10.968766 sent 2024-12-09 09:18:10.840850
INFO:Message received on topic: test/40 with payload size: 91 at 2024-12-09 09:18:13.495080 sent 2024-12-09 09:18:13.452303
INFO:Message received on topic: test/40 with payload size: 91 at 2024-12-09 09:18:16.084769 sent 2024-12-09 09:18:16.064824
INFO:Message received on topic: test/40 with payload size: 91 at 2024-12-09 09:18:18.764860 sent 2024-12-09 09:18:18.674289
INFO:Message received on topic: test/40 with payload size: 91 at 2024-12-09 09:18:21.397123 sent 2024-12-09 09:18:21.287875
INFO:Message received on topic: test/40 with payload size: 91 at 2024-12-09 09:18:24.074199 sent 2024-12-09 09:18:23.898984
INFO:Message received on topic: test/40 with payload size: 91 at 2024-12-09 09:18:26.565694 sent 2024-12-09 09:18:26.508368
INFO:Message received on topic: test/40 with payload size: 91 at 2024-12-09 09:18:29.186711 sent 2024-12-09 09:18:29.124496
INFO:Message received on topic: test/40 with payload size: 91 at 2024-12-09 09:18:31.899583 sent 2024-12-09 09:18:31.743100
INFO:Message received on topic: test/40 with payload size: 91 at 2024-12-09 09:18:34.463212 sent 2024-12-09 09:18:34.358808
INFO:Message received on topic: test/40 with payload size: 91 at 2024-12-09 09:18:37.061528 sent 2024-12-09 09:18:36.968940
INFO:Message received on topic: test/40 with payload size: 91 at 2024-12-09 09:18:39.659040 sent 2024-12-09 09:18:39.583369
INFO:Message received on topic: test/40 with payload size: 91 at 2024-12-09 09:18:42.262104 sent 2024-12-09 09:18:42.194951
INFO:Message received on topic: test/40 with payload size: 91 at 2024-12-09 09:18:44.883111 sent 2024-12-09 09:18:44.810512
INFO:Message received on topic: test/40 with payload size: 91 at 2024-12-09 09:18:47.490760 sent 2024-12-09 09:18:47.418717
INFO:Message received on topic: test/40 with payload size: 91 at 2024-12-09 09:18:50.095083 sent 2024-12-09 09:18:50.028248
INFO:Message received on topic: test/40 with payload size: 91 at 2024-12-09 09:18:52.889574 sent 2024-12-09 09:18:52.639484
INFO:Message received on topic: test/40 with payload size: 91 at 2024-12-09 09:18:55.479829 sent 2024-12-09 09:18:55.247447
INFO:Message received on topic: test/40 with payload size: 91 at 2024-12-09 09:18:57.963892 sent 2024-12-09 09:18:57.866486
INFO:Message received on topic: test/40 with payload size: 91 at 2024-12-09 09:19:00.493629 sent 2024-12-09 09:19:00.478156
INFO:Message received on topic: test/40 with payload size: 91 at 2024-12-09 09:19:03.254944 sent 2024-12-09 09:19:03.093237
INFO:Message received on topic: test/40 with payload size: 91 at 2024-12-09 09:19:05.787236 sent 2024-12-09 09:19:05.711708
INFO:Message received on topic: test/40 with payload size: 91 at 2024-12-09 09:19:08.372857 sent 2024-12-09 09:19:08.325638
INFO:Message received on topic: test/40 with payload size: 91 at 2024-12-09 09:19:11.057899 sent 2024-12-09 09:19:10.937804
INFO:Message received on topic: test/40 with payload size: 91 at 2024-12-09 09:19:13.599231 sent 2024-12-09 09:19:13.549596
INFO:Message received on topic: test/40 with payload size: 91 at 2024-12-09 09:19:16.250173 sent 2024-12-09 09:19:16.153785
INFO:Message received on topic: test/40 with payload size: 91 at 2024-12-09 09:19:18.867685 sent 2024-12-09 09:19:18.774156
INFO:Message received on topic: test/40 with payload size: 91 at 2024-12-09 09:19:21.459073 sent 2024-12-09 09:19:21.385229
INFO:Message received on topic: test/40 with payload size: 91 at 2024-12-09 09:19:24.159086 sent 2024-12-09 09:19:24.004818
INFO:Message received on topic: test/40 with payload size: 91 at 2024-12-09 09:19:26.680650 sent 2024-12-09 09:19:26.618815
INFO:Message received on topic: test/40 with payload size: 91 at 2024-12-09 09:19:29.281418 sent 2024-12-09 09:19:29.213157
INFO:Message received on topic: test/40 with payload size: 91 at 2024-12-09 09:19:31.965721 sent 2024-12-09 09:19:31.800908
INFO:Message received on topic: test/40 with payload size: 91 at 2024-12-09 09:19:34.593857 sent 2024-12-09 09:19:34.394276
INFO:Message received on topic: test/40 with payload size: 91 at 2024-12-09 09:19:37.076721 sent 2024-12-09 09:19:36.982362
INFO:Message received on topic: test/40 with payload size: 91 at 2024-12-09 09:19:39.757532 sent 2024-12-09 09:19:39.593341
INFO:Message received on topic: test/40 with payload size: 91 at 2024-12-09 09:19:42.270745 sent 2024-12-09 09:19:42.213051
INFO:Message received on topic: test/40 with payload size: 91 at 2024-12-09 09:19:44.968310 sent 2024-12-09 09:19:44.824301
INFO:Message received on topic: test/40 with payload size: 91 at 2024-12-09 09:19:47.494699 sent 2024-12-09 09:19:47.434246
INFO:Message received on topic: test/40 with payload size: 91 at 2024-12-09 09:19:50.199286 sent 2024-12-09 09:19:50.041258
INFO:Message received on topic: test/40 with payload size: 91 at 2024-12-09 09:19:52.680901 sent 2024-12-09 09:19:52.661234
INFO:Message received on topic: test/40 with payload size: 91 at 2024-12-09 09:19:55.354735 sent 2024-12-09 09:19:55.266688
INFO:Message received on topic: test/40 with payload size: 91 at 2024-12-09 09:19:57.900097 sent 2024-12-09 09:19:57.879138
INFO:Message received on topic: test/40 with payload size: 91 at 2024-12-09 09:20:00.660477 sent 2024-12-09 09:20:00.492855
INFO:Message received on topic: test/40 with payload size: 91 at 2024-12-09 09:20:03.264057 sent 2024-12-09 09:20:03.104476
INFO:Message received on topic: test/40 with payload size: 91 at 2024-12-09 09:20:05.780603 sent 2024-12-09 09:20:05.725636
INFO:Message received on topic: test/40 with payload size: 91 at 2024-12-09 09:20:08.393008 sent 2024-12-09 09:20:08.341210
INFO:Message received on topic: test/40 with payload size: 91 at 2024-12-09 09:20:11.067633 sent 2024-12-09 09:20:10.955571
INFO:Message received on topic: test/40 with payload size: 91 at 2024-12-09 09:20:13.588139 sent 2024-12-09 09:20:13.567925
INFO:Message received on topic: test/40 with payload size: 91 at 2024-12-09 09:20:16.266522 sent 2024-12-09 09:20:16.182167
INFO:Message received on topic: test/40 with payload size: 91 at 2024-12-09 09:20:18.863080 sent 2024-12-09 09:20:18.791039
INFO:Message received on topic: test/40 with payload size: 91 at 2024-12-09 09:20:21.476596 sent 2024-12-09 09:20:21.403089
INFO:Message received on topic: test/40 with payload size: 91 at 2024-12-09 09:20:24.073017 sent 2024-12-09 09:20:24.016165
INFO:Message received on topic: test/40 with payload size: 91 at 2024-12-09 09:20:26.682246 sent 2024-12-09 09:20:26.627627
INFO:Message received on topic: test/40 with payload size: 91 at 2024-12-09 09:20:29.465121 sent 2024-12-09 09:20:29.249235
INFO:Message received on topic: test/40 with payload size: 91 at 2024-12-09 09:20:31.962967 sent 2024-12-09 09:20:31.870844
INFO:Message received on topic: test/40 with payload size: 91 at 2024-12-09 09:20:34.573062 sent 2024-12-09 09:20:34.483411
INFO:Message received on topic: test/40 with payload size: 91 at 2024-12-09 09:20:37.260504 sent 2024-12-09 09:20:37.090217
INFO:Message received on topic: test/40 with payload size: 91 at 2024-12-09 09:20:39.766158 sent 2024-12-09 09:20:39.711552
INFO:Message received on topic: test/40 with payload size: 91 at 2024-12-09 09:20:42.383121 sent 2024-12-09 09:20:42.321044
INFO:Message received on topic: test/40 with payload size: 91 at 2024-12-09 09:20:45.152649 sent 2024-12-09 09:20:44.933282
INFO:Message received on topic: test/40 with payload size: 91 at 2024-12-09 09:20:47.682531 sent 2024-12-09 09:20:47.545040
INFO:Message received on topic: test/40 with payload size: 91 at 2024-12-09 09:20:50.250850 sent 2024-12-09 09:20:50.158938
INFO:Message received on topic: test/40 with payload size: 91 at 2024-12-09 09:20:52.861688 sent 2024-12-09 09:20:52.776493
INFO:Message received on topic: test/40 with payload size: 91 at 2024-12-09 09:20:55.467285 sent 2024-12-09 09:20:55.388518
INFO:Message received on topic: test/40 with payload size: 91 at 2024-12-09 09:20:58.181253 sent 2024-12-09 09:20:58.003052
INFO:Message received on topic: test/40 with payload size: 91 at 2024-12-09 09:21:00.667767 sent 2024-12-09 09:21:00.616881
INFO:Message received on topic: test/40 with payload size: 91 at 2024-12-09 09:21:03.265242 sent 2024-12-09 09:21:03.228634
INFO:Message received on topic: test/40 with payload size: 91 at 2024-12-09 09:21:05.880572 sent 2024-12-09 09:21:05.828271
INFO:Message received on topic: test/40 with payload size: 91 at 2024-12-09 09:21:08.499108 sent 2024-12-09 09:21:08.444177
INFO:Message received on topic: test/40 with payload size: 91 at 2024-12-09 09:21:11.175226 sent 2024-12-09 09:21:11.063403
INFO:Message received on topic: test/40 with payload size: 91 at 2024-12-09 09:21:13.780087 sent 2024-12-09 09:21:13.676040
INFO:Message received on topic: test/40 with payload size: 91 at 2024-12-09 09:21:16.365805 sent 2024-12-09 09:21:16.288138
INFO:Message received on topic: test/40 with payload size: 91 at 2024-12-09 09:21:19.063206 sent 2024-12-09 09:21:18.896410
INFO:Message received on topic: test/40 with payload size: 91 at 2024-12-09 09:21:21.569298 sent 2024-12-09 09:21:21.508254
INFO:Message received on topic: test/40 with payload size: 91 at 2024-12-09 09:21:24.163902 sent 2024-12-09 09:21:24.127645
INFO:Message received on topic: test/40 with payload size: 91 at 2024-12-09 09:21:26.867056 sent 2024-12-09 09:21:26.742141
INFO:Message received on topic: test/40 with payload size: 91 at 2024-12-09 09:21:29.953957 sent 2024-12-09 09:21:29.352617
INFO:Message received on topic: test/40 with payload size: 91 at 2024-12-09 09:21:32.071574 sent 2024-12-09 09:21:31.965922
INFO:Message received on topic: test/40 with payload size: 91 at 2024-12-09 09:21:34.657124 sent 2024-12-09 09:21:34.576909
INFO:Message received on topic: test/40 with payload size: 91 at 2024-12-09 09:21:37.367943 sent 2024-12-09 09:21:37.197186
INFO:Message received on topic: test/40 with payload size: 91 at 2024-12-09 09:21:39.888103 sent 2024-12-09 09:21:39.809259
INFO:Message received on topic: test/40 with payload size: 91 at 2024-12-09 09:21:42.579418 sent 2024-12-09 09:21:42.421889
INFO:Message received on topic: test/40 with payload size: 91 at 2024-12-09 09:21:45.165215 sent 2024-12-09 09:21:45.025389
INFO:Message received on topic: test/40 with payload size: 91 at 2024-12-09 09:21:47.764153 sent 2024-12-09 09:21:47.636557
INFO:Message received on topic: test/40 with payload size: 91 at 2024-12-09 09:21:50.371917 sent 2024-12-09 09:21:50.254226
INFO:Message received on topic: test/40 with payload size: 91 at 2024-12-09 09:21:52.965076 sent 2024-12-09 09:21:52.865751
INFO:Message received on topic: test/40 with payload size: 91 at 2024-12-09 09:21:55.652405 sent 2024-12-09 09:21:55.480626
INFO:Message received on topic: test/40 with payload size: 91 at 2024-12-09 09:21:58.365888 sent 2024-12-09 09:21:58.091867
INFO:Message received on topic: test/40 with payload size: 91 at 2024-12-09 09:22:00.888964 sent 2024-12-09 09:22:00.701594
INFO:Message received on topic: test/40 with payload size: 91 at 2024-12-09 09:22:03.459258 sent 2024-12-09 09:22:03.320512
INFO:Message received on topic: test/40 with payload size: 91 at 2024-12-09 09:22:06.098708 sent 2024-12-09 09:22:05.934008
INFO:Message received on topic: test/40 with payload size: 91 at 2024-12-09 09:22:08.754456 sent 2024-12-09 09:22:08.544725
INFO:Message received on topic: test/40 with payload size: 91 at 2024-12-09 09:22:11.274127 sent 2024-12-09 09:22:11.156907
INFO:Message received on topic: test/40 with payload size: 91 at 2024-12-09 09:22:13.858243 sent 2024-12-09 09:22:13.768399
INFO:Message received on topic: test/40 with payload size: 91 at 2024-12-09 09:22:16.451817 sent 2024-12-09 09:22:16.376153
INFO:Message received on topic: test/40 with payload size: 91 at 2024-12-09 09:22:19.159108 sent 2024-12-09 09:22:18.987666
INFO:Message received on topic: test/40 with payload size: 91 at 2024-12-09 09:22:21.671585 sent 2024-12-09 09:22:21.602737
INFO:Message received on topic: test/40 with payload size: 91 at 2024-12-09 09:22:24.350867 sent 2024-12-09 09:22:24.210885
INFO:Message received on topic: test/40 with payload size: 91 at 2024-12-09 09:22:26.872851 sent 2024-12-09 09:22:26.820170
INFO:Message received on topic: test/40 with payload size: 91 at 2024-12-09 09:22:29.666593 sent 2024-12-09 09:22:29.436733
INFO:Message received on topic: test/40 with payload size: 91 at 2024-12-09 09:22:32.162231 sent 2024-12-09 09:22:32.054793
INFO:Message received on topic: test/40 with payload size: 91 at 2024-12-09 09:22:34.759429 sent 2024-12-09 09:22:34.664133
INFO:Message received on topic: test/40 with payload size: 91 at 2024-12-09 09:22:37.378661 sent 2024-12-09 09:22:37.277056
INFO:Message received on topic: test/40 with payload size: 91 at 2024-12-09 09:22:39.979658 sent 2024-12-09 09:22:39.893053
INFO:Message received on topic: test/40 with payload size: 91 at 2024-12-09 09:22:42.570117 sent 2024-12-09 09:22:42.508640
INFO:Message received on topic: test/40 with payload size: 91 at 2024-12-09 09:22:45.159533 sent 2024-12-09 09:22:45.115696
INFO:Message received on topic: test/40 with payload size: 91 at 2024-12-09 09:22:47.788687 sent 2024-12-09 09:22:47.723939
INFO:Message received on topic: test/40 with payload size: 91 at 2024-12-09 09:22:50.554757 sent 2024-12-09 09:22:50.339676
INFO:Message received on topic: test/40 with payload size: 91 at 2024-12-09 09:22:53.083160 sent 2024-12-09 09:22:52.948533
INFO:Message received on topic: test/40 with payload size: 91 at 2024-12-09 09:22:55.670772 sent 2024-12-09 09:22:55.555853
INFO:Message received on topic: test/40 with payload size: 91 at 2024-12-09 09:22:58.264242 sent 2024-12-09 09:22:58.161421
INFO:Message received on topic: test/40 with payload size: 91 at 2024-12-09 09:23:00.858087 sent 2024-12-09 09:23:00.771381
INFO:Message received on topic: test/40 with payload size: 91 at 2024-12-09 09:23:03.460314 sent 2024-12-09 09:23:03.381122
INFO:Message received on topic: test/40 with payload size: 91 at 2024-12-09 09:23:06.151965 sent 2024-12-09 09:23:05.988664
INFO:Message received on topic: test/40 with payload size: 91 at 2024-12-09 09:23:08.760887 sent 2024-12-09 09:23:08.594481
INFO:Message received on topic: test/40 with payload size: 91 at 2024-12-09 09:23:11.288989 sent 2024-12-09 09:23:11.204099
INFO:Message received on topic: test/40 with payload size: 91 at 2024-12-09 09:23:13.958683 sent 2024-12-09 09:23:13.810191
INFO:Message received on topic: test/40 with payload size: 91 at 2024-12-09 09:23:16.471587 sent 2024-12-09 09:23:16.417940
INFO:Message received on topic: test/40 with payload size: 91 at 2024-12-09 09:23:19.073121 sent 2024-12-09 09:23:19.029859
INFO:Message received on topic: test/40 with payload size: 91 at 2024-12-09 09:23:21.780495 sent 2024-12-09 09:23:21.642567
INFO:Message received on topic: test/40 with payload size: 91 at 2024-12-09 09:23:24.286641 sent 2024-12-09 09:23:24.253811
INFO:Message received on topic: test/40 with payload size: 91 at 2024-12-09 09:23:26.882812 sent 2024-12-09 09:23:26.863510
INFO:Message received on topic: test/40 with payload size: 91 at 2024-12-09 09:23:29.564472 sent 2024-12-09 09:23:29.478674
INFO:Message received on topic: test/40 with payload size: 91 at 2024-12-09 09:23:32.252730 sent 2024-12-09 09:23:32.088634
INFO:Message received on topic: test/40 with payload size: 91 at 2024-12-09 09:23:34.852715 sent 2024-12-09 09:23:34.696878
INFO:Message received on topic: test/40 with payload size: 91 at 2024-12-09 09:23:37.369310 sent 2024-12-09 09:23:37.309426
INFO:Message received on topic: test/40 with payload size: 91 at 2024-12-09 09:23:39.964514 sent 2024-12-09 09:23:39.917654
INFO:Message received on topic: test/40 with payload size: 91 at 2024-12-09 09:23:42.561142 sent 2024-12-09 09:23:42.527948
INFO:Message received on topic: test/40 with payload size: 91 at 2024-12-09 09:23:45.201622 sent 2024-12-09 09:23:45.133623
INFO:Message received on topic: test/40 with payload size: 91 at 2024-12-09 09:23:47.785751 sent 2024-12-09 09:23:47.739281
INFO:Message received on topic: test/40 with payload size: 91 at 2024-12-09 09:23:50.375233 sent 2024-12-09 09:23:50.351887
INFO:Message received on topic: test/40 with payload size: 91 at 2024-12-09 09:23:52.982120 sent 2024-12-09 09:23:52.958340
INFO:Message received on topic: test/40 with payload size: 91 at 2024-12-09 09:23:55.656476 sent 2024-12-09 09:23:55.564783
INFO:Message received on topic: test/40 with payload size: 91 at 2024-12-09 09:23:58.181409 sent 2024-12-09 09:23:58.173526
INFO:Message received on topic: test/40 with payload size: 91 at 2024-12-09 09:24:00.865208 sent 2024-12-09 09:24:00.778925
INFO:Message received on topic: test/40 with payload size: 91 at 2024-12-09 09:24:03.465386 sent 2024-12-09 09:24:03.384819
INFO:Message received on topic: test/40 with payload size: 91 at 2024-12-09 09:24:06.069221 sent 2024-12-09 09:24:05.988982
INFO:Message received on topic: test/40 with payload size: 91 at 2024-12-09 09:24:08.680038 sent 2024-12-09 09:24:08.593990
INFO:Message received on topic: test/40 with payload size: 91 at 2024-12-09 09:24:11.283818 sent 2024-12-09 09:24:11.199256
INFO:Message received on topic: test/40 with payload size: 91 at 2024-12-09 09:24:13.867635 sent 2024-12-09 09:24:13.803863
INFO:Message received on topic: test/40 with payload size: 91 at 2024-12-09 09:24:16.462979 sent 2024-12-09 09:24:16.414233
INFO:Message received on topic: test/40 with payload size: 91 at 2024-12-09 09:24:19.078190 sent 2024-12-09 09:24:19.023581
INFO:Message received on topic: test/40 with payload size: 91 at 2024-12-09 09:24:21.671971 sent 2024-12-09 09:24:21.628930
INFO:Message received on topic: test/40 with payload size: 91 at 2024-12-09 09:24:24.276781 sent 2024-12-09 09:24:24.232654
INFO:Message received on topic: test/40 with payload size: 91 at 2024-12-09 09:24:26.880288 sent 2024-12-09 09:24:26.836306
INFO:Message received on topic: test/40 with payload size: 91 at 2024-12-09 09:24:29.482461 sent 2024-12-09 09:24:29.439906
INFO:Message received on topic: test/40 with payload size: 91 at 2024-12-09 09:24:32.076877 sent 2024-12-09 09:24:32.045154
INFO:Message received on topic: test/40 with payload size: 91 at 2024-12-09 09:24:34.670246 sent 2024-12-09 09:24:34.647988
