INFO:Starting Version 1.0.5
DEBUG:Using selector: EpollSelector
INFO:Connecting to cluster at: mqtt-quic://emqx-headless.dtwins:14567 using QUIC
INFO:Subscribed to topic: test/36
INFO:Logging each: 50
INFO:Unhandled packet type received
INFO:Message received on topic: test/36 with payload size: 91 at 2024-12-09 09:15:52.361723 sent 2024-12-09 09:15:52.329312
INFO:Message received on topic: test/36 with payload size: 91 at 2024-12-09 09:15:54.976721 sent 2024-12-09 09:15:54.933136
INFO:Message received on topic: test/36 with payload size: 91 at 2024-12-09 09:15:57.576567 sent 2024-12-09 09:15:57.537746
INFO:Message received on topic: test/36 with payload size: 91 at 2024-12-09 09:16:00.267936 sent 2024-12-09 09:16:00.144232
INFO:Message received on topic: test/36 with payload size: 91 at 2024-12-09 09:16:02.769966 sent 2024-12-09 09:16:02.749651
INFO:Message received on topic: test/36 with payload size: 91 at 2024-12-09 09:16:05.379536 sent 2024-12-09 09:16:05.355206
INFO:Message received on topic: test/36 with payload size: 91 at 2024-12-09 09:16:07.974044 sent 2024-12-09 09:16:07.961212
INFO:Message received on topic: test/36 with payload size: 91 at 2024-12-09 09:16:10.650627 sent 2024-12-09 09:16:10.575444
INFO:Message received on topic: test/36 with payload size: 91 at 2024-12-09 09:16:13.199580 sent 2024-12-09 09:16:13.187734
INFO:Message received on topic: test/36 with payload size: 91 at 2024-12-09 09:16:15.877587 sent 2024-12-09 09:16:15.798799
INFO:Message received on topic: test/36 with payload size: 91 at 2024-12-09 09:16:18.466624 sent 2024-12-09 09:16:18.402523
INFO:Message received on topic: test/36 with payload size: 91 at 2024-12-09 09:16:21.054790 sent 2024-12-09 09:16:21.008850
INFO:Message received on topic: test/36 with payload size: 91 at 2024-12-09 09:16:23.679067 sent 2024-12-09 09:16:23.614700
INFO:Message received on topic: test/36 with payload size: 91 at 2024-12-09 09:16:26.281151 sent 2024-12-09 09:16:26.216623
INFO:Message received on topic: test/36 with payload size: 91 at 2024-12-09 09:16:28.877484 sent 2024-12-09 09:16:28.823226
INFO:Message received on topic: test/36 with payload size: 91 at 2024-12-09 09:16:31.468020 sent 2024-12-09 09:16:31.433801
INFO:Message received on topic: test/36 with payload size: 91 at 2024-12-09 09:16:34.094198 sent 2024-12-09 09:16:34.057279
INFO:Message received on topic: test/36 with payload size: 91 at 2024-12-09 09:16:36.788436 sent 2024-12-09 09:16:36.680461
INFO:Message received on topic: test/36 with payload size: 91 at 2024-12-09 09:16:39.381794 sent 2024-12-09 09:16:39.293708
INFO:Message received on topic: test/36 with payload size: 91 at 2024-12-09 09:16:41.971785 sent 2024-12-09 09:16:41.915629
INFO:Message received on topic: test/36 with payload size: 91 at 2024-12-09 09:16:44.652798 sent 2024-12-09 09:16:44.533998
INFO:Message received on topic: test/36 with payload size: 91 at 2024-12-09 09:16:47.177001 sent 2024-12-09 09:16:47.148068
INFO:Message received on topic: test/36 with payload size: 91 at 2024-12-09 09:16:49.776290 sent 2024-12-09 09:16:49.754908
INFO:Message received on topic: test/36 with payload size: 91 at 2024-12-09 09:16:52.467307 sent 2024-12-09 09:16:52.374067
INFO:Message received on topic: test/36 with payload size: 91 at 2024-12-09 09:16:55.004714 sent 2024-12-09 09:16:54.984885
INFO:Message received on topic: test/36 with payload size: 91 at 2024-12-09 09:16:57.671615 sent 2024-12-09 09:16:57.598970
INFO:Message received on topic: test/36 with payload size: 91 at 2024-12-09 09:17:00.270773 sent 2024-12-09 09:17:00.212481
INFO:Message received on topic: test/36 with payload size: 91 at 2024-12-09 09:17:02.995124 sent 2024-12-09 09:17:02.843528
INFO:Message received on topic: test/36 with payload size: 91 at 2024-12-09 09:17:05.485665 sent 2024-12-09 09:17:05.468693
INFO:Message received on topic: test/36 with payload size: 91 at 2024-12-09 09:17:08.181795 sent 2024-12-09 09:17:08.091122
INFO:Message received on topic: test/36 with payload size: 91 at 2024-12-09 09:17:10.764125 sent 2024-12-09 09:17:10.702846
INFO:Message received on topic: test/36 with payload size: 91 at 2024-12-09 09:17:13.372132 sent 2024-12-09 09:17:13.313532
INFO:Message received on topic: test/36 with payload size: 91 at 2024-12-09 09:17:16.072319 sent 2024-12-09 09:17:15.928632
INFO:Message received on topic: test/36 with payload size: 91 at 2024-12-09 09:17:18.573640 sent 2024-12-09 09:17:18.548496
INFO:Message received on topic: test/36 with payload size: 91 at 2024-12-09 09:17:21.250238 sent 2024-12-09 09:17:21.159657
INFO:Message received on topic: test/36 with payload size: 91 at 2024-12-09 09:17:23.968742 sent 2024-12-09 09:17:23.780906
INFO:Message received on topic: test/36 with payload size: 91 at 2024-12-09 09:17:26.464064 sent 2024-12-09 09:17:26.399517
INFO:Message received on topic: test/36 with payload size: 91 at 2024-12-09 09:17:29.068381 sent 2024-12-09 09:17:29.018949
INFO:Message received on topic: test/36 with payload size: 91 at 2024-12-09 09:17:31.691507 sent 2024-12-09 09:17:31.635614
INFO:Message received on topic: test/36 with payload size: 91 at 2024-12-09 09:17:34.351677 sent 2024-12-09 09:17:34.249888
INFO:Message received on topic: test/36 with payload size: 91 at 2024-12-09 09:17:36.953266 sent 2024-12-09 09:17:36.864707
INFO:Message received on topic: test/36 with payload size: 91 at 2024-12-09 09:17:39.553123 sent 2024-12-09 09:17:39.475951
INFO:Message received on topic: test/36 with payload size: 91 at 2024-12-09 09:17:42.358172 sent 2024-12-09 09:17:42.091857
INFO:Message received on topic: test/36 with payload size: 91 at 2024-12-09 09:17:44.765091 sent 2024-12-09 09:17:44.711034
INFO:Message received on topic: test/36 with payload size: 91 at 2024-12-09 09:17:47.373043 sent 2024-12-09 09:17:47.319975
INFO:Message received on topic: test/36 with payload size: 91 at 2024-12-09 09:17:50.053944 sent 2024-12-09 09:17:49.933518
INFO:Message received on topic: test/36 with payload size: 91 at 2024-12-09 09:17:52.678167 sent 2024-12-09 09:17:52.550104
INFO:Message received on topic: test/36 with payload size: 91 at 2024-12-09 09:17:55.191694 sent 2024-12-09 09:17:55.164203
INFO:Message received on topic: test/36 with payload size: 91 at 2024-12-09 09:17:57.860996 sent 2024-12-09 09:17:57.777168
INFO:Message received on topic: test/36 with payload size: 91 at 2024-12-09 09:18:00.477562 sent 2024-12-09 09:18:00.385428
INFO:Message received on topic: test/36 with payload size: 91 at 2024-12-09 09:18:03.069651 sent 2024-12-09 09:18:03.003227
INFO:Message received on topic: test/36 with payload size: 91 at 2024-12-09 09:18:05.660361 sent 2024-12-09 09:18:05.610808
INFO:Message received on topic: test/36 with payload size: 91 at 2024-12-09 09:18:08.270360 sent 2024-12-09 09:18:08.222654
INFO:Message received on topic: test/36 with payload size: 91 at 2024-12-09 09:18:10.991694 sent 2024-12-09 09:18:10.835934
INFO:Message received on topic: test/36 with payload size: 91 at 2024-12-09 09:18:13.553853 sent 2024-12-09 09:18:13.448113
INFO:Message received on topic: test/36 with payload size: 91 at 2024-12-09 09:18:16.085390 sent 2024-12-09 09:18:16.064873
INFO:Message received on topic: test/36 with payload size: 91 at 2024-12-09 09:18:18.771559 sent 2024-12-09 09:18:18.675953
INFO:Message received on topic: test/36 with payload size: 91 at 2024-12-09 09:18:21.466065 sent 2024-12-09 09:18:21.291089
INFO:Message received on topic: test/36 with payload size: 91 at 2024-12-09 09:18:24.063781 sent 2024-12-09 09:18:23.900545
INFO:Message received on topic: test/36 with payload size: 91 at 2024-12-09 09:18:26.567199 sent 2024-12-09 09:18:26.507587
INFO:Message received on topic: test/36 with payload size: 91 at 2024-12-09 09:18:29.190686 sent 2024-12-09 09:18:29.124296
INFO:Message received on topic: test/36 with payload size: 91 at 2024-12-09 09:18:31.876304 sent 2024-12-09 09:18:31.740015
INFO:Message received on topic: test/36 with payload size: 91 at 2024-12-09 09:18:34.551271 sent 2024-12-09 09:18:34.355111
INFO:Message received on topic: test/36 with payload size: 91 at 2024-12-09 09:18:36.984361 sent 2024-12-09 09:18:36.967221
INFO:Message received on topic: test/36 with payload size: 91 at 2024-12-09 09:18:39.671930 sent 2024-12-09 09:18:39.586032
INFO:Message received on topic: test/36 with payload size: 91 at 2024-12-09 09:18:42.264637 sent 2024-12-09 09:18:42.193860
INFO:Message received on topic: test/36 with payload size: 91 at 2024-12-09 09:18:44.883861 sent 2024-12-09 09:18:44.809914
INFO:Message received on topic: test/36 with payload size: 91 at 2024-12-09 09:18:47.490735 sent 2024-12-09 09:18:47.419283
INFO:Message received on topic: test/36 with payload size: 91 at 2024-12-09 09:18:50.102076 sent 2024-12-09 09:18:50.030394
INFO:Message received on topic: test/36 with payload size: 91 at 2024-12-09 09:18:52.888455 sent 2024-12-09 09:18:52.641252
INFO:Message received on topic: test/36 with payload size: 91 at 2024-12-09 09:18:55.393744 sent 2024-12-09 09:18:55.254354
INFO:Message received on topic: test/36 with payload size: 91 at 2024-12-09 09:18:57.988778 sent 2024-12-09 09:18:57.880389
INFO:Message received on topic: test/36 with payload size: 91 at 2024-12-09 09:19:00.569688 sent 2024-12-09 09:19:00.497018
INFO:Message received on topic: test/36 with payload size: 91 at 2024-12-09 09:19:03.176986 sent 2024-12-09 09:19:03.114914
INFO:Message received on topic: test/36 with payload size: 91 at 2024-12-09 09:19:05.852877 sent 2024-12-09 09:19:05.729165
INFO:Message received on topic: test/36 with payload size: 91 at 2024-12-09 09:19:08.455199 sent 2024-12-09 09:19:08.345613
INFO:Message received on topic: test/36 with payload size: 91 at 2024-12-09 09:19:11.067611 sent 2024-12-09 09:19:10.964133
INFO:Message received on topic: test/36 with payload size: 91 at 2024-12-09 09:19:13.670992 sent 2024-12-09 09:19:13.576463
INFO:Message received on topic: test/36 with payload size: 91 at 2024-12-09 09:19:16.269480 sent 2024-12-09 09:19:16.190553
INFO:Message received on topic: test/36 with payload size: 91 at 2024-12-09 09:19:18.897236 sent 2024-12-09 09:19:18.796935
INFO:Message received on topic: test/36 with payload size: 91 at 2024-12-09 09:19:21.473650 sent 2024-12-09 09:19:21.414837
INFO:Message received on topic: test/36 with payload size: 91 at 2024-12-09 09:19:24.155140 sent 2024-12-09 09:19:24.028289
INFO:Message received on topic: test/36 with payload size: 91 at 2024-12-09 09:19:26.768413 sent 2024-12-09 09:19:26.638993
INFO:Message received on topic: test/36 with payload size: 91 at 2024-12-09 09:19:29.266831 sent 2024-12-09 09:19:29.228849
INFO:Message received on topic: test/36 with payload size: 91 at 2024-12-09 09:19:31.971813 sent 2024-12-09 09:19:31.815666
INFO:Message received on topic: test/36 with payload size: 91 at 2024-12-09 09:19:34.489151 sent 2024-12-09 09:19:34.410464
INFO:Message received on topic: test/36 with payload size: 91 at 2024-12-09 09:19:37.163084 sent 2024-12-09 09:19:37.000507
INFO:Message received on topic: test/36 with payload size: 91 at 2024-12-09 09:19:39.757757 sent 2024-12-09 09:19:39.613538
INFO:Message received on topic: test/36 with payload size: 91 at 2024-12-09 09:19:42.360413 sent 2024-12-09 09:19:42.227494
INFO:Message received on topic: test/36 with payload size: 91 at 2024-12-09 09:19:45.000064 sent 2024-12-09 09:19:44.841722
INFO:Message received on topic: test/36 with payload size: 91 at 2024-12-09 09:19:47.488724 sent 2024-12-09 09:19:47.451661
INFO:Message received on topic: test/36 with payload size: 91 at 2024-12-09 09:19:50.176414 sent 2024-12-09 09:19:50.062598
INFO:Message received on topic: test/36 with payload size: 91 at 2024-12-09 09:19:52.767440 sent 2024-12-09 09:19:52.672411
INFO:Message received on topic: test/36 with payload size: 91 at 2024-12-09 09:19:55.376615 sent 2024-12-09 09:19:55.285747
INFO:Message received on topic: test/36 with payload size: 91 at 2024-12-09 09:19:58.057800 sent 2024-12-09 09:19:57.896664
INFO:Message received on topic: test/36 with payload size: 91 at 2024-12-09 09:20:00.599859 sent 2024-12-09 09:20:00.510871
INFO:Message received on topic: test/36 with payload size: 91 at 2024-12-09 09:20:03.276257 sent 2024-12-09 09:20:03.124428
INFO:Message received on topic: test/36 with payload size: 91 at 2024-12-09 09:20:05.781749 sent 2024-12-09 09:20:05.736607
INFO:Message received on topic: test/36 with payload size: 91 at 2024-12-09 09:20:08.405319 sent 2024-12-09 09:20:08.352914
INFO:Message received on topic: test/36 with payload size: 91 at 2024-12-09 09:20:11.080893 sent 2024-12-09 09:20:10.965523
INFO:Message received on topic: test/36 with payload size: 91 at 2024-12-09 09:20:13.660263 sent 2024-12-09 09:20:13.580506
INFO:Message received on topic: test/36 with payload size: 91 at 2024-12-09 09:20:16.277849 sent 2024-12-09 09:20:16.193978
INFO:Message received on topic: test/36 with payload size: 91 at 2024-12-09 09:20:18.896551 sent 2024-12-09 09:20:18.810201
INFO:Message received on topic: test/36 with payload size: 91 at 2024-12-09 09:20:21.472785 sent 2024-12-09 09:20:21.427472
INFO:Message received on topic: test/36 with payload size: 91 at 2024-12-09 09:20:24.193362 sent 2024-12-09 09:20:24.042013
INFO:Message received on topic: test/36 with payload size: 91 at 2024-12-09 09:20:26.756466 sent 2024-12-09 09:20:26.650990
INFO:Message received on topic: test/36 with payload size: 91 at 2024-12-09 09:20:29.458947 sent 2024-12-09 09:20:29.259120
INFO:Message received on topic: test/36 with payload size: 91 at 2024-12-09 09:20:31.954562 sent 2024-12-09 09:20:31.873380
INFO:Message received on topic: test/36 with payload size: 91 at 2024-12-09 09:20:34.669599 sent 2024-12-09 09:20:34.492263
INFO:Message received on topic: test/36 with payload size: 91 at 2024-12-09 09:20:37.266718 sent 2024-12-09 09:20:37.101242
INFO:Message received on topic: test/36 with payload size: 91 at 2024-12-09 09:20:39.768429 sent 2024-12-09 09:20:39.712377
INFO:Message received on topic: test/36 with payload size: 91 at 2024-12-09 09:20:42.388369 sent 2024-12-09 09:20:42.333469
INFO:Message received on topic: test/36 with payload size: 91 at 2024-12-09 09:20:45.084912 sent 2024-12-09 09:20:44.952763
INFO:Message received on topic: test/36 with payload size: 91 at 2024-12-09 09:20:47.682846 sent 2024-12-09 09:20:47.563406
INFO:Message received on topic: test/36 with payload size: 91 at 2024-12-09 09:20:50.268083 sent 2024-12-09 09:20:50.172606
INFO:Message received on topic: test/36 with payload size: 91 at 2024-12-09 09:20:52.794749 sent 2024-12-09 09:20:52.781538
INFO:Message received on topic: test/36 with payload size: 91 at 2024-12-09 09:20:55.485044 sent 2024-12-09 09:20:55.399286
INFO:Message received on topic: test/36 with payload size: 91 at 2024-12-09 09:20:58.163700 sent 2024-12-09 09:20:58.016299
INFO:Message received on topic: test/36 with payload size: 91 at 2024-12-09 09:21:00.682041 sent 2024-12-09 09:21:00.635907
INFO:Message received on topic: test/36 with payload size: 91 at 2024-12-09 09:21:03.277853 sent 2024-12-09 09:21:03.251931
INFO:Message received on topic: test/36 with payload size: 91 at 2024-12-09 09:21:05.883253 sent 2024-12-09 09:21:05.852448
INFO:Message received on topic: test/36 with payload size: 91 at 2024-12-09 09:21:08.586933 sent 2024-12-09 09:21:08.470178
INFO:Message received on topic: test/36 with payload size: 91 at 2024-12-09 09:21:11.267542 sent 2024-12-09 09:21:11.088080
INFO:Message received on topic: test/36 with payload size: 91 at 2024-12-09 09:21:13.853130 sent 2024-12-09 09:21:13.696636
INFO:Message received on topic: test/36 with payload size: 91 at 2024-12-09 09:21:16.458605 sent 2024-12-09 09:21:16.305964
INFO:Message received on topic: test/36 with payload size: 91 at 2024-12-09 09:21:19.063527 sent 2024-12-09 09:21:18.923812
INFO:Message received on topic: test/36 with payload size: 91 at 2024-12-09 09:21:21.659442 sent 2024-12-09 09:21:21.536778
INFO:Message received on topic: test/36 with payload size: 91 at 2024-12-09 09:21:24.383206 sent 2024-12-09 09:21:24.145266
INFO:Message received on topic: test/36 with payload size: 91 at 2024-12-09 09:21:26.959031 sent 2024-12-09 09:21:26.755860
INFO:Message received on topic: test/36 with payload size: 91 at 2024-12-09 09:21:29.896018 sent 2024-12-09 09:21:29.380564
INFO:Message received on topic: test/36 with payload size: 91 at 2024-12-09 09:21:32.150226 sent 2024-12-09 09:21:31.997084
INFO:Message received on topic: test/36 with payload size: 91 at 2024-12-09 09:21:34.770063 sent 2024-12-09 09:21:34.615925
INFO:Message received on topic: test/36 with payload size: 91 at 2024-12-09 09:21:37.369106 sent 2024-12-09 09:21:37.226897
INFO:Message received on topic: test/36 with payload size: 91 at 2024-12-09 09:21:39.973806 sent 2024-12-09 09:21:39.842698
INFO:Message received on topic: test/36 with payload size: 91 at 2024-12-09 09:21:42.654756 sent 2024-12-09 09:21:42.451390
INFO:Message received on topic: test/36 with payload size: 91 at 2024-12-09 09:21:45.184434 sent 2024-12-09 09:21:45.062585
INFO:Message received on topic: test/36 with payload size: 91 at 2024-12-09 09:21:47.788161 sent 2024-12-09 09:21:47.686007
INFO:Message received on topic: test/36 with payload size: 91 at 2024-12-09 09:21:50.472672 sent 2024-12-09 09:21:50.311855
INFO:Message received on topic: test/36 with payload size: 91 at 2024-12-09 09:21:53.083598 sent 2024-12-09 09:21:52.926108
INFO:Message received on topic: test/36 with payload size: 91 at 2024-12-09 09:21:55.671136 sent 2024-12-09 09:21:55.536108
INFO:Message received on topic: test/36 with payload size: 91 at 2024-12-09 09:21:58.460469 sent 2024-12-09 09:21:58.153808
INFO:Message received on topic: test/36 with payload size: 91 at 2024-12-09 09:22:01.095072 sent 2024-12-09 09:22:00.766736
INFO:Message received on topic: test/36 with payload size: 91 at 2024-12-09 09:22:03.479725 sent 2024-12-09 09:22:03.376116
INFO:Message received on topic: test/36 with payload size: 91 at 2024-12-09 09:22:06.150319 sent 2024-12-09 09:22:05.993814
INFO:Message received on topic: test/36 with payload size: 91 at 2024-12-09 09:22:08.668629 sent 2024-12-09 09:22:08.608210
INFO:Message received on topic: test/36 with payload size: 91 at 2024-12-09 09:22:11.351144 sent 2024-12-09 09:22:11.221414
INFO:Message received on topic: test/36 with payload size: 91 at 2024-12-09 09:22:13.949991 sent 2024-12-09 09:22:13.833671
INFO:Message received on topic: test/36 with payload size: 91 at 2024-12-09 09:22:16.554086 sent 2024-12-09 09:22:16.444349
INFO:Message received on topic: test/36 with payload size: 91 at 2024-12-09 09:22:19.166260 sent 2024-12-09 09:22:19.055562
INFO:Message received on topic: test/36 with payload size: 91 at 2024-12-09 09:22:21.756497 sent 2024-12-09 09:22:21.667259
INFO:Message received on topic: test/36 with payload size: 91 at 2024-12-09 09:22:24.363232 sent 2024-12-09 09:22:24.277643
INFO:Message received on topic: test/36 with payload size: 91 at 2024-12-09 09:22:27.077734 sent 2024-12-09 09:22:26.887287
INFO:Message received on topic: test/36 with payload size: 91 at 2024-12-09 09:22:29.664635 sent 2024-12-09 09:22:29.500098
INFO:Message received on topic: test/36 with payload size: 91 at 2024-12-09 09:22:32.193844 sent 2024-12-09 09:22:32.107580
INFO:Message received on topic: test/36 with payload size: 91 at 2024-12-09 09:22:34.789314 sent 2024-12-09 09:22:34.712426
INFO:Message received on topic: test/36 with payload size: 91 at 2024-12-09 09:22:37.374185 sent 2024-12-09 09:22:37.325814
INFO:Message received on topic: test/36 with payload size: 91 at 2024-12-09 09:22:39.979883 sent 2024-12-09 09:22:39.940614
INFO:Message received on topic: test/36 with payload size: 91 at 2024-12-09 09:22:42.655897 sent 2024-12-09 09:22:42.550913
INFO:Message received on topic: test/36 with payload size: 91 at 2024-12-09 09:22:45.252009 sent 2024-12-09 09:22:45.162316
INFO:Message received on topic: test/36 with payload size: 91 at 2024-12-09 09:22:47.975998 sent 2024-12-09 09:22:47.772714
INFO:Message received on topic: test/36 with payload size: 91 at 2024-12-09 09:22:50.494415 sent 2024-12-09 09:22:50.388259
INFO:Message received on topic: test/36 with payload size: 91 at 2024-12-09 09:22:53.068474 sent 2024-12-09 09:22:52.998317
INFO:Message received on topic: test/36 with payload size: 91 at 2024-12-09 09:22:55.670285 sent 2024-12-09 09:22:55.606935
INFO:Message received on topic: test/36 with payload size: 91 at 2024-12-09 09:22:58.360863 sent 2024-12-09 09:22:58.215281
INFO:Message received on topic: test/36 with payload size: 91 at 2024-12-09 09:23:00.959474 sent 2024-12-09 09:23:00.826056
INFO:Message received on topic: test/36 with payload size: 91 at 2024-12-09 09:23:03.483283 sent 2024-12-09 09:23:03.454492
INFO:Message received on topic: test/36 with payload size: 91 at 2024-12-09 09:23:06.087223 sent 2024-12-09 09:23:06.063002
INFO:Message received on topic: test/36 with payload size: 91 at 2024-12-09 09:23:08.762132 sent 2024-12-09 09:23:08.669071
INFO:Message received on topic: test/36 with payload size: 91 at 2024-12-09 09:23:11.384139 sent 2024-12-09 09:23:11.275448
INFO:Message received on topic: test/36 with payload size: 91 at 2024-12-09 09:23:13.972824 sent 2024-12-09 09:23:13.880948
INFO:Message received on topic: test/36 with payload size: 91 at 2024-12-09 09:23:16.560255 sent 2024-12-09 09:23:16.485218
INFO:Message received on topic: test/36 with payload size: 91 at 2024-12-09 09:23:19.167516 sent 2024-12-09 09:23:19.093532
INFO:Message received on topic: test/36 with payload size: 91 at 2024-12-09 09:23:21.970055 sent 2024-12-09 09:23:21.699889
INFO:Message received on topic: test/36 with payload size: 91 at 2024-12-09 09:23:24.377306 sent 2024-12-09 09:23:24.310095
INFO:Message received on topic: test/36 with payload size: 91 at 2024-12-09 09:23:26.979320 sent 2024-12-09 09:23:26.917626
INFO:Message received on topic: test/36 with payload size: 91 at 2024-12-09 09:23:29.567507 sent 2024-12-09 09:23:29.530281
INFO:Message received on topic: test/36 with payload size: 91 at 2024-12-09 09:23:32.259681 sent 2024-12-09 09:23:32.140468
INFO:Message received on topic: test/36 with payload size: 91 at 2024-12-09 09:23:34.765764 sent 2024-12-09 09:23:34.752634
INFO:Message received on topic: test/36 with payload size: 91 at 2024-12-09 09:23:37.379119 sent 2024-12-09 09:23:37.364026
INFO:Message received on topic: test/36 with payload size: 91 at 2024-12-09 09:23:40.073043 sent 2024-12-09 09:23:39.974768
INFO:Message received on topic: test/36 with payload size: 91 at 2024-12-09 09:23:42.667138 sent 2024-12-09 09:23:42.580198
INFO:Message received on topic: test/36 with payload size: 91 at 2024-12-09 09:23:45.200631 sent 2024-12-09 09:23:45.187636
INFO:Message received on topic: test/36 with payload size: 91 at 2024-12-09 09:23:47.882307 sent 2024-12-09 09:23:47.792722
INFO:Message received on topic: test/36 with payload size: 91 at 2024-12-09 09:23:50.471591 sent 2024-12-09 09:23:50.405456
INFO:Message received on topic: test/36 with payload size: 91 at 2024-12-09 09:23:53.084199 sent 2024-12-09 09:23:53.011891
INFO:Message received on topic: test/36 with payload size: 91 at 2024-12-09 09:23:55.657678 sent 2024-12-09 09:23:55.617599
INFO:Message received on topic: test/36 with payload size: 91 at 2024-12-09 09:23:58.277372 sent 2024-12-09 09:23:58.223744
INFO:Message received on topic: test/36 with payload size: 91 at 2024-12-09 09:24:00.882977 sent 2024-12-09 09:24:00.828568
INFO:Message received on topic: test/36 with payload size: 91 at 2024-12-09 09:24:03.468144 sent 2024-12-09 09:24:03.432236
INFO:Message received on topic: test/36 with payload size: 91 at 2024-12-09 09:24:06.150843 sent 2024-12-09 09:24:06.037728
INFO:Message received on topic: test/36 with payload size: 91 at 2024-12-09 09:24:08.679244 sent 2024-12-09 09:24:08.643506
INFO:Message received on topic: test/36 with payload size: 91 at 2024-12-09 09:24:11.283173 sent 2024-12-09 09:24:11.250953
INFO:Message received on topic: test/36 with payload size: 91 at 2024-12-09 09:24:13.878925 sent 2024-12-09 09:24:13.858299
INFO:Message received on topic: test/36 with payload size: 91 at 2024-12-09 09:24:16.481708 sent 2024-12-09 09:24:16.464418
INFO:Message received on topic: test/36 with payload size: 91 at 2024-12-09 09:24:19.152309 sent 2024-12-09 09:24:19.075062
INFO:Message received on topic: test/36 with payload size: 91 at 2024-12-09 09:24:21.754972 sent 2024-12-09 09:24:21.680430
