INFO:Starting Version 1.0.5
DEBUG:Using selector: EpollSelector
INFO:Connecting to cluster at: mqtt-quic://emqx-headless.dtwins:14567 using QUIC
INFO:Subscribed to topic: type-2/5
INFO:Logging each: 50
INFO:Unhandled packet type received
INFO:Message received on topic: type-2/5 with payload size: 91 at 2024-12-12 16:08:41.251941 sent 2024-12-12 16:08:41.250477
INFO:Message received on topic: type-2/5 with payload size: 91 at 2024-12-12 16:08:43.851477 sent 2024-12-12 16:08:43.850072
INFO:Message received on topic: type-2/5 with payload size: 91 at 2024-12-12 16:08:46.445116 sent 2024-12-12 16:08:46.444131
INFO:Message received on topic: type-2/5 with payload size: 91 at 2024-12-12 16:08:49.039958 sent 2024-12-12 16:08:49.038709
INFO:Message received on topic: type-2/5 with payload size: 91 at 2024-12-12 16:08:51.635100 sent 2024-12-12 16:08:51.633870
INFO:Message received on topic: type-2/5 with payload size: 91 at 2024-12-12 16:08:54.233941 sent 2024-12-12 16:08:54.232740
INFO:Message received on topic: type-2/5 with payload size: 91 at 2024-12-12 16:08:56.832032 sent 2024-12-12 16:08:56.830607
INFO:Message received on topic: type-2/5 with payload size: 91 at 2024-12-12 16:08:59.431387 sent 2024-12-12 16:08:59.430184
INFO:Message received on topic: type-2/5 with payload size: 91 at 2024-12-12 16:09:02.027826 sent 2024-12-12 16:09:02.026549
INFO:Message received on topic: type-2/5 with payload size: 91 at 2024-12-12 16:09:04.625097 sent 2024-12-12 16:09:04.623822
INFO:Message received on topic: type-2/5 with payload size: 91 at 2024-12-12 16:09:07.222784 sent 2024-12-12 16:09:07.221281
INFO:Message received on topic: type-2/5 with payload size: 91 at 2024-12-12 16:09:09.821905 sent 2024-12-12 16:09:09.820495
INFO:Message received on topic: type-2/5 with payload size: 91 at 2024-12-12 16:09:12.422998 sent 2024-12-12 16:09:12.419490
INFO:Message received on topic: type-2/5 with payload size: 91 at 2024-12-12 16:09:15.028646 sent 2024-12-12 16:09:15.020807
INFO:Message received on topic: type-2/5 with payload size: 91 at 2024-12-12 16:09:17.621568 sent 2024-12-12 16:09:17.620449
INFO:Message received on topic: type-2/5 with payload size: 91 at 2024-12-12 16:09:20.224909 sent 2024-12-12 16:09:20.222300
INFO:Message received on topic: type-2/5 with payload size: 91 at 2024-12-12 16:09:22.825043 sent 2024-12-12 16:09:22.823658
INFO:Message received on topic: type-2/5 with payload size: 91 at 2024-12-12 16:09:25.484292 sent 2024-12-12 16:09:25.427943
INFO:Message received on topic: type-2/5 with payload size: 91 at 2024-12-12 16:09:28.086585 sent 2024-12-12 16:09:28.030502
INFO:Message received on topic: type-2/5 with payload size: 91 at 2024-12-12 16:09:30.684198 sent 2024-12-12 16:09:30.632824
INFO:Message received on topic: type-2/5 with payload size: 91 at 2024-12-12 16:09:33.287990 sent 2024-12-12 16:09:33.237981
INFO:Message received on topic: type-2/5 with payload size: 91 at 2024-12-12 16:09:35.884607 sent 2024-12-12 16:09:35.842895
INFO:Message received on topic: type-2/5 with payload size: 91 at 2024-12-12 16:09:38.485398 sent 2024-12-12 16:09:38.450363
INFO:Message received on topic: type-2/5 with payload size: 91 at 2024-12-12 16:09:41.098516 sent 2024-12-12 16:09:41.051394
INFO:Message received on topic: type-2/5 with payload size: 91 at 2024-12-12 16:09:43.690213 sent 2024-12-12 16:09:43.650773
INFO:Message received on topic: type-2/5 with payload size: 91 at 2024-12-12 16:09:46.291180 sent 2024-12-12 16:09:46.249126
INFO:Message received on topic: type-2/5 with payload size: 91 at 2024-12-12 16:09:48.887808 sent 2024-12-12 16:09:48.852148
INFO:Message received on topic: type-2/5 with payload size: 91 at 2024-12-12 16:09:51.485687 sent 2024-12-12 16:09:51.452183
INFO:Message received on topic: type-2/5 with payload size: 91 at 2024-12-12 16:09:54.090290 sent 2024-12-12 16:09:54.059478
INFO:Message received on topic: type-2/5 with payload size: 91 at 2024-12-12 16:09:56.698003 sent 2024-12-12 16:09:56.659571
INFO:Message received on topic: type-2/5 with payload size: 91 at 2024-12-12 16:09:59.292422 sent 2024-12-12 16:09:59.267162
INFO:Message received on topic: type-2/5 with payload size: 91 at 2024-12-12 16:10:01.899085 sent 2024-12-12 16:10:01.877872
INFO:Message received on topic: type-2/5 with payload size: 91 at 2024-12-12 16:10:04.513531 sent 2024-12-12 16:10:04.480770
INFO:Message received on topic: type-2/5 with payload size: 91 at 2024-12-12 16:10:07.094946 sent 2024-12-12 16:10:07.085318
INFO:Message received on topic: type-2/5 with payload size: 91 at 2024-12-12 16:10:09.705581 sent 2024-12-12 16:10:09.693445
INFO:Message received on topic: type-2/5 with payload size: 91 at 2024-12-12 16:10:12.317435 sent 2024-12-12 16:10:12.299634
INFO:Message received on topic: type-2/5 with payload size: 91 at 2024-12-12 16:10:14.910960 sent 2024-12-12 16:10:14.903533
INFO:Message received on topic: type-2/5 with payload size: 91 at 2024-12-12 16:10:17.515871 sent 2024-12-12 16:10:17.503822
INFO:Message received on topic: type-2/5 with payload size: 91 at 2024-12-12 16:10:20.194577 sent 2024-12-12 16:10:20.112025
INFO:Message received on topic: type-2/5 with payload size: 91 at 2024-12-12 16:10:22.797120 sent 2024-12-12 16:10:22.722307
INFO:Message received on topic: type-2/5 with payload size: 91 at 2024-12-12 16:10:25.468815 sent 2024-12-12 16:10:25.327317
INFO:Message received on topic: type-2/5 with payload size: 91 at 2024-12-12 16:10:27.988602 sent 2024-12-12 16:10:27.933249
INFO:Message received on topic: type-2/5 with payload size: 91 at 2024-12-12 16:10:30.600746 sent 2024-12-12 16:10:30.534498
INFO:Message received on topic: type-2/5 with payload size: 91 at 2024-12-12 16:10:33.203168 sent 2024-12-12 16:10:33.145783
INFO:Message received on topic: type-2/5 with payload size: 91 at 2024-12-12 16:10:35.881560 sent 2024-12-12 16:10:35.752935
INFO:Message received on topic: type-2/5 with payload size: 91 at 2024-12-12 16:10:38.509542 sent 2024-12-12 16:10:38.363997
INFO:Message received on topic: type-2/5 with payload size: 91 at 2024-12-12 16:10:40.997732 sent 2024-12-12 16:10:40.979716
INFO:Message received on topic: type-2/5 with payload size: 91 at 2024-12-12 16:10:43.612627 sent 2024-12-12 16:10:43.590045
INFO:Message received on topic: type-2/5 with payload size: 91 at 2024-12-12 16:10:46.220439 sent 2024-12-12 16:10:46.200167
INFO:Message received on topic: type-2/5 with payload size: 91 at 2024-12-12 16:10:48.899597 sent 2024-12-12 16:10:48.812048
INFO:Message received on topic: type-2/5 with payload size: 91 at 2024-12-12 16:10:51.484775 sent 2024-12-12 16:10:51.424592
INFO:Message received on topic: type-2/5 with payload size: 91 at 2024-12-12 16:10:54.103380 sent 2024-12-12 16:10:54.035310
INFO:Message received on topic: type-2/5 with payload size: 91 at 2024-12-12 16:10:56.685176 sent 2024-12-12 16:10:56.639274
INFO:Message received on topic: type-2/5 with payload size: 91 at 2024-12-12 16:10:59.315951 sent 2024-12-12 16:10:59.254032
INFO:Message received on topic: type-2/5 with payload size: 91 at 2024-12-12 16:11:01.911686 sent 2024-12-12 16:11:01.866278
INFO:Message received on topic: type-2/5 with payload size: 91 at 2024-12-12 16:11:04.497690 sent 2024-12-12 16:11:04.483302
INFO:Message received on topic: type-2/5 with payload size: 91 at 2024-12-12 16:11:07.111621 sent 2024-12-12 16:11:07.095809
INFO:Message received on topic: type-2/5 with payload size: 91 at 2024-12-12 16:11:09.805848 sent 2024-12-12 16:11:09.711766
INFO:Message received on topic: type-2/5 with payload size: 91 at 2024-12-12 16:11:12.390450 sent 2024-12-12 16:11:12.324058
INFO:Message received on topic: type-2/5 with payload size: 91 at 2024-12-12 16:11:14.994275 sent 2024-12-12 16:11:14.936448
INFO:Message received on topic: type-2/5 with payload size: 91 at 2024-12-12 16:11:17.595463 sent 2024-12-12 16:11:17.548730
INFO:Message received on topic: type-2/5 with payload size: 91 at 2024-12-12 16:11:20.208256 sent 2024-12-12 16:11:20.165661
INFO:Message received on topic: type-2/5 with payload size: 91 at 2024-12-12 16:11:22.805006 sent 2024-12-12 16:11:22.776441
INFO:Message received on topic: type-2/5 with payload size: 91 at 2024-12-12 16:11:25.402211 sent 2024-12-12 16:11:25.387694
INFO:Message received on topic: type-2/5 with payload size: 91 at 2024-12-12 16:11:28.078701 sent 2024-12-12 16:11:28.011013
INFO:Message received on topic: type-2/5 with payload size: 91 at 2024-12-12 16:11:30.684475 sent 2024-12-12 16:11:30.624160
INFO:Message received on topic: type-2/5 with payload size: 91 at 2024-12-12 16:11:33.290231 sent 2024-12-12 16:11:33.233860
INFO:Message received on topic: type-2/5 with payload size: 91 at 2024-12-12 16:11:35.993091 sent 2024-12-12 16:11:35.845151
INFO:Message received on topic: type-2/5 with payload size: 91 at 2024-12-12 16:11:38.500004 sent 2024-12-12 16:11:38.452840
INFO:Message received on topic: type-2/5 with payload size: 91 at 2024-12-12 16:11:41.099515 sent 2024-12-12 16:11:41.061707
INFO:Message received on topic: type-2/5 with payload size: 91 at 2024-12-12 16:11:43.700978 sent 2024-12-12 16:11:43.676088
INFO:Message received on topic: type-2/5 with payload size: 91 at 2024-12-12 16:11:46.293397 sent 2024-12-12 16:11:46.281679
INFO:Message received on topic: type-2/5 with payload size: 91 at 2024-12-12 16:11:48.907541 sent 2024-12-12 16:11:48.891212
INFO:Message received on topic: type-2/5 with payload size: 91 at 2024-12-12 16:11:51.609070 sent 2024-12-12 16:11:51.505462
INFO:Message received on topic: type-2/5 with payload size: 91 at 2024-12-12 16:11:54.190101 sent 2024-12-12 16:11:54.118714
INFO:Message received on topic: type-2/5 with payload size: 91 at 2024-12-12 16:11:56.792564 sent 2024-12-12 16:11:56.732244
INFO:Message received on topic: type-2/5 with payload size: 91 at 2024-12-12 16:11:59.394572 sent 2024-12-12 16:11:59.343564
INFO:Message received on topic: type-2/5 with payload size: 91 at 2024-12-12 16:12:02.004050 sent 2024-12-12 16:12:01.955135
INFO:Message received on topic: type-2/5 with payload size: 91 at 2024-12-12 16:12:04.699916 sent 2024-12-12 16:12:04.564068
INFO:Message received on topic: type-2/5 with payload size: 91 at 2024-12-12 16:12:07.214604 sent 2024-12-12 16:12:07.172951
INFO:Message received on topic: type-2/5 with payload size: 91 at 2024-12-12 16:12:09.795218 sent 2024-12-12 16:12:09.782966
INFO:Message received on topic: type-2/5 with payload size: 91 at 2024-12-12 16:12:12.480585 sent 2024-12-12 16:12:12.398754
INFO:Message received on topic: type-2/5 with payload size: 91 at 2024-12-12 16:12:15.089512 sent 2024-12-12 16:12:15.010654
INFO:Message received on topic: type-2/5 with payload size: 91 at 2024-12-12 16:12:17.703564 sent 2024-12-12 16:12:17.623968
INFO:Message received on topic: type-2/5 with payload size: 91 at 2024-12-12 16:12:20.297449 sent 2024-12-12 16:12:20.236227
INFO:Message received on topic: type-2/5 with payload size: 91 at 2024-12-12 16:12:22.980558 sent 2024-12-12 16:12:22.844711
INFO:Message received on topic: type-2/5 with payload size: 91 at 2024-12-12 16:12:25.503578 sent 2024-12-12 16:12:25.454066
INFO:Message received on topic: type-2/5 with payload size: 91 at 2024-12-12 16:12:28.125491 sent 2024-12-12 16:12:28.064182
INFO:Message received on topic: type-2/5 with payload size: 91 at 2024-12-12 16:12:30.722675 sent 2024-12-12 16:12:30.677574
INFO:Message received on topic: type-2/5 with payload size: 91 at 2024-12-12 16:12:33.387390 sent 2024-12-12 16:12:33.288267
INFO:Message received on topic: type-2/5 with payload size: 91 at 2024-12-12 16:12:35.989003 sent 2024-12-12 16:12:35.894225
INFO:Message received on topic: type-2/5 with payload size: 91 at 2024-12-12 16:12:38.585123 sent 2024-12-12 16:12:38.505208
INFO:Message received on topic: type-2/5 with payload size: 91 at 2024-12-12 16:12:41.207300 sent 2024-12-12 16:12:41.112964
INFO:Message received on topic: type-2/5 with payload size: 91 at 2024-12-12 16:12:43.795425 sent 2024-12-12 16:12:43.727121
INFO:Message received on topic: type-2/5 with payload size: 91 at 2024-12-12 16:12:46.402464 sent 2024-12-12 16:12:46.333834
INFO:Message received on topic: type-2/5 with payload size: 91 at 2024-12-12 16:12:49.010689 sent 2024-12-12 16:12:48.945699
INFO:Message received on topic: type-2/5 with payload size: 91 at 2024-12-12 16:12:51.615177 sent 2024-12-12 16:12:51.560442
INFO:Message received on topic: type-2/5 with payload size: 91 at 2024-12-12 16:12:54.201479 sent 2024-12-12 16:12:54.169474
INFO:Message received on topic: type-2/5 with payload size: 91 at 2024-12-12 16:12:56.881564 sent 2024-12-12 16:12:56.775149
INFO:Message received on topic: type-2/5 with payload size: 91 at 2024-12-12 16:12:59.510793 sent 2024-12-12 16:12:59.391727
INFO:Message received on topic: type-2/5 with payload size: 91 at 2024-12-12 16:13:02.078708 sent 2024-12-12 16:13:02.002840
INFO:Message received on topic: type-2/5 with payload size: 91 at 2024-12-12 16:13:04.788100 sent 2024-12-12 16:13:04.609245
INFO:Message received on topic: type-2/5 with payload size: 91 at 2024-12-12 16:13:07.296444 sent 2024-12-12 16:13:07.221458
INFO:Message received on topic: type-2/5 with payload size: 91 at 2024-12-12 16:13:09.899647 sent 2024-12-12 16:13:09.832566
INFO:Message received on topic: type-2/5 with payload size: 91 at 2024-12-12 16:13:12.501716 sent 2024-12-12 16:13:12.442007
INFO:Message received on topic: type-2/5 with payload size: 91 at 2024-12-12 16:13:15.102494 sent 2024-12-12 16:13:15.054953
INFO:Message received on topic: type-2/5 with payload size: 91 at 2024-12-12 16:13:17.878257 sent 2024-12-12 16:13:17.664646
INFO:Message received on topic: type-2/5 with payload size: 91 at 2024-12-12 16:13:20.385789 sent 2024-12-12 16:13:20.278088
INFO:Message received on topic: type-2/5 with payload size: 91 at 2024-12-12 16:13:22.971135 sent 2024-12-12 16:13:22.894880
INFO:Message received on topic: type-2/5 with payload size: 91 at 2024-12-12 16:13:25.603733 sent 2024-12-12 16:13:25.508664
INFO:Message received on topic: type-2/5 with payload size: 91 at 2024-12-12 16:13:28.185363 sent 2024-12-12 16:13:28.119681
INFO:Message received on topic: type-2/5 with payload size: 91 at 2024-12-12 16:13:30.799744 sent 2024-12-12 16:13:30.742077
INFO:Message received on topic: type-2/5 with payload size: 91 at 2024-12-12 16:13:33.393195 sent 2024-12-12 16:13:33.355873
INFO:Message received on topic: type-2/5 with payload size: 91 at 2024-12-12 16:13:36.080574 sent 2024-12-12 16:13:35.969188
INFO:Message received on topic: type-2/5 with payload size: 91 at 2024-12-12 16:13:38.607925 sent 2024-12-12 16:13:38.576281
INFO:Message received on topic: type-2/5 with payload size: 91 at 2024-12-12 16:13:41.210274 sent 2024-12-12 16:13:41.184544
INFO:Message received on topic: type-2/5 with payload size: 91 at 2024-12-12 16:13:43.872354 sent 2024-12-12 16:13:43.796552
INFO:Message received on topic: type-2/5 with payload size: 91 at 2024-12-12 16:13:46.475999 sent 2024-12-12 16:13:46.403432
INFO:Message received on topic: type-2/5 with payload size: 91 at 2024-12-12 16:13:49.116234 sent 2024-12-12 16:13:49.013216
INFO:Message received on topic: type-2/5 with payload size: 91 at 2024-12-12 16:13:51.688840 sent 2024-12-12 16:13:51.623931
INFO:Message received on topic: type-2/5 with payload size: 91 at 2024-12-12 16:13:54.294042 sent 2024-12-12 16:13:54.234461
INFO:Message received on topic: type-2/5 with payload size: 91 at 2024-12-12 16:13:56.918265 sent 2024-12-12 16:13:56.837888
INFO:Message received on topic: type-2/5 with payload size: 91 at 2024-12-12 16:13:59.686198 sent 2024-12-12 16:13:59.458255
INFO:Message received on topic: type-2/5 with payload size: 91 at 2024-12-12 16:14:02.174484 sent 2024-12-12 16:14:02.067116
INFO:Message received on topic: type-2/5 with payload size: 91 at 2024-12-12 16:14:04.720244 sent 2024-12-12 16:14:04.678739
INFO:Message received on topic: type-2/5 with payload size: 91 at 2024-12-12 16:14:07.371142 sent 2024-12-12 16:14:07.287193
INFO:Message received on topic: type-2/5 with payload size: 91 at 2024-12-12 16:14:09.985870 sent 2024-12-12 16:14:09.897032
INFO:Message received on topic: type-2/5 with payload size: 91 at 2024-12-12 16:14:12.608242 sent 2024-12-12 16:14:12.510205
INFO:Message received on topic: type-2/5 with payload size: 91 at 2024-12-12 16:14:15.212138 sent 2024-12-12 16:14:15.118376
INFO:Message received on topic: type-2/5 with payload size: 91 at 2024-12-12 16:14:17.799813 sent 2024-12-12 16:14:17.724737
INFO:Message received on topic: type-2/5 with payload size: 91 at 2024-12-12 16:14:20.387056 sent 2024-12-12 16:14:20.336178
INFO:Message received on topic: type-2/5 with payload size: 91 at 2024-12-12 16:14:23.005272 sent 2024-12-12 16:14:22.946502
INFO:Message received on topic: type-2/5 with payload size: 91 at 2024-12-12 16:14:25.609305 sent 2024-12-12 16:14:25.551416
INFO:Message received on topic: type-2/5 with payload size: 91 at 2024-12-12 16:14:28.200950 sent 2024-12-12 16:14:28.161656
INFO:Message received on topic: type-2/5 with payload size: 91 at 2024-12-12 16:14:30.797892 sent 2024-12-12 16:14:30.770851
INFO:Message received on topic: type-2/5 with payload size: 91 at 2024-12-12 16:14:33.489154 sent 2024-12-12 16:14:33.386043
INFO:Message received on topic: type-2/5 with payload size: 91 at 2024-12-12 16:14:36.084454 sent 2024-12-12 16:14:35.994187
INFO:Message received on topic: type-2/5 with payload size: 91 at 2024-12-12 16:14:38.694445 sent 2024-12-12 16:14:38.600635
INFO:Message received on topic: type-2/5 with payload size: 91 at 2024-12-12 16:14:41.370974 sent 2024-12-12 16:14:41.221539
INFO:Message received on topic: type-2/5 with payload size: 91 at 2024-12-12 16:14:43.908005 sent 2024-12-12 16:14:43.831908
INFO:Message received on topic: type-2/5 with payload size: 91 at 2024-12-12 16:14:46.500216 sent 2024-12-12 16:14:46.438594
INFO:Message received on topic: type-2/5 with payload size: 91 at 2024-12-12 16:14:49.112593 sent 2024-12-12 16:14:49.050657
INFO:Message received on topic: type-2/5 with payload size: 91 at 2024-12-12 16:14:51.708706 sent 2024-12-12 16:14:51.662104
INFO:Message received on topic: type-2/5 with payload size: 91 at 2024-12-12 16:14:54.404751 sent 2024-12-12 16:14:54.270041
INFO:Message received on topic: type-2/5 with payload size: 91 at 2024-12-12 16:14:56.989742 sent 2024-12-12 16:14:56.878758
INFO:Message received on topic: type-2/5 with payload size: 91 at 2024-12-12 16:14:59.586979 sent 2024-12-12 16:14:59.496455
INFO:Message received on topic: type-2/5 with payload size: 91 at 2024-12-12 16:15:02.208803 sent 2024-12-12 16:15:02.108395
INFO:Message received on topic: type-2/5 with payload size: 91 at 2024-12-12 16:15:04.785940 sent 2024-12-12 16:15:04.696450
INFO:Message received on topic: type-2/5 with payload size: 91 at 2024-12-12 16:15:07.307293 sent 2024-12-12 16:15:07.282582
INFO:Message received on topic: type-2/5 with payload size: 91 at 2024-12-12 16:15:09.917860 sent 2024-12-12 16:15:09.868988
INFO:Message received on topic: type-2/5 with payload size: 91 at 2024-12-12 16:15:12.516208 sent 2024-12-12 16:15:12.460696
INFO:Message received on topic: type-2/5 with payload size: 91 at 2024-12-12 16:15:15.283527 sent 2024-12-12 16:15:15.068650
INFO:Message received on topic: type-2/5 with payload size: 91 at 2024-12-12 16:15:17.888622 sent 2024-12-12 16:15:17.670699
INFO:Message received on topic: type-2/5 with payload size: 91 at 2024-12-12 16:15:20.305551 sent 2024-12-12 16:15:20.280751
INFO:Message received on topic: type-2/5 with payload size: 91 at 2024-12-12 16:15:22.984162 sent 2024-12-12 16:15:22.894074
INFO:Message received on topic: type-2/5 with payload size: 91 at 2024-12-12 16:15:25.598466 sent 2024-12-12 16:15:25.500069
INFO:Message received on topic: type-2/5 with payload size: 91 at 2024-12-12 16:15:28.285882 sent 2024-12-12 16:15:28.107095
INFO:Message received on topic: type-2/5 with payload size: 91 at 2024-12-12 16:15:30.813069 sent 2024-12-12 16:15:30.719286
INFO:Message received on topic: type-2/5 with payload size: 91 at 2024-12-12 16:15:33.481949 sent 2024-12-12 16:15:33.331681
INFO:Message received on topic: type-2/5 with payload size: 91 at 2024-12-12 16:15:36.020255 sent 2024-12-12 16:15:35.949487
INFO:Message received on topic: type-2/5 with payload size: 91 at 2024-12-12 16:15:38.609568 sent 2024-12-12 16:15:38.558534
INFO:Message received on topic: type-2/5 with payload size: 91 at 2024-12-12 16:15:41.208050 sent 2024-12-12 16:15:41.168115
INFO:Message received on topic: type-2/5 with payload size: 91 at 2024-12-12 16:15:43.890285 sent 2024-12-12 16:15:43.780346
INFO:Message received on topic: type-2/5 with payload size: 91 at 2024-12-12 16:15:46.417020 sent 2024-12-12 16:15:46.389127
INFO:Message received on topic: type-2/5 with payload size: 91 at 2024-12-12 16:15:49.114617 sent 2024-12-12 16:15:49.001970
INFO:Message received on topic: type-2/5 with payload size: 91 at 2024-12-12 16:15:51.781793 sent 2024-12-12 16:15:51.615761
INFO:Message received on topic: type-2/5 with payload size: 91 at 2024-12-12 16:15:54.303051 sent 2024-12-12 16:15:54.227501
INFO:Message received on topic: type-2/5 with payload size: 91 at 2024-12-12 16:15:56.910626 sent 2024-12-12 16:15:56.836280
INFO:Message received on topic: type-2/5 with payload size: 91 at 2024-12-12 16:15:59.583205 sent 2024-12-12 16:15:59.452017
INFO:Message received on topic: type-2/5 with payload size: 91 at 2024-12-12 16:16:02.189429 sent 2024-12-12 16:16:02.063141
INFO:Message received on topic: type-2/5 with payload size: 91 at 2024-12-12 16:16:04.790318 sent 2024-12-12 16:16:04.670766
INFO:Message received on topic: type-2/5 with payload size: 91 at 2024-12-12 16:16:07.386627 sent 2024-12-12 16:16:07.289634
INFO:Message received on topic: type-2/5 with payload size: 91 at 2024-12-12 16:16:09.994822 sent 2024-12-12 16:16:09.896289
INFO:Message received on topic: type-2/5 with payload size: 91 at 2024-12-12 16:16:12.594049 sent 2024-12-12 16:16:12.501775
INFO:Message received on topic: type-2/5 with payload size: 91 at 2024-12-12 16:16:15.183980 sent 2024-12-12 16:16:15.110878
INFO:Message received on topic: type-2/5 with payload size: 91 at 2024-12-12 16:16:17.798827 sent 2024-12-12 16:16:17.719988
INFO:Message received on topic: type-2/5 with payload size: 91 at 2024-12-12 16:16:20.486358 sent 2024-12-12 16:16:20.332937
INFO:Message received on topic: type-2/5 with payload size: 91 at 2024-12-12 16:16:23.068806 sent 2024-12-12 16:16:22.942932
INFO:Message received on topic: type-2/5 with payload size: 91 at 2024-12-12 16:16:25.672514 sent 2024-12-12 16:16:25.557374
INFO:Message received on topic: type-2/5 with payload size: 91 at 2024-12-12 16:16:28.202379 sent 2024-12-12 16:16:28.163821
INFO:Message received on topic: type-2/5 with payload size: 91 at 2024-12-12 16:16:30.868755 sent 2024-12-12 16:16:30.776204
INFO:Message received on topic: type-2/5 with payload size: 91 at 2024-12-12 16:16:33.484279 sent 2024-12-12 16:16:33.385541
INFO:Message received on topic: type-2/5 with payload size: 91 at 2024-12-12 16:16:36.111416 sent 2024-12-12 16:16:35.995241
INFO:Message received on topic: type-2/5 with payload size: 91 at 2024-12-12 16:16:38.686442 sent 2024-12-12 16:16:38.599169
INFO:Message received on topic: type-2/5 with payload size: 91 at 2024-12-12 16:16:41.386454 sent 2024-12-12 16:16:41.205276
INFO:Message received on topic: type-2/5 with payload size: 91 at 2024-12-12 16:16:43.913588 sent 2024-12-12 16:16:43.818793
INFO:Message received on topic: type-2/5 with payload size: 91 at 2024-12-12 16:16:46.496991 sent 2024-12-12 16:16:46.425645
INFO:Message received on topic: type-2/5 with payload size: 91 at 2024-12-12 16:16:49.194444 sent 2024-12-12 16:16:49.039580
INFO:Message received on topic: type-2/5 with payload size: 91 at 2024-12-12 16:16:51.783677 sent 2024-12-12 16:16:51.650221
INFO:Message received on topic: type-2/5 with payload size: 91 at 2024-12-12 16:16:54.304385 sent 2024-12-12 16:16:54.260387
INFO:Message received on topic: type-2/5 with payload size: 91 at 2024-12-12 16:16:56.923071 sent 2024-12-12 16:16:56.868709
INFO:Message received on topic: type-2/5 with payload size: 91 at 2024-12-12 16:16:59.585414 sent 2024-12-12 16:16:59.481432
INFO:Message received on topic: type-2/5 with payload size: 91 at 2024-12-12 16:17:02.179535 sent 2024-12-12 16:17:02.090590
INFO:Message received on topic: type-2/5 with payload size: 91 at 2024-12-12 16:17:04.789820 sent 2024-12-12 16:17:04.697514
INFO:Message received on topic: type-2/5 with payload size: 91 at 2024-12-12 16:17:07.402778 sent 2024-12-12 16:17:07.308665
INFO:Message received on topic: type-2/5 with payload size: 91 at 2024-12-12 16:17:10.005210 sent 2024-12-12 16:17:09.916820
