INFO:Starting Version 1.0.5
DEBUG:Using selector: EpollSelector
INFO:Connecting to cluster at: mqtt-quic://emqx-headless.dtwins:14567 using QUIC
INFO:Subscribed to topic: type-2/4
INFO:Logging each: 50
INFO:Unhandled packet type received
INFO:Message received on topic: type-2/4 with payload size: 91 at 2024-12-12 16:08:37.312413 sent 2024-12-12 16:08:37.310993
INFO:Message received on topic: type-2/4 with payload size: 91 at 2024-12-12 16:08:39.913918 sent 2024-12-12 16:08:39.912297
INFO:Message received on topic: type-2/4 with payload size: 91 at 2024-12-12 16:08:42.512404 sent 2024-12-12 16:08:42.511394
INFO:Message received on topic: type-2/4 with payload size: 91 at 2024-12-12 16:08:45.115046 sent 2024-12-12 16:08:45.111525
INFO:Message received on topic: type-2/4 with payload size: 91 at 2024-12-12 16:08:47.711008 sent 2024-12-12 16:08:47.709246
INFO:Message received on topic: type-2/4 with payload size: 91 at 2024-12-12 16:08:50.303599 sent 2024-12-12 16:08:50.302642
INFO:Message received on topic: type-2/4 with payload size: 91 at 2024-12-12 16:08:52.902266 sent 2024-12-12 16:08:52.901130
INFO:Message received on topic: type-2/4 with payload size: 91 at 2024-12-12 16:08:55.502489 sent 2024-12-12 16:08:55.501139
INFO:Message received on topic: type-2/4 with payload size: 91 at 2024-12-12 16:08:58.103997 sent 2024-12-12 16:08:58.102395
INFO:Message received on topic: type-2/4 with payload size: 91 at 2024-12-12 16:09:00.703004 sent 2024-12-12 16:09:00.701259
INFO:Message received on topic: type-2/4 with payload size: 91 at 2024-12-12 16:09:03.299849 sent 2024-12-12 16:09:03.297866
INFO:Message received on topic: type-2/4 with payload size: 91 at 2024-12-12 16:09:05.901479 sent 2024-12-12 16:09:05.899832
INFO:Message received on topic: type-2/4 with payload size: 91 at 2024-12-12 16:09:08.498013 sent 2024-12-12 16:09:08.496718
INFO:Message received on topic: type-2/4 with payload size: 91 at 2024-12-12 16:09:11.097247 sent 2024-12-12 16:09:11.095842
INFO:Message received on topic: type-2/4 with payload size: 91 at 2024-12-12 16:09:13.704519 sent 2024-12-12 16:09:13.695238
INFO:Message received on topic: type-2/4 with payload size: 91 at 2024-12-12 16:09:16.297257 sent 2024-12-12 16:09:16.295755
INFO:Message received on topic: type-2/4 with payload size: 91 at 2024-12-12 16:09:18.902266 sent 2024-12-12 16:09:18.897733
INFO:Message received on topic: type-2/4 with payload size: 91 at 2024-12-12 16:09:21.507763 sent 2024-12-12 16:09:21.504855
INFO:Message received on topic: type-2/4 with payload size: 91 at 2024-12-12 16:09:24.106140 sent 2024-12-12 16:09:24.104575
INFO:Message received on topic: type-2/4 with payload size: 91 at 2024-12-12 16:09:26.767893 sent 2024-12-12 16:09:26.712049
INFO:Message received on topic: type-2/4 with payload size: 91 at 2024-12-12 16:09:29.318646 sent 2024-12-12 16:09:29.315386
INFO:Message received on topic: type-2/4 with payload size: 91 at 2024-12-12 16:09:31.927168 sent 2024-12-12 16:09:31.920767
INFO:Message received on topic: type-2/4 with payload size: 91 at 2024-12-12 16:09:34.582084 sent 2024-12-12 16:09:34.522689
INFO:Message received on topic: type-2/4 with payload size: 91 at 2024-12-12 16:09:37.190117 sent 2024-12-12 16:09:37.129400
INFO:Message received on topic: type-2/4 with payload size: 91 at 2024-12-12 16:09:39.787091 sent 2024-12-12 16:09:39.734395
INFO:Message received on topic: type-2/4 with payload size: 91 at 2024-12-12 16:09:42.387830 sent 2024-12-12 16:09:42.341010
INFO:Message received on topic: type-2/4 with payload size: 91 at 2024-12-12 16:09:44.999784 sent 2024-12-12 16:09:44.943504
INFO:Message received on topic: type-2/4 with payload size: 91 at 2024-12-12 16:09:47.585935 sent 2024-12-12 16:09:47.546559
INFO:Message received on topic: type-2/4 with payload size: 91 at 2024-12-12 16:09:50.193620 sent 2024-12-12 16:09:50.142830
INFO:Message received on topic: type-2/4 with payload size: 91 at 2024-12-12 16:09:52.789678 sent 2024-12-12 16:09:52.742213
INFO:Message received on topic: type-2/4 with payload size: 91 at 2024-12-12 16:09:55.397628 sent 2024-12-12 16:09:55.341509
INFO:Message received on topic: type-2/4 with payload size: 91 at 2024-12-12 16:09:57.982578 sent 2024-12-12 16:09:57.945647
INFO:Message received on topic: type-2/4 with payload size: 91 at 2024-12-12 16:10:00.596214 sent 2024-12-12 16:10:00.553871
INFO:Message received on topic: type-2/4 with payload size: 91 at 2024-12-12 16:10:03.217385 sent 2024-12-12 16:10:03.161502
INFO:Message received on topic: type-2/4 with payload size: 91 at 2024-12-12 16:10:05.824747 sent 2024-12-12 16:10:05.764593
INFO:Message received on topic: type-2/4 with payload size: 91 at 2024-12-12 16:10:08.496343 sent 2024-12-12 16:10:08.370178
INFO:Message received on topic: type-2/4 with payload size: 91 at 2024-12-12 16:10:11.096482 sent 2024-12-12 16:10:10.975218
INFO:Message received on topic: type-2/4 with payload size: 91 at 2024-12-12 16:10:13.592782 sent 2024-12-12 16:10:13.586507
INFO:Message received on topic: type-2/4 with payload size: 91 at 2024-12-12 16:10:16.197733 sent 2024-12-12 16:10:16.186722
INFO:Message received on topic: type-2/4 with payload size: 91 at 2024-12-12 16:10:18.810097 sent 2024-12-12 16:10:18.794133
INFO:Message received on topic: type-2/4 with payload size: 91 at 2024-12-12 16:10:21.416222 sent 2024-12-12 16:10:21.395233
INFO:Message received on topic: type-2/4 with payload size: 91 at 2024-12-12 16:10:24.013931 sent 2024-12-12 16:10:24.003839
INFO:Message received on topic: type-2/4 with payload size: 91 at 2024-12-12 16:10:26.680778 sent 2024-12-12 16:10:26.615900
INFO:Message received on topic: type-2/4 with payload size: 91 at 2024-12-12 16:10:29.284542 sent 2024-12-12 16:10:29.224355
INFO:Message received on topic: type-2/4 with payload size: 91 at 2024-12-12 16:10:31.902750 sent 2024-12-12 16:10:31.831831
INFO:Message received on topic: type-2/4 with payload size: 91 at 2024-12-12 16:10:34.491095 sent 2024-12-12 16:10:34.446155
INFO:Message received on topic: type-2/4 with payload size: 91 at 2024-12-12 16:10:37.189762 sent 2024-12-12 16:10:37.060870
INFO:Message received on topic: type-2/4 with payload size: 91 at 2024-12-12 16:10:39.702110 sent 2024-12-12 16:10:39.674699
INFO:Message received on topic: type-2/4 with payload size: 91 at 2024-12-12 16:10:42.300306 sent 2024-12-12 16:10:42.286162
INFO:Message received on topic: type-2/4 with payload size: 91 at 2024-12-12 16:10:44.918569 sent 2024-12-12 16:10:44.897445
INFO:Message received on topic: type-2/4 with payload size: 91 at 2024-12-12 16:10:47.513887 sent 2024-12-12 16:10:47.503377
INFO:Message received on topic: type-2/4 with payload size: 91 at 2024-12-12 16:10:50.180946 sent 2024-12-12 16:10:50.114791
INFO:Message received on topic: type-2/4 with payload size: 91 at 2024-12-12 16:10:52.792739 sent 2024-12-12 16:10:52.729044
INFO:Message received on topic: type-2/4 with payload size: 91 at 2024-12-12 16:10:55.394150 sent 2024-12-12 16:10:55.336019
INFO:Message received on topic: type-2/4 with payload size: 91 at 2024-12-12 16:10:57.993564 sent 2024-12-12 16:10:57.955233
INFO:Message received on topic: type-2/4 with payload size: 91 at 2024-12-12 16:11:00.611295 sent 2024-12-12 16:11:00.569859
INFO:Message received on topic: type-2/4 with payload size: 91 at 2024-12-12 16:11:03.200672 sent 2024-12-12 16:11:03.183462
INFO:Message received on topic: type-2/4 with payload size: 91 at 2024-12-12 16:11:05.888003 sent 2024-12-12 16:11:05.793187
INFO:Message received on topic: type-2/4 with payload size: 91 at 2024-12-12 16:11:08.469610 sent 2024-12-12 16:11:08.404477
INFO:Message received on topic: type-2/4 with payload size: 91 at 2024-12-12 16:11:11.093636 sent 2024-12-12 16:11:11.013794
INFO:Message received on topic: type-2/4 with payload size: 91 at 2024-12-12 16:11:13.701309 sent 2024-12-12 16:11:13.624905
INFO:Message received on topic: type-2/4 with payload size: 91 at 2024-12-12 16:11:16.302109 sent 2024-12-12 16:11:16.234820
INFO:Message received on topic: type-2/4 with payload size: 91 at 2024-12-12 16:11:18.898425 sent 2024-12-12 16:11:18.851858
INFO:Message received on topic: type-2/4 with payload size: 91 at 2024-12-12 16:11:21.579301 sent 2024-12-12 16:11:21.468051
INFO:Message received on topic: type-2/4 with payload size: 91 at 2024-12-12 16:11:24.111191 sent 2024-12-12 16:11:24.078966
INFO:Message received on topic: type-2/4 with payload size: 91 at 2024-12-12 16:11:26.697140 sent 2024-12-12 16:11:26.684378
INFO:Message received on topic: type-2/4 with payload size: 91 at 2024-12-12 16:11:29.397865 sent 2024-12-12 16:11:29.303606
INFO:Message received on topic: type-2/4 with payload size: 91 at 2024-12-12 16:11:32.091825 sent 2024-12-12 16:11:31.912868
INFO:Message received on topic: type-2/4 with payload size: 91 at 2024-12-12 16:11:34.590238 sent 2024-12-12 16:11:34.531235
INFO:Message received on topic: type-2/4 with payload size: 91 at 2024-12-12 16:11:37.211481 sent 2024-12-12 16:11:37.147540
INFO:Message received on topic: type-2/4 with payload size: 91 at 2024-12-12 16:11:39.797739 sent 2024-12-12 16:11:39.765862
INFO:Message received on topic: type-2/4 with payload size: 91 at 2024-12-12 16:11:42.399937 sent 2024-12-12 16:11:42.378915
INFO:Message received on topic: type-2/4 with payload size: 91 at 2024-12-12 16:11:45.013506 sent 2024-12-12 16:11:44.992613
INFO:Message received on topic: type-2/4 with payload size: 91 at 2024-12-12 16:11:47.620088 sent 2024-12-12 16:11:47.602974
INFO:Message received on topic: type-2/4 with payload size: 91 at 2024-12-12 16:11:50.293837 sent 2024-12-12 16:11:50.214930
INFO:Message received on topic: type-2/4 with payload size: 91 at 2024-12-12 16:11:52.897736 sent 2024-12-12 16:11:52.835208
INFO:Message received on topic: type-2/4 with payload size: 91 at 2024-12-12 16:11:55.580187 sent 2024-12-12 16:11:55.451818
INFO:Message received on topic: type-2/4 with payload size: 91 at 2024-12-12 16:11:58.102557 sent 2024-12-12 16:11:58.067820
INFO:Message received on topic: type-2/4 with payload size: 91 at 2024-12-12 16:12:00.724735 sent 2024-12-12 16:12:00.677618
INFO:Message received on topic: type-2/4 with payload size: 91 at 2024-12-12 16:12:03.379684 sent 2024-12-12 16:12:03.286989
INFO:Message received on topic: type-2/4 with payload size: 91 at 2024-12-12 16:12:05.969142 sent 2024-12-12 16:12:05.898495
INFO:Message received on topic: type-2/4 with payload size: 91 at 2024-12-12 16:12:08.599587 sent 2024-12-12 16:12:08.512280
INFO:Message received on topic: type-2/4 with payload size: 91 at 2024-12-12 16:12:11.196122 sent 2024-12-12 16:12:11.127011
INFO:Message received on topic: type-2/4 with payload size: 91 at 2024-12-12 16:12:13.797881 sent 2024-12-12 16:12:13.747930
INFO:Message received on topic: type-2/4 with payload size: 91 at 2024-12-12 16:12:16.394427 sent 2024-12-12 16:12:16.354629
INFO:Message received on topic: type-2/4 with payload size: 91 at 2024-12-12 16:12:19.006690 sent 2024-12-12 16:12:18.966117
INFO:Message received on topic: type-2/4 with payload size: 91 at 2024-12-12 16:12:21.694830 sent 2024-12-12 16:12:21.583871
INFO:Message received on topic: type-2/4 with payload size: 91 at 2024-12-12 16:12:24.281641 sent 2024-12-12 16:12:24.194881
INFO:Message received on topic: type-2/4 with payload size: 91 at 2024-12-12 16:12:26.819030 sent 2024-12-12 16:12:26.803491
INFO:Message received on topic: type-2/4 with payload size: 91 at 2024-12-12 16:12:29.518737 sent 2024-12-12 16:12:29.418292
INFO:Message received on topic: type-2/4 with payload size: 91 at 2024-12-12 16:12:32.087276 sent 2024-12-12 16:12:32.027194
INFO:Message received on topic: type-2/4 with payload size: 91 at 2024-12-12 16:12:34.716583 sent 2024-12-12 16:12:34.633488
INFO:Message received on topic: type-2/4 with payload size: 91 at 2024-12-12 16:12:37.302774 sent 2024-12-12 16:12:37.246887
INFO:Message received on topic: type-2/4 with payload size: 91 at 2024-12-12 16:12:39.909573 sent 2024-12-12 16:12:39.855625
INFO:Message received on topic: type-2/4 with payload size: 91 at 2024-12-12 16:12:42.507788 sent 2024-12-12 16:12:42.469738
INFO:Message received on topic: type-2/4 with payload size: 91 at 2024-12-12 16:12:45.100256 sent 2024-12-12 16:12:45.076586
INFO:Message received on topic: type-2/4 with payload size: 91 at 2024-12-12 16:12:47.708152 sent 2024-12-12 16:12:47.686812
INFO:Message received on topic: type-2/4 with payload size: 91 at 2024-12-12 16:12:50.314763 sent 2024-12-12 16:12:50.293719
INFO:Message received on topic: type-2/4 with payload size: 91 at 2024-12-12 16:12:53.091852 sent 2024-12-12 16:12:52.908839
INFO:Message received on topic: type-2/4 with payload size: 91 at 2024-12-12 16:12:55.587191 sent 2024-12-12 16:12:55.517085
INFO:Message received on topic: type-2/4 with payload size: 91 at 2024-12-12 16:12:58.278448 sent 2024-12-12 16:12:58.125254
INFO:Message received on topic: type-2/4 with payload size: 91 at 2024-12-12 16:13:00.787743 sent 2024-12-12 16:13:00.737051
INFO:Message received on topic: type-2/4 with payload size: 91 at 2024-12-12 16:13:03.388587 sent 2024-12-12 16:13:03.348406
INFO:Message received on topic: type-2/4 with payload size: 91 at 2024-12-12 16:13:06.181780 sent 2024-12-12 16:13:05.959453
INFO:Message received on topic: type-2/4 with payload size: 91 at 2024-12-12 16:13:08.604025 sent 2024-12-12 16:13:08.571544
INFO:Message received on topic: type-2/4 with payload size: 91 at 2024-12-12 16:13:11.210253 sent 2024-12-12 16:13:11.183135
INFO:Message received on topic: type-2/4 with payload size: 91 at 2024-12-12 16:13:13.810955 sent 2024-12-12 16:13:13.793419
INFO:Message received on topic: type-2/4 with payload size: 91 at 2024-12-12 16:13:16.475029 sent 2024-12-12 16:13:16.396955
INFO:Message received on topic: type-2/4 with payload size: 91 at 2024-12-12 16:13:19.094179 sent 2024-12-12 16:13:19.004255
INFO:Message received on topic: type-2/4 with payload size: 91 at 2024-12-12 16:13:21.693200 sent 2024-12-12 16:13:21.615584
INFO:Message received on topic: type-2/4 with payload size: 91 at 2024-12-12 16:13:24.293701 sent 2024-12-12 16:13:24.238577
INFO:Message received on topic: type-2/4 with payload size: 91 at 2024-12-12 16:13:26.985250 sent 2024-12-12 16:13:26.850867
INFO:Message received on topic: type-2/4 with payload size: 91 at 2024-12-12 16:13:29.503739 sent 2024-12-12 16:13:29.469663
INFO:Message received on topic: type-2/4 with payload size: 91 at 2024-12-12 16:13:32.103677 sent 2024-12-12 16:13:32.085081
INFO:Message received on topic: type-2/4 with payload size: 91 at 2024-12-12 16:13:34.773446 sent 2024-12-12 16:13:34.698562
INFO:Message received on topic: type-2/4 with payload size: 91 at 2024-12-12 16:13:37.379984 sent 2024-12-12 16:13:37.314477
INFO:Message received on topic: type-2/4 with payload size: 91 at 2024-12-12 16:13:40.076026 sent 2024-12-12 16:13:39.928141
INFO:Message received on topic: type-2/4 with payload size: 91 at 2024-12-12 16:13:42.593493 sent 2024-12-12 16:13:42.539964
INFO:Message received on topic: type-2/4 with payload size: 91 at 2024-12-12 16:13:45.208031 sent 2024-12-12 16:13:45.154150
INFO:Message received on topic: type-2/4 with payload size: 91 at 2024-12-12 16:13:47.802683 sent 2024-12-12 16:13:47.762813
INFO:Message received on topic: type-2/4 with payload size: 91 at 2024-12-12 16:13:50.403909 sent 2024-12-12 16:13:50.377578
INFO:Message received on topic: type-2/4 with payload size: 91 at 2024-12-12 16:13:53.088242 sent 2024-12-12 16:13:52.991980
INFO:Message received on topic: type-2/4 with payload size: 91 at 2024-12-12 16:13:55.684852 sent 2024-12-12 16:13:55.602983
INFO:Message received on topic: type-2/4 with payload size: 91 at 2024-12-12 16:13:58.290119 sent 2024-12-12 16:13:58.221680
INFO:Message received on topic: type-2/4 with payload size: 91 at 2024-12-12 16:14:00.906999 sent 2024-12-12 16:14:00.836741
INFO:Message received on topic: type-2/4 with payload size: 91 at 2024-12-12 16:14:03.490494 sent 2024-12-12 16:14:03.447313
INFO:Message received on topic: type-2/4 with payload size: 91 at 2024-12-12 16:14:06.103910 sent 2024-12-12 16:14:06.056745
INFO:Message received on topic: type-2/4 with payload size: 91 at 2024-12-12 16:14:08.778046 sent 2024-12-12 16:14:08.664257
INFO:Message received on topic: type-2/4 with payload size: 91 at 2024-12-12 16:14:11.310027 sent 2024-12-12 16:14:11.278885
INFO:Message received on topic: type-2/4 with payload size: 91 at 2024-12-12 16:14:14.094985 sent 2024-12-12 16:14:13.889476
INFO:Message received on topic: type-2/4 with payload size: 91 at 2024-12-12 16:14:16.581306 sent 2024-12-12 16:14:16.496027
INFO:Message received on topic: type-2/4 with payload size: 91 at 2024-12-12 16:14:19.214991 sent 2024-12-12 16:14:19.108527
INFO:Message received on topic: type-2/4 with payload size: 91 at 2024-12-12 16:14:21.802269 sent 2024-12-12 16:14:21.721838
INFO:Message received on topic: type-2/4 with payload size: 91 at 2024-12-12 16:14:24.393495 sent 2024-12-12 16:14:24.332156
INFO:Message received on topic: type-2/4 with payload size: 91 at 2024-12-12 16:14:27.022691 sent 2024-12-12 16:14:26.939001
INFO:Message received on topic: type-2/4 with payload size: 91 at 2024-12-12 16:14:29.679165 sent 2024-12-12 16:14:29.549364
INFO:Message received on topic: type-2/4 with payload size: 91 at 2024-12-12 16:14:32.207134 sent 2024-12-12 16:14:32.159273
INFO:Message received on topic: type-2/4 with payload size: 91 at 2024-12-12 16:14:34.795997 sent 2024-12-12 16:14:34.769238
INFO:Message received on topic: type-2/4 with payload size: 91 at 2024-12-12 16:14:37.500076 sent 2024-12-12 16:14:37.380516
INFO:Message received on topic: type-2/4 with payload size: 91 at 2024-12-12 16:14:40.089928 sent 2024-12-12 16:14:39.993761
INFO:Message received on topic: type-2/4 with payload size: 91 at 2024-12-12 16:14:42.697878 sent 2024-12-12 16:14:42.606276
INFO:Message received on topic: type-2/4 with payload size: 91 at 2024-12-12 16:14:45.308088 sent 2024-12-12 16:14:45.215712
INFO:Message received on topic: type-2/4 with payload size: 91 at 2024-12-12 16:14:47.908230 sent 2024-12-12 16:14:47.825384
INFO:Message received on topic: type-2/4 with payload size: 91 at 2024-12-12 16:14:50.514784 sent 2024-12-12 16:14:50.437182
INFO:Message received on topic: type-2/4 with payload size: 91 at 2024-12-12 16:14:53.123111 sent 2024-12-12 16:14:53.051662
INFO:Message received on topic: type-2/4 with payload size: 91 at 2024-12-12 16:14:55.810939 sent 2024-12-12 16:14:55.658807
INFO:Message received on topic: type-2/4 with payload size: 91 at 2024-12-12 16:14:58.392497 sent 2024-12-12 16:14:58.267139
INFO:Message received on topic: type-2/4 with payload size: 91 at 2024-12-12 16:15:01.005675 sent 2024-12-12 16:15:00.880703
INFO:Message received on topic: type-2/4 with payload size: 91 at 2024-12-12 16:15:03.499720 sent 2024-12-12 16:15:03.479466
INFO:Message received on topic: type-2/4 with payload size: 91 at 2024-12-12 16:15:06.100863 sent 2024-12-12 16:15:06.064783
INFO:Message received on topic: type-2/4 with payload size: 91 at 2024-12-12 16:15:08.802990 sent 2024-12-12 16:15:08.656424
INFO:Message received on topic: type-2/4 with payload size: 91 at 2024-12-12 16:15:11.311787 sent 2024-12-12 16:15:11.241365
INFO:Message received on topic: type-2/4 with payload size: 91 at 2024-12-12 16:15:13.914746 sent 2024-12-12 16:15:13.845709
INFO:Message received on topic: type-2/4 with payload size: 91 at 2024-12-12 16:15:16.595759 sent 2024-12-12 16:15:16.454516
INFO:Message received on topic: type-2/4 with payload size: 91 at 2024-12-12 16:15:19.288252 sent 2024-12-12 16:15:19.064530
INFO:Message received on topic: type-2/4 with payload size: 91 at 2024-12-12 16:15:21.886937 sent 2024-12-12 16:15:21.675709
INFO:Message received on topic: type-2/4 with payload size: 91 at 2024-12-12 16:15:24.318514 sent 2024-12-12 16:15:24.286310
INFO:Message received on topic: type-2/4 with payload size: 91 at 2024-12-12 16:15:27.083465 sent 2024-12-12 16:15:26.893029
INFO:Message received on topic: type-2/4 with payload size: 91 at 2024-12-12 16:15:29.694424 sent 2024-12-12 16:15:29.503128
INFO:Message received on topic: type-2/4 with payload size: 91 at 2024-12-12 16:15:32.197577 sent 2024-12-12 16:15:32.113859
INFO:Message received on topic: type-2/4 with payload size: 91 at 2024-12-12 16:15:34.822641 sent 2024-12-12 16:15:34.720100
INFO:Message received on topic: type-2/4 with payload size: 91 at 2024-12-12 16:15:37.396010 sent 2024-12-12 16:15:37.339262
INFO:Message received on topic: type-2/4 with payload size: 91 at 2024-12-12 16:15:40.005901 sent 2024-12-12 16:15:39.950377
INFO:Message received on topic: type-2/4 with payload size: 91 at 2024-12-12 16:15:42.686593 sent 2024-12-12 16:15:42.562888
INFO:Message received on topic: type-2/4 with payload size: 91 at 2024-12-12 16:15:45.384925 sent 2024-12-12 16:15:45.174944
INFO:Message received on topic: type-2/4 with payload size: 91 at 2024-12-12 16:15:47.986237 sent 2024-12-12 16:15:47.786575
INFO:Message received on topic: type-2/4 with payload size: 91 at 2024-12-12 16:15:50.490946 sent 2024-12-12 16:15:50.401040
INFO:Message received on topic: type-2/4 with payload size: 91 at 2024-12-12 16:15:53.111719 sent 2024-12-12 16:15:53.008523
INFO:Message received on topic: type-2/4 with payload size: 91 at 2024-12-12 16:15:55.913742 sent 2024-12-12 16:15:55.612960
INFO:Message received on topic: type-2/4 with payload size: 91 at 2024-12-12 16:15:58.303098 sent 2024-12-12 16:15:58.224910
INFO:Message received on topic: type-2/4 with payload size: 91 at 2024-12-12 16:16:00.910843 sent 2024-12-12 16:16:00.840861
INFO:Message received on topic: type-2/4 with payload size: 91 at 2024-12-12 16:16:03.498978 sent 2024-12-12 16:16:03.454720
INFO:Message received on topic: type-2/4 with payload size: 91 at 2024-12-12 16:16:06.105626 sent 2024-12-12 16:16:06.065201
INFO:Message received on topic: type-2/4 with payload size: 91 at 2024-12-12 16:16:08.703133 sent 2024-12-12 16:16:08.675553
INFO:Message received on topic: type-2/4 with payload size: 91 at 2024-12-12 16:16:11.601917 sent 2024-12-12 16:16:11.285089
INFO:Message received on topic: type-2/4 with payload size: 91 at 2024-12-12 16:16:13.994861 sent 2024-12-12 16:16:13.893670
INFO:Message received on topic: type-2/4 with payload size: 91 at 2024-12-12 16:16:16.586684 sent 2024-12-12 16:16:16.499494
INFO:Message received on topic: type-2/4 with payload size: 91 at 2024-12-12 16:16:19.270903 sent 2024-12-12 16:16:19.113545
INFO:Message received on topic: type-2/4 with payload size: 91 at 2024-12-12 16:16:21.790250 sent 2024-12-12 16:16:21.725616
INFO:Message received on topic: type-2/4 with payload size: 91 at 2024-12-12 16:16:24.410781 sent 2024-12-12 16:16:24.337318
INFO:Message received on topic: type-2/4 with payload size: 91 at 2024-12-12 16:16:27.009024 sent 2024-12-12 16:16:26.945578
INFO:Message received on topic: type-2/4 with payload size: 91 at 2024-12-12 16:16:29.684093 sent 2024-12-12 16:16:29.552472
INFO:Message received on topic: type-2/4 with payload size: 91 at 2024-12-12 16:16:32.207467 sent 2024-12-12 16:16:32.163989
INFO:Message received on topic: type-2/4 with payload size: 91 at 2024-12-12 16:16:34.878916 sent 2024-12-12 16:16:34.772067
INFO:Message received on topic: type-2/4 with payload size: 91 at 2024-12-12 16:16:37.393961 sent 2024-12-12 16:16:37.382400
INFO:Message received on topic: type-2/4 with payload size: 91 at 2024-12-12 16:16:40.026290 sent 2024-12-12 16:16:39.982387
INFO:Message received on topic: type-2/4 with payload size: 91 at 2024-12-12 16:16:42.770603 sent 2024-12-12 16:16:42.592205
INFO:Message received on topic: type-2/4 with payload size: 91 at 2024-12-12 16:16:45.216241 sent 2024-12-12 16:16:45.204286
INFO:Message received on topic: type-2/4 with payload size: 91 at 2024-12-12 16:16:47.912722 sent 2024-12-12 16:16:47.813043
INFO:Message received on topic: type-2/4 with payload size: 91 at 2024-12-12 16:16:50.495870 sent 2024-12-12 16:16:50.433018
INFO:Message received on topic: type-2/4 with payload size: 91 at 2024-12-12 16:16:53.097590 sent 2024-12-12 16:16:53.043913
INFO:Message received on topic: type-2/4 with payload size: 91 at 2024-12-12 16:16:55.707963 sent 2024-12-12 16:16:55.651227
INFO:Message received on topic: type-2/4 with payload size: 91 at 2024-12-12 16:16:58.395376 sent 2024-12-12 16:16:58.263509
INFO:Message received on topic: type-2/4 with payload size: 91 at 2024-12-12 16:17:00.966546 sent 2024-12-12 16:17:00.871208
INFO:Message received on topic: type-2/4 with payload size: 91 at 2024-12-12 16:17:03.589621 sent 2024-12-12 16:17:03.480785
INFO:Message received on topic: type-2/4 with payload size: 91 at 2024-12-12 16:17:06.194722 sent 2024-12-12 16:17:06.090121
