INFO:Starting Version 1.0.5
DEBUG:Using selector: EpollSelector
INFO:Connecting to cluster at: mqtt-quic://emqx-headless.dtwins:14567 using QUIC
INFO:Subscribed to topic: type-2/37
INFO:Logging each: 50
INFO:Unhandled packet type received
INFO:Message received on topic: type-2/37 with payload size: 91 at 2024-12-12 16:10:28.427358 sent 2024-12-12 16:10:28.362464
INFO:Message received on topic: type-2/37 with payload size: 91 at 2024-12-12 16:10:31.003579 sent 2024-12-12 16:10:30.966573
INFO:Message received on topic: type-2/37 with payload size: 91 at 2024-12-12 16:10:33.604582 sent 2024-12-12 16:10:33.575533
INFO:Message received on topic: type-2/37 with payload size: 91 at 2024-12-12 16:10:36.215517 sent 2024-12-12 16:10:36.187828
INFO:Message received on topic: type-2/37 with payload size: 91 at 2024-12-12 16:10:38.817015 sent 2024-12-12 16:10:38.800672
INFO:Message received on topic: type-2/37 with payload size: 91 at 2024-12-12 16:10:41.480032 sent 2024-12-12 16:10:41.410713
INFO:Message received on topic: type-2/37 with payload size: 91 at 2024-12-12 16:10:44.110548 sent 2024-12-12 16:10:44.025824
INFO:Message received on topic: type-2/37 with payload size: 91 at 2024-12-12 16:10:46.702496 sent 2024-12-12 16:10:46.632684
INFO:Message received on topic: type-2/37 with payload size: 91 at 2024-12-12 16:10:49.298816 sent 2024-12-12 16:10:49.238286
INFO:Message received on topic: type-2/37 with payload size: 91 at 2024-12-12 16:10:51.911466 sent 2024-12-12 16:10:51.849099
INFO:Message received on topic: type-2/37 with payload size: 91 at 2024-12-12 16:10:54.498812 sent 2024-12-12 16:10:54.465436
INFO:Message received on topic: type-2/37 with payload size: 91 at 2024-12-12 16:10:57.108601 sent 2024-12-12 16:10:57.072555
INFO:Message received on topic: type-2/37 with payload size: 91 at 2024-12-12 16:10:59.714433 sent 2024-12-12 16:10:59.681612
INFO:Message received on topic: type-2/37 with payload size: 91 at 2024-12-12 16:11:02.310493 sent 2024-12-12 16:11:02.292540
INFO:Message received on topic: type-2/37 with payload size: 91 at 2024-12-12 16:11:04.925832 sent 2024-12-12 16:11:04.902825
INFO:Message received on topic: type-2/37 with payload size: 91 at 2024-12-12 16:11:07.583804 sent 2024-12-12 16:11:07.515474
INFO:Message received on topic: type-2/37 with payload size: 91 at 2024-12-12 16:11:10.137653 sent 2024-12-12 16:11:10.128797
INFO:Message received on topic: type-2/37 with payload size: 91 at 2024-12-12 16:11:12.809015 sent 2024-12-12 16:11:12.738191
INFO:Message received on topic: type-2/37 with payload size: 91 at 2024-12-12 16:11:15.399114 sent 2024-12-12 16:11:15.349700
INFO:Message received on topic: type-2/37 with payload size: 91 at 2024-12-12 16:11:18.014221 sent 2024-12-12 16:11:17.964929
INFO:Message received on topic: type-2/37 with payload size: 91 at 2024-12-12 16:11:20.594954 sent 2024-12-12 16:11:20.578214
INFO:Message received on topic: type-2/37 with payload size: 91 at 2024-12-12 16:11:23.282371 sent 2024-12-12 16:11:23.190042
INFO:Message received on topic: type-2/37 with payload size: 91 at 2024-12-12 16:11:25.992513 sent 2024-12-12 16:11:25.803666
INFO:Message received on topic: type-2/37 with payload size: 91 at 2024-12-12 16:11:28.498400 sent 2024-12-12 16:11:28.425701
INFO:Message received on topic: type-2/37 with payload size: 91 at 2024-12-12 16:11:31.087248 sent 2024-12-12 16:11:31.036140
INFO:Message received on topic: type-2/37 with payload size: 91 at 2024-12-12 16:11:33.777493 sent 2024-12-12 16:11:33.654288
INFO:Message received on topic: type-2/37 with payload size: 91 at 2024-12-12 16:11:36.405579 sent 2024-12-12 16:11:36.261342
INFO:Message received on topic: type-2/37 with payload size: 91 at 2024-12-12 16:11:38.909169 sent 2024-12-12 16:11:38.869126
INFO:Message received on topic: type-2/37 with payload size: 91 at 2024-12-12 16:11:41.606247 sent 2024-12-12 16:11:41.478750
INFO:Message received on topic: type-2/37 with payload size: 91 at 2024-12-12 16:11:44.113670 sent 2024-12-12 16:11:44.091826
INFO:Message received on topic: type-2/37 with payload size: 91 at 2024-12-12 16:11:46.780293 sent 2024-12-12 16:11:46.700482
INFO:Message received on topic: type-2/37 with payload size: 91 at 2024-12-12 16:11:49.383545 sent 2024-12-12 16:11:49.308645
INFO:Message received on topic: type-2/37 with payload size: 91 at 2024-12-12 16:11:51.991519 sent 2024-12-12 16:11:51.925292
INFO:Message received on topic: type-2/37 with payload size: 91 at 2024-12-12 16:11:54.590138 sent 2024-12-12 16:11:54.543135
INFO:Message received on topic: type-2/37 with payload size: 91 at 2024-12-12 16:11:57.281623 sent 2024-12-12 16:11:57.151778
INFO:Message received on topic: type-2/37 with payload size: 91 at 2024-12-12 16:11:59.873091 sent 2024-12-12 16:11:59.764676
INFO:Message received on topic: type-2/37 with payload size: 91 at 2024-12-12 16:12:02.400695 sent 2024-12-12 16:12:02.382084
INFO:Message received on topic: type-2/37 with payload size: 91 at 2024-12-12 16:12:05.072288 sent 2024-12-12 16:12:04.993807
INFO:Message received on topic: type-2/37 with payload size: 91 at 2024-12-12 16:12:07.704008 sent 2024-12-12 16:12:07.609634
INFO:Message received on topic: type-2/37 with payload size: 91 at 2024-12-12 16:12:10.280025 sent 2024-12-12 16:12:10.225358
INFO:Message received on topic: type-2/37 with payload size: 91 at 2024-12-12 16:12:12.889778 sent 2024-12-12 16:12:12.841448
INFO:Message received on topic: type-2/37 with payload size: 91 at 2024-12-12 16:12:15.499679 sent 2024-12-12 16:12:15.455934
INFO:Message received on topic: type-2/37 with payload size: 91 at 2024-12-12 16:12:18.099578 sent 2024-12-12 16:12:18.062620
INFO:Message received on topic: type-2/37 with payload size: 91 at 2024-12-12 16:12:20.694173 sent 2024-12-12 16:12:20.669831
INFO:Message received on topic: type-2/37 with payload size: 91 at 2024-12-12 16:12:23.316231 sent 2024-12-12 16:12:23.277451
INFO:Message received on topic: type-2/37 with payload size: 91 at 2024-12-12 16:12:25.905534 sent 2024-12-12 16:12:25.882955
INFO:Message received on topic: type-2/37 with payload size: 91 at 2024-12-12 16:12:28.521998 sent 2024-12-12 16:12:28.507158
INFO:Message received on topic: type-2/37 with payload size: 91 at 2024-12-12 16:12:31.191588 sent 2024-12-12 16:12:31.119522
INFO:Message received on topic: type-2/37 with payload size: 91 at 2024-12-12 16:12:33.816743 sent 2024-12-12 16:12:33.730839
INFO:Message received on topic: type-2/37 with payload size: 91 at 2024-12-12 16:12:36.410740 sent 2024-12-12 16:12:36.344809
INFO:Message received on topic: type-2/37 with payload size: 91 at 2024-12-12 16:12:39.008210 sent 2024-12-12 16:12:38.953531
INFO:Message received on topic: type-2/37 with payload size: 91 at 2024-12-12 16:12:41.693980 sent 2024-12-12 16:12:41.562539
INFO:Message received on topic: type-2/37 with payload size: 91 at 2024-12-12 16:12:44.213074 sent 2024-12-12 16:12:44.175123
INFO:Message received on topic: type-2/37 with payload size: 91 at 2024-12-12 16:12:46.801943 sent 2024-12-12 16:12:46.782432
INFO:Message received on topic: type-2/37 with payload size: 91 at 2024-12-12 16:12:49.480581 sent 2024-12-12 16:12:49.391502
INFO:Message received on topic: type-2/37 with payload size: 91 at 2024-12-12 16:12:52.088129 sent 2024-12-12 16:12:51.999729
INFO:Message received on topic: type-2/37 with payload size: 91 at 2024-12-12 16:12:54.805419 sent 2024-12-12 16:12:54.608010
INFO:Message received on topic: type-2/37 with payload size: 91 at 2024-12-12 16:12:57.502574 sent 2024-12-12 16:12:57.215275
INFO:Message received on topic: type-2/37 with payload size: 91 at 2024-12-12 16:12:59.886152 sent 2024-12-12 16:12:59.828802
INFO:Message received on topic: type-2/37 with payload size: 91 at 2024-12-12 16:13:02.581538 sent 2024-12-12 16:13:02.442873
INFO:Message received on topic: type-2/37 with payload size: 91 at 2024-12-12 16:13:05.200882 sent 2024-12-12 16:13:05.050873
INFO:Message received on topic: type-2/37 with payload size: 91 at 2024-12-12 16:13:07.695711 sent 2024-12-12 16:13:07.668060
INFO:Message received on topic: type-2/37 with payload size: 91 at 2024-12-12 16:13:10.370586 sent 2024-12-12 16:13:10.275506
INFO:Message received on topic: type-2/37 with payload size: 91 at 2024-12-12 16:13:12.989999 sent 2024-12-12 16:13:12.884933
INFO:Message received on topic: type-2/37 with payload size: 91 at 2024-12-12 16:13:15.602307 sent 2024-12-12 16:13:15.498111
INFO:Message received on topic: type-2/37 with payload size: 91 at 2024-12-12 16:13:18.209026 sent 2024-12-12 16:13:18.109612
INFO:Message received on topic: type-2/37 with payload size: 91 at 2024-12-12 16:13:20.811866 sent 2024-12-12 16:13:20.735645
INFO:Message received on topic: type-2/37 with payload size: 91 at 2024-12-12 16:13:23.401419 sent 2024-12-12 16:13:23.358476
INFO:Message received on topic: type-2/37 with payload size: 91 at 2024-12-12 16:13:26.011166 sent 2024-12-12 16:13:25.975091
INFO:Message received on topic: type-2/37 with payload size: 91 at 2024-12-12 16:13:28.612933 sent 2024-12-12 16:13:28.597640
INFO:Message received on topic: type-2/37 with payload size: 91 at 2024-12-12 16:13:31.316955 sent 2024-12-12 16:13:31.215929
INFO:Message received on topic: type-2/37 with payload size: 91 at 2024-12-12 16:13:33.902702 sent 2024-12-12 16:13:33.832615
INFO:Message received on topic: type-2/37 with payload size: 91 at 2024-12-12 16:13:36.492191 sent 2024-12-12 16:13:36.446697
INFO:Message received on topic: type-2/37 with payload size: 91 at 2024-12-12 16:13:39.106859 sent 2024-12-12 16:13:39.057794
INFO:Message received on topic: type-2/37 with payload size: 91 at 2024-12-12 16:13:41.701070 sent 2024-12-12 16:13:41.672664
INFO:Message received on topic: type-2/37 with payload size: 91 at 2024-12-12 16:13:44.383793 sent 2024-12-12 16:13:44.282527
INFO:Message received on topic: type-2/37 with payload size: 91 at 2024-12-12 16:13:46.968482 sent 2024-12-12 16:13:46.890948
INFO:Message received on topic: type-2/37 with payload size: 91 at 2024-12-12 16:13:49.590126 sent 2024-12-12 16:13:49.504241
INFO:Message received on topic: type-2/37 with payload size: 91 at 2024-12-12 16:13:52.193970 sent 2024-12-12 16:13:52.115757
INFO:Message received on topic: type-2/37 with payload size: 91 at 2024-12-12 16:13:54.795232 sent 2024-12-12 16:13:54.730891
INFO:Message received on topic: type-2/37 with payload size: 91 at 2024-12-12 16:13:57.379046 sent 2024-12-12 16:13:57.349131
INFO:Message received on topic: type-2/37 with payload size: 91 at 2024-12-12 16:14:00.071104 sent 2024-12-12 16:13:59.965702
INFO:Message received on topic: type-2/37 with payload size: 91 at 2024-12-12 16:14:02.685172 sent 2024-12-12 16:14:02.575084
INFO:Message received on topic: type-2/37 with payload size: 91 at 2024-12-12 16:14:05.280458 sent 2024-12-12 16:14:05.182857
INFO:Message received on topic: type-2/37 with payload size: 91 at 2024-12-12 16:14:07.894873 sent 2024-12-12 16:14:07.795593
INFO:Message received on topic: type-2/37 with payload size: 91 at 2024-12-12 16:14:10.489900 sent 2024-12-12 16:14:10.409206
INFO:Message received on topic: type-2/37 with payload size: 91 at 2024-12-12 16:14:13.168629 sent 2024-12-12 16:14:13.019442
INFO:Message received on topic: type-2/37 with payload size: 91 at 2024-12-12 16:14:15.712133 sent 2024-12-12 16:14:15.630417
INFO:Message received on topic: type-2/37 with payload size: 91 at 2024-12-12 16:14:18.271936 sent 2024-12-12 16:14:18.237074
INFO:Message received on topic: type-2/37 with payload size: 91 at 2024-12-12 16:14:20.908224 sent 2024-12-12 16:14:20.851235
INFO:Message received on topic: type-2/37 with payload size: 91 at 2024-12-12 16:14:23.613272 sent 2024-12-12 16:14:23.463881
INFO:Message received on topic: type-2/37 with payload size: 91 at 2024-12-12 16:14:26.184736 sent 2024-12-12 16:14:26.070716
INFO:Message received on topic: type-2/37 with payload size: 91 at 2024-12-12 16:14:28.715807 sent 2024-12-12 16:14:28.679618
INFO:Message received on topic: type-2/37 with payload size: 91 at 2024-12-12 16:14:31.388870 sent 2024-12-12 16:14:31.286285
INFO:Message received on topic: type-2/37 with payload size: 91 at 2024-12-12 16:14:33.915203 sent 2024-12-12 16:14:33.899522
INFO:Message received on topic: type-2/37 with payload size: 91 at 2024-12-12 16:14:36.608281 sent 2024-12-12 16:14:36.507517
INFO:Message received on topic: type-2/37 with payload size: 91 at 2024-12-12 16:14:39.287641 sent 2024-12-12 16:14:39.115636
INFO:Message received on topic: type-2/37 with payload size: 91 at 2024-12-12 16:14:41.803945 sent 2024-12-12 16:14:41.733444
INFO:Message received on topic: type-2/37 with payload size: 91 at 2024-12-12 16:14:44.410674 sent 2024-12-12 16:14:44.343609
INFO:Message received on topic: type-2/37 with payload size: 91 at 2024-12-12 16:14:47.001319 sent 2024-12-12 16:14:46.951043
INFO:Message received on topic: type-2/37 with payload size: 91 at 2024-12-12 16:14:49.605772 sent 2024-12-12 16:14:49.562277
INFO:Message received on topic: type-2/37 with payload size: 91 at 2024-12-12 16:14:52.387197 sent 2024-12-12 16:14:52.175063
INFO:Message received on topic: type-2/37 with payload size: 91 at 2024-12-12 16:14:54.806943 sent 2024-12-12 16:14:54.784088
INFO:Message received on topic: type-2/37 with payload size: 91 at 2024-12-12 16:14:57.485519 sent 2024-12-12 16:14:57.392188
INFO:Message received on topic: type-2/37 with payload size: 91 at 2024-12-12 16:15:00.096588 sent 2024-12-12 16:15:00.007208
INFO:Message received on topic: type-2/37 with payload size: 91 at 2024-12-12 16:15:02.717888 sent 2024-12-12 16:15:02.611719
INFO:Message received on topic: type-2/37 with payload size: 91 at 2024-12-12 16:15:05.209377 sent 2024-12-12 16:15:05.198064
INFO:Message received on topic: type-2/37 with payload size: 91 at 2024-12-12 16:15:07.889775 sent 2024-12-12 16:15:07.785966
INFO:Message received on topic: type-2/37 with payload size: 91 at 2024-12-12 16:15:10.519195 sent 2024-12-12 16:15:10.378766
INFO:Message received on topic: type-2/37 with payload size: 91 at 2024-12-12 16:15:13.183483 sent 2024-12-12 16:15:12.973645
INFO:Message received on topic: type-2/37 with payload size: 91 at 2024-12-12 16:15:15.682886 sent 2024-12-12 16:15:15.591453
INFO:Message received on topic: type-2/37 with payload size: 91 at 2024-12-12 16:15:18.284713 sent 2024-12-12 16:15:18.197426
INFO:Message received on topic: type-2/37 with payload size: 91 at 2024-12-12 16:15:20.902960 sent 2024-12-12 16:15:20.807139
INFO:Message received on topic: type-2/37 with payload size: 91 at 2024-12-12 16:15:23.512530 sent 2024-12-12 16:15:23.417223
INFO:Message received on topic: type-2/37 with payload size: 91 at 2024-12-12 16:15:26.472601 sent 2024-12-12 16:15:26.024480
INFO:Message received on topic: type-2/37 with payload size: 91 at 2024-12-12 16:15:28.703725 sent 2024-12-12 16:15:28.638039
INFO:Message received on topic: type-2/37 with payload size: 91 at 2024-12-12 16:15:31.383607 sent 2024-12-12 16:15:31.256192
INFO:Message received on topic: type-2/37 with payload size: 91 at 2024-12-12 16:15:34.002708 sent 2024-12-12 16:15:33.867503
INFO:Message received on topic: type-2/37 with payload size: 91 at 2024-12-12 16:15:36.606171 sent 2024-12-12 16:15:36.473441
INFO:Message received on topic: type-2/37 with payload size: 91 at 2024-12-12 16:15:39.116043 sent 2024-12-12 16:15:39.080227
INFO:Message received on topic: type-2/37 with payload size: 91 at 2024-12-12 16:15:41.787901 sent 2024-12-12 16:15:41.693687
INFO:Message received on topic: type-2/37 with payload size: 91 at 2024-12-12 16:15:44.394501 sent 2024-12-12 16:15:44.304916
INFO:Message received on topic: type-2/37 with payload size: 91 at 2024-12-12 16:15:47.100313 sent 2024-12-12 16:15:46.916153
INFO:Message received on topic: type-2/37 with payload size: 91 at 2024-12-12 16:15:49.609060 sent 2024-12-12 16:15:49.527708
INFO:Message received on topic: type-2/37 with payload size: 91 at 2024-12-12 16:15:52.294762 sent 2024-12-12 16:15:52.140586
INFO:Message received on topic: type-2/37 with payload size: 91 at 2024-12-12 16:15:54.811644 sent 2024-12-12 16:15:54.746013
INFO:Message received on topic: type-2/37 with payload size: 91 at 2024-12-12 16:15:57.412600 sent 2024-12-12 16:15:57.359559
INFO:Message received on topic: type-2/37 with payload size: 91 at 2024-12-12 16:16:00.008006 sent 2024-12-12 16:15:59.976917
INFO:Message received on topic: type-2/37 with payload size: 91 at 2024-12-12 16:16:02.705873 sent 2024-12-12 16:16:02.591634
INFO:Message received on topic: type-2/37 with payload size: 91 at 2024-12-12 16:16:05.286007 sent 2024-12-12 16:16:05.206696
INFO:Message received on topic: type-2/37 with payload size: 91 at 2024-12-12 16:16:07.994210 sent 2024-12-12 16:16:07.819835
INFO:Message received on topic: type-2/37 with payload size: 91 at 2024-12-12 16:16:10.597206 sent 2024-12-12 16:16:10.431513
INFO:Message received on topic: type-2/37 with payload size: 91 at 2024-12-12 16:16:13.178429 sent 2024-12-12 16:16:13.042032
INFO:Message received on topic: type-2/37 with payload size: 91 at 2024-12-12 16:16:15.706871 sent 2024-12-12 16:16:15.656425
INFO:Message received on topic: type-2/37 with payload size: 91 at 2024-12-12 16:16:18.299849 sent 2024-12-12 16:16:18.264112
INFO:Message received on topic: type-2/37 with payload size: 91 at 2024-12-12 16:16:20.904260 sent 2024-12-12 16:16:20.872260
INFO:Message received on topic: type-2/37 with payload size: 91 at 2024-12-12 16:16:23.582776 sent 2024-12-12 16:16:23.482938
INFO:Message received on topic: type-2/37 with payload size: 91 at 2024-12-12 16:16:26.179470 sent 2024-12-12 16:16:26.098778
INFO:Message received on topic: type-2/37 with payload size: 91 at 2024-12-12 16:16:28.789754 sent 2024-12-12 16:16:28.707859
INFO:Message received on topic: type-2/37 with payload size: 91 at 2024-12-12 16:16:31.397717 sent 2024-12-12 16:16:31.316657
INFO:Message received on topic: type-2/37 with payload size: 91 at 2024-12-12 16:16:34.066048 sent 2024-12-12 16:16:33.930307
INFO:Message received on topic: type-2/37 with payload size: 91 at 2024-12-12 16:16:36.607658 sent 2024-12-12 16:16:36.540938
INFO:Message received on topic: type-2/37 with payload size: 91 at 2024-12-12 16:16:39.285289 sent 2024-12-12 16:16:39.142185
INFO:Message received on topic: type-2/37 with payload size: 91 at 2024-12-12 16:16:41.986887 sent 2024-12-12 16:16:41.751199
INFO:Message received on topic: type-2/37 with payload size: 91 at 2024-12-12 16:16:44.685443 sent 2024-12-12 16:16:44.364485
INFO:Message received on topic: type-2/37 with payload size: 91 at 2024-12-12 16:16:47.219846 sent 2024-12-12 16:16:46.977852
INFO:Message received on topic: type-2/37 with payload size: 91 at 2024-12-12 16:16:49.608720 sent 2024-12-12 16:16:49.583842
INFO:Message received on topic: type-2/37 with payload size: 91 at 2024-12-12 16:16:52.289970 sent 2024-12-12 16:16:52.195110
INFO:Message received on topic: type-2/37 with payload size: 91 at 2024-12-12 16:16:54.886224 sent 2024-12-12 16:16:54.798789
INFO:Message received on topic: type-2/37 with payload size: 91 at 2024-12-12 16:16:57.518934 sent 2024-12-12 16:16:57.404776
INFO:Message received on topic: type-2/37 with payload size: 91 at 2024-12-12 16:17:00.196120 sent 2024-12-12 16:17:00.017285
INFO:Message received on topic: type-2/37 with payload size: 91 at 2024-12-12 16:17:02.699249 sent 2024-12-12 16:17:02.623695
INFO:Message received on topic: type-2/37 with payload size: 91 at 2024-12-12 16:17:05.305576 sent 2024-12-12 16:17:05.233672
INFO:Message received on topic: type-2/37 with payload size: 91 at 2024-12-12 16:17:07.925861 sent 2024-12-12 16:17:07.842746
INFO:Message received on topic: type-2/37 with payload size: 91 at 2024-12-12 16:17:10.529385 sent 2024-12-12 16:17:10.452366
INFO:Message received on topic: type-2/37 with payload size: 91 at 2024-12-12 16:17:13.123276 sent 2024-12-12 16:17:13.065796
INFO:Message received on topic: type-2/37 with payload size: 91 at 2024-12-12 16:17:15.703883 sent 2024-12-12 16:17:15.674142
INFO:Message received on topic: type-2/37 with payload size: 91 at 2024-12-12 16:17:18.378793 sent 2024-12-12 16:17:18.284617
INFO:Message received on topic: type-2/37 with payload size: 91 at 2024-12-12 16:17:20.997257 sent 2024-12-12 16:17:20.893117
INFO:Message received on topic: type-2/37 with payload size: 91 at 2024-12-12 16:17:23.614175 sent 2024-12-12 16:17:23.500371
INFO:Message received on topic: type-2/37 with payload size: 91 at 2024-12-12 16:17:26.131768 sent 2024-12-12 16:17:26.102781
INFO:Message received on topic: type-2/37 with payload size: 91 at 2024-12-12 16:17:28.801167 sent 2024-12-12 16:17:28.710933
INFO:Message received on topic: type-2/37 with payload size: 91 at 2024-12-12 16:17:31.406402 sent 2024-12-12 16:17:31.319477
INFO:Message received on topic: type-2/37 with payload size: 91 at 2024-12-12 16:17:34.083636 sent 2024-12-12 16:17:33.925697
INFO:Message received on topic: type-2/37 with payload size: 91 at 2024-12-12 16:17:36.596585 sent 2024-12-12 16:17:36.532679
INFO:Message received on topic: type-2/37 with payload size: 91 at 2024-12-12 16:17:39.206945 sent 2024-12-12 16:17:39.137617
INFO:Message received on topic: type-2/37 with payload size: 91 at 2024-12-12 16:17:41.812117 sent 2024-12-12 16:17:41.744104
INFO:Message received on topic: type-2/37 with payload size: 91 at 2024-12-12 16:17:44.395020 sent 2024-12-12 16:17:44.348509
INFO:Message received on topic: type-2/37 with payload size: 91 at 2024-12-12 16:17:47.010521 sent 2024-12-12 16:17:46.955924
INFO:Message received on topic: type-2/37 with payload size: 91 at 2024-12-12 16:17:49.605696 sent 2024-12-12 16:17:49.561304
INFO:Message received on topic: type-2/37 with payload size: 91 at 2024-12-12 16:17:52.315971 sent 2024-12-12 16:17:52.170268
INFO:Message received on topic: type-2/37 with payload size: 91 at 2024-12-12 16:17:54.895952 sent 2024-12-12 16:17:54.776287
INFO:Message received on topic: type-2/37 with payload size: 91 at 2024-12-12 16:17:57.407778 sent 2024-12-12 16:17:57.379507
INFO:Message received on topic: type-2/37 with payload size: 91 at 2024-12-12 16:18:00.005119 sent 2024-12-12 16:17:59.990636
INFO:Message received on topic: type-2/37 with payload size: 91 at 2024-12-12 16:18:02.699611 sent 2024-12-12 16:18:02.594497
INFO:Message received on topic: type-2/37 with payload size: 91 at 2024-12-12 16:18:05.212825 sent 2024-12-12 16:18:05.198826
INFO:Message received on topic: type-2/37 with payload size: 91 at 2024-12-12 16:18:07.885852 sent 2024-12-12 16:18:07.807814
INFO:Message received on topic: type-2/37 with payload size: 91 at 2024-12-12 16:18:10.487873 sent 2024-12-12 16:18:10.414056
INFO:Message received on topic: type-2/37 with payload size: 91 at 2024-12-12 16:18:13.094988 sent 2024-12-12 16:18:13.016052
INFO:Message received on topic: type-2/37 with payload size: 91 at 2024-12-12 16:18:15.711808 sent 2024-12-12 16:18:15.619191
INFO:Message received on topic: type-2/37 with payload size: 91 at 2024-12-12 16:18:18.293618 sent 2024-12-12 16:18:18.225713
INFO:Message received on topic: type-2/37 with payload size: 91 at 2024-12-12 16:18:20.891613 sent 2024-12-12 16:18:20.832613
INFO:Message received on topic: type-2/37 with payload size: 91 at 2024-12-12 16:18:23.488998 sent 2024-12-12 16:18:23.439481
INFO:Message received on topic: type-2/37 with payload size: 91 at 2024-12-12 16:18:26.094602 sent 2024-12-12 16:18:26.045226
INFO:Message received on topic: type-2/37 with payload size: 91 at 2024-12-12 16:18:28.705611 sent 2024-12-12 16:18:28.649755
INFO:Message received on topic: type-2/37 with payload size: 91 at 2024-12-12 16:18:31.302109 sent 2024-12-12 16:18:31.254380
INFO:Message received on topic: type-2/37 with payload size: 91 at 2024-12-12 16:18:33.893444 sent 2024-12-12 16:18:33.858575
INFO:Message received on topic: type-2/37 with payload size: 91 at 2024-12-12 16:18:36.500969 sent 2024-12-12 16:18:36.462997
INFO:Message received on topic: type-2/37 with payload size: 91 at 2024-12-12 16:18:39.099655 sent 2024-12-12 16:18:39.069788
INFO:Message received on topic: type-2/37 with payload size: 91 at 2024-12-12 16:18:41.694554 sent 2024-12-12 16:18:41.672784
INFO:Message received on topic: type-2/37 with payload size: 91 at 2024-12-12 16:18:44.287001 sent 2024-12-12 16:18:44.274572
INFO:Message received on topic: type-2/37 with payload size: 91 at 2024-12-12 16:18:46.890862 sent 2024-12-12 16:18:46.876764
INFO:Message received on topic: type-2/37 with payload size: 91 at 2024-12-12 16:18:49.492838 sent 2024-12-12 16:18:49.478642
INFO:Message received on topic: type-2/37 with payload size: 91 at 2024-12-12 16:18:52.096851 sent 2024-12-12 16:18:52.081672
INFO:Message received on topic: type-2/37 with payload size: 91 at 2024-12-12 16:18:54.704404 sent 2024-12-12 16:18:54.684617
INFO:Message received on topic: type-2/37 with payload size: 91 at 2024-12-12 16:18:57.297668 sent 2024-12-12 16:18:57.289130
