INFO:Starting Version 1.0.5
DEBUG:Using selector: EpollSelector
INFO:Connecting to cluster at: mqtt-quic://emqx-headless.dtwins:14567 using QUIC
INFO:Subscribed to topic: type-2/34
INFO:Logging each: 50
INFO:Unhandled packet type received
INFO:Message received on topic: type-2/34 with payload size: 91 at 2024-12-12 16:10:18.587129 sent 2024-12-12 16:10:18.553690
INFO:Message received on topic: type-2/34 with payload size: 91 at 2024-12-12 16:10:21.200772 sent 2024-12-12 16:10:21.156311
INFO:Message received on topic: type-2/34 with payload size: 91 at 2024-12-12 16:10:23.881415 sent 2024-12-12 16:10:23.762979
INFO:Message received on topic: type-2/34 with payload size: 91 at 2024-12-12 16:10:26.499802 sent 2024-12-12 16:10:26.365420
INFO:Message received on topic: type-2/34 with payload size: 91 at 2024-12-12 16:10:29.006542 sent 2024-12-12 16:10:28.975800
INFO:Message received on topic: type-2/34 with payload size: 91 at 2024-12-12 16:10:31.599203 sent 2024-12-12 16:10:31.583299
INFO:Message received on topic: type-2/34 with payload size: 91 at 2024-12-12 16:10:34.199119 sent 2024-12-12 16:10:34.190622
INFO:Message received on topic: type-2/34 with payload size: 91 at 2024-12-12 16:10:36.824098 sent 2024-12-12 16:10:36.802796
INFO:Message received on topic: type-2/34 with payload size: 91 at 2024-12-12 16:10:39.487017 sent 2024-12-12 16:10:39.417720
INFO:Message received on topic: type-2/34 with payload size: 91 at 2024-12-12 16:10:42.093218 sent 2024-12-12 16:10:42.036270
INFO:Message received on topic: type-2/34 with payload size: 91 at 2024-12-12 16:10:44.692705 sent 2024-12-12 16:10:44.656663
INFO:Message received on topic: type-2/34 with payload size: 91 at 2024-12-12 16:10:47.295508 sent 2024-12-12 16:10:47.268103
INFO:Message received on topic: type-2/34 with payload size: 91 at 2024-12-12 16:10:49.914731 sent 2024-12-12 16:10:49.891101
INFO:Message received on topic: type-2/34 with payload size: 91 at 2024-12-12 16:10:52.517494 sent 2024-12-12 16:10:52.507088
INFO:Message received on topic: type-2/34 with payload size: 91 at 2024-12-12 16:10:55.124366 sent 2024-12-12 16:10:55.113346
INFO:Message received on topic: type-2/34 with payload size: 91 at 2024-12-12 16:10:57.795745 sent 2024-12-12 16:10:57.721643
INFO:Message received on topic: type-2/34 with payload size: 91 at 2024-12-12 16:11:00.400249 sent 2024-12-12 16:11:00.330874
INFO:Message received on topic: type-2/34 with payload size: 91 at 2024-12-12 16:11:03.002012 sent 2024-12-12 16:11:02.945185
INFO:Message received on topic: type-2/34 with payload size: 91 at 2024-12-12 16:11:05.711109 sent 2024-12-12 16:11:05.559088
INFO:Message received on topic: type-2/34 with payload size: 91 at 2024-12-12 16:11:08.189109 sent 2024-12-12 16:11:08.169099
INFO:Message received on topic: type-2/34 with payload size: 91 at 2024-12-12 16:11:10.810675 sent 2024-12-12 16:11:10.780612
INFO:Message received on topic: type-2/34 with payload size: 91 at 2024-12-12 16:11:13.411741 sent 2024-12-12 16:11:13.393674
INFO:Message received on topic: type-2/34 with payload size: 91 at 2024-12-12 16:11:16.085173 sent 2024-12-12 16:11:16.010314
INFO:Message received on topic: type-2/34 with payload size: 91 at 2024-12-12 16:11:18.700723 sent 2024-12-12 16:11:18.625248
INFO:Message received on topic: type-2/34 with payload size: 91 at 2024-12-12 16:11:21.285745 sent 2024-12-12 16:11:21.235281
INFO:Message received on topic: type-2/34 with payload size: 91 at 2024-12-12 16:11:23.898384 sent 2024-12-12 16:11:23.847127
INFO:Message received on topic: type-2/34 with payload size: 91 at 2024-12-12 16:11:26.510747 sent 2024-12-12 16:11:26.452678
INFO:Message received on topic: type-2/34 with payload size: 91 at 2024-12-12 16:11:29.111227 sent 2024-12-12 16:11:29.064741
INFO:Message received on topic: type-2/34 with payload size: 91 at 2024-12-12 16:11:31.703234 sent 2024-12-12 16:11:31.678988
INFO:Message received on topic: type-2/34 with payload size: 91 at 2024-12-12 16:11:34.370290 sent 2024-12-12 16:11:34.288029
INFO:Message received on topic: type-2/34 with payload size: 91 at 2024-12-12 16:11:36.921477 sent 2024-12-12 16:11:36.897211
INFO:Message received on topic: type-2/34 with payload size: 91 at 2024-12-12 16:11:39.669258 sent 2024-12-12 16:11:39.507738
INFO:Message received on topic: type-2/34 with payload size: 91 at 2024-12-12 16:11:42.189057 sent 2024-12-12 16:11:42.120705
INFO:Message received on topic: type-2/34 with payload size: 91 at 2024-12-12 16:11:44.798496 sent 2024-12-12 16:11:44.732693
INFO:Message received on topic: type-2/34 with payload size: 91 at 2024-12-12 16:11:47.394824 sent 2024-12-12 16:11:47.338880
INFO:Message received on topic: type-2/34 with payload size: 91 at 2024-12-12 16:11:50.011103 sent 2024-12-12 16:11:49.951562
INFO:Message received on topic: type-2/34 with payload size: 91 at 2024-12-12 16:11:52.697845 sent 2024-12-12 16:11:52.563885
INFO:Message received on topic: type-2/34 with payload size: 91 at 2024-12-12 16:11:55.218446 sent 2024-12-12 16:11:55.175688
INFO:Message received on topic: type-2/34 with payload size: 91 at 2024-12-12 16:11:57.805234 sent 2024-12-12 16:11:57.790117
INFO:Message received on topic: type-2/34 with payload size: 91 at 2024-12-12 16:12:00.411358 sent 2024-12-12 16:12:00.400036
INFO:Message received on topic: type-2/34 with payload size: 91 at 2024-12-12 16:12:03.092690 sent 2024-12-12 16:12:03.013292
INFO:Message received on topic: type-2/34 with payload size: 91 at 2024-12-12 16:12:05.699482 sent 2024-12-12 16:12:05.621570
INFO:Message received on topic: type-2/34 with payload size: 91 at 2024-12-12 16:12:08.290040 sent 2024-12-12 16:12:08.235598
INFO:Message received on topic: type-2/34 with payload size: 91 at 2024-12-12 16:12:10.912083 sent 2024-12-12 16:12:10.855180
INFO:Message received on topic: type-2/34 with payload size: 91 at 2024-12-12 16:12:13.493811 sent 2024-12-12 16:12:13.466676
INFO:Message received on topic: type-2/34 with payload size: 91 at 2024-12-12 16:12:16.115739 sent 2024-12-12 16:12:16.079542
INFO:Message received on topic: type-2/34 with payload size: 91 at 2024-12-12 16:12:18.715385 sent 2024-12-12 16:12:18.691997
INFO:Message received on topic: type-2/34 with payload size: 91 at 2024-12-12 16:12:21.396788 sent 2024-12-12 16:12:21.308304
INFO:Message received on topic: type-2/34 with payload size: 91 at 2024-12-12 16:12:24.083025 sent 2024-12-12 16:12:23.917417
INFO:Message received on topic: type-2/34 with payload size: 91 at 2024-12-12 16:12:26.616712 sent 2024-12-12 16:12:26.524712
INFO:Message received on topic: type-2/34 with payload size: 91 at 2024-12-12 16:12:29.200317 sent 2024-12-12 16:12:29.130684
INFO:Message received on topic: type-2/34 with payload size: 91 at 2024-12-12 16:12:31.798676 sent 2024-12-12 16:12:31.739146
INFO:Message received on topic: type-2/34 with payload size: 91 at 2024-12-12 16:12:34.406360 sent 2024-12-12 16:12:34.354614
INFO:Message received on topic: type-2/34 with payload size: 91 at 2024-12-12 16:12:37.098018 sent 2024-12-12 16:12:36.962692
INFO:Message received on topic: type-2/34 with payload size: 91 at 2024-12-12 16:12:39.608960 sent 2024-12-12 16:12:39.576062
INFO:Message received on topic: type-2/34 with payload size: 91 at 2024-12-12 16:12:42.214442 sent 2024-12-12 16:12:42.198821
INFO:Message received on topic: type-2/34 with payload size: 91 at 2024-12-12 16:12:44.897807 sent 2024-12-12 16:12:44.818647
INFO:Message received on topic: type-2/34 with payload size: 91 at 2024-12-12 16:12:47.482035 sent 2024-12-12 16:12:47.427083
INFO:Message received on topic: type-2/34 with payload size: 91 at 2024-12-12 16:12:50.097726 sent 2024-12-12 16:12:50.035790
INFO:Message received on topic: type-2/34 with payload size: 91 at 2024-12-12 16:12:52.786195 sent 2024-12-12 16:12:52.653832
INFO:Message received on topic: type-2/34 with payload size: 91 at 2024-12-12 16:12:55.390577 sent 2024-12-12 16:12:55.264228
INFO:Message received on topic: type-2/34 with payload size: 91 at 2024-12-12 16:12:57.979726 sent 2024-12-12 16:12:57.875635
INFO:Message received on topic: type-2/34 with payload size: 91 at 2024-12-12 16:13:00.509577 sent 2024-12-12 16:13:00.485960
INFO:Message received on topic: type-2/34 with payload size: 91 at 2024-12-12 16:13:03.183200 sent 2024-12-12 16:13:03.102493
INFO:Message received on topic: type-2/34 with payload size: 91 at 2024-12-12 16:13:05.887421 sent 2024-12-12 16:13:05.713175
INFO:Message received on topic: type-2/34 with payload size: 91 at 2024-12-12 16:13:08.392214 sent 2024-12-12 16:13:08.321978
INFO:Message received on topic: type-2/34 with payload size: 91 at 2024-12-12 16:13:10.995503 sent 2024-12-12 16:13:10.934398
INFO:Message received on topic: type-2/34 with payload size: 91 at 2024-12-12 16:13:13.693177 sent 2024-12-12 16:13:13.546909
INFO:Message received on topic: type-2/34 with payload size: 91 at 2024-12-12 16:13:16.281768 sent 2024-12-12 16:13:16.160145
INFO:Message received on topic: type-2/34 with payload size: 91 at 2024-12-12 16:13:18.796940 sent 2024-12-12 16:13:18.773416
INFO:Message received on topic: type-2/34 with payload size: 91 at 2024-12-12 16:13:21.400449 sent 2024-12-12 16:13:21.385764
INFO:Message received on topic: type-2/34 with payload size: 91 at 2024-12-12 16:13:24.093494 sent 2024-12-12 16:13:24.001388
INFO:Message received on topic: type-2/34 with payload size: 91 at 2024-12-12 16:13:26.690719 sent 2024-12-12 16:13:26.608926
INFO:Message received on topic: type-2/34 with payload size: 91 at 2024-12-12 16:13:29.293265 sent 2024-12-12 16:13:29.221438
INFO:Message received on topic: type-2/34 with payload size: 91 at 2024-12-12 16:13:31.983710 sent 2024-12-12 16:13:31.833048
INFO:Message received on topic: type-2/34 with payload size: 91 at 2024-12-12 16:13:34.486806 sent 2024-12-12 16:13:34.446176
INFO:Message received on topic: type-2/34 with payload size: 91 at 2024-12-12 16:13:37.104185 sent 2024-12-12 16:13:37.058310
INFO:Message received on topic: type-2/34 with payload size: 91 at 2024-12-12 16:13:39.790081 sent 2024-12-12 16:13:39.668308
INFO:Message received on topic: type-2/34 with payload size: 91 at 2024-12-12 16:13:42.314844 sent 2024-12-12 16:13:42.287636
INFO:Message received on topic: type-2/34 with payload size: 91 at 2024-12-12 16:13:44.989267 sent 2024-12-12 16:13:44.902825
INFO:Message received on topic: type-2/34 with payload size: 91 at 2024-12-12 16:13:47.598515 sent 2024-12-12 16:13:47.512666
INFO:Message received on topic: type-2/34 with payload size: 91 at 2024-12-12 16:13:50.186060 sent 2024-12-12 16:13:50.127195
INFO:Message received on topic: type-2/34 with payload size: 91 at 2024-12-12 16:13:52.797490 sent 2024-12-12 16:13:52.737768
INFO:Message received on topic: type-2/34 with payload size: 91 at 2024-12-12 16:13:55.399242 sent 2024-12-12 16:13:55.345946
INFO:Message received on topic: type-2/34 with payload size: 91 at 2024-12-12 16:13:58.002136 sent 2024-12-12 16:13:57.967753
INFO:Message received on topic: type-2/34 with payload size: 91 at 2024-12-12 16:14:00.669681 sent 2024-12-12 16:14:00.593081
INFO:Message received on topic: type-2/34 with payload size: 91 at 2024-12-12 16:14:03.307883 sent 2024-12-12 16:14:03.204613
INFO:Message received on topic: type-2/34 with payload size: 91 at 2024-12-12 16:14:05.895170 sent 2024-12-12 16:14:05.815371
INFO:Message received on topic: type-2/34 with payload size: 91 at 2024-12-12 16:14:08.501420 sent 2024-12-12 16:14:08.426243
INFO:Message received on topic: type-2/34 with payload size: 91 at 2024-12-12 16:14:11.091175 sent 2024-12-12 16:14:11.041702
INFO:Message received on topic: type-2/34 with payload size: 91 at 2024-12-12 16:14:13.795027 sent 2024-12-12 16:14:13.655835
INFO:Message received on topic: type-2/34 with payload size: 91 at 2024-12-12 16:14:16.369190 sent 2024-12-12 16:14:16.270434
INFO:Message received on topic: type-2/34 with payload size: 91 at 2024-12-12 16:14:18.905205 sent 2024-12-12 16:14:18.884712
INFO:Message received on topic: type-2/34 with payload size: 91 at 2024-12-12 16:14:21.510165 sent 2024-12-12 16:14:21.493640
INFO:Message received on topic: type-2/34 with payload size: 91 at 2024-12-12 16:14:24.211617 sent 2024-12-12 16:14:24.104842
INFO:Message received on topic: type-2/34 with payload size: 91 at 2024-12-12 16:14:26.794250 sent 2024-12-12 16:14:26.710272
INFO:Message received on topic: type-2/34 with payload size: 91 at 2024-12-12 16:14:29.386266 sent 2024-12-12 16:14:29.322920
INFO:Message received on topic: type-2/34 with payload size: 91 at 2024-12-12 16:14:32.004157 sent 2024-12-12 16:14:31.934758
INFO:Message received on topic: type-2/34 with payload size: 91 at 2024-12-12 16:14:34.598506 sent 2024-12-12 16:14:34.544979
INFO:Message received on topic: type-2/34 with payload size: 91 at 2024-12-12 16:14:37.210720 sent 2024-12-12 16:14:37.153424
INFO:Message received on topic: type-2/34 with payload size: 91 at 2024-12-12 16:14:39.906300 sent 2024-12-12 16:14:39.762569
INFO:Message received on topic: type-2/34 with payload size: 91 at 2024-12-12 16:14:42.415003 sent 2024-12-12 16:14:42.376586
INFO:Message received on topic: type-2/34 with payload size: 91 at 2024-12-12 16:14:45.003286 sent 2024-12-12 16:14:44.985033
INFO:Message received on topic: type-2/34 with payload size: 91 at 2024-12-12 16:14:47.690783 sent 2024-12-12 16:14:47.595232
INFO:Message received on topic: type-2/34 with payload size: 91 at 2024-12-12 16:14:50.382781 sent 2024-12-12 16:14:50.211958
INFO:Message received on topic: type-2/34 with payload size: 91 at 2024-12-12 16:14:52.905404 sent 2024-12-12 16:14:52.825823
INFO:Message received on topic: type-2/34 with payload size: 91 at 2024-12-12 16:14:55.511038 sent 2024-12-12 16:14:55.437827
INFO:Message received on topic: type-2/34 with payload size: 91 at 2024-12-12 16:14:58.112515 sent 2024-12-12 16:14:58.050055
INFO:Message received on topic: type-2/34 with payload size: 91 at 2024-12-12 16:15:00.894231 sent 2024-12-12 16:15:00.661866
INFO:Message received on topic: type-2/34 with payload size: 91 at 2024-12-12 16:15:03.307257 sent 2024-12-12 16:15:03.261794
INFO:Message received on topic: type-2/34 with payload size: 91 at 2024-12-12 16:15:05.904515 sent 2024-12-12 16:15:05.846303
INFO:Message received on topic: type-2/34 with payload size: 91 at 2024-12-12 16:15:08.495679 sent 2024-12-12 16:15:08.432502
INFO:Message received on topic: type-2/34 with payload size: 91 at 2024-12-12 16:15:11.207189 sent 2024-12-12 16:15:11.024272
INFO:Message received on topic: type-2/34 with payload size: 91 at 2024-12-12 16:15:13.727547 sent 2024-12-12 16:15:13.624007
INFO:Message received on topic: type-2/34 with payload size: 91 at 2024-12-12 16:15:16.288703 sent 2024-12-12 16:15:16.232769
INFO:Message received on topic: type-2/34 with payload size: 91 at 2024-12-12 16:15:18.921524 sent 2024-12-12 16:15:18.847304
INFO:Message received on topic: type-2/34 with payload size: 91 at 2024-12-12 16:15:21.582124 sent 2024-12-12 16:15:21.463704
INFO:Message received on topic: type-2/34 with payload size: 91 at 2024-12-12 16:15:24.111431 sent 2024-12-12 16:15:24.077651
INFO:Message received on topic: type-2/34 with payload size: 91 at 2024-12-12 16:15:26.808478 sent 2024-12-12 16:15:26.688120
INFO:Message received on topic: type-2/34 with payload size: 91 at 2024-12-12 16:15:29.400118 sent 2024-12-12 16:15:29.296922
INFO:Message received on topic: type-2/34 with payload size: 91 at 2024-12-12 16:15:32.003557 sent 2024-12-12 16:15:31.902424
INFO:Message received on topic: type-2/34 with payload size: 91 at 2024-12-12 16:15:34.679235 sent 2024-12-12 16:15:34.516209
INFO:Message received on topic: type-2/34 with payload size: 91 at 2024-12-12 16:15:37.287469 sent 2024-12-12 16:15:37.131582
INFO:Message received on topic: type-2/34 with payload size: 91 at 2024-12-12 16:15:39.795607 sent 2024-12-12 16:15:39.743218
INFO:Message received on topic: type-2/34 with payload size: 91 at 2024-12-12 16:15:42.490704 sent 2024-12-12 16:15:42.352205
INFO:Message received on topic: type-2/34 with payload size: 91 at 2024-12-12 16:15:45.181700 sent 2024-12-12 16:15:44.958865
INFO:Message received on topic: type-2/34 with payload size: 91 at 2024-12-12 16:15:47.689147 sent 2024-12-12 16:15:47.566130
INFO:Message received on topic: type-2/34 with payload size: 91 at 2024-12-12 16:15:50.286832 sent 2024-12-12 16:15:50.180230
INFO:Message received on topic: type-2/34 with payload size: 91 at 2024-12-12 16:15:52.906937 sent 2024-12-12 16:15:52.792563
INFO:Message received on topic: type-2/34 with payload size: 91 at 2024-12-12 16:15:55.620612 sent 2024-12-12 16:15:55.401236
INFO:Message received on topic: type-2/34 with payload size: 91 at 2024-12-12 16:15:58.102497 sent 2024-12-12 16:15:58.010242
INFO:Message received on topic: type-2/34 with payload size: 91 at 2024-12-12 16:16:00.699310 sent 2024-12-12 16:16:00.621552
INFO:Message received on topic: type-2/34 with payload size: 91 at 2024-12-12 16:16:03.383987 sent 2024-12-12 16:16:03.236511
INFO:Message received on topic: type-2/34 with payload size: 91 at 2024-12-12 16:16:05.892233 sent 2024-12-12 16:16:05.847888
INFO:Message received on topic: type-2/34 with payload size: 91 at 2024-12-12 16:16:08.570662 sent 2024-12-12 16:16:08.461217
INFO:Message received on topic: type-2/34 with payload size: 91 at 2024-12-12 16:16:11.402251 sent 2024-12-12 16:16:11.067267
INFO:Message received on topic: type-2/34 with payload size: 91 at 2024-12-12 16:16:13.783110 sent 2024-12-12 16:16:13.677238
INFO:Message received on topic: type-2/34 with payload size: 91 at 2024-12-12 16:16:16.390298 sent 2024-12-12 16:16:16.293104
INFO:Message received on topic: type-2/34 with payload size: 91 at 2024-12-12 16:16:18.993035 sent 2024-12-12 16:16:18.904549
INFO:Message received on topic: type-2/34 with payload size: 91 at 2024-12-12 16:16:21.601035 sent 2024-12-12 16:16:21.514278
INFO:Message received on topic: type-2/34 with payload size: 91 at 2024-12-12 16:16:24.285716 sent 2024-12-12 16:16:24.122282
INFO:Message received on topic: type-2/34 with payload size: 91 at 2024-12-12 16:16:26.798712 sent 2024-12-12 16:16:26.738978
INFO:Message received on topic: type-2/34 with payload size: 91 at 2024-12-12 16:16:29.401602 sent 2024-12-12 16:16:29.346075
INFO:Message received on topic: type-2/34 with payload size: 91 at 2024-12-12 16:16:32.092450 sent 2024-12-12 16:16:31.965798
INFO:Message received on topic: type-2/34 with payload size: 91 at 2024-12-12 16:16:34.670307 sent 2024-12-12 16:16:34.581578
INFO:Message received on topic: type-2/34 with payload size: 91 at 2024-12-12 16:16:37.289348 sent 2024-12-12 16:16:37.198217
INFO:Message received on topic: type-2/34 with payload size: 91 at 2024-12-12 16:16:39.888490 sent 2024-12-12 16:16:39.808741
INFO:Message received on topic: type-2/34 with payload size: 91 at 2024-12-12 16:16:42.604534 sent 2024-12-12 16:16:42.420810
INFO:Message received on topic: type-2/34 with payload size: 91 at 2024-12-12 16:16:45.170569 sent 2024-12-12 16:16:45.033458
INFO:Message received on topic: type-2/34 with payload size: 91 at 2024-12-12 16:16:47.705014 sent 2024-12-12 16:16:47.645937
INFO:Message received on topic: type-2/34 with payload size: 91 at 2024-12-12 16:16:50.311545 sent 2024-12-12 16:16:50.263777
INFO:Message received on topic: type-2/34 with payload size: 91 at 2024-12-12 16:16:53.023444 sent 2024-12-12 16:16:52.871888
INFO:Message received on topic: type-2/34 with payload size: 91 at 2024-12-12 16:16:55.590735 sent 2024-12-12 16:16:55.478744
INFO:Message received on topic: type-2/34 with payload size: 91 at 2024-12-12 16:16:58.183807 sent 2024-12-12 16:16:58.091744
INFO:Message received on topic: type-2/34 with payload size: 91 at 2024-12-12 16:17:00.779035 sent 2024-12-12 16:17:00.698623
INFO:Message received on topic: type-2/34 with payload size: 91 at 2024-12-12 16:17:03.390442 sent 2024-12-12 16:17:03.306636
INFO:Message received on topic: type-2/34 with payload size: 91 at 2024-12-12 16:17:05.994769 sent 2024-12-12 16:17:05.915405
INFO:Message received on topic: type-2/34 with payload size: 91 at 2024-12-12 16:17:08.603360 sent 2024-12-12 16:17:08.523628
INFO:Message received on topic: type-2/34 with payload size: 91 at 2024-12-12 16:17:11.193115 sent 2024-12-12 16:17:11.136842
INFO:Message received on topic: type-2/34 with payload size: 91 at 2024-12-12 16:17:13.799159 sent 2024-12-12 16:17:13.744868
INFO:Message received on topic: type-2/34 with payload size: 91 at 2024-12-12 16:17:16.410018 sent 2024-12-12 16:17:16.353669
INFO:Message received on topic: type-2/34 with payload size: 91 at 2024-12-12 16:17:19.011288 sent 2024-12-12 16:17:18.961027
INFO:Message received on topic: type-2/34 with payload size: 91 at 2024-12-12 16:17:21.604688 sent 2024-12-12 16:17:21.573645
INFO:Message received on topic: type-2/34 with payload size: 91 at 2024-12-12 16:17:24.284916 sent 2024-12-12 16:17:24.184795
INFO:Message received on topic: type-2/34 with payload size: 91 at 2024-12-12 16:17:26.895801 sent 2024-12-12 16:17:26.793916
INFO:Message received on topic: type-2/34 with payload size: 91 at 2024-12-12 16:17:29.487730 sent 2024-12-12 16:17:29.405201
INFO:Message received on topic: type-2/34 with payload size: 91 at 2024-12-12 16:17:32.089078 sent 2024-12-12 16:17:32.014063
INFO:Message received on topic: type-2/34 with payload size: 91 at 2024-12-12 16:17:34.706101 sent 2024-12-12 16:17:34.620709
INFO:Message received on topic: type-2/34 with payload size: 91 at 2024-12-12 16:17:37.299607 sent 2024-12-12 16:17:37.227921
INFO:Message received on topic: type-2/34 with payload size: 91 at 2024-12-12 16:17:39.899092 sent 2024-12-12 16:17:39.839617
INFO:Message received on topic: type-2/34 with payload size: 91 at 2024-12-12 16:17:42.583841 sent 2024-12-12 16:17:42.449518
INFO:Message received on topic: type-2/34 with payload size: 91 at 2024-12-12 16:17:45.102273 sent 2024-12-12 16:17:45.056908
INFO:Message received on topic: type-2/34 with payload size: 91 at 2024-12-12 16:17:47.709649 sent 2024-12-12 16:17:47.666847
INFO:Message received on topic: type-2/34 with payload size: 91 at 2024-12-12 16:17:50.403704 sent 2024-12-12 16:17:50.276799
INFO:Message received on topic: type-2/34 with payload size: 91 at 2024-12-12 16:17:52.904006 sent 2024-12-12 16:17:52.882427
INFO:Message received on topic: type-2/34 with payload size: 91 at 2024-12-12 16:17:55.518100 sent 2024-12-12 16:17:55.484640
INFO:Message received on topic: type-2/34 with payload size: 91 at 2024-12-12 16:17:58.103143 sent 2024-12-12 16:17:58.092134
INFO:Message received on topic: type-2/34 with payload size: 91 at 2024-12-12 16:18:00.809882 sent 2024-12-12 16:18:00.698921
INFO:Message received on topic: type-2/34 with payload size: 91 at 2024-12-12 16:18:03.370273 sent 2024-12-12 16:18:03.305510
INFO:Message received on topic: type-2/34 with payload size: 91 at 2024-12-12 16:18:05.989118 sent 2024-12-12 16:18:05.909663
INFO:Message received on topic: type-2/34 with payload size: 91 at 2024-12-12 16:18:08.584015 sent 2024-12-12 16:18:08.512000
INFO:Message received on topic: type-2/34 with payload size: 91 at 2024-12-12 16:18:11.196589 sent 2024-12-12 16:18:11.120613
INFO:Message received on topic: type-2/34 with payload size: 91 at 2024-12-12 16:18:13.789802 sent 2024-12-12 16:18:13.726204
INFO:Message received on topic: type-2/34 with payload size: 91 at 2024-12-12 16:18:16.395289 sent 2024-12-12 16:18:16.332268
INFO:Message received on topic: type-2/34 with payload size: 91 at 2024-12-12 16:18:18.991295 sent 2024-12-12 16:18:18.938258
INFO:Message received on topic: type-2/34 with payload size: 91 at 2024-12-12 16:18:21.589317 sent 2024-12-12 16:18:21.543546
INFO:Message received on topic: type-2/34 with payload size: 91 at 2024-12-12 16:18:24.198553 sent 2024-12-12 16:18:24.149990
INFO:Message received on topic: type-2/34 with payload size: 91 at 2024-12-12 16:18:26.794464 sent 2024-12-12 16:18:26.757585
INFO:Message received on topic: type-2/34 with payload size: 91 at 2024-12-12 16:18:29.396320 sent 2024-12-12 16:18:29.362253
INFO:Message received on topic: type-2/34 with payload size: 91 at 2024-12-12 16:18:32.000274 sent 2024-12-12 16:18:31.968935
INFO:Message received on topic: type-2/34 with payload size: 91 at 2024-12-12 16:18:34.606216 sent 2024-12-12 16:18:34.572378
INFO:Message received on topic: type-2/34 with payload size: 91 at 2024-12-12 16:18:37.196107 sent 2024-12-12 16:18:37.181927
INFO:Message received on topic: type-2/34 with payload size: 91 at 2024-12-12 16:18:39.811801 sent 2024-12-12 16:18:39.786077
INFO:Message received on topic: type-2/34 with payload size: 91 at 2024-12-12 16:18:42.398771 sent 2024-12-12 16:18:42.391039
INFO:Message received on topic: type-2/34 with payload size: 91 at 2024-12-12 16:18:45.080166 sent 2024-12-12 16:18:44.992904
INFO:Message received on topic: type-2/34 with payload size: 91 at 2024-12-12 16:18:47.603647 sent 2024-12-12 16:18:47.597609
