INFO:Starting Version 1.0.5
DEBUG:Using selector: EpollSelector
INFO:Connecting to cluster at: mqtt-quic://emqx-headless.dtwins:14567 using QUIC
INFO:Subscribed to topic: type-2/24
INFO:Logging each: 50
INFO:Unhandled packet type received
INFO:Message received on topic: type-2/24 with payload size: 91 at 2024-12-12 16:10:18.492437 sent 2024-12-12 16:10:18.476116
INFO:Message received on topic: type-2/24 with payload size: 91 at 2024-12-12 16:10:21.096017 sent 2024-12-12 16:10:21.081414
INFO:Message received on topic: type-2/24 with payload size: 91 at 2024-12-12 16:10:23.696123 sent 2024-12-12 16:10:23.683277
INFO:Message received on topic: type-2/24 with payload size: 91 at 2024-12-12 16:10:26.303933 sent 2024-12-12 16:10:26.289939
INFO:Message received on topic: type-2/24 with payload size: 91 at 2024-12-12 16:10:28.916459 sent 2024-12-12 16:10:28.897895
INFO:Message received on topic: type-2/24 with payload size: 91 at 2024-12-12 16:10:31.517950 sent 2024-12-12 16:10:31.499666
INFO:Message received on topic: type-2/24 with payload size: 91 at 2024-12-12 16:10:34.115142 sent 2024-12-12 16:10:34.107966
INFO:Message received on topic: type-2/24 with payload size: 91 at 2024-12-12 16:10:36.793941 sent 2024-12-12 16:10:36.718800
INFO:Message received on topic: type-2/24 with payload size: 91 at 2024-12-12 16:10:39.398036 sent 2024-12-12 16:10:39.333079
INFO:Message received on topic: type-2/24 with payload size: 91 at 2024-12-12 16:10:42.002941 sent 2024-12-12 16:10:41.945458
INFO:Message received on topic: type-2/24 with payload size: 91 at 2024-12-12 16:10:44.606421 sent 2024-12-12 16:10:44.554381
INFO:Message received on topic: type-2/24 with payload size: 91 at 2024-12-12 16:10:47.213191 sent 2024-12-12 16:10:47.167919
INFO:Message received on topic: type-2/24 with payload size: 91 at 2024-12-12 16:10:49.808011 sent 2024-12-12 16:10:49.780137
INFO:Message received on topic: type-2/24 with payload size: 91 at 2024-12-12 16:10:52.403290 sent 2024-12-12 16:10:52.392591
INFO:Message received on topic: type-2/24 with payload size: 91 at 2024-12-12 16:10:55.008316 sent 2024-12-12 16:10:55.001624
INFO:Message received on topic: type-2/24 with payload size: 91 at 2024-12-12 16:10:57.619125 sent 2024-12-12 16:10:57.607986
INFO:Message received on topic: type-2/24 with payload size: 91 at 2024-12-12 16:11:00.283704 sent 2024-12-12 16:11:00.219103
INFO:Message received on topic: type-2/24 with payload size: 91 at 2024-12-12 16:11:02.900011 sent 2024-12-12 16:11:02.835701
INFO:Message received on topic: type-2/24 with payload size: 91 at 2024-12-12 16:11:05.485311 sent 2024-12-12 16:11:05.447601
INFO:Message received on topic: type-2/24 with payload size: 91 at 2024-12-12 16:11:08.084509 sent 2024-12-12 16:11:08.061988
INFO:Message received on topic: type-2/24 with payload size: 91 at 2024-12-12 16:11:10.702902 sent 2024-12-12 16:11:10.669690
INFO:Message received on topic: type-2/24 with payload size: 91 at 2024-12-12 16:11:13.382053 sent 2024-12-12 16:11:13.277276
INFO:Message received on topic: type-2/24 with payload size: 91 at 2024-12-12 16:11:15.902787 sent 2024-12-12 16:11:15.893270
INFO:Message received on topic: type-2/24 with payload size: 91 at 2024-12-12 16:11:18.596721 sent 2024-12-12 16:11:18.506624
INFO:Message received on topic: type-2/24 with payload size: 91 at 2024-12-12 16:11:21.185269 sent 2024-12-12 16:11:21.113789
INFO:Message received on topic: type-2/24 with payload size: 91 at 2024-12-12 16:11:23.789270 sent 2024-12-12 16:11:23.730633
INFO:Message received on topic: type-2/24 with payload size: 91 at 2024-12-12 16:11:26.479085 sent 2024-12-12 16:11:26.338417
INFO:Message received on topic: type-2/24 with payload size: 91 at 2024-12-12 16:11:28.998707 sent 2024-12-12 16:11:28.948513
INFO:Message received on topic: type-2/24 with payload size: 91 at 2024-12-12 16:11:31.691923 sent 2024-12-12 16:11:31.560016
INFO:Message received on topic: type-2/24 with payload size: 91 at 2024-12-12 16:11:34.286132 sent 2024-12-12 16:11:34.173204
INFO:Message received on topic: type-2/24 with payload size: 91 at 2024-12-12 16:11:36.796595 sent 2024-12-12 16:11:36.782157
INFO:Message received on topic: type-2/24 with payload size: 91 at 2024-12-12 16:11:39.468742 sent 2024-12-12 16:11:39.389803
INFO:Message received on topic: type-2/24 with payload size: 91 at 2024-12-12 16:11:42.081313 sent 2024-12-12 16:11:42.002786
INFO:Message received on topic: type-2/24 with payload size: 91 at 2024-12-12 16:11:44.685426 sent 2024-12-12 16:11:44.608845
INFO:Message received on topic: type-2/24 with payload size: 91 at 2024-12-12 16:11:47.286576 sent 2024-12-12 16:11:47.218833
INFO:Message received on topic: type-2/24 with payload size: 91 at 2024-12-12 16:11:49.987642 sent 2024-12-12 16:11:49.828957
INFO:Message received on topic: type-2/24 with payload size: 91 at 2024-12-12 16:11:52.484132 sent 2024-12-12 16:11:52.437848
INFO:Message received on topic: type-2/24 with payload size: 91 at 2024-12-12 16:11:55.111936 sent 2024-12-12 16:11:55.055358
INFO:Message received on topic: type-2/24 with payload size: 91 at 2024-12-12 16:11:57.692666 sent 2024-12-12 16:11:57.670164
INFO:Message received on topic: type-2/24 with payload size: 91 at 2024-12-12 16:12:00.310143 sent 2024-12-12 16:12:00.284408
INFO:Message received on topic: type-2/24 with payload size: 91 at 2024-12-12 16:12:02.917161 sent 2024-12-12 16:12:02.901683
INFO:Message received on topic: type-2/24 with payload size: 91 at 2024-12-12 16:12:05.590390 sent 2024-12-12 16:12:05.514434
INFO:Message received on topic: type-2/24 with payload size: 91 at 2024-12-12 16:12:08.187195 sent 2024-12-12 16:12:08.129669
INFO:Message received on topic: type-2/24 with payload size: 91 at 2024-12-12 16:12:10.797194 sent 2024-12-12 16:12:10.746822
INFO:Message received on topic: type-2/24 with payload size: 91 at 2024-12-12 16:12:13.407059 sent 2024-12-12 16:12:13.361017
INFO:Message received on topic: type-2/24 with payload size: 91 at 2024-12-12 16:12:15.999079 sent 2024-12-12 16:12:15.972758
INFO:Message received on topic: type-2/24 with payload size: 91 at 2024-12-12 16:12:18.614580 sent 2024-12-12 16:12:18.582018
INFO:Message received on topic: type-2/24 with payload size: 91 at 2024-12-12 16:12:21.211703 sent 2024-12-12 16:12:21.196368
INFO:Message received on topic: type-2/24 with payload size: 91 at 2024-12-12 16:12:23.818816 sent 2024-12-12 16:12:23.807405
INFO:Message received on topic: type-2/24 with payload size: 91 at 2024-12-12 16:12:26.521077 sent 2024-12-12 16:12:26.410295
INFO:Message received on topic: type-2/24 with payload size: 91 at 2024-12-12 16:12:29.182596 sent 2024-12-12 16:12:29.019104
INFO:Message received on topic: type-2/24 with payload size: 91 at 2024-12-12 16:12:31.693455 sent 2024-12-12 16:12:31.634607
INFO:Message received on topic: type-2/24 with payload size: 91 at 2024-12-12 16:12:34.302086 sent 2024-12-12 16:12:34.255953
INFO:Message received on topic: type-2/24 with payload size: 91 at 2024-12-12 16:12:36.893046 sent 2024-12-12 16:12:36.861128
INFO:Message received on topic: type-2/24 with payload size: 91 at 2024-12-12 16:12:39.516726 sent 2024-12-12 16:12:39.478449
INFO:Message received on topic: type-2/24 with payload size: 91 at 2024-12-12 16:12:42.116600 sent 2024-12-12 16:12:42.086600
INFO:Message received on topic: type-2/24 with payload size: 91 at 2024-12-12 16:12:44.795708 sent 2024-12-12 16:12:44.691640
INFO:Message received on topic: type-2/24 with payload size: 91 at 2024-12-12 16:12:47.396461 sent 2024-12-12 16:12:47.306263
INFO:Message received on topic: type-2/24 with payload size: 91 at 2024-12-12 16:12:49.997725 sent 2024-12-12 16:12:49.916605
INFO:Message received on topic: type-2/24 with payload size: 91 at 2024-12-12 16:12:52.590231 sent 2024-12-12 16:12:52.526314
INFO:Message received on topic: type-2/24 with payload size: 91 at 2024-12-12 16:12:55.189210 sent 2024-12-12 16:12:55.133682
INFO:Message received on topic: type-2/24 with payload size: 91 at 2024-12-12 16:12:57.790855 sent 2024-12-12 16:12:57.744487
INFO:Message received on topic: type-2/24 with payload size: 91 at 2024-12-12 16:13:00.513935 sent 2024-12-12 16:13:00.352506
INFO:Message received on topic: type-2/24 with payload size: 91 at 2024-12-12 16:13:03.008198 sent 2024-12-12 16:13:02.963078
INFO:Message received on topic: type-2/24 with payload size: 91 at 2024-12-12 16:13:05.601956 sent 2024-12-12 16:13:05.570944
INFO:Message received on topic: type-2/24 with payload size: 91 at 2024-12-12 16:13:08.269482 sent 2024-12-12 16:13:08.187642
INFO:Message received on topic: type-2/24 with payload size: 91 at 2024-12-12 16:13:10.972403 sent 2024-12-12 16:13:10.800748
INFO:Message received on topic: type-2/24 with payload size: 91 at 2024-12-12 16:13:13.497603 sent 2024-12-12 16:13:13.415589
INFO:Message received on topic: type-2/24 with payload size: 91 at 2024-12-12 16:13:16.103102 sent 2024-12-12 16:13:16.027955
INFO:Message received on topic: type-2/24 with payload size: 91 at 2024-12-12 16:13:18.696781 sent 2024-12-12 16:13:18.637500
INFO:Message received on topic: type-2/24 with payload size: 91 at 2024-12-12 16:13:21.302668 sent 2024-12-12 16:13:21.251984
INFO:Message received on topic: type-2/24 with payload size: 91 at 2024-12-12 16:13:23.976779 sent 2024-12-12 16:13:23.870832
INFO:Message received on topic: type-2/24 with payload size: 91 at 2024-12-12 16:13:26.506057 sent 2024-12-12 16:13:26.475369
INFO:Message received on topic: type-2/24 with payload size: 91 at 2024-12-12 16:13:29.102165 sent 2024-12-12 16:13:29.084185
INFO:Message received on topic: type-2/24 with payload size: 91 at 2024-12-12 16:13:31.779314 sent 2024-12-12 16:13:31.692793
INFO:Message received on topic: type-2/24 with payload size: 91 at 2024-12-12 16:13:34.397955 sent 2024-12-12 16:13:34.301156
INFO:Message received on topic: type-2/24 with payload size: 91 at 2024-12-12 16:13:36.990519 sent 2024-12-12 16:13:36.909750
INFO:Message received on topic: type-2/24 with payload size: 91 at 2024-12-12 16:13:39.704610 sent 2024-12-12 16:13:39.525478
INFO:Message received on topic: type-2/24 with payload size: 91 at 2024-12-12 16:13:42.208609 sent 2024-12-12 16:13:42.136794
INFO:Message received on topic: type-2/24 with payload size: 91 at 2024-12-12 16:13:44.869516 sent 2024-12-12 16:13:44.749095
INFO:Message received on topic: type-2/24 with payload size: 91 at 2024-12-12 16:13:47.401888 sent 2024-12-12 16:13:47.360479
INFO:Message received on topic: type-2/24 with payload size: 91 at 2024-12-12 16:13:50.066775 sent 2024-12-12 16:13:49.972576
INFO:Message received on topic: type-2/24 with payload size: 91 at 2024-12-12 16:13:52.619454 sent 2024-12-12 16:13:52.580726
INFO:Message received on topic: type-2/24 with payload size: 91 at 2024-12-12 16:13:55.284456 sent 2024-12-12 16:13:55.191435
INFO:Message received on topic: type-2/24 with payload size: 91 at 2024-12-12 16:13:57.907061 sent 2024-12-12 16:13:57.806275
INFO:Message received on topic: type-2/24 with payload size: 91 at 2024-12-12 16:14:00.492054 sent 2024-12-12 16:14:00.421285
INFO:Message received on topic: type-2/24 with payload size: 91 at 2024-12-12 16:14:03.110832 sent 2024-12-12 16:14:03.029196
INFO:Message received on topic: type-2/24 with payload size: 91 at 2024-12-12 16:14:05.697186 sent 2024-12-12 16:14:05.640927
INFO:Message received on topic: type-2/24 with payload size: 91 at 2024-12-12 16:14:08.306578 sent 2024-12-12 16:14:08.248734
INFO:Message received on topic: type-2/24 with payload size: 91 at 2024-12-12 16:14:10.913460 sent 2024-12-12 16:14:10.858215
INFO:Message received on topic: type-2/24 with payload size: 91 at 2024-12-12 16:14:13.493724 sent 2024-12-12 16:14:13.468189
INFO:Message received on topic: type-2/24 with payload size: 91 at 2024-12-12 16:14:16.112966 sent 2024-12-12 16:14:16.080758
INFO:Message received on topic: type-2/24 with payload size: 91 at 2024-12-12 16:14:18.722463 sent 2024-12-12 16:14:18.690226
INFO:Message received on topic: type-2/24 with payload size: 91 at 2024-12-12 16:14:21.382968 sent 2024-12-12 16:14:21.314105
INFO:Message received on topic: type-2/24 with payload size: 91 at 2024-12-12 16:14:23.991085 sent 2024-12-12 16:14:23.928179
INFO:Message received on topic: type-2/24 with payload size: 91 at 2024-12-12 16:14:26.614769 sent 2024-12-12 16:14:26.538683
INFO:Message received on topic: type-2/24 with payload size: 91 at 2024-12-12 16:14:29.200820 sent 2024-12-12 16:14:29.150170
INFO:Message received on topic: type-2/24 with payload size: 91 at 2024-12-12 16:14:31.790240 sent 2024-12-12 16:14:31.755959
INFO:Message received on topic: type-2/24 with payload size: 91 at 2024-12-12 16:14:34.434752 sent 2024-12-12 16:14:34.370697
INFO:Message received on topic: type-2/24 with payload size: 91 at 2024-12-12 16:14:36.995025 sent 2024-12-12 16:14:36.980032
INFO:Message received on topic: type-2/24 with payload size: 91 at 2024-12-12 16:14:39.680626 sent 2024-12-12 16:14:39.589924
INFO:Message received on topic: type-2/24 with payload size: 91 at 2024-12-12 16:14:42.284540 sent 2024-12-12 16:14:42.200182
INFO:Message received on topic: type-2/24 with payload size: 91 at 2024-12-12 16:14:44.894594 sent 2024-12-12 16:14:44.808541
INFO:Message received on topic: type-2/24 with payload size: 91 at 2024-12-12 16:14:47.490073 sent 2024-12-12 16:14:47.420262
INFO:Message received on topic: type-2/24 with payload size: 91 at 2024-12-12 16:14:50.101466 sent 2024-12-12 16:14:50.032076
INFO:Message received on topic: type-2/24 with payload size: 91 at 2024-12-12 16:14:52.712523 sent 2024-12-12 16:14:52.645061
INFO:Message received on topic: type-2/24 with payload size: 91 at 2024-12-12 16:14:55.288527 sent 2024-12-12 16:14:55.253039
INFO:Message received on topic: type-2/24 with payload size: 91 at 2024-12-12 16:14:58.099106 sent 2024-12-12 16:14:57.864603
INFO:Message received on topic: type-2/24 with payload size: 91 at 2024-12-12 16:15:00.515230 sent 2024-12-12 16:15:00.475637
INFO:Message received on topic: type-2/24 with payload size: 91 at 2024-12-12 16:15:03.187369 sent 2024-12-12 16:15:03.072241
INFO:Message received on topic: type-2/24 with payload size: 91 at 2024-12-12 16:15:05.712581 sent 2024-12-12 16:15:05.665138
INFO:Message received on topic: type-2/24 with payload size: 91 at 2024-12-12 16:15:08.308829 sent 2024-12-12 16:15:08.252661
INFO:Message received on topic: type-2/24 with payload size: 91 at 2024-12-12 16:15:10.994910 sent 2024-12-12 16:15:10.843411
INFO:Message received on topic: type-2/24 with payload size: 91 at 2024-12-12 16:15:13.515553 sent 2024-12-12 16:15:13.442261
INFO:Message received on topic: type-2/24 with payload size: 91 at 2024-12-12 16:15:16.191144 sent 2024-12-12 16:15:16.056847
INFO:Message received on topic: type-2/24 with payload size: 91 at 2024-12-12 16:15:18.796602 sent 2024-12-12 16:15:18.669246
INFO:Message received on topic: type-2/24 with payload size: 91 at 2024-12-12 16:15:21.393649 sent 2024-12-12 16:15:21.275923
INFO:Message received on topic: type-2/24 with payload size: 91 at 2024-12-12 16:15:24.000080 sent 2024-12-12 16:15:23.883459
INFO:Message received on topic: type-2/24 with payload size: 91 at 2024-12-12 16:15:26.593051 sent 2024-12-12 16:15:26.489885
INFO:Message received on topic: type-2/24 with payload size: 91 at 2024-12-12 16:15:29.184440 sent 2024-12-12 16:15:29.104786
INFO:Message received on topic: type-2/24 with payload size: 91 at 2024-12-12 16:15:31.813131 sent 2024-12-12 16:15:31.724411
INFO:Message received on topic: type-2/24 with payload size: 91 at 2024-12-12 16:15:34.488378 sent 2024-12-12 16:15:34.338512
INFO:Message received on topic: type-2/24 with payload size: 91 at 2024-12-12 16:15:37.086080 sent 2024-12-12 16:15:36.954512
INFO:Message received on topic: type-2/24 with payload size: 91 at 2024-12-12 16:15:39.699462 sent 2024-12-12 16:15:39.572272
INFO:Message received on topic: type-2/24 with payload size: 91 at 2024-12-12 16:15:42.282007 sent 2024-12-12 16:15:42.183772
INFO:Message received on topic: type-2/24 with payload size: 91 at 2024-12-12 16:15:44.901182 sent 2024-12-12 16:15:44.793561
INFO:Message received on topic: type-2/24 with payload size: 91 at 2024-12-12 16:15:47.491003 sent 2024-12-12 16:15:47.405175
INFO:Message received on topic: type-2/24 with payload size: 91 at 2024-12-12 16:15:50.089143 sent 2024-12-12 16:15:50.014685
INFO:Message received on topic: type-2/24 with payload size: 91 at 2024-12-12 16:15:52.727618 sent 2024-12-12 16:15:52.627408
INFO:Message received on topic: type-2/24 with payload size: 91 at 2024-12-12 16:15:55.398051 sent 2024-12-12 16:15:55.240164
INFO:Message received on topic: type-2/24 with payload size: 91 at 2024-12-12 16:15:57.901964 sent 2024-12-12 16:15:57.850747
INFO:Message received on topic: type-2/24 with payload size: 91 at 2024-12-12 16:16:00.591684 sent 2024-12-12 16:16:00.460188
INFO:Message received on topic: type-2/24 with payload size: 91 at 2024-12-12 16:16:03.182087 sent 2024-12-12 16:16:03.072647
INFO:Message received on topic: type-2/24 with payload size: 91 at 2024-12-12 16:16:05.774392 sent 2024-12-12 16:16:05.681112
INFO:Message received on topic: type-2/24 with payload size: 91 at 2024-12-12 16:16:08.403855 sent 2024-12-12 16:16:08.292877
INFO:Message received on topic: type-2/24 with payload size: 91 at 2024-12-12 16:16:11.203207 sent 2024-12-12 16:16:10.912380
INFO:Message received on topic: type-2/24 with payload size: 91 at 2024-12-12 16:16:13.605950 sent 2024-12-12 16:16:13.520829
INFO:Message received on topic: type-2/24 with payload size: 91 at 2024-12-12 16:16:16.216509 sent 2024-12-12 16:16:16.138060
INFO:Message received on topic: type-2/24 with payload size: 91 at 2024-12-12 16:16:18.794282 sent 2024-12-12 16:16:18.747867
INFO:Message received on topic: type-2/24 with payload size: 91 at 2024-12-12 16:16:21.478421 sent 2024-12-12 16:16:21.359806
INFO:Message received on topic: type-2/24 with payload size: 91 at 2024-12-12 16:16:24.080507 sent 2024-12-12 16:16:23.967770
INFO:Message received on topic: type-2/24 with payload size: 91 at 2024-12-12 16:16:26.692285 sent 2024-12-12 16:16:26.581357
INFO:Message received on topic: type-2/24 with payload size: 91 at 2024-12-12 16:16:29.288883 sent 2024-12-12 16:16:29.190206
INFO:Message received on topic: type-2/24 with payload size: 91 at 2024-12-12 16:16:31.913393 sent 2024-12-12 16:16:31.804983
INFO:Message received on topic: type-2/24 with payload size: 91 at 2024-12-12 16:16:34.514917 sent 2024-12-12 16:16:34.414469
INFO:Message received on topic: type-2/24 with payload size: 91 at 2024-12-12 16:16:37.095584 sent 2024-12-12 16:16:37.021610
INFO:Message received on topic: type-2/24 with payload size: 91 at 2024-12-12 16:16:39.716975 sent 2024-12-12 16:16:39.627570
INFO:Message received on topic: type-2/24 with payload size: 91 at 2024-12-12 16:16:42.495388 sent 2024-12-12 16:16:42.235308
INFO:Message received on topic: type-2/24 with payload size: 91 at 2024-12-12 16:16:44.904247 sent 2024-12-12 16:16:44.843692
INFO:Message received on topic: type-2/24 with payload size: 91 at 2024-12-12 16:16:47.584224 sent 2024-12-12 16:16:47.457792
INFO:Message received on topic: type-2/24 with payload size: 91 at 2024-12-12 16:16:50.180746 sent 2024-12-12 16:16:50.071609
INFO:Message received on topic: type-2/24 with payload size: 91 at 2024-12-12 16:16:52.803474 sent 2024-12-12 16:16:52.678826
INFO:Message received on topic: type-2/24 with payload size: 91 at 2024-12-12 16:16:55.313069 sent 2024-12-12 16:16:55.289635
INFO:Message received on topic: type-2/24 with payload size: 91 at 2024-12-12 16:16:57.989050 sent 2024-12-12 16:16:57.898973
INFO:Message received on topic: type-2/24 with payload size: 91 at 2024-12-12 16:17:00.608454 sent 2024-12-12 16:17:00.512741
INFO:Message received on topic: type-2/24 with payload size: 91 at 2024-12-12 16:17:03.196181 sent 2024-12-12 16:17:03.121266
INFO:Message received on topic: type-2/24 with payload size: 91 at 2024-12-12 16:17:05.811591 sent 2024-12-12 16:17:05.730231
INFO:Message received on topic: type-2/24 with payload size: 91 at 2024-12-12 16:17:08.399782 sent 2024-12-12 16:17:08.346120
INFO:Message received on topic: type-2/24 with payload size: 91 at 2024-12-12 16:17:11.007035 sent 2024-12-12 16:17:10.963142
INFO:Message received on topic: type-2/24 with payload size: 91 at 2024-12-12 16:17:13.596007 sent 2024-12-12 16:17:13.573394
INFO:Message received on topic: type-2/24 with payload size: 91 at 2024-12-12 16:17:16.306949 sent 2024-12-12 16:17:16.184311
INFO:Message received on topic: type-2/24 with payload size: 91 at 2024-12-12 16:17:18.894245 sent 2024-12-12 16:17:18.793759
INFO:Message received on topic: type-2/24 with payload size: 91 at 2024-12-12 16:17:21.484388 sent 2024-12-12 16:17:21.405119
INFO:Message received on topic: type-2/24 with payload size: 91 at 2024-12-12 16:17:24.090559 sent 2024-12-12 16:17:24.012807
INFO:Message received on topic: type-2/24 with payload size: 91 at 2024-12-12 16:17:26.783196 sent 2024-12-12 16:17:26.617114
INFO:Message received on topic: type-2/24 with payload size: 91 at 2024-12-12 16:17:29.290129 sent 2024-12-12 16:17:29.223561
INFO:Message received on topic: type-2/24 with payload size: 91 at 2024-12-12 16:17:31.968293 sent 2024-12-12 16:17:31.830922
INFO:Message received on topic: type-2/24 with payload size: 91 at 2024-12-12 16:17:34.502164 sent 2024-12-12 16:17:34.438467
INFO:Message received on topic: type-2/24 with payload size: 91 at 2024-12-12 16:17:37.105259 sent 2024-12-12 16:17:37.046305
INFO:Message received on topic: type-2/24 with payload size: 91 at 2024-12-12 16:17:39.719094 sent 2024-12-12 16:17:39.652144
INFO:Message received on topic: type-2/24 with payload size: 91 at 2024-12-12 16:17:42.396036 sent 2024-12-12 16:17:42.257744
INFO:Message received on topic: type-2/24 with payload size: 91 at 2024-12-12 16:17:44.912932 sent 2024-12-12 16:17:44.863599
INFO:Message received on topic: type-2/24 with payload size: 91 at 2024-12-12 16:17:47.493800 sent 2024-12-12 16:17:47.470309
INFO:Message received on topic: type-2/24 with payload size: 91 at 2024-12-12 16:17:50.182202 sent 2024-12-12 16:17:50.081245
INFO:Message received on topic: type-2/24 with payload size: 91 at 2024-12-12 16:17:52.782895 sent 2024-12-12 16:17:52.686273
INFO:Message received on topic: type-2/24 with payload size: 91 at 2024-12-12 16:17:55.299693 sent 2024-12-12 16:17:55.288055
INFO:Message received on topic: type-2/24 with payload size: 91 at 2024-12-12 16:17:57.906533 sent 2024-12-12 16:17:57.891435
INFO:Message received on topic: type-2/24 with payload size: 91 at 2024-12-12 16:18:00.516432 sent 2024-12-12 16:18:00.503032
INFO:Message received on topic: type-2/24 with payload size: 91 at 2024-12-12 16:18:03.186277 sent 2024-12-12 16:18:03.106164
INFO:Message received on topic: type-2/24 with payload size: 91 at 2024-12-12 16:18:05.787469 sent 2024-12-12 16:18:05.712466
INFO:Message received on topic: type-2/24 with payload size: 91 at 2024-12-12 16:18:08.394296 sent 2024-12-12 16:18:08.317584
INFO:Message received on topic: type-2/24 with payload size: 91 at 2024-12-12 16:18:10.987016 sent 2024-12-12 16:18:10.921255
INFO:Message received on topic: type-2/24 with payload size: 91 at 2024-12-12 16:18:13.589902 sent 2024-12-12 16:18:13.524192
INFO:Message received on topic: type-2/24 with payload size: 91 at 2024-12-12 16:18:16.195795 sent 2024-12-12 16:18:16.132682
INFO:Message received on topic: type-2/24 with payload size: 91 at 2024-12-12 16:18:18.793885 sent 2024-12-12 16:18:18.737101
INFO:Message received on topic: type-2/24 with payload size: 91 at 2024-12-12 16:18:21.387712 sent 2024-12-12 16:18:21.342009
INFO:Message received on topic: type-2/24 with payload size: 91 at 2024-12-12 16:18:23.996304 sent 2024-12-12 16:18:23.945586
INFO:Message received on topic: type-2/24 with payload size: 91 at 2024-12-12 16:18:26.593971 sent 2024-12-12 16:18:26.547573
INFO:Message received on topic: type-2/24 with payload size: 91 at 2024-12-12 16:18:29.197396 sent 2024-12-12 16:18:29.150535
INFO:Message received on topic: type-2/24 with payload size: 91 at 2024-12-12 16:18:31.799858 sent 2024-12-12 16:18:31.757143
INFO:Message received on topic: type-2/24 with payload size: 91 at 2024-12-12 16:18:34.468456 sent 2024-12-12 16:18:34.361458
INFO:Message received on topic: type-2/24 with payload size: 91 at 2024-12-12 16:18:36.998010 sent 2024-12-12 16:18:36.964644
INFO:Message received on topic: type-2/24 with payload size: 91 at 2024-12-12 16:18:39.602179 sent 2024-12-12 16:18:39.568398
INFO:Message received on topic: type-2/24 with payload size: 91 at 2024-12-12 16:18:42.210411 sent 2024-12-12 16:18:42.171638
INFO:Message received on topic: type-2/24 with payload size: 91 at 2024-12-12 16:18:44.789933 sent 2024-12-12 16:18:44.772396
INFO:Message received on topic: type-2/24 with payload size: 91 at 2024-12-12 16:18:47.402541 sent 2024-12-12 16:18:47.381567
