INFO:Starting Version 1.0.5
DEBUG:Using selector: EpollSelector
INFO:Connecting to cluster at: mqtt-quic://emqx-headless.dtwins:14567 using QUIC
INFO:Subscribed to topic: type-2/20
INFO:Logging each: 50
INFO:Unhandled packet type received
INFO:Message received on topic: type-2/20 with payload size: 91 at 2024-12-12 16:09:34.921584 sent 2024-12-12 16:09:34.866244
INFO:Message received on topic: type-2/20 with payload size: 91 at 2024-12-12 16:09:37.717212 sent 2024-12-12 16:09:37.466156
INFO:Message received on topic: type-2/20 with payload size: 91 at 2024-12-12 16:09:40.122629 sent 2024-12-12 16:09:40.066233
INFO:Message received on topic: type-2/20 with payload size: 91 at 2024-12-12 16:09:42.788408 sent 2024-12-12 16:09:42.671753
INFO:Message received on topic: type-2/20 with payload size: 91 at 2024-12-12 16:09:45.287881 sent 2024-12-12 16:09:45.270817
INFO:Message received on topic: type-2/20 with payload size: 91 at 2024-12-12 16:09:47.989574 sent 2024-12-12 16:09:47.875009
INFO:Message received on topic: type-2/20 with payload size: 91 at 2024-12-12 16:09:50.610238 sent 2024-12-12 16:09:50.473519
INFO:Message received on topic: type-2/20 with payload size: 91 at 2024-12-12 16:09:53.118799 sent 2024-12-12 16:09:53.070477
INFO:Message received on topic: type-2/20 with payload size: 91 at 2024-12-12 16:09:55.706012 sent 2024-12-12 16:09:55.674126
INFO:Message received on topic: type-2/20 with payload size: 91 at 2024-12-12 16:09:58.285813 sent 2024-12-12 16:09:58.278126
INFO:Message received on topic: type-2/20 with payload size: 91 at 2024-12-12 16:10:00.918005 sent 2024-12-12 16:10:00.888093
INFO:Message received on topic: type-2/20 with payload size: 91 at 2024-12-12 16:10:03.502630 sent 2024-12-12 16:10:03.497119
INFO:Message received on topic: type-2/20 with payload size: 91 at 2024-12-12 16:10:06.120600 sent 2024-12-12 16:10:06.098637
INFO:Message received on topic: type-2/20 with payload size: 91 at 2024-12-12 16:10:08.712946 sent 2024-12-12 16:10:08.701632
INFO:Message received on topic: type-2/20 with payload size: 91 at 2024-12-12 16:10:11.315631 sent 2024-12-12 16:10:11.305710
INFO:Message received on topic: type-2/20 with payload size: 91 at 2024-12-12 16:10:13.990049 sent 2024-12-12 16:10:13.911453
INFO:Message received on topic: type-2/20 with payload size: 91 at 2024-12-12 16:10:16.600211 sent 2024-12-12 16:10:16.513184
INFO:Message received on topic: type-2/20 with payload size: 91 at 2024-12-12 16:10:19.123163 sent 2024-12-12 16:10:19.115314
INFO:Message received on topic: type-2/20 with payload size: 91 at 2024-12-12 16:10:21.786234 sent 2024-12-12 16:10:21.722700
INFO:Message received on topic: type-2/20 with payload size: 91 at 2024-12-12 16:10:24.395279 sent 2024-12-12 16:10:24.330461
INFO:Message received on topic: type-2/20 with payload size: 91 at 2024-12-12 16:10:26.999539 sent 2024-12-12 16:10:26.933281
INFO:Message received on topic: type-2/20 with payload size: 91 at 2024-12-12 16:10:29.602137 sent 2024-12-12 16:10:29.537911
INFO:Message received on topic: type-2/20 with payload size: 91 at 2024-12-12 16:10:32.197273 sent 2024-12-12 16:10:32.144825
INFO:Message received on topic: type-2/20 with payload size: 91 at 2024-12-12 16:10:34.901811 sent 2024-12-12 16:10:34.755960
INFO:Message received on topic: type-2/20 with payload size: 91 at 2024-12-12 16:10:37.482924 sent 2024-12-12 16:10:37.370635
INFO:Message received on topic: type-2/20 with payload size: 91 at 2024-12-12 16:10:40.009280 sent 2024-12-12 16:10:39.984173
INFO:Message received on topic: type-2/20 with payload size: 91 at 2024-12-12 16:10:42.608010 sent 2024-12-12 16:10:42.594691
INFO:Message received on topic: type-2/20 with payload size: 91 at 2024-12-12 16:10:45.279276 sent 2024-12-12 16:10:45.209713
INFO:Message received on topic: type-2/20 with payload size: 91 at 2024-12-12 16:10:47.881612 sent 2024-12-12 16:10:47.819609
INFO:Message received on topic: type-2/20 with payload size: 91 at 2024-12-12 16:10:50.491979 sent 2024-12-12 16:10:50.428496
INFO:Message received on topic: type-2/20 with payload size: 91 at 2024-12-12 16:10:53.100690 sent 2024-12-12 16:10:53.037732
INFO:Message received on topic: type-2/20 with payload size: 91 at 2024-12-12 16:10:55.695405 sent 2024-12-12 16:10:55.644482
INFO:Message received on topic: type-2/20 with payload size: 91 at 2024-12-12 16:10:58.384172 sent 2024-12-12 16:10:58.263080
INFO:Message received on topic: type-2/20 with payload size: 91 at 2024-12-12 16:11:00.905744 sent 2024-12-12 16:11:00.877824
INFO:Message received on topic: type-2/20 with payload size: 91 at 2024-12-12 16:11:03.508986 sent 2024-12-12 16:11:03.493694
INFO:Message received on topic: type-2/20 with payload size: 91 at 2024-12-12 16:11:06.184241 sent 2024-12-12 16:11:06.106889
INFO:Message received on topic: type-2/20 with payload size: 91 at 2024-12-12 16:11:08.783998 sent 2024-12-12 16:11:08.713971
INFO:Message received on topic: type-2/20 with payload size: 91 at 2024-12-12 16:11:11.390069 sent 2024-12-12 16:11:11.322418
INFO:Message received on topic: type-2/20 with payload size: 91 at 2024-12-12 16:11:13.994725 sent 2024-12-12 16:11:13.930278
INFO:Message received on topic: type-2/20 with payload size: 91 at 2024-12-12 16:11:16.611926 sent 2024-12-12 16:11:16.541512
INFO:Message received on topic: type-2/20 with payload size: 91 at 2024-12-12 16:11:19.290773 sent 2024-12-12 16:11:19.160927
INFO:Message received on topic: type-2/20 with payload size: 91 at 2024-12-12 16:11:21.797183 sent 2024-12-12 16:11:21.777960
INFO:Message received on topic: type-2/20 with payload size: 91 at 2024-12-12 16:11:24.400168 sent 2024-12-12 16:11:24.389645
INFO:Message received on topic: type-2/20 with payload size: 91 at 2024-12-12 16:11:27.019456 sent 2024-12-12 16:11:27.006578
INFO:Message received on topic: type-2/20 with payload size: 91 at 2024-12-12 16:11:29.710660 sent 2024-12-12 16:11:29.617197
INFO:Message received on topic: type-2/20 with payload size: 91 at 2024-12-12 16:11:32.311378 sent 2024-12-12 16:11:32.226908
INFO:Message received on topic: type-2/20 with payload size: 91 at 2024-12-12 16:11:34.896505 sent 2024-12-12 16:11:34.835073
INFO:Message received on topic: type-2/20 with payload size: 91 at 2024-12-12 16:11:37.495896 sent 2024-12-12 16:11:37.441230
INFO:Message received on topic: type-2/20 with payload size: 91 at 2024-12-12 16:11:40.089544 sent 2024-12-12 16:11:40.052030
INFO:Message received on topic: type-2/20 with payload size: 91 at 2024-12-12 16:11:42.684907 sent 2024-12-12 16:11:42.659979
INFO:Message received on topic: type-2/20 with payload size: 91 at 2024-12-12 16:11:45.300533 sent 2024-12-12 16:11:45.272215
INFO:Message received on topic: type-2/20 with payload size: 91 at 2024-12-12 16:11:47.892285 sent 2024-12-12 16:11:47.881701
INFO:Message received on topic: type-2/20 with payload size: 91 at 2024-12-12 16:11:50.518859 sent 2024-12-12 16:11:50.494265
INFO:Message received on topic: type-2/20 with payload size: 91 at 2024-12-12 16:11:53.213786 sent 2024-12-12 16:11:53.109272
INFO:Message received on topic: type-2/20 with payload size: 91 at 2024-12-12 16:11:55.790237 sent 2024-12-12 16:11:55.719141
INFO:Message received on topic: type-2/20 with payload size: 91 at 2024-12-12 16:11:58.393847 sent 2024-12-12 16:11:58.332320
INFO:Message received on topic: type-2/20 with payload size: 91 at 2024-12-12 16:12:01.001004 sent 2024-12-12 16:12:00.945689
INFO:Message received on topic: type-2/20 with payload size: 91 at 2024-12-12 16:12:03.625146 sent 2024-12-12 16:12:03.552069
INFO:Message received on topic: type-2/20 with payload size: 91 at 2024-12-12 16:12:06.196228 sent 2024-12-12 16:12:06.164555
INFO:Message received on topic: type-2/20 with payload size: 91 at 2024-12-12 16:12:08.793522 sent 2024-12-12 16:12:08.772906
INFO:Message received on topic: type-2/20 with payload size: 91 at 2024-12-12 16:12:11.400726 sent 2024-12-12 16:12:11.383639
INFO:Message received on topic: type-2/20 with payload size: 91 at 2024-12-12 16:12:14.091622 sent 2024-12-12 16:12:13.993874
INFO:Message received on topic: type-2/20 with payload size: 91 at 2024-12-12 16:12:16.700301 sent 2024-12-12 16:12:16.598621
INFO:Message received on topic: type-2/20 with payload size: 91 at 2024-12-12 16:12:19.227525 sent 2024-12-12 16:12:19.211962
INFO:Message received on topic: type-2/20 with payload size: 91 at 2024-12-12 16:12:21.916170 sent 2024-12-12 16:12:21.825869
INFO:Message received on topic: type-2/20 with payload size: 91 at 2024-12-12 16:12:24.495333 sent 2024-12-12 16:12:24.433756
INFO:Message received on topic: type-2/20 with payload size: 91 at 2024-12-12 16:12:27.108196 sent 2024-12-12 16:12:27.043870
INFO:Message received on topic: type-2/20 with payload size: 91 at 2024-12-12 16:12:29.699295 sent 2024-12-12 16:12:29.653038
INFO:Message received on topic: type-2/20 with payload size: 91 at 2024-12-12 16:12:32.406578 sent 2024-12-12 16:12:32.264911
INFO:Message received on topic: type-2/20 with payload size: 91 at 2024-12-12 16:12:35.092392 sent 2024-12-12 16:12:34.874408
INFO:Message received on topic: type-2/20 with payload size: 91 at 2024-12-12 16:12:37.508788 sent 2024-12-12 16:12:37.485203
INFO:Message received on topic: type-2/20 with payload size: 91 at 2024-12-12 16:12:40.190580 sent 2024-12-12 16:12:40.097477
INFO:Message received on topic: type-2/20 with payload size: 91 at 2024-12-12 16:12:42.796521 sent 2024-12-12 16:12:42.719038
INFO:Message received on topic: type-2/20 with payload size: 91 at 2024-12-12 16:12:45.389075 sent 2024-12-12 16:12:45.331791
INFO:Message received on topic: type-2/20 with payload size: 91 at 2024-12-12 16:12:48.011671 sent 2024-12-12 16:12:47.943943
INFO:Message received on topic: type-2/20 with payload size: 91 at 2024-12-12 16:12:50.599161 sent 2024-12-12 16:12:50.550829
INFO:Message received on topic: type-2/20 with payload size: 91 at 2024-12-12 16:12:53.487795 sent 2024-12-12 16:12:53.166668
INFO:Message received on topic: type-2/20 with payload size: 91 at 2024-12-12 16:12:55.806722 sent 2024-12-12 16:12:55.775531
INFO:Message received on topic: type-2/20 with payload size: 91 at 2024-12-12 16:12:58.416869 sent 2024-12-12 16:12:58.391137
INFO:Message received on topic: type-2/20 with payload size: 91 at 2024-12-12 16:13:01.270250 sent 2024-12-12 16:13:01.004107
INFO:Message received on topic: type-2/20 with payload size: 91 at 2024-12-12 16:13:03.691164 sent 2024-12-12 16:13:03.621285
INFO:Message received on topic: type-2/20 with payload size: 91 at 2024-12-12 16:13:06.294618 sent 2024-12-12 16:13:06.228930
INFO:Message received on topic: type-2/20 with payload size: 91 at 2024-12-12 16:13:08.907312 sent 2024-12-12 16:13:08.842258
INFO:Message received on topic: type-2/20 with payload size: 91 at 2024-12-12 16:13:11.607861 sent 2024-12-12 16:13:11.452952
INFO:Message received on topic: type-2/20 with payload size: 91 at 2024-12-12 16:13:14.197728 sent 2024-12-12 16:13:14.062565
INFO:Message received on topic: type-2/20 with payload size: 91 at 2024-12-12 16:13:16.772987 sent 2024-12-12 16:13:16.673037
INFO:Message received on topic: type-2/20 with payload size: 91 at 2024-12-12 16:13:19.315887 sent 2024-12-12 16:13:19.291797
INFO:Message received on topic: type-2/20 with payload size: 91 at 2024-12-12 16:13:21.993264 sent 2024-12-12 16:13:21.909909
INFO:Message received on topic: type-2/20 with payload size: 91 at 2024-12-12 16:13:24.599686 sent 2024-12-12 16:13:24.521488
INFO:Message received on topic: type-2/20 with payload size: 91 at 2024-12-12 16:13:27.194761 sent 2024-12-12 16:13:27.137727
INFO:Message received on topic: type-2/20 with payload size: 91 at 2024-12-12 16:13:29.794418 sent 2024-12-12 16:13:29.748213
INFO:Message received on topic: type-2/20 with payload size: 91 at 2024-12-12 16:13:32.395044 sent 2024-12-12 16:13:32.354594
INFO:Message received on topic: type-2/20 with payload size: 91 at 2024-12-12 16:13:35.004148 sent 2024-12-12 16:13:34.962721
INFO:Message received on topic: type-2/20 with payload size: 91 at 2024-12-12 16:13:37.622822 sent 2024-12-12 16:13:37.572945
INFO:Message received on topic: type-2/20 with payload size: 91 at 2024-12-12 16:13:40.281720 sent 2024-12-12 16:13:40.183146
INFO:Message received on topic: type-2/20 with payload size: 91 at 2024-12-12 16:13:42.906048 sent 2024-12-12 16:13:42.799047
INFO:Message received on topic: type-2/20 with payload size: 91 at 2024-12-12 16:13:45.498224 sent 2024-12-12 16:13:45.408050
INFO:Message received on topic: type-2/20 with payload size: 91 at 2024-12-12 16:13:48.110588 sent 2024-12-12 16:13:48.017824
INFO:Message received on topic: type-2/20 with payload size: 91 at 2024-12-12 16:13:50.710308 sent 2024-12-12 16:13:50.629872
INFO:Message received on topic: type-2/20 with payload size: 91 at 2024-12-12 16:13:53.289694 sent 2024-12-12 16:13:53.240050
INFO:Message received on topic: type-2/20 with payload size: 91 at 2024-12-12 16:13:55.912016 sent 2024-12-12 16:13:55.849631
INFO:Message received on topic: type-2/20 with payload size: 91 at 2024-12-12 16:13:58.501660 sent 2024-12-12 16:13:58.464495
INFO:Message received on topic: type-2/20 with payload size: 91 at 2024-12-12 16:14:01.102283 sent 2024-12-12 16:14:01.073569
INFO:Message received on topic: type-2/20 with payload size: 91 at 2024-12-12 16:14:03.691778 sent 2024-12-12 16:14:03.680878
INFO:Message received on topic: type-2/20 with payload size: 91 at 2024-12-12 16:14:06.371878 sent 2024-12-12 16:14:06.289170
INFO:Message received on topic: type-2/20 with payload size: 91 at 2024-12-12 16:14:08.994688 sent 2024-12-12 16:14:08.900633
INFO:Message received on topic: type-2/20 with payload size: 91 at 2024-12-12 16:14:11.579643 sent 2024-12-12 16:14:11.517809
INFO:Message received on topic: type-2/20 with payload size: 91 at 2024-12-12 16:14:14.386163 sent 2024-12-12 16:14:14.127625
INFO:Message received on topic: type-2/20 with payload size: 91 at 2024-12-12 16:14:16.808235 sent 2024-12-12 16:14:16.733686
INFO:Message received on topic: type-2/20 with payload size: 91 at 2024-12-12 16:14:19.483869 sent 2024-12-12 16:14:19.342867
INFO:Message received on topic: type-2/20 with payload size: 91 at 2024-12-12 16:14:22.012968 sent 2024-12-12 16:14:21.956083
INFO:Message received on topic: type-2/20 with payload size: 91 at 2024-12-12 16:14:24.599732 sent 2024-12-12 16:14:24.565291
INFO:Message received on topic: type-2/20 with payload size: 91 at 2024-12-12 16:14:27.210292 sent 2024-12-12 16:14:27.174932
INFO:Message received on topic: type-2/20 with payload size: 91 at 2024-12-12 16:14:29.900518 sent 2024-12-12 16:14:29.786614
INFO:Message received on topic: type-2/20 with payload size: 91 at 2024-12-12 16:14:32.472430 sent 2024-12-12 16:14:32.399961
INFO:Message received on topic: type-2/20 with payload size: 91 at 2024-12-12 16:14:35.080714 sent 2024-12-12 16:14:35.006900
INFO:Message received on topic: type-2/20 with payload size: 91 at 2024-12-12 16:14:37.709714 sent 2024-12-12 16:14:37.618876
INFO:Message received on topic: type-2/20 with payload size: 91 at 2024-12-12 16:14:40.295117 sent 2024-12-12 16:14:40.224950
INFO:Message received on topic: type-2/20 with payload size: 91 at 2024-12-12 16:14:42.971090 sent 2024-12-12 16:14:42.839232
INFO:Message received on topic: type-2/20 with payload size: 91 at 2024-12-12 16:14:45.600810 sent 2024-12-12 16:14:45.458990
INFO:Message received on topic: type-2/20 with payload size: 91 at 2024-12-12 16:14:48.092777 sent 2024-12-12 16:14:48.064808
INFO:Message received on topic: type-2/20 with payload size: 91 at 2024-12-12 16:14:50.769297 sent 2024-12-12 16:14:50.676642
INFO:Message received on topic: type-2/20 with payload size: 91 at 2024-12-12 16:14:53.389999 sent 2024-12-12 16:14:53.288494
INFO:Message received on topic: type-2/20 with payload size: 91 at 2024-12-12 16:14:55.982946 sent 2024-12-12 16:14:55.899109
INFO:Message received on topic: type-2/20 with payload size: 91 at 2024-12-12 16:14:58.581724 sent 2024-12-12 16:14:58.506824
INFO:Message received on topic: type-2/20 with payload size: 91 at 2024-12-12 16:15:01.196208 sent 2024-12-12 16:15:01.118092
INFO:Message received on topic: type-2/20 with payload size: 91 at 2024-12-12 16:15:03.981611 sent 2024-12-12 16:15:03.711942
INFO:Message received on topic: type-2/20 with payload size: 91 at 2024-12-12 16:15:06.386632 sent 2024-12-12 16:15:06.303851
INFO:Message received on topic: type-2/20 with payload size: 91 at 2024-12-12 16:15:08.924683 sent 2024-12-12 16:15:08.898897
INFO:Message received on topic: type-2/20 with payload size: 91 at 2024-12-12 16:15:11.581470 sent 2024-12-12 16:15:11.485362
INFO:Message received on topic: type-2/20 with payload size: 91 at 2024-12-12 16:15:14.186185 sent 2024-12-12 16:15:14.088061
INFO:Message received on topic: type-2/20 with payload size: 91 at 2024-12-12 16:15:16.785285 sent 2024-12-12 16:15:16.692166
INFO:Message received on topic: type-2/20 with payload size: 91 at 2024-12-12 16:15:19.312686 sent 2024-12-12 16:15:19.303850
INFO:Message received on topic: type-2/20 with payload size: 91 at 2024-12-12 16:15:21.989445 sent 2024-12-12 16:15:21.914383
INFO:Message received on topic: type-2/20 with payload size: 91 at 2024-12-12 16:15:24.695960 sent 2024-12-12 16:15:24.519605
INFO:Message received on topic: type-2/20 with payload size: 91 at 2024-12-12 16:15:27.298530 sent 2024-12-12 16:15:27.123620
INFO:Message received on topic: type-2/20 with payload size: 91 at 2024-12-12 16:15:29.791202 sent 2024-12-12 16:15:29.734259
INFO:Message received on topic: type-2/20 with payload size: 91 at 2024-12-12 16:15:32.415816 sent 2024-12-12 16:15:32.349557
INFO:Message received on topic: type-2/20 with payload size: 91 at 2024-12-12 16:15:34.996157 sent 2024-12-12 16:15:34.959488
INFO:Message received on topic: type-2/20 with payload size: 91 at 2024-12-12 16:15:37.702139 sent 2024-12-12 16:15:37.573031
INFO:Message received on topic: type-2/20 with payload size: 91 at 2024-12-12 16:15:40.289290 sent 2024-12-12 16:15:40.185041
INFO:Message received on topic: type-2/20 with payload size: 91 at 2024-12-12 16:15:42.892593 sent 2024-12-12 16:15:42.796709
INFO:Message received on topic: type-2/20 with payload size: 91 at 2024-12-12 16:15:45.482024 sent 2024-12-12 16:15:45.403942
INFO:Message received on topic: type-2/20 with payload size: 91 at 2024-12-12 16:15:48.294092 sent 2024-12-12 16:15:48.016832
INFO:Message received on topic: type-2/20 with payload size: 91 at 2024-12-12 16:15:50.790812 sent 2024-12-12 16:15:50.627264
INFO:Message received on topic: type-2/20 with payload size: 91 at 2024-12-12 16:15:53.397257 sent 2024-12-12 16:15:53.246265
INFO:Message received on topic: type-2/20 with payload size: 91 at 2024-12-12 16:15:56.104128 sent 2024-12-12 16:15:55.854556
INFO:Message received on topic: type-2/20 with payload size: 91 at 2024-12-12 16:15:58.603177 sent 2024-12-12 16:15:58.466562
INFO:Message received on topic: type-2/20 with payload size: 91 at 2024-12-12 16:16:01.172676 sent 2024-12-12 16:16:01.075207
INFO:Message received on topic: type-2/20 with payload size: 91 at 2024-12-12 16:16:03.708988 sent 2024-12-12 16:16:03.682933
INFO:Message received on topic: type-2/20 with payload size: 91 at 2024-12-12 16:16:06.403566 sent 2024-12-12 16:16:06.290074
INFO:Message received on topic: type-2/20 with payload size: 91 at 2024-12-12 16:16:09.096594 sent 2024-12-12 16:16:08.910364
INFO:Message received on topic: type-2/20 with payload size: 91 at 2024-12-12 16:16:11.870169 sent 2024-12-12 16:16:11.525317
INFO:Message received on topic: type-2/20 with payload size: 91 at 2024-12-12 16:16:14.289761 sent 2024-12-12 16:16:14.134422
INFO:Message received on topic: type-2/20 with payload size: 91 at 2024-12-12 16:16:16.796690 sent 2024-12-12 16:16:16.738908
INFO:Message received on topic: type-2/20 with payload size: 91 at 2024-12-12 16:16:19.410029 sent 2024-12-12 16:16:19.347225
INFO:Message received on topic: type-2/20 with payload size: 91 at 2024-12-12 16:16:22.087971 sent 2024-12-12 16:16:21.961452
INFO:Message received on topic: type-2/20 with payload size: 91 at 2024-12-12 16:16:24.709153 sent 2024-12-12 16:16:24.568714
INFO:Message received on topic: type-2/20 with payload size: 91 at 2024-12-12 16:16:27.205513 sent 2024-12-12 16:16:27.175534
INFO:Message received on topic: type-2/20 with payload size: 91 at 2024-12-12 16:16:29.889476 sent 2024-12-12 16:16:29.787188
INFO:Message received on topic: type-2/20 with payload size: 91 at 2024-12-12 16:16:32.515033 sent 2024-12-12 16:16:32.396310
INFO:Message received on topic: type-2/20 with payload size: 91 at 2024-12-12 16:16:35.093899 sent 2024-12-12 16:16:35.009132
INFO:Message received on topic: type-2/20 with payload size: 91 at 2024-12-12 16:16:37.704680 sent 2024-12-12 16:16:37.623282
INFO:Message received on topic: type-2/20 with payload size: 91 at 2024-12-12 16:16:40.296054 sent 2024-12-12 16:16:40.222495
INFO:Message received on topic: type-2/20 with payload size: 91 at 2024-12-12 16:16:42.907116 sent 2024-12-12 16:16:42.838198
INFO:Message received on topic: type-2/20 with payload size: 91 at 2024-12-12 16:16:45.581947 sent 2024-12-12 16:16:45.445759
INFO:Message received on topic: type-2/20 with payload size: 91 at 2024-12-12 16:16:48.114975 sent 2024-12-12 16:16:48.060979
INFO:Message received on topic: type-2/20 with payload size: 91 at 2024-12-12 16:16:50.702995 sent 2024-12-12 16:16:50.669720
INFO:Message received on topic: type-2/20 with payload size: 91 at 2024-12-12 16:16:53.315402 sent 2024-12-12 16:16:53.278605
INFO:Message received on topic: type-2/20 with payload size: 91 at 2024-12-12 16:16:55.994267 sent 2024-12-12 16:16:55.886708
INFO:Message received on topic: type-2/20 with payload size: 91 at 2024-12-12 16:16:58.616199 sent 2024-12-12 16:16:58.498096
INFO:Message received on topic: type-2/20 with payload size: 91 at 2024-12-12 16:17:01.190604 sent 2024-12-12 16:17:01.105623
INFO:Message received on topic: type-2/20 with payload size: 91 at 2024-12-12 16:17:03.786311 sent 2024-12-12 16:17:03.713097
INFO:Message received on topic: type-2/20 with payload size: 91 at 2024-12-12 16:17:06.403640 sent 2024-12-12 16:17:06.318664
INFO:Message received on topic: type-2/20 with payload size: 91 at 2024-12-12 16:17:09.000626 sent 2024-12-12 16:17:08.929086
INFO:Message received on topic: type-2/20 with payload size: 91 at 2024-12-12 16:17:11.691787 sent 2024-12-12 16:17:11.540383
INFO:Message received on topic: type-2/20 with payload size: 91 at 2024-12-12 16:17:14.216230 sent 2024-12-12 16:17:14.149339
INFO:Message received on topic: type-2/20 with payload size: 91 at 2024-12-12 16:17:16.796924 sent 2024-12-12 16:17:16.755617
INFO:Message received on topic: type-2/20 with payload size: 91 at 2024-12-12 16:17:19.484114 sent 2024-12-12 16:17:19.370122
INFO:Message received on topic: type-2/20 with payload size: 91 at 2024-12-12 16:17:22.124247 sent 2024-12-12 16:17:21.978451
INFO:Message received on topic: type-2/20 with payload size: 91 at 2024-12-12 16:17:24.693788 sent 2024-12-12 16:17:24.592716
INFO:Message received on topic: type-2/20 with payload size: 91 at 2024-12-12 16:17:27.286816 sent 2024-12-12 16:17:27.201547
INFO:Message received on topic: type-2/20 with payload size: 91 at 2024-12-12 16:17:29.887089 sent 2024-12-12 16:17:29.809273
INFO:Message received on topic: type-2/20 with payload size: 91 at 2024-12-12 16:17:32.499077 sent 2024-12-12 16:17:32.418154
INFO:Message received on topic: type-2/20 with payload size: 91 at 2024-12-12 16:17:35.115412 sent 2024-12-12 16:17:35.023655
INFO:Message received on topic: type-2/20 with payload size: 91 at 2024-12-12 16:17:37.700799 sent 2024-12-12 16:17:37.630926
INFO:Message received on topic: type-2/20 with payload size: 91 at 2024-12-12 16:17:40.300070 sent 2024-12-12 16:17:40.235655
INFO:Message received on topic: type-2/20 with payload size: 91 at 2024-12-12 16:17:42.902004 sent 2024-12-12 16:17:42.841561
INFO:Message received on topic: type-2/20 with payload size: 91 at 2024-12-12 16:17:45.495732 sent 2024-12-12 16:17:45.447794
INFO:Message received on topic: type-2/20 with payload size: 91 at 2024-12-12 16:17:48.107235 sent 2024-12-12 16:17:48.053128
INFO:Message received on topic: type-2/20 with payload size: 91 at 2024-12-12 16:17:50.707779 sent 2024-12-12 16:17:50.662009
INFO:Message received on topic: type-2/20 with payload size: 91 at 2024-12-12 16:17:53.299975 sent 2024-12-12 16:17:53.265284
INFO:Message received on topic: type-2/20 with payload size: 91 at 2024-12-12 16:17:55.891683 sent 2024-12-12 16:17:55.864914
INFO:Message received on topic: type-2/20 with payload size: 91 at 2024-12-12 16:17:58.499664 sent 2024-12-12 16:17:58.467595
INFO:Message received on topic: type-2/20 with payload size: 91 at 2024-12-12 16:18:01.199118 sent 2024-12-12 16:18:01.073307
INFO:Message received on topic: type-2/20 with payload size: 91 at 2024-12-12 16:18:03.696629 sent 2024-12-12 16:18:03.680252
