INFO:Starting Version 1.0.5
DEBUG:Using selector: EpollSelector
INFO:Connecting to cluster at: mqtt-quic://emqx-headless.dtwins:14567 using QUIC
INFO:Subscribed to topic: type-2/8
INFO:Logging each: 50
INFO:Unhandled packet type received
INFO:Message received on topic: type-2/8 with payload size: 91 at 2024-12-12 16:08:52.118526 sent 2024-12-12 16:08:52.117455
INFO:Message received on topic: type-2/8 with payload size: 91 at 2024-12-12 16:08:54.715017 sent 2024-12-12 16:08:54.713734
INFO:Message received on topic: type-2/8 with payload size: 91 at 2024-12-12 16:08:57.311259 sent 2024-12-12 16:08:57.309667
INFO:Message received on topic: type-2/8 with payload size: 91 at 2024-12-12 16:08:59.907560 sent 2024-12-12 16:08:59.906251
INFO:Message received on topic: type-2/8 with payload size: 91 at 2024-12-12 16:09:02.504562 sent 2024-12-12 16:09:02.502359
INFO:Message received on topic: type-2/8 with payload size: 91 at 2024-12-12 16:09:05.103832 sent 2024-12-12 16:09:05.102214
INFO:Message received on topic: type-2/8 with payload size: 91 at 2024-12-12 16:09:07.704508 sent 2024-12-12 16:09:07.702907
INFO:Message received on topic: type-2/8 with payload size: 91 at 2024-12-12 16:09:10.300197 sent 2024-12-12 16:09:10.299024
INFO:Message received on topic: type-2/8 with payload size: 91 at 2024-12-12 16:09:12.898229 sent 2024-12-12 16:09:12.896527
INFO:Message received on topic: type-2/8 with payload size: 91 at 2024-12-12 16:09:15.500963 sent 2024-12-12 16:09:15.494862
INFO:Message received on topic: type-2/8 with payload size: 91 at 2024-12-12 16:09:18.098124 sent 2024-12-12 16:09:18.092481
INFO:Message received on topic: type-2/8 with payload size: 91 at 2024-12-12 16:09:20.695156 sent 2024-12-12 16:09:20.692664
INFO:Message received on topic: type-2/8 with payload size: 91 at 2024-12-12 16:09:23.298855 sent 2024-12-12 16:09:23.293571
INFO:Message received on topic: type-2/8 with payload size: 91 at 2024-12-12 16:09:25.899515 sent 2024-12-12 16:09:25.895364
INFO:Message received on topic: type-2/8 with payload size: 91 at 2024-12-12 16:09:28.500483 sent 2024-12-12 16:09:28.496213
INFO:Message received on topic: type-2/8 with payload size: 91 at 2024-12-12 16:09:31.103865 sent 2024-12-12 16:09:31.094239
INFO:Message received on topic: type-2/8 with payload size: 91 at 2024-12-12 16:09:33.698705 sent 2024-12-12 16:09:33.696174
INFO:Message received on topic: type-2/8 with payload size: 91 at 2024-12-12 16:09:36.305477 sent 2024-12-12 16:09:36.301138
INFO:Message received on topic: type-2/8 with payload size: 91 at 2024-12-12 16:09:38.908558 sent 2024-12-12 16:09:38.900670
INFO:Message received on topic: type-2/8 with payload size: 91 at 2024-12-12 16:09:41.506755 sent 2024-12-12 16:09:41.503491
INFO:Message received on topic: type-2/8 with payload size: 91 at 2024-12-12 16:09:44.108727 sent 2024-12-12 16:09:44.102554
INFO:Message received on topic: type-2/8 with payload size: 91 at 2024-12-12 16:09:46.704040 sent 2024-12-12 16:09:46.699732
INFO:Message received on topic: type-2/8 with payload size: 91 at 2024-12-12 16:09:49.309942 sent 2024-12-12 16:09:49.300731
INFO:Message received on topic: type-2/8 with payload size: 91 at 2024-12-12 16:09:51.902863 sent 2024-12-12 16:09:51.899726
INFO:Message received on topic: type-2/8 with payload size: 91 at 2024-12-12 16:09:54.511950 sent 2024-12-12 16:09:54.503777
INFO:Message received on topic: type-2/8 with payload size: 91 at 2024-12-12 16:09:57.185814 sent 2024-12-12 16:09:57.107976
INFO:Message received on topic: type-2/8 with payload size: 91 at 2024-12-12 16:09:59.722258 sent 2024-12-12 16:09:59.715390
INFO:Message received on topic: type-2/8 with payload size: 91 at 2024-12-12 16:10:02.383975 sent 2024-12-12 16:10:02.319318
INFO:Message received on topic: type-2/8 with payload size: 91 at 2024-12-12 16:10:04.999227 sent 2024-12-12 16:10:04.930566
INFO:Message received on topic: type-2/8 with payload size: 91 at 2024-12-12 16:10:07.597407 sent 2024-12-12 16:10:07.539120
INFO:Message received on topic: type-2/8 with payload size: 91 at 2024-12-12 16:10:10.182134 sent 2024-12-12 16:10:10.145885
INFO:Message received on topic: type-2/8 with payload size: 91 at 2024-12-12 16:10:12.794531 sent 2024-12-12 16:10:12.750527
INFO:Message received on topic: type-2/8 with payload size: 91 at 2024-12-12 16:10:15.411781 sent 2024-12-12 16:10:15.355566
INFO:Message received on topic: type-2/8 with payload size: 91 at 2024-12-12 16:10:17.992310 sent 2024-12-12 16:10:17.956452
INFO:Message received on topic: type-2/8 with payload size: 91 at 2024-12-12 16:10:20.720700 sent 2024-12-12 16:10:20.558064
INFO:Message received on topic: type-2/8 with payload size: 91 at 2024-12-12 16:10:23.216944 sent 2024-12-12 16:10:23.165716
INFO:Message received on topic: type-2/8 with payload size: 91 at 2024-12-12 16:10:25.825077 sent 2024-12-12 16:10:25.770285
INFO:Message received on topic: type-2/8 with payload size: 91 at 2024-12-12 16:10:28.412129 sent 2024-12-12 16:10:28.381259
INFO:Message received on topic: type-2/8 with payload size: 91 at 2024-12-12 16:10:31.001002 sent 2024-12-12 16:10:30.986265
INFO:Message received on topic: type-2/8 with payload size: 91 at 2024-12-12 16:10:33.609129 sent 2024-12-12 16:10:33.594160
INFO:Message received on topic: type-2/8 with payload size: 91 at 2024-12-12 16:10:36.303543 sent 2024-12-12 16:10:36.210748
INFO:Message received on topic: type-2/8 with payload size: 91 at 2024-12-12 16:10:38.894887 sent 2024-12-12 16:10:38.825041
INFO:Message received on topic: type-2/8 with payload size: 91 at 2024-12-12 16:10:41.497033 sent 2024-12-12 16:10:41.435745
INFO:Message received on topic: type-2/8 with payload size: 91 at 2024-12-12 16:10:44.110238 sent 2024-12-12 16:10:44.048842
INFO:Message received on topic: type-2/8 with payload size: 91 at 2024-12-12 16:10:46.799208 sent 2024-12-12 16:10:46.658475
INFO:Message received on topic: type-2/8 with payload size: 91 at 2024-12-12 16:10:49.398025 sent 2024-12-12 16:10:49.274150
INFO:Message received on topic: type-2/8 with payload size: 91 at 2024-12-12 16:10:51.915214 sent 2024-12-12 16:10:51.889222
INFO:Message received on topic: type-2/8 with payload size: 91 at 2024-12-12 16:10:54.508853 sent 2024-12-12 16:10:54.500369
INFO:Message received on topic: type-2/8 with payload size: 91 at 2024-12-12 16:10:57.201683 sent 2024-12-12 16:10:57.107399
INFO:Message received on topic: type-2/8 with payload size: 91 at 2024-12-12 16:10:59.787316 sent 2024-12-12 16:10:59.715932
INFO:Message received on topic: type-2/8 with payload size: 91 at 2024-12-12 16:11:02.389430 sent 2024-12-12 16:11:02.328393
INFO:Message received on topic: type-2/8 with payload size: 91 at 2024-12-12 16:11:05.001315 sent 2024-12-12 16:11:04.943282
INFO:Message received on topic: type-2/8 with payload size: 91 at 2024-12-12 16:11:07.681792 sent 2024-12-12 16:11:07.557174
INFO:Message received on topic: type-2/8 with payload size: 91 at 2024-12-12 16:11:10.205561 sent 2024-12-12 16:11:10.175681
INFO:Message received on topic: type-2/8 with payload size: 91 at 2024-12-12 16:11:12.811868 sent 2024-12-12 16:11:12.786426
INFO:Message received on topic: type-2/8 with payload size: 91 at 2024-12-12 16:11:15.415630 sent 2024-12-12 16:11:15.399719
INFO:Message received on topic: type-2/8 with payload size: 91 at 2024-12-12 16:11:18.203772 sent 2024-12-12 16:11:18.011703
INFO:Message received on topic: type-2/8 with payload size: 91 at 2024-12-12 16:11:20.685986 sent 2024-12-12 16:11:20.624022
INFO:Message received on topic: type-2/8 with payload size: 91 at 2024-12-12 16:11:23.296050 sent 2024-12-12 16:11:23.236858
INFO:Message received on topic: type-2/8 with payload size: 91 at 2024-12-12 16:11:26.010102 sent 2024-12-12 16:11:25.851965
INFO:Message received on topic: type-2/8 with payload size: 91 at 2024-12-12 16:11:28.502406 sent 2024-12-12 16:11:28.466545
INFO:Message received on topic: type-2/8 with payload size: 91 at 2024-12-12 16:11:31.089120 sent 2024-12-12 16:11:31.075774
INFO:Message received on topic: type-2/8 with payload size: 91 at 2024-12-12 16:11:33.703421 sent 2024-12-12 16:11:33.687682
INFO:Message received on topic: type-2/8 with payload size: 91 at 2024-12-12 16:11:36.309155 sent 2024-12-12 16:11:36.296206
INFO:Message received on topic: type-2/8 with payload size: 91 at 2024-12-12 16:11:38.996984 sent 2024-12-12 16:11:38.906743
INFO:Message received on topic: type-2/8 with payload size: 91 at 2024-12-12 16:11:41.602271 sent 2024-12-12 16:11:41.516572
INFO:Message received on topic: type-2/8 with payload size: 91 at 2024-12-12 16:11:44.189637 sent 2024-12-12 16:11:44.124066
INFO:Message received on topic: type-2/8 with payload size: 91 at 2024-12-12 16:11:46.813147 sent 2024-12-12 16:11:46.732575
INFO:Message received on topic: type-2/8 with payload size: 91 at 2024-12-12 16:11:49.401752 sent 2024-12-12 16:11:49.341605
INFO:Message received on topic: type-2/8 with payload size: 91 at 2024-12-12 16:11:52.014957 sent 2024-12-12 16:11:51.966091
INFO:Message received on topic: type-2/8 with payload size: 91 at 2024-12-12 16:11:54.589564 sent 2024-12-12 16:11:54.576280
INFO:Message received on topic: type-2/8 with payload size: 91 at 2024-12-12 16:11:57.207174 sent 2024-12-12 16:11:57.192988
INFO:Message received on topic: type-2/8 with payload size: 91 at 2024-12-12 16:11:59.871656 sent 2024-12-12 16:11:59.801172
INFO:Message received on topic: type-2/8 with payload size: 91 at 2024-12-12 16:12:02.491658 sent 2024-12-12 16:12:02.415905
INFO:Message received on topic: type-2/8 with payload size: 91 at 2024-12-12 16:12:05.100757 sent 2024-12-12 16:12:05.030635
INFO:Message received on topic: type-2/8 with payload size: 91 at 2024-12-12 16:12:07.693306 sent 2024-12-12 16:12:07.639296
INFO:Message received on topic: type-2/8 with payload size: 91 at 2024-12-12 16:12:10.285226 sent 2024-12-12 16:12:10.253570
INFO:Message received on topic: type-2/8 with payload size: 91 at 2024-12-12 16:12:13.000121 sent 2024-12-12 16:12:12.863120
INFO:Message received on topic: type-2/8 with payload size: 91 at 2024-12-12 16:12:15.509696 sent 2024-12-12 16:12:15.474099
INFO:Message received on topic: type-2/8 with payload size: 91 at 2024-12-12 16:12:18.106211 sent 2024-12-12 16:12:18.087829
INFO:Message received on topic: type-2/8 with payload size: 91 at 2024-12-12 16:12:20.784307 sent 2024-12-12 16:12:20.700059
INFO:Message received on topic: type-2/8 with payload size: 91 at 2024-12-12 16:12:23.382937 sent 2024-12-12 16:12:23.321089
INFO:Message received on topic: type-2/8 with payload size: 91 at 2024-12-12 16:12:25.994001 sent 2024-12-12 16:12:25.930133
INFO:Message received on topic: type-2/8 with payload size: 91 at 2024-12-12 16:12:28.595048 sent 2024-12-12 16:12:28.544669
INFO:Message received on topic: type-2/8 with payload size: 91 at 2024-12-12 16:12:31.200206 sent 2024-12-12 16:12:31.157801
INFO:Message received on topic: type-2/8 with payload size: 91 at 2024-12-12 16:12:33.905664 sent 2024-12-12 16:12:33.771666
INFO:Message received on topic: type-2/8 with payload size: 91 at 2024-12-12 16:12:36.485121 sent 2024-12-12 16:12:36.387709
INFO:Message received on topic: type-2/8 with payload size: 91 at 2024-12-12 16:12:39.084863 sent 2024-12-12 16:12:38.997105
INFO:Message received on topic: type-2/8 with payload size: 91 at 2024-12-12 16:12:41.690199 sent 2024-12-12 16:12:41.607174
INFO:Message received on topic: type-2/8 with payload size: 91 at 2024-12-12 16:12:44.317566 sent 2024-12-12 16:12:44.217202
INFO:Message received on topic: type-2/8 with payload size: 91 at 2024-12-12 16:12:46.897000 sent 2024-12-12 16:12:46.820833
INFO:Message received on topic: type-2/8 with payload size: 91 at 2024-12-12 16:12:49.507999 sent 2024-12-12 16:12:49.429497
INFO:Message received on topic: type-2/8 with payload size: 91 at 2024-12-12 16:12:52.098292 sent 2024-12-12 16:12:52.041385
INFO:Message received on topic: type-2/8 with payload size: 91 at 2024-12-12 16:12:54.878199 sent 2024-12-12 16:12:54.653069
INFO:Message received on topic: type-2/8 with payload size: 91 at 2024-12-12 16:12:57.384611 sent 2024-12-12 16:12:57.268051
INFO:Message received on topic: type-2/8 with payload size: 91 at 2024-12-12 16:12:59.905599 sent 2024-12-12 16:12:59.884829
INFO:Message received on topic: type-2/8 with payload size: 91 at 2024-12-12 16:13:02.581358 sent 2024-12-12 16:13:02.497343
INFO:Message received on topic: type-2/8 with payload size: 91 at 2024-12-12 16:13:05.288047 sent 2024-12-12 16:13:05.108063
INFO:Message received on topic: type-2/8 with payload size: 91 at 2024-12-12 16:13:07.795597 sent 2024-12-12 16:13:07.723394
INFO:Message received on topic: type-2/8 with payload size: 91 at 2024-12-12 16:13:10.389305 sent 2024-12-12 16:13:10.332634
INFO:Message received on topic: type-2/8 with payload size: 91 at 2024-12-12 16:13:12.993258 sent 2024-12-12 16:13:12.941351
INFO:Message received on topic: type-2/8 with payload size: 91 at 2024-12-12 16:13:15.604729 sent 2024-12-12 16:13:15.551158
INFO:Message received on topic: type-2/8 with payload size: 91 at 2024-12-12 16:13:18.389577 sent 2024-12-12 16:13:18.162157
INFO:Message received on topic: type-2/8 with payload size: 91 at 2024-12-12 16:13:20.812006 sent 2024-12-12 16:13:20.787984
INFO:Message received on topic: type-2/8 with payload size: 91 at 2024-12-12 16:13:23.480773 sent 2024-12-12 16:13:23.407103
INFO:Message received on topic: type-2/8 with payload size: 91 at 2024-12-12 16:13:26.105834 sent 2024-12-12 16:13:26.024268
INFO:Message received on topic: type-2/8 with payload size: 91 at 2024-12-12 16:13:28.690756 sent 2024-12-12 16:13:28.641982
INFO:Message received on topic: type-2/8 with payload size: 91 at 2024-12-12 16:13:31.302833 sent 2024-12-12 16:13:31.255897
INFO:Message received on topic: type-2/8 with payload size: 91 at 2024-12-12 16:13:33.906154 sent 2024-12-12 16:13:33.870575
INFO:Message received on topic: type-2/8 with payload size: 91 at 2024-12-12 16:13:36.502194 sent 2024-12-12 16:13:36.483956
INFO:Message received on topic: type-2/8 with payload size: 91 at 2024-12-12 16:13:39.181833 sent 2024-12-12 16:13:39.103060
INFO:Message received on topic: type-2/8 with payload size: 91 at 2024-12-12 16:13:41.790931 sent 2024-12-12 16:13:41.713085
INFO:Message received on topic: type-2/8 with payload size: 91 at 2024-12-12 16:13:44.394593 sent 2024-12-12 16:13:44.324658
INFO:Message received on topic: type-2/8 with payload size: 91 at 2024-12-12 16:13:46.988943 sent 2024-12-12 16:13:46.928834
INFO:Message received on topic: type-2/8 with payload size: 91 at 2024-12-12 16:13:49.581756 sent 2024-12-12 16:13:49.542646
INFO:Message received on topic: type-2/8 with payload size: 91 at 2024-12-12 16:13:52.204735 sent 2024-12-12 16:13:52.152462
INFO:Message received on topic: type-2/8 with payload size: 91 at 2024-12-12 16:13:54.799835 sent 2024-12-12 16:13:54.760469
INFO:Message received on topic: type-2/8 with payload size: 91 at 2024-12-12 16:13:57.387218 sent 2024-12-12 16:13:57.369177
INFO:Message received on topic: type-2/8 with payload size: 91 at 2024-12-12 16:14:00.083755 sent 2024-12-12 16:13:59.983743
INFO:Message received on topic: type-2/8 with payload size: 91 at 2024-12-12 16:14:02.683109 sent 2024-12-12 16:14:02.596472
INFO:Message received on topic: type-2/8 with payload size: 91 at 2024-12-12 16:14:05.286246 sent 2024-12-12 16:14:05.203110
INFO:Message received on topic: type-2/8 with payload size: 91 at 2024-12-12 16:14:07.892824 sent 2024-12-12 16:14:07.820832
INFO:Message received on topic: type-2/8 with payload size: 91 at 2024-12-12 16:14:10.498927 sent 2024-12-12 16:14:10.430933
INFO:Message received on topic: type-2/8 with payload size: 91 at 2024-12-12 16:14:13.086157 sent 2024-12-12 16:14:13.042408
INFO:Message received on topic: type-2/8 with payload size: 91 at 2024-12-12 16:14:15.771512 sent 2024-12-12 16:14:15.651893
INFO:Message received on topic: type-2/8 with payload size: 91 at 2024-12-12 16:14:18.471939 sent 2024-12-12 16:14:18.264211
INFO:Message received on topic: type-2/8 with payload size: 91 at 2024-12-12 16:14:20.970846 sent 2024-12-12 16:14:20.875530
INFO:Message received on topic: type-2/8 with payload size: 91 at 2024-12-12 16:14:23.579449 sent 2024-12-12 16:14:23.490983
INFO:Message received on topic: type-2/8 with payload size: 91 at 2024-12-12 16:14:26.179112 sent 2024-12-12 16:14:26.099301
INFO:Message received on topic: type-2/8 with payload size: 91 at 2024-12-12 16:14:28.807611 sent 2024-12-12 16:14:28.720891
INFO:Message received on topic: type-2/8 with payload size: 91 at 2024-12-12 16:14:31.382957 sent 2024-12-12 16:14:31.328613
INFO:Message received on topic: type-2/8 with payload size: 91 at 2024-12-12 16:14:33.985122 sent 2024-12-12 16:14:33.938610
INFO:Message received on topic: type-2/8 with payload size: 91 at 2024-12-12 16:14:36.681658 sent 2024-12-12 16:14:36.544964
INFO:Message received on topic: type-2/8 with payload size: 91 at 2024-12-12 16:14:39.303796 sent 2024-12-12 16:14:39.163980
INFO:Message received on topic: type-2/8 with payload size: 91 at 2024-12-12 16:14:41.877760 sent 2024-12-12 16:14:41.775237
INFO:Message received on topic: type-2/8 with payload size: 91 at 2024-12-12 16:14:44.469997 sent 2024-12-12 16:14:44.387969
INFO:Message received on topic: type-2/8 with payload size: 91 at 2024-12-12 16:14:47.093024 sent 2024-12-12 16:14:46.997884
INFO:Message received on topic: type-2/8 with payload size: 91 at 2024-12-12 16:14:49.682317 sent 2024-12-12 16:14:49.608571
INFO:Message received on topic: type-2/8 with payload size: 91 at 2024-12-12 16:14:52.381652 sent 2024-12-12 16:14:52.221484
INFO:Message received on topic: type-2/8 with payload size: 91 at 2024-12-12 16:14:54.989668 sent 2024-12-12 16:14:54.826169
INFO:Message received on topic: type-2/8 with payload size: 91 at 2024-12-12 16:14:57.504062 sent 2024-12-12 16:14:57.435598
INFO:Message received on topic: type-2/8 with payload size: 91 at 2024-12-12 16:15:00.092616 sent 2024-12-12 16:15:00.044081
INFO:Message received on topic: type-2/8 with payload size: 91 at 2024-12-12 16:15:02.802452 sent 2024-12-12 16:15:02.648208
INFO:Message received on topic: type-2/8 with payload size: 91 at 2024-12-12 16:15:05.400695 sent 2024-12-12 16:15:05.233800
INFO:Message received on topic: type-2/8 with payload size: 91 at 2024-12-12 16:15:07.890580 sent 2024-12-12 16:15:07.820472
INFO:Message received on topic: type-2/8 with payload size: 91 at 2024-12-12 16:15:10.484355 sent 2024-12-12 16:15:10.412148
INFO:Message received on topic: type-2/8 with payload size: 91 at 2024-12-12 16:15:13.106955 sent 2024-12-12 16:15:13.008683
INFO:Message received on topic: type-2/8 with payload size: 91 at 2024-12-12 16:15:15.782203 sent 2024-12-12 16:15:15.617640
INFO:Message received on topic: type-2/8 with payload size: 91 at 2024-12-12 16:15:18.381060 sent 2024-12-12 16:15:18.227898
INFO:Message received on topic: type-2/8 with payload size: 91 at 2024-12-12 16:15:20.993948 sent 2024-12-12 16:15:20.843561
INFO:Message received on topic: type-2/8 with payload size: 91 at 2024-12-12 16:15:23.690958 sent 2024-12-12 16:15:23.458881
INFO:Message received on topic: type-2/8 with payload size: 91 at 2024-12-12 16:15:26.465854 sent 2024-12-12 16:15:26.065697
INFO:Message received on topic: type-2/8 with payload size: 91 at 2024-12-12 16:15:28.897936 sent 2024-12-12 16:15:28.675907
INFO:Message received on topic: type-2/8 with payload size: 91 at 2024-12-12 16:15:31.383698 sent 2024-12-12 16:15:31.286715
INFO:Message received on topic: type-2/8 with payload size: 91 at 2024-12-12 16:15:34.012220 sent 2024-12-12 16:15:33.897842
INFO:Message received on topic: type-2/8 with payload size: 91 at 2024-12-12 16:15:36.599520 sent 2024-12-12 16:15:36.508185
INFO:Message received on topic: type-2/8 with payload size: 91 at 2024-12-12 16:15:39.189264 sent 2024-12-12 16:15:39.114741
INFO:Message received on topic: type-2/8 with payload size: 91 at 2024-12-12 16:15:41.805140 sent 2024-12-12 16:15:41.726520
INFO:Message received on topic: type-2/8 with payload size: 91 at 2024-12-12 16:15:44.481982 sent 2024-12-12 16:15:44.336152
INFO:Message received on topic: type-2/8 with payload size: 91 at 2024-12-12 16:15:47.011110 sent 2024-12-12 16:15:46.943051
INFO:Message received on topic: type-2/8 with payload size: 91 at 2024-12-12 16:15:49.692021 sent 2024-12-12 16:15:49.554442
INFO:Message received on topic: type-2/8 with payload size: 91 at 2024-12-12 16:15:52.304597 sent 2024-12-12 16:15:52.168661
INFO:Message received on topic: type-2/8 with payload size: 91 at 2024-12-12 16:15:54.894974 sent 2024-12-12 16:15:54.781799
INFO:Message received on topic: type-2/8 with payload size: 91 at 2024-12-12 16:15:57.485855 sent 2024-12-12 16:15:57.388431
INFO:Message received on topic: type-2/8 with payload size: 91 at 2024-12-12 16:16:00.082122 sent 2024-12-12 16:15:59.999391
INFO:Message received on topic: type-2/8 with payload size: 91 at 2024-12-12 16:16:02.768850 sent 2024-12-12 16:16:02.608459
INFO:Message received on topic: type-2/8 with payload size: 91 at 2024-12-12 16:16:05.298682 sent 2024-12-12 16:16:05.218393
INFO:Message received on topic: type-2/8 with payload size: 91 at 2024-12-12 16:16:08.020598 sent 2024-12-12 16:16:07.832918
INFO:Message received on topic: type-2/8 with payload size: 91 at 2024-12-12 16:16:10.580893 sent 2024-12-12 16:16:10.449774
INFO:Message received on topic: type-2/8 with payload size: 91 at 2024-12-12 16:16:13.104945 sent 2024-12-12 16:16:13.058906
INFO:Message received on topic: type-2/8 with payload size: 91 at 2024-12-12 16:16:15.709811 sent 2024-12-12 16:16:15.664306
INFO:Message received on topic: type-2/8 with payload size: 91 at 2024-12-12 16:16:18.379561 sent 2024-12-12 16:16:18.274087
INFO:Message received on topic: type-2/8 with payload size: 91 at 2024-12-12 16:16:20.907690 sent 2024-12-12 16:16:20.883547
INFO:Message received on topic: type-2/8 with payload size: 91 at 2024-12-12 16:16:23.610669 sent 2024-12-12 16:16:23.490589
INFO:Message received on topic: type-2/8 with payload size: 91 at 2024-12-12 16:16:26.192204 sent 2024-12-12 16:16:26.097591
INFO:Message received on topic: type-2/8 with payload size: 91 at 2024-12-12 16:16:28.809968 sent 2024-12-12 16:16:28.711438
INFO:Message received on topic: type-2/8 with payload size: 91 at 2024-12-12 16:16:31.388153 sent 2024-12-12 16:16:31.326168
INFO:Message received on topic: type-2/8 with payload size: 91 at 2024-12-12 16:16:34.081182 sent 2024-12-12 16:16:33.934162
INFO:Message received on topic: type-2/8 with payload size: 91 at 2024-12-12 16:16:36.605371 sent 2024-12-12 16:16:36.552218
INFO:Message received on topic: type-2/8 with payload size: 91 at 2024-12-12 16:16:39.279132 sent 2024-12-12 16:16:39.154439
INFO:Message received on topic: type-2/8 with payload size: 91 at 2024-12-12 16:16:41.906623 sent 2024-12-12 16:16:41.762881
INFO:Message received on topic: type-2/8 with payload size: 91 at 2024-12-12 16:16:44.412425 sent 2024-12-12 16:16:44.379630
INFO:Message received on topic: type-2/8 with payload size: 91 at 2024-12-12 16:16:47.105179 sent 2024-12-12 16:16:46.991910
INFO:Message received on topic: type-2/8 with payload size: 91 at 2024-12-12 16:16:49.689171 sent 2024-12-12 16:16:49.602858
INFO:Message received on topic: type-2/8 with payload size: 91 at 2024-12-12 16:16:52.317060 sent 2024-12-12 16:16:52.216726
INFO:Message received on topic: type-2/8 with payload size: 91 at 2024-12-12 16:16:54.982269 sent 2024-12-12 16:16:54.823665
INFO:Message received on topic: type-2/8 with payload size: 91 at 2024-12-12 16:16:57.581226 sent 2024-12-12 16:16:57.433793
INFO:Message received on topic: type-2/8 with payload size: 91 at 2024-12-12 16:17:00.192073 sent 2024-12-12 16:17:00.045685
INFO:Message received on topic: type-2/8 with payload size: 91 at 2024-12-12 16:17:02.701797 sent 2024-12-12 16:17:02.652684
INFO:Message received on topic: type-2/8 with payload size: 91 at 2024-12-12 16:17:05.389106 sent 2024-12-12 16:17:05.261191
INFO:Message received on topic: type-2/8 with payload size: 91 at 2024-12-12 16:17:07.985648 sent 2024-12-12 16:17:07.867221
INFO:Message received on topic: type-2/8 with payload size: 91 at 2024-12-12 16:17:10.589651 sent 2024-12-12 16:17:10.473807
INFO:Message received on topic: type-2/8 with payload size: 91 at 2024-12-12 16:17:13.126846 sent 2024-12-12 16:17:13.084987
INFO:Message received on topic: type-2/8 with payload size: 91 at 2024-12-12 16:17:15.715572 sent 2024-12-12 16:17:15.691149
INFO:Message received on topic: type-2/8 with payload size: 91 at 2024-12-12 16:17:18.317193 sent 2024-12-12 16:17:18.297463
INFO:Message received on topic: type-2/8 with payload size: 91 at 2024-12-12 16:17:20.994092 sent 2024-12-12 16:17:20.909564
