INFO:Starting Version 1.0.5
DEBUG:Using selector: EpollSelector
INFO:Connecting to cluster at: mqtt-quic://emqx-headless.dtwins:14567 using QUIC
INFO:Subscribed to topic: type-2/30
INFO:Logging each: 50
INFO:Unhandled packet type received
INFO:Message received on topic: type-2/30 with payload size: 91 at 2024-12-12 16:10:06.591459 sent 2024-12-12 16:10:06.582276
INFO:Message received on topic: type-2/30 with payload size: 91 at 2024-12-12 16:10:09.210311 sent 2024-12-12 16:10:09.192491
INFO:Message received on topic: type-2/30 with payload size: 91 at 2024-12-12 16:10:11.819211 sent 2024-12-12 16:10:11.806159
INFO:Message received on topic: type-2/30 with payload size: 91 at 2024-12-12 16:10:14.416974 sent 2024-12-12 16:10:14.408202
INFO:Message received on topic: type-2/30 with payload size: 91 at 2024-12-12 16:10:17.082828 sent 2024-12-12 16:10:17.012459
INFO:Message received on topic: type-2/30 with payload size: 91 at 2024-12-12 16:10:19.685240 sent 2024-12-12 16:10:19.617614
INFO:Message received on topic: type-2/30 with payload size: 91 at 2024-12-12 16:10:22.294984 sent 2024-12-12 16:10:22.222506
INFO:Message received on topic: type-2/30 with payload size: 91 at 2024-12-12 16:10:24.896022 sent 2024-12-12 16:10:24.826154
INFO:Message received on topic: type-2/30 with payload size: 91 at 2024-12-12 16:10:27.499677 sent 2024-12-12 16:10:27.439233
INFO:Message received on topic: type-2/30 with payload size: 91 at 2024-12-12 16:10:30.089490 sent 2024-12-12 16:10:30.050844
INFO:Message received on topic: type-2/30 with payload size: 91 at 2024-12-12 16:10:32.781680 sent 2024-12-12 16:10:32.659405
INFO:Message received on topic: type-2/30 with payload size: 91 at 2024-12-12 16:10:35.399526 sent 2024-12-12 16:10:35.270596
INFO:Message received on topic: type-2/30 with payload size: 91 at 2024-12-12 16:10:37.909147 sent 2024-12-12 16:10:37.879786
INFO:Message received on topic: type-2/30 with payload size: 91 at 2024-12-12 16:10:40.507661 sent 2024-12-12 16:10:40.493244
INFO:Message received on topic: type-2/30 with payload size: 91 at 2024-12-12 16:10:43.115167 sent 2024-12-12 16:10:43.103168
INFO:Message received on topic: type-2/30 with payload size: 91 at 2024-12-12 16:10:45.782130 sent 2024-12-12 16:10:45.710639
INFO:Message received on topic: type-2/30 with payload size: 91 at 2024-12-12 16:10:48.398621 sent 2024-12-12 16:10:48.316773
INFO:Message received on topic: type-2/30 with payload size: 91 at 2024-12-12 16:10:50.991501 sent 2024-12-12 16:10:50.925132
INFO:Message received on topic: type-2/30 with payload size: 91 at 2024-12-12 16:10:53.596239 sent 2024-12-12 16:10:53.537444
INFO:Message received on topic: type-2/30 with payload size: 91 at 2024-12-12 16:10:56.191630 sent 2024-12-12 16:10:56.150484
INFO:Message received on topic: type-2/30 with payload size: 91 at 2024-12-12 16:10:58.903239 sent 2024-12-12 16:10:58.756896
INFO:Message received on topic: type-2/30 with payload size: 91 at 2024-12-12 16:11:01.405962 sent 2024-12-12 16:11:01.373394
INFO:Message received on topic: type-2/30 with payload size: 91 at 2024-12-12 16:11:04.013108 sent 2024-12-12 16:11:03.984525
INFO:Message received on topic: type-2/30 with payload size: 91 at 2024-12-12 16:11:06.619588 sent 2024-12-12 16:11:06.599176
INFO:Message received on topic: type-2/30 with payload size: 91 at 2024-12-12 16:11:09.306861 sent 2024-12-12 16:11:09.209618
INFO:Message received on topic: type-2/30 with payload size: 91 at 2024-12-12 16:11:11.909089 sent 2024-12-12 16:11:11.820891
INFO:Message received on topic: type-2/30 with payload size: 91 at 2024-12-12 16:11:14.494996 sent 2024-12-12 16:11:14.431386
INFO:Message received on topic: type-2/30 with payload size: 91 at 2024-12-12 16:11:17.090045 sent 2024-12-12 16:11:17.047720
INFO:Message received on topic: type-2/30 with payload size: 91 at 2024-12-12 16:11:19.806116 sent 2024-12-12 16:11:19.660821
INFO:Message received on topic: type-2/30 with payload size: 91 at 2024-12-12 16:11:22.305644 sent 2024-12-12 16:11:22.274745
INFO:Message received on topic: type-2/30 with payload size: 91 at 2024-12-12 16:11:24.906979 sent 2024-12-12 16:11:24.885934
INFO:Message received on topic: type-2/30 with payload size: 91 at 2024-12-12 16:11:27.518477 sent 2024-12-12 16:11:27.499655
INFO:Message received on topic: type-2/30 with payload size: 91 at 2024-12-12 16:11:30.202866 sent 2024-12-12 16:11:30.120662
INFO:Message received on topic: type-2/30 with payload size: 91 at 2024-12-12 16:11:32.802717 sent 2024-12-12 16:11:32.732542
INFO:Message received on topic: type-2/30 with payload size: 91 at 2024-12-12 16:11:35.397959 sent 2024-12-12 16:11:35.347591
INFO:Message received on topic: type-2/30 with payload size: 91 at 2024-12-12 16:11:37.995958 sent 2024-12-12 16:11:37.955608
INFO:Message received on topic: type-2/30 with payload size: 91 at 2024-12-12 16:11:40.593199 sent 2024-12-12 16:11:40.568517
INFO:Message received on topic: type-2/30 with payload size: 91 at 2024-12-12 16:11:43.201256 sent 2024-12-12 16:11:43.179467
INFO:Message received on topic: type-2/30 with payload size: 91 at 2024-12-12 16:11:45.887922 sent 2024-12-12 16:11:45.792259
INFO:Message received on topic: type-2/30 with payload size: 91 at 2024-12-12 16:11:48.481405 sent 2024-12-12 16:11:48.405091
INFO:Message received on topic: type-2/30 with payload size: 91 at 2024-12-12 16:11:51.090426 sent 2024-12-12 16:11:51.019426
INFO:Message received on topic: type-2/30 with payload size: 91 at 2024-12-12 16:11:53.689620 sent 2024-12-12 16:11:53.634078
INFO:Message received on topic: type-2/30 with payload size: 91 at 2024-12-12 16:11:56.295260 sent 2024-12-12 16:11:56.247270
INFO:Message received on topic: type-2/30 with payload size: 91 at 2024-12-12 16:11:59.017986 sent 2024-12-12 16:11:58.859164
INFO:Message received on topic: type-2/30 with payload size: 91 at 2024-12-12 16:12:01.509926 sent 2024-12-12 16:12:01.469480
INFO:Message received on topic: type-2/30 with payload size: 91 at 2024-12-12 16:12:04.178772 sent 2024-12-12 16:12:04.081697
INFO:Message received on topic: type-2/30 with payload size: 91 at 2024-12-12 16:12:06.783012 sent 2024-12-12 16:12:06.692444
INFO:Message received on topic: type-2/30 with payload size: 91 at 2024-12-12 16:12:09.401825 sent 2024-12-12 16:12:09.309044
INFO:Message received on topic: type-2/30 with payload size: 91 at 2024-12-12 16:12:12.000953 sent 2024-12-12 16:12:11.919490
INFO:Message received on topic: type-2/30 with payload size: 91 at 2024-12-12 16:12:14.593686 sent 2024-12-12 16:12:14.537551
INFO:Message received on topic: type-2/30 with payload size: 91 at 2024-12-12 16:12:17.198599 sent 2024-12-12 16:12:17.145828
INFO:Message received on topic: type-2/30 with payload size: 91 at 2024-12-12 16:12:19.885182 sent 2024-12-12 16:12:19.754516
INFO:Message received on topic: type-2/30 with payload size: 91 at 2024-12-12 16:12:22.401976 sent 2024-12-12 16:12:22.361555
INFO:Message received on topic: type-2/30 with payload size: 91 at 2024-12-12 16:12:25.119471 sent 2024-12-12 16:12:24.970236
INFO:Message received on topic: type-2/30 with payload size: 91 at 2024-12-12 16:12:27.684094 sent 2024-12-12 16:12:27.578258
INFO:Message received on topic: type-2/30 with payload size: 91 at 2024-12-12 16:12:30.217630 sent 2024-12-12 16:12:30.189794
INFO:Message received on topic: type-2/30 with payload size: 91 at 2024-12-12 16:12:32.811770 sent 2024-12-12 16:12:32.799748
INFO:Message received on topic: type-2/30 with payload size: 91 at 2024-12-12 16:12:35.478371 sent 2024-12-12 16:12:35.410871
INFO:Message received on topic: type-2/30 with payload size: 91 at 2024-12-12 16:12:38.094258 sent 2024-12-12 16:12:38.021436
INFO:Message received on topic: type-2/30 with payload size: 91 at 2024-12-12 16:12:40.700182 sent 2024-12-12 16:12:40.628598
INFO:Message received on topic: type-2/30 with payload size: 91 at 2024-12-12 16:12:43.304884 sent 2024-12-12 16:12:43.240081
INFO:Message received on topic: type-2/30 with payload size: 91 at 2024-12-12 16:12:45.886488 sent 2024-12-12 16:12:45.846457
INFO:Message received on topic: type-2/30 with payload size: 91 at 2024-12-12 16:12:48.493065 sent 2024-12-12 16:12:48.453651
INFO:Message received on topic: type-2/30 with payload size: 91 at 2024-12-12 16:12:51.178029 sent 2024-12-12 16:12:51.063136
INFO:Message received on topic: type-2/30 with payload size: 91 at 2024-12-12 16:12:53.978874 sent 2024-12-12 16:12:53.676459
INFO:Message received on topic: type-2/30 with payload size: 91 at 2024-12-12 16:12:56.384032 sent 2024-12-12 16:12:56.292018
INFO:Message received on topic: type-2/30 with payload size: 91 at 2024-12-12 16:12:59.008951 sent 2024-12-12 16:12:58.904972
INFO:Message received on topic: type-2/30 with payload size: 91 at 2024-12-12 16:13:01.608730 sent 2024-12-12 16:13:01.514153
INFO:Message received on topic: type-2/30 with payload size: 91 at 2024-12-12 16:13:04.199930 sent 2024-12-12 16:13:04.125604
INFO:Message received on topic: type-2/30 with payload size: 91 at 2024-12-12 16:13:06.784761 sent 2024-12-12 16:13:06.742598
INFO:Message received on topic: type-2/30 with payload size: 91 at 2024-12-12 16:13:09.486661 sent 2024-12-12 16:13:09.359661
INFO:Message received on topic: type-2/30 with payload size: 91 at 2024-12-12 16:13:12.070899 sent 2024-12-12 16:13:11.971733
INFO:Message received on topic: type-2/30 with payload size: 91 at 2024-12-12 16:13:14.769587 sent 2024-12-12 16:13:14.583507
INFO:Message received on topic: type-2/30 with payload size: 91 at 2024-12-12 16:13:17.291555 sent 2024-12-12 16:13:17.190232
INFO:Message received on topic: type-2/30 with payload size: 91 at 2024-12-12 16:13:19.892963 sent 2024-12-12 16:13:19.807503
INFO:Message received on topic: type-2/30 with payload size: 91 at 2024-12-12 16:13:22.511653 sent 2024-12-12 16:13:22.420126
INFO:Message received on topic: type-2/30 with payload size: 91 at 2024-12-12 16:13:25.099243 sent 2024-12-12 16:13:25.030531
INFO:Message received on topic: type-2/30 with payload size: 91 at 2024-12-12 16:13:27.694904 sent 2024-12-12 16:13:27.637681
INFO:Message received on topic: type-2/30 with payload size: 91 at 2024-12-12 16:13:30.285261 sent 2024-12-12 16:13:30.245336
INFO:Message received on topic: type-2/30 with payload size: 91 at 2024-12-12 16:13:32.967504 sent 2024-12-12 16:13:32.855742
INFO:Message received on topic: type-2/30 with payload size: 91 at 2024-12-12 16:13:35.570934 sent 2024-12-12 16:13:35.466238
INFO:Message received on topic: type-2/30 with payload size: 91 at 2024-12-12 16:13:38.104690 sent 2024-12-12 16:13:38.080075
INFO:Message received on topic: type-2/30 with payload size: 91 at 2024-12-12 16:13:40.703492 sent 2024-12-12 16:13:40.689530
INFO:Message received on topic: type-2/30 with payload size: 91 at 2024-12-12 16:13:43.393910 sent 2024-12-12 16:13:43.301522
INFO:Message received on topic: type-2/30 with payload size: 91 at 2024-12-12 16:13:45.998815 sent 2024-12-12 16:13:45.916283
INFO:Message received on topic: type-2/30 with payload size: 91 at 2024-12-12 16:13:48.602102 sent 2024-12-12 16:13:48.526124
INFO:Message received on topic: type-2/30 with payload size: 91 at 2024-12-12 16:13:51.283106 sent 2024-12-12 16:13:51.142624
INFO:Message received on topic: type-2/30 with payload size: 91 at 2024-12-12 16:13:53.781429 sent 2024-12-12 16:13:53.753686
INFO:Message received on topic: type-2/30 with payload size: 91 at 2024-12-12 16:13:56.394630 sent 2024-12-12 16:13:56.364205
INFO:Message received on topic: type-2/30 with payload size: 91 at 2024-12-12 16:13:59.006697 sent 2024-12-12 16:13:58.978935
INFO:Message received on topic: type-2/30 with payload size: 91 at 2024-12-12 16:14:01.609504 sent 2024-12-12 16:14:01.589627
INFO:Message received on topic: type-2/30 with payload size: 91 at 2024-12-12 16:14:04.300052 sent 2024-12-12 16:14:04.202203
INFO:Message received on topic: type-2/30 with payload size: 91 at 2024-12-12 16:14:06.869283 sent 2024-12-12 16:14:06.805135
INFO:Message received on topic: type-2/30 with payload size: 91 at 2024-12-12 16:14:09.486644 sent 2024-12-12 16:14:09.416219
INFO:Message received on topic: type-2/30 with payload size: 91 at 2024-12-12 16:14:12.097863 sent 2024-12-12 16:14:12.028931
INFO:Message received on topic: type-2/30 with payload size: 91 at 2024-12-12 16:14:14.690406 sent 2024-12-12 16:14:14.636418
INFO:Message received on topic: type-2/30 with payload size: 91 at 2024-12-12 16:14:17.371402 sent 2024-12-12 16:14:17.247250
INFO:Message received on topic: type-2/30 with payload size: 91 at 2024-12-12 16:14:19.906765 sent 2024-12-12 16:14:19.856603
INFO:Message received on topic: type-2/30 with payload size: 91 at 2024-12-12 16:14:22.578528 sent 2024-12-12 16:14:22.468560
INFO:Message received on topic: type-2/30 with payload size: 91 at 2024-12-12 16:14:25.179754 sent 2024-12-12 16:14:25.078052
INFO:Message received on topic: type-2/30 with payload size: 91 at 2024-12-12 16:14:27.716940 sent 2024-12-12 16:14:27.692610
INFO:Message received on topic: type-2/30 with payload size: 91 at 2024-12-12 16:14:30.404102 sent 2024-12-12 16:14:30.303979
INFO:Message received on topic: type-2/30 with payload size: 91 at 2024-12-12 16:14:33.009978 sent 2024-12-12 16:14:32.913282
INFO:Message received on topic: type-2/30 with payload size: 91 at 2024-12-12 16:14:35.610507 sent 2024-12-12 16:14:35.520173
INFO:Message received on topic: type-2/30 with payload size: 91 at 2024-12-12 16:14:38.270143 sent 2024-12-12 16:14:38.134994
INFO:Message received on topic: type-2/30 with payload size: 91 at 2024-12-12 16:14:40.878556 sent 2024-12-12 16:14:40.749474
INFO:Message received on topic: type-2/30 with payload size: 91 at 2024-12-12 16:14:43.394070 sent 2024-12-12 16:14:43.360582
INFO:Message received on topic: type-2/30 with payload size: 91 at 2024-12-12 16:14:46.092023 sent 2024-12-12 16:14:45.972809
INFO:Message received on topic: type-2/30 with payload size: 91 at 2024-12-12 16:14:48.599391 sent 2024-12-12 16:14:48.582561
INFO:Message received on topic: type-2/30 with payload size: 91 at 2024-12-12 16:14:51.290393 sent 2024-12-12 16:14:51.194115
INFO:Message received on topic: type-2/30 with payload size: 91 at 2024-12-12 16:14:53.894500 sent 2024-12-12 16:14:53.803085
INFO:Message received on topic: type-2/30 with payload size: 91 at 2024-12-12 16:14:56.583470 sent 2024-12-12 16:14:56.412003
INFO:Message received on topic: type-2/30 with payload size: 91 at 2024-12-12 16:14:59.112050 sent 2024-12-12 16:14:59.025057
INFO:Message received on topic: type-2/30 with payload size: 91 at 2024-12-12 16:15:01.711793 sent 2024-12-12 16:15:01.636483
INFO:Message received on topic: type-2/30 with payload size: 91 at 2024-12-12 16:15:04.317810 sent 2024-12-12 16:15:04.225780
INFO:Message received on topic: type-2/30 with payload size: 91 at 2024-12-12 16:15:06.912713 sent 2024-12-12 16:15:06.811492
INFO:Message received on topic: type-2/30 with payload size: 91 at 2024-12-12 16:15:09.592619 sent 2024-12-12 16:15:09.403079
INFO:Message received on topic: type-2/30 with payload size: 91 at 2024-12-12 16:15:12.081736 sent 2024-12-12 16:15:11.991614
INFO:Message received on topic: type-2/30 with payload size: 91 at 2024-12-12 16:15:14.692082 sent 2024-12-12 16:15:14.599483
INFO:Message received on topic: type-2/30 with payload size: 91 at 2024-12-12 16:15:17.395573 sent 2024-12-12 16:15:17.206474
INFO:Message received on topic: type-2/30 with payload size: 91 at 2024-12-12 16:15:19.892984 sent 2024-12-12 16:15:19.817467
INFO:Message received on topic: type-2/30 with payload size: 91 at 2024-12-12 16:15:22.580024 sent 2024-12-12 16:15:22.435260
INFO:Message received on topic: type-2/30 with payload size: 91 at 2024-12-12 16:15:25.187709 sent 2024-12-12 16:15:25.041198
INFO:Message received on topic: type-2/30 with payload size: 91 at 2024-12-12 16:15:27.903985 sent 2024-12-12 16:15:27.650863
INFO:Message received on topic: type-2/30 with payload size: 91 at 2024-12-12 16:15:30.398426 sent 2024-12-12 16:15:30.258827
INFO:Message received on topic: type-2/30 with payload size: 91 at 2024-12-12 16:15:32.918083 sent 2024-12-12 16:15:32.873487
INFO:Message received on topic: type-2/30 with payload size: 91 at 2024-12-12 16:15:35.514062 sent 2024-12-12 16:15:35.485913
INFO:Message received on topic: type-2/30 with payload size: 91 at 2024-12-12 16:15:38.205748 sent 2024-12-12 16:15:38.094165
INFO:Message received on topic: type-2/30 with payload size: 91 at 2024-12-12 16:15:40.912074 sent 2024-12-12 16:15:40.705839
INFO:Message received on topic: type-2/30 with payload size: 91 at 2024-12-12 16:15:43.529585 sent 2024-12-12 16:15:43.316185
INFO:Message received on topic: type-2/30 with payload size: 91 at 2024-12-12 16:15:46.094244 sent 2024-12-12 16:15:45.924765
INFO:Message received on topic: type-2/30 with payload size: 91 at 2024-12-12 16:15:48.802023 sent 2024-12-12 16:15:48.537419
INFO:Message received on topic: type-2/30 with payload size: 91 at 2024-12-12 16:15:51.211919 sent 2024-12-12 16:15:51.152924
INFO:Message received on topic: type-2/30 with payload size: 91 at 2024-12-12 16:15:53.894297 sent 2024-12-12 16:15:53.763237
INFO:Message received on topic: type-2/30 with payload size: 91 at 2024-12-12 16:15:56.595923 sent 2024-12-12 16:15:56.380547
INFO:Message received on topic: type-2/30 with payload size: 91 at 2024-12-12 16:15:59.009822 sent 2024-12-12 16:15:58.995582
INFO:Message received on topic: type-2/30 with payload size: 91 at 2024-12-12 16:16:01.683695 sent 2024-12-12 16:16:01.607558
INFO:Message received on topic: type-2/30 with payload size: 91 at 2024-12-12 16:16:04.292634 sent 2024-12-12 16:16:04.222365
INFO:Message received on topic: type-2/30 with payload size: 91 at 2024-12-12 16:16:06.972665 sent 2024-12-12 16:16:06.835739
INFO:Message received on topic: type-2/30 with payload size: 91 at 2024-12-12 16:16:09.513127 sent 2024-12-12 16:16:09.449137
INFO:Message received on topic: type-2/30 with payload size: 91 at 2024-12-12 16:16:12.200133 sent 2024-12-12 16:16:12.055150
INFO:Message received on topic: type-2/30 with payload size: 91 at 2024-12-12 16:16:14.886528 sent 2024-12-12 16:16:14.663373
INFO:Message received on topic: type-2/30 with payload size: 91 at 2024-12-12 16:16:17.293545 sent 2024-12-12 16:16:17.269513
INFO:Message received on topic: type-2/30 with payload size: 91 at 2024-12-12 16:16:20.069070 sent 2024-12-12 16:16:19.883816
INFO:Message received on topic: type-2/30 with payload size: 91 at 2024-12-12 16:16:22.610312 sent 2024-12-12 16:16:22.494196
INFO:Message received on topic: type-2/30 with payload size: 91 at 2024-12-12 16:16:25.185450 sent 2024-12-12 16:16:25.100478
INFO:Message received on topic: type-2/30 with payload size: 91 at 2024-12-12 16:16:27.797970 sent 2024-12-12 16:16:27.708548
INFO:Message received on topic: type-2/30 with payload size: 91 at 2024-12-12 16:16:30.394214 sent 2024-12-12 16:16:30.324766
INFO:Message received on topic: type-2/30 with payload size: 91 at 2024-12-12 16:16:32.995657 sent 2024-12-12 16:16:32.945230
INFO:Message received on topic: type-2/30 with payload size: 91 at 2024-12-12 16:16:35.607785 sent 2024-12-12 16:16:35.559602
INFO:Message received on topic: type-2/30 with payload size: 91 at 2024-12-12 16:16:38.206630 sent 2024-12-12 16:16:38.173386
INFO:Message received on topic: type-2/30 with payload size: 91 at 2024-12-12 16:16:40.813182 sent 2024-12-12 16:16:40.772881
INFO:Message received on topic: type-2/30 with payload size: 91 at 2024-12-12 16:16:43.404620 sent 2024-12-12 16:16:43.383984
INFO:Message received on topic: type-2/30 with payload size: 91 at 2024-12-12 16:16:46.105559 sent 2024-12-12 16:16:45.990875
INFO:Message received on topic: type-2/30 with payload size: 91 at 2024-12-12 16:16:48.687888 sent 2024-12-12 16:16:48.599269
INFO:Message received on topic: type-2/30 with payload size: 91 at 2024-12-12 16:16:51.304962 sent 2024-12-12 16:16:51.208896
INFO:Message received on topic: type-2/30 with payload size: 91 at 2024-12-12 16:16:53.978639 sent 2024-12-12 16:16:53.816982
INFO:Message received on topic: type-2/30 with payload size: 91 at 2024-12-12 16:16:56.507237 sent 2024-12-12 16:16:56.424612
INFO:Message received on topic: type-2/30 with payload size: 91 at 2024-12-12 16:16:59.099638 sent 2024-12-12 16:16:59.036929
INFO:Message received on topic: type-2/30 with payload size: 91 at 2024-12-12 16:17:01.707706 sent 2024-12-12 16:17:01.646060
INFO:Message received on topic: type-2/30 with payload size: 91 at 2024-12-12 16:17:04.296461 sent 2024-12-12 16:17:04.260565
INFO:Message received on topic: type-2/30 with payload size: 91 at 2024-12-12 16:17:06.982909 sent 2024-12-12 16:17:06.869151
INFO:Message received on topic: type-2/30 with payload size: 91 at 2024-12-12 16:17:09.496294 sent 2024-12-12 16:17:09.475589
INFO:Message received on topic: type-2/30 with payload size: 91 at 2024-12-12 16:17:12.178749 sent 2024-12-12 16:17:12.091759
INFO:Message received on topic: type-2/30 with payload size: 91 at 2024-12-12 16:17:14.712197 sent 2024-12-12 16:17:14.700681
INFO:Message received on topic: type-2/30 with payload size: 91 at 2024-12-12 16:17:17.401714 sent 2024-12-12 16:17:17.315107
INFO:Message received on topic: type-2/30 with payload size: 91 at 2024-12-12 16:17:19.996054 sent 2024-12-12 16:17:19.927303
INFO:Message received on topic: type-2/30 with payload size: 91 at 2024-12-12 16:17:22.600104 sent 2024-12-12 16:17:22.539509
INFO:Message received on topic: type-2/30 with payload size: 91 at 2024-12-12 16:17:25.204222 sent 2024-12-12 16:17:25.143916
INFO:Message received on topic: type-2/30 with payload size: 91 at 2024-12-12 16:17:27.809643 sent 2024-12-12 16:17:27.748035
INFO:Message received on topic: type-2/30 with payload size: 91 at 2024-12-12 16:17:30.409455 sent 2024-12-12 16:17:30.362636
INFO:Message received on topic: type-2/30 with payload size: 91 at 2024-12-12 16:17:32.991965 sent 2024-12-12 16:17:32.967232
INFO:Message received on topic: type-2/30 with payload size: 91 at 2024-12-12 16:17:35.688667 sent 2024-12-12 16:17:35.570617
INFO:Message received on topic: type-2/30 with payload size: 91 at 2024-12-12 16:17:38.384119 sent 2024-12-12 16:17:38.172631
INFO:Message received on topic: type-2/30 with payload size: 91 at 2024-12-12 16:17:40.804741 sent 2024-12-12 16:17:40.779070
INFO:Message received on topic: type-2/30 with payload size: 91 at 2024-12-12 16:17:43.397285 sent 2024-12-12 16:17:43.387217
INFO:Message received on topic: type-2/30 with payload size: 91 at 2024-12-12 16:17:46.082908 sent 2024-12-12 16:17:45.992096
INFO:Message received on topic: type-2/30 with payload size: 91 at 2024-12-12 16:17:48.612488 sent 2024-12-12 16:17:48.597768
INFO:Message received on topic: type-2/30 with payload size: 91 at 2024-12-12 16:17:51.287204 sent 2024-12-12 16:17:51.208094
INFO:Message received on topic: type-2/30 with payload size: 91 at 2024-12-12 16:17:53.891032 sent 2024-12-12 16:17:53.811095
INFO:Message received on topic: type-2/30 with payload size: 91 at 2024-12-12 16:17:56.501945 sent 2024-12-12 16:17:56.414290
INFO:Message received on topic: type-2/30 with payload size: 91 at 2024-12-12 16:17:59.095436 sent 2024-12-12 16:17:59.023743
INFO:Message received on topic: type-2/30 with payload size: 91 at 2024-12-12 16:18:01.695446 sent 2024-12-12 16:18:01.631627
INFO:Message received on topic: type-2/30 with payload size: 91 at 2024-12-12 16:18:04.298709 sent 2024-12-12 16:18:04.236114
INFO:Message received on topic: type-2/30 with payload size: 91 at 2024-12-12 16:18:06.891918 sent 2024-12-12 16:18:06.843027
INFO:Message received on topic: type-2/30 with payload size: 91 at 2024-12-12 16:18:09.497319 sent 2024-12-12 16:18:09.445741
INFO:Message received on topic: type-2/30 with payload size: 91 at 2024-12-12 16:18:12.118281 sent 2024-12-12 16:18:12.049651
INFO:Message received on topic: type-2/30 with payload size: 91 at 2024-12-12 16:18:14.702788 sent 2024-12-12 16:18:14.654468
INFO:Message received on topic: type-2/30 with payload size: 91 at 2024-12-12 16:18:17.294869 sent 2024-12-12 16:18:17.259057
INFO:Message received on topic: type-2/30 with payload size: 91 at 2024-12-12 16:18:19.903849 sent 2024-12-12 16:18:19.863888
INFO:Message received on topic: type-2/30 with payload size: 91 at 2024-12-12 16:18:22.501880 sent 2024-12-12 16:18:22.469428
INFO:Message received on topic: type-2/30 with payload size: 91 at 2024-12-12 16:18:25.096437 sent 2024-12-12 16:18:25.073974
INFO:Message received on topic: type-2/30 with payload size: 91 at 2024-12-12 16:18:27.700086 sent 2024-12-12 16:18:27.678974
INFO:Message received on topic: type-2/30 with payload size: 91 at 2024-12-12 16:18:30.292655 sent 2024-12-12 16:18:30.283845
INFO:Message received on topic: type-2/30 with payload size: 91 at 2024-12-12 16:18:32.897220 sent 2024-12-12 16:18:32.890373
INFO:Message received on topic: type-2/30 with payload size: 91 at 2024-12-12 16:18:35.506508 sent 2024-12-12 16:18:35.493401
