INFO:Starting Version 1.0.5
DEBUG:Using selector: EpollSelector
INFO:Connecting to cluster at: mqtt-quic://emqx-headless.dtwins:14567 using QUIC
INFO:Subscribed to topic: type-2/15
INFO:Logging each: 50
INFO:Unhandled packet type received
INFO:Message received on topic: type-2/15 with payload size: 91 at 2024-12-12 16:09:17.382768 sent 2024-12-12 16:09:17.337853
INFO:Message received on topic: type-2/15 with payload size: 91 at 2024-12-12 16:09:19.987001 sent 2024-12-12 16:09:19.935453
INFO:Message received on topic: type-2/15 with payload size: 91 at 2024-12-12 16:09:22.580424 sent 2024-12-12 16:09:22.537209
INFO:Message received on topic: type-2/15 with payload size: 91 at 2024-12-12 16:09:25.185231 sent 2024-12-12 16:09:25.135299
INFO:Message received on topic: type-2/15 with payload size: 91 at 2024-12-12 16:09:27.794866 sent 2024-12-12 16:09:27.741882
INFO:Message received on topic: type-2/15 with payload size: 91 at 2024-12-12 16:09:30.392526 sent 2024-12-12 16:09:30.341854
INFO:Message received on topic: type-2/15 with payload size: 91 at 2024-12-12 16:09:32.992682 sent 2024-12-12 16:09:32.945386
INFO:Message received on topic: type-2/15 with payload size: 91 at 2024-12-12 16:09:35.584934 sent 2024-12-12 16:09:35.548815
INFO:Message received on topic: type-2/15 with payload size: 91 at 2024-12-12 16:09:38.188588 sent 2024-12-12 16:09:38.151120
INFO:Message received on topic: type-2/15 with payload size: 91 at 2024-12-12 16:09:40.783786 sent 2024-12-12 16:09:40.753052
INFO:Message received on topic: type-2/15 with payload size: 91 at 2024-12-12 16:09:43.421779 sent 2024-12-12 16:09:43.353027
INFO:Message received on topic: type-2/15 with payload size: 91 at 2024-12-12 16:09:45.996496 sent 2024-12-12 16:09:45.953211
INFO:Message received on topic: type-2/15 with payload size: 91 at 2024-12-12 16:09:48.585497 sent 2024-12-12 16:09:48.554434
INFO:Message received on topic: type-2/15 with payload size: 91 at 2024-12-12 16:09:51.189706 sent 2024-12-12 16:09:51.151434
INFO:Message received on topic: type-2/15 with payload size: 91 at 2024-12-12 16:09:53.788514 sent 2024-12-12 16:09:53.756461
INFO:Message received on topic: type-2/15 with payload size: 91 at 2024-12-12 16:09:56.393619 sent 2024-12-12 16:09:56.355923
INFO:Message received on topic: type-2/15 with payload size: 91 at 2024-12-12 16:09:59.004383 sent 2024-12-12 16:09:58.961789
INFO:Message received on topic: type-2/15 with payload size: 91 at 2024-12-12 16:10:01.621864 sent 2024-12-12 16:10:01.572243
INFO:Message received on topic: type-2/15 with payload size: 91 at 2024-12-12 16:10:04.193269 sent 2024-12-12 16:10:04.177645
INFO:Message received on topic: type-2/15 with payload size: 91 at 2024-12-12 16:10:06.808482 sent 2024-12-12 16:10:06.785864
INFO:Message received on topic: type-2/15 with payload size: 91 at 2024-12-12 16:10:09.413158 sent 2024-12-12 16:10:09.391834
INFO:Message received on topic: type-2/15 with payload size: 91 at 2024-12-12 16:10:12.015730 sent 2024-12-12 16:10:12.001757
INFO:Message received on topic: type-2/15 with payload size: 91 at 2024-12-12 16:10:14.614085 sent 2024-12-12 16:10:14.608998
INFO:Message received on topic: type-2/15 with payload size: 91 at 2024-12-12 16:10:17.286366 sent 2024-12-12 16:10:17.216049
INFO:Message received on topic: type-2/15 with payload size: 91 at 2024-12-12 16:10:19.893858 sent 2024-12-12 16:10:19.820445
INFO:Message received on topic: type-2/15 with payload size: 91 at 2024-12-12 16:10:22.486549 sent 2024-12-12 16:10:22.421532
INFO:Message received on topic: type-2/15 with payload size: 91 at 2024-12-12 16:10:25.084814 sent 2024-12-12 16:10:25.031792
INFO:Message received on topic: type-2/15 with payload size: 91 at 2024-12-12 16:10:27.697510 sent 2024-12-12 16:10:27.640413
INFO:Message received on topic: type-2/15 with payload size: 91 at 2024-12-12 16:10:30.305280 sent 2024-12-12 16:10:30.250944
INFO:Message received on topic: type-2/15 with payload size: 91 at 2024-12-12 16:10:33.004988 sent 2024-12-12 16:10:32.861634
INFO:Message received on topic: type-2/15 with payload size: 91 at 2024-12-12 16:10:35.496781 sent 2024-12-12 16:10:35.475049
INFO:Message received on topic: type-2/15 with payload size: 91 at 2024-12-12 16:10:38.113981 sent 2024-12-12 16:10:38.088779
INFO:Message received on topic: type-2/15 with payload size: 91 at 2024-12-12 16:10:40.716155 sent 2024-12-12 16:10:40.704437
INFO:Message received on topic: type-2/15 with payload size: 91 at 2024-12-12 16:10:43.392606 sent 2024-12-12 16:10:43.319121
INFO:Message received on topic: type-2/15 with payload size: 91 at 2024-12-12 16:10:45.983982 sent 2024-12-12 16:10:45.929762
INFO:Message received on topic: type-2/15 with payload size: 91 at 2024-12-12 16:10:48.599740 sent 2024-12-12 16:10:48.537049
INFO:Message received on topic: type-2/15 with payload size: 91 at 2024-12-12 16:10:51.217449 sent 2024-12-12 16:10:51.150921
INFO:Message received on topic: type-2/15 with payload size: 91 at 2024-12-12 16:10:53.802585 sent 2024-12-12 16:10:53.760490
INFO:Message received on topic: type-2/15 with payload size: 91 at 2024-12-12 16:10:56.395793 sent 2024-12-12 16:10:56.368484
INFO:Message received on topic: type-2/15 with payload size: 91 at 2024-12-12 16:10:58.994412 sent 2024-12-12 16:10:58.981722
INFO:Message received on topic: type-2/15 with payload size: 91 at 2024-12-12 16:11:01.612071 sent 2024-12-12 16:11:01.598178
INFO:Message received on topic: type-2/15 with payload size: 91 at 2024-12-12 16:11:04.281389 sent 2024-12-12 16:11:04.219060
INFO:Message received on topic: type-2/15 with payload size: 91 at 2024-12-12 16:11:06.913275 sent 2024-12-12 16:11:06.828164
INFO:Message received on topic: type-2/15 with payload size: 91 at 2024-12-12 16:11:09.489607 sent 2024-12-12 16:11:09.440032
INFO:Message received on topic: type-2/15 with payload size: 91 at 2024-12-12 16:11:12.095957 sent 2024-12-12 16:11:12.053397
INFO:Message received on topic: type-2/15 with payload size: 91 at 2024-12-12 16:11:14.693006 sent 2024-12-12 16:11:14.668657
INFO:Message received on topic: type-2/15 with payload size: 91 at 2024-12-12 16:11:17.303767 sent 2024-12-12 16:11:17.285656
INFO:Message received on topic: type-2/15 with payload size: 91 at 2024-12-12 16:11:19.912739 sent 2024-12-12 16:11:19.898492
INFO:Message received on topic: type-2/15 with payload size: 91 at 2024-12-12 16:11:22.589022 sent 2024-12-12 16:11:22.508253
INFO:Message received on topic: type-2/15 with payload size: 91 at 2024-12-12 16:11:25.203755 sent 2024-12-12 16:11:25.115936
INFO:Message received on topic: type-2/15 with payload size: 91 at 2024-12-12 16:11:27.798693 sent 2024-12-12 16:11:27.726612
INFO:Message received on topic: type-2/15 with payload size: 91 at 2024-12-12 16:11:30.390476 sent 2024-12-12 16:11:30.340676
INFO:Message received on topic: type-2/15 with payload size: 91 at 2024-12-12 16:11:32.995903 sent 2024-12-12 16:11:32.954746
INFO:Message received on topic: type-2/15 with payload size: 91 at 2024-12-12 16:11:35.771205 sent 2024-12-12 16:11:35.561665
INFO:Message received on topic: type-2/15 with payload size: 91 at 2024-12-12 16:11:38.200106 sent 2024-12-12 16:11:38.174316
INFO:Message received on topic: type-2/15 with payload size: 91 at 2024-12-12 16:11:40.796130 sent 2024-12-12 16:11:40.782065
INFO:Message received on topic: type-2/15 with payload size: 91 at 2024-12-12 16:11:43.469930 sent 2024-12-12 16:11:43.390994
INFO:Message received on topic: type-2/15 with payload size: 91 at 2024-12-12 16:11:46.015131 sent 2024-12-12 16:11:45.998422
INFO:Message received on topic: type-2/15 with payload size: 91 at 2024-12-12 16:11:48.682340 sent 2024-12-12 16:11:48.613656
INFO:Message received on topic: type-2/15 with payload size: 91 at 2024-12-12 16:11:51.292577 sent 2024-12-12 16:11:51.224666
INFO:Message received on topic: type-2/15 with payload size: 91 at 2024-12-12 16:11:53.893160 sent 2024-12-12 16:11:53.836905
INFO:Message received on topic: type-2/15 with payload size: 91 at 2024-12-12 16:11:56.489663 sent 2024-12-12 16:11:56.447906
INFO:Message received on topic: type-2/15 with payload size: 91 at 2024-12-12 16:11:59.106511 sent 2024-12-12 16:11:59.055650
INFO:Message received on topic: type-2/15 with payload size: 91 at 2024-12-12 16:12:01.706952 sent 2024-12-12 16:12:01.669047
INFO:Message received on topic: type-2/15 with payload size: 91 at 2024-12-12 16:12:04.380493 sent 2024-12-12 16:12:04.276907
INFO:Message received on topic: type-2/15 with payload size: 91 at 2024-12-12 16:12:06.970654 sent 2024-12-12 16:12:06.891107
INFO:Message received on topic: type-2/15 with payload size: 91 at 2024-12-12 16:12:09.512126 sent 2024-12-12 16:12:09.502059
INFO:Message received on topic: type-2/15 with payload size: 91 at 2024-12-12 16:12:12.182219 sent 2024-12-12 16:12:12.109446
INFO:Message received on topic: type-2/15 with payload size: 91 at 2024-12-12 16:12:14.795608 sent 2024-12-12 16:12:14.722284
INFO:Message received on topic: type-2/15 with payload size: 91 at 2024-12-12 16:12:17.396992 sent 2024-12-12 16:12:17.332094
INFO:Message received on topic: type-2/15 with payload size: 91 at 2024-12-12 16:12:20.004261 sent 2024-12-12 16:12:19.944049
INFO:Message received on topic: type-2/15 with payload size: 91 at 2024-12-12 16:12:22.599269 sent 2024-12-12 16:12:22.554942
INFO:Message received on topic: type-2/15 with payload size: 91 at 2024-12-12 16:12:25.300847 sent 2024-12-12 16:12:25.165714
INFO:Message received on topic: type-2/15 with payload size: 91 at 2024-12-12 16:12:27.884615 sent 2024-12-12 16:12:27.783732
INFO:Message received on topic: type-2/15 with payload size: 91 at 2024-12-12 16:12:30.488920 sent 2024-12-12 16:12:30.400396
INFO:Message received on topic: type-2/15 with payload size: 91 at 2024-12-12 16:12:33.107444 sent 2024-12-12 16:12:33.014244
INFO:Message received on topic: type-2/15 with payload size: 91 at 2024-12-12 16:12:35.704425 sent 2024-12-12 16:12:35.625216
INFO:Message received on topic: type-2/15 with payload size: 91 at 2024-12-12 16:12:38.309182 sent 2024-12-12 16:12:38.238558
INFO:Message received on topic: type-2/15 with payload size: 91 at 2024-12-12 16:12:40.902938 sent 2024-12-12 16:12:40.849581
INFO:Message received on topic: type-2/15 with payload size: 91 at 2024-12-12 16:12:43.502621 sent 2024-12-12 16:12:43.458079
INFO:Message received on topic: type-2/15 with payload size: 91 at 2024-12-12 16:12:46.114947 sent 2024-12-12 16:12:46.076175
INFO:Message received on topic: type-2/15 with payload size: 91 at 2024-12-12 16:12:48.777892 sent 2024-12-12 16:12:48.682948
INFO:Message received on topic: type-2/15 with payload size: 91 at 2024-12-12 16:12:51.310994 sent 2024-12-12 16:12:51.292308
INFO:Message received on topic: type-2/15 with payload size: 91 at 2024-12-12 16:12:54.091655 sent 2024-12-12 16:12:53.901870
INFO:Message received on topic: type-2/15 with payload size: 91 at 2024-12-12 16:12:56.594040 sent 2024-12-12 16:12:56.506727
INFO:Message received on topic: type-2/15 with payload size: 91 at 2024-12-12 16:12:59.370864 sent 2024-12-12 16:12:59.116625
INFO:Message received on topic: type-2/15 with payload size: 91 at 2024-12-12 16:13:01.789513 sent 2024-12-12 16:13:01.729126
INFO:Message received on topic: type-2/15 with payload size: 91 at 2024-12-12 16:13:04.386193 sent 2024-12-12 16:13:04.345901
INFO:Message received on topic: type-2/15 with payload size: 91 at 2024-12-12 16:13:07.102193 sent 2024-12-12 16:13:06.955659
INFO:Message received on topic: type-2/15 with payload size: 91 at 2024-12-12 16:13:09.593935 sent 2024-12-12 16:13:09.568314
INFO:Message received on topic: type-2/15 with payload size: 91 at 2024-12-12 16:13:12.200500 sent 2024-12-12 16:13:12.178172
INFO:Message received on topic: type-2/15 with payload size: 91 at 2024-12-12 16:13:14.880078 sent 2024-12-12 16:13:14.789992
INFO:Message received on topic: type-2/15 with payload size: 91 at 2024-12-12 16:13:17.428149 sent 2024-12-12 16:13:17.400721
INFO:Message received on topic: type-2/15 with payload size: 91 at 2024-12-12 16:13:20.180787 sent 2024-12-12 16:13:20.017883
INFO:Message received on topic: type-2/15 with payload size: 91 at 2024-12-12 16:13:22.783248 sent 2024-12-12 16:13:22.636125
INFO:Message received on topic: type-2/15 with payload size: 91 at 2024-12-12 16:13:25.311870 sent 2024-12-12 16:13:25.250219
INFO:Message received on topic: type-2/15 with payload size: 91 at 2024-12-12 16:13:27.904712 sent 2024-12-12 16:13:27.864898
INFO:Message received on topic: type-2/15 with payload size: 91 at 2024-12-12 16:13:30.580509 sent 2024-12-12 16:13:30.480822
INFO:Message received on topic: type-2/15 with payload size: 91 at 2024-12-12 16:13:33.108406 sent 2024-12-12 16:13:33.095208
INFO:Message received on topic: type-2/15 with payload size: 91 at 2024-12-12 16:13:35.712991 sent 2024-12-12 16:13:35.702030
INFO:Message received on topic: type-2/15 with payload size: 91 at 2024-12-12 16:13:38.405157 sent 2024-12-12 16:13:38.309939
INFO:Message received on topic: type-2/15 with payload size: 91 at 2024-12-12 16:13:40.999802 sent 2024-12-12 16:13:40.918845
INFO:Message received on topic: type-2/15 with payload size: 91 at 2024-12-12 16:13:43.614977 sent 2024-12-12 16:13:43.525458
INFO:Message received on topic: type-2/15 with payload size: 91 at 2024-12-12 16:13:46.208062 sent 2024-12-12 16:13:46.146307
INFO:Message received on topic: type-2/15 with payload size: 91 at 2024-12-12 16:13:48.874846 sent 2024-12-12 16:13:48.752558
INFO:Message received on topic: type-2/15 with payload size: 91 at 2024-12-12 16:13:51.470540 sent 2024-12-12 16:13:51.360793
INFO:Message received on topic: type-2/15 with payload size: 91 at 2024-12-12 16:13:53.997883 sent 2024-12-12 16:13:53.972104
INFO:Message received on topic: type-2/15 with payload size: 91 at 2024-12-12 16:13:56.596039 sent 2024-12-12 16:13:56.581319
INFO:Message received on topic: type-2/15 with payload size: 91 at 2024-12-12 16:13:59.280895 sent 2024-12-12 16:13:59.205313
INFO:Message received on topic: type-2/15 with payload size: 91 at 2024-12-12 16:14:01.896758 sent 2024-12-12 16:14:01.817474
INFO:Message received on topic: type-2/15 with payload size: 91 at 2024-12-12 16:14:04.506227 sent 2024-12-12 16:14:04.427042
INFO:Message received on topic: type-2/15 with payload size: 91 at 2024-12-12 16:14:07.101809 sent 2024-12-12 16:14:07.038456
INFO:Message received on topic: type-2/15 with payload size: 91 at 2024-12-12 16:14:09.705944 sent 2024-12-12 16:14:09.652926
INFO:Message received on topic: type-2/15 with payload size: 91 at 2024-12-12 16:14:12.314979 sent 2024-12-12 16:14:12.270104
INFO:Message received on topic: type-2/15 with payload size: 91 at 2024-12-12 16:14:14.983969 sent 2024-12-12 16:14:14.880890
INFO:Message received on topic: type-2/15 with payload size: 91 at 2024-12-12 16:14:17.588863 sent 2024-12-12 16:14:17.489750
INFO:Message received on topic: type-2/15 with payload size: 91 at 2024-12-12 16:14:20.193248 sent 2024-12-12 16:14:20.101056
INFO:Message received on topic: type-2/15 with payload size: 91 at 2024-12-12 16:14:22.792875 sent 2024-12-12 16:14:22.716798
INFO:Message received on topic: type-2/15 with payload size: 91 at 2024-12-12 16:14:25.386272 sent 2024-12-12 16:14:25.321292
INFO:Message received on topic: type-2/15 with payload size: 91 at 2024-12-12 16:14:28.007712 sent 2024-12-12 16:14:27.934304
INFO:Message received on topic: type-2/15 with payload size: 91 at 2024-12-12 16:14:30.593864 sent 2024-12-12 16:14:30.545508
INFO:Message received on topic: type-2/15 with payload size: 91 at 2024-12-12 16:14:33.207418 sent 2024-12-12 16:14:33.158663
INFO:Message received on topic: type-2/15 with payload size: 91 at 2024-12-12 16:14:35.811453 sent 2024-12-12 16:14:35.771770
INFO:Message received on topic: type-2/15 with payload size: 91 at 2024-12-12 16:14:38.418669 sent 2024-12-12 16:14:38.376719
INFO:Message received on topic: type-2/15 with payload size: 91 at 2024-12-12 16:14:41.089114 sent 2024-12-12 16:14:40.990147
INFO:Message received on topic: type-2/15 with payload size: 91 at 2024-12-12 16:14:43.611309 sent 2024-12-12 16:14:43.600273
INFO:Message received on topic: type-2/15 with payload size: 91 at 2024-12-12 16:14:46.387291 sent 2024-12-12 16:14:46.212902
INFO:Message received on topic: type-2/15 with payload size: 91 at 2024-12-12 16:14:48.902604 sent 2024-12-12 16:14:48.821413
INFO:Message received on topic: type-2/15 with payload size: 91 at 2024-12-12 16:14:51.488287 sent 2024-12-12 16:14:51.434173
INFO:Message received on topic: type-2/15 with payload size: 91 at 2024-12-12 16:14:54.103233 sent 2024-12-12 16:14:54.047863
INFO:Message received on topic: type-2/15 with payload size: 91 at 2024-12-12 16:14:56.771446 sent 2024-12-12 16:14:56.654828
INFO:Message received on topic: type-2/15 with payload size: 91 at 2024-12-12 16:14:59.497821 sent 2024-12-12 16:14:59.264196
INFO:Message received on topic: type-2/15 with payload size: 91 at 2024-12-12 16:15:01.907470 sent 2024-12-12 16:15:01.876026
INFO:Message received on topic: type-2/15 with payload size: 91 at 2024-12-12 16:15:04.567997 sent 2024-12-12 16:15:04.465379
INFO:Message received on topic: type-2/15 with payload size: 91 at 2024-12-12 16:15:07.110850 sent 2024-12-12 16:15:07.048613
INFO:Message received on topic: type-2/15 with payload size: 91 at 2024-12-12 16:15:09.696792 sent 2024-12-12 16:15:09.640777
INFO:Message received on topic: type-2/15 with payload size: 91 at 2024-12-12 16:15:12.420562 sent 2024-12-12 16:15:12.227146
INFO:Message received on topic: type-2/15 with payload size: 91 at 2024-12-12 16:15:14.981931 sent 2024-12-12 16:15:14.842422
INFO:Message received on topic: type-2/15 with payload size: 91 at 2024-12-12 16:15:17.582892 sent 2024-12-12 16:15:17.455387
INFO:Message received on topic: type-2/15 with payload size: 91 at 2024-12-12 16:15:20.284818 sent 2024-12-12 16:15:20.064846
INFO:Message received on topic: type-2/15 with payload size: 91 at 2024-12-12 16:15:22.800523 sent 2024-12-12 16:15:22.673462
INFO:Message received on topic: type-2/15 with payload size: 91 at 2024-12-12 16:15:25.306758 sent 2024-12-12 16:15:25.279706
INFO:Message received on topic: type-2/15 with payload size: 91 at 2024-12-12 16:15:27.991700 sent 2024-12-12 16:15:27.887483
INFO:Message received on topic: type-2/15 with payload size: 91 at 2024-12-12 16:15:30.592308 sent 2024-12-12 16:15:30.500577
INFO:Message received on topic: type-2/15 with payload size: 91 at 2024-12-12 16:15:33.203677 sent 2024-12-12 16:15:33.113974
INFO:Message received on topic: type-2/15 with payload size: 91 at 2024-12-12 16:15:35.809865 sent 2024-12-12 16:15:35.725254
INFO:Message received on topic: type-2/15 with payload size: 91 at 2024-12-12 16:15:38.483593 sent 2024-12-12 16:15:38.339790
INFO:Message received on topic: type-2/15 with payload size: 91 at 2024-12-12 16:15:41.103238 sent 2024-12-12 16:15:40.950082
INFO:Message received on topic: type-2/15 with payload size: 91 at 2024-12-12 16:15:43.694991 sent 2024-12-12 16:15:43.563306
INFO:Message received on topic: type-2/15 with payload size: 91 at 2024-12-12 16:15:46.288412 sent 2024-12-12 16:15:46.172635
INFO:Message received on topic: type-2/15 with payload size: 91 at 2024-12-12 16:15:48.907917 sent 2024-12-12 16:15:48.781890
INFO:Message received on topic: type-2/15 with payload size: 91 at 2024-12-12 16:15:51.486806 sent 2024-12-12 16:15:51.397847
INFO:Message received on topic: type-2/15 with payload size: 91 at 2024-12-12 16:15:54.118868 sent 2024-12-12 16:15:54.016688
INFO:Message received on topic: type-2/15 with payload size: 91 at 2024-12-12 16:15:56.793987 sent 2024-12-12 16:15:56.624758
INFO:Message received on topic: type-2/15 with payload size: 91 at 2024-12-12 16:15:59.386949 sent 2024-12-12 16:15:59.233736
INFO:Message received on topic: type-2/15 with payload size: 91 at 2024-12-12 16:16:01.923414 sent 2024-12-12 16:16:01.845149
INFO:Message received on topic: type-2/15 with payload size: 91 at 2024-12-12 16:16:04.596034 sent 2024-12-12 16:16:04.467246
INFO:Message received on topic: type-2/15 with payload size: 91 at 2024-12-12 16:16:07.211840 sent 2024-12-12 16:16:07.080134
INFO:Message received on topic: type-2/15 with payload size: 91 at 2024-12-12 16:16:09.809511 sent 2024-12-12 16:16:09.689566
INFO:Message received on topic: type-2/15 with payload size: 91 at 2024-12-12 16:16:12.395941 sent 2024-12-12 16:16:12.294114
INFO:Message received on topic: type-2/15 with payload size: 91 at 2024-12-12 16:16:15.006480 sent 2024-12-12 16:16:14.904756
INFO:Message received on topic: type-2/15 with payload size: 91 at 2024-12-12 16:16:17.593698 sent 2024-12-12 16:16:17.519936
INFO:Message received on topic: type-2/15 with payload size: 91 at 2024-12-12 16:16:20.198618 sent 2024-12-12 16:16:20.131140
INFO:Message received on topic: type-2/15 with payload size: 91 at 2024-12-12 16:16:22.880189 sent 2024-12-12 16:16:22.741694
INFO:Message received on topic: type-2/15 with payload size: 91 at 2024-12-12 16:16:25.404049 sent 2024-12-12 16:16:25.348620
INFO:Message received on topic: type-2/15 with payload size: 91 at 2024-12-12 16:16:28.079985 sent 2024-12-12 16:16:27.957561
INFO:Message received on topic: type-2/15 with payload size: 91 at 2024-12-12 16:16:30.602525 sent 2024-12-12 16:16:30.572927
INFO:Message received on topic: type-2/15 with payload size: 91 at 2024-12-12 16:16:33.315609 sent 2024-12-12 16:16:33.185303
INFO:Message received on topic: type-2/15 with payload size: 91 at 2024-12-12 16:16:35.870050 sent 2024-12-12 16:16:35.794553
INFO:Message received on topic: type-2/15 with payload size: 91 at 2024-12-12 16:16:38.508006 sent 2024-12-12 16:16:38.401627
INFO:Message received on topic: type-2/15 with payload size: 91 at 2024-12-12 16:16:41.097014 sent 2024-12-12 16:16:41.004891
INFO:Message received on topic: type-2/15 with payload size: 91 at 2024-12-12 16:16:43.688388 sent 2024-12-12 16:16:43.614278
INFO:Message received on topic: type-2/15 with payload size: 91 at 2024-12-12 16:16:46.381440 sent 2024-12-12 16:16:46.224830
INFO:Message received on topic: type-2/15 with payload size: 91 at 2024-12-12 16:16:48.993834 sent 2024-12-12 16:16:48.838635
INFO:Message received on topic: type-2/15 with payload size: 91 at 2024-12-12 16:16:51.497518 sent 2024-12-12 16:16:51.452537
INFO:Message received on topic: type-2/15 with payload size: 91 at 2024-12-12 16:16:54.106285 sent 2024-12-12 16:16:54.065276
INFO:Message received on topic: type-2/15 with payload size: 91 at 2024-12-12 16:16:56.790909 sent 2024-12-12 16:16:56.671609
INFO:Message received on topic: type-2/15 with payload size: 91 at 2024-12-12 16:16:59.381513 sent 2024-12-12 16:16:59.282027
INFO:Message received on topic: type-2/15 with payload size: 91 at 2024-12-12 16:17:02.018456 sent 2024-12-12 16:17:01.891264
INFO:Message received on topic: type-2/15 with payload size: 91 at 2024-12-12 16:17:04.522996 sent 2024-12-12 16:17:04.500789
INFO:Message received on topic: type-2/15 with payload size: 91 at 2024-12-12 16:17:07.190615 sent 2024-12-12 16:17:07.108277
INFO:Message received on topic: type-2/15 with payload size: 91 at 2024-12-12 16:17:09.798539 sent 2024-12-12 16:17:09.715762
INFO:Message received on topic: type-2/15 with payload size: 91 at 2024-12-12 16:17:12.402145 sent 2024-12-12 16:17:12.321647
INFO:Message received on topic: type-2/15 with payload size: 91 at 2024-12-12 16:17:15.087634 sent 2024-12-12 16:17:14.926303
INFO:Message received on topic: type-2/15 with payload size: 91 at 2024-12-12 16:17:17.613719 sent 2024-12-12 16:17:17.529494
INFO:Message received on topic: type-2/15 with payload size: 91 at 2024-12-12 16:17:20.202168 sent 2024-12-12 16:17:20.139404
INFO:Message received on topic: type-2/15 with payload size: 91 at 2024-12-12 16:17:22.880637 sent 2024-12-12 16:17:22.747515
INFO:Message received on topic: type-2/15 with payload size: 91 at 2024-12-12 16:17:25.480062 sent 2024-12-12 16:17:25.351567
INFO:Message received on topic: type-2/15 with payload size: 91 at 2024-12-12 16:17:28.016871 sent 2024-12-12 16:17:27.973114
INFO:Message received on topic: type-2/15 with payload size: 91 at 2024-12-12 16:17:30.603746 sent 2024-12-12 16:17:30.588529
INFO:Message received on topic: type-2/15 with payload size: 91 at 2024-12-12 16:17:33.284275 sent 2024-12-12 16:17:33.202074
INFO:Message received on topic: type-2/15 with payload size: 91 at 2024-12-12 16:17:35.914083 sent 2024-12-12 16:17:35.811543
INFO:Message received on topic: type-2/15 with payload size: 91 at 2024-12-12 16:17:38.500690 sent 2024-12-12 16:17:38.416318
INFO:Message received on topic: type-2/15 with payload size: 91 at 2024-12-12 16:17:41.091368 sent 2024-12-12 16:17:41.020856
INFO:Message received on topic: type-2/15 with payload size: 91 at 2024-12-12 16:17:43.781585 sent 2024-12-12 16:17:43.630155
INFO:Message received on topic: type-2/15 with payload size: 91 at 2024-12-12 16:17:46.293707 sent 2024-12-12 16:17:46.235830
