INFO:Starting Version 1.0.5
DEBUG:Using selector: EpollSelector
INFO:Connecting to cluster at: mqtt-quic://emqx-headless.dtwins:14567 using QUIC
INFO:Subscribed to topic: type-2/35
INFO:Logging each: 50
INFO:Unhandled packet type received
INFO:Message received on topic: type-2/35 with payload size: 91 at 2024-12-12 16:10:21.586260 sent 2024-12-12 16:10:21.568751
INFO:Message received on topic: type-2/35 with payload size: 91 at 2024-12-12 16:10:24.200980 sent 2024-12-12 16:10:24.176619
INFO:Message received on topic: type-2/35 with payload size: 91 at 2024-12-12 16:10:26.796553 sent 2024-12-12 16:10:26.780651
INFO:Message received on topic: type-2/35 with payload size: 91 at 2024-12-12 16:10:29.404005 sent 2024-12-12 16:10:29.384612
INFO:Message received on topic: type-2/35 with payload size: 91 at 2024-12-12 16:10:32.014829 sent 2024-12-12 16:10:31.992039
INFO:Message received on topic: type-2/35 with payload size: 91 at 2024-12-12 16:10:34.614932 sent 2024-12-12 16:10:34.604105
INFO:Message received on topic: type-2/35 with payload size: 91 at 2024-12-12 16:10:37.289520 sent 2024-12-12 16:10:37.224413
INFO:Message received on topic: type-2/35 with payload size: 91 at 2024-12-12 16:10:39.898735 sent 2024-12-12 16:10:39.834843
INFO:Message received on topic: type-2/35 with payload size: 91 at 2024-12-12 16:10:42.496903 sent 2024-12-12 16:10:42.449935
INFO:Message received on topic: type-2/35 with payload size: 91 at 2024-12-12 16:10:45.092819 sent 2024-12-12 16:10:45.064726
INFO:Message received on topic: type-2/35 with payload size: 91 at 2024-12-12 16:10:47.721219 sent 2024-12-12 16:10:47.678345
INFO:Message received on topic: type-2/35 with payload size: 91 at 2024-12-12 16:10:50.315785 sent 2024-12-12 16:10:50.303678
INFO:Message received on topic: type-2/35 with payload size: 91 at 2024-12-12 16:10:52.990657 sent 2024-12-12 16:10:52.924104
INFO:Message received on topic: type-2/35 with payload size: 91 at 2024-12-12 16:10:55.593696 sent 2024-12-12 16:10:55.539559
INFO:Message received on topic: type-2/35 with payload size: 91 at 2024-12-12 16:10:58.217774 sent 2024-12-12 16:10:58.148807
INFO:Message received on topic: type-2/35 with payload size: 91 at 2024-12-12 16:11:00.900553 sent 2024-12-12 16:11:00.760420
INFO:Message received on topic: type-2/35 with payload size: 91 at 2024-12-12 16:11:03.397162 sent 2024-12-12 16:11:03.372939
INFO:Message received on topic: type-2/35 with payload size: 91 at 2024-12-12 16:11:06.019582 sent 2024-12-12 16:11:05.982699
INFO:Message received on topic: type-2/35 with payload size: 91 at 2024-12-12 16:11:08.617407 sent 2024-12-12 16:11:08.593473
INFO:Message received on topic: type-2/35 with payload size: 91 at 2024-12-12 16:11:11.230642 sent 2024-12-12 16:11:11.207273
INFO:Message received on topic: type-2/35 with payload size: 91 at 2024-12-12 16:11:13.924786 sent 2024-12-12 16:11:13.815602
INFO:Message received on topic: type-2/35 with payload size: 91 at 2024-12-12 16:11:16.508056 sent 2024-12-12 16:11:16.428272
INFO:Message received on topic: type-2/35 with payload size: 91 at 2024-12-12 16:11:19.106832 sent 2024-12-12 16:11:19.039349
INFO:Message received on topic: type-2/35 with payload size: 91 at 2024-12-12 16:11:21.693685 sent 2024-12-12 16:11:21.653494
INFO:Message received on topic: type-2/35 with payload size: 91 at 2024-12-12 16:11:24.305883 sent 2024-12-12 16:11:24.267500
INFO:Message received on topic: type-2/35 with payload size: 91 at 2024-12-12 16:11:26.902265 sent 2024-12-12 16:11:26.884922
INFO:Message received on topic: type-2/35 with payload size: 91 at 2024-12-12 16:11:29.577432 sent 2024-12-12 16:11:29.500228
INFO:Message received on topic: type-2/35 with payload size: 91 at 2024-12-12 16:11:32.194958 sent 2024-12-12 16:11:32.114684
INFO:Message received on topic: type-2/35 with payload size: 91 at 2024-12-12 16:11:34.786066 sent 2024-12-12 16:11:34.722517
INFO:Message received on topic: type-2/35 with payload size: 91 at 2024-12-12 16:11:37.397259 sent 2024-12-12 16:11:37.330954
INFO:Message received on topic: type-2/35 with payload size: 91 at 2024-12-12 16:11:40.010800 sent 2024-12-12 16:11:39.937076
INFO:Message received on topic: type-2/35 with payload size: 91 at 2024-12-12 16:11:42.597458 sent 2024-12-12 16:11:42.550936
INFO:Message received on topic: type-2/35 with payload size: 91 at 2024-12-12 16:11:45.193001 sent 2024-12-12 16:11:45.158488
INFO:Message received on topic: type-2/35 with payload size: 91 at 2024-12-12 16:11:47.809756 sent 2024-12-12 16:11:47.768488
INFO:Message received on topic: type-2/35 with payload size: 91 at 2024-12-12 16:11:50.395249 sent 2024-12-12 16:11:50.382480
INFO:Message received on topic: type-2/35 with payload size: 91 at 2024-12-12 16:11:53.078721 sent 2024-12-12 16:11:53.000820
INFO:Message received on topic: type-2/35 with payload size: 91 at 2024-12-12 16:11:55.704551 sent 2024-12-12 16:11:55.607029
INFO:Message received on topic: type-2/35 with payload size: 91 at 2024-12-12 16:11:58.288010 sent 2024-12-12 16:11:58.223859
INFO:Message received on topic: type-2/35 with payload size: 91 at 2024-12-12 16:12:00.899918 sent 2024-12-12 16:12:00.843162
INFO:Message received on topic: type-2/35 with payload size: 91 at 2024-12-12 16:12:03.502871 sent 2024-12-12 16:12:03.456577
INFO:Message received on topic: type-2/35 with payload size: 91 at 2024-12-12 16:12:06.170949 sent 2024-12-12 16:12:06.065184
INFO:Message received on topic: type-2/35 with payload size: 91 at 2024-12-12 16:12:08.689397 sent 2024-12-12 16:12:08.670972
INFO:Message received on topic: type-2/35 with payload size: 91 at 2024-12-12 16:12:11.369131 sent 2024-12-12 16:12:11.282312
INFO:Message received on topic: type-2/35 with payload size: 91 at 2024-12-12 16:12:13.983439 sent 2024-12-12 16:12:13.903921
INFO:Message received on topic: type-2/35 with payload size: 91 at 2024-12-12 16:12:16.586642 sent 2024-12-12 16:12:16.513167
INFO:Message received on topic: type-2/35 with payload size: 91 at 2024-12-12 16:12:19.201565 sent 2024-12-12 16:12:19.125697
INFO:Message received on topic: type-2/35 with payload size: 91 at 2024-12-12 16:12:21.809845 sent 2024-12-12 16:12:21.739132
INFO:Message received on topic: type-2/35 with payload size: 91 at 2024-12-12 16:12:24.391428 sent 2024-12-12 16:12:24.355039
INFO:Message received on topic: type-2/35 with payload size: 91 at 2024-12-12 16:12:27.109663 sent 2024-12-12 16:12:26.964639
INFO:Message received on topic: type-2/35 with payload size: 91 at 2024-12-12 16:12:29.623474 sent 2024-12-12 16:12:29.576454
INFO:Message received on topic: type-2/35 with payload size: 91 at 2024-12-12 16:12:32.203187 sent 2024-12-12 16:12:32.187430
INFO:Message received on topic: type-2/35 with payload size: 91 at 2024-12-12 16:12:34.894030 sent 2024-12-12 16:12:34.801452
INFO:Message received on topic: type-2/35 with payload size: 91 at 2024-12-12 16:12:37.494116 sent 2024-12-12 16:12:37.413849
INFO:Message received on topic: type-2/35 with payload size: 91 at 2024-12-12 16:12:40.127045 sent 2024-12-12 16:12:40.025630
INFO:Message received on topic: type-2/35 with payload size: 91 at 2024-12-12 16:12:42.701495 sent 2024-12-12 16:12:42.635489
INFO:Message received on topic: type-2/35 with payload size: 91 at 2024-12-12 16:12:45.291622 sent 2024-12-12 16:12:45.242603
INFO:Message received on topic: type-2/35 with payload size: 91 at 2024-12-12 16:12:47.892142 sent 2024-12-12 16:12:47.846699
INFO:Message received on topic: type-2/35 with payload size: 91 at 2024-12-12 16:12:50.511253 sent 2024-12-12 16:12:50.455932
INFO:Message received on topic: type-2/35 with payload size: 91 at 2024-12-12 16:12:53.318003 sent 2024-12-12 16:12:53.068897
INFO:Message received on topic: type-2/35 with payload size: 91 at 2024-12-12 16:12:55.700445 sent 2024-12-12 16:12:55.675487
INFO:Message received on topic: type-2/35 with payload size: 91 at 2024-12-12 16:12:58.392084 sent 2024-12-12 16:12:58.293630
INFO:Message received on topic: type-2/35 with payload size: 91 at 2024-12-12 16:13:01.069597 sent 2024-12-12 16:13:00.907023
INFO:Message received on topic: type-2/35 with payload size: 91 at 2024-12-12 16:13:03.593899 sent 2024-12-12 16:13:03.523866
INFO:Message received on topic: type-2/35 with payload size: 91 at 2024-12-12 16:13:06.192458 sent 2024-12-12 16:13:06.130820
INFO:Message received on topic: type-2/35 with payload size: 91 at 2024-12-12 16:13:08.889673 sent 2024-12-12 16:13:08.751766
INFO:Message received on topic: type-2/35 with payload size: 91 at 2024-12-12 16:13:11.495123 sent 2024-12-12 16:13:11.363263
INFO:Message received on topic: type-2/35 with payload size: 91 at 2024-12-12 16:13:14.070877 sent 2024-12-12 16:13:13.975277
INFO:Message received on topic: type-2/35 with payload size: 91 at 2024-12-12 16:13:16.678552 sent 2024-12-12 16:13:16.580821
INFO:Message received on topic: type-2/35 with payload size: 91 at 2024-12-12 16:13:19.279249 sent 2024-12-12 16:13:19.192093
INFO:Message received on topic: type-2/35 with payload size: 91 at 2024-12-12 16:13:21.911649 sent 2024-12-12 16:13:21.811755
INFO:Message received on topic: type-2/35 with payload size: 91 at 2024-12-12 16:13:24.490805 sent 2024-12-12 16:13:24.420359
INFO:Message received on topic: type-2/35 with payload size: 91 at 2024-12-12 16:13:27.102353 sent 2024-12-12 16:13:27.028723
INFO:Message received on topic: type-2/35 with payload size: 91 at 2024-12-12 16:13:29.693284 sent 2024-12-12 16:13:29.636823
INFO:Message received on topic: type-2/35 with payload size: 91 at 2024-12-12 16:13:32.307792 sent 2024-12-12 16:13:32.244740
INFO:Message received on topic: type-2/35 with payload size: 91 at 2024-12-12 16:13:35.001415 sent 2024-12-12 16:13:34.858905
INFO:Message received on topic: type-2/35 with payload size: 91 at 2024-12-12 16:13:37.511454 sent 2024-12-12 16:13:37.472562
INFO:Message received on topic: type-2/35 with payload size: 91 at 2024-12-12 16:13:40.106632 sent 2024-12-12 16:13:40.082234
INFO:Message received on topic: type-2/35 with payload size: 91 at 2024-12-12 16:13:42.789316 sent 2024-12-12 16:13:42.700249
INFO:Message received on topic: type-2/35 with payload size: 91 at 2024-12-12 16:13:45.390433 sent 2024-12-12 16:13:45.308884
INFO:Message received on topic: type-2/35 with payload size: 91 at 2024-12-12 16:13:48.010517 sent 2024-12-12 16:13:47.919503
INFO:Message received on topic: type-2/35 with payload size: 91 at 2024-12-12 16:13:50.580521 sent 2024-12-12 16:13:50.530479
INFO:Message received on topic: type-2/35 with payload size: 91 at 2024-12-12 16:13:53.181652 sent 2024-12-12 16:13:53.142808
INFO:Message received on topic: type-2/35 with payload size: 91 at 2024-12-12 16:13:55.790588 sent 2024-12-12 16:13:55.753402
INFO:Message received on topic: type-2/35 with payload size: 91 at 2024-12-12 16:13:58.393163 sent 2024-12-12 16:13:58.363471
INFO:Message received on topic: type-2/35 with payload size: 91 at 2024-12-12 16:14:01.010711 sent 2024-12-12 16:14:00.972176
INFO:Message received on topic: type-2/35 with payload size: 91 at 2024-12-12 16:14:03.603020 sent 2024-12-12 16:14:03.582160
INFO:Message received on topic: type-2/35 with payload size: 91 at 2024-12-12 16:14:06.297214 sent 2024-12-12 16:14:06.188527
INFO:Message received on topic: type-2/35 with payload size: 91 at 2024-12-12 16:14:08.893294 sent 2024-12-12 16:14:08.800770
INFO:Message received on topic: type-2/35 with payload size: 91 at 2024-12-12 16:14:11.512470 sent 2024-12-12 16:14:11.415842
INFO:Message received on topic: type-2/35 with payload size: 91 at 2024-12-12 16:14:14.204069 sent 2024-12-12 16:14:14.029372
INFO:Message received on topic: type-2/35 with payload size: 91 at 2024-12-12 16:14:16.709994 sent 2024-12-12 16:14:16.634619
INFO:Message received on topic: type-2/35 with payload size: 91 at 2024-12-12 16:14:19.299211 sent 2024-12-12 16:14:19.247594
INFO:Message received on topic: type-2/35 with payload size: 91 at 2024-12-12 16:14:21.899087 sent 2024-12-12 16:14:21.858286
INFO:Message received on topic: type-2/35 with payload size: 91 at 2024-12-12 16:14:24.496536 sent 2024-12-12 16:14:24.468487
INFO:Message received on topic: type-2/35 with payload size: 91 at 2024-12-12 16:14:27.107080 sent 2024-12-12 16:14:27.081685
INFO:Message received on topic: type-2/35 with payload size: 91 at 2024-12-12 16:14:29.709889 sent 2024-12-12 16:14:29.694973
INFO:Message received on topic: type-2/35 with payload size: 91 at 2024-12-12 16:14:32.394101 sent 2024-12-12 16:14:32.303671
INFO:Message received on topic: type-2/35 with payload size: 91 at 2024-12-12 16:14:34.986180 sent 2024-12-12 16:14:34.910654
INFO:Message received on topic: type-2/35 with payload size: 91 at 2024-12-12 16:14:37.680595 sent 2024-12-12 16:14:37.519241
INFO:Message received on topic: type-2/35 with payload size: 91 at 2024-12-12 16:14:40.193094 sent 2024-12-12 16:14:40.127829
INFO:Message received on topic: type-2/35 with payload size: 91 at 2024-12-12 16:14:42.809303 sent 2024-12-12 16:14:42.734609
INFO:Message received on topic: type-2/35 with payload size: 91 at 2024-12-12 16:14:45.489202 sent 2024-12-12 16:14:45.355123
INFO:Message received on topic: type-2/35 with payload size: 91 at 2024-12-12 16:14:48.006187 sent 2024-12-12 16:14:47.960057
INFO:Message received on topic: type-2/35 with payload size: 91 at 2024-12-12 16:14:50.683576 sent 2024-12-12 16:14:50.570892
INFO:Message received on topic: type-2/35 with payload size: 91 at 2024-12-12 16:14:53.300229 sent 2024-12-12 16:14:53.177055
INFO:Message received on topic: type-2/35 with payload size: 91 at 2024-12-12 16:14:55.891345 sent 2024-12-12 16:14:55.784518
INFO:Message received on topic: type-2/35 with payload size: 91 at 2024-12-12 16:14:58.414307 sent 2024-12-12 16:14:58.395424
INFO:Message received on topic: type-2/35 with payload size: 91 at 2024-12-12 16:15:01.090148 sent 2024-12-12 16:15:01.005260
INFO:Message received on topic: type-2/35 with payload size: 91 at 2024-12-12 16:15:03.694247 sent 2024-12-12 16:15:03.600436
INFO:Message received on topic: type-2/35 with payload size: 91 at 2024-12-12 16:15:06.192547 sent 2024-12-12 16:15:06.183115
INFO:Message received on topic: type-2/35 with payload size: 91 at 2024-12-12 16:15:08.901673 sent 2024-12-12 16:15:08.775085
INFO:Message received on topic: type-2/35 with payload size: 91 at 2024-12-12 16:15:11.485256 sent 2024-12-12 16:15:11.360820
INFO:Message received on topic: type-2/35 with payload size: 91 at 2024-12-12 16:15:14.187690 sent 2024-12-12 16:15:13.972735
INFO:Message received on topic: type-2/35 with payload size: 91 at 2024-12-12 16:15:16.694747 sent 2024-12-12 16:15:16.586416
INFO:Message received on topic: type-2/35 with payload size: 91 at 2024-12-12 16:15:19.287023 sent 2024-12-12 16:15:19.201122
INFO:Message received on topic: type-2/35 with payload size: 91 at 2024-12-12 16:15:21.882696 sent 2024-12-12 16:15:21.808123
INFO:Message received on topic: type-2/35 with payload size: 91 at 2024-12-12 16:15:24.503703 sent 2024-12-12 16:15:24.415528
INFO:Message received on topic: type-2/35 with payload size: 91 at 2024-12-12 16:15:27.211773 sent 2024-12-12 16:15:27.022910
INFO:Message received on topic: type-2/35 with payload size: 91 at 2024-12-12 16:15:29.716204 sent 2024-12-12 16:15:29.631022
INFO:Message received on topic: type-2/35 with payload size: 91 at 2024-12-12 16:15:32.405085 sent 2024-12-12 16:15:32.242290
INFO:Message received on topic: type-2/35 with payload size: 91 at 2024-12-12 16:15:34.904043 sent 2024-12-12 16:15:34.856415
INFO:Message received on topic: type-2/35 with payload size: 91 at 2024-12-12 16:15:37.588603 sent 2024-12-12 16:15:37.470934
INFO:Message received on topic: type-2/35 with payload size: 91 at 2024-12-12 16:15:40.189071 sent 2024-12-12 16:15:40.082430
INFO:Message received on topic: type-2/35 with payload size: 91 at 2024-12-12 16:15:42.798651 sent 2024-12-12 16:15:42.691589
INFO:Message received on topic: type-2/35 with payload size: 91 at 2024-12-12 16:15:45.413400 sent 2024-12-12 16:15:45.300655
INFO:Message received on topic: type-2/35 with payload size: 91 at 2024-12-12 16:15:48.188088 sent 2024-12-12 16:15:47.910444
INFO:Message received on topic: type-2/35 with payload size: 91 at 2024-12-12 16:15:50.716867 sent 2024-12-12 16:15:50.522401
INFO:Message received on topic: type-2/35 with payload size: 91 at 2024-12-12 16:15:53.212154 sent 2024-12-12 16:15:53.143494
INFO:Message received on topic: type-2/35 with payload size: 91 at 2024-12-12 16:15:56.021529 sent 2024-12-12 16:15:55.748290
INFO:Message received on topic: type-2/35 with payload size: 91 at 2024-12-12 16:15:58.585757 sent 2024-12-12 16:15:58.358474
INFO:Message received on topic: type-2/35 with payload size: 91 at 2024-12-12 16:16:01.079708 sent 2024-12-12 16:16:00.968931
INFO:Message received on topic: type-2/35 with payload size: 91 at 2024-12-12 16:16:03.683953 sent 2024-12-12 16:16:03.578078
INFO:Message received on topic: type-2/35 with payload size: 91 at 2024-12-12 16:16:06.308235 sent 2024-12-12 16:16:06.187024
INFO:Message received on topic: type-2/35 with payload size: 91 at 2024-12-12 16:16:08.908958 sent 2024-12-12 16:16:08.800872
INFO:Message received on topic: type-2/35 with payload size: 91 at 2024-12-12 16:16:11.690040 sent 2024-12-12 16:16:11.412176
INFO:Message received on topic: type-2/35 with payload size: 91 at 2024-12-12 16:16:14.193559 sent 2024-12-12 16:16:14.018939
INFO:Message received on topic: type-2/35 with payload size: 91 at 2024-12-12 16:16:16.700711 sent 2024-12-12 16:16:16.628576
INFO:Message received on topic: type-2/35 with payload size: 91 at 2024-12-12 16:16:19.298809 sent 2024-12-12 16:16:19.236127
INFO:Message received on topic: type-2/35 with payload size: 91 at 2024-12-12 16:16:21.984998 sent 2024-12-12 16:16:21.843944
INFO:Message received on topic: type-2/35 with payload size: 91 at 2024-12-12 16:16:24.599752 sent 2024-12-12 16:16:24.456435
INFO:Message received on topic: type-2/35 with payload size: 91 at 2024-12-12 16:16:27.097846 sent 2024-12-12 16:16:27.062165
INFO:Message received on topic: type-2/35 with payload size: 91 at 2024-12-12 16:16:29.707295 sent 2024-12-12 16:16:29.672963
INFO:Message received on topic: type-2/35 with payload size: 91 at 2024-12-12 16:16:32.383708 sent 2024-12-12 16:16:32.285853
INFO:Message received on topic: type-2/35 with payload size: 91 at 2024-12-12 16:16:35.003998 sent 2024-12-12 16:16:34.895203
INFO:Message received on topic: type-2/35 with payload size: 91 at 2024-12-12 16:16:37.680141 sent 2024-12-12 16:16:37.511184
INFO:Message received on topic: type-2/35 with payload size: 91 at 2024-12-12 16:16:40.198429 sent 2024-12-12 16:16:40.113619
INFO:Message received on topic: type-2/35 with payload size: 91 at 2024-12-12 16:16:42.884487 sent 2024-12-12 16:16:42.725751
INFO:Message received on topic: type-2/35 with payload size: 91 at 2024-12-12 16:16:45.400667 sent 2024-12-12 16:16:45.337136
INFO:Message received on topic: type-2/35 with payload size: 91 at 2024-12-12 16:16:47.990759 sent 2024-12-12 16:16:47.941091
INFO:Message received on topic: type-2/35 with payload size: 91 at 2024-12-12 16:16:50.600605 sent 2024-12-12 16:16:50.549529
INFO:Message received on topic: type-2/35 with payload size: 91 at 2024-12-12 16:16:53.282610 sent 2024-12-12 16:16:53.156531
INFO:Message received on topic: type-2/35 with payload size: 91 at 2024-12-12 16:16:55.816554 sent 2024-12-12 16:16:55.761571
INFO:Message received on topic: type-2/35 with payload size: 91 at 2024-12-12 16:16:58.488070 sent 2024-12-12 16:16:58.371510
INFO:Message received on topic: type-2/35 with payload size: 91 at 2024-12-12 16:17:01.024646 sent 2024-12-12 16:17:00.979671
INFO:Message received on topic: type-2/35 with payload size: 91 at 2024-12-12 16:17:03.686076 sent 2024-12-12 16:17:03.593560
INFO:Message received on topic: type-2/35 with payload size: 91 at 2024-12-12 16:17:06.287832 sent 2024-12-12 16:17:06.212457
INFO:Message received on topic: type-2/35 with payload size: 91 at 2024-12-12 16:17:08.899974 sent 2024-12-12 16:17:08.822830
INFO:Message received on topic: type-2/35 with payload size: 91 at 2024-12-12 16:17:11.495100 sent 2024-12-12 16:17:11.436436
INFO:Message received on topic: type-2/35 with payload size: 91 at 2024-12-12 16:17:14.184076 sent 2024-12-12 16:17:14.045748
INFO:Message received on topic: type-2/35 with payload size: 91 at 2024-12-12 16:17:16.780537 sent 2024-12-12 16:17:16.651893
INFO:Message received on topic: type-2/35 with payload size: 91 at 2024-12-12 16:17:19.304536 sent 2024-12-12 16:17:19.261553
INFO:Message received on topic: type-2/35 with payload size: 91 at 2024-12-12 16:17:21.999945 sent 2024-12-12 16:17:21.870170
INFO:Message received on topic: type-2/35 with payload size: 91 at 2024-12-12 16:17:24.513430 sent 2024-12-12 16:17:24.477806
INFO:Message received on topic: type-2/35 with payload size: 91 at 2024-12-12 16:17:27.203814 sent 2024-12-12 16:17:27.083177
INFO:Message received on topic: type-2/35 with payload size: 91 at 2024-12-12 16:17:29.788434 sent 2024-12-12 16:17:29.700794
INFO:Message received on topic: type-2/35 with payload size: 91 at 2024-12-12 16:17:32.391796 sent 2024-12-12 16:17:32.306123
INFO:Message received on topic: type-2/35 with payload size: 91 at 2024-12-12 16:17:35.020180 sent 2024-12-12 16:17:34.910520
INFO:Message received on topic: type-2/35 with payload size: 91 at 2024-12-12 16:17:37.615006 sent 2024-12-12 16:17:37.514443
INFO:Message received on topic: type-2/35 with payload size: 91 at 2024-12-12 16:17:40.200423 sent 2024-12-12 16:17:40.117285
INFO:Message received on topic: type-2/35 with payload size: 91 at 2024-12-12 16:17:42.803764 sent 2024-12-12 16:17:42.721066
INFO:Message received on topic: type-2/35 with payload size: 91 at 2024-12-12 16:17:45.386187 sent 2024-12-12 16:17:45.324601
INFO:Message received on topic: type-2/35 with payload size: 91 at 2024-12-12 16:17:47.991530 sent 2024-12-12 16:17:47.930815
INFO:Message received on topic: type-2/35 with payload size: 91 at 2024-12-12 16:17:50.592430 sent 2024-12-12 16:17:50.539306
INFO:Message received on topic: type-2/35 with payload size: 91 at 2024-12-12 16:17:53.203571 sent 2024-12-12 16:17:53.142132
INFO:Message received on topic: type-2/35 with payload size: 91 at 2024-12-12 16:17:55.792876 sent 2024-12-12 16:17:55.747887
INFO:Message received on topic: type-2/35 with payload size: 91 at 2024-12-12 16:17:58.411608 sent 2024-12-12 16:17:58.357072
INFO:Message received on topic: type-2/35 with payload size: 91 at 2024-12-12 16:18:01.004054 sent 2024-12-12 16:18:00.966504
INFO:Message received on topic: type-2/35 with payload size: 91 at 2024-12-12 16:18:03.695996 sent 2024-12-12 16:18:03.574623
INFO:Message received on topic: type-2/35 with payload size: 91 at 2024-12-12 16:18:06.288499 sent 2024-12-12 16:18:06.181948
INFO:Message received on topic: type-2/35 with payload size: 91 at 2024-12-12 16:18:08.802264 sent 2024-12-12 16:18:08.785076
INFO:Message received on topic: type-2/35 with payload size: 91 at 2024-12-12 16:18:11.488516 sent 2024-12-12 16:18:11.388561
INFO:Message received on topic: type-2/35 with payload size: 91 at 2024-12-12 16:18:14.009082 sent 2024-12-12 16:18:13.993657
INFO:Message received on topic: type-2/35 with payload size: 91 at 2024-12-12 16:18:16.615788 sent 2024-12-12 16:18:16.601483
INFO:Message received on topic: type-2/35 with payload size: 91 at 2024-12-12 16:18:19.289661 sent 2024-12-12 16:18:19.208271
INFO:Message received on topic: type-2/35 with payload size: 91 at 2024-12-12 16:18:21.893980 sent 2024-12-12 16:18:21.813511
INFO:Message received on topic: type-2/35 with payload size: 91 at 2024-12-12 16:18:24.485171 sent 2024-12-12 16:18:24.416025
INFO:Message received on topic: type-2/35 with payload size: 91 at 2024-12-12 16:18:27.096715 sent 2024-12-12 16:18:27.017388
INFO:Message received on topic: type-2/35 with payload size: 91 at 2024-12-12 16:18:29.690481 sent 2024-12-12 16:18:29.621424
INFO:Message received on topic: type-2/35 with payload size: 91 at 2024-12-12 16:18:32.293382 sent 2024-12-12 16:18:32.226476
INFO:Message received on topic: type-2/35 with payload size: 91 at 2024-12-12 16:18:34.891091 sent 2024-12-12 16:18:34.829779
INFO:Message received on topic: type-2/35 with payload size: 91 at 2024-12-12 16:18:37.497688 sent 2024-12-12 16:18:37.434663
INFO:Message received on topic: type-2/35 with payload size: 91 at 2024-12-12 16:18:40.102107 sent 2024-12-12 16:18:40.038119
INFO:Message received on topic: type-2/35 with payload size: 91 at 2024-12-12 16:18:42.685792 sent 2024-12-12 16:18:42.642037
INFO:Message received on topic: type-2/35 with payload size: 91 at 2024-12-12 16:18:45.299434 sent 2024-12-12 16:18:45.244307
INFO:Message received on topic: type-2/35 with payload size: 91 at 2024-12-12 16:18:47.885050 sent 2024-12-12 16:18:47.849495
INFO:Message received on topic: type-2/35 with payload size: 91 at 2024-12-12 16:18:50.498406 sent 2024-12-12 16:18:50.451611
