INFO:Starting Version 1.0.5
DEBUG:Using selector: EpollSelector
INFO:Connecting to cluster at: mqtt-quic://emqx-headless.dtwins:14567 using QUIC
INFO:Subscribed to topic: type-2/36
INFO:Logging each: 50
INFO:Unhandled packet type received
INFO:Message received on topic: type-2/36 with payload size: 91 at 2024-12-12 16:10:24.723609 sent 2024-12-12 16:10:24.661186
INFO:Message received on topic: type-2/36 with payload size: 91 at 2024-12-12 16:10:27.296351 sent 2024-12-12 16:10:27.268506
INFO:Message received on topic: type-2/36 with payload size: 91 at 2024-12-12 16:10:29.904211 sent 2024-12-12 16:10:29.873672
INFO:Message received on topic: type-2/36 with payload size: 91 at 2024-12-12 16:10:32.602440 sent 2024-12-12 16:10:32.477163
INFO:Message received on topic: type-2/36 with payload size: 91 at 2024-12-12 16:10:35.101657 sent 2024-12-12 16:10:35.083756
INFO:Message received on topic: type-2/36 with payload size: 91 at 2024-12-12 16:10:37.718317 sent 2024-12-12 16:10:37.696379
INFO:Message received on topic: type-2/36 with payload size: 91 at 2024-12-12 16:10:40.329560 sent 2024-12-12 16:10:40.316561
INFO:Message received on topic: type-2/36 with payload size: 91 at 2024-12-12 16:10:42.994305 sent 2024-12-12 16:10:42.925685
INFO:Message received on topic: type-2/36 with payload size: 91 at 2024-12-12 16:10:45.590267 sent 2024-12-12 16:10:45.532047
INFO:Message received on topic: type-2/36 with payload size: 91 at 2024-12-12 16:10:48.210299 sent 2024-12-12 16:10:48.144359
INFO:Message received on topic: type-2/36 with payload size: 91 at 2024-12-12 16:10:50.817472 sent 2024-12-12 16:10:50.761844
INFO:Message received on topic: type-2/36 with payload size: 91 at 2024-12-12 16:10:53.404762 sent 2024-12-12 16:10:53.372610
INFO:Message received on topic: type-2/36 with payload size: 91 at 2024-12-12 16:10:56.007081 sent 2024-12-12 16:10:55.978448
INFO:Message received on topic: type-2/36 with payload size: 91 at 2024-12-12 16:10:58.604726 sent 2024-12-12 16:10:58.593402
INFO:Message received on topic: type-2/36 with payload size: 91 at 2024-12-12 16:11:01.227872 sent 2024-12-12 16:11:01.217747
INFO:Message received on topic: type-2/36 with payload size: 91 at 2024-12-12 16:11:03.904868 sent 2024-12-12 16:11:03.827284
INFO:Message received on topic: type-2/36 with payload size: 91 at 2024-12-12 16:11:06.508666 sent 2024-12-12 16:11:06.434847
INFO:Message received on topic: type-2/36 with payload size: 91 at 2024-12-12 16:11:09.087018 sent 2024-12-12 16:11:09.056841
INFO:Message received on topic: type-2/36 with payload size: 91 at 2024-12-12 16:11:11.697749 sent 2024-12-12 16:11:11.668657
INFO:Message received on topic: type-2/36 with payload size: 91 at 2024-12-12 16:11:14.297281 sent 2024-12-12 16:11:14.278980
INFO:Message received on topic: type-2/36 with payload size: 91 at 2024-12-12 16:11:16.989730 sent 2024-12-12 16:11:16.892603
INFO:Message received on topic: type-2/36 with payload size: 91 at 2024-12-12 16:11:19.596978 sent 2024-12-12 16:11:19.506044
INFO:Message received on topic: type-2/36 with payload size: 91 at 2024-12-12 16:11:22.181439 sent 2024-12-12 16:11:22.118195
INFO:Message received on topic: type-2/36 with payload size: 91 at 2024-12-12 16:11:24.802147 sent 2024-12-12 16:11:24.728017
INFO:Message received on topic: type-2/36 with payload size: 91 at 2024-12-12 16:11:27.402474 sent 2024-12-12 16:11:27.339687
INFO:Message received on topic: type-2/36 with payload size: 91 at 2024-12-12 16:11:30.007858 sent 2024-12-12 16:11:29.949534
INFO:Message received on topic: type-2/36 with payload size: 91 at 2024-12-12 16:11:32.608612 sent 2024-12-12 16:11:32.557557
INFO:Message received on topic: type-2/36 with payload size: 91 at 2024-12-12 16:11:35.220014 sent 2024-12-12 16:11:35.170582
INFO:Message received on topic: type-2/36 with payload size: 91 at 2024-12-12 16:11:37.800829 sent 2024-12-12 16:11:37.779176
INFO:Message received on topic: type-2/36 with payload size: 91 at 2024-12-12 16:11:40.424397 sent 2024-12-12 16:11:40.388649
INFO:Message received on topic: type-2/36 with payload size: 91 at 2024-12-12 16:11:43.082987 sent 2024-12-12 16:11:43.006268
INFO:Message received on topic: type-2/36 with payload size: 91 at 2024-12-12 16:11:45.720059 sent 2024-12-12 16:11:45.614993
INFO:Message received on topic: type-2/36 with payload size: 91 at 2024-12-12 16:11:48.297873 sent 2024-12-12 16:11:48.229126
INFO:Message received on topic: type-2/36 with payload size: 91 at 2024-12-12 16:11:50.901903 sent 2024-12-12 16:11:50.844476
INFO:Message received on topic: type-2/36 with payload size: 91 at 2024-12-12 16:11:53.592219 sent 2024-12-12 16:11:53.458290
INFO:Message received on topic: type-2/36 with payload size: 91 at 2024-12-12 16:11:56.105975 sent 2024-12-12 16:11:56.068010
INFO:Message received on topic: type-2/36 with payload size: 91 at 2024-12-12 16:11:58.702081 sent 2024-12-12 16:11:58.686359
INFO:Message received on topic: type-2/36 with payload size: 91 at 2024-12-12 16:12:01.312464 sent 2024-12-12 16:12:01.300308
INFO:Message received on topic: type-2/36 with payload size: 91 at 2024-12-12 16:12:04.005734 sent 2024-12-12 16:12:03.910702
INFO:Message received on topic: type-2/36 with payload size: 91 at 2024-12-12 16:12:06.588306 sent 2024-12-12 16:12:06.519985
INFO:Message received on topic: type-2/36 with payload size: 91 at 2024-12-12 16:12:09.194063 sent 2024-12-12 16:12:09.128656
INFO:Message received on topic: type-2/36 with payload size: 91 at 2024-12-12 16:12:11.800990 sent 2024-12-12 16:12:11.740167
INFO:Message received on topic: type-2/36 with payload size: 91 at 2024-12-12 16:12:14.396178 sent 2024-12-12 16:12:14.351804
INFO:Message received on topic: type-2/36 with payload size: 91 at 2024-12-12 16:12:17.011736 sent 2024-12-12 16:12:16.957952
INFO:Message received on topic: type-2/36 with payload size: 91 at 2024-12-12 16:12:19.614035 sent 2024-12-12 16:12:19.576312
INFO:Message received on topic: type-2/36 with payload size: 91 at 2024-12-12 16:12:22.215408 sent 2024-12-12 16:12:22.189688
INFO:Message received on topic: type-2/36 with payload size: 91 at 2024-12-12 16:12:24.889121 sent 2024-12-12 16:12:24.804031
INFO:Message received on topic: type-2/36 with payload size: 91 at 2024-12-12 16:12:27.684719 sent 2024-12-12 16:12:27.415344
INFO:Message received on topic: type-2/36 with payload size: 91 at 2024-12-12 16:12:30.110899 sent 2024-12-12 16:12:30.026269
INFO:Message received on topic: type-2/36 with payload size: 91 at 2024-12-12 16:12:32.698808 sent 2024-12-12 16:12:32.637418
INFO:Message received on topic: type-2/36 with payload size: 91 at 2024-12-12 16:12:35.294312 sent 2024-12-12 16:12:35.246686
INFO:Message received on topic: type-2/36 with payload size: 91 at 2024-12-12 16:12:37.994856 sent 2024-12-12 16:12:37.856053
INFO:Message received on topic: type-2/36 with payload size: 91 at 2024-12-12 16:12:40.523233 sent 2024-12-12 16:12:40.462289
INFO:Message received on topic: type-2/36 with payload size: 91 at 2024-12-12 16:12:43.089526 sent 2024-12-12 16:12:43.074772
INFO:Message received on topic: type-2/36 with payload size: 91 at 2024-12-12 16:12:45.699174 sent 2024-12-12 16:12:45.683408
INFO:Message received on topic: type-2/36 with payload size: 91 at 2024-12-12 16:12:48.386121 sent 2024-12-12 16:12:48.288978
INFO:Message received on topic: type-2/36 with payload size: 91 at 2024-12-12 16:12:50.988740 sent 2024-12-12 16:12:50.905917
INFO:Message received on topic: type-2/36 with payload size: 91 at 2024-12-12 16:12:53.792121 sent 2024-12-12 16:12:53.512896
INFO:Message received on topic: type-2/36 with payload size: 91 at 2024-12-12 16:12:56.211244 sent 2024-12-12 16:12:56.125249
INFO:Message received on topic: type-2/36 with payload size: 91 at 2024-12-12 16:12:58.781221 sent 2024-12-12 16:12:58.733274
INFO:Message received on topic: type-2/36 with payload size: 91 at 2024-12-12 16:13:01.391459 sent 2024-12-12 16:13:01.346072
INFO:Message received on topic: type-2/36 with payload size: 91 at 2024-12-12 16:13:04.091978 sent 2024-12-12 16:13:03.959672
INFO:Message received on topic: type-2/36 with payload size: 91 at 2024-12-12 16:13:06.594830 sent 2024-12-12 16:13:06.569549
INFO:Message received on topic: type-2/36 with payload size: 91 at 2024-12-12 16:13:09.271198 sent 2024-12-12 16:13:09.178872
INFO:Message received on topic: type-2/36 with payload size: 91 at 2024-12-12 16:13:11.805442 sent 2024-12-12 16:13:11.796542
INFO:Message received on topic: type-2/36 with payload size: 91 at 2024-12-12 16:13:14.488734 sent 2024-12-12 16:13:14.406609
INFO:Message received on topic: type-2/36 with payload size: 91 at 2024-12-12 16:13:17.100745 sent 2024-12-12 16:13:17.011637
INFO:Message received on topic: type-2/36 with payload size: 91 at 2024-12-12 16:13:19.704969 sent 2024-12-12 16:13:19.619874
INFO:Message received on topic: type-2/36 with payload size: 91 at 2024-12-12 16:13:22.317848 sent 2024-12-12 16:13:22.233409
INFO:Message received on topic: type-2/36 with payload size: 91 at 2024-12-12 16:13:24.913849 sent 2024-12-12 16:13:24.857851
INFO:Message received on topic: type-2/36 with payload size: 91 at 2024-12-12 16:13:27.582029 sent 2024-12-12 16:13:27.464439
INFO:Message received on topic: type-2/36 with payload size: 91 at 2024-12-12 16:13:30.179470 sent 2024-12-12 16:13:30.084407
INFO:Message received on topic: type-2/36 with payload size: 91 at 2024-12-12 16:13:32.783719 sent 2024-12-12 16:13:32.697540
INFO:Message received on topic: type-2/36 with payload size: 91 at 2024-12-12 16:13:35.390239 sent 2024-12-12 16:13:35.309975
INFO:Message received on topic: type-2/36 with payload size: 91 at 2024-12-12 16:13:37.990628 sent 2024-12-12 16:13:37.920456
INFO:Message received on topic: type-2/36 with payload size: 91 at 2024-12-12 16:13:40.592486 sent 2024-12-12 16:13:40.534582
INFO:Message received on topic: type-2/36 with payload size: 91 at 2024-12-12 16:13:43.297908 sent 2024-12-12 16:13:43.147099
INFO:Message received on topic: type-2/36 with payload size: 91 at 2024-12-12 16:13:45.804101 sent 2024-12-12 16:13:45.761802
INFO:Message received on topic: type-2/36 with payload size: 91 at 2024-12-12 16:13:48.396632 sent 2024-12-12 16:13:48.371917
INFO:Message received on topic: type-2/36 with payload size: 91 at 2024-12-12 16:13:51.079614 sent 2024-12-12 16:13:50.986912
INFO:Message received on topic: type-2/36 with payload size: 91 at 2024-12-12 16:13:53.693381 sent 2024-12-12 16:13:53.601054
INFO:Message received on topic: type-2/36 with payload size: 91 at 2024-12-12 16:13:56.320818 sent 2024-12-12 16:13:56.210870
INFO:Message received on topic: type-2/36 with payload size: 91 at 2024-12-12 16:13:58.898604 sent 2024-12-12 16:13:58.822932
INFO:Message received on topic: type-2/36 with payload size: 91 at 2024-12-12 16:14:01.495108 sent 2024-12-12 16:14:01.433613
INFO:Message received on topic: type-2/36 with payload size: 91 at 2024-12-12 16:14:04.128193 sent 2024-12-12 16:14:04.044892
INFO:Message received on topic: type-2/36 with payload size: 91 at 2024-12-12 16:14:06.713691 sent 2024-12-12 16:14:06.650701
INFO:Message received on topic: type-2/36 with payload size: 91 at 2024-12-12 16:14:09.298509 sent 2024-12-12 16:14:09.261735
INFO:Message received on topic: type-2/36 with payload size: 91 at 2024-12-12 16:14:11.912736 sent 2024-12-12 16:14:11.877605
INFO:Message received on topic: type-2/36 with payload size: 91 at 2024-12-12 16:14:14.570776 sent 2024-12-12 16:14:14.493471
INFO:Message received on topic: type-2/36 with payload size: 91 at 2024-12-12 16:14:17.116672 sent 2024-12-12 16:14:17.106206
INFO:Message received on topic: type-2/36 with payload size: 91 at 2024-12-12 16:14:19.789252 sent 2024-12-12 16:14:19.717853
INFO:Message received on topic: type-2/36 with payload size: 91 at 2024-12-12 16:14:22.407205 sent 2024-12-12 16:14:22.326466
INFO:Message received on topic: type-2/36 with payload size: 91 at 2024-12-12 16:14:24.996872 sent 2024-12-12 16:14:24.935153
INFO:Message received on topic: type-2/36 with payload size: 91 at 2024-12-12 16:14:27.592978 sent 2024-12-12 16:14:27.544140
INFO:Message received on topic: type-2/36 with payload size: 91 at 2024-12-12 16:14:30.206398 sent 2024-12-12 16:14:30.156515
INFO:Message received on topic: type-2/36 with payload size: 91 at 2024-12-12 16:14:32.884559 sent 2024-12-12 16:14:32.764301
INFO:Message received on topic: type-2/36 with payload size: 91 at 2024-12-12 16:14:35.413171 sent 2024-12-12 16:14:35.371435
INFO:Message received on topic: type-2/36 with payload size: 91 at 2024-12-12 16:14:38.097716 sent 2024-12-12 16:14:37.981564
INFO:Message received on topic: type-2/36 with payload size: 91 at 2024-12-12 16:14:40.612143 sent 2024-12-12 16:14:40.590509
INFO:Message received on topic: type-2/36 with payload size: 91 at 2024-12-12 16:14:43.219549 sent 2024-12-12 16:14:43.198248
INFO:Message received on topic: type-2/36 with payload size: 91 at 2024-12-12 16:14:45.901975 sent 2024-12-12 16:14:45.817020
INFO:Message received on topic: type-2/36 with payload size: 91 at 2024-12-12 16:14:48.494769 sent 2024-12-12 16:14:48.423942
INFO:Message received on topic: type-2/36 with payload size: 91 at 2024-12-12 16:14:51.106650 sent 2024-12-12 16:14:51.039175
INFO:Message received on topic: type-2/36 with payload size: 91 at 2024-12-12 16:14:53.783229 sent 2024-12-12 16:14:53.654541
INFO:Message received on topic: type-2/36 with payload size: 91 at 2024-12-12 16:14:56.386623 sent 2024-12-12 16:14:56.260645
INFO:Message received on topic: type-2/36 with payload size: 91 at 2024-12-12 16:14:59.083215 sent 2024-12-12 16:14:58.872161
INFO:Message received on topic: type-2/36 with payload size: 91 at 2024-12-12 16:15:01.594744 sent 2024-12-12 16:15:01.491555
INFO:Message received on topic: type-2/36 with payload size: 91 at 2024-12-12 16:15:04.188366 sent 2024-12-12 16:15:04.083596
INFO:Message received on topic: type-2/36 with payload size: 91 at 2024-12-12 16:15:06.703727 sent 2024-12-12 16:15:06.670501
INFO:Message received on topic: type-2/36 with payload size: 91 at 2024-12-12 16:15:09.492201 sent 2024-12-12 16:15:09.261255
INFO:Message received on topic: type-2/36 with payload size: 91 at 2024-12-12 16:15:11.996085 sent 2024-12-12 16:15:11.846872
INFO:Message received on topic: type-2/36 with payload size: 91 at 2024-12-12 16:15:14.594845 sent 2024-12-12 16:15:14.459091
INFO:Message received on topic: type-2/36 with payload size: 91 at 2024-12-12 16:15:17.184641 sent 2024-12-12 16:15:17.064499
INFO:Message received on topic: type-2/36 with payload size: 91 at 2024-12-12 16:15:19.788282 sent 2024-12-12 16:15:19.671005
INFO:Message received on topic: type-2/36 with payload size: 91 at 2024-12-12 16:15:22.380828 sent 2024-12-12 16:15:22.282548
INFO:Message received on topic: type-2/36 with payload size: 91 at 2024-12-12 16:15:25.010636 sent 2024-12-12 16:15:24.901271
INFO:Message received on topic: type-2/36 with payload size: 91 at 2024-12-12 16:15:27.623537 sent 2024-12-12 16:15:27.508672
INFO:Message received on topic: type-2/36 with payload size: 91 at 2024-12-12 16:15:30.385582 sent 2024-12-12 16:15:30.125088
INFO:Message received on topic: type-2/36 with payload size: 91 at 2024-12-12 16:15:32.878185 sent 2024-12-12 16:15:32.741711
INFO:Message received on topic: type-2/36 with payload size: 91 at 2024-12-12 16:15:35.492480 sent 2024-12-12 16:15:35.355993
INFO:Message received on topic: type-2/36 with payload size: 91 at 2024-12-12 16:15:38.093434 sent 2024-12-12 16:15:37.965440
INFO:Message received on topic: type-2/36 with payload size: 91 at 2024-12-12 16:15:40.620829 sent 2024-12-12 16:15:40.572167
INFO:Message received on topic: type-2/36 with payload size: 91 at 2024-12-12 16:15:43.284745 sent 2024-12-12 16:15:43.181258
INFO:Message received on topic: type-2/36 with payload size: 91 at 2024-12-12 16:15:45.889224 sent 2024-12-12 16:15:45.795393
INFO:Message received on topic: type-2/36 with payload size: 91 at 2024-12-12 16:15:48.596689 sent 2024-12-12 16:15:48.403559
INFO:Message received on topic: type-2/36 with payload size: 91 at 2024-12-12 16:15:51.105462 sent 2024-12-12 16:15:51.016738
INFO:Message received on topic: type-2/36 with payload size: 91 at 2024-12-12 16:15:53.710146 sent 2024-12-12 16:15:53.624594
INFO:Message received on topic: type-2/36 with payload size: 91 at 2024-12-12 16:15:56.419074 sent 2024-12-12 16:15:56.234423
INFO:Message received on topic: type-2/36 with payload size: 91 at 2024-12-12 16:15:58.986035 sent 2024-12-12 16:15:58.852027
INFO:Message received on topic: type-2/36 with payload size: 91 at 2024-12-12 16:16:01.592701 sent 2024-12-12 16:16:01.461938
INFO:Message received on topic: type-2/36 with payload size: 91 at 2024-12-12 16:16:04.173514 sent 2024-12-12 16:16:04.075689
INFO:Message received on topic: type-2/36 with payload size: 91 at 2024-12-12 16:16:06.782122 sent 2024-12-12 16:16:06.682553
INFO:Message received on topic: type-2/36 with payload size: 91 at 2024-12-12 16:16:09.402696 sent 2024-12-12 16:16:09.300411
INFO:Message received on topic: type-2/36 with payload size: 91 at 2024-12-12 16:16:12.191419 sent 2024-12-12 16:16:11.909101
INFO:Message received on topic: type-2/36 with payload size: 91 at 2024-12-12 16:16:14.597807 sent 2024-12-12 16:16:14.518894
INFO:Message received on topic: type-2/36 with payload size: 91 at 2024-12-12 16:16:17.202016 sent 2024-12-12 16:16:17.127714
INFO:Message received on topic: type-2/36 with payload size: 91 at 2024-12-12 16:16:19.798741 sent 2024-12-12 16:16:19.735849
INFO:Message received on topic: type-2/36 with payload size: 91 at 2024-12-12 16:16:22.397770 sent 2024-12-12 16:16:22.348371
INFO:Message received on topic: type-2/36 with payload size: 91 at 2024-12-12 16:16:25.007678 sent 2024-12-12 16:16:24.960901
INFO:Message received on topic: type-2/36 with payload size: 91 at 2024-12-12 16:16:27.702073 sent 2024-12-12 16:16:27.568673
INFO:Message received on topic: type-2/36 with payload size: 91 at 2024-12-12 16:16:30.287662 sent 2024-12-12 16:16:30.178668
INFO:Message received on topic: type-2/36 with payload size: 91 at 2024-12-12 16:16:32.885316 sent 2024-12-12 16:16:32.793806
INFO:Message received on topic: type-2/36 with payload size: 91 at 2024-12-12 16:16:35.495919 sent 2024-12-12 16:16:35.406960
INFO:Message received on topic: type-2/36 with payload size: 91 at 2024-12-12 16:16:38.094083 sent 2024-12-12 16:16:38.022202
INFO:Message received on topic: type-2/36 with payload size: 91 at 2024-12-12 16:16:40.699267 sent 2024-12-12 16:16:40.621876
INFO:Message received on topic: type-2/36 with payload size: 91 at 2024-12-12 16:16:43.289946 sent 2024-12-12 16:16:43.231196
INFO:Message received on topic: type-2/36 with payload size: 91 at 2024-12-12 16:16:45.990748 sent 2024-12-12 16:16:45.844945
INFO:Message received on topic: type-2/36 with payload size: 91 at 2024-12-12 16:16:48.512427 sent 2024-12-12 16:16:48.453495
INFO:Message received on topic: type-2/36 with payload size: 91 at 2024-12-12 16:16:51.182905 sent 2024-12-12 16:16:51.062619
INFO:Message received on topic: type-2/36 with payload size: 91 at 2024-12-12 16:16:53.896650 sent 2024-12-12 16:16:53.674143
INFO:Message received on topic: type-2/36 with payload size: 91 at 2024-12-12 16:16:56.313866 sent 2024-12-12 16:16:56.277651
INFO:Message received on topic: type-2/36 with payload size: 91 at 2024-12-12 16:16:58.988844 sent 2024-12-12 16:16:58.887436
INFO:Message received on topic: type-2/36 with payload size: 91 at 2024-12-12 16:17:01.601794 sent 2024-12-12 16:17:01.500056
INFO:Message received on topic: type-2/36 with payload size: 91 at 2024-12-12 16:17:04.209562 sent 2024-12-12 16:17:04.111291
INFO:Message received on topic: type-2/36 with payload size: 91 at 2024-12-12 16:17:06.804538 sent 2024-12-12 16:17:06.727455
INFO:Message received on topic: type-2/36 with payload size: 91 at 2024-12-12 16:17:09.400166 sent 2024-12-12 16:17:09.338449
INFO:Message received on topic: type-2/36 with payload size: 91 at 2024-12-12 16:17:12.079684 sent 2024-12-12 16:17:11.952058
INFO:Message received on topic: type-2/36 with payload size: 91 at 2024-12-12 16:17:14.698678 sent 2024-12-12 16:17:14.561441
INFO:Message received on topic: type-2/36 with payload size: 91 at 2024-12-12 16:17:17.222069 sent 2024-12-12 16:17:17.169796
INFO:Message received on topic: type-2/36 with payload size: 91 at 2024-12-12 16:17:19.890792 sent 2024-12-12 16:17:19.781623
INFO:Message received on topic: type-2/36 with payload size: 91 at 2024-12-12 16:17:22.486797 sent 2024-12-12 16:17:22.392225
INFO:Message received on topic: type-2/36 with payload size: 91 at 2024-12-12 16:17:25.078537 sent 2024-12-12 16:17:25.003541
INFO:Message received on topic: type-2/36 with payload size: 91 at 2024-12-12 16:17:27.684826 sent 2024-12-12 16:17:27.609706
INFO:Message received on topic: type-2/36 with payload size: 91 at 2024-12-12 16:17:30.380767 sent 2024-12-12 16:17:30.218628
INFO:Message received on topic: type-2/36 with payload size: 91 at 2024-12-12 16:17:32.898875 sent 2024-12-12 16:17:32.831567
INFO:Message received on topic: type-2/36 with payload size: 91 at 2024-12-12 16:17:35.514829 sent 2024-12-12 16:17:35.437197
INFO:Message received on topic: type-2/36 with payload size: 91 at 2024-12-12 16:17:38.117092 sent 2024-12-12 16:17:38.042954
INFO:Message received on topic: type-2/36 with payload size: 91 at 2024-12-12 16:17:40.690203 sent 2024-12-12 16:17:40.650859
INFO:Message received on topic: type-2/36 with payload size: 91 at 2024-12-12 16:17:43.304685 sent 2024-12-12 16:17:43.261251
INFO:Message received on topic: type-2/36 with payload size: 91 at 2024-12-12 16:17:45.983929 sent 2024-12-12 16:17:45.867620
INFO:Message received on topic: type-2/36 with payload size: 91 at 2024-12-12 16:17:48.501514 sent 2024-12-12 16:17:48.474722
INFO:Message received on topic: type-2/36 with payload size: 91 at 2024-12-12 16:17:51.104074 sent 2024-12-12 16:17:51.080996
INFO:Message received on topic: type-2/36 with payload size: 91 at 2024-12-12 16:17:53.707709 sent 2024-12-12 16:17:53.687522
INFO:Message received on topic: type-2/36 with payload size: 91 at 2024-12-12 16:17:56.304716 sent 2024-12-12 16:17:56.290048
INFO:Message received on topic: type-2/36 with payload size: 91 at 2024-12-12 16:17:58.983513 sent 2024-12-12 16:17:58.895650
INFO:Message received on topic: type-2/36 with payload size: 91 at 2024-12-12 16:18:01.580919 sent 2024-12-12 16:18:01.504681
INFO:Message received on topic: type-2/36 with payload size: 91 at 2024-12-12 16:18:04.203430 sent 2024-12-12 16:18:04.112394
INFO:Message received on topic: type-2/36 with payload size: 91 at 2024-12-12 16:18:06.788415 sent 2024-12-12 16:18:06.716450
INFO:Message received on topic: type-2/36 with payload size: 91 at 2024-12-12 16:18:09.390853 sent 2024-12-12 16:18:09.321788
INFO:Message received on topic: type-2/36 with payload size: 91 at 2024-12-12 16:18:12.000419 sent 2024-12-12 16:18:11.930277
INFO:Message received on topic: type-2/36 with payload size: 91 at 2024-12-12 16:18:14.592195 sent 2024-12-12 16:18:14.536500
INFO:Message received on topic: type-2/36 with payload size: 91 at 2024-12-12 16:18:17.195903 sent 2024-12-12 16:18:17.141648
INFO:Message received on topic: type-2/36 with payload size: 91 at 2024-12-12 16:18:19.792453 sent 2024-12-12 16:18:19.746364
INFO:Message received on topic: type-2/36 with payload size: 91 at 2024-12-12 16:18:22.414306 sent 2024-12-12 16:18:22.350203
INFO:Message received on topic: type-2/36 with payload size: 91 at 2024-12-12 16:18:24.996116 sent 2024-12-12 16:18:24.954235
INFO:Message received on topic: type-2/36 with payload size: 91 at 2024-12-12 16:18:27.600704 sent 2024-12-12 16:18:27.557533
INFO:Message received on topic: type-2/36 with payload size: 91 at 2024-12-12 16:18:30.186629 sent 2024-12-12 16:18:30.162501
INFO:Message received on topic: type-2/36 with payload size: 91 at 2024-12-12 16:18:32.792404 sent 2024-12-12 16:18:32.766112
INFO:Message received on topic: type-2/36 with payload size: 91 at 2024-12-12 16:18:35.591434 sent 2024-12-12 16:18:35.369396
INFO:Message received on topic: type-2/36 with payload size: 91 at 2024-12-12 16:18:38.013757 sent 2024-12-12 16:18:37.971788
INFO:Message received on topic: type-2/36 with payload size: 91 at 2024-12-12 16:18:40.601002 sent 2024-12-12 16:18:40.573630
INFO:Message received on topic: type-2/36 with payload size: 91 at 2024-12-12 16:18:43.223231 sent 2024-12-12 16:18:43.177290
INFO:Message received on topic: type-2/36 with payload size: 91 at 2024-12-12 16:18:45.796785 sent 2024-12-12 16:18:45.784458
INFO:Message received on topic: type-2/36 with payload size: 91 at 2024-12-12 16:18:48.409981 sent 2024-12-12 16:18:48.389451
INFO:Message received on topic: type-2/36 with payload size: 91 at 2024-12-12 16:18:51.003006 sent 2024-12-12 16:18:50.993612
INFO:Message received on topic: type-2/36 with payload size: 91 at 2024-12-12 16:18:53.608468 sent 2024-12-12 16:18:53.596946
