INFO:Starting Version 1.0.5
DEBUG:Using selector: EpollSelector
INFO:Connecting to cluster at: mqtt-quic://emqx-headless.dtwins:14567 using QUIC
INFO:Subscribed to topic: type-3/0
INFO:Subscribed to topic: type-3/1
INFO:Subscribed to topic: type-3/2
INFO:Subscribed to topic: type-3/3
INFO:Subscribed to topic: type-3/4
INFO:Subscribed to topic: type-3/5
INFO:Subscribed to topic: type-3/6
INFO:Subscribed to topic: type-3/7
INFO:Subscribed to topic: type-3/8
INFO:Subscribed to topic: type-3/9
INFO:Logging each: 100
INFO:Unhandled packet type received
INFO:Message received on topic: type-3/1 with payload size: 124 at 2024-12-19 17:55:55.298968 sent 2024-12-19 17:55:55.293430
INFO:Message received on topic: type-3/2 with payload size: 136 at 2024-12-19 17:55:58.613906 sent 2024-12-19 17:55:58.610821
INFO:Message received on topic: type-3/1 with payload size: 112 at 2024-12-19 17:56:01.171605 sent 2024-12-19 17:56:01.168159
INFO:Message received on topic: type-3/2 with payload size: 92 at 2024-12-19 17:56:03.276025 sent 2024-12-19 17:56:03.272504
INFO:Message received on topic: type-3/5 with payload size: 135 at 2024-12-19 17:56:05.191206 sent 2024-12-19 17:56:05.188006
INFO:Message received on topic: type-3/1 with payload size: 107 at 2024-12-19 17:56:06.848820 sent 2024-12-19 17:56:06.842020
INFO:Message received on topic: type-3/3 with payload size: 140 at 2024-12-19 17:56:08.342683 sent 2024-12-19 17:56:08.341077
INFO:Message received on topic: type-3/5 with payload size: 103 at 2024-12-19 17:56:09.853038 sent 2024-12-19 17:56:09.850011
INFO:Message received on topic: type-3/2 with payload size: 101 at 2024-12-19 17:56:11.175698 sent 2024-12-19 17:56:11.172644
INFO:Message received on topic: type-3/6 with payload size: 118 at 2024-12-19 17:56:12.468573 sent 2024-12-19 17:56:12.465341
INFO:Message received on topic: type-3/5 with payload size: 104 at 2024-12-19 17:56:13.708760 sent 2024-12-19 17:56:13.703472
INFO:Message received on topic: type-3/4 with payload size: 118 at 2024-12-19 17:56:14.828222 sent 2024-12-19 17:56:14.823570
INFO:Message received on topic: type-3/0 with payload size: 125 at 2024-12-19 17:56:15.948015 sent 2024-12-19 17:56:15.945510
INFO:Message received on topic: type-3/2 with payload size: 133 at 2024-12-19 17:56:17.058308 sent 2024-12-19 17:56:17.054806
INFO:Message received on topic: type-3/5 with payload size: 114 at 2024-12-19 17:56:18.067897 sent 2024-12-19 17:56:18.064865
INFO:Message received on topic: type-3/3 with payload size: 109 at 2024-12-19 17:56:19.085507 sent 2024-12-19 17:56:19.082167
INFO:Message received on topic: type-3/4 with payload size: 105 at 2024-12-19 17:56:20.098697 sent 2024-12-19 17:56:20.094810
INFO:Message received on topic: type-3/0 with payload size: 151 at 2024-12-19 17:56:21.119437 sent 2024-12-19 17:56:21.116446
INFO:Message received on topic: type-3/9 with payload size: 148 at 2024-12-19 17:56:22.141187 sent 2024-12-19 17:56:22.137807
INFO:Message received on topic: type-3/1 with payload size: 92 at 2024-12-19 17:56:23.159194 sent 2024-12-19 17:56:23.155818
INFO:Message received on topic: type-3/8 with payload size: 94 at 2024-12-19 17:56:24.215161 sent 2024-12-19 17:56:24.212333
INFO:Message received on topic: type-3/6 with payload size: 155 at 2024-12-19 17:56:25.236806 sent 2024-12-19 17:56:25.233913
INFO:Message received on topic: type-3/7 with payload size: 136 at 2024-12-19 17:56:26.280664 sent 2024-12-19 17:56:26.277418
INFO:Message received on topic: type-3/2 with payload size: 144 at 2024-12-19 17:56:27.294328 sent 2024-12-19 17:56:27.292651
INFO:Message received on topic: type-3/3 with payload size: 100 at 2024-12-19 17:56:28.307349 sent 2024-12-19 17:56:28.305805
INFO:Message received on topic: type-3/5 with payload size: 102 at 2024-12-19 17:56:29.324362 sent 2024-12-19 17:56:29.321104
INFO:Message received on topic: type-3/4 with payload size: 111 at 2024-12-19 17:56:30.342107 sent 2024-12-19 17:56:30.338153
INFO:Message received on topic: type-3/9 with payload size: 117 at 2024-12-19 17:56:31.354175 sent 2024-12-19 17:56:31.351500
INFO:Message received on topic: type-3/0 with payload size: 114 at 2024-12-19 17:56:32.371988 sent 2024-12-19 17:56:32.368999
INFO:Message received on topic: type-3/1 with payload size: 94 at 2024-12-19 17:56:33.387304 sent 2024-12-19 17:56:33.384298
INFO:Message received on topic: type-3/8 with payload size: 107 at 2024-12-19 17:56:34.448430 sent 2024-12-19 17:56:34.445654
INFO:Message received on topic: type-3/6 with payload size: 131 at 2024-12-19 17:56:35.464490 sent 2024-12-19 17:56:35.461598
INFO:Message received on topic: type-3/7 with payload size: 102 at 2024-12-19 17:56:36.509425 sent 2024-12-19 17:56:36.506221
INFO:Message received on topic: type-3/2 with payload size: 125 at 2024-12-19 17:56:37.522981 sent 2024-12-19 17:56:37.521067
INFO:Message received on topic: type-3/3 with payload size: 146 at 2024-12-19 17:56:38.542295 sent 2024-12-19 17:56:38.539110
INFO:Message received on topic: type-3/5 with payload size: 140 at 2024-12-19 17:56:39.555074 sent 2024-12-19 17:56:39.553589
INFO:Message received on topic: type-3/9 with payload size: 121 at 2024-12-19 17:56:40.575224 sent 2024-12-19 17:56:40.571991
INFO:Message received on topic: type-3/4 with payload size: 131 at 2024-12-19 17:56:41.595011 sent 2024-12-19 17:56:41.592008
INFO:Message received on topic: type-3/0 with payload size: 110 at 2024-12-19 17:56:42.611701 sent 2024-12-19 17:56:42.608336
INFO:Message received on topic: type-3/1 with payload size: 117 at 2024-12-19 17:56:43.633173 sent 2024-12-19 17:56:43.630034
INFO:Message received on topic: type-3/8 with payload size: 147 at 2024-12-19 17:56:44.683804 sent 2024-12-19 17:56:44.681010
INFO:Message received on topic: type-3/6 with payload size: 92 at 2024-12-19 17:56:45.706982 sent 2024-12-19 17:56:45.703966
INFO:Message received on topic: type-3/7 with payload size: 134 at 2024-12-19 17:56:46.755614 sent 2024-12-19 17:56:46.752214
INFO:Message received on topic: type-3/5 with payload size: 127 at 2024-12-19 17:56:47.777325 sent 2024-12-19 17:56:47.770699
INFO:Message received on topic: type-3/9 with payload size: 135 at 2024-12-19 17:56:48.793055 sent 2024-12-19 17:56:48.788805
INFO:Message received on topic: type-3/5 with payload size: 121 at 2024-12-19 17:56:49.807332 sent 2024-12-19 17:56:49.803983
INFO:Message received on topic: type-3/4 with payload size: 120 at 2024-12-19 17:56:50.821180 sent 2024-12-19 17:56:50.819450
INFO:Message received on topic: type-3/0 with payload size: 150 at 2024-12-19 17:56:51.836500 sent 2024-12-19 17:56:51.833619
INFO:Message received on topic: type-3/1 with payload size: 155 at 2024-12-19 17:56:52.854612 sent 2024-12-19 17:56:52.851460
INFO:Message received on topic: type-3/3 with payload size: 135 at 2024-12-19 17:56:53.874438 sent 2024-12-19 17:56:53.871641
INFO:Message received on topic: type-3/8 with payload size: 95 at 2024-12-19 17:56:54.917214 sent 2024-12-19 17:56:54.914199
INFO:Message received on topic: type-3/6 with payload size: 131 at 2024-12-19 17:56:55.958980 sent 2024-12-19 17:56:55.956367
INFO:Message received on topic: type-3/7 with payload size: 125 at 2024-12-19 17:56:56.994156 sent 2024-12-19 17:56:56.990361
INFO:Message received on topic: type-3/5 with payload size: 117 at 2024-12-19 17:56:58.016352 sent 2024-12-19 17:56:58.013023
INFO:Message received on topic: type-3/9 with payload size: 103 at 2024-12-19 17:56:59.023930 sent 2024-12-19 17:56:59.021086
INFO:Message received on topic: type-3/5 with payload size: 131 at 2024-12-19 17:57:00.039934 sent 2024-12-19 17:57:00.036527
INFO:Message received on topic: type-3/4 with payload size: 92 at 2024-12-19 17:57:01.057030 sent 2024-12-19 17:57:01.053905
INFO:Message received on topic: type-3/1 with payload size: 149 at 2024-12-19 17:57:02.072770 sent 2024-12-19 17:57:02.069887
INFO:Message received on topic: type-3/0 with payload size: 140 at 2024-12-19 17:57:03.091900 sent 2024-12-19 17:57:03.089112
INFO:Message received on topic: type-3/3 with payload size: 121 at 2024-12-19 17:57:04.122733 sent 2024-12-19 17:57:04.119027
INFO:Message received on topic: type-3/8 with payload size: 142 at 2024-12-19 17:57:05.153415 sent 2024-12-19 17:57:05.149655
INFO:Message received on topic: type-3/6 with payload size: 146 at 2024-12-19 17:57:06.197488 sent 2024-12-19 17:57:06.193438
INFO:Message received on topic: type-3/7 with payload size: 130 at 2024-12-19 17:57:07.221631 sent 2024-12-19 17:57:07.219625
INFO:Message received on topic: type-3/2 with payload size: 148 at 2024-12-19 17:57:08.264722 sent 2024-12-19 17:57:08.254008
INFO:Message received on topic: type-3/5 with payload size: 139 at 2024-12-19 17:57:09.274894 sent 2024-12-19 17:57:09.272997
INFO:Message received on topic: type-3/4 with payload size: 129 at 2024-12-19 17:57:10.292964 sent 2024-12-19 17:57:10.290912
INFO:Message received on topic: type-3/1 with payload size: 131 at 2024-12-19 17:57:11.310411 sent 2024-12-19 17:57:11.307337
INFO:Message received on topic: type-3/2 with payload size: 109 at 2024-12-19 17:57:12.329181 sent 2024-12-19 17:57:12.326753
INFO:Message received on topic: type-3/0 with payload size: 143 at 2024-12-19 17:57:13.346423 sent 2024-12-19 17:57:13.344766
INFO:Message received on topic: type-3/3 with payload size: 128 at 2024-12-19 17:57:14.366510 sent 2024-12-19 17:57:14.361928
INFO:Message received on topic: type-3/8 with payload size: 154 at 2024-12-19 17:57:15.399310 sent 2024-12-19 17:57:15.397873
INFO:Message received on topic: type-3/6 with payload size: 124 at 2024-12-19 17:57:16.445050 sent 2024-12-19 17:57:16.443312
INFO:Message received on topic: type-3/9 with payload size: 142 at 2024-12-19 17:57:17.479479 sent 2024-12-19 17:57:17.475792
INFO:Message received on topic: type-3/7 with payload size: 113 at 2024-12-19 17:57:18.495004 sent 2024-12-19 17:57:18.491752
INFO:Message received on topic: type-3/5 with payload size: 111 at 2024-12-19 17:57:19.516342 sent 2024-12-19 17:57:19.511177
INFO:Message received on topic: type-3/7 with payload size: 108 at 2024-12-19 17:57:20.532057 sent 2024-12-19 17:57:20.528215
INFO:Message received on topic: type-3/1 with payload size: 145 at 2024-12-19 17:57:21.547478 sent 2024-12-19 17:57:21.544360
INFO:Message received on topic: type-3/2 with payload size: 127 at 2024-12-19 17:57:22.568475 sent 2024-12-19 17:57:22.566588
INFO:Message received on topic: type-3/0 with payload size: 143 at 2024-12-19 17:57:23.593599 sent 2024-12-19 17:57:23.589636
INFO:Message received on topic: type-3/3 with payload size: 104 at 2024-12-19 17:57:24.609369 sent 2024-12-19 17:57:24.606511
INFO:Message received on topic: type-3/8 with payload size: 132 at 2024-12-19 17:57:25.677831 sent 2024-12-19 17:57:25.672680
INFO:Message received on topic: type-3/6 with payload size: 114 at 2024-12-19 17:57:26.703088 sent 2024-12-19 17:57:26.699574
INFO:Message received on topic: type-3/9 with payload size: 123 at 2024-12-19 17:57:27.744789 sent 2024-12-19 17:57:27.725396
INFO:Message received on topic: type-3/9 with payload size: 94 at 2024-12-19 17:57:28.744656 sent 2024-12-19 17:57:28.740835
INFO:Message received on topic: type-3/4 with payload size: 154 at 2024-12-19 17:57:29.763528 sent 2024-12-19 17:57:29.760583
INFO:Message received on topic: type-3/4 with payload size: 154 at 2024-12-19 17:57:30.782751 sent 2024-12-19 17:57:30.779623
INFO:Message received on topic: type-3/7 with payload size: 125 at 2024-12-19 17:57:31.803995 sent 2024-12-19 17:57:31.800537
INFO:Message received on topic: type-3/2 with payload size: 147 at 2024-12-19 17:57:32.835598 sent 2024-12-19 17:57:32.832481
INFO:Message received on topic: type-3/0 with payload size: 137 at 2024-12-19 17:57:33.852587 sent 2024-12-19 17:57:33.849063
INFO:Message received on topic: type-3/3 with payload size: 131 at 2024-12-19 17:57:34.875296 sent 2024-12-19 17:57:34.871892
INFO:Message received on topic: type-3/8 with payload size: 91 at 2024-12-19 17:57:35.923697 sent 2024-12-19 17:57:35.918881
INFO:Message received on topic: type-3/6 with payload size: 143 at 2024-12-19 17:57:36.953463 sent 2024-12-19 17:57:36.951439
INFO:Message received on topic: type-3/9 with payload size: 100 at 2024-12-19 17:57:37.979500 sent 2024-12-19 17:57:37.975309
INFO:Message received on topic: type-3/5 with payload size: 100 at 2024-12-19 17:57:39.005519 sent 2024-12-19 17:57:39.002143
INFO:Message received on topic: type-3/7 with payload size: 154 at 2024-12-19 17:57:40.032796 sent 2024-12-19 17:57:40.030188
INFO:Message received on topic: type-3/1 with payload size: 136 at 2024-12-19 17:57:41.053417 sent 2024-12-19 17:57:41.050127
INFO:Message received on topic: type-3/1 with payload size: 143 at 2024-12-19 17:57:42.078905 sent 2024-12-19 17:57:42.075392
INFO:Message received on topic: type-3/3 with payload size: 126 at 2024-12-19 17:57:43.107264 sent 2024-12-19 17:57:43.103485
INFO:Message received on topic: type-3/2 with payload size: 98 at 2024-12-19 17:57:44.120633 sent 2024-12-19 17:57:44.117690
INFO:Message received on topic: type-3/4 with payload size: 150 at 2024-12-19 17:57:45.149022 sent 2024-12-19 17:57:45.141980
INFO:Message received on topic: type-3/8 with payload size: 94 at 2024-12-19 17:57:46.187207 sent 2024-12-19 17:57:46.184305
INFO:Message received on topic: type-3/6 with payload size: 131 at 2024-12-19 17:57:47.224506 sent 2024-12-19 17:57:47.222578
INFO:Message received on topic: type-3/9 with payload size: 135 at 2024-12-19 17:57:48.265781 sent 2024-12-19 17:57:48.233645
INFO:Message received on topic: type-3/7 with payload size: 101 at 2024-12-19 17:57:49.263315 sent 2024-12-19 17:57:49.257577
INFO:Message received on topic: type-3/0 with payload size: 145 at 2024-12-19 17:57:50.302661 sent 2024-12-19 17:57:50.299351
INFO:Message received on topic: type-3/0 with payload size: 94 at 2024-12-19 17:57:51.323660 sent 2024-12-19 17:57:51.312225
INFO:Message received on topic: type-3/3 with payload size: 115 at 2024-12-19 17:57:52.354101 sent 2024-12-19 17:57:52.350494
INFO:Message received on topic: type-3/2 with payload size: 124 at 2024-12-19 17:57:53.382648 sent 2024-12-19 17:57:53.378658
INFO:Message received on topic: type-3/8 with payload size: 149 at 2024-12-19 17:57:54.415942 sent 2024-12-19 17:57:54.412502
INFO:Message received on topic: type-3/8 with payload size: 147 at 2024-12-19 17:57:55.432532 sent 2024-12-19 17:57:55.428893
INFO:Message received on topic: type-3/4 with payload size: 98 at 2024-12-19 17:57:56.461471 sent 2024-12-19 17:57:56.458812
INFO:Message received on topic: type-3/5 with payload size: 106 at 2024-12-19 17:57:57.515070 sent 2024-12-19 17:57:57.491033
INFO:Message received on topic: type-3/6 with payload size: 117 at 2024-12-19 17:57:58.509385 sent 2024-12-19 17:57:58.507517
INFO:Message received on topic: type-3/7 with payload size: 141 at 2024-12-19 17:57:59.536674 sent 2024-12-19 17:57:59.533968
INFO:Message received on topic: type-3/9 with payload size: 119 at 2024-12-19 17:58:00.557423 sent 2024-12-19 17:58:00.553450
INFO:Message received on topic: type-3/0 with payload size: 105 at 2024-12-19 17:58:01.602689 sent 2024-12-19 17:58:01.579025
INFO:Message received on topic: type-3/3 with payload size: 151 at 2024-12-19 17:58:02.618935 sent 2024-12-19 17:58:02.615115
INFO:Message received on topic: type-3/3 with payload size: 134 at 2024-12-19 17:58:03.634945 sent 2024-12-19 17:58:03.632043
INFO:Message received on topic: type-3/1 with payload size: 129 at 2024-12-19 17:58:04.661642 sent 2024-12-19 17:58:04.654937
INFO:Message received on topic: type-3/8 with payload size: 120 at 2024-12-19 17:58:05.685949 sent 2024-12-19 17:58:05.683018
INFO:Message received on topic: type-3/4 with payload size: 126 at 2024-12-19 17:58:06.710688 sent 2024-12-19 17:58:06.707690
INFO:Message received on topic: type-3/5 with payload size: 102 at 2024-12-19 17:58:07.747454 sent 2024-12-19 17:58:07.735692
INFO:Message received on topic: type-3/6 with payload size: 133 at 2024-12-19 17:58:08.764178 sent 2024-12-19 17:58:08.760343
INFO:Message received on topic: type-3/7 with payload size: 115 at 2024-12-19 17:58:09.782347 sent 2024-12-19 17:58:09.779190
INFO:Message received on topic: type-3/0 with payload size: 93 at 2024-12-19 17:58:10.812711 sent 2024-12-19 17:58:10.809858
INFO:Message received on topic: type-3/0 with payload size: 132 at 2024-12-19 17:58:11.825598 sent 2024-12-19 17:58:11.822702
INFO:Message received on topic: type-3/3 with payload size: 111 at 2024-12-19 17:58:12.864294 sent 2024-12-19 17:58:12.860602
INFO:Message received on topic: type-3/1 with payload size: 116 at 2024-12-19 17:58:13.888788 sent 2024-12-19 17:58:13.885191
INFO:Message received on topic: type-3/8 with payload size: 131 at 2024-12-19 17:58:14.915285 sent 2024-12-19 17:58:14.912096
INFO:Message received on topic: type-3/8 with payload size: 106 at 2024-12-19 17:58:15.949101 sent 2024-12-19 17:58:15.932463
INFO:Message received on topic: type-3/4 with payload size: 124 at 2024-12-19 17:58:16.965542 sent 2024-12-19 17:58:16.961828
INFO:Message received on topic: type-3/5 with payload size: 150 at 2024-12-19 17:58:17.988403 sent 2024-12-19 17:58:17.986124
INFO:Message received on topic: type-3/6 with payload size: 96 at 2024-12-19 17:58:19.011977 sent 2024-12-19 17:58:19.008589
INFO:Message received on topic: type-3/7 with payload size: 135 at 2024-12-19 17:58:20.047177 sent 2024-12-19 17:58:20.033618
INFO:Message received on topic: type-3/9 with payload size: 144 at 2024-12-19 17:58:21.058602 sent 2024-12-19 17:58:21.054170
INFO:Message received on topic: type-3/0 with payload size: 111 at 2024-12-19 17:58:22.077978 sent 2024-12-19 17:58:22.074327
INFO:Message received on topic: type-3/9 with payload size: 133 at 2024-12-19 17:58:23.119188 sent 2024-12-19 17:58:23.085628
INFO:Message received on topic: type-3/2 with payload size: 93 at 2024-12-19 17:58:24.137183 sent 2024-12-19 17:58:24.134372
INFO:Message received on topic: type-3/1 with payload size: 154 at 2024-12-19 17:58:25.157265 sent 2024-12-19 17:58:25.154137
INFO:Message received on topic: type-3/8 with payload size: 101 at 2024-12-19 17:58:26.202881 sent 2024-12-19 17:58:26.182148
INFO:Message received on topic: type-3/5 with payload size: 128 at 2024-12-19 17:58:27.220500 sent 2024-12-19 17:58:27.218019
INFO:Message received on topic: type-3/4 with payload size: 98 at 2024-12-19 17:58:28.259232 sent 2024-12-19 17:58:28.239985
INFO:Message received on topic: type-3/6 with payload size: 138 at 2024-12-19 17:58:29.266372 sent 2024-12-19 17:58:29.263216
INFO:Message received on topic: type-3/7 with payload size: 145 at 2024-12-19 17:58:30.288226 sent 2024-12-19 17:58:30.284933
INFO:Message received on topic: type-3/0 with payload size: 127 at 2024-12-19 17:58:31.325685 sent 2024-12-19 17:58:31.315201
INFO:Message received on topic: type-3/0 with payload size: 128 at 2024-12-19 17:58:32.336036 sent 2024-12-19 17:58:32.333392
INFO:Message received on topic: type-3/3 with payload size: 100 at 2024-12-19 17:58:33.372530 sent 2024-12-19 17:58:33.369451
INFO:Message received on topic: type-3/8 with payload size: 150 at 2024-12-19 17:58:34.405737 sent 2024-12-19 17:58:34.398878
INFO:Message received on topic: type-3/9 with payload size: 116 at 2024-12-19 17:58:35.418980 sent 2024-12-19 17:58:35.376154
INFO:Message received on topic: type-3/8 with payload size: 92 at 2024-12-19 17:58:36.430105 sent 2024-12-19 17:58:36.427824
INFO:Message received on topic: type-3/5 with payload size: 92 at 2024-12-19 17:58:37.462955 sent 2024-12-19 17:58:37.459975
INFO:Message received on topic: type-3/4 with payload size: 153 at 2024-12-19 17:58:38.487219 sent 2024-12-19 17:58:38.484291
INFO:Message received on topic: type-3/6 with payload size: 141 at 2024-12-19 17:58:39.510396 sent 2024-12-19 17:58:39.502948
INFO:Message received on topic: type-3/7 with payload size: 151 at 2024-12-19 17:58:40.547939 sent 2024-12-19 17:58:40.543673
INFO:Message received on topic: type-3/9 with payload size: 91 at 2024-12-19 17:58:41.564171 sent 2024-12-19 17:58:41.560927
INFO:Message received on topic: type-3/0 with payload size: 154 at 2024-12-19 17:58:42.591388 sent 2024-12-19 17:58:42.588152
INFO:Message received on topic: type-3/3 with payload size: 97 at 2024-12-19 17:58:43.617030 sent 2024-12-19 17:58:43.613687
INFO:Message received on topic: type-3/2 with payload size: 106 at 2024-12-19 17:58:44.647985 sent 2024-12-19 17:58:44.634159
INFO:Message received on topic: type-3/1 with payload size: 110 at 2024-12-19 17:58:45.658074 sent 2024-12-19 17:58:45.654560
INFO:Message received on topic: type-3/8 with payload size: 118 at 2024-12-19 17:58:46.682386 sent 2024-12-19 17:58:46.679180
INFO:Message received on topic: type-3/5 with payload size: 136 at 2024-12-19 17:58:47.714030 sent 2024-12-19 17:58:47.711292
INFO:Message received on topic: type-3/4 with payload size: 142 at 2024-12-19 17:58:48.751102 sent 2024-12-19 17:58:48.742092
INFO:Message received on topic: type-3/6 with payload size: 145 at 2024-12-19 17:58:49.763828 sent 2024-12-19 17:58:49.760663
INFO:Message received on topic: type-3/7 with payload size: 128 at 2024-12-19 17:58:50.792495 sent 2024-12-19 17:58:50.789678
INFO:Message received on topic: type-3/9 with payload size: 107 at 2024-12-19 17:58:51.818143 sent 2024-12-19 17:58:51.815781
INFO:Message received on topic: type-3/0 with payload size: 136 at 2024-12-19 17:58:52.853268 sent 2024-12-19 17:58:52.842663
INFO:Message received on topic: type-3/3 with payload size: 146 at 2024-12-19 17:58:53.865618 sent 2024-12-19 17:58:53.862588
INFO:Message received on topic: type-3/1 with payload size: 111 at 2024-12-19 17:58:54.892762 sent 2024-12-19 17:58:54.889593
INFO:Message received on topic: type-3/2 with payload size: 147 at 2024-12-19 17:58:55.918749 sent 2024-12-19 17:58:55.899668
INFO:Message received on topic: type-3/8 with payload size: 110 at 2024-12-19 17:58:56.927147 sent 2024-12-19 17:58:56.924127
INFO:Message received on topic: type-3/5 with payload size: 113 at 2024-12-19 17:58:57.964385 sent 2024-12-19 17:58:57.962232
INFO:Message received on topic: type-3/4 with payload size: 155 at 2024-12-19 17:58:59.010138 sent 2024-12-19 17:58:58.998919
INFO:Message received on topic: type-3/6 with payload size: 123 at 2024-12-19 17:59:00.023163 sent 2024-12-19 17:59:00.020309
INFO:Message received on topic: type-3/7 with payload size: 150 at 2024-12-19 17:59:01.048821 sent 2024-12-19 17:59:01.045122
INFO:Message received on topic: type-3/9 with payload size: 96 at 2024-12-19 17:59:02.077147 sent 2024-12-19 17:59:02.073942
INFO:Message received on topic: type-3/3 with payload size: 114 at 2024-12-19 17:59:03.114664 sent 2024-12-19 17:59:03.111782
INFO:Message received on topic: type-3/2 with payload size: 149 at 2024-12-19 17:59:04.130060 sent 2024-12-19 17:59:04.125938
INFO:Message received on topic: type-3/3 with payload size: 146 at 2024-12-19 17:59:05.160481 sent 2024-12-19 17:59:05.157517
INFO:Message received on topic: type-3/8 with payload size: 108 at 2024-12-19 17:59:06.178530 sent 2024-12-19 17:59:06.174996
INFO:Message received on topic: type-3/1 with payload size: 150 at 2024-12-19 17:59:07.204074 sent 2024-12-19 17:59:07.193902
INFO:Message received on topic: type-3/5 with payload size: 113 at 2024-12-19 17:59:08.223335 sent 2024-12-19 17:59:08.220336
INFO:Message received on topic: type-3/4 with payload size: 146 at 2024-12-19 17:59:09.250981 sent 2024-12-19 17:59:09.242461
INFO:Message received on topic: type-3/6 with payload size: 150 at 2024-12-19 17:59:10.268927 sent 2024-12-19 17:59:10.265723
INFO:Message received on topic: type-3/7 with payload size: 95 at 2024-12-19 17:59:11.287333 sent 2024-12-19 17:59:11.284844
INFO:Message received on topic: type-3/9 with payload size: 149 at 2024-12-19 17:59:12.322350 sent 2024-12-19 17:59:12.317314
INFO:Message received on topic: type-3/0 with payload size: 104 at 2024-12-19 17:59:13.351783 sent 2024-12-19 17:59:13.348048
INFO:Message received on topic: type-3/2 with payload size: 139 at 2024-12-19 17:59:14.376210 sent 2024-12-19 17:59:14.372153
INFO:Message received on topic: type-3/3 with payload size: 133 at 2024-12-19 17:59:15.413587 sent 2024-12-19 17:59:15.409944
INFO:Message received on topic: type-3/3 with payload size: 122 at 2024-12-19 17:59:16.430553 sent 2024-12-19 17:59:16.426672
INFO:Message received on topic: type-3/3 with payload size: 93 at 2024-12-19 17:59:17.447432 sent 2024-12-19 17:59:17.439861
INFO:Message received on topic: type-3/5 with payload size: 112 at 2024-12-19 17:59:18.471654 sent 2024-12-19 17:59:18.468862
INFO:Message received on topic: type-3/4 with payload size: 95 at 2024-12-19 17:59:19.501781 sent 2024-12-19 17:59:19.486659
INFO:Message received on topic: type-3/6 with payload size: 105 at 2024-12-19 17:59:20.522556 sent 2024-12-19 17:59:20.517302
INFO:Message received on topic: type-3/7 with payload size: 104 at 2024-12-19 17:59:21.546220 sent 2024-12-19 17:59:21.539649
INFO:Message received on topic: type-3/9 with payload size: 141 at 2024-12-19 17:59:22.592396 sent 2024-12-19 17:59:22.580544
INFO:Message received on topic: type-3/0 with payload size: 153 at 2024-12-19 17:59:23.615591 sent 2024-12-19 17:59:23.612499
INFO:Message received on topic: type-3/0 with payload size: 105 at 2024-12-19 17:59:24.658099 sent 2024-12-19 17:59:24.628932
INFO:Message received on topic: type-3/1 with payload size: 132 at 2024-12-19 17:59:25.664045 sent 2024-12-19 17:59:25.660977
INFO:Message received on topic: type-3/3 with payload size: 114 at 2024-12-19 17:59:26.680582 sent 2024-12-19 17:59:26.677589
INFO:Message received on topic: type-3/3 with payload size: 128 at 2024-12-19 17:59:27.709506 sent 2024-12-19 17:59:27.689832
INFO:Message received on topic: type-3/5 with payload size: 152 at 2024-12-19 17:59:28.722125 sent 2024-12-19 17:59:28.718351
INFO:Message received on topic: type-3/5 with payload size: 103 at 2024-12-19 17:59:29.749750 sent 2024-12-19 17:59:29.732982
INFO:Message received on topic: type-3/6 with payload size: 130 at 2024-12-19 17:59:30.773771 sent 2024-12-19 17:59:30.770485
INFO:Message received on topic: type-3/7 with payload size: 105 at 2024-12-19 17:59:31.805142 sent 2024-12-19 17:59:31.793950
INFO:Message received on topic: type-3/9 with payload size: 142 at 2024-12-19 17:59:32.848290 sent 2024-12-19 17:59:32.833758
INFO:Message received on topic: type-3/0 with payload size: 117 at 2024-12-19 17:59:33.865217 sent 2024-12-19 17:59:33.861614
INFO:Message received on topic: type-3/1 with payload size: 153 at 2024-12-19 17:59:34.905456 sent 2024-12-19 17:59:34.895572
INFO:Message received on topic: type-3/9 with payload size: 141 at 2024-12-19 17:59:35.919741 sent 2024-12-19 17:59:35.879831
INFO:Message received on topic: type-3/3 with payload size: 132 at 2024-12-19 17:59:36.932658 sent 2024-12-19 17:59:36.929697
INFO:Message received on topic: type-3/8 with payload size: 94 at 2024-12-19 17:59:37.952343 sent 2024-12-19 17:59:37.946862
INFO:Message received on topic: type-3/5 with payload size: 122 at 2024-12-19 17:59:38.969512 sent 2024-12-19 17:59:38.965989
INFO:Message received on topic: type-3/6 with payload size: 131 at 2024-12-19 17:59:40.006613 sent 2024-12-19 17:59:39.996456
INFO:Message received on topic: type-3/6 with payload size: 130 at 2024-12-19 17:59:41.016527 sent 2024-12-19 17:59:41.013001
INFO:Message received on topic: type-3/7 with payload size: 149 at 2024-12-19 17:59:42.051034 sent 2024-12-19 17:59:42.042045
INFO:Message received on topic: type-3/0 with payload size: 123 at 2024-12-19 17:59:43.091168 sent 2024-12-19 17:59:43.088093
INFO:Message received on topic: type-3/9 with payload size: 94 at 2024-12-19 17:59:44.119044 sent 2024-12-19 17:59:44.094511
INFO:Message received on topic: type-3/2 with payload size: 151 at 2024-12-19 17:59:45.134565 sent 2024-12-19 17:59:45.130998
INFO:Message received on topic: type-3/1 with payload size: 147 at 2024-12-19 17:59:46.159003 sent 2024-12-19 17:59:46.154664
INFO:Message received on topic: type-3/3 with payload size: 124 at 2024-12-19 17:59:47.179915 sent 2024-12-19 17:59:47.178005
INFO:Message received on topic: type-3/8 with payload size: 92 at 2024-12-19 17:59:48.203022 sent 2024-12-19 17:59:48.198638
INFO:Message received on topic: type-3/2 with payload size: 154 at 2024-12-19 17:59:49.222618 sent 2024-12-19 17:59:49.183215
INFO:Message received on topic: type-3/4 with payload size: 107 at 2024-12-19 17:59:50.247101 sent 2024-12-19 17:59:50.237947
INFO:Message received on topic: type-3/6 with payload size: 130 at 2024-12-19 17:59:51.272360 sent 2024-12-19 17:59:51.269301
INFO:Message received on topic: type-3/7 with payload size: 130 at 2024-12-19 17:59:52.302031 sent 2024-12-19 17:59:52.284991
INFO:Message received on topic: type-3/9 with payload size: 94 at 2024-12-19 17:59:53.347398 sent 2024-12-19 17:59:53.332389
INFO:Message received on topic: type-3/0 with payload size: 152 at 2024-12-19 17:59:54.362641 sent 2024-12-19 17:59:54.359294
INFO:Message received on topic: type-3/2 with payload size: 125 at 2024-12-19 17:59:55.386260 sent 2024-12-19 17:59:55.383053
INFO:Message received on topic: type-3/1 with payload size: 149 at 2024-12-19 17:59:56.412615 sent 2024-12-19 17:59:56.409916
INFO:Message received on topic: type-3/1 with payload size: 111 at 2024-12-19 17:59:57.430977 sent 2024-12-19 17:59:57.428287
INFO:Message received on topic: type-3/1 with payload size: 99 at 2024-12-19 17:59:58.450739 sent 2024-12-19 17:59:58.449070
INFO:Message received on topic: type-3/5 with payload size: 131 at 2024-12-19 17:59:59.475081 sent 2024-12-19 17:59:59.471567
INFO:Message received on topic: type-3/4 with payload size: 155 at 2024-12-19 18:00:00.505289 sent 2024-12-19 18:00:00.498601
INFO:Message received on topic: type-3/7 with payload size: 136 at 2024-12-19 18:00:01.543910 sent 2024-12-19 18:00:01.527571
INFO:Message received on topic: type-3/6 with payload size: 127 at 2024-12-19 18:00:02.551043 sent 2024-12-19 18:00:02.545967
INFO:Message received on topic: type-3/0 with payload size: 129 at 2024-12-19 18:00:03.606677 sent 2024-12-19 18:00:03.597560
INFO:Message received on topic: type-3/9 with payload size: 155 at 2024-12-19 18:00:04.622361 sent 2024-12-19 18:00:04.617379
INFO:Message received on topic: type-3/2 with payload size: 155 at 2024-12-19 18:00:05.646313 sent 2024-12-19 18:00:05.640170
INFO:Message received on topic: type-3/3 with payload size: 137 at 2024-12-19 18:00:06.667385 sent 2024-12-19 18:00:06.663348
INFO:Message received on topic: type-3/8 with payload size: 101 at 2024-12-19 18:00:07.711463 sent 2024-12-19 18:00:07.687807
INFO:Message received on topic: type-3/1 with payload size: 128 at 2024-12-19 18:00:08.707088 sent 2024-12-19 18:00:08.702483
INFO:Message received on topic: type-3/5 with payload size: 93 at 2024-12-19 18:00:09.748137 sent 2024-12-19 18:00:09.736216
INFO:Message received on topic: type-3/4 with payload size: 121 at 2024-12-19 18:00:10.763147 sent 2024-12-19 18:00:10.760271
INFO:Message received on topic: type-3/7 with payload size: 107 at 2024-12-19 18:00:11.791184 sent 2024-12-19 18:00:11.787770
INFO:Message received on topic: type-3/6 with payload size: 146 at 2024-12-19 18:00:12.806671 sent 2024-12-19 18:00:12.803463
INFO:Message received on topic: type-3/0 with payload size: 132 at 2024-12-19 18:00:13.848558 sent 2024-12-19 18:00:13.843707
INFO:Message received on topic: type-3/9 with payload size: 155 at 2024-12-19 18:00:14.876500 sent 2024-12-19 18:00:14.873430
INFO:Message received on topic: type-3/2 with payload size: 114 at 2024-12-19 18:00:15.910843 sent 2024-12-19 18:00:15.888831
INFO:Message received on topic: type-3/3 with payload size: 119 at 2024-12-19 18:00:16.919937 sent 2024-12-19 18:00:16.915356
INFO:Message received on topic: type-3/8 with payload size: 101 at 2024-12-19 18:00:17.947584 sent 2024-12-19 18:00:17.943531
INFO:Message received on topic: type-3/1 with payload size: 154 at 2024-12-19 18:00:18.966212 sent 2024-12-19 18:00:18.961379
INFO:Message received on topic: type-3/5 with payload size: 95 at 2024-12-19 18:00:19.984740 sent 2024-12-19 18:00:19.981404
INFO:Message received on topic: type-3/4 with payload size: 133 at 2024-12-19 18:00:21.012024 sent 2024-12-19 18:00:21.007107
INFO:Message received on topic: type-3/7 with payload size: 132 at 2024-12-19 18:00:22.037611 sent 2024-12-19 18:00:22.033324
INFO:Message received on topic: type-3/6 with payload size: 110 at 2024-12-19 18:00:23.058902 sent 2024-12-19 18:00:23.055802
INFO:Message received on topic: type-3/0 with payload size: 94 at 2024-12-19 18:00:24.106269 sent 2024-12-19 18:00:24.096448
INFO:Message received on topic: type-3/9 with payload size: 126 at 2024-12-19 18:00:25.127772 sent 2024-12-19 18:00:25.125806
INFO:Message received on topic: type-3/2 with payload size: 105 at 2024-12-19 18:00:26.144524 sent 2024-12-19 18:00:26.140985
INFO:Message received on topic: type-3/3 with payload size: 136 at 2024-12-19 18:00:27.170925 sent 2024-12-19 18:00:27.169159
INFO:Message received on topic: type-3/3 with payload size: 141 at 2024-12-19 18:00:28.209695 sent 2024-12-19 18:00:28.181826
INFO:Message received on topic: type-3/8 with payload size: 94 at 2024-12-19 18:00:29.212208 sent 2024-12-19 18:00:29.209079
INFO:Message received on topic: type-3/5 with payload size: 111 at 2024-12-19 18:00:30.244127 sent 2024-12-19 18:00:30.241338
INFO:Message received on topic: type-3/4 with payload size: 141 at 2024-12-19 18:00:31.262564 sent 2024-12-19 18:00:31.258927
INFO:Message received on topic: type-3/7 with payload size: 127 at 2024-12-19 18:00:32.306434 sent 2024-12-19 18:00:32.288735
INFO:Message received on topic: type-3/6 with payload size: 144 at 2024-12-19 18:00:33.315559 sent 2024-12-19 18:00:33.309520
INFO:Message received on topic: type-3/0 with payload size: 108 at 2024-12-19 18:00:34.358392 sent 2024-12-19 18:00:34.355178
INFO:Message received on topic: type-3/9 with payload size: 118 at 2024-12-19 18:00:35.384996 sent 2024-12-19 18:00:35.382181
INFO:Message received on topic: type-3/8 with payload size: 117 at 2024-12-19 18:00:36.423142 sent 2024-12-19 18:00:36.419632
INFO:Message received on topic: type-3/3 with payload size: 117 at 2024-12-19 18:00:37.426775 sent 2024-12-19 18:00:37.423692
INFO:Message received on topic: type-3/8 with payload size: 149 at 2024-12-19 18:00:38.450298 sent 2024-12-19 18:00:38.447376
INFO:Message received on topic: type-3/1 with payload size: 95 at 2024-12-19 18:00:39.474125 sent 2024-12-19 18:00:39.470538
INFO:Message received on topic: type-3/4 with payload size: 109 at 2024-12-19 18:00:40.514576 sent 2024-12-19 18:00:40.497509
INFO:Message received on topic: type-3/4 with payload size: 98 at 2024-12-19 18:00:41.515947 sent 2024-12-19 18:00:41.512788
INFO:Message received on topic: type-3/7 with payload size: 155 at 2024-12-19 18:00:42.547951 sent 2024-12-19 18:00:42.537596
INFO:Message received on topic: type-3/6 with payload size: 133 at 2024-12-19 18:00:43.558187 sent 2024-12-19 18:00:43.555570
INFO:Message received on topic: type-3/0 with payload size: 146 at 2024-12-19 18:00:44.609818 sent 2024-12-19 18:00:44.588063
INFO:Message received on topic: type-3/9 with payload size: 132 at 2024-12-19 18:00:45.619053 sent 2024-12-19 18:00:45.613000
INFO:Message received on topic: type-3/9 with payload size: 113 at 2024-12-19 18:00:46.646924 sent 2024-12-19 18:00:46.642944
INFO:Message received on topic: type-3/3 with payload size: 152 at 2024-12-19 18:00:47.673777 sent 2024-12-19 18:00:47.669845
INFO:Message received on topic: type-3/8 with payload size: 118 at 2024-12-19 18:00:48.736205 sent 2024-12-19 18:00:48.732096
INFO:Message received on topic: type-3/1 with payload size: 128 at 2024-12-19 18:00:49.759375 sent 2024-12-19 18:00:49.756379
INFO:Message received on topic: type-3/6 with payload size: 127 at 2024-12-19 18:00:50.776445 sent 2024-12-19 18:00:50.773452
INFO:Message received on topic: type-3/5 with payload size: 108 at 2024-12-19 18:00:51.810705 sent 2024-12-19 18:00:51.790594
INFO:Message received on topic: type-3/7 with payload size: 92 at 2024-12-19 18:00:52.826355 sent 2024-12-19 18:00:52.823185
INFO:Message received on topic: type-3/4 with payload size: 100 at 2024-12-19 18:00:53.863046 sent 2024-12-19 18:00:53.859347
INFO:Message received on topic: type-3/0 with payload size: 120 at 2024-12-19 18:00:54.879533 sent 2024-12-19 18:00:54.876595
INFO:Message received on topic: type-3/2 with payload size: 150 at 2024-12-19 18:00:55.920138 sent 2024-12-19 18:00:55.895761
INFO:Message received on topic: type-3/9 with payload size: 105 at 2024-12-19 18:00:56.923185 sent 2024-12-19 18:00:56.919396
INFO:Message received on topic: type-3/3 with payload size: 107 at 2024-12-19 18:00:57.946683 sent 2024-12-19 18:00:57.944063
INFO:Message received on topic: type-3/8 with payload size: 138 at 2024-12-19 18:00:59.011310 sent 2024-12-19 18:00:58.987270
INFO:Message received on topic: type-3/6 with payload size: 123 at 2024-12-19 18:01:00.019182 sent 2024-12-19 18:01:00.003210
INFO:Message received on topic: type-3/1 with payload size: 112 at 2024-12-19 18:01:01.048048 sent 2024-12-19 18:01:01.022721
INFO:Message received on topic: type-3/5 with payload size: 119 at 2024-12-19 18:01:02.060717 sent 2024-12-19 18:01:02.050545
INFO:Message received on topic: type-3/7 with payload size: 105 at 2024-12-19 18:01:03.081641 sent 2024-12-19 18:01:03.076470
INFO:Message received on topic: type-3/4 with payload size: 93 at 2024-12-19 18:01:04.112364 sent 2024-12-19 18:01:04.103008
INFO:Message received on topic: type-3/0 with payload size: 131 at 2024-12-19 18:01:05.125903 sent 2024-12-19 18:01:05.122211
INFO:Message received on topic: type-3/2 with payload size: 145 at 2024-12-19 18:01:06.147641 sent 2024-12-19 18:01:06.145650
INFO:Message received on topic: type-3/9 with payload size: 149 at 2024-12-19 18:01:07.170944 sent 2024-12-19 18:01:07.168700
INFO:Message received on topic: type-3/3 with payload size: 105 at 2024-12-19 18:01:08.204659 sent 2024-12-19 18:01:08.198182
INFO:Message received on topic: type-3/8 with payload size: 120 at 2024-12-19 18:01:09.247447 sent 2024-12-19 18:01:09.237172
INFO:Message received on topic: type-3/1 with payload size: 103 at 2024-12-19 18:01:10.272711 sent 2024-12-19 18:01:10.269800
INFO:Message received on topic: type-3/6 with payload size: 117 at 2024-12-19 18:01:11.302885 sent 2024-12-19 18:01:11.294373
INFO:Message received on topic: type-3/5 with payload size: 119 at 2024-12-19 18:01:12.319864 sent 2024-12-19 18:01:12.311129
INFO:Message received on topic: type-3/7 with payload size: 145 at 2024-12-19 18:01:13.346918 sent 2024-12-19 18:01:13.337604
INFO:Message received on topic: type-3/4 with payload size: 121 at 2024-12-19 18:01:14.368754 sent 2024-12-19 18:01:14.364779
INFO:Message received on topic: type-3/2 with payload size: 125 at 2024-12-19 18:01:15.391407 sent 2024-12-19 18:01:15.387532
INFO:Message received on topic: type-3/2 with payload size: 154 at 2024-12-19 18:01:16.427017 sent 2024-12-19 18:01:16.401695
INFO:Message received on topic: type-3/9 with payload size: 95 at 2024-12-19 18:01:17.447628 sent 2024-12-19 18:01:17.434171
INFO:Message received on topic: type-3/3 with payload size: 152 at 2024-12-19 18:01:18.479299 sent 2024-12-19 18:01:18.477031
INFO:Message received on topic: type-3/3 with payload size: 144 at 2024-12-19 18:01:19.513091 sent 2024-12-19 18:01:19.492756
INFO:Message received on topic: type-3/6 with payload size: 106 at 2024-12-19 18:01:20.532347 sent 2024-12-19 18:01:20.524189
INFO:Message received on topic: type-3/1 with payload size: 122 at 2024-12-19 18:01:21.551774 sent 2024-12-19 18:01:21.544204
INFO:Message received on topic: type-3/5 with payload size: 109 at 2024-12-19 18:01:22.579022 sent 2024-12-19 18:01:22.571476
INFO:Message received on topic: type-3/7 with payload size: 103 at 2024-12-19 18:01:23.594368 sent 2024-12-19 18:01:23.591045
INFO:Message received on topic: type-3/5 with payload size: 100 at 2024-12-19 18:01:24.618158 sent 2024-12-19 18:01:24.606083
INFO:Message received on topic: type-3/2 with payload size: 97 at 2024-12-19 18:01:25.657497 sent 2024-12-19 18:01:25.638267
INFO:Message received on topic: type-3/0 with payload size: 97 at 2024-12-19 18:01:26.654471 sent 2024-12-19 18:01:26.653073
INFO:Message received on topic: type-3/3 with payload size: 126 at 2024-12-19 18:01:27.717128 sent 2024-12-19 18:01:27.713281
INFO:Message received on topic: type-3/3 with payload size: 118 at 2024-12-19 18:01:28.744842 sent 2024-12-19 18:01:28.726685
INFO:Message received on topic: type-3/8 with payload size: 137 at 2024-12-19 18:01:29.749396 sent 2024-12-19 18:01:29.746074
INFO:Message received on topic: type-3/6 with payload size: 149 at 2024-12-19 18:01:30.786941 sent 2024-12-19 18:01:30.782752
INFO:Message received on topic: type-3/1 with payload size: 148 at 2024-12-19 18:01:31.806375 sent 2024-12-19 18:01:31.798579
INFO:Message received on topic: type-3/4 with payload size: 154 at 2024-12-19 18:01:32.832033 sent 2024-12-19 18:01:32.827801
INFO:Message received on topic: type-3/7 with payload size: 149 at 2024-12-19 18:01:33.849962 sent 2024-12-19 18:01:33.846960
INFO:Message received on topic: type-3/5 with payload size: 121 at 2024-12-19 18:01:34.872660 sent 2024-12-19 18:01:34.868461
INFO:Message received on topic: type-3/0 with payload size: 133 at 2024-12-19 18:01:35.919509 sent 2024-12-19 18:01:35.891947
INFO:Message received on topic: type-3/2 with payload size: 110 at 2024-12-19 18:01:36.921174 sent 2024-12-19 18:01:36.905717
INFO:Message received on topic: type-3/9 with payload size: 93 at 2024-12-19 18:01:37.948424 sent 2024-12-19 18:01:37.946595
INFO:Message received on topic: type-3/8 with payload size: 93 at 2024-12-19 18:01:39.004196 sent 2024-12-19 18:01:38.975937
INFO:Message received on topic: type-3/3 with payload size: 131 at 2024-12-19 18:01:40.011784 sent 2024-12-19 18:01:40.006669
INFO:Message received on topic: type-3/1 with payload size: 142 at 2024-12-19 18:01:41.050522 sent 2024-12-19 18:01:41.040695
INFO:Message received on topic: type-3/6 with payload size: 134 at 2024-12-19 18:01:42.063941 sent 2024-12-19 18:01:42.060653
INFO:Message received on topic: type-3/4 with payload size: 137 at 2024-12-19 18:01:43.086987 sent 2024-12-19 18:01:43.083606
INFO:Message received on topic: type-3/5 with payload size: 96 at 2024-12-19 18:01:44.111721 sent 2024-12-19 18:01:44.106440
INFO:Message received on topic: type-3/7 with payload size: 110 at 2024-12-19 18:01:45.149609 sent 2024-12-19 18:01:45.125511
INFO:Message received on topic: type-3/0 with payload size: 134 at 2024-12-19 18:01:46.148929 sent 2024-12-19 18:01:46.145118
INFO:Message received on topic: type-3/0 with payload size: 98 at 2024-12-19 18:01:47.178448 sent 2024-12-19 18:01:47.175255
INFO:Message received on topic: type-3/8 with payload size: 142 at 2024-12-19 18:01:48.218163 sent 2024-12-19 18:01:48.214765
INFO:Message received on topic: type-3/8 with payload size: 96 at 2024-12-19 18:01:49.231706 sent 2024-12-19 18:01:49.228956
INFO:Message received on topic: type-3/3 with payload size: 112 at 2024-12-19 18:01:50.262386 sent 2024-12-19 18:01:50.258636
INFO:Message received on topic: type-3/1 with payload size: 119 at 2024-12-19 18:01:51.309257 sent 2024-12-19 18:01:51.292826
INFO:Message received on topic: type-3/6 with payload size: 91 at 2024-12-19 18:01:52.310403 sent 2024-12-19 18:01:52.304053
INFO:Message received on topic: type-3/4 with payload size: 151 at 2024-12-19 18:01:53.335909 sent 2024-12-19 18:01:53.330847
INFO:Message received on topic: type-3/5 with payload size: 104 at 2024-12-19 18:01:54.364073 sent 2024-12-19 18:01:54.361218
INFO:Message received on topic: type-3/7 with payload size: 152 at 2024-12-19 18:01:55.386673 sent 2024-12-19 18:01:55.383868
INFO:Message received on topic: type-3/0 with payload size: 154 at 2024-12-19 18:01:56.418817 sent 2024-12-19 18:01:56.412860
INFO:Message received on topic: type-3/0 with payload size: 141 at 2024-12-19 18:01:57.451275 sent 2024-12-19 18:01:57.427144
INFO:Message received on topic: type-3/9 with payload size: 108 at 2024-12-19 18:01:58.459444 sent 2024-12-19 18:01:58.457755
INFO:Message received on topic: type-3/8 with payload size: 150 at 2024-12-19 18:01:59.480827 sent 2024-12-19 18:01:59.477734
INFO:Message received on topic: type-3/9 with payload size: 136 at 2024-12-19 18:02:00.519435 sent 2024-12-19 18:02:00.487732
INFO:Message received on topic: type-3/6 with payload size: 109 at 2024-12-19 18:02:01.547487 sent 2024-12-19 18:02:01.542535
INFO:Message received on topic: type-3/1 with payload size: 92 at 2024-12-19 18:02:02.567477 sent 2024-12-19 18:02:02.563589
INFO:Message received on topic: type-3/4 with payload size: 108 at 2024-12-19 18:02:03.585962 sent 2024-12-19 18:02:03.582585
INFO:Message received on topic: type-3/5 with payload size: 138 at 2024-12-19 18:02:04.606903 sent 2024-12-19 18:02:04.603448
INFO:Message received on topic: type-3/7 with payload size: 128 at 2024-12-19 18:02:05.630721 sent 2024-12-19 18:02:05.627834
INFO:Message received on topic: type-3/2 with payload size: 138 at 2024-12-19 18:02:06.655756 sent 2024-12-19 18:02:06.652694
INFO:Message received on topic: type-3/0 with payload size: 106 at 2024-12-19 18:02:07.672658 sent 2024-12-19 18:02:07.669634
INFO:Message received on topic: type-3/2 with payload size: 137 at 2024-12-19 18:02:08.717097 sent 2024-12-19 18:02:08.681920
INFO:Message received on topic: type-3/8 with payload size: 97 at 2024-12-19 18:02:09.733995 sent 2024-12-19 18:02:09.731357
INFO:Message received on topic: type-3/3 with payload size: 107 at 2024-12-19 18:02:10.761886 sent 2024-12-19 18:02:10.758215
INFO:Message received on topic: type-3/1 with payload size: 117 at 2024-12-19 18:02:11.803429 sent 2024-12-19 18:02:11.797903
INFO:Message received on topic: type-3/6 with payload size: 122 at 2024-12-19 18:02:12.822528 sent 2024-12-19 18:02:12.817162
INFO:Message received on topic: type-3/6 with payload size: 118 at 2024-12-19 18:02:13.851501 sent 2024-12-19 18:02:13.833110
INFO:Message received on topic: type-3/5 with payload size: 97 at 2024-12-19 18:02:14.869399 sent 2024-12-19 18:02:14.864966
INFO:Message received on topic: type-3/7 with payload size: 122 at 2024-12-19 18:02:15.910963 sent 2024-12-19 18:02:15.883848
INFO:Message received on topic: type-3/0 with payload size: 109 at 2024-12-19 18:02:16.911975 sent 2024-12-19 18:02:16.909870
INFO:Message received on topic: type-3/2 with payload size: 97 at 2024-12-19 18:02:17.926814 sent 2024-12-19 18:02:17.924026
INFO:Message received on topic: type-3/9 with payload size: 100 at 2024-12-19 18:02:18.946340 sent 2024-12-19 18:02:18.939546
INFO:Message received on topic: type-3/8 with payload size: 143 at 2024-12-19 18:02:19.966985 sent 2024-12-19 18:02:19.964510
INFO:Message received on topic: type-3/3 with payload size: 129 at 2024-12-19 18:02:21.008776 sent 2024-12-19 18:02:20.993720
INFO:Message received on topic: type-3/1 with payload size: 98 at 2024-12-19 18:02:22.034148 sent 2024-12-19 18:02:22.030142
INFO:Message received on topic: type-3/6 with payload size: 147 at 2024-12-19 18:02:23.058095 sent 2024-12-19 18:02:23.049061
INFO:Message received on topic: type-3/4 with payload size: 102 at 2024-12-19 18:02:24.069365 sent 2024-12-19 18:02:24.066331
INFO:Message received on topic: type-3/5 with payload size: 92 at 2024-12-19 18:02:25.105226 sent 2024-12-19 18:02:25.092104
INFO:Message received on topic: type-3/7 with payload size: 147 at 2024-12-19 18:02:26.115904 sent 2024-12-19 18:02:26.111964
INFO:Message received on topic: type-3/0 with payload size: 145 at 2024-12-19 18:02:27.149798 sent 2024-12-19 18:02:27.135854
INFO:Message received on topic: type-3/2 with payload size: 94 at 2024-12-19 18:02:28.165409 sent 2024-12-19 18:02:28.161925
INFO:Message received on topic: type-3/9 with payload size: 100 at 2024-12-19 18:02:29.181466 sent 2024-12-19 18:02:29.178637
INFO:Message received on topic: type-3/9 with payload size: 132 at 2024-12-19 18:02:30.220658 sent 2024-12-19 18:02:30.194214
INFO:Message received on topic: type-3/3 with payload size: 113 at 2024-12-19 18:02:31.263661 sent 2024-12-19 18:02:31.242859
INFO:Message received on topic: type-3/1 with payload size: 131 at 2024-12-19 18:02:32.305899 sent 2024-12-19 18:02:32.300349
INFO:Message received on topic: type-3/4 with payload size: 125 at 2024-12-19 18:02:33.321730 sent 2024-12-19 18:02:33.318917
INFO:Message received on topic: type-3/6 with payload size: 149 at 2024-12-19 18:02:34.346874 sent 2024-12-19 18:02:34.343309
INFO:Message received on topic: type-3/5 with payload size: 154 at 2024-12-19 18:02:35.367288 sent 2024-12-19 18:02:35.363725
INFO:Message received on topic: type-3/0 with payload size: 111 at 2024-12-19 18:02:36.394834 sent 2024-12-19 18:02:36.390505
INFO:Message received on topic: type-3/7 with payload size: 106 at 2024-12-19 18:02:37.416717 sent 2024-12-19 18:02:37.413434
INFO:Message received on topic: type-3/2 with payload size: 105 at 2024-12-19 18:02:38.448032 sent 2024-12-19 18:02:38.438223
INFO:Message received on topic: type-3/8 with payload size: 128 at 2024-12-19 18:02:39.469322 sent 2024-12-19 18:02:39.465827
INFO:Message received on topic: type-3/3 with payload size: 115 at 2024-12-19 18:02:40.507145 sent 2024-12-19 18:02:40.499612
INFO:Message received on topic: type-3/9 with payload size: 115 at 2024-12-19 18:02:41.525927 sent 2024-12-19 18:02:41.510574
INFO:Message received on topic: type-3/4 with payload size: 111 at 2024-12-19 18:02:42.559569 sent 2024-12-19 18:02:42.551294
INFO:Message received on topic: type-3/1 with payload size: 113 at 2024-12-19 18:02:43.576050 sent 2024-12-19 18:02:43.570605
INFO:Message received on topic: type-3/6 with payload size: 116 at 2024-12-19 18:02:44.605353 sent 2024-12-19 18:02:44.593803
INFO:Message received on topic: type-3/5 with payload size: 111 at 2024-12-19 18:02:45.614376 sent 2024-12-19 18:02:45.612277
INFO:Message received on topic: type-3/0 with payload size: 98 at 2024-12-19 18:02:46.648223 sent 2024-12-19 18:02:46.641227
INFO:Message received on topic: type-3/7 with payload size: 141 at 2024-12-19 18:02:47.669075 sent 2024-12-19 18:02:47.665803
INFO:Message received on topic: type-3/8 with payload size: 139 at 2024-12-19 18:02:48.710307 sent 2024-12-19 18:02:48.707712
INFO:Message received on topic: type-3/8 with payload size: 104 at 2024-12-19 18:02:49.726207 sent 2024-12-19 18:02:49.723487
INFO:Message received on topic: type-3/9 with payload size: 117 at 2024-12-19 18:02:50.751230 sent 2024-12-19 18:02:50.748034
INFO:Message received on topic: type-3/3 with payload size: 140 at 2024-12-19 18:02:51.768545 sent 2024-12-19 18:02:51.766762
INFO:Message received on topic: type-3/1 with payload size: 101 at 2024-12-19 18:02:52.813034 sent 2024-12-19 18:02:52.809057
INFO:Message received on topic: type-3/4 with payload size: 129 at 2024-12-19 18:02:53.834220 sent 2024-12-19 18:02:53.831067
INFO:Message received on topic: type-3/6 with payload size: 115 at 2024-12-19 18:02:54.861721 sent 2024-12-19 18:02:54.858426
INFO:Message received on topic: type-3/5 with payload size: 100 at 2024-12-19 18:02:55.887171 sent 2024-12-19 18:02:55.883917
INFO:Message received on topic: type-3/7 with payload size: 133 at 2024-12-19 18:02:56.913826 sent 2024-12-19 18:02:56.910479
INFO:Message received on topic: type-3/0 with payload size: 92 at 2024-12-19 18:02:57.945660 sent 2024-12-19 18:02:57.940582
INFO:Message received on topic: type-3/8 with payload size: 115 at 2024-12-19 18:02:58.963734 sent 2024-12-19 18:02:58.960504
INFO:Message received on topic: type-3/2 with payload size: 146 at 2024-12-19 18:02:59.982747 sent 2024-12-19 18:02:59.979358
INFO:Message received on topic: type-3/2 with payload size: 147 at 2024-12-19 18:03:01.023282 sent 2024-12-19 18:03:00.995500
INFO:Message received on topic: type-3/9 with payload size: 142 at 2024-12-19 18:03:02.028451 sent 2024-12-19 18:03:02.024645
INFO:Message received on topic: type-3/1 with payload size: 136 at 2024-12-19 18:03:03.070067 sent 2024-12-19 18:03:03.064904
INFO:Message received on topic: type-3/4 with payload size: 91 at 2024-12-19 18:03:04.102727 sent 2024-12-19 18:03:04.082337
INFO:Message received on topic: type-3/6 with payload size: 94 at 2024-12-19 18:03:05.120765 sent 2024-12-19 18:03:05.117455
INFO:Message received on topic: type-3/7 with payload size: 149 at 2024-12-19 18:03:06.150034 sent 2024-12-19 18:03:06.141360
INFO:Message received on topic: type-3/7 with payload size: 123 at 2024-12-19 18:03:07.165508 sent 2024-12-19 18:03:07.163130
INFO:Message received on topic: type-3/0 with payload size: 128 at 2024-12-19 18:03:08.189494 sent 2024-12-19 18:03:08.186682
INFO:Message received on topic: type-3/8 with payload size: 111 at 2024-12-19 18:03:09.208145 sent 2024-12-19 18:03:09.205663
INFO:Message received on topic: type-3/2 with payload size: 141 at 2024-12-19 18:03:10.235694 sent 2024-12-19 18:03:10.232345
INFO:Message received on topic: type-3/3 with payload size: 153 at 2024-12-19 18:03:11.260318 sent 2024-12-19 18:03:11.256835
INFO:Message received on topic: type-3/9 with payload size: 150 at 2024-12-19 18:03:12.276336 sent 2024-12-19 18:03:12.273957
INFO:Message received on topic: type-3/9 with payload size: 130 at 2024-12-19 18:03:13.320933 sent 2024-12-19 18:03:13.290477
INFO:Message received on topic: type-3/6 with payload size: 132 at 2024-12-19 18:03:14.361659 sent 2024-12-19 18:03:14.358748
INFO:Message received on topic: type-3/4 with payload size: 126 at 2024-12-19 18:03:15.379056 sent 2024-12-19 18:03:15.375968
INFO:Message received on topic: type-3/4 with payload size: 140 at 2024-12-19 18:03:16.409626 sent 2024-12-19 18:03:16.390198
INFO:Message received on topic: type-3/7 with payload size: 113 at 2024-12-19 18:03:17.423785 sent 2024-12-19 18:03:17.420258
INFO:Message received on topic: type-3/0 with payload size: 135 at 2024-12-19 18:03:18.453468 sent 2024-12-19 18:03:18.448875
INFO:Message received on topic: type-3/8 with payload size: 125 at 2024-12-19 18:03:19.480440 sent 2024-12-19 18:03:19.477917
INFO:Message received on topic: type-3/3 with payload size: 112 at 2024-12-19 18:03:20.509134 sent 2024-12-19 18:03:20.499840
INFO:Message received on topic: type-3/2 with payload size: 139 at 2024-12-19 18:03:21.523816 sent 2024-12-19 18:03:21.511904
INFO:Message received on topic: type-3/3 with payload size: 133 at 2024-12-19 18:03:22.550291 sent 2024-12-19 18:03:22.531600
INFO:Message received on topic: type-3/1 with payload size: 152 at 2024-12-19 18:03:23.572200 sent 2024-12-19 18:03:23.568055
INFO:Message received on topic: type-3/6 with payload size: 139 at 2024-12-19 18:03:24.609298 sent 2024-12-19 18:03:24.600531
INFO:Message received on topic: type-3/4 with payload size: 126 at 2024-12-19 18:03:25.619074 sent 2024-12-19 18:03:25.616356
INFO:Message received on topic: type-3/5 with payload size: 131 at 2024-12-19 18:03:26.650220 sent 2024-12-19 18:03:26.642561
INFO:Message received on topic: type-3/7 with payload size: 91 at 2024-12-19 18:03:27.671095 sent 2024-12-19 18:03:27.667520
INFO:Message received on topic: type-3/0 with payload size: 146 at 2024-12-19 18:03:28.699661 sent 2024-12-19 18:03:28.696959
INFO:Message received on topic: type-3/8 with payload size: 122 at 2024-12-19 18:03:29.730198 sent 2024-12-19 18:03:29.727480
INFO:Message received on topic: type-3/3 with payload size: 93 at 2024-12-19 18:03:30.754548 sent 2024-12-19 18:03:30.745421
INFO:Message received on topic: type-3/2 with payload size: 102 at 2024-12-19 18:03:31.772326 sent 2024-12-19 18:03:31.768327
INFO:Message received on topic: type-3/2 with payload size: 142 at 2024-12-19 18:03:32.817444 sent 2024-12-19 18:03:32.783202
INFO:Message received on topic: type-3/9 with payload size: 142 at 2024-12-19 18:03:33.821652 sent 2024-12-19 18:03:33.808025
INFO:Message received on topic: type-3/4 with payload size: 128 at 2024-12-19 18:03:34.860759 sent 2024-12-19 18:03:34.857684
INFO:Message received on topic: type-3/6 with payload size: 123 at 2024-12-19 18:03:35.879412 sent 2024-12-19 18:03:35.876116
INFO:Message received on topic: type-3/5 with payload size: 102 at 2024-12-19 18:03:36.904762 sent 2024-12-19 18:03:36.896603
INFO:Message received on topic: type-3/7 with payload size: 146 at 2024-12-19 18:03:37.943534 sent 2024-12-19 18:03:37.933623
INFO:Message received on topic: type-3/0 with payload size: 121 at 2024-12-19 18:03:38.960622 sent 2024-12-19 18:03:38.956962
INFO:Message received on topic: type-3/8 with payload size: 121 at 2024-12-19 18:03:39.991281 sent 2024-12-19 18:03:39.988071
INFO:Message received on topic: type-3/3 with payload size: 139 at 2024-12-19 18:03:41.009387 sent 2024-12-19 18:03:41.005506
INFO:Message received on topic: type-3/2 with payload size: 155 at 2024-12-19 18:03:42.048432 sent 2024-12-19 18:03:42.033599
INFO:Message received on topic: type-3/9 with payload size: 127 at 2024-12-19 18:03:43.058934 sent 2024-12-19 18:03:43.055473
INFO:Message received on topic: type-3/1 with payload size: 94 at 2024-12-19 18:03:44.080700 sent 2024-12-19 18:03:44.076613
INFO:Message received on topic: type-3/9 with payload size: 134 at 2024-12-19 18:03:45.118601 sent 2024-12-19 18:03:45.086888
INFO:Message received on topic: type-3/5 with payload size: 128 at 2024-12-19 18:03:46.152154 sent 2024-12-19 18:03:46.137619
INFO:Message received on topic: type-3/5 with payload size: 92 at 2024-12-19 18:03:47.156277 sent 2024-12-19 18:03:47.152207
INFO:Message received on topic: type-3/0 with payload size: 107 at 2024-12-19 18:03:48.190835 sent 2024-12-19 18:03:48.187500
INFO:Message received on topic: type-3/7 with payload size: 153 at 2024-12-19 18:03:49.206709 sent 2024-12-19 18:03:49.202842
INFO:Message received on topic: type-3/8 with payload size: 137 at 2024-12-19 18:03:50.250785 sent 2024-12-19 18:03:50.241787
INFO:Message received on topic: type-3/3 with payload size: 155 at 2024-12-19 18:03:51.264844 sent 2024-12-19 18:03:51.261568
INFO:Message received on topic: type-3/1 with payload size: 153 at 2024-12-19 18:03:52.314399 sent 2024-12-19 18:03:52.311482
INFO:Message received on topic: type-3/9 with payload size: 124 at 2024-12-19 18:03:53.326758 sent 2024-12-19 18:03:53.308644
INFO:Message received on topic: type-3/1 with payload size: 131 at 2024-12-19 18:03:54.350521 sent 2024-12-19 18:03:54.343493
INFO:Message received on topic: type-3/5 with payload size: 102 at 2024-12-19 18:03:55.410727 sent 2024-12-19 18:03:55.394219
INFO:Message received on topic: type-3/2 with payload size: 95 at 2024-12-19 18:03:56.418549 sent 2024-12-19 18:03:56.385622
INFO:Message received on topic: type-3/7 with payload size: 146 at 2024-12-19 18:03:57.448507 sent 2024-12-19 18:03:57.443592
INFO:Message received on topic: type-3/7 with payload size: 100 at 2024-12-19 18:03:58.465578 sent 2024-12-19 18:03:58.463277
INFO:Message received on topic: type-3/3 with payload size: 146 at 2024-12-19 18:03:59.507217 sent 2024-12-19 18:03:59.497211
INFO:Message received on topic: type-3/3 with payload size: 140 at 2024-12-19 18:04:00.519735 sent 2024-12-19 18:04:00.516352
INFO:Message received on topic: type-3/3 with payload size: 153 at 2024-12-19 18:04:01.557040 sent 2024-12-19 18:04:01.535493
INFO:Message received on topic: type-3/1 with payload size: 106 at 2024-12-19 18:04:02.581137 sent 2024-12-19 18:04:02.578346
INFO:Message received on topic: type-3/1 with payload size: 112 at 2024-12-19 18:04:03.595037 sent 2024-12-19 18:04:03.592095
INFO:Message received on topic: type-3/9 with payload size: 106 at 2024-12-19 18:04:04.622575 sent 2024-12-19 18:04:04.616920
INFO:Message received on topic: type-3/5 with payload size: 130 at 2024-12-19 18:04:05.645846 sent 2024-12-19 18:04:05.642583
INFO:Message received on topic: type-3/4 with payload size: 145 at 2024-12-19 18:04:06.673118 sent 2024-12-19 18:04:06.669397
INFO:Message received on topic: type-3/6 with payload size: 140 at 2024-12-19 18:04:07.702395 sent 2024-12-19 18:04:07.684447
INFO:Message received on topic: type-3/9 with payload size: 128 at 2024-12-19 18:04:08.717662 sent 2024-12-19 18:04:08.685863
INFO:Message received on topic: type-3/0 with payload size: 135 at 2024-12-19 18:04:09.764936 sent 2024-12-19 18:04:09.760937
INFO:Message received on topic: type-3/3 with payload size: 99 at 2024-12-19 18:04:10.790469 sent 2024-12-19 18:04:10.787305
INFO:Message received on topic: type-3/1 with payload size: 94 at 2024-12-19 18:04:11.824858 sent 2024-12-19 18:04:11.821817
INFO:Message received on topic: type-3/1 with payload size: 115 at 2024-12-19 18:04:12.848409 sent 2024-12-19 18:04:12.838738
INFO:Message received on topic: type-3/2 with payload size: 141 at 2024-12-19 18:04:13.865332 sent 2024-12-19 18:04:13.862188
INFO:Message received on topic: type-3/5 with payload size: 116 at 2024-12-19 18:04:14.887155 sent 2024-12-19 18:04:14.884004
INFO:Message received on topic: type-3/2 with payload size: 104 at 2024-12-19 18:04:15.920144 sent 2024-12-19 18:04:15.892944
INFO:Message received on topic: type-3/2 with payload size: 107 at 2024-12-19 18:04:17.021574 sent 2024-12-19 18:04:17.012909
INFO:Message received on topic: type-3/6 with payload size: 141 at 2024-12-19 18:04:18.157435 sent 2024-12-19 18:04:18.136995
INFO:Message received on topic: type-3/4 with payload size: 137 at 2024-12-19 18:04:19.287760 sent 2024-12-19 18:04:19.283576
INFO:Message received on topic: type-3/5 with payload size: 137 at 2024-12-19 18:04:20.579145 sent 2024-12-19 18:04:20.574576
INFO:Message received on topic: type-3/3 with payload size: 134 at 2024-12-19 18:04:21.854751 sent 2024-12-19 18:04:21.852478
INFO:Message received on topic: type-3/7 with payload size: 149 at 2024-12-19 18:04:23.153023 sent 2024-12-19 18:04:23.133820
INFO:Message received on topic: type-3/8 with payload size: 93 at 2024-12-19 18:04:24.612967 sent 2024-12-19 18:04:24.609571
INFO:Message received on topic: type-3/4 with payload size: 96 at 2024-12-19 18:04:26.089866 sent 2024-12-19 18:04:26.085980
INFO:Message received on topic: type-3/4 with payload size: 99 at 2024-12-19 18:04:27.813181 sent 2024-12-19 18:04:27.809915
INFO:Message received on topic: type-3/9 with payload size: 118 at 2024-12-19 18:04:29.625089 sent 2024-12-19 18:04:29.619648
INFO:Message received on topic: type-3/7 with payload size: 123 at 2024-12-19 18:04:31.664985 sent 2024-12-19 18:04:31.661151
INFO:Message received on topic: type-3/6 with payload size: 143 at 2024-12-19 18:04:34.184085 sent 2024-12-19 18:04:34.180926
INFO:Message received on topic: type-3/8 with payload size: 147 at 2024-12-19 18:04:37.407027 sent 2024-12-19 18:04:37.404478
INFO:Message received on topic: type-3/9 with payload size: 133 at 2024-12-19 18:04:43.522100 sent 2024-12-19 18:04:43.514571
