INFO:Starting Version 1.0.5
DEBUG:Using selector: EpollSelector
INFO:Connecting to cluster at: mqtt-quic://emqx-headless.dtwins:14567 using QUIC
INFO:Subscribed to topic: type-2/5
INFO:Logging each: 50
INFO:Unhandled packet type received
INFO:Message received on topic: type-2/5 with payload size: 91 at 2024-12-11 08:46:41.584473 sent 2024-12-11 08:46:41.582692
INFO:Message received on topic: type-2/5 with payload size: 91 at 2024-12-11 08:46:44.183834 sent 2024-12-11 08:46:44.182382
INFO:Message received on topic: type-2/5 with payload size: 91 at 2024-12-11 08:46:46.784668 sent 2024-12-11 08:46:46.783132
INFO:Message received on topic: type-2/5 with payload size: 91 at 2024-12-11 08:46:49.385663 sent 2024-12-11 08:46:49.384213
INFO:Message received on topic: type-2/5 with payload size: 91 at 2024-12-11 08:46:51.984596 sent 2024-12-11 08:46:51.983292
INFO:Message received on topic: type-2/5 with payload size: 91 at 2024-12-11 08:46:54.585561 sent 2024-12-11 08:46:54.584483
INFO:Message received on topic: type-2/5 with payload size: 91 at 2024-12-11 08:46:57.182524 sent 2024-12-11 08:46:57.181147
INFO:Message received on topic: type-2/5 with payload size: 91 at 2024-12-11 08:46:59.781135 sent 2024-12-11 08:46:59.779689
INFO:Message received on topic: type-2/5 with payload size: 91 at 2024-12-11 08:47:02.376220 sent 2024-12-11 08:47:02.375222
INFO:Message received on topic: type-2/5 with payload size: 91 at 2024-12-11 08:47:04.976703 sent 2024-12-11 08:47:04.975276
INFO:Message received on topic: type-2/5 with payload size: 91 at 2024-12-11 08:47:07.578161 sent 2024-12-11 08:47:07.576286
INFO:Message received on topic: type-2/5 with payload size: 91 at 2024-12-11 08:47:10.181752 sent 2024-12-11 08:47:10.177263
INFO:Message received on topic: type-2/5 with payload size: 91 at 2024-12-11 08:47:12.779994 sent 2024-12-11 08:47:12.778549
INFO:Message received on topic: type-2/5 with payload size: 91 at 2024-12-11 08:47:15.383483 sent 2024-12-11 08:47:15.379124
INFO:Message received on topic: type-2/5 with payload size: 91 at 2024-12-11 08:47:17.986822 sent 2024-12-11 08:47:17.976020
INFO:Message received on topic: type-2/5 with payload size: 91 at 2024-12-11 08:47:20.580943 sent 2024-12-11 08:47:20.579792
INFO:Message received on topic: type-2/5 with payload size: 91 at 2024-12-11 08:47:23.186719 sent 2024-12-11 08:47:23.184519
INFO:Message received on topic: type-2/5 with payload size: 91 at 2024-12-11 08:47:25.796830 sent 2024-12-11 08:47:25.793753
INFO:Message received on topic: type-2/5 with payload size: 91 at 2024-12-11 08:47:28.451131 sent 2024-12-11 08:47:28.395992
INFO:Message received on topic: type-2/5 with payload size: 91 at 2024-12-11 08:47:31.058678 sent 2024-12-11 08:47:30.996817
INFO:Message received on topic: type-2/5 with payload size: 91 at 2024-12-11 08:47:33.651721 sent 2024-12-11 08:47:33.598729
INFO:Message received on topic: type-2/5 with payload size: 91 at 2024-12-11 08:47:36.259861 sent 2024-12-11 08:47:36.199760
INFO:Message received on topic: type-2/5 with payload size: 91 at 2024-12-11 08:47:38.871401 sent 2024-12-11 08:47:38.798273
INFO:Message received on topic: type-2/5 with payload size: 91 at 2024-12-11 08:47:41.455300 sent 2024-12-11 08:47:41.399785
INFO:Message received on topic: type-2/5 with payload size: 91 at 2024-12-11 08:47:44.066962 sent 2024-12-11 08:47:44.004907
INFO:Message received on topic: type-2/5 with payload size: 91 at 2024-12-11 08:47:46.656075 sent 2024-12-11 08:47:46.609204
INFO:Message received on topic: type-2/5 with payload size: 91 at 2024-12-11 08:47:49.248842 sent 2024-12-11 08:47:49.211169
INFO:Message received on topic: type-2/5 with payload size: 91 at 2024-12-11 08:47:51.857870 sent 2024-12-11 08:47:51.814505
INFO:Message received on topic: type-2/5 with payload size: 91 at 2024-12-11 08:47:54.462183 sent 2024-12-11 08:47:54.417270
INFO:Message received on topic: type-2/5 with payload size: 91 at 2024-12-11 08:47:57.064033 sent 2024-12-11 08:47:57.018512
INFO:Message received on topic: type-2/5 with payload size: 91 at 2024-12-11 08:47:59.661176 sent 2024-12-11 08:47:59.624951
INFO:Message received on topic: type-2/5 with payload size: 91 at 2024-12-11 08:48:02.256357 sent 2024-12-11 08:48:02.238216
INFO:Message received on topic: type-2/5 with payload size: 91 at 2024-12-11 08:48:04.854644 sent 2024-12-11 08:48:04.842624
INFO:Message received on topic: type-2/5 with payload size: 91 at 2024-12-11 08:48:07.459885 sent 2024-12-11 08:48:07.446068
INFO:Message received on topic: type-2/5 with payload size: 91 at 2024-12-11 08:48:10.066733 sent 2024-12-11 08:48:10.059536
INFO:Message received on topic: type-2/5 with payload size: 91 at 2024-12-11 08:48:12.679978 sent 2024-12-11 08:48:12.669891
INFO:Message received on topic: type-2/5 with payload size: 91 at 2024-12-11 08:48:15.365138 sent 2024-12-11 08:48:15.275710
INFO:Message received on topic: type-2/5 with payload size: 91 at 2024-12-11 08:48:17.887535 sent 2024-12-11 08:48:17.882632
INFO:Message received on topic: type-2/5 with payload size: 91 at 2024-12-11 08:48:20.549281 sent 2024-12-11 08:48:20.486490
INFO:Message received on topic: type-2/5 with payload size: 91 at 2024-12-11 08:48:23.150838 sent 2024-12-11 08:48:23.092288
INFO:Message received on topic: type-2/5 with payload size: 91 at 2024-12-11 08:48:25.757700 sent 2024-12-11 08:48:25.699920
INFO:Message received on topic: type-2/5 with payload size: 91 at 2024-12-11 08:48:28.357757 sent 2024-12-11 08:48:28.308660
INFO:Message received on topic: type-2/5 with payload size: 91 at 2024-12-11 08:48:30.958090 sent 2024-12-11 08:48:30.920139
INFO:Message received on topic: type-2/5 with payload size: 91 at 2024-12-11 08:48:33.562206 sent 2024-12-11 08:48:33.533626
INFO:Message received on topic: type-2/5 with payload size: 91 at 2024-12-11 08:48:36.151717 sent 2024-12-11 08:48:36.138199
INFO:Message received on topic: type-2/5 with payload size: 91 at 2024-12-11 08:48:38.760477 sent 2024-12-11 08:48:38.745992
INFO:Message received on topic: type-2/5 with payload size: 91 at 2024-12-11 08:48:41.365768 sent 2024-12-11 08:48:41.352113
INFO:Message received on topic: type-2/5 with payload size: 91 at 2024-12-11 08:48:43.970654 sent 2024-12-11 08:48:43.958312
INFO:Message received on topic: type-2/5 with payload size: 91 at 2024-12-11 08:48:46.586955 sent 2024-12-11 08:48:46.560195
INFO:Message received on topic: type-2/5 with payload size: 91 at 2024-12-11 08:48:49.176187 sent 2024-12-11 08:48:49.168458
INFO:Message received on topic: type-2/5 with payload size: 91 at 2024-12-11 08:48:51.780759 sent 2024-12-11 08:48:51.776741
INFO:Message received on topic: type-2/5 with payload size: 91 at 2024-12-11 08:48:54.447096 sent 2024-12-11 08:48:54.380689
INFO:Message received on topic: type-2/5 with payload size: 91 at 2024-12-11 08:48:57.046107 sent 2024-12-11 08:48:56.984483
INFO:Message received on topic: type-2/5 with payload size: 91 at 2024-12-11 08:48:59.654121 sent 2024-12-11 08:48:59.598281
INFO:Message received on topic: type-2/5 with payload size: 91 at 2024-12-11 08:49:02.263194 sent 2024-12-11 08:49:02.211689
INFO:Message received on topic: type-2/5 with payload size: 91 at 2024-12-11 08:49:04.849678 sent 2024-12-11 08:49:04.815162
INFO:Message received on topic: type-2/5 with payload size: 91 at 2024-12-11 08:49:07.468284 sent 2024-12-11 08:49:07.403765
INFO:Message received on topic: type-2/5 with payload size: 91 at 2024-12-11 08:49:10.048419 sent 2024-12-11 08:49:09.987384
INFO:Message received on topic: type-2/5 with payload size: 91 at 2024-12-11 08:49:12.669278 sent 2024-12-11 08:49:12.573079
INFO:Message received on topic: type-2/5 with payload size: 91 at 2024-12-11 08:49:15.178208 sent 2024-12-11 08:49:15.168478
INFO:Message received on topic: type-2/5 with payload size: 91 at 2024-12-11 08:49:17.784818 sent 2024-12-11 08:49:17.773836
INFO:Message received on topic: type-2/5 with payload size: 91 at 2024-12-11 08:49:20.390062 sent 2024-12-11 08:49:20.385649
INFO:Message received on topic: type-2/5 with payload size: 91 at 2024-12-11 08:49:23.054237 sent 2024-12-11 08:49:22.991373
INFO:Message received on topic: type-2/5 with payload size: 91 at 2024-12-11 08:49:25.652452 sent 2024-12-11 08:49:25.604700
INFO:Message received on topic: type-2/5 with payload size: 91 at 2024-12-11 08:49:28.265898 sent 2024-12-11 08:49:28.213033
INFO:Message received on topic: type-2/5 with payload size: 91 at 2024-12-11 08:49:30.878196 sent 2024-12-11 08:49:30.819855
INFO:Message received on topic: type-2/5 with payload size: 91 at 2024-12-11 08:49:33.471306 sent 2024-12-11 08:49:33.426410
INFO:Message received on topic: type-2/5 with payload size: 91 at 2024-12-11 08:49:36.052132 sent 2024-12-11 08:49:36.034985
INFO:Message received on topic: type-2/5 with payload size: 91 at 2024-12-11 08:49:38.661958 sent 2024-12-11 08:49:38.644826
INFO:Message received on topic: type-2/5 with payload size: 91 at 2024-12-11 08:49:41.264721 sent 2024-12-11 08:49:41.250475
INFO:Message received on topic: type-2/5 with payload size: 91 at 2024-12-11 08:49:43.861320 sent 2024-12-11 08:49:43.855965
INFO:Message received on topic: type-2/5 with payload size: 91 at 2024-12-11 08:49:46.469550 sent 2024-12-11 08:49:46.465846
INFO:Message received on topic: type-2/5 with payload size: 91 at 2024-12-11 08:49:49.077518 sent 2024-12-11 08:49:49.072015
INFO:Message received on topic: type-2/5 with payload size: 91 at 2024-12-11 08:49:51.778631 sent 2024-12-11 08:49:51.679633
INFO:Message received on topic: type-2/5 with payload size: 91 at 2024-12-11 08:49:54.351408 sent 2024-12-11 08:49:54.288002
INFO:Message received on topic: type-2/5 with payload size: 91 at 2024-12-11 08:49:56.953306 sent 2024-12-11 08:49:56.893787
INFO:Message received on topic: type-2/5 with payload size: 91 at 2024-12-11 08:49:59.551115 sent 2024-12-11 08:49:59.501891
INFO:Message received on topic: type-2/5 with payload size: 91 at 2024-12-11 08:50:02.152252 sent 2024-12-11 08:50:02.111084
INFO:Message received on topic: type-2/5 with payload size: 91 at 2024-12-11 08:50:04.752692 sent 2024-12-11 08:50:04.719413
INFO:Message received on topic: type-2/5 with payload size: 91 at 2024-12-11 08:50:07.382522 sent 2024-12-11 08:50:07.328271
INFO:Message received on topic: type-2/5 with payload size: 91 at 2024-12-11 08:50:09.955160 sent 2024-12-11 08:50:09.932221
INFO:Message received on topic: type-2/5 with payload size: 91 at 2024-12-11 08:50:12.553040 sent 2024-12-11 08:50:12.542554
INFO:Message received on topic: type-2/5 with payload size: 91 at 2024-12-11 08:50:15.157890 sent 2024-12-11 08:50:15.148461
INFO:Message received on topic: type-2/5 with payload size: 91 at 2024-12-11 08:50:17.762699 sent 2024-12-11 08:50:17.759015
INFO:Message received on topic: type-2/5 with payload size: 91 at 2024-12-11 08:50:20.434974 sent 2024-12-11 08:50:20.371551
INFO:Message received on topic: type-2/5 with payload size: 91 at 2024-12-11 08:50:23.074739 sent 2024-12-11 08:50:22.986179
INFO:Message received on topic: type-2/5 with payload size: 91 at 2024-12-11 08:50:25.657616 sent 2024-12-11 08:50:25.595958
INFO:Message received on topic: type-2/5 with payload size: 91 at 2024-12-11 08:50:28.261646 sent 2024-12-11 08:50:28.202786
INFO:Message received on topic: type-2/5 with payload size: 91 at 2024-12-11 08:50:30.852679 sent 2024-12-11 08:50:30.812491
INFO:Message received on topic: type-2/5 with payload size: 91 at 2024-12-11 08:50:33.458224 sent 2024-12-11 08:50:33.419841
INFO:Message received on topic: type-2/5 with payload size: 91 at 2024-12-11 08:50:36.063635 sent 2024-12-11 08:50:36.023249
INFO:Message received on topic: type-2/5 with payload size: 91 at 2024-12-11 08:50:38.690827 sent 2024-12-11 08:50:38.629952
INFO:Message received on topic: type-2/5 with payload size: 91 at 2024-12-11 08:50:41.263675 sent 2024-12-11 08:50:41.231155
INFO:Message received on topic: type-2/5 with payload size: 91 at 2024-12-11 08:50:43.977520 sent 2024-12-11 08:50:43.841898
INFO:Message received on topic: type-2/5 with payload size: 91 at 2024-12-11 08:50:46.458819 sent 2024-12-11 08:50:46.445709
INFO:Message received on topic: type-2/5 with payload size: 91 at 2024-12-11 08:50:49.070891 sent 2024-12-11 08:50:49.051620
INFO:Message received on topic: type-2/5 with payload size: 91 at 2024-12-11 08:50:51.681516 sent 2024-12-11 08:50:51.664794
INFO:Message received on topic: type-2/5 with payload size: 91 at 2024-12-11 08:50:54.284967 sent 2024-12-11 08:50:54.274784
INFO:Message received on topic: type-2/5 with payload size: 91 at 2024-12-11 08:50:56.945919 sent 2024-12-11 08:50:56.878506
INFO:Message received on topic: type-2/5 with payload size: 91 at 2024-12-11 08:50:59.551492 sent 2024-12-11 08:50:59.485433
INFO:Message received on topic: type-2/5 with payload size: 91 at 2024-12-11 08:51:02.160064 sent 2024-12-11 08:51:02.091024
INFO:Message received on topic: type-2/5 with payload size: 91 at 2024-12-11 08:51:04.760711 sent 2024-12-11 08:51:04.698498
INFO:Message received on topic: type-2/5 with payload size: 91 at 2024-12-11 08:51:07.357412 sent 2024-12-11 08:51:07.303784
INFO:Message received on topic: type-2/5 with payload size: 91 at 2024-12-11 08:51:09.966030 sent 2024-12-11 08:51:09.916626
INFO:Message received on topic: type-2/5 with payload size: 91 at 2024-12-11 08:51:12.579655 sent 2024-12-11 08:51:12.525640
INFO:Message received on topic: type-2/5 with payload size: 91 at 2024-12-11 08:51:15.157790 sent 2024-12-11 08:51:15.133108
INFO:Message received on topic: type-2/5 with payload size: 91 at 2024-12-11 08:51:17.757462 sent 2024-12-11 08:51:17.740667
INFO:Message received on topic: type-2/5 with payload size: 91 at 2024-12-11 08:51:20.379729 sent 2024-12-11 08:51:20.345935
INFO:Message received on topic: type-2/5 with payload size: 91 at 2024-12-11 08:51:22.963559 sent 2024-12-11 08:51:22.953556
INFO:Message received on topic: type-2/5 with payload size: 91 at 2024-12-11 08:51:25.569575 sent 2024-12-11 08:51:25.565219
INFO:Message received on topic: type-2/5 with payload size: 91 at 2024-12-11 08:51:28.180256 sent 2024-12-11 08:51:28.170055
INFO:Message received on topic: type-2/5 with payload size: 91 at 2024-12-11 08:51:30.783419 sent 2024-12-11 08:51:30.779487
INFO:Message received on topic: type-2/5 with payload size: 91 at 2024-12-11 08:51:33.462524 sent 2024-12-11 08:51:33.391582
INFO:Message received on topic: type-2/5 with payload size: 91 at 2024-12-11 08:51:36.056512 sent 2024-12-11 08:51:35.998218
INFO:Message received on topic: type-2/5 with payload size: 91 at 2024-12-11 08:51:38.670476 sent 2024-12-11 08:51:38.605856
INFO:Message received on topic: type-2/5 with payload size: 91 at 2024-12-11 08:51:41.262299 sent 2024-12-11 08:51:41.211665
INFO:Message received on topic: type-2/5 with payload size: 91 at 2024-12-11 08:51:43.852597 sent 2024-12-11 08:51:43.820684
INFO:Message received on topic: type-2/5 with payload size: 91 at 2024-12-11 08:51:46.470715 sent 2024-12-11 08:51:46.430018
INFO:Message received on topic: type-2/5 with payload size: 91 at 2024-12-11 08:51:49.058818 sent 2024-12-11 08:51:49.035078
INFO:Message received on topic: type-2/5 with payload size: 91 at 2024-12-11 08:51:51.652380 sent 2024-12-11 08:51:51.640789
INFO:Message received on topic: type-2/5 with payload size: 91 at 2024-12-11 08:51:54.257566 sent 2024-12-11 08:51:54.248837
INFO:Message received on topic: type-2/5 with payload size: 91 at 2024-12-11 08:51:56.874749 sent 2024-12-11 08:51:56.861377
INFO:Message received on topic: type-2/5 with payload size: 91 at 2024-12-11 08:51:59.477646 sent 2024-12-11 08:51:59.470234
INFO:Message received on topic: type-2/5 with payload size: 91 at 2024-12-11 08:52:02.089308 sent 2024-12-11 08:52:02.077262
INFO:Message received on topic: type-2/5 with payload size: 91 at 2024-12-11 08:52:04.688316 sent 2024-12-11 08:52:04.683683
INFO:Message received on topic: type-2/5 with payload size: 91 at 2024-12-11 08:52:07.353626 sent 2024-12-11 08:52:07.291276
INFO:Message received on topic: type-2/5 with payload size: 91 at 2024-12-11 08:52:09.950041 sent 2024-12-11 08:52:09.895623
INFO:Message received on topic: type-2/5 with payload size: 91 at 2024-12-11 08:52:12.551595 sent 2024-12-11 08:52:12.502697
INFO:Message received on topic: type-2/5 with payload size: 91 at 2024-12-11 08:52:15.151304 sent 2024-12-11 08:52:15.112023
INFO:Message received on topic: type-2/5 with payload size: 91 at 2024-12-11 08:52:17.784140 sent 2024-12-11 08:52:17.726772
INFO:Message received on topic: type-2/5 with payload size: 91 at 2024-12-11 08:52:20.353943 sent 2024-12-11 08:52:20.338619
INFO:Message received on topic: type-2/5 with payload size: 91 at 2024-12-11 08:52:22.958111 sent 2024-12-11 08:52:22.945590
INFO:Message received on topic: type-2/5 with payload size: 91 at 2024-12-11 08:52:25.561550 sent 2024-12-11 08:52:25.550803
INFO:Message received on topic: type-2/5 with payload size: 91 at 2024-12-11 08:52:28.169475 sent 2024-12-11 08:52:28.156475
INFO:Message received on topic: type-2/5 with payload size: 91 at 2024-12-11 08:52:30.767733 sent 2024-12-11 08:52:30.763943
INFO:Message received on topic: type-2/5 with payload size: 91 at 2024-12-11 08:52:33.450129 sent 2024-12-11 08:52:33.375114
INFO:Message received on topic: type-2/5 with payload size: 91 at 2024-12-11 08:52:36.046630 sent 2024-12-11 08:52:35.985838
INFO:Message received on topic: type-2/5 with payload size: 91 at 2024-12-11 08:52:38.651582 sent 2024-12-11 08:52:38.597003
INFO:Message received on topic: type-2/5 with payload size: 91 at 2024-12-11 08:52:41.251707 sent 2024-12-11 08:52:41.204627
INFO:Message received on topic: type-2/5 with payload size: 91 at 2024-12-11 08:52:43.859915 sent 2024-12-11 08:52:43.811045
INFO:Message received on topic: type-2/5 with payload size: 91 at 2024-12-11 08:52:46.446156 sent 2024-12-11 08:52:46.413824
INFO:Message received on topic: type-2/5 with payload size: 91 at 2024-12-11 08:52:49.078262 sent 2024-12-11 08:52:49.022656
INFO:Message received on topic: type-2/5 with payload size: 91 at 2024-12-11 08:52:51.655442 sent 2024-12-11 08:52:51.636297
INFO:Message received on topic: type-2/5 with payload size: 91 at 2024-12-11 08:52:54.255647 sent 2024-12-11 08:52:54.240600
INFO:Message received on topic: type-2/5 with payload size: 91 at 2024-12-11 08:52:56.866906 sent 2024-12-11 08:52:56.848732
INFO:Message received on topic: type-2/5 with payload size: 91 at 2024-12-11 08:52:59.463235 sent 2024-12-11 08:52:59.458668
INFO:Message received on topic: type-2/5 with payload size: 91 at 2024-12-11 08:53:02.073288 sent 2024-12-11 08:53:02.067464
INFO:Message received on topic: type-2/5 with payload size: 91 at 2024-12-11 08:53:04.685918 sent 2024-12-11 08:53:04.671248
INFO:Message received on topic: type-2/5 with payload size: 91 at 2024-12-11 08:53:07.334684 sent 2024-12-11 08:53:07.276744
INFO:Message received on topic: type-2/5 with payload size: 91 at 2024-12-11 08:53:09.947152 sent 2024-12-11 08:53:09.885573
INFO:Message received on topic: type-2/5 with payload size: 91 at 2024-12-11 08:53:12.546058 sent 2024-12-11 08:53:12.499118
INFO:Message received on topic: type-2/5 with payload size: 91 at 2024-12-11 08:53:15.153916 sent 2024-12-11 08:53:15.104231
INFO:Message received on topic: type-2/5 with payload size: 91 at 2024-12-11 08:53:17.748153 sent 2024-12-11 08:53:17.714677
INFO:Message received on topic: type-2/5 with payload size: 91 at 2024-12-11 08:53:20.457839 sent 2024-12-11 08:53:20.320828
INFO:Message received on topic: type-2/5 with payload size: 91 at 2024-12-11 08:53:22.981035 sent 2024-12-11 08:53:22.925532
INFO:Message received on topic: type-2/5 with payload size: 91 at 2024-12-11 08:53:25.587853 sent 2024-12-11 08:53:25.529634
INFO:Message received on topic: type-2/5 with payload size: 91 at 2024-12-11 08:53:28.153007 sent 2024-12-11 08:53:28.135560
INFO:Message received on topic: type-2/5 with payload size: 91 at 2024-12-11 08:53:30.754695 sent 2024-12-11 08:53:30.741957
INFO:Message received on topic: type-2/5 with payload size: 91 at 2024-12-11 08:53:33.358385 sent 2024-12-11 08:53:33.350103
INFO:Message received on topic: type-2/5 with payload size: 91 at 2024-12-11 08:53:35.970923 sent 2024-12-11 08:53:35.960259
INFO:Message received on topic: type-2/5 with payload size: 91 at 2024-12-11 08:53:38.585735 sent 2024-12-11 08:53:38.567433
INFO:Message received on topic: type-2/5 with payload size: 91 at 2024-12-11 08:53:41.181090 sent 2024-12-11 08:53:41.173423
INFO:Message received on topic: type-2/5 with payload size: 91 at 2024-12-11 08:53:43.847962 sent 2024-12-11 08:53:43.780896
INFO:Message received on topic: type-2/5 with payload size: 91 at 2024-12-11 08:53:46.450113 sent 2024-12-11 08:53:46.386468
INFO:Message received on topic: type-2/5 with payload size: 91 at 2024-12-11 08:53:49.049067 sent 2024-12-11 08:53:48.995189
INFO:Message received on topic: type-2/5 with payload size: 91 at 2024-12-11 08:53:51.661375 sent 2024-12-11 08:53:51.601665
INFO:Message received on topic: type-2/5 with payload size: 91 at 2024-12-11 08:53:54.262040 sent 2024-12-11 08:53:54.205846
INFO:Message received on topic: type-2/5 with payload size: 91 at 2024-12-11 08:53:56.851642 sent 2024-12-11 08:53:56.809774
INFO:Message received on topic: type-2/5 with payload size: 91 at 2024-12-11 08:53:59.537868 sent 2024-12-11 08:53:59.417629
INFO:Message received on topic: type-2/5 with payload size: 91 at 2024-12-11 08:54:02.082088 sent 2024-12-11 08:54:02.025680
INFO:Message received on topic: type-2/5 with payload size: 91 at 2024-12-11 08:54:04.653157 sent 2024-12-11 08:54:04.630858
INFO:Message received on topic: type-2/5 with payload size: 91 at 2024-12-11 08:54:07.276988 sent 2024-12-11 08:54:07.238841
INFO:Message received on topic: type-2/5 with payload size: 91 at 2024-12-11 08:54:09.863203 sent 2024-12-11 08:54:09.851217
INFO:Message received on topic: type-2/5 with payload size: 91 at 2024-12-11 08:54:12.465433 sent 2024-12-11 08:54:12.459620
INFO:Message received on topic: type-2/5 with payload size: 91 at 2024-12-11 08:54:15.135720 sent 2024-12-11 08:54:15.068022
INFO:Message received on topic: type-2/5 with payload size: 91 at 2024-12-11 08:54:17.747610 sent 2024-12-11 08:54:17.677852
INFO:Message received on topic: type-2/5 with payload size: 91 at 2024-12-11 08:54:20.368765 sent 2024-12-11 08:54:20.286412
INFO:Message received on topic: type-2/5 with payload size: 91 at 2024-12-11 08:54:22.952786 sent 2024-12-11 08:54:22.894161
INFO:Message received on topic: type-2/5 with payload size: 91 at 2024-12-11 08:54:25.557187 sent 2024-12-11 08:54:25.500040
INFO:Message received on topic: type-2/5 with payload size: 91 at 2024-12-11 08:54:28.153001 sent 2024-12-11 08:54:28.105099
INFO:Message received on topic: type-2/5 with payload size: 91 at 2024-12-11 08:54:30.756045 sent 2024-12-11 08:54:30.713189
INFO:Message received on topic: type-2/5 with payload size: 91 at 2024-12-11 08:54:33.381637 sent 2024-12-11 08:54:33.321439
INFO:Message received on topic: type-2/5 with payload size: 91 at 2024-12-11 08:54:36.135247 sent 2024-12-11 08:54:35.928476
INFO:Message received on topic: type-2/5 with payload size: 91 at 2024-12-11 08:54:38.553787 sent 2024-12-11 08:54:38.535629
INFO:Message received on topic: type-2/5 with payload size: 91 at 2024-12-11 08:54:41.161613 sent 2024-12-11 08:54:41.143598
INFO:Message received on topic: type-2/5 with payload size: 91 at 2024-12-11 08:54:43.765154 sent 2024-12-11 08:54:43.751172
INFO:Message received on topic: type-2/5 with payload size: 91 at 2024-12-11 08:54:46.358816 sent 2024-12-11 08:54:46.354145
INFO:Message received on topic: type-2/5 with payload size: 91 at 2024-12-11 08:54:48.969256 sent 2024-12-11 08:54:48.960307
INFO:Message received on topic: type-2/5 with payload size: 91 at 2024-12-11 08:54:51.574914 sent 2024-12-11 08:54:51.568133
INFO:Message received on topic: type-2/5 with payload size: 91 at 2024-12-11 08:54:54.254673 sent 2024-12-11 08:54:54.178263
INFO:Message received on topic: type-2/5 with payload size: 91 at 2024-12-11 08:54:56.885294 sent 2024-12-11 08:54:56.782787
INFO:Message received on topic: type-2/5 with payload size: 91 at 2024-12-11 08:54:59.450012 sent 2024-12-11 08:54:59.387956
INFO:Message received on topic: type-2/5 with payload size: 91 at 2024-12-11 08:55:02.041715 sent 2024-12-11 08:55:02.002578
INFO:Message received on topic: type-2/5 with payload size: 91 at 2024-12-11 08:55:04.643214 sent 2024-12-11 08:55:04.611001
INFO:Message received on topic: type-2/5 with payload size: 91 at 2024-12-11 08:55:07.247393 sent 2024-12-11 08:55:07.214312
INFO:Message received on topic: type-2/5 with payload size: 91 at 2024-12-11 08:55:09.874348 sent 2024-12-11 08:55:09.818840
