INFO:Starting Version 1.0.5
DEBUG:Using selector: EpollSelector
INFO:Connecting to cluster at: mqtt-quic://emqx-headless.dtwins:14567 using QUIC
INFO:Subscribed to topic: type-2/1
INFO:Logging each: 50
INFO:Unhandled packet type received
INFO:Message received on topic: type-2/1 with payload size: 91 at 2024-12-11 08:46:25.853501 sent 2024-12-11 08:46:25.851903
INFO:Message received on topic: type-2/1 with payload size: 91 at 2024-12-11 08:46:28.449709 sent 2024-12-11 08:46:28.448690
INFO:Message received on topic: type-2/1 with payload size: 91 at 2024-12-11 08:46:31.051758 sent 2024-12-11 08:46:31.050125
INFO:Message received on topic: type-2/1 with payload size: 91 at 2024-12-11 08:46:33.651875 sent 2024-12-11 08:46:33.650642
INFO:Message received on topic: type-2/1 with payload size: 91 at 2024-12-11 08:46:36.253682 sent 2024-12-11 08:46:36.252017
INFO:Message received on topic: type-2/1 with payload size: 91 at 2024-12-11 08:46:38.855573 sent 2024-12-11 08:46:38.854106
INFO:Message received on topic: type-2/1 with payload size: 91 at 2024-12-11 08:46:41.458500 sent 2024-12-11 08:46:41.456870
INFO:Message received on topic: type-2/1 with payload size: 91 at 2024-12-11 08:46:44.059688 sent 2024-12-11 08:46:44.058148
INFO:Message received on topic: type-2/1 with payload size: 91 at 2024-12-11 08:46:46.658187 sent 2024-12-11 08:46:46.657056
INFO:Message received on topic: type-2/1 with payload size: 91 at 2024-12-11 08:46:49.262121 sent 2024-12-11 08:46:49.260586
INFO:Message received on topic: type-2/1 with payload size: 91 at 2024-12-11 08:46:51.866099 sent 2024-12-11 08:46:51.864576
INFO:Message received on topic: type-2/1 with payload size: 91 at 2024-12-11 08:46:54.469242 sent 2024-12-11 08:46:54.467638
INFO:Message received on topic: type-2/1 with payload size: 91 at 2024-12-11 08:46:57.068588 sent 2024-12-11 08:46:57.067179
INFO:Message received on topic: type-2/1 with payload size: 91 at 2024-12-11 08:46:59.670171 sent 2024-12-11 08:46:59.668268
INFO:Message received on topic: type-2/1 with payload size: 91 at 2024-12-11 08:47:02.270824 sent 2024-12-11 08:47:02.269040
INFO:Message received on topic: type-2/1 with payload size: 91 at 2024-12-11 08:47:04.871036 sent 2024-12-11 08:47:04.869606
INFO:Message received on topic: type-2/1 with payload size: 91 at 2024-12-11 08:47:07.473049 sent 2024-12-11 08:47:07.471931
INFO:Message received on topic: type-2/1 with payload size: 91 at 2024-12-11 08:47:10.074053 sent 2024-12-11 08:47:10.072768
INFO:Message received on topic: type-2/1 with payload size: 91 at 2024-12-11 08:47:12.675440 sent 2024-12-11 08:47:12.673695
INFO:Message received on topic: type-2/1 with payload size: 91 at 2024-12-11 08:47:15.276528 sent 2024-12-11 08:47:15.274966
INFO:Message received on topic: type-2/1 with payload size: 91 at 2024-12-11 08:47:17.881780 sent 2024-12-11 08:47:17.872765
INFO:Message received on topic: type-2/1 with payload size: 91 at 2024-12-11 08:47:20.483879 sent 2024-12-11 08:47:20.476692
INFO:Message received on topic: type-2/1 with payload size: 91 at 2024-12-11 08:47:23.081774 sent 2024-12-11 08:47:23.080161
INFO:Message received on topic: type-2/1 with payload size: 91 at 2024-12-11 08:47:25.686082 sent 2024-12-11 08:47:25.684686
INFO:Message received on topic: type-2/1 with payload size: 91 at 2024-12-11 08:47:28.291312 sent 2024-12-11 08:47:28.285636
INFO:Message received on topic: type-2/1 with payload size: 91 at 2024-12-11 08:47:30.982869 sent 2024-12-11 08:47:30.888577
INFO:Message received on topic: type-2/1 with payload size: 91 at 2024-12-11 08:47:33.550056 sent 2024-12-11 08:47:33.493170
INFO:Message received on topic: type-2/1 with payload size: 91 at 2024-12-11 08:47:36.151432 sent 2024-12-11 08:47:36.094138
INFO:Message received on topic: type-2/1 with payload size: 91 at 2024-12-11 08:47:38.777677 sent 2024-12-11 08:47:38.695183
INFO:Message received on topic: type-2/1 with payload size: 91 at 2024-12-11 08:47:41.356016 sent 2024-12-11 08:47:41.296629
INFO:Message received on topic: type-2/1 with payload size: 91 at 2024-12-11 08:47:43.990977 sent 2024-12-11 08:47:43.906127
INFO:Message received on topic: type-2/1 with payload size: 91 at 2024-12-11 08:47:46.555528 sent 2024-12-11 08:47:46.511384
INFO:Message received on topic: type-2/1 with payload size: 91 at 2024-12-11 08:47:49.157484 sent 2024-12-11 08:47:49.111587
INFO:Message received on topic: type-2/1 with payload size: 91 at 2024-12-11 08:47:51.756099 sent 2024-12-11 08:47:51.713602
INFO:Message received on topic: type-2/1 with payload size: 91 at 2024-12-11 08:47:54.362866 sent 2024-12-11 08:47:54.318904
INFO:Message received on topic: type-2/1 with payload size: 91 at 2024-12-11 08:47:56.979178 sent 2024-12-11 08:47:56.923552
INFO:Message received on topic: type-2/1 with payload size: 91 at 2024-12-11 08:47:59.588293 sent 2024-12-11 08:47:59.537558
INFO:Message received on topic: type-2/1 with payload size: 91 at 2024-12-11 08:48:02.157235 sent 2024-12-11 08:48:02.146020
INFO:Message received on topic: type-2/1 with payload size: 91 at 2024-12-11 08:48:04.768425 sent 2024-12-11 08:48:04.752795
INFO:Message received on topic: type-2/1 with payload size: 91 at 2024-12-11 08:48:07.365239 sent 2024-12-11 08:48:07.360042
INFO:Message received on topic: type-2/1 with payload size: 91 at 2024-12-11 08:48:09.977621 sent 2024-12-11 08:48:09.968404
INFO:Message received on topic: type-2/1 with payload size: 91 at 2024-12-11 08:48:12.584294 sent 2024-12-11 08:48:12.575499
INFO:Message received on topic: type-2/1 with payload size: 91 at 2024-12-11 08:48:15.189815 sent 2024-12-11 08:48:15.183253
INFO:Message received on topic: type-2/1 with payload size: 91 at 2024-12-11 08:48:17.856826 sent 2024-12-11 08:48:17.799743
INFO:Message received on topic: type-2/1 with payload size: 91 at 2024-12-11 08:48:20.458994 sent 2024-12-11 08:48:20.413035
INFO:Message received on topic: type-2/1 with payload size: 91 at 2024-12-11 08:48:23.077484 sent 2024-12-11 08:48:23.021174
INFO:Message received on topic: type-2/1 with payload size: 91 at 2024-12-11 08:48:25.652173 sent 2024-12-11 08:48:25.630256
INFO:Message received on topic: type-2/1 with payload size: 91 at 2024-12-11 08:48:28.249929 sent 2024-12-11 08:48:28.236036
INFO:Message received on topic: type-2/1 with payload size: 91 at 2024-12-11 08:48:30.861013 sent 2024-12-11 08:48:30.842578
INFO:Message received on topic: type-2/1 with payload size: 91 at 2024-12-11 08:48:33.478037 sent 2024-12-11 08:48:33.447923
INFO:Message received on topic: type-2/1 with payload size: 91 at 2024-12-11 08:48:36.060611 sent 2024-12-11 08:48:36.054867
INFO:Message received on topic: type-2/1 with payload size: 91 at 2024-12-11 08:48:38.678005 sent 2024-12-11 08:48:38.660904
INFO:Message received on topic: type-2/1 with payload size: 91 at 2024-12-11 08:48:41.280136 sent 2024-12-11 08:48:41.268697
INFO:Message received on topic: type-2/1 with payload size: 91 at 2024-12-11 08:48:43.882740 sent 2024-12-11 08:48:43.875337
INFO:Message received on topic: type-2/1 with payload size: 91 at 2024-12-11 08:48:46.550571 sent 2024-12-11 08:48:46.477970
INFO:Message received on topic: type-2/1 with payload size: 91 at 2024-12-11 08:48:49.152242 sent 2024-12-11 08:48:49.084801
INFO:Message received on topic: type-2/1 with payload size: 91 at 2024-12-11 08:48:51.747511 sent 2024-12-11 08:48:51.691419
INFO:Message received on topic: type-2/1 with payload size: 91 at 2024-12-11 08:48:54.364162 sent 2024-12-11 08:48:54.303109
INFO:Message received on topic: type-2/1 with payload size: 91 at 2024-12-11 08:48:56.955667 sent 2024-12-11 08:48:56.909134
INFO:Message received on topic: type-2/1 with payload size: 91 at 2024-12-11 08:48:59.559446 sent 2024-12-11 08:48:59.522949
INFO:Message received on topic: type-2/1 with payload size: 91 at 2024-12-11 08:49:02.251731 sent 2024-12-11 08:49:02.132938
INFO:Message received on topic: type-2/1 with payload size: 91 at 2024-12-11 08:49:04.751924 sent 2024-12-11 08:49:04.737054
INFO:Message received on topic: type-2/1 with payload size: 91 at 2024-12-11 08:49:07.350177 sent 2024-12-11 08:49:07.324365
INFO:Message received on topic: type-2/1 with payload size: 91 at 2024-12-11 08:49:09.954563 sent 2024-12-11 08:49:09.907818
INFO:Message received on topic: type-2/1 with payload size: 91 at 2024-12-11 08:49:12.564150 sent 2024-12-11 08:49:12.495371
INFO:Message received on topic: type-2/1 with payload size: 91 at 2024-12-11 08:49:15.159731 sent 2024-12-11 08:49:15.088444
INFO:Message received on topic: type-2/1 with payload size: 91 at 2024-12-11 08:49:17.757174 sent 2024-12-11 08:49:17.694090
INFO:Message received on topic: type-2/1 with payload size: 91 at 2024-12-11 08:49:20.355637 sent 2024-12-11 08:49:20.297689
INFO:Message received on topic: type-2/1 with payload size: 91 at 2024-12-11 08:49:22.952681 sent 2024-12-11 08:49:22.907546
INFO:Message received on topic: type-2/1 with payload size: 91 at 2024-12-11 08:49:25.578236 sent 2024-12-11 08:49:25.519226
INFO:Message received on topic: type-2/1 with payload size: 91 at 2024-12-11 08:49:28.178150 sent 2024-12-11 08:49:28.127318
INFO:Message received on topic: type-2/1 with payload size: 91 at 2024-12-11 08:49:30.753927 sent 2024-12-11 08:49:30.743953
INFO:Message received on topic: type-2/1 with payload size: 91 at 2024-12-11 08:49:33.366298 sent 2024-12-11 08:49:33.353638
INFO:Message received on topic: type-2/1 with payload size: 91 at 2024-12-11 08:49:35.971091 sent 2024-12-11 08:49:35.964431
INFO:Message received on topic: type-2/1 with payload size: 91 at 2024-12-11 08:49:38.576041 sent 2024-12-11 08:49:38.572153
INFO:Message received on topic: type-2/1 with payload size: 91 at 2024-12-11 08:49:41.235078 sent 2024-12-11 08:49:41.178584
INFO:Message received on topic: type-2/1 with payload size: 91 at 2024-12-11 08:49:43.839140 sent 2024-12-11 08:49:43.784680
INFO:Message received on topic: type-2/1 with payload size: 91 at 2024-12-11 08:49:46.446826 sent 2024-12-11 08:49:46.391154
INFO:Message received on topic: type-2/1 with payload size: 91 at 2024-12-11 08:49:49.050446 sent 2024-12-11 08:49:48.998294
INFO:Message received on topic: type-2/1 with payload size: 91 at 2024-12-11 08:49:51.661056 sent 2024-12-11 08:49:51.605603
INFO:Message received on topic: type-2/1 with payload size: 91 at 2024-12-11 08:49:54.262584 sent 2024-12-11 08:49:54.211619
INFO:Message received on topic: type-2/1 with payload size: 91 at 2024-12-11 08:49:56.865461 sent 2024-12-11 08:49:56.819315
INFO:Message received on topic: type-2/1 with payload size: 91 at 2024-12-11 08:49:59.553766 sent 2024-12-11 08:49:59.426064
INFO:Message received on topic: type-2/1 with payload size: 91 at 2024-12-11 08:50:02.052787 sent 2024-12-11 08:50:02.039388
INFO:Message received on topic: type-2/1 with payload size: 91 at 2024-12-11 08:50:04.656175 sent 2024-12-11 08:50:04.647979
INFO:Message received on topic: type-2/1 with payload size: 91 at 2024-12-11 08:50:07.261022 sent 2024-12-11 08:50:07.255667
INFO:Message received on topic: type-2/1 with payload size: 91 at 2024-12-11 08:50:09.866606 sent 2024-12-11 08:50:09.863917
INFO:Message received on topic: type-2/1 with payload size: 91 at 2024-12-11 08:50:12.477540 sent 2024-12-11 08:50:12.468584
INFO:Message received on topic: type-2/1 with payload size: 91 at 2024-12-11 08:50:15.078454 sent 2024-12-11 08:50:15.070908
INFO:Message received on topic: type-2/1 with payload size: 91 at 2024-12-11 08:50:17.734733 sent 2024-12-11 08:50:17.674833
INFO:Message received on topic: type-2/1 with payload size: 91 at 2024-12-11 08:50:20.338243 sent 2024-12-11 08:50:20.281187
INFO:Message received on topic: type-2/1 with payload size: 91 at 2024-12-11 08:50:22.950014 sent 2024-12-11 08:50:22.889503
INFO:Message received on topic: type-2/1 with payload size: 91 at 2024-12-11 08:50:25.561287 sent 2024-12-11 08:50:25.498489
INFO:Message received on topic: type-2/1 with payload size: 91 at 2024-12-11 08:50:28.158730 sent 2024-12-11 08:50:28.105087
INFO:Message received on topic: type-2/1 with payload size: 91 at 2024-12-11 08:50:30.754027 sent 2024-12-11 08:50:30.711503
INFO:Message received on topic: type-2/1 with payload size: 91 at 2024-12-11 08:50:33.362225 sent 2024-12-11 08:50:33.320462
INFO:Message received on topic: type-2/1 with payload size: 91 at 2024-12-11 08:50:35.963440 sent 2024-12-11 08:50:35.924064
INFO:Message received on topic: type-2/1 with payload size: 91 at 2024-12-11 08:50:38.556552 sent 2024-12-11 08:50:38.528524
INFO:Message received on topic: type-2/1 with payload size: 91 at 2024-12-11 08:50:41.158420 sent 2024-12-11 08:50:41.128922
INFO:Message received on topic: type-2/1 with payload size: 91 at 2024-12-11 08:50:43.769649 sent 2024-12-11 08:50:43.734244
INFO:Message received on topic: type-2/1 with payload size: 91 at 2024-12-11 08:50:46.375063 sent 2024-12-11 08:50:46.337634
INFO:Message received on topic: type-2/1 with payload size: 91 at 2024-12-11 08:50:48.965445 sent 2024-12-11 08:50:48.947033
INFO:Message received on topic: type-2/1 with payload size: 91 at 2024-12-11 08:50:51.572482 sent 2024-12-11 08:50:51.559581
INFO:Message received on topic: type-2/1 with payload size: 91 at 2024-12-11 08:50:54.174578 sent 2024-12-11 08:50:54.169449
INFO:Message received on topic: type-2/1 with payload size: 91 at 2024-12-11 08:50:56.783526 sent 2024-12-11 08:50:56.774898
INFO:Message received on topic: type-2/1 with payload size: 91 at 2024-12-11 08:50:59.387546 sent 2024-12-11 08:50:59.382477
INFO:Message received on topic: type-2/1 with payload size: 91 at 2024-12-11 08:51:02.055316 sent 2024-12-11 08:51:01.988947
INFO:Message received on topic: type-2/1 with payload size: 91 at 2024-12-11 08:51:04.657130 sent 2024-12-11 08:51:04.594151
INFO:Message received on topic: type-2/1 with payload size: 91 at 2024-12-11 08:51:07.257363 sent 2024-12-11 08:51:07.199373
INFO:Message received on topic: type-2/1 with payload size: 91 at 2024-12-11 08:51:09.879740 sent 2024-12-11 08:51:09.807503
INFO:Message received on topic: type-2/1 with payload size: 91 at 2024-12-11 08:51:12.461011 sent 2024-12-11 08:51:12.417674
INFO:Message received on topic: type-2/1 with payload size: 91 at 2024-12-11 08:51:15.053202 sent 2024-12-11 08:51:15.022887
INFO:Message received on topic: type-2/1 with payload size: 91 at 2024-12-11 08:51:17.661058 sent 2024-12-11 08:51:17.628981
INFO:Message received on topic: type-2/1 with payload size: 91 at 2024-12-11 08:51:20.367921 sent 2024-12-11 08:51:20.239187
INFO:Message received on topic: type-2/1 with payload size: 91 at 2024-12-11 08:51:22.864453 sent 2024-12-11 08:51:22.854136
INFO:Message received on topic: type-2/1 with payload size: 91 at 2024-12-11 08:51:25.470428 sent 2024-12-11 08:51:25.463599
INFO:Message received on topic: type-2/1 with payload size: 91 at 2024-12-11 08:51:28.081705 sent 2024-12-11 08:51:28.071651
INFO:Message received on topic: type-2/1 with payload size: 91 at 2024-12-11 08:51:30.685211 sent 2024-12-11 08:51:30.679184
INFO:Message received on topic: type-2/1 with payload size: 91 at 2024-12-11 08:51:33.348657 sent 2024-12-11 08:51:33.288420
INFO:Message received on topic: type-2/1 with payload size: 91 at 2024-12-11 08:51:35.960534 sent 2024-12-11 08:51:35.893427
INFO:Message received on topic: type-2/1 with payload size: 91 at 2024-12-11 08:51:38.565479 sent 2024-12-11 08:51:38.500917
INFO:Message received on topic: type-2/1 with payload size: 91 at 2024-12-11 08:51:41.156156 sent 2024-12-11 08:51:41.106880
INFO:Message received on topic: type-2/1 with payload size: 91 at 2024-12-11 08:51:43.757540 sent 2024-12-11 08:51:43.709822
INFO:Message received on topic: type-2/1 with payload size: 91 at 2024-12-11 08:51:46.366758 sent 2024-12-11 08:51:46.315083
INFO:Message received on topic: type-2/1 with payload size: 91 at 2024-12-11 08:51:48.958069 sent 2024-12-11 08:51:48.924940
INFO:Message received on topic: type-2/1 with payload size: 91 at 2024-12-11 08:51:51.555180 sent 2024-12-11 08:51:51.533854
INFO:Message received on topic: type-2/1 with payload size: 91 at 2024-12-11 08:51:54.153779 sent 2024-12-11 08:51:54.145175
INFO:Message received on topic: type-2/1 with payload size: 91 at 2024-12-11 08:51:56.769885 sent 2024-12-11 08:51:56.753970
INFO:Message received on topic: type-2/1 with payload size: 91 at 2024-12-11 08:51:59.376040 sent 2024-12-11 08:51:59.365933
INFO:Message received on topic: type-2/1 with payload size: 91 at 2024-12-11 08:52:01.981709 sent 2024-12-11 08:52:01.973566
INFO:Message received on topic: type-2/1 with payload size: 91 at 2024-12-11 08:52:04.587511 sent 2024-12-11 08:52:04.579730
INFO:Message received on topic: type-2/1 with payload size: 91 at 2024-12-11 08:52:07.247097 sent 2024-12-11 08:52:07.188588
INFO:Message received on topic: type-2/1 with payload size: 91 at 2024-12-11 08:52:09.859309 sent 2024-12-11 08:52:09.793644
INFO:Message received on topic: type-2/1 with payload size: 91 at 2024-12-11 08:52:12.460120 sent 2024-12-11 08:52:12.398907
INFO:Message received on topic: type-2/1 with payload size: 91 at 2024-12-11 08:52:15.051239 sent 2024-12-11 08:52:15.008215
INFO:Message received on topic: type-2/1 with payload size: 91 at 2024-12-11 08:52:17.678776 sent 2024-12-11 08:52:17.618958
INFO:Message received on topic: type-2/1 with payload size: 91 at 2024-12-11 08:52:20.294895 sent 2024-12-11 08:52:20.226076
INFO:Message received on topic: type-2/1 with payload size: 91 at 2024-12-11 08:52:22.862718 sent 2024-12-11 08:52:22.832170
INFO:Message received on topic: type-2/1 with payload size: 91 at 2024-12-11 08:52:25.448744 sent 2024-12-11 08:52:25.436230
INFO:Message received on topic: type-2/1 with payload size: 91 at 2024-12-11 08:52:28.055458 sent 2024-12-11 08:52:28.041557
INFO:Message received on topic: type-2/1 with payload size: 91 at 2024-12-11 08:52:30.667670 sent 2024-12-11 08:52:30.650875
INFO:Message received on topic: type-2/1 with payload size: 91 at 2024-12-11 08:52:33.279127 sent 2024-12-11 08:52:33.261740
INFO:Message received on topic: type-2/1 with payload size: 91 at 2024-12-11 08:52:35.956801 sent 2024-12-11 08:52:35.871299
INFO:Message received on topic: type-2/1 with payload size: 91 at 2024-12-11 08:52:38.535129 sent 2024-12-11 08:52:38.484924
INFO:Message received on topic: type-2/1 with payload size: 91 at 2024-12-11 08:52:41.157646 sent 2024-12-11 08:52:41.093654
INFO:Message received on topic: type-2/1 with payload size: 91 at 2024-12-11 08:52:43.753579 sent 2024-12-11 08:52:43.697594
INFO:Message received on topic: type-2/1 with payload size: 91 at 2024-12-11 08:52:46.355063 sent 2024-12-11 08:52:46.306185
INFO:Message received on topic: type-2/1 with payload size: 91 at 2024-12-11 08:52:48.974864 sent 2024-12-11 08:52:48.919478
INFO:Message received on topic: type-2/1 with payload size: 91 at 2024-12-11 08:52:51.548800 sent 2024-12-11 08:52:51.529807
INFO:Message received on topic: type-2/1 with payload size: 91 at 2024-12-11 08:52:54.153491 sent 2024-12-11 08:52:54.137760
INFO:Message received on topic: type-2/1 with payload size: 91 at 2024-12-11 08:52:56.759816 sent 2024-12-11 08:52:56.744257
INFO:Message received on topic: type-2/1 with payload size: 91 at 2024-12-11 08:52:59.369942 sent 2024-12-11 08:52:59.349602
INFO:Message received on topic: type-2/1 with payload size: 91 at 2024-12-11 08:53:01.966735 sent 2024-12-11 08:53:01.955942
INFO:Message received on topic: type-2/1 with payload size: 91 at 2024-12-11 08:53:04.566973 sent 2024-12-11 08:53:04.563482
INFO:Message received on topic: type-2/1 with payload size: 91 at 2024-12-11 08:53:07.176464 sent 2024-12-11 08:53:07.170110
INFO:Message received on topic: type-2/1 with payload size: 91 at 2024-12-11 08:53:09.836399 sent 2024-12-11 08:53:09.782798
INFO:Message received on topic: type-2/1 with payload size: 91 at 2024-12-11 08:53:12.442001 sent 2024-12-11 08:53:12.394642
INFO:Message received on topic: type-2/1 with payload size: 91 at 2024-12-11 08:53:15.048121 sent 2024-12-11 08:53:15.002409
INFO:Message received on topic: type-2/1 with payload size: 91 at 2024-12-11 08:53:17.642296 sent 2024-12-11 08:53:17.613640
INFO:Message received on topic: type-2/1 with payload size: 91 at 2024-12-11 08:53:20.360509 sent 2024-12-11 08:53:20.225450
INFO:Message received on topic: type-2/1 with payload size: 91 at 2024-12-11 08:53:22.857593 sent 2024-12-11 08:53:22.839488
INFO:Message received on topic: type-2/1 with payload size: 91 at 2024-12-11 08:53:25.453877 sent 2024-12-11 08:53:25.445707
INFO:Message received on topic: type-2/1 with payload size: 91 at 2024-12-11 08:53:28.063674 sent 2024-12-11 08:53:28.052887
INFO:Message received on topic: type-2/1 with payload size: 91 at 2024-12-11 08:53:30.662605 sent 2024-12-11 08:53:30.658977
INFO:Message received on topic: type-2/1 with payload size: 91 at 2024-12-11 08:53:33.335492 sent 2024-12-11 08:53:33.269476
INFO:Message received on topic: type-2/1 with payload size: 91 at 2024-12-11 08:53:35.952499 sent 2024-12-11 08:53:35.876497
INFO:Message received on topic: type-2/1 with payload size: 91 at 2024-12-11 08:53:38.562624 sent 2024-12-11 08:53:38.480850
INFO:Message received on topic: type-2/1 with payload size: 91 at 2024-12-11 08:53:41.136753 sent 2024-12-11 08:53:41.087953
INFO:Message received on topic: type-2/1 with payload size: 91 at 2024-12-11 08:53:43.759646 sent 2024-12-11 08:53:43.692112
INFO:Message received on topic: type-2/1 with payload size: 91 at 2024-12-11 08:53:46.349132 sent 2024-12-11 08:53:46.298081
INFO:Message received on topic: type-2/1 with payload size: 91 at 2024-12-11 08:53:48.953666 sent 2024-12-11 08:53:48.911847
INFO:Message received on topic: type-2/1 with payload size: 91 at 2024-12-11 08:53:51.665017 sent 2024-12-11 08:53:51.522906
INFO:Message received on topic: type-2/1 with payload size: 91 at 2024-12-11 08:53:54.153857 sent 2024-12-11 08:53:54.132652
INFO:Message received on topic: type-2/1 with payload size: 91 at 2024-12-11 08:53:56.752957 sent 2024-12-11 08:53:56.736963
INFO:Message received on topic: type-2/1 with payload size: 91 at 2024-12-11 08:53:59.355048 sent 2024-12-11 08:53:59.343741
INFO:Message received on topic: type-2/1 with payload size: 91 at 2024-12-11 08:54:01.965262 sent 2024-12-11 08:54:01.957023
INFO:Message received on topic: type-2/1 with payload size: 91 at 2024-12-11 08:54:04.575134 sent 2024-12-11 08:54:04.569191
INFO:Message received on topic: type-2/1 with payload size: 91 at 2024-12-11 08:54:07.273553 sent 2024-12-11 08:54:07.177732
INFO:Message received on topic: type-2/1 with payload size: 91 at 2024-12-11 08:54:09.843654 sent 2024-12-11 08:54:09.784977
INFO:Message received on topic: type-2/1 with payload size: 91 at 2024-12-11 08:54:12.449138 sent 2024-12-11 08:54:12.393553
INFO:Message received on topic: type-2/1 with payload size: 91 at 2024-12-11 08:54:15.072870 sent 2024-12-11 08:54:14.998768
INFO:Message received on topic: type-2/1 with payload size: 91 at 2024-12-11 08:54:17.640296 sent 2024-12-11 08:54:17.603249
INFO:Message received on topic: type-2/1 with payload size: 91 at 2024-12-11 08:54:20.379650 sent 2024-12-11 08:54:20.215251
INFO:Message received on topic: type-2/1 with payload size: 91 at 2024-12-11 08:54:22.854892 sent 2024-12-11 08:54:22.823575
INFO:Message received on topic: type-2/1 with payload size: 91 at 2024-12-11 08:54:25.461021 sent 2024-12-11 08:54:25.426318
INFO:Message received on topic: type-2/1 with payload size: 91 at 2024-12-11 08:54:28.055053 sent 2024-12-11 08:54:28.031619
INFO:Message received on topic: type-2/1 with payload size: 91 at 2024-12-11 08:54:30.655964 sent 2024-12-11 08:54:30.640514
INFO:Message received on topic: type-2/1 with payload size: 91 at 2024-12-11 08:54:33.256036 sent 2024-12-11 08:54:33.250240
INFO:Message received on topic: type-2/1 with payload size: 91 at 2024-12-11 08:54:35.862839 sent 2024-12-11 08:54:35.855659
INFO:Message received on topic: type-2/1 with payload size: 91 at 2024-12-11 08:54:38.472915 sent 2024-12-11 08:54:38.464965
INFO:Message received on topic: type-2/1 with payload size: 91 at 2024-12-11 08:54:41.166545 sent 2024-12-11 08:54:41.069242
INFO:Message received on topic: type-2/1 with payload size: 91 at 2024-12-11 08:54:43.680172 sent 2024-12-11 08:54:43.675609
INFO:Message received on topic: type-2/1 with payload size: 91 at 2024-12-11 08:54:46.347789 sent 2024-12-11 08:54:46.283383
INFO:Message received on topic: type-2/1 with payload size: 91 at 2024-12-11 08:54:48.948153 sent 2024-12-11 08:54:48.891576
INFO:Message received on topic: type-2/1 with payload size: 91 at 2024-12-11 08:54:51.552016 sent 2024-12-11 08:54:51.501008
INFO:Message received on topic: type-2/1 with payload size: 91 at 2024-12-11 08:54:54.154590 sent 2024-12-11 08:54:54.108249
