INFO:Starting Version 1.0.5
DEBUG:Using selector: EpollSelector
INFO:Connecting to cluster at: mqtt-quic://emqx-headless.dtwins:14567 using QUIC
INFO:Subscribed to topic: type-2/2
INFO:Logging each: 50
INFO:Unhandled packet type received
INFO:Message received on topic: type-2/2 with payload size: 91 at 2024-12-11 08:46:29.029038 sent 2024-12-11 08:46:29.027552
INFO:Message received on topic: type-2/2 with payload size: 91 at 2024-12-11 08:46:31.630762 sent 2024-12-11 08:46:31.629180
INFO:Message received on topic: type-2/2 with payload size: 91 at 2024-12-11 08:46:34.228316 sent 2024-12-11 08:46:34.225757
INFO:Message received on topic: type-2/2 with payload size: 91 at 2024-12-11 08:46:36.828357 sent 2024-12-11 08:46:36.827090
INFO:Message received on topic: type-2/2 with payload size: 91 at 2024-12-11 08:46:39.428826 sent 2024-12-11 08:46:39.427157
INFO:Message received on topic: type-2/2 with payload size: 91 at 2024-12-11 08:46:42.027933 sent 2024-12-11 08:46:42.026453
INFO:Message received on topic: type-2/2 with payload size: 91 at 2024-12-11 08:46:44.626859 sent 2024-12-11 08:46:44.625837
INFO:Message received on topic: type-2/2 with payload size: 91 at 2024-12-11 08:46:47.225467 sent 2024-12-11 08:46:47.223670
INFO:Message received on topic: type-2/2 with payload size: 91 at 2024-12-11 08:46:49.830849 sent 2024-12-11 08:46:49.825650
INFO:Message received on topic: type-2/2 with payload size: 91 at 2024-12-11 08:46:52.431625 sent 2024-12-11 08:46:52.425197
INFO:Message received on topic: type-2/2 with payload size: 91 at 2024-12-11 08:46:55.029090 sent 2024-12-11 08:46:55.027523
INFO:Message received on topic: type-2/2 with payload size: 91 at 2024-12-11 08:46:57.633700 sent 2024-12-11 08:46:57.628491
INFO:Message received on topic: type-2/2 with payload size: 91 at 2024-12-11 08:47:00.247796 sent 2024-12-11 08:47:00.231849
INFO:Message received on topic: type-2/2 with payload size: 91 at 2024-12-11 08:47:02.846090 sent 2024-12-11 08:47:02.831491
INFO:Message received on topic: type-2/2 with payload size: 91 at 2024-12-11 08:47:05.448800 sent 2024-12-11 08:47:05.435155
INFO:Message received on topic: type-2/2 with payload size: 91 at 2024-12-11 08:47:08.046100 sent 2024-12-11 08:47:08.036223
INFO:Message received on topic: type-2/2 with payload size: 91 at 2024-12-11 08:47:10.658786 sent 2024-12-11 08:47:10.634118
INFO:Message received on topic: type-2/2 with payload size: 91 at 2024-12-11 08:47:13.249295 sent 2024-12-11 08:47:13.236938
INFO:Message received on topic: type-2/2 with payload size: 91 at 2024-12-11 08:47:15.851747 sent 2024-12-11 08:47:15.836289
INFO:Message received on topic: type-2/2 with payload size: 91 at 2024-12-11 08:47:18.449901 sent 2024-12-11 08:47:18.436609
INFO:Message received on topic: type-2/2 with payload size: 91 at 2024-12-11 08:47:21.057147 sent 2024-12-11 08:47:21.038629
INFO:Message received on topic: type-2/2 with payload size: 91 at 2024-12-11 08:47:23.651580 sent 2024-12-11 08:47:23.645232
INFO:Message received on topic: type-2/2 with payload size: 91 at 2024-12-11 08:47:26.272654 sent 2024-12-11 08:47:26.251052
INFO:Message received on topic: type-2/2 with payload size: 91 at 2024-12-11 08:47:28.858055 sent 2024-12-11 08:47:28.850060
INFO:Message received on topic: type-2/2 with payload size: 91 at 2024-12-11 08:47:31.460090 sent 2024-12-11 08:47:31.452604
INFO:Message received on topic: type-2/2 with payload size: 91 at 2024-12-11 08:47:34.065210 sent 2024-12-11 08:47:34.055681
INFO:Message received on topic: type-2/2 with payload size: 91 at 2024-12-11 08:47:36.660461 sent 2024-12-11 08:47:36.656053
INFO:Message received on topic: type-2/2 with payload size: 91 at 2024-12-11 08:47:39.264542 sent 2024-12-11 08:47:39.255211
INFO:Message received on topic: type-2/2 with payload size: 91 at 2024-12-11 08:47:41.863794 sent 2024-12-11 08:47:41.858236
INFO:Message received on topic: type-2/2 with payload size: 91 at 2024-12-11 08:47:44.478502 sent 2024-12-11 08:47:44.469362
INFO:Message received on topic: type-2/2 with payload size: 91 at 2024-12-11 08:47:47.078481 sent 2024-12-11 08:47:47.069143
INFO:Message received on topic: type-2/2 with payload size: 91 at 2024-12-11 08:47:49.670979 sent 2024-12-11 08:47:49.668545
INFO:Message received on topic: type-2/2 with payload size: 91 at 2024-12-11 08:47:52.290726 sent 2024-12-11 08:47:52.269684
INFO:Message received on topic: type-2/2 with payload size: 91 at 2024-12-11 08:47:54.876294 sent 2024-12-11 08:47:54.873732
INFO:Message received on topic: type-2/2 with payload size: 91 at 2024-12-11 08:47:57.480959 sent 2024-12-11 08:47:57.477045
INFO:Message received on topic: type-2/2 with payload size: 91 at 2024-12-11 08:48:00.157483 sent 2024-12-11 08:48:00.082685
INFO:Message received on topic: type-2/2 with payload size: 91 at 2024-12-11 08:48:02.765973 sent 2024-12-11 08:48:02.686940
INFO:Message received on topic: type-2/2 with payload size: 91 at 2024-12-11 08:48:05.359701 sent 2024-12-11 08:48:05.291640
INFO:Message received on topic: type-2/2 with payload size: 91 at 2024-12-11 08:48:07.956480 sent 2024-12-11 08:48:07.895580
INFO:Message received on topic: type-2/2 with payload size: 91 at 2024-12-11 08:48:10.565567 sent 2024-12-11 08:48:10.503673
INFO:Message received on topic: type-2/2 with payload size: 91 at 2024-12-11 08:48:13.153605 sent 2024-12-11 08:48:13.114594
INFO:Message received on topic: type-2/2 with payload size: 91 at 2024-12-11 08:48:15.751126 sent 2024-12-11 08:48:15.719936
INFO:Message received on topic: type-2/2 with payload size: 91 at 2024-12-11 08:48:18.358090 sent 2024-12-11 08:48:18.328456
INFO:Message received on topic: type-2/2 with payload size: 91 at 2024-12-11 08:48:20.953265 sent 2024-12-11 08:48:20.937040
INFO:Message received on topic: type-2/2 with payload size: 91 at 2024-12-11 08:48:23.552423 sent 2024-12-11 08:48:23.545623
INFO:Message received on topic: type-2/2 with payload size: 91 at 2024-12-11 08:48:26.161928 sent 2024-12-11 08:48:26.151666
INFO:Message received on topic: type-2/2 with payload size: 91 at 2024-12-11 08:48:28.774649 sent 2024-12-11 08:48:28.762128
INFO:Message received on topic: type-2/2 with payload size: 91 at 2024-12-11 08:48:31.386090 sent 2024-12-11 08:48:31.374044
INFO:Message received on topic: type-2/2 with payload size: 91 at 2024-12-11 08:48:33.987141 sent 2024-12-11 08:48:33.982704
INFO:Message received on topic: type-2/2 with payload size: 91 at 2024-12-11 08:48:36.648887 sent 2024-12-11 08:48:36.589545
INFO:Message received on topic: type-2/2 with payload size: 91 at 2024-12-11 08:48:39.259256 sent 2024-12-11 08:48:39.197678
INFO:Message received on topic: type-2/2 with payload size: 91 at 2024-12-11 08:48:41.854797 sent 2024-12-11 08:48:41.804177
INFO:Message received on topic: type-2/2 with payload size: 91 at 2024-12-11 08:48:44.450012 sent 2024-12-11 08:48:44.414496
INFO:Message received on topic: type-2/2 with payload size: 91 at 2024-12-11 08:48:47.056659 sent 2024-12-11 08:48:47.020450
INFO:Message received on topic: type-2/2 with payload size: 91 at 2024-12-11 08:48:49.754500 sent 2024-12-11 08:48:49.629178
INFO:Message received on topic: type-2/2 with payload size: 91 at 2024-12-11 08:48:52.264745 sent 2024-12-11 08:48:52.234777
INFO:Message received on topic: type-2/2 with payload size: 91 at 2024-12-11 08:48:54.859891 sent 2024-12-11 08:48:54.838532
INFO:Message received on topic: type-2/2 with payload size: 91 at 2024-12-11 08:48:57.469418 sent 2024-12-11 08:48:57.444800
INFO:Message received on topic: type-2/2 with payload size: 91 at 2024-12-11 08:49:00.058023 sent 2024-12-11 08:49:00.051973
INFO:Message received on topic: type-2/2 with payload size: 91 at 2024-12-11 08:49:02.672794 sent 2024-12-11 08:49:02.660507
INFO:Message received on topic: type-2/2 with payload size: 91 at 2024-12-11 08:49:05.273026 sent 2024-12-11 08:49:05.262282
INFO:Message received on topic: type-2/2 with payload size: 91 at 2024-12-11 08:49:07.852155 sent 2024-12-11 08:49:07.844553
INFO:Message received on topic: type-2/2 with payload size: 91 at 2024-12-11 08:49:10.461942 sent 2024-12-11 08:49:10.432560
INFO:Message received on topic: type-2/2 with payload size: 91 at 2024-12-11 08:49:13.054005 sent 2024-12-11 08:49:13.018312
INFO:Message received on topic: type-2/2 with payload size: 91 at 2024-12-11 08:49:15.653201 sent 2024-12-11 08:49:15.616255
INFO:Message received on topic: type-2/2 with payload size: 91 at 2024-12-11 08:49:18.361163 sent 2024-12-11 08:49:18.223260
INFO:Message received on topic: type-2/2 with payload size: 91 at 2024-12-11 08:49:20.864760 sent 2024-12-11 08:49:20.827598
INFO:Message received on topic: type-2/2 with payload size: 91 at 2024-12-11 08:49:23.470560 sent 2024-12-11 08:49:23.432243
INFO:Message received on topic: type-2/2 with payload size: 91 at 2024-12-11 08:49:26.061018 sent 2024-12-11 08:49:26.034936
INFO:Message received on topic: type-2/2 with payload size: 91 at 2024-12-11 08:49:28.651831 sent 2024-12-11 08:49:28.642898
INFO:Message received on topic: type-2/2 with payload size: 91 at 2024-12-11 08:49:31.276982 sent 2024-12-11 08:49:31.251858
INFO:Message received on topic: type-2/2 with payload size: 91 at 2024-12-11 08:49:33.867892 sent 2024-12-11 08:49:33.859662
INFO:Message received on topic: type-2/2 with payload size: 91 at 2024-12-11 08:49:36.482248 sent 2024-12-11 08:49:36.470735
INFO:Message received on topic: type-2/2 with payload size: 91 at 2024-12-11 08:49:39.080980 sent 2024-12-11 08:49:39.077193
INFO:Message received on topic: type-2/2 with payload size: 91 at 2024-12-11 08:49:41.759112 sent 2024-12-11 08:49:41.684689
INFO:Message received on topic: type-2/2 with payload size: 91 at 2024-12-11 08:49:44.354999 sent 2024-12-11 08:49:44.293979
INFO:Message received on topic: type-2/2 with payload size: 91 at 2024-12-11 08:49:46.947215 sent 2024-12-11 08:49:46.899568
INFO:Message received on topic: type-2/2 with payload size: 91 at 2024-12-11 08:49:49.546043 sent 2024-12-11 08:49:49.506038
INFO:Message received on topic: type-2/2 with payload size: 91 at 2024-12-11 08:49:52.155122 sent 2024-12-11 08:49:52.112445
INFO:Message received on topic: type-2/2 with payload size: 91 at 2024-12-11 08:49:54.755243 sent 2024-12-11 08:49:54.717275
INFO:Message received on topic: type-2/2 with payload size: 91 at 2024-12-11 08:49:57.385674 sent 2024-12-11 08:49:57.323737
INFO:Message received on topic: type-2/2 with payload size: 91 at 2024-12-11 08:50:00.047785 sent 2024-12-11 08:49:59.928104
INFO:Message received on topic: type-2/2 with payload size: 91 at 2024-12-11 08:50:02.558252 sent 2024-12-11 08:50:02.534129
INFO:Message received on topic: type-2/2 with payload size: 91 at 2024-12-11 08:50:05.149847 sent 2024-12-11 08:50:05.139491
INFO:Message received on topic: type-2/2 with payload size: 91 at 2024-12-11 08:50:07.755082 sent 2024-12-11 08:50:07.745276
INFO:Message received on topic: type-2/2 with payload size: 91 at 2024-12-11 08:50:10.356541 sent 2024-12-11 08:50:10.353340
INFO:Message received on topic: type-2/2 with payload size: 91 at 2024-12-11 08:50:12.968672 sent 2024-12-11 08:50:12.959892
INFO:Message received on topic: type-2/2 with payload size: 91 at 2024-12-11 08:50:15.577539 sent 2024-12-11 08:50:15.566862
INFO:Message received on topic: type-2/2 with payload size: 91 at 2024-12-11 08:50:18.180140 sent 2024-12-11 08:50:18.174134
INFO:Message received on topic: type-2/2 with payload size: 91 at 2024-12-11 08:50:20.856536 sent 2024-12-11 08:50:20.781651
INFO:Message received on topic: type-2/2 with payload size: 91 at 2024-12-11 08:50:23.440208 sent 2024-12-11 08:50:23.393536
INFO:Message received on topic: type-2/2 with payload size: 91 at 2024-12-11 08:50:26.050095 sent 2024-12-11 08:50:26.007878
INFO:Message received on topic: type-2/2 with payload size: 91 at 2024-12-11 08:50:28.664025 sent 2024-12-11 08:50:28.615807
INFO:Message received on topic: type-2/2 with payload size: 91 at 2024-12-11 08:50:31.261049 sent 2024-12-11 08:50:31.226063
INFO:Message received on topic: type-2/2 with payload size: 91 at 2024-12-11 08:50:33.855875 sent 2024-12-11 08:50:33.834452
INFO:Message received on topic: type-2/2 with payload size: 91 at 2024-12-11 08:50:36.464781 sent 2024-12-11 08:50:36.439847
INFO:Message received on topic: type-2/2 with payload size: 91 at 2024-12-11 08:50:39.053805 sent 2024-12-11 08:50:39.045461
INFO:Message received on topic: type-2/2 with payload size: 91 at 2024-12-11 08:50:41.660889 sent 2024-12-11 08:50:41.645898
INFO:Message received on topic: type-2/2 with payload size: 91 at 2024-12-11 08:50:44.261547 sent 2024-12-11 08:50:44.252086
INFO:Message received on topic: type-2/2 with payload size: 91 at 2024-12-11 08:50:46.868496 sent 2024-12-11 08:50:46.859384
INFO:Message received on topic: type-2/2 with payload size: 91 at 2024-12-11 08:50:49.472447 sent 2024-12-11 08:50:49.464722
INFO:Message received on topic: type-2/2 with payload size: 91 at 2024-12-11 08:50:52.084854 sent 2024-12-11 08:50:52.073627
INFO:Message received on topic: type-2/2 with payload size: 91 at 2024-12-11 08:50:54.686247 sent 2024-12-11 08:50:54.682361
INFO:Message received on topic: type-2/2 with payload size: 91 at 2024-12-11 08:50:57.358469 sent 2024-12-11 08:50:57.286219
INFO:Message received on topic: type-2/2 with payload size: 91 at 2024-12-11 08:50:59.956499 sent 2024-12-11 08:50:59.889577
INFO:Message received on topic: type-2/2 with payload size: 91 at 2024-12-11 08:51:02.551189 sent 2024-12-11 08:51:02.498618
INFO:Message received on topic: type-2/2 with payload size: 91 at 2024-12-11 08:51:05.164079 sent 2024-12-11 08:51:05.103545
INFO:Message received on topic: type-2/2 with payload size: 91 at 2024-12-11 08:51:07.756486 sent 2024-12-11 08:51:07.709546
INFO:Message received on topic: type-2/2 with payload size: 91 at 2024-12-11 08:51:10.356311 sent 2024-12-11 08:51:10.312766
INFO:Message received on topic: type-2/2 with payload size: 91 at 2024-12-11 08:51:12.957508 sent 2024-12-11 08:51:12.918611
INFO:Message received on topic: type-2/2 with payload size: 91 at 2024-12-11 08:51:15.573099 sent 2024-12-11 08:51:15.531666
INFO:Message received on topic: type-2/2 with payload size: 91 at 2024-12-11 08:51:18.261835 sent 2024-12-11 08:51:18.136987
INFO:Message received on topic: type-2/2 with payload size: 91 at 2024-12-11 08:51:20.962780 sent 2024-12-11 08:51:20.741757
INFO:Message received on topic: type-2/2 with payload size: 91 at 2024-12-11 08:51:23.362129 sent 2024-12-11 08:51:23.348410
INFO:Message received on topic: type-2/2 with payload size: 91 at 2024-12-11 08:51:25.962624 sent 2024-12-11 08:51:25.956168
INFO:Message received on topic: type-2/2 with payload size: 91 at 2024-12-11 08:51:28.571589 sent 2024-12-11 08:51:28.561052
INFO:Message received on topic: type-2/2 with payload size: 91 at 2024-12-11 08:51:31.177981 sent 2024-12-11 08:51:31.166501
INFO:Message received on topic: type-2/2 with payload size: 91 at 2024-12-11 08:51:33.782742 sent 2024-12-11 08:51:33.773706
INFO:Message received on topic: type-2/2 with payload size: 91 at 2024-12-11 08:51:36.391461 sent 2024-12-11 08:51:36.386874
INFO:Message received on topic: type-2/2 with payload size: 91 at 2024-12-11 08:51:39.052640 sent 2024-12-11 08:51:38.993273
INFO:Message received on topic: type-2/2 with payload size: 91 at 2024-12-11 08:51:41.660509 sent 2024-12-11 08:51:41.605199
INFO:Message received on topic: type-2/2 with payload size: 91 at 2024-12-11 08:51:44.270116 sent 2024-12-11 08:51:44.211265
INFO:Message received on topic: type-2/2 with payload size: 91 at 2024-12-11 08:51:46.858600 sent 2024-12-11 08:51:46.817796
INFO:Message received on topic: type-2/2 with payload size: 91 at 2024-12-11 08:51:49.462973 sent 2024-12-11 08:51:49.423833
INFO:Message received on topic: type-2/2 with payload size: 91 at 2024-12-11 08:51:52.080985 sent 2024-12-11 08:51:52.035369
INFO:Message received on topic: type-2/2 with payload size: 91 at 2024-12-11 08:51:54.657221 sent 2024-12-11 08:51:54.643490
INFO:Message received on topic: type-2/2 with payload size: 91 at 2024-12-11 08:51:57.264982 sent 2024-12-11 08:51:57.251910
INFO:Message received on topic: type-2/2 with payload size: 91 at 2024-12-11 08:51:59.878993 sent 2024-12-11 08:51:59.867692
INFO:Message received on topic: type-2/2 with payload size: 91 at 2024-12-11 08:52:02.484739 sent 2024-12-11 08:52:02.477793
INFO:Message received on topic: type-2/2 with payload size: 91 at 2024-12-11 08:52:05.132634 sent 2024-12-11 08:52:05.082073
INFO:Message received on topic: type-2/2 with payload size: 91 at 2024-12-11 08:52:07.692882 sent 2024-12-11 08:52:07.689190
INFO:Message received on topic: type-2/2 with payload size: 91 at 2024-12-11 08:52:10.383431 sent 2024-12-11 08:52:10.296647
INFO:Message received on topic: type-2/2 with payload size: 91 at 2024-12-11 08:52:12.966985 sent 2024-12-11 08:52:12.902879
INFO:Message received on topic: type-2/2 with payload size: 91 at 2024-12-11 08:52:15.562647 sent 2024-12-11 08:52:15.509664
INFO:Message received on topic: type-2/2 with payload size: 91 at 2024-12-11 08:52:18.155316 sent 2024-12-11 08:52:18.117587
INFO:Message received on topic: type-2/2 with payload size: 91 at 2024-12-11 08:52:20.759892 sent 2024-12-11 08:52:20.727937
INFO:Message received on topic: type-2/2 with payload size: 91 at 2024-12-11 08:52:23.359418 sent 2024-12-11 08:52:23.336389
INFO:Message received on topic: type-2/2 with payload size: 91 at 2024-12-11 08:52:25.953252 sent 2024-12-11 08:52:25.942015
INFO:Message received on topic: type-2/2 with payload size: 91 at 2024-12-11 08:52:28.563490 sent 2024-12-11 08:52:28.548958
INFO:Message received on topic: type-2/2 with payload size: 91 at 2024-12-11 08:52:31.165239 sent 2024-12-11 08:52:31.159776
INFO:Message received on topic: type-2/2 with payload size: 91 at 2024-12-11 08:52:33.784920 sent 2024-12-11 08:52:33.769025
INFO:Message received on topic: type-2/2 with payload size: 91 at 2024-12-11 08:52:36.453785 sent 2024-12-11 08:52:36.372678
INFO:Message received on topic: type-2/2 with payload size: 91 at 2024-12-11 08:52:39.074228 sent 2024-12-11 08:52:38.978420
INFO:Message received on topic: type-2/2 with payload size: 91 at 2024-12-11 08:52:41.647896 sent 2024-12-11 08:52:41.584112
INFO:Message received on topic: type-2/2 with payload size: 91 at 2024-12-11 08:52:44.249608 sent 2024-12-11 08:52:44.187651
INFO:Message received on topic: type-2/2 with payload size: 91 at 2024-12-11 08:52:46.851197 sent 2024-12-11 08:52:46.792389
INFO:Message received on topic: type-2/2 with payload size: 91 at 2024-12-11 08:52:49.453110 sent 2024-12-11 08:52:49.405051
INFO:Message received on topic: type-2/2 with payload size: 91 at 2024-12-11 08:52:52.055492 sent 2024-12-11 08:52:52.013670
INFO:Message received on topic: type-2/2 with payload size: 91 at 2024-12-11 08:52:54.751566 sent 2024-12-11 08:52:54.625227
INFO:Message received on topic: type-2/2 with payload size: 91 at 2024-12-11 08:52:57.261508 sent 2024-12-11 08:52:57.235535
INFO:Message received on topic: type-2/2 with payload size: 91 at 2024-12-11 08:52:59.855628 sent 2024-12-11 08:52:59.845613
INFO:Message received on topic: type-2/2 with payload size: 91 at 2024-12-11 08:53:02.473663 sent 2024-12-11 08:53:02.456876
INFO:Message received on topic: type-2/2 with payload size: 91 at 2024-12-11 08:53:05.070057 sent 2024-12-11 08:53:05.066401
INFO:Message received on topic: type-2/2 with payload size: 91 at 2024-12-11 08:53:07.679584 sent 2024-12-11 08:53:07.673356
INFO:Message received on topic: type-2/2 with payload size: 91 at 2024-12-11 08:53:10.335460 sent 2024-12-11 08:53:10.281175
INFO:Message received on topic: type-2/2 with payload size: 91 at 2024-12-11 08:53:12.936115 sent 2024-12-11 08:53:12.888909
INFO:Message received on topic: type-2/2 with payload size: 91 at 2024-12-11 08:53:15.552277 sent 2024-12-11 08:53:15.495727
INFO:Message received on topic: type-2/2 with payload size: 91 at 2024-12-11 08:53:18.145915 sent 2024-12-11 08:53:18.099664
INFO:Message received on topic: type-2/2 with payload size: 91 at 2024-12-11 08:53:20.748929 sent 2024-12-11 08:53:20.709030
INFO:Message received on topic: type-2/2 with payload size: 91 at 2024-12-11 08:53:23.360925 sent 2024-12-11 08:53:23.313606
INFO:Message received on topic: type-2/2 with payload size: 91 at 2024-12-11 08:53:25.969476 sent 2024-12-11 08:53:25.919987
INFO:Message received on topic: type-2/2 with payload size: 91 at 2024-12-11 08:53:28.658448 sent 2024-12-11 08:53:28.525942
INFO:Message received on topic: type-2/2 with payload size: 91 at 2024-12-11 08:53:31.156139 sent 2024-12-11 08:53:31.149547
INFO:Message received on topic: type-2/2 with payload size: 91 at 2024-12-11 08:53:33.765270 sent 2024-12-11 08:53:33.760629
INFO:Message received on topic: type-2/2 with payload size: 91 at 2024-12-11 08:53:36.376369 sent 2024-12-11 08:53:36.367473
INFO:Message received on topic: type-2/2 with payload size: 91 at 2024-12-11 08:53:39.035291 sent 2024-12-11 08:53:38.980592
INFO:Message received on topic: type-2/2 with payload size: 91 at 2024-12-11 08:53:41.657575 sent 2024-12-11 08:53:41.585675
INFO:Message received on topic: type-2/2 with payload size: 91 at 2024-12-11 08:53:44.250432 sent 2024-12-11 08:53:44.192224
INFO:Message received on topic: type-2/2 with payload size: 91 at 2024-12-11 08:53:46.850925 sent 2024-12-11 08:53:46.800755
INFO:Message received on topic: type-2/2 with payload size: 91 at 2024-12-11 08:53:49.450430 sent 2024-12-11 08:53:49.412179
INFO:Message received on topic: type-2/2 with payload size: 91 at 2024-12-11 08:53:52.047280 sent 2024-12-11 08:53:52.022756
INFO:Message received on topic: type-2/2 with payload size: 91 at 2024-12-11 08:53:54.650973 sent 2024-12-11 08:53:54.630644
INFO:Message received on topic: type-2/2 with payload size: 91 at 2024-12-11 08:53:57.263389 sent 2024-12-11 08:53:57.239988
INFO:Message received on topic: type-2/2 with payload size: 91 at 2024-12-11 08:53:59.854693 sent 2024-12-11 08:53:59.846717
INFO:Message received on topic: type-2/2 with payload size: 91 at 2024-12-11 08:54:02.465562 sent 2024-12-11 08:54:02.456522
INFO:Message received on topic: type-2/2 with payload size: 91 at 2024-12-11 08:54:05.081130 sent 2024-12-11 08:54:05.062157
INFO:Message received on topic: type-2/2 with payload size: 91 at 2024-12-11 08:54:07.675809 sent 2024-12-11 08:54:07.670003
INFO:Message received on topic: type-2/2 with payload size: 91 at 2024-12-11 08:54:10.351320 sent 2024-12-11 08:54:10.277152
INFO:Message received on topic: type-2/2 with payload size: 91 at 2024-12-11 08:54:12.950601 sent 2024-12-11 08:54:12.885098
INFO:Message received on topic: type-2/2 with payload size: 91 at 2024-12-11 08:54:15.547059 sent 2024-12-11 08:54:15.491017
INFO:Message received on topic: type-2/2 with payload size: 91 at 2024-12-11 08:54:18.141497 sent 2024-12-11 08:54:18.098648
INFO:Message received on topic: type-2/2 with payload size: 91 at 2024-12-11 08:54:20.758179 sent 2024-12-11 08:54:20.702536
INFO:Message received on topic: type-2/2 with payload size: 91 at 2024-12-11 08:54:23.350970 sent 2024-12-11 08:54:23.309895
INFO:Message received on topic: type-2/2 with payload size: 91 at 2024-12-11 08:54:25.953400 sent 2024-12-11 08:54:25.913903
INFO:Message received on topic: type-2/2 with payload size: 91 at 2024-12-11 08:54:28.551876 sent 2024-12-11 08:54:28.518518
INFO:Message received on topic: type-2/2 with payload size: 91 at 2024-12-11 08:54:31.162744 sent 2024-12-11 08:54:31.129635
INFO:Message received on topic: type-2/2 with payload size: 91 at 2024-12-11 08:54:33.779790 sent 2024-12-11 08:54:33.736170
INFO:Message received on topic: type-2/2 with payload size: 91 at 2024-12-11 08:54:36.364933 sent 2024-12-11 08:54:36.340025
INFO:Message received on topic: type-2/2 with payload size: 91 at 2024-12-11 08:54:38.960007 sent 2024-12-11 08:54:38.947520
INFO:Message received on topic: type-2/2 with payload size: 91 at 2024-12-11 08:54:41.566061 sent 2024-12-11 08:54:41.554154
INFO:Message received on topic: type-2/2 with payload size: 91 at 2024-12-11 08:54:44.177080 sent 2024-12-11 08:54:44.165579
INFO:Message received on topic: type-2/2 with payload size: 91 at 2024-12-11 08:54:46.781025 sent 2024-12-11 08:54:46.769916
INFO:Message received on topic: type-2/2 with payload size: 91 at 2024-12-11 08:54:49.449353 sent 2024-12-11 08:54:49.378123
INFO:Message received on topic: type-2/2 with payload size: 91 at 2024-12-11 08:54:52.051641 sent 2024-12-11 08:54:51.986522
INFO:Message received on topic: type-2/2 with payload size: 91 at 2024-12-11 08:54:54.653906 sent 2024-12-11 08:54:54.593034
INFO:Message received on topic: type-2/2 with payload size: 91 at 2024-12-11 08:54:57.263781 sent 2024-12-11 08:54:57.197528
