INFO:Starting Version 1.0.5
DEBUG:Using selector: EpollSelector
INFO:Connecting to cluster at: mqtt-quic://emqx-headless.dtwins:14567 using QUIC
INFO:Subscribed to topic: type-2/9
INFO:Logging each: 50
INFO:Unhandled packet type received
INFO:Message received on topic: type-2/9 with payload size: 91 at 2024-12-11 08:46:57.393101 sent 2024-12-11 08:46:57.391666
INFO:Message received on topic: type-2/9 with payload size: 91 at 2024-12-11 08:46:59.990979 sent 2024-12-11 08:46:59.989728
INFO:Message received on topic: type-2/9 with payload size: 91 at 2024-12-11 08:47:02.589938 sent 2024-12-11 08:47:02.588650
INFO:Message received on topic: type-2/9 with payload size: 91 at 2024-12-11 08:47:05.194124 sent 2024-12-11 08:47:05.192731
INFO:Message received on topic: type-2/9 with payload size: 91 at 2024-12-11 08:47:07.796764 sent 2024-12-11 08:47:07.790620
INFO:Message received on topic: type-2/9 with payload size: 91 at 2024-12-11 08:47:10.390386 sent 2024-12-11 08:47:10.388338
INFO:Message received on topic: type-2/9 with payload size: 91 at 2024-12-11 08:47:12.988583 sent 2024-12-11 08:47:12.986872
INFO:Message received on topic: type-2/9 with payload size: 91 at 2024-12-11 08:47:15.589130 sent 2024-12-11 08:47:15.586497
INFO:Message received on topic: type-2/9 with payload size: 91 at 2024-12-11 08:47:18.191060 sent 2024-12-11 08:47:18.189642
INFO:Message received on topic: type-2/9 with payload size: 91 at 2024-12-11 08:47:20.793518 sent 2024-12-11 08:47:20.792019
INFO:Message received on topic: type-2/9 with payload size: 91 at 2024-12-11 08:47:23.452827 sent 2024-12-11 08:47:23.391569
INFO:Message received on topic: type-2/9 with payload size: 91 at 2024-12-11 08:47:26.058766 sent 2024-12-11 08:47:26.003424
INFO:Message received on topic: type-2/9 with payload size: 91 at 2024-12-11 08:47:28.655743 sent 2024-12-11 08:47:28.605081
INFO:Message received on topic: type-2/9 with payload size: 91 at 2024-12-11 08:47:31.251708 sent 2024-12-11 08:47:31.210269
INFO:Message received on topic: type-2/9 with payload size: 91 at 2024-12-11 08:47:33.857603 sent 2024-12-11 08:47:33.811805
INFO:Message received on topic: type-2/9 with payload size: 91 at 2024-12-11 08:47:36.454617 sent 2024-12-11 08:47:36.415504
INFO:Message received on topic: type-2/9 with payload size: 91 at 2024-12-11 08:47:39.049386 sent 2024-12-11 08:47:39.015644
INFO:Message received on topic: type-2/9 with payload size: 91 at 2024-12-11 08:47:41.648747 sent 2024-12-11 08:47:41.620529
INFO:Message received on topic: type-2/9 with payload size: 91 at 2024-12-11 08:47:44.249767 sent 2024-12-11 08:47:44.227158
INFO:Message received on topic: type-2/9 with payload size: 91 at 2024-12-11 08:47:46.853481 sent 2024-12-11 08:47:46.829804
INFO:Message received on topic: type-2/9 with payload size: 91 at 2024-12-11 08:47:49.453714 sent 2024-12-11 08:47:49.433432
INFO:Message received on topic: type-2/9 with payload size: 91 at 2024-12-11 08:47:52.052741 sent 2024-12-11 08:47:52.031884
INFO:Message received on topic: type-2/9 with payload size: 91 at 2024-12-11 08:47:54.745263 sent 2024-12-11 08:47:54.634200
INFO:Message received on topic: type-2/9 with payload size: 91 at 2024-12-11 08:47:57.259258 sent 2024-12-11 08:47:57.235133
INFO:Message received on topic: type-2/9 with payload size: 91 at 2024-12-11 08:47:59.868268 sent 2024-12-11 08:47:59.845151
INFO:Message received on topic: type-2/9 with payload size: 91 at 2024-12-11 08:48:02.467194 sent 2024-12-11 08:48:02.456025
INFO:Message received on topic: type-2/9 with payload size: 91 at 2024-12-11 08:48:05.075912 sent 2024-12-11 08:48:05.071075
INFO:Message received on topic: type-2/9 with payload size: 91 at 2024-12-11 08:48:07.686408 sent 2024-12-11 08:48:07.678413
INFO:Message received on topic: type-2/9 with payload size: 91 at 2024-12-11 08:48:10.363114 sent 2024-12-11 08:48:10.284736
INFO:Message received on topic: type-2/9 with payload size: 91 at 2024-12-11 08:48:12.960505 sent 2024-12-11 08:48:12.899143
INFO:Message received on topic: type-2/9 with payload size: 91 at 2024-12-11 08:48:15.554762 sent 2024-12-11 08:48:15.505502
INFO:Message received on topic: type-2/9 with payload size: 91 at 2024-12-11 08:48:18.157588 sent 2024-12-11 08:48:18.113989
INFO:Message received on topic: type-2/9 with payload size: 91 at 2024-12-11 08:48:20.776267 sent 2024-12-11 08:48:20.720109
INFO:Message received on topic: type-2/9 with payload size: 91 at 2024-12-11 08:48:23.381539 sent 2024-12-11 08:48:23.326273
INFO:Message received on topic: type-2/9 with payload size: 91 at 2024-12-11 08:48:26.058127 sent 2024-12-11 08:48:25.936093
INFO:Message received on topic: type-2/9 with payload size: 91 at 2024-12-11 08:48:28.565921 sent 2024-12-11 08:48:28.543579
INFO:Message received on topic: type-2/9 with payload size: 91 at 2024-12-11 08:48:31.162671 sent 2024-12-11 08:48:31.149094
INFO:Message received on topic: type-2/9 with payload size: 91 at 2024-12-11 08:48:33.774554 sent 2024-12-11 08:48:33.757570
INFO:Message received on topic: type-2/9 with payload size: 91 at 2024-12-11 08:48:36.368148 sent 2024-12-11 08:48:36.364882
INFO:Message received on topic: type-2/9 with payload size: 91 at 2024-12-11 08:48:38.980500 sent 2024-12-11 08:48:38.973113
INFO:Message received on topic: type-2/9 with payload size: 91 at 2024-12-11 08:48:41.650479 sent 2024-12-11 08:48:41.580669
INFO:Message received on topic: type-2/9 with payload size: 91 at 2024-12-11 08:48:44.246040 sent 2024-12-11 08:48:44.190650
INFO:Message received on topic: type-2/9 with payload size: 91 at 2024-12-11 08:48:46.856388 sent 2024-12-11 08:48:46.792784
INFO:Message received on topic: type-2/9 with payload size: 91 at 2024-12-11 08:48:49.457462 sent 2024-12-11 08:48:49.401580
INFO:Message received on topic: type-2/9 with payload size: 91 at 2024-12-11 08:48:52.056139 sent 2024-12-11 08:48:52.012958
INFO:Message received on topic: type-2/9 with payload size: 91 at 2024-12-11 08:48:54.661214 sent 2024-12-11 08:48:54.621209
INFO:Message received on topic: type-2/9 with payload size: 91 at 2024-12-11 08:48:57.353270 sent 2024-12-11 08:48:57.226485
INFO:Message received on topic: type-2/9 with payload size: 91 at 2024-12-11 08:48:59.866610 sent 2024-12-11 08:48:59.837981
INFO:Message received on topic: type-2/9 with payload size: 91 at 2024-12-11 08:49:02.464680 sent 2024-12-11 08:49:02.447913
INFO:Message received on topic: type-2/9 with payload size: 91 at 2024-12-11 08:49:05.060867 sent 2024-12-11 08:49:05.046725
INFO:Message received on topic: type-2/9 with payload size: 91 at 2024-12-11 08:49:07.661431 sent 2024-12-11 08:49:07.635514
INFO:Message received on topic: type-2/9 with payload size: 91 at 2024-12-11 08:49:10.279169 sent 2024-12-11 08:49:10.221870
INFO:Message received on topic: type-2/9 with payload size: 91 at 2024-12-11 08:49:12.865054 sent 2024-12-11 08:49:12.811929
INFO:Message received on topic: type-2/9 with payload size: 91 at 2024-12-11 08:49:15.461226 sent 2024-12-11 08:49:15.407648
INFO:Message received on topic: type-2/9 with payload size: 91 at 2024-12-11 08:49:18.059145 sent 2024-12-11 08:49:18.020202
INFO:Message received on topic: type-2/9 with payload size: 91 at 2024-12-11 08:49:20.679083 sent 2024-12-11 08:49:20.625563
INFO:Message received on topic: type-2/9 with payload size: 91 at 2024-12-11 08:49:23.280913 sent 2024-12-11 08:49:23.232443
INFO:Message received on topic: type-2/9 with payload size: 91 at 2024-12-11 08:49:25.856030 sent 2024-12-11 08:49:25.834667
INFO:Message received on topic: type-2/9 with payload size: 91 at 2024-12-11 08:49:28.458867 sent 2024-12-11 08:49:28.440865
INFO:Message received on topic: type-2/9 with payload size: 91 at 2024-12-11 08:49:31.133287 sent 2024-12-11 08:49:31.053234
INFO:Message received on topic: type-2/9 with payload size: 91 at 2024-12-11 08:49:33.670771 sent 2024-12-11 08:49:33.665300
INFO:Message received on topic: type-2/9 with payload size: 91 at 2024-12-11 08:49:36.350472 sent 2024-12-11 08:49:36.274294
INFO:Message received on topic: type-2/9 with payload size: 91 at 2024-12-11 08:49:38.934863 sent 2024-12-11 08:49:38.880199
INFO:Message received on topic: type-2/9 with payload size: 91 at 2024-12-11 08:49:41.565252 sent 2024-12-11 08:49:41.488034
INFO:Message received on topic: type-2/9 with payload size: 91 at 2024-12-11 08:49:44.162535 sent 2024-12-11 08:49:44.102800
INFO:Message received on topic: type-2/9 with payload size: 91 at 2024-12-11 08:49:46.755716 sent 2024-12-11 08:49:46.706702
INFO:Message received on topic: type-2/9 with payload size: 91 at 2024-12-11 08:49:49.368101 sent 2024-12-11 08:49:49.318010
INFO:Message received on topic: type-2/9 with payload size: 91 at 2024-12-11 08:49:51.977908 sent 2024-12-11 08:49:51.922825
INFO:Message received on topic: type-2/9 with payload size: 91 at 2024-12-11 08:49:54.556750 sent 2024-12-11 08:49:54.525049
INFO:Message received on topic: type-2/9 with payload size: 91 at 2024-12-11 08:49:57.149277 sent 2024-12-11 08:49:57.132746
INFO:Message received on topic: type-2/9 with payload size: 91 at 2024-12-11 08:49:59.760848 sent 2024-12-11 08:49:59.738667
INFO:Message received on topic: type-2/9 with payload size: 91 at 2024-12-11 08:50:02.364773 sent 2024-12-11 08:50:02.345925
INFO:Message received on topic: type-2/9 with payload size: 91 at 2024-12-11 08:50:04.969563 sent 2024-12-11 08:50:04.959098
INFO:Message received on topic: type-2/9 with payload size: 91 at 2024-12-11 08:50:07.654156 sent 2024-12-11 08:50:07.567165
INFO:Message received on topic: type-2/9 with payload size: 91 at 2024-12-11 08:50:10.177289 sent 2024-12-11 08:50:10.173238
INFO:Message received on topic: type-2/9 with payload size: 91 at 2024-12-11 08:50:12.835624 sent 2024-12-11 08:50:12.780597
INFO:Message received on topic: type-2/9 with payload size: 91 at 2024-12-11 08:50:15.437896 sent 2024-12-11 08:50:15.385122
INFO:Message received on topic: type-2/9 with payload size: 91 at 2024-12-11 08:50:18.047699 sent 2024-12-11 08:50:17.993889
INFO:Message received on topic: type-2/9 with payload size: 91 at 2024-12-11 08:50:20.662667 sent 2024-12-11 08:50:20.597552
INFO:Message received on topic: type-2/9 with payload size: 91 at 2024-12-11 08:50:23.249663 sent 2024-12-11 08:50:23.202947
INFO:Message received on topic: type-2/9 with payload size: 91 at 2024-12-11 08:50:25.853769 sent 2024-12-11 08:50:25.811858
INFO:Message received on topic: type-2/9 with payload size: 91 at 2024-12-11 08:50:28.484590 sent 2024-12-11 08:50:28.421476
INFO:Message received on topic: type-2/9 with payload size: 91 at 2024-12-11 08:50:31.056704 sent 2024-12-11 08:50:31.030614
INFO:Message received on topic: type-2/9 with payload size: 91 at 2024-12-11 08:50:33.651286 sent 2024-12-11 08:50:33.642820
INFO:Message received on topic: type-2/9 with payload size: 91 at 2024-12-11 08:50:36.271020 sent 2024-12-11 08:50:36.249594
INFO:Message received on topic: type-2/9 with payload size: 91 at 2024-12-11 08:50:38.873904 sent 2024-12-11 08:50:38.861787
INFO:Message received on topic: type-2/9 with payload size: 91 at 2024-12-11 08:50:41.468802 sent 2024-12-11 08:50:41.464544
INFO:Message received on topic: type-2/9 with payload size: 91 at 2024-12-11 08:50:44.074234 sent 2024-12-11 08:50:44.071130
INFO:Message received on topic: type-2/9 with payload size: 91 at 2024-12-11 08:50:46.747736 sent 2024-12-11 08:50:46.680076
INFO:Message received on topic: type-2/9 with payload size: 91 at 2024-12-11 08:50:49.363261 sent 2024-12-11 08:50:49.286041
INFO:Message received on topic: type-2/9 with payload size: 91 at 2024-12-11 08:50:51.961272 sent 2024-12-11 08:50:51.891645
INFO:Message received on topic: type-2/9 with payload size: 91 at 2024-12-11 08:50:54.556427 sent 2024-12-11 08:50:54.495905
INFO:Message received on topic: type-2/9 with payload size: 91 at 2024-12-11 08:50:57.161747 sent 2024-12-11 08:50:57.101625
INFO:Message received on topic: type-2/9 with payload size: 91 at 2024-12-11 08:50:59.750109 sent 2024-12-11 08:50:59.714649
INFO:Message received on topic: type-2/9 with payload size: 91 at 2024-12-11 08:51:02.365998 sent 2024-12-11 08:51:02.324778
INFO:Message received on topic: type-2/9 with payload size: 91 at 2024-12-11 08:51:05.072107 sent 2024-12-11 08:51:04.937565
INFO:Message received on topic: type-2/9 with payload size: 91 at 2024-12-11 08:51:07.561467 sent 2024-12-11 08:51:07.543165
INFO:Message received on topic: type-2/9 with payload size: 91 at 2024-12-11 08:51:10.159058 sent 2024-12-11 08:51:10.151238
INFO:Message received on topic: type-2/9 with payload size: 91 at 2024-12-11 08:51:12.769544 sent 2024-12-11 08:51:12.759125
INFO:Message received on topic: type-2/9 with payload size: 91 at 2024-12-11 08:51:15.376257 sent 2024-12-11 08:51:15.366014
INFO:Message received on topic: type-2/9 with payload size: 91 at 2024-12-11 08:51:17.977916 sent 2024-12-11 08:51:17.970145
INFO:Message received on topic: type-2/9 with payload size: 91 at 2024-12-11 08:51:20.584058 sent 2024-12-11 08:51:20.579100
INFO:Message received on topic: type-2/9 with payload size: 91 at 2024-12-11 08:51:23.261958 sent 2024-12-11 08:51:23.185566
INFO:Message received on topic: type-2/9 with payload size: 91 at 2024-12-11 08:51:25.856811 sent 2024-12-11 08:51:25.791905
INFO:Message received on topic: type-2/9 with payload size: 91 at 2024-12-11 08:51:28.455231 sent 2024-12-11 08:51:28.397273
INFO:Message received on topic: type-2/9 with payload size: 91 at 2024-12-11 08:51:31.055761 sent 2024-12-11 08:51:31.005516
INFO:Message received on topic: type-2/9 with payload size: 91 at 2024-12-11 08:51:33.649747 sent 2024-12-11 08:51:33.620408
INFO:Message received on topic: type-2/9 with payload size: 91 at 2024-12-11 08:51:36.283401 sent 2024-12-11 08:51:36.228938
INFO:Message received on topic: type-2/9 with payload size: 91 at 2024-12-11 08:51:38.986426 sent 2024-12-11 08:51:38.836435
INFO:Message received on topic: type-2/9 with payload size: 91 at 2024-12-11 08:51:41.550102 sent 2024-12-11 08:51:41.444941
INFO:Message received on topic: type-2/9 with payload size: 91 at 2024-12-11 08:51:44.062112 sent 2024-12-11 08:51:44.054904
INFO:Message received on topic: type-2/9 with payload size: 91 at 2024-12-11 08:51:46.667439 sent 2024-12-11 08:51:46.660135
INFO:Message received on topic: type-2/9 with payload size: 91 at 2024-12-11 08:51:49.279009 sent 2024-12-11 08:51:49.269984
INFO:Message received on topic: type-2/9 with payload size: 91 at 2024-12-11 08:51:51.887622 sent 2024-12-11 08:51:51.881242
INFO:Message received on topic: type-2/9 with payload size: 91 at 2024-12-11 08:51:54.493407 sent 2024-12-11 08:51:54.489700
INFO:Message received on topic: type-2/9 with payload size: 91 at 2024-12-11 08:51:57.159157 sent 2024-12-11 08:51:57.097002
INFO:Message received on topic: type-2/9 with payload size: 91 at 2024-12-11 08:51:59.761420 sent 2024-12-11 08:51:59.703153
INFO:Message received on topic: type-2/9 with payload size: 91 at 2024-12-11 08:52:02.350262 sent 2024-12-11 08:52:02.310822
INFO:Message received on topic: type-2/9 with payload size: 91 at 2024-12-11 08:52:04.954128 sent 2024-12-11 08:52:04.914005
INFO:Message received on topic: type-2/9 with payload size: 91 at 2024-12-11 08:52:07.581084 sent 2024-12-11 08:52:07.523155
INFO:Message received on topic: type-2/9 with payload size: 91 at 2024-12-11 08:52:10.155170 sent 2024-12-11 08:52:10.131460
INFO:Message received on topic: type-2/9 with payload size: 91 at 2024-12-11 08:52:12.864569 sent 2024-12-11 08:52:12.738407
INFO:Message received on topic: type-2/9 with payload size: 91 at 2024-12-11 08:52:15.357735 sent 2024-12-11 08:52:15.343644
INFO:Message received on topic: type-2/9 with payload size: 91 at 2024-12-11 08:52:17.977173 sent 2024-12-11 08:52:17.953665
INFO:Message received on topic: type-2/9 with payload size: 91 at 2024-12-11 08:52:20.581423 sent 2024-12-11 08:52:20.565125
INFO:Message received on topic: type-2/9 with payload size: 91 at 2024-12-11 08:52:23.184048 sent 2024-12-11 08:52:23.174984
INFO:Message received on topic: type-2/9 with payload size: 91 at 2024-12-11 08:52:25.852154 sent 2024-12-11 08:52:25.787910
INFO:Message received on topic: type-2/9 with payload size: 91 at 2024-12-11 08:52:28.446805 sent 2024-12-11 08:52:28.394147
INFO:Message received on topic: type-2/9 with payload size: 91 at 2024-12-11 08:52:31.048106 sent 2024-12-11 08:52:31.006032
INFO:Message received on topic: type-2/9 with payload size: 91 at 2024-12-11 08:52:33.652089 sent 2024-12-11 08:52:33.617671
INFO:Message received on topic: type-2/9 with payload size: 91 at 2024-12-11 08:52:36.252484 sent 2024-12-11 08:52:36.226433
INFO:Message received on topic: type-2/9 with payload size: 91 at 2024-12-11 08:52:38.852956 sent 2024-12-11 08:52:38.839046
INFO:Message received on topic: type-2/9 with payload size: 91 at 2024-12-11 08:52:41.453204 sent 2024-12-11 08:52:41.444158
INFO:Message received on topic: type-2/9 with payload size: 91 at 2024-12-11 08:52:44.067239 sent 2024-12-11 08:52:44.054607
INFO:Message received on topic: type-2/9 with payload size: 91 at 2024-12-11 08:52:46.668185 sent 2024-12-11 08:52:46.660384
INFO:Message received on topic: type-2/9 with payload size: 91 at 2024-12-11 08:52:49.278826 sent 2024-12-11 08:52:49.266491
INFO:Message received on topic: type-2/9 with payload size: 91 at 2024-12-11 08:52:51.875240 sent 2024-12-11 08:52:51.871520
INFO:Message received on topic: type-2/9 with payload size: 91 at 2024-12-11 08:52:54.550707 sent 2024-12-11 08:52:54.479782
INFO:Message received on topic: type-2/9 with payload size: 91 at 2024-12-11 08:52:57.152723 sent 2024-12-11 08:52:57.087440
INFO:Message received on topic: type-2/9 with payload size: 91 at 2024-12-11 08:52:59.748645 sent 2024-12-11 08:52:59.696633
INFO:Message received on topic: type-2/9 with payload size: 91 at 2024-12-11 08:53:02.363161 sent 2024-12-11 08:53:02.303973
INFO:Message received on topic: type-2/9 with payload size: 91 at 2024-12-11 08:53:04.951098 sent 2024-12-11 08:53:04.910751
INFO:Message received on topic: type-2/9 with payload size: 91 at 2024-12-11 08:53:07.575505 sent 2024-12-11 08:53:07.520585
INFO:Message received on topic: type-2/9 with payload size: 91 at 2024-12-11 08:53:10.157189 sent 2024-12-11 08:53:10.128876
INFO:Message received on topic: type-2/9 with payload size: 91 at 2024-12-11 08:53:12.757752 sent 2024-12-11 08:53:12.736933
INFO:Message received on topic: type-2/9 with payload size: 91 at 2024-12-11 08:53:15.357814 sent 2024-12-11 08:53:15.343492
INFO:Message received on topic: type-2/9 with payload size: 91 at 2024-12-11 08:53:17.967465 sent 2024-12-11 08:53:17.951618
INFO:Message received on topic: type-2/9 with payload size: 91 at 2024-12-11 08:53:20.568620 sent 2024-12-11 08:53:20.556599
INFO:Message received on topic: type-2/9 with payload size: 91 at 2024-12-11 08:53:23.164668 sent 2024-12-11 08:53:23.161544
INFO:Message received on topic: type-2/9 with payload size: 91 at 2024-12-11 08:53:25.841693 sent 2024-12-11 08:53:25.766297
INFO:Message received on topic: type-2/9 with payload size: 91 at 2024-12-11 08:53:28.436976 sent 2024-12-11 08:53:28.377189
INFO:Message received on topic: type-2/9 with payload size: 91 at 2024-12-11 08:53:31.050003 sent 2024-12-11 08:53:30.987660
INFO:Message received on topic: type-2/9 with payload size: 91 at 2024-12-11 08:53:33.645720 sent 2024-12-11 08:53:33.599953
INFO:Message received on topic: type-2/9 with payload size: 91 at 2024-12-11 08:53:36.254592 sent 2024-12-11 08:53:36.206444
INFO:Message received on topic: type-2/9 with payload size: 91 at 2024-12-11 08:53:38.857921 sent 2024-12-11 08:53:38.814076
INFO:Message received on topic: type-2/9 with payload size: 91 at 2024-12-11 08:53:41.456672 sent 2024-12-11 08:53:41.421902
INFO:Message received on topic: type-2/9 with payload size: 91 at 2024-12-11 08:53:44.057524 sent 2024-12-11 08:53:44.034203
INFO:Message received on topic: type-2/9 with payload size: 91 at 2024-12-11 08:53:46.652366 sent 2024-12-11 08:53:46.636227
INFO:Message received on topic: type-2/9 with payload size: 91 at 2024-12-11 08:53:49.250367 sent 2024-12-11 08:53:49.241054
INFO:Message received on topic: type-2/9 with payload size: 91 at 2024-12-11 08:53:51.879532 sent 2024-12-11 08:53:51.845113
INFO:Message received on topic: type-2/9 with payload size: 91 at 2024-12-11 08:53:54.460014 sent 2024-12-11 08:53:54.453766
INFO:Message received on topic: type-2/9 with payload size: 91 at 2024-12-11 08:53:57.062259 sent 2024-12-11 08:53:57.058254
INFO:Message received on topic: type-2/9 with payload size: 91 at 2024-12-11 08:53:59.667884 sent 2024-12-11 08:53:59.664905
INFO:Message received on topic: type-2/9 with payload size: 91 at 2024-12-11 08:54:02.282502 sent 2024-12-11 08:54:02.271465
INFO:Message received on topic: type-2/9 with payload size: 91 at 2024-12-11 08:54:04.882766 sent 2024-12-11 08:54:04.875630
INFO:Message received on topic: type-2/9 with payload size: 91 at 2024-12-11 08:54:07.533698 sent 2024-12-11 08:54:07.484239
INFO:Message received on topic: type-2/9 with payload size: 91 at 2024-12-11 08:54:10.142235 sent 2024-12-11 08:54:10.089864
INFO:Message received on topic: type-2/9 with payload size: 91 at 2024-12-11 08:54:12.752055 sent 2024-12-11 08:54:12.697098
INFO:Message received on topic: type-2/9 with payload size: 91 at 2024-12-11 08:54:15.352193 sent 2024-12-11 08:54:15.306934
INFO:Message received on topic: type-2/9 with payload size: 91 at 2024-12-11 08:54:17.973273 sent 2024-12-11 08:54:17.915967
INFO:Message received on topic: type-2/9 with payload size: 91 at 2024-12-11 08:54:20.562027 sent 2024-12-11 08:54:20.524483
INFO:Message received on topic: type-2/9 with payload size: 91 at 2024-12-11 08:54:23.155508 sent 2024-12-11 08:54:23.136358
INFO:Message received on topic: type-2/9 with payload size: 91 at 2024-12-11 08:54:25.752715 sent 2024-12-11 08:54:25.738460
INFO:Message received on topic: type-2/9 with payload size: 91 at 2024-12-11 08:54:28.373096 sent 2024-12-11 08:54:28.346835
INFO:Message received on topic: type-2/9 with payload size: 91 at 2024-12-11 08:54:31.035928 sent 2024-12-11 08:54:30.958887
INFO:Message received on topic: type-2/9 with payload size: 91 at 2024-12-11 08:54:33.572997 sent 2024-12-11 08:54:33.564270
INFO:Message received on topic: type-2/9 with payload size: 91 at 2024-12-11 08:54:36.266138 sent 2024-12-11 08:54:36.172357
INFO:Message received on topic: type-2/9 with payload size: 91 at 2024-12-11 08:54:38.786897 sent 2024-12-11 08:54:38.776634
INFO:Message received on topic: type-2/9 with payload size: 91 at 2024-12-11 08:54:41.451963 sent 2024-12-11 08:54:41.385662
INFO:Message received on topic: type-2/9 with payload size: 91 at 2024-12-11 08:54:44.050318 sent 2024-12-11 08:54:43.993885
INFO:Message received on topic: type-2/9 with payload size: 91 at 2024-12-11 08:54:46.650261 sent 2024-12-11 08:54:46.598491
INFO:Message received on topic: type-2/9 with payload size: 91 at 2024-12-11 08:54:49.250661 sent 2024-12-11 08:54:49.211912
INFO:Message received on topic: type-2/9 with payload size: 91 at 2024-12-11 08:54:51.851314 sent 2024-12-11 08:54:51.817926
INFO:Message received on topic: type-2/9 with payload size: 91 at 2024-12-11 08:54:54.450189 sent 2024-12-11 08:54:54.423615
INFO:Message received on topic: type-2/9 with payload size: 91 at 2024-12-11 08:54:57.049218 sent 2024-12-11 08:54:57.028871
INFO:Message received on topic: type-2/9 with payload size: 91 at 2024-12-11 08:54:59.673934 sent 2024-12-11 08:54:59.633927
INFO:Message received on topic: type-2/9 with payload size: 91 at 2024-12-11 08:55:02.258582 sent 2024-12-11 08:55:02.238164
INFO:Message received on topic: type-2/9 with payload size: 91 at 2024-12-11 08:55:04.850288 sent 2024-12-11 08:55:04.843545
INFO:Message received on topic: type-2/9 with payload size: 91 at 2024-12-11 08:55:07.467813 sent 2024-12-11 08:55:07.447288
INFO:Message received on topic: type-2/9 with payload size: 91 at 2024-12-11 08:55:10.058124 sent 2024-12-11 08:55:10.054275
INFO:Message received on topic: type-2/9 with payload size: 91 at 2024-12-11 08:55:12.664464 sent 2024-12-11 08:55:12.660927
INFO:Message received on topic: type-2/9 with payload size: 91 at 2024-12-11 08:55:15.276165 sent 2024-12-11 08:55:15.262506
INFO:Message received on topic: type-2/9 with payload size: 91 at 2024-12-11 08:55:17.870580 sent 2024-12-11 08:55:17.867254
INFO:Message received on topic: type-2/9 with payload size: 91 at 2024-12-11 08:55:20.477957 sent 2024-12-11 08:55:20.471282
INFO:Message received on topic: type-2/9 with payload size: 91 at 2024-12-11 08:55:23.139063 sent 2024-12-11 08:55:23.080237
INFO:Message received on topic: type-2/9 with payload size: 91 at 2024-12-11 08:55:25.741207 sent 2024-12-11 08:55:25.690032
