INFO:Starting Version 1.0.5
DEBUG:Using selector: EpollSelector
INFO:Connecting to cluster at: mqtt-quic://emqx-headless.dtwins:14567 using QUIC
INFO:Subscribed to topic: type-2/28
INFO:Logging each: 50
INFO:Unhandled packet type received
INFO:Message received on topic: type-2/28 with payload size: 91 at 2024-12-11 08:47:57.457337 sent 2024-12-11 08:47:57.412974
INFO:Message received on topic: type-2/28 with payload size: 91 at 2024-12-11 08:48:00.069607 sent 2024-12-11 08:48:00.018846
INFO:Message received on topic: type-2/28 with payload size: 91 at 2024-12-11 08:48:02.758604 sent 2024-12-11 08:48:02.626488
INFO:Message received on topic: type-2/28 with payload size: 91 at 2024-12-11 08:48:05.250062 sent 2024-12-11 08:48:05.235766
INFO:Message received on topic: type-2/28 with payload size: 91 at 2024-12-11 08:48:07.861741 sent 2024-12-11 08:48:07.844447
INFO:Message received on topic: type-2/28 with payload size: 91 at 2024-12-11 08:48:10.467250 sent 2024-12-11 08:48:10.453653
INFO:Message received on topic: type-2/28 with payload size: 91 at 2024-12-11 08:48:13.071563 sent 2024-12-11 08:48:13.063976
INFO:Message received on topic: type-2/28 with payload size: 91 at 2024-12-11 08:48:15.673559 sent 2024-12-11 08:48:15.669218
INFO:Message received on topic: type-2/28 with payload size: 91 at 2024-12-11 08:48:18.292892 sent 2024-12-11 08:48:18.274185
INFO:Message received on topic: type-2/28 with payload size: 91 at 2024-12-11 08:48:20.951877 sent 2024-12-11 08:48:20.884140
INFO:Message received on topic: type-2/28 with payload size: 91 at 2024-12-11 08:48:23.549295 sent 2024-12-11 08:48:23.491163
INFO:Message received on topic: type-2/28 with payload size: 91 at 2024-12-11 08:48:26.158316 sent 2024-12-11 08:48:26.094993
INFO:Message received on topic: type-2/28 with payload size: 91 at 2024-12-11 08:48:28.755960 sent 2024-12-11 08:48:28.701245
INFO:Message received on topic: type-2/28 with payload size: 91 at 2024-12-11 08:48:31.359795 sent 2024-12-11 08:48:31.307406
INFO:Message received on topic: type-2/28 with payload size: 91 at 2024-12-11 08:48:33.954242 sent 2024-12-11 08:48:33.917856
INFO:Message received on topic: type-2/28 with payload size: 91 at 2024-12-11 08:48:36.579052 sent 2024-12-11 08:48:36.524285
INFO:Message received on topic: type-2/28 with payload size: 91 at 2024-12-11 08:48:39.148868 sent 2024-12-11 08:48:39.129580
INFO:Message received on topic: type-2/28 with payload size: 91 at 2024-12-11 08:48:41.857060 sent 2024-12-11 08:48:41.739151
INFO:Message received on topic: type-2/28 with payload size: 91 at 2024-12-11 08:48:44.371120 sent 2024-12-11 08:48:44.344834
INFO:Message received on topic: type-2/28 with payload size: 91 at 2024-12-11 08:48:46.958465 sent 2024-12-11 08:48:46.947717
INFO:Message received on topic: type-2/28 with payload size: 91 at 2024-12-11 08:48:49.566044 sent 2024-12-11 08:48:49.558447
INFO:Message received on topic: type-2/28 with payload size: 91 at 2024-12-11 08:48:52.176629 sent 2024-12-11 08:48:52.170412
INFO:Message received on topic: type-2/28 with payload size: 91 at 2024-12-11 08:48:54.786181 sent 2024-12-11 08:48:54.781592
INFO:Message received on topic: type-2/28 with payload size: 91 at 2024-12-11 08:48:57.463274 sent 2024-12-11 08:48:57.393095
INFO:Message received on topic: type-2/28 with payload size: 91 at 2024-12-11 08:49:00.057855 sent 2024-12-11 08:49:00.002516
INFO:Message received on topic: type-2/28 with payload size: 91 at 2024-12-11 08:49:02.664203 sent 2024-12-11 08:49:02.609894
INFO:Message received on topic: type-2/28 with payload size: 91 at 2024-12-11 08:49:05.253052 sent 2024-12-11 08:49:05.208441
INFO:Message received on topic: type-2/28 with payload size: 91 at 2024-12-11 08:49:07.849480 sent 2024-12-11 08:49:07.791840
INFO:Message received on topic: type-2/28 with payload size: 91 at 2024-12-11 08:49:10.449124 sent 2024-12-11 08:49:10.377672
INFO:Message received on topic: type-2/28 with payload size: 91 at 2024-12-11 08:49:12.968563 sent 2024-12-11 08:49:12.964711
INFO:Message received on topic: type-2/28 with payload size: 91 at 2024-12-11 08:49:15.576606 sent 2024-12-11 08:49:15.564548
INFO:Message received on topic: type-2/28 with payload size: 91 at 2024-12-11 08:49:18.245460 sent 2024-12-11 08:49:18.175270
INFO:Message received on topic: type-2/28 with payload size: 91 at 2024-12-11 08:49:20.834022 sent 2024-12-11 08:49:20.780377
INFO:Message received on topic: type-2/28 with payload size: 91 at 2024-12-11 08:49:23.458824 sent 2024-12-11 08:49:23.386601
INFO:Message received on topic: type-2/28 with payload size: 91 at 2024-12-11 08:49:26.052012 sent 2024-12-11 08:49:25.989631
INFO:Message received on topic: type-2/28 with payload size: 91 at 2024-12-11 08:49:28.653876 sent 2024-12-11 08:49:28.596129
INFO:Message received on topic: type-2/28 with payload size: 91 at 2024-12-11 08:49:31.273599 sent 2024-12-11 08:49:31.206988
INFO:Message received on topic: type-2/28 with payload size: 91 at 2024-12-11 08:49:33.880874 sent 2024-12-11 08:49:33.820678
INFO:Message received on topic: type-2/28 with payload size: 91 at 2024-12-11 08:49:36.469583 sent 2024-12-11 08:49:36.431551
INFO:Message received on topic: type-2/28 with payload size: 91 at 2024-12-11 08:49:39.054735 sent 2024-12-11 08:49:39.037722
INFO:Message received on topic: type-2/28 with payload size: 91 at 2024-12-11 08:49:41.661219 sent 2024-12-11 08:49:41.645382
INFO:Message received on topic: type-2/28 with payload size: 91 at 2024-12-11 08:49:44.275458 sent 2024-12-11 08:49:44.258982
INFO:Message received on topic: type-2/28 with payload size: 91 at 2024-12-11 08:49:46.865658 sent 2024-12-11 08:49:46.861513
INFO:Message received on topic: type-2/28 with payload size: 91 at 2024-12-11 08:49:49.479939 sent 2024-12-11 08:49:49.473009
INFO:Message received on topic: type-2/28 with payload size: 91 at 2024-12-11 08:49:52.085516 sent 2024-12-11 08:49:52.081469
INFO:Message received on topic: type-2/28 with payload size: 91 at 2024-12-11 08:49:54.754912 sent 2024-12-11 08:49:54.693085
INFO:Message received on topic: type-2/28 with payload size: 91 at 2024-12-11 08:49:57.347864 sent 2024-12-11 08:49:57.299616
INFO:Message received on topic: type-2/28 with payload size: 91 at 2024-12-11 08:49:59.952525 sent 2024-12-11 08:49:59.909864
INFO:Message received on topic: type-2/28 with payload size: 91 at 2024-12-11 08:50:02.564105 sent 2024-12-11 08:50:02.515540
INFO:Message received on topic: type-2/28 with payload size: 91 at 2024-12-11 08:50:05.145675 sent 2024-12-11 08:50:05.119545
INFO:Message received on topic: type-2/28 with payload size: 91 at 2024-12-11 08:50:07.779631 sent 2024-12-11 08:50:07.724635
INFO:Message received on topic: type-2/28 with payload size: 91 at 2024-12-11 08:50:10.350018 sent 2024-12-11 08:50:10.331793
INFO:Message received on topic: type-2/28 with payload size: 91 at 2024-12-11 08:50:12.963633 sent 2024-12-11 08:50:12.936074
INFO:Message received on topic: type-2/28 with payload size: 91 at 2024-12-11 08:50:15.556173 sent 2024-12-11 08:50:15.542208
INFO:Message received on topic: type-2/28 with payload size: 91 at 2024-12-11 08:50:18.158025 sent 2024-12-11 08:50:18.149118
INFO:Message received on topic: type-2/28 with payload size: 91 at 2024-12-11 08:50:20.767025 sent 2024-12-11 08:50:20.753047
INFO:Message received on topic: type-2/28 with payload size: 91 at 2024-12-11 08:50:23.363046 sent 2024-12-11 08:50:23.360408
INFO:Message received on topic: type-2/28 with payload size: 91 at 2024-12-11 08:50:25.969028 sent 2024-12-11 08:50:25.963637
INFO:Message received on topic: type-2/28 with payload size: 91 at 2024-12-11 08:50:28.583430 sent 2024-12-11 08:50:28.572236
INFO:Message received on topic: type-2/28 with payload size: 91 at 2024-12-11 08:50:31.185910 sent 2024-12-11 08:50:31.182021
INFO:Message received on topic: type-2/28 with payload size: 91 at 2024-12-11 08:50:33.796607 sent 2024-12-11 08:50:33.788574
INFO:Message received on topic: type-2/28 with payload size: 91 at 2024-12-11 08:50:36.461206 sent 2024-12-11 08:50:36.399604
INFO:Message received on topic: type-2/28 with payload size: 91 at 2024-12-11 08:50:39.056526 sent 2024-12-11 08:50:39.005460
INFO:Message received on topic: type-2/28 with payload size: 91 at 2024-12-11 08:50:41.657237 sent 2024-12-11 08:50:41.602282
INFO:Message received on topic: type-2/28 with payload size: 91 at 2024-12-11 08:50:44.256960 sent 2024-12-11 08:50:44.208609
INFO:Message received on topic: type-2/28 with payload size: 91 at 2024-12-11 08:50:46.861243 sent 2024-12-11 08:50:46.814976
INFO:Message received on topic: type-2/28 with payload size: 91 at 2024-12-11 08:50:49.462820 sent 2024-12-11 08:50:49.427390
INFO:Message received on topic: type-2/28 with payload size: 91 at 2024-12-11 08:50:52.061283 sent 2024-12-11 08:50:52.032795
INFO:Message received on topic: type-2/28 with payload size: 91 at 2024-12-11 08:50:54.666603 sent 2024-12-11 08:50:54.638080
INFO:Message received on topic: type-2/28 with payload size: 91 at 2024-12-11 08:50:57.260627 sent 2024-12-11 08:50:57.245104
INFO:Message received on topic: type-2/28 with payload size: 91 at 2024-12-11 08:50:59.862997 sent 2024-12-11 08:50:59.852569
INFO:Message received on topic: type-2/28 with payload size: 91 at 2024-12-11 08:51:02.481934 sent 2024-12-11 08:51:02.460075
INFO:Message received on topic: type-2/28 with payload size: 91 at 2024-12-11 08:51:05.074784 sent 2024-12-11 08:51:05.066051
INFO:Message received on topic: type-2/28 with payload size: 91 at 2024-12-11 08:51:07.675731 sent 2024-12-11 08:51:07.670518
INFO:Message received on topic: type-2/28 with payload size: 91 at 2024-12-11 08:51:10.290744 sent 2024-12-11 08:51:10.282812
INFO:Message received on topic: type-2/28 with payload size: 91 at 2024-12-11 08:51:12.953601 sent 2024-12-11 08:51:12.889778
INFO:Message received on topic: type-2/28 with payload size: 91 at 2024-12-11 08:51:15.562741 sent 2024-12-11 08:51:15.494645
INFO:Message received on topic: type-2/28 with payload size: 91 at 2024-12-11 08:51:18.159206 sent 2024-12-11 08:51:18.101144
INFO:Message received on topic: type-2/28 with payload size: 91 at 2024-12-11 08:51:20.767209 sent 2024-12-11 08:51:20.708095
INFO:Message received on topic: type-2/28 with payload size: 91 at 2024-12-11 08:51:23.365611 sent 2024-12-11 08:51:23.317433
INFO:Message received on topic: type-2/28 with payload size: 91 at 2024-12-11 08:51:25.961514 sent 2024-12-11 08:51:25.926851
INFO:Message received on topic: type-2/28 with payload size: 91 at 2024-12-11 08:51:28.658388 sent 2024-12-11 08:51:28.532488
INFO:Message received on topic: type-2/28 with payload size: 91 at 2024-12-11 08:51:31.260409 sent 2024-12-11 08:51:31.140608
INFO:Message received on topic: type-2/28 with payload size: 91 at 2024-12-11 08:51:33.758997 sent 2024-12-11 08:51:33.748948
INFO:Message received on topic: type-2/28 with payload size: 91 at 2024-12-11 08:51:36.362999 sent 2024-12-11 08:51:36.355414
INFO:Message received on topic: type-2/28 with payload size: 91 at 2024-12-11 08:51:38.988479 sent 2024-12-11 08:51:38.966165
INFO:Message received on topic: type-2/28 with payload size: 91 at 2024-12-11 08:51:41.590085 sent 2024-12-11 08:51:41.571482
INFO:Message received on topic: type-2/28 with payload size: 91 at 2024-12-11 08:51:44.185918 sent 2024-12-11 08:51:44.179083
INFO:Message received on topic: type-2/28 with payload size: 91 at 2024-12-11 08:51:46.785978 sent 2024-12-11 08:51:46.783061
INFO:Message received on topic: type-2/28 with payload size: 91 at 2024-12-11 08:51:49.449271 sent 2024-12-11 08:51:49.386790
INFO:Message received on topic: type-2/28 with payload size: 91 at 2024-12-11 08:51:52.066820 sent 2024-12-11 08:51:51.993712
INFO:Message received on topic: type-2/28 with payload size: 91 at 2024-12-11 08:51:54.653183 sent 2024-12-11 08:51:54.600528
INFO:Message received on topic: type-2/28 with payload size: 91 at 2024-12-11 08:51:57.253266 sent 2024-12-11 08:51:57.218197
INFO:Message received on topic: type-2/28 with payload size: 91 at 2024-12-11 08:51:59.854456 sent 2024-12-11 08:51:59.833274
INFO:Message received on topic: type-2/28 with payload size: 91 at 2024-12-11 08:52:02.460458 sent 2024-12-11 08:52:02.439876
INFO:Message received on topic: type-2/28 with payload size: 91 at 2024-12-11 08:52:05.059177 sent 2024-12-11 08:52:05.048138
INFO:Message received on topic: type-2/28 with payload size: 91 at 2024-12-11 08:52:07.662903 sent 2024-12-11 08:52:07.658204
INFO:Message received on topic: type-2/28 with payload size: 91 at 2024-12-11 08:52:10.282024 sent 2024-12-11 08:52:10.274861
INFO:Message received on topic: type-2/28 with payload size: 91 at 2024-12-11 08:52:12.960978 sent 2024-12-11 08:52:12.886208
INFO:Message received on topic: type-2/28 with payload size: 91 at 2024-12-11 08:52:15.553109 sent 2024-12-11 08:52:15.491664
INFO:Message received on topic: type-2/28 with payload size: 91 at 2024-12-11 08:52:18.156112 sent 2024-12-11 08:52:18.097982
INFO:Message received on topic: type-2/28 with payload size: 91 at 2024-12-11 08:52:20.767495 sent 2024-12-11 08:52:20.710574
INFO:Message received on topic: type-2/28 with payload size: 91 at 2024-12-11 08:52:23.434252 sent 2024-12-11 08:52:23.323234
INFO:Message received on topic: type-2/28 with payload size: 91 at 2024-12-11 08:52:25.951236 sent 2024-12-11 08:52:25.930602
INFO:Message received on topic: type-2/28 with payload size: 91 at 2024-12-11 08:52:28.561913 sent 2024-12-11 08:52:28.538390
INFO:Message received on topic: type-2/28 with payload size: 91 at 2024-12-11 08:52:31.148950 sent 2024-12-11 08:52:31.143022
INFO:Message received on topic: type-2/28 with payload size: 91 at 2024-12-11 08:52:33.757059 sent 2024-12-11 08:52:33.748601
INFO:Message received on topic: type-2/28 with payload size: 91 at 2024-12-11 08:52:36.364941 sent 2024-12-11 08:52:36.353521
INFO:Message received on topic: type-2/28 with payload size: 91 at 2024-12-11 08:52:38.983744 sent 2024-12-11 08:52:38.960146
INFO:Message received on topic: type-2/28 with payload size: 91 at 2024-12-11 08:52:41.582640 sent 2024-12-11 08:52:41.574912
INFO:Message received on topic: type-2/28 with payload size: 91 at 2024-12-11 08:52:44.248601 sent 2024-12-11 08:52:44.180315
INFO:Message received on topic: type-2/28 with payload size: 91 at 2024-12-11 08:52:46.846864 sent 2024-12-11 08:52:46.784429
INFO:Message received on topic: type-2/28 with payload size: 91 at 2024-12-11 08:52:49.455652 sent 2024-12-11 08:52:49.397521
INFO:Message received on topic: type-2/28 with payload size: 91 at 2024-12-11 08:52:52.056828 sent 2024-12-11 08:52:52.004702
INFO:Message received on topic: type-2/28 with payload size: 91 at 2024-12-11 08:52:54.674658 sent 2024-12-11 08:52:54.609869
INFO:Message received on topic: type-2/28 with payload size: 91 at 2024-12-11 08:52:57.279380 sent 2024-12-11 08:52:57.218147
INFO:Message received on topic: type-2/28 with payload size: 91 at 2024-12-11 08:52:59.849151 sent 2024-12-11 08:52:59.832793
INFO:Message received on topic: type-2/28 with payload size: 91 at 2024-12-11 08:53:02.455193 sent 2024-12-11 08:53:02.443466
INFO:Message received on topic: type-2/28 with payload size: 91 at 2024-12-11 08:53:05.058956 sent 2024-12-11 08:53:05.048570
INFO:Message received on topic: type-2/28 with payload size: 91 at 2024-12-11 08:53:07.659771 sent 2024-12-11 08:53:07.653135
INFO:Message received on topic: type-2/28 with payload size: 91 at 2024-12-11 08:53:10.272167 sent 2024-12-11 08:53:10.267298
INFO:Message received on topic: type-2/28 with payload size: 91 at 2024-12-11 08:53:12.879783 sent 2024-12-11 08:53:12.874047
INFO:Message received on topic: type-2/28 with payload size: 91 at 2024-12-11 08:53:15.547030 sent 2024-12-11 08:53:15.481835
INFO:Message received on topic: type-2/28 with payload size: 91 at 2024-12-11 08:53:18.146765 sent 2024-12-11 08:53:18.087339
INFO:Message received on topic: type-2/28 with payload size: 91 at 2024-12-11 08:53:20.752134 sent 2024-12-11 08:53:20.694990
INFO:Message received on topic: type-2/28 with payload size: 91 at 2024-12-11 08:53:23.448078 sent 2024-12-11 08:53:23.303497
INFO:Message received on topic: type-2/28 with payload size: 91 at 2024-12-11 08:53:25.954999 sent 2024-12-11 08:53:25.909291
INFO:Message received on topic: type-2/28 with payload size: 91 at 2024-12-11 08:53:28.581317 sent 2024-12-11 08:53:28.519471
INFO:Message received on topic: type-2/28 with payload size: 91 at 2024-12-11 08:53:31.181522 sent 2024-12-11 08:53:31.124132
INFO:Message received on topic: type-2/28 with payload size: 91 at 2024-12-11 08:53:33.747678 sent 2024-12-11 08:53:33.730613
INFO:Message received on topic: type-2/28 with payload size: 91 at 2024-12-11 08:53:36.365115 sent 2024-12-11 08:53:36.337488
INFO:Message received on topic: type-2/28 with payload size: 91 at 2024-12-11 08:53:38.954988 sent 2024-12-11 08:53:38.947536
INFO:Message received on topic: type-2/28 with payload size: 91 at 2024-12-11 08:53:41.563482 sent 2024-12-11 08:53:41.553750
INFO:Message received on topic: type-2/28 with payload size: 91 at 2024-12-11 08:53:44.166868 sent 2024-12-11 08:53:44.163585
INFO:Message received on topic: type-2/28 with payload size: 91 at 2024-12-11 08:53:46.769913 sent 2024-12-11 08:53:46.766515
INFO:Message received on topic: type-2/28 with payload size: 91 at 2024-12-11 08:53:49.381153 sent 2024-12-11 08:53:49.372901
INFO:Message received on topic: type-2/28 with payload size: 91 at 2024-12-11 08:53:52.058826 sent 2024-12-11 08:53:51.983959
INFO:Message received on topic: type-2/28 with payload size: 91 at 2024-12-11 08:53:54.649063 sent 2024-12-11 08:53:54.590981
INFO:Message received on topic: type-2/28 with payload size: 91 at 2024-12-11 08:53:57.252017 sent 2024-12-11 08:53:57.196106
INFO:Message received on topic: type-2/28 with payload size: 91 at 2024-12-11 08:53:59.852127 sent 2024-12-11 08:53:59.804152
INFO:Message received on topic: type-2/28 with payload size: 91 at 2024-12-11 08:54:02.459986 sent 2024-12-11 08:54:02.413860
INFO:Message received on topic: type-2/28 with payload size: 91 at 2024-12-11 08:54:05.136730 sent 2024-12-11 08:54:05.019694
INFO:Message received on topic: type-2/28 with payload size: 91 at 2024-12-11 08:54:07.680687 sent 2024-12-11 08:54:07.622591
INFO:Message received on topic: type-2/28 with payload size: 91 at 2024-12-11 08:54:10.250395 sent 2024-12-11 08:54:10.233419
INFO:Message received on topic: type-2/28 with payload size: 91 at 2024-12-11 08:54:12.854887 sent 2024-12-11 08:54:12.841426
INFO:Message received on topic: type-2/28 with payload size: 91 at 2024-12-11 08:54:15.464150 sent 2024-12-11 08:54:15.450402
INFO:Message received on topic: type-2/28 with payload size: 91 at 2024-12-11 08:54:18.068963 sent 2024-12-11 08:54:18.063467
INFO:Message received on topic: type-2/28 with payload size: 91 at 2024-12-11 08:54:20.760454 sent 2024-12-11 08:54:20.670835
INFO:Message received on topic: type-2/28 with payload size: 91 at 2024-12-11 08:54:23.346931 sent 2024-12-11 08:54:23.276092
INFO:Message received on topic: type-2/28 with payload size: 91 at 2024-12-11 08:54:25.947174 sent 2024-12-11 08:54:25.879143
INFO:Message received on topic: type-2/28 with payload size: 91 at 2024-12-11 08:54:28.548852 sent 2024-12-11 08:54:28.487895
INFO:Message received on topic: type-2/28 with payload size: 91 at 2024-12-11 08:54:31.159833 sent 2024-12-11 08:54:31.098945
INFO:Message received on topic: type-2/28 with payload size: 91 at 2024-12-11 08:54:33.762892 sent 2024-12-11 08:54:33.706104
INFO:Message received on topic: type-2/28 with payload size: 91 at 2024-12-11 08:54:36.358202 sent 2024-12-11 08:54:36.312621
INFO:Message received on topic: type-2/28 with payload size: 91 at 2024-12-11 08:54:38.952891 sent 2024-12-11 08:54:38.921527
INFO:Message received on topic: type-2/28 with payload size: 91 at 2024-12-11 08:54:41.557077 sent 2024-12-11 08:54:41.530228
INFO:Message received on topic: type-2/28 with payload size: 91 at 2024-12-11 08:54:44.159854 sent 2024-12-11 08:54:44.138378
INFO:Message received on topic: type-2/28 with payload size: 91 at 2024-12-11 08:54:46.757698 sent 2024-12-11 08:54:46.748876
INFO:Message received on topic: type-2/28 with payload size: 91 at 2024-12-11 08:54:49.367512 sent 2024-12-11 08:54:49.358929
INFO:Message received on topic: type-2/28 with payload size: 91 at 2024-12-11 08:54:51.970306 sent 2024-12-11 08:54:51.965051
INFO:Message received on topic: type-2/28 with payload size: 91 at 2024-12-11 08:54:54.576961 sent 2024-12-11 08:54:54.571199
INFO:Message received on topic: type-2/28 with payload size: 91 at 2024-12-11 08:54:57.264624 sent 2024-12-11 08:54:57.175132
INFO:Message received on topic: type-2/28 with payload size: 91 at 2024-12-11 08:54:59.836990 sent 2024-12-11 08:54:59.783050
INFO:Message received on topic: type-2/28 with payload size: 91 at 2024-12-11 08:55:02.449778 sent 2024-12-11 08:55:02.386068
INFO:Message received on topic: type-2/28 with payload size: 91 at 2024-12-11 08:55:05.041100 sent 2024-12-11 08:55:04.994129
INFO:Message received on topic: type-2/28 with payload size: 91 at 2024-12-11 08:55:07.652565 sent 2024-12-11 08:55:07.599752
INFO:Message received on topic: type-2/28 with payload size: 91 at 2024-12-11 08:55:10.247723 sent 2024-12-11 08:55:10.205008
INFO:Message received on topic: type-2/28 with payload size: 91 at 2024-12-11 08:55:12.841278 sent 2024-12-11 08:55:12.810609
INFO:Message received on topic: type-2/28 with payload size: 91 at 2024-12-11 08:55:15.466225 sent 2024-12-11 08:55:15.412711
INFO:Message received on topic: type-2/28 with payload size: 91 at 2024-12-11 08:55:18.048288 sent 2024-12-11 08:55:18.016503
INFO:Message received on topic: type-2/28 with payload size: 91 at 2024-12-11 08:55:20.676897 sent 2024-12-11 08:55:20.621052
INFO:Message received on topic: type-2/28 with payload size: 91 at 2024-12-11 08:55:23.375141 sent 2024-12-11 08:55:23.227751
INFO:Message received on topic: type-2/28 with payload size: 91 at 2024-12-11 08:55:25.947923 sent 2024-12-11 08:55:25.827294
INFO:Message received on topic: type-2/28 with payload size: 91 at 2024-12-11 08:55:28.548666 sent 2024-12-11 08:55:28.428743
INFO:Message received on topic: type-2/28 with payload size: 91 at 2024-12-11 08:55:31.040313 sent 2024-12-11 08:55:31.030888
INFO:Message received on topic: type-2/28 with payload size: 91 at 2024-12-11 08:55:33.651062 sent 2024-12-11 08:55:33.633903
INFO:Message received on topic: type-2/28 with payload size: 91 at 2024-12-11 08:55:36.249453 sent 2024-12-11 08:55:36.237304
INFO:Message received on topic: type-2/28 with payload size: 91 at 2024-12-11 08:55:38.855473 sent 2024-12-11 08:55:38.838616
INFO:Message received on topic: type-2/28 with payload size: 91 at 2024-12-11 08:55:41.460864 sent 2024-12-11 08:55:41.441765
INFO:Message received on topic: type-2/28 with payload size: 91 at 2024-12-11 08:55:44.062259 sent 2024-12-11 08:55:44.042198
INFO:Message received on topic: type-2/28 with payload size: 91 at 2024-12-11 08:55:46.653171 sent 2024-12-11 08:55:46.643746
INFO:Message received on topic: type-2/28 with payload size: 91 at 2024-12-11 08:55:49.251534 sent 2024-12-11 08:55:49.248125
INFO:Message received on topic: type-2/28 with payload size: 91 at 2024-12-11 08:55:51.851636 sent 2024-12-11 08:55:51.849082
INFO:Message received on topic: type-2/28 with payload size: 91 at 2024-12-11 08:55:54.457541 sent 2024-12-11 08:55:54.453461
INFO:Message received on topic: type-2/28 with payload size: 91 at 2024-12-11 08:55:57.051062 sent 2024-12-11 08:55:57.048195
INFO:Message received on topic: type-2/28 with payload size: 91 at 2024-12-11 08:55:59.634874 sent 2024-12-11 08:55:59.631684
INFO:Message received on topic: type-2/28 with payload size: 91 at 2024-12-11 08:56:02.236138 sent 2024-12-11 08:56:02.215075
INFO:Message received on topic: type-2/28 with payload size: 91 at 2024-12-11 08:56:04.846297 sent 2024-12-11 08:56:04.809390
INFO:Message received on topic: type-2/28 with payload size: 91 at 2024-12-11 08:56:07.435883 sent 2024-12-11 08:56:07.409120
INFO:Message received on topic: type-2/28 with payload size: 91 at 2024-12-11 08:56:10.014037 sent 2024-12-11 08:56:10.012589
INFO:Message received on topic: type-2/28 with payload size: 91 at 2024-12-11 08:56:12.635865 sent 2024-12-11 08:56:12.618826
INFO:Message received on topic: type-2/28 with payload size: 91 at 2024-12-11 08:56:15.234690 sent 2024-12-11 08:56:15.222445
INFO:Message received on topic: type-2/28 with payload size: 91 at 2024-12-11 08:56:17.834235 sent 2024-12-11 08:56:17.824671
INFO:Message received on topic: type-2/28 with payload size: 91 at 2024-12-11 08:56:20.434864 sent 2024-12-11 08:56:20.425615
INFO:Message received on topic: type-2/28 with payload size: 91 at 2024-12-11 08:56:23.024657 sent 2024-12-11 08:56:23.023390
INFO:Message received on topic: type-2/28 with payload size: 91 at 2024-12-11 08:56:25.620447 sent 2024-12-11 08:56:25.618814
