INFO:Starting Version 1.0.5
DEBUG:Using selector: EpollSelector
INFO:Connecting to cluster at: mqtt-quic://emqx-headless.dtwins:14567 using QUIC
INFO:Subscribed to topic: type-2/17
INFO:Logging each: 50
INFO:Unhandled packet type received
INFO:Message received on topic: type-2/17 with payload size: 91 at 2024-12-11 08:47:22.253389 sent 2024-12-11 08:47:22.208183
INFO:Message received on topic: type-2/17 with payload size: 91 at 2024-12-11 08:47:24.853597 sent 2024-12-11 08:47:24.807103
INFO:Message received on topic: type-2/17 with payload size: 91 at 2024-12-11 08:47:27.456468 sent 2024-12-11 08:47:27.410711
INFO:Message received on topic: type-2/17 with payload size: 91 at 2024-12-11 08:47:30.054871 sent 2024-12-11 08:47:30.012216
INFO:Message received on topic: type-2/17 with payload size: 91 at 2024-12-11 08:47:32.652150 sent 2024-12-11 08:47:32.619190
INFO:Message received on topic: type-2/17 with payload size: 91 at 2024-12-11 08:47:35.356658 sent 2024-12-11 08:47:35.221860
INFO:Message received on topic: type-2/17 with payload size: 91 at 2024-12-11 08:47:37.851112 sent 2024-12-11 08:47:37.822281
INFO:Message received on topic: type-2/17 with payload size: 91 at 2024-12-11 08:47:40.487031 sent 2024-12-11 08:47:40.425711
INFO:Message received on topic: type-2/17 with payload size: 91 at 2024-12-11 08:47:43.082710 sent 2024-12-11 08:47:43.027002
INFO:Message received on topic: type-2/17 with payload size: 91 at 2024-12-11 08:47:45.652739 sent 2024-12-11 08:47:45.631538
INFO:Message received on topic: type-2/17 with payload size: 91 at 2024-12-11 08:47:48.258869 sent 2024-12-11 08:47:48.231730
INFO:Message received on topic: type-2/17 with payload size: 91 at 2024-12-11 08:47:50.857251 sent 2024-12-11 08:47:50.837272
INFO:Message received on topic: type-2/17 with payload size: 91 at 2024-12-11 08:47:53.560552 sent 2024-12-11 08:47:53.440862
INFO:Message received on topic: type-2/17 with payload size: 91 at 2024-12-11 08:47:56.056694 sent 2024-12-11 08:47:56.043704
INFO:Message received on topic: type-2/17 with payload size: 91 at 2024-12-11 08:47:58.658967 sent 2024-12-11 08:47:58.647269
INFO:Message received on topic: type-2/17 with payload size: 91 at 2024-12-11 08:48:01.265131 sent 2024-12-11 08:48:01.255287
INFO:Message received on topic: type-2/17 with payload size: 91 at 2024-12-11 08:48:03.868719 sent 2024-12-11 08:48:03.861259
INFO:Message received on topic: type-2/17 with payload size: 91 at 2024-12-11 08:48:06.479626 sent 2024-12-11 08:48:06.467802
INFO:Message received on topic: type-2/17 with payload size: 91 at 2024-12-11 08:48:09.084183 sent 2024-12-11 08:48:09.073851
INFO:Message received on topic: type-2/17 with payload size: 91 at 2024-12-11 08:48:11.688082 sent 2024-12-11 08:48:11.679514
INFO:Message received on topic: type-2/17 with payload size: 91 at 2024-12-11 08:48:14.346640 sent 2024-12-11 08:48:14.285608
INFO:Message received on topic: type-2/17 with payload size: 91 at 2024-12-11 08:48:16.975062 sent 2024-12-11 08:48:16.890807
INFO:Message received on topic: type-2/17 with payload size: 91 at 2024-12-11 08:48:19.550564 sent 2024-12-11 08:48:19.496433
INFO:Message received on topic: type-2/17 with payload size: 91 at 2024-12-11 08:48:22.160450 sent 2024-12-11 08:48:22.107167
INFO:Message received on topic: type-2/17 with payload size: 91 at 2024-12-11 08:48:24.756771 sent 2024-12-11 08:48:24.712814
INFO:Message received on topic: type-2/17 with payload size: 91 at 2024-12-11 08:48:27.353201 sent 2024-12-11 08:48:27.320172
INFO:Message received on topic: type-2/17 with payload size: 91 at 2024-12-11 08:48:29.988810 sent 2024-12-11 08:48:29.926579
INFO:Message received on topic: type-2/17 with payload size: 91 at 2024-12-11 08:48:32.555162 sent 2024-12-11 08:48:32.538662
INFO:Message received on topic: type-2/17 with payload size: 91 at 2024-12-11 08:48:35.156170 sent 2024-12-11 08:48:35.150057
INFO:Message received on topic: type-2/17 with payload size: 91 at 2024-12-11 08:48:37.764016 sent 2024-12-11 08:48:37.757849
INFO:Message received on topic: type-2/17 with payload size: 91 at 2024-12-11 08:48:40.375563 sent 2024-12-11 08:48:40.364722
INFO:Message received on topic: type-2/17 with payload size: 91 at 2024-12-11 08:48:42.978860 sent 2024-12-11 08:48:42.969611
INFO:Message received on topic: type-2/17 with payload size: 91 at 2024-12-11 08:48:45.580181 sent 2024-12-11 08:48:45.573833
INFO:Message received on topic: type-2/17 with payload size: 91 at 2024-12-11 08:48:48.259897 sent 2024-12-11 08:48:48.179964
INFO:Message received on topic: type-2/17 with payload size: 91 at 2024-12-11 08:48:50.848420 sent 2024-12-11 08:48:50.789447
INFO:Message received on topic: type-2/17 with payload size: 91 at 2024-12-11 08:48:53.458665 sent 2024-12-11 08:48:53.400257
INFO:Message received on topic: type-2/17 with payload size: 91 at 2024-12-11 08:48:56.057373 sent 2024-12-11 08:48:56.008554
INFO:Message received on topic: type-2/17 with payload size: 91 at 2024-12-11 08:48:58.653612 sent 2024-12-11 08:48:58.619261
INFO:Message received on topic: type-2/17 with payload size: 91 at 2024-12-11 08:49:01.369418 sent 2024-12-11 08:49:01.225915
INFO:Message received on topic: type-2/17 with payload size: 91 at 2024-12-11 08:49:03.868064 sent 2024-12-11 08:49:03.841064
INFO:Message received on topic: type-2/17 with payload size: 91 at 2024-12-11 08:49:06.465530 sent 2024-12-11 08:49:06.426019
INFO:Message received on topic: type-2/17 with payload size: 91 at 2024-12-11 08:49:09.055681 sent 2024-12-11 08:49:09.008876
INFO:Message received on topic: type-2/17 with payload size: 91 at 2024-12-11 08:49:11.650374 sent 2024-12-11 08:49:11.598312
INFO:Message received on topic: type-2/17 with payload size: 91 at 2024-12-11 08:49:14.185913 sent 2024-12-11 08:49:14.182833
INFO:Message received on topic: type-2/17 with payload size: 91 at 2024-12-11 08:49:16.851760 sent 2024-12-11 08:49:16.791701
INFO:Message received on topic: type-2/17 with payload size: 91 at 2024-12-11 08:49:19.467643 sent 2024-12-11 08:49:19.400960
INFO:Message received on topic: type-2/17 with payload size: 91 at 2024-12-11 08:49:22.050771 sent 2024-12-11 08:49:22.007914
INFO:Message received on topic: type-2/17 with payload size: 91 at 2024-12-11 08:49:24.650898 sent 2024-12-11 08:49:24.610859
INFO:Message received on topic: type-2/17 with payload size: 91 at 2024-12-11 08:49:27.283158 sent 2024-12-11 08:49:27.216794
INFO:Message received on topic: type-2/17 with payload size: 91 at 2024-12-11 08:49:29.950347 sent 2024-12-11 08:49:29.824628
INFO:Message received on topic: type-2/17 with payload size: 91 at 2024-12-11 08:49:32.459234 sent 2024-12-11 08:49:32.437785
INFO:Message received on topic: type-2/17 with payload size: 91 at 2024-12-11 08:49:35.061065 sent 2024-12-11 08:49:35.049106
INFO:Message received on topic: type-2/17 with payload size: 91 at 2024-12-11 08:49:37.661888 sent 2024-12-11 08:49:37.654539
INFO:Message received on topic: type-2/17 with payload size: 91 at 2024-12-11 08:49:40.271766 sent 2024-12-11 08:49:40.263671
INFO:Message received on topic: type-2/17 with payload size: 91 at 2024-12-11 08:49:42.880799 sent 2024-12-11 08:49:42.872455
INFO:Message received on topic: type-2/17 with payload size: 91 at 2024-12-11 08:49:45.487581 sent 2024-12-11 08:49:45.479860
INFO:Message received on topic: type-2/17 with payload size: 91 at 2024-12-11 08:49:48.135359 sent 2024-12-11 08:49:48.087018
INFO:Message received on topic: type-2/17 with payload size: 91 at 2024-12-11 08:49:50.756871 sent 2024-12-11 08:49:50.696409
INFO:Message received on topic: type-2/17 with payload size: 91 at 2024-12-11 08:49:53.448025 sent 2024-12-11 08:49:53.304056
INFO:Message received on topic: type-2/17 with payload size: 91 at 2024-12-11 08:49:55.957540 sent 2024-12-11 08:49:55.908109
INFO:Message received on topic: type-2/17 with payload size: 91 at 2024-12-11 08:49:58.553102 sent 2024-12-11 08:49:58.517147
INFO:Message received on topic: type-2/17 with payload size: 91 at 2024-12-11 08:50:01.178939 sent 2024-12-11 08:50:01.123627
INFO:Message received on topic: type-2/17 with payload size: 91 at 2024-12-11 08:50:03.752944 sent 2024-12-11 08:50:03.732230
INFO:Message received on topic: type-2/17 with payload size: 91 at 2024-12-11 08:50:06.376105 sent 2024-12-11 08:50:06.342725
INFO:Message received on topic: type-2/17 with payload size: 91 at 2024-12-11 08:50:08.959727 sent 2024-12-11 08:50:08.953491
INFO:Message received on topic: type-2/17 with payload size: 91 at 2024-12-11 08:50:11.575567 sent 2024-12-11 08:50:11.561935
INFO:Message received on topic: type-2/17 with payload size: 91 at 2024-12-11 08:50:14.247739 sent 2024-12-11 08:50:14.172402
INFO:Message received on topic: type-2/17 with payload size: 91 at 2024-12-11 08:50:16.845720 sent 2024-12-11 08:50:16.788520
INFO:Message received on topic: type-2/17 with payload size: 91 at 2024-12-11 08:50:19.440667 sent 2024-12-11 08:50:19.392690
INFO:Message received on topic: type-2/17 with payload size: 91 at 2024-12-11 08:50:22.056461 sent 2024-12-11 08:50:22.000953
INFO:Message received on topic: type-2/17 with payload size: 91 at 2024-12-11 08:50:24.656018 sent 2024-12-11 08:50:24.604900
INFO:Message received on topic: type-2/17 with payload size: 91 at 2024-12-11 08:50:27.260554 sent 2024-12-11 08:50:27.208616
INFO:Message received on topic: type-2/17 with payload size: 91 at 2024-12-11 08:50:29.855084 sent 2024-12-11 08:50:29.816246
INFO:Message received on topic: type-2/17 with payload size: 91 at 2024-12-11 08:50:32.552164 sent 2024-12-11 08:50:32.424771
INFO:Message received on topic: type-2/17 with payload size: 91 at 2024-12-11 08:50:35.063188 sent 2024-12-11 08:50:35.033656
INFO:Message received on topic: type-2/17 with payload size: 91 at 2024-12-11 08:50:37.658201 sent 2024-12-11 08:50:37.641626
INFO:Message received on topic: type-2/17 with payload size: 91 at 2024-12-11 08:50:40.273573 sent 2024-12-11 08:50:40.251074
INFO:Message received on topic: type-2/17 with payload size: 91 at 2024-12-11 08:50:42.859664 sent 2024-12-11 08:50:42.847689
INFO:Message received on topic: type-2/17 with payload size: 91 at 2024-12-11 08:50:45.468440 sent 2024-12-11 08:50:45.453613
INFO:Message received on topic: type-2/17 with payload size: 91 at 2024-12-11 08:50:48.078849 sent 2024-12-11 08:50:48.063665
INFO:Message received on topic: type-2/17 with payload size: 91 at 2024-12-11 08:50:50.683544 sent 2024-12-11 08:50:50.670676
INFO:Message received on topic: type-2/17 with payload size: 91 at 2024-12-11 08:50:53.347539 sent 2024-12-11 08:50:53.280363
INFO:Message received on topic: type-2/17 with payload size: 91 at 2024-12-11 08:50:55.933154 sent 2024-12-11 08:50:55.883730
INFO:Message received on topic: type-2/17 with payload size: 91 at 2024-12-11 08:50:58.550992 sent 2024-12-11 08:50:58.489500
INFO:Message received on topic: type-2/17 with payload size: 91 at 2024-12-11 08:51:01.168161 sent 2024-12-11 08:51:01.103400
INFO:Message received on topic: type-2/17 with payload size: 91 at 2024-12-11 08:51:03.765932 sent 2024-12-11 08:51:03.705573
INFO:Message received on topic: type-2/17 with payload size: 91 at 2024-12-11 08:51:06.346054 sent 2024-12-11 08:51:06.317465
INFO:Message received on topic: type-2/17 with payload size: 91 at 2024-12-11 08:51:09.061552 sent 2024-12-11 08:51:08.923010
INFO:Message received on topic: type-2/17 with payload size: 91 at 2024-12-11 08:51:11.559683 sent 2024-12-11 08:51:11.532836
INFO:Message received on topic: type-2/17 with payload size: 91 at 2024-12-11 08:51:14.164874 sent 2024-12-11 08:51:14.139831
INFO:Message received on topic: type-2/17 with payload size: 91 at 2024-12-11 08:51:16.755773 sent 2024-12-11 08:51:16.744794
INFO:Message received on topic: type-2/17 with payload size: 91 at 2024-12-11 08:51:19.373082 sent 2024-12-11 08:51:19.346697
INFO:Message received on topic: type-2/17 with payload size: 91 at 2024-12-11 08:51:22.065278 sent 2024-12-11 08:51:21.951903
INFO:Message received on topic: type-2/17 with payload size: 91 at 2024-12-11 08:51:24.579068 sent 2024-12-11 08:51:24.556517
INFO:Message received on topic: type-2/17 with payload size: 91 at 2024-12-11 08:51:27.177841 sent 2024-12-11 08:51:27.159019
INFO:Message received on topic: type-2/17 with payload size: 91 at 2024-12-11 08:51:29.779234 sent 2024-12-11 08:51:29.768997
INFO:Message received on topic: type-2/17 with payload size: 91 at 2024-12-11 08:51:32.458989 sent 2024-12-11 08:51:32.376452
INFO:Message received on topic: type-2/17 with payload size: 91 at 2024-12-11 08:51:35.059655 sent 2024-12-11 08:51:34.986217
INFO:Message received on topic: type-2/17 with payload size: 91 at 2024-12-11 08:51:37.649992 sent 2024-12-11 08:51:37.593457
INFO:Message received on topic: type-2/17 with payload size: 91 at 2024-12-11 08:51:40.252930 sent 2024-12-11 08:51:40.197064
INFO:Message received on topic: type-2/17 with payload size: 91 at 2024-12-11 08:51:42.859736 sent 2024-12-11 08:51:42.801411
INFO:Message received on topic: type-2/17 with payload size: 91 at 2024-12-11 08:51:45.463534 sent 2024-12-11 08:51:45.410525
INFO:Message received on topic: type-2/17 with payload size: 91 at 2024-12-11 08:51:48.050299 sent 2024-12-11 08:51:48.016620
INFO:Message received on topic: type-2/17 with payload size: 91 at 2024-12-11 08:51:50.661025 sent 2024-12-11 08:51:50.621697
INFO:Message received on topic: type-2/17 with payload size: 91 at 2024-12-11 08:51:53.390413 sent 2024-12-11 08:51:53.228682
INFO:Message received on topic: type-2/17 with payload size: 91 at 2024-12-11 08:51:55.857730 sent 2024-12-11 08:51:55.835484
INFO:Message received on topic: type-2/17 with payload size: 91 at 2024-12-11 08:51:58.464046 sent 2024-12-11 08:51:58.446078
INFO:Message received on topic: type-2/17 with payload size: 91 at 2024-12-11 08:52:01.068943 sent 2024-12-11 08:52:01.057666
INFO:Message received on topic: type-2/17 with payload size: 91 at 2024-12-11 08:52:03.672500 sent 2024-12-11 08:52:03.665564
INFO:Message received on topic: type-2/17 with payload size: 91 at 2024-12-11 08:52:06.281117 sent 2024-12-11 08:52:06.272935
INFO:Message received on topic: type-2/17 with payload size: 91 at 2024-12-11 08:52:08.948585 sent 2024-12-11 08:52:08.881528
INFO:Message received on topic: type-2/17 with payload size: 91 at 2024-12-11 08:52:11.557728 sent 2024-12-11 08:52:11.487889
INFO:Message received on topic: type-2/17 with payload size: 91 at 2024-12-11 08:52:14.155438 sent 2024-12-11 08:52:14.095473
INFO:Message received on topic: type-2/17 with payload size: 91 at 2024-12-11 08:52:16.755811 sent 2024-12-11 08:52:16.699825
INFO:Message received on topic: type-2/17 with payload size: 91 at 2024-12-11 08:52:19.354735 sent 2024-12-11 08:52:19.308518
INFO:Message received on topic: type-2/17 with payload size: 91 at 2024-12-11 08:52:21.970762 sent 2024-12-11 08:52:21.914193
INFO:Message received on topic: type-2/17 with payload size: 91 at 2024-12-11 08:52:24.549567 sent 2024-12-11 08:52:24.519885
INFO:Message received on topic: type-2/17 with payload size: 91 at 2024-12-11 08:52:27.251645 sent 2024-12-11 08:52:27.124458
INFO:Message received on topic: type-2/17 with payload size: 91 at 2024-12-11 08:52:29.772887 sent 2024-12-11 08:52:29.732457
INFO:Message received on topic: type-2/17 with payload size: 91 at 2024-12-11 08:52:32.370843 sent 2024-12-11 08:52:32.342094
INFO:Message received on topic: type-2/17 with payload size: 91 at 2024-12-11 08:52:34.964455 sent 2024-12-11 08:52:34.950982
INFO:Message received on topic: type-2/17 with payload size: 91 at 2024-12-11 08:52:37.572562 sent 2024-12-11 08:52:37.563609
INFO:Message received on topic: type-2/17 with payload size: 91 at 2024-12-11 08:52:40.179974 sent 2024-12-11 08:52:40.174381
INFO:Message received on topic: type-2/17 with payload size: 91 at 2024-12-11 08:52:42.835623 sent 2024-12-11 08:52:42.781304
INFO:Message received on topic: type-2/17 with payload size: 91 at 2024-12-11 08:52:45.474559 sent 2024-12-11 08:52:45.385983
INFO:Message received on topic: type-2/17 with payload size: 91 at 2024-12-11 08:52:48.051836 sent 2024-12-11 08:52:47.988300
INFO:Message received on topic: type-2/17 with payload size: 91 at 2024-12-11 08:52:50.734272 sent 2024-12-11 08:52:50.595586
INFO:Message received on topic: type-2/17 with payload size: 91 at 2024-12-11 08:52:53.251157 sent 2024-12-11 08:52:53.209204
INFO:Message received on topic: type-2/17 with payload size: 91 at 2024-12-11 08:52:55.949023 sent 2024-12-11 08:52:55.819105
INFO:Message received on topic: type-2/17 with payload size: 91 at 2024-12-11 08:52:58.451088 sent 2024-12-11 08:52:58.425615
INFO:Message received on topic: type-2/17 with payload size: 91 at 2024-12-11 08:53:01.057600 sent 2024-12-11 08:53:01.032590
INFO:Message received on topic: type-2/17 with payload size: 91 at 2024-12-11 08:53:03.652057 sent 2024-12-11 08:53:03.636836
INFO:Message received on topic: type-2/17 with payload size: 91 at 2024-12-11 08:53:06.254262 sent 2024-12-11 08:53:06.243989
INFO:Message received on topic: type-2/17 with payload size: 91 at 2024-12-11 08:53:08.869236 sent 2024-12-11 08:53:08.855553
INFO:Message received on topic: type-2/17 with payload size: 91 at 2024-12-11 08:53:11.482126 sent 2024-12-11 08:53:11.462350
INFO:Message received on topic: type-2/17 with payload size: 91 at 2024-12-11 08:53:14.077306 sent 2024-12-11 08:53:14.067969
INFO:Message received on topic: type-2/17 with payload size: 91 at 2024-12-11 08:53:16.748086 sent 2024-12-11 08:53:16.677640
INFO:Message received on topic: type-2/17 with payload size: 91 at 2024-12-11 08:53:19.338578 sent 2024-12-11 08:53:19.283757
INFO:Message received on topic: type-2/17 with payload size: 91 at 2024-12-11 08:53:21.947972 sent 2024-12-11 08:53:21.890257
INFO:Message received on topic: type-2/17 with payload size: 91 at 2024-12-11 08:53:24.546304 sent 2024-12-11 08:53:24.501079
INFO:Message received on topic: type-2/17 with payload size: 91 at 2024-12-11 08:53:27.148591 sent 2024-12-11 08:53:27.106284
INFO:Message received on topic: type-2/17 with payload size: 91 at 2024-12-11 08:53:29.779923 sent 2024-12-11 08:53:29.715363
INFO:Message received on topic: type-2/17 with payload size: 91 at 2024-12-11 08:53:32.451971 sent 2024-12-11 08:53:32.325894
INFO:Message received on topic: type-2/17 with payload size: 91 at 2024-12-11 08:53:34.953982 sent 2024-12-11 08:53:34.934650
INFO:Message received on topic: type-2/17 with payload size: 91 at 2024-12-11 08:53:37.559747 sent 2024-12-11 08:53:37.541458
INFO:Message received on topic: type-2/17 with payload size: 91 at 2024-12-11 08:53:40.181768 sent 2024-12-11 08:53:40.147981
INFO:Message received on topic: type-2/17 with payload size: 91 at 2024-12-11 08:53:42.760440 sent 2024-12-11 08:53:42.755582
INFO:Message received on topic: type-2/17 with payload size: 91 at 2024-12-11 08:53:45.377855 sent 2024-12-11 08:53:45.367277
INFO:Message received on topic: type-2/17 with payload size: 91 at 2024-12-11 08:53:47.980874 sent 2024-12-11 08:53:47.974694
INFO:Message received on topic: type-2/17 with payload size: 91 at 2024-12-11 08:53:50.647404 sent 2024-12-11 08:53:50.583914
INFO:Message received on topic: type-2/17 with payload size: 91 at 2024-12-11 08:53:53.245922 sent 2024-12-11 08:53:53.198665
INFO:Message received on topic: type-2/17 with payload size: 91 at 2024-12-11 08:53:55.853603 sent 2024-12-11 08:53:55.805377
INFO:Message received on topic: type-2/17 with payload size: 91 at 2024-12-11 08:53:58.446603 sent 2024-12-11 08:53:58.409266
INFO:Message received on topic: type-2/17 with payload size: 91 at 2024-12-11 08:54:01.069534 sent 2024-12-11 08:54:01.014449
INFO:Message received on topic: type-2/17 with payload size: 91 at 2024-12-11 08:54:03.660517 sent 2024-12-11 08:54:03.620749
INFO:Message received on topic: type-2/17 with payload size: 91 at 2024-12-11 08:54:06.270577 sent 2024-12-11 08:54:06.227792
INFO:Message received on topic: type-2/17 with payload size: 91 at 2024-12-11 08:54:08.853479 sent 2024-12-11 08:54:08.833605
INFO:Message received on topic: type-2/17 with payload size: 91 at 2024-12-11 08:54:11.457012 sent 2024-12-11 08:54:11.438161
INFO:Message received on topic: type-2/17 with payload size: 91 at 2024-12-11 08:54:14.053379 sent 2024-12-11 08:54:14.046488
INFO:Message received on topic: type-2/17 with payload size: 91 at 2024-12-11 08:54:16.665007 sent 2024-12-11 08:54:16.651493
INFO:Message received on topic: type-2/17 with payload size: 91 at 2024-12-11 08:54:19.271599 sent 2024-12-11 08:54:19.257834
INFO:Message received on topic: type-2/17 with payload size: 91 at 2024-12-11 08:54:21.871981 sent 2024-12-11 08:54:21.861437
INFO:Message received on topic: type-2/17 with payload size: 91 at 2024-12-11 08:54:24.477827 sent 2024-12-11 08:54:24.466592
INFO:Message received on topic: type-2/17 with payload size: 91 at 2024-12-11 08:54:27.077718 sent 2024-12-11 08:54:27.070667
INFO:Message received on topic: type-2/17 with payload size: 91 at 2024-12-11 08:54:29.759997 sent 2024-12-11 08:54:29.680033
INFO:Message received on topic: type-2/17 with payload size: 91 at 2024-12-11 08:54:32.355819 sent 2024-12-11 08:54:32.292227
INFO:Message received on topic: type-2/17 with payload size: 91 at 2024-12-11 08:54:34.949446 sent 2024-12-11 08:54:34.905540
INFO:Message received on topic: type-2/17 with payload size: 91 at 2024-12-11 08:54:37.556381 sent 2024-12-11 08:54:37.509909
INFO:Message received on topic: type-2/17 with payload size: 91 at 2024-12-11 08:54:40.172099 sent 2024-12-11 08:54:40.117044
INFO:Message received on topic: type-2/17 with payload size: 91 at 2024-12-11 08:54:42.754318 sent 2024-12-11 08:54:42.722623
INFO:Message received on topic: type-2/17 with payload size: 91 at 2024-12-11 08:54:45.375648 sent 2024-12-11 08:54:45.327861
INFO:Message received on topic: type-2/17 with payload size: 91 at 2024-12-11 08:54:47.954610 sent 2024-12-11 08:54:47.935807
INFO:Message received on topic: type-2/17 with payload size: 91 at 2024-12-11 08:54:50.581272 sent 2024-12-11 08:54:50.541480
INFO:Message received on topic: type-2/17 with payload size: 91 at 2024-12-11 08:54:53.155727 sent 2024-12-11 08:54:53.148318
INFO:Message received on topic: type-2/17 with payload size: 91 at 2024-12-11 08:54:55.772254 sent 2024-12-11 08:54:55.753210
INFO:Message received on topic: type-2/17 with payload size: 91 at 2024-12-11 08:54:58.371011 sent 2024-12-11 08:54:58.358683
INFO:Message received on topic: type-2/17 with payload size: 91 at 2024-12-11 08:55:00.972569 sent 2024-12-11 08:55:00.964727
INFO:Message received on topic: type-2/17 with payload size: 91 at 2024-12-11 08:55:03.580096 sent 2024-12-11 08:55:03.573544
INFO:Message received on topic: type-2/17 with payload size: 91 at 2024-12-11 08:55:06.235705 sent 2024-12-11 08:55:06.177144
INFO:Message received on topic: type-2/17 with payload size: 91 at 2024-12-11 08:55:08.839498 sent 2024-12-11 08:55:08.780839
INFO:Message received on topic: type-2/17 with payload size: 91 at 2024-12-11 08:55:11.449840 sent 2024-12-11 08:55:11.388648
INFO:Message received on topic: type-2/17 with payload size: 91 at 2024-12-11 08:55:14.047179 sent 2024-12-11 08:55:13.994060
INFO:Message received on topic: type-2/17 with payload size: 91 at 2024-12-11 08:55:16.647121 sent 2024-12-11 08:55:16.596182
INFO:Message received on topic: type-2/17 with payload size: 91 at 2024-12-11 08:55:19.259132 sent 2024-12-11 08:55:19.199870
INFO:Message received on topic: type-2/17 with payload size: 91 at 2024-12-11 08:55:21.848752 sent 2024-12-11 08:55:21.806902
INFO:Message received on topic: type-2/17 with payload size: 91 at 2024-12-11 08:55:24.448149 sent 2024-12-11 08:55:24.414113
INFO:Message received on topic: type-2/17 with payload size: 91 at 2024-12-11 08:55:27.046673 sent 2024-12-11 08:55:27.020468
INFO:Message received on topic: type-2/17 with payload size: 91 at 2024-12-11 08:55:29.648657 sent 2024-12-11 08:55:29.630978
INFO:Message received on topic: type-2/17 with payload size: 91 at 2024-12-11 08:55:32.252226 sent 2024-12-11 08:55:32.235228
INFO:Message received on topic: type-2/17 with payload size: 91 at 2024-12-11 08:55:34.852861 sent 2024-12-11 08:55:34.836943
INFO:Message received on topic: type-2/17 with payload size: 91 at 2024-12-11 08:55:37.463362 sent 2024-12-11 08:55:37.438074
INFO:Message received on topic: type-2/17 with payload size: 91 at 2024-12-11 08:55:40.054487 sent 2024-12-11 08:55:40.040001
INFO:Message received on topic: type-2/17 with payload size: 91 at 2024-12-11 08:55:42.657653 sent 2024-12-11 08:55:42.643591
INFO:Message received on topic: type-2/17 with payload size: 91 at 2024-12-11 08:55:45.261043 sent 2024-12-11 08:55:45.245592
INFO:Message received on topic: type-2/17 with payload size: 91 at 2024-12-11 08:55:47.854521 sent 2024-12-11 08:55:47.844997
INFO:Message received on topic: type-2/17 with payload size: 91 at 2024-12-11 08:55:50.447525 sent 2024-12-11 08:55:50.444765
