INFO:Starting Version 1.0.5
DEBUG:Using selector: EpollSelector
INFO:Connecting to cluster at: mqtt-quic://emqx-headless.dtwins:14567 using QUIC
INFO:Subscribed to topic: type-2/27
INFO:Logging each: 50
INFO:Unhandled packet type received
INFO:Message received on topic: type-2/27 with payload size: 91 at 2024-12-11 08:47:53.449866 sent 2024-12-11 08:47:53.410440
INFO:Message received on topic: type-2/27 with payload size: 91 at 2024-12-11 08:47:56.054162 sent 2024-12-11 08:47:56.013159
INFO:Message received on topic: type-2/27 with payload size: 91 at 2024-12-11 08:47:58.657051 sent 2024-12-11 08:47:58.621234
INFO:Message received on topic: type-2/27 with payload size: 91 at 2024-12-11 08:48:01.369158 sent 2024-12-11 08:48:01.227808
INFO:Message received on topic: type-2/27 with payload size: 91 at 2024-12-11 08:48:03.857905 sent 2024-12-11 08:48:03.840067
INFO:Message received on topic: type-2/27 with payload size: 91 at 2024-12-11 08:48:06.461570 sent 2024-12-11 08:48:06.446364
INFO:Message received on topic: type-2/27 with payload size: 91 at 2024-12-11 08:48:09.070980 sent 2024-12-11 08:48:09.053228
INFO:Message received on topic: type-2/27 with payload size: 91 at 2024-12-11 08:48:11.672989 sent 2024-12-11 08:48:11.656472
INFO:Message received on topic: type-2/27 with payload size: 91 at 2024-12-11 08:48:14.273949 sent 2024-12-11 08:48:14.266659
INFO:Message received on topic: type-2/27 with payload size: 91 at 2024-12-11 08:48:16.892935 sent 2024-12-11 08:48:16.881102
INFO:Message received on topic: type-2/27 with payload size: 91 at 2024-12-11 08:48:19.547693 sent 2024-12-11 08:48:19.489215
INFO:Message received on topic: type-2/27 with payload size: 91 at 2024-12-11 08:48:22.161250 sent 2024-12-11 08:48:22.098409
INFO:Message received on topic: type-2/27 with payload size: 91 at 2024-12-11 08:48:24.755391 sent 2024-12-11 08:48:24.704239
INFO:Message received on topic: type-2/27 with payload size: 91 at 2024-12-11 08:48:27.364934 sent 2024-12-11 08:48:27.312472
INFO:Message received on topic: type-2/27 with payload size: 91 at 2024-12-11 08:48:29.956014 sent 2024-12-11 08:48:29.918418
INFO:Message received on topic: type-2/27 with payload size: 91 at 2024-12-11 08:48:32.586935 sent 2024-12-11 08:48:32.527175
INFO:Message received on topic: type-2/27 with payload size: 91 at 2024-12-11 08:48:35.155784 sent 2024-12-11 08:48:35.131803
INFO:Message received on topic: type-2/27 with payload size: 91 at 2024-12-11 08:48:37.767218 sent 2024-12-11 08:48:37.741305
INFO:Message received on topic: type-2/27 with payload size: 91 at 2024-12-11 08:48:40.364564 sent 2024-12-11 08:48:40.352196
INFO:Message received on topic: type-2/27 with payload size: 91 at 2024-12-11 08:48:42.971236 sent 2024-12-11 08:48:42.959580
INFO:Message received on topic: type-2/27 with payload size: 91 at 2024-12-11 08:48:45.567457 sent 2024-12-11 08:48:45.564420
INFO:Message received on topic: type-2/27 with payload size: 91 at 2024-12-11 08:48:48.182117 sent 2024-12-11 08:48:48.171714
INFO:Message received on topic: type-2/27 with payload size: 91 at 2024-12-11 08:48:50.845363 sent 2024-12-11 08:48:50.782274
INFO:Message received on topic: type-2/27 with payload size: 91 at 2024-12-11 08:48:53.454169 sent 2024-12-11 08:48:53.390025
INFO:Message received on topic: type-2/27 with payload size: 91 at 2024-12-11 08:48:56.055130 sent 2024-12-11 08:48:55.994607
INFO:Message received on topic: type-2/27 with payload size: 91 at 2024-12-11 08:48:58.652954 sent 2024-12-11 08:48:58.597445
INFO:Message received on topic: type-2/27 with payload size: 91 at 2024-12-11 08:49:01.264163 sent 2024-12-11 08:49:01.211181
INFO:Message received on topic: type-2/27 with payload size: 91 at 2024-12-11 08:49:03.863585 sent 2024-12-11 08:49:03.814592
INFO:Message received on topic: type-2/27 with payload size: 91 at 2024-12-11 08:49:06.462890 sent 2024-12-11 08:49:06.406523
INFO:Message received on topic: type-2/27 with payload size: 91 at 2024-12-11 08:49:09.055524 sent 2024-12-11 08:49:08.988630
INFO:Message received on topic: type-2/27 with payload size: 91 at 2024-12-11 08:49:11.655410 sent 2024-12-11 08:49:11.578179
INFO:Message received on topic: type-2/27 with payload size: 91 at 2024-12-11 08:49:14.169360 sent 2024-12-11 08:49:14.164546
INFO:Message received on topic: type-2/27 with payload size: 91 at 2024-12-11 08:49:16.773292 sent 2024-12-11 08:49:16.766959
INFO:Message received on topic: type-2/27 with payload size: 91 at 2024-12-11 08:49:19.388943 sent 2024-12-11 08:49:19.373112
INFO:Message received on topic: type-2/27 with payload size: 91 at 2024-12-11 08:49:22.047584 sent 2024-12-11 08:49:21.983654
INFO:Message received on topic: type-2/27 with payload size: 91 at 2024-12-11 08:49:24.650117 sent 2024-12-11 08:49:24.592528
INFO:Message received on topic: type-2/27 with payload size: 91 at 2024-12-11 08:49:27.257535 sent 2024-12-11 08:49:27.206263
INFO:Message received on topic: type-2/27 with payload size: 91 at 2024-12-11 08:49:29.860095 sent 2024-12-11 08:49:29.819480
INFO:Message received on topic: type-2/27 with payload size: 91 at 2024-12-11 08:49:32.480444 sent 2024-12-11 08:49:32.426958
INFO:Message received on topic: type-2/27 with payload size: 91 at 2024-12-11 08:49:35.054582 sent 2024-12-11 08:49:35.035635
INFO:Message received on topic: type-2/27 with payload size: 91 at 2024-12-11 08:49:37.650934 sent 2024-12-11 08:49:37.641113
INFO:Message received on topic: type-2/27 with payload size: 91 at 2024-12-11 08:49:40.258447 sent 2024-12-11 08:49:40.249129
INFO:Message received on topic: type-2/27 with payload size: 91 at 2024-12-11 08:49:42.870469 sent 2024-12-11 08:49:42.859005
INFO:Message received on topic: type-2/27 with payload size: 91 at 2024-12-11 08:49:45.471534 sent 2024-12-11 08:49:45.464454
INFO:Message received on topic: type-2/27 with payload size: 91 at 2024-12-11 08:49:48.080454 sent 2024-12-11 08:49:48.068614
INFO:Message received on topic: type-2/27 with payload size: 91 at 2024-12-11 08:49:50.734093 sent 2024-12-11 08:49:50.673179
INFO:Message received on topic: type-2/27 with payload size: 91 at 2024-12-11 08:49:53.367500 sent 2024-12-11 08:49:53.278790
INFO:Message received on topic: type-2/27 with payload size: 91 at 2024-12-11 08:49:55.955479 sent 2024-12-11 08:49:55.883059
INFO:Message received on topic: type-2/27 with payload size: 91 at 2024-12-11 08:49:58.553564 sent 2024-12-11 08:49:58.487872
INFO:Message received on topic: type-2/27 with payload size: 91 at 2024-12-11 08:50:01.149940 sent 2024-12-11 08:50:01.099793
INFO:Message received on topic: type-2/27 with payload size: 91 at 2024-12-11 08:50:03.749094 sent 2024-12-11 08:50:03.712154
INFO:Message received on topic: type-2/27 with payload size: 91 at 2024-12-11 08:50:06.355566 sent 2024-12-11 08:50:06.319813
INFO:Message received on topic: type-2/27 with payload size: 91 at 2024-12-11 08:50:08.952108 sent 2024-12-11 08:50:08.927690
INFO:Message received on topic: type-2/27 with payload size: 91 at 2024-12-11 08:50:11.559051 sent 2024-12-11 08:50:11.533804
INFO:Message received on topic: type-2/27 with payload size: 91 at 2024-12-11 08:50:14.148504 sent 2024-12-11 08:50:14.138005
INFO:Message received on topic: type-2/27 with payload size: 91 at 2024-12-11 08:50:16.761704 sent 2024-12-11 08:50:16.741644
INFO:Message received on topic: type-2/27 with payload size: 91 at 2024-12-11 08:50:19.358223 sent 2024-12-11 08:50:19.346629
INFO:Message received on topic: type-2/27 with payload size: 91 at 2024-12-11 08:50:21.967154 sent 2024-12-11 08:50:21.963226
INFO:Message received on topic: type-2/27 with payload size: 91 at 2024-12-11 08:50:24.658620 sent 2024-12-11 08:50:24.573113
INFO:Message received on topic: type-2/27 with payload size: 91 at 2024-12-11 08:50:27.184186 sent 2024-12-11 08:50:27.178948
INFO:Message received on topic: type-2/27 with payload size: 91 at 2024-12-11 08:50:29.850502 sent 2024-12-11 08:50:29.786573
INFO:Message received on topic: type-2/27 with payload size: 91 at 2024-12-11 08:50:32.465758 sent 2024-12-11 08:50:32.391709
INFO:Message received on topic: type-2/27 with payload size: 91 at 2024-12-11 08:50:35.053622 sent 2024-12-11 08:50:34.998556
INFO:Message received on topic: type-2/27 with payload size: 91 at 2024-12-11 08:50:37.661631 sent 2024-12-11 08:50:37.604083
INFO:Message received on topic: type-2/27 with payload size: 91 at 2024-12-11 08:50:40.265777 sent 2024-12-11 08:50:40.208263
INFO:Message received on topic: type-2/27 with payload size: 91 at 2024-12-11 08:50:42.857663 sent 2024-12-11 08:50:42.804813
INFO:Message received on topic: type-2/27 with payload size: 91 at 2024-12-11 08:50:45.463735 sent 2024-12-11 08:50:45.411949
INFO:Message received on topic: type-2/27 with payload size: 91 at 2024-12-11 08:50:48.150878 sent 2024-12-11 08:50:48.026076
INFO:Message received on topic: type-2/27 with payload size: 91 at 2024-12-11 08:50:50.762247 sent 2024-12-11 08:50:50.633648
INFO:Message received on topic: type-2/27 with payload size: 91 at 2024-12-11 08:50:53.272157 sent 2024-12-11 08:50:53.240551
INFO:Message received on topic: type-2/27 with payload size: 91 at 2024-12-11 08:50:55.859031 sent 2024-12-11 08:50:55.845235
INFO:Message received on topic: type-2/27 with payload size: 91 at 2024-12-11 08:50:58.459546 sent 2024-12-11 08:50:58.450655
INFO:Message received on topic: type-2/27 with payload size: 91 at 2024-12-11 08:51:01.061990 sent 2024-12-11 08:51:01.058827
INFO:Message received on topic: type-2/27 with payload size: 91 at 2024-12-11 08:51:03.681893 sent 2024-12-11 08:51:03.664469
INFO:Message received on topic: type-2/27 with payload size: 91 at 2024-12-11 08:51:06.276485 sent 2024-12-11 08:51:06.269888
INFO:Message received on topic: type-2/27 with payload size: 91 at 2024-12-11 08:51:08.963007 sent 2024-12-11 08:51:08.876038
INFO:Message received on topic: type-2/27 with payload size: 91 at 2024-12-11 08:51:11.488453 sent 2024-12-11 08:51:11.484524
INFO:Message received on topic: type-2/27 with payload size: 91 at 2024-12-11 08:51:14.159832 sent 2024-12-11 08:51:14.092823
INFO:Message received on topic: type-2/27 with payload size: 91 at 2024-12-11 08:51:16.752870 sent 2024-12-11 08:51:16.695917
INFO:Message received on topic: type-2/27 with payload size: 91 at 2024-12-11 08:51:19.367705 sent 2024-12-11 08:51:19.303710
INFO:Message received on topic: type-2/27 with payload size: 91 at 2024-12-11 08:51:22.061441 sent 2024-12-11 08:51:21.908996
INFO:Message received on topic: type-2/27 with payload size: 91 at 2024-12-11 08:51:24.561625 sent 2024-12-11 08:51:24.514973
INFO:Message received on topic: type-2/27 with payload size: 91 at 2024-12-11 08:51:27.163763 sent 2024-12-11 08:51:27.123442
INFO:Message received on topic: type-2/27 with payload size: 91 at 2024-12-11 08:51:29.759640 sent 2024-12-11 08:51:29.730465
INFO:Message received on topic: type-2/27 with payload size: 91 at 2024-12-11 08:51:32.363064 sent 2024-12-11 08:51:32.339637
INFO:Message received on topic: type-2/27 with payload size: 91 at 2024-12-11 08:51:34.961301 sent 2024-12-11 08:51:34.950842
INFO:Message received on topic: type-2/27 with payload size: 91 at 2024-12-11 08:51:37.567903 sent 2024-12-11 08:51:37.560842
INFO:Message received on topic: type-2/27 with payload size: 91 at 2024-12-11 08:51:40.176159 sent 2024-12-11 08:51:40.166210
INFO:Message received on topic: type-2/27 with payload size: 91 at 2024-12-11 08:51:42.776367 sent 2024-12-11 08:51:42.773613
INFO:Message received on topic: type-2/27 with payload size: 91 at 2024-12-11 08:51:45.385235 sent 2024-12-11 08:51:45.378029
INFO:Message received on topic: type-2/27 with payload size: 91 at 2024-12-11 08:51:47.991750 sent 2024-12-11 08:51:47.987804
INFO:Message received on topic: type-2/27 with payload size: 91 at 2024-12-11 08:51:50.656631 sent 2024-12-11 08:51:50.596568
INFO:Message received on topic: type-2/27 with payload size: 91 at 2024-12-11 08:51:53.257884 sent 2024-12-11 08:51:53.213679
INFO:Message received on topic: type-2/27 with payload size: 91 at 2024-12-11 08:51:55.877787 sent 2024-12-11 08:51:55.819807
INFO:Message received on topic: type-2/27 with payload size: 91 at 2024-12-11 08:51:58.480858 sent 2024-12-11 08:51:58.423481
INFO:Message received on topic: type-2/27 with payload size: 91 at 2024-12-11 08:52:01.085870 sent 2024-12-11 08:52:01.029591
INFO:Message received on topic: type-2/27 with payload size: 91 at 2024-12-11 08:52:03.657930 sent 2024-12-11 08:52:03.637186
INFO:Message received on topic: type-2/27 with payload size: 91 at 2024-12-11 08:52:06.256527 sent 2024-12-11 08:52:06.243225
INFO:Message received on topic: type-2/27 with payload size: 91 at 2024-12-11 08:52:08.862135 sent 2024-12-11 08:52:08.849599
INFO:Message received on topic: type-2/27 with payload size: 91 at 2024-12-11 08:52:11.476044 sent 2024-12-11 08:52:11.463115
INFO:Message received on topic: type-2/27 with payload size: 91 at 2024-12-11 08:52:14.079424 sent 2024-12-11 08:52:14.068120
INFO:Message received on topic: type-2/27 with payload size: 91 at 2024-12-11 08:52:16.681376 sent 2024-12-11 08:52:16.674142
INFO:Message received on topic: type-2/27 with payload size: 91 at 2024-12-11 08:52:19.332758 sent 2024-12-11 08:52:19.280602
INFO:Message received on topic: type-2/27 with payload size: 91 at 2024-12-11 08:52:21.968628 sent 2024-12-11 08:52:21.890280
INFO:Message received on topic: type-2/27 with payload size: 91 at 2024-12-11 08:52:24.548242 sent 2024-12-11 08:52:24.502096
INFO:Message received on topic: type-2/27 with payload size: 91 at 2024-12-11 08:52:27.157005 sent 2024-12-11 08:52:27.108821
INFO:Message received on topic: type-2/27 with payload size: 91 at 2024-12-11 08:52:29.758776 sent 2024-12-11 08:52:29.717693
INFO:Message received on topic: type-2/27 with payload size: 91 at 2024-12-11 08:52:32.380169 sent 2024-12-11 08:52:32.327474
INFO:Message received on topic: type-2/27 with payload size: 91 at 2024-12-11 08:52:34.962981 sent 2024-12-11 08:52:34.934672
INFO:Message received on topic: type-2/27 with payload size: 91 at 2024-12-11 08:52:37.563692 sent 2024-12-11 08:52:37.541657
INFO:Message received on topic: type-2/27 with payload size: 91 at 2024-12-11 08:52:40.159222 sent 2024-12-11 08:52:40.149447
INFO:Message received on topic: type-2/27 with payload size: 91 at 2024-12-11 08:52:42.762595 sent 2024-12-11 08:52:42.754555
INFO:Message received on topic: type-2/27 with payload size: 91 at 2024-12-11 08:52:45.367512 sent 2024-12-11 08:52:45.363079
INFO:Message received on topic: type-2/27 with payload size: 91 at 2024-12-11 08:52:47.973512 sent 2024-12-11 08:52:47.966728
INFO:Message received on topic: type-2/27 with payload size: 91 at 2024-12-11 08:52:50.749677 sent 2024-12-11 08:52:50.576459
INFO:Message received on topic: type-2/27 with payload size: 91 at 2024-12-11 08:52:53.187040 sent 2024-12-11 08:52:53.183788
INFO:Message received on topic: type-2/27 with payload size: 91 at 2024-12-11 08:52:55.861649 sent 2024-12-11 08:52:55.787674
INFO:Message received on topic: type-2/27 with payload size: 91 at 2024-12-11 08:52:58.438922 sent 2024-12-11 08:52:58.398487
INFO:Message received on topic: type-2/27 with payload size: 91 at 2024-12-11 08:53:01.057992 sent 2024-12-11 08:53:01.008223
INFO:Message received on topic: type-2/27 with payload size: 91 at 2024-12-11 08:53:03.646975 sent 2024-12-11 08:53:03.621022
INFO:Message received on topic: type-2/27 with payload size: 91 at 2024-12-11 08:53:06.271535 sent 2024-12-11 08:53:06.228522
INFO:Message received on topic: type-2/27 with payload size: 91 at 2024-12-11 08:53:08.851505 sent 2024-12-11 08:53:08.837403
INFO:Message received on topic: type-2/27 with payload size: 91 at 2024-12-11 08:53:11.480299 sent 2024-12-11 08:53:11.447279
INFO:Message received on topic: type-2/27 with payload size: 91 at 2024-12-11 08:53:14.069576 sent 2024-12-11 08:53:14.058755
INFO:Message received on topic: type-2/27 with payload size: 91 at 2024-12-11 08:53:16.671199 sent 2024-12-11 08:53:16.662468
INFO:Message received on topic: type-2/27 with payload size: 91 at 2024-12-11 08:53:19.337194 sent 2024-12-11 08:53:19.272211
INFO:Message received on topic: type-2/27 with payload size: 91 at 2024-12-11 08:53:21.952591 sent 2024-12-11 08:53:21.878536
INFO:Message received on topic: type-2/27 with payload size: 91 at 2024-12-11 08:53:24.539446 sent 2024-12-11 08:53:24.484806
INFO:Message received on topic: type-2/27 with payload size: 91 at 2024-12-11 08:53:27.149088 sent 2024-12-11 08:53:27.089687
INFO:Message received on topic: type-2/27 with payload size: 91 at 2024-12-11 08:53:29.756262 sent 2024-12-11 08:53:29.698262
INFO:Message received on topic: type-2/27 with payload size: 91 at 2024-12-11 08:53:32.350742 sent 2024-12-11 08:53:32.308898
INFO:Message received on topic: type-2/27 with payload size: 91 at 2024-12-11 08:53:34.960432 sent 2024-12-11 08:53:34.915223
INFO:Message received on topic: type-2/27 with payload size: 91 at 2024-12-11 08:53:37.549785 sent 2024-12-11 08:53:37.519043
INFO:Message received on topic: type-2/27 with payload size: 91 at 2024-12-11 08:53:40.192161 sent 2024-12-11 08:53:40.128083
INFO:Message received on topic: type-2/27 with payload size: 91 at 2024-12-11 08:53:42.753278 sent 2024-12-11 08:53:42.734772
INFO:Message received on topic: type-2/27 with payload size: 91 at 2024-12-11 08:53:45.364854 sent 2024-12-11 08:53:45.342653
INFO:Message received on topic: type-2/27 with payload size: 91 at 2024-12-11 08:53:47.961905 sent 2024-12-11 08:53:47.951020
INFO:Message received on topic: type-2/27 with payload size: 91 at 2024-12-11 08:53:50.566820 sent 2024-12-11 08:53:50.555747
INFO:Message received on topic: type-2/27 with payload size: 91 at 2024-12-11 08:53:53.177122 sent 2024-12-11 08:53:53.167724
INFO:Message received on topic: type-2/27 with payload size: 91 at 2024-12-11 08:53:55.775580 sent 2024-12-11 08:53:55.772581
INFO:Message received on topic: type-2/27 with payload size: 91 at 2024-12-11 08:53:58.446102 sent 2024-12-11 08:53:58.378172
INFO:Message received on topic: type-2/27 with payload size: 91 at 2024-12-11 08:54:01.056993 sent 2024-12-11 08:54:00.984646
INFO:Message received on topic: type-2/27 with payload size: 91 at 2024-12-11 08:54:03.648966 sent 2024-12-11 08:54:03.594259
INFO:Message received on topic: type-2/27 with payload size: 91 at 2024-12-11 08:54:06.251164 sent 2024-12-11 08:54:06.198776
INFO:Message received on topic: type-2/27 with payload size: 91 at 2024-12-11 08:54:08.853394 sent 2024-12-11 08:54:08.814458
INFO:Message received on topic: type-2/27 with payload size: 91 at 2024-12-11 08:54:11.451543 sent 2024-12-11 08:54:11.424281
INFO:Message received on topic: type-2/27 with payload size: 91 at 2024-12-11 08:54:14.048182 sent 2024-12-11 08:54:14.030996
INFO:Message received on topic: type-2/27 with payload size: 91 at 2024-12-11 08:54:16.662880 sent 2024-12-11 08:54:16.636284
INFO:Message received on topic: type-2/27 with payload size: 91 at 2024-12-11 08:54:19.254573 sent 2024-12-11 08:54:19.241901
INFO:Message received on topic: type-2/27 with payload size: 91 at 2024-12-11 08:54:21.854214 sent 2024-12-11 08:54:21.847163
INFO:Message received on topic: type-2/27 with payload size: 91 at 2024-12-11 08:54:24.466220 sent 2024-12-11 08:54:24.451817
INFO:Message received on topic: type-2/27 with payload size: 91 at 2024-12-11 08:54:27.065530 sent 2024-12-11 08:54:27.059374
INFO:Message received on topic: type-2/27 with payload size: 91 at 2024-12-11 08:54:29.678663 sent 2024-12-11 08:54:29.664930
INFO:Message received on topic: type-2/27 with payload size: 91 at 2024-12-11 08:54:32.334487 sent 2024-12-11 08:54:32.271198
INFO:Message received on topic: type-2/27 with payload size: 91 at 2024-12-11 08:54:34.879721 sent 2024-12-11 08:54:34.876063
INFO:Message received on topic: type-2/27 with payload size: 91 at 2024-12-11 08:54:37.555784 sent 2024-12-11 08:54:37.485043
INFO:Message received on topic: type-2/27 with payload size: 91 at 2024-12-11 08:54:40.151836 sent 2024-12-11 08:54:40.091625
INFO:Message received on topic: type-2/27 with payload size: 91 at 2024-12-11 08:54:42.758467 sent 2024-12-11 08:54:42.701851
INFO:Message received on topic: type-2/27 with payload size: 91 at 2024-12-11 08:54:45.368480 sent 2024-12-11 08:54:45.309454
INFO:Message received on topic: type-2/27 with payload size: 91 at 2024-12-11 08:54:47.951767 sent 2024-12-11 08:54:47.916673
INFO:Message received on topic: type-2/27 with payload size: 91 at 2024-12-11 08:54:50.589012 sent 2024-12-11 08:54:50.521399
INFO:Message received on topic: type-2/27 with payload size: 91 at 2024-12-11 08:54:53.159770 sent 2024-12-11 08:54:53.128880
INFO:Message received on topic: type-2/27 with payload size: 91 at 2024-12-11 08:54:55.769499 sent 2024-12-11 08:54:55.735113
INFO:Message received on topic: type-2/27 with payload size: 91 at 2024-12-11 08:54:58.355899 sent 2024-12-11 08:54:58.338596
INFO:Message received on topic: type-2/27 with payload size: 91 at 2024-12-11 08:55:00.960281 sent 2024-12-11 08:55:00.950104
INFO:Message received on topic: type-2/27 with payload size: 91 at 2024-12-11 08:55:03.563242 sent 2024-12-11 08:55:03.558655
INFO:Message received on topic: type-2/27 with payload size: 91 at 2024-12-11 08:55:06.168989 sent 2024-12-11 08:55:06.163534
INFO:Message received on topic: type-2/27 with payload size: 91 at 2024-12-11 08:55:08.769651 sent 2024-12-11 08:55:08.766411
INFO:Message received on topic: type-2/27 with payload size: 91 at 2024-12-11 08:55:11.450625 sent 2024-12-11 08:55:11.370941
INFO:Message received on topic: type-2/27 with payload size: 91 at 2024-12-11 08:55:14.039305 sent 2024-12-11 08:55:13.977407
INFO:Message received on topic: type-2/27 with payload size: 91 at 2024-12-11 08:55:16.634166 sent 2024-12-11 08:55:16.582126
INFO:Message received on topic: type-2/27 with payload size: 91 at 2024-12-11 08:55:19.254630 sent 2024-12-11 08:55:19.185950
INFO:Message received on topic: type-2/27 with payload size: 91 at 2024-12-11 08:55:21.848539 sent 2024-12-11 08:55:21.788560
INFO:Message received on topic: type-2/27 with payload size: 91 at 2024-12-11 08:55:24.448763 sent 2024-12-11 08:55:24.391527
INFO:Message received on topic: type-2/27 with payload size: 91 at 2024-12-11 08:55:27.046245 sent 2024-12-11 08:55:26.992621
INFO:Message received on topic: type-2/27 with payload size: 91 at 2024-12-11 08:55:29.636667 sent 2024-12-11 08:55:29.595463
INFO:Message received on topic: type-2/27 with payload size: 91 at 2024-12-11 08:55:32.242610 sent 2024-12-11 08:55:32.198733
INFO:Message received on topic: type-2/27 with payload size: 91 at 2024-12-11 08:55:34.845550 sent 2024-12-11 08:55:34.802248
INFO:Message received on topic: type-2/27 with payload size: 91 at 2024-12-11 08:55:37.452475 sent 2024-12-11 08:55:37.403419
INFO:Message received on topic: type-2/27 with payload size: 91 at 2024-12-11 08:55:40.048228 sent 2024-12-11 08:55:40.005133
INFO:Message received on topic: type-2/27 with payload size: 91 at 2024-12-11 08:55:42.649979 sent 2024-12-11 08:55:42.607612
INFO:Message received on topic: type-2/27 with payload size: 91 at 2024-12-11 08:55:45.260674 sent 2024-12-11 08:55:45.209476
INFO:Message received on topic: type-2/27 with payload size: 91 at 2024-12-11 08:55:47.837969 sent 2024-12-11 08:55:47.812413
INFO:Message received on topic: type-2/27 with payload size: 91 at 2024-12-11 08:55:50.437225 sent 2024-12-11 08:55:50.419049
INFO:Message received on topic: type-2/27 with payload size: 91 at 2024-12-11 08:55:53.038274 sent 2024-12-11 08:55:53.022532
INFO:Message received on topic: type-2/27 with payload size: 91 at 2024-12-11 08:55:55.642576 sent 2024-12-11 08:55:55.623850
INFO:Message received on topic: type-2/27 with payload size: 91 at 2024-12-11 08:55:58.237967 sent 2024-12-11 08:55:58.213310
INFO:Message received on topic: type-2/27 with payload size: 91 at 2024-12-11 08:56:00.835453 sent 2024-12-11 08:56:00.799603
INFO:Message received on topic: type-2/27 with payload size: 91 at 2024-12-11 08:56:03.446620 sent 2024-12-11 08:56:03.388872
INFO:Message received on topic: type-2/27 with payload size: 91 at 2024-12-11 08:56:05.978045 sent 2024-12-11 08:56:05.976526
INFO:Message received on topic: type-2/27 with payload size: 91 at 2024-12-11 08:56:08.580183 sent 2024-12-11 08:56:08.578962
INFO:Message received on topic: type-2/27 with payload size: 91 at 2024-12-11 08:56:11.184969 sent 2024-12-11 08:56:11.183572
INFO:Message received on topic: type-2/27 with payload size: 91 at 2024-12-11 08:56:13.789668 sent 2024-12-11 08:56:13.788137
INFO:Message received on topic: type-2/27 with payload size: 91 at 2024-12-11 08:56:16.394671 sent 2024-12-11 08:56:16.393178
INFO:Message received on topic: type-2/27 with payload size: 91 at 2024-12-11 08:56:19.000694 sent 2024-12-11 08:56:18.998659
INFO:Message received on topic: type-2/27 with payload size: 91 at 2024-12-11 08:56:21.605115 sent 2024-12-11 08:56:21.603659
