INFO:Starting Version 1.0.5
DEBUG:Using selector: EpollSelector
INFO:Connecting to cluster at: mqtt-quic://emqx-headless.dtwins:14567 using QUIC
INFO:Subscribed to topic: type-2/14
INFO:Logging each: 50
INFO:Unhandled packet type received
INFO:Message received on topic: type-2/14 with payload size: 91 at 2024-12-11 08:47:12.948577 sent 2024-12-11 08:47:12.942932
INFO:Message received on topic: type-2/14 with payload size: 91 at 2024-12-11 08:47:15.550664 sent 2024-12-11 08:47:15.542481
INFO:Message received on topic: type-2/14 with payload size: 91 at 2024-12-11 08:47:18.152557 sent 2024-12-11 08:47:18.141639
INFO:Message received on topic: type-2/14 with payload size: 91 at 2024-12-11 08:47:20.757186 sent 2024-12-11 08:47:20.744631
INFO:Message received on topic: type-2/14 with payload size: 91 at 2024-12-11 08:47:23.363124 sent 2024-12-11 08:47:23.345554
INFO:Message received on topic: type-2/14 with payload size: 91 at 2024-12-11 08:47:25.956436 sent 2024-12-11 08:47:25.952472
INFO:Message received on topic: type-2/14 with payload size: 91 at 2024-12-11 08:47:28.562505 sent 2024-12-11 08:47:28.555914
INFO:Message received on topic: type-2/14 with payload size: 91 at 2024-12-11 08:47:31.167090 sent 2024-12-11 08:47:31.160000
INFO:Message received on topic: type-2/14 with payload size: 91 at 2024-12-11 08:47:33.765204 sent 2024-12-11 08:47:33.761315
INFO:Message received on topic: type-2/14 with payload size: 91 at 2024-12-11 08:47:36.370795 sent 2024-12-11 08:47:36.363508
INFO:Message received on topic: type-2/14 with payload size: 91 at 2024-12-11 08:47:38.972240 sent 2024-12-11 08:47:38.962259
INFO:Message received on topic: type-2/14 with payload size: 91 at 2024-12-11 08:47:41.570990 sent 2024-12-11 08:47:41.564792
INFO:Message received on topic: type-2/14 with payload size: 91 at 2024-12-11 08:47:44.177000 sent 2024-12-11 08:47:44.166638
INFO:Message received on topic: type-2/14 with payload size: 91 at 2024-12-11 08:47:46.783090 sent 2024-12-11 08:47:46.768887
INFO:Message received on topic: type-2/14 with payload size: 91 at 2024-12-11 08:47:49.374097 sent 2024-12-11 08:47:49.369967
INFO:Message received on topic: type-2/14 with payload size: 91 at 2024-12-11 08:47:51.980137 sent 2024-12-11 08:47:51.970630
INFO:Message received on topic: type-2/14 with payload size: 91 at 2024-12-11 08:47:54.584950 sent 2024-12-11 08:47:54.574287
INFO:Message received on topic: type-2/14 with payload size: 91 at 2024-12-11 08:47:57.185436 sent 2024-12-11 08:47:57.177935
INFO:Message received on topic: type-2/14 with payload size: 91 at 2024-12-11 08:47:59.864219 sent 2024-12-11 08:47:59.788581
INFO:Message received on topic: type-2/14 with payload size: 91 at 2024-12-11 08:48:02.465378 sent 2024-12-11 08:48:02.401226
INFO:Message received on topic: type-2/14 with payload size: 91 at 2024-12-11 08:48:05.053133 sent 2024-12-11 08:48:05.009141
INFO:Message received on topic: type-2/14 with payload size: 91 at 2024-12-11 08:48:07.647449 sent 2024-12-11 08:48:07.614185
INFO:Message received on topic: type-2/14 with payload size: 91 at 2024-12-11 08:48:10.262737 sent 2024-12-11 08:48:10.220064
INFO:Message received on topic: type-2/14 with payload size: 91 at 2024-12-11 08:48:12.886481 sent 2024-12-11 08:48:12.828285
INFO:Message received on topic: type-2/14 with payload size: 91 at 2024-12-11 08:48:15.480264 sent 2024-12-11 08:48:15.434822
INFO:Message received on topic: type-2/14 with payload size: 91 at 2024-12-11 08:48:18.160543 sent 2024-12-11 08:48:18.041742
INFO:Message received on topic: type-2/14 with payload size: 91 at 2024-12-11 08:48:20.665309 sent 2024-12-11 08:48:20.652485
INFO:Message received on topic: type-2/14 with payload size: 91 at 2024-12-11 08:48:23.271241 sent 2024-12-11 08:48:23.260839
INFO:Message received on topic: type-2/14 with payload size: 91 at 2024-12-11 08:48:25.870742 sent 2024-12-11 08:48:25.865620
INFO:Message received on topic: type-2/14 with payload size: 91 at 2024-12-11 08:48:28.479281 sent 2024-12-11 08:48:28.471940
INFO:Message received on topic: type-2/14 with payload size: 91 at 2024-12-11 08:48:31.083711 sent 2024-12-11 08:48:31.079819
INFO:Message received on topic: type-2/14 with payload size: 91 at 2024-12-11 08:48:33.756950 sent 2024-12-11 08:48:33.688729
INFO:Message received on topic: type-2/14 with payload size: 91 at 2024-12-11 08:48:36.351749 sent 2024-12-11 08:48:36.301913
INFO:Message received on topic: type-2/14 with payload size: 91 at 2024-12-11 08:48:38.952151 sent 2024-12-11 08:48:38.913315
INFO:Message received on topic: type-2/14 with payload size: 91 at 2024-12-11 08:48:41.559722 sent 2024-12-11 08:48:41.521537
INFO:Message received on topic: type-2/14 with payload size: 91 at 2024-12-11 08:48:44.154553 sent 2024-12-11 08:48:44.128882
INFO:Message received on topic: type-2/14 with payload size: 91 at 2024-12-11 08:48:46.760018 sent 2024-12-11 08:48:46.732898
INFO:Message received on topic: type-2/14 with payload size: 91 at 2024-12-11 08:48:49.359048 sent 2024-12-11 08:48:49.346794
INFO:Message received on topic: type-2/14 with payload size: 91 at 2024-12-11 08:48:51.979506 sent 2024-12-11 08:48:51.956697
INFO:Message received on topic: type-2/14 with payload size: 91 at 2024-12-11 08:48:54.568165 sent 2024-12-11 08:48:54.563118
INFO:Message received on topic: type-2/14 with payload size: 91 at 2024-12-11 08:48:57.172582 sent 2024-12-11 08:48:57.166555
INFO:Message received on topic: type-2/14 with payload size: 91 at 2024-12-11 08:48:59.777632 sent 2024-12-11 08:48:59.774119
INFO:Message received on topic: type-2/14 with payload size: 91 at 2024-12-11 08:49:02.453854 sent 2024-12-11 08:49:02.387221
INFO:Message received on topic: type-2/14 with payload size: 91 at 2024-12-11 08:49:05.048423 sent 2024-12-11 08:49:04.984825
INFO:Message received on topic: type-2/14 with payload size: 91 at 2024-12-11 08:49:07.583692 sent 2024-12-11 08:49:07.568830
INFO:Message received on topic: type-2/14 with payload size: 91 at 2024-12-11 08:49:10.161316 sent 2024-12-11 08:49:10.155893
INFO:Message received on topic: type-2/14 with payload size: 91 at 2024-12-11 08:49:12.753190 sent 2024-12-11 08:49:12.741537
INFO:Message received on topic: type-2/14 with payload size: 91 at 2024-12-11 08:49:15.374312 sent 2024-12-11 08:49:15.339659
INFO:Message received on topic: type-2/14 with payload size: 91 at 2024-12-11 08:49:17.979428 sent 2024-12-11 08:49:17.945850
INFO:Message received on topic: type-2/14 with payload size: 91 at 2024-12-11 08:49:20.560118 sent 2024-12-11 08:49:20.551898
INFO:Message received on topic: type-2/14 with payload size: 91 at 2024-12-11 08:49:23.188696 sent 2024-12-11 08:49:23.162616
INFO:Message received on topic: type-2/14 with payload size: 91 at 2024-12-11 08:49:25.780224 sent 2024-12-11 08:49:25.771103
INFO:Message received on topic: type-2/14 with payload size: 91 at 2024-12-11 08:49:28.448096 sent 2024-12-11 08:49:28.384383
INFO:Message received on topic: type-2/14 with payload size: 91 at 2024-12-11 08:49:31.079152 sent 2024-12-11 08:49:31.001274
INFO:Message received on topic: type-2/14 with payload size: 91 at 2024-12-11 08:49:33.660149 sent 2024-12-11 08:49:33.610618
INFO:Message received on topic: type-2/14 with payload size: 91 at 2024-12-11 08:49:36.255577 sent 2024-12-11 08:49:36.220086
INFO:Message received on topic: type-2/14 with payload size: 91 at 2024-12-11 08:49:38.858714 sent 2024-12-11 08:49:38.828493
INFO:Message received on topic: type-2/14 with payload size: 91 at 2024-12-11 08:49:41.456948 sent 2024-12-11 08:49:41.437164
INFO:Message received on topic: type-2/14 with payload size: 91 at 2024-12-11 08:49:44.060316 sent 2024-12-11 08:49:44.043679
INFO:Message received on topic: type-2/14 with payload size: 91 at 2024-12-11 08:49:46.661631 sent 2024-12-11 08:49:46.648214
INFO:Message received on topic: type-2/14 with payload size: 91 at 2024-12-11 08:49:49.260283 sent 2024-12-11 08:49:49.256238
INFO:Message received on topic: type-2/14 with payload size: 91 at 2024-12-11 08:49:51.873441 sent 2024-12-11 08:49:51.866402
INFO:Message received on topic: type-2/14 with payload size: 91 at 2024-12-11 08:49:54.480821 sent 2024-12-11 08:49:54.473701
INFO:Message received on topic: type-2/14 with payload size: 91 at 2024-12-11 08:49:57.136755 sent 2024-12-11 08:49:57.082873
INFO:Message received on topic: type-2/14 with payload size: 91 at 2024-12-11 08:49:59.756187 sent 2024-12-11 08:49:59.687832
INFO:Message received on topic: type-2/14 with payload size: 91 at 2024-12-11 08:50:02.364605 sent 2024-12-11 08:50:02.298293
INFO:Message received on topic: type-2/14 with payload size: 91 at 2024-12-11 08:50:04.958562 sent 2024-12-11 08:50:04.904922
INFO:Message received on topic: type-2/14 with payload size: 91 at 2024-12-11 08:50:07.546192 sent 2024-12-11 08:50:07.511665
INFO:Message received on topic: type-2/14 with payload size: 91 at 2024-12-11 08:50:10.147585 sent 2024-12-11 08:50:10.122449
INFO:Message received on topic: type-2/14 with payload size: 91 at 2024-12-11 08:50:12.854062 sent 2024-12-11 08:50:12.730132
INFO:Message received on topic: type-2/14 with payload size: 91 at 2024-12-11 08:50:15.347766 sent 2024-12-11 08:50:15.338320
INFO:Message received on topic: type-2/14 with payload size: 91 at 2024-12-11 08:50:17.953647 sent 2024-12-11 08:50:17.947395
INFO:Message received on topic: type-2/14 with payload size: 91 at 2024-12-11 08:50:20.560302 sent 2024-12-11 08:50:20.550147
INFO:Message received on topic: type-2/14 with payload size: 91 at 2024-12-11 08:50:23.178199 sent 2024-12-11 08:50:23.158419
INFO:Message received on topic: type-2/14 with payload size: 91 at 2024-12-11 08:50:25.771117 sent 2024-12-11 08:50:25.763220
INFO:Message received on topic: type-2/14 with payload size: 91 at 2024-12-11 08:50:28.446203 sent 2024-12-11 08:50:28.374164
INFO:Message received on topic: type-2/14 with payload size: 91 at 2024-12-11 08:50:30.991878 sent 2024-12-11 08:50:30.982621
INFO:Message received on topic: type-2/14 with payload size: 91 at 2024-12-11 08:50:33.650768 sent 2024-12-11 08:50:33.594479
INFO:Message received on topic: type-2/14 with payload size: 91 at 2024-12-11 08:50:36.260582 sent 2024-12-11 08:50:36.200681
INFO:Message received on topic: type-2/14 with payload size: 91 at 2024-12-11 08:50:38.860156 sent 2024-12-11 08:50:38.810049
INFO:Message received on topic: type-2/14 with payload size: 91 at 2024-12-11 08:50:41.454974 sent 2024-12-11 08:50:41.407461
INFO:Message received on topic: type-2/14 with payload size: 91 at 2024-12-11 08:50:44.054117 sent 2024-12-11 08:50:44.012618
INFO:Message received on topic: type-2/14 with payload size: 91 at 2024-12-11 08:50:46.658691 sent 2024-12-11 08:50:46.619075
INFO:Message received on topic: type-2/14 with payload size: 91 at 2024-12-11 08:50:49.287689 sent 2024-12-11 08:50:49.224248
INFO:Message received on topic: type-2/14 with payload size: 91 at 2024-12-11 08:50:51.861311 sent 2024-12-11 08:50:51.834051
INFO:Message received on topic: type-2/14 with payload size: 91 at 2024-12-11 08:50:54.468728 sent 2024-12-11 08:50:54.441427
INFO:Message received on topic: type-2/14 with payload size: 91 at 2024-12-11 08:50:57.061913 sent 2024-12-11 08:50:57.050136
INFO:Message received on topic: type-2/14 with payload size: 91 at 2024-12-11 08:50:59.691304 sent 2024-12-11 08:50:59.656612
INFO:Message received on topic: type-2/14 with payload size: 91 at 2024-12-11 08:51:02.285881 sent 2024-12-11 08:51:02.265662
INFO:Message received on topic: type-2/14 with payload size: 91 at 2024-12-11 08:51:04.884844 sent 2024-12-11 08:51:04.877144
INFO:Message received on topic: type-2/14 with payload size: 91 at 2024-12-11 08:51:07.488026 sent 2024-12-11 08:51:07.484795
INFO:Message received on topic: type-2/14 with payload size: 91 at 2024-12-11 08:51:10.158603 sent 2024-12-11 08:51:10.091910
INFO:Message received on topic: type-2/14 with payload size: 91 at 2024-12-11 08:51:12.756755 sent 2024-12-11 08:51:12.697993
INFO:Message received on topic: type-2/14 with payload size: 91 at 2024-12-11 08:51:15.361058 sent 2024-12-11 08:51:15.304036
INFO:Message received on topic: type-2/14 with payload size: 91 at 2024-12-11 08:51:17.956656 sent 2024-12-11 08:51:17.909247
INFO:Message received on topic: type-2/14 with payload size: 91 at 2024-12-11 08:51:20.558734 sent 2024-12-11 08:51:20.518578
INFO:Message received on topic: type-2/14 with payload size: 91 at 2024-12-11 08:51:23.164650 sent 2024-12-11 08:51:23.124888
INFO:Message received on topic: type-2/14 with payload size: 91 at 2024-12-11 08:51:25.863188 sent 2024-12-11 08:51:25.729015
INFO:Message received on topic: type-2/14 with payload size: 91 at 2024-12-11 08:51:28.466646 sent 2024-12-11 08:51:28.336285
INFO:Message received on topic: type-2/14 with payload size: 91 at 2024-12-11 08:51:30.958700 sent 2024-12-11 08:51:30.947553
INFO:Message received on topic: type-2/14 with payload size: 91 at 2024-12-11 08:51:33.575163 sent 2024-12-11 08:51:33.560676
INFO:Message received on topic: type-2/14 with payload size: 91 at 2024-12-11 08:51:36.174618 sent 2024-12-11 08:51:36.168205
INFO:Message received on topic: type-2/14 with payload size: 91 at 2024-12-11 08:51:38.851193 sent 2024-12-11 08:51:38.777635
INFO:Message received on topic: type-2/14 with payload size: 91 at 2024-12-11 08:51:41.569869 sent 2024-12-11 08:51:41.387413
INFO:Message received on topic: type-2/14 with payload size: 91 at 2024-12-11 08:51:44.052080 sent 2024-12-11 08:51:43.996471
INFO:Message received on topic: type-2/14 with payload size: 91 at 2024-12-11 08:51:46.655703 sent 2024-12-11 08:51:46.602982
INFO:Message received on topic: type-2/14 with payload size: 91 at 2024-12-11 08:51:49.259581 sent 2024-12-11 08:51:49.216553
INFO:Message received on topic: type-2/14 with payload size: 91 at 2024-12-11 08:51:51.858021 sent 2024-12-11 08:51:51.827668
INFO:Message received on topic: type-2/14 with payload size: 91 at 2024-12-11 08:51:54.455454 sent 2024-12-11 08:51:54.434793
INFO:Message received on topic: type-2/14 with payload size: 91 at 2024-12-11 08:51:57.059054 sent 2024-12-11 08:51:57.037578
INFO:Message received on topic: type-2/14 with payload size: 91 at 2024-12-11 08:51:59.662492 sent 2024-12-11 08:51:59.646120
INFO:Message received on topic: type-2/14 with payload size: 91 at 2024-12-11 08:52:02.270675 sent 2024-12-11 08:52:02.257030
INFO:Message received on topic: type-2/14 with payload size: 91 at 2024-12-11 08:52:04.871854 sent 2024-12-11 08:52:04.862099
INFO:Message received on topic: type-2/14 with payload size: 91 at 2024-12-11 08:52:07.473740 sent 2024-12-11 08:52:07.468307
INFO:Message received on topic: type-2/14 with payload size: 91 at 2024-12-11 08:52:10.083375 sent 2024-12-11 08:52:10.077386
INFO:Message received on topic: type-2/14 with payload size: 91 at 2024-12-11 08:52:12.750584 sent 2024-12-11 08:52:12.687984
INFO:Message received on topic: type-2/14 with payload size: 91 at 2024-12-11 08:52:15.355070 sent 2024-12-11 08:52:15.291181
INFO:Message received on topic: type-2/14 with payload size: 91 at 2024-12-11 08:52:17.968699 sent 2024-12-11 08:52:17.899529
INFO:Message received on topic: type-2/14 with payload size: 91 at 2024-12-11 08:52:20.553891 sent 2024-12-11 08:52:20.506810
INFO:Message received on topic: type-2/14 with payload size: 91 at 2024-12-11 08:52:23.152619 sent 2024-12-11 08:52:23.117623
INFO:Message received on topic: type-2/14 with payload size: 91 at 2024-12-11 08:52:25.777131 sent 2024-12-11 08:52:25.722293
INFO:Message received on topic: type-2/14 with payload size: 91 at 2024-12-11 08:52:28.458113 sent 2024-12-11 08:52:28.327919
INFO:Message received on topic: type-2/14 with payload size: 91 at 2024-12-11 08:52:30.955117 sent 2024-12-11 08:52:30.936176
INFO:Message received on topic: type-2/14 with payload size: 91 at 2024-12-11 08:52:33.559025 sent 2024-12-11 08:52:33.544567
INFO:Message received on topic: type-2/14 with payload size: 91 at 2024-12-11 08:52:36.165538 sent 2024-12-11 08:52:36.150943
INFO:Message received on topic: type-2/14 with payload size: 91 at 2024-12-11 08:52:38.768113 sent 2024-12-11 08:52:38.755166
INFO:Message received on topic: type-2/14 with payload size: 91 at 2024-12-11 08:52:41.376838 sent 2024-12-11 08:52:41.369436
INFO:Message received on topic: type-2/14 with payload size: 91 at 2024-12-11 08:52:44.052932 sent 2024-12-11 08:52:43.978130
INFO:Message received on topic: type-2/14 with payload size: 91 at 2024-12-11 08:52:46.647456 sent 2024-12-11 08:52:46.583923
INFO:Message received on topic: type-2/14 with payload size: 91 at 2024-12-11 08:52:49.250993 sent 2024-12-11 08:52:49.195631
INFO:Message received on topic: type-2/14 with payload size: 91 at 2024-12-11 08:52:51.854716 sent 2024-12-11 08:52:51.804646
INFO:Message received on topic: type-2/14 with payload size: 91 at 2024-12-11 08:52:54.474295 sent 2024-12-11 08:52:54.416262
INFO:Message received on topic: type-2/14 with payload size: 91 at 2024-12-11 08:52:57.078223 sent 2024-12-11 08:52:57.022769
INFO:Message received on topic: type-2/14 with payload size: 91 at 2024-12-11 08:52:59.647110 sent 2024-12-11 08:52:59.630297
INFO:Message received on topic: type-2/14 with payload size: 91 at 2024-12-11 08:53:02.249887 sent 2024-12-11 08:53:02.239047
INFO:Message received on topic: type-2/14 with payload size: 91 at 2024-12-11 08:53:04.870225 sent 2024-12-11 08:53:04.845559
INFO:Message received on topic: type-2/14 with payload size: 91 at 2024-12-11 08:53:07.462735 sent 2024-12-11 08:53:07.456010
INFO:Message received on topic: type-2/14 with payload size: 91 at 2024-12-11 08:53:10.071983 sent 2024-12-11 08:53:10.063387
INFO:Message received on topic: type-2/14 with payload size: 91 at 2024-12-11 08:53:12.685878 sent 2024-12-11 08:53:12.672006
INFO:Message received on topic: type-2/14 with payload size: 91 at 2024-12-11 08:53:15.348309 sent 2024-12-11 08:53:15.280048
INFO:Message received on topic: type-2/14 with payload size: 91 at 2024-12-11 08:53:17.953022 sent 2024-12-11 08:53:17.887637
INFO:Message received on topic: type-2/14 with payload size: 91 at 2024-12-11 08:53:20.546579 sent 2024-12-11 08:53:20.493513
INFO:Message received on topic: type-2/14 with payload size: 91 at 2024-12-11 08:53:23.145644 sent 2024-12-11 08:53:23.103942
INFO:Message received on topic: type-2/14 with payload size: 91 at 2024-12-11 08:53:25.766193 sent 2024-12-11 08:53:25.709648
INFO:Message received on topic: type-2/14 with payload size: 91 at 2024-12-11 08:53:28.354064 sent 2024-12-11 08:53:28.319096
INFO:Message received on topic: type-2/14 with payload size: 91 at 2024-12-11 08:53:30.956511 sent 2024-12-11 08:53:30.930386
INFO:Message received on topic: type-2/14 with payload size: 91 at 2024-12-11 08:53:33.554147 sent 2024-12-11 08:53:33.545172
INFO:Message received on topic: type-2/14 with payload size: 91 at 2024-12-11 08:53:36.176743 sent 2024-12-11 08:53:36.157669
INFO:Message received on topic: type-2/14 with payload size: 91 at 2024-12-11 08:53:38.775633 sent 2024-12-11 08:53:38.764627
INFO:Message received on topic: type-2/14 with payload size: 91 at 2024-12-11 08:53:41.385221 sent 2024-12-11 08:53:41.371207
INFO:Message received on topic: type-2/14 with payload size: 91 at 2024-12-11 08:53:44.055200 sent 2024-12-11 08:53:43.985404
INFO:Message received on topic: type-2/14 with payload size: 91 at 2024-12-11 08:53:46.654399 sent 2024-12-11 08:53:46.591932
INFO:Message received on topic: type-2/14 with payload size: 91 at 2024-12-11 08:53:49.240134 sent 2024-12-11 08:53:49.205218
INFO:Message received on topic: type-2/14 with payload size: 91 at 2024-12-11 08:53:51.835643 sent 2024-12-11 08:53:51.816727
INFO:Message received on topic: type-2/14 with payload size: 91 at 2024-12-11 08:53:54.555696 sent 2024-12-11 08:53:54.427844
INFO:Message received on topic: type-2/14 with payload size: 91 at 2024-12-11 08:53:57.053172 sent 2024-12-11 08:53:57.038789
INFO:Message received on topic: type-2/14 with payload size: 91 at 2024-12-11 08:53:59.661124 sent 2024-12-11 08:53:59.650224
INFO:Message received on topic: type-2/14 with payload size: 91 at 2024-12-11 08:54:02.272255 sent 2024-12-11 08:54:02.259467
INFO:Message received on topic: type-2/14 with payload size: 91 at 2024-12-11 08:54:04.874932 sent 2024-12-11 08:54:04.865772
INFO:Message received on topic: type-2/14 with payload size: 91 at 2024-12-11 08:54:07.475735 sent 2024-12-11 08:54:07.471442
INFO:Message received on topic: type-2/14 with payload size: 91 at 2024-12-11 08:54:10.137835 sent 2024-12-11 08:54:10.081318
INFO:Message received on topic: type-2/14 with payload size: 91 at 2024-12-11 08:54:12.749051 sent 2024-12-11 08:54:12.690576
INFO:Message received on topic: type-2/14 with payload size: 91 at 2024-12-11 08:54:15.353471 sent 2024-12-11 08:54:15.298594
INFO:Message received on topic: type-2/14 with payload size: 91 at 2024-12-11 08:54:17.945567 sent 2024-12-11 08:54:17.906992
INFO:Message received on topic: type-2/14 with payload size: 91 at 2024-12-11 08:54:20.563672 sent 2024-12-11 08:54:20.515646
INFO:Message received on topic: type-2/14 with payload size: 91 at 2024-12-11 08:54:23.249556 sent 2024-12-11 08:54:23.119153
INFO:Message received on topic: type-2/14 with payload size: 91 at 2024-12-11 08:54:25.751471 sent 2024-12-11 08:54:25.724604
INFO:Message received on topic: type-2/14 with payload size: 91 at 2024-12-11 08:54:28.370479 sent 2024-12-11 08:54:28.334858
INFO:Message received on topic: type-2/14 with payload size: 91 at 2024-12-11 08:54:30.963475 sent 2024-12-11 08:54:30.948504
INFO:Message received on topic: type-2/14 with payload size: 91 at 2024-12-11 08:54:33.575778 sent 2024-12-11 08:54:33.555807
INFO:Message received on topic: type-2/14 with payload size: 91 at 2024-12-11 08:54:36.172461 sent 2024-12-11 08:54:36.161572
INFO:Message received on topic: type-2/14 with payload size: 91 at 2024-12-11 08:54:38.780289 sent 2024-12-11 08:54:38.772703
INFO:Message received on topic: type-2/14 with payload size: 91 at 2024-12-11 08:54:41.451987 sent 2024-12-11 08:54:41.385165
INFO:Message received on topic: type-2/14 with payload size: 91 at 2024-12-11 08:54:44.050124 sent 2024-12-11 08:54:43.993408
INFO:Message received on topic: type-2/14 with payload size: 91 at 2024-12-11 08:54:46.650526 sent 2024-12-11 08:54:46.599685
INFO:Message received on topic: type-2/14 with payload size: 91 at 2024-12-11 08:54:49.250479 sent 2024-12-11 08:54:49.213142
INFO:Message received on topic: type-2/14 with payload size: 91 at 2024-12-11 08:54:51.853107 sent 2024-12-11 08:54:51.822995
INFO:Message received on topic: type-2/14 with payload size: 91 at 2024-12-11 08:54:54.452126 sent 2024-12-11 08:54:54.431946
INFO:Message received on topic: type-2/14 with payload size: 91 at 2024-12-11 08:54:57.057753 sent 2024-12-11 08:54:57.035880
INFO:Message received on topic: type-2/14 with payload size: 91 at 2024-12-11 08:54:59.672726 sent 2024-12-11 08:54:59.642595
INFO:Message received on topic: type-2/14 with payload size: 91 at 2024-12-11 08:55:02.271639 sent 2024-12-11 08:55:02.258610
INFO:Message received on topic: type-2/14 with payload size: 91 at 2024-12-11 08:55:04.871382 sent 2024-12-11 08:55:04.864615
INFO:Message received on topic: type-2/14 with payload size: 91 at 2024-12-11 08:55:07.536863 sent 2024-12-11 08:55:07.468285
INFO:Message received on topic: type-2/14 with payload size: 91 at 2024-12-11 08:55:10.085043 sent 2024-12-11 08:55:10.074768
INFO:Message received on topic: type-2/14 with payload size: 91 at 2024-12-11 08:55:12.734402 sent 2024-12-11 08:55:12.681452
INFO:Message received on topic: type-2/14 with payload size: 91 at 2024-12-11 08:55:15.376184 sent 2024-12-11 08:55:15.286894
INFO:Message received on topic: type-2/14 with payload size: 91 at 2024-12-11 08:55:17.937467 sent 2024-12-11 08:55:17.890518
INFO:Message received on topic: type-2/14 with payload size: 91 at 2024-12-11 08:55:20.546723 sent 2024-12-11 08:55:20.493512
INFO:Message received on topic: type-2/14 with payload size: 91 at 2024-12-11 08:55:23.147274 sent 2024-12-11 08:55:23.098235
INFO:Message received on topic: type-2/14 with payload size: 91 at 2024-12-11 08:55:25.746295 sent 2024-12-11 08:55:25.702891
INFO:Message received on topic: type-2/14 with payload size: 91 at 2024-12-11 08:55:28.362171 sent 2024-12-11 08:55:28.307139
INFO:Message received on topic: type-2/14 with payload size: 91 at 2024-12-11 08:55:30.938856 sent 2024-12-11 08:55:30.915618
INFO:Message received on topic: type-2/14 with payload size: 91 at 2024-12-11 08:55:33.547712 sent 2024-12-11 08:55:33.517124
INFO:Message received on topic: type-2/14 with payload size: 91 at 2024-12-11 08:55:36.139192 sent 2024-12-11 08:55:36.121041
INFO:Message received on topic: type-2/14 with payload size: 91 at 2024-12-11 08:55:38.741824 sent 2024-12-11 08:55:38.721829
INFO:Message received on topic: type-2/14 with payload size: 91 at 2024-12-11 08:55:41.381735 sent 2024-12-11 08:55:41.326229
