INFO:Starting Version 1.0.5
DEBUG:Using selector: EpollSelector
INFO:Connecting to cluster at: mqtt-quic://emqx-headless.dtwins:14567 using QUIC
INFO:Subscribed to topic: type-2/16
INFO:Logging each: 50
INFO:Unhandled packet type received
INFO:Message received on topic: type-2/16 with payload size: 91 at 2024-12-11 08:47:19.054899 sent 2024-12-11 08:47:19.049126
INFO:Message received on topic: type-2/16 with payload size: 91 at 2024-12-11 08:47:21.655827 sent 2024-12-11 08:47:21.651057
INFO:Message received on topic: type-2/16 with payload size: 91 at 2024-12-11 08:47:24.274084 sent 2024-12-11 08:47:24.256590
INFO:Message received on topic: type-2/16 with payload size: 91 at 2024-12-11 08:47:26.865286 sent 2024-12-11 08:47:26.858556
INFO:Message received on topic: type-2/16 with payload size: 91 at 2024-12-11 08:47:29.467146 sent 2024-12-11 08:47:29.461540
INFO:Message received on topic: type-2/16 with payload size: 91 at 2024-12-11 08:47:32.066187 sent 2024-12-11 08:47:32.063011
INFO:Message received on topic: type-2/16 with payload size: 91 at 2024-12-11 08:47:34.667112 sent 2024-12-11 08:47:34.664108
INFO:Message received on topic: type-2/16 with payload size: 91 at 2024-12-11 08:47:37.274095 sent 2024-12-11 08:47:37.263831
INFO:Message received on topic: type-2/16 with payload size: 91 at 2024-12-11 08:47:39.871222 sent 2024-12-11 08:47:39.866593
INFO:Message received on topic: type-2/16 with payload size: 91 at 2024-12-11 08:47:42.561947 sent 2024-12-11 08:47:42.471297
INFO:Message received on topic: type-2/16 with payload size: 91 at 2024-12-11 08:47:45.083812 sent 2024-12-11 08:47:45.080356
INFO:Message received on topic: type-2/16 with payload size: 91 at 2024-12-11 08:47:47.744637 sent 2024-12-11 08:47:47.685536
INFO:Message received on topic: type-2/16 with payload size: 91 at 2024-12-11 08:47:50.352878 sent 2024-12-11 08:47:50.287393
INFO:Message received on topic: type-2/16 with payload size: 91 at 2024-12-11 08:47:52.958369 sent 2024-12-11 08:47:52.888501
INFO:Message received on topic: type-2/16 with payload size: 91 at 2024-12-11 08:47:55.560141 sent 2024-12-11 08:47:55.490226
INFO:Message received on topic: type-2/16 with payload size: 91 at 2024-12-11 08:47:58.172086 sent 2024-12-11 08:47:58.099035
INFO:Message received on topic: type-2/16 with payload size: 91 at 2024-12-11 08:48:00.767494 sent 2024-12-11 08:48:00.702991
INFO:Message received on topic: type-2/16 with payload size: 91 at 2024-12-11 08:48:03.353283 sent 2024-12-11 08:48:03.309258
INFO:Message received on topic: type-2/16 with payload size: 91 at 2024-12-11 08:48:05.949258 sent 2024-12-11 08:48:05.916934
INFO:Message received on topic: type-2/16 with payload size: 91 at 2024-12-11 08:48:08.557627 sent 2024-12-11 08:48:08.521641
INFO:Message received on topic: type-2/16 with payload size: 91 at 2024-12-11 08:48:11.157538 sent 2024-12-11 08:48:11.132250
INFO:Message received on topic: type-2/16 with payload size: 91 at 2024-12-11 08:48:13.759274 sent 2024-12-11 08:48:13.743725
INFO:Message received on topic: type-2/16 with payload size: 91 at 2024-12-11 08:48:16.355951 sent 2024-12-11 08:48:16.351154
INFO:Message received on topic: type-2/16 with payload size: 91 at 2024-12-11 08:48:18.972934 sent 2024-12-11 08:48:18.962391
INFO:Message received on topic: type-2/16 with payload size: 91 at 2024-12-11 08:48:21.573576 sent 2024-12-11 08:48:21.569866
INFO:Message received on topic: type-2/16 with payload size: 91 at 2024-12-11 08:48:24.183234 sent 2024-12-11 08:48:24.178864
INFO:Message received on topic: type-2/16 with payload size: 91 at 2024-12-11 08:48:26.790400 sent 2024-12-11 08:48:26.782832
INFO:Message received on topic: type-2/16 with payload size: 91 at 2024-12-11 08:48:29.450291 sent 2024-12-11 08:48:29.389493
INFO:Message received on topic: type-2/16 with payload size: 91 at 2024-12-11 08:48:32.057914 sent 2024-12-11 08:48:31.996543
INFO:Message received on topic: type-2/16 with payload size: 91 at 2024-12-11 08:48:34.650772 sent 2024-12-11 08:48:34.607860
INFO:Message received on topic: type-2/16 with payload size: 91 at 2024-12-11 08:48:37.250094 sent 2024-12-11 08:48:37.217128
INFO:Message received on topic: type-2/16 with payload size: 91 at 2024-12-11 08:48:39.884240 sent 2024-12-11 08:48:39.828595
INFO:Message received on topic: type-2/16 with payload size: 91 at 2024-12-11 08:48:42.461852 sent 2024-12-11 08:48:42.434995
INFO:Message received on topic: type-2/16 with payload size: 91 at 2024-12-11 08:48:45.054148 sent 2024-12-11 08:48:45.041797
INFO:Message received on topic: type-2/16 with payload size: 91 at 2024-12-11 08:48:47.657284 sent 2024-12-11 08:48:47.648020
INFO:Message received on topic: type-2/16 with payload size: 91 at 2024-12-11 08:48:50.355412 sent 2024-12-11 08:48:50.258589
INFO:Message received on topic: type-2/16 with payload size: 91 at 2024-12-11 08:48:52.879271 sent 2024-12-11 08:48:52.870095
INFO:Message received on topic: type-2/16 with payload size: 91 at 2024-12-11 08:48:55.482116 sent 2024-12-11 08:48:55.475235
INFO:Message received on topic: type-2/16 with payload size: 91 at 2024-12-11 08:48:58.089666 sent 2024-12-11 08:48:58.081423
INFO:Message received on topic: type-2/16 with payload size: 91 at 2024-12-11 08:49:00.762309 sent 2024-12-11 08:49:00.696731
INFO:Message received on topic: type-2/16 with payload size: 91 at 2024-12-11 08:49:03.367468 sent 2024-12-11 08:49:03.305045
INFO:Message received on topic: type-2/16 with payload size: 91 at 2024-12-11 08:49:05.952621 sent 2024-12-11 08:49:05.902051
INFO:Message received on topic: type-2/16 with payload size: 91 at 2024-12-11 08:49:08.549209 sent 2024-12-11 08:49:08.488025
INFO:Message received on topic: type-2/16 with payload size: 91 at 2024-12-11 08:49:11.079752 sent 2024-12-11 08:49:11.076946
INFO:Message received on topic: type-2/16 with payload size: 91 at 2024-12-11 08:49:13.668652 sent 2024-12-11 08:49:13.660301
INFO:Message received on topic: type-2/16 with payload size: 91 at 2024-12-11 08:49:16.358992 sent 2024-12-11 08:49:16.267164
INFO:Message received on topic: type-2/16 with payload size: 91 at 2024-12-11 08:49:18.880217 sent 2024-12-11 08:49:18.871633
INFO:Message received on topic: type-2/16 with payload size: 91 at 2024-12-11 08:49:21.535426 sent 2024-12-11 08:49:21.475147
INFO:Message received on topic: type-2/16 with payload size: 91 at 2024-12-11 08:49:24.149397 sent 2024-12-11 08:49:24.086006
INFO:Message received on topic: type-2/16 with payload size: 91 at 2024-12-11 08:49:26.751607 sent 2024-12-11 08:49:26.692781
INFO:Message received on topic: type-2/16 with payload size: 91 at 2024-12-11 08:49:29.347830 sent 2024-12-11 08:49:29.303295
INFO:Message received on topic: type-2/16 with payload size: 91 at 2024-12-11 08:49:31.953274 sent 2024-12-11 08:49:31.914218
INFO:Message received on topic: type-2/16 with payload size: 91 at 2024-12-11 08:49:34.665410 sent 2024-12-11 08:49:34.525109
INFO:Message received on topic: type-2/16 with payload size: 91 at 2024-12-11 08:49:37.157168 sent 2024-12-11 08:49:37.131357
INFO:Message received on topic: type-2/16 with payload size: 91 at 2024-12-11 08:49:39.755242 sent 2024-12-11 08:49:39.739806
INFO:Message received on topic: type-2/16 with payload size: 91 at 2024-12-11 08:49:42.365302 sent 2024-12-11 08:49:42.349562
INFO:Message received on topic: type-2/16 with payload size: 91 at 2024-12-11 08:49:44.971447 sent 2024-12-11 08:49:44.958560
INFO:Message received on topic: type-2/16 with payload size: 91 at 2024-12-11 08:49:47.579480 sent 2024-12-11 08:49:47.564897
INFO:Message received on topic: type-2/16 with payload size: 91 at 2024-12-11 08:49:50.272813 sent 2024-12-11 08:49:50.173668
INFO:Message received on topic: type-2/16 with payload size: 91 at 2024-12-11 08:49:52.785167 sent 2024-12-11 08:49:52.781608
INFO:Message received on topic: type-2/16 with payload size: 91 at 2024-12-11 08:49:55.453679 sent 2024-12-11 08:49:55.385088
INFO:Message received on topic: type-2/16 with payload size: 91 at 2024-12-11 08:49:58.046639 sent 2024-12-11 08:49:57.992724
INFO:Message received on topic: type-2/16 with payload size: 91 at 2024-12-11 08:50:00.646019 sent 2024-12-11 08:50:00.601457
INFO:Message received on topic: type-2/16 with payload size: 91 at 2024-12-11 08:50:03.346764 sent 2024-12-11 08:50:03.218037
INFO:Message received on topic: type-2/16 with payload size: 91 at 2024-12-11 08:50:05.856694 sent 2024-12-11 08:50:05.822136
INFO:Message received on topic: type-2/16 with payload size: 91 at 2024-12-11 08:50:08.561605 sent 2024-12-11 08:50:08.428143
INFO:Message received on topic: type-2/16 with payload size: 91 at 2024-12-11 08:50:11.053308 sent 2024-12-11 08:50:11.034857
INFO:Message received on topic: type-2/16 with payload size: 91 at 2024-12-11 08:50:13.669115 sent 2024-12-11 08:50:13.642403
INFO:Message received on topic: type-2/16 with payload size: 91 at 2024-12-11 08:50:16.249836 sent 2024-12-11 08:50:16.246318
INFO:Message received on topic: type-2/16 with payload size: 91 at 2024-12-11 08:50:18.863141 sent 2024-12-11 08:50:18.853144
INFO:Message received on topic: type-2/16 with payload size: 91 at 2024-12-11 08:50:21.465147 sent 2024-12-11 08:50:21.459708
INFO:Message received on topic: type-2/16 with payload size: 91 at 2024-12-11 08:50:24.079620 sent 2024-12-11 08:50:24.072641
INFO:Message received on topic: type-2/16 with payload size: 91 at 2024-12-11 08:50:26.733682 sent 2024-12-11 08:50:26.682507
INFO:Message received on topic: type-2/16 with payload size: 91 at 2024-12-11 08:50:29.364861 sent 2024-12-11 08:50:29.293714
INFO:Message received on topic: type-2/16 with payload size: 91 at 2024-12-11 08:50:31.954826 sent 2024-12-11 08:50:31.900702
INFO:Message received on topic: type-2/16 with payload size: 91 at 2024-12-11 08:50:34.556809 sent 2024-12-11 08:50:34.509534
INFO:Message received on topic: type-2/16 with payload size: 91 at 2024-12-11 08:50:37.159734 sent 2024-12-11 08:50:37.115122
INFO:Message received on topic: type-2/16 with payload size: 91 at 2024-12-11 08:50:39.756896 sent 2024-12-11 08:50:39.722038
INFO:Message received on topic: type-2/16 with payload size: 91 at 2024-12-11 08:50:42.365288 sent 2024-12-11 08:50:42.321905
INFO:Message received on topic: type-2/16 with payload size: 91 at 2024-12-11 08:50:44.957668 sent 2024-12-11 08:50:44.926214
INFO:Message received on topic: type-2/16 with payload size: 91 at 2024-12-11 08:50:47.557284 sent 2024-12-11 08:50:47.531354
INFO:Message received on topic: type-2/16 with payload size: 91 at 2024-12-11 08:50:50.164356 sent 2024-12-11 08:50:50.145265
INFO:Message received on topic: type-2/16 with payload size: 91 at 2024-12-11 08:50:52.767027 sent 2024-12-11 08:50:52.753917
INFO:Message received on topic: type-2/16 with payload size: 91 at 2024-12-11 08:50:55.364267 sent 2024-12-11 08:50:55.359310
INFO:Message received on topic: type-2/16 with payload size: 91 at 2024-12-11 08:50:57.976289 sent 2024-12-11 08:50:57.965406
INFO:Message received on topic: type-2/16 with payload size: 91 at 2024-12-11 08:51:00.579550 sent 2024-12-11 08:51:00.575573
INFO:Message received on topic: type-2/16 with payload size: 91 at 2024-12-11 08:51:03.189264 sent 2024-12-11 08:51:03.182861
INFO:Message received on topic: type-2/16 with payload size: 91 at 2024-12-11 08:51:05.849424 sent 2024-12-11 08:51:05.790601
INFO:Message received on topic: type-2/16 with payload size: 91 at 2024-12-11 08:51:08.453942 sent 2024-12-11 08:51:08.396984
INFO:Message received on topic: type-2/16 with payload size: 91 at 2024-12-11 08:51:11.061454 sent 2024-12-11 08:51:11.006400
INFO:Message received on topic: type-2/16 with payload size: 91 at 2024-12-11 08:51:13.662140 sent 2024-12-11 08:51:13.613642
INFO:Message received on topic: type-2/16 with payload size: 91 at 2024-12-11 08:51:16.266687 sent 2024-12-11 08:51:16.219961
INFO:Message received on topic: type-2/16 with payload size: 91 at 2024-12-11 08:51:18.862735 sent 2024-12-11 08:51:18.826656
INFO:Message received on topic: type-2/16 with payload size: 91 at 2024-12-11 08:51:21.486558 sent 2024-12-11 08:51:21.431630
INFO:Message received on topic: type-2/16 with payload size: 91 at 2024-12-11 08:51:24.150831 sent 2024-12-11 08:51:24.043180
INFO:Message received on topic: type-2/16 with payload size: 91 at 2024-12-11 08:51:26.658156 sent 2024-12-11 08:51:26.646532
INFO:Message received on topic: type-2/16 with payload size: 91 at 2024-12-11 08:51:29.266309 sent 2024-12-11 08:51:29.256438
INFO:Message received on topic: type-2/16 with payload size: 91 at 2024-12-11 08:51:31.874004 sent 2024-12-11 08:51:31.862271
INFO:Message received on topic: type-2/16 with payload size: 91 at 2024-12-11 08:51:34.473450 sent 2024-12-11 08:51:34.467746
INFO:Message received on topic: type-2/16 with payload size: 91 at 2024-12-11 08:51:37.080470 sent 2024-12-11 08:51:37.074597
INFO:Message received on topic: type-2/16 with payload size: 91 at 2024-12-11 08:51:39.686249 sent 2024-12-11 08:51:39.681126
INFO:Message received on topic: type-2/16 with payload size: 91 at 2024-12-11 08:51:42.369641 sent 2024-12-11 08:51:42.286486
INFO:Message received on topic: type-2/16 with payload size: 91 at 2024-12-11 08:51:44.959968 sent 2024-12-11 08:51:44.896660
INFO:Message received on topic: type-2/16 with payload size: 91 at 2024-12-11 08:51:47.558021 sent 2024-12-11 08:51:47.507175
INFO:Message received on topic: type-2/16 with payload size: 91 at 2024-12-11 08:51:50.149131 sent 2024-12-11 08:51:50.114298
INFO:Message received on topic: type-2/16 with payload size: 91 at 2024-12-11 08:51:52.756252 sent 2024-12-11 08:51:52.722076
INFO:Message received on topic: type-2/16 with payload size: 91 at 2024-12-11 08:51:55.389653 sent 2024-12-11 08:51:55.329152
INFO:Message received on topic: type-2/16 with payload size: 91 at 2024-12-11 08:51:57.984240 sent 2024-12-11 08:51:57.936807
INFO:Message received on topic: type-2/16 with payload size: 91 at 2024-12-11 08:52:00.557642 sent 2024-12-11 08:52:00.545240
INFO:Message received on topic: type-2/16 with payload size: 91 at 2024-12-11 08:52:03.246590 sent 2024-12-11 08:52:03.153071
INFO:Message received on topic: type-2/16 with payload size: 91 at 2024-12-11 08:52:05.767150 sent 2024-12-11 08:52:05.762318
INFO:Message received on topic: type-2/16 with payload size: 91 at 2024-12-11 08:52:08.457625 sent 2024-12-11 08:52:08.374893
INFO:Message received on topic: type-2/16 with payload size: 91 at 2024-12-11 08:52:11.033052 sent 2024-12-11 08:52:10.980939
INFO:Message received on topic: type-2/16 with payload size: 91 at 2024-12-11 08:52:13.591786 sent 2024-12-11 08:52:13.586485
INFO:Message received on topic: type-2/16 with payload size: 91 at 2024-12-11 08:52:16.255219 sent 2024-12-11 08:52:16.192884
INFO:Message received on topic: type-2/16 with payload size: 91 at 2024-12-11 08:52:18.858446 sent 2024-12-11 08:52:18.805315
INFO:Message received on topic: type-2/16 with payload size: 91 at 2024-12-11 08:52:21.457283 sent 2024-12-11 08:52:21.414022
INFO:Message received on topic: type-2/16 with payload size: 91 at 2024-12-11 08:52:24.080877 sent 2024-12-11 08:52:24.023217
INFO:Message received on topic: type-2/16 with payload size: 91 at 2024-12-11 08:52:26.658037 sent 2024-12-11 08:52:26.625278
INFO:Message received on topic: type-2/16 with payload size: 91 at 2024-12-11 08:52:29.249262 sent 2024-12-11 08:52:29.230601
INFO:Message received on topic: type-2/16 with payload size: 91 at 2024-12-11 08:52:31.866709 sent 2024-12-11 08:52:31.837124
INFO:Message received on topic: type-2/16 with payload size: 91 at 2024-12-11 08:52:34.458912 sent 2024-12-11 08:52:34.447380
INFO:Message received on topic: type-2/16 with payload size: 91 at 2024-12-11 08:52:37.065800 sent 2024-12-11 08:52:37.052981
INFO:Message received on topic: type-2/16 with payload size: 91 at 2024-12-11 08:52:39.672247 sent 2024-12-11 08:52:39.662974
INFO:Message received on topic: type-2/16 with payload size: 91 at 2024-12-11 08:52:42.279830 sent 2024-12-11 08:52:42.275072
INFO:Message received on topic: type-2/16 with payload size: 91 at 2024-12-11 08:52:44.955153 sent 2024-12-11 08:52:44.880222
INFO:Message received on topic: type-2/16 with payload size: 91 at 2024-12-11 08:52:47.556698 sent 2024-12-11 08:52:47.487419
INFO:Message received on topic: type-2/16 with payload size: 91 at 2024-12-11 08:52:50.147497 sent 2024-12-11 08:52:50.100411
INFO:Message received on topic: type-2/16 with payload size: 91 at 2024-12-11 08:52:52.751925 sent 2024-12-11 08:52:52.707928
INFO:Message received on topic: type-2/16 with payload size: 91 at 2024-12-11 08:52:55.374222 sent 2024-12-11 08:52:55.314911
INFO:Message received on topic: type-2/16 with payload size: 91 at 2024-12-11 08:52:57.982314 sent 2024-12-11 08:52:57.925426
INFO:Message received on topic: type-2/16 with payload size: 91 at 2024-12-11 08:53:00.552222 sent 2024-12-11 08:53:00.534580
INFO:Message received on topic: type-2/16 with payload size: 91 at 2024-12-11 08:53:03.154645 sent 2024-12-11 08:53:03.141454
INFO:Message received on topic: type-2/16 with payload size: 91 at 2024-12-11 08:53:05.754885 sent 2024-12-11 08:53:05.745204
INFO:Message received on topic: type-2/16 with payload size: 91 at 2024-12-11 08:53:08.358499 sent 2024-12-11 08:53:08.354079
INFO:Message received on topic: type-2/16 with payload size: 91 at 2024-12-11 08:53:10.966265 sent 2024-12-11 08:53:10.960942
INFO:Message received on topic: type-2/16 with payload size: 91 at 2024-12-11 08:53:13.575569 sent 2024-12-11 08:53:13.568713
INFO:Message received on topic: type-2/16 with payload size: 91 at 2024-12-11 08:53:16.248085 sent 2024-12-11 08:53:16.177309
INFO:Message received on topic: type-2/16 with payload size: 91 at 2024-12-11 08:53:18.834490 sent 2024-12-11 08:53:18.779614
INFO:Message received on topic: type-2/16 with payload size: 91 at 2024-12-11 08:53:21.446693 sent 2024-12-11 08:53:21.387479
INFO:Message received on topic: type-2/16 with payload size: 91 at 2024-12-11 08:53:24.052475 sent 2024-12-11 08:53:23.991109
INFO:Message received on topic: type-2/16 with payload size: 91 at 2024-12-11 08:53:26.657038 sent 2024-12-11 08:53:26.594928
INFO:Message received on topic: type-2/16 with payload size: 91 at 2024-12-11 08:53:29.252234 sent 2024-12-11 08:53:29.202029
INFO:Message received on topic: type-2/16 with payload size: 91 at 2024-12-11 08:53:31.862974 sent 2024-12-11 08:53:31.808511
INFO:Message received on topic: type-2/16 with payload size: 91 at 2024-12-11 08:53:34.473411 sent 2024-12-11 08:53:34.418515
INFO:Message received on topic: type-2/16 with payload size: 91 at 2024-12-11 08:53:37.083028 sent 2024-12-11 08:53:37.026653
INFO:Message received on topic: type-2/16 with payload size: 91 at 2024-12-11 08:53:39.650412 sent 2024-12-11 08:53:39.632667
INFO:Message received on topic: type-2/16 with payload size: 91 at 2024-12-11 08:53:42.255930 sent 2024-12-11 08:53:42.237633
INFO:Message received on topic: type-2/16 with payload size: 91 at 2024-12-11 08:53:44.857262 sent 2024-12-11 08:53:44.847600
INFO:Message received on topic: type-2/16 with payload size: 91 at 2024-12-11 08:53:47.458775 sent 2024-12-11 08:53:47.449782
INFO:Message received on topic: type-2/16 with payload size: 91 at 2024-12-11 08:53:50.077447 sent 2024-12-11 08:53:50.060563
INFO:Message received on topic: type-2/16 with payload size: 91 at 2024-12-11 08:53:52.675851 sent 2024-12-11 08:53:52.665724
INFO:Message received on topic: type-2/16 with payload size: 91 at 2024-12-11 08:53:55.373052 sent 2024-12-11 08:53:55.271220
INFO:Message received on topic: type-2/16 with payload size: 91 at 2024-12-11 08:53:57.885456 sent 2024-12-11 08:53:57.882412
INFO:Message received on topic: type-2/16 with payload size: 91 at 2024-12-11 08:54:00.557049 sent 2024-12-11 08:54:00.492204
INFO:Message received on topic: type-2/16 with payload size: 91 at 2024-12-11 08:54:03.154992 sent 2024-12-11 08:54:03.107588
INFO:Message received on topic: type-2/16 with payload size: 91 at 2024-12-11 08:54:05.753174 sent 2024-12-11 08:54:05.720464
INFO:Message received on topic: type-2/16 with payload size: 91 at 2024-12-11 08:54:08.369180 sent 2024-12-11 08:54:08.328616
INFO:Message received on topic: type-2/16 with payload size: 91 at 2024-12-11 08:54:10.961834 sent 2024-12-11 08:54:10.938118
INFO:Message received on topic: type-2/16 with payload size: 91 at 2024-12-11 08:54:13.554904 sent 2024-12-11 08:54:13.545929
INFO:Message received on topic: type-2/16 with payload size: 91 at 2024-12-11 08:54:16.161861 sent 2024-12-11 08:54:16.151759
INFO:Message received on topic: type-2/16 with payload size: 91 at 2024-12-11 08:54:18.759649 sent 2024-12-11 08:54:18.754485
INFO:Message received on topic: type-2/16 with payload size: 91 at 2024-12-11 08:54:21.375946 sent 2024-12-11 08:54:21.363273
INFO:Message received on topic: type-2/16 with payload size: 91 at 2024-12-11 08:54:24.033987 sent 2024-12-11 08:54:23.969461
INFO:Message received on topic: type-2/16 with payload size: 91 at 2024-12-11 08:54:26.589583 sent 2024-12-11 08:54:26.575588
INFO:Message received on topic: type-2/16 with payload size: 91 at 2024-12-11 08:54:29.264096 sent 2024-12-11 08:54:29.183146
INFO:Message received on topic: type-2/16 with payload size: 91 at 2024-12-11 08:54:31.854854 sent 2024-12-11 08:54:31.791968
INFO:Message received on topic: type-2/16 with payload size: 91 at 2024-12-11 08:54:34.472793 sent 2024-12-11 08:54:34.400486
INFO:Message received on topic: type-2/16 with payload size: 91 at 2024-12-11 08:54:37.055320 sent 2024-12-11 08:54:37.005341
INFO:Message received on topic: type-2/16 with payload size: 91 at 2024-12-11 08:54:39.650709 sent 2024-12-11 08:54:39.612911
INFO:Message received on topic: type-2/16 with payload size: 91 at 2024-12-11 08:54:42.246357 sent 2024-12-11 08:54:42.219929
INFO:Message received on topic: type-2/16 with payload size: 91 at 2024-12-11 08:54:44.953418 sent 2024-12-11 08:54:44.827847
INFO:Message received on topic: type-2/16 with payload size: 91 at 2024-12-11 08:54:47.468873 sent 2024-12-11 08:54:47.430514
INFO:Message received on topic: type-2/16 with payload size: 91 at 2024-12-11 08:54:50.058646 sent 2024-12-11 08:54:50.036950
INFO:Message received on topic: type-2/16 with payload size: 91 at 2024-12-11 08:54:52.655454 sent 2024-12-11 08:54:52.644621
INFO:Message received on topic: type-2/16 with payload size: 91 at 2024-12-11 08:54:55.265110 sent 2024-12-11 08:54:55.249589
INFO:Message received on topic: type-2/16 with payload size: 91 at 2024-12-11 08:54:57.865377 sent 2024-12-11 08:54:57.862215
INFO:Message received on topic: type-2/16 with payload size: 91 at 2024-12-11 08:55:00.480118 sent 2024-12-11 08:55:00.471182
INFO:Message received on topic: type-2/16 with payload size: 91 at 2024-12-11 08:55:03.149315 sent 2024-12-11 08:55:03.078608
INFO:Message received on topic: type-2/16 with payload size: 91 at 2024-12-11 08:55:05.741866 sent 2024-12-11 08:55:05.688759
INFO:Message received on topic: type-2/16 with payload size: 91 at 2024-12-11 08:55:08.356650 sent 2024-12-11 08:55:08.292390
INFO:Message received on topic: type-2/16 with payload size: 91 at 2024-12-11 08:55:10.945281 sent 2024-12-11 08:55:10.903302
INFO:Message received on topic: type-2/16 with payload size: 91 at 2024-12-11 08:55:13.554366 sent 2024-12-11 08:55:13.507958
INFO:Message received on topic: type-2/16 with payload size: 91 at 2024-12-11 08:55:16.152218 sent 2024-12-11 08:55:16.110655
INFO:Message received on topic: type-2/16 with payload size: 91 at 2024-12-11 08:55:18.745929 sent 2024-12-11 08:55:18.715292
INFO:Message received on topic: type-2/16 with payload size: 91 at 2024-12-11 08:55:21.339140 sent 2024-12-11 08:55:21.318280
INFO:Message received on topic: type-2/16 with payload size: 91 at 2024-12-11 08:55:23.968246 sent 2024-12-11 08:55:23.920382
INFO:Message received on topic: type-2/16 with payload size: 91 at 2024-12-11 08:55:26.577877 sent 2024-12-11 08:55:26.521869
INFO:Message received on topic: type-2/16 with payload size: 91 at 2024-12-11 08:55:29.241496 sent 2024-12-11 08:55:29.124518
INFO:Message received on topic: type-2/16 with payload size: 91 at 2024-12-11 08:55:31.753699 sent 2024-12-11 08:55:31.733725
INFO:Message received on topic: type-2/16 with payload size: 91 at 2024-12-11 08:55:34.351501 sent 2024-12-11 08:55:34.338563
INFO:Message received on topic: type-2/16 with payload size: 91 at 2024-12-11 08:55:36.953854 sent 2024-12-11 08:55:36.940750
INFO:Message received on topic: type-2/16 with payload size: 91 at 2024-12-11 08:55:39.547390 sent 2024-12-11 08:55:39.539923
INFO:Message received on topic: type-2/16 with payload size: 91 at 2024-12-11 08:55:42.147017 sent 2024-12-11 08:55:42.143618
INFO:Message received on topic: type-2/16 with payload size: 91 at 2024-12-11 08:55:44.754028 sent 2024-12-11 08:55:44.748271
INFO:Message received on topic: type-2/16 with payload size: 91 at 2024-12-11 08:55:47.360116 sent 2024-12-11 08:55:47.348393
