INFO:Starting Version 1.0.5
DEBUG:Using selector: EpollSelector
INFO:Connecting to cluster at: mqtt-quic://emqx-headless.dtwins:14567 using QUIC
INFO:Subscribed to topic: type-2/19
INFO:Logging each: 50
INFO:Unhandled packet type received
INFO:Message received on topic: type-2/19 with payload size: 91 at 2024-12-11 08:47:29.247887 sent 2024-12-11 08:47:29.228175
INFO:Message received on topic: type-2/19 with payload size: 91 at 2024-12-11 08:47:31.861410 sent 2024-12-11 08:47:31.830033
INFO:Message received on topic: type-2/19 with payload size: 91 at 2024-12-11 08:47:34.484707 sent 2024-12-11 08:47:34.430699
INFO:Message received on topic: type-2/19 with payload size: 91 at 2024-12-11 08:47:37.054025 sent 2024-12-11 08:47:37.031044
INFO:Message received on topic: type-2/19 with payload size: 91 at 2024-12-11 08:47:39.651374 sent 2024-12-11 08:47:39.634262
INFO:Message received on topic: type-2/19 with payload size: 91 at 2024-12-11 08:47:42.266950 sent 2024-12-11 08:47:42.238146
INFO:Message received on topic: type-2/19 with payload size: 91 at 2024-12-11 08:47:44.849525 sent 2024-12-11 08:47:44.839450
INFO:Message received on topic: type-2/19 with payload size: 91 at 2024-12-11 08:47:47.453889 sent 2024-12-11 08:47:47.444699
INFO:Message received on topic: type-2/19 with payload size: 91 at 2024-12-11 08:47:50.051836 sent 2024-12-11 08:47:50.046499
INFO:Message received on topic: type-2/19 with payload size: 91 at 2024-12-11 08:47:52.656553 sent 2024-12-11 08:47:52.646645
INFO:Message received on topic: type-2/19 with payload size: 91 at 2024-12-11 08:47:55.257898 sent 2024-12-11 08:47:55.247676
INFO:Message received on topic: type-2/19 with payload size: 91 at 2024-12-11 08:47:57.866920 sent 2024-12-11 08:47:57.854293
INFO:Message received on topic: type-2/19 with payload size: 91 at 2024-12-11 08:48:00.471726 sent 2024-12-11 08:48:00.459446
INFO:Message received on topic: type-2/19 with payload size: 91 at 2024-12-11 08:48:03.086100 sent 2024-12-11 08:48:03.072273
INFO:Message received on topic: type-2/19 with payload size: 91 at 2024-12-11 08:48:05.793129 sent 2024-12-11 08:48:05.680030
INFO:Message received on topic: type-2/19 with payload size: 91 at 2024-12-11 08:48:08.372416 sent 2024-12-11 08:48:08.288591
INFO:Message received on topic: type-2/19 with payload size: 91 at 2024-12-11 08:48:10.960808 sent 2024-12-11 08:48:10.894220
INFO:Message received on topic: type-2/19 with payload size: 91 at 2024-12-11 08:48:13.552424 sent 2024-12-11 08:48:13.498468
INFO:Message received on topic: type-2/19 with payload size: 91 at 2024-12-11 08:48:16.155438 sent 2024-12-11 08:48:16.112455
INFO:Message received on topic: type-2/19 with payload size: 91 at 2024-12-11 08:48:18.754739 sent 2024-12-11 08:48:18.715267
INFO:Message received on topic: type-2/19 with payload size: 91 at 2024-12-11 08:48:21.359521 sent 2024-12-11 08:48:21.320814
INFO:Message received on topic: type-2/19 with payload size: 91 at 2024-12-11 08:48:23.984506 sent 2024-12-11 08:48:23.928606
INFO:Message received on topic: type-2/19 with payload size: 91 at 2024-12-11 08:48:26.559281 sent 2024-12-11 08:48:26.535817
INFO:Message received on topic: type-2/19 with payload size: 91 at 2024-12-11 08:48:29.155269 sent 2024-12-11 08:48:29.142000
INFO:Message received on topic: type-2/19 with payload size: 91 at 2024-12-11 08:48:31.757998 sent 2024-12-11 08:48:31.748571
INFO:Message received on topic: type-2/19 with payload size: 91 at 2024-12-11 08:48:34.380203 sent 2024-12-11 08:48:34.354653
INFO:Message received on topic: type-2/19 with payload size: 91 at 2024-12-11 08:48:36.971422 sent 2024-12-11 08:48:36.962853
INFO:Message received on topic: type-2/19 with payload size: 91 at 2024-12-11 08:48:39.585972 sent 2024-12-11 08:48:39.573254
INFO:Message received on topic: type-2/19 with payload size: 91 at 2024-12-11 08:48:42.268959 sent 2024-12-11 08:48:42.183225
INFO:Message received on topic: type-2/19 with payload size: 91 at 2024-12-11 08:48:44.852308 sent 2024-12-11 08:48:44.790095
INFO:Message received on topic: type-2/19 with payload size: 91 at 2024-12-11 08:48:47.455709 sent 2024-12-11 08:48:47.393774
INFO:Message received on topic: type-2/19 with payload size: 91 at 2024-12-11 08:48:50.053128 sent 2024-12-11 08:48:50.002930
INFO:Message received on topic: type-2/19 with payload size: 91 at 2024-12-11 08:48:52.652525 sent 2024-12-11 08:48:52.608661
INFO:Message received on topic: type-2/19 with payload size: 91 at 2024-12-11 08:48:55.288004 sent 2024-12-11 08:48:55.212437
INFO:Message received on topic: type-2/19 with payload size: 91 at 2024-12-11 08:48:57.956973 sent 2024-12-11 08:48:57.825768
INFO:Message received on topic: type-2/19 with payload size: 91 at 2024-12-11 08:49:00.561192 sent 2024-12-11 08:49:00.435575
INFO:Message received on topic: type-2/19 with payload size: 91 at 2024-12-11 08:49:03.067098 sent 2024-12-11 08:49:03.039827
INFO:Message received on topic: type-2/19 with payload size: 91 at 2024-12-11 08:49:05.651437 sent 2024-12-11 08:49:05.632297
INFO:Message received on topic: type-2/19 with payload size: 91 at 2024-12-11 08:49:08.254824 sent 2024-12-11 08:49:08.218306
INFO:Message received on topic: type-2/19 with payload size: 91 at 2024-12-11 08:49:10.855493 sent 2024-12-11 08:49:10.807305
INFO:Message received on topic: type-2/19 with payload size: 91 at 2024-12-11 08:49:13.453274 sent 2024-12-11 08:49:13.391494
INFO:Message received on topic: type-2/19 with payload size: 91 at 2024-12-11 08:49:16.052828 sent 2024-12-11 08:49:15.996492
INFO:Message received on topic: type-2/19 with payload size: 91 at 2024-12-11 08:49:18.653289 sent 2024-12-11 08:49:18.600784
INFO:Message received on topic: type-2/19 with payload size: 91 at 2024-12-11 08:49:21.264868 sent 2024-12-11 08:49:21.211995
INFO:Message received on topic: type-2/19 with payload size: 91 at 2024-12-11 08:49:23.858588 sent 2024-12-11 08:49:23.824284
INFO:Message received on topic: type-2/19 with payload size: 91 at 2024-12-11 08:49:26.471290 sent 2024-12-11 08:49:26.434244
INFO:Message received on topic: type-2/19 with payload size: 91 at 2024-12-11 08:49:29.058403 sent 2024-12-11 08:49:29.044794
INFO:Message received on topic: type-2/19 with payload size: 91 at 2024-12-11 08:49:31.660480 sent 2024-12-11 08:49:31.656745
INFO:Message received on topic: type-2/19 with payload size: 91 at 2024-12-11 08:49:34.271978 sent 2024-12-11 08:49:34.262550
INFO:Message received on topic: type-2/19 with payload size: 91 at 2024-12-11 08:49:36.876576 sent 2024-12-11 08:49:36.872833
INFO:Message received on topic: type-2/19 with payload size: 91 at 2024-12-11 08:49:39.539975 sent 2024-12-11 08:49:39.482188
INFO:Message received on topic: type-2/19 with payload size: 91 at 2024-12-11 08:49:42.158940 sent 2024-12-11 08:49:42.091523
INFO:Message received on topic: type-2/19 with payload size: 91 at 2024-12-11 08:49:44.752534 sent 2024-12-11 08:49:44.705673
INFO:Message received on topic: type-2/19 with payload size: 91 at 2024-12-11 08:49:47.357192 sent 2024-12-11 08:49:47.315968
INFO:Message received on topic: type-2/19 with payload size: 91 at 2024-12-11 08:49:49.987124 sent 2024-12-11 08:49:49.922802
INFO:Message received on topic: type-2/19 with payload size: 91 at 2024-12-11 08:49:52.552699 sent 2024-12-11 08:49:52.530400
INFO:Message received on topic: type-2/19 with payload size: 91 at 2024-12-11 08:49:55.163132 sent 2024-12-11 08:49:55.134965
INFO:Message received on topic: type-2/19 with payload size: 91 at 2024-12-11 08:49:57.753261 sent 2024-12-11 08:49:57.741188
INFO:Message received on topic: type-2/19 with payload size: 91 at 2024-12-11 08:50:00.372079 sent 2024-12-11 08:50:00.348891
INFO:Message received on topic: type-2/19 with payload size: 91 at 2024-12-11 08:50:02.966605 sent 2024-12-11 08:50:02.955466
INFO:Message received on topic: type-2/19 with payload size: 91 at 2024-12-11 08:50:05.580569 sent 2024-12-11 08:50:05.563990
INFO:Message received on topic: type-2/19 with payload size: 91 at 2024-12-11 08:50:08.233518 sent 2024-12-11 08:50:08.173175
INFO:Message received on topic: type-2/19 with payload size: 91 at 2024-12-11 08:50:10.833171 sent 2024-12-11 08:50:10.778610
INFO:Message received on topic: type-2/19 with payload size: 91 at 2024-12-11 08:50:13.450884 sent 2024-12-11 08:50:13.386636
INFO:Message received on topic: type-2/19 with payload size: 91 at 2024-12-11 08:50:16.046821 sent 2024-12-11 08:50:15.988522
INFO:Message received on topic: type-2/19 with payload size: 91 at 2024-12-11 08:50:18.657509 sent 2024-12-11 08:50:18.595295
INFO:Message received on topic: type-2/19 with payload size: 91 at 2024-12-11 08:50:21.245542 sent 2024-12-11 08:50:21.208125
INFO:Message received on topic: type-2/19 with payload size: 91 at 2024-12-11 08:50:23.869248 sent 2024-12-11 08:50:23.814832
INFO:Message received on topic: type-2/19 with payload size: 91 at 2024-12-11 08:50:26.481758 sent 2024-12-11 08:50:26.424266
INFO:Message received on topic: type-2/19 with payload size: 91 at 2024-12-11 08:50:29.058227 sent 2024-12-11 08:50:29.039763
INFO:Message received on topic: type-2/19 with payload size: 91 at 2024-12-11 08:50:31.662129 sent 2024-12-11 08:50:31.653493
INFO:Message received on topic: type-2/19 with payload size: 91 at 2024-12-11 08:50:34.274767 sent 2024-12-11 08:50:34.265453
INFO:Message received on topic: type-2/19 with payload size: 91 at 2024-12-11 08:50:36.880124 sent 2024-12-11 08:50:36.870086
INFO:Message received on topic: type-2/19 with payload size: 91 at 2024-12-11 08:50:39.487011 sent 2024-12-11 08:50:39.475502
INFO:Message received on topic: type-2/19 with payload size: 91 at 2024-12-11 08:50:42.084054 sent 2024-12-11 08:50:42.073974
INFO:Message received on topic: type-2/19 with payload size: 91 at 2024-12-11 08:50:44.761717 sent 2024-12-11 08:50:44.682445
INFO:Message received on topic: type-2/19 with payload size: 91 at 2024-12-11 08:50:47.352161 sent 2024-12-11 08:50:47.290938
INFO:Message received on topic: type-2/19 with payload size: 91 at 2024-12-11 08:50:49.958042 sent 2024-12-11 08:50:49.900873
INFO:Message received on topic: type-2/19 with payload size: 91 at 2024-12-11 08:50:52.567466 sent 2024-12-11 08:50:52.509582
INFO:Message received on topic: type-2/19 with payload size: 91 at 2024-12-11 08:50:55.150510 sent 2024-12-11 08:50:55.113767
INFO:Message received on topic: type-2/19 with payload size: 91 at 2024-12-11 08:50:57.760000 sent 2024-12-11 08:50:57.717106
INFO:Message received on topic: type-2/19 with payload size: 91 at 2024-12-11 08:51:00.463603 sent 2024-12-11 08:51:00.329682
INFO:Message received on topic: type-2/19 with payload size: 91 at 2024-12-11 08:51:02.955440 sent 2024-12-11 08:51:02.938291
INFO:Message received on topic: type-2/19 with payload size: 91 at 2024-12-11 08:51:05.559835 sent 2024-12-11 08:51:05.550880
INFO:Message received on topic: type-2/19 with payload size: 91 at 2024-12-11 08:51:08.164910 sent 2024-12-11 08:51:08.159681
INFO:Message received on topic: type-2/19 with payload size: 91 at 2024-12-11 08:51:10.774996 sent 2024-12-11 08:51:10.767120
INFO:Message received on topic: type-2/19 with payload size: 91 at 2024-12-11 08:51:13.382406 sent 2024-12-11 08:51:13.375235
INFO:Message received on topic: type-2/19 with payload size: 91 at 2024-12-11 08:51:15.986298 sent 2024-12-11 08:51:15.979644
INFO:Message received on topic: type-2/19 with payload size: 91 at 2024-12-11 08:51:18.594242 sent 2024-12-11 08:51:18.586934
INFO:Message received on topic: type-2/19 with payload size: 91 at 2024-12-11 08:51:21.257698 sent 2024-12-11 08:51:21.195557
INFO:Message received on topic: type-2/19 with payload size: 91 at 2024-12-11 08:51:23.858435 sent 2024-12-11 08:51:23.804218
INFO:Message received on topic: type-2/19 with payload size: 91 at 2024-12-11 08:51:26.463687 sent 2024-12-11 08:51:26.410669
INFO:Message received on topic: type-2/19 with payload size: 91 at 2024-12-11 08:51:29.053294 sent 2024-12-11 08:51:29.016030
INFO:Message received on topic: type-2/19 with payload size: 91 at 2024-12-11 08:51:31.658504 sent 2024-12-11 08:51:31.623778
INFO:Message received on topic: type-2/19 with payload size: 91 at 2024-12-11 08:51:34.351314 sent 2024-12-11 08:51:34.232883
INFO:Message received on topic: type-2/19 with payload size: 91 at 2024-12-11 08:51:36.884610 sent 2024-12-11 08:51:36.837907
INFO:Message received on topic: type-2/19 with payload size: 91 at 2024-12-11 08:51:39.559217 sent 2024-12-11 08:51:39.442952
INFO:Message received on topic: type-2/19 with payload size: 91 at 2024-12-11 08:51:42.063913 sent 2024-12-11 08:51:42.052709
INFO:Message received on topic: type-2/19 with payload size: 91 at 2024-12-11 08:51:44.674654 sent 2024-12-11 08:51:44.658007
INFO:Message received on topic: type-2/19 with payload size: 91 at 2024-12-11 08:51:47.273034 sent 2024-12-11 08:51:47.267037
INFO:Message received on topic: type-2/19 with payload size: 91 at 2024-12-11 08:51:49.881968 sent 2024-12-11 08:51:49.878011
INFO:Message received on topic: type-2/19 with payload size: 91 at 2024-12-11 08:51:52.490241 sent 2024-12-11 08:51:52.484888
INFO:Message received on topic: type-2/19 with payload size: 91 at 2024-12-11 08:51:55.152009 sent 2024-12-11 08:51:55.092175
INFO:Message received on topic: type-2/19 with payload size: 91 at 2024-12-11 08:51:57.759471 sent 2024-12-11 08:51:57.700953
INFO:Message received on topic: type-2/19 with payload size: 91 at 2024-12-11 08:52:00.358037 sent 2024-12-11 08:52:00.309624
INFO:Message received on topic: type-2/19 with payload size: 91 at 2024-12-11 08:52:02.973872 sent 2024-12-11 08:52:02.914812
INFO:Message received on topic: type-2/19 with payload size: 91 at 2024-12-11 08:52:05.580188 sent 2024-12-11 08:52:05.520443
INFO:Message received on topic: type-2/19 with payload size: 91 at 2024-12-11 08:52:08.184809 sent 2024-12-11 08:52:08.129257
INFO:Message received on topic: type-2/19 with payload size: 91 at 2024-12-11 08:52:10.773588 sent 2024-12-11 08:52:10.736756
INFO:Message received on topic: type-2/19 with payload size: 91 at 2024-12-11 08:52:13.365982 sent 2024-12-11 08:52:13.348402
INFO:Message received on topic: type-2/19 with payload size: 91 at 2024-12-11 08:52:15.971245 sent 2024-12-11 08:52:15.958663
INFO:Message received on topic: type-2/19 with payload size: 91 at 2024-12-11 08:52:18.582139 sent 2024-12-11 08:52:18.567556
INFO:Message received on topic: type-2/19 with payload size: 91 at 2024-12-11 08:52:21.181192 sent 2024-12-11 08:52:21.175423
INFO:Message received on topic: type-2/19 with payload size: 91 at 2024-12-11 08:52:23.850226 sent 2024-12-11 08:52:23.786611
INFO:Message received on topic: type-2/19 with payload size: 91 at 2024-12-11 08:52:26.448566 sent 2024-12-11 08:52:26.390610
INFO:Message received on topic: type-2/19 with payload size: 91 at 2024-12-11 08:52:29.061063 sent 2024-12-11 08:52:28.999926
INFO:Message received on topic: type-2/19 with payload size: 91 at 2024-12-11 08:52:31.651209 sent 2024-12-11 08:52:31.607526
INFO:Message received on topic: type-2/19 with payload size: 91 at 2024-12-11 08:52:34.256623 sent 2024-12-11 08:52:34.213813
INFO:Message received on topic: type-2/19 with payload size: 91 at 2024-12-11 08:52:36.859821 sent 2024-12-11 08:52:36.816269
INFO:Message received on topic: type-2/19 with payload size: 91 at 2024-12-11 08:52:39.479492 sent 2024-12-11 08:52:39.423442
INFO:Message received on topic: type-2/19 with payload size: 91 at 2024-12-11 08:52:42.055614 sent 2024-12-11 08:52:42.036282
INFO:Message received on topic: type-2/19 with payload size: 91 at 2024-12-11 08:52:44.661838 sent 2024-12-11 08:52:44.641898
INFO:Message received on topic: type-2/19 with payload size: 91 at 2024-12-11 08:52:47.263735 sent 2024-12-11 08:52:47.247650
INFO:Message received on topic: type-2/19 with payload size: 91 at 2024-12-11 08:52:49.866228 sent 2024-12-11 08:52:49.855392
INFO:Message received on topic: type-2/19 with payload size: 91 at 2024-12-11 08:52:52.475063 sent 2024-12-11 08:52:52.471019
INFO:Message received on topic: type-2/19 with payload size: 91 at 2024-12-11 08:52:55.159388 sent 2024-12-11 08:52:55.077494
INFO:Message received on topic: type-2/19 with payload size: 91 at 2024-12-11 08:52:57.736571 sent 2024-12-11 08:52:57.683483
INFO:Message received on topic: type-2/19 with payload size: 91 at 2024-12-11 08:53:00.350949 sent 2024-12-11 08:53:00.295169
INFO:Message received on topic: type-2/19 with payload size: 91 at 2024-12-11 08:53:02.952769 sent 2024-12-11 08:53:02.909436
INFO:Message received on topic: type-2/19 with payload size: 91 at 2024-12-11 08:53:05.549732 sent 2024-12-11 08:53:05.516508
INFO:Message received on topic: type-2/19 with payload size: 91 at 2024-12-11 08:53:08.178870 sent 2024-12-11 08:53:08.123038
INFO:Message received on topic: type-2/19 with payload size: 91 at 2024-12-11 08:53:10.763341 sent 2024-12-11 08:53:10.731507
INFO:Message received on topic: type-2/19 with payload size: 91 at 2024-12-11 08:53:13.353574 sent 2024-12-11 08:53:13.338199
INFO:Message received on topic: type-2/19 with payload size: 91 at 2024-12-11 08:53:15.958525 sent 2024-12-11 08:53:15.945185
INFO:Message received on topic: type-2/19 with payload size: 91 at 2024-12-11 08:53:18.561658 sent 2024-12-11 08:53:18.550504
INFO:Message received on topic: type-2/19 with payload size: 91 at 2024-12-11 08:53:21.167773 sent 2024-12-11 08:53:21.156735
INFO:Message received on topic: type-2/19 with payload size: 91 at 2024-12-11 08:53:23.773661 sent 2024-12-11 08:53:23.766155
INFO:Message received on topic: type-2/19 with payload size: 91 at 2024-12-11 08:53:26.440104 sent 2024-12-11 08:53:26.371947
INFO:Message received on topic: type-2/19 with payload size: 91 at 2024-12-11 08:53:29.040857 sent 2024-12-11 08:53:28.980834
INFO:Message received on topic: type-2/19 with payload size: 91 at 2024-12-11 08:53:31.651700 sent 2024-12-11 08:53:31.590563
INFO:Message received on topic: type-2/19 with payload size: 91 at 2024-12-11 08:53:34.257021 sent 2024-12-11 08:53:34.193632
INFO:Message received on topic: type-2/19 with payload size: 91 at 2024-12-11 08:53:36.860744 sent 2024-12-11 08:53:36.797055
INFO:Message received on topic: type-2/19 with payload size: 91 at 2024-12-11 08:53:39.438368 sent 2024-12-11 08:53:39.405287
INFO:Message received on topic: type-2/19 with payload size: 91 at 2024-12-11 08:53:42.058951 sent 2024-12-11 08:53:42.013285
INFO:Message received on topic: type-2/19 with payload size: 91 at 2024-12-11 08:53:44.671993 sent 2024-12-11 08:53:44.621800
INFO:Message received on topic: type-2/19 with payload size: 91 at 2024-12-11 08:53:47.280070 sent 2024-12-11 08:53:47.224295
INFO:Message received on topic: type-2/19 with payload size: 91 at 2024-12-11 08:53:49.850775 sent 2024-12-11 08:53:49.833921
INFO:Message received on topic: type-2/19 with payload size: 91 at 2024-12-11 08:53:52.455135 sent 2024-12-11 08:53:52.442456
INFO:Message received on topic: type-2/19 with payload size: 91 at 2024-12-11 08:53:55.057185 sent 2024-12-11 08:53:55.053256
INFO:Message received on topic: type-2/19 with payload size: 91 at 2024-12-11 08:53:57.671024 sent 2024-12-11 08:53:57.660167
INFO:Message received on topic: type-2/19 with payload size: 91 at 2024-12-11 08:54:00.276624 sent 2024-12-11 08:54:00.266082
INFO:Message received on topic: type-2/19 with payload size: 91 at 2024-12-11 08:54:02.887229 sent 2024-12-11 08:54:02.877044
INFO:Message received on topic: type-2/19 with payload size: 91 at 2024-12-11 08:54:05.486888 sent 2024-12-11 08:54:05.480892
INFO:Message received on topic: type-2/19 with payload size: 91 at 2024-12-11 08:54:08.158422 sent 2024-12-11 08:54:08.085615
INFO:Message received on topic: type-2/19 with payload size: 91 at 2024-12-11 08:54:10.748465 sent 2024-12-11 08:54:10.693525
INFO:Message received on topic: type-2/19 with payload size: 91 at 2024-12-11 08:54:13.345814 sent 2024-12-11 08:54:13.302201
INFO:Message received on topic: type-2/19 with payload size: 91 at 2024-12-11 08:54:15.945177 sent 2024-12-11 08:54:15.908817
INFO:Message received on topic: type-2/19 with payload size: 91 at 2024-12-11 08:54:18.540711 sent 2024-12-11 08:54:18.515040
INFO:Message received on topic: type-2/19 with payload size: 91 at 2024-12-11 08:54:21.164790 sent 2024-12-11 08:54:21.120516
INFO:Message received on topic: type-2/19 with payload size: 91 at 2024-12-11 08:54:23.762536 sent 2024-12-11 08:54:23.731435
INFO:Message received on topic: type-2/19 with payload size: 91 at 2024-12-11 08:54:26.373468 sent 2024-12-11 08:54:26.340555
INFO:Message received on topic: type-2/19 with payload size: 91 at 2024-12-11 08:54:28.971085 sent 2024-12-11 08:54:28.947366
INFO:Message received on topic: type-2/19 with payload size: 91 at 2024-12-11 08:54:31.568084 sent 2024-12-11 08:54:31.557423
INFO:Message received on topic: type-2/19 with payload size: 91 at 2024-12-11 08:54:34.189544 sent 2024-12-11 08:54:34.166439
INFO:Message received on topic: type-2/19 with payload size: 91 at 2024-12-11 08:54:36.785215 sent 2024-12-11 08:54:36.774015
INFO:Message received on topic: type-2/19 with payload size: 91 at 2024-12-11 08:54:39.438320 sent 2024-12-11 08:54:39.381612
INFO:Message received on topic: type-2/19 with payload size: 91 at 2024-12-11 08:54:42.049454 sent 2024-12-11 08:54:41.990503
INFO:Message received on topic: type-2/19 with payload size: 91 at 2024-12-11 08:54:44.659739 sent 2024-12-11 08:54:44.595599
INFO:Message received on topic: type-2/19 with payload size: 91 at 2024-12-11 08:54:47.248957 sent 2024-12-11 08:54:47.206182
INFO:Message received on topic: type-2/19 with payload size: 91 at 2024-12-11 08:54:49.838715 sent 2024-12-11 08:54:49.816677
INFO:Message received on topic: type-2/19 with payload size: 91 at 2024-12-11 08:54:52.553731 sent 2024-12-11 08:54:52.423700
INFO:Message received on topic: type-2/19 with payload size: 91 at 2024-12-11 08:54:55.153823 sent 2024-12-11 08:54:55.028242
INFO:Message received on topic: type-2/19 with payload size: 91 at 2024-12-11 08:54:57.655738 sent 2024-12-11 08:54:57.636272
INFO:Message received on topic: type-2/19 with payload size: 91 at 2024-12-11 08:55:00.265369 sent 2024-12-11 08:55:00.246502
INFO:Message received on topic: type-2/19 with payload size: 91 at 2024-12-11 08:55:02.865799 sent 2024-12-11 08:55:02.855755
INFO:Message received on topic: type-2/19 with payload size: 91 at 2024-12-11 08:55:05.466262 sent 2024-12-11 08:55:05.459660
INFO:Message received on topic: type-2/19 with payload size: 91 at 2024-12-11 08:55:08.071452 sent 2024-12-11 08:55:08.063614
INFO:Message received on topic: type-2/19 with payload size: 91 at 2024-12-11 08:55:10.735215 sent 2024-12-11 08:55:10.669458
INFO:Message received on topic: type-2/19 with payload size: 91 at 2024-12-11 08:55:13.337812 sent 2024-12-11 08:55:13.276073
INFO:Message received on topic: type-2/19 with payload size: 91 at 2024-12-11 08:55:15.937538 sent 2024-12-11 08:55:15.884089
INFO:Message received on topic: type-2/19 with payload size: 91 at 2024-12-11 08:55:18.557592 sent 2024-12-11 08:55:18.487993
INFO:Message received on topic: type-2/19 with payload size: 91 at 2024-12-11 08:55:21.149192 sent 2024-12-11 08:55:21.091627
INFO:Message received on topic: type-2/19 with payload size: 91 at 2024-12-11 08:55:23.749461 sent 2024-12-11 08:55:23.697620
INFO:Message received on topic: type-2/19 with payload size: 91 at 2024-12-11 08:55:26.350779 sent 2024-12-11 08:55:26.304423
INFO:Message received on topic: type-2/19 with payload size: 91 at 2024-12-11 08:55:28.938235 sent 2024-12-11 08:55:28.908047
INFO:Message received on topic: type-2/19 with payload size: 91 at 2024-12-11 08:55:31.548703 sent 2024-12-11 08:55:31.511174
INFO:Message received on topic: type-2/19 with payload size: 91 at 2024-12-11 08:55:34.136601 sent 2024-12-11 08:55:34.113008
INFO:Message received on topic: type-2/19 with payload size: 91 at 2024-12-11 08:55:36.737614 sent 2024-12-11 08:55:36.714436
INFO:Message received on topic: type-2/19 with payload size: 91 at 2024-12-11 08:55:39.340035 sent 2024-12-11 08:55:39.315726
INFO:Message received on topic: type-2/19 with payload size: 91 at 2024-12-11 08:55:41.940175 sent 2024-12-11 08:55:41.916604
INFO:Message received on topic: type-2/19 with payload size: 91 at 2024-12-11 08:55:44.546382 sent 2024-12-11 08:55:44.518857
INFO:Message received on topic: type-2/19 with payload size: 91 at 2024-12-11 08:55:47.149707 sent 2024-12-11 08:55:47.117964
INFO:Message received on topic: type-2/19 with payload size: 91 at 2024-12-11 08:55:49.750954 sent 2024-12-11 08:55:49.718445
INFO:Message received on topic: type-2/19 with payload size: 91 at 2024-12-11 08:55:52.338727 sent 2024-12-11 08:55:52.321196
INFO:Message received on topic: type-2/19 with payload size: 91 at 2024-12-11 08:55:54.938642 sent 2024-12-11 08:55:54.926105
INFO:Message received on topic: type-2/19 with payload size: 91 at 2024-12-11 08:55:57.536405 sent 2024-12-11 08:55:57.517403
