INFO:Starting Version 1.0.5
DEBUG:Using selector: EpollSelector
INFO:Connecting to cluster at: mqtt-quic://emqx-headless.dtwins:14567 using QUIC
INFO:Subscribed to topic: type-2/4
INFO:Logging each: 50
INFO:Unhandled packet type received
INFO:Message received on topic: type-2/4 with payload size: 91 at 2024-12-11 08:46:37.221901 sent 2024-12-11 08:46:37.220192
INFO:Message received on topic: type-2/4 with payload size: 91 at 2024-12-11 08:46:39.824032 sent 2024-12-11 08:46:39.822506
INFO:Message received on topic: type-2/4 with payload size: 91 at 2024-12-11 08:46:42.427032 sent 2024-12-11 08:46:42.425870
INFO:Message received on topic: type-2/4 with payload size: 91 at 2024-12-11 08:46:45.024590 sent 2024-12-11 08:46:45.023115
INFO:Message received on topic: type-2/4 with payload size: 91 at 2024-12-11 08:46:47.629611 sent 2024-12-11 08:46:47.627894
INFO:Message received on topic: type-2/4 with payload size: 91 at 2024-12-11 08:46:50.231848 sent 2024-12-11 08:46:50.230245
INFO:Message received on topic: type-2/4 with payload size: 91 at 2024-12-11 08:46:52.832310 sent 2024-12-11 08:46:52.830434
INFO:Message received on topic: type-2/4 with payload size: 91 at 2024-12-11 08:46:55.430110 sent 2024-12-11 08:46:55.428530
INFO:Message received on topic: type-2/4 with payload size: 91 at 2024-12-11 08:46:58.032450 sent 2024-12-11 08:46:58.028790
INFO:Message received on topic: type-2/4 with payload size: 91 at 2024-12-11 08:47:00.649109 sent 2024-12-11 08:47:00.631155
INFO:Message received on topic: type-2/4 with payload size: 91 at 2024-12-11 08:47:03.236555 sent 2024-12-11 08:47:03.231889
INFO:Message received on topic: type-2/4 with payload size: 91 at 2024-12-11 08:47:05.836022 sent 2024-12-11 08:47:05.830713
INFO:Message received on topic: type-2/4 with payload size: 91 at 2024-12-11 08:47:08.437573 sent 2024-12-11 08:47:08.431444
INFO:Message received on topic: type-2/4 with payload size: 91 at 2024-12-11 08:47:11.052898 sent 2024-12-11 08:47:11.028646
INFO:Message received on topic: type-2/4 with payload size: 91 at 2024-12-11 08:47:13.648014 sent 2024-12-11 08:47:13.626073
INFO:Message received on topic: type-2/4 with payload size: 91 at 2024-12-11 08:47:16.234181 sent 2024-12-11 08:47:16.226087
INFO:Message received on topic: type-2/4 with payload size: 91 at 2024-12-11 08:47:18.850734 sent 2024-12-11 08:47:18.830131
INFO:Message received on topic: type-2/4 with payload size: 91 at 2024-12-11 08:47:21.453766 sent 2024-12-11 08:47:21.431574
INFO:Message received on topic: type-2/4 with payload size: 91 at 2024-12-11 08:47:24.055594 sent 2024-12-11 08:47:24.033056
INFO:Message received on topic: type-2/4 with payload size: 91 at 2024-12-11 08:47:26.691355 sent 2024-12-11 08:47:26.635534
INFO:Message received on topic: type-2/4 with payload size: 91 at 2024-12-11 08:47:29.252746 sent 2024-12-11 08:47:29.236663
INFO:Message received on topic: type-2/4 with payload size: 91 at 2024-12-11 08:47:31.891797 sent 2024-12-11 08:47:31.836619
INFO:Message received on topic: type-2/4 with payload size: 91 at 2024-12-11 08:47:34.491485 sent 2024-12-11 08:47:34.436441
INFO:Message received on topic: type-2/4 with payload size: 91 at 2024-12-11 08:47:37.060863 sent 2024-12-11 08:47:37.040805
INFO:Message received on topic: type-2/4 with payload size: 91 at 2024-12-11 08:47:39.650386 sent 2024-12-11 08:47:39.645303
INFO:Message received on topic: type-2/4 with payload size: 91 at 2024-12-11 08:47:42.271922 sent 2024-12-11 08:47:42.249872
INFO:Message received on topic: type-2/4 with payload size: 91 at 2024-12-11 08:47:44.855902 sent 2024-12-11 08:47:44.847684
INFO:Message received on topic: type-2/4 with payload size: 91 at 2024-12-11 08:47:47.461351 sent 2024-12-11 08:47:47.452780
INFO:Message received on topic: type-2/4 with payload size: 91 at 2024-12-11 08:47:50.063959 sent 2024-12-11 08:47:50.053776
INFO:Message received on topic: type-2/4 with payload size: 91 at 2024-12-11 08:47:52.672245 sent 2024-12-11 08:47:52.659073
INFO:Message received on topic: type-2/4 with payload size: 91 at 2024-12-11 08:47:55.281733 sent 2024-12-11 08:47:55.261766
INFO:Message received on topic: type-2/4 with payload size: 91 at 2024-12-11 08:47:57.880606 sent 2024-12-11 08:47:57.872504
INFO:Message received on topic: type-2/4 with payload size: 91 at 2024-12-11 08:48:00.488083 sent 2024-12-11 08:48:00.478647
INFO:Message received on topic: type-2/4 with payload size: 91 at 2024-12-11 08:48:03.146922 sent 2024-12-11 08:48:03.084382
INFO:Message received on topic: type-2/4 with payload size: 91 at 2024-12-11 08:48:05.785512 sent 2024-12-11 08:48:05.688428
INFO:Message received on topic: type-2/4 with payload size: 91 at 2024-12-11 08:48:08.376243 sent 2024-12-11 08:48:08.299865
INFO:Message received on topic: type-2/4 with payload size: 91 at 2024-12-11 08:48:10.964072 sent 2024-12-11 08:48:10.913000
INFO:Message received on topic: type-2/4 with payload size: 91 at 2024-12-11 08:48:13.551990 sent 2024-12-11 08:48:13.524837
INFO:Message received on topic: type-2/4 with payload size: 91 at 2024-12-11 08:48:16.155547 sent 2024-12-11 08:48:16.131944
INFO:Message received on topic: type-2/4 with payload size: 91 at 2024-12-11 08:48:18.757757 sent 2024-12-11 08:48:18.736637
INFO:Message received on topic: type-2/4 with payload size: 91 at 2024-12-11 08:48:21.364248 sent 2024-12-11 08:48:21.345675
INFO:Message received on topic: type-2/4 with payload size: 91 at 2024-12-11 08:48:23.963470 sent 2024-12-11 08:48:23.954669
INFO:Message received on topic: type-2/4 with payload size: 91 at 2024-12-11 08:48:26.577306 sent 2024-12-11 08:48:26.559896
INFO:Message received on topic: type-2/4 with payload size: 91 at 2024-12-11 08:48:29.176775 sent 2024-12-11 08:48:29.166016
INFO:Message received on topic: type-2/4 with payload size: 91 at 2024-12-11 08:48:31.787120 sent 2024-12-11 08:48:31.782073
INFO:Message received on topic: type-2/4 with payload size: 91 at 2024-12-11 08:48:34.460077 sent 2024-12-11 08:48:34.388989
INFO:Message received on topic: type-2/4 with payload size: 91 at 2024-12-11 08:48:37.063611 sent 2024-12-11 08:48:36.993432
INFO:Message received on topic: type-2/4 with payload size: 91 at 2024-12-11 08:48:39.653772 sent 2024-12-11 08:48:39.600833
INFO:Message received on topic: type-2/4 with payload size: 91 at 2024-12-11 08:48:42.265905 sent 2024-12-11 08:48:42.209589
INFO:Message received on topic: type-2/4 with payload size: 91 at 2024-12-11 08:48:44.852643 sent 2024-12-11 08:48:44.814836
INFO:Message received on topic: type-2/4 with payload size: 91 at 2024-12-11 08:48:47.458524 sent 2024-12-11 08:48:47.418034
INFO:Message received on topic: type-2/4 with payload size: 91 at 2024-12-11 08:48:50.080618 sent 2024-12-11 08:48:50.025927
INFO:Message received on topic: type-2/4 with payload size: 91 at 2024-12-11 08:48:52.663486 sent 2024-12-11 08:48:52.634246
INFO:Message received on topic: type-2/4 with payload size: 91 at 2024-12-11 08:48:55.268575 sent 2024-12-11 08:48:55.240549
INFO:Message received on topic: type-2/4 with payload size: 91 at 2024-12-11 08:48:57.859704 sent 2024-12-11 08:48:57.850520
INFO:Message received on topic: type-2/4 with payload size: 91 at 2024-12-11 08:49:00.463950 sent 2024-12-11 08:49:00.456102
INFO:Message received on topic: type-2/4 with payload size: 91 at 2024-12-11 08:49:03.087631 sent 2024-12-11 08:49:03.071639
INFO:Message received on topic: type-2/4 with payload size: 91 at 2024-12-11 08:49:05.747370 sent 2024-12-11 08:49:05.674040
INFO:Message received on topic: type-2/4 with payload size: 91 at 2024-12-11 08:49:08.271788 sent 2024-12-11 08:49:08.259969
INFO:Message received on topic: type-2/4 with payload size: 91 at 2024-12-11 08:49:10.862299 sent 2024-12-11 08:49:10.848429
INFO:Message received on topic: type-2/4 with payload size: 91 at 2024-12-11 08:49:13.454794 sent 2024-12-11 08:49:13.434544
INFO:Message received on topic: type-2/4 with payload size: 91 at 2024-12-11 08:49:16.057586 sent 2024-12-11 08:49:16.038600
INFO:Message received on topic: type-2/4 with payload size: 91 at 2024-12-11 08:49:18.656234 sent 2024-12-11 08:49:18.644184
INFO:Message received on topic: type-2/4 with payload size: 91 at 2024-12-11 08:49:21.267703 sent 2024-12-11 08:49:21.249655
INFO:Message received on topic: type-2/4 with payload size: 91 at 2024-12-11 08:49:23.877150 sent 2024-12-11 08:49:23.863064
INFO:Message received on topic: type-2/4 with payload size: 91 at 2024-12-11 08:49:26.567991 sent 2024-12-11 08:49:26.470951
INFO:Message received on topic: type-2/4 with payload size: 91 at 2024-12-11 08:49:29.083643 sent 2024-12-11 08:49:29.077065
INFO:Message received on topic: type-2/4 with payload size: 91 at 2024-12-11 08:49:31.751057 sent 2024-12-11 08:49:31.687213
INFO:Message received on topic: type-2/4 with payload size: 91 at 2024-12-11 08:49:34.358231 sent 2024-12-11 08:49:34.291592
INFO:Message received on topic: type-2/4 with payload size: 91 at 2024-12-11 08:49:36.956968 sent 2024-12-11 08:49:36.896447
INFO:Message received on topic: type-2/4 with payload size: 91 at 2024-12-11 08:49:39.540816 sent 2024-12-11 08:49:39.507636
INFO:Message received on topic: type-2/4 with payload size: 91 at 2024-12-11 08:49:42.158115 sent 2024-12-11 08:49:42.113444
INFO:Message received on topic: type-2/4 with payload size: 91 at 2024-12-11 08:49:44.833021 sent 2024-12-11 08:49:44.724351
INFO:Message received on topic: type-2/4 with payload size: 91 at 2024-12-11 08:49:47.357610 sent 2024-12-11 08:49:47.333688
INFO:Message received on topic: type-2/4 with payload size: 91 at 2024-12-11 08:49:49.965793 sent 2024-12-11 08:49:49.941623
INFO:Message received on topic: type-2/4 with payload size: 91 at 2024-12-11 08:49:52.560067 sent 2024-12-11 08:49:52.553054
INFO:Message received on topic: type-2/4 with payload size: 91 at 2024-12-11 08:49:55.171967 sent 2024-12-11 08:49:55.161621
INFO:Message received on topic: type-2/4 with payload size: 91 at 2024-12-11 08:49:57.774106 sent 2024-12-11 08:49:57.764618
INFO:Message received on topic: type-2/4 with payload size: 91 at 2024-12-11 08:50:00.383521 sent 2024-12-11 08:50:00.372440
INFO:Message received on topic: type-2/4 with payload size: 91 at 2024-12-11 08:50:03.051171 sent 2024-12-11 08:50:02.981120
INFO:Message received on topic: type-2/4 with payload size: 91 at 2024-12-11 08:50:05.653138 sent 2024-12-11 08:50:05.591717
INFO:Message received on topic: type-2/4 with payload size: 91 at 2024-12-11 08:50:08.247518 sent 2024-12-11 08:50:08.198541
INFO:Message received on topic: type-2/4 with payload size: 91 at 2024-12-11 08:50:10.855476 sent 2024-12-11 08:50:10.807847
INFO:Message received on topic: type-2/4 with payload size: 91 at 2024-12-11 08:50:13.455317 sent 2024-12-11 08:50:13.413151
INFO:Message received on topic: type-2/4 with payload size: 91 at 2024-12-11 08:50:16.073682 sent 2024-12-11 08:50:16.018533
INFO:Message received on topic: type-2/4 with payload size: 91 at 2024-12-11 08:50:18.651030 sent 2024-12-11 08:50:18.624566
INFO:Message received on topic: type-2/4 with payload size: 91 at 2024-12-11 08:50:21.253745 sent 2024-12-11 08:50:21.240990
INFO:Message received on topic: type-2/4 with payload size: 91 at 2024-12-11 08:50:23.854115 sent 2024-12-11 08:50:23.848416
INFO:Message received on topic: type-2/4 with payload size: 91 at 2024-12-11 08:50:26.456514 sent 2024-12-11 08:50:26.452205
INFO:Message received on topic: type-2/4 with payload size: 91 at 2024-12-11 08:50:29.071038 sent 2024-12-11 08:50:29.056007
INFO:Message received on topic: type-2/4 with payload size: 91 at 2024-12-11 08:50:31.670544 sent 2024-12-11 08:50:31.664216
INFO:Message received on topic: type-2/4 with payload size: 91 at 2024-12-11 08:50:34.276879 sent 2024-12-11 08:50:34.270557
INFO:Message received on topic: type-2/4 with payload size: 91 at 2024-12-11 08:50:36.886622 sent 2024-12-11 08:50:36.878426
INFO:Message received on topic: type-2/4 with payload size: 91 at 2024-12-11 08:50:39.551238 sent 2024-12-11 08:50:39.491437
INFO:Message received on topic: type-2/4 with payload size: 91 at 2024-12-11 08:50:42.150062 sent 2024-12-11 08:50:42.087063
INFO:Message received on topic: type-2/4 with payload size: 91 at 2024-12-11 08:50:44.752478 sent 2024-12-11 08:50:44.693862
INFO:Message received on topic: type-2/4 with payload size: 91 at 2024-12-11 08:50:47.356957 sent 2024-12-11 08:50:47.308031
INFO:Message received on topic: type-2/4 with payload size: 91 at 2024-12-11 08:50:49.955995 sent 2024-12-11 08:50:49.915041
INFO:Message received on topic: type-2/4 with payload size: 91 at 2024-12-11 08:50:52.565444 sent 2024-12-11 08:50:52.525930
INFO:Message received on topic: type-2/4 with payload size: 91 at 2024-12-11 08:50:55.152575 sent 2024-12-11 08:50:55.133034
INFO:Message received on topic: type-2/4 with payload size: 91 at 2024-12-11 08:50:57.759287 sent 2024-12-11 08:50:57.739543
INFO:Message received on topic: type-2/4 with payload size: 91 at 2024-12-11 08:51:00.378437 sent 2024-12-11 08:51:00.347591
INFO:Message received on topic: type-2/4 with payload size: 91 at 2024-12-11 08:51:02.974114 sent 2024-12-11 08:51:02.960976
INFO:Message received on topic: type-2/4 with payload size: 91 at 2024-12-11 08:51:05.577651 sent 2024-12-11 08:51:05.567176
INFO:Message received on topic: type-2/4 with payload size: 91 at 2024-12-11 08:51:08.177674 sent 2024-12-11 08:51:08.173139
INFO:Message received on topic: type-2/4 with payload size: 91 at 2024-12-11 08:51:10.849033 sent 2024-12-11 08:51:10.780700
INFO:Message received on topic: type-2/4 with payload size: 91 at 2024-12-11 08:51:13.452486 sent 2024-12-11 08:51:13.387082
INFO:Message received on topic: type-2/4 with payload size: 91 at 2024-12-11 08:51:16.051436 sent 2024-12-11 08:51:15.992056
INFO:Message received on topic: type-2/4 with payload size: 91 at 2024-12-11 08:51:18.655178 sent 2024-12-11 08:51:18.600737
INFO:Message received on topic: type-2/4 with payload size: 91 at 2024-12-11 08:51:21.261560 sent 2024-12-11 08:51:21.210718
INFO:Message received on topic: type-2/4 with payload size: 91 at 2024-12-11 08:51:23.856856 sent 2024-12-11 08:51:23.822580
INFO:Message received on topic: type-2/4 with payload size: 91 at 2024-12-11 08:51:26.464015 sent 2024-12-11 08:51:26.426311
INFO:Message received on topic: type-2/4 with payload size: 91 at 2024-12-11 08:51:29.155278 sent 2024-12-11 08:51:29.033617
INFO:Message received on topic: type-2/4 with payload size: 91 at 2024-12-11 08:51:31.657962 sent 2024-12-11 08:51:31.641835
INFO:Message received on topic: type-2/4 with payload size: 91 at 2024-12-11 08:51:34.260093 sent 2024-12-11 08:51:34.248456
INFO:Message received on topic: type-2/4 with payload size: 91 at 2024-12-11 08:51:36.865145 sent 2024-12-11 08:51:36.854752
INFO:Message received on topic: type-2/4 with payload size: 91 at 2024-12-11 08:51:39.469784 sent 2024-12-11 08:51:39.461118
INFO:Message received on topic: type-2/4 with payload size: 91 at 2024-12-11 08:51:42.086644 sent 2024-12-11 08:51:42.066127
INFO:Message received on topic: type-2/4 with payload size: 91 at 2024-12-11 08:51:44.680874 sent 2024-12-11 08:51:44.671008
INFO:Message received on topic: type-2/4 with payload size: 91 at 2024-12-11 08:51:47.366432 sent 2024-12-11 08:51:47.287185
INFO:Message received on topic: type-2/4 with payload size: 91 at 2024-12-11 08:51:49.956080 sent 2024-12-11 08:51:49.896055
INFO:Message received on topic: type-2/4 with payload size: 91 at 2024-12-11 08:51:52.546583 sent 2024-12-11 08:51:52.508574
INFO:Message received on topic: type-2/4 with payload size: 91 at 2024-12-11 08:51:55.153097 sent 2024-12-11 08:51:55.114365
INFO:Message received on topic: type-2/4 with payload size: 91 at 2024-12-11 08:51:57.752385 sent 2024-12-11 08:51:57.720369
INFO:Message received on topic: type-2/4 with payload size: 91 at 2024-12-11 08:52:00.349339 sent 2024-12-11 08:52:00.327982
INFO:Message received on topic: type-2/4 with payload size: 91 at 2024-12-11 08:52:02.956726 sent 2024-12-11 08:52:02.939497
INFO:Message received on topic: type-2/4 with payload size: 91 at 2024-12-11 08:52:05.558938 sent 2024-12-11 08:52:05.547097
INFO:Message received on topic: type-2/4 with payload size: 91 at 2024-12-11 08:52:08.160604 sent 2024-12-11 08:52:08.152864
INFO:Message received on topic: type-2/4 with payload size: 91 at 2024-12-11 08:52:10.776442 sent 2024-12-11 08:52:10.763054
INFO:Message received on topic: type-2/4 with payload size: 91 at 2024-12-11 08:52:13.378359 sent 2024-12-11 08:52:13.366696
INFO:Message received on topic: type-2/4 with payload size: 91 at 2024-12-11 08:52:15.983461 sent 2024-12-11 08:52:15.971838
INFO:Message received on topic: type-2/4 with payload size: 91 at 2024-12-11 08:52:18.584612 sent 2024-12-11 08:52:18.577804
INFO:Message received on topic: type-2/4 with payload size: 91 at 2024-12-11 08:52:21.234715 sent 2024-12-11 08:52:21.186523
INFO:Message received on topic: type-2/4 with payload size: 91 at 2024-12-11 08:52:23.852599 sent 2024-12-11 08:52:23.791344
INFO:Message received on topic: type-2/4 with payload size: 91 at 2024-12-11 08:52:26.458159 sent 2024-12-11 08:52:26.397881
INFO:Message received on topic: type-2/4 with payload size: 91 at 2024-12-11 08:52:29.048165 sent 2024-12-11 08:52:29.009204
INFO:Message received on topic: type-2/4 with payload size: 91 at 2024-12-11 08:52:31.777305 sent 2024-12-11 08:52:31.623128
INFO:Message received on topic: type-2/4 with payload size: 91 at 2024-12-11 08:52:34.260931 sent 2024-12-11 08:52:34.233544
INFO:Message received on topic: type-2/4 with payload size: 91 at 2024-12-11 08:52:36.860312 sent 2024-12-11 08:52:36.844676
INFO:Message received on topic: type-2/4 with payload size: 91 at 2024-12-11 08:52:39.463945 sent 2024-12-11 08:52:39.457122
INFO:Message received on topic: type-2/4 with payload size: 91 at 2024-12-11 08:52:42.072814 sent 2024-12-11 08:52:42.066291
INFO:Message received on topic: type-2/4 with payload size: 91 at 2024-12-11 08:52:44.737104 sent 2024-12-11 08:52:44.672412
INFO:Message received on topic: type-2/4 with payload size: 91 at 2024-12-11 08:52:47.362850 sent 2024-12-11 08:52:47.279058
INFO:Message received on topic: type-2/4 with payload size: 91 at 2024-12-11 08:52:49.952143 sent 2024-12-11 08:52:49.883513
INFO:Message received on topic: type-2/4 with payload size: 91 at 2024-12-11 08:52:52.550320 sent 2024-12-11 08:52:52.491594
INFO:Message received on topic: type-2/4 with payload size: 91 at 2024-12-11 08:52:55.155950 sent 2024-12-11 08:52:55.101965
INFO:Message received on topic: type-2/4 with payload size: 91 at 2024-12-11 08:52:57.748599 sent 2024-12-11 08:52:57.709019
INFO:Message received on topic: type-2/4 with payload size: 91 at 2024-12-11 08:53:00.350776 sent 2024-12-11 08:53:00.312963
INFO:Message received on topic: type-2/4 with payload size: 91 at 2024-12-11 08:53:02.952683 sent 2024-12-11 08:53:02.920107
INFO:Message received on topic: type-2/4 with payload size: 91 at 2024-12-11 08:53:05.634896 sent 2024-12-11 08:53:05.527622
INFO:Message received on topic: type-2/4 with payload size: 91 at 2024-12-11 08:53:08.153418 sent 2024-12-11 08:53:08.134377
INFO:Message received on topic: type-2/4 with payload size: 91 at 2024-12-11 08:53:10.759283 sent 2024-12-11 08:53:10.745892
INFO:Message received on topic: type-2/4 with payload size: 91 at 2024-12-11 08:53:13.359875 sent 2024-12-11 08:53:13.354280
INFO:Message received on topic: type-2/4 with payload size: 91 at 2024-12-11 08:53:15.972597 sent 2024-12-11 08:53:15.961623
INFO:Message received on topic: type-2/4 with payload size: 91 at 2024-12-11 08:53:18.576505 sent 2024-12-11 08:53:18.567681
INFO:Message received on topic: type-2/4 with payload size: 91 at 2024-12-11 08:53:21.236786 sent 2024-12-11 08:53:21.176291
INFO:Message received on topic: type-2/4 with payload size: 91 at 2024-12-11 08:53:23.853954 sent 2024-12-11 08:53:23.785430
INFO:Message received on topic: type-2/4 with payload size: 91 at 2024-12-11 08:53:26.449151 sent 2024-12-11 08:53:26.388566
INFO:Message received on topic: type-2/4 with payload size: 91 at 2024-12-11 08:53:29.048622 sent 2024-12-11 08:53:28.995710
INFO:Message received on topic: type-2/4 with payload size: 91 at 2024-12-11 08:53:31.649286 sent 2024-12-11 08:53:31.603084
INFO:Message received on topic: type-2/4 with payload size: 91 at 2024-12-11 08:53:34.372799 sent 2024-12-11 08:53:34.219958
INFO:Message received on topic: type-2/4 with payload size: 91 at 2024-12-11 08:53:36.882404 sent 2024-12-11 08:53:36.826842
INFO:Message received on topic: type-2/4 with payload size: 91 at 2024-12-11 08:53:39.454881 sent 2024-12-11 08:53:39.436460
INFO:Message received on topic: type-2/4 with payload size: 91 at 2024-12-11 08:53:42.062250 sent 2024-12-11 08:53:42.039937
INFO:Message received on topic: type-2/4 with payload size: 91 at 2024-12-11 08:53:44.678731 sent 2024-12-11 08:53:44.646020
INFO:Message received on topic: type-2/4 with payload size: 91 at 2024-12-11 08:53:47.264898 sent 2024-12-11 08:53:47.253580
INFO:Message received on topic: type-2/4 with payload size: 91 at 2024-12-11 08:53:49.864094 sent 2024-12-11 08:53:49.859266
INFO:Message received on topic: type-2/4 with payload size: 91 at 2024-12-11 08:53:52.473493 sent 2024-12-11 08:53:52.463117
INFO:Message received on topic: type-2/4 with payload size: 91 at 2024-12-11 08:53:55.073039 sent 2024-12-11 08:53:55.067147
INFO:Message received on topic: type-2/4 with payload size: 91 at 2024-12-11 08:53:57.684689 sent 2024-12-11 08:53:57.672580
INFO:Message received on topic: type-2/4 with payload size: 91 at 2024-12-11 08:54:00.352364 sent 2024-12-11 08:54:00.283911
INFO:Message received on topic: type-2/4 with payload size: 91 at 2024-12-11 08:54:02.949882 sent 2024-12-11 08:54:02.891239
INFO:Message received on topic: type-2/4 with payload size: 91 at 2024-12-11 08:54:05.558583 sent 2024-12-11 08:54:05.498557
INFO:Message received on topic: type-2/4 with payload size: 91 at 2024-12-11 08:54:08.136581 sent 2024-12-11 08:54:08.109701
INFO:Message received on topic: type-2/4 with payload size: 91 at 2024-12-11 08:54:10.763940 sent 2024-12-11 08:54:10.721434
INFO:Message received on topic: type-2/4 with payload size: 91 at 2024-12-11 08:54:13.361008 sent 2024-12-11 08:54:13.331042
INFO:Message received on topic: type-2/4 with payload size: 91 at 2024-12-11 08:54:15.945492 sent 2024-12-11 08:54:15.934792
INFO:Message received on topic: type-2/4 with payload size: 91 at 2024-12-11 08:54:18.551165 sent 2024-12-11 08:54:18.538862
INFO:Message received on topic: type-2/4 with payload size: 91 at 2024-12-11 08:54:21.164834 sent 2024-12-11 08:54:21.148802
INFO:Message received on topic: type-2/4 with payload size: 91 at 2024-12-11 08:54:23.771985 sent 2024-12-11 08:54:23.756863
INFO:Message received on topic: type-2/4 with payload size: 91 at 2024-12-11 08:54:26.384552 sent 2024-12-11 08:54:26.362308
INFO:Message received on topic: type-2/4 with payload size: 91 at 2024-12-11 08:54:29.045606 sent 2024-12-11 08:54:28.967836
INFO:Message received on topic: type-2/4 with payload size: 91 at 2024-12-11 08:54:31.582395 sent 2024-12-11 08:54:31.574800
INFO:Message received on topic: type-2/4 with payload size: 91 at 2024-12-11 08:54:34.281628 sent 2024-12-11 08:54:34.190604
INFO:Message received on topic: type-2/4 with payload size: 91 at 2024-12-11 08:54:36.860426 sent 2024-12-11 08:54:36.798787
INFO:Message received on topic: type-2/4 with payload size: 91 at 2024-12-11 08:54:39.451954 sent 2024-12-11 08:54:39.410577
INFO:Message received on topic: type-2/4 with payload size: 91 at 2024-12-11 08:54:42.061880 sent 2024-12-11 08:54:42.016209
INFO:Message received on topic: type-2/4 with payload size: 91 at 2024-12-11 08:54:44.662917 sent 2024-12-11 08:54:44.621196
INFO:Message received on topic: type-2/4 with payload size: 91 at 2024-12-11 08:54:47.269882 sent 2024-12-11 08:54:47.222703
INFO:Message received on topic: type-2/4 with payload size: 91 at 2024-12-11 08:54:49.852551 sent 2024-12-11 08:54:49.831372
INFO:Message received on topic: type-2/4 with payload size: 91 at 2024-12-11 08:54:52.460397 sent 2024-12-11 08:54:52.437693
INFO:Message received on topic: type-2/4 with payload size: 91 at 2024-12-11 08:54:55.049906 sent 2024-12-11 08:54:55.041607
INFO:Message received on topic: type-2/4 with payload size: 91 at 2024-12-11 08:54:57.655637 sent 2024-12-11 08:54:57.647845
INFO:Message received on topic: type-2/4 with payload size: 91 at 2024-12-11 08:55:00.272613 sent 2024-12-11 08:55:00.253537
INFO:Message received on topic: type-2/4 with payload size: 91 at 2024-12-11 08:55:02.871596 sent 2024-12-11 08:55:02.864563
INFO:Message received on topic: type-2/4 with payload size: 91 at 2024-12-11 08:55:05.478199 sent 2024-12-11 08:55:05.467543
