starting up version 1.0
starting with cluster address: emqx.dtwins:18083
cluster user set to: my-app and cluster password set to: AAA4A275-BEEC-4AF8-B70B-DAAC0341F8EB
kubernetes api address set to: 143.54.85.77:6443
max queue set to: 1000 and max inflight set to: 32
Warning: Metrics have no next page
date: 2024-12-19 18:37:54.877907 |Cluster size: 1 |Queue: total=0, avg=0.00, max=1000 | Inflight: total=0, avg=0.00, max=32
Warning: Metrics have no next page
date: 2024-12-19 18:38:04.908439 |Cluster size: 1 |Queue: total=0, avg=0.00, max=1000 | Inflight: total=0, avg=0.00, max=32
Warning: Metrics have no next page
date: 2024-12-19 18:38:14.940459 |Cluster size: 1 |Queue: total=0, avg=0.00, max=1000 | Inflight: total=0, avg=0.00, max=32
Warning: Metrics have no next page
date: 2024-12-19 18:38:24.971221 |Cluster size: 1 |Queue: total=0, avg=0.00, max=1000 | Inflight: total=0, avg=0.00, max=32
Warning: Metrics have no next page
date: 2024-12-19 18:38:35.001008 |Cluster size: 1 |Queue: total=0, avg=0.00, max=1000 | Inflight: total=0, avg=0.00, max=32
Warning: Metrics have no next page
date: 2024-12-19 18:38:45.031059 |Cluster size: 1 |Queue: total=0, avg=0.00, max=1000 | Inflight: total=0, avg=0.00, max=32
Warning: Metrics have no next page
date: 2024-12-19 18:38:55.066281 |Cluster size: 1 |Queue: total=0, avg=0.00, max=1000 | Inflight: total=0, avg=0.00, max=32
Warning: Metrics have no next page
date: 2024-12-19 18:39:05.092160 |Cluster size: 1 |Queue: total=0, avg=0.00, max=1000 | Inflight: total=0, avg=0.00, max=32
Warning: Metrics have no next page
date: 2024-12-19 18:39:15.111800 |Cluster size: 1 |Queue: total=0, avg=0.00, max=1000 | Inflight: total=0, avg=0.00, max=32
Warning: Metrics have no next page
date: 2024-12-19 18:39:25.133968 |Cluster size: 1 |Queue: total=0, avg=0.00, max=1000 | Inflight: total=0, avg=0.00, max=32
Warning: Metrics have no next page
date: 2024-12-19 18:39:35.174902 |Cluster size: 1 |Queue: total=0, avg=0.00, max=1000 | Inflight: total=0, avg=0.00, max=32
Warning: Metrics have no next page
date: 2024-12-19 18:39:45.208704 |Cluster size: 1 |Queue: total=0, avg=0.00, max=1000 | Inflight: total=22, avg=22.00, max=32
Warning: Metrics have no next page
date: 2024-12-19 18:39:55.288351 |Cluster size: 1 |Queue: total=0, avg=0.00, max=1000 | Inflight: total=28, avg=28.00, max=32
Warning: Metrics have no next page
date: 2024-12-19 18:40:05.403499 |Cluster size: 1 |Queue: total=0, avg=0.00, max=1000 | Inflight: total=59, avg=59.00, max=32
Warning: Metrics have no next page
date: 2024-12-19 18:40:15.601511 |Cluster size: 1 |Queue: total=0, avg=0.00, max=1000 | Inflight: total=32, avg=32.00, max=32
Warning: Metrics have no next page
date: 2024-12-19 18:40:25.689400 |Cluster size: 1 |Queue: total=0, avg=0.00, max=1000 | Inflight: total=67, avg=67.00, max=32
Warning: Metrics have no next page
date: 2024-12-19 18:40:35.789401 |Cluster size: 1 |Queue: total=2, avg=2.00, max=1000 | Inflight: total=132, avg=132.00, max=32
Warning: Metrics have no next page
date: 2024-12-19 18:40:45.889996 |Cluster size: 1 |Queue: total=2, avg=2.00, max=1000 | Inflight: total=122, avg=122.00, max=32
Warning: Metrics have no next page
date: 2024-12-19 18:40:56.245238 |Cluster size: 1 |Queue: total=21, avg=21.00, max=1000 | Inflight: total=194, avg=194.00, max=32
Warning: Metrics have no next page
date: 2024-12-19 18:41:06.773166 |Cluster size: 1 |Queue: total=45, avg=45.00, max=1000 | Inflight: total=182, avg=182.00, max=32
Warning: Metrics have no next page
date: 2024-12-19 18:41:16.803571 |Cluster size: 1 |Queue: total=267, avg=267.00, max=1000 | Inflight: total=237, avg=237.00, max=32
Warning: Metrics have no next page
date: 2024-12-19 18:41:26.945118 |Cluster size: 1 |Queue: total=483, avg=483.00, max=1000 | Inflight: total=252, avg=252.00, max=32
Warning: Metrics have no next page
date: 2024-12-19 18:41:37.046614 |Cluster size: 1 |Queue: total=1625, avg=1625.00, max=1000 | Inflight: total=265, avg=265.00, max=32
Returning scale = True (queue threshold exceeded)
Maximum cluster size achieved
Warning: Metrics have no next page
date: 2024-12-19 18:41:57.272977 |Cluster size: 1 |Queue: total=1529, avg=1529.00, max=1000 | Inflight: total=211, avg=211.00, max=32
Returning scale = True (queue threshold exceeded)
Maximum cluster size achieved
Warning: Metrics have no next page
date: 2024-12-19 18:42:18.101752 |Cluster size: 1 |Queue: total=878, avg=878.00, max=1000 | Inflight: total=219, avg=219.00, max=32
Warning: Metrics have no next page
date: 2024-12-19 18:42:29.515419 |Cluster size: 1 |Queue: total=391, avg=391.00, max=1000 | Inflight: total=230, avg=230.00, max=32
Warning: Metrics have no next page
date: 2024-12-19 18:42:40.475646 |Cluster size: 1 |Queue: total=306, avg=306.00, max=1000 | Inflight: total=223, avg=223.00, max=32
Warning: Metrics have no next page
date: 2024-12-19 18:42:51.107714 |Cluster size: 1 |Queue: total=446, avg=446.00, max=1000 | Inflight: total=149, avg=149.00, max=32
Warning: Metrics have no next page
date: 2024-12-19 18:43:01.902938 |Cluster size: 1 |Queue: total=639, avg=639.00, max=1000 | Inflight: total=236, avg=236.00, max=32
Warning: Metrics have no next page
date: 2024-12-19 18:43:12.244959 |Cluster size: 1 |Queue: total=517, avg=517.00, max=1000 | Inflight: total=259, avg=259.00, max=32
Warning: Metrics have no next page
date: 2024-12-19 18:43:22.345356 |Cluster size: 1 |Queue: total=15, avg=15.00, max=1000 | Inflight: total=202, avg=202.00, max=32
Warning: Metrics have no next page
date: 2024-12-19 18:43:32.571922 |Cluster size: 1 |Queue: total=95, avg=95.00, max=1000 | Inflight: total=142, avg=142.00, max=32
Warning: Metrics have no next page
date: 2024-12-19 18:43:42.706620 |Cluster size: 1 |Queue: total=18, avg=18.00, max=1000 | Inflight: total=160, avg=160.00, max=32
Warning: Metrics have no next page
date: 2024-12-19 18:43:52.784879 |Cluster size: 1 |Queue: total=14, avg=14.00, max=1000 | Inflight: total=136, avg=136.00, max=32
Warning: Metrics have no next page
date: 2024-12-19 18:44:03.304401 |Cluster size: 1 |Queue: total=14, avg=14.00, max=1000 | Inflight: total=149, avg=149.00, max=32
Warning: Metrics have no next page
date: 2024-12-19 18:44:13.469873 |Cluster size: 1 |Queue: total=352, avg=352.00, max=1000 | Inflight: total=157, avg=157.00, max=32
Warning: Metrics have no next page
date: 2024-12-19 18:44:24.098594 |Cluster size: 1 |Queue: total=45, avg=45.00, max=1000 | Inflight: total=149, avg=149.00, max=32
Warning: Metrics have no next page
date: 2024-12-19 18:44:34.910128 |Cluster size: 1 |Queue: total=143, avg=143.00, max=1000 | Inflight: total=135, avg=135.00, max=32
Warning: Metrics have no next page
date: 2024-12-19 18:44:45.781972 |Cluster size: 1 |Queue: total=350, avg=350.00, max=1000 | Inflight: total=200, avg=200.00, max=32
Warning: Metrics have no next page
date: 2024-12-19 18:44:56.500536 |Cluster size: 1 |Queue: total=323, avg=323.00, max=1000 | Inflight: total=208, avg=208.00, max=32
Warning: Metrics have no next page
date: 2024-12-19 18:45:07.888816 |Cluster size: 1 |Queue: total=376, avg=376.00, max=1000 | Inflight: total=213, avg=213.00, max=32
Warning: Metrics have no next page
date: 2024-12-19 18:45:18.470213 |Cluster size: 1 |Queue: total=320, avg=320.00, max=1000 | Inflight: total=235, avg=235.00, max=32
Warning: Metrics have no next page
date: 2024-12-19 18:45:29.345702 |Cluster size: 1 |Queue: total=1186, avg=1186.00, max=1000 | Inflight: total=259, avg=259.00, max=32
Returning scale = True (queue threshold exceeded)
Maximum cluster size achieved
Warning: Metrics have no next page
date: 2024-12-19 18:45:50.384509 |Cluster size: 1 |Queue: total=150, avg=150.00, max=1000 | Inflight: total=190, avg=190.00, max=32
Warning: Metrics have no next page
date: 2024-12-19 18:46:01.072298 |Cluster size: 1 |Queue: total=400, avg=400.00, max=1000 | Inflight: total=132, avg=132.00, max=32
Warning: Metrics have no next page
date: 2024-12-19 18:46:11.145972 |Cluster size: 1 |Queue: total=1166, avg=1166.00, max=1000 | Inflight: total=252, avg=252.00, max=32
Returning scale = True (queue threshold exceeded)
Maximum cluster size achieved
Warning: Metrics have no next page
date: 2024-12-19 18:46:32.246468 |Cluster size: 1 |Queue: total=549, avg=549.00, max=1000 | Inflight: total=206, avg=206.00, max=32
Warning: Metrics have no next page
date: 2024-12-19 18:46:43.289365 |Cluster size: 1 |Queue: total=13, avg=13.00, max=1000 | Inflight: total=171, avg=171.00, max=32
Warning: Metrics have no next page
date: 2024-12-19 18:46:54.158042 |Cluster size: 1 |Queue: total=1216, avg=1216.00, max=1000 | Inflight: total=232, avg=232.00, max=32
Returning scale = True (queue threshold exceeded)
Maximum cluster size achieved
Warning: Metrics have no next page
date: 2024-12-19 18:47:17.750873 |Cluster size: 1 |Queue: total=332, avg=332.00, max=1000 | Inflight: total=160, avg=160.00, max=32
Warning: Metrics have no next page
date: 2024-12-19 18:47:28.350463 |Cluster size: 1 |Queue: total=316, avg=316.00, max=1000 | Inflight: total=169, avg=169.00, max=32
Warning: Metrics have no next page
date: 2024-12-19 18:47:38.545562 |Cluster size: 1 |Queue: total=263, avg=263.00, max=1000 | Inflight: total=192, avg=192.00, max=32
Warning: Metrics have no next page
date: 2024-12-19 18:47:48.745980 |Cluster size: 1 |Queue: total=0, avg=0.00, max=1000 | Inflight: total=143, avg=143.00, max=32
Warning: Metrics have no next page
date: 2024-12-19 18:47:58.896155 |Cluster size: 1 |Queue: total=0, avg=0.00, max=1000 | Inflight: total=151, avg=151.00, max=32
Warning: Metrics have no next page
date: 2024-12-19 18:48:09.345018 |Cluster size: 1 |Queue: total=43, avg=43.00, max=1000 | Inflight: total=153, avg=153.00, max=32
Warning: Metrics have no next page
date: 2024-12-19 18:48:20.099139 |Cluster size: 1 |Queue: total=43, avg=43.00, max=1000 | Inflight: total=123, avg=123.00, max=32
Warning: Metrics have no next page
date: 2024-12-19 18:48:30.583456 |Cluster size: 1 |Queue: total=51, avg=51.00, max=1000 | Inflight: total=144, avg=144.00, max=32
Warning: Metrics have no next page
date: 2024-12-19 18:48:40.694300 |Cluster size: 1 |Queue: total=25, avg=25.00, max=1000 | Inflight: total=163, avg=163.00, max=32
Warning: Metrics have no next page
date: 2024-12-19 18:48:50.745322 |Cluster size: 1 |Queue: total=74, avg=74.00, max=1000 | Inflight: total=183, avg=183.00, max=32
Warning: Metrics have no next page
date: 2024-12-19 18:49:01.070003 |Cluster size: 1 |Queue: total=41, avg=41.00, max=1000 | Inflight: total=120, avg=120.00, max=32
Warning: Metrics have no next page
date: 2024-12-19 18:49:11.682715 |Cluster size: 1 |Queue: total=6, avg=6.00, max=1000 | Inflight: total=90, avg=90.00, max=32
Warning: Metrics have no next page
date: 2024-12-19 18:49:21.745362 |Cluster size: 1 |Queue: total=0, avg=0.00, max=1000 | Inflight: total=39, avg=39.00, max=32
Warning: Metrics have no next page
date: 2024-12-19 18:49:31.945436 |Cluster size: 1 |Queue: total=0, avg=0.00, max=1000 | Inflight: total=50, avg=50.00, max=32
Warning: Metrics have no next page
date: 2024-12-19 18:49:41.974054 |Cluster size: 1 |Queue: total=0, avg=0.00, max=1000 | Inflight: total=42, avg=42.00, max=32
Warning: Metrics have no next page
date: 2024-12-19 18:49:52.000530 |Cluster size: 1 |Queue: total=0, avg=0.00, max=1000 | Inflight: total=27, avg=27.00, max=32
Warning: Metrics have no next page
date: 2024-12-19 18:50:02.095950 |Cluster size: 1 |Queue: total=0, avg=0.00, max=1000 | Inflight: total=21, avg=21.00, max=32
Warning: Metrics have no next page
date: 2024-12-19 18:50:12.188390 |Cluster size: 1 |Queue: total=0, avg=0.00, max=1000 | Inflight: total=18, avg=18.00, max=32
Warning: Metrics have no next page
date: 2024-12-19 18:50:22.213294 |Cluster size: 1 |Queue: total=0, avg=0.00, max=1000 | Inflight: total=23, avg=23.00, max=32
Warning: Metrics have no next page
date: 2024-12-19 18:50:32.259283 |Cluster size: 1 |Queue: total=0, avg=0.00, max=1000 | Inflight: total=12, avg=12.00, max=32
Warning: Metrics have no next page
date: 2024-12-19 18:50:42.289445 |Cluster size: 1 |Queue: total=0, avg=0.00, max=1000 | Inflight: total=9, avg=9.00, max=32
Warning: Metrics have no next page
date: 2024-12-19 18:50:52.311326 |Cluster size: 1 |Queue: total=0, avg=0.00, max=1000 | Inflight: total=10, avg=10.00, max=32
Warning: Metrics have no next page
date: 2024-12-19 18:51:02.347254 |Cluster size: 1 |Queue: total=0, avg=0.00, max=1000 | Inflight: total=12, avg=12.00, max=32
Warning: Metrics have no next page
date: 2024-12-19 18:51:12.373239 |Cluster size: 1 |Queue: total=0, avg=0.00, max=1000 | Inflight: total=12, avg=12.00, max=32
Warning: Metrics have no next page
date: 2024-12-19 18:51:22.394004 |Cluster size: 1 |Queue: total=0, avg=0.00, max=1000 | Inflight: total=12, avg=12.00, max=32
Warning: Metrics have no next page
date: 2024-12-19 18:51:32.418921 |Cluster size: 1 |Queue: total=0, avg=0.00, max=1000 | Inflight: total=12, avg=12.00, max=32
Warning: Metrics have no next page
date: 2024-12-19 18:51:42.444303 |Cluster size: 1 |Queue: total=0, avg=0.00, max=1000 | Inflight: total=14, avg=14.00, max=32
Warning: Metrics have no next page
date: 2024-12-19 18:51:52.466052 |Cluster size: 1 |Queue: total=0, avg=0.00, max=1000 | Inflight: total=7, avg=7.00, max=32
Warning: Metrics have no next page
date: 2024-12-19 18:52:02.487584 |Cluster size: 1 |Queue: total=0, avg=0.00, max=1000 | Inflight: total=10, avg=10.00, max=32
Warning: Metrics have no next page
date: 2024-12-19 18:52:12.508731 |Cluster size: 1 |Queue: total=0, avg=0.00, max=1000 | Inflight: total=7, avg=7.00, max=32
Warning: Metrics have no next page
date: 2024-12-19 18:52:22.531448 |Cluster size: 1 |Queue: total=0, avg=0.00, max=1000 | Inflight: total=5, avg=5.00, max=32
Warning: Metrics have no next page
date: 2024-12-19 18:52:32.555556 |Cluster size: 1 |Queue: total=0, avg=0.00, max=1000 | Inflight: total=9, avg=9.00, max=32
Warning: Metrics have no next page
date: 2024-12-19 18:52:42.583174 |Cluster size: 1 |Queue: total=0, avg=0.00, max=1000 | Inflight: total=12, avg=12.00, max=32
Warning: Metrics have no next page
date: 2024-12-19 18:52:52.604683 |Cluster size: 1 |Queue: total=0, avg=0.00, max=1000 | Inflight: total=17, avg=17.00, max=32
Warning: Metrics have no next page
date: 2024-12-19 18:53:02.622886 |Cluster size: 1 |Queue: total=0, avg=0.00, max=1000 | Inflight: total=11, avg=11.00, max=32
Warning: Metrics have no next page
date: 2024-12-19 18:53:12.647868 |Cluster size: 1 |Queue: total=0, avg=0.00, max=1000 | Inflight: total=6, avg=6.00, max=32
Warning: Metrics have no next page
date: 2024-12-19 18:53:22.673372 |Cluster size: 1 |Queue: total=0, avg=0.00, max=1000 | Inflight: total=4, avg=4.00, max=32
Warning: Metrics have no next page
date: 2024-12-19 18:53:32.694293 |Cluster size: 1 |Queue: total=0, avg=0.00, max=1000 | Inflight: total=3, avg=3.00, max=32
Warning: Metrics have no next page
date: 2024-12-19 18:53:42.717345 |Cluster size: 1 |Queue: total=0, avg=0.00, max=1000 | Inflight: total=4, avg=4.00, max=32
Warning: Metrics have no next page
date: 2024-12-19 18:53:52.739608 |Cluster size: 1 |Queue: total=0, avg=0.00, max=1000 | Inflight: total=2, avg=2.00, max=32
Warning: Metrics have no next page
date: 2024-12-19 18:54:02.762544 |Cluster size: 1 |Queue: total=0, avg=0.00, max=1000 | Inflight: total=1, avg=1.00, max=32
Warning: Metrics have no next page
date: 2024-12-19 18:54:12.781901 |Cluster size: 1 |Queue: total=0, avg=0.00, max=1000 | Inflight: total=2, avg=2.00, max=32
Warning: Metrics have no next page
date: 2024-12-19 18:54:22.802849 |Cluster size: 1 |Queue: total=0, avg=0.00, max=1000 | Inflight: total=1, avg=1.00, max=32
Warning: Metrics have no next page
date: 2024-12-19 18:54:32.852055 |Cluster size: 1 |Queue: total=0, avg=0.00, max=1000 | Inflight: total=0, avg=0.00, max=32
Warning: Metrics have no next page
date: 2024-12-19 18:54:42.886078 |Cluster size: 1 |Queue: total=0, avg=0.00, max=1000 | Inflight: total=1, avg=1.00, max=32
Warning: Metrics have no next page
date: 2024-12-19 18:54:52.918809 |Cluster size: 1 |Queue: total=0, avg=0.00, max=1000 | Inflight: total=1, avg=1.00, max=32
Warning: Metrics have no next page
date: 2024-12-19 18:55:02.947982 |Cluster size: 1 |Queue: total=0, avg=0.00, max=1000 | Inflight: total=0, avg=0.00, max=32
Warning: Metrics have no next page
date: 2024-12-19 18:55:12.985210 |Cluster size: 1 |Queue: total=0, avg=0.00, max=1000 | Inflight: total=0, avg=0.00, max=32
Warning: Metrics have no next page
date: 2024-12-19 18:55:23.034681 |Cluster size: 1 |Queue: total=0, avg=0.00, max=1000 | Inflight: total=0, avg=0.00, max=32
Warning: Metrics have no next page
date: 2024-12-19 18:55:33.067986 |Cluster size: 1 |Queue: total=0, avg=0.00, max=1000 | Inflight: total=0, avg=0.00, max=32
Warning: Metrics have no next page
date: 2024-12-19 18:55:43.113745 |Cluster size: 1 |Queue: total=0, avg=0.00, max=1000 | Inflight: total=0, avg=0.00, max=32
Warning: Metrics have no next page
date: 2024-12-19 18:55:53.144475 |Cluster size: 1 |Queue: total=0, avg=0.00, max=1000 | Inflight: total=0, avg=0.00, max=32
Warning: Metrics have no next page
date: 2024-12-19 18:56:03.180295 |Cluster size: 1 |Queue: total=0, avg=0.00, max=1000 | Inflight: total=0, avg=0.00, max=32
Warning: Metrics have no next page
date: 2024-12-19 18:56:13.215648 |Cluster size: 1 |Queue: total=0, avg=0.00, max=1000 | Inflight: total=0, avg=0.00, max=32
Warning: Metrics have no next page
date: 2024-12-19 18:56:23.256367 |Cluster size: 1 |Queue: total=0, avg=0.00, max=1000 | Inflight: total=0, avg=0.00, max=32
Warning: Metrics have no next page
date: 2024-12-19 18:56:33.302257 |Cluster size: 1 |Queue: total=0, avg=0.00, max=1000 | Inflight: total=0, avg=0.00, max=32
Warning: Metrics have no next page
date: 2024-12-19 18:56:43.339228 |Cluster size: 1 |Queue: total=0, avg=0.00, max=1000 | Inflight: total=0, avg=0.00, max=32
Warning: Metrics have no next page
date: 2024-12-19 18:56:53.377992 |Cluster size: 1 |Queue: total=0, avg=0.00, max=1000 | Inflight: total=0, avg=0.00, max=32
Warning: Metrics have no next page
date: 2024-12-19 18:57:03.422854 |Cluster size: 1 |Queue: total=0, avg=0.00, max=1000 | Inflight: total=0, avg=0.00, max=32
Warning: Metrics have no next page
date: 2024-12-19 18:57:13.460001 |Cluster size: 1 |Queue: total=0, avg=0.00, max=1000 | Inflight: total=0, avg=0.00, max=32
Warning: Metrics have no next page
date: 2024-12-19 18:57:23.494586 |Cluster size: 1 |Queue: total=0, avg=0.00, max=1000 | Inflight: total=0, avg=0.00, max=32
Warning: Metrics have no next page
date: 2024-12-19 18:57:33.532044 |Cluster size: 1 |Queue: total=0, avg=0.00, max=1000 | Inflight: total=0, avg=0.00, max=32
Warning: Metrics have no next page
date: 2024-12-19 18:57:43.567479 |Cluster size: 1 |Queue: total=0, avg=0.00, max=1000 | Inflight: total=0, avg=0.00, max=32
Warning: Metrics have no next page
date: 2024-12-19 18:57:53.606441 |Cluster size: 1 |Queue: total=0, avg=0.00, max=1000 | Inflight: total=0, avg=0.00, max=32
Warning: Metrics have no next page
date: 2024-12-19 18:58:03.651645 |Cluster size: 1 |Queue: total=0, avg=0.00, max=1000 | Inflight: total=0, avg=0.00, max=32
Warning: Metrics have no next page
date: 2024-12-19 18:58:13.688195 |Cluster size: 1 |Queue: total=0, avg=0.00, max=1000 | Inflight: total=0, avg=0.00, max=32
Warning: Metrics have no next page
date: 2024-12-19 18:58:23.725592 |Cluster size: 1 |Queue: total=0, avg=0.00, max=1000 | Inflight: total=0, avg=0.00, max=32
Warning: Metrics have no next page
date: 2024-12-19 18:58:33.762252 |Cluster size: 1 |Queue: total=0, avg=0.00, max=1000 | Inflight: total=0, avg=0.00, max=32
Warning: Metrics have no next page
date: 2024-12-19 18:58:43.800565 |Cluster size: 1 |Queue: total=0, avg=0.00, max=1000 | Inflight: total=0, avg=0.00, max=32
Warning: Metrics have no next page
date: 2024-12-19 18:58:53.838481 |Cluster size: 1 |Queue: total=0, avg=0.00, max=1000 | Inflight: total=0, avg=0.00, max=32
Warning: Metrics have no next page
date: 2024-12-19 18:59:03.876541 |Cluster size: 1 |Queue: total=0, avg=0.00, max=1000 | Inflight: total=0, avg=0.00, max=32
Warning: Metrics have no next page
date: 2024-12-19 18:59:13.913053 |Cluster size: 1 |Queue: total=0, avg=0.00, max=1000 | Inflight: total=0, avg=0.00, max=32
Warning: Metrics have no next page
date: 2024-12-19 18:59:23.948927 |Cluster size: 1 |Queue: total=0, avg=0.00, max=1000 | Inflight: total=0, avg=0.00, max=32
Warning: Metrics have no next page
date: 2024-12-19 18:59:33.983364 |Cluster size: 1 |Queue: total=0, avg=0.00, max=1000 | Inflight: total=0, avg=0.00, max=32
Warning: Metrics have no next page
date: 2024-12-19 18:59:44.019347 |Cluster size: 1 |Queue: total=0, avg=0.00, max=1000 | Inflight: total=0, avg=0.00, max=32
Warning: Metrics have no next page
date: 2024-12-19 18:59:54.055861 |Cluster size: 1 |Queue: total=0, avg=0.00, max=1000 | Inflight: total=0, avg=0.00, max=32
Warning: Metrics have no next page
date: 2024-12-19 19:00:04.092262 |Cluster size: 1 |Queue: total=0, avg=0.00, max=1000 | Inflight: total=0, avg=0.00, max=32
Warning: Metrics have no next page
date: 2024-12-19 19:00:14.127416 |Cluster size: 1 |Queue: total=0, avg=0.00, max=1000 | Inflight: total=0, avg=0.00, max=32
Warning: Metrics have no next page
date: 2024-12-19 19:00:24.163956 |Cluster size: 1 |Queue: total=0, avg=0.00, max=1000 | Inflight: total=0, avg=0.00, max=32
Warning: Metrics have no next page
date: 2024-12-19 19:00:34.199573 |Cluster size: 1 |Queue: total=0, avg=0.00, max=1000 | Inflight: total=0, avg=0.00, max=32
Warning: Metrics have no next page
date: 2024-12-19 19:00:44.235544 |Cluster size: 1 |Queue: total=0, avg=0.00, max=1000 | Inflight: total=0, avg=0.00, max=32
Warning: Metrics have no next page
date: 2024-12-19 19:00:54.279106 |Cluster size: 1 |Queue: total=0, avg=0.00, max=1000 | Inflight: total=0, avg=0.00, max=32
Warning: Metrics have no next page
date: 2024-12-19 19:01:04.313829 |Cluster size: 1 |Queue: total=0, avg=0.00, max=1000 | Inflight: total=0, avg=0.00, max=32
Warning: Metrics have no next page
date: 2024-12-19 19:01:14.350322 |Cluster size: 1 |Queue: total=0, avg=0.00, max=1000 | Inflight: total=0, avg=0.00, max=32
Warning: Metrics have no next page
date: 2024-12-19 19:01:24.385859 |Cluster size: 1 |Queue: total=0, avg=0.00, max=1000 | Inflight: total=0, avg=0.00, max=32
Warning: Metrics have no next page
date: 2024-12-19 19:01:34.421914 |Cluster size: 1 |Queue: total=0, avg=0.00, max=1000 | Inflight: total=0, avg=0.00, max=32
Warning: Metrics have no next page
date: 2024-12-19 19:01:44.458231 |Cluster size: 1 |Queue: total=0, avg=0.00, max=1000 | Inflight: total=0, avg=0.00, max=32
Warning: Metrics have no next page
date: 2024-12-19 19:01:54.501058 |Cluster size: 1 |Queue: total=0, avg=0.00, max=1000 | Inflight: total=0, avg=0.00, max=32
Warning: Metrics have no next page
date: 2024-12-19 19:02:04.525204 |Cluster size: 1 |Queue: total=0, avg=0.00, max=1000 | Inflight: total=0, avg=0.00, max=32
Warning: Metrics have no next page
date: 2024-12-19 19:02:14.572524 |Cluster size: 1 |Queue: total=0, avg=0.00, max=1000 | Inflight: total=0, avg=0.00, max=32
Warning: Metrics have no next page
date: 2024-12-19 19:02:24.608187 |Cluster size: 1 |Queue: total=0, avg=0.00, max=1000 | Inflight: total=0, avg=0.00, max=32
Warning: Metrics have no next page
date: 2024-12-19 19:02:34.652577 |Cluster size: 1 |Queue: total=0, avg=0.00, max=1000 | Inflight: total=0, avg=0.00, max=32
Warning: Metrics have no next page
date: 2024-12-19 19:02:44.687585 |Cluster size: 1 |Queue: total=0, avg=0.00, max=1000 | Inflight: total=0, avg=0.00, max=32
Warning: Metrics have no next page
date: 2024-12-19 19:02:54.722054 |Cluster size: 1 |Queue: total=0, avg=0.00, max=1000 | Inflight: total=0, avg=0.00, max=32
Warning: Metrics have no next page
date: 2024-12-19 19:03:04.757462 |Cluster size: 1 |Queue: total=0, avg=0.00, max=1000 | Inflight: total=0, avg=0.00, max=32
Warning: Metrics have no next page
date: 2024-12-19 19:03:14.793531 |Cluster size: 1 |Queue: total=0, avg=0.00, max=1000 | Inflight: total=0, avg=0.00, max=32
Warning: Metrics have no next page
date: 2024-12-19 19:03:24.828926 |Cluster size: 1 |Queue: total=0, avg=0.00, max=1000 | Inflight: total=0, avg=0.00, max=32
Warning: Metrics have no next page
date: 2024-12-19 19:03:34.868941 |Cluster size: 1 |Queue: total=0, avg=0.00, max=1000 | Inflight: total=0, avg=0.00, max=32
Warning: Metrics have no next page
date: 2024-12-19 19:03:44.907380 |Cluster size: 1 |Queue: total=0, avg=0.00, max=1000 | Inflight: total=0, avg=0.00, max=32
Warning: Metrics have no next page
date: 2024-12-19 19:03:54.945211 |Cluster size: 1 |Queue: total=0, avg=0.00, max=1000 | Inflight: total=0, avg=0.00, max=32
Warning: Metrics have no next page
date: 2024-12-19 19:04:04.981792 |Cluster size: 1 |Queue: total=0, avg=0.00, max=1000 | Inflight: total=0, avg=0.00, max=32
Warning: Metrics have no next page
date: 2024-12-19 19:04:15.016246 |Cluster size: 1 |Queue: total=0, avg=0.00, max=1000 | Inflight: total=0, avg=0.00, max=32
Warning: Metrics have no next page
date: 2024-12-19 19:04:25.052469 |Cluster size: 1 |Queue: total=0, avg=0.00, max=1000 | Inflight: total=0, avg=0.00, max=32
Warning: Metrics have no next page
date: 2024-12-19 19:04:35.086684 |Cluster size: 1 |Queue: total=0, avg=0.00, max=1000 | Inflight: total=0, avg=0.00, max=32
Warning: Metrics have no next page
date: 2024-12-19 19:04:45.121260 |Cluster size: 1 |Queue: total=0, avg=0.00, max=1000 | Inflight: total=0, avg=0.00, max=32
Warning: Metrics have no next page
date: 2024-12-19 19:04:55.159972 |Cluster size: 1 |Queue: total=0, avg=0.00, max=1000 | Inflight: total=0, avg=0.00, max=32
Warning: Metrics have no next page
date: 2024-12-19 19:05:05.197327 |Cluster size: 1 |Queue: total=0, avg=0.00, max=1000 | Inflight: total=0, avg=0.00, max=32
Warning: Metrics have no next page
date: 2024-12-19 19:05:15.233336 |Cluster size: 1 |Queue: total=0, avg=0.00, max=1000 | Inflight: total=0, avg=0.00, max=32
Warning: Metrics have no next page
date: 2024-12-19 19:05:25.268476 |Cluster size: 1 |Queue: total=0, avg=0.00, max=1000 | Inflight: total=0, avg=0.00, max=32
Warning: Metrics have no next page
date: 2024-12-19 19:05:35.303811 |Cluster size: 1 |Queue: total=0, avg=0.00, max=1000 | Inflight: total=0, avg=0.00, max=32
Warning: Metrics have no next page
date: 2024-12-19 19:05:45.337660 |Cluster size: 1 |Queue: total=0, avg=0.00, max=1000 | Inflight: total=0, avg=0.00, max=32
Warning: Metrics have no next page
date: 2024-12-19 19:05:55.370923 |Cluster size: 1 |Queue: total=0, avg=0.00, max=1000 | Inflight: total=0, avg=0.00, max=32
Warning: Metrics have no next page
date: 2024-12-19 19:06:05.405633 |Cluster size: 1 |Queue: total=0, avg=0.00, max=1000 | Inflight: total=0, avg=0.00, max=32
Warning: Metrics have no next page
date: 2024-12-19 19:06:15.440303 |Cluster size: 1 |Queue: total=0, avg=0.00, max=1000 | Inflight: total=0, avg=0.00, max=32
Warning: Metrics have no next page
date: 2024-12-19 19:06:25.474343 |Cluster size: 1 |Queue: total=0, avg=0.00, max=1000 | Inflight: total=0, avg=0.00, max=32
Warning: Metrics have no next page
date: 2024-12-19 19:06:35.516539 |Cluster size: 1 |Queue: total=0, avg=0.00, max=1000 | Inflight: total=0, avg=0.00, max=32
Warning: Metrics have no next page
date: 2024-12-19 19:06:45.548943 |Cluster size: 1 |Queue: total=0, avg=0.00, max=1000 | Inflight: total=0, avg=0.00, max=32
Warning: Metrics have no next page
date: 2024-12-19 19:06:55.588416 |Cluster size: 1 |Queue: total=0, avg=0.00, max=1000 | Inflight: total=0, avg=0.00, max=32
Warning: Metrics have no next page
date: 2024-12-19 19:07:05.646633 |Cluster size: 1 |Queue: total=0, avg=0.00, max=1000 | Inflight: total=0, avg=0.00, max=32
Warning: Metrics have no next page
date: 2024-12-19 19:07:15.683438 |Cluster size: 1 |Queue: total=0, avg=0.00, max=1000 | Inflight: total=0, avg=0.00, max=32
Warning: Metrics have no next page
date: 2024-12-19 19:07:25.719633 |Cluster size: 1 |Queue: total=0, avg=0.00, max=1000 | Inflight: total=0, avg=0.00, max=32
Warning: Metrics have no next page
date: 2024-12-19 19:07:35.756669 |Cluster size: 1 |Queue: total=0, avg=0.00, max=1000 | Inflight: total=0, avg=0.00, max=32
Warning: Metrics have no next page
date: 2024-12-19 19:07:45.791873 |Cluster size: 1 |Queue: total=0, avg=0.00, max=1000 | Inflight: total=0, avg=0.00, max=32
Warning: Metrics have no next page
date: 2024-12-19 19:07:55.829312 |Cluster size: 1 |Queue: total=0, avg=0.00, max=1000 | Inflight: total=0, avg=0.00, max=32
Warning: Metrics have no next page
date: 2024-12-19 19:08:05.864762 |Cluster size: 1 |Queue: total=0, avg=0.00, max=1000 | Inflight: total=0, avg=0.00, max=32
Warning: Metrics have no next page
date: 2024-12-19 19:08:15.909455 |Cluster size: 1 |Queue: total=0, avg=0.00, max=1000 | Inflight: total=0, avg=0.00, max=32
Warning: Metrics have no next page
date: 2024-12-19 19:08:25.947071 |Cluster size: 1 |Queue: total=0, avg=0.00, max=1000 | Inflight: total=0, avg=0.00, max=32
Warning: Metrics have no next page
date: 2024-12-19 19:08:35.983566 |Cluster size: 1 |Queue: total=0, avg=0.00, max=1000 | Inflight: total=0, avg=0.00, max=32
Warning: Metrics have no next page
date: 2024-12-19 19:08:46.019515 |Cluster size: 1 |Queue: total=0, avg=0.00, max=1000 | Inflight: total=0, avg=0.00, max=32
Warning: Metrics have no next page
date: 2024-12-19 19:08:56.054213 |Cluster size: 1 |Queue: total=0, avg=0.00, max=1000 | Inflight: total=0, avg=0.00, max=32
Warning: Metrics have no next page
date: 2024-12-19 19:09:06.090789 |Cluster size: 1 |Queue: total=0, avg=0.00, max=1000 | Inflight: total=0, avg=0.00, max=32
Warning: Metrics have no next page
date: 2024-12-19 19:09:16.126657 |Cluster size: 1 |Queue: total=0, avg=0.00, max=1000 | Inflight: total=0, avg=0.00, max=32
Warning: Metrics have no next page
date: 2024-12-19 19:09:26.162226 |Cluster size: 1 |Queue: total=0, avg=0.00, max=1000 | Inflight: total=0, avg=0.00, max=32
Warning: Metrics have no next page
date: 2024-12-19 19:09:36.198998 |Cluster size: 1 |Queue: total=0, avg=0.00, max=1000 | Inflight: total=0, avg=0.00, max=32
Warning: Metrics have no next page
date: 2024-12-19 19:09:46.233901 |Cluster size: 1 |Queue: total=0, avg=0.00, max=1000 | Inflight: total=0, avg=0.00, max=32
Warning: Metrics have no next page
date: 2024-12-19 19:09:56.268239 |Cluster size: 1 |Queue: total=0, avg=0.00, max=1000 | Inflight: total=0, avg=0.00, max=32
Warning: Metrics have no next page
date: 2024-12-19 19:10:06.303848 |Cluster size: 1 |Queue: total=0, avg=0.00, max=1000 | Inflight: total=0, avg=0.00, max=32
Warning: Metrics have no next page
date: 2024-12-19 19:10:16.339761 |Cluster size: 1 |Queue: total=0, avg=0.00, max=1000 | Inflight: total=0, avg=0.00, max=32
Warning: Metrics have no next page
date: 2024-12-19 19:10:26.373400 |Cluster size: 1 |Queue: total=0, avg=0.00, max=1000 | Inflight: total=0, avg=0.00, max=32
Warning: Metrics have no next page
date: 2024-12-19 19:10:36.408365 |Cluster size: 1 |Queue: total=0, avg=0.00, max=1000 | Inflight: total=0, avg=0.00, max=32
Warning: Metrics have no next page
date: 2024-12-19 19:10:46.442119 |Cluster size: 1 |Queue: total=0, avg=0.00, max=1000 | Inflight: total=0, avg=0.00, max=32
Warning: Metrics have no next page
date: 2024-12-19 19:10:56.476116 |Cluster size: 1 |Queue: total=0, avg=0.00, max=1000 | Inflight: total=0, avg=0.00, max=32
Warning: Metrics have no next page
date: 2024-12-19 19:11:06.514189 |Cluster size: 1 |Queue: total=0, avg=0.00, max=1000 | Inflight: total=0, avg=0.00, max=32
Warning: Metrics have no next page
date: 2024-12-19 19:11:16.547455 |Cluster size: 1 |Queue: total=0, avg=0.00, max=1000 | Inflight: total=0, avg=0.00, max=32
Warning: Metrics have no next page
date: 2024-12-19 19:11:26.580345 |Cluster size: 1 |Queue: total=0, avg=0.00, max=1000 | Inflight: total=0, avg=0.00, max=32
Warning: Metrics have no next page
date: 2024-12-19 19:11:36.615818 |Cluster size: 1 |Queue: total=0, avg=0.00, max=1000 | Inflight: total=0, avg=0.00, max=32
Warning: Metrics have no next page
date: 2024-12-19 19:11:46.650943 |Cluster size: 1 |Queue: total=0, avg=0.00, max=1000 | Inflight: total=0, avg=0.00, max=32
Warning: Metrics have no next page
date: 2024-12-19 19:11:56.686100 |Cluster size: 1 |Queue: total=0, avg=0.00, max=1000 | Inflight: total=0, avg=0.00, max=32
Warning: Metrics have no next page
date: 2024-12-19 19:12:06.722061 |Cluster size: 1 |Queue: total=0, avg=0.00, max=1000 | Inflight: total=0, avg=0.00, max=32
Warning: Metrics have no next page
date: 2024-12-19 19:12:16.757211 |Cluster size: 1 |Queue: total=0, avg=0.00, max=1000 | Inflight: total=0, avg=0.00, max=32
Warning: Metrics have no next page
date: 2024-12-19 19:12:26.794543 |Cluster size: 1 |Queue: total=0, avg=0.00, max=1000 | Inflight: total=0, avg=0.00, max=32
Warning: Metrics have no next page
date: 2024-12-19 19:12:36.837061 |Cluster size: 1 |Queue: total=0, avg=0.00, max=1000 | Inflight: total=0, avg=0.00, max=32
Warning: Metrics have no next page
date: 2024-12-19 19:12:46.871353 |Cluster size: 1 |Queue: total=0, avg=0.00, max=1000 | Inflight: total=0, avg=0.00, max=32
Warning: Metrics have no next page
date: 2024-12-19 19:12:56.906768 |Cluster size: 1 |Queue: total=0, avg=0.00, max=1000 | Inflight: total=0, avg=0.00, max=32
Warning: Metrics have no next page
date: 2024-12-19 19:13:06.940894 |Cluster size: 1 |Queue: total=0, avg=0.00, max=1000 | Inflight: total=0, avg=0.00, max=32
Warning: Metrics have no next page
date: 2024-12-19 19:13:16.974702 |Cluster size: 1 |Queue: total=0, avg=0.00, max=1000 | Inflight: total=0, avg=0.00, max=32
Warning: Metrics have no next page
date: 2024-12-19 19:13:27.008814 |Cluster size: 1 |Queue: total=0, avg=0.00, max=1000 | Inflight: total=0, avg=0.00, max=32
Warning: Metrics have no next page
date: 2024-12-19 19:13:37.052298 |Cluster size: 1 |Queue: total=0, avg=0.00, max=1000 | Inflight: total=0, avg=0.00, max=32
Warning: Metrics have no next page
date: 2024-12-19 19:13:47.085098 |Cluster size: 1 |Queue: total=0, avg=0.00, max=1000 | Inflight: total=0, avg=0.00, max=32
Warning: Metrics have no next page
date: 2024-12-19 19:13:57.120501 |Cluster size: 1 |Queue: total=0, avg=0.00, max=1000 | Inflight: total=0, avg=0.00, max=32
Warning: Metrics have no next page
date: 2024-12-19 19:14:07.156902 |Cluster size: 1 |Queue: total=0, avg=0.00, max=1000 | Inflight: total=0, avg=0.00, max=32
Warning: Metrics have no next page
date: 2024-12-19 19:14:17.194550 |Cluster size: 1 |Queue: total=0, avg=0.00, max=1000 | Inflight: total=0, avg=0.00, max=32
Warning: Metrics have no next page
date: 2024-12-19 19:14:27.229053 |Cluster size: 1 |Queue: total=0, avg=0.00, max=1000 | Inflight: total=0, avg=0.00, max=32
Warning: Metrics have no next page
date: 2024-12-19 19:14:37.263377 |Cluster size: 1 |Queue: total=0, avg=0.00, max=1000 | Inflight: total=0, avg=0.00, max=32
Warning: Metrics have no next page
date: 2024-12-19 19:14:47.299374 |Cluster size: 1 |Queue: total=0, avg=0.00, max=1000 | Inflight: total=0, avg=0.00, max=32
Warning: Metrics have no next page
date: 2024-12-19 19:14:57.336648 |Cluster size: 1 |Queue: total=0, avg=0.00, max=1000 | Inflight: total=0, avg=0.00, max=32
Warning: Metrics have no next page
date: 2024-12-19 19:15:07.374039 |Cluster size: 1 |Queue: total=0, avg=0.00, max=1000 | Inflight: total=0, avg=0.00, max=32
Warning: Metrics have no next page
date: 2024-12-19 19:15:17.410151 |Cluster size: 1 |Queue: total=0, avg=0.00, max=1000 | Inflight: total=0, avg=0.00, max=32
Warning: Metrics have no next page
date: 2024-12-19 19:15:27.452827 |Cluster size: 1 |Queue: total=0, avg=0.00, max=1000 | Inflight: total=0, avg=0.00, max=32
Warning: Metrics have no next page
date: 2024-12-19 19:15:37.488238 |Cluster size: 1 |Queue: total=0, avg=0.00, max=1000 | Inflight: total=0, avg=0.00, max=32
Warning: Metrics have no next page
date: 2024-12-19 19:15:47.524686 |Cluster size: 1 |Queue: total=0, avg=0.00, max=1000 | Inflight: total=0, avg=0.00, max=32
Warning: Metrics have no next page
date: 2024-12-19 19:15:57.559581 |Cluster size: 1 |Queue: total=0, avg=0.00, max=1000 | Inflight: total=0, avg=0.00, max=32
Warning: Metrics have no next page
date: 2024-12-19 19:16:07.594457 |Cluster size: 1 |Queue: total=0, avg=0.00, max=1000 | Inflight: total=0, avg=0.00, max=32
Warning: Metrics have no next page
date: 2024-12-19 19:16:17.630600 |Cluster size: 1 |Queue: total=0, avg=0.00, max=1000 | Inflight: total=0, avg=0.00, max=32
Warning: Metrics have no next page
date: 2024-12-19 19:16:27.669120 |Cluster size: 1 |Queue: total=0, avg=0.00, max=1000 | Inflight: total=0, avg=0.00, max=32
Warning: Metrics have no next page
date: 2024-12-19 19:16:37.705604 |Cluster size: 1 |Queue: total=0, avg=0.00, max=1000 | Inflight: total=0, avg=0.00, max=32
Warning: Metrics have no next page
date: 2024-12-19 19:16:47.739797 |Cluster size: 1 |Queue: total=0, avg=0.00, max=1000 | Inflight: total=0, avg=0.00, max=32
Warning: Metrics have no next page
date: 2024-12-19 19:16:57.782368 |Cluster size: 1 |Queue: total=0, avg=0.00, max=1000 | Inflight: total=0, avg=0.00, max=32
Warning: Metrics have no next page
date: 2024-12-19 19:17:07.818963 |Cluster size: 1 |Queue: total=0, avg=0.00, max=1000 | Inflight: total=0, avg=0.00, max=32
Warning: Metrics have no next page
date: 2024-12-19 19:17:17.854539 |Cluster size: 1 |Queue: total=0, avg=0.00, max=1000 | Inflight: total=0, avg=0.00, max=32
Warning: Metrics have no next page
date: 2024-12-19 19:17:27.899311 |Cluster size: 1 |Queue: total=0, avg=0.00, max=1000 | Inflight: total=0, avg=0.00, max=32
Warning: Metrics have no next page
date: 2024-12-19 19:17:37.934872 |Cluster size: 1 |Queue: total=0, avg=0.00, max=1000 | Inflight: total=0, avg=0.00, max=32
Warning: Metrics have no next page
date: 2024-12-19 19:17:47.971412 |Cluster size: 1 |Queue: total=0, avg=0.00, max=1000 | Inflight: total=0, avg=0.00, max=32
Warning: Metrics have no next page
date: 2024-12-19 19:17:58.032524 |Cluster size: 1 |Queue: total=0, avg=0.00, max=1000 | Inflight: total=0, avg=0.00, max=32
Warning: Metrics have no next page
date: 2024-12-19 19:18:08.069443 |Cluster size: 1 |Queue: total=0, avg=0.00, max=1000 | Inflight: total=0, avg=0.00, max=32
Warning: Metrics have no next page
date: 2024-12-19 19:18:18.105975 |Cluster size: 1 |Queue: total=0, avg=0.00, max=1000 | Inflight: total=0, avg=0.00, max=32
Warning: Metrics have no next page
date: 2024-12-19 19:18:28.141966 |Cluster size: 1 |Queue: total=0, avg=0.00, max=1000 | Inflight: total=0, avg=0.00, max=32
Warning: Metrics have no next page
date: 2024-12-19 19:18:38.188553 |Cluster size: 1 |Queue: total=0, avg=0.00, max=1000 | Inflight: total=0, avg=0.00, max=32
Warning: Metrics have no next page
date: 2024-12-19 19:18:48.231231 |Cluster size: 1 |Queue: total=0, avg=0.00, max=1000 | Inflight: total=0, avg=0.00, max=32
Warning: Metrics have no next page
date: 2024-12-19 19:18:58.266768 |Cluster size: 1 |Queue: total=0, avg=0.00, max=1000 | Inflight: total=0, avg=0.00, max=32
Warning: Metrics have no next page
date: 2024-12-19 19:19:08.303190 |Cluster size: 1 |Queue: total=0, avg=0.00, max=1000 | Inflight: total=0, avg=0.00, max=32
Warning: Metrics have no next page
date: 2024-12-19 19:19:18.339470 |Cluster size: 1 |Queue: total=0, avg=0.00, max=1000 | Inflight: total=0, avg=0.00, max=32
Warning: Metrics have no next page
date: 2024-12-19 19:19:28.376274 |Cluster size: 1 |Queue: total=0, avg=0.00, max=1000 | Inflight: total=0, avg=0.00, max=32
Warning: Metrics have no next page
date: 2024-12-19 19:19:38.412647 |Cluster size: 1 |Queue: total=0, avg=0.00, max=1000 | Inflight: total=0, avg=0.00, max=32
Warning: Metrics have no next page
date: 2024-12-19 19:19:48.452768 |Cluster size: 1 |Queue: total=0, avg=0.00, max=1000 | Inflight: total=0, avg=0.00, max=32
Warning: Metrics have no next page
date: 2024-12-19 19:19:58.489019 |Cluster size: 1 |Queue: total=0, avg=0.00, max=1000 | Inflight: total=0, avg=0.00, max=32
Warning: Metrics have no next page
date: 2024-12-19 19:20:08.526834 |Cluster size: 1 |Queue: total=0, avg=0.00, max=1000 | Inflight: total=0, avg=0.00, max=32
Warning: Metrics have no next page
date: 2024-12-19 19:20:18.563454 |Cluster size: 1 |Queue: total=0, avg=0.00, max=1000 | Inflight: total=0, avg=0.00, max=32
Warning: Metrics have no next page
date: 2024-12-19 19:20:28.602945 |Cluster size: 1 |Queue: total=0, avg=0.00, max=1000 | Inflight: total=0, avg=0.00, max=32
Warning: Metrics have no next page
date: 2024-12-19 19:20:38.637697 |Cluster size: 1 |Queue: total=0, avg=0.00, max=1000 | Inflight: total=0, avg=0.00, max=32
Warning: Metrics have no next page
date: 2024-12-19 19:20:48.674479 |Cluster size: 1 |Queue: total=0, avg=0.00, max=1000 | Inflight: total=0, avg=0.00, max=32
Warning: Metrics have no next page
date: 2024-12-19 19:20:58.712228 |Cluster size: 1 |Queue: total=0, avg=0.00, max=1000 | Inflight: total=0, avg=0.00, max=32
Warning: Metrics have no next page
date: 2024-12-19 19:21:08.749529 |Cluster size: 1 |Queue: total=0, avg=0.00, max=1000 | Inflight: total=0, avg=0.00, max=32
Warning: Metrics have no next page
date: 2024-12-19 19:21:18.786911 |Cluster size: 1 |Queue: total=0, avg=0.00, max=1000 | Inflight: total=0, avg=0.00, max=32
Warning: Metrics have no next page
date: 2024-12-19 19:21:28.823684 |Cluster size: 1 |Queue: total=0, avg=0.00, max=1000 | Inflight: total=0, avg=0.00, max=32
Warning: Metrics have no next page
date: 2024-12-19 19:21:38.861372 |Cluster size: 1 |Queue: total=0, avg=0.00, max=1000 | Inflight: total=0, avg=0.00, max=32
Warning: Metrics have no next page
date: 2024-12-19 19:21:48.897518 |Cluster size: 1 |Queue: total=0, avg=0.00, max=1000 | Inflight: total=0, avg=0.00, max=32
Warning: Metrics have no next page
date: 2024-12-19 19:21:58.933395 |Cluster size: 1 |Queue: total=0, avg=0.00, max=1000 | Inflight: total=0, avg=0.00, max=32
Warning: Metrics have no next page
date: 2024-12-19 19:22:08.977894 |Cluster size: 1 |Queue: total=0, avg=0.00, max=1000 | Inflight: total=0, avg=0.00, max=32
Warning: Metrics have no next page
date: 2024-12-19 19:22:19.014212 |Cluster size: 1 |Queue: total=0, avg=0.00, max=1000 | Inflight: total=0, avg=0.00, max=32
Warning: Metrics have no next page
date: 2024-12-19 19:22:29.059133 |Cluster size: 1 |Queue: total=0, avg=0.00, max=1000 | Inflight: total=0, avg=0.00, max=32
Warning: Metrics have no next page
date: 2024-12-19 19:22:39.096092 |Cluster size: 1 |Queue: total=0, avg=0.00, max=1000 | Inflight: total=0, avg=0.00, max=32
Warning: Metrics have no next page
date: 2024-12-19 19:22:49.133934 |Cluster size: 1 |Queue: total=0, avg=0.00, max=1000 | Inflight: total=0, avg=0.00, max=32
Warning: Metrics have no next page
date: 2024-12-19 19:22:59.168994 |Cluster size: 1 |Queue: total=0, avg=0.00, max=1000 | Inflight: total=0, avg=0.00, max=32
Warning: Metrics have no next page
date: 2024-12-19 19:23:09.204319 |Cluster size: 1 |Queue: total=0, avg=0.00, max=1000 | Inflight: total=0, avg=0.00, max=32
Warning: Metrics have no next page
date: 2024-12-19 19:23:19.239934 |Cluster size: 1 |Queue: total=0, avg=0.00, max=1000 | Inflight: total=0, avg=0.00, max=32
Warning: Metrics have no next page
date: 2024-12-19 19:23:29.275315 |Cluster size: 1 |Queue: total=0, avg=0.00, max=1000 | Inflight: total=0, avg=0.00, max=32
Warning: Metrics have no next page
date: 2024-12-19 19:23:39.311355 |Cluster size: 1 |Queue: total=0, avg=0.00, max=1000 | Inflight: total=0, avg=0.00, max=32
Warning: Metrics have no next page
date: 2024-12-19 19:23:49.346894 |Cluster size: 1 |Queue: total=0, avg=0.00, max=1000 | Inflight: total=0, avg=0.00, max=32
Warning: Metrics have no next page
date: 2024-12-19 19:23:59.383976 |Cluster size: 1 |Queue: total=0, avg=0.00, max=1000 | Inflight: total=0, avg=0.00, max=32
Warning: Metrics have no next page
date: 2024-12-19 19:24:09.420461 |Cluster size: 1 |Queue: total=0, avg=0.00, max=1000 | Inflight: total=0, avg=0.00, max=32
Warning: Metrics have no next page
date: 2024-12-19 19:24:19.456407 |Cluster size: 1 |Queue: total=0, avg=0.00, max=1000 | Inflight: total=0, avg=0.00, max=32
Warning: Metrics have no next page
date: 2024-12-19 19:24:29.493002 |Cluster size: 1 |Queue: total=0, avg=0.00, max=1000 | Inflight: total=0, avg=0.00, max=32
Warning: Metrics have no next page
date: 2024-12-19 19:24:39.533180 |Cluster size: 1 |Queue: total=0, avg=0.00, max=1000 | Inflight: total=0, avg=0.00, max=32
Warning: Metrics have no next page
date: 2024-12-19 19:24:49.568060 |Cluster size: 1 |Queue: total=0, avg=0.00, max=1000 | Inflight: total=0, avg=0.00, max=32
Warning: Metrics have no next page
date: 2024-12-19 19:24:59.602025 |Cluster size: 1 |Queue: total=0, avg=0.00, max=1000 | Inflight: total=0, avg=0.00, max=32
Warning: Metrics have no next page
date: 2024-12-19 19:25:09.638826 |Cluster size: 1 |Queue: total=0, avg=0.00, max=1000 | Inflight: total=0, avg=0.00, max=32
Warning: Metrics have no next page
date: 2024-12-19 19:25:19.666131 |Cluster size: 1 |Queue: total=0, avg=0.00, max=1000 | Inflight: total=0, avg=0.00, max=32
Warning: Metrics have no next page
date: 2024-12-19 19:25:29.700421 |Cluster size: 1 |Queue: total=0, avg=0.00, max=1000 | Inflight: total=0, avg=0.00, max=32
Warning: Metrics have no next page
date: 2024-12-19 19:25:39.735446 |Cluster size: 1 |Queue: total=0, avg=0.00, max=1000 | Inflight: total=0, avg=0.00, max=32
Warning: Metrics have no next page
date: 2024-12-19 19:25:49.770797 |Cluster size: 1 |Queue: total=0, avg=0.00, max=1000 | Inflight: total=0, avg=0.00, max=32
Warning: Metrics have no next page
date: 2024-12-19 19:25:59.806906 |Cluster size: 1 |Queue: total=0, avg=0.00, max=1000 | Inflight: total=0, avg=0.00, max=32
Warning: Metrics have no next page
date: 2024-12-19 19:26:09.840528 |Cluster size: 1 |Queue: total=0, avg=0.00, max=1000 | Inflight: total=0, avg=0.00, max=32
Warning: Metrics have no next page
date: 2024-12-19 19:26:19.876226 |Cluster size: 1 |Queue: total=0, avg=0.00, max=1000 | Inflight: total=0, avg=0.00, max=32
Warning: Metrics have no next page
date: 2024-12-19 19:26:29.911734 |Cluster size: 1 |Queue: total=0, avg=0.00, max=1000 | Inflight: total=0, avg=0.00, max=32
Warning: Metrics have no next page
date: 2024-12-19 19:26:39.950430 |Cluster size: 1 |Queue: total=0, avg=0.00, max=1000 | Inflight: total=0, avg=0.00, max=32
Warning: Metrics have no next page
date: 2024-12-19 19:26:49.982798 |Cluster size: 1 |Queue: total=0, avg=0.00, max=1000 | Inflight: total=0, avg=0.00, max=32
Warning: Metrics have no next page
date: 2024-12-19 19:27:00.023094 |Cluster size: 1 |Queue: total=0, avg=0.00, max=1000 | Inflight: total=0, avg=0.00, max=32
Warning: Metrics have no next page
date: 2024-12-19 19:27:10.059117 |Cluster size: 1 |Queue: total=0, avg=0.00, max=1000 | Inflight: total=0, avg=0.00, max=32
Warning: Metrics have no next page
date: 2024-12-19 19:27:20.097457 |Cluster size: 1 |Queue: total=0, avg=0.00, max=1000 | Inflight: total=0, avg=0.00, max=32
Warning: Metrics have no next page
date: 2024-12-19 19:27:30.138405 |Cluster size: 1 |Queue: total=0, avg=0.00, max=1000 | Inflight: total=0, avg=0.00, max=32
Warning: Metrics have no next page
date: 2024-12-19 19:27:40.171628 |Cluster size: 1 |Queue: total=0, avg=0.00, max=1000 | Inflight: total=0, avg=0.00, max=32
Warning: Metrics have no next page
date: 2024-12-19 19:27:50.206963 |Cluster size: 1 |Queue: total=0, avg=0.00, max=1000 | Inflight: total=0, avg=0.00, max=32
Warning: Metrics have no next page
date: 2024-12-19 19:28:00.244324 |Cluster size: 1 |Queue: total=0, avg=0.00, max=1000 | Inflight: total=0, avg=0.00, max=32
Warning: Metrics have no next page
date: 2024-12-19 19:28:10.277497 |Cluster size: 1 |Queue: total=0, avg=0.00, max=1000 | Inflight: total=0, avg=0.00, max=32
Warning: Metrics have no next page
date: 2024-12-19 19:28:20.312928 |Cluster size: 1 |Queue: total=0, avg=0.00, max=1000 | Inflight: total=0, avg=0.00, max=32
Warning: Metrics have no next page
date: 2024-12-19 19:28:30.349450 |Cluster size: 1 |Queue: total=0, avg=0.00, max=1000 | Inflight: total=0, avg=0.00, max=32
Warning: Metrics have no next page
date: 2024-12-19 19:28:40.384132 |Cluster size: 1 |Queue: total=0, avg=0.00, max=1000 | Inflight: total=0, avg=0.00, max=32
Warning: Metrics have no next page
date: 2024-12-19 19:28:50.419943 |Cluster size: 1 |Queue: total=0, avg=0.00, max=1000 | Inflight: total=0, avg=0.00, max=32
Warning: Metrics have no next page
date: 2024-12-19 19:29:00.455837 |Cluster size: 1 |Queue: total=0, avg=0.00, max=1000 | Inflight: total=0, avg=0.00, max=32
Warning: Metrics have no next page
date: 2024-12-19 19:29:10.489890 |Cluster size: 1 |Queue: total=0, avg=0.00, max=1000 | Inflight: total=0, avg=0.00, max=32
Warning: Metrics have no next page
date: 2024-12-19 19:29:20.529060 |Cluster size: 1 |Queue: total=0, avg=0.00, max=1000 | Inflight: total=0, avg=0.00, max=32
Warning: Metrics have no next page
date: 2024-12-19 19:29:30.562698 |Cluster size: 1 |Queue: total=0, avg=0.00, max=1000 | Inflight: total=0, avg=0.00, max=32
Warning: Metrics have no next page
date: 2024-12-19 19:29:40.598654 |Cluster size: 1 |Queue: total=0, avg=0.00, max=1000 | Inflight: total=0, avg=0.00, max=32
Warning: Metrics have no next page
date: 2024-12-19 19:29:50.633586 |Cluster size: 1 |Queue: total=0, avg=0.00, max=1000 | Inflight: total=0, avg=0.00, max=32
Warning: Metrics have no next page
date: 2024-12-19 19:30:00.673541 |Cluster size: 1 |Queue: total=0, avg=0.00, max=1000 | Inflight: total=0, avg=0.00, max=32
Warning: Metrics have no next page
date: 2024-12-19 19:30:10.700073 |Cluster size: 1 |Queue: total=0, avg=0.00, max=1000 | Inflight: total=0, avg=0.00, max=32
Warning: Metrics have no next page
date: 2024-12-19 19:30:20.734266 |Cluster size: 1 |Queue: total=0, avg=0.00, max=1000 | Inflight: total=0, avg=0.00, max=32
Warning: Metrics have no next page
date: 2024-12-19 19:30:30.768298 |Cluster size: 1 |Queue: total=0, avg=0.00, max=1000 | Inflight: total=0, avg=0.00, max=32
Warning: Metrics have no next page
date: 2024-12-19 19:30:40.803774 |Cluster size: 1 |Queue: total=0, avg=0.00, max=1000 | Inflight: total=0, avg=0.00, max=32
Warning: Metrics have no next page
date: 2024-12-19 19:30:50.838764 |Cluster size: 1 |Queue: total=0, avg=0.00, max=1000 | Inflight: total=0, avg=0.00, max=32
Warning: Metrics have no next page
date: 2024-12-19 19:31:00.874515 |Cluster size: 1 |Queue: total=0, avg=0.00, max=1000 | Inflight: total=0, avg=0.00, max=32
Warning: Metrics have no next page
date: 2024-12-19 19:31:10.909074 |Cluster size: 1 |Queue: total=0, avg=0.00, max=1000 | Inflight: total=0, avg=0.00, max=32
Warning: Metrics have no next page
date: 2024-12-19 19:31:20.944842 |Cluster size: 1 |Queue: total=0, avg=0.00, max=1000 | Inflight: total=0, avg=0.00, max=32
Warning: Metrics have no next page
date: 2024-12-19 19:31:30.978285 |Cluster size: 1 |Queue: total=0, avg=0.00, max=1000 | Inflight: total=0, avg=0.00, max=32
Warning: Metrics have no next page
date: 2024-12-19 19:31:41.012704 |Cluster size: 1 |Queue: total=0, avg=0.00, max=1000 | Inflight: total=0, avg=0.00, max=32
Warning: Metrics have no next page
date: 2024-12-19 19:31:51.048412 |Cluster size: 1 |Queue: total=0, avg=0.00, max=1000 | Inflight: total=0, avg=0.00, max=32
Warning: Metrics have no next page
date: 2024-12-19 19:32:01.082337 |Cluster size: 1 |Queue: total=0, avg=0.00, max=1000 | Inflight: total=0, avg=0.00, max=32
Warning: Metrics have no next page
date: 2024-12-19 19:32:11.118092 |Cluster size: 1 |Queue: total=0, avg=0.00, max=1000 | Inflight: total=0, avg=0.00, max=32
Warning: Metrics have no next page
date: 2024-12-19 19:32:21.155550 |Cluster size: 1 |Queue: total=0, avg=0.00, max=1000 | Inflight: total=0, avg=0.00, max=32
Warning: Metrics have no next page
date: 2024-12-19 19:32:31.198460 |Cluster size: 1 |Queue: total=0, avg=0.00, max=1000 | Inflight: total=0, avg=0.00, max=32
Warning: Metrics have no next page
date: 2024-12-19 19:32:41.234060 |Cluster size: 1 |Queue: total=0, avg=0.00, max=1000 | Inflight: total=0, avg=0.00, max=32
Warning: Metrics have no next page
date: 2024-12-19 19:32:51.272275 |Cluster size: 1 |Queue: total=0, avg=0.00, max=1000 | Inflight: total=0, avg=0.00, max=32
Warning: Metrics have no next page
date: 2024-12-19 19:33:01.305656 |Cluster size: 1 |Queue: total=0, avg=0.00, max=1000 | Inflight: total=0, avg=0.00, max=32
Warning: Metrics have no next page
date: 2024-12-19 19:33:11.341312 |Cluster size: 1 |Queue: total=0, avg=0.00, max=1000 | Inflight: total=0, avg=0.00, max=32
Warning: Metrics have no next page
date: 2024-12-19 19:33:21.375166 |Cluster size: 1 |Queue: total=0, avg=0.00, max=1000 | Inflight: total=0, avg=0.00, max=32
Warning: Metrics have no next page
date: 2024-12-19 19:33:31.410305 |Cluster size: 1 |Queue: total=0, avg=0.00, max=1000 | Inflight: total=0, avg=0.00, max=32
Warning: Metrics have no next page
date: 2024-12-19 19:33:41.445210 |Cluster size: 1 |Queue: total=0, avg=0.00, max=1000 | Inflight: total=0, avg=0.00, max=32
Warning: Metrics have no next page
date: 2024-12-19 19:33:51.484858 |Cluster size: 1 |Queue: total=0, avg=0.00, max=1000 | Inflight: total=0, avg=0.00, max=32
Warning: Metrics have no next page
date: 2024-12-19 19:34:01.520279 |Cluster size: 1 |Queue: total=0, avg=0.00, max=1000 | Inflight: total=0, avg=0.00, max=32
Warning: Metrics have no next page
date: 2024-12-19 19:34:11.553474 |Cluster size: 1 |Queue: total=0, avg=0.00, max=1000 | Inflight: total=0, avg=0.00, max=32
Warning: Metrics have no next page
date: 2024-12-19 19:34:21.588049 |Cluster size: 1 |Queue: total=0, avg=0.00, max=1000 | Inflight: total=0, avg=0.00, max=32
Warning: Metrics have no next page
date: 2024-12-19 19:34:31.622227 |Cluster size: 1 |Queue: total=0, avg=0.00, max=1000 | Inflight: total=0, avg=0.00, max=32
Warning: Metrics have no next page
date: 2024-12-19 19:34:41.655954 |Cluster size: 1 |Queue: total=0, avg=0.00, max=1000 | Inflight: total=0, avg=0.00, max=32
Warning: Metrics have no next page
date: 2024-12-19 19:34:51.691384 |Cluster size: 1 |Queue: total=0, avg=0.00, max=1000 | Inflight: total=0, avg=0.00, max=32
Warning: Metrics have no next page
date: 2024-12-19 19:35:01.723653 |Cluster size: 1 |Queue: total=0, avg=0.00, max=1000 | Inflight: total=0, avg=0.00, max=32
Warning: Metrics have no next page
date: 2024-12-19 19:35:11.759070 |Cluster size: 1 |Queue: total=0, avg=0.00, max=1000 | Inflight: total=0, avg=0.00, max=32
Warning: Metrics have no next page
date: 2024-12-19 19:35:21.794028 |Cluster size: 1 |Queue: total=0, avg=0.00, max=1000 | Inflight: total=0, avg=0.00, max=32
Warning: Metrics have no next page
date: 2024-12-19 19:35:31.828452 |Cluster size: 1 |Queue: total=0, avg=0.00, max=1000 | Inflight: total=0, avg=0.00, max=32
Warning: Metrics have no next page
date: 2024-12-19 19:35:41.865306 |Cluster size: 1 |Queue: total=0, avg=0.00, max=1000 | Inflight: total=0, avg=0.00, max=32
Warning: Metrics have no next page
date: 2024-12-19 19:35:51.900241 |Cluster size: 1 |Queue: total=0, avg=0.00, max=1000 | Inflight: total=0, avg=0.00, max=32
Warning: Metrics have no next page
date: 2024-12-19 19:36:01.934219 |Cluster size: 1 |Queue: total=0, avg=0.00, max=1000 | Inflight: total=0, avg=0.00, max=32
Warning: Metrics have no next page
date: 2024-12-19 19:36:11.968947 |Cluster size: 1 |Queue: total=0, avg=0.00, max=1000 | Inflight: total=0, avg=0.00, max=32
Warning: Metrics have no next page
date: 2024-12-19 19:36:22.005410 |Cluster size: 1 |Queue: total=0, avg=0.00, max=1000 | Inflight: total=0, avg=0.00, max=32
Warning: Metrics have no next page
date: 2024-12-19 19:36:32.038637 |Cluster size: 1 |Queue: total=0, avg=0.00, max=1000 | Inflight: total=0, avg=0.00, max=32
Warning: Metrics have no next page
date: 2024-12-19 19:36:42.077705 |Cluster size: 1 |Queue: total=0, avg=0.00, max=1000 | Inflight: total=0, avg=0.00, max=32
Warning: Metrics have no next page
date: 2024-12-19 19:36:52.110666 |Cluster size: 1 |Queue: total=0, avg=0.00, max=1000 | Inflight: total=0, avg=0.00, max=32
Warning: Metrics have no next page
date: 2024-12-19 19:37:02.144795 |Cluster size: 1 |Queue: total=0, avg=0.00, max=1000 | Inflight: total=0, avg=0.00, max=32
Warning: Metrics have no next page
date: 2024-12-19 19:37:12.180467 |Cluster size: 1 |Queue: total=0, avg=0.00, max=1000 | Inflight: total=0, avg=0.00, max=32
Warning: Metrics have no next page
date: 2024-12-19 19:37:22.215839 |Cluster size: 1 |Queue: total=0, avg=0.00, max=1000 | Inflight: total=0, avg=0.00, max=32
Warning: Metrics have no next page
date: 2024-12-19 19:37:32.250574 |Cluster size: 1 |Queue: total=0, avg=0.00, max=1000 | Inflight: total=0, avg=0.00, max=32
Warning: Metrics have no next page
date: 2024-12-19 19:37:42.287862 |Cluster size: 1 |Queue: total=0, avg=0.00, max=1000 | Inflight: total=0, avg=0.00, max=32
Warning: Metrics have no next page
date: 2024-12-19 19:37:52.322864 |Cluster size: 1 |Queue: total=0, avg=0.00, max=1000 | Inflight: total=0, avg=0.00, max=32
Warning: Metrics have no next page
date: 2024-12-19 19:38:02.360031 |Cluster size: 1 |Queue: total=0, avg=0.00, max=1000 | Inflight: total=0, avg=0.00, max=32
Warning: Metrics have no next page
date: 2024-12-19 19:38:12.400548 |Cluster size: 1 |Queue: total=0, avg=0.00, max=1000 | Inflight: total=0, avg=0.00, max=32
Warning: Metrics have no next page
date: 2024-12-19 19:38:22.435466 |Cluster size: 1 |Queue: total=0, avg=0.00, max=1000 | Inflight: total=0, avg=0.00, max=32
Warning: Metrics have no next page
date: 2024-12-19 19:38:32.470317 |Cluster size: 1 |Queue: total=0, avg=0.00, max=1000 | Inflight: total=0, avg=0.00, max=32
Warning: Metrics have no next page
date: 2024-12-19 19:38:42.504659 |Cluster size: 1 |Queue: total=0, avg=0.00, max=1000 | Inflight: total=0, avg=0.00, max=32
Warning: Metrics have no next page
date: 2024-12-19 19:38:52.541031 |Cluster size: 1 |Queue: total=0, avg=0.00, max=1000 | Inflight: total=0, avg=0.00, max=32
Warning: Metrics have no next page
date: 2024-12-19 19:39:02.575840 |Cluster size: 1 |Queue: total=0, avg=0.00, max=1000 | Inflight: total=0, avg=0.00, max=32
Warning: Metrics have no next page
date: 2024-12-19 19:39:12.620957 |Cluster size: 1 |Queue: total=0, avg=0.00, max=1000 | Inflight: total=0, avg=0.00, max=32
Warning: Metrics have no next page
date: 2024-12-19 19:39:22.657864 |Cluster size: 1 |Queue: total=0, avg=0.00, max=1000 | Inflight: total=0, avg=0.00, max=32
Warning: Metrics have no next page
date: 2024-12-19 19:39:32.690463 |Cluster size: 1 |Queue: total=0, avg=0.00, max=1000 | Inflight: total=0, avg=0.00, max=32
Warning: Metrics have no next page
date: 2024-12-19 19:39:42.726476 |Cluster size: 1 |Queue: total=0, avg=0.00, max=1000 | Inflight: total=0, avg=0.00, max=32
Warning: Metrics have no next page
date: 2024-12-19 19:39:52.768223 |Cluster size: 1 |Queue: total=0, avg=0.00, max=1000 | Inflight: total=0, avg=0.00, max=32
Warning: Metrics have no next page
date: 2024-12-19 19:40:02.805831 |Cluster size: 1 |Queue: total=0, avg=0.00, max=1000 | Inflight: total=0, avg=0.00, max=32
Warning: Metrics have no next page
date: 2024-12-19 19:40:12.849313 |Cluster size: 1 |Queue: total=0, avg=0.00, max=1000 | Inflight: total=0, avg=0.00, max=32
Warning: Metrics have no next page
date: 2024-12-19 19:40:22.884313 |Cluster size: 1 |Queue: total=0, avg=0.00, max=1000 | Inflight: total=0, avg=0.00, max=32
Warning: Metrics have no next page
date: 2024-12-19 19:40:32.917685 |Cluster size: 1 |Queue: total=0, avg=0.00, max=1000 | Inflight: total=0, avg=0.00, max=32
Warning: Metrics have no next page
date: 2024-12-19 19:40:42.945805 |Cluster size: 1 |Queue: total=0, avg=0.00, max=1000 | Inflight: total=0, avg=0.00, max=32
Warning: Metrics have no next page
date: 2024-12-19 19:40:52.999260 |Cluster size: 1 |Queue: total=0, avg=0.00, max=1000 | Inflight: total=0, avg=0.00, max=32
Warning: Metrics have no next page
date: 2024-12-19 19:41:03.037614 |Cluster size: 1 |Queue: total=0, avg=0.00, max=1000 | Inflight: total=0, avg=0.00, max=32
Warning: Metrics have no next page
date: 2024-12-19 19:41:13.074060 |Cluster size: 1 |Queue: total=0, avg=0.00, max=1000 | Inflight: total=0, avg=0.00, max=32
Warning: Metrics have no next page
date: 2024-12-19 19:41:23.111506 |Cluster size: 1 |Queue: total=0, avg=0.00, max=1000 | Inflight: total=0, avg=0.00, max=32
Warning: Metrics have no next page
date: 2024-12-19 19:41:33.149273 |Cluster size: 1 |Queue: total=0, avg=0.00, max=1000 | Inflight: total=0, avg=0.00, max=32
Warning: Metrics have no next page
date: 2024-12-19 19:41:43.185737 |Cluster size: 1 |Queue: total=0, avg=0.00, max=1000 | Inflight: total=0, avg=0.00, max=32
Warning: Metrics have no next page
date: 2024-12-19 19:41:53.220915 |Cluster size: 1 |Queue: total=0, avg=0.00, max=1000 | Inflight: total=0, avg=0.00, max=32
Warning: Metrics have no next page
date: 2024-12-19 19:42:03.259104 |Cluster size: 1 |Queue: total=0, avg=0.00, max=1000 | Inflight: total=0, avg=0.00, max=32
Warning: Metrics have no next page
date: 2024-12-19 19:42:13.295337 |Cluster size: 1 |Queue: total=0, avg=0.00, max=1000 | Inflight: total=0, avg=0.00, max=32
Warning: Metrics have no next page
date: 2024-12-19 19:42:23.334307 |Cluster size: 1 |Queue: total=0, avg=0.00, max=1000 | Inflight: total=0, avg=0.00, max=32
Warning: Metrics have no next page
date: 2024-12-19 19:42:33.371634 |Cluster size: 1 |Queue: total=0, avg=0.00, max=1000 | Inflight: total=0, avg=0.00, max=32
Warning: Metrics have no next page
date: 2024-12-19 19:42:43.408170 |Cluster size: 1 |Queue: total=0, avg=0.00, max=1000 | Inflight: total=0, avg=0.00, max=32
Warning: Metrics have no next page
date: 2024-12-19 19:42:53.442649 |Cluster size: 1 |Queue: total=0, avg=0.00, max=1000 | Inflight: total=0, avg=0.00, max=32
Warning: Metrics have no next page
date: 2024-12-19 19:43:03.479335 |Cluster size: 1 |Queue: total=0, avg=0.00, max=1000 | Inflight: total=0, avg=0.00, max=32
Warning: Metrics have no next page
date: 2024-12-19 19:43:13.526967 |Cluster size: 1 |Queue: total=0, avg=0.00, max=1000 | Inflight: total=0, avg=0.00, max=32
Warning: Metrics have no next page
date: 2024-12-19 19:43:23.565512 |Cluster size: 1 |Queue: total=0, avg=0.00, max=1000 | Inflight: total=0, avg=0.00, max=32
Warning: Metrics have no next page
date: 2024-12-19 19:43:33.609079 |Cluster size: 1 |Queue: total=0, avg=0.00, max=1000 | Inflight: total=0, avg=0.00, max=32
Warning: Metrics have no next page
date: 2024-12-19 19:43:43.647892 |Cluster size: 1 |Queue: total=0, avg=0.00, max=1000 | Inflight: total=0, avg=0.00, max=32
Warning: Metrics have no next page
date: 2024-12-19 19:43:53.684226 |Cluster size: 1 |Queue: total=0, avg=0.00, max=1000 | Inflight: total=0, avg=0.00, max=32
Warning: Metrics have no next page
date: 2024-12-19 19:44:03.727768 |Cluster size: 1 |Queue: total=0, avg=0.00, max=1000 | Inflight: total=0, avg=0.00, max=32
Warning: Metrics have no next page
date: 2024-12-19 19:44:13.768006 |Cluster size: 1 |Queue: total=0, avg=0.00, max=1000 | Inflight: total=0, avg=0.00, max=32
Warning: Metrics have no next page
date: 2024-12-19 19:44:23.794615 |Cluster size: 1 |Queue: total=0, avg=0.00, max=1000 | Inflight: total=0, avg=0.00, max=32
Warning: Metrics have no next page
date: 2024-12-19 19:44:33.832120 |Cluster size: 1 |Queue: total=0, avg=0.00, max=1000 | Inflight: total=0, avg=0.00, max=32
Warning: Metrics have no next page
date: 2024-12-19 19:44:43.867999 |Cluster size: 1 |Queue: total=0, avg=0.00, max=1000 | Inflight: total=0, avg=0.00, max=32
Warning: Metrics have no next page
date: 2024-12-19 19:44:53.902396 |Cluster size: 1 |Queue: total=0, avg=0.00, max=1000 | Inflight: total=0, avg=0.00, max=32
Warning: Metrics have no next page
date: 2024-12-19 19:45:03.938989 |Cluster size: 1 |Queue: total=0, avg=0.00, max=1000 | Inflight: total=0, avg=0.00, max=32
Warning: Metrics have no next page
date: 2024-12-19 19:45:13.977171 |Cluster size: 1 |Queue: total=0, avg=0.00, max=1000 | Inflight: total=0, avg=0.00, max=32
Warning: Metrics have no next page
date: 2024-12-19 19:45:24.013392 |Cluster size: 1 |Queue: total=0, avg=0.00, max=1000 | Inflight: total=0, avg=0.00, max=32
Warning: Metrics have no next page
date: 2024-12-19 19:45:34.050054 |Cluster size: 1 |Queue: total=0, avg=0.00, max=1000 | Inflight: total=0, avg=0.00, max=32
Warning: Metrics have no next page
date: 2024-12-19 19:45:44.086341 |Cluster size: 1 |Queue: total=0, avg=0.00, max=1000 | Inflight: total=0, avg=0.00, max=32
Warning: Metrics have no next page
date: 2024-12-19 19:45:54.122016 |Cluster size: 1 |Queue: total=0, avg=0.00, max=1000 | Inflight: total=0, avg=0.00, max=32
Warning: Metrics have no next page
date: 2024-12-19 19:46:04.159216 |Cluster size: 1 |Queue: total=0, avg=0.00, max=1000 | Inflight: total=0, avg=0.00, max=32
Warning: Metrics have no next page
date: 2024-12-19 19:46:14.196982 |Cluster size: 1 |Queue: total=0, avg=0.00, max=1000 | Inflight: total=0, avg=0.00, max=32
Warning: Metrics have no next page
date: 2024-12-19 19:46:24.231437 |Cluster size: 1 |Queue: total=0, avg=0.00, max=1000 | Inflight: total=0, avg=0.00, max=32
Warning: Metrics have no next page
date: 2024-12-19 19:46:34.266390 |Cluster size: 1 |Queue: total=0, avg=0.00, max=1000 | Inflight: total=0, avg=0.00, max=32
Warning: Metrics have no next page
date: 2024-12-19 19:46:44.303141 |Cluster size: 1 |Queue: total=0, avg=0.00, max=1000 | Inflight: total=0, avg=0.00, max=32
Warning: Metrics have no next page
date: 2024-12-19 19:46:54.333177 |Cluster size: 1 |Queue: total=0, avg=0.00, max=1000 | Inflight: total=0, avg=0.00, max=32
Warning: Metrics have no next page
date: 2024-12-19 19:47:04.370422 |Cluster size: 1 |Queue: total=0, avg=0.00, max=1000 | Inflight: total=0, avg=0.00, max=32
Warning: Metrics have no next page
date: 2024-12-19 19:47:14.406624 |Cluster size: 1 |Queue: total=0, avg=0.00, max=1000 | Inflight: total=0, avg=0.00, max=32
Warning: Metrics have no next page
date: 2024-12-19 19:47:24.435710 |Cluster size: 1 |Queue: total=0, avg=0.00, max=1000 | Inflight: total=0, avg=0.00, max=32
Warning: Metrics have no next page
date: 2024-12-19 19:47:34.474418 |Cluster size: 1 |Queue: total=0, avg=0.00, max=1000 | Inflight: total=0, avg=0.00, max=32
Warning: Metrics have no next page
date: 2024-12-19 19:47:44.508753 |Cluster size: 1 |Queue: total=0, avg=0.00, max=1000 | Inflight: total=0, avg=0.00, max=32
Warning: Metrics have no next page
date: 2024-12-19 19:47:54.545055 |Cluster size: 1 |Queue: total=0, avg=0.00, max=1000 | Inflight: total=0, avg=0.00, max=32
Warning: Metrics have no next page
date: 2024-12-19 19:48:04.577792 |Cluster size: 1 |Queue: total=0, avg=0.00, max=1000 | Inflight: total=0, avg=0.00, max=32
Warning: Metrics have no next page
date: 2024-12-19 19:48:14.611587 |Cluster size: 1 |Queue: total=0, avg=0.00, max=1000 | Inflight: total=0, avg=0.00, max=32
Warning: Metrics have no next page
date: 2024-12-19 19:48:24.653628 |Cluster size: 1 |Queue: total=0, avg=0.00, max=1000 | Inflight: total=0, avg=0.00, max=32
Warning: Metrics have no next page
date: 2024-12-19 19:48:34.690623 |Cluster size: 1 |Queue: total=0, avg=0.00, max=1000 | Inflight: total=0, avg=0.00, max=32
Warning: Metrics have no next page
date: 2024-12-19 19:48:44.724678 |Cluster size: 1 |Queue: total=0, avg=0.00, max=1000 | Inflight: total=0, avg=0.00, max=32
Warning: Metrics have no next page
date: 2024-12-19 19:48:54.760840 |Cluster size: 1 |Queue: total=0, avg=0.00, max=1000 | Inflight: total=0, avg=0.00, max=32
Warning: Metrics have no next page
date: 2024-12-19 19:49:04.792568 |Cluster size: 1 |Queue: total=0, avg=0.00, max=1000 | Inflight: total=0, avg=0.00, max=32
Warning: Metrics have no next page
date: 2024-12-19 19:49:14.828918 |Cluster size: 1 |Queue: total=0, avg=0.00, max=1000 | Inflight: total=0, avg=0.00, max=32
Warning: Metrics have no next page
date: 2024-12-19 19:49:24.865293 |Cluster size: 1 |Queue: total=0, avg=0.00, max=1000 | Inflight: total=0, avg=0.00, max=32
Warning: Metrics have no next page
date: 2024-12-19 19:49:34.902336 |Cluster size: 1 |Queue: total=0, avg=0.00, max=1000 | Inflight: total=0, avg=0.00, max=32
Warning: Metrics have no next page
date: 2024-12-19 19:49:44.937355 |Cluster size: 1 |Queue: total=0, avg=0.00, max=1000 | Inflight: total=0, avg=0.00, max=32
Warning: Metrics have no next page
date: 2024-12-19 19:49:54.974067 |Cluster size: 1 |Queue: total=0, avg=0.00, max=1000 | Inflight: total=0, avg=0.00, max=32
Warning: Metrics have no next page
date: 2024-12-19 19:50:05.007553 |Cluster size: 1 |Queue: total=0, avg=0.00, max=1000 | Inflight: total=0, avg=0.00, max=32
Warning: Metrics have no next page
date: 2024-12-19 19:50:15.042809 |Cluster size: 1 |Queue: total=0, avg=0.00, max=1000 | Inflight: total=0, avg=0.00, max=32
Warning: Metrics have no next page
date: 2024-12-19 19:50:25.078037 |Cluster size: 1 |Queue: total=0, avg=0.00, max=1000 | Inflight: total=0, avg=0.00, max=32
Warning: Metrics have no next page
date: 2024-12-19 19:50:35.112178 |Cluster size: 1 |Queue: total=0, avg=0.00, max=1000 | Inflight: total=0, avg=0.00, max=32
Warning: Metrics have no next page
date: 2024-12-19 19:50:45.151803 |Cluster size: 1 |Queue: total=0, avg=0.00, max=1000 | Inflight: total=0, avg=0.00, max=32
Warning: Metrics have no next page
date: 2024-12-19 19:50:55.189894 |Cluster size: 1 |Queue: total=0, avg=0.00, max=1000 | Inflight: total=0, avg=0.00, max=32
Warning: Metrics have no next page
date: 2024-12-19 19:51:05.225037 |Cluster size: 1 |Queue: total=0, avg=0.00, max=1000 | Inflight: total=0, avg=0.00, max=32
Warning: Metrics have no next page
date: 2024-12-19 19:51:15.263620 |Cluster size: 1 |Queue: total=0, avg=0.00, max=1000 | Inflight: total=0, avg=0.00, max=32
Warning: Metrics have no next page
date: 2024-12-19 19:51:25.299891 |Cluster size: 1 |Queue: total=0, avg=0.00, max=1000 | Inflight: total=0, avg=0.00, max=32
Warning: Metrics have no next page
date: 2024-12-19 19:51:35.334509 |Cluster size: 1 |Queue: total=0, avg=0.00, max=1000 | Inflight: total=0, avg=0.00, max=32
Warning: Metrics have no next page
date: 2024-12-19 19:51:45.370081 |Cluster size: 1 |Queue: total=0, avg=0.00, max=1000 | Inflight: total=0, avg=0.00, max=32
Warning: Metrics have no next page
date: 2024-12-19 19:51:55.406372 |Cluster size: 1 |Queue: total=0, avg=0.00, max=1000 | Inflight: total=0, avg=0.00, max=32
Warning: Metrics have no next page
date: 2024-12-19 19:52:05.442964 |Cluster size: 1 |Queue: total=0, avg=0.00, max=1000 | Inflight: total=0, avg=0.00, max=32
Warning: Metrics have no next page
date: 2024-12-19 19:52:15.477420 |Cluster size: 1 |Queue: total=0, avg=0.00, max=1000 | Inflight: total=0, avg=0.00, max=32
Warning: Metrics have no next page
date: 2024-12-19 19:52:25.517220 |Cluster size: 1 |Queue: total=0, avg=0.00, max=1000 | Inflight: total=0, avg=0.00, max=32
Warning: Metrics have no next page
date: 2024-12-19 19:52:35.551742 |Cluster size: 1 |Queue: total=0, avg=0.00, max=1000 | Inflight: total=0, avg=0.00, max=32
Warning: Metrics have no next page
date: 2024-12-19 19:52:45.585570 |Cluster size: 1 |Queue: total=0, avg=0.00, max=1000 | Inflight: total=0, avg=0.00, max=32
Warning: Metrics have no next page
date: 2024-12-19 19:52:55.619786 |Cluster size: 1 |Queue: total=0, avg=0.00, max=1000 | Inflight: total=0, avg=0.00, max=32
Warning: Metrics have no next page
date: 2024-12-19 19:53:05.656494 |Cluster size: 1 |Queue: total=0, avg=0.00, max=1000 | Inflight: total=0, avg=0.00, max=32
Warning: Metrics have no next page
date: 2024-12-19 19:53:15.692773 |Cluster size: 1 |Queue: total=0, avg=0.00, max=1000 | Inflight: total=0, avg=0.00, max=32
Warning: Metrics have no next page
date: 2024-12-19 19:53:25.726481 |Cluster size: 1 |Queue: total=0, avg=0.00, max=1000 | Inflight: total=0, avg=0.00, max=32
Warning: Metrics have no next page
date: 2024-12-19 19:53:35.763852 |Cluster size: 1 |Queue: total=0, avg=0.00, max=1000 | Inflight: total=0, avg=0.00, max=32
Warning: Metrics have no next page
date: 2024-12-19 19:53:45.799396 |Cluster size: 1 |Queue: total=0, avg=0.00, max=1000 | Inflight: total=0, avg=0.00, max=32
Warning: Metrics have no next page
date: 2024-12-19 19:53:55.842351 |Cluster size: 1 |Queue: total=0, avg=0.00, max=1000 | Inflight: total=0, avg=0.00, max=32
Warning: Metrics have no next page
date: 2024-12-19 19:54:05.861613 |Cluster size: 1 |Queue: total=0, avg=0.00, max=1000 | Inflight: total=0, avg=0.00, max=32
Warning: Metrics have no next page
date: 2024-12-19 19:54:15.897216 |Cluster size: 1 |Queue: total=0, avg=0.00, max=1000 | Inflight: total=0, avg=0.00, max=32
Warning: Metrics have no next page
date: 2024-12-19 19:54:25.929422 |Cluster size: 1 |Queue: total=0, avg=0.00, max=1000 | Inflight: total=0, avg=0.00, max=32
Warning: Metrics have no next page
date: 2024-12-19 19:54:35.972285 |Cluster size: 1 |Queue: total=0, avg=0.00, max=1000 | Inflight: total=0, avg=0.00, max=32
Warning: Metrics have no next page
date: 2024-12-19 19:54:46.007217 |Cluster size: 1 |Queue: total=0, avg=0.00, max=1000 | Inflight: total=0, avg=0.00, max=32
Warning: Metrics have no next page
date: 2024-12-19 19:54:56.042188 |Cluster size: 1 |Queue: total=0, avg=0.00, max=1000 | Inflight: total=0, avg=0.00, max=32
Warning: Metrics have no next page
date: 2024-12-19 19:55:06.076639 |Cluster size: 1 |Queue: total=0, avg=0.00, max=1000 | Inflight: total=0, avg=0.00, max=32
Warning: Metrics have no next page
date: 2024-12-19 19:55:16.148902 |Cluster size: 1 |Queue: total=0, avg=0.00, max=1000 | Inflight: total=0, avg=0.00, max=32
Warning: Metrics have no next page
date: 2024-12-19 19:55:26.182672 |Cluster size: 1 |Queue: total=0, avg=0.00, max=1000 | Inflight: total=0, avg=0.00, max=32
Warning: Metrics have no next page
date: 2024-12-19 19:55:36.217888 |Cluster size: 1 |Queue: total=0, avg=0.00, max=1000 | Inflight: total=0, avg=0.00, max=32
Warning: Metrics have no next page
date: 2024-12-19 19:55:46.253894 |Cluster size: 1 |Queue: total=0, avg=0.00, max=1000 | Inflight: total=0, avg=0.00, max=32
Warning: Metrics have no next page
date: 2024-12-19 19:55:56.293791 |Cluster size: 1 |Queue: total=0, avg=0.00, max=1000 | Inflight: total=0, avg=0.00, max=32
Warning: Metrics have no next page
date: 2024-12-19 19:56:06.326780 |Cluster size: 1 |Queue: total=0, avg=0.00, max=1000 | Inflight: total=0, avg=0.00, max=32
Warning: Metrics have no next page
date: 2024-12-19 19:56:16.360801 |Cluster size: 1 |Queue: total=0, avg=0.00, max=1000 | Inflight: total=0, avg=0.00, max=32
Warning: Metrics have no next page
date: 2024-12-19 19:56:26.395260 |Cluster size: 1 |Queue: total=0, avg=0.00, max=1000 | Inflight: total=0, avg=0.00, max=32
Warning: Metrics have no next page
date: 2024-12-19 19:56:36.429674 |Cluster size: 1 |Queue: total=0, avg=0.00, max=1000 | Inflight: total=0, avg=0.00, max=32
Warning: Metrics have no next page
date: 2024-12-19 19:56:46.465086 |Cluster size: 1 |Queue: total=0, avg=0.00, max=1000 | Inflight: total=0, avg=0.00, max=32
Warning: Metrics have no next page
date: 2024-12-19 19:56:56.498488 |Cluster size: 1 |Queue: total=0, avg=0.00, max=1000 | Inflight: total=0, avg=0.00, max=32
Warning: Metrics have no next page
date: 2024-12-19 19:57:06.534157 |Cluster size: 1 |Queue: total=0, avg=0.00, max=1000 | Inflight: total=0, avg=0.00, max=32
Warning: Metrics have no next page
date: 2024-12-19 19:57:16.570408 |Cluster size: 1 |Queue: total=0, avg=0.00, max=1000 | Inflight: total=0, avg=0.00, max=32
Warning: Metrics have no next page
date: 2024-12-19 19:57:26.608827 |Cluster size: 1 |Queue: total=0, avg=0.00, max=1000 | Inflight: total=0, avg=0.00, max=32
Warning: Metrics have no next page
date: 2024-12-19 19:57:36.643347 |Cluster size: 1 |Queue: total=0, avg=0.00, max=1000 | Inflight: total=0, avg=0.00, max=32
Warning: Metrics have no next page
date: 2024-12-19 19:57:46.678232 |Cluster size: 1 |Queue: total=0, avg=0.00, max=1000 | Inflight: total=0, avg=0.00, max=32
Warning: Metrics have no next page
date: 2024-12-19 19:57:56.721759 |Cluster size: 1 |Queue: total=0, avg=0.00, max=1000 | Inflight: total=0, avg=0.00, max=32
Warning: Metrics have no next page
date: 2024-12-19 19:58:06.756586 |Cluster size: 1 |Queue: total=0, avg=0.00, max=1000 | Inflight: total=0, avg=0.00, max=32
Warning: Metrics have no next page
date: 2024-12-19 19:58:16.791295 |Cluster size: 1 |Queue: total=0, avg=0.00, max=1000 | Inflight: total=0, avg=0.00, max=32
Warning: Metrics have no next page
date: 2024-12-19 19:58:26.827212 |Cluster size: 1 |Queue: total=0, avg=0.00, max=1000 | Inflight: total=0, avg=0.00, max=32
Warning: Metrics have no next page
date: 2024-12-19 19:58:36.859888 |Cluster size: 1 |Queue: total=0, avg=0.00, max=1000 | Inflight: total=0, avg=0.00, max=32
Warning: Metrics have no next page
date: 2024-12-19 19:58:46.890882 |Cluster size: 1 |Queue: total=0, avg=0.00, max=1000 | Inflight: total=0, avg=0.00, max=32
Warning: Metrics have no next page
date: 2024-12-19 19:58:56.926784 |Cluster size: 1 |Queue: total=0, avg=0.00, max=1000 | Inflight: total=0, avg=0.00, max=32
Warning: Metrics have no next page
date: 2024-12-19 19:59:06.962227 |Cluster size: 1 |Queue: total=0, avg=0.00, max=1000 | Inflight: total=0, avg=0.00, max=32
Warning: Metrics have no next page
date: 2024-12-19 19:59:16.997967 |Cluster size: 1 |Queue: total=0, avg=0.00, max=1000 | Inflight: total=0, avg=0.00, max=32
Warning: Metrics have no next page
date: 2024-12-19 19:59:27.030497 |Cluster size: 1 |Queue: total=0, avg=0.00, max=1000 | Inflight: total=0, avg=0.00, max=32
Warning: Metrics have no next page
date: 2024-12-19 19:59:37.064323 |Cluster size: 1 |Queue: total=0, avg=0.00, max=1000 | Inflight: total=0, avg=0.00, max=32
Warning: Metrics have no next page
date: 2024-12-19 19:59:47.098035 |Cluster size: 1 |Queue: total=0, avg=0.00, max=1000 | Inflight: total=0, avg=0.00, max=32
Warning: Metrics have no next page
date: 2024-12-19 19:59:57.134542 |Cluster size: 1 |Queue: total=0, avg=0.00, max=1000 | Inflight: total=0, avg=0.00, max=32
Warning: Metrics have no next page
date: 2024-12-19 20:00:07.174967 |Cluster size: 1 |Queue: total=0, avg=0.00, max=1000 | Inflight: total=0, avg=0.00, max=32
Warning: Metrics have no next page
date: 2024-12-19 20:00:17.211208 |Cluster size: 1 |Queue: total=0, avg=0.00, max=1000 | Inflight: total=0, avg=0.00, max=32
Warning: Metrics have no next page
date: 2024-12-19 20:00:27.247315 |Cluster size: 1 |Queue: total=0, avg=0.00, max=1000 | Inflight: total=0, avg=0.00, max=32
Warning: Metrics have no next page
date: 2024-12-19 20:00:37.284351 |Cluster size: 1 |Queue: total=0, avg=0.00, max=1000 | Inflight: total=0, avg=0.00, max=32
Warning: Metrics have no next page
date: 2024-12-19 20:00:47.317353 |Cluster size: 1 |Queue: total=0, avg=0.00, max=1000 | Inflight: total=0, avg=0.00, max=32
Warning: Metrics have no next page
date: 2024-12-19 20:00:57.352756 |Cluster size: 1 |Queue: total=0, avg=0.00, max=1000 | Inflight: total=0, avg=0.00, max=32
Warning: Metrics have no next page
date: 2024-12-19 20:01:07.389018 |Cluster size: 1 |Queue: total=0, avg=0.00, max=1000 | Inflight: total=0, avg=0.00, max=32
Warning: Metrics have no next page
date: 2024-12-19 20:01:17.426026 |Cluster size: 1 |Queue: total=0, avg=0.00, max=1000 | Inflight: total=0, avg=0.00, max=32
Warning: Metrics have no next page
date: 2024-12-19 20:01:27.463190 |Cluster size: 1 |Queue: total=0, avg=0.00, max=1000 | Inflight: total=0, avg=0.00, max=32
Warning: Metrics have no next page
date: 2024-12-19 20:01:37.500507 |Cluster size: 1 |Queue: total=0, avg=0.00, max=1000 | Inflight: total=0, avg=0.00, max=32
Warning: Metrics have no next page
date: 2024-12-19 20:01:47.537370 |Cluster size: 1 |Queue: total=0, avg=0.00, max=1000 | Inflight: total=0, avg=0.00, max=32
Warning: Metrics have no next page
date: 2024-12-19 20:01:57.576743 |Cluster size: 1 |Queue: total=0, avg=0.00, max=1000 | Inflight: total=0, avg=0.00, max=32
Warning: Metrics have no next page
date: 2024-12-19 20:02:07.621645 |Cluster size: 1 |Queue: total=0, avg=0.00, max=1000 | Inflight: total=0, avg=0.00, max=32
Warning: Metrics have no next page
date: 2024-12-19 20:02:17.658873 |Cluster size: 1 |Queue: total=0, avg=0.00, max=1000 | Inflight: total=0, avg=0.00, max=32
Warning: Metrics have no next page
date: 2024-12-19 20:02:27.695656 |Cluster size: 1 |Queue: total=0, avg=0.00, max=1000 | Inflight: total=0, avg=0.00, max=32
Warning: Metrics have no next page
date: 2024-12-19 20:02:37.730402 |Cluster size: 1 |Queue: total=0, avg=0.00, max=1000 | Inflight: total=0, avg=0.00, max=32
Warning: Metrics have no next page
date: 2024-12-19 20:02:47.766675 |Cluster size: 1 |Queue: total=0, avg=0.00, max=1000 | Inflight: total=0, avg=0.00, max=32
Warning: Metrics have no next page
date: 2024-12-19 20:02:57.800751 |Cluster size: 1 |Queue: total=0, avg=0.00, max=1000 | Inflight: total=0, avg=0.00, max=32
Warning: Metrics have no next page
date: 2024-12-19 20:03:07.838852 |Cluster size: 1 |Queue: total=0, avg=0.00, max=1000 | Inflight: total=0, avg=0.00, max=32
Warning: Metrics have no next page
date: 2024-12-19 20:03:17.875374 |Cluster size: 1 |Queue: total=0, avg=0.00, max=1000 | Inflight: total=0, avg=0.00, max=32
Warning: Metrics have no next page
date: 2024-12-19 20:03:27.910540 |Cluster size: 1 |Queue: total=0, avg=0.00, max=1000 | Inflight: total=0, avg=0.00, max=32
Warning: Metrics have no next page
date: 2024-12-19 20:03:37.947835 |Cluster size: 1 |Queue: total=0, avg=0.00, max=1000 | Inflight: total=0, avg=0.00, max=32
