INFO:Starting Version 1.0.5
DEBUG:Using selector: EpollSelector
INFO:Connecting to cluster at: mqtt-quic://emqx-headless.dtwins:14567 using QUIC
INFO:Subscribed to topic: type-2/6
INFO:Logging each: 50
INFO:Unhandled packet type received
INFO:Message received on topic: type-2/6 with payload size: 315 at 2024-12-16 23:12:14.595031 sent 2024-12-16 23:12:14.593422
INFO:Message received on topic: type-2/6 with payload size: 192 at 2024-12-16 23:12:17.192039 sent 2024-12-16 23:12:17.190582
INFO:Message received on topic: type-2/6 with payload size: 310 at 2024-12-16 23:12:19.790060 sent 2024-12-16 23:12:19.788772
INFO:Message received on topic: type-2/6 with payload size: 320 at 2024-12-16 23:12:22.389734 sent 2024-12-16 23:12:22.388231
INFO:Message received on topic: type-2/6 with payload size: 168 at 2024-12-16 23:12:24.985964 sent 2024-12-16 23:12:24.984916
INFO:Message received on topic: type-2/6 with payload size: 233 at 2024-12-16 23:12:27.588448 sent 2024-12-16 23:12:27.587081
INFO:Message received on topic: type-2/6 with payload size: 247 at 2024-12-16 23:12:30.195444 sent 2024-12-16 23:12:30.192910
INFO:Message received on topic: type-2/6 with payload size: 174 at 2024-12-16 23:12:32.812080 sent 2024-12-16 23:12:32.797415
INFO:Message received on topic: type-2/6 with payload size: 218 at 2024-12-16 23:12:35.411345 sent 2024-12-16 23:12:35.402675
INFO:Message received on topic: type-2/6 with payload size: 148 at 2024-12-16 23:12:38.014302 sent 2024-12-16 23:12:38.012668
INFO:Message received on topic: type-2/6 with payload size: 213 at 2024-12-16 23:12:40.632945 sent 2024-12-16 23:12:40.621268
INFO:Message received on topic: type-2/6 with payload size: 168 at 2024-12-16 23:12:43.234330 sent 2024-12-16 23:12:43.230157
INFO:Message received on topic: type-2/6 with payload size: 142 at 2024-12-16 23:12:45.842625 sent 2024-12-16 23:12:45.841121
INFO:Message received on topic: type-2/6 with payload size: 276 at 2024-12-16 23:12:48.486007 sent 2024-12-16 23:12:48.455009
INFO:Message received on topic: type-2/6 with payload size: 276 at 2024-12-16 23:12:51.081330 sent 2024-12-16 23:12:51.060961
INFO:Message received on topic: type-2/6 with payload size: 198 at 2024-12-16 23:12:53.691361 sent 2024-12-16 23:12:53.680282
INFO:Message received on topic: type-2/6 with payload size: 279 at 2024-12-16 23:12:56.309997 sent 2024-12-16 23:12:56.293071
INFO:Message received on topic: type-2/6 with payload size: 227 at 2024-12-16 23:12:58.920014 sent 2024-12-16 23:12:58.900756
INFO:Message received on topic: type-2/6 with payload size: 168 at 2024-12-16 23:13:01.532337 sent 2024-12-16 23:13:01.520767
INFO:Message received on topic: type-2/6 with payload size: 246 at 2024-12-16 23:13:04.175923 sent 2024-12-16 23:13:04.139510
INFO:Message received on topic: type-2/6 with payload size: 193 at 2024-12-16 23:13:06.778429 sent 2024-12-16 23:13:06.759125
INFO:Message received on topic: type-2/6 with payload size: 221 at 2024-12-16 23:13:09.384654 sent 2024-12-16 23:13:09.381376
INFO:Message received on topic: type-2/6 with payload size: 289 at 2024-12-16 23:13:12.022205 sent 2024-12-16 23:13:11.994782
INFO:Message received on topic: type-2/6 with payload size: 209 at 2024-12-16 23:13:14.628973 sent 2024-12-16 23:13:14.609037
INFO:Message received on topic: type-2/6 with payload size: 147 at 2024-12-16 23:13:17.238272 sent 2024-12-16 23:13:17.234434
INFO:Message received on topic: type-2/6 with payload size: 134 at 2024-12-16 23:13:19.879056 sent 2024-12-16 23:13:19.849828
INFO:Message received on topic: type-2/6 with payload size: 153 at 2024-12-16 23:13:22.480260 sent 2024-12-16 23:13:22.463018
INFO:Message received on topic: type-2/6 with payload size: 281 at 2024-12-16 23:13:25.122267 sent 2024-12-16 23:13:25.119709
INFO:Message received on topic: type-2/6 with payload size: 250 at 2024-12-16 23:13:27.734937 sent 2024-12-16 23:13:27.733217
INFO:Message received on topic: type-2/6 with payload size: 128 at 2024-12-16 23:13:30.379768 sent 2024-12-16 23:13:30.354938
INFO:Message received on topic: type-2/6 with payload size: 260 at 2024-12-16 23:13:32.981798 sent 2024-12-16 23:13:32.975948
INFO:Message received on topic: type-2/6 with payload size: 280 at 2024-12-16 23:13:35.633632 sent 2024-12-16 23:13:35.596830
INFO:Message received on topic: type-2/6 with payload size: 153 at 2024-12-16 23:13:38.221530 sent 2024-12-16 23:13:38.211904
INFO:Message received on topic: type-2/6 with payload size: 274 at 2024-12-16 23:13:40.907745 sent 2024-12-16 23:13:40.841822
INFO:Message received on topic: type-2/6 with payload size: 295 at 2024-12-16 23:13:43.477717 sent 2024-12-16 23:13:43.454770
INFO:Message received on topic: type-2/6 with payload size: 271 at 2024-12-16 23:13:46.080149 sent 2024-12-16 23:13:46.067441
INFO:Message received on topic: type-2/6 with payload size: 274 at 2024-12-16 23:13:48.713745 sent 2024-12-16 23:13:48.680193
INFO:Message received on topic: type-2/6 with payload size: 185 at 2024-12-16 23:13:51.321697 sent 2024-12-16 23:13:51.293120
INFO:Message received on topic: type-2/6 with payload size: 267 at 2024-12-16 23:13:53.925576 sent 2024-12-16 23:13:53.913294
INFO:Message received on topic: type-2/6 with payload size: 207 at 2024-12-16 23:13:56.533444 sent 2024-12-16 23:13:56.531754
INFO:Message received on topic: type-2/6 with payload size: 165 at 2024-12-16 23:13:59.147764 sent 2024-12-16 23:13:59.139534
INFO:Message received on topic: type-2/6 with payload size: 138 at 2024-12-16 23:14:01.809703 sent 2024-12-16 23:14:01.755873
INFO:Message received on topic: type-2/6 with payload size: 150 at 2024-12-16 23:14:04.410002 sent 2024-12-16 23:14:04.372869
INFO:Message received on topic: type-2/6 with payload size: 209 at 2024-12-16 23:14:07.116605 sent 2024-12-16 23:14:06.992378
INFO:Message received on topic: type-2/6 with payload size: 274 at 2024-12-16 23:14:09.614959 sent 2024-12-16 23:14:09.607838
INFO:Message received on topic: type-2/6 with payload size: 323 at 2024-12-16 23:14:12.228281 sent 2024-12-16 23:14:12.225083
INFO:Message received on topic: type-2/6 with payload size: 179 at 2024-12-16 23:14:14.850097 sent 2024-12-16 23:14:14.847797
INFO:Message received on topic: type-2/6 with payload size: 274 at 2024-12-16 23:14:17.520084 sent 2024-12-16 23:14:17.484846
INFO:Message received on topic: type-2/6 with payload size: 303 at 2024-12-16 23:14:20.129564 sent 2024-12-16 23:14:20.101794
INFO:Message received on topic: type-2/6 with payload size: 205 at 2024-12-16 23:14:22.732961 sent 2024-12-16 23:14:22.726826
INFO:Message received on topic: type-2/6 with payload size: 205 at 2024-12-16 23:14:25.349258 sent 2024-12-16 23:14:25.346921
INFO:Message received on topic: type-2/6 with payload size: 197 at 2024-12-16 23:14:28.013210 sent 2024-12-16 23:14:27.961545
INFO:Message received on topic: type-2/6 with payload size: 262 at 2024-12-16 23:14:30.652091 sent 2024-12-16 23:14:30.592944
INFO:Message received on topic: type-2/6 with payload size: 282 at 2024-12-16 23:14:33.219037 sent 2024-12-16 23:14:33.212810
INFO:Message received on topic: type-2/6 with payload size: 191 at 2024-12-16 23:14:35.839045 sent 2024-12-16 23:14:35.837182
INFO:Message received on topic: type-2/6 with payload size: 133 at 2024-12-16 23:14:38.449822 sent 2024-12-16 23:14:38.448347
INFO:Message received on topic: type-2/6 with payload size: 148 at 2024-12-16 23:14:41.113742 sent 2024-12-16 23:14:41.070786
INFO:Message received on topic: type-2/6 with payload size: 246 at 2024-12-16 23:14:43.717646 sent 2024-12-16 23:14:43.682887
INFO:Message received on topic: type-2/6 with payload size: 262 at 2024-12-16 23:14:46.420663 sent 2024-12-16 23:14:46.299405
INFO:Message received on topic: type-2/6 with payload size: 307 at 2024-12-16 23:14:48.926409 sent 2024-12-16 23:14:48.917895
INFO:Message received on topic: type-2/6 with payload size: 227 at 2024-12-16 23:14:51.539292 sent 2024-12-16 23:14:51.537028
INFO:Message received on topic: type-2/6 with payload size: 240 at 2024-12-16 23:14:54.155201 sent 2024-12-16 23:14:54.153451
INFO:Message received on topic: type-2/6 with payload size: 230 at 2024-12-16 23:14:56.812630 sent 2024-12-16 23:14:56.771732
INFO:Message received on topic: type-2/6 with payload size: 205 at 2024-12-16 23:14:59.417251 sent 2024-12-16 23:14:59.381290
INFO:Message received on topic: type-2/6 with payload size: 318 at 2024-12-16 23:15:02.022299 sent 2024-12-16 23:15:02.005981
INFO:Message received on topic: type-2/6 with payload size: 275 at 2024-12-16 23:15:04.708762 sent 2024-12-16 23:15:04.643758
INFO:Message received on topic: type-2/6 with payload size: 227 at 2024-12-16 23:15:07.312751 sent 2024-12-16 23:15:07.270279
INFO:Message received on topic: type-2/6 with payload size: 269 at 2024-12-16 23:15:09.915079 sent 2024-12-16 23:15:09.904228
INFO:Message received on topic: type-2/6 with payload size: 152 at 2024-12-16 23:15:12.529000 sent 2024-12-16 23:15:12.527979
INFO:Message received on topic: type-2/6 with payload size: 195 at 2024-12-16 23:15:15.141842 sent 2024-12-16 23:15:15.139634
INFO:Message received on topic: type-2/6 with payload size: 256 at 2024-12-16 23:15:17.808965 sent 2024-12-16 23:15:17.754313
INFO:Message received on topic: type-2/6 with payload size: 291 at 2024-12-16 23:15:20.413684 sent 2024-12-16 23:15:20.389796
INFO:Message received on topic: type-2/6 with payload size: 305 at 2024-12-16 23:15:23.022931 sent 2024-12-16 23:15:23.009033
INFO:Message received on topic: type-2/6 with payload size: 259 at 2024-12-16 23:15:25.638431 sent 2024-12-16 23:15:25.630976
INFO:Message received on topic: type-2/6 with payload size: 141 at 2024-12-16 23:15:28.247846 sent 2024-12-16 23:15:28.246377
INFO:Message received on topic: type-2/6 with payload size: 299 at 2024-12-16 23:15:30.913238 sent 2024-12-16 23:15:30.863819
INFO:Message received on topic: type-2/6 with payload size: 189 at 2024-12-16 23:15:33.522309 sent 2024-12-16 23:15:33.481846
INFO:Message received on topic: type-2/6 with payload size: 244 at 2024-12-16 23:15:36.119730 sent 2024-12-16 23:15:36.093174
INFO:Message received on topic: type-2/6 with payload size: 208 at 2024-12-16 23:15:38.733760 sent 2024-12-16 23:15:38.702618
INFO:Message received on topic: type-2/6 with payload size: 253 at 2024-12-16 23:15:41.341978 sent 2024-12-16 23:15:41.322687
INFO:Message received on topic: type-2/6 with payload size: 210 at 2024-12-16 23:15:44.006790 sent 2024-12-16 23:15:43.939798
INFO:Message received on topic: type-2/6 with payload size: 259 at 2024-12-16 23:15:46.642502 sent 2024-12-16 23:15:46.552869
INFO:Message received on topic: type-2/6 with payload size: 168 at 2024-12-16 23:15:49.216704 sent 2024-12-16 23:15:49.170695
INFO:Message received on topic: type-2/6 with payload size: 169 at 2024-12-16 23:15:51.814180 sent 2024-12-16 23:15:51.786008
INFO:Message received on topic: type-2/6 with payload size: 322 at 2024-12-16 23:15:54.419533 sent 2024-12-16 23:15:54.400390
INFO:Message received on topic: type-2/6 with payload size: 244 at 2024-12-16 23:15:57.024422 sent 2024-12-16 23:15:57.022609
INFO:Message received on topic: type-2/6 with payload size: 239 at 2024-12-16 23:15:59.633246 sent 2024-12-16 23:15:59.630122
INFO:Message received on topic: type-2/6 with payload size: 291 at 2024-12-16 23:16:02.244081 sent 2024-12-16 23:16:02.242278
INFO:Message received on topic: type-2/6 with payload size: 203 at 2024-12-16 23:16:04.880092 sent 2024-12-16 23:16:04.863934
INFO:Message received on topic: type-2/6 with payload size: 251 at 2024-12-16 23:16:07.510222 sent 2024-12-16 23:16:07.478774
INFO:Message received on topic: type-2/6 with payload size: 266 at 2024-12-16 23:16:10.113199 sent 2024-12-16 23:16:10.100033
INFO:Message received on topic: type-2/6 with payload size: 221 at 2024-12-16 23:16:12.744407 sent 2024-12-16 23:16:12.741270
INFO:Message received on topic: type-2/6 with payload size: 130 at 2024-12-16 23:16:15.380962 sent 2024-12-16 23:16:15.364182
INFO:Message received on topic: type-2/6 with payload size: 194 at 2024-12-16 23:16:18.030800 sent 2024-12-16 23:16:17.985777
INFO:Message received on topic: type-2/6 with payload size: 284 at 2024-12-16 23:16:20.623821 sent 2024-12-16 23:16:20.599715
INFO:Message received on topic: type-2/6 with payload size: 146 at 2024-12-16 23:16:23.239168 sent 2024-12-16 23:16:23.220304
INFO:Message received on topic: type-2/6 with payload size: 174 at 2024-12-16 23:16:25.832257 sent 2024-12-16 23:16:25.830785
INFO:Message received on topic: type-2/6 with payload size: 148 at 2024-12-16 23:16:28.446483 sent 2024-12-16 23:16:28.445124
INFO:Message received on topic: type-2/6 with payload size: 149 at 2024-12-16 23:16:31.115122 sent 2024-12-16 23:16:31.058395
INFO:Message received on topic: type-2/6 with payload size: 287 at 2024-12-16 23:16:33.712680 sent 2024-12-16 23:16:33.681011
INFO:Message received on topic: type-2/6 with payload size: 192 at 2024-12-16 23:16:36.313697 sent 2024-12-16 23:16:36.291238
INFO:Message received on topic: type-2/6 with payload size: 153 at 2024-12-16 23:16:38.923035 sent 2024-12-16 23:16:38.910220
INFO:Message received on topic: type-2/6 with payload size: 166 at 2024-12-16 23:16:41.524745 sent 2024-12-16 23:16:41.520395
INFO:Message received on topic: type-2/6 with payload size: 278 at 2024-12-16 23:16:44.141595 sent 2024-12-16 23:16:44.136179
INFO:Message received on topic: type-2/6 with payload size: 301 at 2024-12-16 23:16:46.811950 sent 2024-12-16 23:16:46.773728
INFO:Message received on topic: type-2/6 with payload size: 189 at 2024-12-16 23:16:49.417185 sent 2024-12-16 23:16:49.393220
INFO:Message received on topic: type-2/6 with payload size: 231 at 2024-12-16 23:16:52.029217 sent 2024-12-16 23:16:52.015759
INFO:Message received on topic: type-2/6 with payload size: 227 at 2024-12-16 23:16:54.630830 sent 2024-12-16 23:16:54.625702
INFO:Message received on topic: type-2/6 with payload size: 179 at 2024-12-16 23:16:57.246711 sent 2024-12-16 23:16:57.232116
INFO:Message received on topic: type-2/6 with payload size: 222 at 2024-12-16 23:16:59.877397 sent 2024-12-16 23:16:59.841904
INFO:Message received on topic: type-2/6 with payload size: 297 at 2024-12-16 23:17:02.479092 sent 2024-12-16 23:17:02.469542
INFO:Message received on topic: type-2/6 with payload size: 326 at 2024-12-16 23:17:05.122522 sent 2024-12-16 23:17:05.082823
INFO:Message received on topic: type-2/6 with payload size: 288 at 2024-12-16 23:17:07.712120 sent 2024-12-16 23:17:07.690866
INFO:Message received on topic: type-2/6 with payload size: 288 at 2024-12-16 23:17:10.318345 sent 2024-12-16 23:17:10.311363
INFO:Message received on topic: type-2/6 with payload size: 323 at 2024-12-16 23:17:12.934246 sent 2024-12-16 23:17:12.931551
INFO:Message received on topic: type-2/6 with payload size: 219 at 2024-12-16 23:17:15.552409 sent 2024-12-16 23:17:15.550024
INFO:Message received on topic: type-2/6 with payload size: 154 at 2024-12-16 23:17:18.213303 sent 2024-12-16 23:17:18.165176
INFO:Message received on topic: type-2/6 with payload size: 315 at 2024-12-16 23:17:20.815250 sent 2024-12-16 23:17:20.792220
INFO:Message received on topic: type-2/6 with payload size: 197 at 2024-12-16 23:17:23.421969 sent 2024-12-16 23:17:23.414584
INFO:Message received on topic: type-2/6 with payload size: 323 at 2024-12-16 23:17:26.042853 sent 2024-12-16 23:17:26.038265
INFO:Message received on topic: type-2/6 with payload size: 169 at 2024-12-16 23:17:28.655503 sent 2024-12-16 23:17:28.653101
INFO:Message received on topic: type-2/6 with payload size: 209 at 2024-12-16 23:17:31.332633 sent 2024-12-16 23:17:31.275342
INFO:Message received on topic: type-2/6 with payload size: 309 at 2024-12-16 23:17:33.925070 sent 2024-12-16 23:17:33.901179
INFO:Message received on topic: type-2/6 with payload size: 243 at 2024-12-16 23:17:36.527344 sent 2024-12-16 23:17:36.519749
INFO:Message received on topic: type-2/6 with payload size: 244 at 2024-12-16 23:17:39.209749 sent 2024-12-16 23:17:39.148564
INFO:Message received on topic: type-2/6 with payload size: 159 at 2024-12-16 23:17:41.813174 sent 2024-12-16 23:17:41.771019
INFO:Message received on topic: type-2/6 with payload size: 248 at 2024-12-16 23:17:44.421186 sent 2024-12-16 23:17:44.391617
INFO:Message received on topic: type-2/6 with payload size: 318 at 2024-12-16 23:17:47.035101 sent 2024-12-16 23:17:47.001405
INFO:Message received on topic: type-2/6 with payload size: 218 at 2024-12-16 23:17:49.637315 sent 2024-12-16 23:17:49.635051
INFO:Message received on topic: type-2/6 with payload size: 183 at 2024-12-16 23:17:52.320874 sent 2024-12-16 23:17:52.251967
INFO:Message received on topic: type-2/6 with payload size: 236 at 2024-12-16 23:17:54.914051 sent 2024-12-16 23:17:54.878705
INFO:Message received on topic: type-2/6 with payload size: 319 at 2024-12-16 23:17:57.514770 sent 2024-12-16 23:17:57.487008
INFO:Message received on topic: type-2/6 with payload size: 314 at 2024-12-16 23:18:00.114978 sent 2024-12-16 23:18:00.097016
INFO:Message received on topic: type-2/6 with payload size: 240 at 2024-12-16 23:18:02.725762 sent 2024-12-16 23:18:02.709585
INFO:Message received on topic: type-2/6 with payload size: 140 at 2024-12-16 23:18:05.327364 sent 2024-12-16 23:18:05.321237
INFO:Message received on topic: type-2/6 with payload size: 288 at 2024-12-16 23:18:07.940304 sent 2024-12-16 23:18:07.938138
INFO:Message received on topic: type-2/6 with payload size: 157 at 2024-12-16 23:18:10.617165 sent 2024-12-16 23:18:10.562036
INFO:Message received on topic: type-2/6 with payload size: 251 at 2024-12-16 23:18:13.212881 sent 2024-12-16 23:18:13.186813
INFO:Message received on topic: type-2/6 with payload size: 300 at 2024-12-16 23:18:15.821762 sent 2024-12-16 23:18:15.812138
INFO:Message received on topic: type-2/6 with payload size: 249 at 2024-12-16 23:18:18.436220 sent 2024-12-16 23:18:18.432777
INFO:Message received on topic: type-2/6 with payload size: 321 at 2024-12-16 23:18:21.114352 sent 2024-12-16 23:18:21.048759
INFO:Message received on topic: type-2/6 with payload size: 257 at 2024-12-16 23:18:23.730080 sent 2024-12-16 23:18:23.672132
INFO:Message received on topic: type-2/6 with payload size: 232 at 2024-12-16 23:18:26.316984 sent 2024-12-16 23:18:26.297659
INFO:Message received on topic: type-2/6 with payload size: 270 at 2024-12-16 23:18:28.933982 sent 2024-12-16 23:18:28.911279
INFO:Message received on topic: type-2/6 with payload size: 180 at 2024-12-16 23:18:31.538699 sent 2024-12-16 23:18:31.521061
INFO:Message received on topic: type-2/6 with payload size: 203 at 2024-12-16 23:18:34.141270 sent 2024-12-16 23:18:34.130829
INFO:Message received on topic: type-2/6 with payload size: 263 at 2024-12-16 23:18:36.753761 sent 2024-12-16 23:18:36.750582
INFO:Message received on topic: type-2/6 with payload size: 218 at 2024-12-16 23:18:39.414299 sent 2024-12-16 23:18:39.368526
INFO:Message received on topic: type-2/6 with payload size: 301 at 2024-12-16 23:18:42.025771 sent 2024-12-16 23:18:41.983667
INFO:Message received on topic: type-2/6 with payload size: 153 at 2024-12-16 23:18:44.744404 sent 2024-12-16 23:18:44.600771
INFO:Message received on topic: type-2/6 with payload size: 247 at 2024-12-16 23:18:47.244002 sent 2024-12-16 23:18:47.215529
INFO:Message received on topic: type-2/6 with payload size: 241 at 2024-12-16 23:18:49.927138 sent 2024-12-16 23:18:49.862953
INFO:Message received on topic: type-2/6 with payload size: 192 at 2024-12-16 23:18:52.520892 sent 2024-12-16 23:18:52.477222
INFO:Message received on topic: type-2/6 with payload size: 135 at 2024-12-16 23:18:55.117671 sent 2024-12-16 23:18:55.087893
INFO:Message received on topic: type-2/6 with payload size: 130 at 2024-12-16 23:18:57.713660 sent 2024-12-16 23:18:57.705366
INFO:Message received on topic: type-2/6 with payload size: 311 at 2024-12-16 23:19:00.413515 sent 2024-12-16 23:19:00.369948
INFO:Message received on topic: type-2/6 with payload size: 160 at 2024-12-16 23:19:03.016805 sent 2024-12-16 23:19:02.990829
INFO:Message received on topic: type-2/6 with payload size: 130 at 2024-12-16 23:19:05.654809 sent 2024-12-16 23:19:05.603718
INFO:Message received on topic: type-2/6 with payload size: 248 at 2024-12-16 23:19:08.223656 sent 2024-12-16 23:19:08.215039
INFO:Message received on topic: type-2/6 with payload size: 302 at 2024-12-16 23:19:10.850445 sent 2024-12-16 23:19:10.841449
INFO:Message received on topic: type-2/6 with payload size: 222 at 2024-12-16 23:19:13.459979 sent 2024-12-16 23:19:13.457821
INFO:Message received on topic: type-2/6 with payload size: 261 at 2024-12-16 23:19:16.126597 sent 2024-12-16 23:19:16.086772
INFO:Message received on topic: type-2/6 with payload size: 193 at 2024-12-16 23:19:18.714879 sent 2024-12-16 23:19:18.696452
INFO:Message received on topic: type-2/6 with payload size: 165 at 2024-12-16 23:19:21.329628 sent 2024-12-16 23:19:21.302793
INFO:Message received on topic: type-2/6 with payload size: 325 at 2024-12-16 23:19:23.929298 sent 2024-12-16 23:19:23.914932
INFO:Message received on topic: type-2/6 with payload size: 227 at 2024-12-16 23:19:26.532014 sent 2024-12-16 23:19:26.527686
INFO:Message received on topic: type-2/6 with payload size: 290 at 2024-12-16 23:19:29.149612 sent 2024-12-16 23:19:29.147035
INFO:Message received on topic: type-2/6 with payload size: 300 at 2024-12-16 23:19:31.761594 sent 2024-12-16 23:19:31.754776
INFO:Message received on topic: type-2/6 with payload size: 316 at 2024-12-16 23:19:34.416638 sent 2024-12-16 23:19:34.372286
INFO:Message received on topic: type-2/6 with payload size: 134 at 2024-12-16 23:19:37.021061 sent 2024-12-16 23:19:36.991054
INFO:Message received on topic: type-2/6 with payload size: 161 at 2024-12-16 23:19:39.619273 sent 2024-12-16 23:19:39.607958
INFO:Message received on topic: type-2/6 with payload size: 309 at 2024-12-16 23:19:42.238055 sent 2024-12-16 23:19:42.232493
INFO:Message received on topic: type-2/6 with payload size: 236 at 2024-12-16 23:19:44.842413 sent 2024-12-16 23:19:44.840434
INFO:Message received on topic: type-2/6 with payload size: 286 at 2024-12-16 23:19:47.460741 sent 2024-12-16 23:19:47.459006
INFO:Message received on topic: type-2/6 with payload size: 268 at 2024-12-16 23:19:50.115229 sent 2024-12-16 23:19:50.082328
INFO:Message received on topic: type-2/6 with payload size: 135 at 2024-12-16 23:19:52.719045 sent 2024-12-16 23:19:52.704327
INFO:Message received on topic: type-2/6 with payload size: 163 at 2024-12-16 23:19:55.325123 sent 2024-12-16 23:19:55.319888
INFO:Message received on topic: type-2/6 with payload size: 149 at 2024-12-16 23:19:57.945393 sent 2024-12-16 23:19:57.941174
INFO:Message received on topic: type-2/6 with payload size: 265 at 2024-12-16 23:20:00.619073 sent 2024-12-16 23:20:00.576522
INFO:Message received on topic: type-2/6 with payload size: 185 at 2024-12-16 23:20:03.229943 sent 2024-12-16 23:20:03.208786
INFO:Message received on topic: type-2/6 with payload size: 211 at 2024-12-16 23:20:05.829001 sent 2024-12-16 23:20:05.827127
INFO:Message received on topic: type-2/6 with payload size: 322 at 2024-12-16 23:20:08.451513 sent 2024-12-16 23:20:08.449821
INFO:Message received on topic: type-2/6 with payload size: 326 at 2024-12-16 23:20:11.128694 sent 2024-12-16 23:20:11.065557
INFO:Message received on topic: type-2/6 with payload size: 157 at 2024-12-16 23:20:13.732652 sent 2024-12-16 23:20:13.684785
INFO:Message received on topic: type-2/6 with payload size: 321 at 2024-12-16 23:20:16.316731 sent 2024-12-16 23:20:16.298175
INFO:Message received on topic: type-2/6 with payload size: 292 at 2024-12-16 23:20:18.928236 sent 2024-12-16 23:20:18.909963
INFO:Message received on topic: type-2/6 with payload size: 295 at 2024-12-16 23:20:21.532332 sent 2024-12-16 23:20:21.520795
INFO:Message received on topic: type-2/6 with payload size: 311 at 2024-12-16 23:20:24.143748 sent 2024-12-16 23:20:24.141780
INFO:Message received on topic: type-2/6 with payload size: 325 at 2024-12-16 23:20:26.770307 sent 2024-12-16 23:20:26.768496
INFO:Message received on topic: type-2/6 with payload size: 133 at 2024-12-16 23:20:29.414087 sent 2024-12-16 23:20:29.390059
INFO:Message received on topic: type-2/6 with payload size: 269 at 2024-12-16 23:20:32.013009 sent 2024-12-16 23:20:32.002729
INFO:Message received on topic: type-2/6 with payload size: 207 at 2024-12-16 23:20:34.623659 sent 2024-12-16 23:20:34.621922
INFO:Message received on topic: type-2/6 with payload size: 278 at 2024-12-16 23:20:37.236808 sent 2024-12-16 23:20:37.235066
INFO:Message received on topic: type-2/6 with payload size: 139 at 2024-12-16 23:20:39.849107 sent 2024-12-16 23:20:39.847548
INFO:Message received on topic: type-2/6 with payload size: 233 at 2024-12-16 23:20:42.461431 sent 2024-12-16 23:20:42.459052
INFO:Message received on topic: type-2/6 with payload size: 168 at 2024-12-16 23:20:45.110836 sent 2024-12-16 23:20:45.079706
