INFO:Starting Version 1.0.5
DEBUG:Using selector: EpollSelector
INFO:Connecting to cluster at: mqtt-quic://emqx-headless.dtwins:14567 using QUIC
INFO:Subscribed to topic: type-2/18
INFO:Logging each: 50
INFO:Unhandled packet type received
INFO:Message received on topic: type-2/18 with payload size: 91 at 2024-12-11 14:12:03.890053 sent 2024-12-11 14:12:03.888623
INFO:Message received on topic: type-2/18 with payload size: 91 at 2024-12-11 14:12:06.546031 sent 2024-12-11 14:12:06.491288
INFO:Message received on topic: type-2/18 with payload size: 91 at 2024-12-11 14:12:09.128100 sent 2024-12-11 14:12:09.096853
INFO:Message received on topic: type-2/18 with payload size: 91 at 2024-12-11 14:12:11.725907 sent 2024-12-11 14:12:11.697921
INFO:Message received on topic: type-2/18 with payload size: 91 at 2024-12-11 14:12:14.285583 sent 2024-12-11 14:12:14.283411
INFO:Message received on topic: type-2/18 with payload size: 91 at 2024-12-11 14:12:16.869753 sent 2024-12-11 14:12:16.865995
INFO:Message received on topic: type-2/18 with payload size: 91 at 2024-12-11 14:12:19.456406 sent 2024-12-11 14:12:19.450542
INFO:Message received on topic: type-2/18 with payload size: 91 at 2024-12-11 14:12:22.063759 sent 2024-12-11 14:12:22.045880
INFO:Message received on topic: type-2/18 with payload size: 91 at 2024-12-11 14:12:24.655130 sent 2024-12-11 14:12:24.646061
INFO:Message received on topic: type-2/18 with payload size: 91 at 2024-12-11 14:12:27.259235 sent 2024-12-11 14:12:27.249229
INFO:Message received on topic: type-2/18 with payload size: 91 at 2024-12-11 14:12:29.860264 sent 2024-12-11 14:12:29.858436
INFO:Message received on topic: type-2/18 with payload size: 91 at 2024-12-11 14:12:32.465549 sent 2024-12-11 14:12:32.462797
INFO:Message received on topic: type-2/18 with payload size: 91 at 2024-12-11 14:12:35.067258 sent 2024-12-11 14:12:35.064893
INFO:Message received on topic: type-2/18 with payload size: 91 at 2024-12-11 14:12:37.668119 sent 2024-12-11 14:12:37.666782
INFO:Message received on topic: type-2/18 with payload size: 91 at 2024-12-11 14:12:40.270976 sent 2024-12-11 14:12:40.269641
INFO:Message received on topic: type-2/18 with payload size: 91 at 2024-12-11 14:12:42.874991 sent 2024-12-11 14:12:42.873384
INFO:Message received on topic: type-2/18 with payload size: 91 at 2024-12-11 14:12:45.478937 sent 2024-12-11 14:12:45.476790
INFO:Message received on topic: type-2/18 with payload size: 91 at 2024-12-11 14:12:48.129624 sent 2024-12-11 14:12:48.080058
INFO:Message received on topic: type-2/18 with payload size: 91 at 2024-12-11 14:12:50.731237 sent 2024-12-11 14:12:50.683455
INFO:Message received on topic: type-2/18 with payload size: 91 at 2024-12-11 14:12:53.288610 sent 2024-12-11 14:12:53.287046
INFO:Message received on topic: type-2/18 with payload size: 91 at 2024-12-11 14:12:55.926501 sent 2024-12-11 14:12:55.890164
INFO:Message received on topic: type-2/18 with payload size: 91 at 2024-12-11 14:12:58.524941 sent 2024-12-11 14:12:58.493366
INFO:Message received on topic: type-2/18 with payload size: 91 at 2024-12-11 14:13:01.130290 sent 2024-12-11 14:13:01.095588
INFO:Message received on topic: type-2/18 with payload size: 91 at 2024-12-11 14:13:03.728551 sent 2024-12-11 14:13:03.703609
INFO:Message received on topic: type-2/18 with payload size: 91 at 2024-12-11 14:13:06.332069 sent 2024-12-11 14:13:06.308591
INFO:Message received on topic: type-2/18 with payload size: 91 at 2024-12-11 14:13:08.931927 sent 2024-12-11 14:13:08.912172
INFO:Message received on topic: type-2/18 with payload size: 91 at 2024-12-11 14:13:11.529761 sent 2024-12-11 14:13:11.515687
INFO:Message received on topic: type-2/18 with payload size: 91 at 2024-12-11 14:13:14.127866 sent 2024-12-11 14:13:14.119965
INFO:Message received on topic: type-2/18 with payload size: 91 at 2024-12-11 14:13:16.728419 sent 2024-12-11 14:13:16.722927
INFO:Message received on topic: type-2/18 with payload size: 91 at 2024-12-11 14:13:19.343450 sent 2024-12-11 14:13:19.332309
INFO:Message received on topic: type-2/18 with payload size: 91 at 2024-12-11 14:13:21.945740 sent 2024-12-11 14:13:21.936282
INFO:Message received on topic: type-2/18 with payload size: 91 at 2024-12-11 14:13:24.545796 sent 2024-12-11 14:13:24.541168
INFO:Message received on topic: type-2/18 with payload size: 91 at 2024-12-11 14:13:27.149944 sent 2024-12-11 14:13:27.145660
INFO:Message received on topic: type-2/18 with payload size: 91 at 2024-12-11 14:13:29.755632 sent 2024-12-11 14:13:29.754353
INFO:Message received on topic: type-2/18 with payload size: 91 at 2024-12-11 14:13:32.363012 sent 2024-12-11 14:13:32.358199
INFO:Message received on topic: type-2/18 with payload size: 91 at 2024-12-11 14:13:34.972914 sent 2024-12-11 14:13:34.963435
INFO:Message received on topic: type-2/18 with payload size: 91 at 2024-12-11 14:13:37.567935 sent 2024-12-11 14:13:37.566612
INFO:Message received on topic: type-2/18 with payload size: 91 at 2024-12-11 14:13:40.170449 sent 2024-12-11 14:13:40.168843
INFO:Message received on topic: type-2/18 with payload size: 91 at 2024-12-11 14:13:42.773713 sent 2024-12-11 14:13:42.772534
INFO:Message received on topic: type-2/18 with payload size: 91 at 2024-12-11 14:13:45.380917 sent 2024-12-11 14:13:45.377980
INFO:Message received on topic: type-2/18 with payload size: 91 at 2024-12-11 14:13:47.976964 sent 2024-12-11 14:13:47.974739
INFO:Message received on topic: type-2/18 with payload size: 91 at 2024-12-11 14:13:50.578059 sent 2024-12-11 14:13:50.576347
INFO:Message received on topic: type-2/18 with payload size: 91 at 2024-12-11 14:13:53.180376 sent 2024-12-11 14:13:53.178998
INFO:Message received on topic: type-2/18 with payload size: 91 at 2024-12-11 14:13:55.782867 sent 2024-12-11 14:13:55.780903
INFO:Message received on topic: type-2/18 with payload size: 91 at 2024-12-11 14:13:58.383708 sent 2024-12-11 14:13:58.382447
INFO:Message received on topic: type-2/18 with payload size: 91 at 2024-12-11 14:14:00.986439 sent 2024-12-11 14:14:00.985024
INFO:Message received on topic: type-2/18 with payload size: 91 at 2024-12-11 14:14:03.644227 sent 2024-12-11 14:14:03.587489
INFO:Message received on topic: type-2/18 with payload size: 91 at 2024-12-11 14:14:06.225293 sent 2024-12-11 14:14:06.188266
INFO:Message received on topic: type-2/18 with payload size: 91 at 2024-12-11 14:14:08.830730 sent 2024-12-11 14:14:08.790836
INFO:Message received on topic: type-2/18 with payload size: 91 at 2024-12-11 14:14:11.426474 sent 2024-12-11 14:14:11.392447
INFO:Message received on topic: type-2/18 with payload size: 91 at 2024-12-11 14:14:14.028282 sent 2024-12-11 14:14:13.997375
INFO:Message received on topic: type-2/18 with payload size: 91 at 2024-12-11 14:14:16.632978 sent 2024-12-11 14:14:16.603147
INFO:Message received on topic: type-2/18 with payload size: 91 at 2024-12-11 14:14:19.230310 sent 2024-12-11 14:14:19.207679
INFO:Message received on topic: type-2/18 with payload size: 91 at 2024-12-11 14:14:21.830633 sent 2024-12-11 14:14:21.813270
INFO:Message received on topic: type-2/18 with payload size: 91 at 2024-12-11 14:14:24.432069 sent 2024-12-11 14:14:24.421414
INFO:Message received on topic: type-2/18 with payload size: 91 at 2024-12-11 14:14:27.028708 sent 2024-12-11 14:14:27.023892
INFO:Message received on topic: type-2/18 with payload size: 91 at 2024-12-11 14:14:29.644622 sent 2024-12-11 14:14:29.639541
INFO:Message received on topic: type-2/18 with payload size: 91 at 2024-12-11 14:14:32.248148 sent 2024-12-11 14:14:32.244539
INFO:Message received on topic: type-2/18 with payload size: 91 at 2024-12-11 14:14:34.852140 sent 2024-12-11 14:14:34.849660
INFO:Message received on topic: type-2/18 with payload size: 91 at 2024-12-11 14:14:37.455084 sent 2024-12-11 14:14:37.453623
INFO:Message received on topic: type-2/18 with payload size: 91 at 2024-12-11 14:14:40.056481 sent 2024-12-11 14:14:40.054634
INFO:Message received on topic: type-2/18 with payload size: 91 at 2024-12-11 14:14:42.662171 sent 2024-12-11 14:14:42.657717
INFO:Message received on topic: type-2/18 with payload size: 91 at 2024-12-11 14:14:45.267988 sent 2024-12-11 14:14:45.266400
INFO:Message received on topic: type-2/18 with payload size: 91 at 2024-12-11 14:14:47.876026 sent 2024-12-11 14:14:47.873447
INFO:Message received on topic: type-2/18 with payload size: 91 at 2024-12-11 14:14:50.479431 sent 2024-12-11 14:14:50.477907
INFO:Message received on topic: type-2/18 with payload size: 91 at 2024-12-11 14:14:53.082440 sent 2024-12-11 14:14:53.081036
INFO:Message received on topic: type-2/18 with payload size: 91 at 2024-12-11 14:14:55.729759 sent 2024-12-11 14:14:55.685509
INFO:Message received on topic: type-2/18 with payload size: 91 at 2024-12-11 14:14:58.330765 sent 2024-12-11 14:14:58.294018
INFO:Message received on topic: type-2/18 with payload size: 91 at 2024-12-11 14:15:00.933710 sent 2024-12-11 14:15:00.901453
INFO:Message received on topic: type-2/18 with payload size: 91 at 2024-12-11 14:15:03.527697 sent 2024-12-11 14:15:03.506517
INFO:Message received on topic: type-2/18 with payload size: 91 at 2024-12-11 14:15:06.130982 sent 2024-12-11 14:15:06.113014
INFO:Message received on topic: type-2/18 with payload size: 91 at 2024-12-11 14:15:08.730599 sent 2024-12-11 14:15:08.719673
INFO:Message received on topic: type-2/18 with payload size: 91 at 2024-12-11 14:15:11.331754 sent 2024-12-11 14:15:11.324044
INFO:Message received on topic: type-2/18 with payload size: 91 at 2024-12-11 14:15:13.934081 sent 2024-12-11 14:15:13.930048
INFO:Message received on topic: type-2/18 with payload size: 91 at 2024-12-11 14:15:16.548872 sent 2024-12-11 14:15:16.537371
INFO:Message received on topic: type-2/18 with payload size: 91 at 2024-12-11 14:15:19.149631 sent 2024-12-11 14:15:19.140483
INFO:Message received on topic: type-2/18 with payload size: 91 at 2024-12-11 14:15:21.749565 sent 2024-12-11 14:15:21.742911
INFO:Message received on topic: type-2/18 with payload size: 91 at 2024-12-11 14:15:24.354508 sent 2024-12-11 14:15:24.345380
INFO:Message received on topic: type-2/18 with payload size: 91 at 2024-12-11 14:15:26.952190 sent 2024-12-11 14:15:26.948506
INFO:Message received on topic: type-2/18 with payload size: 91 at 2024-12-11 14:15:29.554931 sent 2024-12-11 14:15:29.552002
INFO:Message received on topic: type-2/18 with payload size: 91 at 2024-12-11 14:15:32.159776 sent 2024-12-11 14:15:32.155078
INFO:Message received on topic: type-2/18 with payload size: 91 at 2024-12-11 14:15:34.761056 sent 2024-12-11 14:15:34.758521
INFO:Message received on topic: type-2/18 with payload size: 91 at 2024-12-11 14:15:37.367834 sent 2024-12-11 14:15:37.364450
INFO:Message received on topic: type-2/18 with payload size: 91 at 2024-12-11 14:15:39.970532 sent 2024-12-11 14:15:39.967602
INFO:Message received on topic: type-2/18 with payload size: 91 at 2024-12-11 14:15:42.575666 sent 2024-12-11 14:15:42.570992
INFO:Message received on topic: type-2/18 with payload size: 91 at 2024-12-11 14:15:45.245031 sent 2024-12-11 14:15:45.175585
INFO:Message received on topic: type-2/18 with payload size: 91 at 2024-12-11 14:15:47.780957 sent 2024-12-11 14:15:47.779051
INFO:Message received on topic: type-2/18 with payload size: 91 at 2024-12-11 14:15:50.383419 sent 2024-12-11 14:15:50.381922
INFO:Message received on topic: type-2/18 with payload size: 91 at 2024-12-11 14:15:53.025803 sent 2024-12-11 14:15:52.985646
INFO:Message received on topic: type-2/18 with payload size: 91 at 2024-12-11 14:15:55.630509 sent 2024-12-11 14:15:55.587661
INFO:Message received on topic: type-2/18 with payload size: 91 at 2024-12-11 14:15:58.231998 sent 2024-12-11 14:15:58.191444
INFO:Message received on topic: type-2/18 with payload size: 91 at 2024-12-11 14:16:00.828719 sent 2024-12-11 14:16:00.794503
INFO:Message received on topic: type-2/18 with payload size: 91 at 2024-12-11 14:16:03.427504 sent 2024-12-11 14:16:03.397816
INFO:Message received on topic: type-2/18 with payload size: 91 at 2024-12-11 14:16:06.026926 sent 2024-12-11 14:16:06.001114
INFO:Message received on topic: type-2/18 with payload size: 91 at 2024-12-11 14:16:08.631509 sent 2024-12-11 14:16:08.603794
INFO:Message received on topic: type-2/18 with payload size: 91 at 2024-12-11 14:16:11.231390 sent 2024-12-11 14:16:11.204633
INFO:Message received on topic: type-2/18 with payload size: 91 at 2024-12-11 14:16:13.852089 sent 2024-12-11 14:16:13.807226
INFO:Message received on topic: type-2/18 with payload size: 91 at 2024-12-11 14:16:16.427580 sent 2024-12-11 14:16:16.409047
INFO:Message received on topic: type-2/18 with payload size: 91 at 2024-12-11 14:16:19.027406 sent 2024-12-11 14:16:19.011172
INFO:Message received on topic: type-2/18 with payload size: 91 at 2024-12-11 14:16:21.631234 sent 2024-12-11 14:16:21.612612
INFO:Message received on topic: type-2/18 with payload size: 91 at 2024-12-11 14:16:24.232449 sent 2024-12-11 14:16:24.214731
INFO:Message received on topic: type-2/18 with payload size: 91 at 2024-12-11 14:16:26.827969 sent 2024-12-11 14:16:26.815840
INFO:Message received on topic: type-2/18 with payload size: 91 at 2024-12-11 14:16:29.446876 sent 2024-12-11 14:16:29.417596
INFO:Message received on topic: type-2/18 with payload size: 91 at 2024-12-11 14:16:32.031793 sent 2024-12-11 14:16:32.020405
INFO:Message received on topic: type-2/18 with payload size: 91 at 2024-12-11 14:16:34.629230 sent 2024-12-11 14:16:34.621999
INFO:Message received on topic: type-2/18 with payload size: 91 at 2024-12-11 14:16:37.235880 sent 2024-12-11 14:16:37.228215
INFO:Message received on topic: type-2/18 with payload size: 91 at 2024-12-11 14:16:39.838587 sent 2024-12-11 14:16:39.830654
INFO:Message received on topic: type-2/18 with payload size: 91 at 2024-12-11 14:16:42.436813 sent 2024-12-11 14:16:42.432297
INFO:Message received on topic: type-2/18 with payload size: 91 at 2024-12-11 14:16:45.035841 sent 2024-12-11 14:16:45.033289
INFO:Message received on topic: type-2/18 with payload size: 91 at 2024-12-11 14:16:47.638535 sent 2024-12-11 14:16:47.635873
INFO:Message received on topic: type-2/18 with payload size: 91 at 2024-12-11 14:16:50.244977 sent 2024-12-11 14:16:50.238900
INFO:Message received on topic: type-2/18 with payload size: 91 at 2024-12-11 14:16:52.847703 sent 2024-12-11 14:16:52.842766
INFO:Message received on topic: type-2/18 with payload size: 91 at 2024-12-11 14:16:55.446760 sent 2024-12-11 14:16:55.443662
INFO:Message received on topic: type-2/18 with payload size: 91 at 2024-12-11 14:16:58.052935 sent 2024-12-11 14:16:58.048705
INFO:Message received on topic: type-2/18 with payload size: 91 at 2024-12-11 14:17:00.656555 sent 2024-12-11 14:17:00.652481
INFO:Message received on topic: type-2/18 with payload size: 91 at 2024-12-11 14:17:03.258451 sent 2024-12-11 14:17:03.255480
INFO:Message received on topic: type-2/18 with payload size: 91 at 2024-12-11 14:17:05.872541 sent 2024-12-11 14:17:05.860309
INFO:Message received on topic: type-2/18 with payload size: 91 at 2024-12-11 14:17:08.464909 sent 2024-12-11 14:17:08.463609
INFO:Message received on topic: type-2/18 with payload size: 91 at 2024-12-11 14:17:11.067803 sent 2024-12-11 14:17:11.066241
INFO:Message received on topic: type-2/18 with payload size: 91 at 2024-12-11 14:17:13.672858 sent 2024-12-11 14:17:13.668191
INFO:Message received on topic: type-2/18 with payload size: 91 at 2024-12-11 14:17:16.276177 sent 2024-12-11 14:17:16.271319
INFO:Message received on topic: type-2/18 with payload size: 91 at 2024-12-11 14:17:18.876618 sent 2024-12-11 14:17:18.874452
INFO:Message received on topic: type-2/18 with payload size: 91 at 2024-12-11 14:17:21.482205 sent 2024-12-11 14:17:21.480634
INFO:Message received on topic: type-2/18 with payload size: 91 at 2024-12-11 14:17:24.126244 sent 2024-12-11 14:17:24.087142
INFO:Message received on topic: type-2/18 with payload size: 91 at 2024-12-11 14:17:26.725532 sent 2024-12-11 14:17:26.689524
INFO:Message received on topic: type-2/18 with payload size: 91 at 2024-12-11 14:17:29.334884 sent 2024-12-11 14:17:29.295124
INFO:Message received on topic: type-2/18 with payload size: 91 at 2024-12-11 14:17:31.925551 sent 2024-12-11 14:17:31.897275
INFO:Message received on topic: type-2/18 with payload size: 91 at 2024-12-11 14:17:34.543752 sent 2024-12-11 14:17:34.499181
INFO:Message received on topic: type-2/18 with payload size: 91 at 2024-12-11 14:17:37.127752 sent 2024-12-11 14:17:37.101660
INFO:Message received on topic: type-2/18 with payload size: 91 at 2024-12-11 14:17:39.727717 sent 2024-12-11 14:17:39.705104
INFO:Message received on topic: type-2/18 with payload size: 91 at 2024-12-11 14:17:42.328921 sent 2024-12-11 14:17:42.307045
INFO:Message received on topic: type-2/18 with payload size: 91 at 2024-12-11 14:17:44.930727 sent 2024-12-11 14:17:44.907823
INFO:Message received on topic: type-2/18 with payload size: 91 at 2024-12-11 14:17:47.529994 sent 2024-12-11 14:17:47.511520
INFO:Message received on topic: type-2/18 with payload size: 91 at 2024-12-11 14:17:50.132552 sent 2024-12-11 14:17:50.114625
INFO:Message received on topic: type-2/18 with payload size: 91 at 2024-12-11 14:17:52.734699 sent 2024-12-11 14:17:52.715614
INFO:Message received on topic: type-2/18 with payload size: 91 at 2024-12-11 14:17:55.332113 sent 2024-12-11 14:17:55.315813
INFO:Message received on topic: type-2/18 with payload size: 91 at 2024-12-11 14:17:57.945915 sent 2024-12-11 14:17:57.917198
INFO:Message received on topic: type-2/18 with payload size: 91 at 2024-12-11 14:18:00.531027 sent 2024-12-11 14:18:00.520560
INFO:Message received on topic: type-2/18 with payload size: 91 at 2024-12-11 14:18:03.129890 sent 2024-12-11 14:18:03.124474
INFO:Message received on topic: type-2/18 with payload size: 91 at 2024-12-11 14:18:05.730976 sent 2024-12-11 14:18:05.725036
INFO:Message received on topic: type-2/18 with payload size: 91 at 2024-12-11 14:18:08.332929 sent 2024-12-11 14:18:08.329095
INFO:Message received on topic: type-2/18 with payload size: 91 at 2024-12-11 14:18:10.944724 sent 2024-12-11 14:18:10.935442
INFO:Message received on topic: type-2/18 with payload size: 91 at 2024-12-11 14:18:13.552652 sent 2024-12-11 14:18:13.543199
INFO:Message received on topic: type-2/18 with payload size: 91 at 2024-12-11 14:18:16.146734 sent 2024-12-11 14:18:16.144095
INFO:Message received on topic: type-2/18 with payload size: 91 at 2024-12-11 14:18:18.750232 sent 2024-12-11 14:18:18.747501
INFO:Message received on topic: type-2/18 with payload size: 91 at 2024-12-11 14:18:21.368524 sent 2024-12-11 14:18:21.353289
INFO:Message received on topic: type-2/18 with payload size: 91 at 2024-12-11 14:18:23.957742 sent 2024-12-11 14:18:23.955289
INFO:Message received on topic: type-2/18 with payload size: 91 at 2024-12-11 14:18:26.562874 sent 2024-12-11 14:18:26.556518
INFO:Message received on topic: type-2/18 with payload size: 91 at 2024-12-11 14:18:29.164871 sent 2024-12-11 14:18:29.159194
INFO:Message received on topic: type-2/18 with payload size: 91 at 2024-12-11 14:18:31.764821 sent 2024-12-11 14:18:31.762540
INFO:Message received on topic: type-2/18 with payload size: 91 at 2024-12-11 14:18:34.368305 sent 2024-12-11 14:18:34.365542
INFO:Message received on topic: type-2/18 with payload size: 91 at 2024-12-11 14:18:36.969479 sent 2024-12-11 14:18:36.968081
INFO:Message received on topic: type-2/18 with payload size: 91 at 2024-12-11 14:18:39.572319 sent 2024-12-11 14:18:39.571029
INFO:Message received on topic: type-2/18 with payload size: 91 at 2024-12-11 14:18:42.175076 sent 2024-12-11 14:18:42.173865
INFO:Message received on topic: type-2/18 with payload size: 91 at 2024-12-11 14:18:44.828547 sent 2024-12-11 14:18:44.776621
INFO:Message received on topic: type-2/18 with payload size: 91 at 2024-12-11 14:18:47.381813 sent 2024-12-11 14:18:47.380466
INFO:Message received on topic: type-2/18 with payload size: 91 at 2024-12-11 14:18:49.983699 sent 2024-12-11 14:18:49.982147
INFO:Message received on topic: type-2/18 with payload size: 91 at 2024-12-11 14:18:52.631605 sent 2024-12-11 14:18:52.580651
INFO:Message received on topic: type-2/18 with payload size: 91 at 2024-12-11 14:18:55.167692 sent 2024-12-11 14:18:55.165466
INFO:Message received on topic: type-2/18 with payload size: 91 at 2024-12-11 14:18:57.756044 sent 2024-12-11 14:18:57.748434
INFO:Message received on topic: type-2/18 with payload size: 91 at 2024-12-11 14:19:00.350826 sent 2024-12-11 14:19:00.335755
INFO:Message received on topic: type-2/18 with payload size: 91 at 2024-12-11 14:19:02.935821 sent 2024-12-11 14:19:02.927865
INFO:Message received on topic: type-2/18 with payload size: 91 at 2024-12-11 14:19:05.544075 sent 2024-12-11 14:19:05.532499
INFO:Message received on topic: type-2/18 with payload size: 91 at 2024-12-11 14:19:08.143893 sent 2024-12-11 14:19:08.134639
INFO:Message received on topic: type-2/18 with payload size: 91 at 2024-12-11 14:19:10.747935 sent 2024-12-11 14:19:10.737795
INFO:Message received on topic: type-2/18 with payload size: 91 at 2024-12-11 14:19:13.353502 sent 2024-12-11 14:19:13.341630
INFO:Message received on topic: type-2/18 with payload size: 91 at 2024-12-11 14:19:15.960973 sent 2024-12-11 14:19:15.941593
INFO:Message received on topic: type-2/18 with payload size: 91 at 2024-12-11 14:19:18.549151 sent 2024-12-11 14:19:18.542472
INFO:Message received on topic: type-2/18 with payload size: 91 at 2024-12-11 14:19:21.146965 sent 2024-12-11 14:19:21.144546
INFO:Message received on topic: type-2/18 with payload size: 91 at 2024-12-11 14:19:23.749858 sent 2024-12-11 14:19:23.746912
INFO:Message received on topic: type-2/18 with payload size: 91 at 2024-12-11 14:19:26.352075 sent 2024-12-11 14:19:26.348469
INFO:Message received on topic: type-2/18 with payload size: 91 at 2024-12-11 14:19:28.953836 sent 2024-12-11 14:19:28.951088
INFO:Message received on topic: type-2/18 with payload size: 91 at 2024-12-11 14:19:31.554493 sent 2024-12-11 14:19:31.553119
INFO:Message received on topic: type-2/18 with payload size: 91 at 2024-12-11 14:19:34.161646 sent 2024-12-11 14:19:34.157663
INFO:Message received on topic: type-2/18 with payload size: 91 at 2024-12-11 14:19:36.768992 sent 2024-12-11 14:19:36.766263
INFO:Message received on topic: type-2/18 with payload size: 91 at 2024-12-11 14:19:39.371818 sent 2024-12-11 14:19:39.369604
INFO:Message received on topic: type-2/18 with payload size: 91 at 2024-12-11 14:19:41.971754 sent 2024-12-11 14:19:41.970357
INFO:Message received on topic: type-2/18 with payload size: 91 at 2024-12-11 14:19:44.575049 sent 2024-12-11 14:19:44.573137
INFO:Message received on topic: type-2/18 with payload size: 91 at 2024-12-11 14:19:47.234346 sent 2024-12-11 14:19:47.179169
INFO:Message received on topic: type-2/18 with payload size: 91 at 2024-12-11 14:19:49.828590 sent 2024-12-11 14:19:49.783123
INFO:Message received on topic: type-2/18 with payload size: 91 at 2024-12-11 14:19:52.425941 sent 2024-12-11 14:19:52.385455
INFO:Message received on topic: type-2/18 with payload size: 91 at 2024-12-11 14:19:54.994678 sent 2024-12-11 14:19:54.993239
INFO:Message received on topic: type-2/18 with payload size: 91 at 2024-12-11 14:19:57.600217 sent 2024-12-11 14:19:57.598622
INFO:Message received on topic: type-2/18 with payload size: 91 at 2024-12-11 14:20:00.232275 sent 2024-12-11 14:20:00.202800
INFO:Message received on topic: type-2/18 with payload size: 91 at 2024-12-11 14:20:02.828662 sent 2024-12-11 14:20:02.805223
INFO:Message received on topic: type-2/18 with payload size: 91 at 2024-12-11 14:20:05.430229 sent 2024-12-11 14:20:05.408923
INFO:Message received on topic: type-2/18 with payload size: 91 at 2024-12-11 14:20:08.027536 sent 2024-12-11 14:20:08.013519
INFO:Message received on topic: type-2/18 with payload size: 91 at 2024-12-11 14:20:10.626389 sent 2024-12-11 14:20:10.621665
INFO:Message received on topic: type-2/18 with payload size: 91 at 2024-12-11 14:20:13.230618 sent 2024-12-11 14:20:13.223524
INFO:Message received on topic: type-2/18 with payload size: 91 at 2024-12-11 14:20:15.828122 sent 2024-12-11 14:20:15.824352
INFO:Message received on topic: type-2/18 with payload size: 91 at 2024-12-11 14:20:18.445828 sent 2024-12-11 14:20:18.428787
INFO:Message received on topic: type-2/18 with payload size: 91 at 2024-12-11 14:20:21.055807 sent 2024-12-11 14:20:21.032499
INFO:Message received on topic: type-2/18 with payload size: 91 at 2024-12-11 14:20:23.648998 sent 2024-12-11 14:20:23.635380
INFO:Message received on topic: type-2/18 with payload size: 91 at 2024-12-11 14:20:26.247319 sent 2024-12-11 14:20:26.236631
INFO:Message received on topic: type-2/18 with payload size: 91 at 2024-12-11 14:20:28.847823 sent 2024-12-11 14:20:28.836557
INFO:Message received on topic: type-2/18 with payload size: 91 at 2024-12-11 14:20:31.443210 sent 2024-12-11 14:20:31.441664
