INFO:Starting Version 1.0.5
DEBUG:Using selector: EpollSelector
INFO:Connecting to cluster at: mqtt-quic://emqx-headless.dtwins:14567 using QUIC
INFO:Subscribed to topic: type-2/1
INFO:Logging each: 50
INFO:Unhandled packet type received
INFO:Message received on topic: type-2/1 with payload size: 281 at 2024-12-16 23:11:59.329846 sent 2024-12-16 23:11:59.326772
INFO:Message received on topic: type-2/1 with payload size: 152 at 2024-12-16 23:12:01.925234 sent 2024-12-16 23:12:01.923524
INFO:Message received on topic: type-2/1 with payload size: 147 at 2024-12-16 23:12:04.525614 sent 2024-12-16 23:12:04.523881
INFO:Message received on topic: type-2/1 with payload size: 255 at 2024-12-16 23:12:07.127063 sent 2024-12-16 23:12:07.125575
INFO:Message received on topic: type-2/1 with payload size: 240 at 2024-12-16 23:12:09.729258 sent 2024-12-16 23:12:09.727784
INFO:Message received on topic: type-2/1 with payload size: 295 at 2024-12-16 23:12:12.338527 sent 2024-12-16 23:12:12.336629
INFO:Message received on topic: type-2/1 with payload size: 220 at 2024-12-16 23:12:14.952108 sent 2024-12-16 23:12:14.949318
INFO:Message received on topic: type-2/1 with payload size: 228 at 2024-12-16 23:12:17.547038 sent 2024-12-16 23:12:17.544148
INFO:Message received on topic: type-2/1 with payload size: 205 at 2024-12-16 23:12:20.138906 sent 2024-12-16 23:12:20.137349
INFO:Message received on topic: type-2/1 with payload size: 316 at 2024-12-16 23:12:22.738393 sent 2024-12-16 23:12:22.737018
INFO:Message received on topic: type-2/1 with payload size: 231 at 2024-12-16 23:12:25.334890 sent 2024-12-16 23:12:25.333531
INFO:Message received on topic: type-2/1 with payload size: 209 at 2024-12-16 23:12:27.932757 sent 2024-12-16 23:12:27.929536
INFO:Message received on topic: type-2/1 with payload size: 162 at 2024-12-16 23:12:30.533849 sent 2024-12-16 23:12:30.532800
INFO:Message received on topic: type-2/1 with payload size: 181 at 2024-12-16 23:12:33.135642 sent 2024-12-16 23:12:33.134569
INFO:Message received on topic: type-2/1 with payload size: 251 at 2024-12-16 23:12:35.741346 sent 2024-12-16 23:12:35.739711
INFO:Message received on topic: type-2/1 with payload size: 304 at 2024-12-16 23:12:38.341801 sent 2024-12-16 23:12:38.340167
INFO:Message received on topic: type-2/1 with payload size: 179 at 2024-12-16 23:12:40.981755 sent 2024-12-16 23:12:40.968718
INFO:Message received on topic: type-2/1 with payload size: 202 at 2024-12-16 23:12:43.586447 sent 2024-12-16 23:12:43.583416
INFO:Message received on topic: type-2/1 with payload size: 183 at 2024-12-16 23:12:46.209483 sent 2024-12-16 23:12:46.201869
INFO:Message received on topic: type-2/1 with payload size: 132 at 2024-12-16 23:12:48.818785 sent 2024-12-16 23:12:48.809721
INFO:Message received on topic: type-2/1 with payload size: 194 at 2024-12-16 23:12:51.418998 sent 2024-12-16 23:12:51.416967
INFO:Message received on topic: type-2/1 with payload size: 301 at 2024-12-16 23:12:54.040535 sent 2024-12-16 23:12:54.038395
INFO:Message received on topic: type-2/1 with payload size: 162 at 2024-12-16 23:12:56.712539 sent 2024-12-16 23:12:56.646708
INFO:Message received on topic: type-2/1 with payload size: 172 at 2024-12-16 23:12:59.280309 sent 2024-12-16 23:12:59.263514
INFO:Message received on topic: type-2/1 with payload size: 215 at 2024-12-16 23:13:01.884280 sent 2024-12-16 23:13:01.878116
INFO:Message received on topic: type-2/1 with payload size: 294 at 2024-12-16 23:13:04.496890 sent 2024-12-16 23:13:04.495155
INFO:Message received on topic: type-2/1 with payload size: 185 at 2024-12-16 23:13:07.118171 sent 2024-12-16 23:13:07.113933
INFO:Message received on topic: type-2/1 with payload size: 303 at 2024-12-16 23:13:09.728761 sent 2024-12-16 23:13:09.726892
INFO:Message received on topic: type-2/1 with payload size: 292 at 2024-12-16 23:13:12.380417 sent 2024-12-16 23:13:12.336806
INFO:Message received on topic: type-2/1 with payload size: 299 at 2024-12-16 23:13:14.977660 sent 2024-12-16 23:13:14.951787
INFO:Message received on topic: type-2/1 with payload size: 290 at 2024-12-16 23:13:17.583540 sent 2024-12-16 23:13:17.565301
INFO:Message received on topic: type-2/1 with payload size: 280 at 2024-12-16 23:13:20.220068 sent 2024-12-16 23:13:20.185159
INFO:Message received on topic: type-2/1 with payload size: 194 at 2024-12-16 23:13:22.825366 sent 2024-12-16 23:13:22.806400
INFO:Message received on topic: type-2/1 with payload size: 134 at 2024-12-16 23:13:25.480452 sent 2024-12-16 23:13:25.441938
INFO:Message received on topic: type-2/1 with payload size: 251 at 2024-12-16 23:13:28.082443 sent 2024-12-16 23:13:28.055911
INFO:Message received on topic: type-2/1 with payload size: 186 at 2024-12-16 23:13:30.724878 sent 2024-12-16 23:13:30.666146
INFO:Message received on topic: type-2/1 with payload size: 149 at 2024-12-16 23:13:33.314067 sent 2024-12-16 23:13:33.303067
INFO:Message received on topic: type-2/1 with payload size: 129 at 2024-12-16 23:13:35.928553 sent 2024-12-16 23:13:35.921219
INFO:Message received on topic: type-2/1 with payload size: 161 at 2024-12-16 23:13:38.543855 sent 2024-12-16 23:13:38.542032
INFO:Message received on topic: type-2/1 with payload size: 224 at 2024-12-16 23:13:41.181978 sent 2024-12-16 23:13:41.156771
INFO:Message received on topic: type-2/1 with payload size: 136 at 2024-12-16 23:13:43.783187 sent 2024-12-16 23:13:43.768294
INFO:Message received on topic: type-2/1 with payload size: 223 at 2024-12-16 23:13:46.413296 sent 2024-12-16 23:13:46.382817
INFO:Message received on topic: type-2/1 with payload size: 255 at 2024-12-16 23:13:49.021083 sent 2024-12-16 23:13:48.999297
INFO:Message received on topic: type-2/1 with payload size: 273 at 2024-12-16 23:13:51.617890 sent 2024-12-16 23:13:51.612931
INFO:Message received on topic: type-2/1 with payload size: 149 at 2024-12-16 23:13:54.235150 sent 2024-12-16 23:13:54.233741
INFO:Message received on topic: type-2/1 with payload size: 165 at 2024-12-16 23:13:56.846214 sent 2024-12-16 23:13:56.842335
INFO:Message received on topic: type-2/1 with payload size: 138 at 2024-12-16 23:13:59.474700 sent 2024-12-16 23:13:59.453287
INFO:Message received on topic: type-2/1 with payload size: 159 at 2024-12-16 23:14:02.110087 sent 2024-12-16 23:14:02.069587
INFO:Message received on topic: type-2/1 with payload size: 279 at 2024-12-16 23:14:04.708182 sent 2024-12-16 23:14:04.681630
INFO:Message received on topic: type-2/1 with payload size: 249 at 2024-12-16 23:14:07.354658 sent 2024-12-16 23:14:07.296607
INFO:Message received on topic: type-2/1 with payload size: 259 at 2024-12-16 23:14:09.920316 sent 2024-12-16 23:14:09.914865
INFO:Message received on topic: type-2/1 with payload size: 178 at 2024-12-16 23:14:12.544883 sent 2024-12-16 23:14:12.526583
INFO:Message received on topic: type-2/1 with payload size: 248 at 2024-12-16 23:14:15.145759 sent 2024-12-16 23:14:15.142967
INFO:Message received on topic: type-2/1 with payload size: 206 at 2024-12-16 23:14:17.776800 sent 2024-12-16 23:14:17.759761
INFO:Message received on topic: type-2/1 with payload size: 225 at 2024-12-16 23:14:20.416618 sent 2024-12-16 23:14:20.374099
INFO:Message received on topic: type-2/1 with payload size: 311 at 2024-12-16 23:14:23.033025 sent 2024-12-16 23:14:23.023236
INFO:Message received on topic: type-2/1 with payload size: 183 at 2024-12-16 23:14:25.646081 sent 2024-12-16 23:14:25.644198
INFO:Message received on topic: type-2/1 with payload size: 242 at 2024-12-16 23:14:28.316488 sent 2024-12-16 23:14:28.260769
INFO:Message received on topic: type-2/1 with payload size: 251 at 2024-12-16 23:14:30.916769 sent 2024-12-16 23:14:30.879659
INFO:Message received on topic: type-2/1 with payload size: 136 at 2024-12-16 23:14:33.515247 sent 2024-12-16 23:14:33.504771
INFO:Message received on topic: type-2/1 with payload size: 293 at 2024-12-16 23:14:36.136194 sent 2024-12-16 23:14:36.131115
INFO:Message received on topic: type-2/1 with payload size: 176 at 2024-12-16 23:14:38.745633 sent 2024-12-16 23:14:38.740108
INFO:Message received on topic: type-2/1 with payload size: 265 at 2024-12-16 23:14:41.414737 sent 2024-12-16 23:14:41.360942
INFO:Message received on topic: type-2/1 with payload size: 213 at 2024-12-16 23:14:44.014037 sent 2024-12-16 23:14:43.977935
INFO:Message received on topic: type-2/1 with payload size: 193 at 2024-12-16 23:14:46.611059 sent 2024-12-16 23:14:46.588377
INFO:Message received on topic: type-2/1 with payload size: 309 at 2024-12-16 23:14:49.220102 sent 2024-12-16 23:14:49.207555
INFO:Message received on topic: type-2/1 with payload size: 266 at 2024-12-16 23:14:51.834655 sent 2024-12-16 23:14:51.825694
INFO:Message received on topic: type-2/1 with payload size: 288 at 2024-12-16 23:14:54.448580 sent 2024-12-16 23:14:54.446282
INFO:Message received on topic: type-2/1 with payload size: 242 at 2024-12-16 23:14:57.120833 sent 2024-12-16 23:14:57.059837
INFO:Message received on topic: type-2/1 with payload size: 307 at 2024-12-16 23:14:59.724630 sent 2024-12-16 23:14:59.677483
INFO:Message received on topic: type-2/1 with payload size: 300 at 2024-12-16 23:15:02.314782 sent 2024-12-16 23:15:02.303799
INFO:Message received on topic: type-2/1 with payload size: 232 at 2024-12-16 23:15:04.924736 sent 2024-12-16 23:15:04.918184
INFO:Message received on topic: type-2/1 with payload size: 252 at 2024-12-16 23:15:07.548042 sent 2024-12-16 23:15:07.537428
INFO:Message received on topic: type-2/1 with payload size: 153 at 2024-12-16 23:15:10.210810 sent 2024-12-16 23:15:10.164969
INFO:Message received on topic: type-2/1 with payload size: 298 at 2024-12-16 23:15:12.812639 sent 2024-12-16 23:15:12.778797
INFO:Message received on topic: type-2/1 with payload size: 262 at 2024-12-16 23:15:15.412122 sent 2024-12-16 23:15:15.391361
INFO:Message received on topic: type-2/1 with payload size: 209 at 2024-12-16 23:15:18.021614 sent 2024-12-16 23:15:18.008390
INFO:Message received on topic: type-2/1 with payload size: 138 at 2024-12-16 23:15:20.676367 sent 2024-12-16 23:15:20.655909
INFO:Message received on topic: type-2/1 with payload size: 190 at 2024-12-16 23:15:23.274791 sent 2024-12-16 23:15:23.267671
INFO:Message received on topic: type-2/1 with payload size: 251 at 2024-12-16 23:15:25.927269 sent 2024-12-16 23:15:25.881215
INFO:Message received on topic: type-2/1 with payload size: 307 at 2024-12-16 23:15:28.517307 sent 2024-12-16 23:15:28.492923
INFO:Message received on topic: type-2/1 with payload size: 202 at 2024-12-16 23:15:31.126896 sent 2024-12-16 23:15:31.105190
INFO:Message received on topic: type-2/1 with payload size: 184 at 2024-12-16 23:15:33.725786 sent 2024-12-16 23:15:33.717968
INFO:Message received on topic: type-2/1 with payload size: 213 at 2024-12-16 23:15:36.341795 sent 2024-12-16 23:15:36.329405
INFO:Message received on topic: type-2/1 with payload size: 276 at 2024-12-16 23:15:38.945021 sent 2024-12-16 23:15:38.942973
INFO:Message received on topic: type-2/1 with payload size: 211 at 2024-12-16 23:15:41.616254 sent 2024-12-16 23:15:41.557003
INFO:Message received on topic: type-2/1 with payload size: 131 at 2024-12-16 23:15:44.219831 sent 2024-12-16 23:15:44.170679
INFO:Message received on topic: type-2/1 with payload size: 234 at 2024-12-16 23:15:46.808975 sent 2024-12-16 23:15:46.785163
INFO:Message received on topic: type-2/1 with payload size: 304 at 2024-12-16 23:15:49.416976 sent 2024-12-16 23:15:49.393881
INFO:Message received on topic: type-2/1 with payload size: 231 at 2024-12-16 23:15:52.030897 sent 2024-12-16 23:15:52.017362
INFO:Message received on topic: type-2/1 with payload size: 323 at 2024-12-16 23:15:54.627347 sent 2024-12-16 23:15:54.622058
INFO:Message received on topic: type-2/1 with payload size: 141 at 2024-12-16 23:15:57.249257 sent 2024-12-16 23:15:57.247836
INFO:Message received on topic: type-2/1 with payload size: 269 at 2024-12-16 23:15:59.913521 sent 2024-12-16 23:15:59.857175
INFO:Message received on topic: type-2/1 with payload size: 300 at 2024-12-16 23:16:02.516694 sent 2024-12-16 23:16:02.471329
INFO:Message received on topic: type-2/1 with payload size: 265 at 2024-12-16 23:16:05.115645 sent 2024-12-16 23:16:05.099195
INFO:Message received on topic: type-2/1 with payload size: 293 at 2024-12-16 23:16:07.718598 sent 2024-12-16 23:16:07.714389
INFO:Message received on topic: type-2/1 with payload size: 300 at 2024-12-16 23:16:10.377427 sent 2024-12-16 23:16:10.347331
INFO:Message received on topic: type-2/1 with payload size: 307 at 2024-12-16 23:16:12.980348 sent 2024-12-16 23:16:12.960835
INFO:Message received on topic: type-2/1 with payload size: 132 at 2024-12-16 23:16:15.618995 sent 2024-12-16 23:16:15.584034
INFO:Message received on topic: type-2/1 with payload size: 149 at 2024-12-16 23:16:18.231527 sent 2024-12-16 23:16:18.203100
INFO:Message received on topic: type-2/1 with payload size: 277 at 2024-12-16 23:16:20.842387 sent 2024-12-16 23:16:20.828517
INFO:Message received on topic: type-2/1 with payload size: 209 at 2024-12-16 23:16:23.445840 sent 2024-12-16 23:16:23.440436
INFO:Message received on topic: type-2/1 with payload size: 316 at 2024-12-16 23:16:26.114580 sent 2024-12-16 23:16:26.048754
INFO:Message received on topic: type-2/1 with payload size: 247 at 2024-12-16 23:16:28.679658 sent 2024-12-16 23:16:28.664262
INFO:Message received on topic: type-2/1 with payload size: 296 at 2024-12-16 23:16:31.306624 sent 2024-12-16 23:16:31.275282
INFO:Message received on topic: type-2/1 with payload size: 186 at 2024-12-16 23:16:33.923487 sent 2024-12-16 23:16:33.895216
INFO:Message received on topic: type-2/1 with payload size: 235 at 2024-12-16 23:16:36.522431 sent 2024-12-16 23:16:36.501049
INFO:Message received on topic: type-2/1 with payload size: 173 at 2024-12-16 23:16:39.131323 sent 2024-12-16 23:16:39.123557
INFO:Message received on topic: type-2/1 with payload size: 301 at 2024-12-16 23:16:41.742727 sent 2024-12-16 23:16:41.739330
INFO:Message received on topic: type-2/1 with payload size: 174 at 2024-12-16 23:16:44.378418 sent 2024-12-16 23:16:44.349705
INFO:Message received on topic: type-2/1 with payload size: 151 at 2024-12-16 23:16:47.015295 sent 2024-12-16 23:16:46.980202
INFO:Message received on topic: type-2/1 with payload size: 309 at 2024-12-16 23:16:49.617785 sent 2024-12-16 23:16:49.602412
INFO:Message received on topic: type-2/1 with payload size: 214 at 2024-12-16 23:16:52.228992 sent 2024-12-16 23:16:52.224799
INFO:Message received on topic: type-2/1 with payload size: 231 at 2024-12-16 23:16:54.840221 sent 2024-12-16 23:16:54.833199
INFO:Message received on topic: type-2/1 with payload size: 168 at 2024-12-16 23:16:57.523317 sent 2024-12-16 23:16:57.448485
INFO:Message received on topic: type-2/1 with payload size: 311 at 2024-12-16 23:17:00.114717 sent 2024-12-16 23:17:00.059750
INFO:Message received on topic: type-2/1 with payload size: 245 at 2024-12-16 23:17:02.712302 sent 2024-12-16 23:17:02.680522
INFO:Message received on topic: type-2/1 with payload size: 127 at 2024-12-16 23:17:05.317188 sent 2024-12-16 23:17:05.297722
INFO:Message received on topic: type-2/1 with payload size: 225 at 2024-12-16 23:17:07.919784 sent 2024-12-16 23:17:07.904788
INFO:Message received on topic: type-2/1 with payload size: 184 at 2024-12-16 23:17:10.533217 sent 2024-12-16 23:17:10.531333
INFO:Message received on topic: type-2/1 with payload size: 211 at 2024-12-16 23:17:13.212748 sent 2024-12-16 23:17:13.157065
INFO:Message received on topic: type-2/1 with payload size: 324 at 2024-12-16 23:17:15.813480 sent 2024-12-16 23:17:15.778202
INFO:Message received on topic: type-2/1 with payload size: 165 at 2024-12-16 23:17:18.412867 sent 2024-12-16 23:17:18.388806
INFO:Message received on topic: type-2/1 with payload size: 192 at 2024-12-16 23:17:21.023784 sent 2024-12-16 23:17:21.009171
INFO:Message received on topic: type-2/1 with payload size: 143 at 2024-12-16 23:17:23.633801 sent 2024-12-16 23:17:23.629427
INFO:Message received on topic: type-2/1 with payload size: 275 at 2024-12-16 23:17:26.252041 sent 2024-12-16 23:17:26.243023
INFO:Message received on topic: type-2/1 with payload size: 238 at 2024-12-16 23:17:28.920624 sent 2024-12-16 23:17:28.864198
INFO:Message received on topic: type-2/1 with payload size: 296 at 2024-12-16 23:17:31.517799 sent 2024-12-16 23:17:31.491572
INFO:Message received on topic: type-2/1 with payload size: 171 at 2024-12-16 23:17:34.127529 sent 2024-12-16 23:17:34.117302
INFO:Message received on topic: type-2/1 with payload size: 199 at 2024-12-16 23:17:36.754662 sent 2024-12-16 23:17:36.745789
INFO:Message received on topic: type-2/1 with payload size: 193 at 2024-12-16 23:17:39.412345 sent 2024-12-16 23:17:39.365275
INFO:Message received on topic: type-2/1 with payload size: 238 at 2024-12-16 23:17:42.012207 sent 2024-12-16 23:17:41.988848
INFO:Message received on topic: type-2/1 with payload size: 185 at 2024-12-16 23:17:44.657374 sent 2024-12-16 23:17:44.603093
INFO:Message received on topic: type-2/1 with payload size: 321 at 2024-12-16 23:17:47.242969 sent 2024-12-16 23:17:47.216306
INFO:Message received on topic: type-2/1 with payload size: 319 at 2024-12-16 23:17:49.839345 sent 2024-12-16 23:17:49.837332
INFO:Message received on topic: type-2/1 with payload size: 280 at 2024-12-16 23:17:52.451213 sent 2024-12-16 23:17:52.449331
INFO:Message received on topic: type-2/1 with payload size: 182 at 2024-12-16 23:17:55.115588 sent 2024-12-16 23:17:55.068884
INFO:Message received on topic: type-2/1 with payload size: 286 at 2024-12-16 23:17:57.715201 sent 2024-12-16 23:17:57.684651
INFO:Message received on topic: type-2/1 with payload size: 180 at 2024-12-16 23:18:00.316250 sent 2024-12-16 23:18:00.293108
INFO:Message received on topic: type-2/1 with payload size: 201 at 2024-12-16 23:18:02.916694 sent 2024-12-16 23:18:02.903150
INFO:Message received on topic: type-2/1 with payload size: 159 at 2024-12-16 23:18:05.532270 sent 2024-12-16 23:18:05.521872
INFO:Message received on topic: type-2/1 with payload size: 280 at 2024-12-16 23:18:08.142914 sent 2024-12-16 23:18:08.141060
INFO:Message received on topic: type-2/1 with payload size: 202 at 2024-12-16 23:18:10.781368 sent 2024-12-16 23:18:10.772309
INFO:Message received on topic: type-2/1 with payload size: 233 at 2024-12-16 23:18:13.415372 sent 2024-12-16 23:18:13.390046
INFO:Message received on topic: type-2/1 with payload size: 231 at 2024-12-16 23:18:16.035292 sent 2024-12-16 23:18:16.014669
INFO:Message received on topic: type-2/1 with payload size: 172 at 2024-12-16 23:18:18.633741 sent 2024-12-16 23:18:18.632042
INFO:Message received on topic: type-2/1 with payload size: 167 at 2024-12-16 23:18:21.243348 sent 2024-12-16 23:18:21.241214
INFO:Message received on topic: type-2/1 with payload size: 221 at 2024-12-16 23:18:23.920741 sent 2024-12-16 23:18:23.859534
INFO:Message received on topic: type-2/1 with payload size: 273 at 2024-12-16 23:18:26.512070 sent 2024-12-16 23:18:26.470094
INFO:Message received on topic: type-2/1 with payload size: 282 at 2024-12-16 23:18:29.116910 sent 2024-12-16 23:18:29.075234
INFO:Message received on topic: type-2/1 with payload size: 283 at 2024-12-16 23:18:31.721435 sent 2024-12-16 23:18:31.694687
INFO:Message received on topic: type-2/1 with payload size: 261 at 2024-12-16 23:18:34.324868 sent 2024-12-16 23:18:34.309552
INFO:Message received on topic: type-2/1 with payload size: 286 at 2024-12-16 23:18:36.946044 sent 2024-12-16 23:18:36.930598
INFO:Message received on topic: type-2/1 with payload size: 202 at 2024-12-16 23:18:39.547740 sent 2024-12-16 23:18:39.543161
INFO:Message received on topic: type-2/1 with payload size: 138 at 2024-12-16 23:18:42.209156 sent 2024-12-16 23:18:42.155077
INFO:Message received on topic: type-2/1 with payload size: 277 at 2024-12-16 23:18:44.829182 sent 2024-12-16 23:18:44.766368
INFO:Message received on topic: type-2/1 with payload size: 242 at 2024-12-16 23:18:47.416611 sent 2024-12-16 23:18:47.386768
INFO:Message received on topic: type-2/1 with payload size: 318 at 2024-12-16 23:18:50.022746 sent 2024-12-16 23:18:50.011024
INFO:Message received on topic: type-2/1 with payload size: 178 at 2024-12-16 23:18:52.635400 sent 2024-12-16 23:18:52.629490
INFO:Message received on topic: type-2/1 with payload size: 253 at 2024-12-16 23:18:55.250331 sent 2024-12-16 23:18:55.247784
INFO:Message received on topic: type-2/1 with payload size: 151 at 2024-12-16 23:18:57.916305 sent 2024-12-16 23:18:57.859590
INFO:Message received on topic: type-2/1 with payload size: 307 at 2024-12-16 23:19:00.513403 sent 2024-12-16 23:19:00.481499
INFO:Message received on topic: type-2/1 with payload size: 220 at 2024-12-16 23:19:03.115223 sent 2024-12-16 23:19:03.098636
INFO:Message received on topic: type-2/1 with payload size: 143 at 2024-12-16 23:19:05.723541 sent 2024-12-16 23:19:05.716848
INFO:Message received on topic: type-2/1 with payload size: 306 at 2024-12-16 23:19:08.325444 sent 2024-12-16 23:19:08.323877
INFO:Message received on topic: type-2/1 with payload size: 244 at 2024-12-16 23:19:11.013708 sent 2024-12-16 23:19:10.942165
INFO:Message received on topic: type-2/1 with payload size: 321 at 2024-12-16 23:19:13.556470 sent 2024-12-16 23:19:13.554687
INFO:Message received on topic: type-2/1 with payload size: 138 at 2024-12-16 23:19:16.219004 sent 2024-12-16 23:19:16.173484
INFO:Message received on topic: type-2/1 with payload size: 189 at 2024-12-16 23:19:18.818527 sent 2024-12-16 23:19:18.781336
INFO:Message received on topic: type-2/1 with payload size: 146 at 2024-12-16 23:19:21.414524 sent 2024-12-16 23:19:21.389895
INFO:Message received on topic: type-2/1 with payload size: 260 at 2024-12-16 23:19:24.012148 sent 2024-12-16 23:19:24.002905
INFO:Message received on topic: type-2/1 with payload size: 133 at 2024-12-16 23:19:26.626711 sent 2024-12-16 23:19:26.617998
INFO:Message received on topic: type-2/1 with payload size: 183 at 2024-12-16 23:19:29.253570 sent 2024-12-16 23:19:29.250926
INFO:Message received on topic: type-2/1 with payload size: 319 at 2024-12-16 23:19:31.934585 sent 2024-12-16 23:19:31.871368
INFO:Message received on topic: type-2/1 with payload size: 251 at 2024-12-16 23:19:34.532005 sent 2024-12-16 23:19:34.490256
INFO:Message received on topic: type-2/1 with payload size: 211 at 2024-12-16 23:19:37.128884 sent 2024-12-16 23:19:37.116747
INFO:Message received on topic: type-2/1 with payload size: 215 at 2024-12-16 23:19:39.735485 sent 2024-12-16 23:19:39.733943
INFO:Message received on topic: type-2/1 with payload size: 166 at 2024-12-16 23:19:42.348834 sent 2024-12-16 23:19:42.345234
INFO:Message received on topic: type-2/1 with payload size: 264 at 2024-12-16 23:19:45.033261 sent 2024-12-16 23:19:44.960721
INFO:Message received on topic: type-2/1 with payload size: 215 at 2024-12-16 23:19:47.618520 sent 2024-12-16 23:19:47.575644
INFO:Message received on topic: type-2/1 with payload size: 214 at 2024-12-16 23:19:50.217660 sent 2024-12-16 23:19:50.195977
INFO:Message received on topic: type-2/1 with payload size: 298 at 2024-12-16 23:19:52.823809 sent 2024-12-16 23:19:52.810299
INFO:Message received on topic: type-2/1 with payload size: 218 at 2024-12-16 23:19:55.426250 sent 2024-12-16 23:19:55.423453
INFO:Message received on topic: type-2/1 with payload size: 263 at 2024-12-16 23:19:58.043034 sent 2024-12-16 23:19:58.039175
INFO:Message received on topic: type-2/1 with payload size: 235 at 2024-12-16 23:20:00.718585 sent 2024-12-16 23:20:00.681596
INFO:Message received on topic: type-2/1 with payload size: 319 at 2024-12-16 23:20:03.319798 sent 2024-12-16 23:20:03.311538
INFO:Message received on topic: type-2/1 with payload size: 319 at 2024-12-16 23:20:05.938918 sent 2024-12-16 23:20:05.936885
INFO:Message received on topic: type-2/1 with payload size: 317 at 2024-12-16 23:20:08.548372 sent 2024-12-16 23:20:08.546953
INFO:Message received on topic: type-2/1 with payload size: 300 at 2024-12-16 23:20:11.214082 sent 2024-12-16 23:20:11.157120
INFO:Message received on topic: type-2/1 with payload size: 291 at 2024-12-16 23:20:13.816284 sent 2024-12-16 23:20:13.779172
INFO:Message received on topic: type-2/1 with payload size: 214 at 2024-12-16 23:20:16.416034 sent 2024-12-16 23:20:16.397324
INFO:Message received on topic: type-2/1 with payload size: 169 at 2024-12-16 23:20:19.022104 sent 2024-12-16 23:20:19.007924
INFO:Message received on topic: type-2/1 with payload size: 186 at 2024-12-16 23:20:21.624337 sent 2024-12-16 23:20:21.618899
INFO:Message received on topic: type-2/1 with payload size: 204 at 2024-12-16 23:20:24.244121 sent 2024-12-16 23:20:24.242642
INFO:Message received on topic: type-2/1 with payload size: 168 at 2024-12-16 23:20:26.911925 sent 2024-12-16 23:20:26.872366
INFO:Message received on topic: type-2/1 with payload size: 203 at 2024-12-16 23:20:29.518852 sent 2024-12-16 23:20:29.490920
