INFO:Starting Version 1.0.5
DEBUG:Using selector: EpollSelector
INFO:Connecting to cluster at: mqtt-quic://emqx-headless.dtwins:14567 using QUIC
INFO:Subscribed to topic: type-2/12
INFO:Logging each: 50
INFO:Unhandled packet type received
INFO:Message received on topic: type-2/12 with payload size: 129 at 2024-12-16 23:12:33.025286 sent 2024-12-16 23:12:33.024024
INFO:Message received on topic: type-2/12 with payload size: 161 at 2024-12-16 23:12:35.626114 sent 2024-12-16 23:12:35.624673
INFO:Message received on topic: type-2/12 with payload size: 271 at 2024-12-16 23:12:38.246140 sent 2024-12-16 23:12:38.244172
INFO:Message received on topic: type-2/12 with payload size: 299 at 2024-12-16 23:12:40.880967 sent 2024-12-16 23:12:40.863535
INFO:Message received on topic: type-2/12 with payload size: 320 at 2024-12-16 23:12:43.508402 sent 2024-12-16 23:12:43.468697
INFO:Message received on topic: type-2/12 with payload size: 199 at 2024-12-16 23:12:46.087069 sent 2024-12-16 23:12:46.079201
INFO:Message received on topic: type-2/12 with payload size: 278 at 2024-12-16 23:12:48.713908 sent 2024-12-16 23:12:48.699235
INFO:Message received on topic: type-2/12 with payload size: 165 at 2024-12-16 23:12:51.313145 sent 2024-12-16 23:12:51.305606
INFO:Message received on topic: type-2/12 with payload size: 159 at 2024-12-16 23:12:53.930139 sent 2024-12-16 23:12:53.925729
INFO:Message received on topic: type-2/12 with payload size: 239 at 2024-12-16 23:12:56.610876 sent 2024-12-16 23:12:56.540239
INFO:Message received on topic: type-2/12 with payload size: 267 at 2024-12-16 23:12:59.179188 sent 2024-12-16 23:12:59.154323
INFO:Message received on topic: type-2/12 with payload size: 141 at 2024-12-16 23:13:01.822619 sent 2024-12-16 23:13:01.769267
INFO:Message received on topic: type-2/12 with payload size: 201 at 2024-12-16 23:13:04.393815 sent 2024-12-16 23:13:04.391850
INFO:Message received on topic: type-2/12 with payload size: 146 at 2024-12-16 23:13:07.013049 sent 2024-12-16 23:13:07.010293
INFO:Message received on topic: type-2/12 with payload size: 279 at 2024-12-16 23:13:09.625934 sent 2024-12-16 23:13:09.618185
INFO:Message received on topic: type-2/12 with payload size: 149 at 2024-12-16 23:13:12.307671 sent 2024-12-16 23:13:12.231995
INFO:Message received on topic: type-2/12 with payload size: 263 at 2024-12-16 23:13:14.880557 sent 2024-12-16 23:13:14.846865
INFO:Message received on topic: type-2/12 with payload size: 218 at 2024-12-16 23:13:17.481613 sent 2024-12-16 23:13:17.459857
INFO:Message received on topic: type-2/12 with payload size: 277 at 2024-12-16 23:13:20.119052 sent 2024-12-16 23:13:20.081415
INFO:Message received on topic: type-2/12 with payload size: 294 at 2024-12-16 23:13:22.722978 sent 2024-12-16 23:13:22.698219
INFO:Message received on topic: type-2/12 with payload size: 135 at 2024-12-16 23:13:25.347883 sent 2024-12-16 23:13:25.346281
INFO:Message received on topic: type-2/12 with payload size: 211 at 2024-12-16 23:13:27.980919 sent 2024-12-16 23:13:27.965669
INFO:Message received on topic: type-2/12 with payload size: 256 at 2024-12-16 23:13:30.614223 sent 2024-12-16 23:13:30.580347
INFO:Message received on topic: type-2/12 with payload size: 160 at 2024-12-16 23:13:33.211226 sent 2024-12-16 23:13:33.197875
INFO:Message received on topic: type-2/12 with payload size: 299 at 2024-12-16 23:13:35.825925 sent 2024-12-16 23:13:35.810931
INFO:Message received on topic: type-2/12 with payload size: 159 at 2024-12-16 23:13:38.476204 sent 2024-12-16 23:13:38.440211
INFO:Message received on topic: type-2/12 with payload size: 140 at 2024-12-16 23:13:41.078631 sent 2024-12-16 23:13:41.056267
INFO:Message received on topic: type-2/12 with payload size: 273 at 2024-12-16 23:13:43.683636 sent 2024-12-16 23:13:43.670118
INFO:Message received on topic: type-2/12 with payload size: 297 at 2024-12-16 23:13:46.309106 sent 2024-12-16 23:13:46.284797
INFO:Message received on topic: type-2/12 with payload size: 320 at 2024-12-16 23:13:48.914490 sent 2024-12-16 23:13:48.905222
INFO:Message received on topic: type-2/12 with payload size: 314 at 2024-12-16 23:13:51.524386 sent 2024-12-16 23:13:51.521224
INFO:Message received on topic: type-2/12 with payload size: 169 at 2024-12-16 23:13:54.138100 sent 2024-12-16 23:13:54.136511
INFO:Message received on topic: type-2/12 with payload size: 149 at 2024-12-16 23:13:56.748201 sent 2024-12-16 23:13:56.746380
INFO:Message received on topic: type-2/12 with payload size: 271 at 2024-12-16 23:13:59.410492 sent 2024-12-16 23:13:59.357977
INFO:Message received on topic: type-2/12 with payload size: 257 at 2024-12-16 23:14:02.014820 sent 2024-12-16 23:14:01.982023
INFO:Message received on topic: type-2/12 with payload size: 193 at 2024-12-16 23:14:04.625236 sent 2024-12-16 23:14:04.607659
INFO:Message received on topic: type-2/12 with payload size: 266 at 2024-12-16 23:14:07.237291 sent 2024-12-16 23:14:07.220687
INFO:Message received on topic: type-2/12 with payload size: 153 at 2024-12-16 23:14:09.832788 sent 2024-12-16 23:14:09.830885
INFO:Message received on topic: type-2/12 with payload size: 214 at 2024-12-16 23:14:12.447124 sent 2024-12-16 23:14:12.444974
INFO:Message received on topic: type-2/12 with payload size: 198 at 2024-12-16 23:14:15.112789 sent 2024-12-16 23:14:15.059501
INFO:Message received on topic: type-2/12 with payload size: 300 at 2024-12-16 23:14:17.718879 sent 2024-12-16 23:14:17.684097
INFO:Message received on topic: type-2/12 with payload size: 175 at 2024-12-16 23:14:20.326841 sent 2024-12-16 23:14:20.297019
INFO:Message received on topic: type-2/12 with payload size: 327 at 2024-12-16 23:14:22.928620 sent 2024-12-16 23:14:22.919398
INFO:Message received on topic: type-2/12 with payload size: 147 at 2024-12-16 23:14:25.548988 sent 2024-12-16 23:14:25.547394
INFO:Message received on topic: type-2/12 with payload size: 248 at 2024-12-16 23:14:28.210840 sent 2024-12-16 23:14:28.156264
INFO:Message received on topic: type-2/12 with payload size: 158 at 2024-12-16 23:14:30.826659 sent 2024-12-16 23:14:30.774703
INFO:Message received on topic: type-2/12 with payload size: 152 at 2024-12-16 23:14:33.415497 sent 2024-12-16 23:14:33.401942
INFO:Message received on topic: type-2/12 with payload size: 312 at 2024-12-16 23:14:36.040956 sent 2024-12-16 23:14:36.030813
INFO:Message received on topic: type-2/12 with payload size: 148 at 2024-12-16 23:14:38.645197 sent 2024-12-16 23:14:38.643212
INFO:Message received on topic: type-2/12 with payload size: 248 at 2024-12-16 23:14:41.317046 sent 2024-12-16 23:14:41.269609
INFO:Message received on topic: type-2/12 with payload size: 278 at 2024-12-16 23:14:43.916015 sent 2024-12-16 23:14:43.884904
INFO:Message received on topic: type-2/12 with payload size: 164 at 2024-12-16 23:14:46.521050 sent 2024-12-16 23:14:46.502794
INFO:Message received on topic: type-2/12 with payload size: 128 at 2024-12-16 23:14:49.131173 sent 2024-12-16 23:14:49.123196
INFO:Message received on topic: type-2/12 with payload size: 188 at 2024-12-16 23:14:51.751606 sent 2024-12-16 23:14:51.743047
INFO:Message received on topic: type-2/12 with payload size: 155 at 2024-12-16 23:14:54.358523 sent 2024-12-16 23:14:54.356873
INFO:Message received on topic: type-2/12 with payload size: 200 at 2024-12-16 23:14:57.012773 sent 2024-12-16 23:14:56.977723
INFO:Message received on topic: type-2/12 with payload size: 168 at 2024-12-16 23:14:59.613090 sent 2024-12-16 23:14:59.587347
INFO:Message received on topic: type-2/12 with payload size: 239 at 2024-12-16 23:15:02.211213 sent 2024-12-16 23:15:02.201077
INFO:Message received on topic: type-2/12 with payload size: 176 at 2024-12-16 23:15:04.830083 sent 2024-12-16 23:15:04.813189
INFO:Message received on topic: type-2/12 with payload size: 303 at 2024-12-16 23:15:07.436559 sent 2024-12-16 23:15:07.434865
INFO:Message received on topic: type-2/12 with payload size: 309 at 2024-12-16 23:15:10.110999 sent 2024-12-16 23:15:10.071930
INFO:Message received on topic: type-2/12 with payload size: 156 at 2024-12-16 23:15:12.715071 sent 2024-12-16 23:15:12.684797
INFO:Message received on topic: type-2/12 with payload size: 225 at 2024-12-16 23:15:15.314656 sent 2024-12-16 23:15:15.294412
INFO:Message received on topic: type-2/12 with payload size: 162 at 2024-12-16 23:15:17.921279 sent 2024-12-16 23:15:17.906942
INFO:Message received on topic: type-2/12 with payload size: 242 at 2024-12-16 23:15:20.558386 sent 2024-12-16 23:15:20.556722
INFO:Message received on topic: type-2/12 with payload size: 286 at 2024-12-16 23:15:23.215159 sent 2024-12-16 23:15:23.183305
INFO:Message received on topic: type-2/12 with payload size: 311 at 2024-12-16 23:15:25.816140 sent 2024-12-16 23:15:25.789495
INFO:Message received on topic: type-2/12 with payload size: 156 at 2024-12-16 23:15:28.412771 sent 2024-12-16 23:15:28.401032
INFO:Message received on topic: type-2/12 with payload size: 252 at 2024-12-16 23:15:31.049973 sent 2024-12-16 23:15:31.045183
INFO:Message received on topic: type-2/12 with payload size: 142 at 2024-12-16 23:15:33.711252 sent 2024-12-16 23:15:33.656565
INFO:Message received on topic: type-2/12 with payload size: 273 at 2024-12-16 23:15:36.311670 sent 2024-12-16 23:15:36.266763
INFO:Message received on topic: type-2/12 with payload size: 149 at 2024-12-16 23:15:38.918589 sent 2024-12-16 23:15:38.885269
INFO:Message received on topic: type-2/12 with payload size: 219 at 2024-12-16 23:15:41.513334 sent 2024-12-16 23:15:41.498945
INFO:Message received on topic: type-2/12 with payload size: 158 at 2024-12-16 23:15:44.122127 sent 2024-12-16 23:15:44.110986
INFO:Message received on topic: type-2/12 with payload size: 284 at 2024-12-16 23:15:46.726912 sent 2024-12-16 23:15:46.722158
INFO:Message received on topic: type-2/12 with payload size: 295 at 2024-12-16 23:15:49.408053 sent 2024-12-16 23:15:49.347539
INFO:Message received on topic: type-2/12 with payload size: 314 at 2024-12-16 23:15:52.010072 sent 2024-12-16 23:15:51.969342
INFO:Message received on topic: type-2/12 with payload size: 154 at 2024-12-16 23:15:54.613173 sent 2024-12-16 23:15:54.577875
INFO:Message received on topic: type-2/12 with payload size: 192 at 2024-12-16 23:15:57.218183 sent 2024-12-16 23:15:57.195215
INFO:Message received on topic: type-2/12 with payload size: 199 at 2024-12-16 23:15:59.814105 sent 2024-12-16 23:15:59.808575
INFO:Message received on topic: type-2/12 with payload size: 136 at 2024-12-16 23:16:02.444571 sent 2024-12-16 23:16:02.427089
INFO:Message received on topic: type-2/12 with payload size: 158 at 2024-12-16 23:16:05.041335 sent 2024-12-16 23:16:05.039363
INFO:Message received on topic: type-2/12 with payload size: 218 at 2024-12-16 23:16:07.652652 sent 2024-12-16 23:16:07.650648
INFO:Message received on topic: type-2/12 with payload size: 157 at 2024-12-16 23:16:10.323537 sent 2024-12-16 23:16:10.307817
INFO:Message received on topic: type-2/12 with payload size: 214 at 2024-12-16 23:16:12.949181 sent 2024-12-16 23:16:12.947511
INFO:Message received on topic: type-2/12 with payload size: 207 at 2024-12-16 23:16:15.582336 sent 2024-12-16 23:16:15.573576
INFO:Message received on topic: type-2/12 with payload size: 187 at 2024-12-16 23:16:18.225936 sent 2024-12-16 23:16:18.192102
INFO:Message received on topic: type-2/12 with payload size: 160 at 2024-12-16 23:16:20.826067 sent 2024-12-16 23:16:20.805929
INFO:Message received on topic: type-2/12 with payload size: 144 at 2024-12-16 23:16:23.440563 sent 2024-12-16 23:16:23.429145
INFO:Message received on topic: type-2/12 with payload size: 236 at 2024-12-16 23:16:26.107515 sent 2024-12-16 23:16:26.046066
INFO:Message received on topic: type-2/12 with payload size: 147 at 2024-12-16 23:16:28.679900 sent 2024-12-16 23:16:28.665884
INFO:Message received on topic: type-2/12 with payload size: 237 at 2024-12-16 23:16:31.307164 sent 2024-12-16 23:16:31.277068
INFO:Message received on topic: type-2/12 with payload size: 190 at 2024-12-16 23:16:33.925562 sent 2024-12-16 23:16:33.897086
INFO:Message received on topic: type-2/12 with payload size: 151 at 2024-12-16 23:16:36.521982 sent 2024-12-16 23:16:36.502150
INFO:Message received on topic: type-2/12 with payload size: 231 at 2024-12-16 23:16:39.132154 sent 2024-12-16 23:16:39.125206
INFO:Message received on topic: type-2/12 with payload size: 284 at 2024-12-16 23:16:41.740712 sent 2024-12-16 23:16:41.736826
INFO:Message received on topic: type-2/12 with payload size: 315 at 2024-12-16 23:16:44.378384 sent 2024-12-16 23:16:44.348828
INFO:Message received on topic: type-2/12 with payload size: 276 at 2024-12-16 23:16:46.978145 sent 2024-12-16 23:16:46.962657
INFO:Message received on topic: type-2/12 with payload size: 195 at 2024-12-16 23:16:49.609474 sent 2024-12-16 23:16:49.579782
INFO:Message received on topic: type-2/12 with payload size: 215 at 2024-12-16 23:16:52.216020 sent 2024-12-16 23:16:52.187723
INFO:Message received on topic: type-2/12 with payload size: 304 at 2024-12-16 23:16:54.828673 sent 2024-12-16 23:16:54.804319
INFO:Message received on topic: type-2/12 with payload size: 146 at 2024-12-16 23:16:57.475853 sent 2024-12-16 23:16:57.421431
INFO:Message received on topic: type-2/12 with payload size: 213 at 2024-12-16 23:17:00.042446 sent 2024-12-16 23:17:00.033737
INFO:Message received on topic: type-2/12 with payload size: 242 at 2024-12-16 23:17:02.657056 sent 2024-12-16 23:17:02.655259
INFO:Message received on topic: type-2/12 with payload size: 147 at 2024-12-16 23:17:05.309283 sent 2024-12-16 23:17:05.276087
INFO:Message received on topic: type-2/12 with payload size: 162 at 2024-12-16 23:17:07.922899 sent 2024-12-16 23:17:07.887235
INFO:Message received on topic: type-2/12 with payload size: 257 at 2024-12-16 23:17:10.517014 sent 2024-12-16 23:17:10.506081
INFO:Message received on topic: type-2/12 with payload size: 163 at 2024-12-16 23:17:13.122604 sent 2024-12-16 23:17:13.117448
INFO:Message received on topic: type-2/12 with payload size: 159 at 2024-12-16 23:17:15.736145 sent 2024-12-16 23:17:15.733849
INFO:Message received on topic: type-2/12 with payload size: 313 at 2024-12-16 23:17:18.349328 sent 2024-12-16 23:17:18.346014
INFO:Message received on topic: type-2/12 with payload size: 140 at 2024-12-16 23:17:21.011664 sent 2024-12-16 23:17:20.959306
INFO:Message received on topic: type-2/12 with payload size: 302 at 2024-12-16 23:17:23.616653 sent 2024-12-16 23:17:23.577486
INFO:Message received on topic: type-2/12 with payload size: 293 at 2024-12-16 23:17:26.227209 sent 2024-12-16 23:17:26.195496
INFO:Message received on topic: type-2/12 with payload size: 149 at 2024-12-16 23:17:28.828751 sent 2024-12-16 23:17:28.807801
INFO:Message received on topic: type-2/12 with payload size: 316 at 2024-12-16 23:17:31.445410 sent 2024-12-16 23:17:31.429399
INFO:Message received on topic: type-2/12 with payload size: 188 at 2024-12-16 23:17:34.112048 sent 2024-12-16 23:17:34.059771
INFO:Message received on topic: type-2/12 with payload size: 229 at 2024-12-16 23:17:36.727159 sent 2024-12-16 23:17:36.714074
INFO:Message received on topic: type-2/12 with payload size: 251 at 2024-12-16 23:17:39.412868 sent 2024-12-16 23:17:39.346593
INFO:Message received on topic: type-2/12 with payload size: 176 at 2024-12-16 23:17:42.012434 sent 2024-12-16 23:17:41.964272
INFO:Message received on topic: type-2/12 with payload size: 129 at 2024-12-16 23:17:44.614137 sent 2024-12-16 23:17:44.576285
INFO:Message received on topic: type-2/12 with payload size: 140 at 2024-12-16 23:17:47.226903 sent 2024-12-16 23:17:47.186427
INFO:Message received on topic: type-2/12 with payload size: 201 at 2024-12-16 23:17:49.812334 sent 2024-12-16 23:17:49.805039
INFO:Message received on topic: type-2/12 with payload size: 193 at 2024-12-16 23:17:52.428454 sent 2024-12-16 23:17:52.424343
INFO:Message received on topic: type-2/12 with payload size: 241 at 2024-12-16 23:17:55.042290 sent 2024-12-16 23:17:55.036377
INFO:Message received on topic: type-2/12 with payload size: 147 at 2024-12-16 23:17:57.653325 sent 2024-12-16 23:17:57.651785
INFO:Message received on topic: type-2/12 with payload size: 226 at 2024-12-16 23:18:00.310920 sent 2024-12-16 23:18:00.266009
INFO:Message received on topic: type-2/12 with payload size: 257 at 2024-12-16 23:18:02.917062 sent 2024-12-16 23:18:02.880650
INFO:Message received on topic: type-2/12 with payload size: 267 at 2024-12-16 23:18:05.530290 sent 2024-12-16 23:18:05.498959
INFO:Message received on topic: type-2/12 with payload size: 274 at 2024-12-16 23:18:08.115228 sent 2024-12-16 23:18:08.106918
INFO:Message received on topic: type-2/12 with payload size: 233 at 2024-12-16 23:18:10.746449 sent 2024-12-16 23:18:10.741487
INFO:Message received on topic: type-2/12 with payload size: 274 at 2024-12-16 23:18:13.383155 sent 2024-12-16 23:18:13.360655
INFO:Message received on topic: type-2/12 with payload size: 255 at 2024-12-16 23:18:16.012284 sent 2024-12-16 23:18:15.980581
INFO:Message received on topic: type-2/12 with payload size: 225 at 2024-12-16 23:18:18.620274 sent 2024-12-16 23:18:18.593196
INFO:Message received on topic: type-2/12 with payload size: 140 at 2024-12-16 23:18:21.218983 sent 2024-12-16 23:18:21.202757
INFO:Message received on topic: type-2/12 with payload size: 143 at 2024-12-16 23:18:23.843896 sent 2024-12-16 23:18:23.831949
INFO:Message received on topic: type-2/12 with payload size: 160 at 2024-12-16 23:18:26.446269 sent 2024-12-16 23:18:26.444137
INFO:Message received on topic: type-2/12 with payload size: 323 at 2024-12-16 23:18:29.110345 sent 2024-12-16 23:18:29.066797
INFO:Message received on topic: type-2/12 with payload size: 242 at 2024-12-16 23:18:31.718696 sent 2024-12-16 23:18:31.682709
INFO:Message received on topic: type-2/12 with payload size: 190 at 2024-12-16 23:18:34.319848 sent 2024-12-16 23:18:34.293580
INFO:Message received on topic: type-2/12 with payload size: 222 at 2024-12-16 23:18:36.921111 sent 2024-12-16 23:18:36.905979
INFO:Message received on topic: type-2/12 with payload size: 313 at 2024-12-16 23:18:39.524419 sent 2024-12-16 23:18:39.518818
INFO:Message received on topic: type-2/12 with payload size: 240 at 2024-12-16 23:18:42.147125 sent 2024-12-16 23:18:42.136244
INFO:Message received on topic: type-2/12 with payload size: 233 at 2024-12-16 23:18:44.909958 sent 2024-12-16 23:18:44.750932
INFO:Message received on topic: type-2/12 with payload size: 242 at 2024-12-16 23:18:47.413146 sent 2024-12-16 23:18:47.362938
INFO:Message received on topic: type-2/12 with payload size: 215 at 2024-12-16 23:18:50.019641 sent 2024-12-16 23:18:49.981791
INFO:Message received on topic: type-2/12 with payload size: 241 at 2024-12-16 23:18:52.723415 sent 2024-12-16 23:18:52.603372
INFO:Message received on topic: type-2/12 with payload size: 219 at 2024-12-16 23:18:55.237308 sent 2024-12-16 23:18:55.226752
INFO:Message received on topic: type-2/12 with payload size: 252 at 2024-12-16 23:18:57.837319 sent 2024-12-16 23:18:57.834684
INFO:Message received on topic: type-2/12 with payload size: 180 at 2024-12-16 23:19:00.512959 sent 2024-12-16 23:19:00.486044
INFO:Message received on topic: type-2/12 with payload size: 145 at 2024-12-16 23:19:03.116296 sent 2024-12-16 23:19:03.102496
INFO:Message received on topic: type-2/12 with payload size: 195 at 2024-12-16 23:19:05.726543 sent 2024-12-16 23:19:05.720527
INFO:Message received on topic: type-2/12 with payload size: 171 at 2024-12-16 23:19:08.333817 sent 2024-12-16 23:19:08.332138
INFO:Message received on topic: type-2/12 with payload size: 171 at 2024-12-16 23:19:11.011409 sent 2024-12-16 23:19:10.949238
INFO:Message received on topic: type-2/12 with payload size: 308 at 2024-12-16 23:19:13.615264 sent 2024-12-16 23:19:13.562073
INFO:Message received on topic: type-2/12 with payload size: 297 at 2024-12-16 23:19:16.210560 sent 2024-12-16 23:19:16.172241
INFO:Message received on topic: type-2/12 with payload size: 242 at 2024-12-16 23:19:18.819941 sent 2024-12-16 23:19:18.786175
INFO:Message received on topic: type-2/12 with payload size: 307 at 2024-12-16 23:19:21.452742 sent 2024-12-16 23:19:21.399288
INFO:Message received on topic: type-2/12 with payload size: 173 at 2024-12-16 23:19:24.026318 sent 2024-12-16 23:19:24.010263
INFO:Message received on topic: type-2/12 with payload size: 140 at 2024-12-16 23:19:26.627898 sent 2024-12-16 23:19:26.621317
INFO:Message received on topic: type-2/12 with payload size: 300 at 2024-12-16 23:19:29.256306 sent 2024-12-16 23:19:29.254583
INFO:Message received on topic: type-2/12 with payload size: 317 at 2024-12-16 23:19:31.938299 sent 2024-12-16 23:19:31.877233
INFO:Message received on topic: type-2/12 with payload size: 223 at 2024-12-16 23:19:34.532250 sent 2024-12-16 23:19:34.496514
INFO:Message received on topic: type-2/12 with payload size: 131 at 2024-12-16 23:19:37.124656 sent 2024-12-16 23:19:37.111543
INFO:Message received on topic: type-2/12 with payload size: 173 at 2024-12-16 23:19:39.726938 sent 2024-12-16 23:19:39.722985
INFO:Message received on topic: type-2/12 with payload size: 254 at 2024-12-16 23:19:42.344849 sent 2024-12-16 23:19:42.340424
INFO:Message received on topic: type-2/12 with payload size: 246 at 2024-12-16 23:19:45.029032 sent 2024-12-16 23:19:44.954168
INFO:Message received on topic: type-2/12 with payload size: 253 at 2024-12-16 23:19:47.618132 sent 2024-12-16 23:19:47.570838
INFO:Message received on topic: type-2/12 with payload size: 266 at 2024-12-16 23:19:50.217396 sent 2024-12-16 23:19:50.184325
INFO:Message received on topic: type-2/12 with payload size: 215 at 2024-12-16 23:19:52.821783 sent 2024-12-16 23:19:52.800341
INFO:Message received on topic: type-2/12 with payload size: 201 at 2024-12-16 23:19:55.425365 sent 2024-12-16 23:19:55.414365
INFO:Message received on topic: type-2/12 with payload size: 309 at 2024-12-16 23:19:58.046359 sent 2024-12-16 23:19:58.042098
INFO:Message received on topic: type-2/12 with payload size: 304 at 2024-12-16 23:20:00.722275 sent 2024-12-16 23:20:00.660599
INFO:Message received on topic: type-2/12 with payload size: 162 at 2024-12-16 23:20:03.316822 sent 2024-12-16 23:20:03.275833
INFO:Message received on topic: type-2/12 with payload size: 319 at 2024-12-16 23:20:05.913377 sent 2024-12-16 23:20:05.891124
INFO:Message received on topic: type-2/12 with payload size: 127 at 2024-12-16 23:20:08.511349 sent 2024-12-16 23:20:08.504593
INFO:Message received on topic: type-2/12 with payload size: 154 at 2024-12-16 23:20:11.134427 sent 2024-12-16 23:20:11.125180
INFO:Message received on topic: type-2/12 with payload size: 242 at 2024-12-16 23:20:13.811280 sent 2024-12-16 23:20:13.750429
INFO:Message received on topic: type-2/12 with payload size: 143 at 2024-12-16 23:20:16.413703 sent 2024-12-16 23:20:16.374050
INFO:Message received on topic: type-2/12 with payload size: 280 at 2024-12-16 23:20:19.014688 sent 2024-12-16 23:20:18.998482
INFO:Message received on topic: type-2/12 with payload size: 275 at 2024-12-16 23:20:21.623415 sent 2024-12-16 23:20:21.617374
INFO:Message received on topic: type-2/12 with payload size: 168 at 2024-12-16 23:20:24.242570 sent 2024-12-16 23:20:24.240919
INFO:Message received on topic: type-2/12 with payload size: 318 at 2024-12-16 23:20:26.868618 sent 2024-12-16 23:20:26.866917
INFO:Message received on topic: type-2/12 with payload size: 163 at 2024-12-16 23:20:29.517309 sent 2024-12-16 23:20:29.484316
INFO:Message received on topic: type-2/12 with payload size: 229 at 2024-12-16 23:20:32.123389 sent 2024-12-16 23:20:32.102667
INFO:Message received on topic: type-2/12 with payload size: 208 at 2024-12-16 23:20:34.716996 sent 2024-12-16 23:20:34.709811
INFO:Message received on topic: type-2/12 with payload size: 160 at 2024-12-16 23:20:37.325800 sent 2024-12-16 23:20:37.318756
INFO:Message received on topic: type-2/12 with payload size: 278 at 2024-12-16 23:20:39.931986 sent 2024-12-16 23:20:39.930275
INFO:Message received on topic: type-2/12 with payload size: 199 at 2024-12-16 23:20:42.545575 sent 2024-12-16 23:20:42.543843
INFO:Message received on topic: type-2/12 with payload size: 265 at 2024-12-16 23:20:45.155084 sent 2024-12-16 23:20:45.153313
INFO:Message received on topic: type-2/12 with payload size: 322 at 2024-12-16 23:20:47.762860 sent 2024-12-16 23:20:47.761107
INFO:Message received on topic: type-2/12 with payload size: 138 at 2024-12-16 23:20:50.420137 sent 2024-12-16 23:20:50.363311
INFO:Message received on topic: type-2/12 with payload size: 302 at 2024-12-16 23:20:53.013042 sent 2024-12-16 23:20:52.971265
INFO:Message received on topic: type-2/12 with payload size: 169 at 2024-12-16 23:20:55.610251 sent 2024-12-16 23:20:55.578247
INFO:Message received on topic: type-2/12 with payload size: 163 at 2024-12-16 23:20:58.209432 sent 2024-12-16 23:20:58.184567
INFO:Message received on topic: type-2/12 with payload size: 230 at 2024-12-16 23:21:00.812145 sent 2024-12-16 23:21:00.786576
INFO:Message received on topic: type-2/12 with payload size: 249 at 2024-12-16 23:21:03.410830 sent 2024-12-16 23:21:03.392700
