INFO:Starting Version 1.0.5
DEBUG:Using selector: EpollSelector
INFO:Connecting to cluster at: mqtt-quic://emqx-headless.dtwins:14567 using QUIC
INFO:Subscribed to topic: type-2/3
INFO:Logging each: 50
INFO:Unhandled packet type received
INFO:Message received on topic: type-2/3 with payload size: 257 at 2024-12-16 23:12:05.291709 sent 2024-12-16 23:12:05.290002
INFO:Message received on topic: type-2/3 with payload size: 262 at 2024-12-16 23:12:07.896774 sent 2024-12-16 23:12:07.894993
INFO:Message received on topic: type-2/3 with payload size: 223 at 2024-12-16 23:12:10.496382 sent 2024-12-16 23:12:10.494269
INFO:Message received on topic: type-2/3 with payload size: 186 at 2024-12-16 23:12:13.115109 sent 2024-12-16 23:12:13.113389
INFO:Message received on topic: type-2/3 with payload size: 295 at 2024-12-16 23:12:15.716384 sent 2024-12-16 23:12:15.714866
INFO:Message received on topic: type-2/3 with payload size: 180 at 2024-12-16 23:12:18.313219 sent 2024-12-16 23:12:18.311682
INFO:Message received on topic: type-2/3 with payload size: 134 at 2024-12-16 23:12:20.911707 sent 2024-12-16 23:12:20.910617
INFO:Message received on topic: type-2/3 with payload size: 281 at 2024-12-16 23:12:23.506894 sent 2024-12-16 23:12:23.505289
INFO:Message received on topic: type-2/3 with payload size: 290 at 2024-12-16 23:12:26.106765 sent 2024-12-16 23:12:26.104597
INFO:Message received on topic: type-2/3 with payload size: 183 at 2024-12-16 23:12:28.699318 sent 2024-12-16 23:12:28.698043
INFO:Message received on topic: type-2/3 with payload size: 147 at 2024-12-16 23:12:31.299859 sent 2024-12-16 23:12:31.298414
INFO:Message received on topic: type-2/3 with payload size: 307 at 2024-12-16 23:12:33.909287 sent 2024-12-16 23:12:33.903692
INFO:Message received on topic: type-2/3 with payload size: 163 at 2024-12-16 23:12:36.515865 sent 2024-12-16 23:12:36.505625
INFO:Message received on topic: type-2/3 with payload size: 277 at 2024-12-16 23:12:39.112831 sent 2024-12-16 23:12:39.109612
INFO:Message received on topic: type-2/3 with payload size: 164 at 2024-12-16 23:12:41.740203 sent 2024-12-16 23:12:41.738617
INFO:Message received on topic: type-2/3 with payload size: 280 at 2024-12-16 23:12:44.346441 sent 2024-12-16 23:12:44.344914
INFO:Message received on topic: type-2/3 with payload size: 315 at 2024-12-16 23:12:46.977718 sent 2024-12-16 23:12:46.949699
INFO:Message received on topic: type-2/3 with payload size: 296 at 2024-12-16 23:12:49.580407 sent 2024-12-16 23:12:49.554536
INFO:Message received on topic: type-2/3 with payload size: 224 at 2024-12-16 23:12:52.186276 sent 2024-12-16 23:12:52.170344
INFO:Message received on topic: type-2/3 with payload size: 208 at 2024-12-16 23:12:54.805216 sent 2024-12-16 23:12:54.785977
INFO:Message received on topic: type-2/3 with payload size: 172 at 2024-12-16 23:12:57.411029 sent 2024-12-16 23:12:57.395841
INFO:Message received on topic: type-2/3 with payload size: 150 at 2024-12-16 23:13:00.014612 sent 2024-12-16 23:13:00.006724
INFO:Message received on topic: type-2/3 with payload size: 199 at 2024-12-16 23:13:02.690165 sent 2024-12-16 23:13:02.625615
INFO:Message received on topic: type-2/3 with payload size: 305 at 2024-12-16 23:13:05.282547 sent 2024-12-16 23:13:05.246501
INFO:Message received on topic: type-2/3 with payload size: 274 at 2024-12-16 23:13:07.884283 sent 2024-12-16 23:13:07.853657
INFO:Message received on topic: type-2/3 with payload size: 239 at 2024-12-16 23:13:10.482488 sent 2024-12-16 23:13:10.473330
INFO:Message received on topic: type-2/3 with payload size: 307 at 2024-12-16 23:13:13.118559 sent 2024-12-16 23:13:13.094326
INFO:Message received on topic: type-2/3 with payload size: 150 at 2024-12-16 23:13:15.723689 sent 2024-12-16 23:13:15.709413
INFO:Message received on topic: type-2/3 with payload size: 302 at 2024-12-16 23:13:18.329438 sent 2024-12-16 23:13:18.327126
INFO:Message received on topic: type-2/3 with payload size: 314 at 2024-12-16 23:13:21.006135 sent 2024-12-16 23:13:20.958609
INFO:Message received on topic: type-2/3 with payload size: 326 at 2024-12-16 23:13:23.622931 sent 2024-12-16 23:13:23.599917
INFO:Message received on topic: type-2/3 with payload size: 201 at 2024-12-16 23:13:26.229767 sent 2024-12-16 23:13:26.222084
INFO:Message received on topic: type-2/3 with payload size: 224 at 2024-12-16 23:13:28.883421 sent 2024-12-16 23:13:28.857431
INFO:Message received on topic: type-2/3 with payload size: 303 at 2024-12-16 23:13:31.483851 sent 2024-12-16 23:13:31.473372
INFO:Message received on topic: type-2/3 with payload size: 309 at 2024-12-16 23:13:34.117968 sent 2024-12-16 23:13:34.098315
INFO:Message received on topic: type-2/3 with payload size: 131 at 2024-12-16 23:13:36.721916 sent 2024-12-16 23:13:36.710556
INFO:Message received on topic: type-2/3 with payload size: 202 at 2024-12-16 23:13:39.334719 sent 2024-12-16 23:13:39.332605
INFO:Message received on topic: type-2/3 with payload size: 230 at 2024-12-16 23:13:41.983386 sent 2024-12-16 23:13:41.948338
INFO:Message received on topic: type-2/3 with payload size: 186 at 2024-12-16 23:13:44.580561 sent 2024-12-16 23:13:44.560722
INFO:Message received on topic: type-2/3 with payload size: 283 at 2024-12-16 23:13:47.222574 sent 2024-12-16 23:13:47.175355
INFO:Message received on topic: type-2/3 with payload size: 132 at 2024-12-16 23:13:49.811213 sent 2024-12-16 23:13:49.789662
INFO:Message received on topic: type-2/3 with payload size: 169 at 2024-12-16 23:13:52.416314 sent 2024-12-16 23:13:52.410020
INFO:Message received on topic: type-2/3 with payload size: 266 at 2024-12-16 23:13:55.033853 sent 2024-12-16 23:13:55.024882
INFO:Message received on topic: type-2/3 with payload size: 179 at 2024-12-16 23:13:57.638283 sent 2024-12-16 23:13:57.635765
INFO:Message received on topic: type-2/3 with payload size: 236 at 2024-12-16 23:14:00.248411 sent 2024-12-16 23:14:00.245318
INFO:Message received on topic: type-2/3 with payload size: 178 at 2024-12-16 23:14:02.916757 sent 2024-12-16 23:14:02.858648
INFO:Message received on topic: type-2/3 with payload size: 165 at 2024-12-16 23:14:05.509977 sent 2024-12-16 23:14:05.481798
INFO:Message received on topic: type-2/3 with payload size: 139 at 2024-12-16 23:14:08.208519 sent 2024-12-16 23:14:08.097091
INFO:Message received on topic: type-2/3 with payload size: 173 at 2024-12-16 23:14:10.723949 sent 2024-12-16 23:14:10.720987
INFO:Message received on topic: type-2/3 with payload size: 299 at 2024-12-16 23:14:13.342336 sent 2024-12-16 23:14:13.340566
INFO:Message received on topic: type-2/3 with payload size: 249 at 2024-12-16 23:14:16.008182 sent 2024-12-16 23:14:15.957025
INFO:Message received on topic: type-2/3 with payload size: 226 at 2024-12-16 23:14:18.610180 sent 2024-12-16 23:14:18.572351
INFO:Message received on topic: type-2/3 with payload size: 134 at 2024-12-16 23:14:21.217177 sent 2024-12-16 23:14:21.189374
INFO:Message received on topic: type-2/3 with payload size: 251 at 2024-12-16 23:14:23.848599 sent 2024-12-16 23:14:23.844149
INFO:Message received on topic: type-2/3 with payload size: 324 at 2024-12-16 23:14:26.514433 sent 2024-12-16 23:14:26.465659
INFO:Message received on topic: type-2/3 with payload size: 302 at 2024-12-16 23:14:29.114951 sent 2024-12-16 23:14:29.082268
INFO:Message received on topic: type-2/3 with payload size: 128 at 2024-12-16 23:14:31.809433 sent 2024-12-16 23:14:31.695034
INFO:Message received on topic: type-2/3 with payload size: 187 at 2024-12-16 23:14:34.335798 sent 2024-12-16 23:14:34.330755
INFO:Message received on topic: type-2/3 with payload size: 188 at 2024-12-16 23:14:37.015928 sent 2024-12-16 23:14:36.955671
INFO:Message received on topic: type-2/3 with payload size: 230 at 2024-12-16 23:14:39.624003 sent 2024-12-16 23:14:39.571033
INFO:Message received on topic: type-2/3 with payload size: 186 at 2024-12-16 23:14:42.213191 sent 2024-12-16 23:14:42.191768
INFO:Message received on topic: type-2/3 with payload size: 184 at 2024-12-16 23:14:44.814886 sent 2024-12-16 23:14:44.810480
INFO:Message received on topic: type-2/3 with payload size: 326 at 2024-12-16 23:14:47.434027 sent 2024-12-16 23:14:47.428728
INFO:Message received on topic: type-2/3 with payload size: 188 at 2024-12-16 23:14:50.111946 sent 2024-12-16 23:14:50.056561
INFO:Message received on topic: type-2/3 with payload size: 229 at 2024-12-16 23:14:52.714865 sent 2024-12-16 23:14:52.670706
INFO:Message received on topic: type-2/3 with payload size: 303 at 2024-12-16 23:14:55.320092 sent 2024-12-16 23:14:55.286980
INFO:Message received on topic: type-2/3 with payload size: 244 at 2024-12-16 23:14:57.913931 sent 2024-12-16 23:14:57.898962
INFO:Message received on topic: type-2/3 with payload size: 160 at 2024-12-16 23:15:00.533260 sent 2024-12-16 23:15:00.511645
INFO:Message received on topic: type-2/3 with payload size: 175 at 2024-12-16 23:15:03.210530 sent 2024-12-16 23:15:03.151945
INFO:Message received on topic: type-2/3 with payload size: 136 at 2024-12-16 23:15:05.816974 sent 2024-12-16 23:15:05.778594
INFO:Message received on topic: type-2/3 with payload size: 136 at 2024-12-16 23:15:08.414157 sent 2024-12-16 23:15:08.398093
INFO:Message received on topic: type-2/3 with payload size: 236 at 2024-12-16 23:15:11.022329 sent 2024-12-16 23:15:11.013234
INFO:Message received on topic: type-2/3 with payload size: 242 at 2024-12-16 23:15:13.636884 sent 2024-12-16 23:15:13.634923
INFO:Message received on topic: type-2/3 with payload size: 217 at 2024-12-16 23:15:16.321059 sent 2024-12-16 23:15:16.254587
INFO:Message received on topic: type-2/3 with payload size: 169 at 2024-12-16 23:15:18.911808 sent 2024-12-16 23:15:18.898175
INFO:Message received on topic: type-2/3 with payload size: 149 at 2024-12-16 23:15:21.528426 sent 2024-12-16 23:15:21.520300
INFO:Message received on topic: type-2/3 with payload size: 205 at 2024-12-16 23:15:24.138760 sent 2024-12-16 23:15:24.136860
INFO:Message received on topic: type-2/3 with payload size: 246 at 2024-12-16 23:15:26.749794 sent 2024-12-16 23:15:26.747802
INFO:Message received on topic: type-2/3 with payload size: 327 at 2024-12-16 23:15:29.416913 sent 2024-12-16 23:15:29.364429
INFO:Message received on topic: type-2/3 with payload size: 283 at 2024-12-16 23:15:32.017049 sent 2024-12-16 23:15:31.981890
INFO:Message received on topic: type-2/3 with payload size: 164 at 2024-12-16 23:15:34.616622 sent 2024-12-16 23:15:34.596769
INFO:Message received on topic: type-2/3 with payload size: 157 at 2024-12-16 23:15:37.215854 sent 2024-12-16 23:15:37.207342
INFO:Message received on topic: type-2/3 with payload size: 180 at 2024-12-16 23:15:39.830268 sent 2024-12-16 23:15:39.828040
INFO:Message received on topic: type-2/3 with payload size: 226 at 2024-12-16 23:15:42.444064 sent 2024-12-16 23:15:42.442435
INFO:Message received on topic: type-2/3 with payload size: 132 at 2024-12-16 23:15:45.058932 sent 2024-12-16 23:15:45.057223
INFO:Message received on topic: type-2/3 with payload size: 295 at 2024-12-16 23:15:47.712968 sent 2024-12-16 23:15:47.673716
INFO:Message received on topic: type-2/3 with payload size: 314 at 2024-12-16 23:15:50.315103 sent 2024-12-16 23:15:50.296641
INFO:Message received on topic: type-2/3 with payload size: 247 at 2024-12-16 23:15:52.923869 sent 2024-12-16 23:15:52.917092
INFO:Message received on topic: type-2/3 with payload size: 253 at 2024-12-16 23:15:55.544579 sent 2024-12-16 23:15:55.539822
INFO:Message received on topic: type-2/3 with payload size: 140 at 2024-12-16 23:15:58.213241 sent 2024-12-16 23:15:58.162975
INFO:Message received on topic: type-2/3 with payload size: 291 at 2024-12-16 23:16:00.833860 sent 2024-12-16 23:16:00.785500
INFO:Message received on topic: type-2/3 with payload size: 129 at 2024-12-16 23:16:03.423184 sent 2024-12-16 23:16:03.402130
INFO:Message received on topic: type-2/3 with payload size: 169 at 2024-12-16 23:16:06.028922 sent 2024-12-16 23:16:06.021962
INFO:Message received on topic: type-2/3 with payload size: 161 at 2024-12-16 23:16:08.640182 sent 2024-12-16 23:16:08.635278
INFO:Message received on topic: type-2/3 with payload size: 278 at 2024-12-16 23:16:11.312844 sent 2024-12-16 23:16:11.274308
INFO:Message received on topic: type-2/3 with payload size: 255 at 2024-12-16 23:16:13.909864 sent 2024-12-16 23:16:13.889498
INFO:Message received on topic: type-2/3 with payload size: 257 at 2024-12-16 23:16:16.516450 sent 2024-12-16 23:16:16.505383
INFO:Message received on topic: type-2/3 with payload size: 204 at 2024-12-16 23:16:19.176732 sent 2024-12-16 23:16:19.134936
INFO:Message received on topic: type-2/3 with payload size: 164 at 2024-12-16 23:16:21.778535 sent 2024-12-16 23:16:21.752519
INFO:Message received on topic: type-2/3 with payload size: 311 at 2024-12-16 23:16:24.406392 sent 2024-12-16 23:16:24.362754
INFO:Message received on topic: type-2/3 with payload size: 165 at 2024-12-16 23:16:27.013545 sent 2024-12-16 23:16:26.977145
INFO:Message received on topic: type-2/3 with payload size: 196 at 2024-12-16 23:16:29.612182 sent 2024-12-16 23:16:29.584525
INFO:Message received on topic: type-2/3 with payload size: 268 at 2024-12-16 23:16:32.215592 sent 2024-12-16 23:16:32.198242
INFO:Message received on topic: type-2/3 with payload size: 281 at 2024-12-16 23:16:34.827490 sent 2024-12-16 23:16:34.823061
INFO:Message received on topic: type-2/3 with payload size: 259 at 2024-12-16 23:16:37.436102 sent 2024-12-16 23:16:37.434330
INFO:Message received on topic: type-2/3 with payload size: 182 at 2024-12-16 23:16:40.051622 sent 2024-12-16 23:16:40.049750
INFO:Message received on topic: type-2/3 with payload size: 201 at 2024-12-16 23:16:42.677881 sent 2024-12-16 23:16:42.668497
INFO:Message received on topic: type-2/3 with payload size: 180 at 2024-12-16 23:16:45.316674 sent 2024-12-16 23:16:45.289530
INFO:Message received on topic: type-2/3 with payload size: 129 at 2024-12-16 23:16:47.919479 sent 2024-12-16 23:16:47.908864
INFO:Message received on topic: type-2/3 with payload size: 268 at 2024-12-16 23:16:50.550266 sent 2024-12-16 23:16:50.533816
INFO:Message received on topic: type-2/3 with payload size: 298 at 2024-12-16 23:16:53.150347 sent 2024-12-16 23:16:53.148923
INFO:Message received on topic: type-2/3 with payload size: 146 at 2024-12-16 23:16:55.812398 sent 2024-12-16 23:16:55.765161
INFO:Message received on topic: type-2/3 with payload size: 231 at 2024-12-16 23:16:58.413604 sent 2024-12-16 23:16:58.400753
INFO:Message received on topic: type-2/3 with payload size: 195 at 2024-12-16 23:17:01.034441 sent 2024-12-16 23:17:01.027632
INFO:Message received on topic: type-2/3 with payload size: 141 at 2024-12-16 23:17:03.641994 sent 2024-12-16 23:17:03.640385
INFO:Message received on topic: type-2/3 with payload size: 192 at 2024-12-16 23:17:06.276799 sent 2024-12-16 23:17:06.252061
INFO:Message received on topic: type-2/3 with payload size: 191 at 2024-12-16 23:17:08.914049 sent 2024-12-16 23:17:08.864222
INFO:Message received on topic: type-2/3 with payload size: 267 at 2024-12-16 23:17:11.516550 sent 2024-12-16 23:17:11.481628
INFO:Message received on topic: type-2/3 with payload size: 192 at 2024-12-16 23:17:14.113135 sent 2024-12-16 23:17:14.091965
INFO:Message received on topic: type-2/3 with payload size: 175 at 2024-12-16 23:17:16.718560 sent 2024-12-16 23:17:16.706710
INFO:Message received on topic: type-2/3 with payload size: 300 at 2024-12-16 23:17:19.338135 sent 2024-12-16 23:17:19.324513
INFO:Message received on topic: type-2/3 with payload size: 146 at 2024-12-16 23:17:21.965656 sent 2024-12-16 23:17:21.940317
INFO:Message received on topic: type-2/3 with payload size: 138 at 2024-12-16 23:17:24.562036 sent 2024-12-16 23:17:24.560243
INFO:Message received on topic: type-2/3 with payload size: 207 at 2024-12-16 23:17:27.226621 sent 2024-12-16 23:17:27.174412
INFO:Message received on topic: type-2/3 with payload size: 147 at 2024-12-16 23:17:29.815175 sent 2024-12-16 23:17:29.787848
INFO:Message received on topic: type-2/3 with payload size: 193 at 2024-12-16 23:17:32.427435 sent 2024-12-16 23:17:32.410212
INFO:Message received on topic: type-2/3 with payload size: 318 at 2024-12-16 23:17:35.043540 sent 2024-12-16 23:17:35.039922
INFO:Message received on topic: type-2/3 with payload size: 318 at 2024-12-16 23:17:37.710234 sent 2024-12-16 23:17:37.670095
INFO:Message received on topic: type-2/3 with payload size: 286 at 2024-12-16 23:17:40.316588 sent 2024-12-16 23:17:40.285240
INFO:Message received on topic: type-2/3 with payload size: 151 at 2024-12-16 23:17:42.919843 sent 2024-12-16 23:17:42.907703
INFO:Message received on topic: type-2/3 with payload size: 311 at 2024-12-16 23:17:45.523906 sent 2024-12-16 23:17:45.520257
INFO:Message received on topic: type-2/3 with payload size: 319 at 2024-12-16 23:17:48.134297 sent 2024-12-16 23:17:48.131752
INFO:Message received on topic: type-2/3 with payload size: 207 at 2024-12-16 23:17:50.753748 sent 2024-12-16 23:17:50.751990
INFO:Message received on topic: type-2/3 with payload size: 274 at 2024-12-16 23:17:53.416845 sent 2024-12-16 23:17:53.364279
INFO:Message received on topic: type-2/3 with payload size: 183 at 2024-12-16 23:17:56.015248 sent 2024-12-16 23:17:55.981750
INFO:Message received on topic: type-2/3 with payload size: 292 at 2024-12-16 23:17:58.614988 sent 2024-12-16 23:17:58.597641
INFO:Message received on topic: type-2/3 with payload size: 153 at 2024-12-16 23:18:01.227997 sent 2024-12-16 23:18:01.208682
INFO:Message received on topic: type-2/3 with payload size: 176 at 2024-12-16 23:18:03.828526 sent 2024-12-16 23:18:03.823970
INFO:Message received on topic: type-2/3 with payload size: 298 at 2024-12-16 23:18:06.442064 sent 2024-12-16 23:18:06.437582
INFO:Message received on topic: type-2/3 with payload size: 312 at 2024-12-16 23:18:09.083846 sent 2024-12-16 23:18:09.061536
INFO:Message received on topic: type-2/3 with payload size: 251 at 2024-12-16 23:18:11.706524 sent 2024-12-16 23:18:11.675971
INFO:Message received on topic: type-2/3 with payload size: 171 at 2024-12-16 23:18:14.325636 sent 2024-12-16 23:18:14.291902
INFO:Message received on topic: type-2/3 with payload size: 272 at 2024-12-16 23:18:16.920693 sent 2024-12-16 23:18:16.905791
INFO:Message received on topic: type-2/3 with payload size: 293 at 2024-12-16 23:18:19.532033 sent 2024-12-16 23:18:19.516433
INFO:Message received on topic: type-2/3 with payload size: 130 at 2024-12-16 23:18:22.155212 sent 2024-12-16 23:18:22.132116
INFO:Message received on topic: type-2/3 with payload size: 149 at 2024-12-16 23:18:24.759186 sent 2024-12-16 23:18:24.749448
INFO:Message received on topic: type-2/3 with payload size: 161 at 2024-12-16 23:18:27.420662 sent 2024-12-16 23:18:27.358414
INFO:Message received on topic: type-2/3 with payload size: 303 at 2024-12-16 23:18:29.979725 sent 2024-12-16 23:18:29.971358
INFO:Message received on topic: type-2/3 with payload size: 285 at 2024-12-16 23:18:32.615966 sent 2024-12-16 23:18:32.579247
INFO:Message received on topic: type-2/3 with payload size: 129 at 2024-12-16 23:18:35.221841 sent 2024-12-16 23:18:35.201796
INFO:Message received on topic: type-2/3 with payload size: 147 at 2024-12-16 23:18:37.835170 sent 2024-12-16 23:18:37.833339
INFO:Message received on topic: type-2/3 with payload size: 304 at 2024-12-16 23:18:40.450570 sent 2024-12-16 23:18:40.448614
INFO:Message received on topic: type-2/3 with payload size: 262 at 2024-12-16 23:18:43.114895 sent 2024-12-16 23:18:43.072697
INFO:Message received on topic: type-2/3 with payload size: 283 at 2024-12-16 23:18:45.710015 sent 2024-12-16 23:18:45.689984
INFO:Message received on topic: type-2/3 with payload size: 225 at 2024-12-16 23:18:48.318901 sent 2024-12-16 23:18:48.305381
INFO:Message received on topic: type-2/3 with payload size: 261 at 2024-12-16 23:18:50.942128 sent 2024-12-16 23:18:50.935613
INFO:Message received on topic: type-2/3 with payload size: 274 at 2024-12-16 23:18:53.552053 sent 2024-12-16 23:18:53.550025
INFO:Message received on topic: type-2/3 with payload size: 195 at 2024-12-16 23:18:56.161739 sent 2024-12-16 23:18:56.160805
INFO:Message received on topic: type-2/3 with payload size: 271 at 2024-12-16 23:18:58.809611 sent 2024-12-16 23:18:58.786739
INFO:Message received on topic: type-2/3 with payload size: 149 at 2024-12-16 23:19:01.454383 sent 2024-12-16 23:19:01.401267
INFO:Message received on topic: type-2/3 with payload size: 289 at 2024-12-16 23:19:04.031762 sent 2024-12-16 23:19:04.029048
INFO:Message received on topic: type-2/3 with payload size: 307 at 2024-12-16 23:19:06.713787 sent 2024-12-16 23:19:06.648935
INFO:Message received on topic: type-2/3 with payload size: 260 at 2024-12-16 23:19:09.313397 sent 2024-12-16 23:19:09.266004
INFO:Message received on topic: type-2/3 with payload size: 130 at 2024-12-16 23:19:11.952945 sent 2024-12-16 23:19:11.890687
INFO:Message received on topic: type-2/3 with payload size: 135 at 2024-12-16 23:19:14.520270 sent 2024-12-16 23:19:14.510265
INFO:Message received on topic: type-2/3 with payload size: 217 at 2024-12-16 23:19:17.149808 sent 2024-12-16 23:19:17.137946
INFO:Message received on topic: type-2/3 with payload size: 130 at 2024-12-16 23:19:19.747798 sent 2024-12-16 23:19:19.746263
INFO:Message received on topic: type-2/3 with payload size: 222 at 2024-12-16 23:19:22.406500 sent 2024-12-16 23:19:22.359601
INFO:Message received on topic: type-2/3 with payload size: 215 at 2024-12-16 23:19:25.019125 sent 2024-12-16 23:19:24.976883
INFO:Message received on topic: type-2/3 with payload size: 264 at 2024-12-16 23:19:27.617111 sent 2024-12-16 23:19:27.597123
INFO:Message received on topic: type-2/3 with payload size: 254 at 2024-12-16 23:19:30.217109 sent 2024-12-16 23:19:30.210298
INFO:Message received on topic: type-2/3 with payload size: 272 at 2024-12-16 23:19:32.834056 sent 2024-12-16 23:19:32.829015
INFO:Message received on topic: type-2/3 with payload size: 231 at 2024-12-16 23:19:35.443302 sent 2024-12-16 23:19:35.441598
INFO:Message received on topic: type-2/3 with payload size: 276 at 2024-12-16 23:19:38.053652 sent 2024-12-16 23:19:38.051835
INFO:Message received on topic: type-2/3 with payload size: 206 at 2024-12-16 23:19:40.715527 sent 2024-12-16 23:19:40.689285
INFO:Message received on topic: type-2/3 with payload size: 128 at 2024-12-16 23:19:43.317611 sent 2024-12-16 23:19:43.303439
INFO:Message received on topic: type-2/3 with payload size: 308 at 2024-12-16 23:19:45.930587 sent 2024-12-16 23:19:45.920409
INFO:Message received on topic: type-2/3 with payload size: 279 at 2024-12-16 23:19:48.608874 sent 2024-12-16 23:19:48.544587
INFO:Message received on topic: type-2/3 with payload size: 202 at 2024-12-16 23:19:51.217769 sent 2024-12-16 23:19:51.158897
INFO:Message received on topic: type-2/3 with payload size: 246 at 2024-12-16 23:19:53.816679 sent 2024-12-16 23:19:53.775774
INFO:Message received on topic: type-2/3 with payload size: 266 at 2024-12-16 23:19:56.412037 sent 2024-12-16 23:19:56.389054
INFO:Message received on topic: type-2/3 with payload size: 232 at 2024-12-16 23:19:59.011955 sent 2024-12-16 23:19:59.003402
INFO:Message received on topic: type-2/3 with payload size: 129 at 2024-12-16 23:20:01.653155 sent 2024-12-16 23:20:01.648432
INFO:Message received on topic: type-2/3 with payload size: 238 at 2024-12-16 23:20:04.315055 sent 2024-12-16 23:20:04.265221
INFO:Message received on topic: type-2/3 with payload size: 145 at 2024-12-16 23:20:06.918310 sent 2024-12-16 23:20:06.877519
INFO:Message received on topic: type-2/3 with payload size: 292 at 2024-12-16 23:20:09.513021 sent 2024-12-16 23:20:09.493191
INFO:Message received on topic: type-2/3 with payload size: 313 at 2024-12-16 23:20:12.121270 sent 2024-12-16 23:20:12.107010
INFO:Message received on topic: type-2/3 with payload size: 197 at 2024-12-16 23:20:14.736242 sent 2024-12-16 23:20:14.732173
INFO:Message received on topic: type-2/3 with payload size: 145 at 2024-12-16 23:20:17.353046 sent 2024-12-16 23:20:17.351284
INFO:Message received on topic: type-2/3 with payload size: 309 at 2024-12-16 23:20:20.014730 sent 2024-12-16 23:20:19.969416
INFO:Message received on topic: type-2/3 with payload size: 256 at 2024-12-16 23:20:22.617959 sent 2024-12-16 23:20:22.597895
INFO:Message received on topic: type-2/3 with payload size: 258 at 2024-12-16 23:20:25.222293 sent 2024-12-16 23:20:25.211205
INFO:Message received on topic: type-2/3 with payload size: 324 at 2024-12-16 23:20:27.849051 sent 2024-12-16 23:20:27.839116
INFO:Message received on topic: type-2/3 with payload size: 172 at 2024-12-16 23:20:30.461111 sent 2024-12-16 23:20:30.459662
INFO:Message received on topic: type-2/3 with payload size: 223 at 2024-12-16 23:20:33.113567 sent 2024-12-16 23:20:33.071281
INFO:Message received on topic: type-2/3 with payload size: 205 at 2024-12-16 23:20:35.715958 sent 2024-12-16 23:20:35.682265
