INFO:Starting Version 1.0.5
DEBUG:Using selector: EpollSelector
INFO:Connecting to cluster at: mqtt-quic://emqx-headless.dtwins:14567 using QUIC
INFO:Subscribed to topic: type-2/5
INFO:Logging each: 50
INFO:Unhandled packet type received
INFO:Message received on topic: type-2/5 with payload size: 91 at 2024-12-11 14:11:24.682161 sent 2024-12-11 14:11:24.680766
INFO:Message received on topic: type-2/5 with payload size: 91 at 2024-12-11 14:11:27.281159 sent 2024-12-11 14:11:27.279651
INFO:Message received on topic: type-2/5 with payload size: 91 at 2024-12-11 14:11:29.878017 sent 2024-12-11 14:11:29.876693
INFO:Message received on topic: type-2/5 with payload size: 91 at 2024-12-11 14:11:32.478538 sent 2024-12-11 14:11:32.476715
INFO:Message received on topic: type-2/5 with payload size: 91 at 2024-12-11 14:11:35.075680 sent 2024-12-11 14:11:35.074763
INFO:Message received on topic: type-2/5 with payload size: 91 at 2024-12-11 14:11:37.674548 sent 2024-12-11 14:11:37.673317
INFO:Message received on topic: type-2/5 with payload size: 91 at 2024-12-11 14:11:40.273577 sent 2024-12-11 14:11:40.271965
INFO:Message received on topic: type-2/5 with payload size: 91 at 2024-12-11 14:11:42.871827 sent 2024-12-11 14:11:42.870523
INFO:Message received on topic: type-2/5 with payload size: 91 at 2024-12-11 14:11:45.471978 sent 2024-12-11 14:11:45.470205
INFO:Message received on topic: type-2/5 with payload size: 91 at 2024-12-11 14:11:48.070833 sent 2024-12-11 14:11:48.069248
INFO:Message received on topic: type-2/5 with payload size: 91 at 2024-12-11 14:11:50.670632 sent 2024-12-11 14:11:50.667815
INFO:Message received on topic: type-2/5 with payload size: 91 at 2024-12-11 14:11:53.274419 sent 2024-12-11 14:11:53.272982
INFO:Message received on topic: type-2/5 with payload size: 91 at 2024-12-11 14:11:55.881725 sent 2024-12-11 14:11:55.880037
INFO:Message received on topic: type-2/5 with payload size: 91 at 2024-12-11 14:11:58.482043 sent 2024-12-11 14:11:58.478369
INFO:Message received on topic: type-2/5 with payload size: 91 at 2024-12-11 14:12:01.082084 sent 2024-12-11 14:12:01.081038
INFO:Message received on topic: type-2/5 with payload size: 91 at 2024-12-11 14:12:03.682106 sent 2024-12-11 14:12:03.680731
INFO:Message received on topic: type-2/5 with payload size: 91 at 2024-12-11 14:12:06.284984 sent 2024-12-11 14:12:06.283540
INFO:Message received on topic: type-2/5 with payload size: 91 at 2024-12-11 14:12:08.946423 sent 2024-12-11 14:12:08.890398
INFO:Message received on topic: type-2/5 with payload size: 91 at 2024-12-11 14:12:11.526235 sent 2024-12-11 14:12:11.489933
INFO:Message received on topic: type-2/5 with payload size: 91 at 2024-12-11 14:12:14.074299 sent 2024-12-11 14:12:14.072993
INFO:Message received on topic: type-2/5 with payload size: 91 at 2024-12-11 14:12:16.657142 sent 2024-12-11 14:12:16.656136
INFO:Message received on topic: type-2/5 with payload size: 91 at 2024-12-11 14:12:19.250003 sent 2024-12-11 14:12:19.240488
INFO:Message received on topic: type-2/5 with payload size: 91 at 2024-12-11 14:12:21.856937 sent 2024-12-11 14:12:21.836251
INFO:Message received on topic: type-2/5 with payload size: 91 at 2024-12-11 14:12:24.448091 sent 2024-12-11 14:12:24.439885
INFO:Message received on topic: type-2/5 with payload size: 91 at 2024-12-11 14:12:27.055715 sent 2024-12-11 14:12:27.044188
INFO:Message received on topic: type-2/5 with payload size: 91 at 2024-12-11 14:12:29.652722 sent 2024-12-11 14:12:29.646697
INFO:Message received on topic: type-2/5 with payload size: 91 at 2024-12-11 14:12:32.255973 sent 2024-12-11 14:12:32.251997
INFO:Message received on topic: type-2/5 with payload size: 91 at 2024-12-11 14:12:34.855715 sent 2024-12-11 14:12:34.850848
INFO:Message received on topic: type-2/5 with payload size: 91 at 2024-12-11 14:12:37.456072 sent 2024-12-11 14:12:37.452950
INFO:Message received on topic: type-2/5 with payload size: 91 at 2024-12-11 14:12:40.059701 sent 2024-12-11 14:12:40.053510
INFO:Message received on topic: type-2/5 with payload size: 91 at 2024-12-11 14:12:42.663839 sent 2024-12-11 14:12:42.657797
INFO:Message received on topic: type-2/5 with payload size: 91 at 2024-12-11 14:12:45.265295 sent 2024-12-11 14:12:45.261518
INFO:Message received on topic: type-2/5 with payload size: 91 at 2024-12-11 14:12:47.864504 sent 2024-12-11 14:12:47.861961
INFO:Message received on topic: type-2/5 with payload size: 91 at 2024-12-11 14:12:50.466663 sent 2024-12-11 14:12:50.465211
INFO:Message received on topic: type-2/5 with payload size: 91 at 2024-12-11 14:12:53.069977 sent 2024-12-11 14:12:53.068463
INFO:Message received on topic: type-2/5 with payload size: 91 at 2024-12-11 14:12:55.674455 sent 2024-12-11 14:12:55.671210
INFO:Message received on topic: type-2/5 with payload size: 91 at 2024-12-11 14:12:58.327905 sent 2024-12-11 14:12:58.273266
INFO:Message received on topic: type-2/5 with payload size: 91 at 2024-12-11 14:13:00.931746 sent 2024-12-11 14:13:00.879628
INFO:Message received on topic: type-2/5 with payload size: 91 at 2024-12-11 14:13:03.488048 sent 2024-12-11 14:13:03.486294
INFO:Message received on topic: type-2/5 with payload size: 91 at 2024-12-11 14:13:06.093894 sent 2024-12-11 14:13:06.092469
INFO:Message received on topic: type-2/5 with payload size: 91 at 2024-12-11 14:13:08.730455 sent 2024-12-11 14:13:08.700547
INFO:Message received on topic: type-2/5 with payload size: 91 at 2024-12-11 14:13:11.334415 sent 2024-12-11 14:13:11.305357
INFO:Message received on topic: type-2/5 with payload size: 91 at 2024-12-11 14:13:13.929000 sent 2024-12-11 14:13:13.910230
INFO:Message received on topic: type-2/5 with payload size: 91 at 2024-12-11 14:13:16.527110 sent 2024-12-11 14:13:16.513694
INFO:Message received on topic: type-2/5 with payload size: 91 at 2024-12-11 14:13:19.130571 sent 2024-12-11 14:13:19.123556
INFO:Message received on topic: type-2/5 with payload size: 91 at 2024-12-11 14:13:21.732567 sent 2024-12-11 14:13:21.727883
INFO:Message received on topic: type-2/5 with payload size: 91 at 2024-12-11 14:13:24.346556 sent 2024-12-11 14:13:24.335613
INFO:Message received on topic: type-2/5 with payload size: 91 at 2024-12-11 14:13:26.955245 sent 2024-12-11 14:13:26.941144
INFO:Message received on topic: type-2/5 with payload size: 91 at 2024-12-11 14:13:29.551207 sent 2024-12-11 14:13:29.548016
INFO:Message received on topic: type-2/5 with payload size: 91 at 2024-12-11 14:13:32.155176 sent 2024-12-11 14:13:32.151474
INFO:Message received on topic: type-2/5 with payload size: 91 at 2024-12-11 14:13:34.755166 sent 2024-12-11 14:13:34.753637
INFO:Message received on topic: type-2/5 with payload size: 91 at 2024-12-11 14:13:37.357834 sent 2024-12-11 14:13:37.355264
INFO:Message received on topic: type-2/5 with payload size: 91 at 2024-12-11 14:13:39.964467 sent 2024-12-11 14:13:39.959294
INFO:Message received on topic: type-2/5 with payload size: 91 at 2024-12-11 14:13:42.573733 sent 2024-12-11 14:13:42.562166
INFO:Message received on topic: type-2/5 with payload size: 91 at 2024-12-11 14:13:45.166016 sent 2024-12-11 14:13:45.164646
INFO:Message received on topic: type-2/5 with payload size: 91 at 2024-12-11 14:13:47.762457 sent 2024-12-11 14:13:47.760009
INFO:Message received on topic: type-2/5 with payload size: 91 at 2024-12-11 14:13:50.367428 sent 2024-12-11 14:13:50.366057
INFO:Message received on topic: type-2/5 with payload size: 91 at 2024-12-11 14:13:52.970396 sent 2024-12-11 14:13:52.968926
INFO:Message received on topic: type-2/5 with payload size: 91 at 2024-12-11 14:13:55.572730 sent 2024-12-11 14:13:55.570426
INFO:Message received on topic: type-2/5 with payload size: 91 at 2024-12-11 14:13:58.173420 sent 2024-12-11 14:13:58.172001
INFO:Message received on topic: type-2/5 with payload size: 91 at 2024-12-11 14:14:00.779663 sent 2024-12-11 14:14:00.778247
INFO:Message received on topic: type-2/5 with payload size: 91 at 2024-12-11 14:14:03.425617 sent 2024-12-11 14:14:03.381648
INFO:Message received on topic: type-2/5 with payload size: 91 at 2024-12-11 14:14:05.987016 sent 2024-12-11 14:14:05.985558
INFO:Message received on topic: type-2/5 with payload size: 91 at 2024-12-11 14:14:08.589296 sent 2024-12-11 14:14:08.587899
INFO:Message received on topic: type-2/5 with payload size: 91 at 2024-12-11 14:14:11.235131 sent 2024-12-11 14:14:11.190343
INFO:Message received on topic: type-2/5 with payload size: 91 at 2024-12-11 14:14:13.827230 sent 2024-12-11 14:14:13.793596
INFO:Message received on topic: type-2/5 with payload size: 91 at 2024-12-11 14:14:16.428444 sent 2024-12-11 14:14:16.399303
INFO:Message received on topic: type-2/5 with payload size: 91 at 2024-12-11 14:14:19.028878 sent 2024-12-11 14:14:19.004285
INFO:Message received on topic: type-2/5 with payload size: 91 at 2024-12-11 14:14:21.628813 sent 2024-12-11 14:14:21.612078
INFO:Message received on topic: type-2/5 with payload size: 91 at 2024-12-11 14:14:24.229654 sent 2024-12-11 14:14:24.217316
INFO:Message received on topic: type-2/5 with payload size: 91 at 2024-12-11 14:14:26.828754 sent 2024-12-11 14:14:26.818513
INFO:Message received on topic: type-2/5 with payload size: 91 at 2024-12-11 14:14:29.437681 sent 2024-12-11 14:14:29.429453
INFO:Message received on topic: type-2/5 with payload size: 91 at 2024-12-11 14:14:32.047778 sent 2024-12-11 14:14:32.035055
INFO:Message received on topic: type-2/5 with payload size: 91 at 2024-12-11 14:14:34.646372 sent 2024-12-11 14:14:34.641196
INFO:Message received on topic: type-2/5 with payload size: 91 at 2024-12-11 14:14:37.261118 sent 2024-12-11 14:14:37.243210
INFO:Message received on topic: type-2/5 with payload size: 91 at 2024-12-11 14:14:39.851904 sent 2024-12-11 14:14:39.848428
INFO:Message received on topic: type-2/5 with payload size: 91 at 2024-12-11 14:14:42.453986 sent 2024-12-11 14:14:42.451661
INFO:Message received on topic: type-2/5 with payload size: 91 at 2024-12-11 14:14:45.064199 sent 2024-12-11 14:14:45.061046
INFO:Message received on topic: type-2/5 with payload size: 91 at 2024-12-11 14:14:47.668551 sent 2024-12-11 14:14:47.666079
INFO:Message received on topic: type-2/5 with payload size: 91 at 2024-12-11 14:14:50.279542 sent 2024-12-11 14:14:50.277856
INFO:Message received on topic: type-2/5 with payload size: 91 at 2024-12-11 14:14:52.926713 sent 2024-12-11 14:14:52.886014
INFO:Message received on topic: type-2/5 with payload size: 91 at 2024-12-11 14:14:55.528615 sent 2024-12-11 14:14:55.489127
INFO:Message received on topic: type-2/5 with payload size: 91 at 2024-12-11 14:14:58.130054 sent 2024-12-11 14:14:58.092644
INFO:Message received on topic: type-2/5 with payload size: 91 at 2024-12-11 14:15:00.730686 sent 2024-12-11 14:15:00.697628
INFO:Message received on topic: type-2/5 with payload size: 91 at 2024-12-11 14:15:03.325459 sent 2024-12-11 14:15:03.303592
INFO:Message received on topic: type-2/5 with payload size: 91 at 2024-12-11 14:15:05.944270 sent 2024-12-11 14:15:05.907846
INFO:Message received on topic: type-2/5 with payload size: 91 at 2024-12-11 14:15:08.528118 sent 2024-12-11 14:15:08.514514
INFO:Message received on topic: type-2/5 with payload size: 91 at 2024-12-11 14:15:11.130099 sent 2024-12-11 14:15:11.120611
INFO:Message received on topic: type-2/5 with payload size: 91 at 2024-12-11 14:15:13.728993 sent 2024-12-11 14:15:13.724266
INFO:Message received on topic: type-2/5 with payload size: 91 at 2024-12-11 14:15:16.331776 sent 2024-12-11 14:15:16.325956
INFO:Message received on topic: type-2/5 with payload size: 91 at 2024-12-11 14:15:18.944953 sent 2024-12-11 14:15:18.931060
INFO:Message received on topic: type-2/5 with payload size: 91 at 2024-12-11 14:15:21.558446 sent 2024-12-11 14:15:21.530795
INFO:Message received on topic: type-2/5 with payload size: 91 at 2024-12-11 14:15:24.137174 sent 2024-12-11 14:15:24.134287
INFO:Message received on topic: type-2/5 with payload size: 91 at 2024-12-11 14:15:26.753084 sent 2024-12-11 14:15:26.737549
INFO:Message received on topic: type-2/5 with payload size: 91 at 2024-12-11 14:15:29.346896 sent 2024-12-11 14:15:29.339836
INFO:Message received on topic: type-2/5 with payload size: 91 at 2024-12-11 14:15:31.960394 sent 2024-12-11 14:15:31.943069
INFO:Message received on topic: type-2/5 with payload size: 91 at 2024-12-11 14:15:34.557798 sent 2024-12-11 14:15:34.544817
INFO:Message received on topic: type-2/5 with payload size: 91 at 2024-12-11 14:15:37.150169 sent 2024-12-11 14:15:37.145741
INFO:Message received on topic: type-2/5 with payload size: 91 at 2024-12-11 14:15:39.757501 sent 2024-12-11 14:15:39.749255
INFO:Message received on topic: type-2/5 with payload size: 91 at 2024-12-11 14:15:42.358226 sent 2024-12-11 14:15:42.352924
INFO:Message received on topic: type-2/5 with payload size: 91 at 2024-12-11 14:15:44.957689 sent 2024-12-11 14:15:44.953832
INFO:Message received on topic: type-2/5 with payload size: 91 at 2024-12-11 14:15:47.572394 sent 2024-12-11 14:15:47.556285
INFO:Message received on topic: type-2/5 with payload size: 91 at 2024-12-11 14:15:50.160893 sent 2024-12-11 14:15:50.159390
INFO:Message received on topic: type-2/5 with payload size: 91 at 2024-12-11 14:15:52.764695 sent 2024-12-11 14:15:52.761064
INFO:Message received on topic: type-2/5 with payload size: 91 at 2024-12-11 14:15:55.364513 sent 2024-12-11 14:15:55.363032
INFO:Message received on topic: type-2/5 with payload size: 91 at 2024-12-11 14:15:57.970874 sent 2024-12-11 14:15:57.968580
INFO:Message received on topic: type-2/5 with payload size: 91 at 2024-12-11 14:16:00.574739 sent 2024-12-11 14:16:00.573205
INFO:Message received on topic: type-2/5 with payload size: 91 at 2024-12-11 14:16:03.180523 sent 2024-12-11 14:16:03.178846
INFO:Message received on topic: type-2/5 with payload size: 91 at 2024-12-11 14:16:05.783597 sent 2024-12-11 14:16:05.780696
INFO:Message received on topic: type-2/5 with payload size: 91 at 2024-12-11 14:16:08.386077 sent 2024-12-11 14:16:08.384540
INFO:Message received on topic: type-2/5 with payload size: 91 at 2024-12-11 14:16:10.987838 sent 2024-12-11 14:16:10.986541
INFO:Message received on topic: type-2/5 with payload size: 91 at 2024-12-11 14:16:13.648066 sent 2024-12-11 14:16:13.587240
INFO:Message received on topic: type-2/5 with payload size: 91 at 2024-12-11 14:16:16.188963 sent 2024-12-11 14:16:16.188010
INFO:Message received on topic: type-2/5 with payload size: 91 at 2024-12-11 14:16:18.830850 sent 2024-12-11 14:16:18.791902
INFO:Message received on topic: type-2/5 with payload size: 91 at 2024-12-11 14:16:21.445954 sent 2024-12-11 14:16:21.391485
INFO:Message received on topic: type-2/5 with payload size: 91 at 2024-12-11 14:16:24.028769 sent 2024-12-11 14:16:23.995082
INFO:Message received on topic: type-2/5 with payload size: 91 at 2024-12-11 14:16:26.634377 sent 2024-12-11 14:16:26.598230
INFO:Message received on topic: type-2/5 with payload size: 91 at 2024-12-11 14:16:29.226585 sent 2024-12-11 14:16:29.200978
INFO:Message received on topic: type-2/5 with payload size: 91 at 2024-12-11 14:16:31.830720 sent 2024-12-11 14:16:31.806636
INFO:Message received on topic: type-2/5 with payload size: 91 at 2024-12-11 14:16:34.430652 sent 2024-12-11 14:16:34.409734
INFO:Message received on topic: type-2/5 with payload size: 91 at 2024-12-11 14:16:37.030423 sent 2024-12-11 14:16:37.011706
INFO:Message received on topic: type-2/5 with payload size: 91 at 2024-12-11 14:16:39.659142 sent 2024-12-11 14:16:39.613727
INFO:Message received on topic: type-2/5 with payload size: 91 at 2024-12-11 14:16:42.228276 sent 2024-12-11 14:16:42.214514
INFO:Message received on topic: type-2/5 with payload size: 91 at 2024-12-11 14:16:44.828915 sent 2024-12-11 14:16:44.813989
INFO:Message received on topic: type-2/5 with payload size: 91 at 2024-12-11 14:16:47.428931 sent 2024-12-11 14:16:47.415577
INFO:Message received on topic: type-2/5 with payload size: 91 at 2024-12-11 14:16:50.033690 sent 2024-12-11 14:16:50.021006
INFO:Message received on topic: type-2/5 with payload size: 91 at 2024-12-11 14:16:52.647163 sent 2024-12-11 14:16:52.624633
INFO:Message received on topic: type-2/5 with payload size: 91 at 2024-12-11 14:16:55.234025 sent 2024-12-11 14:16:55.230782
INFO:Message received on topic: type-2/5 with payload size: 91 at 2024-12-11 14:16:57.843990 sent 2024-12-11 14:16:57.832311
INFO:Message received on topic: type-2/5 with payload size: 91 at 2024-12-11 14:17:00.444781 sent 2024-12-11 14:17:00.435439
INFO:Message received on topic: type-2/5 with payload size: 91 at 2024-12-11 14:17:03.045002 sent 2024-12-11 14:17:03.038005
INFO:Message received on topic: type-2/5 with payload size: 91 at 2024-12-11 14:17:05.649536 sent 2024-12-11 14:17:05.641164
INFO:Message received on topic: type-2/5 with payload size: 91 at 2024-12-11 14:17:08.247656 sent 2024-12-11 14:17:08.243623
INFO:Message received on topic: type-2/5 with payload size: 91 at 2024-12-11 14:17:10.849990 sent 2024-12-11 14:17:10.844305
INFO:Message received on topic: type-2/5 with payload size: 91 at 2024-12-11 14:17:13.453313 sent 2024-12-11 14:17:13.446638
INFO:Message received on topic: type-2/5 with payload size: 91 at 2024-12-11 14:17:16.061949 sent 2024-12-11 14:17:16.047260
INFO:Message received on topic: type-2/5 with payload size: 91 at 2024-12-11 14:17:18.658218 sent 2024-12-11 14:17:18.652231
INFO:Message received on topic: type-2/5 with payload size: 91 at 2024-12-11 14:17:21.263646 sent 2024-12-11 14:17:21.255815
INFO:Message received on topic: type-2/5 with payload size: 91 at 2024-12-11 14:17:23.860425 sent 2024-12-11 14:17:23.858839
INFO:Message received on topic: type-2/5 with payload size: 91 at 2024-12-11 14:17:26.474852 sent 2024-12-11 14:17:26.459638
INFO:Message received on topic: type-2/5 with payload size: 91 at 2024-12-11 14:17:29.064485 sent 2024-12-11 14:17:29.063127
INFO:Message received on topic: type-2/5 with payload size: 91 at 2024-12-11 14:17:31.668788 sent 2024-12-11 14:17:31.667078
INFO:Message received on topic: type-2/5 with payload size: 91 at 2024-12-11 14:17:34.275063 sent 2024-12-11 14:17:34.273637
INFO:Message received on topic: type-2/5 with payload size: 91 at 2024-12-11 14:17:36.943735 sent 2024-12-11 14:17:36.875936
INFO:Message received on topic: type-2/5 with payload size: 91 at 2024-12-11 14:17:39.524631 sent 2024-12-11 14:17:39.478655
INFO:Message received on topic: type-2/5 with payload size: 91 at 2024-12-11 14:17:42.126816 sent 2024-12-11 14:17:42.082221
INFO:Message received on topic: type-2/5 with payload size: 91 at 2024-12-11 14:17:44.686197 sent 2024-12-11 14:17:44.684811
INFO:Message received on topic: type-2/5 with payload size: 91 at 2024-12-11 14:17:47.333304 sent 2024-12-11 14:17:47.293580
INFO:Message received on topic: type-2/5 with payload size: 91 at 2024-12-11 14:17:49.935103 sent 2024-12-11 14:17:49.895141
INFO:Message received on topic: type-2/5 with payload size: 91 at 2024-12-11 14:17:52.533199 sent 2024-12-11 14:17:52.495704
INFO:Message received on topic: type-2/5 with payload size: 91 at 2024-12-11 14:17:55.133484 sent 2024-12-11 14:17:55.098214
INFO:Message received on topic: type-2/5 with payload size: 91 at 2024-12-11 14:17:57.730205 sent 2024-12-11 14:17:57.702296
INFO:Message received on topic: type-2/5 with payload size: 91 at 2024-12-11 14:18:00.330054 sent 2024-12-11 14:18:00.307564
INFO:Message received on topic: type-2/5 with payload size: 91 at 2024-12-11 14:18:02.929055 sent 2024-12-11 14:18:02.909399
INFO:Message received on topic: type-2/5 with payload size: 91 at 2024-12-11 14:18:05.530369 sent 2024-12-11 14:18:05.512573
INFO:Message received on topic: type-2/5 with payload size: 91 at 2024-12-11 14:18:08.128265 sent 2024-12-11 14:18:08.113619
INFO:Message received on topic: type-2/5 with payload size: 91 at 2024-12-11 14:18:10.732000 sent 2024-12-11 14:18:10.715663
INFO:Message received on topic: type-2/5 with payload size: 91 at 2024-12-11 14:18:13.330579 sent 2024-12-11 14:18:13.323759
INFO:Message received on topic: type-2/5 with payload size: 91 at 2024-12-11 14:18:15.935387 sent 2024-12-11 14:18:15.925611
INFO:Message received on topic: type-2/5 with payload size: 91 at 2024-12-11 14:18:18.537802 sent 2024-12-11 14:18:18.529104
INFO:Message received on topic: type-2/5 with payload size: 91 at 2024-12-11 14:18:21.154072 sent 2024-12-11 14:18:21.136773
INFO:Message received on topic: type-2/5 with payload size: 91 at 2024-12-11 14:18:23.746236 sent 2024-12-11 14:18:23.740585
INFO:Message received on topic: type-2/5 with payload size: 91 at 2024-12-11 14:18:26.350828 sent 2024-12-11 14:18:26.343119
INFO:Message received on topic: type-2/5 with payload size: 91 at 2024-12-11 14:18:28.949077 sent 2024-12-11 14:18:28.945407
INFO:Message received on topic: type-2/5 with payload size: 91 at 2024-12-11 14:18:31.552156 sent 2024-12-11 14:18:31.550238
INFO:Message received on topic: type-2/5 with payload size: 91 at 2024-12-11 14:18:34.154938 sent 2024-12-11 14:18:34.152007
INFO:Message received on topic: type-2/5 with payload size: 91 at 2024-12-11 14:18:36.760851 sent 2024-12-11 14:18:36.754899
INFO:Message received on topic: type-2/5 with payload size: 91 at 2024-12-11 14:18:39.358951 sent 2024-12-11 14:18:39.357704
INFO:Message received on topic: type-2/5 with payload size: 91 at 2024-12-11 14:18:41.970754 sent 2024-12-11 14:18:41.961597
INFO:Message received on topic: type-2/5 with payload size: 91 at 2024-12-11 14:18:44.569971 sent 2024-12-11 14:18:44.564351
INFO:Message received on topic: type-2/5 with payload size: 91 at 2024-12-11 14:18:47.170359 sent 2024-12-11 14:18:47.169021
INFO:Message received on topic: type-2/5 with payload size: 91 at 2024-12-11 14:18:49.771561 sent 2024-12-11 14:18:49.770057
INFO:Message received on topic: type-2/5 with payload size: 91 at 2024-12-11 14:18:52.370005 sent 2024-12-11 14:18:52.369029
INFO:Message received on topic: type-2/5 with payload size: 91 at 2024-12-11 14:18:54.961738 sent 2024-12-11 14:18:54.957681
INFO:Message received on topic: type-2/5 with payload size: 91 at 2024-12-11 14:18:57.549890 sent 2024-12-11 14:18:57.543228
INFO:Message received on topic: type-2/5 with payload size: 91 at 2024-12-11 14:19:00.130391 sent 2024-12-11 14:19:00.126020
INFO:Message received on topic: type-2/5 with payload size: 91 at 2024-12-11 14:19:02.732080 sent 2024-12-11 14:19:02.718196
INFO:Message received on topic: type-2/5 with payload size: 91 at 2024-12-11 14:19:05.327051 sent 2024-12-11 14:19:05.322873
INFO:Message received on topic: type-2/5 with payload size: 91 at 2024-12-11 14:19:07.933897 sent 2024-12-11 14:19:07.928033
INFO:Message received on topic: type-2/5 with payload size: 91 at 2024-12-11 14:19:10.535724 sent 2024-12-11 14:19:10.531137
INFO:Message received on topic: type-2/5 with payload size: 91 at 2024-12-11 14:19:13.135117 sent 2024-12-11 14:19:13.131001
INFO:Message received on topic: type-2/5 with payload size: 91 at 2024-12-11 14:19:15.743805 sent 2024-12-11 14:19:15.734579
INFO:Message received on topic: type-2/5 with payload size: 91 at 2024-12-11 14:19:18.344088 sent 2024-12-11 14:19:18.334963
INFO:Message received on topic: type-2/5 with payload size: 91 at 2024-12-11 14:19:20.952120 sent 2024-12-11 14:19:20.936412
INFO:Message received on topic: type-2/5 with payload size: 91 at 2024-12-11 14:19:23.547982 sent 2024-12-11 14:19:23.537795
INFO:Message received on topic: type-2/5 with payload size: 91 at 2024-12-11 14:19:26.147807 sent 2024-12-11 14:19:26.138907
INFO:Message received on topic: type-2/5 with payload size: 91 at 2024-12-11 14:19:28.752665 sent 2024-12-11 14:19:28.743818
INFO:Message received on topic: type-2/5 with payload size: 91 at 2024-12-11 14:19:31.352666 sent 2024-12-11 14:19:31.348231
INFO:Message received on topic: type-2/5 with payload size: 91 at 2024-12-11 14:19:33.962388 sent 2024-12-11 14:19:33.954125
INFO:Message received on topic: type-2/5 with payload size: 91 at 2024-12-11 14:19:36.560400 sent 2024-12-11 14:19:36.559139
INFO:Message received on topic: type-2/5 with payload size: 91 at 2024-12-11 14:19:39.162909 sent 2024-12-11 14:19:39.161504
INFO:Message received on topic: type-2/5 with payload size: 91 at 2024-12-11 14:19:41.764220 sent 2024-12-11 14:19:41.762822
INFO:Message received on topic: type-2/5 with payload size: 91 at 2024-12-11 14:19:44.368271 sent 2024-12-11 14:19:44.366459
INFO:Message received on topic: type-2/5 with payload size: 91 at 2024-12-11 14:19:46.970178 sent 2024-12-11 14:19:46.966886
INFO:Message received on topic: type-2/5 with payload size: 91 at 2024-12-11 14:19:49.576651 sent 2024-12-11 14:19:49.571820
INFO:Message received on topic: type-2/5 with payload size: 91 at 2024-12-11 14:19:52.226850 sent 2024-12-11 14:19:52.177848
