INFO:Starting Version 1.0.5
DEBUG:Using selector: EpollSelector
INFO:Connecting to cluster at: mqtt-quic://emqx-headless.dtwins:14567 using QUIC
INFO:Subscribed to topic: type-2/8
INFO:Logging each: 50
INFO:Unhandled packet type received
INFO:Message received on topic: type-2/8 with payload size: 327 at 2024-12-16 21:58:12.254630 sent 2024-12-16 21:58:12.252861
INFO:Message received on topic: type-2/8 with payload size: 168 at 2024-12-16 21:58:14.864184 sent 2024-12-16 21:58:14.862229
INFO:Message received on topic: type-2/8 with payload size: 254 at 2024-12-16 21:58:17.475259 sent 2024-12-16 21:58:17.473694
INFO:Message received on topic: type-2/8 with payload size: 279 at 2024-12-16 21:58:20.089785 sent 2024-12-16 21:58:20.088048
INFO:Message received on topic: type-2/8 with payload size: 264 at 2024-12-16 21:58:22.704977 sent 2024-12-16 21:58:22.703350
INFO:Message received on topic: type-2/8 with payload size: 166 at 2024-12-16 21:58:25.320582 sent 2024-12-16 21:58:25.319115
INFO:Message received on topic: type-2/8 with payload size: 145 at 2024-12-16 21:58:27.932197 sent 2024-12-16 21:58:27.930680
INFO:Message received on topic: type-2/8 with payload size: 294 at 2024-12-16 21:58:30.541371 sent 2024-12-16 21:58:30.539918
INFO:Message received on topic: type-2/8 with payload size: 297 at 2024-12-16 21:58:33.145800 sent 2024-12-16 21:58:33.143879
INFO:Message received on topic: type-2/8 with payload size: 305 at 2024-12-16 21:58:35.764443 sent 2024-12-16 21:58:35.761659
INFO:Message received on topic: type-2/8 with payload size: 294 at 2024-12-16 21:58:38.376944 sent 2024-12-16 21:58:38.374894
INFO:Message received on topic: type-2/8 with payload size: 131 at 2024-12-16 21:58:40.989431 sent 2024-12-16 21:58:40.987883
INFO:Message received on topic: type-2/8 with payload size: 207 at 2024-12-16 21:58:43.599510 sent 2024-12-16 21:58:43.597857
INFO:Message received on topic: type-2/8 with payload size: 195 at 2024-12-16 21:58:46.214615 sent 2024-12-16 21:58:46.212473
INFO:Message received on topic: type-2/8 with payload size: 236 at 2024-12-16 21:58:48.824950 sent 2024-12-16 21:58:48.823696
INFO:Message received on topic: type-2/8 with payload size: 167 at 2024-12-16 21:58:51.438867 sent 2024-12-16 21:58:51.437088
INFO:Message received on topic: type-2/8 with payload size: 224 at 2024-12-16 21:58:54.054553 sent 2024-12-16 21:58:54.052973
INFO:Message received on topic: type-2/8 with payload size: 292 at 2024-12-16 21:58:56.667265 sent 2024-12-16 21:58:56.665091
INFO:Message received on topic: type-2/8 with payload size: 221 at 2024-12-16 21:58:59.277031 sent 2024-12-16 21:58:59.275338
INFO:Message received on topic: type-2/8 with payload size: 150 at 2024-12-16 21:59:01.889972 sent 2024-12-16 21:59:01.888531
INFO:Message received on topic: type-2/8 with payload size: 273 at 2024-12-16 21:59:04.508088 sent 2024-12-16 21:59:04.505741
INFO:Message received on topic: type-2/8 with payload size: 319 at 2024-12-16 21:59:07.114953 sent 2024-12-16 21:59:07.113041
INFO:Message received on topic: type-2/8 with payload size: 171 at 2024-12-16 21:59:09.726803 sent 2024-12-16 21:59:09.725399
INFO:Message received on topic: type-2/8 with payload size: 286 at 2024-12-16 21:59:12.346058 sent 2024-12-16 21:59:12.344145
INFO:Message received on topic: type-2/8 with payload size: 259 at 2024-12-16 21:59:14.958950 sent 2024-12-16 21:59:14.957398
INFO:Message received on topic: type-2/8 with payload size: 312 at 2024-12-16 21:59:17.568756 sent 2024-12-16 21:59:17.566929
INFO:Message received on topic: type-2/8 with payload size: 133 at 2024-12-16 21:59:20.180022 sent 2024-12-16 21:59:20.178542
INFO:Message received on topic: type-2/8 with payload size: 151 at 2024-12-16 21:59:22.791196 sent 2024-12-16 21:59:22.789870
INFO:Message received on topic: type-2/8 with payload size: 221 at 2024-12-16 21:59:25.401851 sent 2024-12-16 21:59:25.400437
INFO:Message received on topic: type-2/8 with payload size: 165 at 2024-12-16 21:59:28.014588 sent 2024-12-16 21:59:28.012943
INFO:Message received on topic: type-2/8 with payload size: 135 at 2024-12-16 21:59:30.625601 sent 2024-12-16 21:59:30.623890
INFO:Message received on topic: type-2/8 with payload size: 298 at 2024-12-16 21:59:33.240987 sent 2024-12-16 21:59:33.239245
INFO:Message received on topic: type-2/8 with payload size: 281 at 2024-12-16 21:59:35.856527 sent 2024-12-16 21:59:35.854581
INFO:Message received on topic: type-2/8 with payload size: 313 at 2024-12-16 21:59:38.466415 sent 2024-12-16 21:59:38.465217
INFO:Message received on topic: type-2/8 with payload size: 279 at 2024-12-16 21:59:41.082651 sent 2024-12-16 21:59:41.081082
INFO:Message received on topic: type-2/8 with payload size: 188 at 2024-12-16 21:59:43.698777 sent 2024-12-16 21:59:43.696863
INFO:Message received on topic: type-2/8 with payload size: 233 at 2024-12-16 21:59:46.313205 sent 2024-12-16 21:59:46.311501
INFO:Message received on topic: type-2/8 with payload size: 206 at 2024-12-16 21:59:48.928034 sent 2024-12-16 21:59:48.926425
INFO:Message received on topic: type-2/8 with payload size: 259 at 2024-12-16 21:59:51.540999 sent 2024-12-16 21:59:51.539038
INFO:Message received on topic: type-2/8 with payload size: 143 at 2024-12-16 21:59:54.151911 sent 2024-12-16 21:59:54.150227
INFO:Message received on topic: type-2/8 with payload size: 286 at 2024-12-16 21:59:56.766888 sent 2024-12-16 21:59:56.765533
INFO:Message received on topic: type-2/8 with payload size: 257 at 2024-12-16 21:59:59.376700 sent 2024-12-16 21:59:59.375348
INFO:Message received on topic: type-2/8 with payload size: 181 at 2024-12-16 22:00:01.979277 sent 2024-12-16 22:00:01.977881
INFO:Message received on topic: type-2/8 with payload size: 147 at 2024-12-16 22:00:04.583324 sent 2024-12-16 22:00:04.581871
INFO:Message received on topic: type-2/8 with payload size: 306 at 2024-12-16 22:00:07.178293 sent 2024-12-16 22:00:07.176834
INFO:Message received on topic: type-2/8 with payload size: 322 at 2024-12-16 22:00:09.791672 sent 2024-12-16 22:00:09.790058
INFO:Message received on topic: type-2/8 with payload size: 296 at 2024-12-16 22:00:12.403632 sent 2024-12-16 22:00:12.402086
INFO:Message received on topic: type-2/8 with payload size: 259 at 2024-12-16 22:00:15.018692 sent 2024-12-16 22:00:15.016768
INFO:Message received on topic: type-2/8 with payload size: 253 at 2024-12-16 22:00:17.625887 sent 2024-12-16 22:00:17.624101
INFO:Message received on topic: type-2/8 with payload size: 297 at 2024-12-16 22:00:20.238872 sent 2024-12-16 22:00:20.237016
INFO:Message received on topic: type-2/8 with payload size: 176 at 2024-12-16 22:00:22.846496 sent 2024-12-16 22:00:22.845416
INFO:Message received on topic: type-2/8 with payload size: 272 at 2024-12-16 22:00:25.461866 sent 2024-12-16 22:00:25.459616
INFO:Message received on topic: type-2/8 with payload size: 145 at 2024-12-16 22:00:28.072143 sent 2024-12-16 22:00:28.070289
INFO:Message received on topic: type-2/8 with payload size: 253 at 2024-12-16 22:00:30.682593 sent 2024-12-16 22:00:30.680953
INFO:Message received on topic: type-2/8 with payload size: 168 at 2024-12-16 22:00:33.292483 sent 2024-12-16 22:00:33.290851
INFO:Message received on topic: type-2/8 with payload size: 241 at 2024-12-16 22:00:35.898888 sent 2024-12-16 22:00:35.897734
INFO:Message received on topic: type-2/8 with payload size: 263 at 2024-12-16 22:00:38.510506 sent 2024-12-16 22:00:38.508176
INFO:Message received on topic: type-2/8 with payload size: 189 at 2024-12-16 22:00:41.126301 sent 2024-12-16 22:00:41.124507
INFO:Message received on topic: type-2/8 with payload size: 201 at 2024-12-16 22:00:43.741820 sent 2024-12-16 22:00:43.740278
INFO:Message received on topic: type-2/8 with payload size: 277 at 2024-12-16 22:00:46.357487 sent 2024-12-16 22:00:46.355745
INFO:Message received on topic: type-2/8 with payload size: 145 at 2024-12-16 22:00:48.967674 sent 2024-12-16 22:00:48.966037
INFO:Message received on topic: type-2/8 with payload size: 167 at 2024-12-16 22:00:51.582542 sent 2024-12-16 22:00:51.581062
INFO:Message received on topic: type-2/8 with payload size: 231 at 2024-12-16 22:00:54.194353 sent 2024-12-16 22:00:54.192815
INFO:Message received on topic: type-2/8 with payload size: 188 at 2024-12-16 22:00:56.804406 sent 2024-12-16 22:00:56.803012
INFO:Message received on topic: type-2/8 with payload size: 251 at 2024-12-16 22:00:59.414421 sent 2024-12-16 22:00:59.413037
INFO:Message received on topic: type-2/8 with payload size: 222 at 2024-12-16 22:01:02.031177 sent 2024-12-16 22:01:02.029190
INFO:Message received on topic: type-2/8 with payload size: 280 at 2024-12-16 22:01:04.647435 sent 2024-12-16 22:01:04.645669
INFO:Message received on topic: type-2/8 with payload size: 238 at 2024-12-16 22:01:07.259513 sent 2024-12-16 22:01:07.256344
INFO:Message received on topic: type-2/8 with payload size: 272 at 2024-12-16 22:01:09.870523 sent 2024-12-16 22:01:09.868884
INFO:Message received on topic: type-2/8 with payload size: 221 at 2024-12-16 22:01:12.481396 sent 2024-12-16 22:01:12.479330
INFO:Message received on topic: type-2/8 with payload size: 190 at 2024-12-16 22:01:15.102155 sent 2024-12-16 22:01:15.100331
INFO:Message received on topic: type-2/8 with payload size: 208 at 2024-12-16 22:01:17.711833 sent 2024-12-16 22:01:17.710155
INFO:Message received on topic: type-2/8 with payload size: 307 at 2024-12-16 22:01:20.321286 sent 2024-12-16 22:01:20.319685
INFO:Message received on topic: type-2/8 with payload size: 289 at 2024-12-16 22:01:22.932601 sent 2024-12-16 22:01:22.931045
INFO:Message received on topic: type-2/8 with payload size: 239 at 2024-12-16 22:01:25.549931 sent 2024-12-16 22:01:25.548081
INFO:Message received on topic: type-2/8 with payload size: 255 at 2024-12-16 22:01:28.159994 sent 2024-12-16 22:01:28.158542
INFO:Message received on topic: type-2/8 with payload size: 170 at 2024-12-16 22:01:30.778834 sent 2024-12-16 22:01:30.777389
INFO:Message received on topic: type-2/8 with payload size: 165 at 2024-12-16 22:01:33.376263 sent 2024-12-16 22:01:33.374752
INFO:Message received on topic: type-2/8 with payload size: 325 at 2024-12-16 22:01:35.973079 sent 2024-12-16 22:01:35.971951
INFO:Message received on topic: type-2/8 with payload size: 174 at 2024-12-16 22:01:38.568370 sent 2024-12-16 22:01:38.566800
INFO:Message received on topic: type-2/8 with payload size: 149 at 2024-12-16 22:01:41.165120 sent 2024-12-16 22:01:41.163777
INFO:Message received on topic: type-2/8 with payload size: 318 at 2024-12-16 22:01:43.760331 sent 2024-12-16 22:01:43.758854
INFO:Message received on topic: type-2/8 with payload size: 169 at 2024-12-16 22:01:46.355974 sent 2024-12-16 22:01:46.354351
INFO:Message received on topic: type-2/8 with payload size: 142 at 2024-12-16 22:01:48.954025 sent 2024-12-16 22:01:48.952637
INFO:Message received on topic: type-2/8 with payload size: 310 at 2024-12-16 22:01:51.561581 sent 2024-12-16 22:01:51.559833
INFO:Message received on topic: type-2/8 with payload size: 143 at 2024-12-16 22:01:54.170002 sent 2024-12-16 22:01:54.168567
INFO:Message received on topic: type-2/8 with payload size: 247 at 2024-12-16 22:01:56.784745 sent 2024-12-16 22:01:56.782556
INFO:Message received on topic: type-2/8 with payload size: 299 at 2024-12-16 22:01:59.395248 sent 2024-12-16 22:01:59.393760
INFO:Message received on topic: type-2/8 with payload size: 238 at 2024-12-16 22:02:02.002093 sent 2024-12-16 22:02:02.000520
INFO:Message received on topic: type-2/8 with payload size: 163 at 2024-12-16 22:02:04.607009 sent 2024-12-16 22:02:04.605531
INFO:Message received on topic: type-2/8 with payload size: 244 at 2024-12-16 22:02:07.212413 sent 2024-12-16 22:02:07.210994
INFO:Message received on topic: type-2/8 with payload size: 212 at 2024-12-16 22:02:09.825166 sent 2024-12-16 22:02:09.823505
INFO:Message received on topic: type-2/8 with payload size: 219 at 2024-12-16 22:02:12.436241 sent 2024-12-16 22:02:12.434742
INFO:Message received on topic: type-2/8 with payload size: 155 at 2024-12-16 22:02:15.049738 sent 2024-12-16 22:02:15.048217
INFO:Message received on topic: type-2/8 with payload size: 184 at 2024-12-16 22:02:17.654821 sent 2024-12-16 22:02:17.652330
INFO:Message received on topic: type-2/8 with payload size: 197 at 2024-12-16 22:02:20.262312 sent 2024-12-16 22:02:20.260412
INFO:Message received on topic: type-2/8 with payload size: 271 at 2024-12-16 22:02:22.876645 sent 2024-12-16 22:02:22.874954
INFO:Message received on topic: type-2/8 with payload size: 225 at 2024-12-16 22:02:25.491958 sent 2024-12-16 22:02:25.490593
INFO:Message received on topic: type-2/8 with payload size: 233 at 2024-12-16 22:02:28.103377 sent 2024-12-16 22:02:28.101691
INFO:Message received on topic: type-2/8 with payload size: 184 at 2024-12-16 22:02:30.711731 sent 2024-12-16 22:02:30.710075
INFO:Message received on topic: type-2/8 with payload size: 195 at 2024-12-16 22:02:33.322432 sent 2024-12-16 22:02:33.320936
INFO:Message received on topic: type-2/8 with payload size: 273 at 2024-12-16 22:02:35.932538 sent 2024-12-16 22:02:35.930814
INFO:Message received on topic: type-2/8 with payload size: 185 at 2024-12-16 22:02:38.540889 sent 2024-12-16 22:02:38.539149
INFO:Message received on topic: type-2/8 with payload size: 266 at 2024-12-16 22:02:41.159166 sent 2024-12-16 22:02:41.157610
INFO:Message received on topic: type-2/8 with payload size: 172 at 2024-12-16 22:02:43.774337 sent 2024-12-16 22:02:43.772762
INFO:Message received on topic: type-2/8 with payload size: 294 at 2024-12-16 22:02:46.384416 sent 2024-12-16 22:02:46.382327
INFO:Message received on topic: type-2/8 with payload size: 323 at 2024-12-16 22:02:48.991764 sent 2024-12-16 22:02:48.989926
INFO:Message received on topic: type-2/8 with payload size: 300 at 2024-12-16 22:02:51.602608 sent 2024-12-16 22:02:51.600782
INFO:Message received on topic: type-2/8 with payload size: 318 at 2024-12-16 22:02:54.214046 sent 2024-12-16 22:02:54.212186
INFO:Message received on topic: type-2/8 with payload size: 233 at 2024-12-16 22:02:56.821653 sent 2024-12-16 22:02:56.820559
INFO:Message received on topic: type-2/8 with payload size: 242 at 2024-12-16 22:02:59.430580 sent 2024-12-16 22:02:59.427654
INFO:Message received on topic: type-2/8 with payload size: 304 at 2024-12-16 22:03:02.040925 sent 2024-12-16 22:03:02.039040
INFO:Message received on topic: type-2/8 with payload size: 228 at 2024-12-16 22:03:04.652208 sent 2024-12-16 22:03:04.650706
INFO:Message received on topic: type-2/8 with payload size: 244 at 2024-12-16 22:03:07.264371 sent 2024-12-16 22:03:07.262509
INFO:Message received on topic: type-2/8 with payload size: 207 at 2024-12-16 22:03:09.875192 sent 2024-12-16 22:03:09.872907
INFO:Message received on topic: type-2/8 with payload size: 187 at 2024-12-16 22:03:12.485940 sent 2024-12-16 22:03:12.483394
INFO:Message received on topic: type-2/8 with payload size: 152 at 2024-12-16 22:03:15.097176 sent 2024-12-16 22:03:15.095316
INFO:Message received on topic: type-2/8 with payload size: 192 at 2024-12-16 22:03:17.712978 sent 2024-12-16 22:03:17.711296
INFO:Message received on topic: type-2/8 with payload size: 229 at 2024-12-16 22:03:20.322121 sent 2024-12-16 22:03:20.319968
INFO:Message received on topic: type-2/8 with payload size: 248 at 2024-12-16 22:03:22.943932 sent 2024-12-16 22:03:22.941892
INFO:Message received on topic: type-2/8 with payload size: 178 at 2024-12-16 22:03:25.554932 sent 2024-12-16 22:03:25.553239
INFO:Message received on topic: type-2/8 with payload size: 243 at 2024-12-16 22:03:28.162078 sent 2024-12-16 22:03:28.160248
INFO:Message received on topic: type-2/8 with payload size: 294 at 2024-12-16 22:03:30.770135 sent 2024-12-16 22:03:30.767983
INFO:Message received on topic: type-2/8 with payload size: 307 at 2024-12-16 22:03:33.378320 sent 2024-12-16 22:03:33.375721
INFO:Message received on topic: type-2/8 with payload size: 233 at 2024-12-16 22:03:35.993311 sent 2024-12-16 22:03:35.991967
INFO:Message received on topic: type-2/8 with payload size: 295 at 2024-12-16 22:03:38.604919 sent 2024-12-16 22:03:38.603086
INFO:Message received on topic: type-2/8 with payload size: 172 at 2024-12-16 22:03:41.215429 sent 2024-12-16 22:03:41.214132
INFO:Message received on topic: type-2/8 with payload size: 249 at 2024-12-16 22:03:43.833285 sent 2024-12-16 22:03:43.831778
INFO:Message received on topic: type-2/8 with payload size: 217 at 2024-12-16 22:03:46.441831 sent 2024-12-16 22:03:46.440031
INFO:Message received on topic: type-2/8 with payload size: 131 at 2024-12-16 22:03:49.054775 sent 2024-12-16 22:03:49.053692
INFO:Message received on topic: type-2/8 with payload size: 176 at 2024-12-16 22:03:51.652281 sent 2024-12-16 22:03:51.650925
INFO:Message received on topic: type-2/8 with payload size: 201 at 2024-12-16 22:03:54.248842 sent 2024-12-16 22:03:54.246975
INFO:Message received on topic: type-2/8 with payload size: 244 at 2024-12-16 22:03:56.845199 sent 2024-12-16 22:03:56.843814
INFO:Message received on topic: type-2/8 with payload size: 317 at 2024-12-16 22:03:59.441949 sent 2024-12-16 22:03:59.440270
INFO:Message received on topic: type-2/8 with payload size: 181 at 2024-12-16 22:04:02.042020 sent 2024-12-16 22:04:02.040420
INFO:Message received on topic: type-2/8 with payload size: 300 at 2024-12-16 22:04:04.644550 sent 2024-12-16 22:04:04.642656
INFO:Message received on topic: type-2/8 with payload size: 231 at 2024-12-16 22:04:07.254015 sent 2024-12-16 22:04:07.251810
INFO:Message received on topic: type-2/8 with payload size: 154 at 2024-12-16 22:04:09.866316 sent 2024-12-16 22:04:09.864592
INFO:Message received on topic: type-2/8 with payload size: 280 at 2024-12-16 22:04:12.481307 sent 2024-12-16 22:04:12.479378
INFO:Message received on topic: type-2/8 with payload size: 287 at 2024-12-16 22:04:15.107034 sent 2024-12-16 22:04:15.104021
INFO:Message received on topic: type-2/8 with payload size: 178 at 2024-12-16 22:04:17.721121 sent 2024-12-16 22:04:17.719034
INFO:Message received on topic: type-2/8 with payload size: 307 at 2024-12-16 22:04:20.329329 sent 2024-12-16 22:04:20.327857
INFO:Message received on topic: type-2/8 with payload size: 156 at 2024-12-16 22:04:22.943339 sent 2024-12-16 22:04:22.941938
INFO:Message received on topic: type-2/8 with payload size: 232 at 2024-12-16 22:04:25.555246 sent 2024-12-16 22:04:25.553017
INFO:Message received on topic: type-2/8 with payload size: 306 at 2024-12-16 22:04:28.167572 sent 2024-12-16 22:04:28.166028
INFO:Message received on topic: type-2/8 with payload size: 271 at 2024-12-16 22:04:30.772604 sent 2024-12-16 22:04:30.770695
INFO:Message received on topic: type-2/8 with payload size: 178 at 2024-12-16 22:04:33.379952 sent 2024-12-16 22:04:33.378105
INFO:Message received on topic: type-2/8 with payload size: 216 at 2024-12-16 22:04:35.990809 sent 2024-12-16 22:04:35.989653
INFO:Message received on topic: type-2/8 with payload size: 181 at 2024-12-16 22:04:38.597055 sent 2024-12-16 22:04:38.595381
INFO:Message received on topic: type-2/8 with payload size: 168 at 2024-12-16 22:04:41.198190 sent 2024-12-16 22:04:41.196841
INFO:Message received on topic: type-2/8 with payload size: 194 at 2024-12-16 22:04:43.810601 sent 2024-12-16 22:04:43.808931
INFO:Message received on topic: type-2/8 with payload size: 259 at 2024-12-16 22:04:46.423026 sent 2024-12-16 22:04:46.421659
INFO:Message received on topic: type-2/8 with payload size: 221 at 2024-12-16 22:04:49.032057 sent 2024-12-16 22:04:49.030364
INFO:Message received on topic: type-2/8 with payload size: 240 at 2024-12-16 22:04:51.643504 sent 2024-12-16 22:04:51.642023
INFO:Message received on topic: type-2/8 with payload size: 234 at 2024-12-16 22:04:54.253949 sent 2024-12-16 22:04:54.252539
INFO:Message received on topic: type-2/8 with payload size: 233 at 2024-12-16 22:04:56.871354 sent 2024-12-16 22:04:56.869747
INFO:Message received on topic: type-2/8 with payload size: 264 at 2024-12-16 22:04:59.481097 sent 2024-12-16 22:04:59.479610
INFO:Message received on topic: type-2/8 with payload size: 239 at 2024-12-16 22:05:02.089948 sent 2024-12-16 22:05:02.087210
INFO:Message received on topic: type-2/8 with payload size: 173 at 2024-12-16 22:05:04.700188 sent 2024-12-16 22:05:04.698703
INFO:Message received on topic: type-2/8 with payload size: 307 at 2024-12-16 22:05:07.311238 sent 2024-12-16 22:05:07.309276
INFO:Message received on topic: type-2/8 with payload size: 210 at 2024-12-16 22:05:09.921184 sent 2024-12-16 22:05:09.918908
INFO:Message received on topic: type-2/8 with payload size: 234 at 2024-12-16 22:05:12.530529 sent 2024-12-16 22:05:12.528345
INFO:Message received on topic: type-2/8 with payload size: 300 at 2024-12-16 22:05:15.140051 sent 2024-12-16 22:05:15.138587
INFO:Message received on topic: type-2/8 with payload size: 322 at 2024-12-16 22:05:17.752905 sent 2024-12-16 22:05:17.749196
INFO:Message received on topic: type-2/8 with payload size: 289 at 2024-12-16 22:05:20.363672 sent 2024-12-16 22:05:20.360900
INFO:Message received on topic: type-2/8 with payload size: 225 at 2024-12-16 22:05:22.975828 sent 2024-12-16 22:05:22.974194
INFO:Message received on topic: type-2/8 with payload size: 263 at 2024-12-16 22:05:25.583290 sent 2024-12-16 22:05:25.581286
INFO:Message received on topic: type-2/8 with payload size: 129 at 2024-12-16 22:05:28.195725 sent 2024-12-16 22:05:28.194322
INFO:Message received on topic: type-2/8 with payload size: 286 at 2024-12-16 22:05:30.796275 sent 2024-12-16 22:05:30.794353
INFO:Message received on topic: type-2/8 with payload size: 222 at 2024-12-16 22:05:33.405861 sent 2024-12-16 22:05:33.403963
INFO:Message received on topic: type-2/8 with payload size: 180 at 2024-12-16 22:05:36.017339 sent 2024-12-16 22:05:36.016308
INFO:Message received on topic: type-2/8 with payload size: 142 at 2024-12-16 22:05:38.628049 sent 2024-12-16 22:05:38.626748
INFO:Message received on topic: type-2/8 with payload size: 136 at 2024-12-16 22:05:41.239792 sent 2024-12-16 22:05:41.237923
INFO:Message received on topic: type-2/8 with payload size: 239 at 2024-12-16 22:05:43.863173 sent 2024-12-16 22:05:43.861700
INFO:Message received on topic: type-2/8 with payload size: 297 at 2024-12-16 22:05:46.463754 sent 2024-12-16 22:05:46.462130
INFO:Message received on topic: type-2/8 with payload size: 204 at 2024-12-16 22:05:49.068027 sent 2024-12-16 22:05:49.066838
INFO:Message received on topic: type-2/8 with payload size: 185 at 2024-12-16 22:05:51.678775 sent 2024-12-16 22:05:51.676859
INFO:Message received on topic: type-2/8 with payload size: 179 at 2024-12-16 22:05:54.289686 sent 2024-12-16 22:05:54.288387
INFO:Message received on topic: type-2/8 with payload size: 243 at 2024-12-16 22:05:56.901064 sent 2024-12-16 22:05:56.899049
INFO:Message received on topic: type-2/8 with payload size: 181 at 2024-12-16 22:05:59.510690 sent 2024-12-16 22:05:59.508631
INFO:Message received on topic: type-2/8 with payload size: 136 at 2024-12-16 22:06:02.116511 sent 2024-12-16 22:06:02.114559
INFO:Message received on topic: type-2/8 with payload size: 317 at 2024-12-16 22:06:04.727922 sent 2024-12-16 22:06:04.725609
INFO:Message received on topic: type-2/8 with payload size: 292 at 2024-12-16 22:06:07.341239 sent 2024-12-16 22:06:07.338776
INFO:Message received on topic: type-2/8 with payload size: 220 at 2024-12-16 22:06:09.949758 sent 2024-12-16 22:06:09.948056
INFO:Message received on topic: type-2/8 with payload size: 203 at 2024-12-16 22:06:12.562386 sent 2024-12-16 22:06:12.560901
INFO:Message received on topic: type-2/8 with payload size: 318 at 2024-12-16 22:06:15.170769 sent 2024-12-16 22:06:15.169015
INFO:Message received on topic: type-2/8 with payload size: 173 at 2024-12-16 22:06:17.782527 sent 2024-12-16 22:06:17.781160
INFO:Message received on topic: type-2/8 with payload size: 185 at 2024-12-16 22:06:20.390367 sent 2024-12-16 22:06:20.388650
INFO:Message received on topic: type-2/8 with payload size: 185 at 2024-12-16 22:06:23.004375 sent 2024-12-16 22:06:23.003129
INFO:Message received on topic: type-2/8 with payload size: 218 at 2024-12-16 22:06:25.619415 sent 2024-12-16 22:06:25.617394
INFO:Message received on topic: type-2/8 with payload size: 233 at 2024-12-16 22:06:28.231766 sent 2024-12-16 22:06:28.230321
INFO:Message received on topic: type-2/8 with payload size: 221 at 2024-12-16 22:06:30.841943 sent 2024-12-16 22:06:30.840450
INFO:Message received on topic: type-2/8 with payload size: 202 at 2024-12-16 22:06:33.453147 sent 2024-12-16 22:06:33.450862
INFO:Message received on topic: type-2/8 with payload size: 151 at 2024-12-16 22:06:36.071318 sent 2024-12-16 22:06:36.070582
INFO:Message received on topic: type-2/8 with payload size: 140 at 2024-12-16 22:06:38.691274 sent 2024-12-16 22:06:38.689000
INFO:Message received on topic: type-2/8 with payload size: 198 at 2024-12-16 22:06:41.309548 sent 2024-12-16 22:06:41.307815
