INFO:Starting Version 1.0.5
DEBUG:Using selector: EpollSelector
INFO:Connecting to cluster at: mqtt-quic://emqx-headless.dtwins:14567 using QUIC
INFO:Subscribed to topic: type-2/6
INFO:Logging each: 50
INFO:Unhandled packet type received
INFO:Message received on topic: type-2/6 with payload size: 91 at 2024-12-11 12:58:45.642810 sent 2024-12-11 12:58:45.641576
INFO:Message received on topic: type-2/6 with payload size: 91 at 2024-12-11 12:58:48.237965 sent 2024-12-11 12:58:48.236768
INFO:Message received on topic: type-2/6 with payload size: 91 at 2024-12-11 12:58:50.837409 sent 2024-12-11 12:58:50.836024
INFO:Message received on topic: type-2/6 with payload size: 91 at 2024-12-11 12:58:53.438156 sent 2024-12-11 12:58:53.436559
INFO:Message received on topic: type-2/6 with payload size: 91 at 2024-12-11 12:58:56.048070 sent 2024-12-11 12:58:56.046601
INFO:Message received on topic: type-2/6 with payload size: 91 at 2024-12-11 12:58:58.650779 sent 2024-12-11 12:58:58.649481
INFO:Message received on topic: type-2/6 with payload size: 91 at 2024-12-11 12:59:01.254835 sent 2024-12-11 12:59:01.253070
INFO:Message received on topic: type-2/6 with payload size: 91 at 2024-12-11 12:59:03.857743 sent 2024-12-11 12:59:03.856162
INFO:Message received on topic: type-2/6 with payload size: 91 at 2024-12-11 12:59:06.461166 sent 2024-12-11 12:59:06.459628
INFO:Message received on topic: type-2/6 with payload size: 91 at 2024-12-11 12:59:09.060856 sent 2024-12-11 12:59:09.059425
INFO:Message received on topic: type-2/6 with payload size: 91 at 2024-12-11 12:59:11.662004 sent 2024-12-11 12:59:11.660648
INFO:Message received on topic: type-2/6 with payload size: 91 at 2024-12-11 12:59:14.259708 sent 2024-12-11 12:59:14.258181
INFO:Message received on topic: type-2/6 with payload size: 91 at 2024-12-11 12:59:16.859961 sent 2024-12-11 12:59:16.858666
INFO:Message received on topic: type-2/6 with payload size: 91 at 2024-12-11 12:59:19.456006 sent 2024-12-11 12:59:19.454437
INFO:Message received on topic: type-2/6 with payload size: 91 at 2024-12-11 12:59:22.056057 sent 2024-12-11 12:59:22.054543
INFO:Message received on topic: type-2/6 with payload size: 91 at 2024-12-11 12:59:24.654740 sent 2024-12-11 12:59:24.653294
INFO:Message received on topic: type-2/6 with payload size: 91 at 2024-12-11 12:59:27.255249 sent 2024-12-11 12:59:27.253575
INFO:Message received on topic: type-2/6 with payload size: 91 at 2024-12-11 12:59:29.853575 sent 2024-12-11 12:59:29.852145
INFO:Message received on topic: type-2/6 with payload size: 91 at 2024-12-11 12:59:32.448671 sent 2024-12-11 12:59:32.447290
INFO:Message received on topic: type-2/6 with payload size: 91 at 2024-12-11 12:59:35.046999 sent 2024-12-11 12:59:35.045744
INFO:Message received on topic: type-2/6 with payload size: 91 at 2024-12-11 12:59:37.645973 sent 2024-12-11 12:59:37.644633
INFO:Message received on topic: type-2/6 with payload size: 91 at 2024-12-11 12:59:40.250100 sent 2024-12-11 12:59:40.248537
INFO:Message received on topic: type-2/6 with payload size: 91 at 2024-12-11 12:59:42.851703 sent 2024-12-11 12:59:42.850150
INFO:Message received on topic: type-2/6 with payload size: 91 at 2024-12-11 12:59:45.455231 sent 2024-12-11 12:59:45.453905
INFO:Message received on topic: type-2/6 with payload size: 91 at 2024-12-11 12:59:48.054930 sent 2024-12-11 12:59:48.053618
INFO:Message received on topic: type-2/6 with payload size: 91 at 2024-12-11 12:59:50.654300 sent 2024-12-11 12:59:50.652824
INFO:Message received on topic: type-2/6 with payload size: 91 at 2024-12-11 12:59:53.251050 sent 2024-12-11 12:59:53.249696
INFO:Message received on topic: type-2/6 with payload size: 91 at 2024-12-11 12:59:55.849451 sent 2024-12-11 12:59:55.847969
INFO:Message received on topic: type-2/6 with payload size: 91 at 2024-12-11 12:59:58.446313 sent 2024-12-11 12:59:58.444936
INFO:Message received on topic: type-2/6 with payload size: 91 at 2024-12-11 13:00:01.047449 sent 2024-12-11 13:00:01.046183
INFO:Message received on topic: type-2/6 with payload size: 91 at 2024-12-11 13:00:03.644532 sent 2024-12-11 13:00:03.643191
INFO:Message received on topic: type-2/6 with payload size: 91 at 2024-12-11 13:00:06.241929 sent 2024-12-11 13:00:06.240820
INFO:Message received on topic: type-2/6 with payload size: 91 at 2024-12-11 13:00:08.842164 sent 2024-12-11 13:00:08.840664
INFO:Message received on topic: type-2/6 with payload size: 91 at 2024-12-11 13:00:11.443065 sent 2024-12-11 13:00:11.441678
INFO:Message received on topic: type-2/6 with payload size: 91 at 2024-12-11 13:00:14.044577 sent 2024-12-11 13:00:14.043166
INFO:Message received on topic: type-2/6 with payload size: 91 at 2024-12-11 13:00:16.648793 sent 2024-12-11 13:00:16.647297
INFO:Message received on topic: type-2/6 with payload size: 91 at 2024-12-11 13:00:19.251156 sent 2024-12-11 13:00:19.249700
INFO:Message received on topic: type-2/6 with payload size: 91 at 2024-12-11 13:00:21.854202 sent 2024-12-11 13:00:21.852882
INFO:Message received on topic: type-2/6 with payload size: 91 at 2024-12-11 13:00:24.455112 sent 2024-12-11 13:00:24.453491
INFO:Message received on topic: type-2/6 with payload size: 91 at 2024-12-11 13:00:27.055250 sent 2024-12-11 13:00:27.053846
INFO:Message received on topic: type-2/6 with payload size: 91 at 2024-12-11 13:00:29.653851 sent 2024-12-11 13:00:29.652554
INFO:Message received on topic: type-2/6 with payload size: 91 at 2024-12-11 13:00:32.255518 sent 2024-12-11 13:00:32.254267
INFO:Message received on topic: type-2/6 with payload size: 91 at 2024-12-11 13:00:34.854042 sent 2024-12-11 13:00:34.852791
INFO:Message received on topic: type-2/6 with payload size: 91 at 2024-12-11 13:00:37.452841 sent 2024-12-11 13:00:37.450961
INFO:Message received on topic: type-2/6 with payload size: 91 at 2024-12-11 13:00:40.050219 sent 2024-12-11 13:00:40.048917
INFO:Message received on topic: type-2/6 with payload size: 91 at 2024-12-11 13:00:42.647263 sent 2024-12-11 13:00:42.645999
INFO:Message received on topic: type-2/6 with payload size: 91 at 2024-12-11 13:00:45.244095 sent 2024-12-11 13:00:45.242844
INFO:Message received on topic: type-2/6 with payload size: 91 at 2024-12-11 13:00:47.841233 sent 2024-12-11 13:00:47.839832
INFO:Message received on topic: type-2/6 with payload size: 91 at 2024-12-11 13:00:50.437890 sent 2024-12-11 13:00:50.436620
INFO:Message received on topic: type-2/6 with payload size: 91 at 2024-12-11 13:00:53.039839 sent 2024-12-11 13:00:53.038481
INFO:Message received on topic: type-2/6 with payload size: 91 at 2024-12-11 13:00:55.643893 sent 2024-12-11 13:00:55.642536
INFO:Message received on topic: type-2/6 with payload size: 91 at 2024-12-11 13:00:58.246167 sent 2024-12-11 13:00:58.244832
INFO:Message received on topic: type-2/6 with payload size: 91 at 2024-12-11 13:01:00.847628 sent 2024-12-11 13:01:00.846248
INFO:Message received on topic: type-2/6 with payload size: 91 at 2024-12-11 13:01:03.448873 sent 2024-12-11 13:01:03.447398
INFO:Message received on topic: type-2/6 with payload size: 91 at 2024-12-11 13:01:06.050810 sent 2024-12-11 13:01:06.049381
INFO:Message received on topic: type-2/6 with payload size: 91 at 2024-12-11 13:01:08.653735 sent 2024-12-11 13:01:08.652171
INFO:Message received on topic: type-2/6 with payload size: 91 at 2024-12-11 13:01:11.256111 sent 2024-12-11 13:01:11.254463
INFO:Message received on topic: type-2/6 with payload size: 91 at 2024-12-11 13:01:13.859120 sent 2024-12-11 13:01:13.857532
INFO:Message received on topic: type-2/6 with payload size: 91 at 2024-12-11 13:01:16.467138 sent 2024-12-11 13:01:16.465137
INFO:Message received on topic: type-2/6 with payload size: 91 at 2024-12-11 13:01:19.072003 sent 2024-12-11 13:01:19.070643
INFO:Message received on topic: type-2/6 with payload size: 91 at 2024-12-11 13:01:21.673694 sent 2024-12-11 13:01:21.672245
INFO:Message received on topic: type-2/6 with payload size: 91 at 2024-12-11 13:01:24.277014 sent 2024-12-11 13:01:24.275479
INFO:Message received on topic: type-2/6 with payload size: 91 at 2024-12-11 13:01:26.882107 sent 2024-12-11 13:01:26.880644
INFO:Message received on topic: type-2/6 with payload size: 91 at 2024-12-11 13:01:29.488283 sent 2024-12-11 13:01:29.486698
INFO:Message received on topic: type-2/6 with payload size: 91 at 2024-12-11 13:01:32.092459 sent 2024-12-11 13:01:32.090890
INFO:Message received on topic: type-2/6 with payload size: 91 at 2024-12-11 13:01:34.696201 sent 2024-12-11 13:01:34.694314
INFO:Message received on topic: type-2/6 with payload size: 91 at 2024-12-11 13:01:37.302586 sent 2024-12-11 13:01:37.300942
INFO:Message received on topic: type-2/6 with payload size: 91 at 2024-12-11 13:01:39.906798 sent 2024-12-11 13:01:39.905244
INFO:Message received on topic: type-2/6 with payload size: 91 at 2024-12-11 13:01:42.511868 sent 2024-12-11 13:01:42.510271
INFO:Message received on topic: type-2/6 with payload size: 91 at 2024-12-11 13:01:45.115410 sent 2024-12-11 13:01:45.113960
INFO:Message received on topic: type-2/6 with payload size: 91 at 2024-12-11 13:01:47.719348 sent 2024-12-11 13:01:47.718008
INFO:Message received on topic: type-2/6 with payload size: 91 at 2024-12-11 13:01:50.321521 sent 2024-12-11 13:01:50.320020
INFO:Message received on topic: type-2/6 with payload size: 91 at 2024-12-11 13:01:52.920287 sent 2024-12-11 13:01:52.918785
INFO:Message received on topic: type-2/6 with payload size: 91 at 2024-12-11 13:01:55.521066 sent 2024-12-11 13:01:55.519671
INFO:Message received on topic: type-2/6 with payload size: 91 at 2024-12-11 13:01:58.121917 sent 2024-12-11 13:01:58.120391
INFO:Message received on topic: type-2/6 with payload size: 91 at 2024-12-11 13:02:00.720791 sent 2024-12-11 13:02:00.719441
INFO:Message received on topic: type-2/6 with payload size: 91 at 2024-12-11 13:02:03.317051 sent 2024-12-11 13:02:03.315832
INFO:Message received on topic: type-2/6 with payload size: 91 at 2024-12-11 13:02:05.917006 sent 2024-12-11 13:02:05.915786
INFO:Message received on topic: type-2/6 with payload size: 91 at 2024-12-11 13:02:08.517143 sent 2024-12-11 13:02:08.515560
INFO:Message received on topic: type-2/6 with payload size: 91 at 2024-12-11 13:02:11.111544 sent 2024-12-11 13:02:11.109909
INFO:Message received on topic: type-2/6 with payload size: 91 at 2024-12-11 13:02:13.709966 sent 2024-12-11 13:02:13.708262
INFO:Message received on topic: type-2/6 with payload size: 91 at 2024-12-11 13:02:16.312907 sent 2024-12-11 13:02:16.311213
INFO:Message received on topic: type-2/6 with payload size: 91 at 2024-12-11 13:02:18.914214 sent 2024-12-11 13:02:18.912879
INFO:Message received on topic: type-2/6 with payload size: 91 at 2024-12-11 13:02:21.517319 sent 2024-12-11 13:02:21.516022
INFO:Message received on topic: type-2/6 with payload size: 91 at 2024-12-11 13:02:24.118977 sent 2024-12-11 13:02:24.117593
INFO:Message received on topic: type-2/6 with payload size: 91 at 2024-12-11 13:02:26.725519 sent 2024-12-11 13:02:26.723438
INFO:Message received on topic: type-2/6 with payload size: 91 at 2024-12-11 13:02:29.331851 sent 2024-12-11 13:02:29.330100
INFO:Message received on topic: type-2/6 with payload size: 91 at 2024-12-11 13:02:31.936049 sent 2024-12-11 13:02:31.934654
INFO:Message received on topic: type-2/6 with payload size: 91 at 2024-12-11 13:02:34.538964 sent 2024-12-11 13:02:34.537587
INFO:Message received on topic: type-2/6 with payload size: 91 at 2024-12-11 13:02:37.140012 sent 2024-12-11 13:02:37.138395
INFO:Message received on topic: type-2/6 with payload size: 91 at 2024-12-11 13:02:39.745126 sent 2024-12-11 13:02:39.743679
INFO:Message received on topic: type-2/6 with payload size: 91 at 2024-12-11 13:02:42.348026 sent 2024-12-11 13:02:42.346534
INFO:Message received on topic: type-2/6 with payload size: 91 at 2024-12-11 13:02:44.951073 sent 2024-12-11 13:02:44.949632
INFO:Message received on topic: type-2/6 with payload size: 91 at 2024-12-11 13:02:47.553677 sent 2024-12-11 13:02:47.552161
INFO:Message received on topic: type-2/6 with payload size: 91 at 2024-12-11 13:02:50.150943 sent 2024-12-11 13:02:50.149507
INFO:Message received on topic: type-2/6 with payload size: 91 at 2024-12-11 13:02:52.751481 sent 2024-12-11 13:02:52.749554
INFO:Message received on topic: type-2/6 with payload size: 91 at 2024-12-11 13:02:55.352411 sent 2024-12-11 13:02:55.350901
INFO:Message received on topic: type-2/6 with payload size: 91 at 2024-12-11 13:02:57.956786 sent 2024-12-11 13:02:57.955109
INFO:Message received on topic: type-2/6 with payload size: 91 at 2024-12-11 13:03:00.563479 sent 2024-12-11 13:03:00.561934
INFO:Message received on topic: type-2/6 with payload size: 91 at 2024-12-11 13:03:03.165975 sent 2024-12-11 13:03:03.164489
INFO:Message received on topic: type-2/6 with payload size: 91 at 2024-12-11 13:03:05.769604 sent 2024-12-11 13:03:05.767869
INFO:Message received on topic: type-2/6 with payload size: 91 at 2024-12-11 13:03:08.375548 sent 2024-12-11 13:03:08.373843
INFO:Message received on topic: type-2/6 with payload size: 91 at 2024-12-11 13:03:10.976838 sent 2024-12-11 13:03:10.974495
INFO:Message received on topic: type-2/6 with payload size: 91 at 2024-12-11 13:03:13.575938 sent 2024-12-11 13:03:13.574460
INFO:Message received on topic: type-2/6 with payload size: 91 at 2024-12-11 13:03:16.178146 sent 2024-12-11 13:03:16.176646
INFO:Message received on topic: type-2/6 with payload size: 91 at 2024-12-11 13:03:18.781107 sent 2024-12-11 13:03:18.779625
INFO:Message received on topic: type-2/6 with payload size: 91 at 2024-12-11 13:03:21.382056 sent 2024-12-11 13:03:21.379952
INFO:Message received on topic: type-2/6 with payload size: 91 at 2024-12-11 13:03:23.982101 sent 2024-12-11 13:03:23.980720
INFO:Message received on topic: type-2/6 with payload size: 91 at 2024-12-11 13:03:26.583102 sent 2024-12-11 13:03:26.581652
INFO:Message received on topic: type-2/6 with payload size: 91 at 2024-12-11 13:03:29.187670 sent 2024-12-11 13:03:29.185682
INFO:Message received on topic: type-2/6 with payload size: 91 at 2024-12-11 13:03:31.790871 sent 2024-12-11 13:03:31.789488
INFO:Message received on topic: type-2/6 with payload size: 91 at 2024-12-11 13:03:34.395852 sent 2024-12-11 13:03:34.394468
INFO:Message received on topic: type-2/6 with payload size: 91 at 2024-12-11 13:03:37.000208 sent 2024-12-11 13:03:36.998605
INFO:Message received on topic: type-2/6 with payload size: 91 at 2024-12-11 13:03:39.602260 sent 2024-12-11 13:03:39.600847
INFO:Message received on topic: type-2/6 with payload size: 91 at 2024-12-11 13:03:42.204533 sent 2024-12-11 13:03:42.203061
INFO:Message received on topic: type-2/6 with payload size: 91 at 2024-12-11 13:03:44.811402 sent 2024-12-11 13:03:44.809877
INFO:Message received on topic: type-2/6 with payload size: 91 at 2024-12-11 13:03:47.412761 sent 2024-12-11 13:03:47.411320
INFO:Message received on topic: type-2/6 with payload size: 91 at 2024-12-11 13:03:50.016063 sent 2024-12-11 13:03:50.014688
INFO:Message received on topic: type-2/6 with payload size: 91 at 2024-12-11 13:03:52.622868 sent 2024-12-11 13:03:52.621509
INFO:Message received on topic: type-2/6 with payload size: 91 at 2024-12-11 13:03:55.231268 sent 2024-12-11 13:03:55.228126
INFO:Message received on topic: type-2/6 with payload size: 91 at 2024-12-11 13:03:57.828702 sent 2024-12-11 13:03:57.827216
INFO:Message received on topic: type-2/6 with payload size: 91 at 2024-12-11 13:04:00.427563 sent 2024-12-11 13:04:00.425947
INFO:Message received on topic: type-2/6 with payload size: 91 at 2024-12-11 13:04:03.028057 sent 2024-12-11 13:04:03.026857
INFO:Message received on topic: type-2/6 with payload size: 91 at 2024-12-11 13:04:05.631210 sent 2024-12-11 13:04:05.629734
INFO:Message received on topic: type-2/6 with payload size: 91 at 2024-12-11 13:04:08.228437 sent 2024-12-11 13:04:08.227054
INFO:Message received on topic: type-2/6 with payload size: 91 at 2024-12-11 13:04:10.827228 sent 2024-12-11 13:04:10.825718
INFO:Message received on topic: type-2/6 with payload size: 91 at 2024-12-11 13:04:13.431543 sent 2024-12-11 13:04:13.430122
INFO:Message received on topic: type-2/6 with payload size: 91 at 2024-12-11 13:04:16.034537 sent 2024-12-11 13:04:16.032801
INFO:Message received on topic: type-2/6 with payload size: 91 at 2024-12-11 13:04:18.639807 sent 2024-12-11 13:04:18.638564
INFO:Message received on topic: type-2/6 with payload size: 91 at 2024-12-11 13:04:21.242953 sent 2024-12-11 13:04:21.241487
INFO:Message received on topic: type-2/6 with payload size: 91 at 2024-12-11 13:04:23.847352 sent 2024-12-11 13:04:23.845932
INFO:Message received on topic: type-2/6 with payload size: 91 at 2024-12-11 13:04:26.447158 sent 2024-12-11 13:04:26.445902
INFO:Message received on topic: type-2/6 with payload size: 91 at 2024-12-11 13:04:29.051485 sent 2024-12-11 13:04:29.049825
INFO:Message received on topic: type-2/6 with payload size: 91 at 2024-12-11 13:04:31.655447 sent 2024-12-11 13:04:31.653871
INFO:Message received on topic: type-2/6 with payload size: 91 at 2024-12-11 13:04:34.259948 sent 2024-12-11 13:04:34.258482
INFO:Message received on topic: type-2/6 with payload size: 91 at 2024-12-11 13:04:36.863900 sent 2024-12-11 13:04:36.862592
INFO:Message received on topic: type-2/6 with payload size: 91 at 2024-12-11 13:04:39.466753 sent 2024-12-11 13:04:39.465366
INFO:Message received on topic: type-2/6 with payload size: 91 at 2024-12-11 13:04:42.070459 sent 2024-12-11 13:04:42.068912
INFO:Message received on topic: type-2/6 with payload size: 91 at 2024-12-11 13:04:44.672108 sent 2024-12-11 13:04:44.670631
INFO:Message received on topic: type-2/6 with payload size: 91 at 2024-12-11 13:04:47.275966 sent 2024-12-11 13:04:47.274724
INFO:Message received on topic: type-2/6 with payload size: 91 at 2024-12-11 13:04:49.878256 sent 2024-12-11 13:04:49.876960
INFO:Message received on topic: type-2/6 with payload size: 91 at 2024-12-11 13:04:52.482512 sent 2024-12-11 13:04:52.480905
INFO:Message received on topic: type-2/6 with payload size: 91 at 2024-12-11 13:04:55.085896 sent 2024-12-11 13:04:55.084911
INFO:Message received on topic: type-2/6 with payload size: 91 at 2024-12-11 13:04:57.686492 sent 2024-12-11 13:04:57.685023
INFO:Message received on topic: type-2/6 with payload size: 91 at 2024-12-11 13:05:00.293891 sent 2024-12-11 13:05:00.292603
INFO:Message received on topic: type-2/6 with payload size: 91 at 2024-12-11 13:05:02.897439 sent 2024-12-11 13:05:02.895792
INFO:Message received on topic: type-2/6 with payload size: 91 at 2024-12-11 13:05:05.495763 sent 2024-12-11 13:05:05.494703
INFO:Message received on topic: type-2/6 with payload size: 91 at 2024-12-11 13:05:08.084525 sent 2024-12-11 13:05:08.083403
INFO:Message received on topic: type-2/6 with payload size: 91 at 2024-12-11 13:05:10.668041 sent 2024-12-11 13:05:10.666941
INFO:Message received on topic: type-2/6 with payload size: 91 at 2024-12-11 13:05:13.258308 sent 2024-12-11 13:05:13.257195
INFO:Message received on topic: type-2/6 with payload size: 91 at 2024-12-11 13:05:15.855865 sent 2024-12-11 13:05:15.854552
INFO:Message received on topic: type-2/6 with payload size: 91 at 2024-12-11 13:05:18.457421 sent 2024-12-11 13:05:18.455919
INFO:Message received on topic: type-2/6 with payload size: 91 at 2024-12-11 13:05:21.057814 sent 2024-12-11 13:05:21.056591
INFO:Message received on topic: type-2/6 with payload size: 91 at 2024-12-11 13:05:23.661314 sent 2024-12-11 13:05:23.659227
INFO:Message received on topic: type-2/6 with payload size: 91 at 2024-12-11 13:05:26.263104 sent 2024-12-11 13:05:26.261707
INFO:Message received on topic: type-2/6 with payload size: 91 at 2024-12-11 13:05:28.866651 sent 2024-12-11 13:05:28.865154
INFO:Message received on topic: type-2/6 with payload size: 91 at 2024-12-11 13:05:31.471070 sent 2024-12-11 13:05:31.469480
INFO:Message received on topic: type-2/6 with payload size: 91 at 2024-12-11 13:05:34.076031 sent 2024-12-11 13:05:34.074614
INFO:Message received on topic: type-2/6 with payload size: 91 at 2024-12-11 13:05:36.680932 sent 2024-12-11 13:05:36.679524
INFO:Message received on topic: type-2/6 with payload size: 91 at 2024-12-11 13:05:39.283456 sent 2024-12-11 13:05:39.281844
INFO:Message received on topic: type-2/6 with payload size: 91 at 2024-12-11 13:05:41.887514 sent 2024-12-11 13:05:41.885930
INFO:Message received on topic: type-2/6 with payload size: 91 at 2024-12-11 13:05:44.488785 sent 2024-12-11 13:05:44.487610
INFO:Message received on topic: type-2/6 with payload size: 91 at 2024-12-11 13:05:47.087430 sent 2024-12-11 13:05:47.085996
INFO:Message received on topic: type-2/6 with payload size: 91 at 2024-12-11 13:05:49.695943 sent 2024-12-11 13:05:49.694298
INFO:Message received on topic: type-2/6 with payload size: 91 at 2024-12-11 13:05:52.299012 sent 2024-12-11 13:05:52.297626
INFO:Message received on topic: type-2/6 with payload size: 91 at 2024-12-11 13:05:54.900838 sent 2024-12-11 13:05:54.899231
INFO:Message received on topic: type-2/6 with payload size: 91 at 2024-12-11 13:05:57.504178 sent 2024-12-11 13:05:57.502731
INFO:Message received on topic: type-2/6 with payload size: 91 at 2024-12-11 13:06:00.106100 sent 2024-12-11 13:06:00.104594
INFO:Message received on topic: type-2/6 with payload size: 91 at 2024-12-11 13:06:02.705056 sent 2024-12-11 13:06:02.703620
INFO:Message received on topic: type-2/6 with payload size: 91 at 2024-12-11 13:06:05.303449 sent 2024-12-11 13:06:05.301737
INFO:Message received on topic: type-2/6 with payload size: 91 at 2024-12-11 13:06:07.901542 sent 2024-12-11 13:06:07.900122
INFO:Message received on topic: type-2/6 with payload size: 91 at 2024-12-11 13:06:10.504161 sent 2024-12-11 13:06:10.502704
INFO:Message received on topic: type-2/6 with payload size: 91 at 2024-12-11 13:06:13.104775 sent 2024-12-11 13:06:13.103167
INFO:Message received on topic: type-2/6 with payload size: 91 at 2024-12-11 13:06:15.701417 sent 2024-12-11 13:06:15.699944
INFO:Message received on topic: type-2/6 with payload size: 91 at 2024-12-11 13:06:18.300778 sent 2024-12-11 13:06:18.298940
INFO:Message received on topic: type-2/6 with payload size: 91 at 2024-12-11 13:06:20.899854 sent 2024-12-11 13:06:20.898568
INFO:Message received on topic: type-2/6 with payload size: 91 at 2024-12-11 13:06:23.499641 sent 2024-12-11 13:06:23.498061
INFO:Message received on topic: type-2/6 with payload size: 91 at 2024-12-11 13:06:26.102701 sent 2024-12-11 13:06:26.101101
INFO:Message received on topic: type-2/6 with payload size: 91 at 2024-12-11 13:06:28.705768 sent 2024-12-11 13:06:28.704478
INFO:Message received on topic: type-2/6 with payload size: 91 at 2024-12-11 13:06:31.304071 sent 2024-12-11 13:06:31.302724
INFO:Message received on topic: type-2/6 with payload size: 91 at 2024-12-11 13:06:33.901846 sent 2024-12-11 13:06:33.900497
INFO:Message received on topic: type-2/6 with payload size: 91 at 2024-12-11 13:06:36.499594 sent 2024-12-11 13:06:36.498379
INFO:Message received on topic: type-2/6 with payload size: 91 at 2024-12-11 13:06:39.097920 sent 2024-12-11 13:06:39.096521
INFO:Message received on topic: type-2/6 with payload size: 91 at 2024-12-11 13:06:41.693058 sent 2024-12-11 13:06:41.691838
INFO:Message received on topic: type-2/6 with payload size: 91 at 2024-12-11 13:06:44.294204 sent 2024-12-11 13:06:44.292526
INFO:Message received on topic: type-2/6 with payload size: 91 at 2024-12-11 13:06:46.895127 sent 2024-12-11 13:06:46.893669
INFO:Message received on topic: type-2/6 with payload size: 91 at 2024-12-11 13:06:49.497062 sent 2024-12-11 13:06:49.495848
INFO:Message received on topic: type-2/6 with payload size: 91 at 2024-12-11 13:06:52.101997 sent 2024-12-11 13:06:52.100757
INFO:Message received on topic: type-2/6 with payload size: 91 at 2024-12-11 13:06:54.704901 sent 2024-12-11 13:06:54.703538
INFO:Message received on topic: type-2/6 with payload size: 91 at 2024-12-11 13:06:57.309501 sent 2024-12-11 13:06:57.307932
INFO:Message received on topic: type-2/6 with payload size: 91 at 2024-12-11 13:06:59.910835 sent 2024-12-11 13:06:59.909561
INFO:Message received on topic: type-2/6 with payload size: 91 at 2024-12-11 13:07:02.506706 sent 2024-12-11 13:07:02.505150
INFO:Message received on topic: type-2/6 with payload size: 91 at 2024-12-11 13:07:05.104069 sent 2024-12-11 13:07:05.102623
INFO:Message received on topic: type-2/6 with payload size: 91 at 2024-12-11 13:07:07.707239 sent 2024-12-11 13:07:07.705775
INFO:Message received on topic: type-2/6 with payload size: 91 at 2024-12-11 13:07:10.315213 sent 2024-12-11 13:07:10.313602
INFO:Message received on topic: type-2/6 with payload size: 91 at 2024-12-11 13:07:12.922534 sent 2024-12-11 13:07:12.920997
