INFO:Starting Version 1.0.5
DEBUG:Using selector: EpollSelector
INFO:Connecting to cluster at: mqtt-quic://emqx-headless.dtwins:14567 using QUIC
INFO:Subscribed to topic: type-2/2
INFO:Logging each: 50
INFO:Unhandled packet type received
INFO:Message received on topic: type-2/2 with payload size: 91 at 2024-12-11 12:58:33.658386 sent 2024-12-11 12:58:33.656612
INFO:Message received on topic: type-2/2 with payload size: 91 at 2024-12-11 12:58:36.256509 sent 2024-12-11 12:58:36.254997
INFO:Message received on topic: type-2/2 with payload size: 91 at 2024-12-11 12:58:38.856849 sent 2024-12-11 12:58:38.855164
INFO:Message received on topic: type-2/2 with payload size: 91 at 2024-12-11 12:58:41.456249 sent 2024-12-11 12:58:41.454733
INFO:Message received on topic: type-2/2 with payload size: 91 at 2024-12-11 12:58:44.055667 sent 2024-12-11 12:58:44.054663
INFO:Message received on topic: type-2/2 with payload size: 91 at 2024-12-11 12:58:46.657083 sent 2024-12-11 12:58:46.654921
INFO:Message received on topic: type-2/2 with payload size: 91 at 2024-12-11 12:58:49.257153 sent 2024-12-11 12:58:49.255852
INFO:Message received on topic: type-2/2 with payload size: 91 at 2024-12-11 12:58:51.861057 sent 2024-12-11 12:58:51.859615
INFO:Message received on topic: type-2/2 with payload size: 91 at 2024-12-11 12:58:54.464727 sent 2024-12-11 12:58:54.463051
INFO:Message received on topic: type-2/2 with payload size: 91 at 2024-12-11 12:58:57.070200 sent 2024-12-11 12:58:57.068869
INFO:Message received on topic: type-2/2 with payload size: 91 at 2024-12-11 12:58:59.674156 sent 2024-12-11 12:58:59.672855
INFO:Message received on topic: type-2/2 with payload size: 91 at 2024-12-11 12:59:02.276382 sent 2024-12-11 12:59:02.274608
INFO:Message received on topic: type-2/2 with payload size: 91 at 2024-12-11 12:59:04.875534 sent 2024-12-11 12:59:04.873939
INFO:Message received on topic: type-2/2 with payload size: 91 at 2024-12-11 12:59:07.476581 sent 2024-12-11 12:59:07.475095
INFO:Message received on topic: type-2/2 with payload size: 91 at 2024-12-11 12:59:10.079401 sent 2024-12-11 12:59:10.077973
INFO:Message received on topic: type-2/2 with payload size: 91 at 2024-12-11 12:59:12.681705 sent 2024-12-11 12:59:12.679595
INFO:Message received on topic: type-2/2 with payload size: 91 at 2024-12-11 12:59:15.284492 sent 2024-12-11 12:59:15.283004
INFO:Message received on topic: type-2/2 with payload size: 91 at 2024-12-11 12:59:17.886120 sent 2024-12-11 12:59:17.884713
INFO:Message received on topic: type-2/2 with payload size: 91 at 2024-12-11 12:59:20.490832 sent 2024-12-11 12:59:20.489165
INFO:Message received on topic: type-2/2 with payload size: 91 at 2024-12-11 12:59:23.096119 sent 2024-12-11 12:59:23.094840
INFO:Message received on topic: type-2/2 with payload size: 91 at 2024-12-11 12:59:25.697434 sent 2024-12-11 12:59:25.696063
INFO:Message received on topic: type-2/2 with payload size: 91 at 2024-12-11 12:59:28.307504 sent 2024-12-11 12:59:28.306161
INFO:Message received on topic: type-2/2 with payload size: 91 at 2024-12-11 12:59:30.907788 sent 2024-12-11 12:59:30.906591
INFO:Message received on topic: type-2/2 with payload size: 91 at 2024-12-11 12:59:33.510864 sent 2024-12-11 12:59:33.509552
INFO:Message received on topic: type-2/2 with payload size: 91 at 2024-12-11 12:59:36.113897 sent 2024-12-11 12:59:36.112420
INFO:Message received on topic: type-2/2 with payload size: 91 at 2024-12-11 12:59:38.716177 sent 2024-12-11 12:59:38.714905
INFO:Message received on topic: type-2/2 with payload size: 91 at 2024-12-11 12:59:41.317727 sent 2024-12-11 12:59:41.316303
INFO:Message received on topic: type-2/2 with payload size: 91 at 2024-12-11 12:59:43.920962 sent 2024-12-11 12:59:43.918863
INFO:Message received on topic: type-2/2 with payload size: 91 at 2024-12-11 12:59:46.519616 sent 2024-12-11 12:59:46.518214
INFO:Message received on topic: type-2/2 with payload size: 91 at 2024-12-11 12:59:49.117009 sent 2024-12-11 12:59:49.115831
INFO:Message received on topic: type-2/2 with payload size: 91 at 2024-12-11 12:59:51.713680 sent 2024-12-11 12:59:51.712298
INFO:Message received on topic: type-2/2 with payload size: 91 at 2024-12-11 12:59:54.312425 sent 2024-12-11 12:59:54.310962
INFO:Message received on topic: type-2/2 with payload size: 91 at 2024-12-11 12:59:56.912052 sent 2024-12-11 12:59:56.910892
INFO:Message received on topic: type-2/2 with payload size: 91 at 2024-12-11 12:59:59.515824 sent 2024-12-11 12:59:59.514525
INFO:Message received on topic: type-2/2 with payload size: 91 at 2024-12-11 13:00:02.114809 sent 2024-12-11 13:00:02.113577
INFO:Message received on topic: type-2/2 with payload size: 91 at 2024-12-11 13:00:04.712789 sent 2024-12-11 13:00:04.711520
INFO:Message received on topic: type-2/2 with payload size: 91 at 2024-12-11 13:00:07.314808 sent 2024-12-11 13:00:07.313503
INFO:Message received on topic: type-2/2 with payload size: 91 at 2024-12-11 13:00:09.918954 sent 2024-12-11 13:00:09.917637
INFO:Message received on topic: type-2/2 with payload size: 91 at 2024-12-11 13:00:12.516905 sent 2024-12-11 13:00:12.514571
INFO:Message received on topic: type-2/2 with payload size: 91 at 2024-12-11 13:00:15.116534 sent 2024-12-11 13:00:15.115086
INFO:Message received on topic: type-2/2 with payload size: 91 at 2024-12-11 13:00:17.717881 sent 2024-12-11 13:00:17.716518
INFO:Message received on topic: type-2/2 with payload size: 91 at 2024-12-11 13:00:20.321002 sent 2024-12-11 13:00:20.319626
INFO:Message received on topic: type-2/2 with payload size: 91 at 2024-12-11 13:00:22.926842 sent 2024-12-11 13:00:22.924565
INFO:Message received on topic: type-2/2 with payload size: 91 at 2024-12-11 13:00:25.529561 sent 2024-12-11 13:00:25.528048
INFO:Message received on topic: type-2/2 with payload size: 91 at 2024-12-11 13:00:28.138276 sent 2024-12-11 13:00:28.136997
INFO:Message received on topic: type-2/2 with payload size: 91 at 2024-12-11 13:00:30.740934 sent 2024-12-11 13:00:30.739493
INFO:Message received on topic: type-2/2 with payload size: 91 at 2024-12-11 13:00:33.341989 sent 2024-12-11 13:00:33.340319
INFO:Message received on topic: type-2/2 with payload size: 91 at 2024-12-11 13:00:35.939949 sent 2024-12-11 13:00:35.938204
INFO:Message received on topic: type-2/2 with payload size: 91 at 2024-12-11 13:00:38.540877 sent 2024-12-11 13:00:38.539470
INFO:Message received on topic: type-2/2 with payload size: 91 at 2024-12-11 13:00:41.138240 sent 2024-12-11 13:00:41.136821
INFO:Message received on topic: type-2/2 with payload size: 91 at 2024-12-11 13:00:43.742153 sent 2024-12-11 13:00:43.740816
INFO:Message received on topic: type-2/2 with payload size: 91 at 2024-12-11 13:00:46.346265 sent 2024-12-11 13:00:46.344845
INFO:Message received on topic: type-2/2 with payload size: 91 at 2024-12-11 13:00:48.950714 sent 2024-12-11 13:00:48.949287
INFO:Message received on topic: type-2/2 with payload size: 91 at 2024-12-11 13:00:51.553078 sent 2024-12-11 13:00:51.551596
INFO:Message received on topic: type-2/2 with payload size: 91 at 2024-12-11 13:00:54.154772 sent 2024-12-11 13:00:54.153390
INFO:Message received on topic: type-2/2 with payload size: 91 at 2024-12-11 13:00:56.759530 sent 2024-12-11 13:00:56.757923
INFO:Message received on topic: type-2/2 with payload size: 91 at 2024-12-11 13:00:59.362054 sent 2024-12-11 13:00:59.360670
INFO:Message received on topic: type-2/2 with payload size: 91 at 2024-12-11 13:01:01.966011 sent 2024-12-11 13:01:01.964754
INFO:Message received on topic: type-2/2 with payload size: 91 at 2024-12-11 13:01:04.567895 sent 2024-12-11 13:01:04.566595
INFO:Message received on topic: type-2/2 with payload size: 91 at 2024-12-11 13:01:07.172465 sent 2024-12-11 13:01:07.170927
INFO:Message received on topic: type-2/2 with payload size: 91 at 2024-12-11 13:01:09.774891 sent 2024-12-11 13:01:09.773292
INFO:Message received on topic: type-2/2 with payload size: 91 at 2024-12-11 13:01:12.378448 sent 2024-12-11 13:01:12.376832
INFO:Message received on topic: type-2/2 with payload size: 91 at 2024-12-11 13:01:14.982489 sent 2024-12-11 13:01:14.980543
INFO:Message received on topic: type-2/2 with payload size: 91 at 2024-12-11 13:01:17.592212 sent 2024-12-11 13:01:17.590524
INFO:Message received on topic: type-2/2 with payload size: 91 at 2024-12-11 13:01:20.196320 sent 2024-12-11 13:01:20.194843
INFO:Message received on topic: type-2/2 with payload size: 91 at 2024-12-11 13:01:22.797241 sent 2024-12-11 13:01:22.795863
INFO:Message received on topic: type-2/2 with payload size: 91 at 2024-12-11 13:01:25.399932 sent 2024-12-11 13:01:25.398393
INFO:Message received on topic: type-2/2 with payload size: 91 at 2024-12-11 13:01:28.006705 sent 2024-12-11 13:01:28.005098
INFO:Message received on topic: type-2/2 with payload size: 91 at 2024-12-11 13:01:30.615992 sent 2024-12-11 13:01:30.614578
INFO:Message received on topic: type-2/2 with payload size: 91 at 2024-12-11 13:01:33.219418 sent 2024-12-11 13:01:33.218004
INFO:Message received on topic: type-2/2 with payload size: 91 at 2024-12-11 13:01:35.823027 sent 2024-12-11 13:01:35.821032
INFO:Message received on topic: type-2/2 with payload size: 91 at 2024-12-11 13:01:38.428306 sent 2024-12-11 13:01:38.426933
INFO:Message received on topic: type-2/2 with payload size: 91 at 2024-12-11 13:01:41.034002 sent 2024-12-11 13:01:41.032569
INFO:Message received on topic: type-2/2 with payload size: 91 at 2024-12-11 13:01:43.638081 sent 2024-12-11 13:01:43.636412
INFO:Message received on topic: type-2/2 with payload size: 91 at 2024-12-11 13:01:46.245141 sent 2024-12-11 13:01:46.243380
INFO:Message received on topic: type-2/2 with payload size: 91 at 2024-12-11 13:01:48.846300 sent 2024-12-11 13:01:48.844951
INFO:Message received on topic: type-2/2 with payload size: 91 at 2024-12-11 13:01:51.449386 sent 2024-12-11 13:01:51.448064
INFO:Message received on topic: type-2/2 with payload size: 91 at 2024-12-11 13:01:54.048269 sent 2024-12-11 13:01:54.046935
INFO:Message received on topic: type-2/2 with payload size: 91 at 2024-12-11 13:01:56.652243 sent 2024-12-11 13:01:56.650605
INFO:Message received on topic: type-2/2 with payload size: 91 at 2024-12-11 13:01:59.255131 sent 2024-12-11 13:01:59.253619
INFO:Message received on topic: type-2/2 with payload size: 91 at 2024-12-11 13:02:01.857081 sent 2024-12-11 13:02:01.855850
INFO:Message received on topic: type-2/2 with payload size: 91 at 2024-12-11 13:02:04.454443 sent 2024-12-11 13:02:04.452990
INFO:Message received on topic: type-2/2 with payload size: 91 at 2024-12-11 13:02:07.050433 sent 2024-12-11 13:02:07.048979
INFO:Message received on topic: type-2/2 with payload size: 91 at 2024-12-11 13:02:09.647210 sent 2024-12-11 13:02:09.645824
INFO:Message received on topic: type-2/2 with payload size: 91 at 2024-12-11 13:02:12.247390 sent 2024-12-11 13:02:12.246035
INFO:Message received on topic: type-2/2 with payload size: 91 at 2024-12-11 13:02:14.849261 sent 2024-12-11 13:02:14.847748
INFO:Message received on topic: type-2/2 with payload size: 91 at 2024-12-11 13:02:17.449453 sent 2024-12-11 13:02:17.448003
INFO:Message received on topic: type-2/2 with payload size: 91 at 2024-12-11 13:02:20.050741 sent 2024-12-11 13:02:20.048949
INFO:Message received on topic: type-2/2 with payload size: 91 at 2024-12-11 13:02:22.647588 sent 2024-12-11 13:02:22.646169
INFO:Message received on topic: type-2/2 with payload size: 91 at 2024-12-11 13:02:25.245611 sent 2024-12-11 13:02:25.244226
INFO:Message received on topic: type-2/2 with payload size: 91 at 2024-12-11 13:02:27.853831 sent 2024-12-11 13:02:27.852463
INFO:Message received on topic: type-2/2 with payload size: 91 at 2024-12-11 13:02:30.459340 sent 2024-12-11 13:02:30.457656
INFO:Message received on topic: type-2/2 with payload size: 91 at 2024-12-11 13:02:33.066691 sent 2024-12-11 13:02:33.065391
INFO:Message received on topic: type-2/2 with payload size: 91 at 2024-12-11 13:02:35.670498 sent 2024-12-11 13:02:35.667893
INFO:Message received on topic: type-2/2 with payload size: 91 at 2024-12-11 13:02:38.272978 sent 2024-12-11 13:02:38.271687
INFO:Message received on topic: type-2/2 with payload size: 91 at 2024-12-11 13:02:40.877097 sent 2024-12-11 13:02:40.875661
INFO:Message received on topic: type-2/2 with payload size: 91 at 2024-12-11 13:02:43.481105 sent 2024-12-11 13:02:43.479659
INFO:Message received on topic: type-2/2 with payload size: 91 at 2024-12-11 13:02:46.086129 sent 2024-12-11 13:02:46.084279
INFO:Message received on topic: type-2/2 with payload size: 91 at 2024-12-11 13:02:48.689244 sent 2024-12-11 13:02:48.687658
INFO:Message received on topic: type-2/2 with payload size: 91 at 2024-12-11 13:02:51.294090 sent 2024-12-11 13:02:51.292831
INFO:Message received on topic: type-2/2 with payload size: 91 at 2024-12-11 13:02:53.896129 sent 2024-12-11 13:02:53.894595
INFO:Message received on topic: type-2/2 with payload size: 91 at 2024-12-11 13:02:56.495870 sent 2024-12-11 13:02:56.494472
INFO:Message received on topic: type-2/2 with payload size: 91 at 2024-12-11 13:02:59.099236 sent 2024-12-11 13:02:59.097725
INFO:Message received on topic: type-2/2 with payload size: 91 at 2024-12-11 13:03:01.704281 sent 2024-12-11 13:03:01.702682
INFO:Message received on topic: type-2/2 with payload size: 91 at 2024-12-11 13:03:04.305949 sent 2024-12-11 13:03:04.304587
INFO:Message received on topic: type-2/2 with payload size: 91 at 2024-12-11 13:03:06.907986 sent 2024-12-11 13:03:06.906590
INFO:Message received on topic: type-2/2 with payload size: 91 at 2024-12-11 13:03:09.510276 sent 2024-12-11 13:03:09.508826
INFO:Message received on topic: type-2/2 with payload size: 91 at 2024-12-11 13:03:12.109680 sent 2024-12-11 13:03:12.108143
INFO:Message received on topic: type-2/2 with payload size: 91 at 2024-12-11 13:03:14.712193 sent 2024-12-11 13:03:14.710619
INFO:Message received on topic: type-2/2 with payload size: 91 at 2024-12-11 13:03:17.316930 sent 2024-12-11 13:03:17.315395
INFO:Message received on topic: type-2/2 with payload size: 91 at 2024-12-11 13:03:19.914988 sent 2024-12-11 13:03:19.913599
INFO:Message received on topic: type-2/2 with payload size: 91 at 2024-12-11 13:03:22.515591 sent 2024-12-11 13:03:22.514161
INFO:Message received on topic: type-2/2 with payload size: 91 at 2024-12-11 13:03:25.113893 sent 2024-12-11 13:03:25.112504
INFO:Message received on topic: type-2/2 with payload size: 91 at 2024-12-11 13:03:27.711487 sent 2024-12-11 13:03:27.709931
INFO:Message received on topic: type-2/2 with payload size: 91 at 2024-12-11 13:03:30.315085 sent 2024-12-11 13:03:30.313275
INFO:Message received on topic: type-2/2 with payload size: 91 at 2024-12-11 13:03:32.916766 sent 2024-12-11 13:03:32.915236
INFO:Message received on topic: type-2/2 with payload size: 91 at 2024-12-11 13:03:35.520898 sent 2024-12-11 13:03:35.519130
INFO:Message received on topic: type-2/2 with payload size: 91 at 2024-12-11 13:03:38.123472 sent 2024-12-11 13:03:38.122014
INFO:Message received on topic: type-2/2 with payload size: 91 at 2024-12-11 13:03:40.725920 sent 2024-12-11 13:03:40.724641
INFO:Message received on topic: type-2/2 with payload size: 91 at 2024-12-11 13:03:43.328025 sent 2024-12-11 13:03:43.326614
INFO:Message received on topic: type-2/2 with payload size: 91 at 2024-12-11 13:03:45.931583 sent 2024-12-11 13:03:45.929982
INFO:Message received on topic: type-2/2 with payload size: 91 at 2024-12-11 13:03:48.532686 sent 2024-12-11 13:03:48.531146
INFO:Message received on topic: type-2/2 with payload size: 91 at 2024-12-11 13:03:51.134146 sent 2024-12-11 13:03:51.132878
INFO:Message received on topic: type-2/2 with payload size: 91 at 2024-12-11 13:03:53.738474 sent 2024-12-11 13:03:53.736846
INFO:Message received on topic: type-2/2 with payload size: 91 at 2024-12-11 13:03:56.341665 sent 2024-12-11 13:03:56.340138
INFO:Message received on topic: type-2/2 with payload size: 91 at 2024-12-11 13:03:58.941824 sent 2024-12-11 13:03:58.940388
INFO:Message received on topic: type-2/2 with payload size: 91 at 2024-12-11 13:04:01.543301 sent 2024-12-11 13:04:01.541851
INFO:Message received on topic: type-2/2 with payload size: 91 at 2024-12-11 13:04:04.139146 sent 2024-12-11 13:04:04.137720
INFO:Message received on topic: type-2/2 with payload size: 91 at 2024-12-11 13:04:06.735227 sent 2024-12-11 13:04:06.733864
INFO:Message received on topic: type-2/2 with payload size: 91 at 2024-12-11 13:04:09.330741 sent 2024-12-11 13:04:09.329505
INFO:Message received on topic: type-2/2 with payload size: 91 at 2024-12-11 13:04:11.927780 sent 2024-12-11 13:04:11.926503
INFO:Message received on topic: type-2/2 with payload size: 91 at 2024-12-11 13:04:14.529170 sent 2024-12-11 13:04:14.527871
INFO:Message received on topic: type-2/2 with payload size: 91 at 2024-12-11 13:04:17.134020 sent 2024-12-11 13:04:17.132715
INFO:Message received on topic: type-2/2 with payload size: 91 at 2024-12-11 13:04:19.736681 sent 2024-12-11 13:04:19.735237
INFO:Message received on topic: type-2/2 with payload size: 91 at 2024-12-11 13:04:22.339859 sent 2024-12-11 13:04:22.338591
INFO:Message received on topic: type-2/2 with payload size: 91 at 2024-12-11 13:04:24.939759 sent 2024-12-11 13:04:24.938136
INFO:Message received on topic: type-2/2 with payload size: 91 at 2024-12-11 13:04:27.544684 sent 2024-12-11 13:04:27.543070
INFO:Message received on topic: type-2/2 with payload size: 91 at 2024-12-11 13:04:30.147000 sent 2024-12-11 13:04:30.145471
INFO:Message received on topic: type-2/2 with payload size: 91 at 2024-12-11 13:04:32.749300 sent 2024-12-11 13:04:32.747731
INFO:Message received on topic: type-2/2 with payload size: 91 at 2024-12-11 13:04:35.355747 sent 2024-12-11 13:04:35.354104
INFO:Message received on topic: type-2/2 with payload size: 91 at 2024-12-11 13:04:37.960523 sent 2024-12-11 13:04:37.958596
INFO:Message received on topic: type-2/2 with payload size: 91 at 2024-12-11 13:04:40.562686 sent 2024-12-11 13:04:40.561121
INFO:Message received on topic: type-2/2 with payload size: 91 at 2024-12-11 13:04:43.166577 sent 2024-12-11 13:04:43.164614
INFO:Message received on topic: type-2/2 with payload size: 91 at 2024-12-11 13:04:45.773813 sent 2024-12-11 13:04:45.772233
INFO:Message received on topic: type-2/2 with payload size: 91 at 2024-12-11 13:04:48.375216 sent 2024-12-11 13:04:48.373845
INFO:Message received on topic: type-2/2 with payload size: 91 at 2024-12-11 13:04:50.975800 sent 2024-12-11 13:04:50.974578
INFO:Message received on topic: type-2/2 with payload size: 91 at 2024-12-11 13:04:53.581227 sent 2024-12-11 13:04:53.579173
INFO:Message received on topic: type-2/2 with payload size: 91 at 2024-12-11 13:04:56.184705 sent 2024-12-11 13:04:56.183025
INFO:Message received on topic: type-2/2 with payload size: 91 at 2024-12-11 13:04:58.786386 sent 2024-12-11 13:04:58.785010
INFO:Message received on topic: type-2/2 with payload size: 91 at 2024-12-11 13:05:01.386942 sent 2024-12-11 13:05:01.385516
INFO:Message received on topic: type-2/2 with payload size: 91 at 2024-12-11 13:05:03.992615 sent 2024-12-11 13:05:03.991025
INFO:Message received on topic: type-2/2 with payload size: 91 at 2024-12-11 13:05:06.582506 sent 2024-12-11 13:05:06.581411
INFO:Message received on topic: type-2/2 with payload size: 91 at 2024-12-11 13:05:09.163706 sent 2024-12-11 13:05:09.162859
INFO:Message received on topic: type-2/2 with payload size: 91 at 2024-12-11 13:05:11.753207 sent 2024-12-11 13:05:11.752268
INFO:Message received on topic: type-2/2 with payload size: 91 at 2024-12-11 13:05:14.338818 sent 2024-12-11 13:05:14.337221
INFO:Message received on topic: type-2/2 with payload size: 91 at 2024-12-11 13:05:16.935809 sent 2024-12-11 13:05:16.934305
INFO:Message received on topic: type-2/2 with payload size: 91 at 2024-12-11 13:05:19.534207 sent 2024-12-11 13:05:19.532855
INFO:Message received on topic: type-2/2 with payload size: 91 at 2024-12-11 13:05:22.133002 sent 2024-12-11 13:05:22.131585
INFO:Message received on topic: type-2/2 with payload size: 91 at 2024-12-11 13:05:24.734425 sent 2024-12-11 13:05:24.732892
INFO:Message received on topic: type-2/2 with payload size: 91 at 2024-12-11 13:05:27.336108 sent 2024-12-11 13:05:27.334845
INFO:Message received on topic: type-2/2 with payload size: 91 at 2024-12-11 13:05:29.939897 sent 2024-12-11 13:05:29.938436
INFO:Message received on topic: type-2/2 with payload size: 91 at 2024-12-11 13:05:32.543592 sent 2024-12-11 13:05:32.541882
INFO:Message received on topic: type-2/2 with payload size: 91 at 2024-12-11 13:05:35.147467 sent 2024-12-11 13:05:35.145799
INFO:Message received on topic: type-2/2 with payload size: 91 at 2024-12-11 13:05:37.745145 sent 2024-12-11 13:05:37.743793
INFO:Message received on topic: type-2/2 with payload size: 91 at 2024-12-11 13:05:40.348755 sent 2024-12-11 13:05:40.347166
INFO:Message received on topic: type-2/2 with payload size: 91 at 2024-12-11 13:05:42.952711 sent 2024-12-11 13:05:42.951186
INFO:Message received on topic: type-2/2 with payload size: 91 at 2024-12-11 13:05:45.555471 sent 2024-12-11 13:05:45.553914
INFO:Message received on topic: type-2/2 with payload size: 91 at 2024-12-11 13:05:48.159039 sent 2024-12-11 13:05:48.157006
INFO:Message received on topic: type-2/2 with payload size: 91 at 2024-12-11 13:05:50.765986 sent 2024-12-11 13:05:50.764227
INFO:Message received on topic: type-2/2 with payload size: 91 at 2024-12-11 13:05:53.368128 sent 2024-12-11 13:05:53.366710
INFO:Message received on topic: type-2/2 with payload size: 91 at 2024-12-11 13:05:55.969960 sent 2024-12-11 13:05:55.968390
INFO:Message received on topic: type-2/2 with payload size: 91 at 2024-12-11 13:05:58.573668 sent 2024-12-11 13:05:58.572103
INFO:Message received on topic: type-2/2 with payload size: 91 at 2024-12-11 13:06:01.171264 sent 2024-12-11 13:06:01.169940
INFO:Message received on topic: type-2/2 with payload size: 91 at 2024-12-11 13:06:03.769585 sent 2024-12-11 13:06:03.768156
INFO:Message received on topic: type-2/2 with payload size: 91 at 2024-12-11 13:06:06.367605 sent 2024-12-11 13:06:06.366188
INFO:Message received on topic: type-2/2 with payload size: 91 at 2024-12-11 13:06:08.965703 sent 2024-12-11 13:06:08.964308
INFO:Message received on topic: type-2/2 with payload size: 91 at 2024-12-11 13:06:11.564089 sent 2024-12-11 13:06:11.562759
INFO:Message received on topic: type-2/2 with payload size: 91 at 2024-12-11 13:06:14.160383 sent 2024-12-11 13:06:14.158718
INFO:Message received on topic: type-2/2 with payload size: 91 at 2024-12-11 13:06:16.760042 sent 2024-12-11 13:06:16.758279
INFO:Message received on topic: type-2/2 with payload size: 91 at 2024-12-11 13:06:19.357273 sent 2024-12-11 13:06:19.355859
INFO:Message received on topic: type-2/2 with payload size: 91 at 2024-12-11 13:06:21.955220 sent 2024-12-11 13:06:21.953732
INFO:Message received on topic: type-2/2 with payload size: 91 at 2024-12-11 13:06:24.555666 sent 2024-12-11 13:06:24.554180
INFO:Message received on topic: type-2/2 with payload size: 91 at 2024-12-11 13:06:27.157565 sent 2024-12-11 13:06:27.156049
INFO:Message received on topic: type-2/2 with payload size: 91 at 2024-12-11 13:06:29.756272 sent 2024-12-11 13:06:29.754985
INFO:Message received on topic: type-2/2 with payload size: 91 at 2024-12-11 13:06:32.354181 sent 2024-12-11 13:06:32.352928
INFO:Message received on topic: type-2/2 with payload size: 91 at 2024-12-11 13:06:34.954497 sent 2024-12-11 13:06:34.952778
INFO:Message received on topic: type-2/2 with payload size: 91 at 2024-12-11 13:06:37.554461 sent 2024-12-11 13:06:37.553014
INFO:Message received on topic: type-2/2 with payload size: 91 at 2024-12-11 13:06:40.152896 sent 2024-12-11 13:06:40.151491
INFO:Message received on topic: type-2/2 with payload size: 91 at 2024-12-11 13:06:42.747691 sent 2024-12-11 13:06:42.746046
INFO:Message received on topic: type-2/2 with payload size: 91 at 2024-12-11 13:06:45.345613 sent 2024-12-11 13:06:45.344364
INFO:Message received on topic: type-2/2 with payload size: 91 at 2024-12-11 13:06:47.946838 sent 2024-12-11 13:06:47.945424
INFO:Message received on topic: type-2/2 with payload size: 91 at 2024-12-11 13:06:50.550259 sent 2024-12-11 13:06:50.548842
INFO:Message received on topic: type-2/2 with payload size: 91 at 2024-12-11 13:06:53.156165 sent 2024-12-11 13:06:53.154737
INFO:Message received on topic: type-2/2 with payload size: 91 at 2024-12-11 13:06:55.760175 sent 2024-12-11 13:06:55.758709
INFO:Message received on topic: type-2/2 with payload size: 91 at 2024-12-11 13:06:58.360664 sent 2024-12-11 13:06:58.359350
INFO:Message received on topic: type-2/2 with payload size: 91 at 2024-12-11 13:07:00.961659 sent 2024-12-11 13:07:00.960043
