INFO:Starting Version 1.0.5
DEBUG:Using selector: EpollSelector
INFO:Connecting to cluster at: mqtt-quic://emqx-headless.dtwins:14567 using QUIC
INFO:Subscribed to topic: type-2/4
INFO:Logging each: 50
INFO:Unhandled packet type received
INFO:Message received on topic: type-2/4 with payload size: 141 at 2024-12-16 21:58:00.202411 sent 2024-12-16 21:58:00.200967
INFO:Message received on topic: type-2/4 with payload size: 320 at 2024-12-16 21:58:02.810128 sent 2024-12-16 21:58:02.808018
INFO:Message received on topic: type-2/4 with payload size: 226 at 2024-12-16 21:58:05.413394 sent 2024-12-16 21:58:05.411953
INFO:Message received on topic: type-2/4 with payload size: 132 at 2024-12-16 21:58:08.013549 sent 2024-12-16 21:58:08.012001
INFO:Message received on topic: type-2/4 with payload size: 274 at 2024-12-16 21:58:10.617915 sent 2024-12-16 21:58:10.616675
INFO:Message received on topic: type-2/4 with payload size: 289 at 2024-12-16 21:58:13.223961 sent 2024-12-16 21:58:13.222093
INFO:Message received on topic: type-2/4 with payload size: 172 at 2024-12-16 21:58:15.838926 sent 2024-12-16 21:58:15.837633
INFO:Message received on topic: type-2/4 with payload size: 209 at 2024-12-16 21:58:18.446910 sent 2024-12-16 21:58:18.445741
INFO:Message received on topic: type-2/4 with payload size: 301 at 2024-12-16 21:58:21.063722 sent 2024-12-16 21:58:21.061630
INFO:Message received on topic: type-2/4 with payload size: 146 at 2024-12-16 21:58:23.679150 sent 2024-12-16 21:58:23.676293
INFO:Message received on topic: type-2/4 with payload size: 260 at 2024-12-16 21:58:26.289429 sent 2024-12-16 21:58:26.287330
INFO:Message received on topic: type-2/4 with payload size: 229 at 2024-12-16 21:58:28.899208 sent 2024-12-16 21:58:28.897831
INFO:Message received on topic: type-2/4 with payload size: 246 at 2024-12-16 21:58:31.507857 sent 2024-12-16 21:58:31.505631
INFO:Message received on topic: type-2/4 with payload size: 252 at 2024-12-16 21:58:34.121823 sent 2024-12-16 21:58:34.119765
INFO:Message received on topic: type-2/4 with payload size: 194 at 2024-12-16 21:58:36.737876 sent 2024-12-16 21:58:36.736410
INFO:Message received on topic: type-2/4 with payload size: 322 at 2024-12-16 21:58:39.353165 sent 2024-12-16 21:58:39.351665
INFO:Message received on topic: type-2/4 with payload size: 211 at 2024-12-16 21:58:41.962928 sent 2024-12-16 21:58:41.961292
INFO:Message received on topic: type-2/4 with payload size: 223 at 2024-12-16 21:58:44.573189 sent 2024-12-16 21:58:44.571558
INFO:Message received on topic: type-2/4 with payload size: 244 at 2024-12-16 21:58:47.185749 sent 2024-12-16 21:58:47.183896
INFO:Message received on topic: type-2/4 with payload size: 262 at 2024-12-16 21:58:49.797324 sent 2024-12-16 21:58:49.795921
INFO:Message received on topic: type-2/4 with payload size: 306 at 2024-12-16 21:58:52.416771 sent 2024-12-16 21:58:52.414278
INFO:Message received on topic: type-2/4 with payload size: 159 at 2024-12-16 21:58:55.031409 sent 2024-12-16 21:58:55.029191
INFO:Message received on topic: type-2/4 with payload size: 322 at 2024-12-16 21:58:57.642238 sent 2024-12-16 21:58:57.640180
INFO:Message received on topic: type-2/4 with payload size: 142 at 2024-12-16 21:59:00.254874 sent 2024-12-16 21:59:00.253306
INFO:Message received on topic: type-2/4 with payload size: 320 at 2024-12-16 21:59:02.869371 sent 2024-12-16 21:59:02.867597
INFO:Message received on topic: type-2/4 with payload size: 261 at 2024-12-16 21:59:05.481094 sent 2024-12-16 21:59:05.479380
INFO:Message received on topic: type-2/4 with payload size: 152 at 2024-12-16 21:59:08.090918 sent 2024-12-16 21:59:08.088130
INFO:Message received on topic: type-2/4 with payload size: 248 at 2024-12-16 21:59:10.706452 sent 2024-12-16 21:59:10.704995
INFO:Message received on topic: type-2/4 with payload size: 314 at 2024-12-16 21:59:13.316925 sent 2024-12-16 21:59:13.314436
INFO:Message received on topic: type-2/4 with payload size: 250 at 2024-12-16 21:59:15.929085 sent 2024-12-16 21:59:15.927546
INFO:Message received on topic: type-2/4 with payload size: 199 at 2024-12-16 21:59:18.537913 sent 2024-12-16 21:59:18.535577
INFO:Message received on topic: type-2/4 with payload size: 258 at 2024-12-16 21:59:21.149830 sent 2024-12-16 21:59:21.147861
INFO:Message received on topic: type-2/4 with payload size: 248 at 2024-12-16 21:59:23.759408 sent 2024-12-16 21:59:23.757677
INFO:Message received on topic: type-2/4 with payload size: 246 at 2024-12-16 21:59:26.369828 sent 2024-12-16 21:59:26.367749
INFO:Message received on topic: type-2/4 with payload size: 135 at 2024-12-16 21:59:28.982936 sent 2024-12-16 21:59:28.981230
INFO:Message received on topic: type-2/4 with payload size: 288 at 2024-12-16 21:59:31.592860 sent 2024-12-16 21:59:31.591221
INFO:Message received on topic: type-2/4 with payload size: 127 at 2024-12-16 21:59:34.212703 sent 2024-12-16 21:59:34.210665
INFO:Message received on topic: type-2/4 with payload size: 196 at 2024-12-16 21:59:36.824908 sent 2024-12-16 21:59:36.823302
INFO:Message received on topic: type-2/4 with payload size: 226 at 2024-12-16 21:59:39.437852 sent 2024-12-16 21:59:39.436202
INFO:Message received on topic: type-2/4 with payload size: 159 at 2024-12-16 21:59:42.052762 sent 2024-12-16 21:59:42.051518
INFO:Message received on topic: type-2/4 with payload size: 203 at 2024-12-16 21:59:44.674666 sent 2024-12-16 21:59:44.672253
INFO:Message received on topic: type-2/4 with payload size: 219 at 2024-12-16 21:59:47.286128 sent 2024-12-16 21:59:47.284558
INFO:Message received on topic: type-2/4 with payload size: 244 at 2024-12-16 21:59:49.896293 sent 2024-12-16 21:59:49.894804
INFO:Message received on topic: type-2/4 with payload size: 147 at 2024-12-16 21:59:52.510649 sent 2024-12-16 21:59:52.509119
INFO:Message received on topic: type-2/4 with payload size: 197 at 2024-12-16 21:59:55.125454 sent 2024-12-16 21:59:55.123665
INFO:Message received on topic: type-2/4 with payload size: 286 at 2024-12-16 21:59:57.736994 sent 2024-12-16 21:59:57.735122
INFO:Message received on topic: type-2/4 with payload size: 227 at 2024-12-16 22:00:00.345192 sent 2024-12-16 22:00:00.343753
INFO:Message received on topic: type-2/4 with payload size: 184 at 2024-12-16 22:00:02.947522 sent 2024-12-16 22:00:02.946064
INFO:Message received on topic: type-2/4 with payload size: 151 at 2024-12-16 22:00:05.545137 sent 2024-12-16 22:00:05.543943
INFO:Message received on topic: type-2/4 with payload size: 214 at 2024-12-16 22:00:08.143159 sent 2024-12-16 22:00:08.141789
INFO:Message received on topic: type-2/4 with payload size: 318 at 2024-12-16 22:00:10.763222 sent 2024-12-16 22:00:10.761677
INFO:Message received on topic: type-2/4 with payload size: 252 at 2024-12-16 22:00:13.377621 sent 2024-12-16 22:00:13.375603
INFO:Message received on topic: type-2/4 with payload size: 259 at 2024-12-16 22:00:15.987135 sent 2024-12-16 22:00:15.986107
INFO:Message received on topic: type-2/4 with payload size: 255 at 2024-12-16 22:00:18.600656 sent 2024-12-16 22:00:18.598795
INFO:Message received on topic: type-2/4 with payload size: 276 at 2024-12-16 22:00:21.210657 sent 2024-12-16 22:00:21.209054
INFO:Message received on topic: type-2/4 with payload size: 321 at 2024-12-16 22:00:23.819441 sent 2024-12-16 22:00:23.817942
INFO:Message received on topic: type-2/4 with payload size: 141 at 2024-12-16 22:00:26.432347 sent 2024-12-16 22:00:26.430436
INFO:Message received on topic: type-2/4 with payload size: 144 at 2024-12-16 22:00:29.042731 sent 2024-12-16 22:00:29.041339
INFO:Message received on topic: type-2/4 with payload size: 266 at 2024-12-16 22:00:31.649936 sent 2024-12-16 22:00:31.648103
INFO:Message received on topic: type-2/4 with payload size: 262 at 2024-12-16 22:00:34.263836 sent 2024-12-16 22:00:34.261931
INFO:Message received on topic: type-2/4 with payload size: 189 at 2024-12-16 22:00:36.874722 sent 2024-12-16 22:00:36.872315
INFO:Message received on topic: type-2/4 with payload size: 173 at 2024-12-16 22:00:39.485694 sent 2024-12-16 22:00:39.484062
INFO:Message received on topic: type-2/4 with payload size: 244 at 2024-12-16 22:00:42.098989 sent 2024-12-16 22:00:42.096386
INFO:Message received on topic: type-2/4 with payload size: 285 at 2024-12-16 22:00:44.720770 sent 2024-12-16 22:00:44.718178
INFO:Message received on topic: type-2/4 with payload size: 301 at 2024-12-16 22:00:47.332610 sent 2024-12-16 22:00:47.331056
INFO:Message received on topic: type-2/4 with payload size: 249 at 2024-12-16 22:00:49.945026 sent 2024-12-16 22:00:49.943221
INFO:Message received on topic: type-2/4 with payload size: 207 at 2024-12-16 22:00:52.556086 sent 2024-12-16 22:00:52.554607
INFO:Message received on topic: type-2/4 with payload size: 138 at 2024-12-16 22:00:55.165898 sent 2024-12-16 22:00:55.164207
INFO:Message received on topic: type-2/4 with payload size: 207 at 2024-12-16 22:00:57.775585 sent 2024-12-16 22:00:57.774209
INFO:Message received on topic: type-2/4 with payload size: 136 at 2024-12-16 22:01:00.386310 sent 2024-12-16 22:01:00.384179
INFO:Message received on topic: type-2/4 with payload size: 253 at 2024-12-16 22:01:03.002768 sent 2024-12-16 22:01:03.000953
INFO:Message received on topic: type-2/4 with payload size: 241 at 2024-12-16 22:01:05.619881 sent 2024-12-16 22:01:05.617905
INFO:Message received on topic: type-2/4 with payload size: 209 at 2024-12-16 22:01:08.229729 sent 2024-12-16 22:01:08.227671
INFO:Message received on topic: type-2/4 with payload size: 182 at 2024-12-16 22:01:10.842576 sent 2024-12-16 22:01:10.840365
INFO:Message received on topic: type-2/4 with payload size: 240 at 2024-12-16 22:01:13.453507 sent 2024-12-16 22:01:13.451446
INFO:Message received on topic: type-2/4 with payload size: 133 at 2024-12-16 22:01:16.068865 sent 2024-12-16 22:01:16.067911
INFO:Message received on topic: type-2/4 with payload size: 325 at 2024-12-16 22:01:18.679995 sent 2024-12-16 22:01:18.678100
INFO:Message received on topic: type-2/4 with payload size: 327 at 2024-12-16 22:01:21.289574 sent 2024-12-16 22:01:21.287866
INFO:Message received on topic: type-2/4 with payload size: 218 at 2024-12-16 22:01:23.901203 sent 2024-12-16 22:01:23.899439
INFO:Message received on topic: type-2/4 with payload size: 324 at 2024-12-16 22:01:26.517224 sent 2024-12-16 22:01:26.515694
INFO:Message received on topic: type-2/4 with payload size: 300 at 2024-12-16 22:01:29.134677 sent 2024-12-16 22:01:29.133239
INFO:Message received on topic: type-2/4 with payload size: 227 at 2024-12-16 22:01:31.734596 sent 2024-12-16 22:01:31.733225
INFO:Message received on topic: type-2/4 with payload size: 279 at 2024-12-16 22:01:34.332412 sent 2024-12-16 22:01:34.330894
INFO:Message received on topic: type-2/4 with payload size: 221 at 2024-12-16 22:01:36.929326 sent 2024-12-16 22:01:36.927946
INFO:Message received on topic: type-2/4 with payload size: 270 at 2024-12-16 22:01:39.527917 sent 2024-12-16 22:01:39.526589
INFO:Message received on topic: type-2/4 with payload size: 138 at 2024-12-16 22:01:42.125887 sent 2024-12-16 22:01:42.124623
INFO:Message received on topic: type-2/4 with payload size: 185 at 2024-12-16 22:01:44.724486 sent 2024-12-16 22:01:44.722726
INFO:Message received on topic: type-2/4 with payload size: 285 at 2024-12-16 22:01:47.320386 sent 2024-12-16 22:01:47.318569
INFO:Message received on topic: type-2/4 with payload size: 202 at 2024-12-16 22:01:49.926741 sent 2024-12-16 22:01:49.925011
INFO:Message received on topic: type-2/4 with payload size: 152 at 2024-12-16 22:01:52.536561 sent 2024-12-16 22:01:52.533685
INFO:Message received on topic: type-2/4 with payload size: 155 at 2024-12-16 22:01:55.143710 sent 2024-12-16 22:01:55.142001
INFO:Message received on topic: type-2/4 with payload size: 163 at 2024-12-16 22:01:57.753233 sent 2024-12-16 22:01:57.751232
INFO:Message received on topic: type-2/4 with payload size: 139 at 2024-12-16 22:02:00.361399 sent 2024-12-16 22:02:00.359779
INFO:Message received on topic: type-2/4 with payload size: 207 at 2024-12-16 22:02:02.965240 sent 2024-12-16 22:02:02.963435
INFO:Message received on topic: type-2/4 with payload size: 225 at 2024-12-16 22:02:05.568674 sent 2024-12-16 22:02:05.567227
INFO:Message received on topic: type-2/4 with payload size: 295 at 2024-12-16 22:02:08.182641 sent 2024-12-16 22:02:08.180535
INFO:Message received on topic: type-2/4 with payload size: 194 at 2024-12-16 22:02:10.795379 sent 2024-12-16 22:02:10.792357
INFO:Message received on topic: type-2/4 with payload size: 266 at 2024-12-16 22:02:13.407071 sent 2024-12-16 22:02:13.405566
INFO:Message received on topic: type-2/4 with payload size: 198 at 2024-12-16 22:02:16.018092 sent 2024-12-16 22:02:16.017183
INFO:Message received on topic: type-2/4 with payload size: 255 at 2024-12-16 22:02:18.628770 sent 2024-12-16 22:02:18.627512
INFO:Message received on topic: type-2/4 with payload size: 161 at 2024-12-16 22:02:21.240850 sent 2024-12-16 22:02:21.238643
INFO:Message received on topic: type-2/4 with payload size: 152 at 2024-12-16 22:02:23.860812 sent 2024-12-16 22:02:23.851859
INFO:Message received on topic: type-2/4 with payload size: 131 at 2024-12-16 22:02:26.463440 sent 2024-12-16 22:02:26.461949
INFO:Message received on topic: type-2/4 with payload size: 314 at 2024-12-16 22:02:29.080324 sent 2024-12-16 22:02:29.078544
INFO:Message received on topic: type-2/4 with payload size: 170 at 2024-12-16 22:02:31.687579 sent 2024-12-16 22:02:31.686262
INFO:Message received on topic: type-2/4 with payload size: 266 at 2024-12-16 22:02:34.297795 sent 2024-12-16 22:02:34.296513
INFO:Message received on topic: type-2/4 with payload size: 146 at 2024-12-16 22:02:36.908885 sent 2024-12-16 22:02:36.907490
INFO:Message received on topic: type-2/4 with payload size: 174 at 2024-12-16 22:02:39.519999 sent 2024-12-16 22:02:39.518372
INFO:Message received on topic: type-2/4 with payload size: 129 at 2024-12-16 22:02:42.135724 sent 2024-12-16 22:02:42.133949
INFO:Message received on topic: type-2/4 with payload size: 180 at 2024-12-16 22:02:44.749637 sent 2024-12-16 22:02:44.747547
INFO:Message received on topic: type-2/4 with payload size: 189 at 2024-12-16 22:02:47.356334 sent 2024-12-16 22:02:47.354961
INFO:Message received on topic: type-2/4 with payload size: 232 at 2024-12-16 22:02:49.964521 sent 2024-12-16 22:02:49.962725
INFO:Message received on topic: type-2/4 with payload size: 285 at 2024-12-16 22:02:52.576598 sent 2024-12-16 22:02:52.574794
INFO:Message received on topic: type-2/4 with payload size: 190 at 2024-12-16 22:02:55.185164 sent 2024-12-16 22:02:55.183412
INFO:Message received on topic: type-2/4 with payload size: 143 at 2024-12-16 22:02:57.796869 sent 2024-12-16 22:02:57.795631
INFO:Message received on topic: type-2/4 with payload size: 273 at 2024-12-16 22:03:00.406638 sent 2024-12-16 22:03:00.404938
INFO:Message received on topic: type-2/4 with payload size: 223 at 2024-12-16 22:03:03.017037 sent 2024-12-16 22:03:03.014648
INFO:Message received on topic: type-2/4 with payload size: 195 at 2024-12-16 22:03:05.631918 sent 2024-12-16 22:03:05.629986
INFO:Message received on topic: type-2/4 with payload size: 303 at 2024-12-16 22:03:08.239726 sent 2024-12-16 22:03:08.238098
INFO:Message received on topic: type-2/4 with payload size: 146 at 2024-12-16 22:03:10.850389 sent 2024-12-16 22:03:10.847729
INFO:Message received on topic: type-2/4 with payload size: 264 at 2024-12-16 22:03:13.460453 sent 2024-12-16 22:03:13.458371
INFO:Message received on topic: type-2/4 with payload size: 236 at 2024-12-16 22:03:16.072813 sent 2024-12-16 22:03:16.070943
INFO:Message received on topic: type-2/4 with payload size: 128 at 2024-12-16 22:03:18.685145 sent 2024-12-16 22:03:18.683271
INFO:Message received on topic: type-2/4 with payload size: 303 at 2024-12-16 22:03:21.299382 sent 2024-12-16 22:03:21.297688
INFO:Message received on topic: type-2/4 with payload size: 249 at 2024-12-16 22:03:23.917402 sent 2024-12-16 22:03:23.915769
INFO:Message received on topic: type-2/4 with payload size: 216 at 2024-12-16 22:03:26.523352 sent 2024-12-16 22:03:26.521835
INFO:Message received on topic: type-2/4 with payload size: 204 at 2024-12-16 22:03:29.127093 sent 2024-12-16 22:03:29.125276
INFO:Message received on topic: type-2/4 with payload size: 323 at 2024-12-16 22:03:31.742970 sent 2024-12-16 22:03:31.740855
INFO:Message received on topic: type-2/4 with payload size: 292 at 2024-12-16 22:03:34.351394 sent 2024-12-16 22:03:34.349315
INFO:Message received on topic: type-2/4 with payload size: 227 at 2024-12-16 22:03:36.966978 sent 2024-12-16 22:03:36.965158
INFO:Message received on topic: type-2/4 with payload size: 144 at 2024-12-16 22:03:39.575946 sent 2024-12-16 22:03:39.574488
INFO:Message received on topic: type-2/4 with payload size: 146 at 2024-12-16 22:03:42.194894 sent 2024-12-16 22:03:42.192504
INFO:Message received on topic: type-2/4 with payload size: 244 at 2024-12-16 22:03:44.798257 sent 2024-12-16 22:03:44.796884
INFO:Message received on topic: type-2/4 with payload size: 263 at 2024-12-16 22:03:47.412336 sent 2024-12-16 22:03:47.410810
INFO:Message received on topic: type-2/4 with payload size: 245 at 2024-12-16 22:03:50.026871 sent 2024-12-16 22:03:50.025062
INFO:Message received on topic: type-2/4 with payload size: 220 at 2024-12-16 22:03:52.624123 sent 2024-12-16 22:03:52.622856
INFO:Message received on topic: type-2/4 with payload size: 152 at 2024-12-16 22:03:55.220769 sent 2024-12-16 22:03:55.219335
INFO:Message received on topic: type-2/4 with payload size: 218 at 2024-12-16 22:03:57.817739 sent 2024-12-16 22:03:57.816296
INFO:Message received on topic: type-2/4 with payload size: 141 at 2024-12-16 22:04:00.414300 sent 2024-12-16 22:04:00.413172
INFO:Message received on topic: type-2/4 with payload size: 186 at 2024-12-16 22:04:03.011965 sent 2024-12-16 22:04:03.010333
INFO:Message received on topic: type-2/4 with payload size: 274 at 2024-12-16 22:04:05.620136 sent 2024-12-16 22:04:05.618765
INFO:Message received on topic: type-2/4 with payload size: 207 at 2024-12-16 22:04:08.231414 sent 2024-12-16 22:04:08.229863
INFO:Message received on topic: type-2/4 with payload size: 198 at 2024-12-16 22:04:10.839660 sent 2024-12-16 22:04:10.838246
INFO:Message received on topic: type-2/4 with payload size: 222 at 2024-12-16 22:04:13.460440 sent 2024-12-16 22:04:13.458727
INFO:Message received on topic: type-2/4 with payload size: 186 at 2024-12-16 22:04:16.082756 sent 2024-12-16 22:04:16.081876
INFO:Message received on topic: type-2/4 with payload size: 158 at 2024-12-16 22:04:18.690359 sent 2024-12-16 22:04:18.688467
INFO:Message received on topic: type-2/4 with payload size: 192 at 2024-12-16 22:04:21.303076 sent 2024-12-16 22:04:21.301751
INFO:Message received on topic: type-2/4 with payload size: 208 at 2024-12-16 22:04:23.914208 sent 2024-12-16 22:04:23.912828
INFO:Message received on topic: type-2/4 with payload size: 263 at 2024-12-16 22:04:26.524187 sent 2024-12-16 22:04:26.521997
INFO:Message received on topic: type-2/4 with payload size: 302 at 2024-12-16 22:04:29.134783 sent 2024-12-16 22:04:29.132834
INFO:Message received on topic: type-2/4 with payload size: 283 at 2024-12-16 22:04:31.741553 sent 2024-12-16 22:04:31.739744
INFO:Message received on topic: type-2/4 with payload size: 146 at 2024-12-16 22:04:34.359407 sent 2024-12-16 22:04:34.357583
INFO:Message received on topic: type-2/4 with payload size: 222 at 2024-12-16 22:04:36.966150 sent 2024-12-16 22:04:36.964210
INFO:Message received on topic: type-2/4 with payload size: 275 at 2024-12-16 22:04:39.576898 sent 2024-12-16 22:04:39.575527
INFO:Message received on topic: type-2/4 with payload size: 159 at 2024-12-16 22:04:42.177287 sent 2024-12-16 22:04:42.175775
INFO:Message received on topic: type-2/4 with payload size: 291 at 2024-12-16 22:04:44.788584 sent 2024-12-16 22:04:44.786895
INFO:Message received on topic: type-2/4 with payload size: 133 at 2024-12-16 22:04:47.405111 sent 2024-12-16 22:04:47.400603
INFO:Message received on topic: type-2/4 with payload size: 146 at 2024-12-16 22:04:50.006063 sent 2024-12-16 22:04:50.004611
INFO:Message received on topic: type-2/4 with payload size: 322 at 2024-12-16 22:04:52.618757 sent 2024-12-16 22:04:52.617104
INFO:Message received on topic: type-2/4 with payload size: 180 at 2024-12-16 22:04:55.228437 sent 2024-12-16 22:04:55.227007
INFO:Message received on topic: type-2/4 with payload size: 230 at 2024-12-16 22:04:57.839835 sent 2024-12-16 22:04:57.838016
INFO:Message received on topic: type-2/4 with payload size: 186 at 2024-12-16 22:05:00.445124 sent 2024-12-16 22:05:00.443795
INFO:Message received on topic: type-2/4 with payload size: 234 at 2024-12-16 22:05:03.051446 sent 2024-12-16 22:05:03.049680
INFO:Message received on topic: type-2/4 with payload size: 253 at 2024-12-16 22:05:05.666717 sent 2024-12-16 22:05:05.663601
INFO:Message received on topic: type-2/4 with payload size: 141 at 2024-12-16 22:05:08.279946 sent 2024-12-16 22:05:08.277356
INFO:Message received on topic: type-2/4 with payload size: 176 at 2024-12-16 22:05:10.888376 sent 2024-12-16 22:05:10.886984
INFO:Message received on topic: type-2/4 with payload size: 225 at 2024-12-16 22:05:13.500108 sent 2024-12-16 22:05:13.497781
INFO:Message received on topic: type-2/4 with payload size: 207 at 2024-12-16 22:05:16.109856 sent 2024-12-16 22:05:16.107344
INFO:Message received on topic: type-2/4 with payload size: 267 at 2024-12-16 22:05:18.726896 sent 2024-12-16 22:05:18.722840
INFO:Message received on topic: type-2/4 with payload size: 208 at 2024-12-16 22:05:21.332840 sent 2024-12-16 22:05:21.331050
INFO:Message received on topic: type-2/4 with payload size: 150 at 2024-12-16 22:05:23.941377 sent 2024-12-16 22:05:23.939690
INFO:Message received on topic: type-2/4 with payload size: 232 at 2024-12-16 22:05:26.550091 sent 2024-12-16 22:05:26.548219
INFO:Message received on topic: type-2/4 with payload size: 246 at 2024-12-16 22:05:29.156491 sent 2024-12-16 22:05:29.155011
INFO:Message received on topic: type-2/4 with payload size: 224 at 2024-12-16 22:05:31.763243 sent 2024-12-16 22:05:31.761605
INFO:Message received on topic: type-2/4 with payload size: 145 at 2024-12-16 22:05:34.378133 sent 2024-12-16 22:05:34.376640
INFO:Message received on topic: type-2/4 with payload size: 166 at 2024-12-16 22:05:36.985219 sent 2024-12-16 22:05:36.983237
INFO:Message received on topic: type-2/4 with payload size: 156 at 2024-12-16 22:05:39.598779 sent 2024-12-16 22:05:39.596545
INFO:Message received on topic: type-2/4 with payload size: 202 at 2024-12-16 22:05:42.209120 sent 2024-12-16 22:05:42.207576
INFO:Message received on topic: type-2/4 with payload size: 140 at 2024-12-16 22:05:44.834991 sent 2024-12-16 22:05:44.833637
INFO:Message received on topic: type-2/4 with payload size: 189 at 2024-12-16 22:05:47.440574 sent 2024-12-16 22:05:47.439161
INFO:Message received on topic: type-2/4 with payload size: 199 at 2024-12-16 22:05:50.045137 sent 2024-12-16 22:05:50.043253
INFO:Message received on topic: type-2/4 with payload size: 281 at 2024-12-16 22:05:52.657338 sent 2024-12-16 22:05:52.655501
INFO:Message received on topic: type-2/4 with payload size: 234 at 2024-12-16 22:05:55.269761 sent 2024-12-16 22:05:55.268099
INFO:Message received on topic: type-2/4 with payload size: 251 at 2024-12-16 22:05:57.883083 sent 2024-12-16 22:05:57.880505
INFO:Message received on topic: type-2/4 with payload size: 311 at 2024-12-16 22:06:00.487861 sent 2024-12-16 22:06:00.485982
INFO:Message received on topic: type-2/4 with payload size: 140 at 2024-12-16 22:06:03.097098 sent 2024-12-16 22:06:03.094765
INFO:Message received on topic: type-2/4 with payload size: 238 at 2024-12-16 22:06:05.704831 sent 2024-12-16 22:06:05.703374
INFO:Message received on topic: type-2/4 with payload size: 195 at 2024-12-16 22:06:08.312523 sent 2024-12-16 22:06:08.311013
INFO:Message received on topic: type-2/4 with payload size: 253 at 2024-12-16 22:06:10.920260 sent 2024-12-16 22:06:10.918350
INFO:Message received on topic: type-2/4 with payload size: 189 at 2024-12-16 22:06:13.531535 sent 2024-12-16 22:06:13.529700
INFO:Message received on topic: type-2/4 with payload size: 273 at 2024-12-16 22:06:16.141551 sent 2024-12-16 22:06:16.140687
INFO:Message received on topic: type-2/4 with payload size: 214 at 2024-12-16 22:06:18.754504 sent 2024-12-16 22:06:18.753680
INFO:Message received on topic: type-2/4 with payload size: 173 at 2024-12-16 22:06:21.365154 sent 2024-12-16 22:06:21.363375
INFO:Message received on topic: type-2/4 with payload size: 171 at 2024-12-16 22:06:23.976577 sent 2024-12-16 22:06:23.974948
INFO:Message received on topic: type-2/4 with payload size: 163 at 2024-12-16 22:06:26.589129 sent 2024-12-16 22:06:26.587702
INFO:Message received on topic: type-2/4 with payload size: 164 at 2024-12-16 22:06:29.198291 sent 2024-12-16 22:06:29.196720
