starting up version 1.0
starting with cluster address: emqx.dtwins:18083
cluster user set to: my-app and cluster password set to: AAA4A275-BEEC-4AF8-B70B-DAAC0341F8EB
kubernetes api address set to: someaddress:6443
max queue set to: 1000 and max inflight set to: 32
Warning: Metrics have no next page
date: 2024-12-16 23:10:54.374447 |Cluster size: 1 |Queue: total=0, avg=0.00, max=1000 | Inflight: total=0, avg=0.00, max=32
Warning: Metrics have no next page
date: 2024-12-16 23:11:04.407547 |Cluster size: 1 |Queue: total=0, avg=0.00, max=1000 | Inflight: total=0, avg=0.00, max=32
Warning: Metrics have no next page
date: 2024-12-16 23:11:14.448637 |Cluster size: 1 |Queue: total=0, avg=0.00, max=1000 | Inflight: total=0, avg=0.00, max=32
Warning: Metrics have no next page
date: 2024-12-16 23:11:24.496244 |Cluster size: 1 |Queue: total=0, avg=0.00, max=1000 | Inflight: total=0, avg=0.00, max=32
Warning: Metrics have no next page
date: 2024-12-16 23:11:34.554957 |Cluster size: 1 |Queue: total=0, avg=0.00, max=1000 | Inflight: total=0, avg=0.00, max=32
Warning: Metrics have no next page
date: 2024-12-16 23:11:44.624050 |Cluster size: 1 |Queue: total=0, avg=0.00, max=1000 | Inflight: total=0, avg=0.00, max=32
Warning: Metrics have no next page
date: 2024-12-16 23:11:54.694081 |Cluster size: 1 |Queue: total=0, avg=0.00, max=1000 | Inflight: total=0, avg=0.00, max=32
Warning: Metrics have no next page
date: 2024-12-16 23:12:04.746763 |Cluster size: 1 |Queue: total=0, avg=0.00, max=1000 | Inflight: total=0, avg=0.00, max=32
Warning: Metrics have no next page
date: 2024-12-16 23:12:14.788863 |Cluster size: 1 |Queue: total=0, avg=0.00, max=1000 | Inflight: total=0, avg=0.00, max=32
Warning: Metrics have no next page
date: 2024-12-16 23:12:24.843032 |Cluster size: 1 |Queue: total=0, avg=0.00, max=1000 | Inflight: total=0, avg=0.00, max=32
Warning: Metrics have no next page
date: 2024-12-16 23:12:34.916725 |Cluster size: 1 |Queue: total=0, avg=0.00, max=1000 | Inflight: total=4, avg=4.00, max=32
Warning: Metrics have no next page
date: 2024-12-16 23:12:45.027691 |Cluster size: 1 |Queue: total=0, avg=0.00, max=1000 | Inflight: total=16, avg=16.00, max=32
Warning: Metrics have no next page
date: 2024-12-16 23:12:55.292485 |Cluster size: 1 |Queue: total=0, avg=0.00, max=1000 | Inflight: total=31, avg=31.00, max=32
Warning: Metrics have no next page
date: 2024-12-16 23:13:05.424712 |Cluster size: 1 |Queue: total=0, avg=0.00, max=1000 | Inflight: total=56, avg=56.00, max=32
Warning: Metrics have no next page
date: 2024-12-16 23:13:15.545716 |Cluster size: 1 |Queue: total=0, avg=0.00, max=1000 | Inflight: total=78, avg=78.00, max=32
Warning: Metrics have no next page
date: 2024-12-16 23:13:25.688533 |Cluster size: 1 |Queue: total=0, avg=0.00, max=1000 | Inflight: total=70, avg=70.00, max=32
Warning: Metrics have no next page
date: 2024-12-16 23:13:35.810553 |Cluster size: 1 |Queue: total=0, avg=0.00, max=1000 | Inflight: total=62, avg=62.00, max=32
Warning: Metrics have no next page
date: 2024-12-16 23:13:46.247471 |Cluster size: 1 |Queue: total=0, avg=0.00, max=1000 | Inflight: total=92, avg=92.00, max=32
Warning: Metrics have no next page
date: 2024-12-16 23:13:56.338764 |Cluster size: 1 |Queue: total=0, avg=0.00, max=1000 | Inflight: total=77, avg=77.00, max=32
Warning: Metrics have no next page
date: 2024-12-16 23:14:06.537321 |Cluster size: 1 |Queue: total=0, avg=0.00, max=1000 | Inflight: total=65, avg=65.00, max=32
Warning: Metrics have no next page
date: 2024-12-16 23:14:16.777214 |Cluster size: 1 |Queue: total=0, avg=0.00, max=1000 | Inflight: total=70, avg=70.00, max=32
Warning: Metrics have no next page
date: 2024-12-16 23:14:27.278939 |Cluster size: 1 |Queue: total=0, avg=0.00, max=1000 | Inflight: total=81, avg=81.00, max=32
Warning: Metrics have no next page
date: 2024-12-16 23:14:37.708460 |Cluster size: 1 |Queue: total=0, avg=0.00, max=1000 | Inflight: total=90, avg=90.00, max=32
Warning: Metrics have no next page
date: 2024-12-16 23:14:47.824820 |Cluster size: 1 |Queue: total=0, avg=0.00, max=1000 | Inflight: total=80, avg=80.00, max=32
Warning: Metrics have no next page
date: 2024-12-16 23:14:58.021755 |Cluster size: 1 |Queue: total=0, avg=0.00, max=1000 | Inflight: total=73, avg=73.00, max=32
Warning: Metrics have no next page
date: 2024-12-16 23:15:08.227583 |Cluster size: 1 |Queue: total=0, avg=0.00, max=1000 | Inflight: total=72, avg=72.00, max=32
Warning: Metrics have no next page
date: 2024-12-16 23:15:18.539775 |Cluster size: 1 |Queue: total=0, avg=0.00, max=1000 | Inflight: total=55, avg=55.00, max=32
Warning: Metrics have no next page
date: 2024-12-16 23:15:28.777701 |Cluster size: 1 |Queue: total=0, avg=0.00, max=1000 | Inflight: total=51, avg=51.00, max=32
Warning: Metrics have no next page
date: 2024-12-16 23:15:39.017731 |Cluster size: 1 |Queue: total=0, avg=0.00, max=1000 | Inflight: total=43, avg=43.00, max=32
Warning: Metrics have no next page
date: 2024-12-16 23:15:49.276489 |Cluster size: 1 |Queue: total=0, avg=0.00, max=1000 | Inflight: total=45, avg=45.00, max=32
Warning: Metrics have no next page
date: 2024-12-16 23:15:59.427918 |Cluster size: 1 |Queue: total=0, avg=0.00, max=1000 | Inflight: total=66, avg=66.00, max=32
Warning: Metrics have no next page
date: 2024-12-16 23:16:09.577018 |Cluster size: 1 |Queue: total=0, avg=0.00, max=1000 | Inflight: total=60, avg=60.00, max=32
Warning: Metrics have no next page
date: 2024-12-16 23:16:19.878251 |Cluster size: 1 |Queue: total=0, avg=0.00, max=1000 | Inflight: total=64, avg=64.00, max=32
Warning: Metrics have no next page
date: 2024-12-16 23:16:30.131765 |Cluster size: 1 |Queue: total=0, avg=0.00, max=1000 | Inflight: total=64, avg=64.00, max=32
Warning: Metrics have no next page
date: 2024-12-16 23:16:40.254058 |Cluster size: 1 |Queue: total=0, avg=0.00, max=1000 | Inflight: total=59, avg=59.00, max=32
Warning: Metrics have no next page
date: 2024-12-16 23:16:50.477486 |Cluster size: 1 |Queue: total=0, avg=0.00, max=1000 | Inflight: total=58, avg=58.00, max=32
Warning: Metrics have no next page
date: 2024-12-16 23:17:00.729563 |Cluster size: 1 |Queue: total=0, avg=0.00, max=1000 | Inflight: total=79, avg=79.00, max=32
Warning: Metrics have no next page
date: 2024-12-16 23:17:10.937564 |Cluster size: 1 |Queue: total=0, avg=0.00, max=1000 | Inflight: total=87, avg=87.00, max=32
Warning: Metrics have no next page
date: 2024-12-16 23:17:21.154998 |Cluster size: 1 |Queue: total=0, avg=0.00, max=1000 | Inflight: total=61, avg=61.00, max=32
Warning: Metrics have no next page
date: 2024-12-16 23:17:31.309671 |Cluster size: 1 |Queue: total=0, avg=0.00, max=1000 | Inflight: total=89, avg=89.00, max=32
Warning: Metrics have no next page
date: 2024-12-16 23:17:41.538276 |Cluster size: 1 |Queue: total=0, avg=0.00, max=1000 | Inflight: total=97, avg=97.00, max=32
Warning: Metrics have no next page
date: 2024-12-16 23:17:51.677431 |Cluster size: 1 |Queue: total=0, avg=0.00, max=1000 | Inflight: total=72, avg=72.00, max=32
Warning: Metrics have no next page
date: 2024-12-16 23:18:02.312143 |Cluster size: 1 |Queue: total=0, avg=0.00, max=1000 | Inflight: total=84, avg=84.00, max=32
Warning: Metrics have no next page
date: 2024-12-16 23:18:12.553852 |Cluster size: 1 |Queue: total=0, avg=0.00, max=1000 | Inflight: total=65, avg=65.00, max=32
Warning: Metrics have no next page
date: 2024-12-16 23:18:22.877582 |Cluster size: 1 |Queue: total=0, avg=0.00, max=1000 | Inflight: total=64, avg=64.00, max=32
Warning: Metrics have no next page
date: 2024-12-16 23:18:33.008959 |Cluster size: 1 |Queue: total=0, avg=0.00, max=1000 | Inflight: total=68, avg=68.00, max=32
Warning: Metrics have no next page
date: 2024-12-16 23:18:43.055243 |Cluster size: 1 |Queue: total=0, avg=0.00, max=1000 | Inflight: total=61, avg=61.00, max=32
Warning: Metrics have no next page
date: 2024-12-16 23:18:53.146230 |Cluster size: 1 |Queue: total=0, avg=0.00, max=1000 | Inflight: total=67, avg=67.00, max=32
Warning: Metrics have no next page
date: 2024-12-16 23:19:03.309007 |Cluster size: 1 |Queue: total=0, avg=0.00, max=1000 | Inflight: total=58, avg=58.00, max=32
Warning: Metrics have no next page
date: 2024-12-16 23:19:13.409881 |Cluster size: 1 |Queue: total=0, avg=0.00, max=1000 | Inflight: total=66, avg=66.00, max=32
Warning: Metrics have no next page
date: 2024-12-16 23:19:23.676401 |Cluster size: 1 |Queue: total=0, avg=0.00, max=1000 | Inflight: total=66, avg=66.00, max=32
Warning: Metrics have no next page
date: 2024-12-16 23:19:33.811471 |Cluster size: 1 |Queue: total=0, avg=0.00, max=1000 | Inflight: total=42, avg=42.00, max=32
Warning: Metrics have no next page
date: 2024-12-16 23:19:44.153646 |Cluster size: 1 |Queue: total=0, avg=0.00, max=1000 | Inflight: total=54, avg=54.00, max=32
Warning: Metrics have no next page
date: 2024-12-16 23:19:54.642647 |Cluster size: 1 |Queue: total=0, avg=0.00, max=1000 | Inflight: total=66, avg=66.00, max=32
Warning: Metrics have no next page
date: 2024-12-16 23:20:05.220259 |Cluster size: 1 |Queue: total=0, avg=0.00, max=1000 | Inflight: total=53, avg=53.00, max=32
Warning: Metrics have no next page
date: 2024-12-16 23:20:15.339189 |Cluster size: 1 |Queue: total=0, avg=0.00, max=1000 | Inflight: total=77, avg=77.00, max=32
Warning: Metrics have no next page
date: 2024-12-16 23:20:25.443197 |Cluster size: 1 |Queue: total=0, avg=0.00, max=1000 | Inflight: total=83, avg=83.00, max=32
Warning: Metrics have no next page
date: 2024-12-16 23:20:35.709872 |Cluster size: 1 |Queue: total=0, avg=0.00, max=1000 | Inflight: total=59, avg=59.00, max=32
Warning: Metrics have no next page
date: 2024-12-16 23:20:45.755112 |Cluster size: 1 |Queue: total=0, avg=0.00, max=1000 | Inflight: total=47, avg=47.00, max=32
Warning: Metrics have no next page
date: 2024-12-16 23:20:56.023928 |Cluster size: 1 |Queue: total=0, avg=0.00, max=1000 | Inflight: total=43, avg=43.00, max=32
Warning: Metrics have no next page
date: 2024-12-16 23:21:06.136875 |Cluster size: 1 |Queue: total=0, avg=0.00, max=1000 | Inflight: total=28, avg=28.00, max=32
Warning: Metrics have no next page
date: 2024-12-16 23:21:16.346736 |Cluster size: 1 |Queue: total=0, avg=0.00, max=1000 | Inflight: total=21, avg=21.00, max=32
Warning: Metrics have no next page
date: 2024-12-16 23:21:26.439714 |Cluster size: 1 |Queue: total=0, avg=0.00, max=1000 | Inflight: total=17, avg=17.00, max=32
Warning: Metrics have no next page
date: 2024-12-16 23:21:36.619286 |Cluster size: 1 |Queue: total=0, avg=0.00, max=1000 | Inflight: total=15, avg=15.00, max=32
Warning: Metrics have no next page
date: 2024-12-16 23:21:46.717613 |Cluster size: 1 |Queue: total=0, avg=0.00, max=1000 | Inflight: total=20, avg=20.00, max=32
Warning: Metrics have no next page
date: 2024-12-16 23:21:56.801247 |Cluster size: 1 |Queue: total=0, avg=0.00, max=1000 | Inflight: total=17, avg=17.00, max=32
Warning: Metrics have no next page
date: 2024-12-16 23:22:06.842703 |Cluster size: 1 |Queue: total=0, avg=0.00, max=1000 | Inflight: total=17, avg=17.00, max=32
Warning: Metrics have no next page
date: 2024-12-16 23:22:16.925569 |Cluster size: 1 |Queue: total=0, avg=0.00, max=1000 | Inflight: total=15, avg=15.00, max=32
Warning: Metrics have no next page
date: 2024-12-16 23:22:27.011432 |Cluster size: 1 |Queue: total=0, avg=0.00, max=1000 | Inflight: total=11, avg=11.00, max=32
Warning: Metrics have no next page
date: 2024-12-16 23:22:37.056604 |Cluster size: 1 |Queue: total=0, avg=0.00, max=1000 | Inflight: total=6, avg=6.00, max=32
Warning: Metrics have no next page
date: 2024-12-16 23:22:47.095092 |Cluster size: 1 |Queue: total=0, avg=0.00, max=1000 | Inflight: total=1, avg=1.00, max=32
Warning: Metrics have no next page
date: 2024-12-16 23:22:57.134851 |Cluster size: 1 |Queue: total=0, avg=0.00, max=1000 | Inflight: total=1, avg=1.00, max=32
Warning: Metrics have no next page
date: 2024-12-16 23:23:07.173286 |Cluster size: 1 |Queue: total=0, avg=0.00, max=1000 | Inflight: total=1, avg=1.00, max=32
Warning: Metrics have no next page
date: 2024-12-16 23:23:17.213314 |Cluster size: 1 |Queue: total=0, avg=0.00, max=1000 | Inflight: total=2, avg=2.00, max=32
Warning: Metrics have no next page
date: 2024-12-16 23:23:27.255954 |Cluster size: 1 |Queue: total=0, avg=0.00, max=1000 | Inflight: total=0, avg=0.00, max=32
Warning: Metrics have no next page
date: 2024-12-16 23:23:37.351237 |Cluster size: 1 |Queue: total=0, avg=0.00, max=1000 | Inflight: total=1, avg=1.00, max=32
Warning: Metrics have no next page
date: 2024-12-16 23:23:47.433317 |Cluster size: 1 |Queue: total=0, avg=0.00, max=1000 | Inflight: total=0, avg=0.00, max=32
Warning: Metrics have no next page
date: 2024-12-16 23:23:57.506357 |Cluster size: 1 |Queue: total=0, avg=0.00, max=1000 | Inflight: total=0, avg=0.00, max=32
Warning: Metrics have no next page
date: 2024-12-16 23:24:07.585835 |Cluster size: 1 |Queue: total=0, avg=0.00, max=1000 | Inflight: total=0, avg=0.00, max=32
Warning: Metrics have no next page
date: 2024-12-16 23:24:17.669151 |Cluster size: 1 |Queue: total=0, avg=0.00, max=1000 | Inflight: total=0, avg=0.00, max=32
Warning: Metrics have no next page
date: 2024-12-16 23:24:27.746915 |Cluster size: 1 |Queue: total=0, avg=0.00, max=1000 | Inflight: total=0, avg=0.00, max=32
Warning: Metrics have no next page
date: 2024-12-16 23:24:37.834267 |Cluster size: 1 |Queue: total=0, avg=0.00, max=1000 | Inflight: total=0, avg=0.00, max=32
Warning: Metrics have no next page
date: 2024-12-16 23:24:47.906338 |Cluster size: 1 |Queue: total=0, avg=0.00, max=1000 | Inflight: total=0, avg=0.00, max=32
Warning: Metrics have no next page
date: 2024-12-16 23:24:57.978395 |Cluster size: 1 |Queue: total=0, avg=0.00, max=1000 | Inflight: total=0, avg=0.00, max=32
Warning: Metrics have no next page
date: 2024-12-16 23:25:08.050935 |Cluster size: 1 |Queue: total=0, avg=0.00, max=1000 | Inflight: total=0, avg=0.00, max=32
Warning: Metrics have no next page
date: 2024-12-16 23:25:18.129169 |Cluster size: 1 |Queue: total=0, avg=0.00, max=1000 | Inflight: total=0, avg=0.00, max=32
Warning: Metrics have no next page
date: 2024-12-16 23:25:28.209714 |Cluster size: 1 |Queue: total=0, avg=0.00, max=1000 | Inflight: total=0, avg=0.00, max=32
Warning: Metrics have no next page
date: 2024-12-16 23:25:38.285184 |Cluster size: 1 |Queue: total=0, avg=0.00, max=1000 | Inflight: total=0, avg=0.00, max=32
Warning: Metrics have no next page
date: 2024-12-16 23:25:48.356451 |Cluster size: 1 |Queue: total=0, avg=0.00, max=1000 | Inflight: total=0, avg=0.00, max=32
Warning: Metrics have no next page
date: 2024-12-16 23:25:58.431076 |Cluster size: 1 |Queue: total=0, avg=0.00, max=1000 | Inflight: total=0, avg=0.00, max=32
Warning: Metrics have no next page
date: 2024-12-16 23:26:08.501835 |Cluster size: 1 |Queue: total=0, avg=0.00, max=1000 | Inflight: total=0, avg=0.00, max=32
Warning: Metrics have no next page
date: 2024-12-16 23:26:18.583055 |Cluster size: 1 |Queue: total=0, avg=0.00, max=1000 | Inflight: total=0, avg=0.00, max=32
Warning: Metrics have no next page
date: 2024-12-16 23:26:28.662956 |Cluster size: 1 |Queue: total=0, avg=0.00, max=1000 | Inflight: total=0, avg=0.00, max=32
Warning: Metrics have no next page
date: 2024-12-16 23:26:38.752025 |Cluster size: 1 |Queue: total=0, avg=0.00, max=1000 | Inflight: total=0, avg=0.00, max=32
Warning: Metrics have no next page
date: 2024-12-16 23:26:48.846010 |Cluster size: 1 |Queue: total=0, avg=0.00, max=1000 | Inflight: total=0, avg=0.00, max=32
Warning: Metrics have no next page
date: 2024-12-16 23:26:58.926196 |Cluster size: 1 |Queue: total=0, avg=0.00, max=1000 | Inflight: total=0, avg=0.00, max=32
Warning: Metrics have no next page
date: 2024-12-16 23:27:09.000980 |Cluster size: 1 |Queue: total=0, avg=0.00, max=1000 | Inflight: total=0, avg=0.00, max=32
Warning: Metrics have no next page
date: 2024-12-16 23:27:19.084319 |Cluster size: 1 |Queue: total=0, avg=0.00, max=1000 | Inflight: total=0, avg=0.00, max=32
Warning: Metrics have no next page
date: 2024-12-16 23:27:29.150197 |Cluster size: 1 |Queue: total=0, avg=0.00, max=1000 | Inflight: total=0, avg=0.00, max=32
Warning: Metrics have no next page
date: 2024-12-16 23:27:39.237957 |Cluster size: 1 |Queue: total=0, avg=0.00, max=1000 | Inflight: total=0, avg=0.00, max=32
Warning: Metrics have no next page
date: 2024-12-16 23:27:49.315486 |Cluster size: 1 |Queue: total=0, avg=0.00, max=1000 | Inflight: total=0, avg=0.00, max=32
Warning: Metrics have no next page
date: 2024-12-16 23:27:59.396199 |Cluster size: 1 |Queue: total=0, avg=0.00, max=1000 | Inflight: total=0, avg=0.00, max=32
Warning: Metrics have no next page
date: 2024-12-16 23:28:09.485825 |Cluster size: 1 |Queue: total=0, avg=0.00, max=1000 | Inflight: total=0, avg=0.00, max=32
Warning: Metrics have no next page
date: 2024-12-16 23:28:19.567607 |Cluster size: 1 |Queue: total=0, avg=0.00, max=1000 | Inflight: total=0, avg=0.00, max=32
Warning: Metrics have no next page
date: 2024-12-16 23:28:29.639408 |Cluster size: 1 |Queue: total=0, avg=0.00, max=1000 | Inflight: total=0, avg=0.00, max=32
Warning: Metrics have no next page
date: 2024-12-16 23:28:39.719919 |Cluster size: 1 |Queue: total=0, avg=0.00, max=1000 | Inflight: total=0, avg=0.00, max=32
Warning: Metrics have no next page
date: 2024-12-16 23:28:49.812261 |Cluster size: 1 |Queue: total=0, avg=0.00, max=1000 | Inflight: total=0, avg=0.00, max=32
Warning: Metrics have no next page
date: 2024-12-16 23:28:59.895107 |Cluster size: 1 |Queue: total=0, avg=0.00, max=1000 | Inflight: total=0, avg=0.00, max=32
Warning: Metrics have no next page
date: 2024-12-16 23:29:09.980770 |Cluster size: 1 |Queue: total=0, avg=0.00, max=1000 | Inflight: total=0, avg=0.00, max=32
Warning: Metrics have no next page
date: 2024-12-16 23:29:20.060873 |Cluster size: 1 |Queue: total=0, avg=0.00, max=1000 | Inflight: total=0, avg=0.00, max=32
Warning: Metrics have no next page
date: 2024-12-16 23:29:30.143341 |Cluster size: 1 |Queue: total=0, avg=0.00, max=1000 | Inflight: total=0, avg=0.00, max=32
Warning: Metrics have no next page
date: 2024-12-16 23:29:40.214691 |Cluster size: 1 |Queue: total=0, avg=0.00, max=1000 | Inflight: total=0, avg=0.00, max=32
Warning: Metrics have no next page
date: 2024-12-16 23:29:50.290447 |Cluster size: 1 |Queue: total=0, avg=0.00, max=1000 | Inflight: total=0, avg=0.00, max=32
Warning: Metrics have no next page
date: 2024-12-16 23:30:00.372566 |Cluster size: 1 |Queue: total=0, avg=0.00, max=1000 | Inflight: total=0, avg=0.00, max=32
Warning: Metrics have no next page
date: 2024-12-16 23:30:10.444439 |Cluster size: 1 |Queue: total=0, avg=0.00, max=1000 | Inflight: total=0, avg=0.00, max=32
Warning: Metrics have no next page
date: 2024-12-16 23:30:20.523742 |Cluster size: 1 |Queue: total=0, avg=0.00, max=1000 | Inflight: total=0, avg=0.00, max=32
Warning: Metrics have no next page
date: 2024-12-16 23:30:30.595856 |Cluster size: 1 |Queue: total=0, avg=0.00, max=1000 | Inflight: total=0, avg=0.00, max=32
Warning: Metrics have no next page
date: 2024-12-16 23:30:40.670603 |Cluster size: 1 |Queue: total=0, avg=0.00, max=1000 | Inflight: total=0, avg=0.00, max=32
Warning: Metrics have no next page
date: 2024-12-16 23:30:50.756796 |Cluster size: 1 |Queue: total=0, avg=0.00, max=1000 | Inflight: total=0, avg=0.00, max=32
Warning: Metrics have no next page
date: 2024-12-16 23:31:00.829423 |Cluster size: 1 |Queue: total=0, avg=0.00, max=1000 | Inflight: total=0, avg=0.00, max=32
Warning: Metrics have no next page
date: 2024-12-16 23:31:10.903346 |Cluster size: 1 |Queue: total=0, avg=0.00, max=1000 | Inflight: total=0, avg=0.00, max=32
Warning: Metrics have no next page
date: 2024-12-16 23:31:20.982490 |Cluster size: 1 |Queue: total=0, avg=0.00, max=1000 | Inflight: total=0, avg=0.00, max=32
Warning: Metrics have no next page
date: 2024-12-16 23:31:31.069805 |Cluster size: 1 |Queue: total=0, avg=0.00, max=1000 | Inflight: total=0, avg=0.00, max=32
Warning: Metrics have no next page
date: 2024-12-16 23:31:41.146398 |Cluster size: 1 |Queue: total=0, avg=0.00, max=1000 | Inflight: total=0, avg=0.00, max=32
Warning: Metrics have no next page
date: 2024-12-16 23:31:51.226096 |Cluster size: 1 |Queue: total=0, avg=0.00, max=1000 | Inflight: total=0, avg=0.00, max=32
Warning: Metrics have no next page
date: 2024-12-16 23:32:01.301303 |Cluster size: 1 |Queue: total=0, avg=0.00, max=1000 | Inflight: total=0, avg=0.00, max=32
Warning: Metrics have no next page
date: 2024-12-16 23:32:11.366735 |Cluster size: 1 |Queue: total=0, avg=0.00, max=1000 | Inflight: total=0, avg=0.00, max=32
Warning: Metrics have no next page
date: 2024-12-16 23:32:21.442177 |Cluster size: 1 |Queue: total=0, avg=0.00, max=1000 | Inflight: total=0, avg=0.00, max=32
Warning: Metrics have no next page
date: 2024-12-16 23:32:31.524068 |Cluster size: 1 |Queue: total=0, avg=0.00, max=1000 | Inflight: total=0, avg=0.00, max=32
Warning: Metrics have no next page
date: 2024-12-16 23:32:41.606369 |Cluster size: 1 |Queue: total=0, avg=0.00, max=1000 | Inflight: total=0, avg=0.00, max=32
Warning: Metrics have no next page
date: 2024-12-16 23:32:51.692419 |Cluster size: 1 |Queue: total=0, avg=0.00, max=1000 | Inflight: total=0, avg=0.00, max=32
Warning: Metrics have no next page
date: 2024-12-16 23:33:01.763193 |Cluster size: 1 |Queue: total=0, avg=0.00, max=1000 | Inflight: total=0, avg=0.00, max=32
Warning: Metrics have no next page
date: 2024-12-16 23:33:11.838277 |Cluster size: 1 |Queue: total=0, avg=0.00, max=1000 | Inflight: total=0, avg=0.00, max=32
Warning: Metrics have no next page
date: 2024-12-16 23:33:21.915189 |Cluster size: 1 |Queue: total=0, avg=0.00, max=1000 | Inflight: total=0, avg=0.00, max=32
Warning: Metrics have no next page
date: 2024-12-16 23:33:32.000532 |Cluster size: 1 |Queue: total=0, avg=0.00, max=1000 | Inflight: total=0, avg=0.00, max=32
Warning: Metrics have no next page
date: 2024-12-16 23:33:42.080208 |Cluster size: 1 |Queue: total=0, avg=0.00, max=1000 | Inflight: total=0, avg=0.00, max=32
Warning: Metrics have no next page
date: 2024-12-16 23:33:52.161743 |Cluster size: 1 |Queue: total=0, avg=0.00, max=1000 | Inflight: total=0, avg=0.00, max=32
Warning: Metrics have no next page
date: 2024-12-16 23:34:02.249733 |Cluster size: 1 |Queue: total=0, avg=0.00, max=1000 | Inflight: total=0, avg=0.00, max=32
Warning: Metrics have no next page
date: 2024-12-16 23:34:12.333193 |Cluster size: 1 |Queue: total=0, avg=0.00, max=1000 | Inflight: total=0, avg=0.00, max=32
Warning: Metrics have no next page
date: 2024-12-16 23:34:22.423856 |Cluster size: 1 |Queue: total=0, avg=0.00, max=1000 | Inflight: total=0, avg=0.00, max=32
Warning: Metrics have no next page
date: 2024-12-16 23:34:32.504739 |Cluster size: 1 |Queue: total=0, avg=0.00, max=1000 | Inflight: total=0, avg=0.00, max=32
Warning: Metrics have no next page
date: 2024-12-16 23:34:42.574371 |Cluster size: 1 |Queue: total=0, avg=0.00, max=1000 | Inflight: total=0, avg=0.00, max=32
Warning: Metrics have no next page
date: 2024-12-16 23:34:52.654038 |Cluster size: 1 |Queue: total=0, avg=0.00, max=1000 | Inflight: total=0, avg=0.00, max=32
Warning: Metrics have no next page
date: 2024-12-16 23:35:02.745476 |Cluster size: 1 |Queue: total=0, avg=0.00, max=1000 | Inflight: total=0, avg=0.00, max=32
Warning: Metrics have no next page
date: 2024-12-16 23:35:12.827083 |Cluster size: 1 |Queue: total=0, avg=0.00, max=1000 | Inflight: total=0, avg=0.00, max=32
Warning: Metrics have no next page
date: 2024-12-16 23:35:22.908818 |Cluster size: 1 |Queue: total=0, avg=0.00, max=1000 | Inflight: total=0, avg=0.00, max=32
Warning: Metrics have no next page
date: 2024-12-16 23:35:32.994152 |Cluster size: 1 |Queue: total=0, avg=0.00, max=1000 | Inflight: total=0, avg=0.00, max=32
Warning: Metrics have no next page
date: 2024-12-16 23:35:43.077092 |Cluster size: 1 |Queue: total=0, avg=0.00, max=1000 | Inflight: total=0, avg=0.00, max=32
Warning: Metrics have no next page
date: 2024-12-16 23:35:53.149156 |Cluster size: 1 |Queue: total=0, avg=0.00, max=1000 | Inflight: total=0, avg=0.00, max=32
Warning: Metrics have no next page
date: 2024-12-16 23:36:03.199523 |Cluster size: 1 |Queue: total=0, avg=0.00, max=1000 | Inflight: total=0, avg=0.00, max=32
Warning: Metrics have no next page
date: 2024-12-16 23:36:13.278080 |Cluster size: 1 |Queue: total=0, avg=0.00, max=1000 | Inflight: total=0, avg=0.00, max=32
Warning: Metrics have no next page
date: 2024-12-16 23:36:23.352265 |Cluster size: 1 |Queue: total=0, avg=0.00, max=1000 | Inflight: total=0, avg=0.00, max=32
Warning: Metrics have no next page
date: 2024-12-16 23:36:33.433428 |Cluster size: 1 |Queue: total=0, avg=0.00, max=1000 | Inflight: total=0, avg=0.00, max=32
Warning: Metrics have no next page
date: 2024-12-16 23:36:43.503978 |Cluster size: 1 |Queue: total=0, avg=0.00, max=1000 | Inflight: total=0, avg=0.00, max=32
Warning: Metrics have no next page
date: 2024-12-16 23:36:53.585428 |Cluster size: 1 |Queue: total=0, avg=0.00, max=1000 | Inflight: total=0, avg=0.00, max=32
Warning: Metrics have no next page
date: 2024-12-16 23:37:03.668484 |Cluster size: 1 |Queue: total=0, avg=0.00, max=1000 | Inflight: total=0, avg=0.00, max=32
Warning: Metrics have no next page
date: 2024-12-16 23:37:13.740541 |Cluster size: 1 |Queue: total=0, avg=0.00, max=1000 | Inflight: total=0, avg=0.00, max=32
Warning: Metrics have no next page
date: 2024-12-16 23:37:23.815824 |Cluster size: 1 |Queue: total=0, avg=0.00, max=1000 | Inflight: total=0, avg=0.00, max=32
Warning: Metrics have no next page
date: 2024-12-16 23:37:33.891088 |Cluster size: 1 |Queue: total=0, avg=0.00, max=1000 | Inflight: total=0, avg=0.00, max=32
Warning: Metrics have no next page
date: 2024-12-16 23:37:43.971584 |Cluster size: 1 |Queue: total=0, avg=0.00, max=1000 | Inflight: total=0, avg=0.00, max=32
Warning: Metrics have no next page
date: 2024-12-16 23:37:54.061020 |Cluster size: 1 |Queue: total=0, avg=0.00, max=1000 | Inflight: total=0, avg=0.00, max=32
Warning: Metrics have no next page
date: 2024-12-16 23:38:04.138739 |Cluster size: 1 |Queue: total=0, avg=0.00, max=1000 | Inflight: total=0, avg=0.00, max=32
Warning: Metrics have no next page
date: 2024-12-16 23:38:14.206450 |Cluster size: 1 |Queue: total=0, avg=0.00, max=1000 | Inflight: total=0, avg=0.00, max=32
Warning: Metrics have no next page
date: 2024-12-16 23:38:24.279934 |Cluster size: 1 |Queue: total=0, avg=0.00, max=1000 | Inflight: total=0, avg=0.00, max=32
Warning: Metrics have no next page
date: 2024-12-16 23:38:34.363455 |Cluster size: 1 |Queue: total=0, avg=0.00, max=1000 | Inflight: total=0, avg=0.00, max=32
Warning: Metrics have no next page
date: 2024-12-16 23:38:44.442720 |Cluster size: 1 |Queue: total=0, avg=0.00, max=1000 | Inflight: total=0, avg=0.00, max=32
Warning: Metrics have no next page
date: 2024-12-16 23:38:54.519044 |Cluster size: 1 |Queue: total=0, avg=0.00, max=1000 | Inflight: total=0, avg=0.00, max=32
Warning: Metrics have no next page
date: 2024-12-16 23:39:04.599364 |Cluster size: 1 |Queue: total=0, avg=0.00, max=1000 | Inflight: total=0, avg=0.00, max=32
Warning: Metrics have no next page
date: 2024-12-16 23:39:14.669922 |Cluster size: 1 |Queue: total=0, avg=0.00, max=1000 | Inflight: total=0, avg=0.00, max=32
Warning: Metrics have no next page
date: 2024-12-16 23:39:24.752810 |Cluster size: 1 |Queue: total=0, avg=0.00, max=1000 | Inflight: total=0, avg=0.00, max=32
Warning: Metrics have no next page
date: 2024-12-16 23:39:34.825309 |Cluster size: 1 |Queue: total=0, avg=0.00, max=1000 | Inflight: total=0, avg=0.00, max=32
Warning: Metrics have no next page
date: 2024-12-16 23:39:44.914124 |Cluster size: 1 |Queue: total=0, avg=0.00, max=1000 | Inflight: total=0, avg=0.00, max=32
Warning: Metrics have no next page
date: 2024-12-16 23:39:55.003987 |Cluster size: 1 |Queue: total=0, avg=0.00, max=1000 | Inflight: total=0, avg=0.00, max=32
Warning: Metrics have no next page
date: 2024-12-16 23:40:05.089395 |Cluster size: 1 |Queue: total=0, avg=0.00, max=1000 | Inflight: total=0, avg=0.00, max=32
Warning: Metrics have no next page
date: 2024-12-16 23:40:15.173090 |Cluster size: 1 |Queue: total=0, avg=0.00, max=1000 | Inflight: total=0, avg=0.00, max=32
Warning: Metrics have no next page
date: 2024-12-16 23:40:25.243473 |Cluster size: 1 |Queue: total=0, avg=0.00, max=1000 | Inflight: total=0, avg=0.00, max=32
Warning: Metrics have no next page
date: 2024-12-16 23:40:35.324000 |Cluster size: 1 |Queue: total=0, avg=0.00, max=1000 | Inflight: total=0, avg=0.00, max=32
Warning: Metrics have no next page
date: 2024-12-16 23:40:45.402715 |Cluster size: 1 |Queue: total=0, avg=0.00, max=1000 | Inflight: total=0, avg=0.00, max=32
Warning: Metrics have no next page
date: 2024-12-16 23:40:55.485373 |Cluster size: 1 |Queue: total=0, avg=0.00, max=1000 | Inflight: total=0, avg=0.00, max=32
Warning: Metrics have no next page
date: 2024-12-16 23:41:05.564926 |Cluster size: 1 |Queue: total=0, avg=0.00, max=1000 | Inflight: total=0, avg=0.00, max=32
Warning: Metrics have no next page
date: 2024-12-16 23:41:15.644921 |Cluster size: 1 |Queue: total=0, avg=0.00, max=1000 | Inflight: total=0, avg=0.00, max=32
Warning: Metrics have no next page
date: 2024-12-16 23:41:25.724083 |Cluster size: 1 |Queue: total=0, avg=0.00, max=1000 | Inflight: total=0, avg=0.00, max=32
Warning: Metrics have no next page
date: 2024-12-16 23:41:35.805268 |Cluster size: 1 |Queue: total=0, avg=0.00, max=1000 | Inflight: total=0, avg=0.00, max=32
Warning: Metrics have no next page
date: 2024-12-16 23:41:45.878381 |Cluster size: 1 |Queue: total=0, avg=0.00, max=1000 | Inflight: total=0, avg=0.00, max=32
Warning: Metrics have no next page
date: 2024-12-16 23:41:55.953798 |Cluster size: 1 |Queue: total=0, avg=0.00, max=1000 | Inflight: total=0, avg=0.00, max=32
Warning: Metrics have no next page
date: 2024-12-16 23:42:06.026640 |Cluster size: 1 |Queue: total=0, avg=0.00, max=1000 | Inflight: total=0, avg=0.00, max=32
Warning: Metrics have no next page
date: 2024-12-16 23:42:16.107572 |Cluster size: 1 |Queue: total=0, avg=0.00, max=1000 | Inflight: total=0, avg=0.00, max=32
Warning: Metrics have no next page
date: 2024-12-16 23:42:26.190845 |Cluster size: 1 |Queue: total=0, avg=0.00, max=1000 | Inflight: total=0, avg=0.00, max=32
Warning: Metrics have no next page
date: 2024-12-16 23:42:36.233774 |Cluster size: 1 |Queue: total=0, avg=0.00, max=1000 | Inflight: total=0, avg=0.00, max=32
Warning: Metrics have no next page
date: 2024-12-16 23:42:46.320957 |Cluster size: 1 |Queue: total=0, avg=0.00, max=1000 | Inflight: total=0, avg=0.00, max=32
Warning: Metrics have no next page
date: 2024-12-16 23:42:56.406374 |Cluster size: 1 |Queue: total=0, avg=0.00, max=1000 | Inflight: total=0, avg=0.00, max=32
Warning: Metrics have no next page
date: 2024-12-16 23:43:06.477365 |Cluster size: 1 |Queue: total=0, avg=0.00, max=1000 | Inflight: total=0, avg=0.00, max=32
Warning: Metrics have no next page
date: 2024-12-16 23:43:16.563003 |Cluster size: 1 |Queue: total=0, avg=0.00, max=1000 | Inflight: total=0, avg=0.00, max=32
Warning: Metrics have no next page
date: 2024-12-16 23:43:26.651638 |Cluster size: 1 |Queue: total=0, avg=0.00, max=1000 | Inflight: total=0, avg=0.00, max=32
Warning: Metrics have no next page
date: 2024-12-16 23:43:36.726057 |Cluster size: 1 |Queue: total=0, avg=0.00, max=1000 | Inflight: total=0, avg=0.00, max=32
Warning: Metrics have no next page
date: 2024-12-16 23:43:46.804325 |Cluster size: 1 |Queue: total=0, avg=0.00, max=1000 | Inflight: total=0, avg=0.00, max=32
Warning: Metrics have no next page
date: 2024-12-16 23:43:56.884476 |Cluster size: 1 |Queue: total=0, avg=0.00, max=1000 | Inflight: total=0, avg=0.00, max=32
Warning: Metrics have no next page
date: 2024-12-16 23:44:06.965483 |Cluster size: 1 |Queue: total=0, avg=0.00, max=1000 | Inflight: total=0, avg=0.00, max=32
Warning: Metrics have no next page
date: 2024-12-16 23:44:17.040195 |Cluster size: 1 |Queue: total=0, avg=0.00, max=1000 | Inflight: total=0, avg=0.00, max=32
Warning: Metrics have no next page
date: 2024-12-16 23:44:27.123245 |Cluster size: 1 |Queue: total=0, avg=0.00, max=1000 | Inflight: total=0, avg=0.00, max=32
Warning: Metrics have no next page
date: 2024-12-16 23:44:37.199443 |Cluster size: 1 |Queue: total=0, avg=0.00, max=1000 | Inflight: total=0, avg=0.00, max=32
Warning: Metrics have no next page
date: 2024-12-16 23:44:47.271897 |Cluster size: 1 |Queue: total=0, avg=0.00, max=1000 | Inflight: total=0, avg=0.00, max=32
Warning: Metrics have no next page
date: 2024-12-16 23:44:57.352967 |Cluster size: 1 |Queue: total=0, avg=0.00, max=1000 | Inflight: total=0, avg=0.00, max=32
Warning: Metrics have no next page
date: 2024-12-16 23:45:07.426398 |Cluster size: 1 |Queue: total=0, avg=0.00, max=1000 | Inflight: total=0, avg=0.00, max=32
Warning: Metrics have no next page
date: 2024-12-16 23:45:17.499422 |Cluster size: 1 |Queue: total=0, avg=0.00, max=1000 | Inflight: total=0, avg=0.00, max=32
Warning: Metrics have no next page
date: 2024-12-16 23:45:27.572170 |Cluster size: 1 |Queue: total=0, avg=0.00, max=1000 | Inflight: total=0, avg=0.00, max=32
Warning: Metrics have no next page
date: 2024-12-16 23:45:37.643908 |Cluster size: 1 |Queue: total=0, avg=0.00, max=1000 | Inflight: total=0, avg=0.00, max=32
Warning: Metrics have no next page
date: 2024-12-16 23:45:47.725721 |Cluster size: 1 |Queue: total=0, avg=0.00, max=1000 | Inflight: total=0, avg=0.00, max=32
Warning: Metrics have no next page
date: 2024-12-16 23:45:57.805854 |Cluster size: 1 |Queue: total=0, avg=0.00, max=1000 | Inflight: total=0, avg=0.00, max=32
Warning: Metrics have no next page
date: 2024-12-16 23:46:07.887962 |Cluster size: 1 |Queue: total=0, avg=0.00, max=1000 | Inflight: total=0, avg=0.00, max=32
Warning: Metrics have no next page
date: 2024-12-16 23:46:17.970494 |Cluster size: 1 |Queue: total=0, avg=0.00, max=1000 | Inflight: total=0, avg=0.00, max=32
Warning: Metrics have no next page
date: 2024-12-16 23:46:28.054777 |Cluster size: 1 |Queue: total=0, avg=0.00, max=1000 | Inflight: total=0, avg=0.00, max=32
Warning: Metrics have no next page
date: 2024-12-16 23:46:38.128964 |Cluster size: 1 |Queue: total=0, avg=0.00, max=1000 | Inflight: total=0, avg=0.00, max=32
Warning: Metrics have no next page
date: 2024-12-16 23:46:48.205559 |Cluster size: 1 |Queue: total=0, avg=0.00, max=1000 | Inflight: total=0, avg=0.00, max=32
Warning: Metrics have no next page
date: 2024-12-16 23:46:58.259101 |Cluster size: 1 |Queue: total=0, avg=0.00, max=1000 | Inflight: total=0, avg=0.00, max=32
Warning: Metrics have no next page
date: 2024-12-16 23:47:08.339699 |Cluster size: 1 |Queue: total=0, avg=0.00, max=1000 | Inflight: total=0, avg=0.00, max=32
Warning: Metrics have no next page
date: 2024-12-16 23:47:18.430447 |Cluster size: 1 |Queue: total=0, avg=0.00, max=1000 | Inflight: total=0, avg=0.00, max=32
Warning: Metrics have no next page
date: 2024-12-16 23:47:28.526391 |Cluster size: 1 |Queue: total=0, avg=0.00, max=1000 | Inflight: total=0, avg=0.00, max=32
Warning: Metrics have no next page
date: 2024-12-16 23:47:38.605917 |Cluster size: 1 |Queue: total=0, avg=0.00, max=1000 | Inflight: total=0, avg=0.00, max=32
Warning: Metrics have no next page
date: 2024-12-16 23:47:48.687899 |Cluster size: 1 |Queue: total=0, avg=0.00, max=1000 | Inflight: total=0, avg=0.00, max=32
Warning: Metrics have no next page
date: 2024-12-16 23:47:58.760928 |Cluster size: 1 |Queue: total=0, avg=0.00, max=1000 | Inflight: total=0, avg=0.00, max=32
Warning: Metrics have no next page
date: 2024-12-16 23:48:08.841750 |Cluster size: 1 |Queue: total=0, avg=0.00, max=1000 | Inflight: total=0, avg=0.00, max=32
Warning: Metrics have no next page
date: 2024-12-16 23:48:18.912651 |Cluster size: 1 |Queue: total=0, avg=0.00, max=1000 | Inflight: total=0, avg=0.00, max=32
Warning: Metrics have no next page
date: 2024-12-16 23:48:29.001177 |Cluster size: 1 |Queue: total=0, avg=0.00, max=1000 | Inflight: total=0, avg=0.00, max=32
Warning: Metrics have no next page
date: 2024-12-16 23:48:39.080518 |Cluster size: 1 |Queue: total=0, avg=0.00, max=1000 | Inflight: total=0, avg=0.00, max=32
Warning: Metrics have no next page
date: 2024-12-16 23:48:49.156601 |Cluster size: 1 |Queue: total=0, avg=0.00, max=1000 | Inflight: total=0, avg=0.00, max=32
Warning: Metrics have no next page
date: 2024-12-16 23:48:59.250467 |Cluster size: 1 |Queue: total=0, avg=0.00, max=1000 | Inflight: total=0, avg=0.00, max=32
Warning: Metrics have no next page
date: 2024-12-16 23:49:09.325185 |Cluster size: 1 |Queue: total=0, avg=0.00, max=1000 | Inflight: total=0, avg=0.00, max=32
Warning: Metrics have no next page
date: 2024-12-16 23:49:19.397151 |Cluster size: 1 |Queue: total=0, avg=0.00, max=1000 | Inflight: total=0, avg=0.00, max=32
Warning: Metrics have no next page
date: 2024-12-16 23:49:29.480929 |Cluster size: 1 |Queue: total=0, avg=0.00, max=1000 | Inflight: total=0, avg=0.00, max=32
Warning: Metrics have no next page
date: 2024-12-16 23:49:39.568067 |Cluster size: 1 |Queue: total=0, avg=0.00, max=1000 | Inflight: total=0, avg=0.00, max=32
Warning: Metrics have no next page
date: 2024-12-16 23:49:49.649727 |Cluster size: 1 |Queue: total=0, avg=0.00, max=1000 | Inflight: total=0, avg=0.00, max=32
Warning: Metrics have no next page
date: 2024-12-16 23:49:59.724993 |Cluster size: 1 |Queue: total=0, avg=0.00, max=1000 | Inflight: total=0, avg=0.00, max=32
Warning: Metrics have no next page
date: 2024-12-16 23:50:09.814758 |Cluster size: 1 |Queue: total=0, avg=0.00, max=1000 | Inflight: total=0, avg=0.00, max=32
Warning: Metrics have no next page
date: 2024-12-16 23:50:19.894701 |Cluster size: 1 |Queue: total=0, avg=0.00, max=1000 | Inflight: total=0, avg=0.00, max=32
Warning: Metrics have no next page
date: 2024-12-16 23:50:29.983144 |Cluster size: 1 |Queue: total=0, avg=0.00, max=1000 | Inflight: total=0, avg=0.00, max=32
Warning: Metrics have no next page
date: 2024-12-16 23:50:40.067132 |Cluster size: 1 |Queue: total=0, avg=0.00, max=1000 | Inflight: total=0, avg=0.00, max=32
Warning: Metrics have no next page
date: 2024-12-16 23:50:50.152047 |Cluster size: 1 |Queue: total=0, avg=0.00, max=1000 | Inflight: total=0, avg=0.00, max=32
Warning: Metrics have no next page
date: 2024-12-16 23:51:00.234597 |Cluster size: 1 |Queue: total=0, avg=0.00, max=1000 | Inflight: total=0, avg=0.00, max=32
Warning: Metrics have no next page
date: 2024-12-16 23:51:10.281848 |Cluster size: 1 |Queue: total=0, avg=0.00, max=1000 | Inflight: total=0, avg=0.00, max=32
Warning: Metrics have no next page
date: 2024-12-16 23:51:20.355277 |Cluster size: 1 |Queue: total=0, avg=0.00, max=1000 | Inflight: total=0, avg=0.00, max=32
Warning: Metrics have no next page
date: 2024-12-16 23:51:30.431054 |Cluster size: 1 |Queue: total=0, avg=0.00, max=1000 | Inflight: total=0, avg=0.00, max=32
Warning: Metrics have no next page
date: 2024-12-16 23:51:40.504043 |Cluster size: 1 |Queue: total=0, avg=0.00, max=1000 | Inflight: total=0, avg=0.00, max=32
Warning: Metrics have no next page
date: 2024-12-16 23:51:50.585669 |Cluster size: 1 |Queue: total=0, avg=0.00, max=1000 | Inflight: total=0, avg=0.00, max=32
Warning: Metrics have no next page
date: 2024-12-16 23:52:00.669068 |Cluster size: 1 |Queue: total=0, avg=0.00, max=1000 | Inflight: total=0, avg=0.00, max=32
Warning: Metrics have no next page
date: 2024-12-16 23:52:10.741649 |Cluster size: 1 |Queue: total=0, avg=0.00, max=1000 | Inflight: total=0, avg=0.00, max=32
Warning: Metrics have no next page
date: 2024-12-16 23:52:20.820432 |Cluster size: 1 |Queue: total=0, avg=0.00, max=1000 | Inflight: total=0, avg=0.00, max=32
Warning: Metrics have no next page
date: 2024-12-16 23:52:30.900537 |Cluster size: 1 |Queue: total=0, avg=0.00, max=1000 | Inflight: total=0, avg=0.00, max=32
Warning: Metrics have no next page
date: 2024-12-16 23:52:40.984922 |Cluster size: 1 |Queue: total=0, avg=0.00, max=1000 | Inflight: total=0, avg=0.00, max=32
Warning: Metrics have no next page
date: 2024-12-16 23:52:51.071052 |Cluster size: 1 |Queue: total=0, avg=0.00, max=1000 | Inflight: total=0, avg=0.00, max=32
Warning: Metrics have no next page
date: 2024-12-16 23:53:01.164611 |Cluster size: 1 |Queue: total=0, avg=0.00, max=1000 | Inflight: total=0, avg=0.00, max=32
Warning: Metrics have no next page
date: 2024-12-16 23:53:11.255885 |Cluster size: 1 |Queue: total=0, avg=0.00, max=1000 | Inflight: total=0, avg=0.00, max=32
Warning: Metrics have no next page
date: 2024-12-16 23:53:21.301008 |Cluster size: 1 |Queue: total=0, avg=0.00, max=1000 | Inflight: total=0, avg=0.00, max=32
Warning: Metrics have no next page
date: 2024-12-16 23:53:31.386820 |Cluster size: 1 |Queue: total=0, avg=0.00, max=1000 | Inflight: total=0, avg=0.00, max=32
Warning: Metrics have no next page
date: 2024-12-16 23:53:41.474946 |Cluster size: 1 |Queue: total=0, avg=0.00, max=1000 | Inflight: total=0, avg=0.00, max=32
Warning: Metrics have no next page
date: 2024-12-16 23:53:51.557767 |Cluster size: 1 |Queue: total=0, avg=0.00, max=1000 | Inflight: total=0, avg=0.00, max=32
Warning: Metrics have no next page
date: 2024-12-16 23:54:01.637294 |Cluster size: 1 |Queue: total=0, avg=0.00, max=1000 | Inflight: total=0, avg=0.00, max=32
Warning: Metrics have no next page
date: 2024-12-16 23:54:11.720104 |Cluster size: 1 |Queue: total=0, avg=0.00, max=1000 | Inflight: total=0, avg=0.00, max=32
Warning: Metrics have no next page
date: 2024-12-16 23:54:21.776953 |Cluster size: 1 |Queue: total=0, avg=0.00, max=1000 | Inflight: total=0, avg=0.00, max=32
Warning: Metrics have no next page
date: 2024-12-16 23:54:31.848116 |Cluster size: 1 |Queue: total=0, avg=0.00, max=1000 | Inflight: total=0, avg=0.00, max=32
Warning: Metrics have no next page
date: 2024-12-16 23:54:41.930489 |Cluster size: 1 |Queue: total=0, avg=0.00, max=1000 | Inflight: total=0, avg=0.00, max=32
Warning: Metrics have no next page
date: 2024-12-16 23:54:52.010353 |Cluster size: 1 |Queue: total=0, avg=0.00, max=1000 | Inflight: total=0, avg=0.00, max=32
Warning: Metrics have no next page
date: 2024-12-16 23:55:02.080723 |Cluster size: 1 |Queue: total=0, avg=0.00, max=1000 | Inflight: total=0, avg=0.00, max=32
Warning: Metrics have no next page
date: 2024-12-16 23:55:12.161980 |Cluster size: 1 |Queue: total=0, avg=0.00, max=1000 | Inflight: total=0, avg=0.00, max=32
Warning: Metrics have no next page
date: 2024-12-16 23:55:22.235576 |Cluster size: 1 |Queue: total=0, avg=0.00, max=1000 | Inflight: total=0, avg=0.00, max=32
Warning: Metrics have no next page
date: 2024-12-16 23:55:32.304010 |Cluster size: 1 |Queue: total=0, avg=0.00, max=1000 | Inflight: total=0, avg=0.00, max=32
Warning: Metrics have no next page
date: 2024-12-16 23:55:42.388033 |Cluster size: 1 |Queue: total=0, avg=0.00, max=1000 | Inflight: total=0, avg=0.00, max=32
Warning: Metrics have no next page
date: 2024-12-16 23:55:52.467041 |Cluster size: 1 |Queue: total=0, avg=0.00, max=1000 | Inflight: total=0, avg=0.00, max=32
Warning: Metrics have no next page
date: 2024-12-16 23:56:02.547771 |Cluster size: 1 |Queue: total=0, avg=0.00, max=1000 | Inflight: total=0, avg=0.00, max=32
Warning: Metrics have no next page
date: 2024-12-16 23:56:12.619344 |Cluster size: 1 |Queue: total=0, avg=0.00, max=1000 | Inflight: total=0, avg=0.00, max=32
Warning: Metrics have no next page
date: 2024-12-16 23:56:22.699309 |Cluster size: 1 |Queue: total=0, avg=0.00, max=1000 | Inflight: total=0, avg=0.00, max=32
Warning: Metrics have no next page
date: 2024-12-16 23:56:32.781270 |Cluster size: 1 |Queue: total=0, avg=0.00, max=1000 | Inflight: total=0, avg=0.00, max=32
Warning: Metrics have no next page
date: 2024-12-16 23:56:42.853362 |Cluster size: 1 |Queue: total=0, avg=0.00, max=1000 | Inflight: total=0, avg=0.00, max=32
Warning: Metrics have no next page
date: 2024-12-16 23:56:52.928893 |Cluster size: 1 |Queue: total=0, avg=0.00, max=1000 | Inflight: total=0, avg=0.00, max=32
Warning: Metrics have no next page
date: 2024-12-16 23:57:03.010967 |Cluster size: 1 |Queue: total=0, avg=0.00, max=1000 | Inflight: total=0, avg=0.00, max=32
Warning: Metrics have no next page
date: 2024-12-16 23:57:13.089329 |Cluster size: 1 |Queue: total=0, avg=0.00, max=1000 | Inflight: total=0, avg=0.00, max=32
Warning: Metrics have no next page
date: 2024-12-16 23:57:23.162871 |Cluster size: 1 |Queue: total=0, avg=0.00, max=1000 | Inflight: total=0, avg=0.00, max=32
Warning: Metrics have no next page
date: 2024-12-16 23:57:33.242288 |Cluster size: 1 |Queue: total=0, avg=0.00, max=1000 | Inflight: total=0, avg=0.00, max=32
Warning: Metrics have no next page
date: 2024-12-16 23:57:43.311243 |Cluster size: 1 |Queue: total=0, avg=0.00, max=1000 | Inflight: total=0, avg=0.00, max=32
Warning: Metrics have no next page
date: 2024-12-16 23:57:53.403072 |Cluster size: 1 |Queue: total=0, avg=0.00, max=1000 | Inflight: total=0, avg=0.00, max=32
Warning: Metrics have no next page
date: 2024-12-16 23:58:03.484264 |Cluster size: 1 |Queue: total=0, avg=0.00, max=1000 | Inflight: total=0, avg=0.00, max=32
Warning: Metrics have no next page
date: 2024-12-16 23:58:13.567532 |Cluster size: 1 |Queue: total=0, avg=0.00, max=1000 | Inflight: total=0, avg=0.00, max=32
Warning: Metrics have no next page
date: 2024-12-16 23:58:23.637240 |Cluster size: 1 |Queue: total=0, avg=0.00, max=1000 | Inflight: total=0, avg=0.00, max=32
Warning: Metrics have no next page
date: 2024-12-16 23:58:33.712885 |Cluster size: 1 |Queue: total=0, avg=0.00, max=1000 | Inflight: total=0, avg=0.00, max=32
Warning: Metrics have no next page
date: 2024-12-16 23:58:43.792225 |Cluster size: 1 |Queue: total=0, avg=0.00, max=1000 | Inflight: total=0, avg=0.00, max=32
Warning: Metrics have no next page
date: 2024-12-16 23:58:53.873720 |Cluster size: 1 |Queue: total=0, avg=0.00, max=1000 | Inflight: total=0, avg=0.00, max=32
Warning: Metrics have no next page
date: 2024-12-16 23:59:03.944476 |Cluster size: 1 |Queue: total=0, avg=0.00, max=1000 | Inflight: total=0, avg=0.00, max=32
Warning: Metrics have no next page
date: 2024-12-16 23:59:14.024917 |Cluster size: 1 |Queue: total=0, avg=0.00, max=1000 | Inflight: total=0, avg=0.00, max=32
Warning: Metrics have no next page
date: 2024-12-16 23:59:24.097943 |Cluster size: 1 |Queue: total=0, avg=0.00, max=1000 | Inflight: total=0, avg=0.00, max=32
Warning: Metrics have no next page
date: 2024-12-16 23:59:34.177041 |Cluster size: 1 |Queue: total=0, avg=0.00, max=1000 | Inflight: total=0, avg=0.00, max=32
Warning: Metrics have no next page
date: 2024-12-16 23:59:44.258678 |Cluster size: 1 |Queue: total=0, avg=0.00, max=1000 | Inflight: total=0, avg=0.00, max=32
Warning: Metrics have no next page
date: 2024-12-16 23:59:54.326511 |Cluster size: 1 |Queue: total=0, avg=0.00, max=1000 | Inflight: total=0, avg=0.00, max=32
Warning: Metrics have no next page
date: 2024-12-17 00:00:04.408397 |Cluster size: 1 |Queue: total=0, avg=0.00, max=1000 | Inflight: total=0, avg=0.00, max=32
Warning: Metrics have no next page
date: 2024-12-17 00:00:14.487683 |Cluster size: 1 |Queue: total=0, avg=0.00, max=1000 | Inflight: total=0, avg=0.00, max=32
Warning: Metrics have no next page
date: 2024-12-17 00:00:24.570362 |Cluster size: 1 |Queue: total=0, avg=0.00, max=1000 | Inflight: total=0, avg=0.00, max=32
Warning: Metrics have no next page
date: 2024-12-17 00:00:34.655176 |Cluster size: 1 |Queue: total=0, avg=0.00, max=1000 | Inflight: total=0, avg=0.00, max=32
Warning: Metrics have no next page
date: 2024-12-17 00:00:44.744325 |Cluster size: 1 |Queue: total=0, avg=0.00, max=1000 | Inflight: total=0, avg=0.00, max=32
Warning: Metrics have no next page
date: 2024-12-17 00:00:54.818065 |Cluster size: 1 |Queue: total=0, avg=0.00, max=1000 | Inflight: total=0, avg=0.00, max=32
Warning: Metrics have no next page
date: 2024-12-17 00:01:04.890708 |Cluster size: 1 |Queue: total=0, avg=0.00, max=1000 | Inflight: total=0, avg=0.00, max=32
Warning: Metrics have no next page
date: 2024-12-17 00:01:14.967751 |Cluster size: 1 |Queue: total=0, avg=0.00, max=1000 | Inflight: total=0, avg=0.00, max=32
Warning: Metrics have no next page
date: 2024-12-17 00:01:25.052558 |Cluster size: 1 |Queue: total=0, avg=0.00, max=1000 | Inflight: total=0, avg=0.00, max=32
Warning: Metrics have no next page
date: 2024-12-17 00:01:35.124370 |Cluster size: 1 |Queue: total=0, avg=0.00, max=1000 | Inflight: total=0, avg=0.00, max=32
Warning: Metrics have no next page
date: 2024-12-17 00:01:45.195522 |Cluster size: 1 |Queue: total=0, avg=0.00, max=1000 | Inflight: total=0, avg=0.00, max=32
Warning: Metrics have no next page
date: 2024-12-17 00:01:55.268462 |Cluster size: 1 |Queue: total=0, avg=0.00, max=1000 | Inflight: total=0, avg=0.00, max=32
Warning: Metrics have no next page
date: 2024-12-17 00:02:05.350521 |Cluster size: 1 |Queue: total=0, avg=0.00, max=1000 | Inflight: total=0, avg=0.00, max=32
Warning: Metrics have no next page
date: 2024-12-17 00:02:15.440280 |Cluster size: 1 |Queue: total=0, avg=0.00, max=1000 | Inflight: total=0, avg=0.00, max=32
Warning: Metrics have no next page
date: 2024-12-17 00:02:25.521070 |Cluster size: 1 |Queue: total=0, avg=0.00, max=1000 | Inflight: total=0, avg=0.00, max=32
Warning: Metrics have no next page
date: 2024-12-17 00:02:35.596094 |Cluster size: 1 |Queue: total=0, avg=0.00, max=1000 | Inflight: total=0, avg=0.00, max=32
Warning: Metrics have no next page
date: 2024-12-17 00:02:45.674802 |Cluster size: 1 |Queue: total=0, avg=0.00, max=1000 | Inflight: total=0, avg=0.00, max=32
Warning: Metrics have no next page
date: 2024-12-17 00:02:55.756076 |Cluster size: 1 |Queue: total=0, avg=0.00, max=1000 | Inflight: total=0, avg=0.00, max=32
Warning: Metrics have no next page
date: 2024-12-17 00:03:05.829097 |Cluster size: 1 |Queue: total=0, avg=0.00, max=1000 | Inflight: total=0, avg=0.00, max=32
Warning: Metrics have no next page
date: 2024-12-17 00:03:15.902791 |Cluster size: 1 |Queue: total=0, avg=0.00, max=1000 | Inflight: total=0, avg=0.00, max=32
Warning: Metrics have no next page
date: 2024-12-17 00:03:25.992091 |Cluster size: 1 |Queue: total=0, avg=0.00, max=1000 | Inflight: total=0, avg=0.00, max=32
Warning: Metrics have no next page
date: 2024-12-17 00:03:36.064425 |Cluster size: 1 |Queue: total=0, avg=0.00, max=1000 | Inflight: total=0, avg=0.00, max=32
Warning: Metrics have no next page
date: 2024-12-17 00:03:46.145145 |Cluster size: 1 |Queue: total=0, avg=0.00, max=1000 | Inflight: total=0, avg=0.00, max=32
Warning: Metrics have no next page
date: 2024-12-17 00:03:56.222947 |Cluster size: 1 |Queue: total=0, avg=0.00, max=1000 | Inflight: total=0, avg=0.00, max=32
Warning: Metrics have no next page
date: 2024-12-17 00:04:06.305395 |Cluster size: 1 |Queue: total=0, avg=0.00, max=1000 | Inflight: total=0, avg=0.00, max=32
Warning: Metrics have no next page
date: 2024-12-17 00:04:16.376017 |Cluster size: 1 |Queue: total=0, avg=0.00, max=1000 | Inflight: total=0, avg=0.00, max=32
Warning: Metrics have no next page
date: 2024-12-17 00:04:26.455818 |Cluster size: 1 |Queue: total=0, avg=0.00, max=1000 | Inflight: total=0, avg=0.00, max=32
Warning: Metrics have no next page
date: 2024-12-17 00:04:36.526628 |Cluster size: 1 |Queue: total=0, avg=0.00, max=1000 | Inflight: total=0, avg=0.00, max=32
Warning: Metrics have no next page
date: 2024-12-17 00:04:46.599820 |Cluster size: 1 |Queue: total=0, avg=0.00, max=1000 | Inflight: total=0, avg=0.00, max=32
Warning: Metrics have no next page
date: 2024-12-17 00:04:56.678269 |Cluster size: 1 |Queue: total=0, avg=0.00, max=1000 | Inflight: total=0, avg=0.00, max=32
Warning: Metrics have no next page
date: 2024-12-17 00:05:06.754054 |Cluster size: 1 |Queue: total=0, avg=0.00, max=1000 | Inflight: total=0, avg=0.00, max=32
Warning: Metrics have no next page
date: 2024-12-17 00:05:16.836366 |Cluster size: 1 |Queue: total=0, avg=0.00, max=1000 | Inflight: total=0, avg=0.00, max=32
Warning: Metrics have no next page
date: 2024-12-17 00:05:26.917985 |Cluster size: 1 |Queue: total=0, avg=0.00, max=1000 | Inflight: total=0, avg=0.00, max=32
Warning: Metrics have no next page
date: 2024-12-17 00:05:37.003651 |Cluster size: 1 |Queue: total=0, avg=0.00, max=1000 | Inflight: total=0, avg=0.00, max=32
Warning: Metrics have no next page
date: 2024-12-17 00:05:47.080059 |Cluster size: 1 |Queue: total=0, avg=0.00, max=1000 | Inflight: total=0, avg=0.00, max=32
Warning: Metrics have no next page
date: 2024-12-17 00:05:57.151094 |Cluster size: 1 |Queue: total=0, avg=0.00, max=1000 | Inflight: total=0, avg=0.00, max=32
Warning: Metrics have no next page
date: 2024-12-17 00:06:07.231171 |Cluster size: 1 |Queue: total=0, avg=0.00, max=1000 | Inflight: total=0, avg=0.00, max=32
Warning: Metrics have no next page
date: 2024-12-17 00:06:17.311088 |Cluster size: 1 |Queue: total=0, avg=0.00, max=1000 | Inflight: total=0, avg=0.00, max=32
Warning: Metrics have no next page
date: 2024-12-17 00:06:27.384667 |Cluster size: 1 |Queue: total=0, avg=0.00, max=1000 | Inflight: total=0, avg=0.00, max=32
Warning: Metrics have no next page
date: 2024-12-17 00:06:37.461984 |Cluster size: 1 |Queue: total=0, avg=0.00, max=1000 | Inflight: total=0, avg=0.00, max=32
Warning: Metrics have no next page
date: 2024-12-17 00:06:47.543017 |Cluster size: 1 |Queue: total=0, avg=0.00, max=1000 | Inflight: total=0, avg=0.00, max=32
Warning: Metrics have no next page
date: 2024-12-17 00:06:57.623045 |Cluster size: 1 |Queue: total=0, avg=0.00, max=1000 | Inflight: total=0, avg=0.00, max=32
Warning: Metrics have no next page
date: 2024-12-17 00:07:07.691013 |Cluster size: 1 |Queue: total=0, avg=0.00, max=1000 | Inflight: total=0, avg=0.00, max=32
Warning: Metrics have no next page
date: 2024-12-17 00:07:17.770211 |Cluster size: 1 |Queue: total=0, avg=0.00, max=1000 | Inflight: total=0, avg=0.00, max=32
Warning: Metrics have no next page
date: 2024-12-17 00:07:27.844045 |Cluster size: 1 |Queue: total=0, avg=0.00, max=1000 | Inflight: total=0, avg=0.00, max=32
Warning: Metrics have no next page
date: 2024-12-17 00:07:37.932710 |Cluster size: 1 |Queue: total=0, avg=0.00, max=1000 | Inflight: total=0, avg=0.00, max=32
Warning: Metrics have no next page
date: 2024-12-17 00:07:48.005164 |Cluster size: 1 |Queue: total=0, avg=0.00, max=1000 | Inflight: total=0, avg=0.00, max=32
Warning: Metrics have no next page
date: 2024-12-17 00:07:58.076246 |Cluster size: 1 |Queue: total=0, avg=0.00, max=1000 | Inflight: total=0, avg=0.00, max=32
Warning: Metrics have no next page
date: 2024-12-17 00:08:08.146181 |Cluster size: 1 |Queue: total=0, avg=0.00, max=1000 | Inflight: total=0, avg=0.00, max=32
Warning: Metrics have no next page
date: 2024-12-17 00:08:18.227108 |Cluster size: 1 |Queue: total=0, avg=0.00, max=1000 | Inflight: total=0, avg=0.00, max=32
Warning: Metrics have no next page
date: 2024-12-17 00:08:28.299879 |Cluster size: 1 |Queue: total=0, avg=0.00, max=1000 | Inflight: total=0, avg=0.00, max=32
Warning: Metrics have no next page
date: 2024-12-17 00:08:38.378929 |Cluster size: 1 |Queue: total=0, avg=0.00, max=1000 | Inflight: total=0, avg=0.00, max=32
Warning: Metrics have no next page
date: 2024-12-17 00:08:48.457061 |Cluster size: 1 |Queue: total=0, avg=0.00, max=1000 | Inflight: total=0, avg=0.00, max=32
Warning: Metrics have no next page
date: 2024-12-17 00:08:58.536908 |Cluster size: 1 |Queue: total=0, avg=0.00, max=1000 | Inflight: total=0, avg=0.00, max=32
Warning: Metrics have no next page
date: 2024-12-17 00:09:08.613612 |Cluster size: 1 |Queue: total=0, avg=0.00, max=1000 | Inflight: total=0, avg=0.00, max=32
Warning: Metrics have no next page
date: 2024-12-17 00:09:18.686088 |Cluster size: 1 |Queue: total=0, avg=0.00, max=1000 | Inflight: total=0, avg=0.00, max=32
Warning: Metrics have no next page
date: 2024-12-17 00:09:28.765593 |Cluster size: 1 |Queue: total=0, avg=0.00, max=1000 | Inflight: total=0, avg=0.00, max=32
Warning: Metrics have no next page
date: 2024-12-17 00:09:38.846236 |Cluster size: 1 |Queue: total=0, avg=0.00, max=1000 | Inflight: total=0, avg=0.00, max=32
Warning: Metrics have no next page
date: 2024-12-17 00:09:48.929246 |Cluster size: 1 |Queue: total=0, avg=0.00, max=1000 | Inflight: total=0, avg=0.00, max=32
Warning: Metrics have no next page
date: 2024-12-17 00:09:59.009186 |Cluster size: 1 |Queue: total=0, avg=0.00, max=1000 | Inflight: total=0, avg=0.00, max=32
Warning: Metrics have no next page
date: 2024-12-17 00:10:09.081213 |Cluster size: 1 |Queue: total=0, avg=0.00, max=1000 | Inflight: total=0, avg=0.00, max=32
Warning: Metrics have no next page
date: 2024-12-17 00:10:19.165108 |Cluster size: 1 |Queue: total=0, avg=0.00, max=1000 | Inflight: total=0, avg=0.00, max=32
Warning: Metrics have no next page
date: 2024-12-17 00:10:29.237326 |Cluster size: 1 |Queue: total=0, avg=0.00, max=1000 | Inflight: total=0, avg=0.00, max=32
Warning: Metrics have no next page
date: 2024-12-17 00:10:39.312758 |Cluster size: 1 |Queue: total=0, avg=0.00, max=1000 | Inflight: total=0, avg=0.00, max=32
Warning: Metrics have no next page
date: 2024-12-17 00:10:49.388023 |Cluster size: 1 |Queue: total=0, avg=0.00, max=1000 | Inflight: total=0, avg=0.00, max=32
Warning: Metrics have no next page
date: 2024-12-17 00:10:59.473533 |Cluster size: 1 |Queue: total=0, avg=0.00, max=1000 | Inflight: total=0, avg=0.00, max=32
Warning: Metrics have no next page
date: 2024-12-17 00:11:09.555703 |Cluster size: 1 |Queue: total=0, avg=0.00, max=1000 | Inflight: total=0, avg=0.00, max=32
Warning: Metrics have no next page
date: 2024-12-17 00:11:19.632209 |Cluster size: 1 |Queue: total=0, avg=0.00, max=1000 | Inflight: total=0, avg=0.00, max=32
Warning: Metrics have no next page
date: 2024-12-17 00:11:29.713616 |Cluster size: 1 |Queue: total=0, avg=0.00, max=1000 | Inflight: total=0, avg=0.00, max=32
Warning: Metrics have no next page
date: 2024-12-17 00:11:39.793813 |Cluster size: 1 |Queue: total=0, avg=0.00, max=1000 | Inflight: total=0, avg=0.00, max=32
Warning: Metrics have no next page
date: 2024-12-17 00:11:49.874209 |Cluster size: 1 |Queue: total=0, avg=0.00, max=1000 | Inflight: total=0, avg=0.00, max=32
Warning: Metrics have no next page
date: 2024-12-17 00:11:59.956458 |Cluster size: 1 |Queue: total=0, avg=0.00, max=1000 | Inflight: total=0, avg=0.00, max=32
