INFO:Starting Version 1.0.5
DEBUG:Using selector: EpollSelector
INFO:Connecting to cluster at: mqtt-quic://emqx-headless.dtwins:14567 using QUIC
INFO:Subscribed to topic: type-2/18
INFO:Logging each: 50
INFO:Unhandled packet type received
INFO:Message received on topic: type-2/18 with payload size: 91 at 2024-12-11 15:24:51.602443 sent 2024-12-11 15:24:51.592169
INFO:Message received on topic: type-2/18 with payload size: 91 at 2024-12-11 15:24:54.202826 sent 2024-12-11 15:24:54.196417
INFO:Message received on topic: type-2/18 with payload size: 91 at 2024-12-11 15:24:56.801109 sent 2024-12-11 15:24:56.798105
INFO:Message received on topic: type-2/18 with payload size: 91 at 2024-12-11 15:24:59.408067 sent 2024-12-11 15:24:59.399943
INFO:Message received on topic: type-2/18 with payload size: 91 at 2024-12-11 15:25:02.007966 sent 2024-12-11 15:25:02.004656
INFO:Message received on topic: type-2/18 with payload size: 91 at 2024-12-11 15:25:04.630602 sent 2024-12-11 15:25:04.607671
INFO:Message received on topic: type-2/18 with payload size: 91 at 2024-12-11 15:25:07.234700 sent 2024-12-11 15:25:07.210217
INFO:Message received on topic: type-2/18 with payload size: 91 at 2024-12-11 15:25:09.839831 sent 2024-12-11 15:25:09.816122
INFO:Message received on topic: type-2/18 with payload size: 91 at 2024-12-11 15:25:12.437214 sent 2024-12-11 15:25:12.421344
INFO:Message received on topic: type-2/18 with payload size: 91 at 2024-12-11 15:25:15.043756 sent 2024-12-11 15:25:15.031279
INFO:Message received on topic: type-2/18 with payload size: 91 at 2024-12-11 15:25:17.644432 sent 2024-12-11 15:25:17.633437
INFO:Message received on topic: type-2/18 with payload size: 91 at 2024-12-11 15:25:20.237055 sent 2024-12-11 15:25:20.232807
INFO:Message received on topic: type-2/18 with payload size: 91 at 2024-12-11 15:25:22.843281 sent 2024-12-11 15:25:22.837636
INFO:Message received on topic: type-2/18 with payload size: 91 at 2024-12-11 15:25:25.495037 sent 2024-12-11 15:25:25.440083
INFO:Message received on topic: type-2/18 with payload size: 91 at 2024-12-11 15:25:28.102804 sent 2024-12-11 15:25:28.047845
INFO:Message received on topic: type-2/18 with payload size: 91 at 2024-12-11 15:25:30.701073 sent 2024-12-11 15:25:30.658467
INFO:Message received on topic: type-2/18 with payload size: 91 at 2024-12-11 15:25:33.305226 sent 2024-12-11 15:25:33.263021
INFO:Message received on topic: type-2/18 with payload size: 91 at 2024-12-11 15:25:35.899151 sent 2024-12-11 15:25:35.869286
INFO:Message received on topic: type-2/18 with payload size: 91 at 2024-12-11 15:25:38.498406 sent 2024-12-11 15:25:38.474071
INFO:Message received on topic: type-2/18 with payload size: 91 at 2024-12-11 15:25:41.132877 sent 2024-12-11 15:25:41.085688
INFO:Message received on topic: type-2/18 with payload size: 91 at 2024-12-11 15:25:43.739276 sent 2024-12-11 15:25:43.693276
INFO:Message received on topic: type-2/18 with payload size: 91 at 2024-12-11 15:25:46.305186 sent 2024-12-11 15:25:46.298479
INFO:Message received on topic: type-2/18 with payload size: 91 at 2024-12-11 15:25:48.928552 sent 2024-12-11 15:25:48.906193
INFO:Message received on topic: type-2/18 with payload size: 91 at 2024-12-11 15:25:51.531158 sent 2024-12-11 15:25:51.511591
INFO:Message received on topic: type-2/18 with payload size: 91 at 2024-12-11 15:25:54.136797 sent 2024-12-11 15:25:54.119308
INFO:Message received on topic: type-2/18 with payload size: 91 at 2024-12-11 15:25:56.737884 sent 2024-12-11 15:25:56.725254
INFO:Message received on topic: type-2/18 with payload size: 91 at 2024-12-11 15:25:59.400203 sent 2024-12-11 15:25:59.344921
INFO:Message received on topic: type-2/18 with payload size: 91 at 2024-12-11 15:26:02.001652 sent 2024-12-11 15:26:01.955990
INFO:Message received on topic: type-2/18 with payload size: 91 at 2024-12-11 15:26:04.597924 sent 2024-12-11 15:26:04.561913
INFO:Message received on topic: type-2/18 with payload size: 91 at 2024-12-11 15:26:07.204209 sent 2024-12-11 15:26:07.166648
INFO:Message received on topic: type-2/18 with payload size: 91 at 2024-12-11 15:26:09.798984 sent 2024-12-11 15:26:09.769109
INFO:Message received on topic: type-2/18 with payload size: 91 at 2024-12-11 15:26:12.399006 sent 2024-12-11 15:26:12.360348
INFO:Message received on topic: type-2/18 with payload size: 91 at 2024-12-11 15:26:14.993293 sent 2024-12-11 15:26:14.950424
INFO:Message received on topic: type-2/18 with payload size: 91 at 2024-12-11 15:26:17.597539 sent 2024-12-11 15:26:17.535141
INFO:Message received on topic: type-2/18 with payload size: 91 at 2024-12-11 15:26:20.135041 sent 2024-12-11 15:26:20.124663
INFO:Message received on topic: type-2/18 with payload size: 91 at 2024-12-11 15:26:22.742757 sent 2024-12-11 15:26:22.731567
INFO:Message received on topic: type-2/18 with payload size: 91 at 2024-12-11 15:26:25.392654 sent 2024-12-11 15:26:25.338504
INFO:Message received on topic: type-2/18 with payload size: 91 at 2024-12-11 15:26:27.999800 sent 2024-12-11 15:26:27.945569
INFO:Message received on topic: type-2/18 with payload size: 91 at 2024-12-11 15:26:30.600472 sent 2024-12-11 15:26:30.554582
INFO:Message received on topic: type-2/18 with payload size: 91 at 2024-12-11 15:26:33.201309 sent 2024-12-11 15:26:33.162656
INFO:Message received on topic: type-2/18 with payload size: 91 at 2024-12-11 15:26:35.804285 sent 2024-12-11 15:26:35.775443
INFO:Message received on topic: type-2/18 with payload size: 91 at 2024-12-11 15:26:38.401291 sent 2024-12-11 15:26:38.381153
INFO:Message received on topic: type-2/18 with payload size: 91 at 2024-12-11 15:26:41.003265 sent 2024-12-11 15:26:40.991517
INFO:Message received on topic: type-2/18 with payload size: 91 at 2024-12-11 15:26:43.628486 sent 2024-12-11 15:26:43.599150
INFO:Message received on topic: type-2/18 with payload size: 91 at 2024-12-11 15:26:46.229005 sent 2024-12-11 15:26:46.206749
INFO:Message received on topic: type-2/18 with payload size: 91 at 2024-12-11 15:26:48.832630 sent 2024-12-11 15:26:48.811977
INFO:Message received on topic: type-2/18 with payload size: 91 at 2024-12-11 15:26:51.434345 sent 2024-12-11 15:26:51.420003
INFO:Message received on topic: type-2/18 with payload size: 91 at 2024-12-11 15:26:54.045949 sent 2024-12-11 15:26:54.033965
INFO:Message received on topic: type-2/18 with payload size: 91 at 2024-12-11 15:26:56.690594 sent 2024-12-11 15:26:56.645012
INFO:Message received on topic: type-2/18 with payload size: 91 at 2024-12-11 15:26:59.299240 sent 2024-12-11 15:26:59.252507
INFO:Message received on topic: type-2/18 with payload size: 91 at 2024-12-11 15:27:01.904056 sent 2024-12-11 15:27:01.860462
INFO:Message received on topic: type-2/18 with payload size: 91 at 2024-12-11 15:27:04.506928 sent 2024-12-11 15:27:04.470686
INFO:Message received on topic: type-2/18 with payload size: 91 at 2024-12-11 15:27:07.095134 sent 2024-12-11 15:27:07.075618
INFO:Message received on topic: type-2/18 with payload size: 91 at 2024-12-11 15:27:09.735626 sent 2024-12-11 15:27:09.678852
INFO:Message received on topic: type-2/18 with payload size: 91 at 2024-12-11 15:27:12.295102 sent 2024-12-11 15:27:12.283029
INFO:Message received on topic: type-2/18 with payload size: 91 at 2024-12-11 15:27:14.935753 sent 2024-12-11 15:27:14.897591
INFO:Message received on topic: type-2/18 with payload size: 91 at 2024-12-11 15:27:17.535483 sent 2024-12-11 15:27:17.502631
INFO:Message received on topic: type-2/18 with payload size: 91 at 2024-12-11 15:27:20.133530 sent 2024-12-11 15:27:20.112145
INFO:Message received on topic: type-2/18 with payload size: 91 at 2024-12-11 15:27:22.742492 sent 2024-12-11 15:27:22.721139
INFO:Message received on topic: type-2/18 with payload size: 91 at 2024-12-11 15:27:25.334858 sent 2024-12-11 15:27:25.325841
INFO:Message received on topic: type-2/18 with payload size: 91 at 2024-12-11 15:27:27.937949 sent 2024-12-11 15:27:27.929122
INFO:Message received on topic: type-2/18 with payload size: 91 at 2024-12-11 15:27:30.548871 sent 2024-12-11 15:27:30.538756
INFO:Message received on topic: type-2/18 with payload size: 91 at 2024-12-11 15:27:33.151515 sent 2024-12-11 15:27:33.145684
INFO:Message received on topic: type-2/18 with payload size: 91 at 2024-12-11 15:27:35.758041 sent 2024-12-11 15:27:35.751435
INFO:Message received on topic: type-2/18 with payload size: 91 at 2024-12-11 15:27:38.397232 sent 2024-12-11 15:27:38.357370
INFO:Message received on topic: type-2/18 with payload size: 91 at 2024-12-11 15:27:41.031720 sent 2024-12-11 15:27:40.962681
INFO:Message received on topic: type-2/18 with payload size: 91 at 2024-12-11 15:27:43.594416 sent 2024-12-11 15:27:43.571605
INFO:Message received on topic: type-2/18 with payload size: 91 at 2024-12-11 15:27:46.197747 sent 2024-12-11 15:27:46.172862
INFO:Message received on topic: type-2/18 with payload size: 91 at 2024-12-11 15:27:48.828653 sent 2024-12-11 15:27:48.775193
INFO:Message received on topic: type-2/18 with payload size: 91 at 2024-12-11 15:27:51.399144 sent 2024-12-11 15:27:51.382386
INFO:Message received on topic: type-2/18 with payload size: 91 at 2024-12-11 15:27:53.997171 sent 2024-12-11 15:27:53.987080
INFO:Message received on topic: type-2/18 with payload size: 91 at 2024-12-11 15:27:56.640486 sent 2024-12-11 15:27:56.595930
INFO:Message received on topic: type-2/18 with payload size: 91 at 2024-12-11 15:27:59.255894 sent 2024-12-11 15:27:59.210964
INFO:Message received on topic: type-2/18 with payload size: 91 at 2024-12-11 15:28:01.837895 sent 2024-12-11 15:28:01.816626
INFO:Message received on topic: type-2/18 with payload size: 91 at 2024-12-11 15:28:04.436929 sent 2024-12-11 15:28:04.424563
INFO:Message received on topic: type-2/18 with payload size: 91 at 2024-12-11 15:28:07.053416 sent 2024-12-11 15:28:07.036101
INFO:Message received on topic: type-2/18 with payload size: 91 at 2024-12-11 15:28:09.647644 sent 2024-12-11 15:28:09.644486
INFO:Message received on topic: type-2/18 with payload size: 91 at 2024-12-11 15:28:12.252648 sent 2024-12-11 15:28:12.249432
INFO:Message received on topic: type-2/18 with payload size: 91 at 2024-12-11 15:28:14.925512 sent 2024-12-11 15:28:14.855031
INFO:Message received on topic: type-2/18 with payload size: 91 at 2024-12-11 15:28:17.528084 sent 2024-12-11 15:28:17.460124
INFO:Message received on topic: type-2/18 with payload size: 91 at 2024-12-11 15:28:20.129599 sent 2024-12-11 15:28:20.066956
INFO:Message received on topic: type-2/18 with payload size: 91 at 2024-12-11 15:28:22.697305 sent 2024-12-11 15:28:22.671241
INFO:Message received on topic: type-2/18 with payload size: 91 at 2024-12-11 15:28:25.331117 sent 2024-12-11 15:28:25.277998
INFO:Message received on topic: type-2/18 with payload size: 91 at 2024-12-11 15:28:27.900665 sent 2024-12-11 15:28:27.886485
INFO:Message received on topic: type-2/18 with payload size: 91 at 2024-12-11 15:28:30.499060 sent 2024-12-11 15:28:30.491087
INFO:Message received on topic: type-2/18 with payload size: 91 at 2024-12-11 15:28:33.131310 sent 2024-12-11 15:28:33.101943
INFO:Message received on topic: type-2/18 with payload size: 91 at 2024-12-11 15:28:35.734836 sent 2024-12-11 15:28:35.706456
INFO:Message received on topic: type-2/18 with payload size: 91 at 2024-12-11 15:28:38.336539 sent 2024-12-11 15:28:38.309189
INFO:Message received on topic: type-2/18 with payload size: 91 at 2024-12-11 15:28:40.944293 sent 2024-12-11 15:28:40.919102
INFO:Message received on topic: type-2/18 with payload size: 91 at 2024-12-11 15:28:43.537043 sent 2024-12-11 15:28:43.526740
INFO:Message received on topic: type-2/18 with payload size: 91 at 2024-12-11 15:28:46.189292 sent 2024-12-11 15:28:46.131582
INFO:Message received on topic: type-2/18 with payload size: 91 at 2024-12-11 15:28:48.743104 sent 2024-12-11 15:28:48.735317
INFO:Message received on topic: type-2/18 with payload size: 91 at 2024-12-11 15:28:51.347931 sent 2024-12-11 15:28:51.343185
INFO:Message received on topic: type-2/18 with payload size: 91 at 2024-12-11 15:28:53.994364 sent 2024-12-11 15:28:53.953928
INFO:Message received on topic: type-2/18 with payload size: 91 at 2024-12-11 15:28:56.600508 sent 2024-12-11 15:28:56.559500
INFO:Message received on topic: type-2/18 with payload size: 91 at 2024-12-11 15:28:59.200219 sent 2024-12-11 15:28:59.169884
INFO:Message received on topic: type-2/18 with payload size: 91 at 2024-12-11 15:29:01.800553 sent 2024-12-11 15:29:01.776260
INFO:Message received on topic: type-2/18 with payload size: 91 at 2024-12-11 15:29:04.398715 sent 2024-12-11 15:29:04.382501
INFO:Message received on topic: type-2/18 with payload size: 91 at 2024-12-11 15:29:06.996174 sent 2024-12-11 15:29:06.989306
INFO:Message received on topic: type-2/18 with payload size: 91 at 2024-12-11 15:29:09.629899 sent 2024-12-11 15:29:09.597581
INFO:Message received on topic: type-2/18 with payload size: 91 at 2024-12-11 15:29:12.233563 sent 2024-12-11 15:29:12.205630
INFO:Message received on topic: type-2/18 with payload size: 91 at 2024-12-11 15:29:14.836583 sent 2024-12-11 15:29:14.810085
INFO:Message received on topic: type-2/18 with payload size: 91 at 2024-12-11 15:29:17.434351 sent 2024-12-11 15:29:17.415488
INFO:Message received on topic: type-2/18 with payload size: 91 at 2024-12-11 15:29:20.095146 sent 2024-12-11 15:29:20.027663
INFO:Message received on topic: type-2/18 with payload size: 91 at 2024-12-11 15:29:22.643124 sent 2024-12-11 15:29:22.636443
INFO:Message received on topic: type-2/18 with payload size: 91 at 2024-12-11 15:29:25.247551 sent 2024-12-11 15:29:25.243936
INFO:Message received on topic: type-2/18 with payload size: 91 at 2024-12-11 15:29:27.896295 sent 2024-12-11 15:29:27.853865
INFO:Message received on topic: type-2/18 with payload size: 91 at 2024-12-11 15:29:30.497223 sent 2024-12-11 15:29:30.462413
INFO:Message received on topic: type-2/18 with payload size: 91 at 2024-12-11 15:29:33.146674 sent 2024-12-11 15:29:33.071980
INFO:Message received on topic: type-2/18 with payload size: 91 at 2024-12-11 15:29:35.700406 sent 2024-12-11 15:29:35.681148
INFO:Message received on topic: type-2/18 with payload size: 91 at 2024-12-11 15:29:38.331678 sent 2024-12-11 15:29:38.301541
INFO:Message received on topic: type-2/18 with payload size: 91 at 2024-12-11 15:29:40.931055 sent 2024-12-11 15:29:40.913407
INFO:Message received on topic: type-2/18 with payload size: 91 at 2024-12-11 15:29:43.536469 sent 2024-12-11 15:29:43.524465
INFO:Message received on topic: type-2/18 with payload size: 91 at 2024-12-11 15:29:46.143004 sent 2024-12-11 15:29:46.135531
INFO:Message received on topic: type-2/18 with payload size: 91 at 2024-12-11 15:29:48.750705 sent 2024-12-11 15:29:48.741732
INFO:Message received on topic: type-2/18 with payload size: 91 at 2024-12-11 15:29:51.390620 sent 2024-12-11 15:29:51.352851
INFO:Message received on topic: type-2/18 with payload size: 91 at 2024-12-11 15:29:53.993219 sent 2024-12-11 15:29:53.962620
INFO:Message received on topic: type-2/18 with payload size: 91 at 2024-12-11 15:29:56.603743 sent 2024-12-11 15:29:56.568487
INFO:Message received on topic: type-2/18 with payload size: 91 at 2024-12-11 15:29:59.199394 sent 2024-12-11 15:29:59.174655
INFO:Message received on topic: type-2/18 with payload size: 91 at 2024-12-11 15:30:01.797008 sent 2024-12-11 15:30:01.787310
INFO:Message received on topic: type-2/18 with payload size: 91 at 2024-12-11 15:30:04.430160 sent 2024-12-11 15:30:04.394257
INFO:Message received on topic: type-2/18 with payload size: 91 at 2024-12-11 15:30:07.045004 sent 2024-12-11 15:30:07.000437
INFO:Message received on topic: type-2/18 with payload size: 91 at 2024-12-11 15:30:09.636831 sent 2024-12-11 15:30:09.608446
INFO:Message received on topic: type-2/18 with payload size: 91 at 2024-12-11 15:30:12.235037 sent 2024-12-11 15:30:12.212637
INFO:Message received on topic: type-2/18 with payload size: 91 at 2024-12-11 15:30:14.853669 sent 2024-12-11 15:30:14.818384
INFO:Message received on topic: type-2/18 with payload size: 91 at 2024-12-11 15:30:17.441701 sent 2024-12-11 15:30:17.425786
INFO:Message received on topic: type-2/18 with payload size: 91 at 2024-12-11 15:30:20.042016 sent 2024-12-11 15:30:20.034276
INFO:Message received on topic: type-2/18 with payload size: 91 at 2024-12-11 15:30:22.645969 sent 2024-12-11 15:30:22.641504
INFO:Message received on topic: type-2/18 with payload size: 91 at 2024-12-11 15:30:25.252861 sent 2024-12-11 15:30:25.245046
INFO:Message received on topic: type-2/18 with payload size: 91 at 2024-12-11 15:30:27.854566 sent 2024-12-11 15:30:27.850973
INFO:Message received on topic: type-2/18 with payload size: 91 at 2024-12-11 15:30:30.501988 sent 2024-12-11 15:30:30.456651
INFO:Message received on topic: type-2/18 with payload size: 91 at 2024-12-11 15:30:33.104693 sent 2024-12-11 15:30:33.062405
INFO:Message received on topic: type-2/18 with payload size: 91 at 2024-12-11 15:30:35.700698 sent 2024-12-11 15:30:35.670151
INFO:Message received on topic: type-2/18 with payload size: 91 at 2024-12-11 15:30:38.301861 sent 2024-12-11 15:30:38.278275
INFO:Message received on topic: type-2/18 with payload size: 91 at 2024-12-11 15:30:40.901218 sent 2024-12-11 15:30:40.885786
INFO:Message received on topic: type-2/18 with payload size: 91 at 2024-12-11 15:30:43.504609 sent 2024-12-11 15:30:43.491833
INFO:Message received on topic: type-2/18 with payload size: 91 at 2024-12-11 15:30:46.136549 sent 2024-12-11 15:30:46.100986
INFO:Message received on topic: type-2/18 with payload size: 91 at 2024-12-11 15:30:48.744832 sent 2024-12-11 15:30:48.710373
INFO:Message received on topic: type-2/18 with payload size: 91 at 2024-12-11 15:30:51.340000 sent 2024-12-11 15:30:51.316675
INFO:Message received on topic: type-2/18 with payload size: 91 at 2024-12-11 15:30:53.940582 sent 2024-12-11 15:30:53.925120
INFO:Message received on topic: type-2/18 with payload size: 91 at 2024-12-11 15:30:56.534438 sent 2024-12-11 15:30:56.527624
INFO:Message received on topic: type-2/18 with payload size: 91 at 2024-12-11 15:30:59.148592 sent 2024-12-11 15:30:59.131554
INFO:Message received on topic: type-2/18 with payload size: 91 at 2024-12-11 15:31:01.740720 sent 2024-12-11 15:31:01.736656
INFO:Message received on topic: type-2/18 with payload size: 91 at 2024-12-11 15:31:04.353975 sent 2024-12-11 15:31:04.345527
INFO:Message received on topic: type-2/18 with payload size: 91 at 2024-12-11 15:31:06.960565 sent 2024-12-11 15:31:06.953780
INFO:Message received on topic: type-2/18 with payload size: 91 at 2024-12-11 15:31:09.634584 sent 2024-12-11 15:31:09.565414
INFO:Message received on topic: type-2/18 with payload size: 91 at 2024-12-11 15:31:12.197867 sent 2024-12-11 15:31:12.175949
INFO:Message received on topic: type-2/18 with payload size: 91 at 2024-12-11 15:31:14.798847 sent 2024-12-11 15:31:14.788868
INFO:Message received on topic: type-2/18 with payload size: 91 at 2024-12-11 15:31:17.435158 sent 2024-12-11 15:31:17.394031
INFO:Message received on topic: type-2/18 with payload size: 91 at 2024-12-11 15:31:20.039592 sent 2024-12-11 15:31:20.000735
INFO:Message received on topic: type-2/18 with payload size: 91 at 2024-12-11 15:31:22.638665 sent 2024-12-11 15:31:22.609480
INFO:Message received on topic: type-2/18 with payload size: 91 at 2024-12-11 15:31:25.242088 sent 2024-12-11 15:31:25.214271
INFO:Message received on topic: type-2/18 with payload size: 91 at 2024-12-11 15:31:27.841599 sent 2024-12-11 15:31:27.821784
INFO:Message received on topic: type-2/18 with payload size: 91 at 2024-12-11 15:31:30.441768 sent 2024-12-11 15:31:30.431928
INFO:Message received on topic: type-2/18 with payload size: 91 at 2024-12-11 15:31:33.047579 sent 2024-12-11 15:31:33.038317
INFO:Message received on topic: type-2/18 with payload size: 91 at 2024-12-11 15:31:35.651771 sent 2024-12-11 15:31:35.645072
INFO:Message received on topic: type-2/18 with payload size: 91 at 2024-12-11 15:31:38.256892 sent 2024-12-11 15:31:38.251175
INFO:Message received on topic: type-2/18 with payload size: 91 at 2024-12-11 15:31:40.938514 sent 2024-12-11 15:31:40.861519
INFO:Message received on topic: type-2/18 with payload size: 91 at 2024-12-11 15:31:43.497078 sent 2024-12-11 15:31:43.469632
INFO:Message received on topic: type-2/18 with payload size: 91 at 2024-12-11 15:31:46.101527 sent 2024-12-11 15:31:46.079148
INFO:Message received on topic: type-2/18 with payload size: 91 at 2024-12-11 15:31:48.693753 sent 2024-12-11 15:31:48.688955
INFO:Message received on topic: type-2/18 with payload size: 91 at 2024-12-11 15:31:51.330571 sent 2024-12-11 15:31:51.296762
INFO:Message received on topic: type-2/18 with payload size: 91 at 2024-12-11 15:31:53.928056 sent 2024-12-11 15:31:53.902743
INFO:Message received on topic: type-2/18 with payload size: 91 at 2024-12-11 15:31:56.549981 sent 2024-12-11 15:31:56.506608
INFO:Message received on topic: type-2/18 with payload size: 91 at 2024-12-11 15:31:59.140042 sent 2024-12-11 15:31:59.114089
INFO:Message received on topic: type-2/18 with payload size: 91 at 2024-12-11 15:32:01.739758 sent 2024-12-11 15:32:01.721575
INFO:Message received on topic: type-2/18 with payload size: 91 at 2024-12-11 15:32:04.336570 sent 2024-12-11 15:32:04.326267
INFO:Message received on topic: type-2/18 with payload size: 91 at 2024-12-11 15:32:06.950805 sent 2024-12-11 15:32:06.932632
INFO:Message received on topic: type-2/18 with payload size: 91 at 2024-12-11 15:32:09.548847 sent 2024-12-11 15:32:09.544667
INFO:Message received on topic: type-2/18 with payload size: 91 at 2024-12-11 15:32:12.199465 sent 2024-12-11 15:32:12.150801
INFO:Message received on topic: type-2/18 with payload size: 91 at 2024-12-11 15:32:14.799147 sent 2024-12-11 15:32:14.756087
INFO:Message received on topic: type-2/18 with payload size: 91 at 2024-12-11 15:32:17.402623 sent 2024-12-11 15:32:17.361013
INFO:Message received on topic: type-2/18 with payload size: 91 at 2024-12-11 15:32:20.003273 sent 2024-12-11 15:32:19.968581
INFO:Message received on topic: type-2/18 with payload size: 91 at 2024-12-11 15:32:22.598818 sent 2024-12-11 15:32:22.579176
INFO:Message received on topic: type-2/18 with payload size: 91 at 2024-12-11 15:32:25.200741 sent 2024-12-11 15:32:25.187064
INFO:Message received on topic: type-2/18 with payload size: 91 at 2024-12-11 15:32:27.807786 sent 2024-12-11 15:32:27.794383
INFO:Message received on topic: type-2/18 with payload size: 91 at 2024-12-11 15:32:30.412616 sent 2024-12-11 15:32:30.400483
INFO:Message received on topic: type-2/18 with payload size: 91 at 2024-12-11 15:32:33.030629 sent 2024-12-11 15:32:33.007677
INFO:Message received on topic: type-2/18 with payload size: 91 at 2024-12-11 15:32:35.636614 sent 2024-12-11 15:32:35.612833
INFO:Message received on topic: type-2/18 with payload size: 91 at 2024-12-11 15:32:38.240795 sent 2024-12-11 15:32:38.218396
INFO:Message received on topic: type-2/18 with payload size: 91 at 2024-12-11 15:32:40.835146 sent 2024-12-11 15:32:40.822549
INFO:Message received on topic: type-2/18 with payload size: 91 at 2024-12-11 15:32:43.436449 sent 2024-12-11 15:32:43.426777
INFO:Message received on topic: type-2/18 with payload size: 91 at 2024-12-11 15:32:46.092833 sent 2024-12-11 15:32:46.035927
INFO:Message received on topic: type-2/18 with payload size: 91 at 2024-12-11 15:32:48.694460 sent 2024-12-11 15:32:48.642418
INFO:Message received on topic: type-2/18 with payload size: 91 at 2024-12-11 15:32:51.303234 sent 2024-12-11 15:32:51.248594
INFO:Message received on topic: type-2/18 with payload size: 91 at 2024-12-11 15:32:53.895700 sent 2024-12-11 15:32:53.854149
INFO:Message received on topic: type-2/18 with payload size: 91 at 2024-12-11 15:32:56.496271 sent 2024-12-11 15:32:56.457936
INFO:Message received on topic: type-2/18 with payload size: 91 at 2024-12-11 15:32:59.097902 sent 2024-12-11 15:32:59.060744
INFO:Message received on topic: type-2/18 with payload size: 91 at 2024-12-11 15:33:01.696807 sent 2024-12-11 15:33:01.664805
INFO:Message received on topic: type-2/18 with payload size: 91 at 2024-12-11 15:33:04.297801 sent 2024-12-11 15:33:04.261307
INFO:Message received on topic: type-2/18 with payload size: 91 at 2024-12-11 15:33:06.900211 sent 2024-12-11 15:33:06.848964
INFO:Message received on topic: type-2/18 with payload size: 91 at 2024-12-11 15:33:09.438926 sent 2024-12-11 15:33:09.430597
INFO:Message received on topic: type-2/18 with payload size: 91 at 2024-12-11 15:33:12.030987 sent 2024-12-11 15:33:12.017139
INFO:Message received on topic: type-2/18 with payload size: 91 at 2024-12-11 15:33:14.628000 sent 2024-12-11 15:33:14.609617
INFO:Message received on topic: type-2/18 with payload size: 91 at 2024-12-11 15:33:17.229616 sent 2024-12-11 15:33:17.209641
INFO:Message received on topic: type-2/18 with payload size: 91 at 2024-12-11 15:33:19.810151 sent 2024-12-11 15:33:19.808843
