INFO:Starting Version 1.0.5
DEBUG:Using selector: EpollSelector
INFO:Connecting to cluster at: mqtt-quic://emqx-headless.dtwins:14567 using QUIC
INFO:Subscribed to topic: type-2/9
INFO:Logging each: 50
INFO:Unhandled packet type received
INFO:Message received on topic: type-2/9 with payload size: 91 at 2024-12-11 15:24:24.028216 sent 2024-12-11 15:24:24.021052
INFO:Message received on topic: type-2/9 with payload size: 91 at 2024-12-11 15:24:26.626666 sent 2024-12-11 15:24:26.622062
INFO:Message received on topic: type-2/9 with payload size: 91 at 2024-12-11 15:24:29.230469 sent 2024-12-11 15:24:29.225975
INFO:Message received on topic: type-2/9 with payload size: 91 at 2024-12-11 15:24:31.831245 sent 2024-12-11 15:24:31.827050
INFO:Message received on topic: type-2/9 with payload size: 91 at 2024-12-11 15:24:34.428083 sent 2024-12-11 15:24:34.425347
INFO:Message received on topic: type-2/9 with payload size: 91 at 2024-12-11 15:24:37.030609 sent 2024-12-11 15:24:37.025308
INFO:Message received on topic: type-2/9 with payload size: 91 at 2024-12-11 15:24:39.631518 sent 2024-12-11 15:24:39.628816
INFO:Message received on topic: type-2/9 with payload size: 91 at 2024-12-11 15:24:42.230962 sent 2024-12-11 15:24:42.229423
INFO:Message received on topic: type-2/9 with payload size: 91 at 2024-12-11 15:24:44.847772 sent 2024-12-11 15:24:44.838532
INFO:Message received on topic: type-2/9 with payload size: 91 at 2024-12-11 15:24:47.442102 sent 2024-12-11 15:24:47.439873
INFO:Message received on topic: type-2/9 with payload size: 91 at 2024-12-11 15:24:50.044712 sent 2024-12-11 15:24:50.038006
INFO:Message received on topic: type-2/9 with payload size: 91 at 2024-12-11 15:24:52.646261 sent 2024-12-11 15:24:52.640119
INFO:Message received on topic: type-2/9 with payload size: 91 at 2024-12-11 15:24:55.245060 sent 2024-12-11 15:24:55.243660
INFO:Message received on topic: type-2/9 with payload size: 91 at 2024-12-11 15:24:57.926630 sent 2024-12-11 15:24:57.851269
INFO:Message received on topic: type-2/9 with payload size: 91 at 2024-12-11 15:25:00.494714 sent 2024-12-11 15:25:00.453897
INFO:Message received on topic: type-2/9 with payload size: 91 at 2024-12-11 15:25:03.097564 sent 2024-12-11 15:25:03.055163
INFO:Message received on topic: type-2/9 with payload size: 91 at 2024-12-11 15:25:05.701927 sent 2024-12-11 15:25:05.659320
INFO:Message received on topic: type-2/9 with payload size: 91 at 2024-12-11 15:25:08.306057 sent 2024-12-11 15:25:08.263112
INFO:Message received on topic: type-2/9 with payload size: 91 at 2024-12-11 15:25:10.900713 sent 2024-12-11 15:25:10.871094
INFO:Message received on topic: type-2/9 with payload size: 91 at 2024-12-11 15:25:13.537498 sent 2024-12-11 15:25:13.482129
INFO:Message received on topic: type-2/9 with payload size: 91 at 2024-12-11 15:25:16.098534 sent 2024-12-11 15:25:16.085984
INFO:Message received on topic: type-2/9 with payload size: 91 at 2024-12-11 15:25:18.709634 sent 2024-12-11 15:25:18.689952
INFO:Message received on topic: type-2/9 with payload size: 91 at 2024-12-11 15:25:21.311266 sent 2024-12-11 15:25:21.296580
INFO:Message received on topic: type-2/9 with payload size: 91 at 2024-12-11 15:25:23.913398 sent 2024-12-11 15:25:23.903659
INFO:Message received on topic: type-2/9 with payload size: 91 at 2024-12-11 15:25:26.509678 sent 2024-12-11 15:25:26.506364
INFO:Message received on topic: type-2/9 with payload size: 91 at 2024-12-11 15:25:29.128569 sent 2024-12-11 15:25:29.111145
INFO:Message received on topic: type-2/9 with payload size: 91 at 2024-12-11 15:25:31.741797 sent 2024-12-11 15:25:31.718285
INFO:Message received on topic: type-2/9 with payload size: 91 at 2024-12-11 15:25:34.336591 sent 2024-12-11 15:25:34.328473
INFO:Message received on topic: type-2/9 with payload size: 91 at 2024-12-11 15:25:37.009171 sent 2024-12-11 15:25:36.934690
INFO:Message received on topic: type-2/9 with payload size: 91 at 2024-12-11 15:25:39.592427 sent 2024-12-11 15:25:39.540486
INFO:Message received on topic: type-2/9 with payload size: 91 at 2024-12-11 15:25:42.205215 sent 2024-12-11 15:25:42.144819
INFO:Message received on topic: type-2/9 with payload size: 91 at 2024-12-11 15:25:44.797694 sent 2024-12-11 15:25:44.753467
INFO:Message received on topic: type-2/9 with payload size: 91 at 2024-12-11 15:25:47.403664 sent 2024-12-11 15:25:47.356634
INFO:Message received on topic: type-2/9 with payload size: 91 at 2024-12-11 15:25:50.007848 sent 2024-12-11 15:25:49.963615
INFO:Message received on topic: type-2/9 with payload size: 91 at 2024-12-11 15:25:52.627821 sent 2024-12-11 15:25:52.572526
INFO:Message received on topic: type-2/9 with payload size: 91 at 2024-12-11 15:25:55.200873 sent 2024-12-11 15:25:55.179823
INFO:Message received on topic: type-2/9 with payload size: 91 at 2024-12-11 15:25:57.898070 sent 2024-12-11 15:25:57.785580
INFO:Message received on topic: type-2/9 with payload size: 91 at 2024-12-11 15:26:00.405609 sent 2024-12-11 15:26:00.394270
INFO:Message received on topic: type-2/9 with payload size: 91 at 2024-12-11 15:26:03.012055 sent 2024-12-11 15:26:02.999281
INFO:Message received on topic: type-2/9 with payload size: 91 at 2024-12-11 15:26:05.629081 sent 2024-12-11 15:26:05.610525
INFO:Message received on topic: type-2/9 with payload size: 91 at 2024-12-11 15:26:08.236673 sent 2024-12-11 15:26:08.218129
INFO:Message received on topic: type-2/9 with payload size: 91 at 2024-12-11 15:26:10.833938 sent 2024-12-11 15:26:10.812680
INFO:Message received on topic: type-2/9 with payload size: 91 at 2024-12-11 15:26:13.403313 sent 2024-12-11 15:26:13.395734
INFO:Message received on topic: type-2/9 with payload size: 91 at 2024-12-11 15:26:16.044547 sent 2024-12-11 15:26:15.983565
INFO:Message received on topic: type-2/9 with payload size: 91 at 2024-12-11 15:26:18.601851 sent 2024-12-11 15:26:18.567097
INFO:Message received on topic: type-2/9 with payload size: 91 at 2024-12-11 15:26:21.198037 sent 2024-12-11 15:26:21.167054
INFO:Message received on topic: type-2/9 with payload size: 91 at 2024-12-11 15:26:23.833009 sent 2024-12-11 15:26:23.777169
INFO:Message received on topic: type-2/9 with payload size: 91 at 2024-12-11 15:26:26.400763 sent 2024-12-11 15:26:26.386285
INFO:Message received on topic: type-2/9 with payload size: 91 at 2024-12-11 15:26:29.003221 sent 2024-12-11 15:26:28.994538
INFO:Message received on topic: type-2/9 with payload size: 91 at 2024-12-11 15:26:31.631078 sent 2024-12-11 15:26:31.610754
INFO:Message received on topic: type-2/9 with payload size: 91 at 2024-12-11 15:26:34.233151 sent 2024-12-11 15:26:34.217148
INFO:Message received on topic: type-2/9 with payload size: 91 at 2024-12-11 15:26:36.834748 sent 2024-12-11 15:26:36.822817
INFO:Message received on topic: type-2/9 with payload size: 91 at 2024-12-11 15:26:39.436494 sent 2024-12-11 15:26:39.427992
INFO:Message received on topic: type-2/9 with payload size: 91 at 2024-12-11 15:26:42.042442 sent 2024-12-11 15:26:42.034440
INFO:Message received on topic: type-2/9 with payload size: 91 at 2024-12-11 15:26:44.751712 sent 2024-12-11 15:26:44.645294
INFO:Message received on topic: type-2/9 with payload size: 91 at 2024-12-11 15:26:47.296399 sent 2024-12-11 15:26:47.253635
INFO:Message received on topic: type-2/9 with payload size: 91 at 2024-12-11 15:26:49.896879 sent 2024-12-11 15:26:49.863858
INFO:Message received on topic: type-2/9 with payload size: 91 at 2024-12-11 15:26:52.502037 sent 2024-12-11 15:26:52.473519
INFO:Message received on topic: type-2/9 with payload size: 91 at 2024-12-11 15:26:55.099940 sent 2024-12-11 15:26:55.081142
INFO:Message received on topic: type-2/9 with payload size: 91 at 2024-12-11 15:26:57.701773 sent 2024-12-11 15:26:57.684673
INFO:Message received on topic: type-2/9 with payload size: 91 at 2024-12-11 15:27:00.328706 sent 2024-12-11 15:27:00.295521
INFO:Message received on topic: type-2/9 with payload size: 91 at 2024-12-11 15:27:02.931170 sent 2024-12-11 15:27:02.903039
INFO:Message received on topic: type-2/9 with payload size: 91 at 2024-12-11 15:27:05.532486 sent 2024-12-11 15:27:05.512245
INFO:Message received on topic: type-2/9 with payload size: 91 at 2024-12-11 15:27:08.134244 sent 2024-12-11 15:27:08.123262
INFO:Message received on topic: type-2/9 with payload size: 91 at 2024-12-11 15:27:10.741030 sent 2024-12-11 15:27:10.731140
INFO:Message received on topic: type-2/9 with payload size: 91 at 2024-12-11 15:27:13.432591 sent 2024-12-11 15:27:13.345646
INFO:Message received on topic: type-2/9 with payload size: 91 at 2024-12-11 15:27:15.999069 sent 2024-12-11 15:27:15.959312
INFO:Message received on topic: type-2/9 with payload size: 91 at 2024-12-11 15:27:18.599665 sent 2024-12-11 15:27:18.566427
INFO:Message received on topic: type-2/9 with payload size: 91 at 2024-12-11 15:27:21.197901 sent 2024-12-11 15:27:21.171125
INFO:Message received on topic: type-2/9 with payload size: 91 at 2024-12-11 15:27:23.801693 sent 2024-12-11 15:27:23.778552
INFO:Message received on topic: type-2/9 with payload size: 91 at 2024-12-11 15:27:26.396966 sent 2024-12-11 15:27:26.379408
INFO:Message received on topic: type-2/9 with payload size: 91 at 2024-12-11 15:27:29.001615 sent 2024-12-11 15:27:28.983381
INFO:Message received on topic: type-2/9 with payload size: 91 at 2024-12-11 15:27:31.635441 sent 2024-12-11 15:27:31.594953
INFO:Message received on topic: type-2/9 with payload size: 91 at 2024-12-11 15:27:34.241212 sent 2024-12-11 15:27:34.207915
INFO:Message received on topic: type-2/9 with payload size: 91 at 2024-12-11 15:27:36.832891 sent 2024-12-11 15:27:36.813647
INFO:Message received on topic: type-2/9 with payload size: 91 at 2024-12-11 15:27:39.444275 sent 2024-12-11 15:27:39.417730
INFO:Message received on topic: type-2/9 with payload size: 91 at 2024-12-11 15:27:42.038954 sent 2024-12-11 15:27:42.030674
INFO:Message received on topic: type-2/9 with payload size: 91 at 2024-12-11 15:27:44.645012 sent 2024-12-11 15:27:44.641504
INFO:Message received on topic: type-2/9 with payload size: 91 at 2024-12-11 15:27:47.247241 sent 2024-12-11 15:27:47.243201
INFO:Message received on topic: type-2/9 with payload size: 91 at 2024-12-11 15:27:49.855693 sent 2024-12-11 15:27:49.852050
INFO:Message received on topic: type-2/9 with payload size: 91 at 2024-12-11 15:27:52.497085 sent 2024-12-11 15:27:52.460450
INFO:Message received on topic: type-2/9 with payload size: 91 at 2024-12-11 15:27:55.138086 sent 2024-12-11 15:27:55.067846
INFO:Message received on topic: type-2/9 with payload size: 91 at 2024-12-11 15:27:57.726789 sent 2024-12-11 15:27:57.676123
INFO:Message received on topic: type-2/9 with payload size: 91 at 2024-12-11 15:28:00.294737 sent 2024-12-11 15:28:00.288980
INFO:Message received on topic: type-2/9 with payload size: 91 at 2024-12-11 15:28:02.941693 sent 2024-12-11 15:28:02.897719
INFO:Message received on topic: type-2/9 with payload size: 91 at 2024-12-11 15:28:05.545037 sent 2024-12-11 15:28:05.502714
INFO:Message received on topic: type-2/9 with payload size: 91 at 2024-12-11 15:28:08.139230 sent 2024-12-11 15:28:08.110001
INFO:Message received on topic: type-2/9 with payload size: 91 at 2024-12-11 15:28:10.743629 sent 2024-12-11 15:28:10.727745
INFO:Message received on topic: type-2/9 with payload size: 91 at 2024-12-11 15:28:13.339739 sent 2024-12-11 15:28:13.332711
INFO:Message received on topic: type-2/9 with payload size: 91 at 2024-12-11 15:28:15.954920 sent 2024-12-11 15:28:15.944005
INFO:Message received on topic: type-2/9 with payload size: 91 at 2024-12-11 15:28:18.593642 sent 2024-12-11 15:28:18.557824
INFO:Message received on topic: type-2/9 with payload size: 91 at 2024-12-11 15:28:21.196639 sent 2024-12-11 15:28:21.162573
INFO:Message received on topic: type-2/9 with payload size: 91 at 2024-12-11 15:28:23.792598 sent 2024-12-11 15:28:23.767741
INFO:Message received on topic: type-2/9 with payload size: 91 at 2024-12-11 15:28:26.395906 sent 2024-12-11 15:28:26.373071
INFO:Message received on topic: type-2/9 with payload size: 91 at 2024-12-11 15:28:29.031943 sent 2024-12-11 15:28:28.977963
INFO:Message received on topic: type-2/9 with payload size: 91 at 2024-12-11 15:28:31.594820 sent 2024-12-11 15:28:31.583972
INFO:Message received on topic: type-2/9 with payload size: 91 at 2024-12-11 15:28:34.198509 sent 2024-12-11 15:28:34.191007
INFO:Message received on topic: type-2/9 with payload size: 91 at 2024-12-11 15:28:36.831773 sent 2024-12-11 15:28:36.799214
INFO:Message received on topic: type-2/9 with payload size: 91 at 2024-12-11 15:28:39.436518 sent 2024-12-11 15:28:39.411050
INFO:Message received on topic: type-2/9 with payload size: 91 at 2024-12-11 15:28:42.037167 sent 2024-12-11 15:28:42.017242
INFO:Message received on topic: type-2/9 with payload size: 91 at 2024-12-11 15:28:44.634731 sent 2024-12-11 15:28:44.624018
INFO:Message received on topic: type-2/9 with payload size: 91 at 2024-12-11 15:28:47.240057 sent 2024-12-11 15:28:47.235942
INFO:Message received on topic: type-2/9 with payload size: 91 at 2024-12-11 15:28:49.854114 sent 2024-12-11 15:28:49.844585
INFO:Message received on topic: type-2/9 with payload size: 91 at 2024-12-11 15:28:52.453198 sent 2024-12-11 15:28:52.450122
INFO:Message received on topic: type-2/9 with payload size: 91 at 2024-12-11 15:28:55.097265 sent 2024-12-11 15:28:55.057418
INFO:Message received on topic: type-2/9 with payload size: 91 at 2024-12-11 15:28:57.696302 sent 2024-12-11 15:28:57.662687
INFO:Message received on topic: type-2/9 with payload size: 91 at 2024-12-11 15:29:00.298002 sent 2024-12-11 15:29:00.270876
INFO:Message received on topic: type-2/9 with payload size: 91 at 2024-12-11 15:29:02.991229 sent 2024-12-11 15:29:02.875612
INFO:Message received on topic: type-2/9 with payload size: 91 at 2024-12-11 15:29:05.499375 sent 2024-12-11 15:29:05.484959
INFO:Message received on topic: type-2/9 with payload size: 91 at 2024-12-11 15:29:08.100655 sent 2024-12-11 15:29:08.092236
INFO:Message received on topic: type-2/9 with payload size: 91 at 2024-12-11 15:29:10.731699 sent 2024-12-11 15:29:10.697594
INFO:Message received on topic: type-2/9 with payload size: 91 at 2024-12-11 15:29:13.345016 sent 2024-12-11 15:29:13.310911
INFO:Message received on topic: type-2/9 with payload size: 91 at 2024-12-11 15:29:15.946259 sent 2024-12-11 15:29:15.917617
INFO:Message received on topic: type-2/9 with payload size: 91 at 2024-12-11 15:29:18.537018 sent 2024-12-11 15:29:18.522021
INFO:Message received on topic: type-2/9 with payload size: 91 at 2024-12-11 15:29:21.142401 sent 2024-12-11 15:29:21.128897
INFO:Message received on topic: type-2/9 with payload size: 91 at 2024-12-11 15:29:23.749603 sent 2024-12-11 15:29:23.743268
INFO:Message received on topic: type-2/9 with payload size: 91 at 2024-12-11 15:29:26.400962 sent 2024-12-11 15:29:26.346086
INFO:Message received on topic: type-2/9 with payload size: 91 at 2024-12-11 15:29:29.002903 sent 2024-12-11 15:29:28.957866
INFO:Message received on topic: type-2/9 with payload size: 91 at 2024-12-11 15:29:31.592898 sent 2024-12-11 15:29:31.566990
INFO:Message received on topic: type-2/9 with payload size: 91 at 2024-12-11 15:29:34.230563 sent 2024-12-11 15:29:34.179664
INFO:Message received on topic: type-2/9 with payload size: 91 at 2024-12-11 15:29:36.830960 sent 2024-12-11 15:29:36.793156
INFO:Message received on topic: type-2/9 with payload size: 91 at 2024-12-11 15:29:39.433166 sent 2024-12-11 15:29:39.404299
INFO:Message received on topic: type-2/9 with payload size: 91 at 2024-12-11 15:29:42.055140 sent 2024-12-11 15:29:42.011216
INFO:Message received on topic: type-2/9 with payload size: 91 at 2024-12-11 15:29:44.637765 sent 2024-12-11 15:29:44.615875
INFO:Message received on topic: type-2/9 with payload size: 91 at 2024-12-11 15:29:47.241010 sent 2024-12-11 15:29:47.221295
INFO:Message received on topic: type-2/9 with payload size: 91 at 2024-12-11 15:29:49.839493 sent 2024-12-11 15:29:49.827669
INFO:Message received on topic: type-2/9 with payload size: 91 at 2024-12-11 15:29:52.444903 sent 2024-12-11 15:29:52.440342
INFO:Message received on topic: type-2/9 with payload size: 91 at 2024-12-11 15:29:55.055593 sent 2024-12-11 15:29:55.045176
INFO:Message received on topic: type-2/9 with payload size: 91 at 2024-12-11 15:29:57.729107 sent 2024-12-11 15:29:57.654574
INFO:Message received on topic: type-2/9 with payload size: 91 at 2024-12-11 15:30:00.293288 sent 2024-12-11 15:30:00.263571
INFO:Message received on topic: type-2/9 with payload size: 91 at 2024-12-11 15:30:02.897957 sent 2024-12-11 15:30:02.869185
INFO:Message received on topic: type-2/9 with payload size: 91 at 2024-12-11 15:30:05.499624 sent 2024-12-11 15:30:05.474809
INFO:Message received on topic: type-2/9 with payload size: 91 at 2024-12-11 15:30:08.102955 sent 2024-12-11 15:30:08.086009
INFO:Message received on topic: type-2/9 with payload size: 91 at 2024-12-11 15:30:10.733446 sent 2024-12-11 15:30:10.699429
INFO:Message received on topic: type-2/9 with payload size: 91 at 2024-12-11 15:30:13.337470 sent 2024-12-11 15:30:13.306777
INFO:Message received on topic: type-2/9 with payload size: 91 at 2024-12-11 15:30:15.952510 sent 2024-12-11 15:30:15.910458
INFO:Message received on topic: type-2/9 with payload size: 91 at 2024-12-11 15:30:18.540117 sent 2024-12-11 15:30:18.522394
INFO:Message received on topic: type-2/9 with payload size: 91 at 2024-12-11 15:30:21.140929 sent 2024-12-11 15:30:21.130650
INFO:Message received on topic: type-2/9 with payload size: 91 at 2024-12-11 15:30:23.751196 sent 2024-12-11 15:30:23.737717
INFO:Message received on topic: type-2/9 with payload size: 91 at 2024-12-11 15:30:26.442014 sent 2024-12-11 15:30:26.347680
INFO:Message received on topic: type-2/9 with payload size: 91 at 2024-12-11 15:30:29.003051 sent 2024-12-11 15:30:28.954271
INFO:Message received on topic: type-2/9 with payload size: 91 at 2024-12-11 15:30:31.598963 sent 2024-12-11 15:30:31.564316
INFO:Message received on topic: type-2/9 with payload size: 91 at 2024-12-11 15:30:34.198948 sent 2024-12-11 15:30:34.172549
INFO:Message received on topic: type-2/9 with payload size: 91 at 2024-12-11 15:30:36.800006 sent 2024-12-11 15:30:36.780914
INFO:Message received on topic: type-2/9 with payload size: 91 at 2024-12-11 15:30:39.400655 sent 2024-12-11 15:30:39.392544
INFO:Message received on topic: type-2/9 with payload size: 91 at 2024-12-11 15:30:42.045232 sent 2024-12-11 15:30:42.003246
INFO:Message received on topic: type-2/9 with payload size: 91 at 2024-12-11 15:30:44.640522 sent 2024-12-11 15:30:44.612161
INFO:Message received on topic: type-2/9 with payload size: 91 at 2024-12-11 15:30:47.233954 sent 2024-12-11 15:30:47.217621
INFO:Message received on topic: type-2/9 with payload size: 91 at 2024-12-11 15:30:49.837892 sent 2024-12-11 15:30:49.825783
INFO:Message received on topic: type-2/9 with payload size: 91 at 2024-12-11 15:30:52.441024 sent 2024-12-11 15:30:52.430503
INFO:Message received on topic: type-2/9 with payload size: 91 at 2024-12-11 15:30:55.037959 sent 2024-12-11 15:30:55.033552
INFO:Message received on topic: type-2/9 with payload size: 91 at 2024-12-11 15:30:57.653400 sent 2024-12-11 15:30:57.643105
INFO:Message received on topic: type-2/9 with payload size: 91 at 2024-12-11 15:31:00.259677 sent 2024-12-11 15:31:00.251242
INFO:Message received on topic: type-2/9 with payload size: 91 at 2024-12-11 15:31:02.899434 sent 2024-12-11 15:31:02.858380
INFO:Message received on topic: type-2/9 with payload size: 91 at 2024-12-11 15:31:05.497464 sent 2024-12-11 15:31:05.469531
INFO:Message received on topic: type-2/9 with payload size: 91 at 2024-12-11 15:31:08.098524 sent 2024-12-11 15:31:08.079941
INFO:Message received on topic: type-2/9 with payload size: 91 at 2024-12-11 15:31:10.696947 sent 2024-12-11 15:31:10.690918
INFO:Message received on topic: type-2/9 with payload size: 91 at 2024-12-11 15:31:13.330613 sent 2024-12-11 15:31:13.297207
INFO:Message received on topic: type-2/9 with payload size: 91 at 2024-12-11 15:31:15.992803 sent 2024-12-11 15:31:15.903503
INFO:Message received on topic: type-2/9 with payload size: 91 at 2024-12-11 15:31:18.541559 sent 2024-12-11 15:31:18.511984
INFO:Message received on topic: type-2/9 with payload size: 91 at 2024-12-11 15:31:21.140210 sent 2024-12-11 15:31:21.119630
INFO:Message received on topic: type-2/9 with payload size: 91 at 2024-12-11 15:31:23.737517 sent 2024-12-11 15:31:23.725865
INFO:Message received on topic: type-2/9 with payload size: 91 at 2024-12-11 15:31:26.348050 sent 2024-12-11 15:31:26.333966
INFO:Message received on topic: type-2/9 with payload size: 91 at 2024-12-11 15:31:28.957293 sent 2024-12-11 15:31:28.947106
INFO:Message received on topic: type-2/9 with payload size: 91 at 2024-12-11 15:31:31.562488 sent 2024-12-11 15:31:31.554303
INFO:Message received on topic: type-2/9 with payload size: 91 at 2024-12-11 15:31:34.195225 sent 2024-12-11 15:31:34.158473
INFO:Message received on topic: type-2/9 with payload size: 91 at 2024-12-11 15:31:36.798619 sent 2024-12-11 15:31:36.763853
INFO:Message received on topic: type-2/9 with payload size: 91 at 2024-12-11 15:31:39.397187 sent 2024-12-11 15:31:39.374762
INFO:Message received on topic: type-2/9 with payload size: 91 at 2024-12-11 15:31:41.996929 sent 2024-12-11 15:31:41.980177
INFO:Message received on topic: type-2/9 with payload size: 91 at 2024-12-11 15:31:44.640557 sent 2024-12-11 15:31:44.590568
INFO:Message received on topic: type-2/9 with payload size: 91 at 2024-12-11 15:31:47.236108 sent 2024-12-11 15:31:47.203284
INFO:Message received on topic: type-2/9 with payload size: 91 at 2024-12-11 15:31:49.839161 sent 2024-12-11 15:31:49.815301
INFO:Message received on topic: type-2/9 with payload size: 91 at 2024-12-11 15:31:52.440145 sent 2024-12-11 15:31:52.425429
INFO:Message received on topic: type-2/9 with payload size: 91 at 2024-12-11 15:31:55.040385 sent 2024-12-11 15:31:55.034199
INFO:Message received on topic: type-2/9 with payload size: 91 at 2024-12-11 15:31:57.645695 sent 2024-12-11 15:31:57.642280
INFO:Message received on topic: type-2/9 with payload size: 91 at 2024-12-11 15:32:00.252384 sent 2024-12-11 15:32:00.248984
INFO:Message received on topic: type-2/9 with payload size: 91 at 2024-12-11 15:32:02.897718 sent 2024-12-11 15:32:02.856014
INFO:Message received on topic: type-2/9 with payload size: 91 at 2024-12-11 15:32:05.501278 sent 2024-12-11 15:32:05.461931
INFO:Message received on topic: type-2/9 with payload size: 91 at 2024-12-11 15:32:08.101273 sent 2024-12-11 15:32:08.067201
INFO:Message received on topic: type-2/9 with payload size: 91 at 2024-12-11 15:32:10.709098 sent 2024-12-11 15:32:10.675678
INFO:Message received on topic: type-2/9 with payload size: 91 at 2024-12-11 15:32:13.302632 sent 2024-12-11 15:32:13.280982
INFO:Message received on topic: type-2/9 with payload size: 91 at 2024-12-11 15:32:15.904899 sent 2024-12-11 15:32:15.888915
INFO:Message received on topic: type-2/9 with payload size: 91 at 2024-12-11 15:32:18.507121 sent 2024-12-11 15:32:18.498006
INFO:Message received on topic: type-2/9 with payload size: 91 at 2024-12-11 15:32:21.136370 sent 2024-12-11 15:32:21.106930
INFO:Message received on topic: type-2/9 with payload size: 91 at 2024-12-11 15:32:23.714036 sent 2024-12-11 15:32:23.710901
INFO:Message received on topic: type-2/9 with payload size: 91 at 2024-12-11 15:32:26.396587 sent 2024-12-11 15:32:26.318603
INFO:Message received on topic: type-2/9 with payload size: 91 at 2024-12-11 15:32:28.940599 sent 2024-12-11 15:32:28.922107
INFO:Message received on topic: type-2/9 with payload size: 91 at 2024-12-11 15:32:31.546593 sent 2024-12-11 15:32:31.535033
INFO:Message received on topic: type-2/9 with payload size: 91 at 2024-12-11 15:32:34.198285 sent 2024-12-11 15:32:34.147463
INFO:Message received on topic: type-2/9 with payload size: 91 at 2024-12-11 15:32:36.798185 sent 2024-12-11 15:32:36.751442
INFO:Message received on topic: type-2/9 with payload size: 91 at 2024-12-11 15:32:39.394825 sent 2024-12-11 15:32:39.355528
INFO:Message received on topic: type-2/9 with payload size: 91 at 2024-12-11 15:32:42.000100 sent 2024-12-11 15:32:41.961662
INFO:Message received on topic: type-2/9 with payload size: 91 at 2024-12-11 15:32:44.603232 sent 2024-12-11 15:32:44.564425
INFO:Message received on topic: type-2/9 with payload size: 91 at 2024-12-11 15:32:47.202697 sent 2024-12-11 15:32:47.169619
INFO:Message received on topic: type-2/9 with payload size: 91 at 2024-12-11 15:32:49.800042 sent 2024-12-11 15:32:49.775953
INFO:Message received on topic: type-2/9 with payload size: 91 at 2024-12-11 15:32:52.396514 sent 2024-12-11 15:32:52.382287
