INFO:Starting Version 1.0.5
DEBUG:Using selector: EpollSelector
INFO:Connecting to cluster at: mqtt-quic://emqx-headless.dtwins:14567 using QUIC
INFO:Subscribed to topic: type-2/17
INFO:Logging each: 50
INFO:Unhandled packet type received
INFO:Message received on topic: type-2/17 with payload size: 91 at 2024-12-11 15:24:48.691883 sent 2024-12-11 15:24:48.681616
INFO:Message received on topic: type-2/17 with payload size: 91 at 2024-12-11 15:24:51.299060 sent 2024-12-11 15:24:51.279894
INFO:Message received on topic: type-2/17 with payload size: 91 at 2024-12-11 15:24:53.893280 sent 2024-12-11 15:24:53.883041
INFO:Message received on topic: type-2/17 with payload size: 91 at 2024-12-11 15:24:56.499533 sent 2024-12-11 15:24:56.485281
INFO:Message received on topic: type-2/17 with payload size: 91 at 2024-12-11 15:24:59.114884 sent 2024-12-11 15:24:59.088507
INFO:Message received on topic: type-2/17 with payload size: 91 at 2024-12-11 15:25:01.704360 sent 2024-12-11 15:25:01.693755
INFO:Message received on topic: type-2/17 with payload size: 91 at 2024-12-11 15:25:04.304663 sent 2024-12-11 15:25:04.298509
INFO:Message received on topic: type-2/17 with payload size: 91 at 2024-12-11 15:25:06.907681 sent 2024-12-11 15:25:06.898720
INFO:Message received on topic: type-2/17 with payload size: 91 at 2024-12-11 15:25:09.534927 sent 2024-12-11 15:25:09.504925
INFO:Message received on topic: type-2/17 with payload size: 91 at 2024-12-11 15:25:12.134818 sent 2024-12-11 15:25:12.111209
INFO:Message received on topic: type-2/17 with payload size: 91 at 2024-12-11 15:25:14.731771 sent 2024-12-11 15:25:14.714473
INFO:Message received on topic: type-2/17 with payload size: 91 at 2024-12-11 15:25:17.333637 sent 2024-12-11 15:25:17.315958
INFO:Message received on topic: type-2/17 with payload size: 91 at 2024-12-11 15:25:19.938730 sent 2024-12-11 15:25:19.926500
INFO:Message received on topic: type-2/17 with payload size: 91 at 2024-12-11 15:25:22.640912 sent 2024-12-11 15:25:22.535400
INFO:Message received on topic: type-2/17 with payload size: 91 at 2024-12-11 15:25:25.197401 sent 2024-12-11 15:25:25.143565
INFO:Message received on topic: type-2/17 with payload size: 91 at 2024-12-11 15:25:27.803913 sent 2024-12-11 15:25:27.750713
INFO:Message received on topic: type-2/17 with payload size: 91 at 2024-12-11 15:25:30.411862 sent 2024-12-11 15:25:30.357612
INFO:Message received on topic: type-2/17 with payload size: 91 at 2024-12-11 15:25:33.007211 sent 2024-12-11 15:25:32.962005
INFO:Message received on topic: type-2/17 with payload size: 91 at 2024-12-11 15:25:35.598453 sent 2024-12-11 15:25:35.568870
INFO:Message received on topic: type-2/17 with payload size: 91 at 2024-12-11 15:25:38.195222 sent 2024-12-11 15:25:38.181665
INFO:Message received on topic: type-2/17 with payload size: 91 at 2024-12-11 15:25:40.800506 sent 2024-12-11 15:25:40.792057
INFO:Message received on topic: type-2/17 with payload size: 91 at 2024-12-11 15:25:43.402944 sent 2024-12-11 15:25:43.395552
INFO:Message received on topic: type-2/17 with payload size: 91 at 2024-12-11 15:25:46.040780 sent 2024-12-11 15:25:46.007126
INFO:Message received on topic: type-2/17 with payload size: 91 at 2024-12-11 15:25:48.633534 sent 2024-12-11 15:25:48.612384
INFO:Message received on topic: type-2/17 with payload size: 91 at 2024-12-11 15:25:51.234591 sent 2024-12-11 15:25:51.217920
INFO:Message received on topic: type-2/17 with payload size: 91 at 2024-12-11 15:25:53.836750 sent 2024-12-11 15:25:53.826518
INFO:Message received on topic: type-2/17 with payload size: 91 at 2024-12-11 15:25:56.502990 sent 2024-12-11 15:25:56.431973
INFO:Message received on topic: type-2/17 with payload size: 91 at 2024-12-11 15:25:59.044291 sent 2024-12-11 15:25:59.038587
INFO:Message received on topic: type-2/17 with payload size: 91 at 2024-12-11 15:26:01.694506 sent 2024-12-11 15:26:01.648503
INFO:Message received on topic: type-2/17 with payload size: 91 at 2024-12-11 15:26:04.309094 sent 2024-12-11 15:26:04.255699
INFO:Message received on topic: type-2/17 with payload size: 91 at 2024-12-11 15:26:06.907554 sent 2024-12-11 15:26:06.863737
INFO:Message received on topic: type-2/17 with payload size: 91 at 2024-12-11 15:26:09.501392 sent 2024-12-11 15:26:09.469105
INFO:Message received on topic: type-2/17 with payload size: 91 at 2024-12-11 15:26:12.099828 sent 2024-12-11 15:26:12.056565
INFO:Message received on topic: type-2/17 with payload size: 91 at 2024-12-11 15:26:14.694017 sent 2024-12-11 15:26:14.642096
INFO:Message received on topic: type-2/17 with payload size: 91 at 2024-12-11 15:26:17.240968 sent 2024-12-11 15:26:17.236878
INFO:Message received on topic: type-2/17 with payload size: 91 at 2024-12-11 15:26:19.838632 sent 2024-12-11 15:26:19.828206
INFO:Message received on topic: type-2/17 with payload size: 91 at 2024-12-11 15:26:22.496648 sent 2024-12-11 15:26:22.440589
INFO:Message received on topic: type-2/17 with payload size: 91 at 2024-12-11 15:26:25.094307 sent 2024-12-11 15:26:25.046521
INFO:Message received on topic: type-2/17 with payload size: 91 at 2024-12-11 15:26:27.696779 sent 2024-12-11 15:26:27.651400
INFO:Message received on topic: type-2/17 with payload size: 91 at 2024-12-11 15:26:30.297775 sent 2024-12-11 15:26:30.259925
INFO:Message received on topic: type-2/17 with payload size: 91 at 2024-12-11 15:26:32.900172 sent 2024-12-11 15:26:32.866911
INFO:Message received on topic: type-2/17 with payload size: 91 at 2024-12-11 15:26:35.500869 sent 2024-12-11 15:26:35.474002
INFO:Message received on topic: type-2/17 with payload size: 91 at 2024-12-11 15:26:38.105953 sent 2024-12-11 15:26:38.079024
INFO:Message received on topic: type-2/17 with payload size: 91 at 2024-12-11 15:26:40.707944 sent 2024-12-11 15:26:40.689413
INFO:Message received on topic: type-2/17 with payload size: 91 at 2024-12-11 15:26:43.308790 sent 2024-12-11 15:26:43.296600
INFO:Message received on topic: type-2/17 with payload size: 91 at 2024-12-11 15:26:45.911211 sent 2024-12-11 15:26:45.901485
INFO:Message received on topic: type-2/17 with payload size: 91 at 2024-12-11 15:26:48.527663 sent 2024-12-11 15:26:48.511382
INFO:Message received on topic: type-2/17 with payload size: 91 at 2024-12-11 15:26:51.134610 sent 2024-12-11 15:26:51.121690
INFO:Message received on topic: type-2/17 with payload size: 91 at 2024-12-11 15:26:53.737042 sent 2024-12-11 15:26:53.727243
INFO:Message received on topic: type-2/17 with payload size: 91 at 2024-12-11 15:26:56.341794 sent 2024-12-11 15:26:56.337284
INFO:Message received on topic: type-2/17 with payload size: 91 at 2024-12-11 15:26:59.010258 sent 2024-12-11 15:26:58.952033
INFO:Message received on topic: type-2/17 with payload size: 91 at 2024-12-11 15:27:01.598598 sent 2024-12-11 15:27:01.566914
INFO:Message received on topic: type-2/17 with payload size: 91 at 2024-12-11 15:27:04.205058 sent 2024-12-11 15:27:04.177871
INFO:Message received on topic: type-2/17 with payload size: 91 at 2024-12-11 15:27:06.848612 sent 2024-12-11 15:27:06.785756
INFO:Message received on topic: type-2/17 with payload size: 91 at 2024-12-11 15:27:09.427234 sent 2024-12-11 15:27:09.395606
INFO:Message received on topic: type-2/17 with payload size: 91 at 2024-12-11 15:27:12.037286 sent 2024-12-11 15:27:12.004203
INFO:Message received on topic: type-2/17 with payload size: 91 at 2024-12-11 15:27:14.647052 sent 2024-12-11 15:27:14.612711
INFO:Message received on topic: type-2/17 with payload size: 91 at 2024-12-11 15:27:17.236948 sent 2024-12-11 15:27:17.220424
INFO:Message received on topic: type-2/17 with payload size: 91 at 2024-12-11 15:27:19.840906 sent 2024-12-11 15:27:19.836023
INFO:Message received on topic: type-2/17 with payload size: 91 at 2024-12-11 15:27:22.461493 sent 2024-12-11 15:27:22.441920
INFO:Message received on topic: type-2/17 with payload size: 91 at 2024-12-11 15:27:25.049546 sent 2024-12-11 15:27:25.045271
INFO:Message received on topic: type-2/17 with payload size: 91 at 2024-12-11 15:27:27.696567 sent 2024-12-11 15:27:27.655052
INFO:Message received on topic: type-2/17 with payload size: 91 at 2024-12-11 15:27:30.301529 sent 2024-12-11 15:27:30.260669
INFO:Message received on topic: type-2/17 with payload size: 91 at 2024-12-11 15:27:32.900131 sent 2024-12-11 15:27:32.870565
INFO:Message received on topic: type-2/17 with payload size: 91 at 2024-12-11 15:27:35.498194 sent 2024-12-11 15:27:35.479520
INFO:Message received on topic: type-2/17 with payload size: 91 at 2024-12-11 15:27:38.098657 sent 2024-12-11 15:27:38.085163
INFO:Message received on topic: type-2/17 with payload size: 91 at 2024-12-11 15:27:40.729157 sent 2024-12-11 15:27:40.695382
INFO:Message received on topic: type-2/17 with payload size: 91 at 2024-12-11 15:27:43.330242 sent 2024-12-11 15:27:43.300394
INFO:Message received on topic: type-2/17 with payload size: 91 at 2024-12-11 15:27:45.939397 sent 2024-12-11 15:27:45.904059
INFO:Message received on topic: type-2/17 with payload size: 91 at 2024-12-11 15:27:48.547858 sent 2024-12-11 15:27:48.507170
INFO:Message received on topic: type-2/17 with payload size: 91 at 2024-12-11 15:27:51.136078 sent 2024-12-11 15:27:51.111923
INFO:Message received on topic: type-2/17 with payload size: 91 at 2024-12-11 15:27:53.737176 sent 2024-12-11 15:27:53.718626
INFO:Message received on topic: type-2/17 with payload size: 91 at 2024-12-11 15:27:56.339464 sent 2024-12-11 15:27:56.324701
INFO:Message received on topic: type-2/17 with payload size: 91 at 2024-12-11 15:27:58.952592 sent 2024-12-11 15:27:58.934418
INFO:Message received on topic: type-2/17 with payload size: 91 at 2024-12-11 15:28:01.550860 sent 2024-12-11 15:28:01.545403
INFO:Message received on topic: type-2/17 with payload size: 91 at 2024-12-11 15:28:04.153941 sent 2024-12-11 15:28:04.151126
INFO:Message received on topic: type-2/17 with payload size: 91 at 2024-12-11 15:28:06.758849 sent 2024-12-11 15:28:06.754993
INFO:Message received on topic: type-2/17 with payload size: 91 at 2024-12-11 15:28:09.391513 sent 2024-12-11 15:28:09.366918
INFO:Message received on topic: type-2/17 with payload size: 91 at 2024-12-11 15:28:12.036220 sent 2024-12-11 15:28:11.978620
INFO:Message received on topic: type-2/17 with payload size: 91 at 2024-12-11 15:28:14.630673 sent 2024-12-11 15:28:14.590084
INFO:Message received on topic: type-2/17 with payload size: 91 at 2024-12-11 15:28:17.244262 sent 2024-12-11 15:28:17.198768
INFO:Message received on topic: type-2/17 with payload size: 91 at 2024-12-11 15:28:19.846475 sent 2024-12-11 15:28:19.808585
INFO:Message received on topic: type-2/17 with payload size: 91 at 2024-12-11 15:28:22.440488 sent 2024-12-11 15:28:22.414763
INFO:Message received on topic: type-2/17 with payload size: 91 at 2024-12-11 15:28:25.032979 sent 2024-12-11 15:28:25.020720
INFO:Message received on topic: type-2/17 with payload size: 91 at 2024-12-11 15:28:27.638915 sent 2024-12-11 15:28:27.624583
INFO:Message received on topic: type-2/17 with payload size: 91 at 2024-12-11 15:28:30.237419 sent 2024-12-11 15:28:30.231131
INFO:Message received on topic: type-2/17 with payload size: 91 at 2024-12-11 15:28:32.889495 sent 2024-12-11 15:28:32.850028
INFO:Message received on topic: type-2/17 with payload size: 91 at 2024-12-11 15:28:35.497630 sent 2024-12-11 15:28:35.459139
INFO:Message received on topic: type-2/17 with payload size: 91 at 2024-12-11 15:28:38.103821 sent 2024-12-11 15:28:38.067157
INFO:Message received on topic: type-2/17 with payload size: 91 at 2024-12-11 15:28:40.708610 sent 2024-12-11 15:28:40.671091
INFO:Message received on topic: type-2/17 with payload size: 91 at 2024-12-11 15:28:43.300301 sent 2024-12-11 15:28:43.277255
INFO:Message received on topic: type-2/17 with payload size: 91 at 2024-12-11 15:28:45.905900 sent 2024-12-11 15:28:45.889005
INFO:Message received on topic: type-2/17 with payload size: 91 at 2024-12-11 15:28:48.527972 sent 2024-12-11 15:28:48.496553
INFO:Message received on topic: type-2/17 with payload size: 91 at 2024-12-11 15:28:51.137969 sent 2024-12-11 15:28:51.107174
INFO:Message received on topic: type-2/17 with payload size: 91 at 2024-12-11 15:28:53.736152 sent 2024-12-11 15:28:53.714796
INFO:Message received on topic: type-2/17 with payload size: 91 at 2024-12-11 15:28:56.334087 sent 2024-12-11 15:28:56.321574
INFO:Message received on topic: type-2/17 with payload size: 91 at 2024-12-11 15:28:58.945278 sent 2024-12-11 15:28:58.928887
INFO:Message received on topic: type-2/17 with payload size: 91 at 2024-12-11 15:29:01.538246 sent 2024-12-11 15:29:01.533485
INFO:Message received on topic: type-2/17 with payload size: 91 at 2024-12-11 15:29:04.152621 sent 2024-12-11 15:29:04.140656
INFO:Message received on topic: type-2/17 with payload size: 91 at 2024-12-11 15:29:06.752118 sent 2024-12-11 15:29:06.748520
INFO:Message received on topic: type-2/17 with payload size: 91 at 2024-12-11 15:29:09.396353 sent 2024-12-11 15:29:09.362191
INFO:Message received on topic: type-2/17 with payload size: 91 at 2024-12-11 15:29:11.996921 sent 2024-12-11 15:29:11.974621
INFO:Message received on topic: type-2/17 with payload size: 91 at 2024-12-11 15:29:14.598381 sent 2024-12-11 15:29:14.588404
INFO:Message received on topic: type-2/17 with payload size: 91 at 2024-12-11 15:29:17.238935 sent 2024-12-11 15:29:17.195470
INFO:Message received on topic: type-2/17 with payload size: 91 at 2024-12-11 15:29:19.838210 sent 2024-12-11 15:29:19.802240
INFO:Message received on topic: type-2/17 with payload size: 91 at 2024-12-11 15:29:22.438590 sent 2024-12-11 15:29:22.413613
INFO:Message received on topic: type-2/17 with payload size: 91 at 2024-12-11 15:29:25.033991 sent 2024-12-11 15:29:25.017454
INFO:Message received on topic: type-2/17 with payload size: 91 at 2024-12-11 15:29:27.639798 sent 2024-12-11 15:29:27.624765
INFO:Message received on topic: type-2/17 with payload size: 91 at 2024-12-11 15:29:30.248405 sent 2024-12-11 15:29:30.238835
INFO:Message received on topic: type-2/17 with payload size: 91 at 2024-12-11 15:29:32.938803 sent 2024-12-11 15:29:32.849705
INFO:Message received on topic: type-2/17 with payload size: 91 at 2024-12-11 15:29:35.493130 sent 2024-12-11 15:29:35.454621
INFO:Message received on topic: type-2/17 with payload size: 91 at 2024-12-11 15:29:38.095447 sent 2024-12-11 15:29:38.061273
INFO:Message received on topic: type-2/17 with payload size: 91 at 2024-12-11 15:29:40.759233 sent 2024-12-11 15:29:40.665625
INFO:Message received on topic: type-2/17 with payload size: 91 at 2024-12-11 15:29:43.339503 sent 2024-12-11 15:29:43.274588
INFO:Message received on topic: type-2/17 with payload size: 91 at 2024-12-11 15:29:45.930519 sent 2024-12-11 15:29:45.882458
INFO:Message received on topic: type-2/17 with payload size: 91 at 2024-12-11 15:29:48.503289 sent 2024-12-11 15:29:48.493601
INFO:Message received on topic: type-2/17 with payload size: 91 at 2024-12-11 15:29:51.142229 sent 2024-12-11 15:29:51.104364
INFO:Message received on topic: type-2/17 with payload size: 91 at 2024-12-11 15:29:53.736207 sent 2024-12-11 15:29:53.712144
INFO:Message received on topic: type-2/17 with payload size: 91 at 2024-12-11 15:29:56.348262 sent 2024-12-11 15:29:56.322877
INFO:Message received on topic: type-2/17 with payload size: 91 at 2024-12-11 15:29:58.944999 sent 2024-12-11 15:29:58.940112
INFO:Message received on topic: type-2/17 with payload size: 91 at 2024-12-11 15:30:01.547470 sent 2024-12-11 15:30:01.544202
INFO:Message received on topic: type-2/17 with payload size: 91 at 2024-12-11 15:30:04.154165 sent 2024-12-11 15:30:04.150680
INFO:Message received on topic: type-2/17 with payload size: 91 at 2024-12-11 15:30:06.800653 sent 2024-12-11 15:30:06.756779
INFO:Message received on topic: type-2/17 with payload size: 91 at 2024-12-11 15:30:09.405821 sent 2024-12-11 15:30:09.366578
INFO:Message received on topic: type-2/17 with payload size: 91 at 2024-12-11 15:30:11.997526 sent 2024-12-11 15:30:11.972258
INFO:Message received on topic: type-2/17 with payload size: 91 at 2024-12-11 15:30:14.642570 sent 2024-12-11 15:30:14.577334
INFO:Message received on topic: type-2/17 with payload size: 91 at 2024-12-11 15:30:17.230004 sent 2024-12-11 15:30:17.187666
INFO:Message received on topic: type-2/17 with payload size: 91 at 2024-12-11 15:30:19.837678 sent 2024-12-11 15:30:19.803645
INFO:Message received on topic: type-2/17 with payload size: 91 at 2024-12-11 15:30:22.441840 sent 2024-12-11 15:30:22.413293
INFO:Message received on topic: type-2/17 with payload size: 91 at 2024-12-11 15:30:25.044778 sent 2024-12-11 15:30:25.018050
INFO:Message received on topic: type-2/17 with payload size: 91 at 2024-12-11 15:30:27.645529 sent 2024-12-11 15:30:27.628644
INFO:Message received on topic: type-2/17 with payload size: 91 at 2024-12-11 15:30:30.246414 sent 2024-12-11 15:30:30.235552
INFO:Message received on topic: type-2/17 with payload size: 91 at 2024-12-11 15:30:32.850986 sent 2024-12-11 15:30:32.842876
INFO:Message received on topic: type-2/17 with payload size: 91 at 2024-12-11 15:30:35.495857 sent 2024-12-11 15:30:35.453023
INFO:Message received on topic: type-2/17 with payload size: 91 at 2024-12-11 15:30:38.095824 sent 2024-12-11 15:30:38.061306
INFO:Message received on topic: type-2/17 with payload size: 91 at 2024-12-11 15:30:40.696210 sent 2024-12-11 15:30:40.670630
INFO:Message received on topic: type-2/17 with payload size: 91 at 2024-12-11 15:30:43.330287 sent 2024-12-11 15:30:43.280711
INFO:Message received on topic: type-2/17 with payload size: 91 at 2024-12-11 15:30:45.903297 sent 2024-12-11 15:30:45.892481
INFO:Message received on topic: type-2/17 with payload size: 91 at 2024-12-11 15:30:48.534576 sent 2024-12-11 15:30:48.498287
INFO:Message received on topic: type-2/17 with payload size: 91 at 2024-12-11 15:30:51.138849 sent 2024-12-11 15:30:51.105822
INFO:Message received on topic: type-2/17 with payload size: 91 at 2024-12-11 15:30:53.733914 sent 2024-12-11 15:30:53.707700
INFO:Message received on topic: type-2/17 with payload size: 91 at 2024-12-11 15:30:56.341196 sent 2024-12-11 15:30:56.312506
INFO:Message received on topic: type-2/17 with payload size: 91 at 2024-12-11 15:30:58.940503 sent 2024-12-11 15:30:58.919872
INFO:Message received on topic: type-2/17 with payload size: 91 at 2024-12-11 15:31:01.547791 sent 2024-12-11 15:31:01.528383
INFO:Message received on topic: type-2/17 with payload size: 91 at 2024-12-11 15:31:04.152261 sent 2024-12-11 15:31:04.136480
INFO:Message received on topic: type-2/17 with payload size: 91 at 2024-12-11 15:31:06.751550 sent 2024-12-11 15:31:06.741401
INFO:Message received on topic: type-2/17 with payload size: 91 at 2024-12-11 15:31:09.391941 sent 2024-12-11 15:31:09.349230
INFO:Message received on topic: type-2/17 with payload size: 91 at 2024-12-11 15:31:11.995615 sent 2024-12-11 15:31:11.963829
INFO:Message received on topic: type-2/17 with payload size: 91 at 2024-12-11 15:31:14.598570 sent 2024-12-11 15:31:14.567838
INFO:Message received on topic: type-2/17 with payload size: 91 at 2024-12-11 15:31:17.198428 sent 2024-12-11 15:31:17.177049
INFO:Message received on topic: type-2/17 with payload size: 91 at 2024-12-11 15:31:19.827406 sent 2024-12-11 15:31:19.787057
INFO:Message received on topic: type-2/17 with payload size: 91 at 2024-12-11 15:31:22.429768 sent 2024-12-11 15:31:22.392914
INFO:Message received on topic: type-2/17 with payload size: 91 at 2024-12-11 15:31:25.045450 sent 2024-12-11 15:31:25.001669
INFO:Message received on topic: type-2/17 with payload size: 91 at 2024-12-11 15:31:27.642025 sent 2024-12-11 15:31:27.615858
INFO:Message received on topic: type-2/17 with payload size: 91 at 2024-12-11 15:31:30.237795 sent 2024-12-11 15:31:30.229995
INFO:Message received on topic: type-2/17 with payload size: 91 at 2024-12-11 15:31:32.857464 sent 2024-12-11 15:31:32.842561
INFO:Message received on topic: type-2/17 with payload size: 91 at 2024-12-11 15:31:35.460268 sent 2024-12-11 15:31:35.452613
INFO:Message received on topic: type-2/17 with payload size: 91 at 2024-12-11 15:31:38.093736 sent 2024-12-11 15:31:38.058089
INFO:Message received on topic: type-2/17 with payload size: 91 at 2024-12-11 15:31:40.698000 sent 2024-12-11 15:31:40.663871
INFO:Message received on topic: type-2/17 with payload size: 91 at 2024-12-11 15:31:43.299561 sent 2024-12-11 15:31:43.267437
INFO:Message received on topic: type-2/17 with payload size: 91 at 2024-12-11 15:31:45.901292 sent 2024-12-11 15:31:45.873851
INFO:Message received on topic: type-2/17 with payload size: 91 at 2024-12-11 15:31:48.501627 sent 2024-12-11 15:31:48.483371
INFO:Message received on topic: type-2/17 with payload size: 91 at 2024-12-11 15:31:51.102656 sent 2024-12-11 15:31:51.095505
INFO:Message received on topic: type-2/17 with payload size: 91 at 2024-12-11 15:31:53.737299 sent 2024-12-11 15:31:53.705931
INFO:Message received on topic: type-2/17 with payload size: 91 at 2024-12-11 15:31:56.333915 sent 2024-12-11 15:31:56.313888
INFO:Message received on topic: type-2/17 with payload size: 91 at 2024-12-11 15:31:58.939715 sent 2024-12-11 15:31:58.922523
INFO:Message received on topic: type-2/17 with payload size: 91 at 2024-12-11 15:32:01.543686 sent 2024-12-11 15:32:01.529636
INFO:Message received on topic: type-2/17 with payload size: 91 at 2024-12-11 15:32:04.140548 sent 2024-12-11 15:32:04.135562
INFO:Message received on topic: type-2/17 with payload size: 91 at 2024-12-11 15:32:06.828273 sent 2024-12-11 15:32:06.743620
INFO:Message received on topic: type-2/17 with payload size: 91 at 2024-12-11 15:32:09.392055 sent 2024-12-11 15:32:09.348551
INFO:Message received on topic: type-2/17 with payload size: 91 at 2024-12-11 15:32:12.001660 sent 2024-12-11 15:32:11.961820
INFO:Message received on topic: type-2/17 with payload size: 91 at 2024-12-11 15:32:14.601263 sent 2024-12-11 15:32:14.568872
INFO:Message received on topic: type-2/17 with payload size: 91 at 2024-12-11 15:32:17.197583 sent 2024-12-11 15:32:17.173710
INFO:Message received on topic: type-2/17 with payload size: 91 at 2024-12-11 15:32:19.839933 sent 2024-12-11 15:32:19.784309
INFO:Message received on topic: type-2/17 with payload size: 91 at 2024-12-11 15:32:22.409263 sent 2024-12-11 15:32:22.392395
INFO:Message received on topic: type-2/17 with payload size: 91 at 2024-12-11 15:32:25.029614 sent 2024-12-11 15:32:24.997868
INFO:Message received on topic: type-2/17 with payload size: 91 at 2024-12-11 15:32:27.619527 sent 2024-12-11 15:32:27.603109
INFO:Message received on topic: type-2/17 with payload size: 91 at 2024-12-11 15:32:30.241125 sent 2024-12-11 15:32:30.210633
INFO:Message received on topic: type-2/17 with payload size: 91 at 2024-12-11 15:32:32.829884 sent 2024-12-11 15:32:32.817923
INFO:Message received on topic: type-2/17 with payload size: 91 at 2024-12-11 15:32:35.436796 sent 2024-12-11 15:32:35.425316
INFO:Message received on topic: type-2/17 with payload size: 91 at 2024-12-11 15:32:38.097637 sent 2024-12-11 15:32:38.032922
INFO:Message received on topic: type-2/17 with payload size: 91 at 2024-12-11 15:32:40.645978 sent 2024-12-11 15:32:40.641026
INFO:Message received on topic: type-2/17 with payload size: 91 at 2024-12-11 15:32:43.300166 sent 2024-12-11 15:32:43.250167
INFO:Message received on topic: type-2/17 with payload size: 91 at 2024-12-11 15:32:45.905192 sent 2024-12-11 15:32:45.853718
INFO:Message received on topic: type-2/17 with payload size: 91 at 2024-12-11 15:32:48.499490 sent 2024-12-11 15:32:48.458399
INFO:Message received on topic: type-2/17 with payload size: 91 at 2024-12-11 15:32:51.099747 sent 2024-12-11 15:32:51.062019
INFO:Message received on topic: type-2/17 with payload size: 91 at 2024-12-11 15:32:53.697782 sent 2024-12-11 15:32:53.666617
INFO:Message received on topic: type-2/17 with payload size: 91 at 2024-12-11 15:32:56.296805 sent 2024-12-11 15:32:56.268374
INFO:Message received on topic: type-2/17 with payload size: 91 at 2024-12-11 15:32:58.898927 sent 2024-12-11 15:32:58.870620
INFO:Message received on topic: type-2/17 with payload size: 91 at 2024-12-11 15:33:01.502707 sent 2024-12-11 15:33:01.473467
INFO:Message received on topic: type-2/17 with payload size: 91 at 2024-12-11 15:33:04.098153 sent 2024-12-11 15:33:04.070351
INFO:Message received on topic: type-2/17 with payload size: 91 at 2024-12-11 15:33:06.696994 sent 2024-12-11 15:33:06.656299
INFO:Message received on topic: type-2/17 with payload size: 91 at 2024-12-11 15:33:09.289638 sent 2024-12-11 15:33:09.240128
INFO:Message received on topic: type-2/17 with payload size: 91 at 2024-12-11 15:33:11.836729 sent 2024-12-11 15:33:11.828738
INFO:Message received on topic: type-2/17 with payload size: 91 at 2024-12-11 15:33:14.433854 sent 2024-12-11 15:33:14.422072
INFO:Message received on topic: type-2/17 with payload size: 91 at 2024-12-11 15:33:17.037516 sent 2024-12-11 15:33:17.024719
