INFO:Starting Version 1.0.5
DEBUG:Using selector: EpollSelector
INFO:Connecting to cluster at: mqtt-quic://emqx-headless.dtwins:14567 using QUIC
INFO:Subscribed to topic: type-2/23
INFO:Logging each: 50
INFO:Unhandled packet type received
INFO:Message received on topic: type-2/23 with payload size: 91 at 2024-12-11 15:25:06.994703 sent 2024-12-11 15:25:06.946172
INFO:Message received on topic: type-2/23 with payload size: 91 at 2024-12-11 15:25:09.597917 sent 2024-12-11 15:25:09.550933
INFO:Message received on topic: type-2/23 with payload size: 91 at 2024-12-11 15:25:12.199532 sent 2024-12-11 15:25:12.155433
INFO:Message received on topic: type-2/23 with payload size: 91 at 2024-12-11 15:25:14.802793 sent 2024-12-11 15:25:14.761136
INFO:Message received on topic: type-2/23 with payload size: 91 at 2024-12-11 15:25:17.406946 sent 2024-12-11 15:25:17.366371
INFO:Message received on topic: type-2/23 with payload size: 91 at 2024-12-11 15:25:20.004091 sent 2024-12-11 15:25:19.973646
INFO:Message received on topic: type-2/23 with payload size: 91 at 2024-12-11 15:25:22.630959 sent 2024-12-11 15:25:22.577498
INFO:Message received on topic: type-2/23 with payload size: 91 at 2024-12-11 15:25:25.211973 sent 2024-12-11 15:25:25.183676
INFO:Message received on topic: type-2/23 with payload size: 91 at 2024-12-11 15:25:27.808081 sent 2024-12-11 15:25:27.789253
INFO:Message received on topic: type-2/23 with payload size: 91 at 2024-12-11 15:25:30.430101 sent 2024-12-11 15:25:30.395081
INFO:Message received on topic: type-2/23 with payload size: 91 at 2024-12-11 15:25:33.028645 sent 2024-12-11 15:25:32.998608
INFO:Message received on topic: type-2/23 with payload size: 91 at 2024-12-11 15:25:35.626516 sent 2024-12-11 15:25:35.603783
INFO:Message received on topic: type-2/23 with payload size: 91 at 2024-12-11 15:25:38.231832 sent 2024-12-11 15:25:38.211086
INFO:Message received on topic: type-2/23 with payload size: 91 at 2024-12-11 15:25:40.833658 sent 2024-12-11 15:25:40.815569
INFO:Message received on topic: type-2/23 with payload size: 91 at 2024-12-11 15:25:43.431975 sent 2024-12-11 15:25:43.422686
INFO:Message received on topic: type-2/23 with payload size: 91 at 2024-12-11 15:25:46.044408 sent 2024-12-11 15:25:46.032642
INFO:Message received on topic: type-2/23 with payload size: 91 at 2024-12-11 15:25:48.643493 sent 2024-12-11 15:25:48.640161
INFO:Message received on topic: type-2/23 with payload size: 91 at 2024-12-11 15:25:51.294011 sent 2024-12-11 15:25:51.252454
INFO:Message received on topic: type-2/23 with payload size: 91 at 2024-12-11 15:25:53.897575 sent 2024-12-11 15:25:53.858664
INFO:Message received on topic: type-2/23 with payload size: 91 at 2024-12-11 15:25:56.505053 sent 2024-12-11 15:25:56.466852
INFO:Message received on topic: type-2/23 with payload size: 91 at 2024-12-11 15:25:59.098151 sent 2024-12-11 15:25:59.077068
INFO:Message received on topic: type-2/23 with payload size: 91 at 2024-12-11 15:26:01.802568 sent 2024-12-11 15:26:01.684634
INFO:Message received on topic: type-2/23 with payload size: 91 at 2024-12-11 15:26:04.333034 sent 2024-12-11 15:26:04.291463
INFO:Message received on topic: type-2/23 with payload size: 91 at 2024-12-11 15:26:06.909667 sent 2024-12-11 15:26:06.896018
INFO:Message received on topic: type-2/23 with payload size: 91 at 2024-12-11 15:26:09.505239 sent 2024-12-11 15:26:09.500286
INFO:Message received on topic: type-2/23 with payload size: 91 at 2024-12-11 15:26:12.100953 sent 2024-12-11 15:26:12.083820
INFO:Message received on topic: type-2/23 with payload size: 91 at 2024-12-11 15:26:14.700227 sent 2024-12-11 15:26:14.667823
INFO:Message received on topic: type-2/23 with payload size: 91 at 2024-12-11 15:26:17.332904 sent 2024-12-11 15:26:17.254571
INFO:Message received on topic: type-2/23 with payload size: 91 at 2024-12-11 15:26:19.893985 sent 2024-12-11 15:26:19.843948
INFO:Message received on topic: type-2/23 with payload size: 91 at 2024-12-11 15:26:22.494973 sent 2024-12-11 15:26:22.448891
INFO:Message received on topic: type-2/23 with payload size: 91 at 2024-12-11 15:26:25.097906 sent 2024-12-11 15:26:25.057025
INFO:Message received on topic: type-2/23 with payload size: 91 at 2024-12-11 15:26:27.698849 sent 2024-12-11 15:26:27.662623
INFO:Message received on topic: type-2/23 with payload size: 91 at 2024-12-11 15:26:30.298125 sent 2024-12-11 15:26:30.278281
INFO:Message received on topic: type-2/23 with payload size: 91 at 2024-12-11 15:26:32.903941 sent 2024-12-11 15:26:32.894000
INFO:Message received on topic: type-2/23 with payload size: 91 at 2024-12-11 15:26:35.510060 sent 2024-12-11 15:26:35.500305
INFO:Message received on topic: type-2/23 with payload size: 91 at 2024-12-11 15:26:38.130606 sent 2024-12-11 15:26:38.105716
INFO:Message received on topic: type-2/23 with payload size: 91 at 2024-12-11 15:26:40.742576 sent 2024-12-11 15:26:40.711591
INFO:Message received on topic: type-2/23 with payload size: 91 at 2024-12-11 15:26:43.406063 sent 2024-12-11 15:26:43.319018
INFO:Message received on topic: type-2/23 with payload size: 91 at 2024-12-11 15:26:45.943929 sent 2024-12-11 15:26:45.924047
INFO:Message received on topic: type-2/23 with payload size: 91 at 2024-12-11 15:26:48.537016 sent 2024-12-11 15:26:48.531685
INFO:Message received on topic: type-2/23 with payload size: 91 at 2024-12-11 15:26:51.147474 sent 2024-12-11 15:26:51.142695
INFO:Message received on topic: type-2/23 with payload size: 91 at 2024-12-11 15:26:53.795393 sent 2024-12-11 15:26:53.753656
INFO:Message received on topic: type-2/23 with payload size: 91 at 2024-12-11 15:26:56.404174 sent 2024-12-11 15:26:56.356654
INFO:Message received on topic: type-2/23 with payload size: 91 at 2024-12-11 15:26:59.009563 sent 2024-12-11 15:26:58.964624
INFO:Message received on topic: type-2/23 with payload size: 91 at 2024-12-11 15:27:01.599114 sent 2024-12-11 15:27:01.573481
INFO:Message received on topic: type-2/23 with payload size: 91 at 2024-12-11 15:27:04.205077 sent 2024-12-11 15:27:04.179783
INFO:Message received on topic: type-2/23 with payload size: 91 at 2024-12-11 15:27:06.795878 sent 2024-12-11 15:27:06.787998
INFO:Message received on topic: type-2/23 with payload size: 91 at 2024-12-11 15:27:09.405371 sent 2024-12-11 15:27:09.399485
INFO:Message received on topic: type-2/23 with payload size: 91 at 2024-12-11 15:27:12.038572 sent 2024-12-11 15:27:12.008529
INFO:Message received on topic: type-2/23 with payload size: 91 at 2024-12-11 15:27:14.647631 sent 2024-12-11 15:27:14.615037
INFO:Message received on topic: type-2/23 with payload size: 91 at 2024-12-11 15:27:17.236175 sent 2024-12-11 15:27:17.221223
INFO:Message received on topic: type-2/23 with payload size: 91 at 2024-12-11 15:27:19.837761 sent 2024-12-11 15:27:19.829934
INFO:Message received on topic: type-2/23 with payload size: 91 at 2024-12-11 15:27:22.454306 sent 2024-12-11 15:27:22.436071
INFO:Message received on topic: type-2/23 with payload size: 91 at 2024-12-11 15:27:25.046149 sent 2024-12-11 15:27:25.043180
INFO:Message received on topic: type-2/23 with payload size: 91 at 2024-12-11 15:27:27.691366 sent 2024-12-11 15:27:27.651516
INFO:Message received on topic: type-2/23 with payload size: 91 at 2024-12-11 15:27:30.301658 sent 2024-12-11 15:27:30.260146
INFO:Message received on topic: type-2/23 with payload size: 91 at 2024-12-11 15:27:32.899721 sent 2024-12-11 15:27:32.872685
INFO:Message received on topic: type-2/23 with payload size: 91 at 2024-12-11 15:27:35.498231 sent 2024-12-11 15:27:35.481337
INFO:Message received on topic: type-2/23 with payload size: 91 at 2024-12-11 15:27:38.129952 sent 2024-12-11 15:27:38.093175
INFO:Message received on topic: type-2/23 with payload size: 91 at 2024-12-11 15:27:40.733610 sent 2024-12-11 15:27:40.699410
INFO:Message received on topic: type-2/23 with payload size: 91 at 2024-12-11 15:27:43.333977 sent 2024-12-11 15:27:43.312606
INFO:Message received on topic: type-2/23 with payload size: 91 at 2024-12-11 15:27:45.930270 sent 2024-12-11 15:27:45.918520
INFO:Message received on topic: type-2/23 with payload size: 91 at 2024-12-11 15:27:48.550959 sent 2024-12-11 15:27:48.519543
INFO:Message received on topic: type-2/23 with payload size: 91 at 2024-12-11 15:27:51.141708 sent 2024-12-11 15:27:51.129645
INFO:Message received on topic: type-2/23 with payload size: 91 at 2024-12-11 15:27:53.742386 sent 2024-12-11 15:27:53.735631
INFO:Message received on topic: type-2/23 with payload size: 91 at 2024-12-11 15:27:56.348301 sent 2024-12-11 15:27:56.342511
INFO:Message received on topic: type-2/23 with payload size: 91 at 2024-12-11 15:27:58.961617 sent 2024-12-11 15:27:58.953625
INFO:Message received on topic: type-2/23 with payload size: 91 at 2024-12-11 15:28:01.595086 sent 2024-12-11 15:28:01.561087
INFO:Message received on topic: type-2/23 with payload size: 91 at 2024-12-11 15:28:04.197064 sent 2024-12-11 15:28:04.167430
INFO:Message received on topic: type-2/23 with payload size: 91 at 2024-12-11 15:28:06.795554 sent 2024-12-11 15:28:06.777270
INFO:Message received on topic: type-2/23 with payload size: 91 at 2024-12-11 15:28:09.394515 sent 2024-12-11 15:28:09.386839
INFO:Message received on topic: type-2/23 with payload size: 91 at 2024-12-11 15:28:12.036289 sent 2024-12-11 15:28:11.993664
INFO:Message received on topic: type-2/23 with payload size: 91 at 2024-12-11 15:28:14.640564 sent 2024-12-11 15:28:14.599299
INFO:Message received on topic: type-2/23 with payload size: 91 at 2024-12-11 15:28:17.245584 sent 2024-12-11 15:28:17.205498
INFO:Message received on topic: type-2/23 with payload size: 91 at 2024-12-11 15:28:19.832068 sent 2024-12-11 15:28:19.815637
INFO:Message received on topic: type-2/23 with payload size: 91 at 2024-12-11 15:28:22.440766 sent 2024-12-11 15:28:22.422618
INFO:Message received on topic: type-2/23 with payload size: 91 at 2024-12-11 15:28:25.032421 sent 2024-12-11 15:28:25.028312
INFO:Message received on topic: type-2/23 with payload size: 91 at 2024-12-11 15:28:27.645044 sent 2024-12-11 15:28:27.632018
INFO:Message received on topic: type-2/23 with payload size: 91 at 2024-12-11 15:28:30.245729 sent 2024-12-11 15:28:30.242009
INFO:Message received on topic: type-2/23 with payload size: 91 at 2024-12-11 15:28:32.895638 sent 2024-12-11 15:28:32.852799
INFO:Message received on topic: type-2/23 with payload size: 91 at 2024-12-11 15:28:35.497826 sent 2024-12-11 15:28:35.461506
INFO:Message received on topic: type-2/23 with payload size: 91 at 2024-12-11 15:28:38.102914 sent 2024-12-11 15:28:38.069453
INFO:Message received on topic: type-2/23 with payload size: 91 at 2024-12-11 15:28:40.709641 sent 2024-12-11 15:28:40.675956
INFO:Message received on topic: type-2/23 with payload size: 91 at 2024-12-11 15:28:43.300711 sent 2024-12-11 15:28:43.284446
INFO:Message received on topic: type-2/23 with payload size: 91 at 2024-12-11 15:28:45.905161 sent 2024-12-11 15:28:45.890918
INFO:Message received on topic: type-2/23 with payload size: 91 at 2024-12-11 15:28:48.530746 sent 2024-12-11 15:28:48.499143
INFO:Message received on topic: type-2/23 with payload size: 91 at 2024-12-11 15:28:51.138073 sent 2024-12-11 15:28:51.107834
INFO:Message received on topic: type-2/23 with payload size: 91 at 2024-12-11 15:28:53.736735 sent 2024-12-11 15:28:53.716012
INFO:Message received on topic: type-2/23 with payload size: 91 at 2024-12-11 15:28:56.333809 sent 2024-12-11 15:28:56.320282
INFO:Message received on topic: type-2/23 with payload size: 91 at 2024-12-11 15:28:58.936871 sent 2024-12-11 15:28:58.924480
INFO:Message received on topic: type-2/23 with payload size: 91 at 2024-12-11 15:29:01.537378 sent 2024-12-11 15:29:01.531762
INFO:Message received on topic: type-2/23 with payload size: 91 at 2024-12-11 15:29:04.150863 sent 2024-12-11 15:29:04.137800
INFO:Message received on topic: type-2/23 with payload size: 91 at 2024-12-11 15:29:06.753124 sent 2024-12-11 15:29:06.749691
INFO:Message received on topic: type-2/23 with payload size: 91 at 2024-12-11 15:29:09.397216 sent 2024-12-11 15:29:09.361089
INFO:Message received on topic: type-2/23 with payload size: 91 at 2024-12-11 15:29:11.999813 sent 2024-12-11 15:29:11.965621
INFO:Message received on topic: type-2/23 with payload size: 91 at 2024-12-11 15:29:14.599811 sent 2024-12-11 15:29:14.570232
INFO:Message received on topic: type-2/23 with payload size: 91 at 2024-12-11 15:29:17.231913 sent 2024-12-11 15:29:17.177998
INFO:Message received on topic: type-2/23 with payload size: 91 at 2024-12-11 15:29:19.799680 sent 2024-12-11 15:29:19.785236
INFO:Message received on topic: type-2/23 with payload size: 91 at 2024-12-11 15:29:22.427861 sent 2024-12-11 15:29:22.393264
INFO:Message received on topic: type-2/23 with payload size: 91 at 2024-12-11 15:29:25.033973 sent 2024-12-11 15:29:25.006664
INFO:Message received on topic: type-2/23 with payload size: 91 at 2024-12-11 15:29:27.639053 sent 2024-12-11 15:29:27.614630
INFO:Message received on topic: type-2/23 with payload size: 91 at 2024-12-11 15:29:30.236194 sent 2024-12-11 15:29:30.223548
INFO:Message received on topic: type-2/23 with payload size: 91 at 2024-12-11 15:29:32.853780 sent 2024-12-11 15:29:32.831584
INFO:Message received on topic: type-2/23 with payload size: 91 at 2024-12-11 15:29:35.451490 sent 2024-12-11 15:29:35.439797
INFO:Message received on topic: type-2/23 with payload size: 91 at 2024-12-11 15:29:38.056575 sent 2024-12-11 15:29:38.050266
INFO:Message received on topic: type-2/23 with payload size: 91 at 2024-12-11 15:29:40.749231 sent 2024-12-11 15:29:40.658424
INFO:Message received on topic: type-2/23 with payload size: 91 at 2024-12-11 15:29:43.336185 sent 2024-12-11 15:29:43.267219
INFO:Message received on topic: type-2/23 with payload size: 91 at 2024-12-11 15:29:45.900314 sent 2024-12-11 15:29:45.872229
INFO:Message received on topic: type-2/23 with payload size: 91 at 2024-12-11 15:29:48.502622 sent 2024-12-11 15:29:48.477413
INFO:Message received on topic: type-2/23 with payload size: 91 at 2024-12-11 15:29:51.098958 sent 2024-12-11 15:29:51.087787
INFO:Message received on topic: type-2/23 with payload size: 91 at 2024-12-11 15:29:53.702077 sent 2024-12-11 15:29:53.694314
INFO:Message received on topic: type-2/23 with payload size: 91 at 2024-12-11 15:29:56.341818 sent 2024-12-11 15:29:56.304141
INFO:Message received on topic: type-2/23 with payload size: 91 at 2024-12-11 15:29:58.935701 sent 2024-12-11 15:29:58.909532
INFO:Message received on topic: type-2/23 with payload size: 91 at 2024-12-11 15:30:01.534246 sent 2024-12-11 15:30:01.519601
INFO:Message received on topic: type-2/23 with payload size: 91 at 2024-12-11 15:30:04.136715 sent 2024-12-11 15:30:04.127723
INFO:Message received on topic: type-2/23 with payload size: 91 at 2024-12-11 15:30:06.751556 sent 2024-12-11 15:30:06.741919
INFO:Message received on topic: type-2/23 with payload size: 91 at 2024-12-11 15:30:09.395283 sent 2024-12-11 15:30:09.349993
INFO:Message received on topic: type-2/23 with payload size: 91 at 2024-12-11 15:30:11.990694 sent 2024-12-11 15:30:11.956715
INFO:Message received on topic: type-2/23 with payload size: 91 at 2024-12-11 15:30:14.628750 sent 2024-12-11 15:30:14.562017
INFO:Message received on topic: type-2/23 with payload size: 91 at 2024-12-11 15:30:17.230665 sent 2024-12-11 15:30:17.169524
INFO:Message received on topic: type-2/23 with payload size: 91 at 2024-12-11 15:30:19.801344 sent 2024-12-11 15:30:19.779767
INFO:Message received on topic: type-2/23 with payload size: 91 at 2024-12-11 15:30:22.400507 sent 2024-12-11 15:30:22.386986
INFO:Message received on topic: type-2/23 with payload size: 91 at 2024-12-11 15:30:25.040615 sent 2024-12-11 15:30:25.001131
INFO:Message received on topic: type-2/23 with payload size: 91 at 2024-12-11 15:30:27.638734 sent 2024-12-11 15:30:27.604966
INFO:Message received on topic: type-2/23 with payload size: 91 at 2024-12-11 15:30:30.241619 sent 2024-12-11 15:30:30.215633
INFO:Message received on topic: type-2/23 with payload size: 91 at 2024-12-11 15:30:32.841007 sent 2024-12-11 15:30:32.821587
INFO:Message received on topic: type-2/23 with payload size: 91 at 2024-12-11 15:30:35.440490 sent 2024-12-11 15:30:35.424747
INFO:Message received on topic: type-2/23 with payload size: 91 at 2024-12-11 15:30:38.039460 sent 2024-12-11 15:30:38.033259
INFO:Message received on topic: type-2/23 with payload size: 91 at 2024-12-11 15:30:40.642402 sent 2024-12-11 15:30:40.638239
INFO:Message received on topic: type-2/23 with payload size: 91 at 2024-12-11 15:30:43.254527 sent 2024-12-11 15:30:43.247499
INFO:Message received on topic: type-2/23 with payload size: 91 at 2024-12-11 15:30:45.900040 sent 2024-12-11 15:30:45.855550
INFO:Message received on topic: type-2/23 with payload size: 91 at 2024-12-11 15:30:48.500318 sent 2024-12-11 15:30:48.463066
INFO:Message received on topic: type-2/23 with payload size: 91 at 2024-12-11 15:30:51.099885 sent 2024-12-11 15:30:51.067211
INFO:Message received on topic: type-2/23 with payload size: 91 at 2024-12-11 15:30:53.698494 sent 2024-12-11 15:30:53.671610
INFO:Message received on topic: type-2/23 with payload size: 91 at 2024-12-11 15:30:56.299497 sent 2024-12-11 15:30:56.278710
INFO:Message received on topic: type-2/23 with payload size: 91 at 2024-12-11 15:30:58.932198 sent 2024-12-11 15:30:58.892515
INFO:Message received on topic: type-2/23 with payload size: 91 at 2024-12-11 15:31:01.544576 sent 2024-12-11 15:31:01.505847
INFO:Message received on topic: type-2/23 with payload size: 91 at 2024-12-11 15:31:04.138222 sent 2024-12-11 15:31:04.115020
INFO:Message received on topic: type-2/23 with payload size: 91 at 2024-12-11 15:31:06.738796 sent 2024-12-11 15:31:06.723620
INFO:Message received on topic: type-2/23 with payload size: 91 at 2024-12-11 15:31:09.340062 sent 2024-12-11 15:31:09.330490
INFO:Message received on topic: type-2/23 with payload size: 91 at 2024-12-11 15:31:11.957870 sent 2024-12-11 15:31:11.939954
INFO:Message received on topic: type-2/23 with payload size: 91 at 2024-12-11 15:31:14.558212 sent 2024-12-11 15:31:14.547494
INFO:Message received on topic: type-2/23 with payload size: 91 at 2024-12-11 15:31:17.156311 sent 2024-12-11 15:31:17.153259
INFO:Message received on topic: type-2/23 with payload size: 91 at 2024-12-11 15:31:19.798374 sent 2024-12-11 15:31:19.761040
INFO:Message received on topic: type-2/23 with payload size: 91 at 2024-12-11 15:31:22.397208 sent 2024-12-11 15:31:22.366315
INFO:Message received on topic: type-2/23 with payload size: 91 at 2024-12-11 15:31:25.038226 sent 2024-12-11 15:31:24.970376
INFO:Message received on topic: type-2/23 with payload size: 91 at 2024-12-11 15:31:27.635307 sent 2024-12-11 15:31:27.575639
INFO:Message received on topic: type-2/23 with payload size: 91 at 2024-12-11 15:31:30.233753 sent 2024-12-11 15:31:30.182080
INFO:Message received on topic: type-2/23 with payload size: 91 at 2024-12-11 15:31:32.835050 sent 2024-12-11 15:31:32.791752
INFO:Message received on topic: type-2/23 with payload size: 91 at 2024-12-11 15:31:35.430037 sent 2024-12-11 15:31:35.401940
INFO:Message received on topic: type-2/23 with payload size: 91 at 2024-12-11 15:31:38.036711 sent 2024-12-11 15:31:38.005996
INFO:Message received on topic: type-2/23 with payload size: 91 at 2024-12-11 15:31:40.638677 sent 2024-12-11 15:31:40.611888
INFO:Message received on topic: type-2/23 with payload size: 91 at 2024-12-11 15:31:43.243235 sent 2024-12-11 15:31:43.221459
INFO:Message received on topic: type-2/23 with payload size: 91 at 2024-12-11 15:31:45.837824 sent 2024-12-11 15:31:45.826018
INFO:Message received on topic: type-2/23 with payload size: 91 at 2024-12-11 15:31:48.534915 sent 2024-12-11 15:31:48.435843
INFO:Message received on topic: type-2/23 with payload size: 91 at 2024-12-11 15:31:51.053795 sent 2024-12-11 15:31:51.048804
INFO:Message received on topic: type-2/23 with payload size: 91 at 2024-12-11 15:31:53.695699 sent 2024-12-11 15:31:53.660947
INFO:Message received on topic: type-2/23 with payload size: 91 at 2024-12-11 15:31:56.299431 sent 2024-12-11 15:31:56.266973
INFO:Message received on topic: type-2/23 with payload size: 91 at 2024-12-11 15:31:58.902013 sent 2024-12-11 15:31:58.875271
INFO:Message received on topic: type-2/23 with payload size: 91 at 2024-12-11 15:32:01.530077 sent 2024-12-11 15:32:01.485129
INFO:Message received on topic: type-2/23 with payload size: 91 at 2024-12-11 15:32:04.103788 sent 2024-12-11 15:32:04.093062
INFO:Message received on topic: type-2/23 with payload size: 91 at 2024-12-11 15:32:06.728980 sent 2024-12-11 15:32:06.696938
INFO:Message received on topic: type-2/23 with payload size: 91 at 2024-12-11 15:32:09.307236 sent 2024-12-11 15:32:09.304111
INFO:Message received on topic: type-2/23 with payload size: 91 at 2024-12-11 15:32:11.938430 sent 2024-12-11 15:32:11.909652
INFO:Message received on topic: type-2/23 with payload size: 91 at 2024-12-11 15:32:14.532780 sent 2024-12-11 15:32:14.516409
INFO:Message received on topic: type-2/23 with payload size: 91 at 2024-12-11 15:32:17.145604 sent 2024-12-11 15:32:17.122224
INFO:Message received on topic: type-2/23 with payload size: 91 at 2024-12-11 15:32:19.736232 sent 2024-12-11 15:32:19.730848
INFO:Message received on topic: type-2/23 with payload size: 91 at 2024-12-11 15:32:22.396538 sent 2024-12-11 15:32:22.336858
INFO:Message received on topic: type-2/23 with payload size: 91 at 2024-12-11 15:32:24.993683 sent 2024-12-11 15:32:24.942065
INFO:Message received on topic: type-2/23 with payload size: 91 at 2024-12-11 15:32:27.618748 sent 2024-12-11 15:32:27.551072
INFO:Message received on topic: type-2/23 with payload size: 91 at 2024-12-11 15:32:30.210919 sent 2024-12-11 15:32:30.158798
INFO:Message received on topic: type-2/23 with payload size: 91 at 2024-12-11 15:32:32.797854 sent 2024-12-11 15:32:32.766263
INFO:Message received on topic: type-2/23 with payload size: 91 at 2024-12-11 15:32:35.407982 sent 2024-12-11 15:32:35.373400
INFO:Message received on topic: type-2/23 with payload size: 91 at 2024-12-11 15:32:37.996004 sent 2024-12-11 15:32:37.982818
INFO:Message received on topic: type-2/23 with payload size: 91 at 2024-12-11 15:32:40.600313 sent 2024-12-11 15:32:40.590422
INFO:Message received on topic: type-2/23 with payload size: 91 at 2024-12-11 15:32:43.203180 sent 2024-12-11 15:32:43.193511
INFO:Message received on topic: type-2/23 with payload size: 91 at 2024-12-11 15:32:45.807712 sent 2024-12-11 15:32:45.799096
INFO:Message received on topic: type-2/23 with payload size: 91 at 2024-12-11 15:32:48.412822 sent 2024-12-11 15:32:48.403803
INFO:Message received on topic: type-2/23 with payload size: 91 at 2024-12-11 15:32:51.027148 sent 2024-12-11 15:32:51.009216
INFO:Message received on topic: type-2/23 with payload size: 91 at 2024-12-11 15:32:53.628401 sent 2024-12-11 15:32:53.612804
INFO:Message received on topic: type-2/23 with payload size: 91 at 2024-12-11 15:32:56.242020 sent 2024-12-11 15:32:56.214219
INFO:Message received on topic: type-2/23 with payload size: 91 at 2024-12-11 15:32:58.828977 sent 2024-12-11 15:32:58.815666
INFO:Message received on topic: type-2/23 with payload size: 91 at 2024-12-11 15:33:01.432979 sent 2024-12-11 15:33:01.418295
INFO:Message received on topic: type-2/23 with payload size: 91 at 2024-12-11 15:33:04.035039 sent 2024-12-11 15:33:04.014629
INFO:Message received on topic: type-2/23 with payload size: 91 at 2024-12-11 15:33:06.605282 sent 2024-12-11 15:33:06.599503
INFO:Message received on topic: type-2/23 with payload size: 91 at 2024-12-11 15:33:09.201869 sent 2024-12-11 15:33:09.181605
INFO:Message received on topic: type-2/23 with payload size: 91 at 2024-12-11 15:33:11.798780 sent 2024-12-11 15:33:11.769022
INFO:Message received on topic: type-2/23 with payload size: 91 at 2024-12-11 15:33:14.396622 sent 2024-12-11 15:33:14.366134
INFO:Message received on topic: type-2/23 with payload size: 91 at 2024-12-11 15:33:16.997808 sent 2024-12-11 15:33:16.966641
INFO:Message received on topic: type-2/23 with payload size: 91 at 2024-12-11 15:33:19.603918 sent 2024-12-11 15:33:19.568525
INFO:Message received on topic: type-2/23 with payload size: 91 at 2024-12-11 15:33:22.194029 sent 2024-12-11 15:33:22.168277
INFO:Message received on topic: type-2/23 with payload size: 91 at 2024-12-11 15:33:24.799982 sent 2024-12-11 15:33:24.769163
INFO:Message received on topic: type-2/23 with payload size: 91 at 2024-12-11 15:33:27.392774 sent 2024-12-11 15:33:27.368537
INFO:Message received on topic: type-2/23 with payload size: 91 at 2024-12-11 15:33:29.990681 sent 2024-12-11 15:33:29.966643
INFO:Message received on topic: type-2/23 with payload size: 91 at 2024-12-11 15:33:32.592978 sent 2024-12-11 15:33:32.570943
INFO:Message received on topic: type-2/23 with payload size: 91 at 2024-12-11 15:33:35.197949 sent 2024-12-11 15:33:35.172570
