INFO:Starting Version 1.0.5
DEBUG:Using selector: EpollSelector
INFO:Connecting to cluster at: mqtt-quic://emqx-headless.dtwins:14567 using QUIC
INFO:Subscribed to topic: type-2/15
INFO:Logging each: 50
INFO:Unhandled packet type received
INFO:Message received on topic: type-2/15 with payload size: 91 at 2024-12-11 15:24:42.427179 sent 2024-12-11 15:24:42.411224
INFO:Message received on topic: type-2/15 with payload size: 91 at 2024-12-11 15:24:45.028428 sent 2024-12-11 15:24:45.015939
INFO:Message received on topic: type-2/15 with payload size: 91 at 2024-12-11 15:24:47.627551 sent 2024-12-11 15:24:47.614303
INFO:Message received on topic: type-2/15 with payload size: 91 at 2024-12-11 15:24:50.231164 sent 2024-12-11 15:24:50.215368
INFO:Message received on topic: type-2/15 with payload size: 91 at 2024-12-11 15:24:52.832739 sent 2024-12-11 15:24:52.817225
INFO:Message received on topic: type-2/15 with payload size: 91 at 2024-12-11 15:24:55.429195 sent 2024-12-11 15:24:55.418675
INFO:Message received on topic: type-2/15 with payload size: 91 at 2024-12-11 15:24:58.048075 sent 2024-12-11 15:24:58.023154
INFO:Message received on topic: type-2/15 with payload size: 91 at 2024-12-11 15:25:00.634793 sent 2024-12-11 15:25:00.627442
INFO:Message received on topic: type-2/15 with payload size: 91 at 2024-12-11 15:25:03.237535 sent 2024-12-11 15:25:03.228730
INFO:Message received on topic: type-2/15 with payload size: 91 at 2024-12-11 15:25:05.844503 sent 2024-12-11 15:25:05.836793
INFO:Message received on topic: type-2/15 with payload size: 91 at 2024-12-11 15:25:08.445086 sent 2024-12-11 15:25:08.441647
INFO:Message received on topic: type-2/15 with payload size: 91 at 2024-12-11 15:25:11.096976 sent 2024-12-11 15:25:11.048254
INFO:Message received on topic: type-2/15 with payload size: 91 at 2024-12-11 15:25:13.695921 sent 2024-12-11 15:25:13.651306
INFO:Message received on topic: type-2/15 with payload size: 91 at 2024-12-11 15:25:16.297157 sent 2024-12-11 15:25:16.258144
INFO:Message received on topic: type-2/15 with payload size: 91 at 2024-12-11 15:25:18.903688 sent 2024-12-11 15:25:18.860132
INFO:Message received on topic: type-2/15 with payload size: 91 at 2024-12-11 15:25:21.506457 sent 2024-12-11 15:25:21.463909
INFO:Message received on topic: type-2/15 with payload size: 91 at 2024-12-11 15:25:24.107053 sent 2024-12-11 15:25:24.073393
INFO:Message received on topic: type-2/15 with payload size: 91 at 2024-12-11 15:25:26.801543 sent 2024-12-11 15:25:26.683624
INFO:Message received on topic: type-2/15 with payload size: 91 at 2024-12-11 15:25:29.328581 sent 2024-12-11 15:25:29.301476
INFO:Message received on topic: type-2/15 with payload size: 91 at 2024-12-11 15:25:31.932287 sent 2024-12-11 15:25:31.912707
INFO:Message received on topic: type-2/15 with payload size: 91 at 2024-12-11 15:25:34.535519 sent 2024-12-11 15:25:34.523416
INFO:Message received on topic: type-2/15 with payload size: 91 at 2024-12-11 15:25:37.192651 sent 2024-12-11 15:25:37.131827
INFO:Message received on topic: type-2/15 with payload size: 91 at 2024-12-11 15:25:39.744065 sent 2024-12-11 15:25:39.738208
INFO:Message received on topic: type-2/15 with payload size: 91 at 2024-12-11 15:25:42.401077 sent 2024-12-11 15:25:42.348393
INFO:Message received on topic: type-2/15 with payload size: 91 at 2024-12-11 15:25:45.033587 sent 2024-12-11 15:25:44.958822
INFO:Message received on topic: type-2/15 with payload size: 91 at 2024-12-11 15:25:47.599719 sent 2024-12-11 15:25:47.566568
INFO:Message received on topic: type-2/15 with payload size: 91 at 2024-12-11 15:25:50.206192 sent 2024-12-11 15:25:50.180934
INFO:Message received on topic: type-2/15 with payload size: 91 at 2024-12-11 15:25:52.802457 sent 2024-12-11 15:25:52.785297
INFO:Message received on topic: type-2/15 with payload size: 91 at 2024-12-11 15:25:55.410109 sent 2024-12-11 15:25:55.394144
INFO:Message received on topic: type-2/15 with payload size: 91 at 2024-12-11 15:25:58.031005 sent 2024-12-11 15:25:58.005643
INFO:Message received on topic: type-2/15 with payload size: 91 at 2024-12-11 15:26:00.635899 sent 2024-12-11 15:26:00.614482
INFO:Message received on topic: type-2/15 with payload size: 91 at 2024-12-11 15:26:03.289506 sent 2024-12-11 15:26:03.219556
INFO:Message received on topic: type-2/15 with payload size: 91 at 2024-12-11 15:26:05.833887 sent 2024-12-11 15:26:05.825943
INFO:Message received on topic: type-2/15 with payload size: 91 at 2024-12-11 15:26:08.443557 sent 2024-12-11 15:26:08.432409
INFO:Message received on topic: type-2/15 with payload size: 91 at 2024-12-11 15:26:11.038886 sent 2024-12-11 15:26:11.024745
INFO:Message received on topic: type-2/15 with payload size: 91 at 2024-12-11 15:26:13.635217 sent 2024-12-11 15:26:13.611437
INFO:Message received on topic: type-2/15 with payload size: 91 at 2024-12-11 15:26:16.206978 sent 2024-12-11 15:26:16.202939
INFO:Message received on topic: type-2/15 with payload size: 91 at 2024-12-11 15:26:18.805547 sent 2024-12-11 15:26:18.791307
INFO:Message received on topic: type-2/15 with payload size: 91 at 2024-12-11 15:26:21.401797 sent 2024-12-11 15:26:21.395354
INFO:Message received on topic: type-2/15 with payload size: 91 at 2024-12-11 15:26:24.012546 sent 2024-12-11 15:26:24.007439
INFO:Message received on topic: type-2/15 with payload size: 91 at 2024-12-11 15:26:26.639501 sent 2024-12-11 15:26:26.619833
INFO:Message received on topic: type-2/15 with payload size: 91 at 2024-12-11 15:26:29.230425 sent 2024-12-11 15:26:29.226552
INFO:Message received on topic: type-2/15 with payload size: 91 at 2024-12-11 15:26:31.892185 sent 2024-12-11 15:26:31.834161
INFO:Message received on topic: type-2/15 with payload size: 91 at 2024-12-11 15:26:34.502643 sent 2024-12-11 15:26:34.444941
INFO:Message received on topic: type-2/15 with payload size: 91 at 2024-12-11 15:26:37.097792 sent 2024-12-11 15:26:37.056626
INFO:Message received on topic: type-2/15 with payload size: 91 at 2024-12-11 15:26:39.745239 sent 2024-12-11 15:26:39.664002
INFO:Message received on topic: type-2/15 with payload size: 91 at 2024-12-11 15:26:42.299398 sent 2024-12-11 15:26:42.282226
INFO:Message received on topic: type-2/15 with payload size: 91 at 2024-12-11 15:26:44.904131 sent 2024-12-11 15:26:44.892607
INFO:Message received on topic: type-2/15 with payload size: 91 at 2024-12-11 15:26:47.508570 sent 2024-12-11 15:26:47.505242
INFO:Message received on topic: type-2/15 with payload size: 91 at 2024-12-11 15:26:50.138817 sent 2024-12-11 15:26:50.111478
INFO:Message received on topic: type-2/15 with payload size: 91 at 2024-12-11 15:26:52.740008 sent 2024-12-11 15:26:52.718100
INFO:Message received on topic: type-2/15 with payload size: 91 at 2024-12-11 15:26:55.389929 sent 2024-12-11 15:26:55.324059
INFO:Message received on topic: type-2/15 with payload size: 91 at 2024-12-11 15:26:57.989755 sent 2024-12-11 15:26:57.936489
INFO:Message received on topic: type-2/15 with payload size: 91 at 2024-12-11 15:27:00.591168 sent 2024-12-11 15:27:00.543723
INFO:Message received on topic: type-2/15 with payload size: 91 at 2024-12-11 15:27:03.207223 sent 2024-12-11 15:27:03.155183
INFO:Message received on topic: type-2/15 with payload size: 91 at 2024-12-11 15:27:05.794169 sent 2024-12-11 15:27:05.763601
INFO:Message received on topic: type-2/15 with payload size: 91 at 2024-12-11 15:27:08.396160 sent 2024-12-11 15:27:08.376454
INFO:Message received on topic: type-2/15 with payload size: 91 at 2024-12-11 15:27:11.005076 sent 2024-12-11 15:27:10.990548
INFO:Message received on topic: type-2/15 with payload size: 91 at 2024-12-11 15:27:13.637038 sent 2024-12-11 15:27:13.603524
INFO:Message received on topic: type-2/15 with payload size: 91 at 2024-12-11 15:27:16.234435 sent 2024-12-11 15:27:16.216751
INFO:Message received on topic: type-2/15 with payload size: 91 at 2024-12-11 15:27:18.844875 sent 2024-12-11 15:27:18.831168
INFO:Message received on topic: type-2/15 with payload size: 91 at 2024-12-11 15:27:21.447152 sent 2024-12-11 15:27:21.442933
INFO:Message received on topic: type-2/15 with payload size: 91 at 2024-12-11 15:27:24.054671 sent 2024-12-11 15:27:24.049020
INFO:Message received on topic: type-2/15 with payload size: 91 at 2024-12-11 15:27:26.698904 sent 2024-12-11 15:27:26.659711
INFO:Message received on topic: type-2/15 with payload size: 91 at 2024-12-11 15:27:29.330123 sent 2024-12-11 15:27:29.266945
INFO:Message received on topic: type-2/15 with payload size: 91 at 2024-12-11 15:27:31.904946 sent 2024-12-11 15:27:31.873651
INFO:Message received on topic: type-2/15 with payload size: 91 at 2024-12-11 15:27:34.542191 sent 2024-12-11 15:27:34.481905
INFO:Message received on topic: type-2/15 with payload size: 91 at 2024-12-11 15:27:37.097916 sent 2024-12-11 15:27:37.090543
INFO:Message received on topic: type-2/15 with payload size: 91 at 2024-12-11 15:27:39.733510 sent 2024-12-11 15:27:39.695870
INFO:Message received on topic: type-2/15 with payload size: 91 at 2024-12-11 15:27:42.335380 sent 2024-12-11 15:27:42.306605
INFO:Message received on topic: type-2/15 with payload size: 91 at 2024-12-11 15:27:44.936617 sent 2024-12-11 15:27:44.913201
INFO:Message received on topic: type-2/15 with payload size: 91 at 2024-12-11 15:27:47.537527 sent 2024-12-11 15:27:47.511832
INFO:Message received on topic: type-2/15 with payload size: 91 at 2024-12-11 15:27:50.144380 sent 2024-12-11 15:27:50.119529
INFO:Message received on topic: type-2/15 with payload size: 91 at 2024-12-11 15:27:52.738038 sent 2024-12-11 15:27:52.730945
INFO:Message received on topic: type-2/15 with payload size: 91 at 2024-12-11 15:27:55.340848 sent 2024-12-11 15:27:55.334823
INFO:Message received on topic: type-2/15 with payload size: 91 at 2024-12-11 15:27:57.953976 sent 2024-12-11 15:27:57.946540
INFO:Message received on topic: type-2/15 with payload size: 91 at 2024-12-11 15:28:00.590065 sent 2024-12-11 15:28:00.558162
INFO:Message received on topic: type-2/15 with payload size: 91 at 2024-12-11 15:28:03.196635 sent 2024-12-11 15:28:03.171641
INFO:Message received on topic: type-2/15 with payload size: 91 at 2024-12-11 15:28:05.829818 sent 2024-12-11 15:28:05.780209
INFO:Message received on topic: type-2/15 with payload size: 91 at 2024-12-11 15:28:08.433931 sent 2024-12-11 15:28:08.396502
INFO:Message received on topic: type-2/15 with payload size: 91 at 2024-12-11 15:28:11.030385 sent 2024-12-11 15:28:11.010988
INFO:Message received on topic: type-2/15 with payload size: 91 at 2024-12-11 15:28:13.634276 sent 2024-12-11 15:28:13.617864
INFO:Message received on topic: type-2/15 with payload size: 91 at 2024-12-11 15:28:16.238782 sent 2024-12-11 15:28:16.224251
INFO:Message received on topic: type-2/15 with payload size: 91 at 2024-12-11 15:28:18.849438 sent 2024-12-11 15:28:18.834535
INFO:Message received on topic: type-2/15 with payload size: 91 at 2024-12-11 15:28:21.453571 sent 2024-12-11 15:28:21.442786
INFO:Message received on topic: type-2/15 with payload size: 91 at 2024-12-11 15:28:24.056685 sent 2024-12-11 15:28:24.051873
INFO:Message received on topic: type-2/15 with payload size: 91 at 2024-12-11 15:28:26.690030 sent 2024-12-11 15:28:26.659093
INFO:Message received on topic: type-2/15 with payload size: 91 at 2024-12-11 15:28:29.301195 sent 2024-12-11 15:28:29.267406
INFO:Message received on topic: type-2/15 with payload size: 91 at 2024-12-11 15:28:31.930235 sent 2024-12-11 15:28:31.875445
INFO:Message received on topic: type-2/15 with payload size: 91 at 2024-12-11 15:28:34.541648 sent 2024-12-11 15:28:34.486040
INFO:Message received on topic: type-2/15 with payload size: 91 at 2024-12-11 15:28:37.146428 sent 2024-12-11 15:28:37.096097
INFO:Message received on topic: type-2/15 with payload size: 91 at 2024-12-11 15:28:39.732236 sent 2024-12-11 15:28:39.702806
INFO:Message received on topic: type-2/15 with payload size: 91 at 2024-12-11 15:28:42.340775 sent 2024-12-11 15:28:42.308544
INFO:Message received on topic: type-2/15 with payload size: 91 at 2024-12-11 15:28:44.936904 sent 2024-12-11 15:28:44.914988
INFO:Message received on topic: type-2/15 with payload size: 91 at 2024-12-11 15:28:47.547886 sent 2024-12-11 15:28:47.524157
INFO:Message received on topic: type-2/15 with payload size: 91 at 2024-12-11 15:28:50.144968 sent 2024-12-11 15:28:50.132573
INFO:Message received on topic: type-2/15 with payload size: 91 at 2024-12-11 15:28:52.797444 sent 2024-12-11 15:28:52.753147
INFO:Message received on topic: type-2/15 with payload size: 91 at 2024-12-11 15:28:55.393202 sent 2024-12-11 15:28:55.364010
INFO:Message received on topic: type-2/15 with payload size: 91 at 2024-12-11 15:28:58.004511 sent 2024-12-11 15:28:57.970314
INFO:Message received on topic: type-2/15 with payload size: 91 at 2024-12-11 15:29:00.596278 sent 2024-12-11 15:29:00.579194
INFO:Message received on topic: type-2/15 with payload size: 91 at 2024-12-11 15:29:03.233912 sent 2024-12-11 15:29:03.184561
INFO:Message received on topic: type-2/15 with payload size: 91 at 2024-12-11 15:29:05.800267 sent 2024-12-11 15:29:05.792763
INFO:Message received on topic: type-2/15 with payload size: 91 at 2024-12-11 15:29:08.435877 sent 2024-12-11 15:29:08.404828
INFO:Message received on topic: type-2/15 with payload size: 91 at 2024-12-11 15:29:11.036484 sent 2024-12-11 15:29:11.016765
INFO:Message received on topic: type-2/15 with payload size: 91 at 2024-12-11 15:29:13.636314 sent 2024-12-11 15:29:13.624045
INFO:Message received on topic: type-2/15 with payload size: 91 at 2024-12-11 15:29:16.241619 sent 2024-12-11 15:29:16.232546
INFO:Message received on topic: type-2/15 with payload size: 91 at 2024-12-11 15:29:18.847954 sent 2024-12-11 15:29:18.841877
INFO:Message received on topic: type-2/15 with payload size: 91 at 2024-12-11 15:29:21.497943 sent 2024-12-11 15:29:21.455720
INFO:Message received on topic: type-2/15 with payload size: 91 at 2024-12-11 15:29:24.131012 sent 2024-12-11 15:29:24.063546
INFO:Message received on topic: type-2/15 with payload size: 91 at 2024-12-11 15:29:26.738358 sent 2024-12-11 15:29:26.670783
INFO:Message received on topic: type-2/15 with payload size: 91 at 2024-12-11 15:29:29.302158 sent 2024-12-11 15:29:29.276654
INFO:Message received on topic: type-2/15 with payload size: 91 at 2024-12-11 15:29:31.906228 sent 2024-12-11 15:29:31.888174
INFO:Message received on topic: type-2/15 with payload size: 91 at 2024-12-11 15:29:34.502650 sent 2024-12-11 15:29:34.492959
INFO:Message received on topic: type-2/15 with payload size: 91 at 2024-12-11 15:29:37.138244 sent 2024-12-11 15:29:37.101159
INFO:Message received on topic: type-2/15 with payload size: 91 at 2024-12-11 15:29:39.743009 sent 2024-12-11 15:29:39.711567
INFO:Message received on topic: type-2/15 with payload size: 91 at 2024-12-11 15:29:42.341643 sent 2024-12-11 15:29:42.320141
INFO:Message received on topic: type-2/15 with payload size: 91 at 2024-12-11 15:29:45.001608 sent 2024-12-11 15:29:44.929528
INFO:Message received on topic: type-2/15 with payload size: 91 at 2024-12-11 15:29:47.543822 sent 2024-12-11 15:29:47.539720
INFO:Message received on topic: type-2/15 with payload size: 91 at 2024-12-11 15:29:50.156922 sent 2024-12-11 15:29:50.147655
INFO:Message received on topic: type-2/15 with payload size: 91 at 2024-12-11 15:29:52.796720 sent 2024-12-11 15:29:52.755464
INFO:Message received on topic: type-2/15 with payload size: 91 at 2024-12-11 15:29:55.404816 sent 2024-12-11 15:29:55.361438
INFO:Message received on topic: type-2/15 with payload size: 91 at 2024-12-11 15:29:58.027987 sent 2024-12-11 15:29:57.969716
INFO:Message received on topic: type-2/15 with payload size: 91 at 2024-12-11 15:30:00.599754 sent 2024-12-11 15:30:00.582011
INFO:Message received on topic: type-2/15 with payload size: 91 at 2024-12-11 15:30:03.231928 sent 2024-12-11 15:30:03.194179
INFO:Message received on topic: type-2/15 with payload size: 91 at 2024-12-11 15:30:05.831316 sent 2024-12-11 15:30:05.798490
INFO:Message received on topic: type-2/15 with payload size: 91 at 2024-12-11 15:30:08.443733 sent 2024-12-11 15:30:08.409186
INFO:Message received on topic: type-2/15 with payload size: 91 at 2024-12-11 15:30:11.094671 sent 2024-12-11 15:30:11.017810
INFO:Message received on topic: type-2/15 with payload size: 91 at 2024-12-11 15:30:13.635687 sent 2024-12-11 15:30:13.626320
INFO:Message received on topic: type-2/15 with payload size: 91 at 2024-12-11 15:30:16.288548 sent 2024-12-11 15:30:16.231209
INFO:Message received on topic: type-2/15 with payload size: 91 at 2024-12-11 15:30:18.848694 sent 2024-12-11 15:30:18.837170
INFO:Message received on topic: type-2/15 with payload size: 91 at 2024-12-11 15:30:21.453213 sent 2024-12-11 15:30:21.449369
INFO:Message received on topic: type-2/15 with payload size: 91 at 2024-12-11 15:30:24.093439 sent 2024-12-11 15:30:24.056311
INFO:Message received on topic: type-2/15 with payload size: 91 at 2024-12-11 15:30:26.735513 sent 2024-12-11 15:30:26.666149
INFO:Message received on topic: type-2/15 with payload size: 91 at 2024-12-11 15:30:29.299514 sent 2024-12-11 15:30:29.272803
INFO:Message received on topic: type-2/15 with payload size: 91 at 2024-12-11 15:30:31.900525 sent 2024-12-11 15:30:31.885467
INFO:Message received on topic: type-2/15 with payload size: 91 at 2024-12-11 15:30:34.500042 sent 2024-12-11 15:30:34.494200
INFO:Message received on topic: type-2/15 with payload size: 91 at 2024-12-11 15:30:37.133973 sent 2024-12-11 15:30:37.105055
INFO:Message received on topic: type-2/15 with payload size: 91 at 2024-12-11 15:30:39.737636 sent 2024-12-11 15:30:39.711636
INFO:Message received on topic: type-2/15 with payload size: 91 at 2024-12-11 15:30:42.336699 sent 2024-12-11 15:30:42.319659
INFO:Message received on topic: type-2/15 with payload size: 91 at 2024-12-11 15:30:44.941574 sent 2024-12-11 15:30:44.931454
INFO:Message received on topic: type-2/15 with payload size: 91 at 2024-12-11 15:30:47.545441 sent 2024-12-11 15:30:47.542202
INFO:Message received on topic: type-2/15 with payload size: 91 at 2024-12-11 15:30:50.155675 sent 2024-12-11 15:30:50.152085
INFO:Message received on topic: type-2/15 with payload size: 91 at 2024-12-11 15:30:52.797450 sent 2024-12-11 15:30:52.758678
INFO:Message received on topic: type-2/15 with payload size: 91 at 2024-12-11 15:30:55.397244 sent 2024-12-11 15:30:55.363359
INFO:Message received on topic: type-2/15 with payload size: 91 at 2024-12-11 15:30:58.033087 sent 2024-12-11 15:30:57.973073
INFO:Message received on topic: type-2/15 with payload size: 91 at 2024-12-11 15:31:00.597809 sent 2024-12-11 15:31:00.583277
INFO:Message received on topic: type-2/15 with payload size: 91 at 2024-12-11 15:31:03.236860 sent 2024-12-11 15:31:03.191514
INFO:Message received on topic: type-2/15 with payload size: 91 at 2024-12-11 15:31:05.834774 sent 2024-12-11 15:31:05.798803
INFO:Message received on topic: type-2/15 with payload size: 91 at 2024-12-11 15:31:08.436172 sent 2024-12-11 15:31:08.408175
INFO:Message received on topic: type-2/15 with payload size: 91 at 2024-12-11 15:31:11.040593 sent 2024-12-11 15:31:11.015096
INFO:Message received on topic: type-2/15 with payload size: 91 at 2024-12-11 15:31:13.640559 sent 2024-12-11 15:31:13.621690
INFO:Message received on topic: type-2/15 with payload size: 91 at 2024-12-11 15:31:16.242172 sent 2024-12-11 15:31:16.228046
INFO:Message received on topic: type-2/15 with payload size: 91 at 2024-12-11 15:31:18.851449 sent 2024-12-11 15:31:18.834633
INFO:Message received on topic: type-2/15 with payload size: 91 at 2024-12-11 15:31:21.447176 sent 2024-12-11 15:31:21.442080
INFO:Message received on topic: type-2/15 with payload size: 91 at 2024-12-11 15:31:24.058542 sent 2024-12-11 15:31:24.052201
INFO:Message received on topic: type-2/15 with payload size: 91 at 2024-12-11 15:31:26.667614 sent 2024-12-11 15:31:26.660615
INFO:Message received on topic: type-2/15 with payload size: 91 at 2024-12-11 15:31:29.293780 sent 2024-12-11 15:31:29.270921
INFO:Message received on topic: type-2/15 with payload size: 91 at 2024-12-11 15:31:31.940960 sent 2024-12-11 15:31:31.877891
INFO:Message received on topic: type-2/15 with payload size: 91 at 2024-12-11 15:31:34.536061 sent 2024-12-11 15:31:34.483390
INFO:Message received on topic: type-2/15 with payload size: 91 at 2024-12-11 15:31:37.131898 sent 2024-12-11 15:31:37.091606
INFO:Message received on topic: type-2/15 with payload size: 91 at 2024-12-11 15:31:39.739533 sent 2024-12-11 15:31:39.702015
INFO:Message received on topic: type-2/15 with payload size: 91 at 2024-12-11 15:31:42.335233 sent 2024-12-11 15:31:42.309286
INFO:Message received on topic: type-2/15 with payload size: 91 at 2024-12-11 15:31:44.942260 sent 2024-12-11 15:31:44.914138
INFO:Message received on topic: type-2/15 with payload size: 91 at 2024-12-11 15:31:47.543532 sent 2024-12-11 15:31:47.521421
INFO:Message received on topic: type-2/15 with payload size: 91 at 2024-12-11 15:31:50.137825 sent 2024-12-11 15:31:50.126946
INFO:Message received on topic: type-2/15 with payload size: 91 at 2024-12-11 15:31:52.748956 sent 2024-12-11 15:31:52.735255
INFO:Message received on topic: type-2/15 with payload size: 91 at 2024-12-11 15:31:55.351094 sent 2024-12-11 15:31:55.348167
INFO:Message received on topic: type-2/15 with payload size: 91 at 2024-12-11 15:31:57.997560 sent 2024-12-11 15:31:57.959545
INFO:Message received on topic: type-2/15 with payload size: 91 at 2024-12-11 15:32:00.598914 sent 2024-12-11 15:32:00.573780
INFO:Message received on topic: type-2/15 with payload size: 91 at 2024-12-11 15:32:03.205518 sent 2024-12-11 15:32:03.178771
INFO:Message received on topic: type-2/15 with payload size: 91 at 2024-12-11 15:32:05.801249 sent 2024-12-11 15:32:05.788120
INFO:Message received on topic: type-2/15 with payload size: 91 at 2024-12-11 15:32:08.405480 sent 2024-12-11 15:32:08.398534
INFO:Message received on topic: type-2/15 with payload size: 91 at 2024-12-11 15:32:11.039502 sent 2024-12-11 15:32:11.018617
INFO:Message received on topic: type-2/15 with payload size: 91 at 2024-12-11 15:32:13.638038 sent 2024-12-11 15:32:13.629664
INFO:Message received on topic: type-2/15 with payload size: 91 at 2024-12-11 15:32:16.243534 sent 2024-12-11 15:32:16.234936
INFO:Message received on topic: type-2/15 with payload size: 91 at 2024-12-11 15:32:18.849070 sent 2024-12-11 15:32:18.840734
INFO:Message received on topic: type-2/15 with payload size: 91 at 2024-12-11 15:32:21.501589 sent 2024-12-11 15:32:21.452711
INFO:Message received on topic: type-2/15 with payload size: 91 at 2024-12-11 15:32:24.101726 sent 2024-12-11 15:32:24.063211
INFO:Message received on topic: type-2/15 with payload size: 91 at 2024-12-11 15:32:26.698707 sent 2024-12-11 15:32:26.669385
INFO:Message received on topic: type-2/15 with payload size: 91 at 2024-12-11 15:32:29.301801 sent 2024-12-11 15:32:29.278057
INFO:Message received on topic: type-2/15 with payload size: 91 at 2024-12-11 15:32:31.902959 sent 2024-12-11 15:32:31.890908
INFO:Message received on topic: type-2/15 with payload size: 91 at 2024-12-11 15:32:34.534185 sent 2024-12-11 15:32:34.496133
INFO:Message received on topic: type-2/15 with payload size: 91 at 2024-12-11 15:32:37.132441 sent 2024-12-11 15:32:37.100619
INFO:Message received on topic: type-2/15 with payload size: 91 at 2024-12-11 15:32:39.712460 sent 2024-12-11 15:32:39.708938
INFO:Message received on topic: type-2/15 with payload size: 91 at 2024-12-11 15:32:42.330676 sent 2024-12-11 15:32:42.314895
INFO:Message received on topic: type-2/15 with payload size: 91 at 2024-12-11 15:32:44.933416 sent 2024-12-11 15:32:44.918667
INFO:Message received on topic: type-2/15 with payload size: 91 at 2024-12-11 15:32:47.530967 sent 2024-12-11 15:32:47.523906
INFO:Message received on topic: type-2/15 with payload size: 91 at 2024-12-11 15:32:50.196982 sent 2024-12-11 15:32:50.134705
INFO:Message received on topic: type-2/15 with payload size: 91 at 2024-12-11 15:32:52.744935 sent 2024-12-11 15:32:52.741826
INFO:Message received on topic: type-2/15 with payload size: 91 at 2024-12-11 15:32:55.393317 sent 2024-12-11 15:32:55.344767
INFO:Message received on topic: type-2/15 with payload size: 91 at 2024-12-11 15:32:58.017796 sent 2024-12-11 15:32:57.951115
INFO:Message received on topic: type-2/15 with payload size: 91 at 2024-12-11 15:33:00.602752 sent 2024-12-11 15:33:00.557034
INFO:Message received on topic: type-2/15 with payload size: 91 at 2024-12-11 15:33:03.211893 sent 2024-12-11 15:33:03.158216
INFO:Message received on topic: type-2/15 with payload size: 91 at 2024-12-11 15:33:05.748538 sent 2024-12-11 15:33:05.745839
INFO:Message received on topic: type-2/15 with payload size: 91 at 2024-12-11 15:33:08.337623 sent 2024-12-11 15:33:08.328425
INFO:Message received on topic: type-2/15 with payload size: 91 at 2024-12-11 15:33:10.934748 sent 2024-12-11 15:33:10.912878
