INFO:Starting Version 1.0.5
DEBUG:Using selector: EpollSelector
INFO:Connecting to cluster at: mqtt-quic://emqx-headless.dtwins:14567 using QUIC
INFO:Subscribed to topic: type-2/28
INFO:Logging each: 50
INFO:Unhandled packet type received
INFO:Message received on topic: type-2/28 with payload size: 91 at 2024-12-11 15:25:22.825909 sent 2024-12-11 15:25:22.797867
INFO:Message received on topic: type-2/28 with payload size: 91 at 2024-12-11 15:25:25.409147 sent 2024-12-11 15:25:25.403283
INFO:Message received on topic: type-2/28 with payload size: 91 at 2024-12-11 15:25:28.028591 sent 2024-12-11 15:25:28.015567
INFO:Message received on topic: type-2/28 with payload size: 91 at 2024-12-11 15:25:30.631151 sent 2024-12-11 15:25:30.620914
INFO:Message received on topic: type-2/28 with payload size: 91 at 2024-12-11 15:25:33.244609 sent 2024-12-11 15:25:33.230982
INFO:Message received on topic: type-2/28 with payload size: 91 at 2024-12-11 15:25:35.846517 sent 2024-12-11 15:25:35.841146
INFO:Message received on topic: type-2/28 with payload size: 91 at 2024-12-11 15:25:38.489073 sent 2024-12-11 15:25:38.448553
INFO:Message received on topic: type-2/28 with payload size: 91 at 2024-12-11 15:25:41.117130 sent 2024-12-11 15:25:41.054658
INFO:Message received on topic: type-2/28 with payload size: 91 at 2024-12-11 15:25:43.706217 sent 2024-12-11 15:25:43.663677
INFO:Message received on topic: type-2/28 with payload size: 91 at 2024-12-11 15:25:46.297643 sent 2024-12-11 15:25:46.270984
INFO:Message received on topic: type-2/28 with payload size: 91 at 2024-12-11 15:25:48.904939 sent 2024-12-11 15:25:48.877240
INFO:Message received on topic: type-2/28 with payload size: 91 at 2024-12-11 15:25:51.507488 sent 2024-12-11 15:25:51.482601
INFO:Message received on topic: type-2/28 with payload size: 91 at 2024-12-11 15:25:54.102986 sent 2024-12-11 15:25:54.087669
INFO:Message received on topic: type-2/28 with payload size: 91 at 2024-12-11 15:25:56.701641 sent 2024-12-11 15:25:56.692683
INFO:Message received on topic: type-2/28 with payload size: 91 at 2024-12-11 15:25:59.327698 sent 2024-12-11 15:25:59.310393
INFO:Message received on topic: type-2/28 with payload size: 91 at 2024-12-11 15:26:01.934628 sent 2024-12-11 15:26:01.921690
INFO:Message received on topic: type-2/28 with payload size: 91 at 2024-12-11 15:26:04.547685 sent 2024-12-11 15:26:04.537708
INFO:Message received on topic: type-2/28 with payload size: 91 at 2024-12-11 15:26:07.202833 sent 2024-12-11 15:26:07.151176
INFO:Message received on topic: type-2/28 with payload size: 91 at 2024-12-11 15:26:09.798013 sent 2024-12-11 15:26:09.754563
INFO:Message received on topic: type-2/28 with payload size: 91 at 2024-12-11 15:26:12.345956 sent 2024-12-11 15:26:12.340442
INFO:Message received on topic: type-2/28 with payload size: 91 at 2024-12-11 15:26:14.935043 sent 2024-12-11 15:26:14.928414
INFO:Message received on topic: type-2/28 with payload size: 91 at 2024-12-11 15:26:17.597464 sent 2024-12-11 15:26:17.514865
INFO:Message received on topic: type-2/28 with payload size: 91 at 2024-12-11 15:26:20.127900 sent 2024-12-11 15:26:20.107341
INFO:Message received on topic: type-2/28 with payload size: 91 at 2024-12-11 15:26:22.729881 sent 2024-12-11 15:26:22.715128
INFO:Message received on topic: type-2/28 with payload size: 91 at 2024-12-11 15:26:25.336037 sent 2024-12-11 15:26:25.318967
INFO:Message received on topic: type-2/28 with payload size: 91 at 2024-12-11 15:26:27.940980 sent 2024-12-11 15:26:27.924548
INFO:Message received on topic: type-2/28 with payload size: 91 at 2024-12-11 15:26:30.591504 sent 2024-12-11 15:26:30.534669
INFO:Message received on topic: type-2/28 with payload size: 91 at 2024-12-11 15:26:33.202677 sent 2024-12-11 15:26:33.152281
INFO:Message received on topic: type-2/28 with payload size: 91 at 2024-12-11 15:26:35.802155 sent 2024-12-11 15:26:35.759992
INFO:Message received on topic: type-2/28 with payload size: 91 at 2024-12-11 15:26:38.401297 sent 2024-12-11 15:26:38.364404
INFO:Message received on topic: type-2/28 with payload size: 91 at 2024-12-11 15:26:41.003242 sent 2024-12-11 15:26:40.974684
INFO:Message received on topic: type-2/28 with payload size: 91 at 2024-12-11 15:26:43.596667 sent 2024-12-11 15:26:43.577285
INFO:Message received on topic: type-2/28 with payload size: 91 at 2024-12-11 15:26:46.199504 sent 2024-12-11 15:26:46.182886
INFO:Message received on topic: type-2/28 with payload size: 91 at 2024-12-11 15:26:48.801054 sent 2024-12-11 15:26:48.794234
INFO:Message received on topic: type-2/28 with payload size: 91 at 2024-12-11 15:26:51.427543 sent 2024-12-11 15:26:51.402917
INFO:Message received on topic: type-2/28 with payload size: 91 at 2024-12-11 15:26:54.039079 sent 2024-12-11 15:26:54.011706
INFO:Message received on topic: type-2/28 with payload size: 91 at 2024-12-11 15:26:56.639467 sent 2024-12-11 15:26:56.616942
INFO:Message received on topic: type-2/28 with payload size: 91 at 2024-12-11 15:26:59.240202 sent 2024-12-11 15:26:59.226521
INFO:Message received on topic: type-2/28 with payload size: 91 at 2024-12-11 15:27:01.845490 sent 2024-12-11 15:27:01.834145
INFO:Message received on topic: type-2/28 with payload size: 91 at 2024-12-11 15:27:04.494668 sent 2024-12-11 15:27:04.440839
INFO:Message received on topic: type-2/28 with payload size: 91 at 2024-12-11 15:27:07.094417 sent 2024-12-11 15:27:07.048381
INFO:Message received on topic: type-2/28 with payload size: 91 at 2024-12-11 15:27:09.735756 sent 2024-12-11 15:27:09.659380
INFO:Message received on topic: type-2/28 with payload size: 91 at 2024-12-11 15:27:12.296062 sent 2024-12-11 15:27:12.267601
INFO:Message received on topic: type-2/28 with payload size: 91 at 2024-12-11 15:27:14.901635 sent 2024-12-11 15:27:14.870825
INFO:Message received on topic: type-2/28 with payload size: 91 at 2024-12-11 15:27:17.498624 sent 2024-12-11 15:27:17.476876
INFO:Message received on topic: type-2/28 with payload size: 91 at 2024-12-11 15:27:20.100675 sent 2024-12-11 15:27:20.081046
INFO:Message received on topic: type-2/28 with payload size: 91 at 2024-12-11 15:27:22.728454 sent 2024-12-11 15:27:22.687950
INFO:Message received on topic: type-2/28 with payload size: 91 at 2024-12-11 15:27:25.330283 sent 2024-12-11 15:27:25.293640
INFO:Message received on topic: type-2/28 with payload size: 91 at 2024-12-11 15:27:27.932068 sent 2024-12-11 15:27:27.898822
INFO:Message received on topic: type-2/28 with payload size: 91 at 2024-12-11 15:27:30.538116 sent 2024-12-11 15:27:30.507105
INFO:Message received on topic: type-2/28 with payload size: 91 at 2024-12-11 15:27:33.140993 sent 2024-12-11 15:27:33.119109
INFO:Message received on topic: type-2/28 with payload size: 91 at 2024-12-11 15:27:35.746979 sent 2024-12-11 15:27:35.733057
INFO:Message received on topic: type-2/28 with payload size: 91 at 2024-12-11 15:27:38.343985 sent 2024-12-11 15:27:38.340261
INFO:Message received on topic: type-2/28 with payload size: 91 at 2024-12-11 15:27:40.956900 sent 2024-12-11 15:27:40.950402
INFO:Message received on topic: type-2/28 with payload size: 91 at 2024-12-11 15:27:43.557695 sent 2024-12-11 15:27:43.554300
INFO:Message received on topic: type-2/28 with payload size: 91 at 2024-12-11 15:27:46.192686 sent 2024-12-11 15:27:46.159455
INFO:Message received on topic: type-2/28 with payload size: 91 at 2024-12-11 15:27:48.795904 sent 2024-12-11 15:27:48.761461
INFO:Message received on topic: type-2/28 with payload size: 91 at 2024-12-11 15:27:51.396385 sent 2024-12-11 15:27:51.366976
INFO:Message received on topic: type-2/28 with payload size: 91 at 2024-12-11 15:27:53.996764 sent 2024-12-11 15:27:53.972524
INFO:Message received on topic: type-2/28 with payload size: 91 at 2024-12-11 15:27:56.633063 sent 2024-12-11 15:27:56.576459
INFO:Message received on topic: type-2/28 with payload size: 91 at 2024-12-11 15:27:59.238077 sent 2024-12-11 15:27:59.180921
INFO:Message received on topic: type-2/28 with payload size: 91 at 2024-12-11 15:28:01.830526 sent 2024-12-11 15:28:01.788122
INFO:Message received on topic: type-2/28 with payload size: 91 at 2024-12-11 15:28:04.432256 sent 2024-12-11 15:28:04.395002
INFO:Message received on topic: type-2/28 with payload size: 91 at 2024-12-11 15:28:07.043107 sent 2024-12-11 15:28:07.003712
INFO:Message received on topic: type-2/28 with payload size: 91 at 2024-12-11 15:28:09.633576 sent 2024-12-11 15:28:09.610887
INFO:Message received on topic: type-2/28 with payload size: 91 at 2024-12-11 15:28:12.238145 sent 2024-12-11 15:28:12.219635
INFO:Message received on topic: type-2/28 with payload size: 91 at 2024-12-11 15:28:14.838736 sent 2024-12-11 15:28:14.827142
INFO:Message received on topic: type-2/28 with payload size: 91 at 2024-12-11 15:28:17.450191 sent 2024-12-11 15:28:17.437215
INFO:Message received on topic: type-2/28 with payload size: 91 at 2024-12-11 15:28:20.089961 sent 2024-12-11 15:28:20.048451
INFO:Message received on topic: type-2/28 with payload size: 91 at 2024-12-11 15:28:22.690713 sent 2024-12-11 15:28:22.659274
INFO:Message received on topic: type-2/28 with payload size: 91 at 2024-12-11 15:28:25.299092 sent 2024-12-11 15:28:25.262121
INFO:Message received on topic: type-2/28 with payload size: 91 at 2024-12-11 15:28:27.900855 sent 2024-12-11 15:28:27.872452
INFO:Message received on topic: type-2/28 with payload size: 91 at 2024-12-11 15:28:30.499091 sent 2024-12-11 15:28:30.485171
INFO:Message received on topic: type-2/28 with payload size: 91 at 2024-12-11 15:28:33.101124 sent 2024-12-11 15:28:33.091467
INFO:Message received on topic: type-2/28 with payload size: 91 at 2024-12-11 15:28:35.734306 sent 2024-12-11 15:28:35.702449
INFO:Message received on topic: type-2/28 with payload size: 91 at 2024-12-11 15:28:38.336705 sent 2024-12-11 15:28:38.309608
INFO:Message received on topic: type-2/28 with payload size: 91 at 2024-12-11 15:28:40.944197 sent 2024-12-11 15:28:40.918236
INFO:Message received on topic: type-2/28 with payload size: 91 at 2024-12-11 15:28:43.536967 sent 2024-12-11 15:28:43.524497
INFO:Message received on topic: type-2/28 with payload size: 91 at 2024-12-11 15:28:46.142026 sent 2024-12-11 15:28:46.127469
INFO:Message received on topic: type-2/28 with payload size: 91 at 2024-12-11 15:28:48.740471 sent 2024-12-11 15:28:48.734006
INFO:Message received on topic: type-2/28 with payload size: 91 at 2024-12-11 15:28:51.348507 sent 2024-12-11 15:28:51.344758
INFO:Message received on topic: type-2/28 with payload size: 91 at 2024-12-11 15:28:53.997781 sent 2024-12-11 15:28:53.954125
INFO:Message received on topic: type-2/28 with payload size: 91 at 2024-12-11 15:28:56.597247 sent 2024-12-11 15:28:56.561648
INFO:Message received on topic: type-2/28 with payload size: 91 at 2024-12-11 15:28:59.200560 sent 2024-12-11 15:28:59.171713
INFO:Message received on topic: type-2/28 with payload size: 91 at 2024-12-11 15:29:01.800474 sent 2024-12-11 15:29:01.779368
INFO:Message received on topic: type-2/28 with payload size: 91 at 2024-12-11 15:29:04.399057 sent 2024-12-11 15:29:04.390658
INFO:Message received on topic: type-2/28 with payload size: 91 at 2024-12-11 15:29:07.000125 sent 2024-12-11 15:29:06.994100
INFO:Message received on topic: type-2/28 with payload size: 91 at 2024-12-11 15:29:09.630145 sent 2024-12-11 15:29:09.598737
INFO:Message received on topic: type-2/28 with payload size: 91 at 2024-12-11 15:29:12.234648 sent 2024-12-11 15:29:12.209747
INFO:Message received on topic: type-2/28 with payload size: 91 at 2024-12-11 15:29:14.835553 sent 2024-12-11 15:29:14.814082
INFO:Message received on topic: type-2/28 with payload size: 91 at 2024-12-11 15:29:17.434828 sent 2024-12-11 15:29:17.418671
INFO:Message received on topic: type-2/28 with payload size: 91 at 2024-12-11 15:29:20.093095 sent 2024-12-11 15:29:20.028190
INFO:Message received on topic: type-2/28 with payload size: 91 at 2024-12-11 15:29:22.643264 sent 2024-12-11 15:29:22.635472
INFO:Message received on topic: type-2/28 with payload size: 91 at 2024-12-11 15:29:25.244949 sent 2024-12-11 15:29:25.241190
INFO:Message received on topic: type-2/28 with payload size: 91 at 2024-12-11 15:29:27.895676 sent 2024-12-11 15:29:27.850530
INFO:Message received on topic: type-2/28 with payload size: 91 at 2024-12-11 15:29:30.497441 sent 2024-12-11 15:29:30.463169
INFO:Message received on topic: type-2/28 with payload size: 91 at 2024-12-11 15:29:33.146887 sent 2024-12-11 15:29:33.072362
INFO:Message received on topic: type-2/28 with payload size: 91 at 2024-12-11 15:29:35.700726 sent 2024-12-11 15:29:35.682389
INFO:Message received on topic: type-2/28 with payload size: 91 at 2024-12-11 15:29:38.333127 sent 2024-12-11 15:29:38.299646
INFO:Message received on topic: type-2/28 with payload size: 91 at 2024-12-11 15:29:40.944200 sent 2024-12-11 15:29:40.904599
INFO:Message received on topic: type-2/28 with payload size: 91 at 2024-12-11 15:29:43.543032 sent 2024-12-11 15:29:43.511877
INFO:Message received on topic: type-2/28 with payload size: 91 at 2024-12-11 15:29:46.132625 sent 2024-12-11 15:29:46.114267
INFO:Message received on topic: type-2/28 with payload size: 91 at 2024-12-11 15:29:48.730949 sent 2024-12-11 15:29:48.721487
INFO:Message received on topic: type-2/28 with payload size: 91 at 2024-12-11 15:29:51.338031 sent 2024-12-11 15:29:51.326750
INFO:Message received on topic: type-2/28 with payload size: 91 at 2024-12-11 15:29:53.941693 sent 2024-12-11 15:29:53.936808
INFO:Message received on topic: type-2/28 with payload size: 91 at 2024-12-11 15:29:56.548484 sent 2024-12-11 15:29:56.540679
INFO:Message received on topic: type-2/28 with payload size: 91 at 2024-12-11 15:29:59.153156 sent 2024-12-11 15:29:59.148673
INFO:Message received on topic: type-2/28 with payload size: 91 at 2024-12-11 15:30:01.796102 sent 2024-12-11 15:30:01.759873
INFO:Message received on topic: type-2/28 with payload size: 91 at 2024-12-11 15:30:04.395469 sent 2024-12-11 15:30:04.365684
INFO:Message received on topic: type-2/28 with payload size: 91 at 2024-12-11 15:30:07.027950 sent 2024-12-11 15:30:06.970420
INFO:Message received on topic: type-2/28 with payload size: 91 at 2024-12-11 15:30:09.599489 sent 2024-12-11 15:30:09.575827
INFO:Message received on topic: type-2/28 with payload size: 91 at 2024-12-11 15:30:12.199788 sent 2024-12-11 15:30:12.190153
INFO:Message received on topic: type-2/28 with payload size: 91 at 2024-12-11 15:30:14.843745 sent 2024-12-11 15:30:14.800355
INFO:Message received on topic: type-2/28 with payload size: 91 at 2024-12-11 15:30:17.439950 sent 2024-12-11 15:30:17.407813
INFO:Message received on topic: type-2/28 with payload size: 91 at 2024-12-11 15:30:20.039528 sent 2024-12-11 15:30:20.014774
INFO:Message received on topic: type-2/28 with payload size: 91 at 2024-12-11 15:30:22.637482 sent 2024-12-11 15:30:22.620219
INFO:Message received on topic: type-2/28 with payload size: 91 at 2024-12-11 15:30:25.239477 sent 2024-12-11 15:30:25.230751
INFO:Message received on topic: type-2/28 with payload size: 91 at 2024-12-11 15:30:27.842523 sent 2024-12-11 15:30:27.837820
INFO:Message received on topic: type-2/28 with payload size: 91 at 2024-12-11 15:30:30.491212 sent 2024-12-11 15:30:30.447155
INFO:Message received on topic: type-2/28 with payload size: 91 at 2024-12-11 15:30:33.102814 sent 2024-12-11 15:30:33.058614
INFO:Message received on topic: type-2/28 with payload size: 91 at 2024-12-11 15:30:35.701288 sent 2024-12-11 15:30:35.672037
INFO:Message received on topic: type-2/28 with payload size: 91 at 2024-12-11 15:30:38.301651 sent 2024-12-11 15:30:38.282620
INFO:Message received on topic: type-2/28 with payload size: 91 at 2024-12-11 15:30:40.930231 sent 2024-12-11 15:30:40.894374
INFO:Message received on topic: type-2/28 with payload size: 91 at 2024-12-11 15:30:43.535758 sent 2024-12-11 15:30:43.501118
INFO:Message received on topic: type-2/28 with payload size: 91 at 2024-12-11 15:30:46.137555 sent 2024-12-11 15:30:46.107490
INFO:Message received on topic: type-2/28 with payload size: 91 at 2024-12-11 15:30:48.745463 sent 2024-12-11 15:30:48.712682
INFO:Message received on topic: type-2/28 with payload size: 91 at 2024-12-11 15:30:51.340353 sent 2024-12-11 15:30:51.319107
INFO:Message received on topic: type-2/28 with payload size: 91 at 2024-12-11 15:30:53.940465 sent 2024-12-11 15:30:53.925529
INFO:Message received on topic: type-2/28 with payload size: 91 at 2024-12-11 15:30:56.546114 sent 2024-12-11 15:30:56.533729
INFO:Message received on topic: type-2/28 with payload size: 91 at 2024-12-11 15:30:59.249138 sent 2024-12-11 15:30:59.150268
INFO:Message received on topic: type-2/28 with payload size: 91 at 2024-12-11 15:31:01.799443 sent 2024-12-11 15:31:01.759145
INFO:Message received on topic: type-2/28 with payload size: 91 at 2024-12-11 15:31:04.402980 sent 2024-12-11 15:31:04.365647
INFO:Message received on topic: type-2/28 with payload size: 91 at 2024-12-11 15:31:06.995961 sent 2024-12-11 15:31:06.973727
INFO:Message received on topic: type-2/28 with payload size: 91 at 2024-12-11 15:31:09.637967 sent 2024-12-11 15:31:09.579558
INFO:Message received on topic: type-2/28 with payload size: 91 at 2024-12-11 15:31:12.200140 sent 2024-12-11 15:31:12.185876
INFO:Message received on topic: type-2/28 with payload size: 91 at 2024-12-11 15:31:14.834441 sent 2024-12-11 15:31:14.796807
INFO:Message received on topic: type-2/28 with payload size: 91 at 2024-12-11 15:31:17.436927 sent 2024-12-11 15:31:17.402230
INFO:Message received on topic: type-2/28 with payload size: 91 at 2024-12-11 15:31:20.041867 sent 2024-12-11 15:31:20.009569
INFO:Message received on topic: type-2/28 with payload size: 91 at 2024-12-11 15:31:22.639485 sent 2024-12-11 15:31:22.616408
INFO:Message received on topic: type-2/28 with payload size: 91 at 2024-12-11 15:31:25.232250 sent 2024-12-11 15:31:25.221204
INFO:Message received on topic: type-2/28 with payload size: 91 at 2024-12-11 15:31:27.844092 sent 2024-12-11 15:31:27.825470
INFO:Message received on topic: type-2/28 with payload size: 91 at 2024-12-11 15:31:30.444996 sent 2024-12-11 15:31:30.437064
INFO:Message received on topic: type-2/28 with payload size: 91 at 2024-12-11 15:31:33.101504 sent 2024-12-11 15:31:33.046618
INFO:Message received on topic: type-2/28 with payload size: 91 at 2024-12-11 15:31:35.692714 sent 2024-12-11 15:31:35.655339
INFO:Message received on topic: type-2/28 with payload size: 91 at 2024-12-11 15:31:38.298033 sent 2024-12-11 15:31:38.260360
INFO:Message received on topic: type-2/28 with payload size: 91 at 2024-12-11 15:31:40.941822 sent 2024-12-11 15:31:40.866873
INFO:Message received on topic: type-2/28 with payload size: 91 at 2024-12-11 15:31:43.497542 sent 2024-12-11 15:31:43.471656
INFO:Message received on topic: type-2/28 with payload size: 91 at 2024-12-11 15:31:46.101150 sent 2024-12-11 15:31:46.079853
INFO:Message received on topic: type-2/28 with payload size: 91 at 2024-12-11 15:31:48.696165 sent 2024-12-11 15:31:48.688904
INFO:Message received on topic: type-2/28 with payload size: 91 at 2024-12-11 15:31:51.331701 sent 2024-12-11 15:31:51.297659
INFO:Message received on topic: type-2/28 with payload size: 91 at 2024-12-11 15:31:53.932130 sent 2024-12-11 15:31:53.905319
INFO:Message received on topic: type-2/28 with payload size: 91 at 2024-12-11 15:31:56.543615 sent 2024-12-11 15:31:56.510576
INFO:Message received on topic: type-2/28 with payload size: 91 at 2024-12-11 15:31:59.141880 sent 2024-12-11 15:31:59.119064
INFO:Message received on topic: type-2/28 with payload size: 91 at 2024-12-11 15:32:01.740141 sent 2024-12-11 15:32:01.728246
INFO:Message received on topic: type-2/28 with payload size: 91 at 2024-12-11 15:32:04.343861 sent 2024-12-11 15:32:04.335799
INFO:Message received on topic: type-2/28 with payload size: 91 at 2024-12-11 15:32:06.994282 sent 2024-12-11 15:32:06.940944
INFO:Message received on topic: type-2/28 with payload size: 91 at 2024-12-11 15:32:09.589923 sent 2024-12-11 15:32:09.548647
INFO:Message received on topic: type-2/28 with payload size: 91 at 2024-12-11 15:32:12.203127 sent 2024-12-11 15:32:12.157179
INFO:Message received on topic: type-2/28 with payload size: 91 at 2024-12-11 15:32:14.800437 sent 2024-12-11 15:32:14.762991
INFO:Message received on topic: type-2/28 with payload size: 91 at 2024-12-11 15:32:17.403471 sent 2024-12-11 15:32:17.371904
INFO:Message received on topic: type-2/28 with payload size: 91 at 2024-12-11 15:32:20.004482 sent 2024-12-11 15:32:19.980811
INFO:Message received on topic: type-2/28 with payload size: 91 at 2024-12-11 15:32:22.599971 sent 2024-12-11 15:32:22.588658
INFO:Message received on topic: type-2/28 with payload size: 91 at 2024-12-11 15:32:25.230229 sent 2024-12-11 15:32:25.196187
INFO:Message received on topic: type-2/28 with payload size: 91 at 2024-12-11 15:32:27.832561 sent 2024-12-11 15:32:27.801796
INFO:Message received on topic: type-2/28 with payload size: 91 at 2024-12-11 15:32:30.433720 sent 2024-12-11 15:32:30.409978
INFO:Message received on topic: type-2/28 with payload size: 91 at 2024-12-11 15:32:33.037682 sent 2024-12-11 15:32:33.020589
INFO:Message received on topic: type-2/28 with payload size: 91 at 2024-12-11 15:32:35.638904 sent 2024-12-11 15:32:35.626426
INFO:Message received on topic: type-2/28 with payload size: 91 at 2024-12-11 15:32:38.246798 sent 2024-12-11 15:32:38.235924
INFO:Message received on topic: type-2/28 with payload size: 91 at 2024-12-11 15:32:40.893798 sent 2024-12-11 15:32:40.839858
INFO:Message received on topic: type-2/28 with payload size: 91 at 2024-12-11 15:32:43.494545 sent 2024-12-11 15:32:43.444115
INFO:Message received on topic: type-2/28 with payload size: 91 at 2024-12-11 15:32:46.106573 sent 2024-12-11 15:32:46.049151
INFO:Message received on topic: type-2/28 with payload size: 91 at 2024-12-11 15:32:48.701547 sent 2024-12-11 15:32:48.654503
INFO:Message received on topic: type-2/28 with payload size: 91 at 2024-12-11 15:32:51.304629 sent 2024-12-11 15:32:51.258589
INFO:Message received on topic: type-2/28 with payload size: 91 at 2024-12-11 15:32:53.897161 sent 2024-12-11 15:32:53.861809
INFO:Message received on topic: type-2/28 with payload size: 91 at 2024-12-11 15:32:56.504009 sent 2024-12-11 15:32:56.465445
INFO:Message received on topic: type-2/28 with payload size: 91 at 2024-12-11 15:32:59.097853 sent 2024-12-11 15:32:59.069499
INFO:Message received on topic: type-2/28 with payload size: 91 at 2024-12-11 15:33:01.696146 sent 2024-12-11 15:33:01.675208
INFO:Message received on topic: type-2/28 with payload size: 91 at 2024-12-11 15:33:04.298358 sent 2024-12-11 15:33:04.273667
INFO:Message received on topic: type-2/28 with payload size: 91 at 2024-12-11 15:33:06.901812 sent 2024-12-11 15:33:06.857113
INFO:Message received on topic: type-2/28 with payload size: 91 at 2024-12-11 15:33:09.444951 sent 2024-12-11 15:33:09.439637
INFO:Message received on topic: type-2/28 with payload size: 91 at 2024-12-11 15:33:12.031054 sent 2024-12-11 15:33:12.024522
INFO:Message received on topic: type-2/28 with payload size: 91 at 2024-12-11 15:33:14.632972 sent 2024-12-11 15:33:14.619268
INFO:Message received on topic: type-2/28 with payload size: 91 at 2024-12-11 15:33:17.230042 sent 2024-12-11 15:33:17.218633
INFO:Message received on topic: type-2/28 with payload size: 91 at 2024-12-11 15:33:19.830011 sent 2024-12-11 15:33:19.817574
INFO:Message received on topic: type-2/28 with payload size: 91 at 2024-12-11 15:33:22.432512 sent 2024-12-11 15:33:22.416972
INFO:Message received on topic: type-2/28 with payload size: 91 at 2024-12-11 15:33:25.034612 sent 2024-12-11 15:33:25.017388
INFO:Message received on topic: type-2/28 with payload size: 91 at 2024-12-11 15:33:27.630657 sent 2024-12-11 15:33:27.621087
INFO:Message received on topic: type-2/28 with payload size: 91 at 2024-12-11 15:33:30.235490 sent 2024-12-11 15:33:30.221425
INFO:Message received on topic: type-2/28 with payload size: 91 at 2024-12-11 15:33:32.829878 sent 2024-12-11 15:33:32.822806
INFO:Message received on topic: type-2/28 with payload size: 91 at 2024-12-11 15:33:35.434083 sent 2024-12-11 15:33:35.423617
INFO:Message received on topic: type-2/28 with payload size: 91 at 2024-12-11 15:33:38.032576 sent 2024-12-11 15:33:38.027721
INFO:Message received on topic: type-2/28 with payload size: 91 at 2024-12-11 15:33:40.640908 sent 2024-12-11 15:33:40.631413
INFO:Message received on topic: type-2/28 with payload size: 91 at 2024-12-11 15:33:43.236954 sent 2024-12-11 15:33:43.233966
INFO:Message received on topic: type-2/28 with payload size: 91 at 2024-12-11 15:33:45.836785 sent 2024-12-11 15:33:45.835144
INFO:Message received on topic: type-2/28 with payload size: 91 at 2024-12-11 15:33:48.442104 sent 2024-12-11 15:33:48.440792
INFO:Message received on topic: type-2/28 with payload size: 91 at 2024-12-11 15:33:51.047601 sent 2024-12-11 15:33:51.046132
