INFO:Starting Version 1.0.5
DEBUG:Using selector: EpollSelector
INFO:Connecting to cluster at: mqtt-quic://emqx-headless.dtwins:14567 using QUIC
INFO:Subscribed to topic: type-2/7
INFO:Logging each: 50
INFO:Unhandled packet type received
INFO:Message received on topic: type-2/7 with payload size: 91 at 2024-12-11 07:34:01.723654 sent 2024-12-11 07:34:01.721880
INFO:Message received on topic: type-2/7 with payload size: 91 at 2024-12-11 07:34:04.323206 sent 2024-12-11 07:34:04.321773
INFO:Message received on topic: type-2/7 with payload size: 91 at 2024-12-11 07:34:06.920461 sent 2024-12-11 07:34:06.919013
INFO:Message received on topic: type-2/7 with payload size: 91 at 2024-12-11 07:34:09.515953 sent 2024-12-11 07:34:09.514594
INFO:Message received on topic: type-2/7 with payload size: 91 at 2024-12-11 07:34:12.115874 sent 2024-12-11 07:34:12.114515
INFO:Message received on topic: type-2/7 with payload size: 91 at 2024-12-11 07:34:14.713529 sent 2024-12-11 07:34:14.712264
INFO:Message received on topic: type-2/7 with payload size: 91 at 2024-12-11 07:34:17.348978 sent 2024-12-11 07:34:17.311803
INFO:Message received on topic: type-2/7 with payload size: 91 at 2024-12-11 07:34:19.911011 sent 2024-12-11 07:34:19.909514
INFO:Message received on topic: type-2/7 with payload size: 91 at 2024-12-11 07:34:22.539476 sent 2024-12-11 07:34:22.510289
INFO:Message received on topic: type-2/7 with payload size: 91 at 2024-12-11 07:34:25.143249 sent 2024-12-11 07:34:25.109153
INFO:Message received on topic: type-2/7 with payload size: 91 at 2024-12-11 07:34:27.710628 sent 2024-12-11 07:34:27.709436
INFO:Message received on topic: type-2/7 with payload size: 91 at 2024-12-11 07:34:30.339174 sent 2024-12-11 07:34:30.308639
INFO:Message received on topic: type-2/7 with payload size: 91 at 2024-12-11 07:34:32.945040 sent 2024-12-11 07:34:32.909255
INFO:Message received on topic: type-2/7 with payload size: 91 at 2024-12-11 07:34:35.542317 sent 2024-12-11 07:34:35.507613
INFO:Message received on topic: type-2/7 with payload size: 91 at 2024-12-11 07:34:38.157472 sent 2024-12-11 07:34:38.105743
INFO:Message received on topic: type-2/7 with payload size: 91 at 2024-12-11 07:34:40.754815 sent 2024-12-11 07:34:40.709414
INFO:Message received on topic: type-2/7 with payload size: 91 at 2024-12-11 07:34:43.358911 sent 2024-12-11 07:34:43.322501
INFO:Message received on topic: type-2/7 with payload size: 91 at 2024-12-11 07:34:45.956606 sent 2024-12-11 07:34:45.929535
INFO:Message received on topic: type-2/7 with payload size: 91 at 2024-12-11 07:34:48.551150 sent 2024-12-11 07:34:48.533394
INFO:Message received on topic: type-2/7 with payload size: 91 at 2024-12-11 07:34:51.155225 sent 2024-12-11 07:34:51.138153
INFO:Message received on topic: type-2/7 with payload size: 91 at 2024-12-11 07:34:53.753828 sent 2024-12-11 07:34:53.733224
INFO:Message received on topic: type-2/7 with payload size: 91 at 2024-12-11 07:34:56.360977 sent 2024-12-11 07:34:56.336090
INFO:Message received on topic: type-2/7 with payload size: 91 at 2024-12-11 07:34:58.955234 sent 2024-12-11 07:34:58.941057
INFO:Message received on topic: type-2/7 with payload size: 91 at 2024-12-11 07:35:01.555935 sent 2024-12-11 07:35:01.545547
INFO:Message received on topic: type-2/7 with payload size: 91 at 2024-12-11 07:35:04.155790 sent 2024-12-11 07:35:04.149137
INFO:Message received on topic: type-2/7 with payload size: 91 at 2024-12-11 07:35:06.759729 sent 2024-12-11 07:35:06.756279
INFO:Message received on topic: type-2/7 with payload size: 91 at 2024-12-11 07:35:09.362946 sent 2024-12-11 07:35:09.347606
INFO:Message received on topic: type-2/7 with payload size: 91 at 2024-12-11 07:35:11.968745 sent 2024-12-11 07:35:11.949508
INFO:Message received on topic: type-2/7 with payload size: 91 at 2024-12-11 07:35:14.550341 sent 2024-12-11 07:35:14.543006
INFO:Message received on topic: type-2/7 with payload size: 91 at 2024-12-11 07:35:17.155667 sent 2024-12-11 07:35:17.126371
INFO:Message received on topic: type-2/7 with payload size: 91 at 2024-12-11 07:35:19.755393 sent 2024-12-11 07:35:19.712341
INFO:Message received on topic: type-2/7 with payload size: 91 at 2024-12-11 07:35:22.295495 sent 2024-12-11 07:35:22.294476
INFO:Message received on topic: type-2/7 with payload size: 91 at 2024-12-11 07:35:24.900016 sent 2024-12-11 07:35:24.898651
INFO:Message received on topic: type-2/7 with payload size: 91 at 2024-12-11 07:35:27.500806 sent 2024-12-11 07:35:27.499510
INFO:Message received on topic: type-2/7 with payload size: 91 at 2024-12-11 07:35:30.103195 sent 2024-12-11 07:35:30.101860
INFO:Message received on topic: type-2/7 with payload size: 91 at 2024-12-11 07:35:32.704741 sent 2024-12-11 07:35:32.702646
INFO:Message received on topic: type-2/7 with payload size: 91 at 2024-12-11 07:35:35.308009 sent 2024-12-11 07:35:35.306554
INFO:Message received on topic: type-2/7 with payload size: 91 at 2024-12-11 07:35:37.963913 sent 2024-12-11 07:35:37.898882
INFO:Message received on topic: type-2/7 with payload size: 91 at 2024-12-11 07:35:40.552969 sent 2024-12-11 07:35:40.501792
INFO:Message received on topic: type-2/7 with payload size: 91 at 2024-12-11 07:35:43.116667 sent 2024-12-11 07:35:43.102489
INFO:Message received on topic: type-2/7 with payload size: 91 at 2024-12-11 07:35:45.768557 sent 2024-12-11 07:35:45.705765
INFO:Message received on topic: type-2/7 with payload size: 91 at 2024-12-11 07:35:48.356402 sent 2024-12-11 07:35:48.308427
INFO:Message received on topic: type-2/7 with payload size: 91 at 2024-12-11 07:35:50.958082 sent 2024-12-11 07:35:50.909969
INFO:Message received on topic: type-2/7 with payload size: 91 at 2024-12-11 07:35:53.557637 sent 2024-12-11 07:35:53.514181
INFO:Message received on topic: type-2/7 with payload size: 91 at 2024-12-11 07:35:56.154001 sent 2024-12-11 07:35:56.115533
INFO:Message received on topic: type-2/7 with payload size: 91 at 2024-12-11 07:35:58.757952 sent 2024-12-11 07:35:58.716038
INFO:Message received on topic: type-2/7 with payload size: 91 at 2024-12-11 07:36:01.356291 sent 2024-12-11 07:36:01.319528
INFO:Message received on topic: type-2/7 with payload size: 91 at 2024-12-11 07:36:03.951208 sent 2024-12-11 07:36:03.924076
INFO:Message received on topic: type-2/7 with payload size: 91 at 2024-12-11 07:36:06.565684 sent 2024-12-11 07:36:06.525840
INFO:Message received on topic: type-2/7 with payload size: 91 at 2024-12-11 07:36:09.153763 sent 2024-12-11 07:36:09.130111
INFO:Message received on topic: type-2/7 with payload size: 91 at 2024-12-11 07:36:11.758194 sent 2024-12-11 07:36:11.734516
INFO:Message received on topic: type-2/7 with payload size: 91 at 2024-12-11 07:36:14.358677 sent 2024-12-11 07:36:14.339104
INFO:Message received on topic: type-2/7 with payload size: 91 at 2024-12-11 07:36:16.963707 sent 2024-12-11 07:36:16.942651
INFO:Message received on topic: type-2/7 with payload size: 91 at 2024-12-11 07:36:19.555206 sent 2024-12-11 07:36:19.546393
INFO:Message received on topic: type-2/7 with payload size: 91 at 2024-12-11 07:36:22.163142 sent 2024-12-11 07:36:22.151959
INFO:Message received on topic: type-2/7 with payload size: 91 at 2024-12-11 07:36:24.760038 sent 2024-12-11 07:36:24.755720
INFO:Message received on topic: type-2/7 with payload size: 91 at 2024-12-11 07:36:27.368101 sent 2024-12-11 07:36:27.360596
INFO:Message received on topic: type-2/7 with payload size: 91 at 2024-12-11 07:36:29.967785 sent 2024-12-11 07:36:29.955783
INFO:Message received on topic: type-2/7 with payload size: 91 at 2024-12-11 07:36:32.569507 sent 2024-12-11 07:36:32.563753
INFO:Message received on topic: type-2/7 with payload size: 91 at 2024-12-11 07:36:35.171419 sent 2024-12-11 07:36:35.169501
INFO:Message received on topic: type-2/7 with payload size: 91 at 2024-12-11 07:36:37.776230 sent 2024-12-11 07:36:37.773259
INFO:Message received on topic: type-2/7 with payload size: 91 at 2024-12-11 07:36:40.389220 sent 2024-12-11 07:36:40.377196
INFO:Message received on topic: type-2/7 with payload size: 91 at 2024-12-11 07:36:42.984478 sent 2024-12-11 07:36:42.982721
INFO:Message received on topic: type-2/7 with payload size: 91 at 2024-12-11 07:36:45.594073 sent 2024-12-11 07:36:45.587458
INFO:Message received on topic: type-2/7 with payload size: 91 at 2024-12-11 07:36:48.191022 sent 2024-12-11 07:36:48.189320
INFO:Message received on topic: type-2/7 with payload size: 91 at 2024-12-11 07:36:50.788594 sent 2024-12-11 07:36:50.786842
INFO:Message received on topic: type-2/7 with payload size: 91 at 2024-12-11 07:36:53.390553 sent 2024-12-11 07:36:53.389181
INFO:Message received on topic: type-2/7 with payload size: 91 at 2024-12-11 07:36:55.993443 sent 2024-12-11 07:36:55.992106
INFO:Message received on topic: type-2/7 with payload size: 91 at 2024-12-11 07:36:58.653393 sent 2024-12-11 07:36:58.593604
INFO:Message received on topic: type-2/7 with payload size: 91 at 2024-12-11 07:37:01.241869 sent 2024-12-11 07:37:01.201151
INFO:Message received on topic: type-2/7 with payload size: 91 at 2024-12-11 07:37:03.847835 sent 2024-12-11 07:37:03.803025
INFO:Message received on topic: type-2/7 with payload size: 91 at 2024-12-11 07:37:06.440561 sent 2024-12-11 07:37:06.404218
INFO:Message received on topic: type-2/7 with payload size: 91 at 2024-12-11 07:37:09.041994 sent 2024-12-11 07:37:09.008880
INFO:Message received on topic: type-2/7 with payload size: 91 at 2024-12-11 07:37:11.650576 sent 2024-12-11 07:37:11.612046
INFO:Message received on topic: type-2/7 with payload size: 91 at 2024-12-11 07:37:14.239256 sent 2024-12-11 07:37:14.215583
INFO:Message received on topic: type-2/7 with payload size: 91 at 2024-12-11 07:37:16.853922 sent 2024-12-11 07:37:16.816686
INFO:Message received on topic: type-2/7 with payload size: 91 at 2024-12-11 07:37:19.439405 sent 2024-12-11 07:37:19.421039
INFO:Message received on topic: type-2/7 with payload size: 91 at 2024-12-11 07:37:22.043075 sent 2024-12-11 07:37:22.025023
INFO:Message received on topic: type-2/7 with payload size: 91 at 2024-12-11 07:37:24.650463 sent 2024-12-11 07:37:24.626480
INFO:Message received on topic: type-2/7 with payload size: 91 at 2024-12-11 07:37:27.242022 sent 2024-12-11 07:37:27.230111
INFO:Message received on topic: type-2/7 with payload size: 91 at 2024-12-11 07:37:29.843542 sent 2024-12-11 07:37:29.833404
INFO:Message received on topic: type-2/7 with payload size: 91 at 2024-12-11 07:37:32.443637 sent 2024-12-11 07:37:32.435296
INFO:Message received on topic: type-2/7 with payload size: 91 at 2024-12-11 07:37:35.043701 sent 2024-12-11 07:37:35.036216
INFO:Message received on topic: type-2/7 with payload size: 91 at 2024-12-11 07:37:37.643808 sent 2024-12-11 07:37:37.638425
INFO:Message received on topic: type-2/7 with payload size: 91 at 2024-12-11 07:37:40.252927 sent 2024-12-11 07:37:40.240514
INFO:Message received on topic: type-2/7 with payload size: 91 at 2024-12-11 07:37:42.854727 sent 2024-12-11 07:37:42.842407
INFO:Message received on topic: type-2/7 with payload size: 91 at 2024-12-11 07:37:45.452489 sent 2024-12-11 07:37:45.442498
INFO:Message received on topic: type-2/7 with payload size: 91 at 2024-12-11 07:37:48.064037 sent 2024-12-11 07:37:48.045202
INFO:Message received on topic: type-2/7 with payload size: 91 at 2024-12-11 07:37:50.660788 sent 2024-12-11 07:37:50.650110
INFO:Message received on topic: type-2/7 with payload size: 91 at 2024-12-11 07:37:53.261123 sent 2024-12-11 07:37:53.254635
INFO:Message received on topic: type-2/7 with payload size: 91 at 2024-12-11 07:37:55.865891 sent 2024-12-11 07:37:55.859397
INFO:Message received on topic: type-2/7 with payload size: 91 at 2024-12-11 07:37:58.467423 sent 2024-12-11 07:37:58.461688
INFO:Message received on topic: type-2/7 with payload size: 91 at 2024-12-11 07:38:01.073989 sent 2024-12-11 07:38:01.067784
INFO:Message received on topic: type-2/7 with payload size: 91 at 2024-12-11 07:38:03.680408 sent 2024-12-11 07:38:03.670301
INFO:Message received on topic: type-2/7 with payload size: 91 at 2024-12-11 07:38:06.269254 sent 2024-12-11 07:38:06.262346
INFO:Message received on topic: type-2/7 with payload size: 91 at 2024-12-11 07:38:08.871018 sent 2024-12-11 07:38:08.866601
INFO:Message received on topic: type-2/7 with payload size: 91 at 2024-12-11 07:38:11.473264 sent 2024-12-11 07:38:11.470455
INFO:Message received on topic: type-2/7 with payload size: 91 at 2024-12-11 07:38:14.075655 sent 2024-12-11 07:38:14.072464
INFO:Message received on topic: type-2/7 with payload size: 91 at 2024-12-11 07:38:16.678431 sent 2024-12-11 07:38:16.674991
INFO:Message received on topic: type-2/7 with payload size: 91 at 2024-12-11 07:38:19.279948 sent 2024-12-11 07:38:19.278651
INFO:Message received on topic: type-2/7 with payload size: 91 at 2024-12-11 07:38:21.886043 sent 2024-12-11 07:38:21.884449
INFO:Message received on topic: type-2/7 with payload size: 91 at 2024-12-11 07:38:24.491436 sent 2024-12-11 07:38:24.490426
INFO:Message received on topic: type-2/7 with payload size: 91 at 2024-12-11 07:38:27.152669 sent 2024-12-11 07:38:27.098469
INFO:Message received on topic: type-2/7 with payload size: 91 at 2024-12-11 07:38:29.704204 sent 2024-12-11 07:38:29.702885
INFO:Message received on topic: type-2/7 with payload size: 91 at 2024-12-11 07:38:32.360842 sent 2024-12-11 07:38:32.307239
INFO:Message received on topic: type-2/7 with payload size: 91 at 2024-12-11 07:38:34.960640 sent 2024-12-11 07:38:34.908253
INFO:Message received on topic: type-2/7 with payload size: 91 at 2024-12-11 07:38:37.510987 sent 2024-12-11 07:38:37.509603
INFO:Message received on topic: type-2/7 with payload size: 91 at 2024-12-11 07:38:40.155089 sent 2024-12-11 07:38:40.111863
INFO:Message received on topic: type-2/7 with payload size: 91 at 2024-12-11 07:38:42.755453 sent 2024-12-11 07:38:42.714571
INFO:Message received on topic: type-2/7 with payload size: 91 at 2024-12-11 07:38:45.358957 sent 2024-12-11 07:38:45.316212
INFO:Message received on topic: type-2/7 with payload size: 91 at 2024-12-11 07:38:47.963205 sent 2024-12-11 07:38:47.920117
INFO:Message received on topic: type-2/7 with payload size: 91 at 2024-12-11 07:38:50.553133 sent 2024-12-11 07:38:50.527299
INFO:Message received on topic: type-2/7 with payload size: 91 at 2024-12-11 07:38:53.161594 sent 2024-12-11 07:38:53.130145
INFO:Message received on topic: type-2/7 with payload size: 91 at 2024-12-11 07:38:55.759116 sent 2024-12-11 07:38:55.731625
INFO:Message received on topic: type-2/7 with payload size: 91 at 2024-12-11 07:38:58.354610 sent 2024-12-11 07:38:58.339174
INFO:Message received on topic: type-2/7 with payload size: 91 at 2024-12-11 07:39:00.955942 sent 2024-12-11 07:39:00.945412
INFO:Message received on topic: type-2/7 with payload size: 91 at 2024-12-11 07:39:03.552248 sent 2024-12-11 07:39:03.546971
INFO:Message received on topic: type-2/7 with payload size: 91 at 2024-12-11 07:39:06.159523 sent 2024-12-11 07:39:06.149924
INFO:Message received on topic: type-2/7 with payload size: 91 at 2024-12-11 07:39:08.759632 sent 2024-12-11 07:39:08.752527
INFO:Message received on topic: type-2/7 with payload size: 91 at 2024-12-11 07:39:11.363157 sent 2024-12-11 07:39:11.355557
INFO:Message received on topic: type-2/7 with payload size: 91 at 2024-12-11 07:39:13.969635 sent 2024-12-11 07:39:13.960236
INFO:Message received on topic: type-2/7 with payload size: 91 at 2024-12-11 07:39:16.566532 sent 2024-12-11 07:39:16.564415
INFO:Message received on topic: type-2/7 with payload size: 91 at 2024-12-11 07:39:19.174048 sent 2024-12-11 07:39:19.171287
INFO:Message received on topic: type-2/7 with payload size: 91 at 2024-12-11 07:39:21.782832 sent 2024-12-11 07:39:21.780007
INFO:Message received on topic: type-2/7 with payload size: 91 at 2024-12-11 07:39:24.389682 sent 2024-12-11 07:39:24.386217
INFO:Message received on topic: type-2/7 with payload size: 91 at 2024-12-11 07:39:26.994971 sent 2024-12-11 07:39:26.992730
INFO:Message received on topic: type-2/7 with payload size: 91 at 2024-12-11 07:39:29.602781 sent 2024-12-11 07:39:29.600914
INFO:Message received on topic: type-2/7 with payload size: 91 at 2024-12-11 07:39:32.252716 sent 2024-12-11 07:39:32.209685
INFO:Message received on topic: type-2/7 with payload size: 91 at 2024-12-11 07:39:34.852890 sent 2024-12-11 07:39:34.815069
INFO:Message received on topic: type-2/7 with payload size: 91 at 2024-12-11 07:39:37.454687 sent 2024-12-11 07:39:37.423029
INFO:Message received on topic: type-2/7 with payload size: 91 at 2024-12-11 07:39:40.061006 sent 2024-12-11 07:39:40.026934
INFO:Message received on topic: type-2/7 with payload size: 91 at 2024-12-11 07:39:42.653584 sent 2024-12-11 07:39:42.633564
INFO:Message received on topic: type-2/7 with payload size: 91 at 2024-12-11 07:39:45.263248 sent 2024-12-11 07:39:45.236187
INFO:Message received on topic: type-2/7 with payload size: 91 at 2024-12-11 07:39:47.861864 sent 2024-12-11 07:39:47.839080
INFO:Message received on topic: type-2/7 with payload size: 91 at 2024-12-11 07:39:50.456423 sent 2024-12-11 07:39:50.443612
INFO:Message received on topic: type-2/7 with payload size: 91 at 2024-12-11 07:39:53.056734 sent 2024-12-11 07:39:53.044913
INFO:Message received on topic: type-2/7 with payload size: 91 at 2024-12-11 07:39:55.656765 sent 2024-12-11 07:39:55.650555
INFO:Message received on topic: type-2/7 with payload size: 91 at 2024-12-11 07:39:58.267709 sent 2024-12-11 07:39:58.260240
INFO:Message received on topic: type-2/7 with payload size: 91 at 2024-12-11 07:40:00.876170 sent 2024-12-11 07:40:00.865563
INFO:Message received on topic: type-2/7 with payload size: 91 at 2024-12-11 07:40:03.479681 sent 2024-12-11 07:40:03.468640
INFO:Message received on topic: type-2/7 with payload size: 91 at 2024-12-11 07:40:06.076589 sent 2024-12-11 07:40:06.073993
INFO:Message received on topic: type-2/7 with payload size: 91 at 2024-12-11 07:40:08.680658 sent 2024-12-11 07:40:08.677855
INFO:Message received on topic: type-2/7 with payload size: 91 at 2024-12-11 07:40:11.283869 sent 2024-12-11 07:40:11.282065
INFO:Message received on topic: type-2/7 with payload size: 91 at 2024-12-11 07:40:13.886578 sent 2024-12-11 07:40:13.884716
INFO:Message received on topic: type-2/7 with payload size: 91 at 2024-12-11 07:40:16.489849 sent 2024-12-11 07:40:16.487562
INFO:Message received on topic: type-2/7 with payload size: 91 at 2024-12-11 07:40:19.094373 sent 2024-12-11 07:40:19.093047
INFO:Message received on topic: type-2/7 with payload size: 91 at 2024-12-11 07:40:21.701784 sent 2024-12-11 07:40:21.700229
INFO:Message received on topic: type-2/7 with payload size: 91 at 2024-12-11 07:40:24.309783 sent 2024-12-11 07:40:24.308318
INFO:Message received on topic: type-2/7 with payload size: 91 at 2024-12-11 07:40:26.952868 sent 2024-12-11 07:40:26.909654
INFO:Message received on topic: type-2/7 with payload size: 91 at 2024-12-11 07:40:29.554602 sent 2024-12-11 07:40:29.514592
INFO:Message received on topic: type-2/7 with payload size: 91 at 2024-12-11 07:40:32.155540 sent 2024-12-11 07:40:32.117567
INFO:Message received on topic: type-2/7 with payload size: 91 at 2024-12-11 07:40:34.751944 sent 2024-12-11 07:40:34.719619
INFO:Message received on topic: type-2/7 with payload size: 91 at 2024-12-11 07:40:37.355215 sent 2024-12-11 07:40:37.320290
INFO:Message received on topic: type-2/7 with payload size: 91 at 2024-12-11 07:40:39.966811 sent 2024-12-11 07:40:39.922598
INFO:Message received on topic: type-2/7 with payload size: 91 at 2024-12-11 07:40:42.557442 sent 2024-12-11 07:40:42.525771
INFO:Message received on topic: type-2/7 with payload size: 91 at 2024-12-11 07:40:45.159187 sent 2024-12-11 07:40:45.127609
INFO:Message received on topic: type-2/7 with payload size: 91 at 2024-12-11 07:40:47.766290 sent 2024-12-11 07:40:47.730405
INFO:Message received on topic: type-2/7 with payload size: 91 at 2024-12-11 07:40:50.355589 sent 2024-12-11 07:40:50.333424
INFO:Message received on topic: type-2/7 with payload size: 91 at 2024-12-11 07:40:52.962927 sent 2024-12-11 07:40:52.939855
INFO:Message received on topic: type-2/7 with payload size: 91 at 2024-12-11 07:40:55.559686 sent 2024-12-11 07:40:55.541640
INFO:Message received on topic: type-2/7 with payload size: 91 at 2024-12-11 07:40:58.173540 sent 2024-12-11 07:40:58.137940
INFO:Message received on topic: type-2/7 with payload size: 91 at 2024-12-11 07:41:00.755659 sent 2024-12-11 07:41:00.737622
INFO:Message received on topic: type-2/7 with payload size: 91 at 2024-12-11 07:41:03.360480 sent 2024-12-11 07:41:03.342730
INFO:Message received on topic: type-2/7 with payload size: 91 at 2024-12-11 07:41:05.957186 sent 2024-12-11 07:41:05.944894
INFO:Message received on topic: type-2/7 with payload size: 91 at 2024-12-11 07:41:08.559102 sent 2024-12-11 07:41:08.548066
INFO:Message received on topic: type-2/7 with payload size: 91 at 2024-12-11 07:41:11.162207 sent 2024-12-11 07:41:11.150642
INFO:Message received on topic: type-2/7 with payload size: 91 at 2024-12-11 07:41:13.763810 sent 2024-12-11 07:41:13.756049
INFO:Message received on topic: type-2/7 with payload size: 91 at 2024-12-11 07:41:16.367051 sent 2024-12-11 07:41:16.355179
INFO:Message received on topic: type-2/7 with payload size: 91 at 2024-12-11 07:41:18.967234 sent 2024-12-11 07:41:18.956076
INFO:Message received on topic: type-2/7 with payload size: 91 at 2024-12-11 07:41:21.565692 sent 2024-12-11 07:41:21.560774
INFO:Message received on topic: type-2/7 with payload size: 91 at 2024-12-11 07:41:24.167101 sent 2024-12-11 07:41:24.164174
INFO:Message received on topic: type-2/7 with payload size: 91 at 2024-12-11 07:41:26.778666 sent 2024-12-11 07:41:26.769494
INFO:Message received on topic: type-2/7 with payload size: 91 at 2024-12-11 07:41:29.375170 sent 2024-12-11 07:41:29.372120
INFO:Message received on topic: type-2/7 with payload size: 91 at 2024-12-11 07:41:31.979180 sent 2024-12-11 07:41:31.977290
INFO:Message received on topic: type-2/7 with payload size: 91 at 2024-12-11 07:41:34.585067 sent 2024-12-11 07:41:34.583673
INFO:Message received on topic: type-2/7 with payload size: 91 at 2024-12-11 07:41:37.187494 sent 2024-12-11 07:41:37.186019
INFO:Message received on topic: type-2/7 with payload size: 91 at 2024-12-11 07:41:39.791467 sent 2024-12-11 07:41:39.789169
INFO:Message received on topic: type-2/7 with payload size: 91 at 2024-12-11 07:41:42.396733 sent 2024-12-11 07:41:42.394975
INFO:Message received on topic: type-2/7 with payload size: 91 at 2024-12-11 07:41:45.003352 sent 2024-12-11 07:41:45.001829
INFO:Message received on topic: type-2/7 with payload size: 91 at 2024-12-11 07:41:47.609153 sent 2024-12-11 07:41:47.607470
INFO:Message received on topic: type-2/7 with payload size: 91 at 2024-12-11 07:41:50.257252 sent 2024-12-11 07:41:50.210534
INFO:Message received on topic: type-2/7 with payload size: 91 at 2024-12-11 07:41:52.857062 sent 2024-12-11 07:41:52.816935
INFO:Message received on topic: type-2/7 with payload size: 91 at 2024-12-11 07:41:55.454912 sent 2024-12-11 07:41:55.417390
INFO:Message received on topic: type-2/7 with payload size: 91 at 2024-12-11 07:41:58.002929 sent 2024-12-11 07:41:58.001466
INFO:Message received on topic: type-2/7 with payload size: 91 at 2024-12-11 07:42:00.589537 sent 2024-12-11 07:42:00.586408
INFO:Message received on topic: type-2/7 with payload size: 91 at 2024-12-11 07:42:03.177493 sent 2024-12-11 07:42:03.175424
INFO:Message received on topic: type-2/7 with payload size: 91 at 2024-12-11 07:42:05.767314 sent 2024-12-11 07:42:05.765890
INFO:Message received on topic: type-2/7 with payload size: 91 at 2024-12-11 07:42:08.370821 sent 2024-12-11 07:42:08.367878
INFO:Message received on topic: type-2/7 with payload size: 91 at 2024-12-11 07:42:10.970030 sent 2024-12-11 07:42:10.968578
INFO:Message received on topic: type-2/7 with payload size: 91 at 2024-12-11 07:42:13.577480 sent 2024-12-11 07:42:13.571171
INFO:Message received on topic: type-2/7 with payload size: 91 at 2024-12-11 07:42:16.174282 sent 2024-12-11 07:42:16.173060
INFO:Message received on topic: type-2/7 with payload size: 91 at 2024-12-11 07:42:18.774701 sent 2024-12-11 07:42:18.772928
INFO:Message received on topic: type-2/7 with payload size: 91 at 2024-12-11 07:42:21.377860 sent 2024-12-11 07:42:21.373780
INFO:Message received on topic: type-2/7 with payload size: 91 at 2024-12-11 07:42:23.979953 sent 2024-12-11 07:42:23.976586
INFO:Message received on topic: type-2/7 with payload size: 91 at 2024-12-11 07:42:26.580821 sent 2024-12-11 07:42:26.579222
INFO:Message received on topic: type-2/7 with payload size: 91 at 2024-12-11 07:42:29.182305 sent 2024-12-11 07:42:29.180646
