INFO:Starting Version 1.0.5
DEBUG:Using selector: EpollSelector
INFO:Connecting to cluster at: mqtt-quic://emqx-headless.dtwins:14567 using QUIC
INFO:Subscribed to topic: type-2/1
INFO:Logging each: 50
INFO:Unhandled packet type received
INFO:Message received on topic: type-2/1 with payload size: 91 at 2024-12-11 07:33:43.629252 sent 2024-12-11 07:33:43.627623
INFO:Message received on topic: type-2/1 with payload size: 91 at 2024-12-11 07:33:46.229082 sent 2024-12-11 07:33:46.227410
INFO:Message received on topic: type-2/1 with payload size: 91 at 2024-12-11 07:33:48.827996 sent 2024-12-11 07:33:48.826540
INFO:Message received on topic: type-2/1 with payload size: 91 at 2024-12-11 07:33:51.431162 sent 2024-12-11 07:33:51.429172
INFO:Message received on topic: type-2/1 with payload size: 91 at 2024-12-11 07:33:54.029660 sent 2024-12-11 07:33:54.028369
INFO:Message received on topic: type-2/1 with payload size: 91 at 2024-12-11 07:33:56.628733 sent 2024-12-11 07:33:56.627134
INFO:Message received on topic: type-2/1 with payload size: 91 at 2024-12-11 07:33:59.227132 sent 2024-12-11 07:33:59.226203
INFO:Message received on topic: type-2/1 with payload size: 91 at 2024-12-11 07:34:01.826489 sent 2024-12-11 07:34:01.825104
INFO:Message received on topic: type-2/1 with payload size: 91 at 2024-12-11 07:34:04.423908 sent 2024-12-11 07:34:04.422695
INFO:Message received on topic: type-2/1 with payload size: 91 at 2024-12-11 07:34:07.020362 sent 2024-12-11 07:34:07.018994
INFO:Message received on topic: type-2/1 with payload size: 91 at 2024-12-11 07:34:09.615173 sent 2024-12-11 07:34:09.613904
INFO:Message received on topic: type-2/1 with payload size: 91 at 2024-12-11 07:34:12.212048 sent 2024-12-11 07:34:12.210757
INFO:Message received on topic: type-2/1 with payload size: 91 at 2024-12-11 07:34:14.810523 sent 2024-12-11 07:34:14.809013
INFO:Message received on topic: type-2/1 with payload size: 91 at 2024-12-11 07:34:17.439483 sent 2024-12-11 07:34:17.407737
INFO:Message received on topic: type-2/1 with payload size: 91 at 2024-12-11 07:34:20.009869 sent 2024-12-11 07:34:20.008392
INFO:Message received on topic: type-2/1 with payload size: 91 at 2024-12-11 07:34:22.640408 sent 2024-12-11 07:34:22.610130
INFO:Message received on topic: type-2/1 with payload size: 91 at 2024-12-11 07:34:25.248791 sent 2024-12-11 07:34:25.207728
INFO:Message received on topic: type-2/1 with payload size: 91 at 2024-12-11 07:34:27.805874 sent 2024-12-11 07:34:27.804620
INFO:Message received on topic: type-2/1 with payload size: 91 at 2024-12-11 07:34:30.442745 sent 2024-12-11 07:34:30.404092
INFO:Message received on topic: type-2/1 with payload size: 91 at 2024-12-11 07:34:33.043996 sent 2024-12-11 07:34:33.004496
INFO:Message received on topic: type-2/1 with payload size: 91 at 2024-12-11 07:34:35.603919 sent 2024-12-11 07:34:35.602267
INFO:Message received on topic: type-2/1 with payload size: 91 at 2024-12-11 07:34:38.254198 sent 2024-12-11 07:34:38.206612
INFO:Message received on topic: type-2/1 with payload size: 91 at 2024-12-11 07:34:40.858157 sent 2024-12-11 07:34:40.812172
INFO:Message received on topic: type-2/1 with payload size: 91 at 2024-12-11 07:34:43.456907 sent 2024-12-11 07:34:43.423028
INFO:Message received on topic: type-2/1 with payload size: 91 at 2024-12-11 07:34:46.063690 sent 2024-12-11 07:34:46.029168
INFO:Message received on topic: type-2/1 with payload size: 91 at 2024-12-11 07:34:48.650909 sent 2024-12-11 07:34:48.638600
INFO:Message received on topic: type-2/1 with payload size: 91 at 2024-12-11 07:34:51.255872 sent 2024-12-11 07:34:51.247617
INFO:Message received on topic: type-2/1 with payload size: 91 at 2024-12-11 07:34:53.857113 sent 2024-12-11 07:34:53.841777
INFO:Message received on topic: type-2/1 with payload size: 91 at 2024-12-11 07:34:56.455728 sent 2024-12-11 07:34:56.447174
INFO:Message received on topic: type-2/1 with payload size: 91 at 2024-12-11 07:34:59.063007 sent 2024-12-11 07:34:59.052946
INFO:Message received on topic: type-2/1 with payload size: 91 at 2024-12-11 07:35:01.668109 sent 2024-12-11 07:35:01.664726
INFO:Message received on topic: type-2/1 with payload size: 91 at 2024-12-11 07:35:04.274605 sent 2024-12-11 07:35:04.271405
INFO:Message received on topic: type-2/1 with payload size: 91 at 2024-12-11 07:35:06.882912 sent 2024-12-11 07:35:06.877630
INFO:Message received on topic: type-2/1 with payload size: 91 at 2024-12-11 07:35:09.474892 sent 2024-12-11 07:35:09.473318
INFO:Message received on topic: type-2/1 with payload size: 91 at 2024-12-11 07:35:12.082429 sent 2024-12-11 07:35:12.079189
INFO:Message received on topic: type-2/1 with payload size: 91 at 2024-12-11 07:35:14.672482 sent 2024-12-11 07:35:14.671517
INFO:Message received on topic: type-2/1 with payload size: 91 at 2024-12-11 07:35:17.258636 sent 2024-12-11 07:35:17.253094
INFO:Message received on topic: type-2/1 with payload size: 91 at 2024-12-11 07:35:19.852858 sent 2024-12-11 07:35:19.838827
INFO:Message received on topic: type-2/1 with payload size: 91 at 2024-12-11 07:35:22.454014 sent 2024-12-11 07:35:22.424430
INFO:Message received on topic: type-2/1 with payload size: 91 at 2024-12-11 07:35:25.055880 sent 2024-12-11 07:35:25.024434
INFO:Message received on topic: type-2/1 with payload size: 91 at 2024-12-11 07:35:27.658597 sent 2024-12-11 07:35:27.625529
INFO:Message received on topic: type-2/1 with payload size: 91 at 2024-12-11 07:35:30.255001 sent 2024-12-11 07:35:30.228276
INFO:Message received on topic: type-2/1 with payload size: 91 at 2024-12-11 07:35:32.859516 sent 2024-12-11 07:35:32.830780
INFO:Message received on topic: type-2/1 with payload size: 91 at 2024-12-11 07:35:35.457310 sent 2024-12-11 07:35:35.435539
INFO:Message received on topic: type-2/1 with payload size: 91 at 2024-12-11 07:35:38.059297 sent 2024-12-11 07:35:38.030188
INFO:Message received on topic: type-2/1 with payload size: 91 at 2024-12-11 07:35:40.657438 sent 2024-12-11 07:35:40.633183
INFO:Message received on topic: type-2/1 with payload size: 91 at 2024-12-11 07:35:43.257913 sent 2024-12-11 07:35:43.235916
INFO:Message received on topic: type-2/1 with payload size: 91 at 2024-12-11 07:35:45.862792 sent 2024-12-11 07:35:45.841767
INFO:Message received on topic: type-2/1 with payload size: 91 at 2024-12-11 07:35:48.457104 sent 2024-12-11 07:35:48.444424
INFO:Message received on topic: type-2/1 with payload size: 91 at 2024-12-11 07:35:51.053859 sent 2024-12-11 07:35:51.046580
INFO:Message received on topic: type-2/1 with payload size: 91 at 2024-12-11 07:35:53.655913 sent 2024-12-11 07:35:53.649123
INFO:Message received on topic: type-2/1 with payload size: 91 at 2024-12-11 07:35:56.261532 sent 2024-12-11 07:35:56.254753
INFO:Message received on topic: type-2/1 with payload size: 91 at 2024-12-11 07:35:58.872148 sent 2024-12-11 07:35:58.859420
INFO:Message received on topic: type-2/1 with payload size: 91 at 2024-12-11 07:36:01.470550 sent 2024-12-11 07:36:01.466640
INFO:Message received on topic: type-2/1 with payload size: 91 at 2024-12-11 07:36:04.073559 sent 2024-12-11 07:36:04.070184
INFO:Message received on topic: type-2/1 with payload size: 91 at 2024-12-11 07:36:06.688015 sent 2024-12-11 07:36:06.673604
INFO:Message received on topic: type-2/1 with payload size: 91 at 2024-12-11 07:36:09.281117 sent 2024-12-11 07:36:09.279516
INFO:Message received on topic: type-2/1 with payload size: 91 at 2024-12-11 07:36:11.889546 sent 2024-12-11 07:36:11.884044
INFO:Message received on topic: type-2/1 with payload size: 91 at 2024-12-11 07:36:14.488904 sent 2024-12-11 07:36:14.487999
INFO:Message received on topic: type-2/1 with payload size: 91 at 2024-12-11 07:36:17.094262 sent 2024-12-11 07:36:17.091666
INFO:Message received on topic: type-2/1 with payload size: 91 at 2024-12-11 07:36:19.699244 sent 2024-12-11 07:36:19.697705
INFO:Message received on topic: type-2/1 with payload size: 91 at 2024-12-11 07:36:22.303662 sent 2024-12-11 07:36:22.302378
INFO:Message received on topic: type-2/1 with payload size: 91 at 2024-12-11 07:36:24.908921 sent 2024-12-11 07:36:24.907170
INFO:Message received on topic: type-2/1 with payload size: 91 at 2024-12-11 07:36:27.553212 sent 2024-12-11 07:36:27.513611
INFO:Message received on topic: type-2/1 with payload size: 91 at 2024-12-11 07:36:30.153367 sent 2024-12-11 07:36:30.107962
INFO:Message received on topic: type-2/1 with payload size: 91 at 2024-12-11 07:36:32.755639 sent 2024-12-11 07:36:32.715459
INFO:Message received on topic: type-2/1 with payload size: 91 at 2024-12-11 07:36:35.354644 sent 2024-12-11 07:36:35.324522
INFO:Message received on topic: type-2/1 with payload size: 91 at 2024-12-11 07:36:37.950661 sent 2024-12-11 07:36:37.929755
INFO:Message received on topic: type-2/1 with payload size: 91 at 2024-12-11 07:36:40.552988 sent 2024-12-11 07:36:40.532249
INFO:Message received on topic: type-2/1 with payload size: 91 at 2024-12-11 07:36:43.153160 sent 2024-12-11 07:36:43.137483
INFO:Message received on topic: type-2/1 with payload size: 91 at 2024-12-11 07:36:45.761674 sent 2024-12-11 07:36:45.742094
INFO:Message received on topic: type-2/1 with payload size: 91 at 2024-12-11 07:36:48.360641 sent 2024-12-11 07:36:48.352717
INFO:Message received on topic: type-2/1 with payload size: 91 at 2024-12-11 07:36:50.962205 sent 2024-12-11 07:36:50.949710
INFO:Message received on topic: type-2/1 with payload size: 91 at 2024-12-11 07:36:53.553659 sent 2024-12-11 07:36:53.550752
INFO:Message received on topic: type-2/1 with payload size: 91 at 2024-12-11 07:36:56.154682 sent 2024-12-11 07:36:56.152655
INFO:Message received on topic: type-2/1 with payload size: 91 at 2024-12-11 07:36:58.758047 sent 2024-12-11 07:36:58.753693
INFO:Message received on topic: type-2/1 with payload size: 91 at 2024-12-11 07:37:01.368053 sent 2024-12-11 07:37:01.361306
INFO:Message received on topic: type-2/1 with payload size: 91 at 2024-12-11 07:37:03.965642 sent 2024-12-11 07:37:03.962495
INFO:Message received on topic: type-2/1 with payload size: 91 at 2024-12-11 07:37:06.565613 sent 2024-12-11 07:37:06.564191
INFO:Message received on topic: type-2/1 with payload size: 91 at 2024-12-11 07:37:09.170486 sent 2024-12-11 07:37:09.166586
INFO:Message received on topic: type-2/1 with payload size: 91 at 2024-12-11 07:37:11.771658 sent 2024-12-11 07:37:11.770238
INFO:Message received on topic: type-2/1 with payload size: 91 at 2024-12-11 07:37:14.374761 sent 2024-12-11 07:37:14.373431
INFO:Message received on topic: type-2/1 with payload size: 91 at 2024-12-11 07:37:16.979179 sent 2024-12-11 07:37:16.977973
INFO:Message received on topic: type-2/1 with payload size: 91 at 2024-12-11 07:37:19.581636 sent 2024-12-11 07:37:19.579952
INFO:Message received on topic: type-2/1 with payload size: 91 at 2024-12-11 07:37:22.182228 sent 2024-12-11 07:37:22.181032
INFO:Message received on topic: type-2/1 with payload size: 91 at 2024-12-11 07:37:24.785776 sent 2024-12-11 07:37:24.784533
INFO:Message received on topic: type-2/1 with payload size: 91 at 2024-12-11 07:37:27.389151 sent 2024-12-11 07:37:27.387918
INFO:Message received on topic: type-2/1 with payload size: 91 at 2024-12-11 07:37:29.995157 sent 2024-12-11 07:37:29.991578
INFO:Message received on topic: type-2/1 with payload size: 91 at 2024-12-11 07:37:32.598636 sent 2024-12-11 07:37:32.597298
INFO:Message received on topic: type-2/1 with payload size: 91 at 2024-12-11 07:37:35.199551 sent 2024-12-11 07:37:35.198224
INFO:Message received on topic: type-2/1 with payload size: 91 at 2024-12-11 07:37:37.843716 sent 2024-12-11 07:37:37.798630
INFO:Message received on topic: type-2/1 with payload size: 91 at 2024-12-11 07:37:40.440851 sent 2024-12-11 07:37:40.400086
INFO:Message received on topic: type-2/1 with payload size: 91 at 2024-12-11 07:37:43.050184 sent 2024-12-11 07:37:43.003372
INFO:Message received on topic: type-2/1 with payload size: 91 at 2024-12-11 07:37:45.644535 sent 2024-12-11 07:37:45.607612
INFO:Message received on topic: type-2/1 with payload size: 91 at 2024-12-11 07:37:48.255094 sent 2024-12-11 07:37:48.211599
INFO:Message received on topic: type-2/1 with payload size: 91 at 2024-12-11 07:37:50.857141 sent 2024-12-11 07:37:50.815717
INFO:Message received on topic: type-2/1 with payload size: 91 at 2024-12-11 07:37:53.455203 sent 2024-12-11 07:37:53.420967
INFO:Message received on topic: type-2/1 with payload size: 91 at 2024-12-11 07:37:56.055568 sent 2024-12-11 07:37:56.023512
INFO:Message received on topic: type-2/1 with payload size: 91 at 2024-12-11 07:37:58.655086 sent 2024-12-11 07:37:58.626977
INFO:Message received on topic: type-2/1 with payload size: 91 at 2024-12-11 07:38:01.251687 sent 2024-12-11 07:38:01.232922
INFO:Message received on topic: type-2/1 with payload size: 91 at 2024-12-11 07:38:03.864854 sent 2024-12-11 07:38:03.834621
INFO:Message received on topic: type-2/1 with payload size: 91 at 2024-12-11 07:38:06.458674 sent 2024-12-11 07:38:06.428577
INFO:Message received on topic: type-2/1 with payload size: 91 at 2024-12-11 07:38:09.051437 sent 2024-12-11 07:38:09.031520
INFO:Message received on topic: type-2/1 with payload size: 91 at 2024-12-11 07:38:11.653309 sent 2024-12-11 07:38:11.632573
INFO:Message received on topic: type-2/1 with payload size: 91 at 2024-12-11 07:38:14.255029 sent 2024-12-11 07:38:14.233398
INFO:Message received on topic: type-2/1 with payload size: 91 at 2024-12-11 07:38:16.859622 sent 2024-12-11 07:38:16.833441
INFO:Message received on topic: type-2/1 with payload size: 91 at 2024-12-11 07:38:19.454320 sent 2024-12-11 07:38:19.434908
INFO:Message received on topic: type-2/1 with payload size: 91 at 2024-12-11 07:38:22.056803 sent 2024-12-11 07:38:22.039917
INFO:Message received on topic: type-2/1 with payload size: 91 at 2024-12-11 07:38:24.654676 sent 2024-12-11 07:38:24.646845
INFO:Message received on topic: type-2/1 with payload size: 91 at 2024-12-11 07:38:27.260513 sent 2024-12-11 07:38:27.249290
INFO:Message received on topic: type-2/1 with payload size: 91 at 2024-12-11 07:38:29.863966 sent 2024-12-11 07:38:29.855628
INFO:Message received on topic: type-2/1 with payload size: 91 at 2024-12-11 07:38:32.462285 sent 2024-12-11 07:38:32.459689
INFO:Message received on topic: type-2/1 with payload size: 91 at 2024-12-11 07:38:35.071110 sent 2024-12-11 07:38:35.064578
INFO:Message received on topic: type-2/1 with payload size: 91 at 2024-12-11 07:38:37.666981 sent 2024-12-11 07:38:37.664759
INFO:Message received on topic: type-2/1 with payload size: 91 at 2024-12-11 07:38:40.271449 sent 2024-12-11 07:38:40.266141
INFO:Message received on topic: type-2/1 with payload size: 91 at 2024-12-11 07:38:42.873638 sent 2024-12-11 07:38:42.868780
INFO:Message received on topic: type-2/1 with payload size: 91 at 2024-12-11 07:38:45.471701 sent 2024-12-11 07:38:45.470216
INFO:Message received on topic: type-2/1 with payload size: 91 at 2024-12-11 07:38:48.093605 sent 2024-12-11 07:38:48.075790
INFO:Message received on topic: type-2/1 with payload size: 91 at 2024-12-11 07:38:50.685203 sent 2024-12-11 07:38:50.682693
INFO:Message received on topic: type-2/1 with payload size: 91 at 2024-12-11 07:38:53.289092 sent 2024-12-11 07:38:53.287566
INFO:Message received on topic: type-2/1 with payload size: 91 at 2024-12-11 07:38:55.894921 sent 2024-12-11 07:38:55.892571
INFO:Message received on topic: type-2/1 with payload size: 91 at 2024-12-11 07:38:58.497055 sent 2024-12-11 07:38:58.495533
INFO:Message received on topic: type-2/1 with payload size: 91 at 2024-12-11 07:39:01.162063 sent 2024-12-11 07:39:01.103971
INFO:Message received on topic: type-2/1 with payload size: 91 at 2024-12-11 07:39:03.712472 sent 2024-12-11 07:39:03.711082
INFO:Message received on topic: type-2/1 with payload size: 91 at 2024-12-11 07:39:06.356070 sent 2024-12-11 07:39:06.313671
INFO:Message received on topic: type-2/1 with payload size: 91 at 2024-12-11 07:39:08.954299 sent 2024-12-11 07:39:08.919035
INFO:Message received on topic: type-2/1 with payload size: 91 at 2024-12-11 07:39:11.555521 sent 2024-12-11 07:39:11.524723
INFO:Message received on topic: type-2/1 with payload size: 91 at 2024-12-11 07:39:14.154396 sent 2024-12-11 07:39:14.127919
INFO:Message received on topic: type-2/1 with payload size: 91 at 2024-12-11 07:39:16.755807 sent 2024-12-11 07:39:16.730216
INFO:Message received on topic: type-2/1 with payload size: 91 at 2024-12-11 07:39:19.358656 sent 2024-12-11 07:39:19.333007
INFO:Message received on topic: type-2/1 with payload size: 91 at 2024-12-11 07:39:21.963320 sent 2024-12-11 07:39:21.938849
INFO:Message received on topic: type-2/1 with payload size: 91 at 2024-12-11 07:39:24.558975 sent 2024-12-11 07:39:24.552055
INFO:Message received on topic: type-2/1 with payload size: 91 at 2024-12-11 07:39:27.164965 sent 2024-12-11 07:39:27.160359
INFO:Message received on topic: type-2/1 with payload size: 91 at 2024-12-11 07:39:29.768801 sent 2024-12-11 07:39:29.766279
INFO:Message received on topic: type-2/1 with payload size: 91 at 2024-12-11 07:39:32.378030 sent 2024-12-11 07:39:32.376201
INFO:Message received on topic: type-2/1 with payload size: 91 at 2024-12-11 07:39:34.981000 sent 2024-12-11 07:39:34.979022
INFO:Message received on topic: type-2/1 with payload size: 91 at 2024-12-11 07:39:37.586641 sent 2024-12-11 07:39:37.585190
INFO:Message received on topic: type-2/1 with payload size: 91 at 2024-12-11 07:39:40.194233 sent 2024-12-11 07:39:40.192270
INFO:Message received on topic: type-2/1 with payload size: 91 at 2024-12-11 07:39:42.800165 sent 2024-12-11 07:39:42.798112
INFO:Message received on topic: type-2/1 with payload size: 91 at 2024-12-11 07:39:45.400850 sent 2024-12-11 07:39:45.399395
INFO:Message received on topic: type-2/1 with payload size: 91 at 2024-12-11 07:39:48.004288 sent 2024-12-11 07:39:48.002684
INFO:Message received on topic: type-2/1 with payload size: 91 at 2024-12-11 07:39:50.639942 sent 2024-12-11 07:39:50.608556
INFO:Message received on topic: type-2/1 with payload size: 91 at 2024-12-11 07:39:53.251216 sent 2024-12-11 07:39:53.212641
INFO:Message received on topic: type-2/1 with payload size: 91 at 2024-12-11 07:39:55.856844 sent 2024-12-11 07:39:55.818276
INFO:Message received on topic: type-2/1 with payload size: 91 at 2024-12-11 07:39:58.454300 sent 2024-12-11 07:39:58.423295
INFO:Message received on topic: type-2/1 with payload size: 91 at 2024-12-11 07:40:01.055146 sent 2024-12-11 07:40:01.026618
INFO:Message received on topic: type-2/1 with payload size: 91 at 2024-12-11 07:40:03.655204 sent 2024-12-11 07:40:03.632594
INFO:Message received on topic: type-2/1 with payload size: 91 at 2024-12-11 07:40:06.261301 sent 2024-12-11 07:40:06.240291
INFO:Message received on topic: type-2/1 with payload size: 91 at 2024-12-11 07:40:08.868839 sent 2024-12-11 07:40:08.846121
INFO:Message received on topic: type-2/1 with payload size: 91 at 2024-12-11 07:40:11.455373 sent 2024-12-11 07:40:11.449842
INFO:Message received on topic: type-2/1 with payload size: 91 at 2024-12-11 07:40:14.057941 sent 2024-12-11 07:40:14.051970
INFO:Message received on topic: type-2/1 with payload size: 91 at 2024-12-11 07:40:16.659241 sent 2024-12-11 07:40:16.656247
INFO:Message received on topic: type-2/1 with payload size: 91 at 2024-12-11 07:40:19.263277 sent 2024-12-11 07:40:19.259431
INFO:Message received on topic: type-2/1 with payload size: 91 at 2024-12-11 07:40:21.873627 sent 2024-12-11 07:40:21.867029
INFO:Message received on topic: type-2/1 with payload size: 91 at 2024-12-11 07:40:24.473472 sent 2024-12-11 07:40:24.471191
INFO:Message received on topic: type-2/1 with payload size: 91 at 2024-12-11 07:40:27.073576 sent 2024-12-11 07:40:27.072247
INFO:Message received on topic: type-2/1 with payload size: 91 at 2024-12-11 07:40:29.680001 sent 2024-12-11 07:40:29.677772
INFO:Message received on topic: type-2/1 with payload size: 91 at 2024-12-11 07:40:32.284513 sent 2024-12-11 07:40:32.281598
INFO:Message received on topic: type-2/1 with payload size: 91 at 2024-12-11 07:40:34.887166 sent 2024-12-11 07:40:34.885621
INFO:Message received on topic: type-2/1 with payload size: 91 at 2024-12-11 07:40:37.488883 sent 2024-12-11 07:40:37.487584
INFO:Message received on topic: type-2/1 with payload size: 91 at 2024-12-11 07:40:40.091634 sent 2024-12-11 07:40:40.089476
INFO:Message received on topic: type-2/1 with payload size: 91 at 2024-12-11 07:40:42.693826 sent 2024-12-11 07:40:42.691087
INFO:Message received on topic: type-2/1 with payload size: 91 at 2024-12-11 07:40:45.292771 sent 2024-12-11 07:40:45.291298
INFO:Message received on topic: type-2/1 with payload size: 91 at 2024-12-11 07:40:47.975272 sent 2024-12-11 07:40:47.892512
INFO:Message received on topic: type-2/1 with payload size: 91 at 2024-12-11 07:40:50.495598 sent 2024-12-11 07:40:50.494218
INFO:Message received on topic: type-2/1 with payload size: 91 at 2024-12-11 07:40:53.154936 sent 2024-12-11 07:40:53.100419
INFO:Message received on topic: type-2/1 with payload size: 91 at 2024-12-11 07:40:55.754017 sent 2024-12-11 07:40:55.706423
INFO:Message received on topic: type-2/1 with payload size: 91 at 2024-12-11 07:40:58.301288 sent 2024-12-11 07:40:58.300219
INFO:Message received on topic: type-2/1 with payload size: 91 at 2024-12-11 07:41:00.953976 sent 2024-12-11 07:41:00.908467
INFO:Message received on topic: type-2/1 with payload size: 91 at 2024-12-11 07:41:03.555965 sent 2024-12-11 07:41:03.510047
INFO:Message received on topic: type-2/1 with payload size: 91 at 2024-12-11 07:41:06.153929 sent 2024-12-11 07:41:06.111846
INFO:Message received on topic: type-2/1 with payload size: 91 at 2024-12-11 07:41:08.752785 sent 2024-12-11 07:41:08.713638
INFO:Message received on topic: type-2/1 with payload size: 91 at 2024-12-11 07:41:11.363529 sent 2024-12-11 07:41:11.316097
INFO:Message received on topic: type-2/1 with payload size: 91 at 2024-12-11 07:41:13.955938 sent 2024-12-11 07:41:13.917245
INFO:Message received on topic: type-2/1 with payload size: 91 at 2024-12-11 07:41:16.554643 sent 2024-12-11 07:41:16.518309
INFO:Message received on topic: type-2/1 with payload size: 91 at 2024-12-11 07:41:19.157963 sent 2024-12-11 07:41:19.120894
INFO:Message received on topic: type-2/1 with payload size: 91 at 2024-12-11 07:41:21.759095 sent 2024-12-11 07:41:21.723000
INFO:Message received on topic: type-2/1 with payload size: 91 at 2024-12-11 07:41:24.349544 sent 2024-12-11 07:41:24.323772
INFO:Message received on topic: type-2/1 with payload size: 91 at 2024-12-11 07:41:26.973465 sent 2024-12-11 07:41:26.928200
INFO:Message received on topic: type-2/1 with payload size: 91 at 2024-12-11 07:41:29.563834 sent 2024-12-11 07:41:29.537029
INFO:Message received on topic: type-2/1 with payload size: 91 at 2024-12-11 07:41:32.156868 sent 2024-12-11 07:41:32.139995
INFO:Message received on topic: type-2/1 with payload size: 91 at 2024-12-11 07:41:34.751635 sent 2024-12-11 07:41:34.746193
INFO:Message received on topic: type-2/1 with payload size: 91 at 2024-12-11 07:41:37.356559 sent 2024-12-11 07:41:37.348659
INFO:Message received on topic: type-2/1 with payload size: 91 at 2024-12-11 07:41:39.961107 sent 2024-12-11 07:41:39.954143
INFO:Message received on topic: type-2/1 with payload size: 91 at 2024-12-11 07:41:42.563690 sent 2024-12-11 07:41:42.560940
INFO:Message received on topic: type-2/1 with payload size: 91 at 2024-12-11 07:41:45.166163 sent 2024-12-11 07:41:45.163612
INFO:Message received on topic: type-2/1 with payload size: 91 at 2024-12-11 07:41:47.770633 sent 2024-12-11 07:41:47.768967
INFO:Message received on topic: type-2/1 with payload size: 91 at 2024-12-11 07:41:50.378588 sent 2024-12-11 07:41:50.373804
INFO:Message received on topic: type-2/1 with payload size: 91 at 2024-12-11 07:41:52.986671 sent 2024-12-11 07:41:52.978028
INFO:Message received on topic: type-2/1 with payload size: 91 at 2024-12-11 07:41:55.580064 sent 2024-12-11 07:41:55.578917
INFO:Message received on topic: type-2/1 with payload size: 91 at 2024-12-11 07:41:58.167648 sent 2024-12-11 07:41:58.164755
INFO:Message received on topic: type-2/1 with payload size: 91 at 2024-12-11 07:42:00.750852 sent 2024-12-11 07:42:00.748412
INFO:Message received on topic: type-2/1 with payload size: 91 at 2024-12-11 07:42:03.352014 sent 2024-12-11 07:42:03.332503
INFO:Message received on topic: type-2/1 with payload size: 91 at 2024-12-11 07:42:05.957993 sent 2024-12-11 07:42:05.925898
INFO:Message received on topic: type-2/1 with payload size: 91 at 2024-12-11 07:42:08.560899 sent 2024-12-11 07:42:08.529821
INFO:Message received on topic: type-2/1 with payload size: 91 at 2024-12-11 07:42:11.160804 sent 2024-12-11 07:42:11.131948
