INFO:Starting Version 1.0.5
DEBUG:Using selector: EpollSelector
INFO:Connecting to cluster at: mqtt-quic://emqx-headless.dtwins:14567 using QUIC
INFO:Subscribed to topic: type-2/9
INFO:Logging each: 50
INFO:Unhandled packet type received
INFO:Message received on topic: type-2/9 with payload size: 91 at 2024-12-11 07:34:07.826181 sent 2024-12-11 07:34:07.824760
INFO:Message received on topic: type-2/9 with payload size: 91 at 2024-12-11 07:34:10.419851 sent 2024-12-11 07:34:10.418409
INFO:Message received on topic: type-2/9 with payload size: 91 at 2024-12-11 07:34:13.018093 sent 2024-12-11 07:34:13.016736
INFO:Message received on topic: type-2/9 with payload size: 91 at 2024-12-11 07:34:15.616037 sent 2024-12-11 07:34:15.614666
INFO:Message received on topic: type-2/9 with payload size: 91 at 2024-12-11 07:34:18.216669 sent 2024-12-11 07:34:18.215738
INFO:Message received on topic: type-2/9 with payload size: 91 at 2024-12-11 07:34:20.816189 sent 2024-12-11 07:34:20.814485
INFO:Message received on topic: type-2/9 with payload size: 91 at 2024-12-11 07:34:23.438719 sent 2024-12-11 07:34:23.411637
INFO:Message received on topic: type-2/9 with payload size: 91 at 2024-12-11 07:34:26.039730 sent 2024-12-11 07:34:26.009608
INFO:Message received on topic: type-2/9 with payload size: 91 at 2024-12-11 07:34:28.644508 sent 2024-12-11 07:34:28.605674
INFO:Message received on topic: type-2/9 with payload size: 91 at 2024-12-11 07:34:31.240685 sent 2024-12-11 07:34:31.206188
INFO:Message received on topic: type-2/9 with payload size: 91 at 2024-12-11 07:34:33.850630 sent 2024-12-11 07:34:33.809922
INFO:Message received on topic: type-2/9 with payload size: 91 at 2024-12-11 07:34:36.451272 sent 2024-12-11 07:34:36.411490
INFO:Message received on topic: type-2/9 with payload size: 91 at 2024-12-11 07:34:39.055938 sent 2024-12-11 07:34:39.015421
INFO:Message received on topic: type-2/9 with payload size: 91 at 2024-12-11 07:34:41.653865 sent 2024-12-11 07:34:41.616571
INFO:Message received on topic: type-2/9 with payload size: 91 at 2024-12-11 07:34:44.254871 sent 2024-12-11 07:34:44.220103
INFO:Message received on topic: type-2/9 with payload size: 91 at 2024-12-11 07:34:46.857713 sent 2024-12-11 07:34:46.823133
INFO:Message received on topic: type-2/9 with payload size: 91 at 2024-12-11 07:34:49.453909 sent 2024-12-11 07:34:49.425220
INFO:Message received on topic: type-2/9 with payload size: 91 at 2024-12-11 07:34:52.053616 sent 2024-12-11 07:34:52.023062
INFO:Message received on topic: type-2/9 with payload size: 91 at 2024-12-11 07:34:54.659964 sent 2024-12-11 07:34:54.623178
INFO:Message received on topic: type-2/9 with payload size: 91 at 2024-12-11 07:34:57.253966 sent 2024-12-11 07:34:57.225881
INFO:Message received on topic: type-2/9 with payload size: 91 at 2024-12-11 07:34:59.852819 sent 2024-12-11 07:34:59.833288
INFO:Message received on topic: type-2/9 with payload size: 91 at 2024-12-11 07:35:02.453370 sent 2024-12-11 07:35:02.438158
INFO:Message received on topic: type-2/9 with payload size: 91 at 2024-12-11 07:35:05.055026 sent 2024-12-11 07:35:05.043882
INFO:Message received on topic: type-2/9 with payload size: 91 at 2024-12-11 07:35:07.659143 sent 2024-12-11 07:35:07.647546
INFO:Message received on topic: type-2/9 with payload size: 91 at 2024-12-11 07:35:10.255287 sent 2024-12-11 07:35:10.246622
INFO:Message received on topic: type-2/9 with payload size: 91 at 2024-12-11 07:35:12.861189 sent 2024-12-11 07:35:12.851889
INFO:Message received on topic: type-2/9 with payload size: 91 at 2024-12-11 07:35:15.452508 sent 2024-12-11 07:35:15.437709
INFO:Message received on topic: type-2/9 with payload size: 91 at 2024-12-11 07:35:18.053836 sent 2024-12-11 07:35:18.022702
INFO:Message received on topic: type-2/9 with payload size: 91 at 2024-12-11 07:35:20.669111 sent 2024-12-11 07:35:20.611910
INFO:Message received on topic: type-2/9 with payload size: 91 at 2024-12-11 07:35:23.257874 sent 2024-12-11 07:35:23.198319
INFO:Message received on topic: type-2/9 with payload size: 91 at 2024-12-11 07:35:25.801009 sent 2024-12-11 07:35:25.799515
INFO:Message received on topic: type-2/9 with payload size: 91 at 2024-12-11 07:35:28.401620 sent 2024-12-11 07:35:28.399840
INFO:Message received on topic: type-2/9 with payload size: 91 at 2024-12-11 07:35:31.062598 sent 2024-12-11 07:35:31.002278
INFO:Message received on topic: type-2/9 with payload size: 91 at 2024-12-11 07:35:33.654121 sent 2024-12-11 07:35:33.605851
INFO:Message received on topic: type-2/9 with payload size: 91 at 2024-12-11 07:35:36.251622 sent 2024-12-11 07:35:36.210968
INFO:Message received on topic: type-2/9 with payload size: 91 at 2024-12-11 07:35:38.854134 sent 2024-12-11 07:35:38.804892
INFO:Message received on topic: type-2/9 with payload size: 91 at 2024-12-11 07:35:41.408139 sent 2024-12-11 07:35:41.406548
INFO:Message received on topic: type-2/9 with payload size: 91 at 2024-12-11 07:35:44.054051 sent 2024-12-11 07:35:44.012250
INFO:Message received on topic: type-2/9 with payload size: 91 at 2024-12-11 07:35:46.654627 sent 2024-12-11 07:35:46.614497
INFO:Message received on topic: type-2/9 with payload size: 91 at 2024-12-11 07:35:49.252812 sent 2024-12-11 07:35:49.218376
INFO:Message received on topic: type-2/9 with payload size: 91 at 2024-12-11 07:35:51.856121 sent 2024-12-11 07:35:51.827769
INFO:Message received on topic: type-2/9 with payload size: 91 at 2024-12-11 07:35:54.457766 sent 2024-12-11 07:35:54.434607
INFO:Message received on topic: type-2/9 with payload size: 91 at 2024-12-11 07:35:57.057718 sent 2024-12-11 07:35:57.036392
INFO:Message received on topic: type-2/9 with payload size: 91 at 2024-12-11 07:35:59.656283 sent 2024-12-11 07:35:59.638186
INFO:Message received on topic: type-2/9 with payload size: 91 at 2024-12-11 07:36:02.256112 sent 2024-12-11 07:36:02.241214
INFO:Message received on topic: type-2/9 with payload size: 91 at 2024-12-11 07:36:04.855434 sent 2024-12-11 07:36:04.844971
INFO:Message received on topic: type-2/9 with payload size: 91 at 2024-12-11 07:36:07.455304 sent 2024-12-11 07:36:07.448638
INFO:Message received on topic: type-2/9 with payload size: 91 at 2024-12-11 07:36:10.066169 sent 2024-12-11 07:36:10.055431
INFO:Message received on topic: type-2/9 with payload size: 91 at 2024-12-11 07:36:12.663038 sent 2024-12-11 07:36:12.660163
INFO:Message received on topic: type-2/9 with payload size: 91 at 2024-12-11 07:36:15.268108 sent 2024-12-11 07:36:15.264275
INFO:Message received on topic: type-2/9 with payload size: 91 at 2024-12-11 07:36:17.872614 sent 2024-12-11 07:36:17.868636
INFO:Message received on topic: type-2/9 with payload size: 91 at 2024-12-11 07:36:20.478182 sent 2024-12-11 07:36:20.475975
INFO:Message received on topic: type-2/9 with payload size: 91 at 2024-12-11 07:36:23.082098 sent 2024-12-11 07:36:23.080468
INFO:Message received on topic: type-2/9 with payload size: 91 at 2024-12-11 07:36:25.684692 sent 2024-12-11 07:36:25.683233
INFO:Message received on topic: type-2/9 with payload size: 91 at 2024-12-11 07:36:28.298577 sent 2024-12-11 07:36:28.283846
INFO:Message received on topic: type-2/9 with payload size: 91 at 2024-12-11 07:36:30.884291 sent 2024-12-11 07:36:30.882892
INFO:Message received on topic: type-2/9 with payload size: 91 at 2024-12-11 07:36:33.492034 sent 2024-12-11 07:36:33.490499
INFO:Message received on topic: type-2/9 with payload size: 91 at 2024-12-11 07:36:36.098234 sent 2024-12-11 07:36:36.096417
INFO:Message received on topic: type-2/9 with payload size: 91 at 2024-12-11 07:36:38.706139 sent 2024-12-11 07:36:38.704602
INFO:Message received on topic: type-2/9 with payload size: 91 at 2024-12-11 07:36:41.351214 sent 2024-12-11 07:36:41.312108
INFO:Message received on topic: type-2/9 with payload size: 91 at 2024-12-11 07:36:43.951294 sent 2024-12-11 07:36:43.919568
INFO:Message received on topic: type-2/9 with payload size: 91 at 2024-12-11 07:36:46.552140 sent 2024-12-11 07:36:46.533822
INFO:Message received on topic: type-2/9 with payload size: 91 at 2024-12-11 07:36:49.143723 sent 2024-12-11 07:36:49.133629
INFO:Message received on topic: type-2/9 with payload size: 91 at 2024-12-11 07:36:51.742624 sent 2024-12-11 07:36:51.738086
INFO:Message received on topic: type-2/9 with payload size: 91 at 2024-12-11 07:36:54.345737 sent 2024-12-11 07:36:54.341386
INFO:Message received on topic: type-2/9 with payload size: 91 at 2024-12-11 07:36:56.951023 sent 2024-12-11 07:36:56.947316
INFO:Message received on topic: type-2/9 with payload size: 91 at 2024-12-11 07:36:59.555911 sent 2024-12-11 07:36:59.552472
INFO:Message received on topic: type-2/9 with payload size: 91 at 2024-12-11 07:37:02.161012 sent 2024-12-11 07:37:02.155316
INFO:Message received on topic: type-2/9 with payload size: 91 at 2024-12-11 07:37:04.770725 sent 2024-12-11 07:37:04.755795
INFO:Message received on topic: type-2/9 with payload size: 91 at 2024-12-11 07:37:07.361819 sent 2024-12-11 07:37:07.359128
INFO:Message received on topic: type-2/9 with payload size: 91 at 2024-12-11 07:37:09.962787 sent 2024-12-11 07:37:09.960183
INFO:Message received on topic: type-2/9 with payload size: 91 at 2024-12-11 07:37:12.564545 sent 2024-12-11 07:37:12.563067
INFO:Message received on topic: type-2/9 with payload size: 91 at 2024-12-11 07:37:15.167024 sent 2024-12-11 07:37:15.163653
INFO:Message received on topic: type-2/9 with payload size: 91 at 2024-12-11 07:37:17.767944 sent 2024-12-11 07:37:17.766626
INFO:Message received on topic: type-2/9 with payload size: 91 at 2024-12-11 07:37:20.371907 sent 2024-12-11 07:37:20.369620
INFO:Message received on topic: type-2/9 with payload size: 91 at 2024-12-11 07:37:22.970487 sent 2024-12-11 07:37:22.969145
INFO:Message received on topic: type-2/9 with payload size: 91 at 2024-12-11 07:37:25.572251 sent 2024-12-11 07:37:25.570811
INFO:Message received on topic: type-2/9 with payload size: 91 at 2024-12-11 07:37:28.174768 sent 2024-12-11 07:37:28.173361
INFO:Message received on topic: type-2/9 with payload size: 91 at 2024-12-11 07:37:30.776613 sent 2024-12-11 07:37:30.775036
INFO:Message received on topic: type-2/9 with payload size: 91 at 2024-12-11 07:37:33.378658 sent 2024-12-11 07:37:33.377083
INFO:Message received on topic: type-2/9 with payload size: 91 at 2024-12-11 07:37:36.045858 sent 2024-12-11 07:37:35.984033
INFO:Message received on topic: type-2/9 with payload size: 91 at 2024-12-11 07:37:38.642611 sent 2024-12-11 07:37:38.589089
INFO:Message received on topic: type-2/9 with payload size: 91 at 2024-12-11 07:37:41.253935 sent 2024-12-11 07:37:41.196611
INFO:Message received on topic: type-2/9 with payload size: 91 at 2024-12-11 07:37:43.844539 sent 2024-12-11 07:37:43.802132
INFO:Message received on topic: type-2/9 with payload size: 91 at 2024-12-11 07:37:46.444730 sent 2024-12-11 07:37:46.405117
INFO:Message received on topic: type-2/9 with payload size: 91 at 2024-12-11 07:37:49.055758 sent 2024-12-11 07:37:49.006430
INFO:Message received on topic: type-2/9 with payload size: 91 at 2024-12-11 07:37:51.649582 sent 2024-12-11 07:37:51.610804
INFO:Message received on topic: type-2/9 with payload size: 91 at 2024-12-11 07:37:54.253938 sent 2024-12-11 07:37:54.218735
INFO:Message received on topic: type-2/9 with payload size: 91 at 2024-12-11 07:37:56.855722 sent 2024-12-11 07:37:56.819630
INFO:Message received on topic: type-2/9 with payload size: 91 at 2024-12-11 07:37:59.455652 sent 2024-12-11 07:37:59.422107
INFO:Message received on topic: type-2/9 with payload size: 91 at 2024-12-11 07:38:02.054057 sent 2024-12-11 07:38:02.025536
INFO:Message received on topic: type-2/9 with payload size: 91 at 2024-12-11 07:38:04.652181 sent 2024-12-11 07:38:04.623223
INFO:Message received on topic: type-2/9 with payload size: 91 at 2024-12-11 07:38:07.252615 sent 2024-12-11 07:38:07.220447
INFO:Message received on topic: type-2/9 with payload size: 91 at 2024-12-11 07:38:09.851812 sent 2024-12-11 07:38:09.822699
INFO:Message received on topic: type-2/9 with payload size: 91 at 2024-12-11 07:38:12.460242 sent 2024-12-11 07:38:12.424206
INFO:Message received on topic: type-2/9 with payload size: 91 at 2024-12-11 07:38:15.058860 sent 2024-12-11 07:38:15.025093
INFO:Message received on topic: type-2/9 with payload size: 91 at 2024-12-11 07:38:17.661158 sent 2024-12-11 07:38:17.628495
INFO:Message received on topic: type-2/9 with payload size: 91 at 2024-12-11 07:38:20.251408 sent 2024-12-11 07:38:20.231143
INFO:Message received on topic: type-2/9 with payload size: 91 at 2024-12-11 07:38:22.857120 sent 2024-12-11 07:38:22.834622
INFO:Message received on topic: type-2/9 with payload size: 91 at 2024-12-11 07:38:25.457180 sent 2024-12-11 07:38:25.434552
INFO:Message received on topic: type-2/9 with payload size: 91 at 2024-12-11 07:38:28.059596 sent 2024-12-11 07:38:28.037491
INFO:Message received on topic: type-2/9 with payload size: 91 at 2024-12-11 07:38:30.659744 sent 2024-12-11 07:38:30.643820
INFO:Message received on topic: type-2/9 with payload size: 91 at 2024-12-11 07:38:33.263591 sent 2024-12-11 07:38:33.246775
INFO:Message received on topic: type-2/9 with payload size: 91 at 2024-12-11 07:38:35.863695 sent 2024-12-11 07:38:35.849921
INFO:Message received on topic: type-2/9 with payload size: 91 at 2024-12-11 07:38:38.464126 sent 2024-12-11 07:38:38.457607
INFO:Message received on topic: type-2/9 with payload size: 91 at 2024-12-11 07:38:41.071272 sent 2024-12-11 07:38:41.066128
INFO:Message received on topic: type-2/9 with payload size: 91 at 2024-12-11 07:38:43.674080 sent 2024-12-11 07:38:43.672601
INFO:Message received on topic: type-2/9 with payload size: 91 at 2024-12-11 07:38:46.281074 sent 2024-12-11 07:38:46.278922
INFO:Message received on topic: type-2/9 with payload size: 91 at 2024-12-11 07:38:48.889301 sent 2024-12-11 07:38:48.887898
INFO:Message received on topic: type-2/9 with payload size: 91 at 2024-12-11 07:38:51.495111 sent 2024-12-11 07:38:51.492569
INFO:Message received on topic: type-2/9 with payload size: 91 at 2024-12-11 07:38:54.096967 sent 2024-12-11 07:38:54.095559
INFO:Message received on topic: type-2/9 with payload size: 91 at 2024-12-11 07:38:56.699866 sent 2024-12-11 07:38:56.698508
INFO:Message received on topic: type-2/9 with payload size: 91 at 2024-12-11 07:38:59.359211 sent 2024-12-11 07:38:59.305694
INFO:Message received on topic: type-2/9 with payload size: 91 at 2024-12-11 07:39:01.953747 sent 2024-12-11 07:39:01.911054
INFO:Message received on topic: type-2/9 with payload size: 91 at 2024-12-11 07:39:04.557936 sent 2024-12-11 07:39:04.514207
INFO:Message received on topic: type-2/9 with payload size: 91 at 2024-12-11 07:39:07.163444 sent 2024-12-11 07:39:07.118064
INFO:Message received on topic: type-2/9 with payload size: 91 at 2024-12-11 07:39:09.757229 sent 2024-12-11 07:39:09.720968
INFO:Message received on topic: type-2/9 with payload size: 91 at 2024-12-11 07:39:12.354911 sent 2024-12-11 07:39:12.323645
INFO:Message received on topic: type-2/9 with payload size: 91 at 2024-12-11 07:39:14.960124 sent 2024-12-11 07:39:14.930589
INFO:Message received on topic: type-2/9 with payload size: 91 at 2024-12-11 07:39:17.552900 sent 2024-12-11 07:39:17.534582
INFO:Message received on topic: type-2/9 with payload size: 91 at 2024-12-11 07:39:20.156986 sent 2024-12-11 07:39:20.139922
INFO:Message received on topic: type-2/9 with payload size: 91 at 2024-12-11 07:39:22.760468 sent 2024-12-11 07:39:22.747999
INFO:Message received on topic: type-2/9 with payload size: 91 at 2024-12-11 07:39:25.363944 sent 2024-12-11 07:39:25.354435
INFO:Message received on topic: type-2/9 with payload size: 91 at 2024-12-11 07:39:27.962923 sent 2024-12-11 07:39:27.958928
INFO:Message received on topic: type-2/9 with payload size: 91 at 2024-12-11 07:39:30.574048 sent 2024-12-11 07:39:30.565161
INFO:Message received on topic: type-2/9 with payload size: 91 at 2024-12-11 07:39:33.173592 sent 2024-12-11 07:39:33.170596
INFO:Message received on topic: type-2/9 with payload size: 91 at 2024-12-11 07:39:35.777088 sent 2024-12-11 07:39:35.774463
INFO:Message received on topic: type-2/9 with payload size: 91 at 2024-12-11 07:39:38.382920 sent 2024-12-11 07:39:38.380023
INFO:Message received on topic: type-2/9 with payload size: 91 at 2024-12-11 07:39:40.989004 sent 2024-12-11 07:39:40.985595
INFO:Message received on topic: type-2/9 with payload size: 91 at 2024-12-11 07:39:43.590485 sent 2024-12-11 07:39:43.589130
INFO:Message received on topic: type-2/9 with payload size: 91 at 2024-12-11 07:39:46.193390 sent 2024-12-11 07:39:46.190766
INFO:Message received on topic: type-2/9 with payload size: 91 at 2024-12-11 07:39:48.795903 sent 2024-12-11 07:39:48.794440
INFO:Message received on topic: type-2/9 with payload size: 91 at 2024-12-11 07:39:51.398939 sent 2024-12-11 07:39:51.397703
INFO:Message received on topic: type-2/9 with payload size: 91 at 2024-12-11 07:39:54.040243 sent 2024-12-11 07:39:54.000753
INFO:Message received on topic: type-2/9 with payload size: 91 at 2024-12-11 07:39:56.601268 sent 2024-12-11 07:39:56.599994
INFO:Message received on topic: type-2/9 with payload size: 91 at 2024-12-11 07:39:59.255310 sent 2024-12-11 07:39:59.204564
INFO:Message received on topic: type-2/9 with payload size: 91 at 2024-12-11 07:40:01.864261 sent 2024-12-11 07:40:01.808134
INFO:Message received on topic: type-2/9 with payload size: 91 at 2024-12-11 07:40:04.463028 sent 2024-12-11 07:40:04.411792
INFO:Message received on topic: type-2/9 with payload size: 91 at 2024-12-11 07:40:07.056472 sent 2024-12-11 07:40:07.016515
INFO:Message received on topic: type-2/9 with payload size: 91 at 2024-12-11 07:40:09.656103 sent 2024-12-11 07:40:09.621268
INFO:Message received on topic: type-2/9 with payload size: 91 at 2024-12-11 07:40:12.254197 sent 2024-12-11 07:40:12.227665
INFO:Message received on topic: type-2/9 with payload size: 91 at 2024-12-11 07:40:14.856423 sent 2024-12-11 07:40:14.829425
INFO:Message received on topic: type-2/9 with payload size: 91 at 2024-12-11 07:40:17.454848 sent 2024-12-11 07:40:17.430005
INFO:Message received on topic: type-2/9 with payload size: 91 at 2024-12-11 07:40:20.051567 sent 2024-12-11 07:40:20.034422
INFO:Message received on topic: type-2/9 with payload size: 91 at 2024-12-11 07:40:22.657067 sent 2024-12-11 07:40:22.641097
INFO:Message received on topic: type-2/9 with payload size: 91 at 2024-12-11 07:40:25.272637 sent 2024-12-11 07:40:25.244954
INFO:Message received on topic: type-2/9 with payload size: 91 at 2024-12-11 07:40:27.857992 sent 2024-12-11 07:40:27.848634
INFO:Message received on topic: type-2/9 with payload size: 91 at 2024-12-11 07:40:30.463100 sent 2024-12-11 07:40:30.454844
INFO:Message received on topic: type-2/9 with payload size: 91 at 2024-12-11 07:40:33.068047 sent 2024-12-11 07:40:33.062551
INFO:Message received on topic: type-2/9 with payload size: 91 at 2024-12-11 07:40:35.669150 sent 2024-12-11 07:40:35.667914
INFO:Message received on topic: type-2/9 with payload size: 91 at 2024-12-11 07:40:38.277640 sent 2024-12-11 07:40:38.274604
INFO:Message received on topic: type-2/9 with payload size: 91 at 2024-12-11 07:40:40.896540 sent 2024-12-11 07:40:40.879545
INFO:Message received on topic: type-2/9 with payload size: 91 at 2024-12-11 07:40:43.486897 sent 2024-12-11 07:40:43.482300
INFO:Message received on topic: type-2/9 with payload size: 91 at 2024-12-11 07:40:46.086491 sent 2024-12-11 07:40:46.084610
INFO:Message received on topic: type-2/9 with payload size: 91 at 2024-12-11 07:40:48.693396 sent 2024-12-11 07:40:48.689856
INFO:Message received on topic: type-2/9 with payload size: 91 at 2024-12-11 07:40:51.295188 sent 2024-12-11 07:40:51.293855
INFO:Message received on topic: type-2/9 with payload size: 91 at 2024-12-11 07:40:53.959509 sent 2024-12-11 07:40:53.901013
INFO:Message received on topic: type-2/9 with payload size: 91 at 2024-12-11 07:40:56.505766 sent 2024-12-11 07:40:56.504395
INFO:Message received on topic: type-2/9 with payload size: 91 at 2024-12-11 07:40:59.100811 sent 2024-12-11 07:40:59.096643
INFO:Message received on topic: type-2/9 with payload size: 91 at 2024-12-11 07:41:01.702598 sent 2024-12-11 07:41:01.700873
INFO:Message received on topic: type-2/9 with payload size: 91 at 2024-12-11 07:41:04.353717 sent 2024-12-11 07:41:04.302606
INFO:Message received on topic: type-2/9 with payload size: 91 at 2024-12-11 07:41:06.954897 sent 2024-12-11 07:41:06.904307
INFO:Message received on topic: type-2/9 with payload size: 91 at 2024-12-11 07:41:09.508273 sent 2024-12-11 07:41:09.506859
INFO:Message received on topic: type-2/9 with payload size: 91 at 2024-12-11 07:41:12.153566 sent 2024-12-11 07:41:12.106822
INFO:Message received on topic: type-2/9 with payload size: 91 at 2024-12-11 07:41:14.756455 sent 2024-12-11 07:41:14.715950
INFO:Message received on topic: type-2/9 with payload size: 91 at 2024-12-11 07:41:17.372919 sent 2024-12-11 07:41:17.319497
INFO:Message received on topic: type-2/9 with payload size: 91 at 2024-12-11 07:41:19.955524 sent 2024-12-11 07:41:19.921931
INFO:Message received on topic: type-2/9 with payload size: 91 at 2024-12-11 07:41:22.553779 sent 2024-12-11 07:41:22.526460
INFO:Message received on topic: type-2/9 with payload size: 91 at 2024-12-11 07:41:25.152104 sent 2024-12-11 07:41:25.127093
INFO:Message received on topic: type-2/9 with payload size: 91 at 2024-12-11 07:41:27.758418 sent 2024-12-11 07:41:27.732126
INFO:Message received on topic: type-2/9 with payload size: 91 at 2024-12-11 07:41:30.357287 sent 2024-12-11 07:41:30.334570
INFO:Message received on topic: type-2/9 with payload size: 91 at 2024-12-11 07:41:32.958592 sent 2024-12-11 07:41:32.938205
INFO:Message received on topic: type-2/9 with payload size: 91 at 2024-12-11 07:41:35.554940 sent 2024-12-11 07:41:35.538509
INFO:Message received on topic: type-2/9 with payload size: 91 at 2024-12-11 07:41:38.152431 sent 2024-12-11 07:41:38.145201
INFO:Message received on topic: type-2/9 with payload size: 91 at 2024-12-11 07:41:40.760735 sent 2024-12-11 07:41:40.747735
INFO:Message received on topic: type-2/9 with payload size: 91 at 2024-12-11 07:41:43.364657 sent 2024-12-11 07:41:43.351348
INFO:Message received on topic: type-2/9 with payload size: 91 at 2024-12-11 07:41:45.973480 sent 2024-12-11 07:41:45.951934
INFO:Message received on topic: type-2/9 with payload size: 91 at 2024-12-11 07:41:48.559269 sent 2024-12-11 07:41:48.554783
INFO:Message received on topic: type-2/9 with payload size: 91 at 2024-12-11 07:41:51.161105 sent 2024-12-11 07:41:51.156682
INFO:Message received on topic: type-2/9 with payload size: 91 at 2024-12-11 07:41:53.764857 sent 2024-12-11 07:41:53.760359
INFO:Message received on topic: type-2/9 with payload size: 91 at 2024-12-11 07:41:56.362809 sent 2024-12-11 07:41:56.355141
INFO:Message received on topic: type-2/9 with payload size: 91 at 2024-12-11 07:41:58.956542 sent 2024-12-11 07:41:58.939873
INFO:Message received on topic: type-2/9 with payload size: 91 at 2024-12-11 07:42:01.555817 sent 2024-12-11 07:42:01.534431
INFO:Message received on topic: type-2/9 with payload size: 91 at 2024-12-11 07:42:04.163591 sent 2024-12-11 07:42:04.118488
INFO:Message received on topic: type-2/9 with payload size: 91 at 2024-12-11 07:42:06.754601 sent 2024-12-11 07:42:06.717894
INFO:Message received on topic: type-2/9 with payload size: 91 at 2024-12-11 07:42:09.356733 sent 2024-12-11 07:42:09.320605
INFO:Message received on topic: type-2/9 with payload size: 91 at 2024-12-11 07:42:11.959958 sent 2024-12-11 07:42:11.925987
INFO:Message received on topic: type-2/9 with payload size: 91 at 2024-12-11 07:42:14.554801 sent 2024-12-11 07:42:14.527010
INFO:Message received on topic: type-2/9 with payload size: 91 at 2024-12-11 07:42:17.155436 sent 2024-12-11 07:42:17.132474
INFO:Message received on topic: type-2/9 with payload size: 91 at 2024-12-11 07:42:19.754537 sent 2024-12-11 07:42:19.735297
INFO:Message received on topic: type-2/9 with payload size: 91 at 2024-12-11 07:42:22.354171 sent 2024-12-11 07:42:22.338237
INFO:Message received on topic: type-2/9 with payload size: 91 at 2024-12-11 07:42:24.953492 sent 2024-12-11 07:42:24.940297
INFO:Message received on topic: type-2/9 with payload size: 91 at 2024-12-11 07:42:27.554605 sent 2024-12-11 07:42:27.543538
INFO:Message received on topic: type-2/9 with payload size: 91 at 2024-12-11 07:42:30.156769 sent 2024-12-11 07:42:30.148649
INFO:Message received on topic: type-2/9 with payload size: 91 at 2024-12-11 07:42:32.761089 sent 2024-12-11 07:42:32.757545
INFO:Message received on topic: type-2/9 with payload size: 91 at 2024-12-11 07:42:35.367344 sent 2024-12-11 07:42:35.364178
