INFO:Starting Version 1.0.5
DEBUG:Using selector: EpollSelector
INFO:Connecting to cluster at: mqtt-quic://emqx-headless.dtwins:14567 using QUIC
INFO:Subscribed to topic: type-2/8
INFO:Logging each: 50
INFO:Unhandled packet type received
INFO:Message received on topic: type-2/8 with payload size: 91 at 2024-12-11 07:34:04.747897 sent 2024-12-11 07:34:04.746604
INFO:Message received on topic: type-2/8 with payload size: 91 at 2024-12-11 07:34:07.342656 sent 2024-12-11 07:34:07.341148
INFO:Message received on topic: type-2/8 with payload size: 91 at 2024-12-11 07:34:09.936649 sent 2024-12-11 07:34:09.935381
INFO:Message received on topic: type-2/8 with payload size: 91 at 2024-12-11 07:34:12.537010 sent 2024-12-11 07:34:12.531876
INFO:Message received on topic: type-2/8 with payload size: 91 at 2024-12-11 07:34:15.139492 sent 2024-12-11 07:34:15.132532
INFO:Message received on topic: type-2/8 with payload size: 91 at 2024-12-11 07:34:17.751574 sent 2024-12-11 07:34:17.737141
INFO:Message received on topic: type-2/8 with payload size: 91 at 2024-12-11 07:34:20.336695 sent 2024-12-11 07:34:20.335363
INFO:Message received on topic: type-2/8 with payload size: 91 at 2024-12-11 07:34:22.938560 sent 2024-12-11 07:34:22.934868
INFO:Message received on topic: type-2/8 with payload size: 91 at 2024-12-11 07:34:25.539179 sent 2024-12-11 07:34:25.531711
INFO:Message received on topic: type-2/8 with payload size: 91 at 2024-12-11 07:34:28.160380 sent 2024-12-11 07:34:28.133447
INFO:Message received on topic: type-2/8 with payload size: 91 at 2024-12-11 07:34:30.752950 sent 2024-12-11 07:34:30.735143
INFO:Message received on topic: type-2/8 with payload size: 91 at 2024-12-11 07:34:33.348923 sent 2024-12-11 07:34:33.334804
INFO:Message received on topic: type-2/8 with payload size: 91 at 2024-12-11 07:34:35.948773 sent 2024-12-11 07:34:35.935966
INFO:Message received on topic: type-2/8 with payload size: 91 at 2024-12-11 07:34:38.553653 sent 2024-12-11 07:34:38.539457
INFO:Message received on topic: type-2/8 with payload size: 91 at 2024-12-11 07:34:41.154855 sent 2024-12-11 07:34:41.146688
INFO:Message received on topic: type-2/8 with payload size: 91 at 2024-12-11 07:34:43.756307 sent 2024-12-11 07:34:43.751011
INFO:Message received on topic: type-2/8 with payload size: 91 at 2024-12-11 07:34:46.361019 sent 2024-12-11 07:34:46.352082
INFO:Message received on topic: type-2/8 with payload size: 91 at 2024-12-11 07:34:48.958626 sent 2024-12-11 07:34:48.953202
INFO:Message received on topic: type-2/8 with payload size: 91 at 2024-12-11 07:34:51.560620 sent 2024-12-11 07:34:51.557506
INFO:Message received on topic: type-2/8 with payload size: 91 at 2024-12-11 07:34:54.157489 sent 2024-12-11 07:34:54.151885
INFO:Message received on topic: type-2/8 with payload size: 91 at 2024-12-11 07:34:56.760689 sent 2024-12-11 07:34:56.756083
INFO:Message received on topic: type-2/8 with payload size: 91 at 2024-12-11 07:34:59.378920 sent 2024-12-11 07:34:59.364319
INFO:Message received on topic: type-2/8 with payload size: 91 at 2024-12-11 07:35:01.978623 sent 2024-12-11 07:35:01.976419
INFO:Message received on topic: type-2/8 with payload size: 91 at 2024-12-11 07:35:04.593795 sent 2024-12-11 07:35:04.582278
INFO:Message received on topic: type-2/8 with payload size: 91 at 2024-12-11 07:35:07.188421 sent 2024-12-11 07:35:07.186217
INFO:Message received on topic: type-2/8 with payload size: 91 at 2024-12-11 07:35:09.786826 sent 2024-12-11 07:35:09.783454
INFO:Message received on topic: type-2/8 with payload size: 91 at 2024-12-11 07:35:12.389505 sent 2024-12-11 07:35:12.387267
INFO:Message received on topic: type-2/8 with payload size: 91 at 2024-12-11 07:35:14.980161 sent 2024-12-11 07:35:14.978018
INFO:Message received on topic: type-2/8 with payload size: 91 at 2024-12-11 07:35:17.562457 sent 2024-12-11 07:35:17.559956
INFO:Message received on topic: type-2/8 with payload size: 91 at 2024-12-11 07:35:20.154617 sent 2024-12-11 07:35:20.146783
INFO:Message received on topic: type-2/8 with payload size: 91 at 2024-12-11 07:35:22.755843 sent 2024-12-11 07:35:22.729305
INFO:Message received on topic: type-2/8 with payload size: 91 at 2024-12-11 07:35:25.353969 sent 2024-12-11 07:35:25.332444
INFO:Message received on topic: type-2/8 with payload size: 91 at 2024-12-11 07:35:27.958295 sent 2024-12-11 07:35:27.935422
INFO:Message received on topic: type-2/8 with payload size: 91 at 2024-12-11 07:35:30.551612 sent 2024-12-11 07:35:30.539390
INFO:Message received on topic: type-2/8 with payload size: 91 at 2024-12-11 07:35:33.157840 sent 2024-12-11 07:35:33.143902
INFO:Message received on topic: type-2/8 with payload size: 91 at 2024-12-11 07:35:35.754523 sent 2024-12-11 07:35:35.748922
INFO:Message received on topic: type-2/8 with payload size: 91 at 2024-12-11 07:35:38.355920 sent 2024-12-11 07:35:38.342983
INFO:Message received on topic: type-2/8 with payload size: 91 at 2024-12-11 07:35:40.954586 sent 2024-12-11 07:35:40.945034
INFO:Message received on topic: type-2/8 with payload size: 91 at 2024-12-11 07:35:43.558610 sent 2024-12-11 07:35:43.549615
INFO:Message received on topic: type-2/8 with payload size: 91 at 2024-12-11 07:35:46.162931 sent 2024-12-11 07:35:46.153269
INFO:Message received on topic: type-2/8 with payload size: 91 at 2024-12-11 07:35:48.767061 sent 2024-12-11 07:35:48.758973
INFO:Message received on topic: type-2/8 with payload size: 91 at 2024-12-11 07:35:51.370022 sent 2024-12-11 07:35:51.364285
INFO:Message received on topic: type-2/8 with payload size: 91 at 2024-12-11 07:35:53.969602 sent 2024-12-11 07:35:53.966443
INFO:Message received on topic: type-2/8 with payload size: 91 at 2024-12-11 07:35:56.568803 sent 2024-12-11 07:35:56.567355
INFO:Message received on topic: type-2/8 with payload size: 91 at 2024-12-11 07:35:59.172594 sent 2024-12-11 07:35:59.170819
INFO:Message received on topic: type-2/8 with payload size: 91 at 2024-12-11 07:36:01.781949 sent 2024-12-11 07:36:01.777175
INFO:Message received on topic: type-2/8 with payload size: 91 at 2024-12-11 07:36:04.389220 sent 2024-12-11 07:36:04.386197
INFO:Message received on topic: type-2/8 with payload size: 91 at 2024-12-11 07:36:06.994254 sent 2024-12-11 07:36:06.990080
INFO:Message received on topic: type-2/8 with payload size: 91 at 2024-12-11 07:36:09.599205 sent 2024-12-11 07:36:09.597747
INFO:Message received on topic: type-2/8 with payload size: 91 at 2024-12-11 07:36:12.205421 sent 2024-12-11 07:36:12.203919
INFO:Message received on topic: type-2/8 with payload size: 91 at 2024-12-11 07:36:14.809197 sent 2024-12-11 07:36:14.807861
INFO:Message received on topic: type-2/8 with payload size: 91 at 2024-12-11 07:36:17.457489 sent 2024-12-11 07:36:17.410928
INFO:Message received on topic: type-2/8 with payload size: 91 at 2024-12-11 07:36:20.054831 sent 2024-12-11 07:36:20.016845
INFO:Message received on topic: type-2/8 with payload size: 91 at 2024-12-11 07:36:22.653859 sent 2024-12-11 07:36:22.625088
INFO:Message received on topic: type-2/8 with payload size: 91 at 2024-12-11 07:36:25.256215 sent 2024-12-11 07:36:25.228004
INFO:Message received on topic: type-2/8 with payload size: 91 at 2024-12-11 07:36:27.855261 sent 2024-12-11 07:36:27.830189
INFO:Message received on topic: type-2/8 with payload size: 91 at 2024-12-11 07:36:30.457168 sent 2024-12-11 07:36:30.425174
INFO:Message received on topic: type-2/8 with payload size: 91 at 2024-12-11 07:36:33.051657 sent 2024-12-11 07:36:33.033178
INFO:Message received on topic: type-2/8 with payload size: 91 at 2024-12-11 07:36:35.656412 sent 2024-12-11 07:36:35.638172
INFO:Message received on topic: type-2/8 with payload size: 91 at 2024-12-11 07:36:38.255147 sent 2024-12-11 07:36:38.245922
INFO:Message received on topic: type-2/8 with payload size: 91 at 2024-12-11 07:36:40.861862 sent 2024-12-11 07:36:40.856286
INFO:Message received on topic: type-2/8 with payload size: 91 at 2024-12-11 07:36:43.470685 sent 2024-12-11 07:36:43.462644
INFO:Message received on topic: type-2/8 with payload size: 91 at 2024-12-11 07:36:46.072691 sent 2024-12-11 07:36:46.070448
INFO:Message received on topic: type-2/8 with payload size: 91 at 2024-12-11 07:36:48.676091 sent 2024-12-11 07:36:48.674744
INFO:Message received on topic: type-2/8 with payload size: 91 at 2024-12-11 07:36:51.279224 sent 2024-12-11 07:36:51.277815
INFO:Message received on topic: type-2/8 with payload size: 91 at 2024-12-11 07:36:53.882725 sent 2024-12-11 07:36:53.880220
INFO:Message received on topic: type-2/8 with payload size: 91 at 2024-12-11 07:36:56.484828 sent 2024-12-11 07:36:56.482921
INFO:Message received on topic: type-2/8 with payload size: 91 at 2024-12-11 07:36:59.149199 sent 2024-12-11 07:36:59.090379
INFO:Message received on topic: type-2/8 with payload size: 91 at 2024-12-11 07:37:01.700874 sent 2024-12-11 07:37:01.699309
INFO:Message received on topic: type-2/8 with payload size: 91 at 2024-12-11 07:37:04.303434 sent 2024-12-11 07:37:04.301693
INFO:Message received on topic: type-2/8 with payload size: 91 at 2024-12-11 07:37:06.941974 sent 2024-12-11 07:37:06.904857
INFO:Message received on topic: type-2/8 with payload size: 91 at 2024-12-11 07:37:09.541669 sent 2024-12-11 07:37:09.506715
INFO:Message received on topic: type-2/8 with payload size: 91 at 2024-12-11 07:37:12.143971 sent 2024-12-11 07:37:12.107202
INFO:Message received on topic: type-2/8 with payload size: 91 at 2024-12-11 07:37:14.748748 sent 2024-12-11 07:37:14.707861
INFO:Message received on topic: type-2/8 with payload size: 91 at 2024-12-11 07:37:17.344845 sent 2024-12-11 07:37:17.310126
INFO:Message received on topic: type-2/8 with payload size: 91 at 2024-12-11 07:37:19.949629 sent 2024-12-11 07:37:19.911769
INFO:Message received on topic: type-2/8 with payload size: 91 at 2024-12-11 07:37:22.546025 sent 2024-12-11 07:37:22.515527
INFO:Message received on topic: type-2/8 with payload size: 91 at 2024-12-11 07:37:25.151212 sent 2024-12-11 07:37:25.119568
INFO:Message received on topic: type-2/8 with payload size: 91 at 2024-12-11 07:37:27.742046 sent 2024-12-11 07:37:27.721297
INFO:Message received on topic: type-2/8 with payload size: 91 at 2024-12-11 07:37:30.341888 sent 2024-12-11 07:37:30.325597
INFO:Message received on topic: type-2/8 with payload size: 91 at 2024-12-11 07:37:32.939983 sent 2024-12-11 07:37:32.926363
INFO:Message received on topic: type-2/8 with payload size: 91 at 2024-12-11 07:37:35.555408 sent 2024-12-11 07:37:35.527579
INFO:Message received on topic: type-2/8 with payload size: 91 at 2024-12-11 07:37:38.142211 sent 2024-12-11 07:37:38.133515
INFO:Message received on topic: type-2/8 with payload size: 91 at 2024-12-11 07:37:40.754084 sent 2024-12-11 07:37:40.736661
INFO:Message received on topic: type-2/8 with payload size: 91 at 2024-12-11 07:37:43.351570 sent 2024-12-11 07:37:43.338980
INFO:Message received on topic: type-2/8 with payload size: 91 at 2024-12-11 07:37:45.960032 sent 2024-12-11 07:37:45.950764
INFO:Message received on topic: type-2/8 with payload size: 91 at 2024-12-11 07:37:48.557689 sent 2024-12-11 07:37:48.554294
INFO:Message received on topic: type-2/8 with payload size: 91 at 2024-12-11 07:37:51.162660 sent 2024-12-11 07:37:51.156748
INFO:Message received on topic: type-2/8 with payload size: 91 at 2024-12-11 07:37:53.765141 sent 2024-12-11 07:37:53.762002
INFO:Message received on topic: type-2/8 with payload size: 91 at 2024-12-11 07:37:56.372597 sent 2024-12-11 07:37:56.364836
INFO:Message received on topic: type-2/8 with payload size: 91 at 2024-12-11 07:37:58.974264 sent 2024-12-11 07:37:58.970518
INFO:Message received on topic: type-2/8 with payload size: 91 at 2024-12-11 07:38:01.573256 sent 2024-12-11 07:38:01.571991
INFO:Message received on topic: type-2/8 with payload size: 91 at 2024-12-11 07:38:04.179579 sent 2024-12-11 07:38:04.173447
INFO:Message received on topic: type-2/8 with payload size: 91 at 2024-12-11 07:38:06.786827 sent 2024-12-11 07:38:06.769707
INFO:Message received on topic: type-2/8 with payload size: 91 at 2024-12-11 07:38:09.379265 sent 2024-12-11 07:38:09.377255
INFO:Message received on topic: type-2/8 with payload size: 91 at 2024-12-11 07:38:11.981938 sent 2024-12-11 07:38:11.979219
INFO:Message received on topic: type-2/8 with payload size: 91 at 2024-12-11 07:38:14.582081 sent 2024-12-11 07:38:14.579847
INFO:Message received on topic: type-2/8 with payload size: 91 at 2024-12-11 07:38:17.188208 sent 2024-12-11 07:38:17.185570
INFO:Message received on topic: type-2/8 with payload size: 91 at 2024-12-11 07:38:19.789757 sent 2024-12-11 07:38:19.788436
INFO:Message received on topic: type-2/8 with payload size: 91 at 2024-12-11 07:38:22.391574 sent 2024-12-11 07:38:22.389008
INFO:Message received on topic: type-2/8 with payload size: 91 at 2024-12-11 07:38:24.995404 sent 2024-12-11 07:38:24.991355
INFO:Message received on topic: type-2/8 with payload size: 91 at 2024-12-11 07:38:27.595578 sent 2024-12-11 07:38:27.593261
INFO:Message received on topic: type-2/8 with payload size: 91 at 2024-12-11 07:38:30.198265 sent 2024-12-11 07:38:30.196764
INFO:Message received on topic: type-2/8 with payload size: 91 at 2024-12-11 07:38:32.855633 sent 2024-12-11 07:38:32.801349
INFO:Message received on topic: type-2/8 with payload size: 91 at 2024-12-11 07:38:35.405155 sent 2024-12-11 07:38:35.403901
INFO:Message received on topic: type-2/8 with payload size: 91 at 2024-12-11 07:38:38.006568 sent 2024-12-11 07:38:38.005204
INFO:Message received on topic: type-2/8 with payload size: 91 at 2024-12-11 07:38:40.613003 sent 2024-12-11 07:38:40.611452
INFO:Message received on topic: type-2/8 with payload size: 91 at 2024-12-11 07:38:43.257279 sent 2024-12-11 07:38:43.215417
INFO:Message received on topic: type-2/8 with payload size: 91 at 2024-12-11 07:38:45.858581 sent 2024-12-11 07:38:45.821171
INFO:Message received on topic: type-2/8 with payload size: 91 at 2024-12-11 07:38:48.454315 sent 2024-12-11 07:38:48.430287
INFO:Message received on topic: type-2/8 with payload size: 91 at 2024-12-11 07:38:51.062955 sent 2024-12-11 07:38:51.036531
INFO:Message received on topic: type-2/8 with payload size: 91 at 2024-12-11 07:38:53.659232 sent 2024-12-11 07:38:53.638744
INFO:Message received on topic: type-2/8 with payload size: 91 at 2024-12-11 07:38:56.256378 sent 2024-12-11 07:38:56.242091
INFO:Message received on topic: type-2/8 with payload size: 91 at 2024-12-11 07:38:58.858674 sent 2024-12-11 07:38:58.847054
INFO:Message received on topic: type-2/8 with payload size: 91 at 2024-12-11 07:39:01.460156 sent 2024-12-11 07:39:01.457495
INFO:Message received on topic: type-2/8 with payload size: 91 at 2024-12-11 07:39:04.063530 sent 2024-12-11 07:39:04.060894
INFO:Message received on topic: type-2/8 with payload size: 91 at 2024-12-11 07:39:06.666581 sent 2024-12-11 07:39:06.664854
INFO:Message received on topic: type-2/8 with payload size: 91 at 2024-12-11 07:39:09.269522 sent 2024-12-11 07:39:09.267502
INFO:Message received on topic: type-2/8 with payload size: 91 at 2024-12-11 07:39:11.873134 sent 2024-12-11 07:39:11.870704
INFO:Message received on topic: type-2/8 with payload size: 91 at 2024-12-11 07:39:14.478221 sent 2024-12-11 07:39:14.475562
INFO:Message received on topic: type-2/8 with payload size: 91 at 2024-12-11 07:39:17.086554 sent 2024-12-11 07:39:17.077743
INFO:Message received on topic: type-2/8 with payload size: 91 at 2024-12-11 07:39:19.684921 sent 2024-12-11 07:39:19.683547
INFO:Message received on topic: type-2/8 with payload size: 91 at 2024-12-11 07:39:22.294203 sent 2024-12-11 07:39:22.290015
INFO:Message received on topic: type-2/8 with payload size: 91 at 2024-12-11 07:39:24.904547 sent 2024-12-11 07:39:24.902142
INFO:Message received on topic: type-2/8 with payload size: 91 at 2024-12-11 07:39:27.555649 sent 2024-12-11 07:39:27.514641
INFO:Message received on topic: type-2/8 with payload size: 91 at 2024-12-11 07:39:30.161892 sent 2024-12-11 07:39:30.122887
INFO:Message received on topic: type-2/8 with payload size: 91 at 2024-12-11 07:39:32.757410 sent 2024-12-11 07:39:32.726733
INFO:Message received on topic: type-2/8 with payload size: 91 at 2024-12-11 07:39:35.356129 sent 2024-12-11 07:39:35.333120
INFO:Message received on topic: type-2/8 with payload size: 91 at 2024-12-11 07:39:37.962064 sent 2024-12-11 07:39:37.939995
INFO:Message received on topic: type-2/8 with payload size: 91 at 2024-12-11 07:39:40.556739 sent 2024-12-11 07:39:40.549467
INFO:Message received on topic: type-2/8 with payload size: 91 at 2024-12-11 07:39:43.163003 sent 2024-12-11 07:39:43.152283
INFO:Message received on topic: type-2/8 with payload size: 91 at 2024-12-11 07:39:45.765517 sent 2024-12-11 07:39:45.756100
INFO:Message received on topic: type-2/8 with payload size: 91 at 2024-12-11 07:39:48.365866 sent 2024-12-11 07:39:48.361981
INFO:Message received on topic: type-2/8 with payload size: 91 at 2024-12-11 07:39:50.968747 sent 2024-12-11 07:39:50.965714
INFO:Message received on topic: type-2/8 with payload size: 91 at 2024-12-11 07:39:53.573143 sent 2024-12-11 07:39:53.569974
INFO:Message received on topic: type-2/8 with payload size: 91 at 2024-12-11 07:39:56.175582 sent 2024-12-11 07:39:56.174117
INFO:Message received on topic: type-2/8 with payload size: 91 at 2024-12-11 07:39:58.785855 sent 2024-12-11 07:39:58.781870
INFO:Message received on topic: type-2/8 with payload size: 91 at 2024-12-11 07:40:01.393549 sent 2024-12-11 07:40:01.390923
INFO:Message received on topic: type-2/8 with payload size: 91 at 2024-12-11 07:40:03.994960 sent 2024-12-11 07:40:03.993620
INFO:Message received on topic: type-2/8 with payload size: 91 at 2024-12-11 07:40:06.601312 sent 2024-12-11 07:40:06.598857
INFO:Message received on topic: type-2/8 with payload size: 91 at 2024-12-11 07:40:09.255491 sent 2024-12-11 07:40:09.209704
INFO:Message received on topic: type-2/8 with payload size: 91 at 2024-12-11 07:40:11.858549 sent 2024-12-11 07:40:11.818749
INFO:Message received on topic: type-2/8 with payload size: 91 at 2024-12-11 07:40:14.459021 sent 2024-12-11 07:40:14.420386
INFO:Message received on topic: type-2/8 with payload size: 91 at 2024-12-11 07:40:17.063234 sent 2024-12-11 07:40:17.023040
INFO:Message received on topic: type-2/8 with payload size: 91 at 2024-12-11 07:40:19.660464 sent 2024-12-11 07:40:19.629762
INFO:Message received on topic: type-2/8 with payload size: 91 at 2024-12-11 07:40:22.254959 sent 2024-12-11 07:40:22.235829
INFO:Message received on topic: type-2/8 with payload size: 91 at 2024-12-11 07:40:24.852833 sent 2024-12-11 07:40:24.840408
INFO:Message received on topic: type-2/8 with payload size: 91 at 2024-12-11 07:40:27.457774 sent 2024-12-11 07:40:27.446777
INFO:Message received on topic: type-2/8 with payload size: 91 at 2024-12-11 07:40:30.062089 sent 2024-12-11 07:40:30.055141
INFO:Message received on topic: type-2/8 with payload size: 91 at 2024-12-11 07:40:32.661401 sent 2024-12-11 07:40:32.659130
INFO:Message received on topic: type-2/8 with payload size: 91 at 2024-12-11 07:40:35.268673 sent 2024-12-11 07:40:35.265248
INFO:Message received on topic: type-2/8 with payload size: 91 at 2024-12-11 07:40:37.871758 sent 2024-12-11 07:40:37.869910
INFO:Message received on topic: type-2/8 with payload size: 91 at 2024-12-11 07:40:40.478009 sent 2024-12-11 07:40:40.475576
INFO:Message received on topic: type-2/8 with payload size: 91 at 2024-12-11 07:40:43.083779 sent 2024-12-11 07:40:43.078608
INFO:Message received on topic: type-2/8 with payload size: 91 at 2024-12-11 07:40:45.687777 sent 2024-12-11 07:40:45.681672
INFO:Message received on topic: type-2/8 with payload size: 91 at 2024-12-11 07:40:48.286761 sent 2024-12-11 07:40:48.285054
INFO:Message received on topic: type-2/8 with payload size: 91 at 2024-12-11 07:40:50.895165 sent 2024-12-11 07:40:50.892987
INFO:Message received on topic: type-2/8 with payload size: 91 at 2024-12-11 07:40:53.499048 sent 2024-12-11 07:40:53.496433
INFO:Message received on topic: type-2/8 with payload size: 91 at 2024-12-11 07:40:56.101198 sent 2024-12-11 07:40:56.099098
INFO:Message received on topic: type-2/8 with payload size: 91 at 2024-12-11 07:40:58.692401 sent 2024-12-11 07:40:58.691316
INFO:Message received on topic: type-2/8 with payload size: 91 at 2024-12-11 07:41:01.295747 sent 2024-12-11 07:41:01.294017
INFO:Message received on topic: type-2/8 with payload size: 91 at 2024-12-11 07:41:03.900141 sent 2024-12-11 07:41:03.898803
INFO:Message received on topic: type-2/8 with payload size: 91 at 2024-12-11 07:41:06.504606 sent 2024-12-11 07:41:06.501654
INFO:Message received on topic: type-2/8 with payload size: 91 at 2024-12-11 07:41:09.103157 sent 2024-12-11 07:41:09.101936
INFO:Message received on topic: type-2/8 with payload size: 91 at 2024-12-11 07:41:11.759488 sent 2024-12-11 07:41:11.703284
INFO:Message received on topic: type-2/8 with payload size: 91 at 2024-12-11 07:41:14.361439 sent 2024-12-11 07:41:14.304763
INFO:Message received on topic: type-2/8 with payload size: 91 at 2024-12-11 07:41:16.906036 sent 2024-12-11 07:41:16.903193
INFO:Message received on topic: type-2/8 with payload size: 91 at 2024-12-11 07:41:19.504837 sent 2024-12-11 07:41:19.503452
INFO:Message received on topic: type-2/8 with payload size: 91 at 2024-12-11 07:41:22.152784 sent 2024-12-11 07:41:22.105622
INFO:Message received on topic: type-2/8 with payload size: 91 at 2024-12-11 07:41:24.711221 sent 2024-12-11 07:41:24.709729
INFO:Message received on topic: type-2/8 with payload size: 91 at 2024-12-11 07:41:27.366312 sent 2024-12-11 07:41:27.312509
INFO:Message received on topic: type-2/8 with payload size: 91 at 2024-12-11 07:41:29.961050 sent 2024-12-11 07:41:29.913631
INFO:Message received on topic: type-2/8 with payload size: 91 at 2024-12-11 07:41:32.557515 sent 2024-12-11 07:41:32.517562
INFO:Message received on topic: type-2/8 with payload size: 91 at 2024-12-11 07:41:35.157556 sent 2024-12-11 07:41:35.120102
INFO:Message received on topic: type-2/8 with payload size: 91 at 2024-12-11 07:41:37.755235 sent 2024-12-11 07:41:37.723292
INFO:Message received on topic: type-2/8 with payload size: 91 at 2024-12-11 07:41:40.352051 sent 2024-12-11 07:41:40.326288
INFO:Message received on topic: type-2/8 with payload size: 91 at 2024-12-11 07:41:42.954104 sent 2024-12-11 07:41:42.935636
INFO:Message received on topic: type-2/8 with payload size: 91 at 2024-12-11 07:41:45.554803 sent 2024-12-11 07:41:45.537870
INFO:Message received on topic: type-2/8 with payload size: 91 at 2024-12-11 07:41:48.155869 sent 2024-12-11 07:41:48.140596
INFO:Message received on topic: type-2/8 with payload size: 91 at 2024-12-11 07:41:50.753487 sent 2024-12-11 07:41:50.742295
INFO:Message received on topic: type-2/8 with payload size: 91 at 2024-12-11 07:41:53.356622 sent 2024-12-11 07:41:53.345899
INFO:Message received on topic: type-2/8 with payload size: 91 at 2024-12-11 07:41:56.057805 sent 2024-12-11 07:41:55.945823
INFO:Message received on topic: type-2/8 with payload size: 91 at 2024-12-11 07:41:58.551226 sent 2024-12-11 07:41:58.534690
INFO:Message received on topic: type-2/8 with payload size: 91 at 2024-12-11 07:42:01.158119 sent 2024-12-11 07:42:01.118100
INFO:Message received on topic: type-2/8 with payload size: 91 at 2024-12-11 07:42:03.706247 sent 2024-12-11 07:42:03.705370
INFO:Message received on topic: type-2/8 with payload size: 91 at 2024-12-11 07:42:06.302037 sent 2024-12-11 07:42:06.300633
INFO:Message received on topic: type-2/8 with payload size: 91 at 2024-12-11 07:42:08.959758 sent 2024-12-11 07:42:08.904758
INFO:Message received on topic: type-2/8 with payload size: 91 at 2024-12-11 07:42:11.554716 sent 2024-12-11 07:42:11.507940
INFO:Message received on topic: type-2/8 with payload size: 91 at 2024-12-11 07:42:14.113175 sent 2024-12-11 07:42:14.111784
INFO:Message received on topic: type-2/8 with payload size: 91 at 2024-12-11 07:42:16.753950 sent 2024-12-11 07:42:16.715534
INFO:Message received on topic: type-2/8 with payload size: 91 at 2024-12-11 07:42:19.353047 sent 2024-12-11 07:42:19.317089
INFO:Message received on topic: type-2/8 with payload size: 91 at 2024-12-11 07:42:21.958184 sent 2024-12-11 07:42:21.921923
INFO:Message received on topic: type-2/8 with payload size: 91 at 2024-12-11 07:42:24.552406 sent 2024-12-11 07:42:24.525823
INFO:Message received on topic: type-2/8 with payload size: 91 at 2024-12-11 07:42:27.152556 sent 2024-12-11 07:42:27.126599
INFO:Message received on topic: type-2/8 with payload size: 91 at 2024-12-11 07:42:29.752560 sent 2024-12-11 07:42:29.729815
INFO:Message received on topic: type-2/8 with payload size: 91 at 2024-12-11 07:42:32.356812 sent 2024-12-11 07:42:32.337893
