INFO:Starting Version 1.0.5
DEBUG:Using selector: EpollSelector
INFO:Connecting to cluster at: mqtt-quic://emqx-headless.dtwins:14567 using QUIC
INFO:Subscribed to topic: type-2/18
INFO:Logging each: 50
INFO:Unhandled packet type received
INFO:Message received on topic: type-2/18 with payload size: 91 at 2024-12-11 07:34:35.893510 sent 2024-12-11 07:34:35.892024
INFO:Message received on topic: type-2/18 with payload size: 91 at 2024-12-11 07:34:38.494838 sent 2024-12-11 07:34:38.493579
INFO:Message received on topic: type-2/18 with payload size: 91 at 2024-12-11 07:34:41.098248 sent 2024-12-11 07:34:41.096976
INFO:Message received on topic: type-2/18 with payload size: 91 at 2024-12-11 07:34:43.703963 sent 2024-12-11 07:34:43.701180
INFO:Message received on topic: type-2/18 with payload size: 91 at 2024-12-11 07:34:46.306080 sent 2024-12-11 07:34:46.304794
INFO:Message received on topic: type-2/18 with payload size: 91 at 2024-12-11 07:34:48.910105 sent 2024-12-11 07:34:48.908630
INFO:Message received on topic: type-2/18 with payload size: 91 at 2024-12-11 07:34:51.513282 sent 2024-12-11 07:34:51.512206
INFO:Message received on topic: type-2/18 with payload size: 91 at 2024-12-11 07:34:54.108783 sent 2024-12-11 07:34:54.106787
INFO:Message received on topic: type-2/18 with payload size: 91 at 2024-12-11 07:34:56.756176 sent 2024-12-11 07:34:56.711746
INFO:Message received on topic: type-2/18 with payload size: 91 at 2024-12-11 07:34:59.353494 sent 2024-12-11 07:34:59.317450
INFO:Message received on topic: type-2/18 with payload size: 91 at 2024-12-11 07:35:01.953938 sent 2024-12-11 07:35:01.925159
INFO:Message received on topic: type-2/18 with payload size: 91 at 2024-12-11 07:35:04.564058 sent 2024-12-11 07:35:04.531125
INFO:Message received on topic: type-2/18 with payload size: 91 at 2024-12-11 07:35:07.157242 sent 2024-12-11 07:35:07.136078
INFO:Message received on topic: type-2/18 with payload size: 91 at 2024-12-11 07:35:09.758039 sent 2024-12-11 07:35:09.732235
INFO:Message received on topic: type-2/18 with payload size: 91 at 2024-12-11 07:35:12.353072 sent 2024-12-11 07:35:12.339961
INFO:Message received on topic: type-2/18 with payload size: 91 at 2024-12-11 07:35:14.957644 sent 2024-12-11 07:35:14.931174
INFO:Message received on topic: type-2/18 with payload size: 91 at 2024-12-11 07:35:17.555730 sent 2024-12-11 07:35:17.514591
INFO:Message received on topic: type-2/18 with payload size: 91 at 2024-12-11 07:35:20.152015 sent 2024-12-11 07:35:20.107859
INFO:Message received on topic: type-2/18 with payload size: 91 at 2024-12-11 07:35:22.697599 sent 2024-12-11 07:35:22.696106
INFO:Message received on topic: type-2/18 with payload size: 91 at 2024-12-11 07:35:25.298766 sent 2024-12-11 07:35:25.297315
INFO:Message received on topic: type-2/18 with payload size: 91 at 2024-12-11 07:35:27.953894 sent 2024-12-11 07:35:27.899196
INFO:Message received on topic: type-2/18 with payload size: 91 at 2024-12-11 07:35:30.502727 sent 2024-12-11 07:35:30.500942
INFO:Message received on topic: type-2/18 with payload size: 91 at 2024-12-11 07:35:33.106141 sent 2024-12-11 07:35:33.104842
INFO:Message received on topic: type-2/18 with payload size: 91 at 2024-12-11 07:35:35.707903 sent 2024-12-11 07:35:35.706441
INFO:Message received on topic: type-2/18 with payload size: 91 at 2024-12-11 07:35:38.300462 sent 2024-12-11 07:35:38.297911
INFO:Message received on topic: type-2/18 with payload size: 91 at 2024-12-11 07:35:40.903626 sent 2024-12-11 07:35:40.902182
INFO:Message received on topic: type-2/18 with payload size: 91 at 2024-12-11 07:35:43.554955 sent 2024-12-11 07:35:43.504794
INFO:Message received on topic: type-2/18 with payload size: 91 at 2024-12-11 07:35:46.108188 sent 2024-12-11 07:35:46.106628
INFO:Message received on topic: type-2/18 with payload size: 91 at 2024-12-11 07:35:48.753144 sent 2024-12-11 07:35:48.709606
INFO:Message received on topic: type-2/18 with payload size: 91 at 2024-12-11 07:35:51.355078 sent 2024-12-11 07:35:51.317234
INFO:Message received on topic: type-2/18 with payload size: 91 at 2024-12-11 07:35:53.960216 sent 2024-12-11 07:35:53.923522
INFO:Message received on topic: type-2/18 with payload size: 91 at 2024-12-11 07:35:56.555563 sent 2024-12-11 07:35:56.528401
INFO:Message received on topic: type-2/18 with payload size: 91 at 2024-12-11 07:35:59.155151 sent 2024-12-11 07:35:59.130615
INFO:Message received on topic: type-2/18 with payload size: 91 at 2024-12-11 07:36:01.759201 sent 2024-12-11 07:36:01.733532
INFO:Message received on topic: type-2/18 with payload size: 91 at 2024-12-11 07:36:04.356959 sent 2024-12-11 07:36:04.336938
INFO:Message received on topic: type-2/18 with payload size: 91 at 2024-12-11 07:36:06.960760 sent 2024-12-11 07:36:06.940591
INFO:Message received on topic: type-2/18 with payload size: 91 at 2024-12-11 07:36:09.554196 sent 2024-12-11 07:36:09.544117
INFO:Message received on topic: type-2/18 with payload size: 91 at 2024-12-11 07:36:12.155010 sent 2024-12-11 07:36:12.147405
INFO:Message received on topic: type-2/18 with payload size: 91 at 2024-12-11 07:36:14.758433 sent 2024-12-11 07:36:14.751491
INFO:Message received on topic: type-2/18 with payload size: 91 at 2024-12-11 07:36:17.362756 sent 2024-12-11 07:36:17.356159
INFO:Message received on topic: type-2/18 with payload size: 91 at 2024-12-11 07:36:19.969045 sent 2024-12-11 07:36:19.964453
INFO:Message received on topic: type-2/18 with payload size: 91 at 2024-12-11 07:36:22.570408 sent 2024-12-11 07:36:22.569058
INFO:Message received on topic: type-2/18 with payload size: 91 at 2024-12-11 07:36:25.175153 sent 2024-12-11 07:36:25.170970
INFO:Message received on topic: type-2/18 with payload size: 91 at 2024-12-11 07:36:27.775276 sent 2024-12-11 07:36:27.773425
INFO:Message received on topic: type-2/18 with payload size: 91 at 2024-12-11 07:36:30.370512 sent 2024-12-11 07:36:30.366840
INFO:Message received on topic: type-2/18 with payload size: 91 at 2024-12-11 07:36:32.975846 sent 2024-12-11 07:36:32.973216
INFO:Message received on topic: type-2/18 with payload size: 91 at 2024-12-11 07:36:35.585372 sent 2024-12-11 07:36:35.583091
INFO:Message received on topic: type-2/18 with payload size: 91 at 2024-12-11 07:36:38.191544 sent 2024-12-11 07:36:38.190035
INFO:Message received on topic: type-2/18 with payload size: 91 at 2024-12-11 07:36:40.797575 sent 2024-12-11 07:36:40.795957
INFO:Message received on topic: type-2/18 with payload size: 91 at 2024-12-11 07:36:43.407208 sent 2024-12-11 07:36:43.405561
INFO:Message received on topic: type-2/18 with payload size: 91 at 2024-12-11 07:36:46.049069 sent 2024-12-11 07:36:46.007607
INFO:Message received on topic: type-2/18 with payload size: 91 at 2024-12-11 07:36:48.640090 sent 2024-12-11 07:36:48.611026
INFO:Message received on topic: type-2/18 with payload size: 91 at 2024-12-11 07:36:51.245145 sent 2024-12-11 07:36:51.211219
INFO:Message received on topic: type-2/18 with payload size: 91 at 2024-12-11 07:36:53.849031 sent 2024-12-11 07:36:53.816057
INFO:Message received on topic: type-2/18 with payload size: 91 at 2024-12-11 07:36:56.441211 sent 2024-12-11 07:36:56.417397
INFO:Message received on topic: type-2/18 with payload size: 91 at 2024-12-11 07:36:59.054742 sent 2024-12-11 07:36:59.021599
INFO:Message received on topic: type-2/18 with payload size: 91 at 2024-12-11 07:37:01.642424 sent 2024-12-11 07:37:01.624850
INFO:Message received on topic: type-2/18 with payload size: 91 at 2024-12-11 07:37:04.239343 sent 2024-12-11 07:37:04.228569
INFO:Message received on topic: type-2/18 with payload size: 91 at 2024-12-11 07:37:06.850002 sent 2024-12-11 07:37:06.833308
INFO:Message received on topic: type-2/18 with payload size: 91 at 2024-12-11 07:37:09.441502 sent 2024-12-11 07:37:09.434921
INFO:Message received on topic: type-2/18 with payload size: 91 at 2024-12-11 07:37:12.048885 sent 2024-12-11 07:37:12.038444
INFO:Message received on topic: type-2/18 with payload size: 91 at 2024-12-11 07:37:14.658545 sent 2024-12-11 07:37:14.641507
INFO:Message received on topic: type-2/18 with payload size: 91 at 2024-12-11 07:37:17.254069 sent 2024-12-11 07:37:17.242058
INFO:Message received on topic: type-2/18 with payload size: 91 at 2024-12-11 07:37:19.854099 sent 2024-12-11 07:37:19.844798
INFO:Message received on topic: type-2/18 with payload size: 91 at 2024-12-11 07:37:22.451555 sent 2024-12-11 07:37:22.445606
INFO:Message received on topic: type-2/18 with payload size: 91 at 2024-12-11 07:37:25.057300 sent 2024-12-11 07:37:25.047300
INFO:Message received on topic: type-2/18 with payload size: 91 at 2024-12-11 07:37:27.653799 sent 2024-12-11 07:37:27.651079
INFO:Message received on topic: type-2/18 with payload size: 91 at 2024-12-11 07:37:30.267630 sent 2024-12-11 07:37:30.253147
INFO:Message received on topic: type-2/18 with payload size: 91 at 2024-12-11 07:37:32.864709 sent 2024-12-11 07:37:32.863185
INFO:Message received on topic: type-2/18 with payload size: 91 at 2024-12-11 07:37:35.470417 sent 2024-12-11 07:37:35.466310
INFO:Message received on topic: type-2/18 with payload size: 91 at 2024-12-11 07:37:38.069313 sent 2024-12-11 07:37:38.067802
INFO:Message received on topic: type-2/18 with payload size: 91 at 2024-12-11 07:37:40.677281 sent 2024-12-11 07:37:40.675649
INFO:Message received on topic: type-2/18 with payload size: 91 at 2024-12-11 07:37:43.282435 sent 2024-12-11 07:37:43.281209
INFO:Message received on topic: type-2/18 with payload size: 91 at 2024-12-11 07:37:45.887213 sent 2024-12-11 07:37:45.886000
INFO:Message received on topic: type-2/18 with payload size: 91 at 2024-12-11 07:37:48.489912 sent 2024-12-11 07:37:48.488622
INFO:Message received on topic: type-2/18 with payload size: 91 at 2024-12-11 07:37:51.138723 sent 2024-12-11 07:37:51.093139
INFO:Message received on topic: type-2/18 with payload size: 91 at 2024-12-11 07:37:53.696582 sent 2024-12-11 07:37:53.694981
INFO:Message received on topic: type-2/18 with payload size: 91 at 2024-12-11 07:37:56.297860 sent 2024-12-11 07:37:56.296022
INFO:Message received on topic: type-2/18 with payload size: 91 at 2024-12-11 07:37:58.960577 sent 2024-12-11 07:37:58.901584
INFO:Message received on topic: type-2/18 with payload size: 91 at 2024-12-11 07:38:01.506436 sent 2024-12-11 07:38:01.505186
INFO:Message received on topic: type-2/18 with payload size: 91 at 2024-12-11 07:38:04.153035 sent 2024-12-11 07:38:04.108538
INFO:Message received on topic: type-2/18 with payload size: 91 at 2024-12-11 07:38:06.760793 sent 2024-12-11 07:38:06.703552
INFO:Message received on topic: type-2/18 with payload size: 91 at 2024-12-11 07:38:09.355142 sent 2024-12-11 07:38:09.307878
INFO:Message received on topic: type-2/18 with payload size: 91 at 2024-12-11 07:38:11.956165 sent 2024-12-11 07:38:11.909872
INFO:Message received on topic: type-2/18 with payload size: 91 at 2024-12-11 07:38:14.555793 sent 2024-12-11 07:38:14.511884
INFO:Message received on topic: type-2/18 with payload size: 91 at 2024-12-11 07:38:17.158614 sent 2024-12-11 07:38:17.115047
INFO:Message received on topic: type-2/18 with payload size: 91 at 2024-12-11 07:38:19.752515 sent 2024-12-11 07:38:19.718509
INFO:Message received on topic: type-2/18 with payload size: 91 at 2024-12-11 07:38:22.356537 sent 2024-12-11 07:38:22.321117
INFO:Message received on topic: type-2/18 with payload size: 91 at 2024-12-11 07:38:24.965504 sent 2024-12-11 07:38:24.920396
INFO:Message received on topic: type-2/18 with payload size: 91 at 2024-12-11 07:38:27.556344 sent 2024-12-11 07:38:27.521755
INFO:Message received on topic: type-2/18 with payload size: 91 at 2024-12-11 07:38:30.156479 sent 2024-12-11 07:38:30.124557
INFO:Message received on topic: type-2/18 with payload size: 91 at 2024-12-11 07:38:32.768295 sent 2024-12-11 07:38:32.727876
INFO:Message received on topic: type-2/18 with payload size: 91 at 2024-12-11 07:38:35.355561 sent 2024-12-11 07:38:35.333493
INFO:Message received on topic: type-2/18 with payload size: 91 at 2024-12-11 07:38:37.956798 sent 2024-12-11 07:38:37.943882
INFO:Message received on topic: type-2/18 with payload size: 91 at 2024-12-11 07:38:40.554295 sent 2024-12-11 07:38:40.549115
INFO:Message received on topic: type-2/18 with payload size: 91 at 2024-12-11 07:38:43.174419 sent 2024-12-11 07:38:43.161950
INFO:Message received on topic: type-2/18 with payload size: 91 at 2024-12-11 07:38:45.765801 sent 2024-12-11 07:38:45.764046
INFO:Message received on topic: type-2/18 with payload size: 91 at 2024-12-11 07:38:48.373315 sent 2024-12-11 07:38:48.371938
INFO:Message received on topic: type-2/18 with payload size: 91 at 2024-12-11 07:38:50.979228 sent 2024-12-11 07:38:50.975821
INFO:Message received on topic: type-2/18 with payload size: 91 at 2024-12-11 07:38:53.581979 sent 2024-12-11 07:38:53.579856
INFO:Message received on topic: type-2/18 with payload size: 91 at 2024-12-11 07:38:56.185508 sent 2024-12-11 07:38:56.184174
INFO:Message received on topic: type-2/18 with payload size: 91 at 2024-12-11 07:38:58.790085 sent 2024-12-11 07:38:58.788662
INFO:Message received on topic: type-2/18 with payload size: 91 at 2024-12-11 07:39:01.394310 sent 2024-12-11 07:39:01.392790
INFO:Message received on topic: type-2/18 with payload size: 91 at 2024-12-11 07:39:04.056263 sent 2024-12-11 07:39:03.999780
INFO:Message received on topic: type-2/18 with payload size: 91 at 2024-12-11 07:39:06.604794 sent 2024-12-11 07:39:06.603477
INFO:Message received on topic: type-2/18 with payload size: 91 at 2024-12-11 07:39:09.253820 sent 2024-12-11 07:39:09.207644
INFO:Message received on topic: type-2/18 with payload size: 91 at 2024-12-11 07:39:11.812779 sent 2024-12-11 07:39:11.811295
INFO:Message received on topic: type-2/18 with payload size: 91 at 2024-12-11 07:39:14.454040 sent 2024-12-11 07:39:14.415621
INFO:Message received on topic: type-2/18 with payload size: 91 at 2024-12-11 07:39:17.058638 sent 2024-12-11 07:39:17.021636
INFO:Message received on topic: type-2/18 with payload size: 91 at 2024-12-11 07:39:19.655235 sent 2024-12-11 07:39:19.628865
INFO:Message received on topic: type-2/18 with payload size: 91 at 2024-12-11 07:39:22.258200 sent 2024-12-11 07:39:22.237094
INFO:Message received on topic: type-2/18 with payload size: 91 at 2024-12-11 07:39:24.858841 sent 2024-12-11 07:39:24.846480
INFO:Message received on topic: type-2/18 with payload size: 91 at 2024-12-11 07:39:27.468243 sent 2024-12-11 07:39:27.454432
INFO:Message received on topic: type-2/18 with payload size: 91 at 2024-12-11 07:39:30.069608 sent 2024-12-11 07:39:30.063547
INFO:Message received on topic: type-2/18 with payload size: 91 at 2024-12-11 07:39:32.671067 sent 2024-12-11 07:39:32.669803
INFO:Message received on topic: type-2/18 with payload size: 91 at 2024-12-11 07:39:35.278014 sent 2024-12-11 07:39:35.276422
INFO:Message received on topic: type-2/18 with payload size: 91 at 2024-12-11 07:39:37.887790 sent 2024-12-11 07:39:37.883622
INFO:Message received on topic: type-2/18 with payload size: 91 at 2024-12-11 07:39:40.491254 sent 2024-12-11 07:39:40.488727
INFO:Message received on topic: type-2/18 with payload size: 91 at 2024-12-11 07:39:43.095677 sent 2024-12-11 07:39:43.094240
INFO:Message received on topic: type-2/18 with payload size: 91 at 2024-12-11 07:39:45.704609 sent 2024-12-11 07:39:45.702870
INFO:Message received on topic: type-2/18 with payload size: 91 at 2024-12-11 07:39:48.353724 sent 2024-12-11 07:39:48.307609
INFO:Message received on topic: type-2/18 with payload size: 91 at 2024-12-11 07:39:50.953766 sent 2024-12-11 07:39:50.912828
INFO:Message received on topic: type-2/18 with payload size: 91 at 2024-12-11 07:39:53.552127 sent 2024-12-11 07:39:53.519456
INFO:Message received on topic: type-2/18 with payload size: 91 at 2024-12-11 07:39:56.153650 sent 2024-12-11 07:39:56.123497
INFO:Message received on topic: type-2/18 with payload size: 91 at 2024-12-11 07:39:58.755748 sent 2024-12-11 07:39:58.727952
INFO:Message received on topic: type-2/18 with payload size: 91 at 2024-12-11 07:40:01.356734 sent 2024-12-11 07:40:01.333036
INFO:Message received on topic: type-2/18 with payload size: 91 at 2024-12-11 07:40:03.962088 sent 2024-12-11 07:40:03.939598
INFO:Message received on topic: type-2/18 with payload size: 91 at 2024-12-11 07:40:06.555960 sent 2024-12-11 07:40:06.545685
INFO:Message received on topic: type-2/18 with payload size: 91 at 2024-12-11 07:40:09.161622 sent 2024-12-11 07:40:09.151576
INFO:Message received on topic: type-2/18 with payload size: 91 at 2024-12-11 07:40:11.761597 sent 2024-12-11 07:40:11.757566
INFO:Message received on topic: type-2/18 with payload size: 91 at 2024-12-11 07:40:14.366175 sent 2024-12-11 07:40:14.363090
INFO:Message received on topic: type-2/18 with payload size: 91 at 2024-12-11 07:40:16.969101 sent 2024-12-11 07:40:16.965782
INFO:Message received on topic: type-2/18 with payload size: 91 at 2024-12-11 07:40:19.572804 sent 2024-12-11 07:40:19.571472
INFO:Message received on topic: type-2/18 with payload size: 91 at 2024-12-11 07:40:22.181228 sent 2024-12-11 07:40:22.179853
INFO:Message received on topic: type-2/18 with payload size: 91 at 2024-12-11 07:40:24.788426 sent 2024-12-11 07:40:24.784897
INFO:Message received on topic: type-2/18 with payload size: 91 at 2024-12-11 07:40:27.394837 sent 2024-12-11 07:40:27.391731
INFO:Message received on topic: type-2/18 with payload size: 91 at 2024-12-11 07:40:29.997176 sent 2024-12-11 07:40:29.994576
INFO:Message received on topic: type-2/18 with payload size: 91 at 2024-12-11 07:40:32.603413 sent 2024-12-11 07:40:32.600940
INFO:Message received on topic: type-2/18 with payload size: 91 at 2024-12-11 07:40:35.259560 sent 2024-12-11 07:40:35.217818
INFO:Message received on topic: type-2/18 with payload size: 91 at 2024-12-11 07:40:37.855661 sent 2024-12-11 07:40:37.821922
INFO:Message received on topic: type-2/18 with payload size: 91 at 2024-12-11 07:40:40.454690 sent 2024-12-11 07:40:40.429218
INFO:Message received on topic: type-2/18 with payload size: 91 at 2024-12-11 07:40:43.057394 sent 2024-12-11 07:40:43.031884
INFO:Message received on topic: type-2/18 with payload size: 91 at 2024-12-11 07:40:45.674170 sent 2024-12-11 07:40:45.635163
INFO:Message received on topic: type-2/18 with payload size: 91 at 2024-12-11 07:40:48.256424 sent 2024-12-11 07:40:48.238933
INFO:Message received on topic: type-2/18 with payload size: 91 at 2024-12-11 07:40:50.857908 sent 2024-12-11 07:40:50.843704
INFO:Message received on topic: type-2/18 with payload size: 91 at 2024-12-11 07:40:53.458734 sent 2024-12-11 07:40:53.451132
INFO:Message received on topic: type-2/18 with payload size: 91 at 2024-12-11 07:40:56.061891 sent 2024-12-11 07:40:56.054959
INFO:Message received on topic: type-2/18 with payload size: 91 at 2024-12-11 07:40:58.657881 sent 2024-12-11 07:40:58.647937
INFO:Message received on topic: type-2/18 with payload size: 91 at 2024-12-11 07:41:01.259774 sent 2024-12-11 07:41:01.251206
INFO:Message received on topic: type-2/18 with payload size: 91 at 2024-12-11 07:41:03.861020 sent 2024-12-11 07:41:03.856750
INFO:Message received on topic: type-2/18 with payload size: 91 at 2024-12-11 07:41:06.466025 sent 2024-12-11 07:41:06.460714
INFO:Message received on topic: type-2/18 with payload size: 91 at 2024-12-11 07:41:09.066854 sent 2024-12-11 07:41:09.062148
INFO:Message received on topic: type-2/18 with payload size: 91 at 2024-12-11 07:41:11.669909 sent 2024-12-11 07:41:11.667661
INFO:Message received on topic: type-2/18 with payload size: 91 at 2024-12-11 07:41:14.282395 sent 2024-12-11 07:41:14.270225
INFO:Message received on topic: type-2/18 with payload size: 91 at 2024-12-11 07:41:16.874573 sent 2024-12-11 07:41:16.873069
INFO:Message received on topic: type-2/18 with payload size: 91 at 2024-12-11 07:41:19.477180 sent 2024-12-11 07:41:19.475866
INFO:Message received on topic: type-2/18 with payload size: 91 at 2024-12-11 07:41:22.079199 sent 2024-12-11 07:41:22.077968
INFO:Message received on topic: type-2/18 with payload size: 91 at 2024-12-11 07:41:24.680273 sent 2024-12-11 07:41:24.678624
INFO:Message received on topic: type-2/18 with payload size: 91 at 2024-12-11 07:41:27.294108 sent 2024-12-11 07:41:27.285846
INFO:Message received on topic: type-2/18 with payload size: 91 at 2024-12-11 07:41:29.895254 sent 2024-12-11 07:41:29.893107
INFO:Message received on topic: type-2/18 with payload size: 91 at 2024-12-11 07:41:32.497076 sent 2024-12-11 07:41:32.495827
INFO:Message received on topic: type-2/18 with payload size: 91 at 2024-12-11 07:41:35.154784 sent 2024-12-11 07:41:35.106077
INFO:Message received on topic: type-2/18 with payload size: 91 at 2024-12-11 07:41:37.752443 sent 2024-12-11 07:41:37.712436
INFO:Message received on topic: type-2/18 with payload size: 91 at 2024-12-11 07:41:40.355905 sent 2024-12-11 07:41:40.315974
INFO:Message received on topic: type-2/18 with payload size: 91 at 2024-12-11 07:41:42.956436 sent 2024-12-11 07:41:42.921090
INFO:Message received on topic: type-2/18 with payload size: 91 at 2024-12-11 07:41:45.558211 sent 2024-12-11 07:41:45.524435
INFO:Message received on topic: type-2/18 with payload size: 91 at 2024-12-11 07:41:48.153208 sent 2024-12-11 07:41:48.127816
INFO:Message received on topic: type-2/18 with payload size: 91 at 2024-12-11 07:41:50.755557 sent 2024-12-11 07:41:50.733499
INFO:Message received on topic: type-2/18 with payload size: 91 at 2024-12-11 07:41:53.355955 sent 2024-12-11 07:41:53.339370
INFO:Message received on topic: type-2/18 with payload size: 91 at 2024-12-11 07:41:55.958436 sent 2024-12-11 07:41:55.939450
INFO:Message received on topic: type-2/18 with payload size: 91 at 2024-12-11 07:41:58.555578 sent 2024-12-11 07:41:58.527140
INFO:Message received on topic: type-2/18 with payload size: 91 at 2024-12-11 07:42:01.157721 sent 2024-12-11 07:42:01.117097
INFO:Message received on topic: type-2/18 with payload size: 91 at 2024-12-11 07:42:03.705282 sent 2024-12-11 07:42:03.704384
INFO:Message received on topic: type-2/18 with payload size: 91 at 2024-12-11 07:42:06.301062 sent 2024-12-11 07:42:06.299633
INFO:Message received on topic: type-2/18 with payload size: 91 at 2024-12-11 07:42:08.958555 sent 2024-12-11 07:42:08.903784
INFO:Message received on topic: type-2/18 with payload size: 91 at 2024-12-11 07:42:11.556002 sent 2024-12-11 07:42:11.509126
INFO:Message received on topic: type-2/18 with payload size: 91 at 2024-12-11 07:42:14.152396 sent 2024-12-11 07:42:14.115598
INFO:Message received on topic: type-2/18 with payload size: 91 at 2024-12-11 07:42:16.755220 sent 2024-12-11 07:42:16.718294
INFO:Message received on topic: type-2/18 with payload size: 91 at 2024-12-11 07:42:19.354558 sent 2024-12-11 07:42:19.324760
INFO:Message received on topic: type-2/18 with payload size: 91 at 2024-12-11 07:42:21.956408 sent 2024-12-11 07:42:21.930503
INFO:Message received on topic: type-2/18 with payload size: 91 at 2024-12-11 07:42:24.553872 sent 2024-12-11 07:42:24.533998
INFO:Message received on topic: type-2/18 with payload size: 91 at 2024-12-11 07:42:27.153452 sent 2024-12-11 07:42:27.136212
INFO:Message received on topic: type-2/18 with payload size: 91 at 2024-12-11 07:42:29.755144 sent 2024-12-11 07:42:29.740595
INFO:Message received on topic: type-2/18 with payload size: 91 at 2024-12-11 07:42:32.354052 sent 2024-12-11 07:42:32.348496
INFO:Message received on topic: type-2/18 with payload size: 91 at 2024-12-11 07:42:34.958523 sent 2024-12-11 07:42:34.952892
INFO:Message received on topic: type-2/18 with payload size: 91 at 2024-12-11 07:42:37.558089 sent 2024-12-11 07:42:37.554602
INFO:Message received on topic: type-2/18 with payload size: 91 at 2024-12-11 07:42:40.163140 sent 2024-12-11 07:42:40.161696
INFO:Message received on topic: type-2/18 with payload size: 91 at 2024-12-11 07:42:42.770013 sent 2024-12-11 07:42:42.766661
INFO:Message received on topic: type-2/18 with payload size: 91 at 2024-12-11 07:42:45.371653 sent 2024-12-11 07:42:45.368889
INFO:Message received on topic: type-2/18 with payload size: 91 at 2024-12-11 07:42:47.971792 sent 2024-12-11 07:42:47.970442
INFO:Message received on topic: type-2/18 with payload size: 91 at 2024-12-11 07:42:50.573618 sent 2024-12-11 07:42:50.572291
INFO:Message received on topic: type-2/18 with payload size: 91 at 2024-12-11 07:42:53.172374 sent 2024-12-11 07:42:53.170827
INFO:Message received on topic: type-2/18 with payload size: 91 at 2024-12-11 07:42:55.777066 sent 2024-12-11 07:42:55.770312
INFO:Message received on topic: type-2/18 with payload size: 91 at 2024-12-11 07:42:58.374827 sent 2024-12-11 07:42:58.373215
INFO:Message received on topic: type-2/18 with payload size: 91 at 2024-12-11 07:43:00.981081 sent 2024-12-11 07:43:00.977446
INFO:Message received on topic: type-2/18 with payload size: 91 at 2024-12-11 07:43:03.579008 sent 2024-12-11 07:43:03.577066
