INFO:Starting Version 1.0.5
DEBUG:Using selector: EpollSelector
INFO:Connecting to cluster at: mqtt-quic://emqx-headless.dtwins:14567 using QUIC
INFO:Subscribed to topic: type-2/3
INFO:Logging each: 50
INFO:Unhandled packet type received
INFO:Message received on topic: type-2/3 with payload size: 91 at 2024-12-11 07:33:49.714474 sent 2024-12-11 07:33:49.712944
INFO:Message received on topic: type-2/3 with payload size: 91 at 2024-12-11 07:33:52.310867 sent 2024-12-11 07:33:52.309189
INFO:Message received on topic: type-2/3 with payload size: 91 at 2024-12-11 07:33:54.913494 sent 2024-12-11 07:33:54.911977
INFO:Message received on topic: type-2/3 with payload size: 91 at 2024-12-11 07:33:57.509897 sent 2024-12-11 07:33:57.508435
INFO:Message received on topic: type-2/3 with payload size: 91 at 2024-12-11 07:34:00.106883 sent 2024-12-11 07:34:00.105891
INFO:Message received on topic: type-2/3 with payload size: 91 at 2024-12-11 07:34:02.703132 sent 2024-12-11 07:34:02.701842
INFO:Message received on topic: type-2/3 with payload size: 91 at 2024-12-11 07:34:05.296241 sent 2024-12-11 07:34:05.295239
INFO:Message received on topic: type-2/3 with payload size: 91 at 2024-12-11 07:34:07.894804 sent 2024-12-11 07:34:07.893580
INFO:Message received on topic: type-2/3 with payload size: 91 at 2024-12-11 07:34:10.494081 sent 2024-12-11 07:34:10.493017
INFO:Message received on topic: type-2/3 with payload size: 91 at 2024-12-11 07:34:13.089980 sent 2024-12-11 07:34:13.089022
INFO:Message received on topic: type-2/3 with payload size: 91 at 2024-12-11 07:34:15.684411 sent 2024-12-11 07:34:15.682921
INFO:Message received on topic: type-2/3 with payload size: 91 at 2024-12-11 07:34:18.282670 sent 2024-12-11 07:34:18.281138
INFO:Message received on topic: type-2/3 with payload size: 91 at 2024-12-11 07:34:20.880188 sent 2024-12-11 07:34:20.878786
INFO:Message received on topic: type-2/3 with payload size: 91 at 2024-12-11 07:34:23.479150 sent 2024-12-11 07:34:23.477893
INFO:Message received on topic: type-2/3 with payload size: 91 at 2024-12-11 07:34:26.078804 sent 2024-12-11 07:34:26.077384
INFO:Message received on topic: type-2/3 with payload size: 91 at 2024-12-11 07:34:28.681582 sent 2024-12-11 07:34:28.677478
INFO:Message received on topic: type-2/3 with payload size: 91 at 2024-12-11 07:34:31.279210 sent 2024-12-11 07:34:31.278148
INFO:Message received on topic: type-2/3 with payload size: 91 at 2024-12-11 07:34:33.881686 sent 2024-12-11 07:34:33.878401
INFO:Message received on topic: type-2/3 with payload size: 91 at 2024-12-11 07:34:36.478771 sent 2024-12-11 07:34:36.477147
INFO:Message received on topic: type-2/3 with payload size: 91 at 2024-12-11 07:34:39.083192 sent 2024-12-11 07:34:39.081908
INFO:Message received on topic: type-2/3 with payload size: 91 at 2024-12-11 07:34:41.687785 sent 2024-12-11 07:34:41.684227
INFO:Message received on topic: type-2/3 with payload size: 91 at 2024-12-11 07:34:44.295975 sent 2024-12-11 07:34:44.293669
INFO:Message received on topic: type-2/3 with payload size: 91 at 2024-12-11 07:34:46.952168 sent 2024-12-11 07:34:46.897947
INFO:Message received on topic: type-2/3 with payload size: 91 at 2024-12-11 07:34:49.502889 sent 2024-12-11 07:34:49.501632
INFO:Message received on topic: type-2/3 with payload size: 91 at 2024-12-11 07:34:52.104287 sent 2024-12-11 07:34:52.103141
INFO:Message received on topic: type-2/3 with payload size: 91 at 2024-12-11 07:34:54.754357 sent 2024-12-11 07:34:54.701465
INFO:Message received on topic: type-2/3 with payload size: 91 at 2024-12-11 07:34:57.308555 sent 2024-12-11 07:34:57.306955
INFO:Message received on topic: type-2/3 with payload size: 91 at 2024-12-11 07:34:59.960915 sent 2024-12-11 07:34:59.913472
INFO:Message received on topic: type-2/3 with payload size: 91 at 2024-12-11 07:35:02.552281 sent 2024-12-11 07:35:02.518287
INFO:Message received on topic: type-2/3 with payload size: 91 at 2024-12-11 07:35:05.155226 sent 2024-12-11 07:35:05.121995
INFO:Message received on topic: type-2/3 with payload size: 91 at 2024-12-11 07:35:07.755056 sent 2024-12-11 07:35:07.720615
INFO:Message received on topic: type-2/3 with payload size: 91 at 2024-12-11 07:35:10.352739 sent 2024-12-11 07:35:10.320434
INFO:Message received on topic: type-2/3 with payload size: 91 at 2024-12-11 07:35:12.961065 sent 2024-12-11 07:35:12.921802
INFO:Message received on topic: type-2/3 with payload size: 91 at 2024-12-11 07:35:15.508465 sent 2024-12-11 07:35:15.507400
INFO:Message received on topic: type-2/3 with payload size: 91 at 2024-12-11 07:35:18.089869 sent 2024-12-11 07:35:18.088969
INFO:Message received on topic: type-2/3 with payload size: 91 at 2024-12-11 07:35:20.682564 sent 2024-12-11 07:35:20.674804
INFO:Message received on topic: type-2/3 with payload size: 91 at 2024-12-11 07:35:23.268475 sent 2024-12-11 07:35:23.264078
INFO:Message received on topic: type-2/3 with payload size: 91 at 2024-12-11 07:35:25.869619 sent 2024-12-11 07:35:25.864893
INFO:Message received on topic: type-2/3 with payload size: 91 at 2024-12-11 07:35:28.470641 sent 2024-12-11 07:35:28.467041
INFO:Message received on topic: type-2/3 with payload size: 91 at 2024-12-11 07:35:31.075216 sent 2024-12-11 07:35:31.071828
INFO:Message received on topic: type-2/3 with payload size: 91 at 2024-12-11 07:35:33.679155 sent 2024-12-11 07:35:33.677844
INFO:Message received on topic: type-2/3 with payload size: 91 at 2024-12-11 07:35:36.282100 sent 2024-12-11 07:35:36.280014
INFO:Message received on topic: type-2/3 with payload size: 91 at 2024-12-11 07:35:38.873170 sent 2024-12-11 07:35:38.871822
INFO:Message received on topic: type-2/3 with payload size: 91 at 2024-12-11 07:35:41.475104 sent 2024-12-11 07:35:41.473866
INFO:Message received on topic: type-2/3 with payload size: 91 at 2024-12-11 07:35:44.089503 sent 2024-12-11 07:35:44.087516
INFO:Message received on topic: type-2/3 with payload size: 91 at 2024-12-11 07:35:46.691692 sent 2024-12-11 07:35:46.689929
INFO:Message received on topic: type-2/3 with payload size: 91 at 2024-12-11 07:35:49.293511 sent 2024-12-11 07:35:49.292131
INFO:Message received on topic: type-2/3 with payload size: 91 at 2024-12-11 07:35:51.897271 sent 2024-12-11 07:35:51.894774
INFO:Message received on topic: type-2/3 with payload size: 91 at 2024-12-11 07:35:54.499123 sent 2024-12-11 07:35:54.497448
INFO:Message received on topic: type-2/3 with payload size: 91 at 2024-12-11 07:35:57.100636 sent 2024-12-11 07:35:57.099053
INFO:Message received on topic: type-2/3 with payload size: 91 at 2024-12-11 07:35:59.758792 sent 2024-12-11 07:35:59.701476
INFO:Message received on topic: type-2/3 with payload size: 91 at 2024-12-11 07:36:02.305461 sent 2024-12-11 07:36:02.304050
INFO:Message received on topic: type-2/3 with payload size: 91 at 2024-12-11 07:36:04.909194 sent 2024-12-11 07:36:04.907860
INFO:Message received on topic: type-2/3 with payload size: 91 at 2024-12-11 07:36:07.555837 sent 2024-12-11 07:36:07.510438
INFO:Message received on topic: type-2/3 with payload size: 91 at 2024-12-11 07:36:10.157493 sent 2024-12-11 07:36:10.111926
INFO:Message received on topic: type-2/3 with payload size: 91 at 2024-12-11 07:36:12.749642 sent 2024-12-11 07:36:12.716245
INFO:Message received on topic: type-2/3 with payload size: 91 at 2024-12-11 07:36:15.355111 sent 2024-12-11 07:36:15.318817
INFO:Message received on topic: type-2/3 with payload size: 91 at 2024-12-11 07:36:17.963647 sent 2024-12-11 07:36:17.926214
INFO:Message received on topic: type-2/3 with payload size: 91 at 2024-12-11 07:36:20.555895 sent 2024-12-11 07:36:20.530518
INFO:Message received on topic: type-2/3 with payload size: 91 at 2024-12-11 07:36:23.152906 sent 2024-12-11 07:36:23.136000
INFO:Message received on topic: type-2/3 with payload size: 91 at 2024-12-11 07:36:25.753455 sent 2024-12-11 07:36:25.744415
INFO:Message received on topic: type-2/3 with payload size: 91 at 2024-12-11 07:36:28.367163 sent 2024-12-11 07:36:28.345639
INFO:Message received on topic: type-2/3 with payload size: 91 at 2024-12-11 07:36:30.955997 sent 2024-12-11 07:36:30.945572
INFO:Message received on topic: type-2/3 with payload size: 91 at 2024-12-11 07:36:33.560552 sent 2024-12-11 07:36:33.553303
INFO:Message received on topic: type-2/3 with payload size: 91 at 2024-12-11 07:36:36.161008 sent 2024-12-11 07:36:36.158125
INFO:Message received on topic: type-2/3 with payload size: 91 at 2024-12-11 07:36:38.765629 sent 2024-12-11 07:36:38.762025
INFO:Message received on topic: type-2/3 with payload size: 91 at 2024-12-11 07:36:41.373446 sent 2024-12-11 07:36:41.371401
INFO:Message received on topic: type-2/3 with payload size: 91 at 2024-12-11 07:36:43.984682 sent 2024-12-11 07:36:43.983179
INFO:Message received on topic: type-2/3 with payload size: 91 at 2024-12-11 07:36:46.590672 sent 2024-12-11 07:36:46.588991
INFO:Message received on topic: type-2/3 with payload size: 91 at 2024-12-11 07:36:49.196531 sent 2024-12-11 07:36:49.195509
INFO:Message received on topic: type-2/3 with payload size: 91 at 2024-12-11 07:36:51.843901 sent 2024-12-11 07:36:51.797922
INFO:Message received on topic: type-2/3 with payload size: 91 at 2024-12-11 07:36:54.440886 sent 2024-12-11 07:36:54.400735
INFO:Message received on topic: type-2/3 with payload size: 91 at 2024-12-11 07:36:57.042240 sent 2024-12-11 07:36:57.004875
INFO:Message received on topic: type-2/3 with payload size: 91 at 2024-12-11 07:36:59.643912 sent 2024-12-11 07:36:59.610483
INFO:Message received on topic: type-2/3 with payload size: 91 at 2024-12-11 07:37:02.244624 sent 2024-12-11 07:37:02.214145
INFO:Message received on topic: type-2/3 with payload size: 91 at 2024-12-11 07:37:04.848648 sent 2024-12-11 07:37:04.816654
INFO:Message received on topic: type-2/3 with payload size: 91 at 2024-12-11 07:37:07.441459 sent 2024-12-11 07:37:07.418416
INFO:Message received on topic: type-2/3 with payload size: 91 at 2024-12-11 07:37:10.041622 sent 2024-12-11 07:37:10.019857
INFO:Message received on topic: type-2/3 with payload size: 91 at 2024-12-11 07:37:12.641617 sent 2024-12-11 07:37:12.623376
INFO:Message received on topic: type-2/3 with payload size: 91 at 2024-12-11 07:37:15.250183 sent 2024-12-11 07:37:15.226653
INFO:Message received on topic: type-2/3 with payload size: 91 at 2024-12-11 07:37:17.840879 sent 2024-12-11 07:37:17.831292
INFO:Message received on topic: type-2/3 with payload size: 91 at 2024-12-11 07:37:20.441722 sent 2024-12-11 07:37:20.433596
INFO:Message received on topic: type-2/3 with payload size: 91 at 2024-12-11 07:37:23.041742 sent 2024-12-11 07:37:23.035070
INFO:Message received on topic: type-2/3 with payload size: 91 at 2024-12-11 07:37:25.638957 sent 2024-12-11 07:37:25.635537
INFO:Message received on topic: type-2/3 with payload size: 91 at 2024-12-11 07:37:28.248935 sent 2024-12-11 07:37:28.235973
INFO:Message received on topic: type-2/3 with payload size: 91 at 2024-12-11 07:37:30.843175 sent 2024-12-11 07:37:30.837833
INFO:Message received on topic: type-2/3 with payload size: 91 at 2024-12-11 07:37:33.446540 sent 2024-12-11 07:37:33.438987
INFO:Message received on topic: type-2/3 with payload size: 91 at 2024-12-11 07:37:36.046891 sent 2024-12-11 07:37:36.040067
INFO:Message received on topic: type-2/3 with payload size: 91 at 2024-12-11 07:37:38.659000 sent 2024-12-11 07:37:38.646316
INFO:Message received on topic: type-2/3 with payload size: 91 at 2024-12-11 07:37:41.263019 sent 2024-12-11 07:37:41.249561
INFO:Message received on topic: type-2/3 with payload size: 91 at 2024-12-11 07:37:43.872643 sent 2024-12-11 07:37:43.854861
INFO:Message received on topic: type-2/3 with payload size: 91 at 2024-12-11 07:37:46.463393 sent 2024-12-11 07:37:46.457764
INFO:Message received on topic: type-2/3 with payload size: 91 at 2024-12-11 07:37:49.067108 sent 2024-12-11 07:37:49.060255
INFO:Message received on topic: type-2/3 with payload size: 91 at 2024-12-11 07:37:51.665120 sent 2024-12-11 07:37:51.662261
INFO:Message received on topic: type-2/3 with payload size: 91 at 2024-12-11 07:37:54.271800 sent 2024-12-11 07:37:54.270483
INFO:Message received on topic: type-2/3 with payload size: 91 at 2024-12-11 07:37:56.878586 sent 2024-12-11 07:37:56.871097
INFO:Message received on topic: type-2/3 with payload size: 91 at 2024-12-11 07:37:59.475841 sent 2024-12-11 07:37:59.474510
INFO:Message received on topic: type-2/3 with payload size: 91 at 2024-12-11 07:38:02.080481 sent 2024-12-11 07:38:02.077502
INFO:Message received on topic: type-2/3 with payload size: 91 at 2024-12-11 07:38:04.680105 sent 2024-12-11 07:38:04.678882
INFO:Message received on topic: type-2/3 with payload size: 91 at 2024-12-11 07:38:07.280455 sent 2024-12-11 07:38:07.279033
INFO:Message received on topic: type-2/3 with payload size: 91 at 2024-12-11 07:38:09.885171 sent 2024-12-11 07:38:09.882878
INFO:Message received on topic: type-2/3 with payload size: 91 at 2024-12-11 07:38:12.489949 sent 2024-12-11 07:38:12.485863
INFO:Message received on topic: type-2/3 with payload size: 91 at 2024-12-11 07:38:15.091151 sent 2024-12-11 07:38:15.088174
INFO:Message received on topic: type-2/3 with payload size: 91 at 2024-12-11 07:38:17.693169 sent 2024-12-11 07:38:17.691438
INFO:Message received on topic: type-2/3 with payload size: 91 at 2024-12-11 07:38:20.293899 sent 2024-12-11 07:38:20.292297
INFO:Message received on topic: type-2/3 with payload size: 91 at 2024-12-11 07:38:22.896013 sent 2024-12-11 07:38:22.894679
INFO:Message received on topic: type-2/3 with payload size: 91 at 2024-12-11 07:38:25.500417 sent 2024-12-11 07:38:25.495631
INFO:Message received on topic: type-2/3 with payload size: 91 at 2024-12-11 07:38:28.099302 sent 2024-12-11 07:38:28.096628
INFO:Message received on topic: type-2/3 with payload size: 91 at 2024-12-11 07:38:30.761829 sent 2024-12-11 07:38:30.698534
INFO:Message received on topic: type-2/3 with payload size: 91 at 2024-12-11 07:38:33.357132 sent 2024-12-11 07:38:33.300486
INFO:Message received on topic: type-2/3 with payload size: 91 at 2024-12-11 07:38:35.963152 sent 2024-12-11 07:38:35.905619
INFO:Message received on topic: type-2/3 with payload size: 91 at 2024-12-11 07:38:38.555958 sent 2024-12-11 07:38:38.509856
INFO:Message received on topic: type-2/3 with payload size: 91 at 2024-12-11 07:38:41.153584 sent 2024-12-11 07:38:41.120910
INFO:Message received on topic: type-2/3 with payload size: 91 at 2024-12-11 07:38:43.756936 sent 2024-12-11 07:38:43.728076
INFO:Message received on topic: type-2/3 with payload size: 91 at 2024-12-11 07:38:46.354707 sent 2024-12-11 07:38:46.335217
INFO:Message received on topic: type-2/3 with payload size: 91 at 2024-12-11 07:38:48.955881 sent 2024-12-11 07:38:48.944660
INFO:Message received on topic: type-2/3 with payload size: 91 at 2024-12-11 07:38:51.558952 sent 2024-12-11 07:38:51.551646
INFO:Message received on topic: type-2/3 with payload size: 91 at 2024-12-11 07:38:54.161584 sent 2024-12-11 07:38:54.157215
INFO:Message received on topic: type-2/3 with payload size: 91 at 2024-12-11 07:38:56.761569 sent 2024-12-11 07:38:56.758854
INFO:Message received on topic: type-2/3 with payload size: 91 at 2024-12-11 07:38:59.365882 sent 2024-12-11 07:38:59.362700
INFO:Message received on topic: type-2/3 with payload size: 91 at 2024-12-11 07:39:01.974467 sent 2024-12-11 07:39:01.968858
INFO:Message received on topic: type-2/3 with payload size: 91 at 2024-12-11 07:39:04.576841 sent 2024-12-11 07:39:04.571940
INFO:Message received on topic: type-2/3 with payload size: 91 at 2024-12-11 07:39:07.179354 sent 2024-12-11 07:39:07.175940
INFO:Message received on topic: type-2/3 with payload size: 91 at 2024-12-11 07:39:09.783272 sent 2024-12-11 07:39:09.781089
INFO:Message received on topic: type-2/3 with payload size: 91 at 2024-12-11 07:39:12.387274 sent 2024-12-11 07:39:12.385125
INFO:Message received on topic: type-2/3 with payload size: 91 at 2024-12-11 07:39:14.989219 sent 2024-12-11 07:39:14.987648
INFO:Message received on topic: type-2/3 with payload size: 91 at 2024-12-11 07:39:17.592987 sent 2024-12-11 07:39:17.590757
INFO:Message received on topic: type-2/3 with payload size: 91 at 2024-12-11 07:39:20.199236 sent 2024-12-11 07:39:20.195684
INFO:Message received on topic: type-2/3 with payload size: 91 at 2024-12-11 07:39:22.861760 sent 2024-12-11 07:39:22.802745
INFO:Message received on topic: type-2/3 with payload size: 91 at 2024-12-11 07:39:25.414958 sent 2024-12-11 07:39:25.413060
INFO:Message received on topic: type-2/3 with payload size: 91 at 2024-12-11 07:39:28.055594 sent 2024-12-11 07:39:28.021953
INFO:Message received on topic: type-2/3 with payload size: 91 at 2024-12-11 07:39:30.656310 sent 2024-12-11 07:39:30.629357
INFO:Message received on topic: type-2/3 with payload size: 91 at 2024-12-11 07:39:33.254464 sent 2024-12-11 07:39:33.234281
INFO:Message received on topic: type-2/3 with payload size: 91 at 2024-12-11 07:39:35.858659 sent 2024-12-11 07:39:35.844451
INFO:Message received on topic: type-2/3 with payload size: 91 at 2024-12-11 07:39:38.461729 sent 2024-12-11 07:39:38.450027
INFO:Message received on topic: type-2/3 with payload size: 91 at 2024-12-11 07:39:41.061767 sent 2024-12-11 07:39:41.057454
INFO:Message received on topic: type-2/3 with payload size: 91 at 2024-12-11 07:39:43.666597 sent 2024-12-11 07:39:43.661779
INFO:Message received on topic: type-2/3 with payload size: 91 at 2024-12-11 07:39:46.266216 sent 2024-12-11 07:39:46.263533
INFO:Message received on topic: type-2/3 with payload size: 91 at 2024-12-11 07:39:48.873565 sent 2024-12-11 07:39:48.868527
INFO:Message received on topic: type-2/3 with payload size: 91 at 2024-12-11 07:39:51.472894 sent 2024-12-11 07:39:51.471603
INFO:Message received on topic: type-2/3 with payload size: 91 at 2024-12-11 07:39:54.084109 sent 2024-12-11 07:39:54.082639
INFO:Message received on topic: type-2/3 with payload size: 91 at 2024-12-11 07:39:56.688518 sent 2024-12-11 07:39:56.686474
INFO:Message received on topic: type-2/3 with payload size: 91 at 2024-12-11 07:39:59.293954 sent 2024-12-11 07:39:59.292827
INFO:Message received on topic: type-2/3 with payload size: 91 at 2024-12-11 07:40:01.958990 sent 2024-12-11 07:40:01.903102
INFO:Message received on topic: type-2/3 with payload size: 91 at 2024-12-11 07:40:04.560782 sent 2024-12-11 07:40:04.506926
INFO:Message received on topic: type-2/3 with payload size: 91 at 2024-12-11 07:40:07.114851 sent 2024-12-11 07:40:07.112988
INFO:Message received on topic: type-2/3 with payload size: 91 at 2024-12-11 07:40:09.753045 sent 2024-12-11 07:40:09.718543
INFO:Message received on topic: type-2/3 with payload size: 91 at 2024-12-11 07:40:12.354822 sent 2024-12-11 07:40:12.320686
INFO:Message received on topic: type-2/3 with payload size: 91 at 2024-12-11 07:40:14.956056 sent 2024-12-11 07:40:14.923635
INFO:Message received on topic: type-2/3 with payload size: 91 at 2024-12-11 07:40:17.557412 sent 2024-12-11 07:40:17.526254
INFO:Message received on topic: type-2/3 with payload size: 91 at 2024-12-11 07:40:20.154442 sent 2024-12-11 07:40:20.133392
INFO:Message received on topic: type-2/3 with payload size: 91 at 2024-12-11 07:40:22.755658 sent 2024-12-11 07:40:22.739040
INFO:Message received on topic: type-2/3 with payload size: 91 at 2024-12-11 07:40:25.401083 sent 2024-12-11 07:40:25.346320
INFO:Message received on topic: type-2/3 with payload size: 91 at 2024-12-11 07:40:27.955265 sent 2024-12-11 07:40:27.950954
INFO:Message received on topic: type-2/3 with payload size: 91 at 2024-12-11 07:40:30.558098 sent 2024-12-11 07:40:30.555016
INFO:Message received on topic: type-2/3 with payload size: 91 at 2024-12-11 07:40:33.167674 sent 2024-12-11 07:40:33.158991
INFO:Message received on topic: type-2/3 with payload size: 91 at 2024-12-11 07:40:35.765982 sent 2024-12-11 07:40:35.763192
INFO:Message received on topic: type-2/3 with payload size: 91 at 2024-12-11 07:40:38.371070 sent 2024-12-11 07:40:38.366930
INFO:Message received on topic: type-2/3 with payload size: 91 at 2024-12-11 07:40:40.985525 sent 2024-12-11 07:40:40.972192
INFO:Message received on topic: type-2/3 with payload size: 91 at 2024-12-11 07:40:43.578400 sent 2024-12-11 07:40:43.575254
INFO:Message received on topic: type-2/3 with payload size: 91 at 2024-12-11 07:40:46.183215 sent 2024-12-11 07:40:46.178984
INFO:Message received on topic: type-2/3 with payload size: 91 at 2024-12-11 07:40:48.793198 sent 2024-12-11 07:40:48.788891
INFO:Message received on topic: type-2/3 with payload size: 91 at 2024-12-11 07:40:51.395579 sent 2024-12-11 07:40:51.394289
INFO:Message received on topic: type-2/3 with payload size: 91 at 2024-12-11 07:40:54.095060 sent 2024-12-11 07:40:53.995269
INFO:Message received on topic: type-2/3 with payload size: 91 at 2024-12-11 07:40:56.597118 sent 2024-12-11 07:40:56.595866
INFO:Message received on topic: type-2/3 with payload size: 91 at 2024-12-11 07:40:59.196627 sent 2024-12-11 07:40:59.187903
INFO:Message received on topic: type-2/3 with payload size: 91 at 2024-12-11 07:41:01.792817 sent 2024-12-11 07:41:01.791290
INFO:Message received on topic: type-2/3 with payload size: 91 at 2024-12-11 07:41:04.394678 sent 2024-12-11 07:41:04.393220
INFO:Message received on topic: type-2/3 with payload size: 91 at 2024-12-11 07:41:06.995919 sent 2024-12-11 07:41:06.994522
INFO:Message received on topic: type-2/3 with payload size: 91 at 2024-12-11 07:41:09.598641 sent 2024-12-11 07:41:09.597286
INFO:Message received on topic: type-2/3 with payload size: 91 at 2024-12-11 07:41:12.255713 sent 2024-12-11 07:41:12.199403
INFO:Message received on topic: type-2/3 with payload size: 91 at 2024-12-11 07:41:14.803620 sent 2024-12-11 07:41:14.802131
INFO:Message received on topic: type-2/3 with payload size: 91 at 2024-12-11 07:41:17.467479 sent 2024-12-11 07:41:17.403896
INFO:Message received on topic: type-2/3 with payload size: 91 at 2024-12-11 07:41:20.058022 sent 2024-12-11 07:41:20.005666
INFO:Message received on topic: type-2/3 with payload size: 91 at 2024-12-11 07:41:22.652629 sent 2024-12-11 07:41:22.608679
INFO:Message received on topic: type-2/3 with payload size: 91 at 2024-12-11 07:41:25.254874 sent 2024-12-11 07:41:25.210607
INFO:Message received on topic: type-2/3 with payload size: 91 at 2024-12-11 07:41:27.858318 sent 2024-12-11 07:41:27.812450
INFO:Message received on topic: type-2/3 with payload size: 91 at 2024-12-11 07:41:30.456138 sent 2024-12-11 07:41:30.413847
INFO:Message received on topic: type-2/3 with payload size: 91 at 2024-12-11 07:41:33.053443 sent 2024-12-11 07:41:33.016480
INFO:Message received on topic: type-2/3 with payload size: 91 at 2024-12-11 07:41:35.656145 sent 2024-12-11 07:41:35.619919
INFO:Message received on topic: type-2/3 with payload size: 91 at 2024-12-11 07:41:38.256911 sent 2024-12-11 07:41:38.226087
INFO:Message received on topic: type-2/3 with payload size: 91 at 2024-12-11 07:41:40.857102 sent 2024-12-11 07:41:40.834850
INFO:Message received on topic: type-2/3 with payload size: 91 at 2024-12-11 07:41:43.456632 sent 2024-12-11 07:41:43.438215
INFO:Message received on topic: type-2/3 with payload size: 91 at 2024-12-11 07:41:46.066280 sent 2024-12-11 07:41:46.039488
INFO:Message received on topic: type-2/3 with payload size: 91 at 2024-12-11 07:41:48.652942 sent 2024-12-11 07:41:48.642050
INFO:Message received on topic: type-2/3 with payload size: 91 at 2024-12-11 07:41:51.258748 sent 2024-12-11 07:41:51.245035
INFO:Message received on topic: type-2/3 with payload size: 91 at 2024-12-11 07:41:53.859829 sent 2024-12-11 07:41:53.849693
INFO:Message received on topic: type-2/3 with payload size: 91 at 2024-12-11 07:41:56.496677 sent 2024-12-11 07:41:56.447420
INFO:Message received on topic: type-2/3 with payload size: 91 at 2024-12-11 07:41:59.055543 sent 2024-12-11 07:41:59.031111
INFO:Message received on topic: type-2/3 with payload size: 91 at 2024-12-11 07:42:01.654723 sent 2024-12-11 07:42:01.619632
INFO:Message received on topic: type-2/3 with payload size: 91 at 2024-12-11 07:42:04.255198 sent 2024-12-11 07:42:04.202676
INFO:Message received on topic: type-2/3 with payload size: 91 at 2024-12-11 07:42:06.804268 sent 2024-12-11 07:42:06.803041
INFO:Message received on topic: type-2/3 with payload size: 91 at 2024-12-11 07:42:09.458678 sent 2024-12-11 07:42:09.406096
INFO:Message received on topic: type-2/3 with payload size: 91 at 2024-12-11 07:42:12.060153 sent 2024-12-11 07:42:12.011890
INFO:Message received on topic: type-2/3 with payload size: 91 at 2024-12-11 07:42:14.617034 sent 2024-12-11 07:42:14.615698
INFO:Message received on topic: type-2/3 with payload size: 91 at 2024-12-11 07:42:17.254900 sent 2024-12-11 07:42:17.219750
