INFO:Starting Version 1.0.5
DEBUG:Using selector: EpollSelector
INFO:Connecting to cluster at: mqtt-quic://emqx-headless.dtwins:14567 using QUIC
INFO:Subscribed to topic: type-2/15
INFO:Logging each: 50
INFO:Unhandled packet type received
INFO:Message received on topic: type-2/15 with payload size: 91 at 2024-12-11 07:34:26.852925 sent 2024-12-11 07:34:26.841362
INFO:Message received on topic: type-2/15 with payload size: 91 at 2024-12-11 07:34:29.442437 sent 2024-12-11 07:34:29.437455
INFO:Message received on topic: type-2/15 with payload size: 91 at 2024-12-11 07:34:32.054429 sent 2024-12-11 07:34:32.039128
INFO:Message received on topic: type-2/15 with payload size: 91 at 2024-12-11 07:34:34.659064 sent 2024-12-11 07:34:34.639411
INFO:Message received on topic: type-2/15 with payload size: 91 at 2024-12-11 07:34:37.253034 sent 2024-12-11 07:34:37.240425
INFO:Message received on topic: type-2/15 with payload size: 91 at 2024-12-11 07:34:39.869115 sent 2024-12-11 07:34:39.843451
INFO:Message received on topic: type-2/15 with payload size: 91 at 2024-12-11 07:34:42.457024 sent 2024-12-11 07:34:42.447977
INFO:Message received on topic: type-2/15 with payload size: 91 at 2024-12-11 07:34:45.069768 sent 2024-12-11 07:34:45.056424
INFO:Message received on topic: type-2/15 with payload size: 91 at 2024-12-11 07:34:47.671226 sent 2024-12-11 07:34:47.665236
INFO:Message received on topic: type-2/15 with payload size: 91 at 2024-12-11 07:34:50.271027 sent 2024-12-11 07:34:50.269708
INFO:Message received on topic: type-2/15 with payload size: 91 at 2024-12-11 07:34:52.870300 sent 2024-12-11 07:34:52.866518
INFO:Message received on topic: type-2/15 with payload size: 91 at 2024-12-11 07:34:55.476099 sent 2024-12-11 07:34:55.472915
INFO:Message received on topic: type-2/15 with payload size: 91 at 2024-12-11 07:34:58.091760 sent 2024-12-11 07:34:58.079457
INFO:Message received on topic: type-2/15 with payload size: 91 at 2024-12-11 07:35:00.691395 sent 2024-12-11 07:35:00.688829
INFO:Message received on topic: type-2/15 with payload size: 91 at 2024-12-11 07:35:03.292408 sent 2024-12-11 07:35:03.290558
INFO:Message received on topic: type-2/15 with payload size: 91 at 2024-12-11 07:35:05.898235 sent 2024-12-11 07:35:05.896533
INFO:Message received on topic: type-2/15 with payload size: 91 at 2024-12-11 07:35:08.495701 sent 2024-12-11 07:35:08.491663
INFO:Message received on topic: type-2/15 with payload size: 91 at 2024-12-11 07:35:11.097878 sent 2024-12-11 07:35:11.094994
INFO:Message received on topic: type-2/15 with payload size: 91 at 2024-12-11 07:35:13.694131 sent 2024-12-11 07:35:13.693186
INFO:Message received on topic: type-2/15 with payload size: 91 at 2024-12-11 07:35:16.281208 sent 2024-12-11 07:35:16.277983
INFO:Message received on topic: type-2/15 with payload size: 91 at 2024-12-11 07:35:18.865849 sent 2024-12-11 07:35:18.862074
INFO:Message received on topic: type-2/15 with payload size: 91 at 2024-12-11 07:35:21.458241 sent 2024-12-11 07:35:21.453401
INFO:Message received on topic: type-2/15 with payload size: 91 at 2024-12-11 07:35:24.053930 sent 2024-12-11 07:35:24.047397
INFO:Message received on topic: type-2/15 with payload size: 91 at 2024-12-11 07:35:26.654460 sent 2024-12-11 07:35:26.649172
INFO:Message received on topic: type-2/15 with payload size: 91 at 2024-12-11 07:35:29.264042 sent 2024-12-11 07:35:29.254568
INFO:Message received on topic: type-2/15 with payload size: 91 at 2024-12-11 07:35:31.864610 sent 2024-12-11 07:35:31.858663
INFO:Message received on topic: type-2/15 with payload size: 91 at 2024-12-11 07:35:34.463139 sent 2024-12-11 07:35:34.461237
INFO:Message received on topic: type-2/15 with payload size: 91 at 2024-12-11 07:35:37.065541 sent 2024-12-11 07:35:37.063429
INFO:Message received on topic: type-2/15 with payload size: 91 at 2024-12-11 07:35:39.679578 sent 2024-12-11 07:35:39.661060
INFO:Message received on topic: type-2/15 with payload size: 91 at 2024-12-11 07:35:42.268051 sent 2024-12-11 07:35:42.265266
INFO:Message received on topic: type-2/15 with payload size: 91 at 2024-12-11 07:35:44.872294 sent 2024-12-11 07:35:44.870804
INFO:Message received on topic: type-2/15 with payload size: 91 at 2024-12-11 07:35:47.474865 sent 2024-12-11 07:35:47.473657
INFO:Message received on topic: type-2/15 with payload size: 91 at 2024-12-11 07:35:50.078316 sent 2024-12-11 07:35:50.074509
INFO:Message received on topic: type-2/15 with payload size: 91 at 2024-12-11 07:35:52.678168 sent 2024-12-11 07:35:52.676948
INFO:Message received on topic: type-2/15 with payload size: 91 at 2024-12-11 07:35:55.285926 sent 2024-12-11 07:35:55.282020
INFO:Message received on topic: type-2/15 with payload size: 91 at 2024-12-11 07:35:57.889098 sent 2024-12-11 07:35:57.886488
INFO:Message received on topic: type-2/15 with payload size: 91 at 2024-12-11 07:36:00.496131 sent 2024-12-11 07:36:00.494387
INFO:Message received on topic: type-2/15 with payload size: 91 at 2024-12-11 07:36:03.097177 sent 2024-12-11 07:36:03.096008
INFO:Message received on topic: type-2/15 with payload size: 91 at 2024-12-11 07:36:05.698469 sent 2024-12-11 07:36:05.697114
INFO:Message received on topic: type-2/15 with payload size: 91 at 2024-12-11 07:36:08.300376 sent 2024-12-11 07:36:08.298658
INFO:Message received on topic: type-2/15 with payload size: 91 at 2024-12-11 07:36:10.956852 sent 2024-12-11 07:36:10.899461
INFO:Message received on topic: type-2/15 with payload size: 91 at 2024-12-11 07:36:13.502793 sent 2024-12-11 07:36:13.501461
INFO:Message received on topic: type-2/15 with payload size: 91 at 2024-12-11 07:36:16.153294 sent 2024-12-11 07:36:16.107816
INFO:Message received on topic: type-2/15 with payload size: 91 at 2024-12-11 07:36:18.767416 sent 2024-12-11 07:36:18.709044
INFO:Message received on topic: type-2/15 with payload size: 91 at 2024-12-11 07:36:21.356101 sent 2024-12-11 07:36:21.311129
INFO:Message received on topic: type-2/15 with payload size: 91 at 2024-12-11 07:36:23.951995 sent 2024-12-11 07:36:23.913675
INFO:Message received on topic: type-2/15 with payload size: 91 at 2024-12-11 07:36:26.558670 sent 2024-12-11 07:36:26.517511
INFO:Message received on topic: type-2/15 with payload size: 91 at 2024-12-11 07:36:29.157763 sent 2024-12-11 07:36:29.112661
INFO:Message received on topic: type-2/15 with payload size: 91 at 2024-12-11 07:36:31.753252 sent 2024-12-11 07:36:31.713789
INFO:Message received on topic: type-2/15 with payload size: 91 at 2024-12-11 07:36:34.355636 sent 2024-12-11 07:36:34.323320
INFO:Message received on topic: type-2/15 with payload size: 91 at 2024-12-11 07:36:36.954696 sent 2024-12-11 07:36:36.926804
INFO:Message received on topic: type-2/15 with payload size: 91 at 2024-12-11 07:36:39.560120 sent 2024-12-11 07:36:39.531044
INFO:Message received on topic: type-2/15 with payload size: 91 at 2024-12-11 07:36:42.162031 sent 2024-12-11 07:36:42.136935
INFO:Message received on topic: type-2/15 with payload size: 91 at 2024-12-11 07:36:44.754244 sent 2024-12-11 07:36:44.740597
INFO:Message received on topic: type-2/15 with payload size: 91 at 2024-12-11 07:36:47.359289 sent 2024-12-11 07:36:47.352208
INFO:Message received on topic: type-2/15 with payload size: 91 at 2024-12-11 07:36:49.957164 sent 2024-12-11 07:36:49.949089
INFO:Message received on topic: type-2/15 with payload size: 91 at 2024-12-11 07:36:52.562659 sent 2024-12-11 07:36:52.556256
INFO:Message received on topic: type-2/15 with payload size: 91 at 2024-12-11 07:36:55.161106 sent 2024-12-11 07:36:55.159524
INFO:Message received on topic: type-2/15 with payload size: 91 at 2024-12-11 07:36:57.764080 sent 2024-12-11 07:36:57.762666
INFO:Message received on topic: type-2/15 with payload size: 91 at 2024-12-11 07:37:00.369596 sent 2024-12-11 07:37:00.367575
INFO:Message received on topic: type-2/15 with payload size: 91 at 2024-12-11 07:37:02.970818 sent 2024-12-11 07:37:02.969442
INFO:Message received on topic: type-2/15 with payload size: 91 at 2024-12-11 07:37:05.572675 sent 2024-12-11 07:37:05.571098
INFO:Message received on topic: type-2/15 with payload size: 91 at 2024-12-11 07:37:08.172883 sent 2024-12-11 07:37:08.171458
INFO:Message received on topic: type-2/15 with payload size: 91 at 2024-12-11 07:37:10.774810 sent 2024-12-11 07:37:10.772749
INFO:Message received on topic: type-2/15 with payload size: 91 at 2024-12-11 07:37:13.375570 sent 2024-12-11 07:37:13.374140
INFO:Message received on topic: type-2/15 with payload size: 91 at 2024-12-11 07:37:15.980173 sent 2024-12-11 07:37:15.977421
INFO:Message received on topic: type-2/15 with payload size: 91 at 2024-12-11 07:37:18.580253 sent 2024-12-11 07:37:18.578886
INFO:Message received on topic: type-2/15 with payload size: 91 at 2024-12-11 07:37:21.182482 sent 2024-12-11 07:37:21.181135
INFO:Message received on topic: type-2/15 with payload size: 91 at 2024-12-11 07:37:23.784050 sent 2024-12-11 07:37:23.782174
INFO:Message received on topic: type-2/15 with payload size: 91 at 2024-12-11 07:37:26.387684 sent 2024-12-11 07:37:26.386207
INFO:Message received on topic: type-2/15 with payload size: 91 at 2024-12-11 07:37:28.989739 sent 2024-12-11 07:37:28.988225
INFO:Message received on topic: type-2/15 with payload size: 91 at 2024-12-11 07:37:31.590905 sent 2024-12-11 07:37:31.589645
INFO:Message received on topic: type-2/15 with payload size: 91 at 2024-12-11 07:37:34.252988 sent 2024-12-11 07:37:34.194905
INFO:Message received on topic: type-2/15 with payload size: 91 at 2024-12-11 07:37:36.842612 sent 2024-12-11 07:37:36.802613
INFO:Message received on topic: type-2/15 with payload size: 91 at 2024-12-11 07:37:39.444302 sent 2024-12-11 07:37:39.405381
INFO:Message received on topic: type-2/15 with payload size: 91 at 2024-12-11 07:37:42.054073 sent 2024-12-11 07:37:42.008180
INFO:Message received on topic: type-2/15 with payload size: 91 at 2024-12-11 07:37:44.651572 sent 2024-12-11 07:37:44.619534
INFO:Message received on topic: type-2/15 with payload size: 91 at 2024-12-11 07:37:47.242054 sent 2024-12-11 07:37:47.224564
INFO:Message received on topic: type-2/15 with payload size: 91 at 2024-12-11 07:37:49.851995 sent 2024-12-11 07:37:49.826672
INFO:Message received on topic: type-2/15 with payload size: 91 at 2024-12-11 07:37:52.449847 sent 2024-12-11 07:37:52.430297
INFO:Message received on topic: type-2/15 with payload size: 91 at 2024-12-11 07:37:55.058855 sent 2024-12-11 07:37:55.036773
INFO:Message received on topic: type-2/15 with payload size: 91 at 2024-12-11 07:37:57.655184 sent 2024-12-11 07:37:57.637295
INFO:Message received on topic: type-2/15 with payload size: 91 at 2024-12-11 07:38:00.258397 sent 2024-12-11 07:38:00.242498
INFO:Message received on topic: type-2/15 with payload size: 91 at 2024-12-11 07:38:02.868837 sent 2024-12-11 07:38:02.845048
INFO:Message received on topic: type-2/15 with payload size: 91 at 2024-12-11 07:38:05.467505 sent 2024-12-11 07:38:05.440604
INFO:Message received on topic: type-2/15 with payload size: 91 at 2024-12-11 07:38:08.059080 sent 2024-12-11 07:38:08.045639
INFO:Message received on topic: type-2/15 with payload size: 91 at 2024-12-11 07:38:10.653150 sent 2024-12-11 07:38:10.647413
INFO:Message received on topic: type-2/15 with payload size: 91 at 2024-12-11 07:38:13.258902 sent 2024-12-11 07:38:13.250401
INFO:Message received on topic: type-2/15 with payload size: 91 at 2024-12-11 07:38:15.855286 sent 2024-12-11 07:38:15.851745
INFO:Message received on topic: type-2/15 with payload size: 91 at 2024-12-11 07:38:18.460740 sent 2024-12-11 07:38:18.458433
INFO:Message received on topic: type-2/15 with payload size: 91 at 2024-12-11 07:38:21.062537 sent 2024-12-11 07:38:21.059971
INFO:Message received on topic: type-2/15 with payload size: 91 at 2024-12-11 07:38:23.667599 sent 2024-12-11 07:38:23.661826
INFO:Message received on topic: type-2/15 with payload size: 91 at 2024-12-11 07:38:26.264739 sent 2024-12-11 07:38:26.262191
INFO:Message received on topic: type-2/15 with payload size: 91 at 2024-12-11 07:38:28.868826 sent 2024-12-11 07:38:28.863460
INFO:Message received on topic: type-2/15 with payload size: 91 at 2024-12-11 07:38:31.470116 sent 2024-12-11 07:38:31.464947
INFO:Message received on topic: type-2/15 with payload size: 91 at 2024-12-11 07:38:34.073442 sent 2024-12-11 07:38:34.069003
INFO:Message received on topic: type-2/15 with payload size: 91 at 2024-12-11 07:38:36.673684 sent 2024-12-11 07:38:36.670314
INFO:Message received on topic: type-2/15 with payload size: 91 at 2024-12-11 07:38:39.280611 sent 2024-12-11 07:38:39.277173
INFO:Message received on topic: type-2/15 with payload size: 91 at 2024-12-11 07:38:41.886827 sent 2024-12-11 07:38:41.884974
INFO:Message received on topic: type-2/15 with payload size: 91 at 2024-12-11 07:38:44.492753 sent 2024-12-11 07:38:44.490605
INFO:Message received on topic: type-2/15 with payload size: 91 at 2024-12-11 07:38:47.156078 sent 2024-12-11 07:38:47.099142
INFO:Message received on topic: type-2/15 with payload size: 91 at 2024-12-11 07:38:49.707681 sent 2024-12-11 07:38:49.706196
INFO:Message received on topic: type-2/15 with payload size: 91 at 2024-12-11 07:38:52.353003 sent 2024-12-11 07:38:52.310532
INFO:Message received on topic: type-2/15 with payload size: 91 at 2024-12-11 07:38:54.957899 sent 2024-12-11 07:38:54.914375
INFO:Message received on topic: type-2/15 with payload size: 91 at 2024-12-11 07:38:57.552283 sent 2024-12-11 07:38:57.517756
INFO:Message received on topic: type-2/15 with payload size: 91 at 2024-12-11 07:39:00.154895 sent 2024-12-11 07:39:00.119943
INFO:Message received on topic: type-2/15 with payload size: 91 at 2024-12-11 07:39:02.758789 sent 2024-12-11 07:39:02.721209
INFO:Message received on topic: type-2/15 with payload size: 91 at 2024-12-11 07:39:05.354700 sent 2024-12-11 07:39:05.323317
INFO:Message received on topic: type-2/15 with payload size: 91 at 2024-12-11 07:39:07.951722 sent 2024-12-11 07:39:07.925416
INFO:Message received on topic: type-2/15 with payload size: 91 at 2024-12-11 07:39:10.553930 sent 2024-12-11 07:39:10.529824
INFO:Message received on topic: type-2/15 with payload size: 91 at 2024-12-11 07:39:13.154048 sent 2024-12-11 07:39:13.133674
INFO:Message received on topic: type-2/15 with payload size: 91 at 2024-12-11 07:39:15.768837 sent 2024-12-11 07:39:15.742542
INFO:Message received on topic: type-2/15 with payload size: 91 at 2024-12-11 07:39:18.361032 sent 2024-12-11 07:39:18.347455
INFO:Message received on topic: type-2/15 with payload size: 91 at 2024-12-11 07:39:20.963130 sent 2024-12-11 07:39:20.959004
INFO:Message received on topic: type-2/15 with payload size: 91 at 2024-12-11 07:39:23.570161 sent 2024-12-11 07:39:23.567437
INFO:Message received on topic: type-2/15 with payload size: 91 at 2024-12-11 07:39:26.176262 sent 2024-12-11 07:39:26.174477
INFO:Message received on topic: type-2/15 with payload size: 91 at 2024-12-11 07:39:28.782477 sent 2024-12-11 07:39:28.781113
INFO:Message received on topic: type-2/15 with payload size: 91 at 2024-12-11 07:39:31.390131 sent 2024-12-11 07:39:31.388757
INFO:Message received on topic: type-2/15 with payload size: 91 at 2024-12-11 07:39:33.996868 sent 2024-12-11 07:39:33.994609
INFO:Message received on topic: type-2/15 with payload size: 91 at 2024-12-11 07:39:36.601125 sent 2024-12-11 07:39:36.599562
INFO:Message received on topic: type-2/15 with payload size: 91 at 2024-12-11 07:39:39.253209 sent 2024-12-11 07:39:39.206818
INFO:Message received on topic: type-2/15 with payload size: 91 at 2024-12-11 07:39:41.853185 sent 2024-12-11 07:39:41.813797
INFO:Message received on topic: type-2/15 with payload size: 91 at 2024-12-11 07:39:44.452510 sent 2024-12-11 07:39:44.417807
INFO:Message received on topic: type-2/15 with payload size: 91 at 2024-12-11 07:39:47.053198 sent 2024-12-11 07:39:47.021412
INFO:Message received on topic: type-2/15 with payload size: 91 at 2024-12-11 07:39:49.654669 sent 2024-12-11 07:39:49.626042
INFO:Message received on topic: type-2/15 with payload size: 91 at 2024-12-11 07:39:52.254709 sent 2024-12-11 07:39:52.227459
INFO:Message received on topic: type-2/15 with payload size: 91 at 2024-12-11 07:39:54.858307 sent 2024-12-11 07:39:54.835243
INFO:Message received on topic: type-2/15 with payload size: 91 at 2024-12-11 07:39:57.454307 sent 2024-12-11 07:39:57.442280
INFO:Message received on topic: type-2/15 with payload size: 91 at 2024-12-11 07:40:00.057707 sent 2024-12-11 07:40:00.048925
INFO:Message received on topic: type-2/15 with payload size: 91 at 2024-12-11 07:40:02.668418 sent 2024-12-11 07:40:02.655904
INFO:Message received on topic: type-2/15 with payload size: 91 at 2024-12-11 07:40:05.264943 sent 2024-12-11 07:40:05.261546
INFO:Message received on topic: type-2/15 with payload size: 91 at 2024-12-11 07:40:07.875503 sent 2024-12-11 07:40:07.865253
INFO:Message received on topic: type-2/15 with payload size: 91 at 2024-12-11 07:40:10.472450 sent 2024-12-11 07:40:10.469441
INFO:Message received on topic: type-2/15 with payload size: 91 at 2024-12-11 07:40:13.074471 sent 2024-12-11 07:40:13.072819
INFO:Message received on topic: type-2/15 with payload size: 91 at 2024-12-11 07:40:15.677883 sent 2024-12-11 07:40:15.674841
INFO:Message received on topic: type-2/15 with payload size: 91 at 2024-12-11 07:40:18.278020 sent 2024-12-11 07:40:18.276601
INFO:Message received on topic: type-2/15 with payload size: 91 at 2024-12-11 07:40:20.889732 sent 2024-12-11 07:40:20.882078
INFO:Message received on topic: type-2/15 with payload size: 91 at 2024-12-11 07:40:23.493299 sent 2024-12-11 07:40:23.491534
INFO:Message received on topic: type-2/15 with payload size: 91 at 2024-12-11 07:40:26.097055 sent 2024-12-11 07:40:26.095840
INFO:Message received on topic: type-2/15 with payload size: 91 at 2024-12-11 07:40:28.755446 sent 2024-12-11 07:40:28.700147
INFO:Message received on topic: type-2/15 with payload size: 91 at 2024-12-11 07:40:31.303433 sent 2024-12-11 07:40:31.301981
INFO:Message received on topic: type-2/15 with payload size: 91 at 2024-12-11 07:40:33.951956 sent 2024-12-11 07:40:33.905056
INFO:Message received on topic: type-2/15 with payload size: 91 at 2024-12-11 07:40:36.554176 sent 2024-12-11 07:40:36.505844
INFO:Message received on topic: type-2/15 with payload size: 91 at 2024-12-11 07:40:39.155249 sent 2024-12-11 07:40:39.108260
INFO:Message received on topic: type-2/15 with payload size: 91 at 2024-12-11 07:40:41.753991 sent 2024-12-11 07:40:41.711664
INFO:Message received on topic: type-2/15 with payload size: 91 at 2024-12-11 07:40:44.363132 sent 2024-12-11 07:40:44.314745
INFO:Message received on topic: type-2/15 with payload size: 91 at 2024-12-11 07:40:46.962744 sent 2024-12-11 07:40:46.918013
INFO:Message received on topic: type-2/15 with payload size: 91 at 2024-12-11 07:40:49.554003 sent 2024-12-11 07:40:49.520866
INFO:Message received on topic: type-2/15 with payload size: 91 at 2024-12-11 07:40:52.160424 sent 2024-12-11 07:40:52.124010
INFO:Message received on topic: type-2/15 with payload size: 91 at 2024-12-11 07:40:54.763471 sent 2024-12-11 07:40:54.733885
INFO:Message received on topic: type-2/15 with payload size: 91 at 2024-12-11 07:40:57.350945 sent 2024-12-11 07:40:57.334840
INFO:Message received on topic: type-2/15 with payload size: 91 at 2024-12-11 07:40:59.956094 sent 2024-12-11 07:40:59.936303
INFO:Message received on topic: type-2/15 with payload size: 91 at 2024-12-11 07:41:02.552215 sent 2024-12-11 07:41:02.538014
INFO:Message received on topic: type-2/15 with payload size: 91 at 2024-12-11 07:41:05.154622 sent 2024-12-11 07:41:05.139171
INFO:Message received on topic: type-2/15 with payload size: 91 at 2024-12-11 07:41:07.756770 sent 2024-12-11 07:41:07.741119
INFO:Message received on topic: type-2/15 with payload size: 91 at 2024-12-11 07:41:10.357954 sent 2024-12-11 07:41:10.343895
INFO:Message received on topic: type-2/15 with payload size: 91 at 2024-12-11 07:41:12.958266 sent 2024-12-11 07:41:12.945945
INFO:Message received on topic: type-2/15 with payload size: 91 at 2024-12-11 07:41:15.559293 sent 2024-12-11 07:41:15.547219
INFO:Message received on topic: type-2/15 with payload size: 91 at 2024-12-11 07:41:18.159126 sent 2024-12-11 07:41:18.148619
INFO:Message received on topic: type-2/15 with payload size: 91 at 2024-12-11 07:41:20.758852 sent 2024-12-11 07:41:20.752483
INFO:Message received on topic: type-2/15 with payload size: 91 at 2024-12-11 07:41:23.358548 sent 2024-12-11 07:41:23.356474
INFO:Message received on topic: type-2/15 with payload size: 91 at 2024-12-11 07:41:25.962208 sent 2024-12-11 07:41:25.959296
INFO:Message received on topic: type-2/15 with payload size: 91 at 2024-12-11 07:41:28.568887 sent 2024-12-11 07:41:28.567513
INFO:Message received on topic: type-2/15 with payload size: 91 at 2024-12-11 07:41:31.176796 sent 2024-12-11 07:41:31.172912
INFO:Message received on topic: type-2/15 with payload size: 91 at 2024-12-11 07:41:33.780692 sent 2024-12-11 07:41:33.778530
INFO:Message received on topic: type-2/15 with payload size: 91 at 2024-12-11 07:41:36.382653 sent 2024-12-11 07:41:36.381244
INFO:Message received on topic: type-2/15 with payload size: 91 at 2024-12-11 07:41:38.989162 sent 2024-12-11 07:41:38.985054
INFO:Message received on topic: type-2/15 with payload size: 91 at 2024-12-11 07:41:41.652126 sent 2024-12-11 07:41:41.588773
INFO:Message received on topic: type-2/15 with payload size: 91 at 2024-12-11 07:41:44.194564 sent 2024-12-11 07:41:44.192960
INFO:Message received on topic: type-2/15 with payload size: 91 at 2024-12-11 07:41:46.798474 sent 2024-12-11 07:41:46.797134
INFO:Message received on topic: type-2/15 with payload size: 91 at 2024-12-11 07:41:49.400048 sent 2024-12-11 07:41:49.398821
INFO:Message received on topic: type-2/15 with payload size: 91 at 2024-12-11 07:41:52.061863 sent 2024-12-11 07:41:52.005131
INFO:Message received on topic: type-2/15 with payload size: 91 at 2024-12-11 07:41:54.657354 sent 2024-12-11 07:41:54.614585
INFO:Message received on topic: type-2/15 with payload size: 91 at 2024-12-11 07:41:57.205579 sent 2024-12-11 07:41:57.204656
INFO:Message received on topic: type-2/15 with payload size: 91 at 2024-12-11 07:41:59.788965 sent 2024-12-11 07:41:59.788007
INFO:Message received on topic: type-2/15 with payload size: 91 at 2024-12-11 07:42:02.380303 sent 2024-12-11 07:42:02.379441
INFO:Message received on topic: type-2/15 with payload size: 91 at 2024-12-11 07:42:04.967876 sent 2024-12-11 07:42:04.963800
INFO:Message received on topic: type-2/15 with payload size: 91 at 2024-12-11 07:42:07.580541 sent 2024-12-11 07:42:07.567499
INFO:Message received on topic: type-2/15 with payload size: 91 at 2024-12-11 07:42:10.172972 sent 2024-12-11 07:42:10.171605
INFO:Message received on topic: type-2/15 with payload size: 91 at 2024-12-11 07:42:12.777522 sent 2024-12-11 07:42:12.775630
INFO:Message received on topic: type-2/15 with payload size: 91 at 2024-12-11 07:42:15.380747 sent 2024-12-11 07:42:15.379204
INFO:Message received on topic: type-2/15 with payload size: 91 at 2024-12-11 07:42:17.986666 sent 2024-12-11 07:42:17.985140
INFO:Message received on topic: type-2/15 with payload size: 91 at 2024-12-11 07:42:20.594530 sent 2024-12-11 07:42:20.592791
INFO:Message received on topic: type-2/15 with payload size: 91 at 2024-12-11 07:42:23.257878 sent 2024-12-11 07:42:23.199879
INFO:Message received on topic: type-2/15 with payload size: 91 at 2024-12-11 07:42:25.803584 sent 2024-12-11 07:42:25.802039
INFO:Message received on topic: type-2/15 with payload size: 91 at 2024-12-11 07:42:28.409838 sent 2024-12-11 07:42:28.408468
INFO:Message received on topic: type-2/15 with payload size: 91 at 2024-12-11 07:42:31.056576 sent 2024-12-11 07:42:31.015263
INFO:Message received on topic: type-2/15 with payload size: 91 at 2024-12-11 07:42:33.653004 sent 2024-12-11 07:42:33.619683
INFO:Message received on topic: type-2/15 with payload size: 91 at 2024-12-11 07:42:36.258737 sent 2024-12-11 07:42:36.222505
INFO:Message received on topic: type-2/15 with payload size: 91 at 2024-12-11 07:42:38.856263 sent 2024-12-11 07:42:38.826143
INFO:Message received on topic: type-2/15 with payload size: 91 at 2024-12-11 07:42:41.458009 sent 2024-12-11 07:42:41.431506
INFO:Message received on topic: type-2/15 with payload size: 91 at 2024-12-11 07:42:44.053895 sent 2024-12-11 07:42:44.032410
INFO:Message received on topic: type-2/15 with payload size: 91 at 2024-12-11 07:42:46.650243 sent 2024-12-11 07:42:46.634392
INFO:Message received on topic: type-2/15 with payload size: 91 at 2024-12-11 07:42:49.253882 sent 2024-12-11 07:42:49.237890
INFO:Message received on topic: type-2/15 with payload size: 91 at 2024-12-11 07:42:51.853469 sent 2024-12-11 07:42:51.840389
INFO:Message received on topic: type-2/15 with payload size: 91 at 2024-12-11 07:42:54.453797 sent 2024-12-11 07:42:54.444139
