INFO:Starting Version 1.0.5
DEBUG:Using selector: EpollSelector
INFO:Connecting to cluster at: mqtt-quic://emqx-headless.dtwins:14567 using QUIC
INFO:Subscribed to topic: type-2/10
INFO:Logging each: 50
INFO:Unhandled packet type received
INFO:Message received on topic: type-2/10 with payload size: 91 at 2024-12-11 07:34:10.838819 sent 2024-12-11 07:34:10.833465
INFO:Message received on topic: type-2/10 with payload size: 91 at 2024-12-11 07:34:13.437735 sent 2024-12-11 07:34:13.431529
INFO:Message received on topic: type-2/10 with payload size: 91 at 2024-12-11 07:34:16.038771 sent 2024-12-11 07:34:16.029186
INFO:Message received on topic: type-2/10 with payload size: 91 at 2024-12-11 07:34:18.650625 sent 2024-12-11 07:34:18.632949
INFO:Message received on topic: type-2/10 with payload size: 91 at 2024-12-11 07:34:21.238288 sent 2024-12-11 07:34:21.233947
INFO:Message received on topic: type-2/10 with payload size: 91 at 2024-12-11 07:34:23.841933 sent 2024-12-11 07:34:23.831566
INFO:Message received on topic: type-2/10 with payload size: 91 at 2024-12-11 07:34:26.441881 sent 2024-12-11 07:34:26.427914
INFO:Message received on topic: type-2/10 with payload size: 91 at 2024-12-11 07:34:29.052259 sent 2024-12-11 07:34:29.026679
INFO:Message received on topic: type-2/10 with payload size: 91 at 2024-12-11 07:34:31.650996 sent 2024-12-11 07:34:31.630471
INFO:Message received on topic: type-2/10 with payload size: 91 at 2024-12-11 07:34:34.240931 sent 2024-12-11 07:34:34.234920
INFO:Message received on topic: type-2/10 with payload size: 91 at 2024-12-11 07:34:36.851734 sent 2024-12-11 07:34:36.833472
INFO:Message received on topic: type-2/10 with payload size: 91 at 2024-12-11 07:34:39.454308 sent 2024-12-11 07:34:39.438961
INFO:Message received on topic: type-2/10 with payload size: 91 at 2024-12-11 07:34:42.054475 sent 2024-12-11 07:34:42.042423
INFO:Message received on topic: type-2/10 with payload size: 91 at 2024-12-11 07:34:44.658073 sent 2024-12-11 07:34:44.654303
INFO:Message received on topic: type-2/10 with payload size: 91 at 2024-12-11 07:34:47.265419 sent 2024-12-11 07:34:47.262997
INFO:Message received on topic: type-2/10 with payload size: 91 at 2024-12-11 07:34:49.871658 sent 2024-12-11 07:34:49.868088
INFO:Message received on topic: type-2/10 with payload size: 91 at 2024-12-11 07:34:52.468094 sent 2024-12-11 07:34:52.465816
INFO:Message received on topic: type-2/10 with payload size: 91 at 2024-12-11 07:34:55.074059 sent 2024-12-11 07:34:55.070815
INFO:Message received on topic: type-2/10 with payload size: 91 at 2024-12-11 07:34:57.690221 sent 2024-12-11 07:34:57.676426
INFO:Message received on topic: type-2/10 with payload size: 91 at 2024-12-11 07:35:00.292177 sent 2024-12-11 07:35:00.281659
INFO:Message received on topic: type-2/10 with payload size: 91 at 2024-12-11 07:35:02.895266 sent 2024-12-11 07:35:02.890927
INFO:Message received on topic: type-2/10 with payload size: 91 at 2024-12-11 07:35:05.498901 sent 2024-12-11 07:35:05.497495
INFO:Message received on topic: type-2/10 with payload size: 91 at 2024-12-11 07:35:08.094015 sent 2024-12-11 07:35:08.091825
INFO:Message received on topic: type-2/10 with payload size: 91 at 2024-12-11 07:35:10.694494 sent 2024-12-11 07:35:10.693077
INFO:Message received on topic: type-2/10 with payload size: 91 at 2024-12-11 07:35:13.350148 sent 2024-12-11 07:35:13.294365
INFO:Message received on topic: type-2/10 with payload size: 91 at 2024-12-11 07:35:15.880989 sent 2024-12-11 07:35:15.878516
INFO:Message received on topic: type-2/10 with payload size: 91 at 2024-12-11 07:35:18.473959 sent 2024-12-11 07:35:18.463360
INFO:Message received on topic: type-2/10 with payload size: 91 at 2024-12-11 07:35:21.057364 sent 2024-12-11 07:35:21.050774
INFO:Message received on topic: type-2/10 with payload size: 91 at 2024-12-11 07:35:23.654637 sent 2024-12-11 07:35:23.644066
INFO:Message received on topic: type-2/10 with payload size: 91 at 2024-12-11 07:35:26.253742 sent 2024-12-11 07:35:26.245597
INFO:Message received on topic: type-2/10 with payload size: 91 at 2024-12-11 07:35:28.856961 sent 2024-12-11 07:35:28.847754
INFO:Message received on topic: type-2/10 with payload size: 91 at 2024-12-11 07:35:31.472728 sent 2024-12-11 07:35:31.454654
INFO:Message received on topic: type-2/10 with payload size: 91 at 2024-12-11 07:35:34.062216 sent 2024-12-11 07:35:34.058110
INFO:Message received on topic: type-2/10 with payload size: 91 at 2024-12-11 07:35:36.666014 sent 2024-12-11 07:35:36.659673
INFO:Message received on topic: type-2/10 with payload size: 91 at 2024-12-11 07:35:39.268718 sent 2024-12-11 07:35:39.258611
INFO:Message received on topic: type-2/10 with payload size: 91 at 2024-12-11 07:35:41.867178 sent 2024-12-11 07:35:41.862812
INFO:Message received on topic: type-2/10 with payload size: 91 at 2024-12-11 07:35:44.468007 sent 2024-12-11 07:35:44.465447
INFO:Message received on topic: type-2/10 with payload size: 91 at 2024-12-11 07:35:47.080168 sent 2024-12-11 07:35:47.072906
INFO:Message received on topic: type-2/10 with payload size: 91 at 2024-12-11 07:35:49.676133 sent 2024-12-11 07:35:49.674612
INFO:Message received on topic: type-2/10 with payload size: 91 at 2024-12-11 07:35:52.279031 sent 2024-12-11 07:35:52.277599
INFO:Message received on topic: type-2/10 with payload size: 91 at 2024-12-11 07:35:54.884257 sent 2024-12-11 07:35:54.879168
INFO:Message received on topic: type-2/10 with payload size: 91 at 2024-12-11 07:35:57.484497 sent 2024-12-11 07:35:57.482897
INFO:Message received on topic: type-2/10 with payload size: 91 at 2024-12-11 07:36:00.090252 sent 2024-12-11 07:36:00.087975
INFO:Message received on topic: type-2/10 with payload size: 91 at 2024-12-11 07:36:02.695773 sent 2024-12-11 07:36:02.694501
INFO:Message received on topic: type-2/10 with payload size: 91 at 2024-12-11 07:36:05.297529 sent 2024-12-11 07:36:05.296209
INFO:Message received on topic: type-2/10 with payload size: 91 at 2024-12-11 07:36:07.959933 sent 2024-12-11 07:36:07.903702
INFO:Message received on topic: type-2/10 with payload size: 91 at 2024-12-11 07:36:10.551893 sent 2024-12-11 07:36:10.513692
INFO:Message received on topic: type-2/10 with payload size: 91 at 2024-12-11 07:36:13.155664 sent 2024-12-11 07:36:13.121601
INFO:Message received on topic: type-2/10 with payload size: 91 at 2024-12-11 07:36:15.755916 sent 2024-12-11 07:36:15.724568
INFO:Message received on topic: type-2/10 with payload size: 91 at 2024-12-11 07:36:18.363988 sent 2024-12-11 07:36:18.328567
INFO:Message received on topic: type-2/10 with payload size: 91 at 2024-12-11 07:36:20.953090 sent 2024-12-11 07:36:20.937138
INFO:Message received on topic: type-2/10 with payload size: 91 at 2024-12-11 07:36:23.552568 sent 2024-12-11 07:36:23.542589
INFO:Message received on topic: type-2/10 with payload size: 91 at 2024-12-11 07:36:26.154829 sent 2024-12-11 07:36:26.144492
INFO:Message received on topic: type-2/10 with payload size: 91 at 2024-12-11 07:36:28.758221 sent 2024-12-11 07:36:28.741776
INFO:Message received on topic: type-2/10 with payload size: 91 at 2024-12-11 07:36:31.355408 sent 2024-12-11 07:36:31.344158
INFO:Message received on topic: type-2/10 with payload size: 91 at 2024-12-11 07:36:33.959012 sent 2024-12-11 07:36:33.950425
INFO:Message received on topic: type-2/10 with payload size: 91 at 2024-12-11 07:36:36.580647 sent 2024-12-11 07:36:36.557672
INFO:Message received on topic: type-2/10 with payload size: 91 at 2024-12-11 07:36:39.173548 sent 2024-12-11 07:36:39.165410
INFO:Message received on topic: type-2/10 with payload size: 91 at 2024-12-11 07:36:41.778563 sent 2024-12-11 07:36:41.772634
INFO:Message received on topic: type-2/10 with payload size: 91 at 2024-12-11 07:36:44.378385 sent 2024-12-11 07:36:44.377116
INFO:Message received on topic: type-2/10 with payload size: 91 at 2024-12-11 07:36:46.983911 sent 2024-12-11 07:36:46.982572
INFO:Message received on topic: type-2/10 with payload size: 91 at 2024-12-11 07:36:49.584104 sent 2024-12-11 07:36:49.582380
INFO:Message received on topic: type-2/10 with payload size: 91 at 2024-12-11 07:36:52.188783 sent 2024-12-11 07:36:52.184617
INFO:Message received on topic: type-2/10 with payload size: 91 at 2024-12-11 07:36:54.790079 sent 2024-12-11 07:36:54.786840
INFO:Message received on topic: type-2/10 with payload size: 91 at 2024-12-11 07:36:57.390261 sent 2024-12-11 07:36:57.388831
INFO:Message received on topic: type-2/10 with payload size: 91 at 2024-12-11 07:37:00.046865 sent 2024-12-11 07:36:59.993542
INFO:Message received on topic: type-2/10 with payload size: 91 at 2024-12-11 07:37:02.643642 sent 2024-12-11 07:37:02.596846
INFO:Message received on topic: type-2/10 with payload size: 91 at 2024-12-11 07:37:05.241854 sent 2024-12-11 07:37:05.199788
INFO:Message received on topic: type-2/10 with payload size: 91 at 2024-12-11 07:37:07.805466 sent 2024-12-11 07:37:07.804141
INFO:Message received on topic: type-2/10 with payload size: 91 at 2024-12-11 07:37:10.442080 sent 2024-12-11 07:37:10.406575
INFO:Message received on topic: type-2/10 with payload size: 91 at 2024-12-11 07:37:13.040979 sent 2024-12-11 07:37:13.010271
INFO:Message received on topic: type-2/10 with payload size: 91 at 2024-12-11 07:37:15.641778 sent 2024-12-11 07:37:15.616218
INFO:Message received on topic: type-2/10 with payload size: 91 at 2024-12-11 07:37:18.244042 sent 2024-12-11 07:37:18.219439
INFO:Message received on topic: type-2/10 with payload size: 91 at 2024-12-11 07:37:20.848600 sent 2024-12-11 07:37:20.822673
INFO:Message received on topic: type-2/10 with payload size: 91 at 2024-12-11 07:37:23.442603 sent 2024-12-11 07:37:23.423421
INFO:Message received on topic: type-2/10 with payload size: 91 at 2024-12-11 07:37:26.052199 sent 2024-12-11 07:37:26.026312
INFO:Message received on topic: type-2/10 with payload size: 91 at 2024-12-11 07:37:28.643717 sent 2024-12-11 07:37:28.629139
INFO:Message received on topic: type-2/10 with payload size: 91 at 2024-12-11 07:37:31.240555 sent 2024-12-11 07:37:31.231317
INFO:Message received on topic: type-2/10 with payload size: 91 at 2024-12-11 07:37:33.861793 sent 2024-12-11 07:37:33.835657
INFO:Message received on topic: type-2/10 with payload size: 91 at 2024-12-11 07:37:36.452250 sent 2024-12-11 07:37:36.443681
INFO:Message received on topic: type-2/10 with payload size: 91 at 2024-12-11 07:37:39.054144 sent 2024-12-11 07:37:39.046036
INFO:Message received on topic: type-2/10 with payload size: 91 at 2024-12-11 07:37:41.653787 sent 2024-12-11 07:37:41.649531
INFO:Message received on topic: type-2/10 with payload size: 91 at 2024-12-11 07:37:44.264979 sent 2024-12-11 07:37:44.257015
INFO:Message received on topic: type-2/10 with payload size: 91 at 2024-12-11 07:37:46.862180 sent 2024-12-11 07:37:46.859580
INFO:Message received on topic: type-2/10 with payload size: 91 at 2024-12-11 07:37:49.464839 sent 2024-12-11 07:37:49.463533
INFO:Message received on topic: type-2/10 with payload size: 91 at 2024-12-11 07:37:52.073756 sent 2024-12-11 07:37:52.066804
INFO:Message received on topic: type-2/10 with payload size: 91 at 2024-12-11 07:37:54.673822 sent 2024-12-11 07:37:54.668226
INFO:Message received on topic: type-2/10 with payload size: 91 at 2024-12-11 07:37:57.276680 sent 2024-12-11 07:37:57.270035
INFO:Message received on topic: type-2/10 with payload size: 91 at 2024-12-11 07:37:59.878493 sent 2024-12-11 07:37:59.874638
INFO:Message received on topic: type-2/10 with payload size: 91 at 2024-12-11 07:38:02.481495 sent 2024-12-11 07:38:02.478351
INFO:Message received on topic: type-2/10 with payload size: 91 at 2024-12-11 07:38:05.089489 sent 2024-12-11 07:38:05.074247
INFO:Message received on topic: type-2/10 with payload size: 91 at 2024-12-11 07:38:07.676420 sent 2024-12-11 07:38:07.674821
INFO:Message received on topic: type-2/10 with payload size: 91 at 2024-12-11 07:38:10.283812 sent 2024-12-11 07:38:10.282011
INFO:Message received on topic: type-2/10 with payload size: 91 at 2024-12-11 07:38:12.886688 sent 2024-12-11 07:38:12.885191
INFO:Message received on topic: type-2/10 with payload size: 91 at 2024-12-11 07:38:15.487603 sent 2024-12-11 07:38:15.486154
INFO:Message received on topic: type-2/10 with payload size: 91 at 2024-12-11 07:38:18.093449 sent 2024-12-11 07:38:18.091928
INFO:Message received on topic: type-2/10 with payload size: 91 at 2024-12-11 07:38:20.700701 sent 2024-12-11 07:38:20.699343
INFO:Message received on topic: type-2/10 with payload size: 91 at 2024-12-11 07:38:23.361954 sent 2024-12-11 07:38:23.304662
INFO:Message received on topic: type-2/10 with payload size: 91 at 2024-12-11 07:38:25.955640 sent 2024-12-11 07:38:25.910559
INFO:Message received on topic: type-2/10 with payload size: 91 at 2024-12-11 07:38:28.552938 sent 2024-12-11 07:38:28.513039
INFO:Message received on topic: type-2/10 with payload size: 91 at 2024-12-11 07:38:31.158466 sent 2024-12-11 07:38:31.115081
INFO:Message received on topic: type-2/10 with payload size: 91 at 2024-12-11 07:38:33.756425 sent 2024-12-11 07:38:33.720442
INFO:Message received on topic: type-2/10 with payload size: 91 at 2024-12-11 07:38:36.354599 sent 2024-12-11 07:38:36.323820
INFO:Message received on topic: type-2/10 with payload size: 91 at 2024-12-11 07:38:38.962508 sent 2024-12-11 07:38:38.926467
INFO:Message received on topic: type-2/10 with payload size: 91 at 2024-12-11 07:38:41.551445 sent 2024-12-11 07:38:41.531635
INFO:Message received on topic: type-2/10 with payload size: 91 at 2024-12-11 07:38:44.157070 sent 2024-12-11 07:38:44.136930
INFO:Message received on topic: type-2/10 with payload size: 91 at 2024-12-11 07:38:46.758401 sent 2024-12-11 07:38:46.741846
INFO:Message received on topic: type-2/10 with payload size: 91 at 2024-12-11 07:38:49.372508 sent 2024-12-11 07:38:49.351821
INFO:Message received on topic: type-2/10 with payload size: 91 at 2024-12-11 07:38:51.963944 sent 2024-12-11 07:38:51.959417
INFO:Message received on topic: type-2/10 with payload size: 91 at 2024-12-11 07:38:54.564398 sent 2024-12-11 07:38:54.560816
INFO:Message received on topic: type-2/10 with payload size: 91 at 2024-12-11 07:38:57.168482 sent 2024-12-11 07:38:57.165543
INFO:Message received on topic: type-2/10 with payload size: 91 at 2024-12-11 07:38:59.777747 sent 2024-12-11 07:38:59.772956
INFO:Message received on topic: type-2/10 with payload size: 91 at 2024-12-11 07:39:02.381277 sent 2024-12-11 07:39:02.378244
INFO:Message received on topic: type-2/10 with payload size: 91 at 2024-12-11 07:39:04.982755 sent 2024-12-11 07:39:04.981005
INFO:Message received on topic: type-2/10 with payload size: 91 at 2024-12-11 07:39:07.589704 sent 2024-12-11 07:39:07.585369
INFO:Message received on topic: type-2/10 with payload size: 91 at 2024-12-11 07:39:10.193866 sent 2024-12-11 07:39:10.192642
INFO:Message received on topic: type-2/10 with payload size: 91 at 2024-12-11 07:39:12.798812 sent 2024-12-11 07:39:12.797499
INFO:Message received on topic: type-2/10 with payload size: 91 at 2024-12-11 07:39:15.401550 sent 2024-12-11 07:39:15.400185
INFO:Message received on topic: type-2/10 with payload size: 91 at 2024-12-11 07:39:18.050628 sent 2024-12-11 07:39:18.003567
INFO:Message received on topic: type-2/10 with payload size: 91 at 2024-12-11 07:39:20.654993 sent 2024-12-11 07:39:20.610063
INFO:Message received on topic: type-2/10 with payload size: 91 at 2024-12-11 07:39:23.258846 sent 2024-12-11 07:39:23.220906
INFO:Message received on topic: type-2/10 with payload size: 91 at 2024-12-11 07:39:25.855367 sent 2024-12-11 07:39:25.824582
INFO:Message received on topic: type-2/10 with payload size: 91 at 2024-12-11 07:39:28.455092 sent 2024-12-11 07:39:28.431271
INFO:Message received on topic: type-2/10 with payload size: 91 at 2024-12-11 07:39:31.057041 sent 2024-12-11 07:39:31.036255
INFO:Message received on topic: type-2/10 with payload size: 91 at 2024-12-11 07:39:33.655778 sent 2024-12-11 07:39:33.641471
INFO:Message received on topic: type-2/10 with payload size: 91 at 2024-12-11 07:39:36.260466 sent 2024-12-11 07:39:36.247452
INFO:Message received on topic: type-2/10 with payload size: 91 at 2024-12-11 07:39:38.862669 sent 2024-12-11 07:39:38.856540
INFO:Message received on topic: type-2/10 with payload size: 91 at 2024-12-11 07:39:41.467766 sent 2024-12-11 07:39:41.463595
INFO:Message received on topic: type-2/10 with payload size: 91 at 2024-12-11 07:39:44.067962 sent 2024-12-11 07:39:44.066575
INFO:Message received on topic: type-2/10 with payload size: 91 at 2024-12-11 07:39:46.672594 sent 2024-12-11 07:39:46.670479
INFO:Message received on topic: type-2/10 with payload size: 91 at 2024-12-11 07:39:49.279219 sent 2024-12-11 07:39:49.275593
INFO:Message received on topic: type-2/10 with payload size: 91 at 2024-12-11 07:39:51.885773 sent 2024-12-11 07:39:51.879565
INFO:Message received on topic: type-2/10 with payload size: 91 at 2024-12-11 07:39:54.487417 sent 2024-12-11 07:39:54.486468
INFO:Message received on topic: type-2/10 with payload size: 91 at 2024-12-11 07:39:57.098476 sent 2024-12-11 07:39:57.090725
INFO:Message received on topic: type-2/10 with payload size: 91 at 2024-12-11 07:39:59.698202 sent 2024-12-11 07:39:59.696689
INFO:Message received on topic: type-2/10 with payload size: 91 at 2024-12-11 07:40:02.304810 sent 2024-12-11 07:40:02.303141
INFO:Message received on topic: type-2/10 with payload size: 91 at 2024-12-11 07:40:04.956479 sent 2024-12-11 07:40:04.909897
INFO:Message received on topic: type-2/10 with payload size: 91 at 2024-12-11 07:40:07.561813 sent 2024-12-11 07:40:07.512827
INFO:Message received on topic: type-2/10 with payload size: 91 at 2024-12-11 07:40:10.157539 sent 2024-12-11 07:40:10.118573
INFO:Message received on topic: type-2/10 with payload size: 91 at 2024-12-11 07:40:12.758457 sent 2024-12-11 07:40:12.721564
INFO:Message received on topic: type-2/10 with payload size: 91 at 2024-12-11 07:40:15.358369 sent 2024-12-11 07:40:15.324765
INFO:Message received on topic: type-2/10 with payload size: 91 at 2024-12-11 07:40:17.956953 sent 2024-12-11 07:40:17.928496
INFO:Message received on topic: type-2/10 with payload size: 91 at 2024-12-11 07:40:20.556203 sent 2024-12-11 07:40:20.539145
INFO:Message received on topic: type-2/10 with payload size: 91 at 2024-12-11 07:40:23.261441 sent 2024-12-11 07:40:23.144374
INFO:Message received on topic: type-2/10 with payload size: 91 at 2024-12-11 07:40:25.755416 sent 2024-12-11 07:40:25.748320
INFO:Message received on topic: type-2/10 with payload size: 91 at 2024-12-11 07:40:28.358750 sent 2024-12-11 07:40:28.353070
INFO:Message received on topic: type-2/10 with payload size: 91 at 2024-12-11 07:40:30.962601 sent 2024-12-11 07:40:30.958252
INFO:Message received on topic: type-2/10 with payload size: 91 at 2024-12-11 07:40:33.565799 sent 2024-12-11 07:40:33.561741
INFO:Message received on topic: type-2/10 with payload size: 91 at 2024-12-11 07:40:36.171949 sent 2024-12-11 07:40:36.167911
INFO:Message received on topic: type-2/10 with payload size: 91 at 2024-12-11 07:40:38.778055 sent 2024-12-11 07:40:38.773783
INFO:Message received on topic: type-2/10 with payload size: 91 at 2024-12-11 07:40:41.380938 sent 2024-12-11 07:40:41.377817
INFO:Message received on topic: type-2/10 with payload size: 91 at 2024-12-11 07:40:43.983642 sent 2024-12-11 07:40:43.981980
INFO:Message received on topic: type-2/10 with payload size: 91 at 2024-12-11 07:40:46.589135 sent 2024-12-11 07:40:46.587846
INFO:Message received on topic: type-2/10 with payload size: 91 at 2024-12-11 07:40:49.195070 sent 2024-12-11 07:40:49.193578
INFO:Message received on topic: type-2/10 with payload size: 91 at 2024-12-11 07:40:51.798099 sent 2024-12-11 07:40:51.796634
INFO:Message received on topic: type-2/10 with payload size: 91 at 2024-12-11 07:40:54.451685 sent 2024-12-11 07:40:54.401213
INFO:Message received on topic: type-2/10 with payload size: 91 at 2024-12-11 07:40:57.003255 sent 2024-12-11 07:40:57.001994
INFO:Message received on topic: type-2/10 with payload size: 91 at 2024-12-11 07:40:59.595831 sent 2024-12-11 07:40:59.594319
INFO:Message received on topic: type-2/10 with payload size: 91 at 2024-12-11 07:41:02.258903 sent 2024-12-11 07:41:02.198608
INFO:Message received on topic: type-2/10 with payload size: 91 at 2024-12-11 07:41:04.801274 sent 2024-12-11 07:41:04.799929
INFO:Message received on topic: type-2/10 with payload size: 91 at 2024-12-11 07:41:07.402842 sent 2024-12-11 07:41:07.401504
INFO:Message received on topic: type-2/10 with payload size: 91 at 2024-12-11 07:41:10.004549 sent 2024-12-11 07:41:10.003206
INFO:Message received on topic: type-2/10 with payload size: 91 at 2024-12-11 07:41:12.664048 sent 2024-12-11 07:41:12.605841
INFO:Message received on topic: type-2/10 with payload size: 91 at 2024-12-11 07:41:15.213199 sent 2024-12-11 07:41:15.211821
INFO:Message received on topic: type-2/10 with payload size: 91 at 2024-12-11 07:41:17.856801 sent 2024-12-11 07:41:17.814263
INFO:Message received on topic: type-2/10 with payload size: 91 at 2024-12-11 07:41:20.454033 sent 2024-12-11 07:41:20.417437
INFO:Message received on topic: type-2/10 with payload size: 91 at 2024-12-11 07:41:23.056674 sent 2024-12-11 07:41:23.021440
INFO:Message received on topic: type-2/10 with payload size: 91 at 2024-12-11 07:41:25.655686 sent 2024-12-11 07:41:25.623188
INFO:Message received on topic: type-2/10 with payload size: 91 at 2024-12-11 07:41:28.255235 sent 2024-12-11 07:41:28.224101
INFO:Message received on topic: type-2/10 with payload size: 91 at 2024-12-11 07:41:30.853115 sent 2024-12-11 07:41:30.827274
INFO:Message received on topic: type-2/10 with payload size: 91 at 2024-12-11 07:41:33.455041 sent 2024-12-11 07:41:33.431423
INFO:Message received on topic: type-2/10 with payload size: 91 at 2024-12-11 07:41:36.052111 sent 2024-12-11 07:41:36.036531
INFO:Message received on topic: type-2/10 with payload size: 91 at 2024-12-11 07:41:38.663442 sent 2024-12-11 07:41:38.640413
INFO:Message received on topic: type-2/10 with payload size: 91 at 2024-12-11 07:41:41.361050 sent 2024-12-11 07:41:41.245630
INFO:Message received on topic: type-2/10 with payload size: 91 at 2024-12-11 07:41:43.861891 sent 2024-12-11 07:41:43.854787
INFO:Message received on topic: type-2/10 with payload size: 91 at 2024-12-11 07:41:46.464875 sent 2024-12-11 07:41:46.456637
INFO:Message received on topic: type-2/10 with payload size: 91 at 2024-12-11 07:41:49.062796 sent 2024-12-11 07:41:49.060050
INFO:Message received on topic: type-2/10 with payload size: 91 at 2024-12-11 07:41:51.667637 sent 2024-12-11 07:41:51.664457
INFO:Message received on topic: type-2/10 with payload size: 91 at 2024-12-11 07:41:54.270995 sent 2024-12-11 07:41:54.269082
INFO:Message received on topic: type-2/10 with payload size: 91 at 2024-12-11 07:41:56.866399 sent 2024-12-11 07:41:56.859512
INFO:Message received on topic: type-2/10 with payload size: 91 at 2024-12-11 07:41:59.458385 sent 2024-12-11 07:41:59.442054
INFO:Message received on topic: type-2/10 with payload size: 91 at 2024-12-11 07:42:02.053238 sent 2024-12-11 07:42:02.035725
INFO:Message received on topic: type-2/10 with payload size: 91 at 2024-12-11 07:42:04.655464 sent 2024-12-11 07:42:04.618895
INFO:Message received on topic: type-2/10 with payload size: 91 at 2024-12-11 07:42:07.256932 sent 2024-12-11 07:42:07.224453
INFO:Message received on topic: type-2/10 with payload size: 91 at 2024-12-11 07:42:09.856757 sent 2024-12-11 07:42:09.830164
INFO:Message received on topic: type-2/10 with payload size: 91 at 2024-12-11 07:42:12.458030 sent 2024-12-11 07:42:12.437783
INFO:Message received on topic: type-2/10 with payload size: 91 at 2024-12-11 07:42:15.054205 sent 2024-12-11 07:42:15.043300
INFO:Message received on topic: type-2/10 with payload size: 91 at 2024-12-11 07:42:17.657701 sent 2024-12-11 07:42:17.647020
INFO:Message received on topic: type-2/10 with payload size: 91 at 2024-12-11 07:42:20.257191 sent 2024-12-11 07:42:20.248104
INFO:Message received on topic: type-2/10 with payload size: 91 at 2024-12-11 07:42:22.867120 sent 2024-12-11 07:42:22.852965
INFO:Message received on topic: type-2/10 with payload size: 91 at 2024-12-11 07:42:25.461852 sent 2024-12-11 07:42:25.457426
INFO:Message received on topic: type-2/10 with payload size: 91 at 2024-12-11 07:42:28.066982 sent 2024-12-11 07:42:28.061234
INFO:Message received on topic: type-2/10 with payload size: 91 at 2024-12-11 07:42:30.669776 sent 2024-12-11 07:42:30.667072
INFO:Message received on topic: type-2/10 with payload size: 91 at 2024-12-11 07:42:33.274689 sent 2024-12-11 07:42:33.270658
INFO:Message received on topic: type-2/10 with payload size: 91 at 2024-12-11 07:42:35.883575 sent 2024-12-11 07:42:35.877016
INFO:Message received on topic: type-2/10 with payload size: 91 at 2024-12-11 07:42:38.481267 sent 2024-12-11 07:42:38.479926
