INFO:Starting Version 1.0.5
DEBUG:Using selector: EpollSelector
INFO:Connecting to cluster at: mqtt-quic://emqx-headless.dtwins:14567 using QUIC
INFO:Subscribed to topic: type-2/6
INFO:Logging each: 50
INFO:Unhandled packet type received
INFO:Message received on topic: type-2/6 with payload size: 91 at 2024-12-11 07:33:58.776964 sent 2024-12-11 07:33:58.775309
INFO:Message received on topic: type-2/6 with payload size: 91 at 2024-12-11 07:34:01.374931 sent 2024-12-11 07:34:01.373412
INFO:Message received on topic: type-2/6 with payload size: 91 at 2024-12-11 07:34:03.971872 sent 2024-12-11 07:34:03.970461
INFO:Message received on topic: type-2/6 with payload size: 91 at 2024-12-11 07:34:06.568934 sent 2024-12-11 07:34:06.567517
INFO:Message received on topic: type-2/6 with payload size: 91 at 2024-12-11 07:34:09.167572 sent 2024-12-11 07:34:09.165939
INFO:Message received on topic: type-2/6 with payload size: 91 at 2024-12-11 07:34:11.766507 sent 2024-12-11 07:34:11.765085
INFO:Message received on topic: type-2/6 with payload size: 91 at 2024-12-11 07:34:14.371773 sent 2024-12-11 07:34:14.370435
INFO:Message received on topic: type-2/6 with payload size: 91 at 2024-12-11 07:34:16.970278 sent 2024-12-11 07:34:16.968943
INFO:Message received on topic: type-2/6 with payload size: 91 at 2024-12-11 07:34:19.568851 sent 2024-12-11 07:34:19.567413
INFO:Message received on topic: type-2/6 with payload size: 91 at 2024-12-11 07:34:22.168933 sent 2024-12-11 07:34:22.167960
INFO:Message received on topic: type-2/6 with payload size: 91 at 2024-12-11 07:34:24.769654 sent 2024-12-11 07:34:24.766837
INFO:Message received on topic: type-2/6 with payload size: 91 at 2024-12-11 07:34:27.365931 sent 2024-12-11 07:34:27.364570
INFO:Message received on topic: type-2/6 with payload size: 91 at 2024-12-11 07:34:29.972099 sent 2024-12-11 07:34:29.970610
INFO:Message received on topic: type-2/6 with payload size: 91 at 2024-12-11 07:34:32.572245 sent 2024-12-11 07:34:32.570916
INFO:Message received on topic: type-2/6 with payload size: 91 at 2024-12-11 07:34:35.185162 sent 2024-12-11 07:34:35.171749
INFO:Message received on topic: type-2/6 with payload size: 91 at 2024-12-11 07:34:37.778468 sent 2024-12-11 07:34:37.773667
INFO:Message received on topic: type-2/6 with payload size: 91 at 2024-12-11 07:34:40.380456 sent 2024-12-11 07:34:40.378121
INFO:Message received on topic: type-2/6 with payload size: 91 at 2024-12-11 07:34:42.985040 sent 2024-12-11 07:34:42.982664
INFO:Message received on topic: type-2/6 with payload size: 91 at 2024-12-11 07:34:45.590771 sent 2024-12-11 07:34:45.586640
INFO:Message received on topic: type-2/6 with payload size: 91 at 2024-12-11 07:34:48.192590 sent 2024-12-11 07:34:48.191268
INFO:Message received on topic: type-2/6 with payload size: 91 at 2024-12-11 07:34:50.794543 sent 2024-12-11 07:34:50.793088
INFO:Message received on topic: type-2/6 with payload size: 91 at 2024-12-11 07:34:53.389242 sent 2024-12-11 07:34:53.387625
INFO:Message received on topic: type-2/6 with payload size: 91 at 2024-12-11 07:34:55.994037 sent 2024-12-11 07:34:55.991484
INFO:Message received on topic: type-2/6 with payload size: 91 at 2024-12-11 07:34:58.601493 sent 2024-12-11 07:34:58.599598
INFO:Message received on topic: type-2/6 with payload size: 91 at 2024-12-11 07:35:01.206808 sent 2024-12-11 07:35:01.205397
INFO:Message received on topic: type-2/6 with payload size: 91 at 2024-12-11 07:35:03.857458 sent 2024-12-11 07:35:03.812272
INFO:Message received on topic: type-2/6 with payload size: 91 at 2024-12-11 07:35:06.455247 sent 2024-12-11 07:35:06.421456
INFO:Message received on topic: type-2/6 with payload size: 91 at 2024-12-11 07:35:09.060929 sent 2024-12-11 07:35:09.016646
INFO:Message received on topic: type-2/6 with payload size: 91 at 2024-12-11 07:35:11.653572 sent 2024-12-11 07:35:11.620703
INFO:Message received on topic: type-2/6 with payload size: 91 at 2024-12-11 07:35:14.252134 sent 2024-12-11 07:35:14.216051
INFO:Message received on topic: type-2/6 with payload size: 91 at 2024-12-11 07:35:16.858632 sent 2024-12-11 07:35:16.801689
INFO:Message received on topic: type-2/6 with payload size: 91 at 2024-12-11 07:35:19.397355 sent 2024-12-11 07:35:19.396085
INFO:Message received on topic: type-2/6 with payload size: 91 at 2024-12-11 07:35:21.984042 sent 2024-12-11 07:35:21.981708
INFO:Message received on topic: type-2/6 with payload size: 91 at 2024-12-11 07:35:24.584652 sent 2024-12-11 07:35:24.579790
INFO:Message received on topic: type-2/6 with payload size: 91 at 2024-12-11 07:35:27.184046 sent 2024-12-11 07:35:27.181527
INFO:Message received on topic: type-2/6 with payload size: 91 at 2024-12-11 07:35:29.786662 sent 2024-12-11 07:35:29.785123
INFO:Message received on topic: type-2/6 with payload size: 91 at 2024-12-11 07:35:32.391601 sent 2024-12-11 07:35:32.388655
INFO:Message received on topic: type-2/6 with payload size: 91 at 2024-12-11 07:35:34.992415 sent 2024-12-11 07:35:34.990850
INFO:Message received on topic: type-2/6 with payload size: 91 at 2024-12-11 07:35:37.591088 sent 2024-12-11 07:35:37.590118
INFO:Message received on topic: type-2/6 with payload size: 91 at 2024-12-11 07:35:40.192950 sent 2024-12-11 07:35:40.191017
INFO:Message received on topic: type-2/6 with payload size: 91 at 2024-12-11 07:35:42.797208 sent 2024-12-11 07:35:42.794103
INFO:Message received on topic: type-2/6 with payload size: 91 at 2024-12-11 07:35:45.400085 sent 2024-12-11 07:35:45.398767
INFO:Message received on topic: type-2/6 with payload size: 91 at 2024-12-11 07:35:48.004689 sent 2024-12-11 07:35:48.003237
INFO:Message received on topic: type-2/6 with payload size: 91 at 2024-12-11 07:35:50.656505 sent 2024-12-11 07:35:50.604725
INFO:Message received on topic: type-2/6 with payload size: 91 at 2024-12-11 07:35:53.257722 sent 2024-12-11 07:35:53.214261
INFO:Message received on topic: type-2/6 with payload size: 91 at 2024-12-11 07:35:55.857697 sent 2024-12-11 07:35:55.816517
INFO:Message received on topic: type-2/6 with payload size: 91 at 2024-12-11 07:35:58.458550 sent 2024-12-11 07:35:58.418012
INFO:Message received on topic: type-2/6 with payload size: 91 at 2024-12-11 07:36:01.057237 sent 2024-12-11 07:36:01.022290
INFO:Message received on topic: type-2/6 with payload size: 91 at 2024-12-11 07:36:03.657223 sent 2024-12-11 07:36:03.624600
INFO:Message received on topic: type-2/6 with payload size: 91 at 2024-12-11 07:36:06.263877 sent 2024-12-11 07:36:06.227652
INFO:Message received on topic: type-2/6 with payload size: 91 at 2024-12-11 07:36:08.866770 sent 2024-12-11 07:36:08.832462
INFO:Message received on topic: type-2/6 with payload size: 91 at 2024-12-11 07:36:11.457093 sent 2024-12-11 07:36:11.436151
INFO:Message received on topic: type-2/6 with payload size: 91 at 2024-12-11 07:36:14.055821 sent 2024-12-11 07:36:14.043675
INFO:Message received on topic: type-2/6 with payload size: 91 at 2024-12-11 07:36:16.656196 sent 2024-12-11 07:36:16.646227
INFO:Message received on topic: type-2/6 with payload size: 91 at 2024-12-11 07:36:19.257133 sent 2024-12-11 07:36:19.252070
INFO:Message received on topic: type-2/6 with payload size: 91 at 2024-12-11 07:36:21.865565 sent 2024-12-11 07:36:21.862728
INFO:Message received on topic: type-2/6 with payload size: 91 at 2024-12-11 07:36:24.467710 sent 2024-12-11 07:36:24.466539
INFO:Message received on topic: type-2/6 with payload size: 91 at 2024-12-11 07:36:27.074159 sent 2024-12-11 07:36:27.069969
INFO:Message received on topic: type-2/6 with payload size: 91 at 2024-12-11 07:36:29.668762 sent 2024-12-11 07:36:29.665817
INFO:Message received on topic: type-2/6 with payload size: 91 at 2024-12-11 07:36:32.288102 sent 2024-12-11 07:36:32.272598
INFO:Message received on topic: type-2/6 with payload size: 91 at 2024-12-11 07:36:34.879510 sent 2024-12-11 07:36:34.877435
INFO:Message received on topic: type-2/6 with payload size: 91 at 2024-12-11 07:36:37.483356 sent 2024-12-11 07:36:37.481779
INFO:Message received on topic: type-2/6 with payload size: 91 at 2024-12-11 07:36:40.090203 sent 2024-12-11 07:36:40.088291
INFO:Message received on topic: type-2/6 with payload size: 91 at 2024-12-11 07:36:42.697717 sent 2024-12-11 07:36:42.696092
INFO:Message received on topic: type-2/6 with payload size: 91 at 2024-12-11 07:36:45.354483 sent 2024-12-11 07:36:45.305083
INFO:Message received on topic: type-2/6 with payload size: 91 at 2024-12-11 07:36:47.942524 sent 2024-12-11 07:36:47.916669
INFO:Message received on topic: type-2/6 with payload size: 91 at 2024-12-11 07:36:50.539544 sent 2024-12-11 07:36:50.513097
INFO:Message received on topic: type-2/6 with payload size: 91 at 2024-12-11 07:36:53.142950 sent 2024-12-11 07:36:53.118596
INFO:Message received on topic: type-2/6 with payload size: 91 at 2024-12-11 07:36:55.747556 sent 2024-12-11 07:36:55.724748
INFO:Message received on topic: type-2/6 with payload size: 91 at 2024-12-11 07:36:58.341297 sent 2024-12-11 07:36:58.329207
INFO:Message received on topic: type-2/6 with payload size: 91 at 2024-12-11 07:37:00.945274 sent 2024-12-11 07:37:00.934155
INFO:Message received on topic: type-2/6 with payload size: 91 at 2024-12-11 07:37:03.554056 sent 2024-12-11 07:37:03.537502
INFO:Message received on topic: type-2/6 with payload size: 91 at 2024-12-11 07:37:06.151960 sent 2024-12-11 07:37:06.140385
INFO:Message received on topic: type-2/6 with payload size: 91 at 2024-12-11 07:37:08.758132 sent 2024-12-11 07:37:08.744448
INFO:Message received on topic: type-2/6 with payload size: 91 at 2024-12-11 07:37:11.361163 sent 2024-12-11 07:37:11.348832
INFO:Message received on topic: type-2/6 with payload size: 91 at 2024-12-11 07:37:13.962736 sent 2024-12-11 07:37:13.951548
INFO:Message received on topic: type-2/6 with payload size: 91 at 2024-12-11 07:37:16.559166 sent 2024-12-11 07:37:16.556021
INFO:Message received on topic: type-2/6 with payload size: 91 at 2024-12-11 07:37:19.162490 sent 2024-12-11 07:37:19.159517
INFO:Message received on topic: type-2/6 with payload size: 91 at 2024-12-11 07:37:21.765558 sent 2024-12-11 07:37:21.763903
INFO:Message received on topic: type-2/6 with payload size: 91 at 2024-12-11 07:37:24.373521 sent 2024-12-11 07:37:24.369053
INFO:Message received on topic: type-2/6 with payload size: 91 at 2024-12-11 07:37:26.972944 sent 2024-12-11 07:37:26.971088
INFO:Message received on topic: type-2/6 with payload size: 91 at 2024-12-11 07:37:29.574574 sent 2024-12-11 07:37:29.573302
INFO:Message received on topic: type-2/6 with payload size: 91 at 2024-12-11 07:37:32.186257 sent 2024-12-11 07:37:32.174876
INFO:Message received on topic: type-2/6 with payload size: 91 at 2024-12-11 07:37:34.780308 sent 2024-12-11 07:37:34.778390
INFO:Message received on topic: type-2/6 with payload size: 91 at 2024-12-11 07:37:37.383554 sent 2024-12-11 07:37:37.380878
INFO:Message received on topic: type-2/6 with payload size: 91 at 2024-12-11 07:37:39.987840 sent 2024-12-11 07:37:39.986136
INFO:Message received on topic: type-2/6 with payload size: 91 at 2024-12-11 07:37:42.593058 sent 2024-12-11 07:37:42.591553
INFO:Message received on topic: type-2/6 with payload size: 91 at 2024-12-11 07:37:45.243893 sent 2024-12-11 07:37:45.198542
INFO:Message received on topic: type-2/6 with payload size: 91 at 2024-12-11 07:37:47.853723 sent 2024-12-11 07:37:47.804626
INFO:Message received on topic: type-2/6 with payload size: 91 at 2024-12-11 07:37:50.462361 sent 2024-12-11 07:37:50.407478
INFO:Message received on topic: type-2/6 with payload size: 91 at 2024-12-11 07:37:53.058279 sent 2024-12-11 07:37:53.012439
INFO:Message received on topic: type-2/6 with payload size: 91 at 2024-12-11 07:37:55.618385 sent 2024-12-11 07:37:55.617054
INFO:Message received on topic: type-2/6 with payload size: 91 at 2024-12-11 07:37:58.254190 sent 2024-12-11 07:37:58.219445
INFO:Message received on topic: type-2/6 with payload size: 91 at 2024-12-11 07:38:00.861856 sent 2024-12-11 07:38:00.823924
INFO:Message received on topic: type-2/6 with payload size: 91 at 2024-12-11 07:38:03.455875 sent 2024-12-11 07:38:03.426114
INFO:Message received on topic: type-2/6 with payload size: 91 at 2024-12-11 07:38:06.054808 sent 2024-12-11 07:38:06.019819
INFO:Message received on topic: type-2/6 with payload size: 91 at 2024-12-11 07:38:08.639858 sent 2024-12-11 07:38:08.626866
INFO:Message received on topic: type-2/6 with payload size: 91 at 2024-12-11 07:38:11.255105 sent 2024-12-11 07:38:11.229582
INFO:Message received on topic: type-2/6 with payload size: 91 at 2024-12-11 07:38:13.856644 sent 2024-12-11 07:38:13.831416
INFO:Message received on topic: type-2/6 with payload size: 91 at 2024-12-11 07:38:16.460468 sent 2024-12-11 07:38:16.433028
INFO:Message received on topic: type-2/6 with payload size: 91 at 2024-12-11 07:38:19.054296 sent 2024-12-11 07:38:19.036812
INFO:Message received on topic: type-2/6 with payload size: 91 at 2024-12-11 07:38:21.654954 sent 2024-12-11 07:38:21.639524
INFO:Message received on topic: type-2/6 with payload size: 91 at 2024-12-11 07:38:24.254647 sent 2024-12-11 07:38:24.241528
INFO:Message received on topic: type-2/6 with payload size: 91 at 2024-12-11 07:38:26.873751 sent 2024-12-11 07:38:26.843998
INFO:Message received on topic: type-2/6 with payload size: 91 at 2024-12-11 07:38:29.458971 sent 2024-12-11 07:38:29.451649
INFO:Message received on topic: type-2/6 with payload size: 91 at 2024-12-11 07:38:32.065684 sent 2024-12-11 07:38:32.054712
INFO:Message received on topic: type-2/6 with payload size: 91 at 2024-12-11 07:38:34.668736 sent 2024-12-11 07:38:34.660891
INFO:Message received on topic: type-2/6 with payload size: 91 at 2024-12-11 07:38:37.271456 sent 2024-12-11 07:38:37.263176
INFO:Message received on topic: type-2/6 with payload size: 91 at 2024-12-11 07:38:39.872777 sent 2024-12-11 07:38:39.867541
INFO:Message received on topic: type-2/6 with payload size: 91 at 2024-12-11 07:38:42.471019 sent 2024-12-11 07:38:42.469819
INFO:Message received on topic: type-2/6 with payload size: 91 at 2024-12-11 07:38:45.074773 sent 2024-12-11 07:38:45.072408
INFO:Message received on topic: type-2/6 with payload size: 91 at 2024-12-11 07:38:47.681172 sent 2024-12-11 07:38:47.677556
INFO:Message received on topic: type-2/6 with payload size: 91 at 2024-12-11 07:38:50.282880 sent 2024-12-11 07:38:50.281495
INFO:Message received on topic: type-2/6 with payload size: 91 at 2024-12-11 07:38:52.885250 sent 2024-12-11 07:38:52.883698
INFO:Message received on topic: type-2/6 with payload size: 91 at 2024-12-11 07:38:55.489204 sent 2024-12-11 07:38:55.487142
INFO:Message received on topic: type-2/6 with payload size: 91 at 2024-12-11 07:38:58.094661 sent 2024-12-11 07:38:58.092845
INFO:Message received on topic: type-2/6 with payload size: 91 at 2024-12-11 07:39:00.697680 sent 2024-12-11 07:39:00.696240
INFO:Message received on topic: type-2/6 with payload size: 91 at 2024-12-11 07:39:03.302431 sent 2024-12-11 07:39:03.300612
INFO:Message received on topic: type-2/6 with payload size: 91 at 2024-12-11 07:39:05.955672 sent 2024-12-11 07:39:05.903813
INFO:Message received on topic: type-2/6 with payload size: 91 at 2024-12-11 07:39:08.509457 sent 2024-12-11 07:39:08.507508
INFO:Message received on topic: type-2/6 with payload size: 91 at 2024-12-11 07:39:11.161399 sent 2024-12-11 07:39:11.113564
INFO:Message received on topic: type-2/6 with payload size: 91 at 2024-12-11 07:39:13.759581 sent 2024-12-11 07:39:13.718542
INFO:Message received on topic: type-2/6 with payload size: 91 at 2024-12-11 07:39:16.355509 sent 2024-12-11 07:39:16.321267
INFO:Message received on topic: type-2/6 with payload size: 91 at 2024-12-11 07:39:18.957212 sent 2024-12-11 07:39:18.927515
INFO:Message received on topic: type-2/6 with payload size: 91 at 2024-12-11 07:39:21.556752 sent 2024-12-11 07:39:21.533215
INFO:Message received on topic: type-2/6 with payload size: 91 at 2024-12-11 07:39:24.152679 sent 2024-12-11 07:39:24.140281
INFO:Message received on topic: type-2/6 with payload size: 91 at 2024-12-11 07:39:26.754155 sent 2024-12-11 07:39:26.745121
INFO:Message received on topic: type-2/6 with payload size: 91 at 2024-12-11 07:39:29.358566 sent 2024-12-11 07:39:29.355499
INFO:Message received on topic: type-2/6 with payload size: 91 at 2024-12-11 07:39:31.970872 sent 2024-12-11 07:39:31.961823
INFO:Message received on topic: type-2/6 with payload size: 91 at 2024-12-11 07:39:34.574508 sent 2024-12-11 07:39:34.566593
INFO:Message received on topic: type-2/6 with payload size: 91 at 2024-12-11 07:39:37.175531 sent 2024-12-11 07:39:37.171900
INFO:Message received on topic: type-2/6 with payload size: 91 at 2024-12-11 07:39:39.784764 sent 2024-12-11 07:39:39.783243
INFO:Message received on topic: type-2/6 with payload size: 91 at 2024-12-11 07:39:42.390994 sent 2024-12-11 07:39:42.389653
INFO:Message received on topic: type-2/6 with payload size: 91 at 2024-12-11 07:39:44.994693 sent 2024-12-11 07:39:44.993380
INFO:Message received on topic: type-2/6 with payload size: 91 at 2024-12-11 07:39:47.603503 sent 2024-12-11 07:39:47.601984
INFO:Message received on topic: type-2/6 with payload size: 91 at 2024-12-11 07:39:50.252847 sent 2024-12-11 07:39:50.205549
INFO:Message received on topic: type-2/6 with payload size: 91 at 2024-12-11 07:39:52.851905 sent 2024-12-11 07:39:52.809703
INFO:Message received on topic: type-2/6 with payload size: 91 at 2024-12-11 07:39:55.459071 sent 2024-12-11 07:39:55.415305
INFO:Message received on topic: type-2/6 with payload size: 91 at 2024-12-11 07:39:58.059659 sent 2024-12-11 07:39:58.021831
INFO:Message received on topic: type-2/6 with payload size: 91 at 2024-12-11 07:40:00.655698 sent 2024-12-11 07:40:00.627076
INFO:Message received on topic: type-2/6 with payload size: 91 at 2024-12-11 07:40:03.258255 sent 2024-12-11 07:40:03.234237
INFO:Message received on topic: type-2/6 with payload size: 91 at 2024-12-11 07:40:05.857186 sent 2024-12-11 07:40:05.842431
INFO:Message received on topic: type-2/6 with payload size: 91 at 2024-12-11 07:40:08.461991 sent 2024-12-11 07:40:08.448471
INFO:Message received on topic: type-2/6 with payload size: 91 at 2024-12-11 07:40:11.057492 sent 2024-12-11 07:40:11.053866
INFO:Message received on topic: type-2/6 with payload size: 91 at 2024-12-11 07:40:13.665638 sent 2024-12-11 07:40:13.662795
INFO:Message received on topic: type-2/6 with payload size: 91 at 2024-12-11 07:40:16.268503 sent 2024-12-11 07:40:16.265889
INFO:Message received on topic: type-2/6 with payload size: 91 at 2024-12-11 07:40:18.873174 sent 2024-12-11 07:40:18.868669
INFO:Message received on topic: type-2/6 with payload size: 91 at 2024-12-11 07:40:21.475694 sent 2024-12-11 07:40:21.474099
INFO:Message received on topic: type-2/6 with payload size: 91 at 2024-12-11 07:40:24.082063 sent 2024-12-11 07:40:24.080653
INFO:Message received on topic: type-2/6 with payload size: 91 at 2024-12-11 07:40:26.686714 sent 2024-12-11 07:40:26.685242
INFO:Message received on topic: type-2/6 with payload size: 91 at 2024-12-11 07:40:29.293154 sent 2024-12-11 07:40:29.291047
INFO:Message received on topic: type-2/6 with payload size: 91 at 2024-12-11 07:40:31.895848 sent 2024-12-11 07:40:31.893913
INFO:Message received on topic: type-2/6 with payload size: 91 at 2024-12-11 07:40:34.501366 sent 2024-12-11 07:40:34.500173
INFO:Message received on topic: type-2/6 with payload size: 91 at 2024-12-11 07:40:37.155738 sent 2024-12-11 07:40:37.103066
INFO:Message received on topic: type-2/6 with payload size: 91 at 2024-12-11 07:40:39.756554 sent 2024-12-11 07:40:39.711154
INFO:Message received on topic: type-2/6 with payload size: 91 at 2024-12-11 07:40:42.363186 sent 2024-12-11 07:40:42.316937
INFO:Message received on topic: type-2/6 with payload size: 91 at 2024-12-11 07:40:44.956612 sent 2024-12-11 07:40:44.919552
INFO:Message received on topic: type-2/6 with payload size: 91 at 2024-12-11 07:40:47.558147 sent 2024-12-11 07:40:47.521640
INFO:Message received on topic: type-2/6 with payload size: 91 at 2024-12-11 07:40:50.157735 sent 2024-12-11 07:40:50.128040
INFO:Message received on topic: type-2/6 with payload size: 91 at 2024-12-11 07:40:52.756750 sent 2024-12-11 07:40:52.735453
INFO:Message received on topic: type-2/6 with payload size: 91 at 2024-12-11 07:40:55.451833 sent 2024-12-11 07:40:55.347268
INFO:Message received on topic: type-2/6 with payload size: 91 at 2024-12-11 07:40:57.960640 sent 2024-12-11 07:40:57.945966
INFO:Message received on topic: type-2/6 with payload size: 91 at 2024-12-11 07:41:00.557392 sent 2024-12-11 07:41:00.552384
INFO:Message received on topic: type-2/6 with payload size: 91 at 2024-12-11 07:41:03.165888 sent 2024-12-11 07:41:03.158449
INFO:Message received on topic: type-2/6 with payload size: 91 at 2024-12-11 07:41:05.770744 sent 2024-12-11 07:41:05.762819
INFO:Message received on topic: type-2/6 with payload size: 91 at 2024-12-11 07:41:08.374151 sent 2024-12-11 07:41:08.366164
INFO:Message received on topic: type-2/6 with payload size: 91 at 2024-12-11 07:41:10.973346 sent 2024-12-11 07:41:10.969509
INFO:Message received on topic: type-2/6 with payload size: 91 at 2024-12-11 07:41:13.575087 sent 2024-12-11 07:41:13.573623
INFO:Message received on topic: type-2/6 with payload size: 91 at 2024-12-11 07:41:16.185219 sent 2024-12-11 07:41:16.176457
INFO:Message received on topic: type-2/6 with payload size: 91 at 2024-12-11 07:41:18.788110 sent 2024-12-11 07:41:18.781515
INFO:Message received on topic: type-2/6 with payload size: 91 at 2024-12-11 07:41:21.388130 sent 2024-12-11 07:41:21.386655
INFO:Message received on topic: type-2/6 with payload size: 91 at 2024-12-11 07:41:23.993991 sent 2024-12-11 07:41:23.992442
INFO:Message received on topic: type-2/6 with payload size: 91 at 2024-12-11 07:41:26.599286 sent 2024-12-11 07:41:26.594500
INFO:Message received on topic: type-2/6 with payload size: 91 at 2024-12-11 07:41:29.196873 sent 2024-12-11 07:41:29.195239
INFO:Message received on topic: type-2/6 with payload size: 91 at 2024-12-11 07:41:31.799412 sent 2024-12-11 07:41:31.797831
INFO:Message received on topic: type-2/6 with payload size: 91 at 2024-12-11 07:41:34.403878 sent 2024-12-11 07:41:34.402630
INFO:Message received on topic: type-2/6 with payload size: 91 at 2024-12-11 07:41:37.005880 sent 2024-12-11 07:41:37.004582
INFO:Message received on topic: type-2/6 with payload size: 91 at 2024-12-11 07:41:39.657874 sent 2024-12-11 07:41:39.608658
INFO:Message received on topic: type-2/6 with payload size: 91 at 2024-12-11 07:41:42.253219 sent 2024-12-11 07:41:42.218643
INFO:Message received on topic: type-2/6 with payload size: 91 at 2024-12-11 07:41:44.855472 sent 2024-12-11 07:41:44.825912
INFO:Message received on topic: type-2/6 with payload size: 91 at 2024-12-11 07:41:47.453753 sent 2024-12-11 07:41:47.430277
INFO:Message received on topic: type-2/6 with payload size: 91 at 2024-12-11 07:41:50.057913 sent 2024-12-11 07:41:50.032618
INFO:Message received on topic: type-2/6 with payload size: 91 at 2024-12-11 07:41:52.661215 sent 2024-12-11 07:41:52.637842
INFO:Message received on topic: type-2/6 with payload size: 91 at 2024-12-11 07:41:55.254454 sent 2024-12-11 07:41:55.240145
INFO:Message received on topic: type-2/6 with payload size: 91 at 2024-12-11 07:41:57.854968 sent 2024-12-11 07:41:57.827264
INFO:Message received on topic: type-2/6 with payload size: 91 at 2024-12-11 07:42:00.414424 sent 2024-12-11 07:42:00.413423
INFO:Message received on topic: type-2/6 with payload size: 91 at 2024-12-11 07:42:02.998689 sent 2024-12-11 07:42:02.997486
INFO:Message received on topic: type-2/6 with payload size: 91 at 2024-12-11 07:42:05.587773 sent 2024-12-11 07:42:05.586524
INFO:Message received on topic: type-2/6 with payload size: 91 at 2024-12-11 07:42:08.193520 sent 2024-12-11 07:42:08.192047
INFO:Message received on topic: type-2/6 with payload size: 91 at 2024-12-11 07:42:10.797647 sent 2024-12-11 07:42:10.796223
INFO:Message received on topic: type-2/6 with payload size: 91 at 2024-12-11 07:42:13.460622 sent 2024-12-11 07:42:13.402080
INFO:Message received on topic: type-2/6 with payload size: 91 at 2024-12-11 07:42:16.006164 sent 2024-12-11 07:42:16.004899
INFO:Message received on topic: type-2/6 with payload size: 91 at 2024-12-11 07:42:18.611319 sent 2024-12-11 07:42:18.609868
INFO:Message received on topic: type-2/6 with payload size: 91 at 2024-12-11 07:42:21.260561 sent 2024-12-11 07:42:21.214913
INFO:Message received on topic: type-2/6 with payload size: 91 at 2024-12-11 07:42:23.857116 sent 2024-12-11 07:42:23.821813
INFO:Message received on topic: type-2/6 with payload size: 91 at 2024-12-11 07:42:26.457508 sent 2024-12-11 07:42:26.423403
