INFO:Starting Version 1.0.5
DEBUG:Using selector: EpollSelector
INFO:Connecting to cluster at: mqtt-quic://emqx-headless.dtwins:14567 using QUIC
INFO:Subscribed to topic: type-2/16
INFO:Logging each: 50
INFO:Unhandled packet type received
INFO:Message received on topic: type-2/16 with payload size: 91 at 2024-12-11 07:34:29.842571 sent 2024-12-11 07:34:29.819527
INFO:Message received on topic: type-2/16 with payload size: 91 at 2024-12-11 07:34:32.441676 sent 2024-12-11 07:34:32.418885
INFO:Message received on topic: type-2/16 with payload size: 91 at 2024-12-11 07:34:35.041193 sent 2024-12-11 07:34:35.020288
INFO:Message received on topic: type-2/16 with payload size: 91 at 2024-12-11 07:34:37.651379 sent 2024-12-11 07:34:37.620936
INFO:Message received on topic: type-2/16 with payload size: 91 at 2024-12-11 07:34:40.259056 sent 2024-12-11 07:34:40.226229
INFO:Message received on topic: type-2/16 with payload size: 91 at 2024-12-11 07:34:42.861781 sent 2024-12-11 07:34:42.830620
INFO:Message received on topic: type-2/16 with payload size: 91 at 2024-12-11 07:34:45.458092 sent 2024-12-11 07:34:45.434552
INFO:Message received on topic: type-2/16 with payload size: 91 at 2024-12-11 07:34:48.054000 sent 2024-12-11 07:34:48.038644
INFO:Message received on topic: type-2/16 with payload size: 91 at 2024-12-11 07:34:50.650796 sent 2024-12-11 07:34:50.640697
INFO:Message received on topic: type-2/16 with payload size: 91 at 2024-12-11 07:34:53.260892 sent 2024-12-11 07:34:53.235564
INFO:Message received on topic: type-2/16 with payload size: 91 at 2024-12-11 07:34:55.858895 sent 2024-12-11 07:34:55.839910
INFO:Message received on topic: type-2/16 with payload size: 91 at 2024-12-11 07:34:58.461850 sent 2024-12-11 07:34:58.443712
INFO:Message received on topic: type-2/16 with payload size: 91 at 2024-12-11 07:35:01.059132 sent 2024-12-11 07:35:01.050236
INFO:Message received on topic: type-2/16 with payload size: 91 at 2024-12-11 07:35:03.664713 sent 2024-12-11 07:35:03.656464
INFO:Message received on topic: type-2/16 with payload size: 91 at 2024-12-11 07:35:06.265462 sent 2024-12-11 07:35:06.258161
INFO:Message received on topic: type-2/16 with payload size: 91 at 2024-12-11 07:35:08.862114 sent 2024-12-11 07:35:08.852224
INFO:Message received on topic: type-2/16 with payload size: 91 at 2024-12-11 07:35:11.468958 sent 2024-12-11 07:35:11.454657
INFO:Message received on topic: type-2/16 with payload size: 91 at 2024-12-11 07:35:14.057119 sent 2024-12-11 07:35:14.048900
INFO:Message received on topic: type-2/16 with payload size: 91 at 2024-12-11 07:35:16.656981 sent 2024-12-11 07:35:16.633130
INFO:Message received on topic: type-2/16 with payload size: 91 at 2024-12-11 07:35:19.251935 sent 2024-12-11 07:35:19.217461
INFO:Message received on topic: type-2/16 with payload size: 91 at 2024-12-11 07:35:21.851801 sent 2024-12-11 07:35:21.807569
INFO:Message received on topic: type-2/16 with payload size: 91 at 2024-12-11 07:35:24.458071 sent 2024-12-11 07:35:24.402490
INFO:Message received on topic: type-2/16 with payload size: 91 at 2024-12-11 07:35:27.055006 sent 2024-12-11 07:35:27.005254
INFO:Message received on topic: type-2/16 with payload size: 91 at 2024-12-11 07:35:29.654724 sent 2024-12-11 07:35:29.611585
INFO:Message received on topic: type-2/16 with payload size: 91 at 2024-12-11 07:35:32.254223 sent 2024-12-11 07:35:32.213248
INFO:Message received on topic: type-2/16 with payload size: 91 at 2024-12-11 07:35:34.852229 sent 2024-12-11 07:35:34.817474
INFO:Message received on topic: type-2/16 with payload size: 91 at 2024-12-11 07:35:37.451225 sent 2024-12-11 07:35:37.414918
INFO:Message received on topic: type-2/16 with payload size: 91 at 2024-12-11 07:35:40.053679 sent 2024-12-11 07:35:40.011988
INFO:Message received on topic: type-2/16 with payload size: 91 at 2024-12-11 07:35:42.657923 sent 2024-12-11 07:35:42.615311
INFO:Message received on topic: type-2/16 with payload size: 91 at 2024-12-11 07:35:45.253274 sent 2024-12-11 07:35:45.221055
INFO:Message received on topic: type-2/16 with payload size: 91 at 2024-12-11 07:35:47.858317 sent 2024-12-11 07:35:47.823993
INFO:Message received on topic: type-2/16 with payload size: 91 at 2024-12-11 07:35:50.455371 sent 2024-12-11 07:35:50.429589
INFO:Message received on topic: type-2/16 with payload size: 91 at 2024-12-11 07:35:53.066045 sent 2024-12-11 07:35:53.033493
INFO:Message received on topic: type-2/16 with payload size: 91 at 2024-12-11 07:35:55.658589 sent 2024-12-11 07:35:55.638250
INFO:Message received on topic: type-2/16 with payload size: 91 at 2024-12-11 07:35:58.261132 sent 2024-12-11 07:35:58.239778
INFO:Message received on topic: type-2/16 with payload size: 91 at 2024-12-11 07:36:00.856584 sent 2024-12-11 07:36:00.843231
INFO:Message received on topic: type-2/16 with payload size: 91 at 2024-12-11 07:36:03.458123 sent 2024-12-11 07:36:03.446545
INFO:Message received on topic: type-2/16 with payload size: 91 at 2024-12-11 07:36:06.054608 sent 2024-12-11 07:36:06.047462
INFO:Message received on topic: type-2/16 with payload size: 91 at 2024-12-11 07:36:08.652120 sent 2024-12-11 07:36:08.648209
INFO:Message received on topic: type-2/16 with payload size: 91 at 2024-12-11 07:36:11.257608 sent 2024-12-11 07:36:11.249018
INFO:Message received on topic: type-2/16 with payload size: 91 at 2024-12-11 07:36:13.860821 sent 2024-12-11 07:36:13.850278
INFO:Message received on topic: type-2/16 with payload size: 91 at 2024-12-11 07:36:16.466680 sent 2024-12-11 07:36:16.452202
INFO:Message received on topic: type-2/16 with payload size: 91 at 2024-12-11 07:36:19.077516 sent 2024-12-11 07:36:19.055949
INFO:Message received on topic: type-2/16 with payload size: 91 at 2024-12-11 07:36:21.664043 sent 2024-12-11 07:36:21.661000
INFO:Message received on topic: type-2/16 with payload size: 91 at 2024-12-11 07:36:24.267104 sent 2024-12-11 07:36:24.263788
INFO:Message received on topic: type-2/16 with payload size: 91 at 2024-12-11 07:36:26.879603 sent 2024-12-11 07:36:26.867114
INFO:Message received on topic: type-2/16 with payload size: 91 at 2024-12-11 07:36:29.472633 sent 2024-12-11 07:36:29.463979
INFO:Message received on topic: type-2/16 with payload size: 91 at 2024-12-11 07:36:32.072702 sent 2024-12-11 07:36:32.071283
INFO:Message received on topic: type-2/16 with payload size: 91 at 2024-12-11 07:36:34.677979 sent 2024-12-11 07:36:34.676460
INFO:Message received on topic: type-2/16 with payload size: 91 at 2024-12-11 07:36:37.282467 sent 2024-12-11 07:36:37.281083
INFO:Message received on topic: type-2/16 with payload size: 91 at 2024-12-11 07:36:39.888117 sent 2024-12-11 07:36:39.886418
INFO:Message received on topic: type-2/16 with payload size: 91 at 2024-12-11 07:36:42.498530 sent 2024-12-11 07:36:42.496814
INFO:Message received on topic: type-2/16 with payload size: 91 at 2024-12-11 07:36:45.151788 sent 2024-12-11 07:36:45.105279
INFO:Message received on topic: type-2/16 with payload size: 91 at 2024-12-11 07:36:47.752708 sent 2024-12-11 07:36:47.716127
INFO:Message received on topic: type-2/16 with payload size: 91 at 2024-12-11 07:36:50.342828 sent 2024-12-11 07:36:50.315444
INFO:Message received on topic: type-2/16 with payload size: 91 at 2024-12-11 07:36:52.944839 sent 2024-12-11 07:36:52.922451
INFO:Message received on topic: type-2/16 with payload size: 91 at 2024-12-11 07:36:55.544166 sent 2024-12-11 07:36:55.525895
INFO:Message received on topic: type-2/16 with payload size: 91 at 2024-12-11 07:36:58.145260 sent 2024-12-11 07:36:58.131270
INFO:Message received on topic: type-2/16 with payload size: 91 at 2024-12-11 07:37:00.743162 sent 2024-12-11 07:37:00.737864
INFO:Message received on topic: type-2/16 with payload size: 91 at 2024-12-11 07:37:03.356899 sent 2024-12-11 07:37:03.341010
INFO:Message received on topic: type-2/16 with payload size: 91 at 2024-12-11 07:37:05.953268 sent 2024-12-11 07:37:05.941821
INFO:Message received on topic: type-2/16 with payload size: 91 at 2024-12-11 07:37:08.555270 sent 2024-12-11 07:37:08.547252
INFO:Message received on topic: type-2/16 with payload size: 91 at 2024-12-11 07:37:11.170665 sent 2024-12-11 07:37:11.151403
INFO:Message received on topic: type-2/16 with payload size: 91 at 2024-12-11 07:37:13.759958 sent 2024-12-11 07:37:13.755601
INFO:Message received on topic: type-2/16 with payload size: 91 at 2024-12-11 07:37:16.358260 sent 2024-12-11 07:37:16.355505
INFO:Message received on topic: type-2/16 with payload size: 91 at 2024-12-11 07:37:18.962629 sent 2024-12-11 07:37:18.958990
INFO:Message received on topic: type-2/16 with payload size: 91 at 2024-12-11 07:37:21.563883 sent 2024-12-11 07:37:21.562536
INFO:Message received on topic: type-2/16 with payload size: 91 at 2024-12-11 07:37:24.172647 sent 2024-12-11 07:37:24.166244
INFO:Message received on topic: type-2/16 with payload size: 91 at 2024-12-11 07:37:26.772890 sent 2024-12-11 07:37:26.771355
INFO:Message received on topic: type-2/16 with payload size: 91 at 2024-12-11 07:37:29.379171 sent 2024-12-11 07:37:29.377501
INFO:Message received on topic: type-2/16 with payload size: 91 at 2024-12-11 07:37:32.044063 sent 2024-12-11 07:37:31.984803
INFO:Message received on topic: type-2/16 with payload size: 91 at 2024-12-11 07:37:34.593967 sent 2024-12-11 07:37:34.592593
INFO:Message received on topic: type-2/16 with payload size: 91 at 2024-12-11 07:37:37.241649 sent 2024-12-11 07:37:37.193868
INFO:Message received on topic: type-2/16 with payload size: 91 at 2024-12-11 07:37:39.850813 sent 2024-12-11 07:37:39.802795
INFO:Message received on topic: type-2/16 with payload size: 91 at 2024-12-11 07:37:42.451636 sent 2024-12-11 07:37:42.408875
INFO:Message received on topic: type-2/16 with payload size: 91 at 2024-12-11 07:37:45.052496 sent 2024-12-11 07:37:45.012577
INFO:Message received on topic: type-2/16 with payload size: 91 at 2024-12-11 07:37:47.644073 sent 2024-12-11 07:37:47.616528
INFO:Message received on topic: type-2/16 with payload size: 91 at 2024-12-11 07:37:50.258257 sent 2024-12-11 07:37:50.217974
INFO:Message received on topic: type-2/16 with payload size: 91 at 2024-12-11 07:37:52.857233 sent 2024-12-11 07:37:52.822620
INFO:Message received on topic: type-2/16 with payload size: 91 at 2024-12-11 07:37:55.454785 sent 2024-12-11 07:37:55.424920
INFO:Message received on topic: type-2/16 with payload size: 91 at 2024-12-11 07:37:58.057124 sent 2024-12-11 07:37:58.028255
INFO:Message received on topic: type-2/16 with payload size: 91 at 2024-12-11 07:38:00.655581 sent 2024-12-11 07:38:00.634278
INFO:Message received on topic: type-2/16 with payload size: 91 at 2024-12-11 07:38:03.257687 sent 2024-12-11 07:38:03.237196
INFO:Message received on topic: type-2/16 with payload size: 91 at 2024-12-11 07:38:05.856261 sent 2024-12-11 07:38:05.829508
INFO:Message received on topic: type-2/16 with payload size: 91 at 2024-12-11 07:38:08.441551 sent 2024-12-11 07:38:08.429989
INFO:Message received on topic: type-2/16 with payload size: 91 at 2024-12-11 07:38:11.055094 sent 2024-12-11 07:38:11.032427
INFO:Message received on topic: type-2/16 with payload size: 91 at 2024-12-11 07:38:13.654475 sent 2024-12-11 07:38:13.633179
INFO:Message received on topic: type-2/16 with payload size: 91 at 2024-12-11 07:38:16.260020 sent 2024-12-11 07:38:16.236857
INFO:Message received on topic: type-2/16 with payload size: 91 at 2024-12-11 07:38:18.858455 sent 2024-12-11 07:38:18.841874
INFO:Message received on topic: type-2/16 with payload size: 91 at 2024-12-11 07:38:21.454442 sent 2024-12-11 07:38:21.444520
INFO:Message received on topic: type-2/16 with payload size: 91 at 2024-12-11 07:38:24.073190 sent 2024-12-11 07:38:24.044567
INFO:Message received on topic: type-2/16 with payload size: 91 at 2024-12-11 07:38:26.660373 sent 2024-12-11 07:38:26.645875
INFO:Message received on topic: type-2/16 with payload size: 91 at 2024-12-11 07:38:29.259739 sent 2024-12-11 07:38:29.250026
INFO:Message received on topic: type-2/16 with payload size: 91 at 2024-12-11 07:38:31.860662 sent 2024-12-11 07:38:31.858306
INFO:Message received on topic: type-2/16 with payload size: 91 at 2024-12-11 07:38:34.473391 sent 2024-12-11 07:38:34.466052
INFO:Message received on topic: type-2/16 with payload size: 91 at 2024-12-11 07:38:37.083066 sent 2024-12-11 07:38:37.072192
INFO:Message received on topic: type-2/16 with payload size: 91 at 2024-12-11 07:38:39.678994 sent 2024-12-11 07:38:39.673168
INFO:Message received on topic: type-2/16 with payload size: 91 at 2024-12-11 07:38:42.277681 sent 2024-12-11 07:38:42.276489
INFO:Message received on topic: type-2/16 with payload size: 91 at 2024-12-11 07:38:44.884073 sent 2024-12-11 07:38:44.878591
INFO:Message received on topic: type-2/16 with payload size: 91 at 2024-12-11 07:38:47.487856 sent 2024-12-11 07:38:47.485975
INFO:Message received on topic: type-2/16 with payload size: 91 at 2024-12-11 07:38:50.090504 sent 2024-12-11 07:38:50.088566
INFO:Message received on topic: type-2/16 with payload size: 91 at 2024-12-11 07:38:52.692649 sent 2024-12-11 07:38:52.690885
INFO:Message received on topic: type-2/16 with payload size: 91 at 2024-12-11 07:38:55.295648 sent 2024-12-11 07:38:55.293633
INFO:Message received on topic: type-2/16 with payload size: 91 at 2024-12-11 07:38:57.896085 sent 2024-12-11 07:38:57.894870
INFO:Message received on topic: type-2/16 with payload size: 91 at 2024-12-11 07:39:00.502175 sent 2024-12-11 07:39:00.501071
INFO:Message received on topic: type-2/16 with payload size: 91 at 2024-12-11 07:39:03.105025 sent 2024-12-11 07:39:03.103253
INFO:Message received on topic: type-2/16 with payload size: 91 at 2024-12-11 07:39:05.760285 sent 2024-12-11 07:39:05.711219
INFO:Message received on topic: type-2/16 with payload size: 91 at 2024-12-11 07:39:08.354635 sent 2024-12-11 07:39:08.317437
INFO:Message received on topic: type-2/16 with payload size: 91 at 2024-12-11 07:39:10.956307 sent 2024-12-11 07:39:10.922152
INFO:Message received on topic: type-2/16 with payload size: 91 at 2024-12-11 07:39:13.558658 sent 2024-12-11 07:39:13.527894
INFO:Message received on topic: type-2/16 with payload size: 91 at 2024-12-11 07:39:16.154906 sent 2024-12-11 07:39:16.131600
INFO:Message received on topic: type-2/16 with payload size: 91 at 2024-12-11 07:39:18.759801 sent 2024-12-11 07:39:18.734458
INFO:Message received on topic: type-2/16 with payload size: 91 at 2024-12-11 07:39:21.354183 sent 2024-12-11 07:39:21.339507
INFO:Message received on topic: type-2/16 with payload size: 91 at 2024-12-11 07:39:23.956013 sent 2024-12-11 07:39:23.943165
INFO:Message received on topic: type-2/16 with payload size: 91 at 2024-12-11 07:39:26.555649 sent 2024-12-11 07:39:26.551509
INFO:Message received on topic: type-2/16 with payload size: 91 at 2024-12-11 07:39:29.161666 sent 2024-12-11 07:39:29.157744
INFO:Message received on topic: type-2/16 with payload size: 91 at 2024-12-11 07:39:31.767963 sent 2024-12-11 07:39:31.764483
INFO:Message received on topic: type-2/16 with payload size: 91 at 2024-12-11 07:39:34.382803 sent 2024-12-11 07:39:34.370501
INFO:Message received on topic: type-2/16 with payload size: 91 at 2024-12-11 07:39:36.978013 sent 2024-12-11 07:39:36.974537
INFO:Message received on topic: type-2/16 with payload size: 91 at 2024-12-11 07:39:39.585537 sent 2024-12-11 07:39:39.581512
INFO:Message received on topic: type-2/16 with payload size: 91 at 2024-12-11 07:39:42.191518 sent 2024-12-11 07:39:42.189441
INFO:Message received on topic: type-2/16 with payload size: 91 at 2024-12-11 07:39:44.793975 sent 2024-12-11 07:39:44.792655
INFO:Message received on topic: type-2/16 with payload size: 91 at 2024-12-11 07:39:47.398072 sent 2024-12-11 07:39:47.396114
INFO:Message received on topic: type-2/16 with payload size: 91 at 2024-12-11 07:39:50.000829 sent 2024-12-11 07:39:49.999496
INFO:Message received on topic: type-2/16 with payload size: 91 at 2024-12-11 07:39:52.650661 sent 2024-12-11 07:39:52.604622
INFO:Message received on topic: type-2/16 with payload size: 91 at 2024-12-11 07:39:55.254136 sent 2024-12-11 07:39:55.208547
INFO:Message received on topic: type-2/16 with payload size: 91 at 2024-12-11 07:39:57.858657 sent 2024-12-11 07:39:57.812467
INFO:Message received on topic: type-2/16 with payload size: 91 at 2024-12-11 07:40:00.456638 sent 2024-12-11 07:40:00.418703
INFO:Message received on topic: type-2/16 with payload size: 91 at 2024-12-11 07:40:03.057277 sent 2024-12-11 07:40:03.023599
INFO:Message received on topic: type-2/16 with payload size: 91 at 2024-12-11 07:40:05.659642 sent 2024-12-11 07:40:05.628281
INFO:Message received on topic: type-2/16 with payload size: 91 at 2024-12-11 07:40:08.254585 sent 2024-12-11 07:40:08.233894
INFO:Message received on topic: type-2/16 with payload size: 91 at 2024-12-11 07:40:10.857304 sent 2024-12-11 07:40:10.842783
INFO:Message received on topic: type-2/16 with payload size: 91 at 2024-12-11 07:40:13.457483 sent 2024-12-11 07:40:13.445281
INFO:Message received on topic: type-2/16 with payload size: 91 at 2024-12-11 07:40:16.149799 sent 2024-12-11 07:40:16.047548
INFO:Message received on topic: type-2/16 with payload size: 91 at 2024-12-11 07:40:18.657147 sent 2024-12-11 07:40:18.649899
INFO:Message received on topic: type-2/16 with payload size: 91 at 2024-12-11 07:40:21.269963 sent 2024-12-11 07:40:21.258387
INFO:Message received on topic: type-2/16 with payload size: 91 at 2024-12-11 07:40:23.868757 sent 2024-12-11 07:40:23.863255
INFO:Message received on topic: type-2/16 with payload size: 91 at 2024-12-11 07:40:26.469603 sent 2024-12-11 07:40:26.466531
INFO:Message received on topic: type-2/16 with payload size: 91 at 2024-12-11 07:40:29.072673 sent 2024-12-11 07:40:29.070074
INFO:Message received on topic: type-2/16 with payload size: 91 at 2024-12-11 07:40:31.682139 sent 2024-12-11 07:40:31.680616
INFO:Message received on topic: type-2/16 with payload size: 91 at 2024-12-11 07:40:34.302020 sent 2024-12-11 07:40:34.299808
INFO:Message received on topic: type-2/16 with payload size: 91 at 2024-12-11 07:40:36.903088 sent 2024-12-11 07:40:36.901730
INFO:Message received on topic: type-2/16 with payload size: 91 at 2024-12-11 07:40:39.555046 sent 2024-12-11 07:40:39.508110
INFO:Message received on topic: type-2/16 with payload size: 91 at 2024-12-11 07:40:42.154452 sent 2024-12-11 07:40:42.111674
INFO:Message received on topic: type-2/16 with payload size: 91 at 2024-12-11 07:40:44.756347 sent 2024-12-11 07:40:44.713317
INFO:Message received on topic: type-2/16 with payload size: 91 at 2024-12-11 07:40:47.357266 sent 2024-12-11 07:40:47.316744
INFO:Message received on topic: type-2/16 with payload size: 91 at 2024-12-11 07:40:49.962928 sent 2024-12-11 07:40:49.922187
INFO:Message received on topic: type-2/16 with payload size: 91 at 2024-12-11 07:40:52.557905 sent 2024-12-11 07:40:52.530514
INFO:Message received on topic: type-2/16 with payload size: 91 at 2024-12-11 07:40:55.154973 sent 2024-12-11 07:40:55.133662
INFO:Message received on topic: type-2/16 with payload size: 91 at 2024-12-11 07:40:57.756540 sent 2024-12-11 07:40:57.732687
INFO:Message received on topic: type-2/16 with payload size: 91 at 2024-12-11 07:41:00.355273 sent 2024-12-11 07:41:00.329927
INFO:Message received on topic: type-2/16 with payload size: 91 at 2024-12-11 07:41:02.956478 sent 2024-12-11 07:41:02.934103
INFO:Message received on topic: type-2/16 with payload size: 91 at 2024-12-11 07:41:05.551959 sent 2024-12-11 07:41:05.536526
INFO:Message received on topic: type-2/16 with payload size: 91 at 2024-12-11 07:41:08.154282 sent 2024-12-11 07:41:08.138210
INFO:Message received on topic: type-2/16 with payload size: 91 at 2024-12-11 07:41:10.759512 sent 2024-12-11 07:41:10.739296
INFO:Message received on topic: type-2/16 with payload size: 91 at 2024-12-11 07:41:13.357102 sent 2024-12-11 07:41:13.341593
INFO:Message received on topic: type-2/16 with payload size: 91 at 2024-12-11 07:41:15.966123 sent 2024-12-11 07:41:15.944020
INFO:Message received on topic: type-2/16 with payload size: 91 at 2024-12-11 07:41:18.555883 sent 2024-12-11 07:41:18.544554
INFO:Message received on topic: type-2/16 with payload size: 91 at 2024-12-11 07:41:21.153528 sent 2024-12-11 07:41:21.149702
INFO:Message received on topic: type-2/16 with payload size: 91 at 2024-12-11 07:41:23.761660 sent 2024-12-11 07:41:23.753729
INFO:Message received on topic: type-2/16 with payload size: 91 at 2024-12-11 07:41:26.367677 sent 2024-12-11 07:41:26.364671
INFO:Message received on topic: type-2/16 with payload size: 91 at 2024-12-11 07:41:28.977280 sent 2024-12-11 07:41:28.974559
INFO:Message received on topic: type-2/16 with payload size: 91 at 2024-12-11 07:41:31.582015 sent 2024-12-11 07:41:31.579412
INFO:Message received on topic: type-2/16 with payload size: 91 at 2024-12-11 07:41:34.185261 sent 2024-12-11 07:41:34.183609
INFO:Message received on topic: type-2/16 with payload size: 91 at 2024-12-11 07:41:36.788126 sent 2024-12-11 07:41:36.787107
INFO:Message received on topic: type-2/16 with payload size: 91 at 2024-12-11 07:41:39.393203 sent 2024-12-11 07:41:39.391633
INFO:Message received on topic: type-2/16 with payload size: 91 at 2024-12-11 07:41:41.999693 sent 2024-12-11 07:41:41.997103
INFO:Message received on topic: type-2/16 with payload size: 91 at 2024-12-11 07:41:44.599252 sent 2024-12-11 07:41:44.597980
INFO:Message received on topic: type-2/16 with payload size: 91 at 2024-12-11 07:41:47.204639 sent 2024-12-11 07:41:47.203380
INFO:Message received on topic: type-2/16 with payload size: 91 at 2024-12-11 07:41:49.852736 sent 2024-12-11 07:41:49.805960
INFO:Message received on topic: type-2/16 with payload size: 91 at 2024-12-11 07:41:52.460859 sent 2024-12-11 07:41:52.413997
INFO:Message received on topic: type-2/16 with payload size: 91 at 2024-12-11 07:41:55.055874 sent 2024-12-11 07:41:55.020767
INFO:Message received on topic: type-2/16 with payload size: 91 at 2024-12-11 07:41:57.615649 sent 2024-12-11 07:41:57.614170
INFO:Message received on topic: type-2/16 with payload size: 91 at 2024-12-11 07:42:00.203011 sent 2024-12-11 07:42:00.201265
INFO:Message received on topic: type-2/16 with payload size: 91 at 2024-12-11 07:42:02.792478 sent 2024-12-11 07:42:02.790689
INFO:Message received on topic: type-2/16 with payload size: 91 at 2024-12-11 07:42:05.386997 sent 2024-12-11 07:42:05.379059
INFO:Message received on topic: type-2/16 with payload size: 91 at 2024-12-11 07:42:07.995159 sent 2024-12-11 07:42:07.982551
INFO:Message received on topic: type-2/16 with payload size: 91 at 2024-12-11 07:42:10.587740 sent 2024-12-11 07:42:10.586382
INFO:Message received on topic: type-2/16 with payload size: 91 at 2024-12-11 07:42:13.193420 sent 2024-12-11 07:42:13.191823
INFO:Message received on topic: type-2/16 with payload size: 91 at 2024-12-11 07:42:15.798829 sent 2024-12-11 07:42:15.797107
INFO:Message received on topic: type-2/16 with payload size: 91 at 2024-12-11 07:42:18.401901 sent 2024-12-11 07:42:18.400526
INFO:Message received on topic: type-2/16 with payload size: 91 at 2024-12-11 07:42:21.005687 sent 2024-12-11 07:42:21.004411
INFO:Message received on topic: type-2/16 with payload size: 91 at 2024-12-11 07:42:23.611492 sent 2024-12-11 07:42:23.610114
INFO:Message received on topic: type-2/16 with payload size: 91 at 2024-12-11 07:42:26.256519 sent 2024-12-11 07:42:26.214825
INFO:Message received on topic: type-2/16 with payload size: 91 at 2024-12-11 07:42:28.853280 sent 2024-12-11 07:42:28.819678
INFO:Message received on topic: type-2/16 with payload size: 91 at 2024-12-11 07:42:31.454219 sent 2024-12-11 07:42:31.427481
INFO:Message received on topic: type-2/16 with payload size: 91 at 2024-12-11 07:42:34.058045 sent 2024-12-11 07:42:34.036810
INFO:Message received on topic: type-2/16 with payload size: 91 at 2024-12-11 07:42:36.659482 sent 2024-12-11 07:42:36.641632
INFO:Message received on topic: type-2/16 with payload size: 91 at 2024-12-11 07:42:39.259104 sent 2024-12-11 07:42:39.244551
INFO:Message received on topic: type-2/16 with payload size: 91 at 2024-12-11 07:42:41.857995 sent 2024-12-11 07:42:41.851265
INFO:Message received on topic: type-2/16 with payload size: 91 at 2024-12-11 07:42:44.458851 sent 2024-12-11 07:42:44.453036
INFO:Message received on topic: type-2/16 with payload size: 91 at 2024-12-11 07:42:47.070386 sent 2024-12-11 07:42:47.056797
INFO:Message received on topic: type-2/16 with payload size: 91 at 2024-12-11 07:42:49.661394 sent 2024-12-11 07:42:49.658628
INFO:Message received on topic: type-2/16 with payload size: 91 at 2024-12-11 07:42:52.263011 sent 2024-12-11 07:42:52.261731
INFO:Message received on topic: type-2/16 with payload size: 91 at 2024-12-11 07:42:54.867363 sent 2024-12-11 07:42:54.861680
INFO:Message received on topic: type-2/16 with payload size: 91 at 2024-12-11 07:42:57.468582 sent 2024-12-11 07:42:57.467017
