starting with cluster address: emqx.dtwins:18083
cluster user set to: my-app and cluster password set to: AAA4A275-BEEC-4AF8-B70B-DAAC0341F8EB
kubernetes api address set to: someaddress:6443
max queue set to: 1000 and max inflight set to: 16
date: 2024-12-11 07:46:15.317052 | Queue: total=0, avg=0.00, max=1000 | Inflight: total=0, avg=0.00, max=16
date: 2024-12-11 07:46:25.383429 | Queue: total=0, avg=0.00, max=1000 | Inflight: total=0, avg=0.00, max=16
date: 2024-12-11 07:46:35.450230 | Queue: total=0, avg=0.00, max=1000 | Inflight: total=0, avg=0.00, max=16
date: 2024-12-11 07:46:45.514557 | Queue: total=0, avg=0.00, max=1000 | Inflight: total=0, avg=0.00, max=16
date: 2024-12-11 07:46:55.582083 | Queue: total=0, avg=0.00, max=1000 | Inflight: total=0, avg=0.00, max=16
date: 2024-12-11 07:47:05.640180 | Queue: total=0, avg=0.00, max=1000 | Inflight: total=0, avg=0.00, max=16
date: 2024-12-11 07:47:15.707678 | Queue: total=0, avg=0.00, max=1000 | Inflight: total=0, avg=0.00, max=16
date: 2024-12-11 07:47:25.773024 | Queue: total=0, avg=0.00, max=1000 | Inflight: total=0, avg=0.00, max=16
date: 2024-12-11 07:47:35.841152 | Queue: total=0, avg=0.00, max=1000 | Inflight: total=0, avg=0.00, max=16
date: 2024-12-11 07:47:45.912937 | Queue: total=0, avg=0.00, max=1000 | Inflight: total=0, avg=0.00, max=16
date: 2024-12-11 07:47:55.983742 | Queue: total=0, avg=0.00, max=1000 | Inflight: total=0, avg=0.00, max=16
date: 2024-12-11 07:48:06.049436 | Queue: total=0, avg=0.00, max=1000 | Inflight: total=0, avg=0.00, max=16
date: 2024-12-11 07:48:16.117065 | Queue: total=0, avg=0.00, max=1000 | Inflight: total=0, avg=0.00, max=16
date: 2024-12-11 07:48:26.186476 | Queue: total=0, avg=0.00, max=1000 | Inflight: total=0, avg=0.00, max=16
date: 2024-12-11 07:48:36.254934 | Queue: total=0, avg=0.00, max=1000 | Inflight: total=0, avg=0.00, max=16
date: 2024-12-11 07:48:46.325927 | Queue: total=0, avg=0.00, max=1000 | Inflight: total=0, avg=0.00, max=16
date: 2024-12-11 07:48:56.390185 | Queue: total=0, avg=0.00, max=1000 | Inflight: total=0, avg=0.00, max=16
date: 2024-12-11 07:49:06.458406 | Queue: total=0, avg=0.00, max=1000 | Inflight: total=0, avg=0.00, max=16
date: 2024-12-11 07:49:16.525460 | Queue: total=0, avg=0.00, max=1000 | Inflight: total=0, avg=0.00, max=16
date: 2024-12-11 07:49:26.594413 | Queue: total=0, avg=0.00, max=1000 | Inflight: total=0, avg=0.00, max=16
date: 2024-12-11 07:49:36.657604 | Queue: total=0, avg=0.00, max=1000 | Inflight: total=0, avg=0.00, max=16
date: 2024-12-11 07:49:46.723700 | Queue: total=0, avg=0.00, max=1000 | Inflight: total=0, avg=0.00, max=16
date: 2024-12-11 07:49:56.796911 | Queue: total=0, avg=0.00, max=1000 | Inflight: total=0, avg=0.00, max=16
date: 2024-12-11 07:50:06.861833 | Queue: total=0, avg=0.00, max=1000 | Inflight: total=0, avg=0.00, max=16
date: 2024-12-11 07:50:16.936838 | Queue: total=0, avg=0.00, max=1000 | Inflight: total=0, avg=0.00, max=16
date: 2024-12-11 07:50:27.011424 | Queue: total=0, avg=0.00, max=1000 | Inflight: total=0, avg=0.00, max=16
date: 2024-12-11 07:50:37.077584 | Queue: total=0, avg=0.00, max=1000 | Inflight: total=0, avg=0.00, max=16
date: 2024-12-11 07:50:47.146317 | Queue: total=0, avg=0.00, max=1000 | Inflight: total=0, avg=0.00, max=16
date: 2024-12-11 07:50:57.214433 | Queue: total=0, avg=0.00, max=1000 | Inflight: total=0, avg=0.00, max=16
date: 2024-12-11 07:51:07.282907 | Queue: total=0, avg=0.00, max=1000 | Inflight: total=0, avg=0.00, max=16
date: 2024-12-11 07:51:17.350159 | Queue: total=0, avg=0.00, max=1000 | Inflight: total=0, avg=0.00, max=16
date: 2024-12-11 07:51:27.416973 | Queue: total=0, avg=0.00, max=1000 | Inflight: total=0, avg=0.00, max=16
date: 2024-12-11 07:51:37.481398 | Queue: total=0, avg=0.00, max=1000 | Inflight: total=0, avg=0.00, max=16
date: 2024-12-11 07:51:47.543826 | Queue: total=0, avg=0.00, max=1000 | Inflight: total=0, avg=0.00, max=16
date: 2024-12-11 07:51:57.610733 | Queue: total=0, avg=0.00, max=1000 | Inflight: total=0, avg=0.00, max=16
date: 2024-12-11 07:52:07.669152 | Queue: total=0, avg=0.00, max=1000 | Inflight: total=0, avg=0.00, max=16
date: 2024-12-11 07:52:17.736306 | Queue: total=0, avg=0.00, max=1000 | Inflight: total=0, avg=0.00, max=16
date: 2024-12-11 07:52:27.804775 | Queue: total=0, avg=0.00, max=1000 | Inflight: total=0, avg=0.00, max=16
date: 2024-12-11 07:52:37.872946 | Queue: total=0, avg=0.00, max=1000 | Inflight: total=0, avg=0.00, max=16
date: 2024-12-11 07:52:47.940559 | Queue: total=0, avg=0.00, max=1000 | Inflight: total=0, avg=0.00, max=16
date: 2024-12-11 07:52:58.008134 | Queue: total=0, avg=0.00, max=1000 | Inflight: total=0, avg=0.00, max=16
date: 2024-12-11 07:53:08.074440 | Queue: total=0, avg=0.00, max=1000 | Inflight: total=0, avg=0.00, max=16
date: 2024-12-11 07:53:18.144515 | Queue: total=0, avg=0.00, max=1000 | Inflight: total=0, avg=0.00, max=16
date: 2024-12-11 07:53:28.214447 | Queue: total=0, avg=0.00, max=1000 | Inflight: total=0, avg=0.00, max=16
date: 2024-12-11 07:53:38.282809 | Queue: total=0, avg=0.00, max=1000 | Inflight: total=0, avg=0.00, max=16
date: 2024-12-11 07:53:48.350542 | Queue: total=0, avg=0.00, max=1000 | Inflight: total=0, avg=0.00, max=16
date: 2024-12-11 07:53:58.424087 | Queue: total=0, avg=0.00, max=1000 | Inflight: total=0, avg=0.00, max=16
date: 2024-12-11 07:54:08.492203 | Queue: total=0, avg=0.00, max=1000 | Inflight: total=0, avg=0.00, max=16
date: 2024-12-11 07:54:18.557658 | Queue: total=0, avg=0.00, max=1000 | Inflight: total=0, avg=0.00, max=16
date: 2024-12-11 07:54:28.626909 | Queue: total=0, avg=0.00, max=1000 | Inflight: total=0, avg=0.00, max=16
date: 2024-12-11 07:54:38.687050 | Queue: total=0, avg=0.00, max=1000 | Inflight: total=0, avg=0.00, max=16
date: 2024-12-11 07:54:48.760776 | Queue: total=0, avg=0.00, max=1000 | Inflight: total=0, avg=0.00, max=16
date: 2024-12-11 07:54:58.828967 | Queue: total=0, avg=0.00, max=1000 | Inflight: total=0, avg=0.00, max=16
date: 2024-12-11 07:55:08.897090 | Queue: total=0, avg=0.00, max=1000 | Inflight: total=0, avg=0.00, max=16
date: 2024-12-11 07:55:18.960537 | Queue: total=0, avg=0.00, max=1000 | Inflight: total=0, avg=0.00, max=16
date: 2024-12-11 07:55:29.036697 | Queue: total=0, avg=0.00, max=1000 | Inflight: total=0, avg=0.00, max=16
date: 2024-12-11 07:55:39.106837 | Queue: total=0, avg=0.00, max=1000 | Inflight: total=0, avg=0.00, max=16
date: 2024-12-11 07:55:49.171237 | Queue: total=0, avg=0.00, max=1000 | Inflight: total=0, avg=0.00, max=16
date: 2024-12-11 07:55:59.240998 | Queue: total=0, avg=0.00, max=1000 | Inflight: total=0, avg=0.00, max=16
date: 2024-12-11 07:56:09.309511 | Queue: total=0, avg=0.00, max=1000 | Inflight: total=0, avg=0.00, max=16
date: 2024-12-11 07:56:19.380163 | Queue: total=0, avg=0.00, max=1000 | Inflight: total=0, avg=0.00, max=16
date: 2024-12-11 07:56:29.448789 | Queue: total=0, avg=0.00, max=1000 | Inflight: total=0, avg=0.00, max=16
date: 2024-12-11 07:56:39.516091 | Queue: total=0, avg=0.00, max=1000 | Inflight: total=0, avg=0.00, max=16
date: 2024-12-11 07:56:49.584349 | Queue: total=0, avg=0.00, max=1000 | Inflight: total=0, avg=0.00, max=16
date: 2024-12-11 07:56:59.652744 | Queue: total=0, avg=0.00, max=1000 | Inflight: total=0, avg=0.00, max=16
date: 2024-12-11 07:57:09.720740 | Queue: total=0, avg=0.00, max=1000 | Inflight: total=0, avg=0.00, max=16
date: 2024-12-11 07:57:19.790925 | Queue: total=0, avg=0.00, max=1000 | Inflight: total=0, avg=0.00, max=16
date: 2024-12-11 07:57:29.856756 | Queue: total=0, avg=0.00, max=1000 | Inflight: total=0, avg=0.00, max=16
date: 2024-12-11 07:57:39.925507 | Queue: total=0, avg=0.00, max=1000 | Inflight: total=0, avg=0.00, max=16
date: 2024-12-11 07:57:49.999523 | Queue: total=0, avg=0.00, max=1000 | Inflight: total=0, avg=0.00, max=16
date: 2024-12-11 07:58:00.073057 | Queue: total=0, avg=0.00, max=1000 | Inflight: total=0, avg=0.00, max=16
date: 2024-12-11 07:58:10.140785 | Queue: total=0, avg=0.00, max=1000 | Inflight: total=0, avg=0.00, max=16
date: 2024-12-11 07:58:20.219675 | Queue: total=0, avg=0.00, max=1000 | Inflight: total=0, avg=0.00, max=16
date: 2024-12-11 07:58:30.293673 | Queue: total=0, avg=0.00, max=1000 | Inflight: total=0, avg=0.00, max=16
date: 2024-12-11 07:58:40.360098 | Queue: total=0, avg=0.00, max=1000 | Inflight: total=0, avg=0.00, max=16
date: 2024-12-11 07:58:50.425979 | Queue: total=0, avg=0.00, max=1000 | Inflight: total=0, avg=0.00, max=16
date: 2024-12-11 07:59:00.493345 | Queue: total=0, avg=0.00, max=1000 | Inflight: total=0, avg=0.00, max=16
date: 2024-12-11 07:59:10.559221 | Queue: total=0, avg=0.00, max=1000 | Inflight: total=0, avg=0.00, max=16
date: 2024-12-11 07:59:20.626463 | Queue: total=0, avg=0.00, max=1000 | Inflight: total=0, avg=0.00, max=16
date: 2024-12-11 07:59:30.693402 | Queue: total=0, avg=0.00, max=1000 | Inflight: total=0, avg=0.00, max=16
date: 2024-12-11 07:59:40.758673 | Queue: total=0, avg=0.00, max=1000 | Inflight: total=0, avg=0.00, max=16
date: 2024-12-11 07:59:50.825028 | Queue: total=0, avg=0.00, max=1000 | Inflight: total=0, avg=0.00, max=16
date: 2024-12-11 08:00:00.894915 | Queue: total=0, avg=0.00, max=1000 | Inflight: total=0, avg=0.00, max=16
date: 2024-12-11 08:00:10.961943 | Queue: total=0, avg=0.00, max=1000 | Inflight: total=0, avg=0.00, max=16
date: 2024-12-11 08:00:21.043356 | Queue: total=0, avg=0.00, max=1000 | Inflight: total=0, avg=0.00, max=16
date: 2024-12-11 08:00:31.111170 | Queue: total=0, avg=0.00, max=1000 | Inflight: total=0, avg=0.00, max=16
date: 2024-12-11 08:00:41.177409 | Queue: total=0, avg=0.00, max=1000 | Inflight: total=0, avg=0.00, max=16
date: 2024-12-11 08:00:51.243458 | Queue: total=0, avg=0.00, max=1000 | Inflight: total=0, avg=0.00, max=16
date: 2024-12-11 08:01:01.312792 | Queue: total=0, avg=0.00, max=1000 | Inflight: total=0, avg=0.00, max=16
date: 2024-12-11 08:01:11.381700 | Queue: total=0, avg=0.00, max=1000 | Inflight: total=0, avg=0.00, max=16
date: 2024-12-11 08:01:21.446932 | Queue: total=0, avg=0.00, max=1000 | Inflight: total=0, avg=0.00, max=16
date: 2024-12-11 08:01:31.516223 | Queue: total=0, avg=0.00, max=1000 | Inflight: total=0, avg=0.00, max=16
date: 2024-12-11 08:01:41.583205 | Queue: total=0, avg=0.00, max=1000 | Inflight: total=0, avg=0.00, max=16
date: 2024-12-11 08:01:51.648279 | Queue: total=0, avg=0.00, max=1000 | Inflight: total=0, avg=0.00, max=16
date: 2024-12-11 08:02:01.719478 | Queue: total=0, avg=0.00, max=1000 | Inflight: total=0, avg=0.00, max=16
date: 2024-12-11 08:02:11.766427 | Queue: total=0, avg=0.00, max=1000 | Inflight: total=0, avg=0.00, max=16
date: 2024-12-11 08:02:21.808852 | Queue: total=0, avg=0.00, max=1000 | Inflight: total=0, avg=0.00, max=16
date: 2024-12-11 08:02:31.874657 | Queue: total=0, avg=0.00, max=1000 | Inflight: total=0, avg=0.00, max=16
date: 2024-12-11 08:02:41.943473 | Queue: total=0, avg=0.00, max=1000 | Inflight: total=0, avg=0.00, max=16
date: 2024-12-11 08:02:52.010024 | Queue: total=0, avg=0.00, max=1000 | Inflight: total=0, avg=0.00, max=16
date: 2024-12-11 08:03:02.077433 | Queue: total=0, avg=0.00, max=1000 | Inflight: total=0, avg=0.00, max=16
date: 2024-12-11 08:03:12.144916 | Queue: total=0, avg=0.00, max=1000 | Inflight: total=0, avg=0.00, max=16
date: 2024-12-11 08:03:22.224494 | Queue: total=0, avg=0.00, max=1000 | Inflight: total=0, avg=0.00, max=16
date: 2024-12-11 08:03:32.297111 | Queue: total=0, avg=0.00, max=1000 | Inflight: total=0, avg=0.00, max=16
date: 2024-12-11 08:03:42.361894 | Queue: total=0, avg=0.00, max=1000 | Inflight: total=0, avg=0.00, max=16
date: 2024-12-11 08:03:52.426302 | Queue: total=0, avg=0.00, max=1000 | Inflight: total=0, avg=0.00, max=16
date: 2024-12-11 08:04:02.491144 | Queue: total=0, avg=0.00, max=1000 | Inflight: total=0, avg=0.00, max=16
date: 2024-12-11 08:04:12.557348 | Queue: total=0, avg=0.00, max=1000 | Inflight: total=0, avg=0.00, max=16
date: 2024-12-11 08:04:22.625567 | Queue: total=0, avg=0.00, max=1000 | Inflight: total=0, avg=0.00, max=16
date: 2024-12-11 08:04:32.692774 | Queue: total=0, avg=0.00, max=1000 | Inflight: total=0, avg=0.00, max=16
date: 2024-12-11 08:04:42.749874 | Queue: total=0, avg=0.00, max=1000 | Inflight: total=0, avg=0.00, max=16
date: 2024-12-11 08:04:52.815560 | Queue: total=0, avg=0.00, max=1000 | Inflight: total=0, avg=0.00, max=16
date: 2024-12-11 08:05:02.878759 | Queue: total=0, avg=0.00, max=1000 | Inflight: total=0, avg=0.00, max=16
date: 2024-12-11 08:05:12.945655 | Queue: total=0, avg=0.00, max=1000 | Inflight: total=0, avg=0.00, max=16
date: 2024-12-11 08:05:23.021457 | Queue: total=0, avg=0.00, max=1000 | Inflight: total=0, avg=0.00, max=16
date: 2024-12-11 08:05:33.089021 | Queue: total=0, avg=0.00, max=1000 | Inflight: total=0, avg=0.00, max=16
date: 2024-12-11 08:05:43.158663 | Queue: total=0, avg=0.00, max=1000 | Inflight: total=0, avg=0.00, max=16
date: 2024-12-11 08:05:53.230505 | Queue: total=0, avg=0.00, max=1000 | Inflight: total=0, avg=0.00, max=16
date: 2024-12-11 08:06:03.300698 | Queue: total=0, avg=0.00, max=1000 | Inflight: total=0, avg=0.00, max=16
date: 2024-12-11 08:06:13.368594 | Queue: total=0, avg=0.00, max=1000 | Inflight: total=0, avg=0.00, max=16
date: 2024-12-11 08:06:23.435585 | Queue: total=0, avg=0.00, max=1000 | Inflight: total=0, avg=0.00, max=16
date: 2024-12-11 08:06:33.504430 | Queue: total=0, avg=0.00, max=1000 | Inflight: total=0, avg=0.00, max=16
date: 2024-12-11 08:06:43.573423 | Queue: total=0, avg=0.00, max=1000 | Inflight: total=0, avg=0.00, max=16
date: 2024-12-11 08:06:53.642266 | Queue: total=0, avg=0.00, max=1000 | Inflight: total=0, avg=0.00, max=16
date: 2024-12-11 08:07:03.713157 | Queue: total=0, avg=0.00, max=1000 | Inflight: total=0, avg=0.00, max=16
date: 2024-12-11 08:07:13.770355 | Queue: total=0, avg=0.00, max=1000 | Inflight: total=0, avg=0.00, max=16
date: 2024-12-11 08:07:23.842085 | Queue: total=0, avg=0.00, max=1000 | Inflight: total=0, avg=0.00, max=16
date: 2024-12-11 08:07:33.906540 | Queue: total=0, avg=0.00, max=1000 | Inflight: total=0, avg=0.00, max=16
date: 2024-12-11 08:07:43.972990 | Queue: total=0, avg=0.00, max=1000 | Inflight: total=0, avg=0.00, max=16
date: 2024-12-11 08:07:54.042787 | Queue: total=0, avg=0.00, max=1000 | Inflight: total=0, avg=0.00, max=16
date: 2024-12-11 08:08:04.112793 | Queue: total=0, avg=0.00, max=1000 | Inflight: total=0, avg=0.00, max=16
date: 2024-12-11 08:08:14.188066 | Queue: total=0, avg=0.00, max=1000 | Inflight: total=0, avg=0.00, max=16
date: 2024-12-11 08:08:24.257865 | Queue: total=0, avg=0.00, max=1000 | Inflight: total=0, avg=0.00, max=16
date: 2024-12-11 08:08:34.325180 | Queue: total=0, avg=0.00, max=1000 | Inflight: total=0, avg=0.00, max=16
date: 2024-12-11 08:08:44.394448 | Queue: total=0, avg=0.00, max=1000 | Inflight: total=0, avg=0.00, max=16
date: 2024-12-11 08:08:54.460281 | Queue: total=0, avg=0.00, max=1000 | Inflight: total=0, avg=0.00, max=16
date: 2024-12-11 08:09:04.532368 | Queue: total=0, avg=0.00, max=1000 | Inflight: total=0, avg=0.00, max=16
date: 2024-12-11 08:09:14.596652 | Queue: total=0, avg=0.00, max=1000 | Inflight: total=0, avg=0.00, max=16
date: 2024-12-11 08:09:24.662722 | Queue: total=0, avg=0.00, max=1000 | Inflight: total=0, avg=0.00, max=16
date: 2024-12-11 08:09:34.734397 | Queue: total=0, avg=0.00, max=1000 | Inflight: total=0, avg=0.00, max=16
date: 2024-12-11 08:09:44.791062 | Queue: total=0, avg=0.00, max=1000 | Inflight: total=0, avg=0.00, max=16
date: 2024-12-11 08:09:54.860207 | Queue: total=0, avg=0.00, max=1000 | Inflight: total=0, avg=0.00, max=16
date: 2024-12-11 08:10:04.928745 | Queue: total=0, avg=0.00, max=1000 | Inflight: total=0, avg=0.00, max=16
date: 2024-12-11 08:10:15.001350 | Queue: total=0, avg=0.00, max=1000 | Inflight: total=0, avg=0.00, max=16
date: 2024-12-11 08:10:25.070570 | Queue: total=0, avg=0.00, max=1000 | Inflight: total=0, avg=0.00, max=16
date: 2024-12-11 08:10:35.138422 | Queue: total=0, avg=0.00, max=1000 | Inflight: total=0, avg=0.00, max=16
date: 2024-12-11 08:10:45.204673 | Queue: total=0, avg=0.00, max=1000 | Inflight: total=0, avg=0.00, max=16
date: 2024-12-11 08:10:55.273871 | Queue: total=0, avg=0.00, max=1000 | Inflight: total=0, avg=0.00, max=16
date: 2024-12-11 08:11:05.344589 | Queue: total=0, avg=0.00, max=1000 | Inflight: total=0, avg=0.00, max=16
date: 2024-12-11 08:11:15.415925 | Queue: total=0, avg=0.00, max=1000 | Inflight: total=0, avg=0.00, max=16
date: 2024-12-11 08:11:25.482877 | Queue: total=0, avg=0.00, max=1000 | Inflight: total=0, avg=0.00, max=16
date: 2024-12-11 08:11:35.550425 | Queue: total=0, avg=0.00, max=1000 | Inflight: total=0, avg=0.00, max=16
date: 2024-12-11 08:11:45.617449 | Queue: total=0, avg=0.00, max=1000 | Inflight: total=0, avg=0.00, max=16
date: 2024-12-11 08:11:55.681983 | Queue: total=0, avg=0.00, max=1000 | Inflight: total=0, avg=0.00, max=16
date: 2024-12-11 08:12:05.747592 | Queue: total=0, avg=0.00, max=1000 | Inflight: total=0, avg=0.00, max=16
date: 2024-12-11 08:12:15.806889 | Queue: total=0, avg=0.00, max=1000 | Inflight: total=0, avg=0.00, max=16
date: 2024-12-11 08:12:25.873876 | Queue: total=0, avg=0.00, max=1000 | Inflight: total=0, avg=0.00, max=16
date: 2024-12-11 08:12:35.944982 | Queue: total=0, avg=0.00, max=1000 | Inflight: total=0, avg=0.00, max=16
date: 2024-12-11 08:12:46.009083 | Queue: total=0, avg=0.00, max=1000 | Inflight: total=0, avg=0.00, max=16
date: 2024-12-11 08:12:56.084020 | Queue: total=0, avg=0.00, max=1000 | Inflight: total=0, avg=0.00, max=16
date: 2024-12-11 08:13:06.156202 | Queue: total=0, avg=0.00, max=1000 | Inflight: total=0, avg=0.00, max=16
date: 2024-12-11 08:13:16.222914 | Queue: total=0, avg=0.00, max=1000 | Inflight: total=0, avg=0.00, max=16
date: 2024-12-11 08:13:26.290760 | Queue: total=0, avg=0.00, max=1000 | Inflight: total=0, avg=0.00, max=16
date: 2024-12-11 08:13:36.358494 | Queue: total=0, avg=0.00, max=1000 | Inflight: total=0, avg=0.00, max=16
date: 2024-12-11 08:13:46.433072 | Queue: total=0, avg=0.00, max=1000 | Inflight: total=0, avg=0.00, max=16
date: 2024-12-11 08:13:56.500855 | Queue: total=0, avg=0.00, max=1000 | Inflight: total=0, avg=0.00, max=16
date: 2024-12-11 08:14:06.569310 | Queue: total=0, avg=0.00, max=1000 | Inflight: total=0, avg=0.00, max=16
date: 2024-12-11 08:14:16.635826 | Queue: total=0, avg=0.00, max=1000 | Inflight: total=0, avg=0.00, max=16
date: 2024-12-11 08:14:26.703916 | Queue: total=0, avg=0.00, max=1000 | Inflight: total=0, avg=0.00, max=16
date: 2024-12-11 08:14:36.775080 | Queue: total=0, avg=0.00, max=1000 | Inflight: total=0, avg=0.00, max=16
date: 2024-12-11 08:14:46.827443 | Queue: total=0, avg=0.00, max=1000 | Inflight: total=0, avg=0.00, max=16
date: 2024-12-11 08:14:56.896693 | Queue: total=0, avg=0.00, max=1000 | Inflight: total=0, avg=0.00, max=16
date: 2024-12-11 08:15:06.964397 | Queue: total=0, avg=0.00, max=1000 | Inflight: total=0, avg=0.00, max=16
date: 2024-12-11 08:15:17.031193 | Queue: total=0, avg=0.00, max=1000 | Inflight: total=0, avg=0.00, max=16
date: 2024-12-11 08:15:27.100520 | Queue: total=0, avg=0.00, max=1000 | Inflight: total=0, avg=0.00, max=16
date: 2024-12-11 08:15:37.165113 | Queue: total=0, avg=0.00, max=1000 | Inflight: total=0, avg=0.00, max=16
date: 2024-12-11 08:15:47.234883 | Queue: total=0, avg=0.00, max=1000 | Inflight: total=0, avg=0.00, max=16
date: 2024-12-11 08:15:57.302050 | Queue: total=0, avg=0.00, max=1000 | Inflight: total=0, avg=0.00, max=16
date: 2024-12-11 08:16:07.369527 | Queue: total=0, avg=0.00, max=1000 | Inflight: total=0, avg=0.00, max=16
date: 2024-12-11 08:16:17.438061 | Queue: total=0, avg=0.00, max=1000 | Inflight: total=0, avg=0.00, max=16
date: 2024-12-11 08:16:27.508315 | Queue: total=0, avg=0.00, max=1000 | Inflight: total=0, avg=0.00, max=16
date: 2024-12-11 08:16:37.575800 | Queue: total=0, avg=0.00, max=1000 | Inflight: total=0, avg=0.00, max=16
date: 2024-12-11 08:16:47.642693 | Queue: total=0, avg=0.00, max=1000 | Inflight: total=0, avg=0.00, max=16
date: 2024-12-11 08:16:57.707954 | Queue: total=0, avg=0.00, max=1000 | Inflight: total=0, avg=0.00, max=16
date: 2024-12-11 08:17:07.776945 | Queue: total=0, avg=0.00, max=1000 | Inflight: total=0, avg=0.00, max=16
date: 2024-12-11 08:17:17.832968 | Queue: total=0, avg=0.00, max=1000 | Inflight: total=0, avg=0.00, max=16
date: 2024-12-11 08:17:27.899136 | Queue: total=0, avg=0.00, max=1000 | Inflight: total=0, avg=0.00, max=16
date: 2024-12-11 08:17:37.964080 | Queue: total=0, avg=0.00, max=1000 | Inflight: total=0, avg=0.00, max=16
date: 2024-12-11 08:17:48.031797 | Queue: total=0, avg=0.00, max=1000 | Inflight: total=0, avg=0.00, max=16
date: 2024-12-11 08:17:58.097486 | Queue: total=0, avg=0.00, max=1000 | Inflight: total=0, avg=0.00, max=16
date: 2024-12-11 08:18:08.165869 | Queue: total=0, avg=0.00, max=1000 | Inflight: total=0, avg=0.00, max=16
date: 2024-12-11 08:18:18.229528 | Queue: total=0, avg=0.00, max=1000 | Inflight: total=0, avg=0.00, max=16
date: 2024-12-11 08:18:28.301028 | Queue: total=0, avg=0.00, max=1000 | Inflight: total=0, avg=0.00, max=16
date: 2024-12-11 08:18:38.375361 | Queue: total=0, avg=0.00, max=1000 | Inflight: total=0, avg=0.00, max=16
date: 2024-12-11 08:18:48.445189 | Queue: total=0, avg=0.00, max=1000 | Inflight: total=0, avg=0.00, max=16
date: 2024-12-11 08:18:58.512677 | Queue: total=0, avg=0.00, max=1000 | Inflight: total=0, avg=0.00, max=16
date: 2024-12-11 08:19:08.578498 | Queue: total=0, avg=0.00, max=1000 | Inflight: total=0, avg=0.00, max=16
date: 2024-12-11 08:19:18.647277 | Queue: total=0, avg=0.00, max=1000 | Inflight: total=0, avg=0.00, max=16
date: 2024-12-11 08:19:28.715555 | Queue: total=0, avg=0.00, max=1000 | Inflight: total=0, avg=0.00, max=16
date: 2024-12-11 08:19:38.791626 | Queue: total=0, avg=0.00, max=1000 | Inflight: total=0, avg=0.00, max=16
date: 2024-12-11 08:19:48.854530 | Queue: total=0, avg=0.00, max=1000 | Inflight: total=0, avg=0.00, max=16
date: 2024-12-11 08:19:58.924096 | Queue: total=0, avg=0.00, max=1000 | Inflight: total=0, avg=0.00, max=16
date: 2024-12-11 08:20:09.002160 | Queue: total=0, avg=0.00, max=1000 | Inflight: total=0, avg=0.00, max=16
date: 2024-12-11 08:20:19.070564 | Queue: total=0, avg=0.00, max=1000 | Inflight: total=0, avg=0.00, max=16
date: 2024-12-11 08:20:29.134782 | Queue: total=0, avg=0.00, max=1000 | Inflight: total=0, avg=0.00, max=16
date: 2024-12-11 08:20:39.202830 | Queue: total=0, avg=0.00, max=1000 | Inflight: total=0, avg=0.00, max=16
date: 2024-12-11 08:20:49.271077 | Queue: total=0, avg=0.00, max=1000 | Inflight: total=0, avg=0.00, max=16
date: 2024-12-11 08:20:59.351850 | Queue: total=0, avg=0.00, max=1000 | Inflight: total=0, avg=0.00, max=16
date: 2024-12-11 08:21:09.419209 | Queue: total=0, avg=0.00, max=1000 | Inflight: total=0, avg=0.00, max=16
date: 2024-12-11 08:21:19.484740 | Queue: total=0, avg=0.00, max=1000 | Inflight: total=0, avg=0.00, max=16
date: 2024-12-11 08:21:29.554260 | Queue: total=0, avg=0.00, max=1000 | Inflight: total=0, avg=0.00, max=16
date: 2024-12-11 08:21:39.639210 | Queue: total=0, avg=0.00, max=1000 | Inflight: total=0, avg=0.00, max=16
date: 2024-12-11 08:21:49.708921 | Queue: total=0, avg=0.00, max=1000 | Inflight: total=0, avg=0.00, max=16
date: 2024-12-11 08:21:59.775933 | Queue: total=0, avg=0.00, max=1000 | Inflight: total=0, avg=0.00, max=16
date: 2024-12-11 08:22:09.843796 | Queue: total=0, avg=0.00, max=1000 | Inflight: total=0, avg=0.00, max=16
date: 2024-12-11 08:22:19.876567 | Queue: total=0, avg=0.00, max=1000 | Inflight: total=0, avg=0.00, max=16
date: 2024-12-11 08:22:29.944970 | Queue: total=0, avg=0.00, max=1000 | Inflight: total=0, avg=0.00, max=16
date: 2024-12-11 08:22:40.013184 | Queue: total=0, avg=0.00, max=1000 | Inflight: total=0, avg=0.00, max=16
date: 2024-12-11 08:22:50.084033 | Queue: total=0, avg=0.00, max=1000 | Inflight: total=0, avg=0.00, max=16
date: 2024-12-11 08:23:00.151616 | Queue: total=0, avg=0.00, max=1000 | Inflight: total=0, avg=0.00, max=16
date: 2024-12-11 08:23:10.219618 | Queue: total=0, avg=0.00, max=1000 | Inflight: total=0, avg=0.00, max=16
date: 2024-12-11 08:23:20.288485 | Queue: total=0, avg=0.00, max=1000 | Inflight: total=0, avg=0.00, max=16
date: 2024-12-11 08:23:30.355493 | Queue: total=0, avg=0.00, max=1000 | Inflight: total=0, avg=0.00, max=16
date: 2024-12-11 08:23:40.424077 | Queue: total=0, avg=0.00, max=1000 | Inflight: total=0, avg=0.00, max=16
date: 2024-12-11 08:23:50.495510 | Queue: total=0, avg=0.00, max=1000 | Inflight: total=0, avg=0.00, max=16
date: 2024-12-11 08:24:00.563828 | Queue: total=0, avg=0.00, max=1000 | Inflight: total=0, avg=0.00, max=16
date: 2024-12-11 08:24:10.630641 | Queue: total=0, avg=0.00, max=1000 | Inflight: total=0, avg=0.00, max=16
date: 2024-12-11 08:24:20.698488 | Queue: total=0, avg=0.00, max=1000 | Inflight: total=0, avg=0.00, max=16
date: 2024-12-11 08:24:30.765620 | Queue: total=0, avg=0.00, max=1000 | Inflight: total=0, avg=0.00, max=16
date: 2024-12-11 08:24:40.832069 | Queue: total=0, avg=0.00, max=1000 | Inflight: total=0, avg=0.00, max=16
date: 2024-12-11 08:24:50.891082 | Queue: total=0, avg=0.00, max=1000 | Inflight: total=0, avg=0.00, max=16
date: 2024-12-11 08:25:00.957249 | Queue: total=0, avg=0.00, max=1000 | Inflight: total=0, avg=0.00, max=16
date: 2024-12-11 08:25:11.039259 | Queue: total=0, avg=0.00, max=1000 | Inflight: total=0, avg=0.00, max=16
date: 2024-12-11 08:25:21.105225 | Queue: total=0, avg=0.00, max=1000 | Inflight: total=0, avg=0.00, max=16
date: 2024-12-11 08:25:31.173722 | Queue: total=0, avg=0.00, max=1000 | Inflight: total=0, avg=0.00, max=16
date: 2024-12-11 08:25:41.250020 | Queue: total=0, avg=0.00, max=1000 | Inflight: total=0, avg=0.00, max=16
date: 2024-12-11 08:25:51.319710 | Queue: total=0, avg=0.00, max=1000 | Inflight: total=0, avg=0.00, max=16
date: 2024-12-11 08:26:01.386750 | Queue: total=0, avg=0.00, max=1000 | Inflight: total=0, avg=0.00, max=16
date: 2024-12-11 08:26:11.457664 | Queue: total=0, avg=0.00, max=1000 | Inflight: total=0, avg=0.00, max=16
date: 2024-12-11 08:26:21.525910 | Queue: total=0, avg=0.00, max=1000 | Inflight: total=0, avg=0.00, max=16
date: 2024-12-11 08:26:31.593004 | Queue: total=0, avg=0.00, max=1000 | Inflight: total=0, avg=0.00, max=16
date: 2024-12-11 08:26:41.660835 | Queue: total=0, avg=0.00, max=1000 | Inflight: total=0, avg=0.00, max=16
date: 2024-12-11 08:26:51.728585 | Queue: total=0, avg=0.00, max=1000 | Inflight: total=0, avg=0.00, max=16
date: 2024-12-11 08:27:01.773635 | Queue: total=0, avg=0.00, max=1000 | Inflight: total=0, avg=0.00, max=16
date: 2024-12-11 08:27:11.842115 | Queue: total=0, avg=0.00, max=1000 | Inflight: total=0, avg=0.00, max=16
date: 2024-12-11 08:27:21.899083 | Queue: total=0, avg=0.00, max=1000 | Inflight: total=0, avg=0.00, max=16
date: 2024-12-11 08:27:31.963525 | Queue: total=0, avg=0.00, max=1000 | Inflight: total=0, avg=0.00, max=16
date: 2024-12-11 08:27:42.028729 | Queue: total=0, avg=0.00, max=1000 | Inflight: total=0, avg=0.00, max=16
date: 2024-12-11 08:27:52.092926 | Queue: total=0, avg=0.00, max=1000 | Inflight: total=0, avg=0.00, max=16
date: 2024-12-11 08:28:02.161277 | Queue: total=0, avg=0.00, max=1000 | Inflight: total=0, avg=0.00, max=16
date: 2024-12-11 08:28:12.228651 | Queue: total=0, avg=0.00, max=1000 | Inflight: total=0, avg=0.00, max=16
date: 2024-12-11 08:28:22.295350 | Queue: total=0, avg=0.00, max=1000 | Inflight: total=0, avg=0.00, max=16
date: 2024-12-11 08:28:32.353496 | Queue: total=0, avg=0.00, max=1000 | Inflight: total=0, avg=0.00, max=16
date: 2024-12-11 08:28:42.422117 | Queue: total=0, avg=0.00, max=1000 | Inflight: total=0, avg=0.00, max=16
date: 2024-12-11 08:28:52.491189 | Queue: total=0, avg=0.00, max=1000 | Inflight: total=0, avg=0.00, max=16
date: 2024-12-11 08:29:02.553227 | Queue: total=0, avg=0.00, max=1000 | Inflight: total=0, avg=0.00, max=16
date: 2024-12-11 08:29:12.620604 | Queue: total=0, avg=0.00, max=1000 | Inflight: total=0, avg=0.00, max=16
date: 2024-12-11 08:29:22.686823 | Queue: total=0, avg=0.00, max=1000 | Inflight: total=0, avg=0.00, max=16
date: 2024-12-11 08:29:32.750927 | Queue: total=0, avg=0.00, max=1000 | Inflight: total=0, avg=0.00, max=16
date: 2024-12-11 08:29:42.816007 | Queue: total=0, avg=0.00, max=1000 | Inflight: total=0, avg=0.00, max=16
date: 2024-12-11 08:29:52.882734 | Queue: total=0, avg=0.00, max=1000 | Inflight: total=0, avg=0.00, max=16
date: 2024-12-11 08:30:02.946159 | Queue: total=0, avg=0.00, max=1000 | Inflight: total=0, avg=0.00, max=16
date: 2024-12-11 08:30:13.013463 | Queue: total=0, avg=0.00, max=1000 | Inflight: total=0, avg=0.00, max=16
date: 2024-12-11 08:30:23.081528 | Queue: total=0, avg=0.00, max=1000 | Inflight: total=0, avg=0.00, max=16
date: 2024-12-11 08:30:33.146897 | Queue: total=0, avg=0.00, max=1000 | Inflight: total=0, avg=0.00, max=16
date: 2024-12-11 08:30:43.234090 | Queue: total=0, avg=0.00, max=1000 | Inflight: total=0, avg=0.00, max=16
date: 2024-12-11 08:30:53.309889 | Queue: total=0, avg=0.00, max=1000 | Inflight: total=0, avg=0.00, max=16
date: 2024-12-11 08:31:03.378371 | Queue: total=0, avg=0.00, max=1000 | Inflight: total=0, avg=0.00, max=16
date: 2024-12-11 08:31:13.447127 | Queue: total=0, avg=0.00, max=1000 | Inflight: total=0, avg=0.00, max=16
date: 2024-12-11 08:31:23.520041 | Queue: total=0, avg=0.00, max=1000 | Inflight: total=0, avg=0.00, max=16
date: 2024-12-11 08:31:33.588196 | Queue: total=0, avg=0.00, max=1000 | Inflight: total=0, avg=0.00, max=16
date: 2024-12-11 08:31:43.665852 | Queue: total=0, avg=0.00, max=1000 | Inflight: total=0, avg=0.00, max=16
date: 2024-12-11 08:31:53.737547 | Queue: total=0, avg=0.00, max=1000 | Inflight: total=0, avg=0.00, max=16
date: 2024-12-11 08:32:03.806841 | Queue: total=0, avg=0.00, max=1000 | Inflight: total=0, avg=0.00, max=16
date: 2024-12-11 08:32:13.876923 | Queue: total=0, avg=0.00, max=1000 | Inflight: total=0, avg=0.00, max=16
date: 2024-12-11 08:32:23.933268 | Queue: total=0, avg=0.00, max=1000 | Inflight: total=0, avg=0.00, max=16
date: 2024-12-11 08:32:34.001500 | Queue: total=0, avg=0.00, max=1000 | Inflight: total=0, avg=0.00, max=16
date: 2024-12-11 08:32:44.070420 | Queue: total=0, avg=0.00, max=1000 | Inflight: total=0, avg=0.00, max=16
date: 2024-12-11 08:32:54.139215 | Queue: total=0, avg=0.00, max=1000 | Inflight: total=0, avg=0.00, max=16
date: 2024-12-11 08:33:04.204250 | Queue: total=0, avg=0.00, max=1000 | Inflight: total=0, avg=0.00, max=16
date: 2024-12-11 08:33:14.270073 | Queue: total=0, avg=0.00, max=1000 | Inflight: total=0, avg=0.00, max=16
date: 2024-12-11 08:33:24.344111 | Queue: total=0, avg=0.00, max=1000 | Inflight: total=0, avg=0.00, max=16
date: 2024-12-11 08:33:34.383989 | Queue: total=0, avg=0.00, max=1000 | Inflight: total=0, avg=0.00, max=16
date: 2024-12-11 08:33:44.451794 | Queue: total=0, avg=0.00, max=1000 | Inflight: total=0, avg=0.00, max=16
