INFO:Starting Version 1.0.5
DEBUG:Using selector: EpollSelector
INFO:Connecting to cluster at: mqtt-quic://emqx-headless.dtwins:14567 using QUIC
INFO:Subscribed to topic: type-3/10
INFO:Subscribed to topic: type-3/11
INFO:Subscribed to topic: type-3/12
INFO:Subscribed to topic: type-3/13
INFO:Subscribed to topic: type-3/14
INFO:Subscribed to topic: type-3/15
INFO:Subscribed to topic: type-3/16
INFO:Subscribed to topic: type-3/17
INFO:Subscribed to topic: type-3/18
INFO:Subscribed to topic: type-3/19
INFO:Logging each: 100
INFO:Unhandled packet type received
INFO:Message received on topic: type-3/10 with payload size: 131 at 2024-12-18 22:47:47.193007 sent 2024-12-18 22:47:47.191424
INFO:Message received on topic: type-3/11 with payload size: 98 at 2024-12-18 22:47:50.501145 sent 2024-12-18 22:47:50.498608
INFO:Message received on topic: type-3/13 with payload size: 153 at 2024-12-18 22:47:53.062178 sent 2024-12-18 22:47:53.037823
INFO:Message received on topic: type-3/12 with payload size: 137 at 2024-12-18 22:47:55.080872 sent 2024-12-18 22:47:55.078179
INFO:Message received on topic: type-3/10 with payload size: 118 at 2024-12-18 22:47:56.962555 sent 2024-12-18 22:47:56.929942
INFO:Message received on topic: type-3/14 with payload size: 91 at 2024-12-18 22:47:58.667626 sent 2024-12-18 22:47:58.648480
INFO:Message received on topic: type-3/10 with payload size: 125 at 2024-12-18 22:48:00.194602 sent 2024-12-18 22:48:00.181767
INFO:Message received on topic: type-3/13 with payload size: 114 at 2024-12-18 22:48:01.670445 sent 2024-12-18 22:48:01.662187
INFO:Message received on topic: type-3/10 with payload size: 108 at 2024-12-18 22:48:03.025554 sent 2024-12-18 22:48:03.022477
INFO:Message received on topic: type-3/12 with payload size: 117 at 2024-12-18 22:48:04.309886 sent 2024-12-18 22:48:04.306649
INFO:Message received on topic: type-3/18 with payload size: 155 at 2024-12-18 22:48:05.586799 sent 2024-12-18 22:48:05.563119
INFO:Message received on topic: type-3/16 with payload size: 134 at 2024-12-18 22:48:06.704560 sent 2024-12-18 22:48:06.701598
INFO:Message received on topic: type-3/15 with payload size: 92 at 2024-12-18 22:48:07.892165 sent 2024-12-18 22:48:07.851423
INFO:Message received on topic: type-3/17 with payload size: 127 at 2024-12-18 22:48:08.971902 sent 2024-12-18 22:48:08.924358
INFO:Message received on topic: type-3/14 with payload size: 144 at 2024-12-18 22:48:09.977108 sent 2024-12-18 22:48:09.918979
INFO:Message received on topic: type-3/15 with payload size: 91 at 2024-12-18 22:48:11.002164 sent 2024-12-18 22:48:10.998623
INFO:Message received on topic: type-3/13 with payload size: 92 at 2024-12-18 22:48:12.018616 sent 2024-12-18 22:48:12.015613
INFO:Message received on topic: type-3/13 with payload size: 98 at 2024-12-18 22:48:13.068687 sent 2024-12-18 22:48:13.028145
INFO:Message received on topic: type-3/11 with payload size: 149 at 2024-12-18 22:48:14.072156 sent 2024-12-18 22:48:14.048638
INFO:Message received on topic: type-3/12 with payload size: 97 at 2024-12-18 22:48:15.097593 sent 2024-12-18 22:48:15.076662
INFO:Message received on topic: type-3/10 with payload size: 129 at 2024-12-18 22:48:16.114053 sent 2024-12-18 22:48:16.111130
INFO:Message received on topic: type-3/14 with payload size: 98 at 2024-12-18 22:48:17.165782 sent 2024-12-18 22:48:17.128872
INFO:Message received on topic: type-3/18 with payload size: 105 at 2024-12-18 22:48:18.172438 sent 2024-12-18 22:48:18.148564
INFO:Message received on topic: type-3/14 with payload size: 108 at 2024-12-18 22:48:19.266962 sent 2024-12-18 22:48:19.155220
INFO:Message received on topic: type-3/16 with payload size: 150 at 2024-12-18 22:48:20.270212 sent 2024-12-18 22:48:20.208108
INFO:Message received on topic: type-3/13 with payload size: 96 at 2024-12-18 22:48:21.270117 sent 2024-12-18 22:48:21.239122
INFO:Message received on topic: type-3/19 with payload size: 118 at 2024-12-18 22:48:22.295365 sent 2024-12-18 22:48:22.265288
INFO:Message received on topic: type-3/15 with payload size: 119 at 2024-12-18 22:48:23.288209 sent 2024-12-18 22:48:23.285649
INFO:Message received on topic: type-3/11 with payload size: 143 at 2024-12-18 22:48:24.306137 sent 2024-12-18 22:48:24.303213
INFO:Message received on topic: type-3/12 with payload size: 113 at 2024-12-18 22:48:25.362550 sent 2024-12-18 22:48:25.324628
INFO:Message received on topic: type-3/14 with payload size: 137 at 2024-12-18 22:48:26.372120 sent 2024-12-18 22:48:26.366353
INFO:Message received on topic: type-3/10 with payload size: 114 at 2024-12-18 22:48:27.393391 sent 2024-12-18 22:48:27.390001
INFO:Message received on topic: type-3/10 with payload size: 115 at 2024-12-18 22:48:28.468017 sent 2024-12-18 22:48:28.405015
INFO:Message received on topic: type-3/17 with payload size: 147 at 2024-12-18 22:48:29.465614 sent 2024-12-18 22:48:29.429586
INFO:Message received on topic: type-3/16 with payload size: 129 at 2024-12-18 22:48:30.476636 sent 2024-12-18 22:48:30.459846
INFO:Message received on topic: type-3/13 with payload size: 154 at 2024-12-18 22:48:31.501142 sent 2024-12-18 22:48:31.497114
INFO:Message received on topic: type-3/19 with payload size: 151 at 2024-12-18 22:48:32.573434 sent 2024-12-18 22:48:32.515215
INFO:Message received on topic: type-3/11 with payload size: 149 at 2024-12-18 22:48:33.569028 sent 2024-12-18 22:48:33.530708
INFO:Message received on topic: type-3/15 with payload size: 120 at 2024-12-18 22:48:34.578973 sent 2024-12-18 22:48:34.545970
INFO:Message received on topic: type-3/12 with payload size: 154 at 2024-12-18 22:48:35.579011 sent 2024-12-18 22:48:35.576310
INFO:Message received on topic: type-3/14 with payload size: 146 at 2024-12-18 22:48:36.617435 sent 2024-12-18 22:48:36.614271
INFO:Message received on topic: type-3/10 with payload size: 114 at 2024-12-18 22:48:37.669106 sent 2024-12-18 22:48:37.631775
INFO:Message received on topic: type-3/18 with payload size: 115 at 2024-12-18 22:48:38.670537 sent 2024-12-18 22:48:38.652336
INFO:Message received on topic: type-3/16 with payload size: 114 at 2024-12-18 22:48:39.759776 sent 2024-12-18 22:48:39.695936
INFO:Message received on topic: type-3/17 with payload size: 124 at 2024-12-18 22:48:40.761615 sent 2024-12-18 22:48:40.714081
INFO:Message received on topic: type-3/13 with payload size: 91 at 2024-12-18 22:48:41.771128 sent 2024-12-18 22:48:41.741926
INFO:Message received on topic: type-3/11 with payload size: 107 at 2024-12-18 22:48:42.784560 sent 2024-12-18 22:48:42.759046
INFO:Message received on topic: type-3/15 with payload size: 138 at 2024-12-18 22:48:43.787066 sent 2024-12-18 22:48:43.784096
INFO:Message received on topic: type-3/19 with payload size: 123 at 2024-12-18 22:48:44.803842 sent 2024-12-18 22:48:44.800705
INFO:Message received on topic: type-3/12 with payload size: 129 at 2024-12-18 22:48:45.865950 sent 2024-12-18 22:48:45.819568
INFO:Message received on topic: type-3/14 with payload size: 138 at 2024-12-18 22:48:46.875823 sent 2024-12-18 22:48:46.868330
INFO:Message received on topic: type-3/10 with payload size: 91 at 2024-12-18 22:48:47.886667 sent 2024-12-18 22:48:47.883379
INFO:Message received on topic: type-3/18 with payload size: 99 at 2024-12-18 22:48:48.904412 sent 2024-12-18 22:48:48.901466
INFO:Message received on topic: type-3/17 with payload size: 92 at 2024-12-18 22:48:49.977146 sent 2024-12-18 22:48:49.948619
INFO:Message received on topic: type-3/16 with payload size: 129 at 2024-12-18 22:48:50.981694 sent 2024-12-18 22:48:50.971568
INFO:Message received on topic: type-3/13 with payload size: 134 at 2024-12-18 22:48:52.006869 sent 2024-12-18 22:48:51.996428
INFO:Message received on topic: type-3/15 with payload size: 117 at 2024-12-18 22:48:53.095709 sent 2024-12-18 22:48:53.017971
INFO:Message received on topic: type-3/19 with payload size: 93 at 2024-12-18 22:48:54.077265 sent 2024-12-18 22:48:54.033656
INFO:Message received on topic: type-3/12 with payload size: 109 at 2024-12-18 22:48:55.072127 sent 2024-12-18 22:48:55.049561
INFO:Message received on topic: type-3/12 with payload size: 95 at 2024-12-18 22:48:56.074786 sent 2024-12-18 22:48:56.065968
INFO:Message received on topic: type-3/14 with payload size: 116 at 2024-12-18 22:48:57.162622 sent 2024-12-18 22:48:57.119896
INFO:Message received on topic: type-3/10 with payload size: 95 at 2024-12-18 22:48:58.169835 sent 2024-12-18 22:48:58.141557
INFO:Message received on topic: type-3/10 with payload size: 97 at 2024-12-18 22:48:59.171545 sent 2024-12-18 22:48:59.157379
INFO:Message received on topic: type-3/17 with payload size: 150 at 2024-12-18 22:49:00.261925 sent 2024-12-18 22:49:00.220959
INFO:Message received on topic: type-3/16 with payload size: 120 at 2024-12-18 22:49:01.279719 sent 2024-12-18 22:49:01.235992
INFO:Message received on topic: type-3/19 with payload size: 117 at 2024-12-18 22:49:02.271549 sent 2024-12-18 22:49:02.252395
INFO:Message received on topic: type-3/11 with payload size: 144 at 2024-12-18 22:49:03.277541 sent 2024-12-18 22:49:03.270526
INFO:Message received on topic: type-3/13 with payload size: 110 at 2024-12-18 22:49:04.297130 sent 2024-12-18 22:49:04.293121
INFO:Message received on topic: type-3/19 with payload size: 109 at 2024-12-18 22:49:05.321438 sent 2024-12-18 22:49:05.316607
INFO:Message received on topic: type-3/12 with payload size: 144 at 2024-12-18 22:49:06.370709 sent 2024-12-18 22:49:06.330974
INFO:Message received on topic: type-3/10 with payload size: 144 at 2024-12-18 22:49:07.387452 sent 2024-12-18 22:49:07.385619
INFO:Message received on topic: type-3/18 with payload size: 125 at 2024-12-18 22:49:08.406469 sent 2024-12-18 22:49:08.404067
INFO:Message received on topic: type-3/14 with payload size: 151 at 2024-12-18 22:49:09.465768 sent 2024-12-18 22:49:09.421616
INFO:Message received on topic: type-3/16 with payload size: 124 at 2024-12-18 22:49:10.490875 sent 2024-12-18 22:49:10.483598
INFO:Message received on topic: type-3/15 with payload size: 135 at 2024-12-18 22:49:11.502771 sent 2024-12-18 22:49:11.499194
INFO:Message received on topic: type-3/12 with payload size: 109 at 2024-12-18 22:49:12.573473 sent 2024-12-18 22:49:12.515402
INFO:Message received on topic: type-3/11 with payload size: 136 at 2024-12-18 22:49:13.573939 sent 2024-12-18 22:49:13.530955
INFO:Message received on topic: type-3/17 with payload size: 93 at 2024-12-18 22:49:14.575347 sent 2024-12-18 22:49:14.547584
INFO:Message received on topic: type-3/13 with payload size: 119 at 2024-12-18 22:49:15.577403 sent 2024-12-18 22:49:15.563906
INFO:Message received on topic: type-3/19 with payload size: 107 at 2024-12-18 22:49:16.595202 sent 2024-12-18 22:49:16.591227
INFO:Message received on topic: type-3/18 with payload size: 131 at 2024-12-18 22:49:17.667049 sent 2024-12-18 22:49:17.640846
INFO:Message received on topic: type-3/18 with payload size: 142 at 2024-12-18 22:49:18.669625 sent 2024-12-18 22:49:18.657350
INFO:Message received on topic: type-3/18 with payload size: 140 at 2024-12-18 22:49:19.684626 sent 2024-12-18 22:49:19.677825
INFO:Message received on topic: type-3/16 with payload size: 120 at 2024-12-18 22:49:20.770438 sent 2024-12-18 22:49:20.725558
INFO:Message received on topic: type-3/15 with payload size: 141 at 2024-12-18 22:49:21.770313 sent 2024-12-18 22:49:21.743404
INFO:Message received on topic: type-3/13 with payload size: 111 at 2024-12-18 22:49:22.784681 sent 2024-12-18 22:49:22.769580
INFO:Message received on topic: type-3/11 with payload size: 113 at 2024-12-18 22:49:23.792314 sent 2024-12-18 22:49:23.788906
INFO:Message received on topic: type-3/12 with payload size: 134 at 2024-12-18 22:49:24.867637 sent 2024-12-18 22:49:24.804275
INFO:Message received on topic: type-3/17 with payload size: 95 at 2024-12-18 22:49:25.874217 sent 2024-12-18 22:49:25.820220
INFO:Message received on topic: type-3/19 with payload size: 119 at 2024-12-18 22:49:26.874049 sent 2024-12-18 22:49:26.840684
INFO:Message received on topic: type-3/10 with payload size: 115 at 2024-12-18 22:49:27.896154 sent 2024-12-18 22:49:27.894966
INFO:Message received on topic: type-3/14 with payload size: 144 at 2024-12-18 22:49:28.919234 sent 2024-12-18 22:49:28.916605
INFO:Message received on topic: type-3/18 with payload size: 116 at 2024-12-18 22:49:29.970818 sent 2024-12-18 22:49:29.932655
INFO:Message received on topic: type-3/16 with payload size: 130 at 2024-12-18 22:49:30.981504 sent 2024-12-18 22:49:30.977683
INFO:Message received on topic: type-3/15 with payload size: 150 at 2024-12-18 22:49:32.005081 sent 2024-12-18 22:49:32.001092
INFO:Message received on topic: type-3/13 with payload size: 149 at 2024-12-18 22:49:33.064124 sent 2024-12-18 22:49:33.019280
INFO:Message received on topic: type-3/11 with payload size: 152 at 2024-12-18 22:49:34.071203 sent 2024-12-18 22:49:34.034462
INFO:Message received on topic: type-3/17 with payload size: 120 at 2024-12-18 22:49:35.077176 sent 2024-12-18 22:49:35.048348
INFO:Message received on topic: type-3/12 with payload size: 95 at 2024-12-18 22:49:36.073992 sent 2024-12-18 22:49:36.065358
INFO:Message received on topic: type-3/19 with payload size: 137 at 2024-12-18 22:49:37.162204 sent 2024-12-18 22:49:37.093833
INFO:Message received on topic: type-3/10 with payload size: 145 at 2024-12-18 22:49:38.176448 sent 2024-12-18 22:49:38.146500
INFO:Message received on topic: type-3/10 with payload size: 143 at 2024-12-18 22:49:39.172707 sent 2024-12-18 22:49:39.164650
INFO:Message received on topic: type-3/18 with payload size: 116 at 2024-12-18 22:49:40.187045 sent 2024-12-18 22:49:40.184029
INFO:Message received on topic: type-3/15 with payload size: 138 at 2024-12-18 22:49:41.273494 sent 2024-12-18 22:49:41.229596
INFO:Message received on topic: type-3/16 with payload size: 111 at 2024-12-18 22:49:42.296469 sent 2024-12-18 22:49:42.244553
INFO:Message received on topic: type-3/15 with payload size: 124 at 2024-12-18 22:49:43.280181 sent 2024-12-18 22:49:43.263339
INFO:Message received on topic: type-3/17 with payload size: 142 at 2024-12-18 22:49:44.304648 sent 2024-12-18 22:49:44.287612
INFO:Message received on topic: type-3/12 with payload size: 99 at 2024-12-18 22:49:45.313381 sent 2024-12-18 22:49:45.308471
INFO:Message received on topic: type-3/17 with payload size: 93 at 2024-12-18 22:49:46.391915 sent 2024-12-18 22:49:46.326151
INFO:Message received on topic: type-3/19 with payload size: 142 at 2024-12-18 22:49:47.371533 sent 2024-12-18 22:49:47.343347
INFO:Message received on topic: type-3/14 with payload size: 92 at 2024-12-18 22:49:48.405416 sent 2024-12-18 22:49:48.403649
INFO:Message received on topic: type-3/18 with payload size: 110 at 2024-12-18 22:49:49.464223 sent 2024-12-18 22:49:49.420413
INFO:Message received on topic: type-3/10 with payload size: 105 at 2024-12-18 22:49:50.476368 sent 2024-12-18 22:49:50.440008
INFO:Message received on topic: type-3/16 with payload size: 141 at 2024-12-18 22:49:51.484141 sent 2024-12-18 22:49:51.481129
INFO:Message received on topic: type-3/11 with payload size: 136 at 2024-12-18 22:49:52.507298 sent 2024-12-18 22:49:52.504165
INFO:Message received on topic: type-3/13 with payload size: 114 at 2024-12-18 22:49:53.566792 sent 2024-12-18 22:49:53.525134
INFO:Message received on topic: type-3/15 with payload size: 148 at 2024-12-18 22:49:54.575318 sent 2024-12-18 22:49:54.547446
INFO:Message received on topic: type-3/12 with payload size: 128 at 2024-12-18 22:49:55.591399 sent 2024-12-18 22:49:55.577283
INFO:Message received on topic: type-3/19 with payload size: 112 at 2024-12-18 22:49:56.597772 sent 2024-12-18 22:49:56.585398
INFO:Message received on topic: type-3/12 with payload size: 145 at 2024-12-18 22:49:57.610562 sent 2024-12-18 22:49:57.604409
INFO:Message received on topic: type-3/14 with payload size: 130 at 2024-12-18 22:49:58.665732 sent 2024-12-18 22:49:58.657413
INFO:Message received on topic: type-3/10 with payload size: 133 at 2024-12-18 22:49:59.702902 sent 2024-12-18 22:49:59.679828
INFO:Message received on topic: type-3/18 with payload size: 113 at 2024-12-18 22:50:00.714925 sent 2024-12-18 22:50:00.697994
INFO:Message received on topic: type-3/11 with payload size: 113 at 2024-12-18 22:50:01.774738 sent 2024-12-18 22:50:01.737921
INFO:Message received on topic: type-3/16 with payload size: 104 at 2024-12-18 22:50:02.773336 sent 2024-12-18 22:50:02.757022
INFO:Message received on topic: type-3/16 with payload size: 127 at 2024-12-18 22:50:03.783061 sent 2024-12-18 22:50:03.775159
INFO:Message received on topic: type-3/19 with payload size: 145 at 2024-12-18 22:50:04.806081 sent 2024-12-18 22:50:04.797696
INFO:Message received on topic: type-3/15 with payload size: 120 at 2024-12-18 22:50:05.863636 sent 2024-12-18 22:50:05.819148
INFO:Message received on topic: type-3/12 with payload size: 100 at 2024-12-18 22:50:06.870400 sent 2024-12-18 22:50:06.833760
INFO:Message received on topic: type-3/17 with payload size: 130 at 2024-12-18 22:50:07.877431 sent 2024-12-18 22:50:07.853429
INFO:Message received on topic: type-3/10 with payload size: 136 at 2024-12-18 22:50:08.960105 sent 2024-12-18 22:50:08.912875
INFO:Message received on topic: type-3/14 with payload size: 93 at 2024-12-18 22:50:09.966136 sent 2024-12-18 22:50:09.927937
INFO:Message received on topic: type-3/18 with payload size: 102 at 2024-12-18 22:50:10.983833 sent 2024-12-18 22:50:10.954087
INFO:Message received on topic: type-3/16 with payload size: 118 at 2024-12-18 22:50:11.994500 sent 2024-12-18 22:50:11.991166
INFO:Message received on topic: type-3/13 with payload size: 93 at 2024-12-18 22:50:13.079043 sent 2024-12-18 22:50:13.016402
INFO:Message received on topic: type-3/19 with payload size: 126 at 2024-12-18 22:50:14.070147 sent 2024-12-18 22:50:14.033350
INFO:Message received on topic: type-3/19 with payload size: 140 at 2024-12-18 22:50:15.074914 sent 2024-12-18 22:50:15.047096
INFO:Message received on topic: type-3/15 with payload size: 137 at 2024-12-18 22:50:16.071175 sent 2024-12-18 22:50:16.066416
INFO:Message received on topic: type-3/12 with payload size: 144 at 2024-12-18 22:50:17.106599 sent 2024-12-18 22:50:17.089233
INFO:Message received on topic: type-3/17 with payload size: 117 at 2024-12-18 22:50:18.113876 sent 2024-12-18 22:50:18.110536
INFO:Message received on topic: type-3/10 with payload size: 138 at 2024-12-18 22:50:19.173033 sent 2024-12-18 22:50:19.168493
INFO:Message received on topic: type-3/18 with payload size: 131 at 2024-12-18 22:50:20.197290 sent 2024-12-18 22:50:20.186970
INFO:Message received on topic: type-3/14 with payload size: 136 at 2024-12-18 22:50:21.208854 sent 2024-12-18 22:50:21.205007
INFO:Message received on topic: type-3/13 with payload size: 115 at 2024-12-18 22:50:22.286420 sent 2024-12-18 22:50:22.247791
INFO:Message received on topic: type-3/13 with payload size: 141 at 2024-12-18 22:50:23.274306 sent 2024-12-18 22:50:23.263050
INFO:Message received on topic: type-3/11 with payload size: 131 at 2024-12-18 22:50:24.289755 sent 2024-12-18 22:50:24.285886
INFO:Message received on topic: type-3/19 with payload size: 105 at 2024-12-18 22:50:25.307698 sent 2024-12-18 22:50:25.304377
INFO:Message received on topic: type-3/15 with payload size: 140 at 2024-12-18 22:50:26.370134 sent 2024-12-18 22:50:26.326277
INFO:Message received on topic: type-3/12 with payload size: 94 at 2024-12-18 22:50:27.374782 sent 2024-12-18 22:50:27.342621
INFO:Message received on topic: type-3/17 with payload size: 96 at 2024-12-18 22:50:28.374791 sent 2024-12-18 22:50:28.372851
INFO:Message received on topic: type-3/16 with payload size: 139 at 2024-12-18 22:50:29.466805 sent 2024-12-18 22:50:29.446782
INFO:Message received on topic: type-3/18 with payload size: 121 at 2024-12-18 22:50:30.469107 sent 2024-12-18 22:50:30.443344
INFO:Message received on topic: type-3/14 with payload size: 128 at 2024-12-18 22:50:31.469520 sent 2024-12-18 22:50:31.466183
INFO:Message received on topic: type-3/16 with payload size: 137 at 2024-12-18 22:50:32.508989 sent 2024-12-18 22:50:32.505217
INFO:Message received on topic: type-3/13 with payload size: 153 at 2024-12-18 22:50:33.564353 sent 2024-12-18 22:50:33.522484
INFO:Message received on topic: type-3/13 with payload size: 93 at 2024-12-18 22:50:34.572992 sent 2024-12-18 22:50:34.535973
INFO:Message received on topic: type-3/15 with payload size: 155 at 2024-12-18 22:50:35.582435 sent 2024-12-18 22:50:35.579080
INFO:Message received on topic: type-3/17 with payload size: 115 at 2024-12-18 22:50:36.605927 sent 2024-12-18 22:50:36.602587
INFO:Message received on topic: type-3/12 with payload size: 125 at 2024-12-18 22:50:37.663144 sent 2024-12-18 22:50:37.622028
INFO:Message received on topic: type-3/12 with payload size: 114 at 2024-12-18 22:50:38.679599 sent 2024-12-18 22:50:38.635204
INFO:Message received on topic: type-3/10 with payload size: 91 at 2024-12-18 22:50:39.684669 sent 2024-12-18 22:50:39.677590
INFO:Message received on topic: type-3/18 with payload size: 101 at 2024-12-18 22:50:40.707666 sent 2024-12-18 22:50:40.705157
INFO:Message received on topic: type-3/18 with payload size: 114 at 2024-12-18 22:50:41.771193 sent 2024-12-18 22:50:41.719147
INFO:Message received on topic: type-3/16 with payload size: 142 at 2024-12-18 22:50:42.773169 sent 2024-12-18 22:50:42.758462
INFO:Message received on topic: type-3/16 with payload size: 108 at 2024-12-18 22:50:43.779153 sent 2024-12-18 22:50:43.775512
INFO:Message received on topic: type-3/11 with payload size: 130 at 2024-12-18 22:50:44.796864 sent 2024-12-18 22:50:44.794214
INFO:Message received on topic: type-3/15 with payload size: 103 at 2024-12-18 22:50:45.877518 sent 2024-12-18 22:50:45.831980
INFO:Message received on topic: type-3/15 with payload size: 147 at 2024-12-18 22:50:46.879321 sent 2024-12-18 22:50:46.847401
INFO:Message received on topic: type-3/12 with payload size: 131 at 2024-12-18 22:50:47.894724 sent 2024-12-18 22:50:47.877172
INFO:Message received on topic: type-3/19 with payload size: 93 at 2024-12-18 22:50:48.907566 sent 2024-12-18 22:50:48.904916
INFO:Message received on topic: type-3/10 with payload size: 102 at 2024-12-18 22:50:49.965034 sent 2024-12-18 22:50:49.931835
INFO:Message received on topic: type-3/18 with payload size: 101 at 2024-12-18 22:50:50.972666 sent 2024-12-18 22:50:50.960283
INFO:Message received on topic: type-3/14 with payload size: 133 at 2024-12-18 22:50:51.983094 sent 2024-12-18 22:50:51.977761
INFO:Message received on topic: type-3/13 with payload size: 149 at 2024-12-18 22:50:53.011668 sent 2024-12-18 22:50:53.008565
INFO:Message received on topic: type-3/11 with payload size: 101 at 2024-12-18 22:50:54.065460 sent 2024-12-18 22:50:54.026985
INFO:Message received on topic: type-3/11 with payload size: 114 at 2024-12-18 22:50:55.077366 sent 2024-12-18 22:50:55.043338
INFO:Message received on topic: type-3/15 with payload size: 123 at 2024-12-18 22:50:56.089667 sent 2024-12-18 22:50:56.086839
INFO:Message received on topic: type-3/17 with payload size: 154 at 2024-12-18 22:50:57.169270 sent 2024-12-18 22:50:57.108407
INFO:Message received on topic: type-3/19 with payload size: 126 at 2024-12-18 22:50:58.167419 sent 2024-12-18 22:50:58.134366
INFO:Message received on topic: type-3/12 with payload size: 111 at 2024-12-18 22:50:59.171701 sent 2024-12-18 22:50:59.155569
INFO:Message received on topic: type-3/10 with payload size: 115 at 2024-12-18 22:51:00.196601 sent 2024-12-18 22:51:00.192145
INFO:Message received on topic: type-3/18 with payload size: 111 at 2024-12-18 22:51:01.216563 sent 2024-12-18 22:51:01.212199
INFO:Message received on topic: type-3/14 with payload size: 153 at 2024-12-18 22:51:02.267907 sent 2024-12-18 22:51:02.227888
INFO:Message received on topic: type-3/18 with payload size: 144 at 2024-12-18 22:51:03.273590 sent 2024-12-18 22:51:03.242868
INFO:Message received on topic: type-3/16 with payload size: 106 at 2024-12-18 22:51:04.281803 sent 2024-12-18 22:51:04.278400
INFO:Message received on topic: type-3/11 with payload size: 153 at 2024-12-18 22:51:05.367017 sent 2024-12-18 22:51:05.296664
INFO:Message received on topic: type-3/15 with payload size: 113 at 2024-12-18 22:51:06.365600 sent 2024-12-18 22:51:06.332826
INFO:Message received on topic: type-3/17 with payload size: 91 at 2024-12-18 22:51:07.370620 sent 2024-12-18 22:51:07.359611
INFO:Message received on topic: type-3/19 with payload size: 140 at 2024-12-18 22:51:08.396218 sent 2024-12-18 22:51:08.383244
INFO:Message received on topic: type-3/10 with payload size: 144 at 2024-12-18 22:51:09.477807 sent 2024-12-18 22:51:09.433286
INFO:Message received on topic: type-3/10 with payload size: 113 at 2024-12-18 22:51:10.467053 sent 2024-12-18 22:51:10.448651
INFO:Message received on topic: type-3/18 with payload size: 146 at 2024-12-18 22:51:11.473422 sent 2024-12-18 22:51:11.467078
INFO:Message received on topic: type-3/14 with payload size: 138 at 2024-12-18 22:51:12.491946 sent 2024-12-18 22:51:12.489135
INFO:Message received on topic: type-3/13 with payload size: 124 at 2024-12-18 22:51:13.509375 sent 2024-12-18 22:51:13.506442
INFO:Message received on topic: type-3/16 with payload size: 118 at 2024-12-18 22:51:14.563227 sent 2024-12-18 22:51:14.523127
INFO:Message received on topic: type-3/11 with payload size: 147 at 2024-12-18 22:51:15.573090 sent 2024-12-18 22:51:15.542756
INFO:Message received on topic: type-3/15 with payload size: 99 at 2024-12-18 22:51:16.588167 sent 2024-12-18 22:51:16.585213
INFO:Message received on topic: type-3/19 with payload size: 120 at 2024-12-18 22:51:17.617722 sent 2024-12-18 22:51:17.614505
INFO:Message received on topic: type-3/17 with payload size: 106 at 2024-12-18 22:51:18.666838 sent 2024-12-18 22:51:18.629625
INFO:Message received on topic: type-3/12 with payload size: 147 at 2024-12-18 22:51:19.674582 sent 2024-12-18 22:51:19.663906
INFO:Message received on topic: type-3/10 with payload size: 109 at 2024-12-18 22:51:20.704201 sent 2024-12-18 22:51:20.701084
INFO:Message received on topic: type-3/18 with payload size: 142 at 2024-12-18 22:51:21.784899 sent 2024-12-18 22:51:21.719604
INFO:Message received on topic: type-3/14 with payload size: 93 at 2024-12-18 22:51:22.777538 sent 2024-12-18 22:51:22.732869
INFO:Message received on topic: type-3/16 with payload size: 121 at 2024-12-18 22:51:23.777186 sent 2024-12-18 22:51:23.751292
INFO:Message received on topic: type-3/16 with payload size: 101 at 2024-12-18 22:51:24.776134 sent 2024-12-18 22:51:24.771680
INFO:Message received on topic: type-3/11 with payload size: 133 at 2024-12-18 22:51:25.799196 sent 2024-12-18 22:51:25.795903
INFO:Message received on topic: type-3/15 with payload size: 116 at 2024-12-18 22:51:26.865734 sent 2024-12-18 22:51:26.834620
INFO:Message received on topic: type-3/19 with payload size: 107 at 2024-12-18 22:51:27.868356 sent 2024-12-18 22:51:27.863540
INFO:Message received on topic: type-3/17 with payload size: 117 at 2024-12-18 22:51:28.888624 sent 2024-12-18 22:51:28.884185
INFO:Message received on topic: type-3/12 with payload size: 91 at 2024-12-18 22:51:29.918023 sent 2024-12-18 22:51:29.914869
INFO:Message received on topic: type-3/12 with payload size: 147 at 2024-12-18 22:51:30.968790 sent 2024-12-18 22:51:30.929076
INFO:Message received on topic: type-3/10 with payload size: 144 at 2024-12-18 22:51:31.975562 sent 2024-12-18 22:51:31.972228
INFO:Message received on topic: type-3/14 with payload size: 126 at 2024-12-18 22:51:32.991924 sent 2024-12-18 22:51:32.988107
INFO:Message received on topic: type-3/14 with payload size: 107 at 2024-12-18 22:51:34.079500 sent 2024-12-18 22:51:34.003928
INFO:Message received on topic: type-3/13 with payload size: 91 at 2024-12-18 22:51:35.067463 sent 2024-12-18 22:51:35.029672
INFO:Message received on topic: type-3/13 with payload size: 127 at 2024-12-18 22:51:36.071515 sent 2024-12-18 22:51:36.044371
INFO:Message received on topic: type-3/19 with payload size: 127 at 2024-12-18 22:51:37.150940 sent 2024-12-18 22:51:37.096225
INFO:Message received on topic: type-3/15 with payload size: 138 at 2024-12-18 22:51:38.170018 sent 2024-12-18 22:51:38.119309
INFO:Message received on topic: type-3/15 with payload size: 94 at 2024-12-18 22:51:39.165913 sent 2024-12-18 22:51:39.133596
INFO:Message received on topic: type-3/12 with payload size: 95 at 2024-12-18 22:51:40.175549 sent 2024-12-18 22:51:40.170757
INFO:Message received on topic: type-3/18 with payload size: 100 at 2024-12-18 22:51:41.198976 sent 2024-12-18 22:51:41.195930
INFO:Message received on topic: type-3/14 with payload size: 132 at 2024-12-18 22:51:42.263096 sent 2024-12-18 22:51:42.217436
INFO:Message received on topic: type-3/10 with payload size: 92 at 2024-12-18 22:51:43.255342 sent 2024-12-18 22:51:43.236610
INFO:Message received on topic: type-3/16 with payload size: 135 at 2024-12-18 22:51:44.273519 sent 2024-12-18 22:51:44.269922
INFO:Message received on topic: type-3/13 with payload size: 100 at 2024-12-18 22:51:45.289718 sent 2024-12-18 22:51:45.285768
INFO:Message received on topic: type-3/11 with payload size: 141 at 2024-12-18 22:51:46.355968 sent 2024-12-18 22:51:46.304827
INFO:Message received on topic: type-3/17 with payload size: 114 at 2024-12-18 22:51:47.384672 sent 2024-12-18 22:51:47.361206
INFO:Message received on topic: type-3/15 with payload size: 125 at 2024-12-18 22:51:48.380402 sent 2024-12-18 22:51:48.378717
INFO:Message received on topic: type-3/15 with payload size: 124 at 2024-12-18 22:51:49.400378 sent 2024-12-18 22:51:49.394899
INFO:Message received on topic: type-3/12 with payload size: 137 at 2024-12-18 22:51:50.452888 sent 2024-12-18 22:51:50.414774
INFO:Message received on topic: type-3/18 with payload size: 97 at 2024-12-18 22:51:51.455930 sent 2024-12-18 22:51:51.445814
INFO:Message received on topic: type-3/10 with payload size: 107 at 2024-12-18 22:51:52.477325 sent 2024-12-18 22:51:52.474006
INFO:Message received on topic: type-3/14 with payload size: 103 at 2024-12-18 22:51:53.493405 sent 2024-12-18 22:51:53.490773
INFO:Message received on topic: type-3/11 with payload size: 104 at 2024-12-18 22:51:54.565488 sent 2024-12-18 22:51:54.521745
INFO:Message received on topic: type-3/16 with payload size: 105 at 2024-12-18 22:51:55.564300 sent 2024-12-18 22:51:55.538061
INFO:Message received on topic: type-3/13 with payload size: 138 at 2024-12-18 22:51:56.574524 sent 2024-12-18 22:51:56.554990
INFO:Message received on topic: type-3/19 with payload size: 146 at 2024-12-18 22:51:57.666015 sent 2024-12-18 22:51:57.611751
INFO:Message received on topic: type-3/19 with payload size: 134 at 2024-12-18 22:51:58.660889 sent 2024-12-18 22:51:58.628057
INFO:Message received on topic: type-3/12 with payload size: 96 at 2024-12-18 22:51:59.662104 sent 2024-12-18 22:51:59.650128
INFO:Message received on topic: type-3/15 with payload size: 145 at 2024-12-18 22:52:00.677695 sent 2024-12-18 22:52:00.673130
INFO:Message received on topic: type-3/18 with payload size: 125 at 2024-12-18 22:52:01.747934 sent 2024-12-18 22:52:01.695646
INFO:Message received on topic: type-3/18 with payload size: 102 at 2024-12-18 22:52:02.763446 sent 2024-12-18 22:52:02.713769
INFO:Message received on topic: type-3/10 with payload size: 97 at 2024-12-18 22:52:03.767870 sent 2024-12-18 22:52:03.727866
INFO:Message received on topic: type-3/11 with payload size: 95 at 2024-12-18 22:52:04.789047 sent 2024-12-18 22:52:04.779357
INFO:Message received on topic: type-3/16 with payload size: 121 at 2024-12-18 22:52:05.800955 sent 2024-12-18 22:52:05.798193
INFO:Message received on topic: type-3/16 with payload size: 95 at 2024-12-18 22:52:06.863216 sent 2024-12-18 22:52:06.812458
INFO:Message received on topic: type-3/17 with payload size: 143 at 2024-12-18 22:52:07.871082 sent 2024-12-18 22:52:07.867278
INFO:Message received on topic: type-3/19 with payload size: 127 at 2024-12-18 22:52:08.891087 sent 2024-12-18 22:52:08.888017
INFO:Message received on topic: type-3/15 with payload size: 122 at 2024-12-18 22:52:09.971336 sent 2024-12-18 22:52:09.913446
INFO:Message received on topic: type-3/18 with payload size: 94 at 2024-12-18 22:52:10.961308 sent 2024-12-18 22:52:10.928567
INFO:Message received on topic: type-3/12 with payload size: 149 at 2024-12-18 22:52:11.977031 sent 2024-12-18 22:52:11.950659
INFO:Message received on topic: type-3/12 with payload size: 107 at 2024-12-18 22:52:12.973883 sent 2024-12-18 22:52:12.964991
INFO:Message received on topic: type-3/10 with payload size: 109 at 2024-12-18 22:52:13.989432 sent 2024-12-18 22:52:13.986901
INFO:Message received on topic: type-3/11 with payload size: 135 at 2024-12-18 22:52:15.064197 sent 2024-12-18 22:52:15.026381
INFO:Message received on topic: type-3/16 with payload size: 139 at 2024-12-18 22:52:16.061968 sent 2024-12-18 22:52:16.047885
INFO:Message received on topic: type-3/13 with payload size: 145 at 2024-12-18 22:52:17.087358 sent 2024-12-18 22:52:17.077820
INFO:Message received on topic: type-3/17 with payload size: 95 at 2024-12-18 22:52:18.159004 sent 2024-12-18 22:52:18.121659
INFO:Message received on topic: type-3/15 with payload size: 118 at 2024-12-18 22:52:19.161206 sent 2024-12-18 22:52:19.141501
INFO:Message received on topic: type-3/14 with payload size: 125 at 2024-12-18 22:52:20.170836 sent 2024-12-18 22:52:20.165869
INFO:Message received on topic: type-3/15 with payload size: 91 at 2024-12-18 22:52:21.186462 sent 2024-12-18 22:52:21.183225
INFO:Message received on topic: type-3/18 with payload size: 141 at 2024-12-18 22:52:22.252531 sent 2024-12-18 22:52:22.206952
INFO:Message received on topic: type-3/12 with payload size: 125 at 2024-12-18 22:52:23.261064 sent 2024-12-18 22:52:23.224545
INFO:Message received on topic: type-3/10 with payload size: 129 at 2024-12-18 22:52:24.269910 sent 2024-12-18 22:52:24.239368
INFO:Message received on topic: type-3/11 with payload size: 109 at 2024-12-18 22:52:25.287004 sent 2024-12-18 22:52:25.284033
INFO:Message received on topic: type-3/16 with payload size: 95 at 2024-12-18 22:52:26.303229 sent 2024-12-18 22:52:26.300051
INFO:Message received on topic: type-3/11 with payload size: 124 at 2024-12-18 22:52:27.365526 sent 2024-12-18 22:52:27.314982
INFO:Message received on topic: type-3/19 with payload size: 127 at 2024-12-18 22:52:28.378843 sent 2024-12-18 22:52:28.376903
INFO:Message received on topic: type-3/17 with payload size: 152 at 2024-12-18 22:52:29.447462 sent 2024-12-18 22:52:29.401362
INFO:Message received on topic: type-3/12 with payload size: 107 at 2024-12-18 22:52:30.473582 sent 2024-12-18 22:52:30.433271
INFO:Message received on topic: type-3/15 with payload size: 137 at 2024-12-18 22:52:31.466682 sent 2024-12-18 22:52:31.430661
INFO:Message received on topic: type-3/18 with payload size: 109 at 2024-12-18 22:52:32.465786 sent 2024-12-18 22:52:32.452772
INFO:Message received on topic: type-3/12 with payload size: 139 at 2024-12-18 22:52:33.486463 sent 2024-12-18 22:52:33.476667
INFO:Message received on topic: type-3/10 with payload size: 110 at 2024-12-18 22:52:34.498856 sent 2024-12-18 22:52:34.496081
INFO:Message received on topic: type-3/16 with payload size: 143 at 2024-12-18 22:52:35.550860 sent 2024-12-18 22:52:35.537850
INFO:Message received on topic: type-3/16 with payload size: 126 at 2024-12-18 22:52:36.573454 sent 2024-12-18 22:52:36.555806
INFO:Message received on topic: type-3/13 with payload size: 106 at 2024-12-18 22:52:37.579735 sent 2024-12-18 22:52:37.576358
INFO:Message received on topic: type-3/19 with payload size: 111 at 2024-12-18 22:52:38.658021 sent 2024-12-18 22:52:38.632500
INFO:Message received on topic: type-3/18 with payload size: 129 at 2024-12-18 22:52:39.673446 sent 2024-12-18 22:52:39.662279
INFO:Message received on topic: type-3/18 with payload size: 91 at 2024-12-18 22:52:40.680291 sent 2024-12-18 22:52:40.677049
INFO:Message received on topic: type-3/15 with payload size: 103 at 2024-12-18 22:52:41.702854 sent 2024-12-18 22:52:41.700315
INFO:Message received on topic: type-3/12 with payload size: 130 at 2024-12-18 22:52:42.764345 sent 2024-12-18 22:52:42.716607
INFO:Message received on topic: type-3/10 with payload size: 150 at 2024-12-18 22:52:43.767531 sent 2024-12-18 22:52:43.733153
INFO:Message received on topic: type-3/16 with payload size: 143 at 2024-12-18 22:52:44.784035 sent 2024-12-18 22:52:44.780533
INFO:Message received on topic: type-3/16 with payload size: 127 at 2024-12-18 22:52:45.849227 sent 2024-12-18 22:52:45.795527
INFO:Message received on topic: type-3/13 with payload size: 102 at 2024-12-18 22:52:46.853814 sent 2024-12-18 22:52:46.813987
INFO:Message received on topic: type-3/16 with payload size: 133 at 2024-12-18 22:52:47.860882 sent 2024-12-18 22:52:47.820852
INFO:Message received on topic: type-3/19 with payload size: 147 at 2024-12-18 22:52:48.885037 sent 2024-12-18 22:52:48.881799
INFO:Message received on topic: type-3/17 with payload size: 95 at 2024-12-18 22:52:49.967768 sent 2024-12-18 22:52:49.916063
INFO:Message received on topic: type-3/17 with payload size: 141 at 2024-12-18 22:52:50.957910 sent 2024-12-18 22:52:50.931169
INFO:Message received on topic: type-3/15 with payload size: 105 at 2024-12-18 22:52:51.966074 sent 2024-12-18 22:52:51.947663
INFO:Message received on topic: type-3/10 with payload size: 111 at 2024-12-18 22:52:52.985821 sent 2024-12-18 22:52:52.972611
INFO:Message received on topic: type-3/12 with payload size: 100 at 2024-12-18 22:52:54.060083 sent 2024-12-18 22:52:53.993165
INFO:Message received on topic: type-3/14 with payload size: 151 at 2024-12-18 22:52:55.065373 sent 2024-12-18 22:52:55.013588
INFO:Message received on topic: type-3/11 with payload size: 150 at 2024-12-18 22:52:56.073474 sent 2024-12-18 22:52:56.044865
INFO:Message received on topic: type-3/11 with payload size: 154 at 2024-12-18 22:52:57.075101 sent 2024-12-18 22:52:57.064112
INFO:Message received on topic: type-3/13 with payload size: 138 at 2024-12-18 22:52:58.089183 sent 2024-12-18 22:52:58.086588
INFO:Message received on topic: type-3/19 with payload size: 116 at 2024-12-18 22:52:59.152281 sent 2024-12-18 22:52:59.133365
INFO:Message received on topic: type-3/15 with payload size: 133 at 2024-12-18 22:53:00.169772 sent 2024-12-18 22:53:00.160173
INFO:Message received on topic: type-3/18 with payload size: 108 at 2024-12-18 22:53:01.185390 sent 2024-12-18 22:53:01.181488
INFO:Message received on topic: type-3/17 with payload size: 154 at 2024-12-18 22:53:02.204180 sent 2024-12-18 22:53:02.200626
INFO:Message received on topic: type-3/10 with payload size: 119 at 2024-12-18 22:53:03.253111 sent 2024-12-18 22:53:03.217360
INFO:Message received on topic: type-3/12 with payload size: 130 at 2024-12-18 22:53:04.265495 sent 2024-12-18 22:53:04.237580
INFO:Message received on topic: type-3/14 with payload size: 129 at 2024-12-18 22:53:05.271175 sent 2024-12-18 22:53:05.253609
INFO:Message received on topic: type-3/16 with payload size: 103 at 2024-12-18 22:53:06.352921 sent 2024-12-18 22:53:06.293946
INFO:Message received on topic: type-3/11 with payload size: 108 at 2024-12-18 22:53:07.348437 sent 2024-12-18 22:53:07.310950
INFO:Message received on topic: type-3/11 with payload size: 141 at 2024-12-18 22:53:08.359551 sent 2024-12-18 22:53:08.324167
INFO:Message received on topic: type-3/19 with payload size: 131 at 2024-12-18 22:53:09.393140 sent 2024-12-18 22:53:09.389953
INFO:Message received on topic: type-3/15 with payload size: 105 at 2024-12-18 22:53:10.451384 sent 2024-12-18 22:53:10.411636
INFO:Message received on topic: type-3/18 with payload size: 140 at 2024-12-18 22:53:11.463332 sent 2024-12-18 22:53:11.429888
INFO:Message received on topic: type-3/10 with payload size: 91 at 2024-12-18 22:53:12.480058 sent 2024-12-18 22:53:12.446797
INFO:Message received on topic: type-3/17 with payload size: 149 at 2024-12-18 22:53:13.470368 sent 2024-12-18 22:53:13.465149
INFO:Message received on topic: type-3/12 with payload size: 147 at 2024-12-18 22:53:14.495050 sent 2024-12-18 22:53:14.491982
INFO:Message received on topic: type-3/14 with payload size: 95 at 2024-12-18 22:53:15.552574 sent 2024-12-18 22:53:15.508541
INFO:Message received on topic: type-3/14 with payload size: 109 at 2024-12-18 22:53:16.561751 sent 2024-12-18 22:53:16.521172
INFO:Message received on topic: type-3/11 with payload size: 115 at 2024-12-18 22:53:17.582093 sent 2024-12-18 22:53:17.563159
INFO:Message received on topic: type-3/13 with payload size: 112 at 2024-12-18 22:53:18.588065 sent 2024-12-18 22:53:18.583858
INFO:Message received on topic: type-3/19 with payload size: 141 at 2024-12-18 22:53:19.661145 sent 2024-12-18 22:53:19.642677
INFO:Message received on topic: type-3/15 with payload size: 127 at 2024-12-18 22:53:20.665845 sent 2024-12-18 22:53:20.660613
INFO:Message received on topic: type-3/10 with payload size: 93 at 2024-12-18 22:53:21.690156 sent 2024-12-18 22:53:21.681364
INFO:Message received on topic: type-3/17 with payload size: 119 at 2024-12-18 22:53:22.702693 sent 2024-12-18 22:53:22.699928
INFO:Message received on topic: type-3/17 with payload size: 150 at 2024-12-18 22:53:23.773668 sent 2024-12-18 22:53:23.713834
INFO:Message received on topic: type-3/12 with payload size: 141 at 2024-12-18 22:53:24.764381 sent 2024-12-18 22:53:24.740699
INFO:Message received on topic: type-3/14 with payload size: 138 at 2024-12-18 22:53:25.772135 sent 2024-12-18 22:53:25.759406
INFO:Message received on topic: type-3/11 with payload size: 151 at 2024-12-18 22:53:26.796164 sent 2024-12-18 22:53:26.792195
INFO:Message received on topic: type-3/16 with payload size: 109 at 2024-12-18 22:53:27.859682 sent 2024-12-18 22:53:27.810395
INFO:Message received on topic: type-3/13 with payload size: 128 at 2024-12-18 22:53:28.865875 sent 2024-12-18 22:53:28.831821
INFO:Message received on topic: type-3/19 with payload size: 115 at 2024-12-18 22:53:29.903367 sent 2024-12-18 22:53:29.899669
INFO:Message received on topic: type-3/10 with payload size: 125 at 2024-12-18 22:53:30.953521 sent 2024-12-18 22:53:30.916657
INFO:Message received on topic: type-3/15 with payload size: 106 at 2024-12-18 22:53:31.965274 sent 2024-12-18 22:53:31.930818
INFO:Message received on topic: type-3/18 with payload size: 140 at 2024-12-18 22:53:32.964304 sent 2024-12-18 22:53:32.948928
INFO:Message received on topic: type-3/17 with payload size: 108 at 2024-12-18 22:53:33.970935 sent 2024-12-18 22:53:33.963381
INFO:Message received on topic: type-3/12 with payload size: 145 at 2024-12-18 22:53:34.991599 sent 2024-12-18 22:53:34.988779
INFO:Message received on topic: type-3/14 with payload size: 129 at 2024-12-18 22:53:36.060381 sent 2024-12-18 22:53:36.011875
INFO:Message received on topic: type-3/16 with payload size: 148 at 2024-12-18 22:53:37.071193 sent 2024-12-18 22:53:37.041284
INFO:Message received on topic: type-3/11 with payload size: 96 at 2024-12-18 22:53:38.071186 sent 2024-12-18 22:53:38.056271
INFO:Message received on topic: type-3/11 with payload size: 149 at 2024-12-18 22:53:39.078861 sent 2024-12-18 22:53:39.075778
INFO:Message received on topic: type-3/19 with payload size: 103 at 2024-12-18 22:53:40.152041 sent 2024-12-18 22:53:40.146075
INFO:Message received on topic: type-3/19 with payload size: 141 at 2024-12-18 22:53:41.169386 sent 2024-12-18 22:53:41.161918
INFO:Message received on topic: type-3/18 with payload size: 102 at 2024-12-18 22:53:42.186361 sent 2024-12-18 22:53:42.183583
INFO:Message received on topic: type-3/10 with payload size: 105 at 2024-12-18 22:53:43.206536 sent 2024-12-18 22:53:43.203641
INFO:Message received on topic: type-3/10 with payload size: 151 at 2024-12-18 22:53:44.265198 sent 2024-12-18 22:53:44.216563
INFO:Message received on topic: type-3/12 with payload size: 95 at 2024-12-18 22:53:45.272878 sent 2024-12-18 22:53:45.235300
INFO:Message received on topic: type-3/14 with payload size: 94 at 2024-12-18 22:53:46.278843 sent 2024-12-18 22:53:46.257491
INFO:Message received on topic: type-3/16 with payload size: 144 at 2024-12-18 22:53:47.294584 sent 2024-12-18 22:53:47.290221
INFO:Message received on topic: type-3/13 with payload size: 140 at 2024-12-18 22:53:48.350690 sent 2024-12-18 22:53:48.305313
INFO:Message received on topic: type-3/11 with payload size: 142 at 2024-12-18 22:53:49.365445 sent 2024-12-18 22:53:49.326232
INFO:Message received on topic: type-3/15 with payload size: 129 at 2024-12-18 22:53:50.408646 sent 2024-12-18 22:53:50.404875
INFO:Message received on topic: type-3/17 with payload size: 95 at 2024-12-18 22:53:51.479217 sent 2024-12-18 22:53:51.427800
INFO:Message received on topic: type-3/10 with payload size: 115 at 2024-12-18 22:53:52.466509 sent 2024-12-18 22:53:52.448228
INFO:Message received on topic: type-3/18 with payload size: 99 at 2024-12-18 22:53:53.474475 sent 2024-12-18 22:53:53.468179
INFO:Message received on topic: type-3/19 with payload size: 142 at 2024-12-18 22:53:54.496452 sent 2024-12-18 22:53:54.492901
INFO:Message received on topic: type-3/16 with payload size: 131 at 2024-12-18 22:53:55.556875 sent 2024-12-18 22:53:55.518402
INFO:Message received on topic: type-3/14 with payload size: 91 at 2024-12-18 22:53:56.572597 sent 2024-12-18 22:53:56.522582
INFO:Message received on topic: type-3/11 with payload size: 97 at 2024-12-18 22:53:57.563189 sent 2024-12-18 22:53:57.548155
INFO:Message received on topic: type-3/13 with payload size: 108 at 2024-12-18 22:53:58.576931 sent 2024-12-18 22:53:58.571889
INFO:Message received on topic: type-3/16 with payload size: 153 at 2024-12-18 22:53:59.591114 sent 2024-12-18 22:53:59.588589
INFO:Message received on topic: type-3/15 with payload size: 123 at 2024-12-18 22:54:00.670796 sent 2024-12-18 22:54:00.667717
INFO:Message received on topic: type-3/10 with payload size: 145 at 2024-12-18 22:54:01.699411 sent 2024-12-18 22:54:01.692843
INFO:Message received on topic: type-3/12 with payload size: 94 at 2024-12-18 22:54:02.770767 sent 2024-12-18 22:54:02.713452
INFO:Message received on topic: type-3/17 with payload size: 134 at 2024-12-18 22:54:03.768023 sent 2024-12-18 22:54:03.727925
INFO:Message received on topic: type-3/18 with payload size: 132 at 2024-12-18 22:54:04.762740 sent 2024-12-18 22:54:04.743821
INFO:Message received on topic: type-3/18 with payload size: 111 at 2024-12-18 22:54:05.771571 sent 2024-12-18 22:54:05.760354
INFO:Message received on topic: type-3/14 with payload size: 111 at 2024-12-18 22:54:06.793309 sent 2024-12-18 22:54:06.787025
INFO:Message received on topic: type-3/19 with payload size: 96 at 2024-12-18 22:54:07.865450 sent 2024-12-18 22:54:07.808007
INFO:Message received on topic: type-3/16 with payload size: 154 at 2024-12-18 22:54:08.865398 sent 2024-12-18 22:54:08.827427
INFO:Message received on topic: type-3/16 with payload size: 137 at 2024-12-18 22:54:09.871672 sent 2024-12-18 22:54:09.842908
INFO:Message received on topic: type-3/15 with payload size: 104 at 2024-12-18 22:54:10.974400 sent 2024-12-18 22:54:10.933398
INFO:Message received on topic: type-3/15 with payload size: 106 at 2024-12-18 22:54:11.967693 sent 2024-12-18 22:54:11.952458
INFO:Message received on topic: type-3/11 with payload size: 140 at 2024-12-18 22:54:12.977623 sent 2024-12-18 22:54:12.974329
INFO:Message received on topic: type-3/12 with payload size: 111 at 2024-12-18 22:54:13.997568 sent 2024-12-18 22:54:13.994347
INFO:Message received on topic: type-3/14 with payload size: 116 at 2024-12-18 22:54:15.058355 sent 2024-12-18 22:54:15.012883
INFO:Message received on topic: type-3/14 with payload size: 145 at 2024-12-18 22:54:16.061463 sent 2024-12-18 22:54:16.027397
INFO:Message received on topic: type-3/17 with payload size: 144 at 2024-12-18 22:54:17.081902 sent 2024-12-18 22:54:17.043626
INFO:Message received on topic: type-3/16 with payload size: 104 at 2024-12-18 22:54:18.073524 sent 2024-12-18 22:54:18.070129
INFO:Message received on topic: type-3/13 with payload size: 112 at 2024-12-18 22:54:19.091922 sent 2024-12-18 22:54:19.088825
INFO:Message received on topic: type-3/19 with payload size: 114 at 2024-12-18 22:54:20.151491 sent 2024-12-18 22:54:20.105862
INFO:Message received on topic: type-3/15 with payload size: 103 at 2024-12-18 22:54:21.197212 sent 2024-12-18 22:54:21.187376
INFO:Message received on topic: type-3/10 with payload size: 96 at 2024-12-18 22:54:22.252929 sent 2024-12-18 22:54:22.205470
INFO:Message received on topic: type-3/12 with payload size: 101 at 2024-12-18 22:54:23.261414 sent 2024-12-18 22:54:23.232665
INFO:Message received on topic: type-3/18 with payload size: 92 at 2024-12-18 22:54:24.262410 sent 2024-12-18 22:54:24.248121
INFO:Message received on topic: type-3/18 with payload size: 99 at 2024-12-18 22:54:25.281063 sent 2024-12-18 22:54:25.264530
INFO:Message received on topic: type-3/14 with payload size: 127 at 2024-12-18 22:54:26.289531 sent 2024-12-18 22:54:26.284874
INFO:Message received on topic: type-3/18 with payload size: 112 at 2024-12-18 22:54:27.310745 sent 2024-12-18 22:54:27.308840
INFO:Message received on topic: type-3/18 with payload size: 139 at 2024-12-18 22:54:28.352595 sent 2024-12-18 22:54:28.319371
INFO:Message received on topic: type-3/13 with payload size: 150 at 2024-12-18 22:54:29.363234 sent 2024-12-18 22:54:29.336629
INFO:Message received on topic: type-3/16 with payload size: 118 at 2024-12-18 22:54:30.371657 sent 2024-12-18 22:54:30.350581
INFO:Message received on topic: type-3/10 with payload size: 108 at 2024-12-18 22:54:31.453389 sent 2024-12-18 22:54:31.445705
INFO:Message received on topic: type-3/15 with payload size: 145 at 2024-12-18 22:54:32.469439 sent 2024-12-18 22:54:32.464884
INFO:Message received on topic: type-3/11 with payload size: 101 at 2024-12-18 22:54:33.490417 sent 2024-12-18 22:54:33.487573
INFO:Message received on topic: type-3/12 with payload size: 125 at 2024-12-18 22:54:34.561339 sent 2024-12-18 22:54:34.509131
INFO:Message received on topic: type-3/19 with payload size: 104 at 2024-12-18 22:54:35.559993 sent 2024-12-18 22:54:35.531463
INFO:Message received on topic: type-3/17 with payload size: 136 at 2024-12-18 22:54:36.568135 sent 2024-12-18 22:54:36.538832
INFO:Message received on topic: type-3/18 with payload size: 98 at 2024-12-18 22:54:37.573389 sent 2024-12-18 22:54:37.567516
INFO:Message received on topic: type-3/18 with payload size: 121 at 2024-12-18 22:54:38.587879 sent 2024-12-18 22:54:38.583906
INFO:Message received on topic: type-3/13 with payload size: 145 at 2024-12-18 22:54:39.607946 sent 2024-12-18 22:54:39.604163
INFO:Message received on topic: type-3/16 with payload size: 127 at 2024-12-18 22:54:40.667117 sent 2024-12-18 22:54:40.621570
INFO:Message received on topic: type-3/10 with payload size: 155 at 2024-12-18 22:54:41.747638 sent 2024-12-18 22:54:41.706004
INFO:Message received on topic: type-3/15 with payload size: 145 at 2024-12-18 22:54:42.759664 sent 2024-12-18 22:54:42.723546
INFO:Message received on topic: type-3/12 with payload size: 98 at 2024-12-18 22:54:43.767701 sent 2024-12-18 22:54:43.739836
INFO:Message received on topic: type-3/11 with payload size: 155 at 2024-12-18 22:54:44.772190 sent 2024-12-18 22:54:44.756125
INFO:Message received on topic: type-3/14 with payload size: 107 at 2024-12-18 22:54:45.798422 sent 2024-12-18 22:54:45.786645
INFO:Message received on topic: type-3/17 with payload size: 134 at 2024-12-18 22:54:46.859454 sent 2024-12-18 22:54:46.806724
INFO:Message received on topic: type-3/17 with payload size: 106 at 2024-12-18 22:54:47.884199 sent 2024-12-18 22:54:47.821185
INFO:Message received on topic: type-3/18 with payload size: 95 at 2024-12-18 22:54:48.874414 sent 2024-12-18 22:54:48.835565
INFO:Message received on topic: type-3/16 with payload size: 113 at 2024-12-18 22:54:49.871922 sent 2024-12-18 22:54:49.868439
INFO:Message received on topic: type-3/13 with payload size: 112 at 2024-12-18 22:54:50.894470 sent 2024-12-18 22:54:50.889204
INFO:Message received on topic: type-3/10 with payload size: 112 at 2024-12-18 22:54:51.965772 sent 2024-12-18 22:54:51.957892
INFO:Message received on topic: type-3/12 with payload size: 143 at 2024-12-18 22:54:52.982666 sent 2024-12-18 22:54:52.978146
INFO:Message received on topic: type-3/11 with payload size: 106 at 2024-12-18 22:54:54.002116 sent 2024-12-18 22:54:53.998534
INFO:Message received on topic: type-3/19 with payload size: 124 at 2024-12-18 22:54:55.068505 sent 2024-12-18 22:54:55.030953
INFO:Message received on topic: type-3/14 with payload size: 142 at 2024-12-18 22:54:56.071603 sent 2024-12-18 22:54:56.036498
INFO:Message received on topic: type-3/19 with payload size: 153 at 2024-12-18 22:54:57.074381 sent 2024-12-18 22:54:57.062356
INFO:Message received on topic: type-3/17 with payload size: 128 at 2024-12-18 22:54:58.083330 sent 2024-12-18 22:54:58.080646
INFO:Message received on topic: type-3/18 with payload size: 117 at 2024-12-18 22:54:59.151382 sent 2024-12-18 22:54:59.107221
INFO:Message received on topic: type-3/18 with payload size: 108 at 2024-12-18 22:55:00.178177 sent 2024-12-18 22:55:00.120443
INFO:Message received on topic: type-3/13 with payload size: 116 at 2024-12-18 22:55:01.168370 sent 2024-12-18 22:55:01.156361
INFO:Message received on topic: type-3/12 with payload size: 139 at 2024-12-18 22:55:02.258372 sent 2024-12-18 22:55:02.213869
INFO:Message received on topic: type-3/19 with payload size: 96 at 2024-12-18 22:55:03.265682 sent 2024-12-18 22:55:03.249625
INFO:Message received on topic: type-3/15 with payload size: 125 at 2024-12-18 22:55:04.259430 sent 2024-12-18 22:55:04.248072
INFO:Message received on topic: type-3/15 with payload size: 131 at 2024-12-18 22:55:05.277311 sent 2024-12-18 22:55:05.268911
INFO:Message received on topic: type-3/14 with payload size: 136 at 2024-12-18 22:55:06.289605 sent 2024-12-18 22:55:06.287061
INFO:Message received on topic: type-3/19 with payload size: 145 at 2024-12-18 22:55:07.349075 sent 2024-12-18 22:55:07.307121
INFO:Message received on topic: type-3/17 with payload size: 146 at 2024-12-18 22:55:08.358435 sent 2024-12-18 22:55:08.326000
INFO:Message received on topic: type-3/15 with payload size: 155 at 2024-12-18 22:55:09.380743 sent 2024-12-18 22:55:09.328075
INFO:Message received on topic: type-3/16 with payload size: 114 at 2024-12-18 22:55:10.377677 sent 2024-12-18 22:55:10.374549
INFO:Message received on topic: type-3/13 with payload size: 105 at 2024-12-18 22:55:11.447501 sent 2024-12-18 22:55:11.411533
INFO:Message received on topic: type-3/11 with payload size: 120 at 2024-12-18 22:55:12.468069 sent 2024-12-18 22:55:12.463727
INFO:Message received on topic: type-3/11 with payload size: 121 at 2024-12-18 22:55:13.483150 sent 2024-12-18 22:55:13.478927
INFO:Message received on topic: type-3/10 with payload size: 91 at 2024-12-18 22:55:14.501388 sent 2024-12-18 22:55:14.497021
INFO:Message received on topic: type-3/19 with payload size: 117 at 2024-12-18 22:55:15.566325 sent 2024-12-18 22:55:15.521097
INFO:Message received on topic: type-3/15 with payload size: 146 at 2024-12-18 22:55:16.566172 sent 2024-12-18 22:55:16.530791
INFO:Message received on topic: type-3/19 with payload size: 138 at 2024-12-18 22:55:17.565845 sent 2024-12-18 22:55:17.546049
INFO:Message received on topic: type-3/17 with payload size: 111 at 2024-12-18 22:55:18.581346 sent 2024-12-18 22:55:18.578463
INFO:Message received on topic: type-3/16 with payload size: 150 at 2024-12-18 22:55:19.659429 sent 2024-12-18 22:55:19.612545
INFO:Message received on topic: type-3/17 with payload size: 107 at 2024-12-18 22:55:20.663927 sent 2024-12-18 22:55:20.610433
INFO:Message received on topic: type-3/13 with payload size: 135 at 2024-12-18 22:55:21.687037 sent 2024-12-18 22:55:21.664151
INFO:Message received on topic: type-3/11 with payload size: 102 at 2024-12-18 22:55:22.751382 sent 2024-12-18 22:55:22.714121
INFO:Message received on topic: type-3/14 with payload size: 109 at 2024-12-18 22:55:23.776350 sent 2024-12-18 22:55:23.749394
INFO:Message received on topic: type-3/15 with payload size: 106 at 2024-12-18 22:55:24.769147 sent 2024-12-18 22:55:24.747134
INFO:Message received on topic: type-3/10 with payload size: 134 at 2024-12-18 22:55:25.776174 sent 2024-12-18 22:55:25.764481
INFO:Message received on topic: type-3/19 with payload size: 96 at 2024-12-18 22:55:26.791180 sent 2024-12-18 22:55:26.786596
INFO:Message received on topic: type-3/17 with payload size: 128 at 2024-12-18 22:55:27.861414 sent 2024-12-18 22:55:27.815652
INFO:Message received on topic: type-3/17 with payload size: 130 at 2024-12-18 22:55:28.883345 sent 2024-12-18 22:55:28.828411
INFO:Message received on topic: type-3/16 with payload size: 153 at 2024-12-18 22:55:29.874925 sent 2024-12-18 22:55:29.852653
INFO:Message received on topic: type-3/18 with payload size: 134 at 2024-12-18 22:55:30.885921 sent 2024-12-18 22:55:30.879989
INFO:Message received on topic: type-3/13 with payload size: 135 at 2024-12-18 22:55:31.946855 sent 2024-12-18 22:55:31.911091
INFO:Message received on topic: type-3/10 with payload size: 135 at 2024-12-18 22:55:32.983938 sent 2024-12-18 22:55:32.972305
INFO:Message received on topic: type-3/11 with payload size: 155 at 2024-12-18 22:55:33.994294 sent 2024-12-18 22:55:33.989919
INFO:Message received on topic: type-3/15 with payload size: 101 at 2024-12-18 22:55:35.052187 sent 2024-12-18 22:55:35.006620
INFO:Message received on topic: type-3/12 with payload size: 110 at 2024-12-18 22:55:36.061217 sent 2024-12-18 22:55:36.021766
INFO:Message received on topic: type-3/12 with payload size: 131 at 2024-12-18 22:55:37.070888 sent 2024-12-18 22:55:37.037505
INFO:Message received on topic: type-3/14 with payload size: 95 at 2024-12-18 22:55:38.073389 sent 2024-12-18 22:55:38.057166
INFO:Message received on topic: type-3/16 with payload size: 142 at 2024-12-18 22:55:39.087352 sent 2024-12-18 22:55:39.083864
INFO:Message received on topic: type-3/16 with payload size: 106 at 2024-12-18 22:55:40.103153 sent 2024-12-18 22:55:40.099640
INFO:Message received on topic: type-3/18 with payload size: 143 at 2024-12-18 22:55:41.178920 sent 2024-12-18 22:55:41.121445
INFO:Message received on topic: type-3/13 with payload size: 93 at 2024-12-18 22:55:42.174531 sent 2024-12-18 22:55:42.164879
INFO:Message received on topic: type-3/10 with payload size: 139 at 2024-12-18 22:55:43.250733 sent 2024-12-18 22:55:43.223189
INFO:Message received on topic: type-3/10 with payload size: 115 at 2024-12-18 22:55:44.259133 sent 2024-12-18 22:55:44.241142
INFO:Message received on topic: type-3/19 with payload size: 122 at 2024-12-18 22:55:45.268959 sent 2024-12-18 22:55:45.258025
INFO:Message received on topic: type-3/12 with payload size: 150 at 2024-12-18 22:55:46.280687 sent 2024-12-18 22:55:46.276875
INFO:Message received on topic: type-3/15 with payload size: 129 at 2024-12-18 22:55:47.297873 sent 2024-12-18 22:55:47.296602
INFO:Message received on topic: type-3/16 with payload size: 149 at 2024-12-18 22:55:48.319228 sent 2024-12-18 22:55:48.317117
INFO:Message received on topic: type-3/18 with payload size: 92 at 2024-12-18 22:55:49.361663 sent 2024-12-18 22:55:49.335965
INFO:Message received on topic: type-3/14 with payload size: 102 at 2024-12-18 22:55:50.367556 sent 2024-12-18 22:55:50.365015
INFO:Message received on topic: type-3/17 with payload size: 146 at 2024-12-18 22:55:51.390559 sent 2024-12-18 22:55:51.387461
INFO:Message received on topic: type-3/13 with payload size: 112 at 2024-12-18 22:55:52.449801 sent 2024-12-18 22:55:52.409600
INFO:Message received on topic: type-3/11 with payload size: 129 at 2024-12-18 22:55:53.486269 sent 2024-12-18 22:55:53.482741
INFO:Message received on topic: type-3/19 with payload size: 133 at 2024-12-18 22:55:54.506502 sent 2024-12-18 22:55:54.503473
INFO:Message received on topic: type-3/19 with payload size: 124 at 2024-12-18 22:55:55.560370 sent 2024-12-18 22:55:55.522080
INFO:Message received on topic: type-3/12 with payload size: 155 at 2024-12-18 22:55:56.569318 sent 2024-12-18 22:55:56.536707
INFO:Message received on topic: type-3/16 with payload size: 132 at 2024-12-18 22:55:57.576708 sent 2024-12-18 22:55:57.550638
INFO:Message received on topic: type-3/18 with payload size: 95 at 2024-12-18 22:55:58.581034 sent 2024-12-18 22:55:58.577854
INFO:Message received on topic: type-3/14 with payload size: 95 at 2024-12-18 22:55:59.599296 sent 2024-12-18 22:55:59.594672
INFO:Message received on topic: type-3/15 with payload size: 138 at 2024-12-18 22:56:00.612826 sent 2024-12-18 22:56:00.610097
INFO:Message received on topic: type-3/17 with payload size: 101 at 2024-12-18 22:56:01.664360 sent 2024-12-18 22:56:01.626903
INFO:Message received on topic: type-3/13 with payload size: 140 at 2024-12-18 22:56:02.669130 sent 2024-12-18 22:56:02.659855
INFO:Message received on topic: type-3/11 with payload size: 154 at 2024-12-18 22:56:03.764625 sent 2024-12-18 22:56:03.734401
INFO:Message received on topic: type-3/11 with payload size: 93 at 2024-12-18 22:56:04.765326 sent 2024-12-18 22:56:04.750337
INFO:Message received on topic: type-3/10 with payload size: 99 at 2024-12-18 22:56:05.772385 sent 2024-12-18 22:56:05.767743
INFO:Message received on topic: type-3/12 with payload size: 152 at 2024-12-18 22:56:06.790914 sent 2024-12-18 22:56:06.785697
INFO:Message received on topic: type-3/16 with payload size: 129 at 2024-12-18 22:56:07.848056 sent 2024-12-18 22:56:07.799919
INFO:Message received on topic: type-3/13 with payload size: 147 at 2024-12-18 22:56:08.865919 sent 2024-12-18 22:56:08.849338
INFO:Message received on topic: type-3/11 with payload size: 141 at 2024-12-18 22:56:10.073198 sent 2024-12-18 22:56:10.026904
INFO:Message received on topic: type-3/19 with payload size: 92 at 2024-12-18 22:56:11.179928 sent 2024-12-18 22:56:11.145868
INFO:Message received on topic: type-3/15 with payload size: 97 at 2024-12-18 22:56:12.380504 sent 2024-12-18 22:56:12.377782
INFO:Message received on topic: type-3/12 with payload size: 135 at 2024-12-18 22:56:13.690634 sent 2024-12-18 22:56:13.687572
INFO:Message received on topic: type-3/15 with payload size: 94 at 2024-12-18 22:56:15.063939 sent 2024-12-18 22:56:15.013940
INFO:Message received on topic: type-3/16 with payload size: 102 at 2024-12-18 22:56:16.569016 sent 2024-12-18 22:56:16.529264
INFO:Message received on topic: type-3/16 with payload size: 128 at 2024-12-18 22:56:18.065999 sent 2024-12-18 22:56:18.052383
INFO:Message received on topic: type-3/18 with payload size: 140 at 2024-12-18 22:56:19.780161 sent 2024-12-18 22:56:19.776091
INFO:Message received on topic: type-3/19 with payload size: 102 at 2024-12-18 22:56:21.608937 sent 2024-12-18 22:56:21.606562
INFO:Message received on topic: type-3/17 with payload size: 128 at 2024-12-18 22:56:23.677471 sent 2024-12-18 22:56:23.640768
INFO:Message received on topic: type-3/18 with payload size: 111 at 2024-12-18 22:56:26.194014 sent 2024-12-18 22:56:26.187049
INFO:Message received on topic: type-3/18 with payload size: 116 at 2024-12-18 22:56:29.461426 sent 2024-12-18 22:56:29.429651
INFO:Message received on topic: type-3/19 with payload size: 128 at 2024-12-18 22:56:35.523401 sent 2024-12-18 22:56:35.519515
