INFO:Starting Version 1.0.5
DEBUG:Using selector: EpollSelector
INFO:Connecting to cluster at: mqtt-quic://emqx-headless.dtwins:14567 using QUIC
INFO:Subscribed to topic: type-2/42
INFO:Logging each: 50
INFO:Unhandled packet type received
INFO:Message received on topic: type-2/42 with payload size: 91 at 2024-12-11 17:52:01.228290 sent 2024-12-11 17:52:01.158572
INFO:Message received on topic: type-2/42 with payload size: 91 at 2024-12-11 17:52:03.831483 sent 2024-12-11 17:52:03.759277
INFO:Message received on topic: type-2/42 with payload size: 91 at 2024-12-11 17:52:06.446952 sent 2024-12-11 17:52:06.365012
INFO:Message received on topic: type-2/42 with payload size: 91 at 2024-12-11 17:52:09.041977 sent 2024-12-11 17:52:08.970524
INFO:Message received on topic: type-2/42 with payload size: 91 at 2024-12-11 17:52:11.634829 sent 2024-12-11 17:52:11.575555
INFO:Message received on topic: type-2/42 with payload size: 91 at 2024-12-11 17:52:14.299797 sent 2024-12-11 17:52:14.185162
INFO:Message received on topic: type-2/42 with payload size: 91 at 2024-12-11 17:52:16.904387 sent 2024-12-11 17:52:16.788289
INFO:Message received on topic: type-2/42 with payload size: 91 at 2024-12-11 17:52:19.437189 sent 2024-12-11 17:52:19.398371
INFO:Message received on topic: type-2/42 with payload size: 91 at 2024-12-11 17:52:22.025430 sent 2024-12-11 17:52:22.010475
INFO:Message received on topic: type-2/42 with payload size: 91 at 2024-12-11 17:52:24.728965 sent 2024-12-11 17:52:24.639109
INFO:Message received on topic: type-2/42 with payload size: 91 at 2024-12-11 17:52:27.320106 sent 2024-12-11 17:52:27.248626
INFO:Message received on topic: type-2/42 with payload size: 91 at 2024-12-11 17:52:29.909956 sent 2024-12-11 17:52:29.856923
INFO:Message received on topic: type-2/42 with payload size: 91 at 2024-12-11 17:52:32.538362 sent 2024-12-11 17:52:32.468990
INFO:Message received on topic: type-2/42 with payload size: 91 at 2024-12-11 17:52:35.218859 sent 2024-12-11 17:52:35.078711
INFO:Message received on topic: type-2/42 with payload size: 91 at 2024-12-11 17:52:37.796189 sent 2024-12-11 17:52:37.686786
INFO:Message received on topic: type-2/42 with payload size: 91 at 2024-12-11 17:52:40.334302 sent 2024-12-11 17:52:40.309261
INFO:Message received on topic: type-2/42 with payload size: 91 at 2024-12-11 17:52:43.319778 sent 2024-12-11 17:52:42.925167
INFO:Message received on topic: type-2/42 with payload size: 91 at 2024-12-11 17:52:45.554992 sent 2024-12-11 17:52:45.537247
INFO:Message received on topic: type-2/42 with payload size: 91 at 2024-12-11 17:52:48.202036 sent 2024-12-11 17:52:48.141284
INFO:Message received on topic: type-2/42 with payload size: 91 at 2024-12-11 17:52:50.824564 sent 2024-12-11 17:52:50.764612
INFO:Message received on topic: type-2/42 with payload size: 91 at 2024-12-11 17:52:53.539052 sent 2024-12-11 17:52:53.384741
INFO:Message received on topic: type-2/42 with payload size: 91 at 2024-12-11 17:52:56.143298 sent 2024-12-11 17:52:55.992014
INFO:Message received on topic: type-2/42 with payload size: 91 at 2024-12-11 17:52:58.698963 sent 2024-12-11 17:52:58.602859
INFO:Message received on topic: type-2/42 with payload size: 91 at 2024-12-11 17:53:01.436113 sent 2024-12-11 17:53:01.211943
INFO:Message received on topic: type-2/42 with payload size: 91 at 2024-12-11 17:53:03.897159 sent 2024-12-11 17:53:03.827198
INFO:Message received on topic: type-2/42 with payload size: 91 at 2024-12-11 17:53:06.523312 sent 2024-12-11 17:53:06.443659
INFO:Message received on topic: type-2/42 with payload size: 91 at 2024-12-11 17:53:09.141137 sent 2024-12-11 17:53:09.064441
INFO:Message received on topic: type-2/42 with payload size: 91 at 2024-12-11 17:53:11.721949 sent 2024-12-11 17:53:11.679680
INFO:Message received on topic: type-2/42 with payload size: 91 at 2024-12-11 17:53:14.417220 sent 2024-12-11 17:53:14.306288
INFO:Message received on topic: type-2/42 with payload size: 91 at 2024-12-11 17:53:17.018759 sent 2024-12-11 17:53:16.917152
INFO:Message received on topic: type-2/42 with payload size: 91 at 2024-12-11 17:53:19.635242 sent 2024-12-11 17:53:19.540507
INFO:Message received on topic: type-2/42 with payload size: 91 at 2024-12-11 17:53:22.228998 sent 2024-12-11 17:53:22.162498
INFO:Message received on topic: type-2/42 with payload size: 91 at 2024-12-11 17:53:24.820662 sent 2024-12-11 17:53:24.778090
INFO:Message received on topic: type-2/42 with payload size: 91 at 2024-12-11 17:53:27.499696 sent 2024-12-11 17:53:27.385284
INFO:Message received on topic: type-2/42 with payload size: 91 at 2024-12-11 17:53:30.036769 sent 2024-12-11 17:53:29.989829
INFO:Message received on topic: type-2/42 with payload size: 91 at 2024-12-11 17:53:32.735892 sent 2024-12-11 17:53:32.610126
INFO:Message received on topic: type-2/42 with payload size: 91 at 2024-12-11 17:53:35.246921 sent 2024-12-11 17:53:35.223990
INFO:Message received on topic: type-2/42 with payload size: 91 at 2024-12-11 17:53:37.897762 sent 2024-12-11 17:53:37.842454
INFO:Message received on topic: type-2/42 with payload size: 91 at 2024-12-11 17:53:40.622283 sent 2024-12-11 17:53:40.453117
INFO:Message received on topic: type-2/42 with payload size: 91 at 2024-12-11 17:53:43.121527 sent 2024-12-11 17:53:43.067478
INFO:Message received on topic: type-2/42 with payload size: 91 at 2024-12-11 17:53:45.720225 sent 2024-12-11 17:53:45.680537
INFO:Message received on topic: type-2/42 with payload size: 91 at 2024-12-11 17:53:48.337597 sent 2024-12-11 17:53:48.294689
INFO:Message received on topic: type-2/42 with payload size: 91 at 2024-12-11 17:53:50.931401 sent 2024-12-11 17:53:50.911081
INFO:Message received on topic: type-2/42 with payload size: 91 at 2024-12-11 17:53:53.595308 sent 2024-12-11 17:53:53.519320
INFO:Message received on topic: type-2/42 with payload size: 91 at 2024-12-11 17:53:56.204798 sent 2024-12-11 17:53:56.127675
INFO:Message received on topic: type-2/42 with payload size: 91 at 2024-12-11 17:53:58.824833 sent 2024-12-11 17:53:58.745603
INFO:Message received on topic: type-2/42 with payload size: 91 at 2024-12-11 17:54:01.531733 sent 2024-12-11 17:54:01.361029
INFO:Message received on topic: type-2/42 with payload size: 91 at 2024-12-11 17:54:04.039938 sent 2024-12-11 17:54:03.984453
INFO:Message received on topic: type-2/42 with payload size: 91 at 2024-12-11 17:54:06.644888 sent 2024-12-11 17:54:06.608676
INFO:Message received on topic: type-2/42 with payload size: 91 at 2024-12-11 17:54:09.233476 sent 2024-12-11 17:54:09.220108
INFO:Message received on topic: type-2/42 with payload size: 91 at 2024-12-11 17:54:11.925030 sent 2024-12-11 17:54:11.832839
INFO:Message received on topic: type-2/42 with payload size: 91 at 2024-12-11 17:54:14.537643 sent 2024-12-11 17:54:14.461457
INFO:Message received on topic: type-2/42 with payload size: 91 at 2024-12-11 17:54:17.222281 sent 2024-12-11 17:54:17.071982
INFO:Message received on topic: type-2/42 with payload size: 91 at 2024-12-11 17:54:19.899624 sent 2024-12-11 17:54:19.682684
INFO:Message received on topic: type-2/42 with payload size: 91 at 2024-12-11 17:54:22.400291 sent 2024-12-11 17:54:22.293582
INFO:Message received on topic: type-2/42 with payload size: 91 at 2024-12-11 17:54:24.996717 sent 2024-12-11 17:54:24.906245
INFO:Message received on topic: type-2/42 with payload size: 91 at 2024-12-11 17:54:27.595353 sent 2024-12-11 17:54:27.525246
INFO:Message received on topic: type-2/42 with payload size: 91 at 2024-12-11 17:54:30.215871 sent 2024-12-11 17:54:30.122743
INFO:Message received on topic: type-2/42 with payload size: 91 at 2024-12-11 17:54:32.820702 sent 2024-12-11 17:54:32.735509
INFO:Message received on topic: type-2/42 with payload size: 91 at 2024-12-11 17:54:35.396318 sent 2024-12-11 17:54:35.339428
INFO:Message received on topic: type-2/42 with payload size: 91 at 2024-12-11 17:54:38.129716 sent 2024-12-11 17:54:37.956979
INFO:Message received on topic: type-2/42 with payload size: 91 at 2024-12-11 17:54:40.638514 sent 2024-12-11 17:54:40.574234
INFO:Message received on topic: type-2/42 with payload size: 91 at 2024-12-11 17:54:43.293201 sent 2024-12-11 17:54:43.184766
INFO:Message received on topic: type-2/42 with payload size: 91 at 2024-12-11 17:54:45.831832 sent 2024-12-11 17:54:45.775936
INFO:Message received on topic: type-2/42 with payload size: 91 at 2024-12-11 17:54:48.520409 sent 2024-12-11 17:54:48.362897
INFO:Message received on topic: type-2/42 with payload size: 91 at 2024-12-11 17:54:51.041826 sent 2024-12-11 17:54:50.953709
INFO:Message received on topic: type-2/42 with payload size: 91 at 2024-12-11 17:54:53.625502 sent 2024-12-11 17:54:53.545484
INFO:Message received on topic: type-2/42 with payload size: 91 at 2024-12-11 17:54:56.244155 sent 2024-12-11 17:54:56.157436
INFO:Message received on topic: type-2/42 with payload size: 91 at 2024-12-11 17:54:58.830665 sent 2024-12-11 17:54:58.782529
INFO:Message received on topic: type-2/42 with payload size: 91 at 2024-12-11 17:55:01.439679 sent 2024-12-11 17:55:01.399109
INFO:Message received on topic: type-2/42 with payload size: 91 at 2024-12-11 17:55:04.060592 sent 2024-12-11 17:55:04.012543
INFO:Message received on topic: type-2/42 with payload size: 91 at 2024-12-11 17:55:06.729572 sent 2024-12-11 17:55:06.627868
INFO:Message received on topic: type-2/42 with payload size: 91 at 2024-12-11 17:55:09.359918 sent 2024-12-11 17:55:09.252208
INFO:Message received on topic: type-2/42 with payload size: 91 at 2024-12-11 17:55:11.939056 sent 2024-12-11 17:55:11.871226
INFO:Message received on topic: type-2/42 with payload size: 91 at 2024-12-11 17:55:14.552724 sent 2024-12-11 17:55:14.489012
INFO:Message received on topic: type-2/42 with payload size: 91 at 2024-12-11 17:55:17.135961 sent 2024-12-11 17:55:17.106026
INFO:Message received on topic: type-2/42 with payload size: 91 at 2024-12-11 17:55:19.829246 sent 2024-12-11 17:55:19.714367
INFO:Message received on topic: type-2/42 with payload size: 91 at 2024-12-11 17:55:22.438914 sent 2024-12-11 17:55:22.324424
INFO:Message received on topic: type-2/42 with payload size: 91 at 2024-12-11 17:55:24.950719 sent 2024-12-11 17:55:24.933297
INFO:Message received on topic: type-2/42 with payload size: 91 at 2024-12-11 17:55:27.655307 sent 2024-12-11 17:55:27.550210
INFO:Message received on topic: type-2/42 with payload size: 91 at 2024-12-11 17:55:30.250573 sent 2024-12-11 17:55:30.164919
INFO:Message received on topic: type-2/42 with payload size: 91 at 2024-12-11 17:55:32.917614 sent 2024-12-11 17:55:32.786131
INFO:Message received on topic: type-2/42 with payload size: 91 at 2024-12-11 17:55:35.523079 sent 2024-12-11 17:55:35.404630
INFO:Message received on topic: type-2/42 with payload size: 91 at 2024-12-11 17:55:38.122596 sent 2024-12-11 17:55:38.012985
INFO:Message received on topic: type-2/42 with payload size: 91 at 2024-12-11 17:55:40.751109 sent 2024-12-11 17:55:40.629811
INFO:Message received on topic: type-2/42 with payload size: 91 at 2024-12-11 17:55:43.327200 sent 2024-12-11 17:55:43.243589
INFO:Message received on topic: type-2/42 with payload size: 91 at 2024-12-11 17:55:46.027242 sent 2024-12-11 17:55:45.853655
INFO:Message received on topic: type-2/42 with payload size: 91 at 2024-12-11 17:55:48.560810 sent 2024-12-11 17:55:48.463129
INFO:Message received on topic: type-2/42 with payload size: 91 at 2024-12-11 17:55:51.245525 sent 2024-12-11 17:55:51.089610
INFO:Message received on topic: type-2/42 with payload size: 91 at 2024-12-11 17:55:53.765502 sent 2024-12-11 17:55:53.706114
INFO:Message received on topic: type-2/42 with payload size: 91 at 2024-12-11 17:55:56.430453 sent 2024-12-11 17:55:56.322200
INFO:Message received on topic: type-2/42 with payload size: 91 at 2024-12-11 17:55:59.024186 sent 2024-12-11 17:55:58.934610
INFO:Message received on topic: type-2/42 with payload size: 91 at 2024-12-11 17:56:01.635255 sent 2024-12-11 17:56:01.544268
INFO:Message received on topic: type-2/42 with payload size: 91 at 2024-12-11 17:56:04.323004 sent 2024-12-11 17:56:04.160917
INFO:Message received on topic: type-2/42 with payload size: 91 at 2024-12-11 17:56:06.918881 sent 2024-12-11 17:56:06.769691
INFO:Message received on topic: type-2/42 with payload size: 91 at 2024-12-11 17:56:09.449817 sent 2024-12-11 17:56:09.383414
INFO:Message received on topic: type-2/42 with payload size: 91 at 2024-12-11 17:56:12.120797 sent 2024-12-11 17:56:11.998119
INFO:Message received on topic: type-2/42 with payload size: 91 at 2024-12-11 17:56:14.664728 sent 2024-12-11 17:56:14.606690
INFO:Message received on topic: type-2/42 with payload size: 91 at 2024-12-11 17:56:17.419778 sent 2024-12-11 17:56:17.212590
INFO:Message received on topic: type-2/42 with payload size: 91 at 2024-12-11 17:56:19.895965 sent 2024-12-11 17:56:19.825111
INFO:Message received on topic: type-2/42 with payload size: 91 at 2024-12-11 17:56:22.537461 sent 2024-12-11 17:56:22.435135
INFO:Message received on topic: type-2/42 with payload size: 91 at 2024-12-11 17:56:25.118045 sent 2024-12-11 17:56:25.040802
INFO:Message received on topic: type-2/42 with payload size: 91 at 2024-12-11 17:56:27.831036 sent 2024-12-11 17:56:27.646198
INFO:Message received on topic: type-2/42 with payload size: 91 at 2024-12-11 17:56:30.428713 sent 2024-12-11 17:56:30.269678
INFO:Message received on topic: type-2/42 with payload size: 91 at 2024-12-11 17:56:32.950181 sent 2024-12-11 17:56:32.888918
INFO:Message received on topic: type-2/42 with payload size: 91 at 2024-12-11 17:56:35.654519 sent 2024-12-11 17:56:35.503676
INFO:Message received on topic: type-2/42 with payload size: 91 at 2024-12-11 17:56:38.231843 sent 2024-12-11 17:56:38.118339
INFO:Message received on topic: type-2/42 with payload size: 91 at 2024-12-11 17:56:40.761535 sent 2024-12-11 17:56:40.733913
INFO:Message received on topic: type-2/42 with payload size: 91 at 2024-12-11 17:56:43.423048 sent 2024-12-11 17:56:43.349071
INFO:Message received on topic: type-2/42 with payload size: 91 at 2024-12-11 17:56:46.127684 sent 2024-12-11 17:56:45.960027
INFO:Message received on topic: type-2/42 with payload size: 91 at 2024-12-11 17:56:48.755780 sent 2024-12-11 17:56:48.565503
INFO:Message received on topic: type-2/42 with payload size: 91 at 2024-12-11 17:56:51.335171 sent 2024-12-11 17:56:51.176653
INFO:Message received on topic: type-2/42 with payload size: 91 at 2024-12-11 17:56:53.828635 sent 2024-12-11 17:56:53.788693
INFO:Message received on topic: type-2/42 with payload size: 91 at 2024-12-11 17:56:56.446030 sent 2024-12-11 17:56:56.396271
INFO:Message received on topic: type-2/42 with payload size: 91 at 2024-12-11 17:56:59.132994 sent 2024-12-11 17:56:59.025831
INFO:Message received on topic: type-2/42 with payload size: 91 at 2024-12-11 17:57:01.821900 sent 2024-12-11 17:57:01.649865
INFO:Message received on topic: type-2/42 with payload size: 91 at 2024-12-11 17:57:04.348555 sent 2024-12-11 17:57:04.275463
INFO:Message received on topic: type-2/42 with payload size: 91 at 2024-12-11 17:57:07.039075 sent 2024-12-11 17:57:06.889928
INFO:Message received on topic: type-2/42 with payload size: 91 at 2024-12-11 17:57:09.648797 sent 2024-12-11 17:57:09.503452
INFO:Message received on topic: type-2/42 with payload size: 91 at 2024-12-11 17:57:12.234152 sent 2024-12-11 17:57:12.112434
INFO:Message received on topic: type-2/42 with payload size: 91 at 2024-12-11 17:57:14.847677 sent 2024-12-11 17:57:14.724497
INFO:Message received on topic: type-2/42 with payload size: 91 at 2024-12-11 17:57:17.461642 sent 2024-12-11 17:57:17.334856
INFO:Message received on topic: type-2/42 with payload size: 91 at 2024-12-11 17:57:20.157531 sent 2024-12-11 17:57:19.954980
INFO:Message received on topic: type-2/42 with payload size: 91 at 2024-12-11 17:57:22.640265 sent 2024-12-11 17:57:22.570247
INFO:Message received on topic: type-2/42 with payload size: 91 at 2024-12-11 17:57:25.246055 sent 2024-12-11 17:57:25.185627
INFO:Message received on topic: type-2/42 with payload size: 91 at 2024-12-11 17:57:27.847681 sent 2024-12-11 17:57:27.791948
INFO:Message received on topic: type-2/42 with payload size: 91 at 2024-12-11 17:57:30.530515 sent 2024-12-11 17:57:30.398810
INFO:Message received on topic: type-2/42 with payload size: 91 at 2024-12-11 17:57:33.135895 sent 2024-12-11 17:57:33.012541
INFO:Message received on topic: type-2/42 with payload size: 91 at 2024-12-11 17:57:35.746922 sent 2024-12-11 17:57:35.623930
INFO:Message received on topic: type-2/42 with payload size: 91 at 2024-12-11 17:57:38.530746 sent 2024-12-11 17:57:38.242615
INFO:Message received on topic: type-2/42 with payload size: 91 at 2024-12-11 17:57:41.129986 sent 2024-12-11 17:57:40.856042
INFO:Message received on topic: type-2/42 with payload size: 91 at 2024-12-11 17:57:43.740949 sent 2024-12-11 17:57:43.472451
INFO:Message received on topic: type-2/42 with payload size: 91 at 2024-12-11 17:57:46.157553 sent 2024-12-11 17:57:46.080966
INFO:Message received on topic: type-2/42 with payload size: 91 at 2024-12-11 17:57:48.747262 sent 2024-12-11 17:57:48.685092
INFO:Message received on topic: type-2/42 with payload size: 91 at 2024-12-11 17:57:51.517913 sent 2024-12-11 17:57:51.299099
INFO:Message received on topic: type-2/42 with payload size: 91 at 2024-12-11 17:57:54.027258 sent 2024-12-11 17:57:53.916218
INFO:Message received on topic: type-2/42 with payload size: 91 at 2024-12-11 17:57:56.635580 sent 2024-12-11 17:57:56.533892
INFO:Message received on topic: type-2/42 with payload size: 91 at 2024-12-11 17:57:59.245103 sent 2024-12-11 17:57:59.153175
INFO:Message received on topic: type-2/42 with payload size: 91 at 2024-12-11 17:58:01.935979 sent 2024-12-11 17:58:01.763133
INFO:Message received on topic: type-2/42 with payload size: 91 at 2024-12-11 17:58:04.441007 sent 2024-12-11 17:58:04.376002
INFO:Message received on topic: type-2/42 with payload size: 91 at 2024-12-11 17:58:07.130300 sent 2024-12-11 17:58:06.989047
INFO:Message received on topic: type-2/42 with payload size: 91 at 2024-12-11 17:58:09.726704 sent 2024-12-11 17:58:09.598039
INFO:Message received on topic: type-2/42 with payload size: 91 at 2024-12-11 17:58:12.249151 sent 2024-12-11 17:58:12.209840
INFO:Message received on topic: type-2/42 with payload size: 91 at 2024-12-11 17:58:14.842786 sent 2024-12-11 17:58:14.816834
INFO:Message received on topic: type-2/42 with payload size: 91 at 2024-12-11 17:58:17.545317 sent 2024-12-11 17:58:17.427994
INFO:Message received on topic: type-2/42 with payload size: 91 at 2024-12-11 17:58:20.120989 sent 2024-12-11 17:58:20.038717
INFO:Message received on topic: type-2/42 with payload size: 91 at 2024-12-11 17:58:22.734930 sent 2024-12-11 17:58:22.654990
INFO:Message received on topic: type-2/42 with payload size: 91 at 2024-12-11 17:58:25.422551 sent 2024-12-11 17:58:25.266896
INFO:Message received on topic: type-2/42 with payload size: 91 at 2024-12-11 17:58:28.221356 sent 2024-12-11 17:58:27.879109
INFO:Message received on topic: type-2/42 with payload size: 91 at 2024-12-11 17:58:30.620848 sent 2024-12-11 17:58:30.493093
INFO:Message received on topic: type-2/42 with payload size: 91 at 2024-12-11 17:58:33.148298 sent 2024-12-11 17:58:33.112003
INFO:Message received on topic: type-2/42 with payload size: 91 at 2024-12-11 17:58:35.838318 sent 2024-12-11 17:58:35.719513
INFO:Message received on topic: type-2/42 with payload size: 91 at 2024-12-11 17:58:38.343582 sent 2024-12-11 17:58:38.332040
INFO:Message received on topic: type-2/42 with payload size: 91 at 2024-12-11 17:58:41.026707 sent 2024-12-11 17:58:40.940180
INFO:Message received on topic: type-2/42 with payload size: 91 at 2024-12-11 17:58:43.653815 sent 2024-12-11 17:58:43.547805
INFO:Message received on topic: type-2/42 with payload size: 91 at 2024-12-11 17:58:46.239795 sent 2024-12-11 17:58:46.152058
INFO:Message received on topic: type-2/42 with payload size: 91 at 2024-12-11 17:58:48.833825 sent 2024-12-11 17:58:48.757740
INFO:Message received on topic: type-2/42 with payload size: 91 at 2024-12-11 17:58:51.440826 sent 2024-12-11 17:58:51.368612
INFO:Message received on topic: type-2/42 with payload size: 91 at 2024-12-11 17:58:54.137002 sent 2024-12-11 17:58:53.975900
INFO:Message received on topic: type-2/42 with payload size: 91 at 2024-12-11 17:58:56.644730 sent 2024-12-11 17:58:56.580663
INFO:Message received on topic: type-2/42 with payload size: 91 at 2024-12-11 17:58:59.236053 sent 2024-12-11 17:58:59.189368
INFO:Message received on topic: type-2/42 with payload size: 91 at 2024-12-11 17:59:01.940127 sent 2024-12-11 17:59:01.798215
INFO:Message received on topic: type-2/42 with payload size: 91 at 2024-12-11 17:59:04.526034 sent 2024-12-11 17:59:04.409151
INFO:Message received on topic: type-2/42 with payload size: 91 at 2024-12-11 17:59:07.050454 sent 2024-12-11 17:59:07.021653
INFO:Message received on topic: type-2/42 with payload size: 91 at 2024-12-11 17:59:09.729962 sent 2024-12-11 17:59:09.628003
INFO:Message received on topic: type-2/42 with payload size: 91 at 2024-12-11 17:59:12.334109 sent 2024-12-11 17:59:12.240982
INFO:Message received on topic: type-2/42 with payload size: 91 at 2024-12-11 17:59:14.932400 sent 2024-12-11 17:59:14.853056
INFO:Message received on topic: type-2/42 with payload size: 91 at 2024-12-11 17:59:17.535429 sent 2024-12-11 17:59:17.459124
INFO:Message received on topic: type-2/42 with payload size: 91 at 2024-12-11 17:59:20.132917 sent 2024-12-11 17:59:20.068519
INFO:Message received on topic: type-2/42 with payload size: 91 at 2024-12-11 17:59:22.738421 sent 2024-12-11 17:59:22.677357
INFO:Message received on topic: type-2/42 with payload size: 91 at 2024-12-11 17:59:25.334866 sent 2024-12-11 17:59:25.279194
INFO:Message received on topic: type-2/42 with payload size: 91 at 2024-12-11 17:59:27.941312 sent 2024-12-11 17:59:27.883395
INFO:Message received on topic: type-2/42 with payload size: 91 at 2024-12-11 17:59:30.554706 sent 2024-12-11 17:59:30.492943
INFO:Message received on topic: type-2/42 with payload size: 91 at 2024-12-11 17:59:33.145556 sent 2024-12-11 17:59:33.101515
INFO:Message received on topic: type-2/42 with payload size: 91 at 2024-12-11 17:59:35.751682 sent 2024-12-11 17:59:35.701623
INFO:Message received on topic: type-2/42 with payload size: 91 at 2024-12-11 17:59:38.393299 sent 2024-12-11 17:59:38.300871
INFO:Message received on topic: type-2/42 with payload size: 91 at 2024-12-11 17:59:40.943780 sent 2024-12-11 17:59:40.905546
INFO:Message received on topic: type-2/42 with payload size: 91 at 2024-12-11 17:59:43.544455 sent 2024-12-11 17:59:43.512450
INFO:Message received on topic: type-2/42 with payload size: 91 at 2024-12-11 17:59:46.160844 sent 2024-12-11 17:59:46.120232
INFO:Message received on topic: type-2/42 with payload size: 91 at 2024-12-11 17:59:48.744517 sent 2024-12-11 17:59:48.722787
INFO:Message received on topic: type-2/42 with payload size: 91 at 2024-12-11 17:59:51.425881 sent 2024-12-11 17:59:51.326594
INFO:Message received on topic: type-2/42 with payload size: 91 at 2024-12-11 17:59:54.027876 sent 2024-12-11 17:59:53.930207
INFO:Message received on topic: type-2/42 with payload size: 91 at 2024-12-11 17:59:56.624063 sent 2024-12-11 17:59:56.530880
INFO:Message received on topic: type-2/42 with payload size: 91 at 2024-12-11 17:59:59.147865 sent 2024-12-11 17:59:59.133655
INFO:Message received on topic: type-2/42 with payload size: 91 at 2024-12-11 18:00:01.819491 sent 2024-12-11 18:00:01.740401
INFO:Message received on topic: type-2/42 with payload size: 91 at 2024-12-11 18:00:04.420128 sent 2024-12-11 18:00:04.344842
INFO:Message received on topic: type-2/42 with payload size: 91 at 2024-12-11 18:00:07.027785 sent 2024-12-11 18:00:06.949628
INFO:Message received on topic: type-2/42 with payload size: 91 at 2024-12-11 18:00:09.622686 sent 2024-12-11 18:00:09.554313
INFO:Message received on topic: type-2/42 with payload size: 91 at 2024-12-11 18:00:12.235965 sent 2024-12-11 18:00:12.157792
INFO:Message received on topic: type-2/42 with payload size: 91 at 2024-12-11 18:00:14.825228 sent 2024-12-11 18:00:14.758892
INFO:Message received on topic: type-2/42 with payload size: 91 at 2024-12-11 18:00:17.430903 sent 2024-12-11 18:00:17.361028
INFO:Message received on topic: type-2/42 with payload size: 91 at 2024-12-11 18:00:20.026073 sent 2024-12-11 18:00:19.965035
INFO:Message received on topic: type-2/42 with payload size: 91 at 2024-12-11 18:00:22.628741 sent 2024-12-11 18:00:22.565488
INFO:Message received on topic: type-2/42 with payload size: 91 at 2024-12-11 18:00:25.228050 sent 2024-12-11 18:00:25.163007
INFO:Message received on topic: type-2/42 with payload size: 91 at 2024-12-11 18:00:27.829752 sent 2024-12-11 18:00:27.766187
INFO:Message received on topic: type-2/42 with payload size: 91 at 2024-12-11 18:00:30.429238 sent 2024-12-11 18:00:30.369303
