INFO:Starting Version 1.0.5
DEBUG:Using selector: EpollSelector
INFO:Connecting to cluster at: mqtt-quic://emqx-headless.dtwins:14567 using QUIC
INFO:Subscribed to topic: type-2/9
INFO:Logging each: 50
INFO:Unhandled packet type received
INFO:Message received on topic: type-2/9 with payload size: 91 at 2024-12-11 11:12:27.933516 sent 2024-12-11 11:12:27.931967
INFO:Message received on topic: type-2/9 with payload size: 91 at 2024-12-11 11:12:30.527980 sent 2024-12-11 11:12:30.526950
INFO:Message received on topic: type-2/9 with payload size: 91 at 2024-12-11 11:12:33.129605 sent 2024-12-11 11:12:33.125582
INFO:Message received on topic: type-2/9 with payload size: 91 at 2024-12-11 11:12:35.731471 sent 2024-12-11 11:12:35.728950
INFO:Message received on topic: type-2/9 with payload size: 91 at 2024-12-11 11:12:38.332841 sent 2024-12-11 11:12:38.331507
INFO:Message received on topic: type-2/9 with payload size: 91 at 2024-12-11 11:12:40.930467 sent 2024-12-11 11:12:40.927785
INFO:Message received on topic: type-2/9 with payload size: 91 at 2024-12-11 11:12:43.529747 sent 2024-12-11 11:12:43.525299
INFO:Message received on topic: type-2/9 with payload size: 91 at 2024-12-11 11:12:46.129446 sent 2024-12-11 11:12:46.123155
INFO:Message received on topic: type-2/9 with payload size: 91 at 2024-12-11 11:12:48.735404 sent 2024-12-11 11:12:48.726604
INFO:Message received on topic: type-2/9 with payload size: 91 at 2024-12-11 11:12:51.327853 sent 2024-12-11 11:12:51.325187
INFO:Message received on topic: type-2/9 with payload size: 91 at 2024-12-11 11:12:53.930388 sent 2024-12-11 11:12:53.923762
INFO:Message received on topic: type-2/9 with payload size: 91 at 2024-12-11 11:12:56.530634 sent 2024-12-11 11:12:56.523744
INFO:Message received on topic: type-2/9 with payload size: 91 at 2024-12-11 11:12:59.128110 sent 2024-12-11 11:12:59.122470
INFO:Message received on topic: type-2/9 with payload size: 91 at 2024-12-11 11:13:01.732262 sent 2024-12-11 11:13:01.722259
INFO:Message received on topic: type-2/9 with payload size: 91 at 2024-12-11 11:13:04.328414 sent 2024-12-11 11:13:04.323775
INFO:Message received on topic: type-2/9 with payload size: 91 at 2024-12-11 11:13:06.932725 sent 2024-12-11 11:13:06.922964
INFO:Message received on topic: type-2/9 with payload size: 91 at 2024-12-11 11:13:09.532250 sent 2024-12-11 11:13:09.520629
INFO:Message received on topic: type-2/9 with payload size: 91 at 2024-12-11 11:13:12.143041 sent 2024-12-11 11:13:12.117839
INFO:Message received on topic: type-2/9 with payload size: 91 at 2024-12-11 11:13:14.731880 sent 2024-12-11 11:13:14.716453
INFO:Message received on topic: type-2/9 with payload size: 91 at 2024-12-11 11:13:17.335307 sent 2024-12-11 11:13:17.316045
INFO:Message received on topic: type-2/9 with payload size: 91 at 2024-12-11 11:13:19.942845 sent 2024-12-11 11:13:19.916751
INFO:Message received on topic: type-2/9 with payload size: 91 at 2024-12-11 11:13:22.533071 sent 2024-12-11 11:13:22.517657
INFO:Message received on topic: type-2/9 with payload size: 91 at 2024-12-11 11:13:25.138903 sent 2024-12-11 11:13:25.120568
INFO:Message received on topic: type-2/9 with payload size: 91 at 2024-12-11 11:13:27.739412 sent 2024-12-11 11:13:27.719227
INFO:Message received on topic: type-2/9 with payload size: 91 at 2024-12-11 11:13:30.330317 sent 2024-12-11 11:13:30.323269
INFO:Message received on topic: type-2/9 with payload size: 91 at 2024-12-11 11:13:32.933872 sent 2024-12-11 11:13:32.927876
INFO:Message received on topic: type-2/9 with payload size: 91 at 2024-12-11 11:13:35.539483 sent 2024-12-11 11:13:35.532264
INFO:Message received on topic: type-2/9 with payload size: 91 at 2024-12-11 11:13:38.143834 sent 2024-12-11 11:13:38.134137
INFO:Message received on topic: type-2/9 with payload size: 91 at 2024-12-11 11:13:40.744006 sent 2024-12-11 11:13:40.740247
INFO:Message received on topic: type-2/9 with payload size: 91 at 2024-12-11 11:13:43.384927 sent 2024-12-11 11:13:43.347228
INFO:Message received on topic: type-2/9 with payload size: 91 at 2024-12-11 11:13:45.982664 sent 2024-12-11 11:13:45.953692
INFO:Message received on topic: type-2/9 with payload size: 91 at 2024-12-11 11:13:48.577759 sent 2024-12-11 11:13:48.559861
INFO:Message received on topic: type-2/9 with payload size: 91 at 2024-12-11 11:13:51.180874 sent 2024-12-11 11:13:51.169783
INFO:Message received on topic: type-2/9 with payload size: 91 at 2024-12-11 11:13:53.789585 sent 2024-12-11 11:13:53.775912
INFO:Message received on topic: type-2/9 with payload size: 91 at 2024-12-11 11:13:56.431488 sent 2024-12-11 11:13:56.382456
INFO:Message received on topic: type-2/9 with payload size: 91 at 2024-12-11 11:13:59.029950 sent 2024-12-11 11:13:58.983656
INFO:Message received on topic: type-2/9 with payload size: 91 at 2024-12-11 11:14:01.637229 sent 2024-12-11 11:14:01.594516
INFO:Message received on topic: type-2/9 with payload size: 91 at 2024-12-11 11:14:04.334937 sent 2024-12-11 11:14:04.199407
INFO:Message received on topic: type-2/9 with payload size: 91 at 2024-12-11 11:14:06.877116 sent 2024-12-11 11:14:06.810182
INFO:Message received on topic: type-2/9 with payload size: 91 at 2024-12-11 11:14:09.435830 sent 2024-12-11 11:14:09.415855
INFO:Message received on topic: type-2/9 with payload size: 91 at 2024-12-11 11:14:12.032476 sent 2024-12-11 11:14:12.017992
INFO:Message received on topic: type-2/9 with payload size: 91 at 2024-12-11 11:14:14.636595 sent 2024-12-11 11:14:14.618263
INFO:Message received on topic: type-2/9 with payload size: 91 at 2024-12-11 11:14:17.243411 sent 2024-12-11 11:14:17.226961
INFO:Message received on topic: type-2/9 with payload size: 91 at 2024-12-11 11:14:19.892878 sent 2024-12-11 11:14:19.829110
INFO:Message received on topic: type-2/9 with payload size: 91 at 2024-12-11 11:14:22.478931 sent 2024-12-11 11:14:22.432157
INFO:Message received on topic: type-2/9 with payload size: 91 at 2024-12-11 11:14:25.044767 sent 2024-12-11 11:14:25.033750
INFO:Message received on topic: type-2/9 with payload size: 91 at 2024-12-11 11:14:27.671823 sent 2024-12-11 11:14:27.637200
INFO:Message received on topic: type-2/9 with payload size: 91 at 2024-12-11 11:14:30.294374 sent 2024-12-11 11:14:30.242571
INFO:Message received on topic: type-2/9 with payload size: 91 at 2024-12-11 11:14:32.895676 sent 2024-12-11 11:14:32.854264
INFO:Message received on topic: type-2/9 with payload size: 91 at 2024-12-11 11:14:35.486886 sent 2024-12-11 11:14:35.461656
INFO:Message received on topic: type-2/9 with payload size: 91 at 2024-12-11 11:14:38.094228 sent 2024-12-11 11:14:38.071209
INFO:Message received on topic: type-2/9 with payload size: 91 at 2024-12-11 11:14:40.690256 sent 2024-12-11 11:14:40.675104
INFO:Message received on topic: type-2/9 with payload size: 91 at 2024-12-11 11:14:43.326942 sent 2024-12-11 11:14:43.286138
INFO:Message received on topic: type-2/9 with payload size: 91 at 2024-12-11 11:14:45.978306 sent 2024-12-11 11:14:45.889972
INFO:Message received on topic: type-2/9 with payload size: 91 at 2024-12-11 11:14:48.539155 sent 2024-12-11 11:14:48.495850
INFO:Message received on topic: type-2/9 with payload size: 91 at 2024-12-11 11:14:51.138114 sent 2024-12-11 11:14:51.107845
INFO:Message received on topic: type-2/9 with payload size: 91 at 2024-12-11 11:14:53.830676 sent 2024-12-11 11:14:53.721016
INFO:Message received on topic: type-2/9 with payload size: 91 at 2024-12-11 11:14:56.377104 sent 2024-12-11 11:14:56.328367
INFO:Message received on topic: type-2/9 with payload size: 91 at 2024-12-11 11:14:58.988120 sent 2024-12-11 11:14:58.938800
INFO:Message received on topic: type-2/9 with payload size: 91 at 2024-12-11 11:15:01.632790 sent 2024-12-11 11:15:01.550702
INFO:Message received on topic: type-2/9 with payload size: 91 at 2024-12-11 11:15:04.229048 sent 2024-12-11 11:15:04.167241
INFO:Message received on topic: type-2/9 with payload size: 91 at 2024-12-11 11:15:06.832635 sent 2024-12-11 11:15:06.779553
INFO:Message received on topic: type-2/9 with payload size: 91 at 2024-12-11 11:15:09.435438 sent 2024-12-11 11:15:09.390682
INFO:Message received on topic: type-2/9 with payload size: 91 at 2024-12-11 11:15:12.081909 sent 2024-12-11 11:15:12.002532
INFO:Message received on topic: type-2/9 with payload size: 91 at 2024-12-11 11:15:14.680025 sent 2024-12-11 11:15:14.614258
INFO:Message received on topic: type-2/9 with payload size: 91 at 2024-12-11 11:15:17.273949 sent 2024-12-11 11:15:17.221188
INFO:Message received on topic: type-2/9 with payload size: 91 at 2024-12-11 11:15:19.929935 sent 2024-12-11 11:15:19.836735
INFO:Message received on topic: type-2/9 with payload size: 91 at 2024-12-11 11:15:22.499482 sent 2024-12-11 11:15:22.449399
INFO:Message received on topic: type-2/9 with payload size: 91 at 2024-12-11 11:15:25.132683 sent 2024-12-11 11:15:25.057586
INFO:Message received on topic: type-2/9 with payload size: 91 at 2024-12-11 11:15:27.690790 sent 2024-12-11 11:15:27.668239
INFO:Message received on topic: type-2/9 with payload size: 91 at 2024-12-11 11:15:30.340769 sent 2024-12-11 11:15:30.283935
INFO:Message received on topic: type-2/9 with payload size: 91 at 2024-12-11 11:15:32.990061 sent 2024-12-11 11:15:32.897869
INFO:Message received on topic: type-2/9 with payload size: 91 at 2024-12-11 11:15:35.580126 sent 2024-12-11 11:15:35.511648
INFO:Message received on topic: type-2/9 with payload size: 91 at 2024-12-11 11:15:38.187783 sent 2024-12-11 11:15:38.120699
INFO:Message received on topic: type-2/9 with payload size: 91 at 2024-12-11 11:15:40.777993 sent 2024-12-11 11:15:40.736840
INFO:Message received on topic: type-2/9 with payload size: 91 at 2024-12-11 11:15:43.438439 sent 2024-12-11 11:15:43.354709
INFO:Message received on topic: type-2/9 with payload size: 91 at 2024-12-11 11:15:45.987655 sent 2024-12-11 11:15:45.964853
INFO:Message received on topic: type-2/9 with payload size: 91 at 2024-12-11 11:15:48.642782 sent 2024-12-11 11:15:48.566597
INFO:Message received on topic: type-2/9 with payload size: 91 at 2024-12-11 11:15:51.278087 sent 2024-12-11 11:15:51.181071
INFO:Message received on topic: type-2/9 with payload size: 91 at 2024-12-11 11:15:53.882053 sent 2024-12-11 11:15:53.795199
INFO:Message received on topic: type-2/9 with payload size: 91 at 2024-12-11 11:15:56.504048 sent 2024-12-11 11:15:56.405191
INFO:Message received on topic: type-2/9 with payload size: 91 at 2024-12-11 11:15:59.042496 sent 2024-12-11 11:15:59.018419
INFO:Message received on topic: type-2/9 with payload size: 91 at 2024-12-11 11:16:01.735300 sent 2024-12-11 11:16:01.630641
INFO:Message received on topic: type-2/9 with payload size: 91 at 2024-12-11 11:16:04.291086 sent 2024-12-11 11:16:04.241871
INFO:Message received on topic: type-2/9 with payload size: 91 at 2024-12-11 11:16:06.938073 sent 2024-12-11 11:16:06.855650
INFO:Message received on topic: type-2/9 with payload size: 91 at 2024-12-11 11:16:09.628192 sent 2024-12-11 11:16:09.475901
INFO:Message received on topic: type-2/9 with payload size: 91 at 2024-12-11 11:16:12.188430 sent 2024-12-11 11:16:12.091993
INFO:Message received on topic: type-2/9 with payload size: 91 at 2024-12-11 11:16:14.779182 sent 2024-12-11 11:16:14.704802
INFO:Message received on topic: type-2/9 with payload size: 91 at 2024-12-11 11:16:17.375931 sent 2024-12-11 11:16:17.313560
INFO:Message received on topic: type-2/9 with payload size: 91 at 2024-12-11 11:16:19.991433 sent 2024-12-11 11:16:19.932779
INFO:Message received on topic: type-2/9 with payload size: 91 at 2024-12-11 11:16:22.938845 sent 2024-12-11 11:16:22.549046
INFO:Message received on topic: type-2/9 with payload size: 91 at 2024-12-11 11:16:25.190288 sent 2024-12-11 11:16:25.158015
INFO:Message received on topic: type-2/9 with payload size: 91 at 2024-12-11 11:16:27.831219 sent 2024-12-11 11:16:27.762948
INFO:Message received on topic: type-2/9 with payload size: 91 at 2024-12-11 11:16:30.438151 sent 2024-12-11 11:16:30.379240
INFO:Message received on topic: type-2/9 with payload size: 91 at 2024-12-11 11:16:33.085520 sent 2024-12-11 11:16:33.002118
INFO:Message received on topic: type-2/9 with payload size: 91 at 2024-12-11 11:16:35.675917 sent 2024-12-11 11:16:35.612620
INFO:Message received on topic: type-2/9 with payload size: 91 at 2024-12-11 11:16:38.290966 sent 2024-12-11 11:16:38.231163
INFO:Message received on topic: type-2/9 with payload size: 91 at 2024-12-11 11:16:40.984239 sent 2024-12-11 11:16:40.852767
INFO:Message received on topic: type-2/9 with payload size: 91 at 2024-12-11 11:16:43.529059 sent 2024-12-11 11:16:43.461120
INFO:Message received on topic: type-2/9 with payload size: 91 at 2024-12-11 11:16:46.127817 sent 2024-12-11 11:16:46.065948
INFO:Message received on topic: type-2/9 with payload size: 91 at 2024-12-11 11:16:48.732285 sent 2024-12-11 11:16:48.679536
INFO:Message received on topic: type-2/9 with payload size: 91 at 2024-12-11 11:16:51.378292 sent 2024-12-11 11:16:51.300318
INFO:Message received on topic: type-2/9 with payload size: 91 at 2024-12-11 11:16:53.980729 sent 2024-12-11 11:16:53.916001
INFO:Message received on topic: type-2/9 with payload size: 91 at 2024-12-11 11:16:56.593295 sent 2024-12-11 11:16:56.523764
INFO:Message received on topic: type-2/9 with payload size: 91 at 2024-12-11 11:16:59.237878 sent 2024-12-11 11:16:59.147130
INFO:Message received on topic: type-2/9 with payload size: 91 at 2024-12-11 11:17:01.797894 sent 2024-12-11 11:17:01.754705
INFO:Message received on topic: type-2/9 with payload size: 91 at 2024-12-11 11:17:04.430106 sent 2024-12-11 11:17:04.372962
INFO:Message received on topic: type-2/9 with payload size: 91 at 2024-12-11 11:17:07.333284 sent 2024-12-11 11:17:07.000151
INFO:Message received on topic: type-2/9 with payload size: 91 at 2024-12-11 11:17:09.774812 sent 2024-12-11 11:17:09.613191
INFO:Message received on topic: type-2/9 with payload size: 91 at 2024-12-11 11:17:12.277236 sent 2024-12-11 11:17:12.221937
INFO:Message received on topic: type-2/9 with payload size: 91 at 2024-12-11 11:17:14.940291 sent 2024-12-11 11:17:14.842078
INFO:Message received on topic: type-2/9 with payload size: 91 at 2024-12-11 11:17:17.482725 sent 2024-12-11 11:17:17.453401
INFO:Message received on topic: type-2/9 with payload size: 91 at 2024-12-11 11:17:20.191463 sent 2024-12-11 11:17:20.061457
INFO:Message received on topic: type-2/9 with payload size: 91 at 2024-12-11 11:17:22.777307 sent 2024-12-11 11:17:22.656513
INFO:Message received on topic: type-2/9 with payload size: 91 at 2024-12-11 11:17:25.329407 sent 2024-12-11 11:17:25.245134
INFO:Message received on topic: type-2/9 with payload size: 91 at 2024-12-11 11:17:27.940414 sent 2024-12-11 11:17:27.833199
INFO:Message received on topic: type-2/9 with payload size: 91 at 2024-12-11 11:17:30.485831 sent 2024-12-11 11:17:30.421121
INFO:Message received on topic: type-2/9 with payload size: 91 at 2024-12-11 11:17:33.135979 sent 2024-12-11 11:17:33.023732
INFO:Message received on topic: type-2/9 with payload size: 91 at 2024-12-11 11:17:35.729836 sent 2024-12-11 11:17:35.642316
INFO:Message received on topic: type-2/9 with payload size: 91 at 2024-12-11 11:17:38.340260 sent 2024-12-11 11:17:38.259121
INFO:Message received on topic: type-2/9 with payload size: 91 at 2024-12-11 11:17:40.942247 sent 2024-12-11 11:17:40.871122
INFO:Message received on topic: type-2/9 with payload size: 91 at 2024-12-11 11:17:43.588576 sent 2024-12-11 11:17:43.489506
INFO:Message received on topic: type-2/9 with payload size: 91 at 2024-12-11 11:17:46.137137 sent 2024-12-11 11:17:46.100775
INFO:Message received on topic: type-2/9 with payload size: 91 at 2024-12-11 11:17:48.773100 sent 2024-12-11 11:17:48.710229
INFO:Message received on topic: type-2/9 with payload size: 91 at 2024-12-11 11:17:51.471954 sent 2024-12-11 11:17:51.324036
INFO:Message received on topic: type-2/9 with payload size: 91 at 2024-12-11 11:17:53.987091 sent 2024-12-11 11:17:53.939194
INFO:Message received on topic: type-2/9 with payload size: 91 at 2024-12-11 11:17:56.586127 sent 2024-12-11 11:17:56.549764
INFO:Message received on topic: type-2/9 with payload size: 91 at 2024-12-11 11:17:59.229909 sent 2024-12-11 11:17:59.156951
INFO:Message received on topic: type-2/9 with payload size: 91 at 2024-12-11 11:18:01.831914 sent 2024-12-11 11:18:01.763571
INFO:Message received on topic: type-2/9 with payload size: 91 at 2024-12-11 11:18:04.483451 sent 2024-12-11 11:18:04.385879
INFO:Message received on topic: type-2/9 with payload size: 91 at 2024-12-11 11:18:07.093208 sent 2024-12-11 11:18:06.990177
INFO:Message received on topic: type-2/9 with payload size: 91 at 2024-12-11 11:18:09.678456 sent 2024-12-11 11:18:09.604855
INFO:Message received on topic: type-2/9 with payload size: 91 at 2024-12-11 11:18:12.278868 sent 2024-12-11 11:18:12.214746
INFO:Message received on topic: type-2/9 with payload size: 91 at 2024-12-11 11:18:14.927582 sent 2024-12-11 11:18:14.828534
INFO:Message received on topic: type-2/9 with payload size: 91 at 2024-12-11 11:18:17.488590 sent 2024-12-11 11:18:17.435663
INFO:Message received on topic: type-2/9 with payload size: 91 at 2024-12-11 11:18:20.131964 sent 2024-12-11 11:18:20.056030
INFO:Message received on topic: type-2/9 with payload size: 91 at 2024-12-11 11:18:23.124774 sent 2024-12-11 11:18:22.673220
INFO:Message received on topic: type-2/9 with payload size: 91 at 2024-12-11 11:18:25.389171 sent 2024-12-11 11:18:25.282980
INFO:Message received on topic: type-2/9 with payload size: 91 at 2024-12-11 11:18:27.977097 sent 2024-12-11 11:18:27.893139
INFO:Message received on topic: type-2/9 with payload size: 91 at 2024-12-11 11:18:30.534742 sent 2024-12-11 11:18:30.501653
INFO:Message received on topic: type-2/9 with payload size: 91 at 2024-12-11 11:18:33.178502 sent 2024-12-11 11:18:33.113002
INFO:Message received on topic: type-2/9 with payload size: 91 at 2024-12-11 11:18:35.790285 sent 2024-12-11 11:18:35.735810
INFO:Message received on topic: type-2/9 with payload size: 91 at 2024-12-11 11:18:38.485560 sent 2024-12-11 11:18:38.345958
INFO:Message received on topic: type-2/9 with payload size: 91 at 2024-12-11 11:18:41.081651 sent 2024-12-11 11:18:40.956553
INFO:Message received on topic: type-2/9 with payload size: 91 at 2024-12-11 11:18:43.633747 sent 2024-12-11 11:18:43.570236
INFO:Message received on topic: type-2/9 with payload size: 91 at 2024-12-11 11:18:46.232538 sent 2024-12-11 11:18:46.178768
INFO:Message received on topic: type-2/9 with payload size: 91 at 2024-12-11 11:18:48.870911 sent 2024-12-11 11:18:48.781057
INFO:Message received on topic: type-2/9 with payload size: 91 at 2024-12-11 11:18:51.483426 sent 2024-12-11 11:18:51.392480
INFO:Message received on topic: type-2/9 with payload size: 91 at 2024-12-11 11:18:54.138687 sent 2024-12-11 11:18:54.011443
INFO:Message received on topic: type-2/9 with payload size: 91 at 2024-12-11 11:18:56.776145 sent 2024-12-11 11:18:56.625777
INFO:Message received on topic: type-2/9 with payload size: 91 at 2024-12-11 11:18:59.282915 sent 2024-12-11 11:18:59.233498
INFO:Message received on topic: type-2/9 with payload size: 91 at 2024-12-11 11:19:02.032969 sent 2024-12-11 11:19:01.848793
INFO:Message received on topic: type-2/9 with payload size: 91 at 2024-12-11 11:19:04.579008 sent 2024-12-11 11:19:04.454932
INFO:Message received on topic: type-2/9 with payload size: 91 at 2024-12-11 11:19:07.185464 sent 2024-12-11 11:19:07.068997
INFO:Message received on topic: type-2/9 with payload size: 91 at 2024-12-11 11:19:09.974602 sent 2024-12-11 11:19:09.694320
INFO:Message received on topic: type-2/9 with payload size: 91 at 2024-12-11 11:19:12.392689 sent 2024-12-11 11:19:12.304838
INFO:Message received on topic: type-2/9 with payload size: 91 at 2024-12-11 11:19:15.084304 sent 2024-12-11 11:19:14.912778
INFO:Message received on topic: type-2/9 with payload size: 91 at 2024-12-11 11:19:17.636754 sent 2024-12-11 11:19:17.523461
INFO:Message received on topic: type-2/9 with payload size: 91 at 2024-12-11 11:19:20.327071 sent 2024-12-11 11:19:20.142569
INFO:Message received on topic: type-2/9 with payload size: 91 at 2024-12-11 11:19:22.879829 sent 2024-12-11 11:19:22.756397
INFO:Message received on topic: type-2/9 with payload size: 91 at 2024-12-11 11:19:25.471875 sent 2024-12-11 11:19:25.366262
INFO:Message received on topic: type-2/9 with payload size: 91 at 2024-12-11 11:19:28.030234 sent 2024-12-11 11:19:27.978677
INFO:Message received on topic: type-2/9 with payload size: 91 at 2024-12-11 11:19:30.690241 sent 2024-12-11 11:19:30.583600
INFO:Message received on topic: type-2/9 with payload size: 91 at 2024-12-11 11:19:33.331800 sent 2024-12-11 11:19:33.204875
INFO:Message received on topic: type-2/9 with payload size: 91 at 2024-12-11 11:19:35.984533 sent 2024-12-11 11:19:35.833963
INFO:Message received on topic: type-2/9 with payload size: 91 at 2024-12-11 11:19:38.575916 sent 2024-12-11 11:19:38.453100
INFO:Message received on topic: type-2/9 with payload size: 91 at 2024-12-11 11:19:41.382896 sent 2024-12-11 11:19:41.066775
INFO:Message received on topic: type-2/9 with payload size: 91 at 2024-12-11 11:19:43.785144 sent 2024-12-11 11:19:43.675659
INFO:Message received on topic: type-2/9 with payload size: 91 at 2024-12-11 11:19:46.434360 sent 2024-12-11 11:19:46.293803
INFO:Message received on topic: type-2/9 with payload size: 91 at 2024-12-11 11:19:49.082110 sent 2024-12-11 11:19:48.899975
INFO:Message received on topic: type-2/9 with payload size: 91 at 2024-12-11 11:19:51.590059 sent 2024-12-11 11:19:51.513737
INFO:Message received on topic: type-2/9 with payload size: 91 at 2024-12-11 11:19:54.287238 sent 2024-12-11 11:19:54.130834
INFO:Message received on topic: type-2/9 with payload size: 91 at 2024-12-11 11:19:56.898578 sent 2024-12-11 11:19:56.752818
INFO:Message received on topic: type-2/9 with payload size: 91 at 2024-12-11 11:19:59.486500 sent 2024-12-11 11:19:59.372029
INFO:Message received on topic: type-2/9 with payload size: 91 at 2024-12-11 11:20:02.177239 sent 2024-12-11 11:20:01.993594
INFO:Message received on topic: type-2/9 with payload size: 91 at 2024-12-11 11:20:05.328173 sent 2024-12-11 11:20:04.605083
INFO:Message received on topic: type-2/9 with payload size: 91 at 2024-12-11 11:20:07.888303 sent 2024-12-11 11:20:07.216527
INFO:Message received on topic: type-2/9 with payload size: 91 at 2024-12-11 11:20:09.971987 sent 2024-12-11 11:20:09.831410
INFO:Message received on topic: type-2/9 with payload size: 91 at 2024-12-11 11:20:12.592031 sent 2024-12-11 11:20:12.447645
INFO:Message received on topic: type-2/9 with payload size: 91 at 2024-12-11 11:20:15.197900 sent 2024-12-11 11:20:15.064085
INFO:Message received on topic: type-2/9 with payload size: 91 at 2024-12-11 11:20:17.734236 sent 2024-12-11 11:20:17.674063
INFO:Message received on topic: type-2/9 with payload size: 91 at 2024-12-11 11:20:20.426628 sent 2024-12-11 11:20:20.282832
INFO:Message received on topic: type-2/9 with payload size: 91 at 2024-12-11 11:20:23.174465 sent 2024-12-11 11:20:22.894275
INFO:Message received on topic: type-2/9 with payload size: 91 at 2024-12-11 11:20:25.675498 sent 2024-12-11 11:20:25.498629
INFO:Message received on topic: type-2/9 with payload size: 91 at 2024-12-11 11:20:28.295647 sent 2024-12-11 11:20:28.108699
INFO:Message received on topic: type-2/9 with payload size: 91 at 2024-12-11 11:20:30.926228 sent 2024-12-11 11:20:30.725434
INFO:Message received on topic: type-2/9 with payload size: 91 at 2024-12-11 11:20:33.381450 sent 2024-12-11 11:20:33.341546
INFO:Message received on topic: type-2/9 with payload size: 91 at 2024-12-11 11:20:36.088103 sent 2024-12-11 11:20:35.956878
INFO:Message received on topic: type-2/9 with payload size: 91 at 2024-12-11 11:20:38.681998 sent 2024-12-11 11:20:38.567414
INFO:Message received on topic: type-2/9 with payload size: 91 at 2024-12-11 11:20:41.232090 sent 2024-12-11 11:20:41.179706
INFO:Message received on topic: type-2/9 with payload size: 91 at 2024-12-11 11:20:43.889728 sent 2024-12-11 11:20:43.794121
INFO:Message received on topic: type-2/9 with payload size: 91 at 2024-12-11 11:20:46.525855 sent 2024-12-11 11:20:46.407662
INFO:Message received on topic: type-2/9 with payload size: 91 at 2024-12-11 11:20:49.103139 sent 2024-12-11 11:20:49.026238
INFO:Message received on topic: type-2/9 with payload size: 91 at 2024-12-11 11:20:51.795170 sent 2024-12-11 11:20:51.636613
INFO:Message received on topic: type-2/9 with payload size: 91 at 2024-12-11 11:20:54.370720 sent 2024-12-11 11:20:54.250870
INFO:Message received on topic: type-2/9 with payload size: 91 at 2024-12-11 11:20:56.930697 sent 2024-12-11 11:20:56.860433
