INFO:Starting Version 1.0.5
DEBUG:Using selector: EpollSelector
INFO:Connecting to cluster at: mqtt-quic://emqx-headless.dtwins:14567 using QUIC
INFO:Subscribed to topic: type-2/23
INFO:Logging each: 50
INFO:Unhandled packet type received
INFO:Message received on topic: type-2/23 with payload size: 91 at 2024-12-11 17:50:50.842195 sent 2024-12-11 17:50:50.786650
INFO:Message received on topic: type-2/23 with payload size: 91 at 2024-12-11 17:50:53.429720 sent 2024-12-11 17:50:53.386921
INFO:Message received on topic: type-2/23 with payload size: 91 at 2024-12-11 17:50:56.021112 sent 2024-12-11 17:50:55.985092
INFO:Message received on topic: type-2/23 with payload size: 91 at 2024-12-11 17:50:58.628423 sent 2024-12-11 17:50:58.585070
INFO:Message received on topic: type-2/23 with payload size: 91 at 2024-12-11 17:51:01.234287 sent 2024-12-11 17:51:01.186255
INFO:Message received on topic: type-2/23 with payload size: 91 at 2024-12-11 17:51:03.847708 sent 2024-12-11 17:51:03.789335
INFO:Message received on topic: type-2/23 with payload size: 91 at 2024-12-11 17:51:06.420103 sent 2024-12-11 17:51:06.391402
INFO:Message received on topic: type-2/23 with payload size: 91 at 2024-12-11 17:51:09.025888 sent 2024-12-11 17:51:08.996948
INFO:Message received on topic: type-2/23 with payload size: 91 at 2024-12-11 17:51:11.632961 sent 2024-12-11 17:51:11.597981
INFO:Message received on topic: type-2/23 with payload size: 91 at 2024-12-11 17:51:14.228701 sent 2024-12-11 17:51:14.200733
INFO:Message received on topic: type-2/23 with payload size: 91 at 2024-12-11 17:51:16.831041 sent 2024-12-11 17:51:16.802420
INFO:Message received on topic: type-2/23 with payload size: 91 at 2024-12-11 17:51:19.443234 sent 2024-12-11 17:51:19.403467
INFO:Message received on topic: type-2/23 with payload size: 91 at 2024-12-11 17:51:22.028265 sent 2024-12-11 17:51:22.007934
INFO:Message received on topic: type-2/23 with payload size: 91 at 2024-12-11 17:51:24.630220 sent 2024-12-11 17:51:24.610947
INFO:Message received on topic: type-2/23 with payload size: 91 at 2024-12-11 17:51:27.229227 sent 2024-12-11 17:51:27.218262
INFO:Message received on topic: type-2/23 with payload size: 91 at 2024-12-11 17:51:29.841751 sent 2024-12-11 17:51:29.825234
INFO:Message received on topic: type-2/23 with payload size: 91 at 2024-12-11 17:51:32.496873 sent 2024-12-11 17:51:32.429772
INFO:Message received on topic: type-2/23 with payload size: 91 at 2024-12-11 17:51:35.043068 sent 2024-12-11 17:51:35.029141
INFO:Message received on topic: type-2/23 with payload size: 91 at 2024-12-11 17:51:37.694357 sent 2024-12-11 17:51:37.634228
INFO:Message received on topic: type-2/23 with payload size: 91 at 2024-12-11 17:51:40.255650 sent 2024-12-11 17:51:40.236222
INFO:Message received on topic: type-2/23 with payload size: 91 at 2024-12-11 17:51:42.934622 sent 2024-12-11 17:51:42.843592
INFO:Message received on topic: type-2/23 with payload size: 91 at 2024-12-11 17:51:45.518667 sent 2024-12-11 17:51:45.450576
INFO:Message received on topic: type-2/23 with payload size: 91 at 2024-12-11 17:51:48.133074 sent 2024-12-11 17:51:48.062472
INFO:Message received on topic: type-2/23 with payload size: 91 at 2024-12-11 17:51:50.739007 sent 2024-12-11 17:51:50.671930
INFO:Message received on topic: type-2/23 with payload size: 91 at 2024-12-11 17:51:53.327426 sent 2024-12-11 17:51:53.283746
INFO:Message received on topic: type-2/23 with payload size: 91 at 2024-12-11 17:51:55.953738 sent 2024-12-11 17:51:55.885098
INFO:Message received on topic: type-2/23 with payload size: 91 at 2024-12-11 17:51:58.540380 sent 2024-12-11 17:51:58.489168
INFO:Message received on topic: type-2/23 with payload size: 91 at 2024-12-11 17:52:01.150226 sent 2024-12-11 17:52:01.103168
INFO:Message received on topic: type-2/23 with payload size: 91 at 2024-12-11 17:52:03.723859 sent 2024-12-11 17:52:03.709049
INFO:Message received on topic: type-2/23 with payload size: 91 at 2024-12-11 17:52:06.401198 sent 2024-12-11 17:52:06.313535
INFO:Message received on topic: type-2/23 with payload size: 91 at 2024-12-11 17:52:08.932524 sent 2024-12-11 17:52:08.918252
INFO:Message received on topic: type-2/23 with payload size: 91 at 2024-12-11 17:52:11.540065 sent 2024-12-11 17:52:11.527006
INFO:Message received on topic: type-2/23 with payload size: 91 at 2024-12-11 17:52:14.239264 sent 2024-12-11 17:52:14.138826
INFO:Message received on topic: type-2/23 with payload size: 91 at 2024-12-11 17:52:16.824228 sent 2024-12-11 17:52:16.741524
INFO:Message received on topic: type-2/23 with payload size: 91 at 2024-12-11 17:52:19.429716 sent 2024-12-11 17:52:19.346937
INFO:Message received on topic: type-2/23 with payload size: 91 at 2024-12-11 17:52:22.029760 sent 2024-12-11 17:52:21.962136
INFO:Message received on topic: type-2/23 with payload size: 91 at 2024-12-11 17:52:24.696743 sent 2024-12-11 17:52:24.578018
INFO:Message received on topic: type-2/23 with payload size: 91 at 2024-12-11 17:52:27.242478 sent 2024-12-11 17:52:27.187435
INFO:Message received on topic: type-2/23 with payload size: 91 at 2024-12-11 17:52:29.822227 sent 2024-12-11 17:52:29.799890
INFO:Message received on topic: type-2/23 with payload size: 91 at 2024-12-11 17:52:32.497106 sent 2024-12-11 17:52:32.418789
INFO:Message received on topic: type-2/23 with payload size: 91 at 2024-12-11 17:52:35.145188 sent 2024-12-11 17:52:35.029068
INFO:Message received on topic: type-2/23 with payload size: 91 at 2024-12-11 17:52:37.719250 sent 2024-12-11 17:52:37.645418
INFO:Message received on topic: type-2/23 with payload size: 91 at 2024-12-11 17:52:40.327703 sent 2024-12-11 17:52:40.262947
INFO:Message received on topic: type-2/23 with payload size: 91 at 2024-12-11 17:52:43.315991 sent 2024-12-11 17:52:42.884141
INFO:Message received on topic: type-2/23 with payload size: 91 at 2024-12-11 17:52:45.615984 sent 2024-12-11 17:52:45.502072
INFO:Message received on topic: type-2/23 with payload size: 91 at 2024-12-11 17:52:48.136583 sent 2024-12-11 17:52:48.105507
INFO:Message received on topic: type-2/23 with payload size: 91 at 2024-12-11 17:52:50.749138 sent 2024-12-11 17:52:50.723721
INFO:Message received on topic: type-2/23 with payload size: 91 at 2024-12-11 17:52:53.506835 sent 2024-12-11 17:52:53.336991
INFO:Message received on topic: type-2/23 with payload size: 91 at 2024-12-11 17:52:56.027765 sent 2024-12-11 17:52:55.945541
INFO:Message received on topic: type-2/23 with payload size: 91 at 2024-12-11 17:52:58.629529 sent 2024-12-11 17:52:58.564455
INFO:Message received on topic: type-2/23 with payload size: 91 at 2024-12-11 17:53:01.340934 sent 2024-12-11 17:53:01.181529
INFO:Message received on topic: type-2/23 with payload size: 91 at 2024-12-11 17:53:03.897853 sent 2024-12-11 17:53:03.795420
INFO:Message received on topic: type-2/23 with payload size: 91 at 2024-12-11 17:53:06.433028 sent 2024-12-11 17:53:06.408873
INFO:Message received on topic: type-2/23 with payload size: 91 at 2024-12-11 17:53:09.122692 sent 2024-12-11 17:53:09.017897
INFO:Message received on topic: type-2/23 with payload size: 91 at 2024-12-11 17:53:11.704164 sent 2024-12-11 17:53:11.641469
INFO:Message received on topic: type-2/23 with payload size: 91 at 2024-12-11 17:53:14.320291 sent 2024-12-11 17:53:14.258505
INFO:Message received on topic: type-2/23 with payload size: 91 at 2024-12-11 17:53:16.919563 sent 2024-12-11 17:53:16.868909
INFO:Message received on topic: type-2/23 with payload size: 91 at 2024-12-11 17:53:19.540877 sent 2024-12-11 17:53:19.495500
INFO:Message received on topic: type-2/23 with payload size: 91 at 2024-12-11 17:53:22.143162 sent 2024-12-11 17:53:22.108737
INFO:Message received on topic: type-2/23 with payload size: 91 at 2024-12-11 17:53:24.820204 sent 2024-12-11 17:53:24.716189
INFO:Message received on topic: type-2/23 with payload size: 91 at 2024-12-11 17:53:27.418773 sent 2024-12-11 17:53:27.328263
INFO:Message received on topic: type-2/23 with payload size: 91 at 2024-12-11 17:53:30.015478 sent 2024-12-11 17:53:29.936844
INFO:Message received on topic: type-2/23 with payload size: 91 at 2024-12-11 17:53:32.632702 sent 2024-12-11 17:53:32.565238
INFO:Message received on topic: type-2/23 with payload size: 91 at 2024-12-11 17:53:35.235606 sent 2024-12-11 17:53:35.184974
INFO:Message received on topic: type-2/23 with payload size: 91 at 2024-12-11 17:53:37.898899 sent 2024-12-11 17:53:37.802866
INFO:Message received on topic: type-2/23 with payload size: 91 at 2024-12-11 17:53:40.444004 sent 2024-12-11 17:53:40.418389
INFO:Message received on topic: type-2/23 with payload size: 91 at 2024-12-11 17:53:43.105476 sent 2024-12-11 17:53:43.029271
INFO:Message received on topic: type-2/23 with payload size: 91 at 2024-12-11 17:53:45.754751 sent 2024-12-11 17:53:45.648787
INFO:Message received on topic: type-2/23 with payload size: 91 at 2024-12-11 17:53:48.322205 sent 2024-12-11 17:53:48.261245
INFO:Message received on topic: type-2/23 with payload size: 91 at 2024-12-11 17:53:50.925824 sent 2024-12-11 17:53:50.874514
INFO:Message received on topic: type-2/23 with payload size: 91 at 2024-12-11 17:53:53.546422 sent 2024-12-11 17:53:53.499057
INFO:Message received on topic: type-2/23 with payload size: 91 at 2024-12-11 17:53:56.207358 sent 2024-12-11 17:53:56.117060
INFO:Message received on topic: type-2/23 with payload size: 91 at 2024-12-11 17:53:58.819660 sent 2024-12-11 17:53:58.735638
INFO:Message received on topic: type-2/23 with payload size: 91 at 2024-12-11 17:54:01.435295 sent 2024-12-11 17:54:01.361007
INFO:Message received on topic: type-2/23 with payload size: 91 at 2024-12-11 17:54:04.119842 sent 2024-12-11 17:54:03.982750
INFO:Message received on topic: type-2/23 with payload size: 91 at 2024-12-11 17:54:06.639910 sent 2024-12-11 17:54:06.597931
INFO:Message received on topic: type-2/23 with payload size: 91 at 2024-12-11 17:54:09.236277 sent 2024-12-11 17:54:09.211718
INFO:Message received on topic: type-2/23 with payload size: 91 at 2024-12-11 17:54:11.928694 sent 2024-12-11 17:54:11.819693
INFO:Message received on topic: type-2/23 with payload size: 91 at 2024-12-11 17:54:14.533481 sent 2024-12-11 17:54:14.437871
INFO:Message received on topic: type-2/23 with payload size: 91 at 2024-12-11 17:54:17.145544 sent 2024-12-11 17:54:17.047107
INFO:Message received on topic: type-2/23 with payload size: 91 at 2024-12-11 17:54:19.898064 sent 2024-12-11 17:54:19.660286
INFO:Message received on topic: type-2/23 with payload size: 91 at 2024-12-11 17:54:22.346428 sent 2024-12-11 17:54:22.272213
INFO:Message received on topic: type-2/23 with payload size: 91 at 2024-12-11 17:54:25.125874 sent 2024-12-11 17:54:24.887908
INFO:Message received on topic: type-2/23 with payload size: 91 at 2024-12-11 17:54:27.536831 sent 2024-12-11 17:54:27.508048
INFO:Message received on topic: type-2/23 with payload size: 91 at 2024-12-11 17:54:30.130664 sent 2024-12-11 17:54:30.109819
INFO:Message received on topic: type-2/23 with payload size: 91 at 2024-12-11 17:54:32.825302 sent 2024-12-11 17:54:32.723224
INFO:Message received on topic: type-2/23 with payload size: 91 at 2024-12-11 17:54:35.426291 sent 2024-12-11 17:54:35.333175
INFO:Message received on topic: type-2/23 with payload size: 91 at 2024-12-11 17:54:38.026966 sent 2024-12-11 17:54:37.945947
INFO:Message received on topic: type-2/23 with payload size: 91 at 2024-12-11 17:54:40.729247 sent 2024-12-11 17:54:40.562921
INFO:Message received on topic: type-2/23 with payload size: 91 at 2024-12-11 17:54:43.234545 sent 2024-12-11 17:54:43.171451
INFO:Message received on topic: type-2/23 with payload size: 91 at 2024-12-11 17:54:45.827256 sent 2024-12-11 17:54:45.763677
INFO:Message received on topic: type-2/23 with payload size: 91 at 2024-12-11 17:54:48.526379 sent 2024-12-11 17:54:48.353544
INFO:Message received on topic: type-2/23 with payload size: 91 at 2024-12-11 17:54:51.028389 sent 2024-12-11 17:54:50.946555
INFO:Message received on topic: type-2/23 with payload size: 91 at 2024-12-11 17:54:53.620407 sent 2024-12-11 17:54:53.538297
INFO:Message received on topic: type-2/23 with payload size: 91 at 2024-12-11 17:54:56.235451 sent 2024-12-11 17:54:56.148980
INFO:Message received on topic: type-2/23 with payload size: 91 at 2024-12-11 17:54:58.824833 sent 2024-12-11 17:54:58.759855
INFO:Message received on topic: type-2/23 with payload size: 91 at 2024-12-11 17:55:01.427158 sent 2024-12-11 17:55:01.375105
INFO:Message received on topic: type-2/23 with payload size: 91 at 2024-12-11 17:55:04.064570 sent 2024-12-11 17:55:03.987306
INFO:Message received on topic: type-2/23 with payload size: 91 at 2024-12-11 17:55:06.645106 sent 2024-12-11 17:55:06.612027
INFO:Message received on topic: type-2/23 with payload size: 91 at 2024-12-11 17:55:09.339816 sent 2024-12-11 17:55:09.225445
INFO:Message received on topic: type-2/23 with payload size: 91 at 2024-12-11 17:55:11.928748 sent 2024-12-11 17:55:11.843719
INFO:Message received on topic: type-2/23 with payload size: 91 at 2024-12-11 17:55:14.526195 sent 2024-12-11 17:55:14.460184
INFO:Message received on topic: type-2/23 with payload size: 91 at 2024-12-11 17:55:17.223534 sent 2024-12-11 17:55:17.074667
INFO:Message received on topic: type-2/23 with payload size: 91 at 2024-12-11 17:55:19.758194 sent 2024-12-11 17:55:19.682650
INFO:Message received on topic: type-2/23 with payload size: 91 at 2024-12-11 17:55:22.436578 sent 2024-12-11 17:55:22.296220
INFO:Message received on topic: type-2/23 with payload size: 91 at 2024-12-11 17:55:25.042576 sent 2024-12-11 17:55:24.905572
INFO:Message received on topic: type-2/23 with payload size: 91 at 2024-12-11 17:55:27.656783 sent 2024-12-11 17:55:27.516653
INFO:Message received on topic: type-2/23 with payload size: 91 at 2024-12-11 17:55:30.151873 sent 2024-12-11 17:55:30.126692
INFO:Message received on topic: type-2/23 with payload size: 91 at 2024-12-11 17:55:32.750994 sent 2024-12-11 17:55:32.740491
INFO:Message received on topic: type-2/23 with payload size: 91 at 2024-12-11 17:55:35.442779 sent 2024-12-11 17:55:35.356133
INFO:Message received on topic: type-2/23 with payload size: 91 at 2024-12-11 17:55:38.049669 sent 2024-12-11 17:55:37.968610
INFO:Message received on topic: type-2/23 with payload size: 91 at 2024-12-11 17:55:40.719178 sent 2024-12-11 17:55:40.586200
INFO:Message received on topic: type-2/23 with payload size: 91 at 2024-12-11 17:55:43.345966 sent 2024-12-11 17:55:43.203880
INFO:Message received on topic: type-2/23 with payload size: 91 at 2024-12-11 17:55:45.955507 sent 2024-12-11 17:55:45.812729
INFO:Message received on topic: type-2/23 with payload size: 91 at 2024-12-11 17:55:48.519296 sent 2024-12-11 17:55:48.417940
INFO:Message received on topic: type-2/23 with payload size: 91 at 2024-12-11 17:55:51.231960 sent 2024-12-11 17:55:51.033221
INFO:Message received on topic: type-2/23 with payload size: 91 at 2024-12-11 17:55:53.754837 sent 2024-12-11 17:55:53.647251
INFO:Message received on topic: type-2/23 with payload size: 91 at 2024-12-11 17:55:56.429217 sent 2024-12-11 17:55:56.254719
INFO:Message received on topic: type-2/23 with payload size: 91 at 2024-12-11 17:55:58.958428 sent 2024-12-11 17:55:58.871838
INFO:Message received on topic: type-2/23 with payload size: 91 at 2024-12-11 17:56:01.533065 sent 2024-12-11 17:56:01.481450
INFO:Message received on topic: type-2/23 with payload size: 91 at 2024-12-11 17:56:04.224445 sent 2024-12-11 17:56:04.098195
INFO:Message received on topic: type-2/23 with payload size: 91 at 2024-12-11 17:56:06.945918 sent 2024-12-11 17:56:06.706291
INFO:Message received on topic: type-2/23 with payload size: 91 at 2024-12-11 17:56:09.425166 sent 2024-12-11 17:56:09.325974
INFO:Message received on topic: type-2/23 with payload size: 91 at 2024-12-11 17:56:12.034507 sent 2024-12-11 17:56:11.935892
INFO:Message received on topic: type-2/23 with payload size: 91 at 2024-12-11 17:56:14.725975 sent 2024-12-11 17:56:14.548124
INFO:Message received on topic: type-2/23 with payload size: 91 at 2024-12-11 17:56:17.252797 sent 2024-12-11 17:56:17.154685
INFO:Message received on topic: type-2/23 with payload size: 91 at 2024-12-11 17:56:19.839222 sent 2024-12-11 17:56:19.769657
INFO:Message received on topic: type-2/23 with payload size: 91 at 2024-12-11 17:56:22.462543 sent 2024-12-11 17:56:22.372817
INFO:Message received on topic: type-2/23 with payload size: 91 at 2024-12-11 17:56:25.055825 sent 2024-12-11 17:56:24.980558
INFO:Message received on topic: type-2/23 with payload size: 91 at 2024-12-11 17:56:27.746923 sent 2024-12-11 17:56:27.590214
INFO:Message received on topic: type-2/23 with payload size: 91 at 2024-12-11 17:56:30.330316 sent 2024-12-11 17:56:30.209513
INFO:Message received on topic: type-2/23 with payload size: 91 at 2024-12-11 17:56:32.924775 sent 2024-12-11 17:56:32.833576
INFO:Message received on topic: type-2/23 with payload size: 91 at 2024-12-11 17:56:35.464477 sent 2024-12-11 17:56:35.448567
INFO:Message received on topic: type-2/23 with payload size: 91 at 2024-12-11 17:56:38.149254 sent 2024-12-11 17:56:38.058884
INFO:Message received on topic: type-2/23 with payload size: 91 at 2024-12-11 17:56:40.760565 sent 2024-12-11 17:56:40.679150
INFO:Message received on topic: type-2/23 with payload size: 91 at 2024-12-11 17:56:43.370574 sent 2024-12-11 17:56:43.300624
INFO:Message received on topic: type-2/23 with payload size: 91 at 2024-12-11 17:56:45.943258 sent 2024-12-11 17:56:45.913875
INFO:Message received on topic: type-2/23 with payload size: 91 at 2024-12-11 17:56:48.723217 sent 2024-12-11 17:56:48.526214
INFO:Message received on topic: type-2/23 with payload size: 91 at 2024-12-11 17:56:51.239774 sent 2024-12-11 17:56:51.138719
INFO:Message received on topic: type-2/23 with payload size: 91 at 2024-12-11 17:56:53.843488 sent 2024-12-11 17:56:53.747279
INFO:Message received on topic: type-2/23 with payload size: 91 at 2024-12-11 17:56:56.443754 sent 2024-12-11 17:56:56.353789
INFO:Message received on topic: type-2/23 with payload size: 91 at 2024-12-11 17:56:59.129877 sent 2024-12-11 17:56:58.975242
INFO:Message received on topic: type-2/23 with payload size: 91 at 2024-12-11 17:57:01.640234 sent 2024-12-11 17:57:01.598739
INFO:Message received on topic: type-2/23 with payload size: 91 at 2024-12-11 17:57:04.316790 sent 2024-12-11 17:57:04.224111
INFO:Message received on topic: type-2/23 with payload size: 91 at 2024-12-11 17:57:07.037263 sent 2024-12-11 17:57:06.838618
INFO:Message received on topic: type-2/23 with payload size: 91 at 2024-12-11 17:57:09.531169 sent 2024-12-11 17:57:09.450743
INFO:Message received on topic: type-2/23 with payload size: 91 at 2024-12-11 17:57:12.143022 sent 2024-12-11 17:57:12.060378
INFO:Message received on topic: type-2/23 with payload size: 91 at 2024-12-11 17:57:14.822050 sent 2024-12-11 17:57:14.674865
INFO:Message received on topic: type-2/23 with payload size: 91 at 2024-12-11 17:57:17.417828 sent 2024-12-11 17:57:17.288889
INFO:Message received on topic: type-2/23 with payload size: 91 at 2024-12-11 17:57:19.957786 sent 2024-12-11 17:57:19.904966
INFO:Message received on topic: type-2/23 with payload size: 91 at 2024-12-11 17:57:22.648400 sent 2024-12-11 17:57:22.525998
INFO:Message received on topic: type-2/23 with payload size: 91 at 2024-12-11 17:57:25.162844 sent 2024-12-11 17:57:25.139562
INFO:Message received on topic: type-2/23 with payload size: 91 at 2024-12-11 17:57:27.833977 sent 2024-12-11 17:57:27.752032
INFO:Message received on topic: type-2/23 with payload size: 91 at 2024-12-11 17:57:30.531366 sent 2024-12-11 17:57:30.374570
INFO:Message received on topic: type-2/23 with payload size: 91 at 2024-12-11 17:57:33.136907 sent 2024-12-11 17:57:32.988716
INFO:Message received on topic: type-2/23 with payload size: 91 at 2024-12-11 17:57:35.742769 sent 2024-12-11 17:57:35.607022
INFO:Message received on topic: type-2/23 with payload size: 91 at 2024-12-11 17:57:38.521602 sent 2024-12-11 17:57:38.212304
INFO:Message received on topic: type-2/23 with payload size: 91 at 2024-12-11 17:57:41.058681 sent 2024-12-11 17:57:40.825598
INFO:Message received on topic: type-2/23 with payload size: 91 at 2024-12-11 17:57:43.637940 sent 2024-12-11 17:57:43.443251
INFO:Message received on topic: type-2/23 with payload size: 91 at 2024-12-11 17:57:46.224199 sent 2024-12-11 17:57:46.062727
INFO:Message received on topic: type-2/23 with payload size: 91 at 2024-12-11 17:57:48.829088 sent 2024-12-11 17:57:48.671424
INFO:Message received on topic: type-2/23 with payload size: 91 at 2024-12-11 17:57:51.341835 sent 2024-12-11 17:57:51.289191
INFO:Message received on topic: type-2/23 with payload size: 91 at 2024-12-11 17:57:53.949185 sent 2024-12-11 17:57:53.909032
INFO:Message received on topic: type-2/23 with payload size: 91 at 2024-12-11 17:57:56.731661 sent 2024-12-11 17:57:56.515663
INFO:Message received on topic: type-2/23 with payload size: 91 at 2024-12-11 17:57:59.245902 sent 2024-12-11 17:57:59.125599
INFO:Message received on topic: type-2/23 with payload size: 91 at 2024-12-11 17:58:01.844053 sent 2024-12-11 17:58:01.736709
INFO:Message received on topic: type-2/23 with payload size: 91 at 2024-12-11 17:58:04.424877 sent 2024-12-11 17:58:04.349668
INFO:Message received on topic: type-2/23 with payload size: 91 at 2024-12-11 17:58:07.048362 sent 2024-12-11 17:58:06.968739
INFO:Message received on topic: type-2/23 with payload size: 91 at 2024-12-11 17:58:09.726808 sent 2024-12-11 17:58:09.586508
INFO:Message received on topic: type-2/23 with payload size: 91 at 2024-12-11 17:58:12.296147 sent 2024-12-11 17:58:12.200581
INFO:Message received on topic: type-2/23 with payload size: 91 at 2024-12-11 17:58:14.845827 sent 2024-12-11 17:58:14.809001
INFO:Message received on topic: type-2/23 with payload size: 91 at 2024-12-11 17:58:17.524518 sent 2024-12-11 17:58:17.418422
INFO:Message received on topic: type-2/23 with payload size: 91 at 2024-12-11 17:58:20.142921 sent 2024-12-11 17:58:20.036064
INFO:Message received on topic: type-2/23 with payload size: 91 at 2024-12-11 17:58:22.727269 sent 2024-12-11 17:58:22.650277
INFO:Message received on topic: type-2/23 with payload size: 91 at 2024-12-11 17:58:25.433878 sent 2024-12-11 17:58:25.264936
INFO:Message received on topic: type-2/23 with payload size: 91 at 2024-12-11 17:58:28.231505 sent 2024-12-11 17:58:27.876286
INFO:Message received on topic: type-2/23 with payload size: 91 at 2024-12-11 17:58:30.558253 sent 2024-12-11 17:58:30.482141
INFO:Message received on topic: type-2/23 with payload size: 91 at 2024-12-11 17:58:33.144721 sent 2024-12-11 17:58:33.095397
INFO:Message received on topic: type-2/23 with payload size: 91 at 2024-12-11 17:58:35.745675 sent 2024-12-11 17:58:35.706158
INFO:Message received on topic: type-2/23 with payload size: 91 at 2024-12-11 17:58:38.440280 sent 2024-12-11 17:58:38.312459
INFO:Message received on topic: type-2/23 with payload size: 91 at 2024-12-11 17:58:41.036018 sent 2024-12-11 17:58:40.920963
INFO:Message received on topic: type-2/23 with payload size: 91 at 2024-12-11 17:58:43.626736 sent 2024-12-11 17:58:43.535621
INFO:Message received on topic: type-2/23 with payload size: 91 at 2024-12-11 17:58:46.239591 sent 2024-12-11 17:58:46.150074
INFO:Message received on topic: type-2/23 with payload size: 91 at 2024-12-11 17:58:48.831016 sent 2024-12-11 17:58:48.758263
INFO:Message received on topic: type-2/23 with payload size: 91 at 2024-12-11 17:58:51.445197 sent 2024-12-11 17:58:51.370025
INFO:Message received on topic: type-2/23 with payload size: 91 at 2024-12-11 17:58:54.130844 sent 2024-12-11 17:58:53.979932
INFO:Message received on topic: type-2/23 with payload size: 91 at 2024-12-11 17:58:56.715397 sent 2024-12-11 17:58:56.586646
INFO:Message received on topic: type-2/23 with payload size: 91 at 2024-12-11 17:58:59.239842 sent 2024-12-11 17:58:59.202082
INFO:Message received on topic: type-2/23 with payload size: 91 at 2024-12-11 17:59:01.849840 sent 2024-12-11 17:59:01.811426
INFO:Message received on topic: type-2/23 with payload size: 91 at 2024-12-11 17:59:04.520246 sent 2024-12-11 17:59:04.421015
INFO:Message received on topic: type-2/23 with payload size: 91 at 2024-12-11 17:59:07.121261 sent 2024-12-11 17:59:07.032189
INFO:Message received on topic: type-2/23 with payload size: 91 at 2024-12-11 17:59:09.726796 sent 2024-12-11 17:59:09.643801
INFO:Message received on topic: type-2/23 with payload size: 91 at 2024-12-11 17:59:12.336009 sent 2024-12-11 17:59:12.253194
INFO:Message received on topic: type-2/23 with payload size: 91 at 2024-12-11 17:59:14.943617 sent 2024-12-11 17:59:14.868577
INFO:Message received on topic: type-2/23 with payload size: 91 at 2024-12-11 17:59:17.537385 sent 2024-12-11 17:59:17.473174
INFO:Message received on topic: type-2/23 with payload size: 91 at 2024-12-11 17:59:20.141006 sent 2024-12-11 17:59:20.080504
