INFO:Starting Version 1.0.5
DEBUG:Using selector: EpollSelector
INFO:Connecting to cluster at: mqtt-quic://emqx-headless.dtwins:14567 using QUIC
INFO:Subscribed to topic: type-2/48
INFO:Logging each: 50
INFO:Unhandled packet type received
INFO:Message received on topic: type-2/48 with payload size: 91 at 2024-12-11 17:52:20.639646 sent 2024-12-11 17:52:20.578037
INFO:Message received on topic: type-2/48 with payload size: 91 at 2024-12-11 17:52:23.295220 sent 2024-12-11 17:52:23.203190
INFO:Message received on topic: type-2/48 with payload size: 91 at 2024-12-11 17:52:25.903427 sent 2024-12-11 17:52:25.832645
INFO:Message received on topic: type-2/48 with payload size: 91 at 2024-12-11 17:52:28.521499 sent 2024-12-11 17:52:28.450687
INFO:Message received on topic: type-2/48 with payload size: 91 at 2024-12-11 17:52:31.126552 sent 2024-12-11 17:52:31.069411
INFO:Message received on topic: type-2/48 with payload size: 91 at 2024-12-11 17:52:33.704781 sent 2024-12-11 17:52:33.688212
INFO:Message received on topic: type-2/48 with payload size: 91 at 2024-12-11 17:52:36.424592 sent 2024-12-11 17:52:36.303675
INFO:Message received on topic: type-2/48 with payload size: 91 at 2024-12-11 17:52:39.028464 sent 2024-12-11 17:52:38.917705
INFO:Message received on topic: type-2/48 with payload size: 91 at 2024-12-11 17:52:41.618800 sent 2024-12-11 17:52:41.545086
INFO:Message received on topic: type-2/48 with payload size: 91 at 2024-12-11 17:52:44.237316 sent 2024-12-11 17:52:44.164525
INFO:Message received on topic: type-2/48 with payload size: 91 at 2024-12-11 17:52:46.836827 sent 2024-12-11 17:52:46.770046
INFO:Message received on topic: type-2/48 with payload size: 91 at 2024-12-11 17:52:49.442743 sent 2024-12-11 17:52:49.385973
INFO:Message received on topic: type-2/48 with payload size: 91 at 2024-12-11 17:52:52.037801 sent 2024-12-11 17:52:52.000631
INFO:Message received on topic: type-2/48 with payload size: 91 at 2024-12-11 17:52:54.629235 sent 2024-12-11 17:52:54.613012
INFO:Message received on topic: type-2/48 with payload size: 91 at 2024-12-11 17:52:57.243127 sent 2024-12-11 17:52:57.230228
INFO:Message received on topic: type-2/48 with payload size: 91 at 2024-12-11 17:52:59.922633 sent 2024-12-11 17:52:59.843593
INFO:Message received on topic: type-2/48 with payload size: 91 at 2024-12-11 17:53:02.522005 sent 2024-12-11 17:53:02.453792
INFO:Message received on topic: type-2/48 with payload size: 91 at 2024-12-11 17:53:05.199103 sent 2024-12-11 17:53:05.063793
INFO:Message received on topic: type-2/48 with payload size: 91 at 2024-12-11 17:53:07.734871 sent 2024-12-11 17:53:07.675939
INFO:Message received on topic: type-2/48 with payload size: 91 at 2024-12-11 17:53:10.324996 sent 2024-12-11 17:53:10.289525
INFO:Message received on topic: type-2/48 with payload size: 91 at 2024-12-11 17:53:12.941686 sent 2024-12-11 17:53:12.901535
INFO:Message received on topic: type-2/48 with payload size: 91 at 2024-12-11 17:53:15.600919 sent 2024-12-11 17:53:15.516501
INFO:Message received on topic: type-2/48 with payload size: 91 at 2024-12-11 17:53:18.228523 sent 2024-12-11 17:53:18.125461
INFO:Message received on topic: type-2/48 with payload size: 91 at 2024-12-11 17:53:20.804929 sent 2024-12-11 17:53:20.744991
INFO:Message received on topic: type-2/48 with payload size: 91 at 2024-12-11 17:53:23.450191 sent 2024-12-11 17:53:23.366673
INFO:Message received on topic: type-2/48 with payload size: 91 at 2024-12-11 17:53:26.033083 sent 2024-12-11 17:53:25.988907
INFO:Message received on topic: type-2/48 with payload size: 91 at 2024-12-11 17:53:28.630924 sent 2024-12-11 17:53:28.604638
INFO:Message received on topic: type-2/48 with payload size: 91 at 2024-12-11 17:53:31.324170 sent 2024-12-11 17:53:31.225468
INFO:Message received on topic: type-2/48 with payload size: 91 at 2024-12-11 17:53:33.940023 sent 2024-12-11 17:53:33.840849
INFO:Message received on topic: type-2/48 with payload size: 91 at 2024-12-11 17:53:36.603803 sent 2024-12-11 17:53:36.463799
INFO:Message received on topic: type-2/48 with payload size: 91 at 2024-12-11 17:53:39.134063 sent 2024-12-11 17:53:39.084055
INFO:Message received on topic: type-2/48 with payload size: 91 at 2024-12-11 17:53:41.755854 sent 2024-12-11 17:53:41.691540
INFO:Message received on topic: type-2/48 with payload size: 91 at 2024-12-11 17:53:44.354308 sent 2024-12-11 17:53:44.304484
INFO:Message received on topic: type-2/48 with payload size: 91 at 2024-12-11 17:53:46.944030 sent 2024-12-11 17:53:46.909983
INFO:Message received on topic: type-2/48 with payload size: 91 at 2024-12-11 17:53:49.619790 sent 2024-12-11 17:53:49.528822
INFO:Message received on topic: type-2/48 with payload size: 91 at 2024-12-11 17:53:52.295236 sent 2024-12-11 17:53:52.147923
INFO:Message received on topic: type-2/48 with payload size: 91 at 2024-12-11 17:53:54.843676 sent 2024-12-11 17:53:54.754068
INFO:Message received on topic: type-2/48 with payload size: 91 at 2024-12-11 17:53:57.434824 sent 2024-12-11 17:53:57.366624
INFO:Message received on topic: type-2/48 with payload size: 91 at 2024-12-11 17:54:00.031376 sent 2024-12-11 17:53:59.975889
INFO:Message received on topic: type-2/48 with payload size: 91 at 2024-12-11 17:54:02.699013 sent 2024-12-11 17:54:02.597599
INFO:Message received on topic: type-2/48 with payload size: 91 at 2024-12-11 17:54:05.294717 sent 2024-12-11 17:54:05.221956
INFO:Message received on topic: type-2/48 with payload size: 91 at 2024-12-11 17:54:07.949304 sent 2024-12-11 17:54:07.838441
INFO:Message received on topic: type-2/48 with payload size: 91 at 2024-12-11 17:54:10.523668 sent 2024-12-11 17:54:10.450577
INFO:Message received on topic: type-2/48 with payload size: 91 at 2024-12-11 17:54:13.149189 sent 2024-12-11 17:54:13.067657
INFO:Message received on topic: type-2/48 with payload size: 91 at 2024-12-11 17:54:15.998988 sent 2024-12-11 17:54:15.690493
INFO:Message received on topic: type-2/48 with payload size: 91 at 2024-12-11 17:54:18.341698 sent 2024-12-11 17:54:18.303038
INFO:Message received on topic: type-2/48 with payload size: 91 at 2024-12-11 17:54:20.946946 sent 2024-12-11 17:54:20.910979
INFO:Message received on topic: type-2/48 with payload size: 91 at 2024-12-11 17:54:23.595858 sent 2024-12-11 17:54:23.518401
INFO:Message received on topic: type-2/48 with payload size: 91 at 2024-12-11 17:54:26.225589 sent 2024-12-11 17:54:26.131200
INFO:Message received on topic: type-2/48 with payload size: 91 at 2024-12-11 17:54:28.817166 sent 2024-12-11 17:54:28.746734
INFO:Message received on topic: type-2/48 with payload size: 91 at 2024-12-11 17:54:31.457269 sent 2024-12-11 17:54:31.344106
INFO:Message received on topic: type-2/48 with payload size: 91 at 2024-12-11 17:54:34.020143 sent 2024-12-11 17:54:33.953911
INFO:Message received on topic: type-2/48 with payload size: 91 at 2024-12-11 17:54:36.655746 sent 2024-12-11 17:54:36.564908
INFO:Message received on topic: type-2/48 with payload size: 91 at 2024-12-11 17:54:39.298971 sent 2024-12-11 17:54:39.177518
INFO:Message received on topic: type-2/48 with payload size: 91 at 2024-12-11 17:54:41.916395 sent 2024-12-11 17:54:41.792885
INFO:Message received on topic: type-2/48 with payload size: 91 at 2024-12-11 17:54:44.451203 sent 2024-12-11 17:54:44.387632
INFO:Message received on topic: type-2/48 with payload size: 91 at 2024-12-11 17:54:47.131357 sent 2024-12-11 17:54:46.982623
INFO:Message received on topic: type-2/48 with payload size: 91 at 2024-12-11 17:54:49.636104 sent 2024-12-11 17:54:49.575358
INFO:Message received on topic: type-2/48 with payload size: 91 at 2024-12-11 17:54:52.300949 sent 2024-12-11 17:54:52.168767
INFO:Message received on topic: type-2/48 with payload size: 91 at 2024-12-11 17:54:54.918648 sent 2024-12-11 17:54:54.768357
INFO:Message received on topic: type-2/48 with payload size: 91 at 2024-12-11 17:54:57.535466 sent 2024-12-11 17:54:57.385337
INFO:Message received on topic: type-2/48 with payload size: 91 at 2024-12-11 17:55:00.114863 sent 2024-12-11 17:54:59.994344
INFO:Message received on topic: type-2/48 with payload size: 91 at 2024-12-11 17:55:02.722317 sent 2024-12-11 17:55:02.614625
INFO:Message received on topic: type-2/48 with payload size: 91 at 2024-12-11 17:55:05.354217 sent 2024-12-11 17:55:05.232268
INFO:Message received on topic: type-2/48 with payload size: 91 at 2024-12-11 17:55:07.935640 sent 2024-12-11 17:55:07.854172
INFO:Message received on topic: type-2/48 with payload size: 91 at 2024-12-11 17:55:10.537728 sent 2024-12-11 17:55:10.465149
INFO:Message received on topic: type-2/48 with payload size: 91 at 2024-12-11 17:55:13.149985 sent 2024-12-11 17:55:13.078691
INFO:Message received on topic: type-2/48 with payload size: 91 at 2024-12-11 17:55:15.727967 sent 2024-12-11 17:55:15.698595
INFO:Message received on topic: type-2/48 with payload size: 91 at 2024-12-11 17:55:18.460777 sent 2024-12-11 17:55:18.315776
INFO:Message received on topic: type-2/48 with payload size: 91 at 2024-12-11 17:55:21.019828 sent 2024-12-11 17:55:20.924687
INFO:Message received on topic: type-2/48 with payload size: 91 at 2024-12-11 17:55:23.647014 sent 2024-12-11 17:55:23.541744
INFO:Message received on topic: type-2/48 with payload size: 91 at 2024-12-11 17:55:26.235275 sent 2024-12-11 17:55:26.153308
INFO:Message received on topic: type-2/48 with payload size: 91 at 2024-12-11 17:55:28.842937 sent 2024-12-11 17:55:28.761921
INFO:Message received on topic: type-2/48 with payload size: 91 at 2024-12-11 17:55:31.440582 sent 2024-12-11 17:55:31.378078
INFO:Message received on topic: type-2/48 with payload size: 91 at 2024-12-11 17:55:34.069090 sent 2024-12-11 17:55:33.987203
INFO:Message received on topic: type-2/48 with payload size: 91 at 2024-12-11 17:55:36.638249 sent 2024-12-11 17:55:36.607761
INFO:Message received on topic: type-2/48 with payload size: 91 at 2024-12-11 17:55:39.560650 sent 2024-12-11 17:55:39.217951
INFO:Message received on topic: type-2/48 with payload size: 91 at 2024-12-11 17:55:41.934923 sent 2024-12-11 17:55:41.833282
INFO:Message received on topic: type-2/48 with payload size: 91 at 2024-12-11 17:55:44.539787 sent 2024-12-11 17:55:44.451372
INFO:Message received on topic: type-2/48 with payload size: 91 at 2024-12-11 17:55:47.162042 sent 2024-12-11 17:55:47.059672
INFO:Message received on topic: type-2/48 with payload size: 91 at 2024-12-11 17:55:49.822642 sent 2024-12-11 17:55:49.675108
INFO:Message received on topic: type-2/48 with payload size: 91 at 2024-12-11 17:55:52.424044 sent 2024-12-11 17:55:52.285952
INFO:Message received on topic: type-2/48 with payload size: 91 at 2024-12-11 17:55:54.943067 sent 2024-12-11 17:55:54.893510
INFO:Message received on topic: type-2/48 with payload size: 91 at 2024-12-11 17:55:57.641637 sent 2024-12-11 17:55:57.504055
INFO:Message received on topic: type-2/48 with payload size: 91 at 2024-12-11 17:56:00.256142 sent 2024-12-11 17:56:00.114718
INFO:Message received on topic: type-2/48 with payload size: 91 at 2024-12-11 17:56:02.744605 sent 2024-12-11 17:56:02.730687
INFO:Message received on topic: type-2/48 with payload size: 91 at 2024-12-11 17:56:05.425485 sent 2024-12-11 17:56:05.341639
INFO:Message received on topic: type-2/48 with payload size: 91 at 2024-12-11 17:56:08.065039 sent 2024-12-11 17:56:07.951945
INFO:Message received on topic: type-2/48 with payload size: 91 at 2024-12-11 17:56:10.623056 sent 2024-12-11 17:56:10.564839
INFO:Message received on topic: type-2/48 with payload size: 91 at 2024-12-11 17:56:13.329680 sent 2024-12-11 17:56:13.180468
INFO:Message received on topic: type-2/48 with payload size: 91 at 2024-12-11 17:56:15.924985 sent 2024-12-11 17:56:15.804848
INFO:Message received on topic: type-2/48 with payload size: 91 at 2024-12-11 17:56:18.552170 sent 2024-12-11 17:56:18.430591
INFO:Message received on topic: type-2/48 with payload size: 91 at 2024-12-11 17:56:21.131611 sent 2024-12-11 17:56:21.037989
INFO:Message received on topic: type-2/48 with payload size: 91 at 2024-12-11 17:56:23.745640 sent 2024-12-11 17:56:23.650847
INFO:Message received on topic: type-2/48 with payload size: 91 at 2024-12-11 17:56:26.355286 sent 2024-12-11 17:56:26.259298
INFO:Message received on topic: type-2/48 with payload size: 91 at 2024-12-11 17:56:28.958955 sent 2024-12-11 17:56:28.885414
INFO:Message received on topic: type-2/48 with payload size: 91 at 2024-12-11 17:56:31.555036 sent 2024-12-11 17:56:31.510956
INFO:Message received on topic: type-2/48 with payload size: 91 at 2024-12-11 17:56:34.247279 sent 2024-12-11 17:56:34.125721
INFO:Message received on topic: type-2/48 with payload size: 91 at 2024-12-11 17:56:36.840264 sent 2024-12-11 17:56:36.735473
INFO:Message received on topic: type-2/48 with payload size: 91 at 2024-12-11 17:56:39.539034 sent 2024-12-11 17:56:39.354696
INFO:Message received on topic: type-2/48 with payload size: 91 at 2024-12-11 17:56:42.050829 sent 2024-12-11 17:56:41.975568
INFO:Message received on topic: type-2/48 with payload size: 91 at 2024-12-11 17:56:44.657871 sent 2024-12-11 17:56:44.587024
INFO:Message received on topic: type-2/48 with payload size: 91 at 2024-12-11 17:56:47.240611 sent 2024-12-11 17:56:47.197684
INFO:Message received on topic: type-2/48 with payload size: 91 at 2024-12-11 17:56:49.851282 sent 2024-12-11 17:56:49.817927
INFO:Message received on topic: type-2/48 with payload size: 91 at 2024-12-11 17:56:52.451379 sent 2024-12-11 17:56:52.436744
INFO:Message received on topic: type-2/48 with payload size: 91 at 2024-12-11 17:56:55.128517 sent 2024-12-11 17:56:55.050501
INFO:Message received on topic: type-2/48 with payload size: 91 at 2024-12-11 17:56:57.818068 sent 2024-12-11 17:56:57.675740
INFO:Message received on topic: type-2/48 with payload size: 91 at 2024-12-11 17:57:00.420838 sent 2024-12-11 17:57:00.293583
INFO:Message received on topic: type-2/48 with payload size: 91 at 2024-12-11 17:57:03.019839 sent 2024-12-11 17:57:02.905363
INFO:Message received on topic: type-2/48 with payload size: 91 at 2024-12-11 17:57:05.636079 sent 2024-12-11 17:57:05.518571
INFO:Message received on topic: type-2/48 with payload size: 91 at 2024-12-11 17:57:08.231176 sent 2024-12-11 17:57:08.127402
INFO:Message received on topic: type-2/48 with payload size: 91 at 2024-12-11 17:57:10.859511 sent 2024-12-11 17:57:10.747868
INFO:Message received on topic: type-2/48 with payload size: 91 at 2024-12-11 17:57:13.546012 sent 2024-12-11 17:57:13.371272
INFO:Message received on topic: type-2/48 with payload size: 91 at 2024-12-11 17:57:16.053835 sent 2024-12-11 17:57:15.991628
INFO:Message received on topic: type-2/48 with payload size: 91 at 2024-12-11 17:57:18.658978 sent 2024-12-11 17:57:18.602787
INFO:Message received on topic: type-2/48 with payload size: 91 at 2024-12-11 17:57:21.337375 sent 2024-12-11 17:57:21.217301
INFO:Message received on topic: type-2/48 with payload size: 91 at 2024-12-11 17:57:23.932728 sent 2024-12-11 17:57:23.833255
INFO:Message received on topic: type-2/48 with payload size: 91 at 2024-12-11 17:57:26.543941 sent 2024-12-11 17:57:26.440205
INFO:Message received on topic: type-2/48 with payload size: 91 at 2024-12-11 17:57:29.223243 sent 2024-12-11 17:57:29.049743
INFO:Message received on topic: type-2/48 with payload size: 91 at 2024-12-11 17:57:31.747030 sent 2024-12-11 17:57:31.659280
INFO:Message received on topic: type-2/48 with payload size: 91 at 2024-12-11 17:57:34.353271 sent 2024-12-11 17:57:34.277787
INFO:Message received on topic: type-2/48 with payload size: 91 at 2024-12-11 17:57:37.044693 sent 2024-12-11 17:57:36.897793
INFO:Message received on topic: type-2/48 with payload size: 91 at 2024-12-11 17:57:39.821749 sent 2024-12-11 17:57:39.505568
INFO:Message received on topic: type-2/48 with payload size: 91 at 2024-12-11 17:57:42.226972 sent 2024-12-11 17:57:42.111567
INFO:Message received on topic: type-2/48 with payload size: 91 at 2024-12-11 17:57:44.931043 sent 2024-12-11 17:57:44.724776
INFO:Message received on topic: type-2/48 with payload size: 91 at 2024-12-11 17:57:47.447931 sent 2024-12-11 17:57:47.338842
INFO:Message received on topic: type-2/48 with payload size: 91 at 2024-12-11 17:57:50.142282 sent 2024-12-11 17:57:49.951840
INFO:Message received on topic: type-2/48 with payload size: 91 at 2024-12-11 17:57:52.639288 sent 2024-12-11 17:57:52.563735
INFO:Message received on topic: type-2/48 with payload size: 91 at 2024-12-11 17:57:55.648417 sent 2024-12-11 17:57:55.177126
INFO:Message received on topic: type-2/48 with payload size: 91 at 2024-12-11 17:57:57.941564 sent 2024-12-11 17:57:57.787888
INFO:Message received on topic: type-2/48 with payload size: 91 at 2024-12-11 17:58:00.526523 sent 2024-12-11 17:58:00.402464
INFO:Message received on topic: type-2/48 with payload size: 91 at 2024-12-11 17:58:03.125492 sent 2024-12-11 17:58:03.015299
INFO:Message received on topic: type-2/48 with payload size: 91 at 2024-12-11 17:58:05.646786 sent 2024-12-11 17:58:05.626275
INFO:Message received on topic: type-2/48 with payload size: 91 at 2024-12-11 17:58:08.421449 sent 2024-12-11 17:58:08.240398
INFO:Message received on topic: type-2/48 with payload size: 91 at 2024-12-11 17:58:11.027839 sent 2024-12-11 17:58:10.861300
INFO:Message received on topic: type-2/48 with payload size: 91 at 2024-12-11 17:58:13.542540 sent 2024-12-11 17:58:13.472264
INFO:Message received on topic: type-2/48 with payload size: 91 at 2024-12-11 17:58:16.163503 sent 2024-12-11 17:58:16.084697
INFO:Message received on topic: type-2/48 with payload size: 91 at 2024-12-11 17:58:18.945972 sent 2024-12-11 17:58:18.690853
INFO:Message received on topic: type-2/48 with payload size: 91 at 2024-12-11 17:58:21.337925 sent 2024-12-11 17:58:21.298584
INFO:Message received on topic: type-2/48 with payload size: 91 at 2024-12-11 17:58:24.037812 sent 2024-12-11 17:58:23.909689
INFO:Message received on topic: type-2/48 with payload size: 91 at 2024-12-11 17:58:26.634808 sent 2024-12-11 17:58:26.515686
INFO:Message received on topic: type-2/48 with payload size: 91 at 2024-12-11 17:58:29.234072 sent 2024-12-11 17:58:29.124729
INFO:Message received on topic: type-2/48 with payload size: 91 at 2024-12-11 17:58:31.826884 sent 2024-12-11 17:58:31.740504
INFO:Message received on topic: type-2/48 with payload size: 91 at 2024-12-11 17:58:34.430071 sent 2024-12-11 17:58:34.357596
INFO:Message received on topic: type-2/48 with payload size: 91 at 2024-12-11 17:58:37.060064 sent 2024-12-11 17:58:36.968536
INFO:Message received on topic: type-2/48 with payload size: 91 at 2024-12-11 17:58:39.630991 sent 2024-12-11 17:58:39.586660
INFO:Message received on topic: type-2/48 with payload size: 91 at 2024-12-11 17:58:42.428153 sent 2024-12-11 17:58:42.203363
INFO:Message received on topic: type-2/48 with payload size: 91 at 2024-12-11 17:58:44.857565 sent 2024-12-11 17:58:44.811625
INFO:Message received on topic: type-2/48 with payload size: 91 at 2024-12-11 17:58:47.517048 sent 2024-12-11 17:58:47.417465
INFO:Message received on topic: type-2/48 with payload size: 91 at 2024-12-11 17:58:50.132561 sent 2024-12-11 17:58:50.033933
INFO:Message received on topic: type-2/48 with payload size: 91 at 2024-12-11 17:58:52.735654 sent 2024-12-11 17:58:52.644491
INFO:Message received on topic: type-2/48 with payload size: 91 at 2024-12-11 17:58:55.339186 sent 2024-12-11 17:58:55.250119
INFO:Message received on topic: type-2/48 with payload size: 91 at 2024-12-11 17:58:57.931861 sent 2024-12-11 17:58:57.858820
INFO:Message received on topic: type-2/48 with payload size: 91 at 2024-12-11 17:59:00.528061 sent 2024-12-11 17:59:00.466242
INFO:Message received on topic: type-2/48 with payload size: 91 at 2024-12-11 17:59:03.138912 sent 2024-12-11 17:59:03.074784
INFO:Message received on topic: type-2/48 with payload size: 91 at 2024-12-11 17:59:05.745600 sent 2024-12-11 17:59:05.688306
INFO:Message received on topic: type-2/48 with payload size: 91 at 2024-12-11 17:59:08.417982 sent 2024-12-11 17:59:08.302829
INFO:Message received on topic: type-2/48 with payload size: 91 at 2024-12-11 17:59:11.031449 sent 2024-12-11 17:59:10.910172
INFO:Message received on topic: type-2/48 with payload size: 91 at 2024-12-11 17:59:13.530462 sent 2024-12-11 17:59:13.519643
INFO:Message received on topic: type-2/48 with payload size: 91 at 2024-12-11 17:59:16.216955 sent 2024-12-11 17:59:16.128806
INFO:Message received on topic: type-2/48 with payload size: 91 at 2024-12-11 17:59:18.744910 sent 2024-12-11 17:59:18.735915
INFO:Message received on topic: type-2/48 with payload size: 91 at 2024-12-11 17:59:21.349257 sent 2024-12-11 17:59:21.341890
INFO:Message received on topic: type-2/48 with payload size: 91 at 2024-12-11 17:59:24.033658 sent 2024-12-11 17:59:23.949183
INFO:Message received on topic: type-2/48 with payload size: 91 at 2024-12-11 17:59:26.630204 sent 2024-12-11 17:59:26.553895
INFO:Message received on topic: type-2/48 with payload size: 91 at 2024-12-11 17:59:29.246032 sent 2024-12-11 17:59:29.156966
INFO:Message received on topic: type-2/48 with payload size: 91 at 2024-12-11 17:59:31.843854 sent 2024-12-11 17:59:31.763157
INFO:Message received on topic: type-2/48 with payload size: 91 at 2024-12-11 17:59:34.437605 sent 2024-12-11 17:59:34.367521
INFO:Message received on topic: type-2/48 with payload size: 91 at 2024-12-11 17:59:37.051553 sent 2024-12-11 17:59:36.960412
INFO:Message received on topic: type-2/48 with payload size: 91 at 2024-12-11 17:59:39.645387 sent 2024-12-11 17:59:39.563155
INFO:Message received on topic: type-2/48 with payload size: 91 at 2024-12-11 17:59:42.229679 sent 2024-12-11 17:59:42.166937
INFO:Message received on topic: type-2/48 with payload size: 91 at 2024-12-11 17:59:44.838908 sent 2024-12-11 17:59:44.768671
INFO:Message received on topic: type-2/48 with payload size: 91 at 2024-12-11 17:59:47.444463 sent 2024-12-11 17:59:47.380177
INFO:Message received on topic: type-2/48 with payload size: 91 at 2024-12-11 17:59:50.036279 sent 2024-12-11 17:59:49.990292
INFO:Message received on topic: type-2/48 with payload size: 91 at 2024-12-11 17:59:52.628720 sent 2024-12-11 17:59:52.595082
INFO:Message received on topic: type-2/48 with payload size: 91 at 2024-12-11 17:59:55.317947 sent 2024-12-11 17:59:55.197835
INFO:Message received on topic: type-2/48 with payload size: 91 at 2024-12-11 17:59:57.839264 sent 2024-12-11 17:59:57.803776
INFO:Message received on topic: type-2/48 with payload size: 91 at 2024-12-11 18:00:00.453868 sent 2024-12-11 18:00:00.409118
INFO:Message received on topic: type-2/48 with payload size: 91 at 2024-12-11 18:00:03.040970 sent 2024-12-11 18:00:03.014842
INFO:Message received on topic: type-2/48 with payload size: 91 at 2024-12-11 18:00:05.636823 sent 2024-12-11 18:00:05.617048
INFO:Message received on topic: type-2/48 with payload size: 91 at 2024-12-11 18:00:08.232168 sent 2024-12-11 18:00:08.220789
INFO:Message received on topic: type-2/48 with payload size: 91 at 2024-12-11 18:00:10.894649 sent 2024-12-11 18:00:10.821844
INFO:Message received on topic: type-2/48 with payload size: 91 at 2024-12-11 18:00:13.447812 sent 2024-12-11 18:00:13.424072
INFO:Message received on topic: type-2/48 with payload size: 91 at 2024-12-11 18:00:16.119303 sent 2024-12-11 18:00:16.025723
INFO:Message received on topic: type-2/48 with payload size: 91 at 2024-12-11 18:00:18.645207 sent 2024-12-11 18:00:18.632901
INFO:Message received on topic: type-2/48 with payload size: 91 at 2024-12-11 18:00:21.243320 sent 2024-12-11 18:00:21.233861
INFO:Message received on topic: type-2/48 with payload size: 91 at 2024-12-11 18:00:23.843471 sent 2024-12-11 18:00:23.833069
INFO:Message received on topic: type-2/48 with payload size: 91 at 2024-12-11 18:00:26.447467 sent 2024-12-11 18:00:26.437014
INFO:Message received on topic: type-2/48 with payload size: 91 at 2024-12-11 18:00:29.049482 sent 2024-12-11 18:00:29.037627
INFO:Message received on topic: type-2/48 with payload size: 91 at 2024-12-11 18:00:31.658191 sent 2024-12-11 18:00:31.641987
INFO:Message received on topic: type-2/48 with payload size: 91 at 2024-12-11 18:00:34.321533 sent 2024-12-11 18:00:34.243539
INFO:Message received on topic: type-2/48 with payload size: 91 at 2024-12-11 18:00:36.928416 sent 2024-12-11 18:00:36.844744
INFO:Message received on topic: type-2/48 with payload size: 91 at 2024-12-11 18:00:39.535529 sent 2024-12-11 18:00:39.447364
INFO:Message received on topic: type-2/48 with payload size: 91 at 2024-12-11 18:00:42.131242 sent 2024-12-11 18:00:42.051134
INFO:Message received on topic: type-2/48 with payload size: 91 at 2024-12-11 18:00:44.727991 sent 2024-12-11 18:00:44.654764
INFO:Message received on topic: type-2/48 with payload size: 91 at 2024-12-11 18:00:47.321494 sent 2024-12-11 18:00:47.258877
INFO:Message received on topic: type-2/48 with payload size: 91 at 2024-12-11 18:00:49.936427 sent 2024-12-11 18:00:49.862459
