INFO:Starting Version 1.0.5
DEBUG:Using selector: EpollSelector
INFO:Connecting to cluster at: mqtt-quic://emqx-headless.dtwins:14567 using QUIC
INFO:Subscribed to topic: type-2/5
INFO:Logging each: 50
INFO:Unhandled packet type received
INFO:Message received on topic: type-2/5 with payload size: 91 at 2024-12-11 17:49:41.138496 sent 2024-12-11 17:49:41.136867
INFO:Message received on topic: type-2/5 with payload size: 91 at 2024-12-11 17:49:43.737763 sent 2024-12-11 17:49:43.736270
INFO:Message received on topic: type-2/5 with payload size: 91 at 2024-12-11 17:49:46.334280 sent 2024-12-11 17:49:46.333144
INFO:Message received on topic: type-2/5 with payload size: 91 at 2024-12-11 17:49:48.929798 sent 2024-12-11 17:49:48.928101
INFO:Message received on topic: type-2/5 with payload size: 91 at 2024-12-11 17:49:51.525807 sent 2024-12-11 17:49:51.524617
INFO:Message received on topic: type-2/5 with payload size: 91 at 2024-12-11 17:49:54.126379 sent 2024-12-11 17:49:54.125145
INFO:Message received on topic: type-2/5 with payload size: 91 at 2024-12-11 17:49:56.724717 sent 2024-12-11 17:49:56.722686
INFO:Message received on topic: type-2/5 with payload size: 91 at 2024-12-11 17:49:59.316485 sent 2024-12-11 17:49:59.314024
INFO:Message received on topic: type-2/5 with payload size: 91 at 2024-12-11 17:50:01.918518 sent 2024-12-11 17:50:01.910300
INFO:Message received on topic: type-2/5 with payload size: 91 at 2024-12-11 17:50:04.508826 sent 2024-12-11 17:50:04.507881
INFO:Message received on topic: type-2/5 with payload size: 91 at 2024-12-11 17:50:07.119809 sent 2024-12-11 17:50:07.104902
INFO:Message received on topic: type-2/5 with payload size: 91 at 2024-12-11 17:50:09.721134 sent 2024-12-11 17:50:09.700979
INFO:Message received on topic: type-2/5 with payload size: 91 at 2024-12-11 17:50:12.302764 sent 2024-12-11 17:50:12.297258
INFO:Message received on topic: type-2/5 with payload size: 91 at 2024-12-11 17:50:14.921050 sent 2024-12-11 17:50:14.896613
INFO:Message received on topic: type-2/5 with payload size: 91 at 2024-12-11 17:50:17.501850 sent 2024-12-11 17:50:17.496098
INFO:Message received on topic: type-2/5 with payload size: 91 at 2024-12-11 17:50:20.100658 sent 2024-12-11 17:50:20.095067
INFO:Message received on topic: type-2/5 with payload size: 91 at 2024-12-11 17:50:22.718231 sent 2024-12-11 17:50:22.695945
INFO:Message received on topic: type-2/5 with payload size: 91 at 2024-12-11 17:50:25.316277 sent 2024-12-11 17:50:25.297600
INFO:Message received on topic: type-2/5 with payload size: 91 at 2024-12-11 17:50:27.921027 sent 2024-12-11 17:50:27.905480
INFO:Message received on topic: type-2/5 with payload size: 91 at 2024-12-11 17:50:30.519954 sent 2024-12-11 17:50:30.506119
INFO:Message received on topic: type-2/5 with payload size: 91 at 2024-12-11 17:50:33.127528 sent 2024-12-11 17:50:33.110099
INFO:Message received on topic: type-2/5 with payload size: 91 at 2024-12-11 17:50:35.723076 sent 2024-12-11 17:50:35.707998
INFO:Message received on topic: type-2/5 with payload size: 91 at 2024-12-11 17:50:38.321488 sent 2024-12-11 17:50:38.304486
INFO:Message received on topic: type-2/5 with payload size: 91 at 2024-12-11 17:50:40.938303 sent 2024-12-11 17:50:40.909736
INFO:Message received on topic: type-2/5 with payload size: 91 at 2024-12-11 17:50:43.524582 sent 2024-12-11 17:50:43.509716
INFO:Message received on topic: type-2/5 with payload size: 91 at 2024-12-11 17:50:46.156180 sent 2024-12-11 17:50:46.109767
INFO:Message received on topic: type-2/5 with payload size: 91 at 2024-12-11 17:50:48.740662 sent 2024-12-11 17:50:48.709770
INFO:Message received on topic: type-2/5 with payload size: 91 at 2024-12-11 17:50:51.328262 sent 2024-12-11 17:50:51.312227
INFO:Message received on topic: type-2/5 with payload size: 91 at 2024-12-11 17:50:53.928885 sent 2024-12-11 17:50:53.910260
INFO:Message received on topic: type-2/5 with payload size: 91 at 2024-12-11 17:50:56.523486 sent 2024-12-11 17:50:56.506070
INFO:Message received on topic: type-2/5 with payload size: 91 at 2024-12-11 17:50:59.135276 sent 2024-12-11 17:50:59.112620
INFO:Message received on topic: type-2/5 with payload size: 91 at 2024-12-11 17:51:01.728273 sent 2024-12-11 17:51:01.715836
INFO:Message received on topic: type-2/5 with payload size: 91 at 2024-12-11 17:51:04.329691 sent 2024-12-11 17:51:04.316080
INFO:Message received on topic: type-2/5 with payload size: 91 at 2024-12-11 17:51:06.948019 sent 2024-12-11 17:51:06.917145
INFO:Message received on topic: type-2/5 with payload size: 91 at 2024-12-11 17:51:09.535866 sent 2024-12-11 17:51:09.518789
INFO:Message received on topic: type-2/5 with payload size: 91 at 2024-12-11 17:51:12.132934 sent 2024-12-11 17:51:12.121713
INFO:Message received on topic: type-2/5 with payload size: 91 at 2024-12-11 17:51:14.751461 sent 2024-12-11 17:51:14.722584
INFO:Message received on topic: type-2/5 with payload size: 91 at 2024-12-11 17:51:17.345000 sent 2024-12-11 17:51:17.322143
INFO:Message received on topic: type-2/5 with payload size: 91 at 2024-12-11 17:51:19.937647 sent 2024-12-11 17:51:19.926521
INFO:Message received on topic: type-2/5 with payload size: 91 at 2024-12-11 17:51:22.541576 sent 2024-12-11 17:51:22.529286
INFO:Message received on topic: type-2/5 with payload size: 91 at 2024-12-11 17:51:25.147684 sent 2024-12-11 17:51:25.128035
INFO:Message received on topic: type-2/5 with payload size: 91 at 2024-12-11 17:51:27.740084 sent 2024-12-11 17:51:27.732564
INFO:Message received on topic: type-2/5 with payload size: 91 at 2024-12-11 17:51:30.345113 sent 2024-12-11 17:51:30.335286
INFO:Message received on topic: type-2/5 with payload size: 91 at 2024-12-11 17:51:32.951560 sent 2024-12-11 17:51:32.944600
INFO:Message received on topic: type-2/5 with payload size: 91 at 2024-12-11 17:51:35.595138 sent 2024-12-11 17:51:35.543014
INFO:Message received on topic: type-2/5 with payload size: 91 at 2024-12-11 17:51:38.221977 sent 2024-12-11 17:51:38.149515
INFO:Message received on topic: type-2/5 with payload size: 91 at 2024-12-11 17:51:40.835286 sent 2024-12-11 17:51:40.760522
INFO:Message received on topic: type-2/5 with payload size: 91 at 2024-12-11 17:51:43.442235 sent 2024-12-11 17:51:43.368306
INFO:Message received on topic: type-2/5 with payload size: 91 at 2024-12-11 17:51:46.018791 sent 2024-12-11 17:51:45.973009
INFO:Message received on topic: type-2/5 with payload size: 91 at 2024-12-11 17:51:48.623188 sent 2024-12-11 17:51:48.576304
INFO:Message received on topic: type-2/5 with payload size: 91 at 2024-12-11 17:51:51.235540 sent 2024-12-11 17:51:51.186522
INFO:Message received on topic: type-2/5 with payload size: 91 at 2024-12-11 17:51:53.838708 sent 2024-12-11 17:51:53.797790
INFO:Message received on topic: type-2/5 with payload size: 91 at 2024-12-11 17:51:56.439731 sent 2024-12-11 17:51:56.397965
INFO:Message received on topic: type-2/5 with payload size: 91 at 2024-12-11 17:51:59.039060 sent 2024-12-11 17:51:59.005728
INFO:Message received on topic: type-2/5 with payload size: 91 at 2024-12-11 17:52:01.633400 sent 2024-12-11 17:52:01.621551
INFO:Message received on topic: type-2/5 with payload size: 91 at 2024-12-11 17:52:04.255187 sent 2024-12-11 17:52:04.237089
INFO:Message received on topic: type-2/5 with payload size: 91 at 2024-12-11 17:52:06.926439 sent 2024-12-11 17:52:06.842814
INFO:Message received on topic: type-2/5 with payload size: 91 at 2024-12-11 17:52:09.525305 sent 2024-12-11 17:52:09.452617
INFO:Message received on topic: type-2/5 with payload size: 91 at 2024-12-11 17:52:12.156659 sent 2024-12-11 17:52:12.065869
INFO:Message received on topic: type-2/5 with payload size: 91 at 2024-12-11 17:52:14.719999 sent 2024-12-11 17:52:14.681586
INFO:Message received on topic: type-2/5 with payload size: 91 at 2024-12-11 17:52:17.326219 sent 2024-12-11 17:52:17.290478
INFO:Message received on topic: type-2/5 with payload size: 91 at 2024-12-11 17:52:19.939529 sent 2024-12-11 17:52:19.898256
INFO:Message received on topic: type-2/5 with payload size: 91 at 2024-12-11 17:52:22.595056 sent 2024-12-11 17:52:22.510634
INFO:Message received on topic: type-2/5 with payload size: 91 at 2024-12-11 17:52:25.136137 sent 2024-12-11 17:52:25.120891
INFO:Message received on topic: type-2/5 with payload size: 91 at 2024-12-11 17:52:27.826618 sent 2024-12-11 17:52:27.731495
INFO:Message received on topic: type-2/5 with payload size: 91 at 2024-12-11 17:52:30.499718 sent 2024-12-11 17:52:30.348271
INFO:Message received on topic: type-2/5 with payload size: 91 at 2024-12-11 17:52:33.025559 sent 2024-12-11 17:52:32.965837
INFO:Message received on topic: type-2/5 with payload size: 91 at 2024-12-11 17:52:35.629051 sent 2024-12-11 17:52:35.583125
INFO:Message received on topic: type-2/5 with payload size: 91 at 2024-12-11 17:52:38.323669 sent 2024-12-11 17:52:38.202105
INFO:Message received on topic: type-2/5 with payload size: 91 at 2024-12-11 17:52:40.837901 sent 2024-12-11 17:52:40.822037
INFO:Message received on topic: type-2/5 with payload size: 91 at 2024-12-11 17:52:43.696731 sent 2024-12-11 17:52:43.437706
INFO:Message received on topic: type-2/5 with payload size: 91 at 2024-12-11 17:52:46.135941 sent 2024-12-11 17:52:46.053421
INFO:Message received on topic: type-2/5 with payload size: 91 at 2024-12-11 17:52:48.724021 sent 2024-12-11 17:52:48.667753
INFO:Message received on topic: type-2/5 with payload size: 91 at 2024-12-11 17:52:51.432714 sent 2024-12-11 17:52:51.287622
INFO:Message received on topic: type-2/5 with payload size: 91 at 2024-12-11 17:52:53.939719 sent 2024-12-11 17:52:53.902646
INFO:Message received on topic: type-2/5 with payload size: 91 at 2024-12-11 17:52:56.551161 sent 2024-12-11 17:52:56.512770
INFO:Message received on topic: type-2/5 with payload size: 91 at 2024-12-11 17:52:59.150162 sent 2024-12-11 17:52:59.122607
INFO:Message received on topic: type-2/5 with payload size: 91 at 2024-12-11 17:53:01.835768 sent 2024-12-11 17:53:01.734687
INFO:Message received on topic: type-2/5 with payload size: 91 at 2024-12-11 17:53:04.428036 sent 2024-12-11 17:53:04.359305
INFO:Message received on topic: type-2/5 with payload size: 91 at 2024-12-11 17:53:07.047500 sent 2024-12-11 17:53:06.968539
INFO:Message received on topic: type-2/5 with payload size: 91 at 2024-12-11 17:53:09.642512 sent 2024-12-11 17:53:09.578488
INFO:Message received on topic: type-2/5 with payload size: 91 at 2024-12-11 17:53:12.231010 sent 2024-12-11 17:53:12.194194
INFO:Message received on topic: type-2/5 with payload size: 91 at 2024-12-11 17:53:14.842770 sent 2024-12-11 17:53:14.809252
INFO:Message received on topic: type-2/5 with payload size: 91 at 2024-12-11 17:53:17.439960 sent 2024-12-11 17:53:17.413191
INFO:Message received on topic: type-2/5 with payload size: 91 at 2024-12-11 17:53:20.098280 sent 2024-12-11 17:53:20.029547
INFO:Message received on topic: type-2/5 with payload size: 91 at 2024-12-11 17:53:22.731625 sent 2024-12-11 17:53:22.649299
INFO:Message received on topic: type-2/5 with payload size: 91 at 2024-12-11 17:53:25.335711 sent 2024-12-11 17:53:25.268489
INFO:Message received on topic: type-2/5 with payload size: 91 at 2024-12-11 17:53:27.935758 sent 2024-12-11 17:53:27.881925
INFO:Message received on topic: type-2/5 with payload size: 91 at 2024-12-11 17:53:30.620089 sent 2024-12-11 17:53:30.489940
INFO:Message received on topic: type-2/5 with payload size: 91 at 2024-12-11 17:53:33.199044 sent 2024-12-11 17:53:33.114377
INFO:Message received on topic: type-2/5 with payload size: 91 at 2024-12-11 17:53:35.796452 sent 2024-12-11 17:53:35.728206
INFO:Message received on topic: type-2/5 with payload size: 91 at 2024-12-11 17:53:38.417895 sent 2024-12-11 17:53:38.346254
INFO:Message received on topic: type-2/5 with payload size: 91 at 2024-12-11 17:53:41.036593 sent 2024-12-11 17:53:40.957093
INFO:Message received on topic: type-2/5 with payload size: 91 at 2024-12-11 17:53:43.638552 sent 2024-12-11 17:53:43.567470
INFO:Message received on topic: type-2/5 with payload size: 91 at 2024-12-11 17:53:46.233567 sent 2024-12-11 17:53:46.176787
INFO:Message received on topic: type-2/5 with payload size: 91 at 2024-12-11 17:53:48.923791 sent 2024-12-11 17:53:48.789261
INFO:Message received on topic: type-2/5 with payload size: 91 at 2024-12-11 17:53:51.434914 sent 2024-12-11 17:53:51.405769
INFO:Message received on topic: type-2/5 with payload size: 91 at 2024-12-11 17:53:54.116259 sent 2024-12-11 17:53:54.017582
INFO:Message received on topic: type-2/5 with payload size: 91 at 2024-12-11 17:53:56.749901 sent 2024-12-11 17:53:56.633563
INFO:Message received on topic: type-2/5 with payload size: 91 at 2024-12-11 17:53:59.316578 sent 2024-12-11 17:53:59.251033
INFO:Message received on topic: type-2/5 with payload size: 91 at 2024-12-11 17:54:02.004259 sent 2024-12-11 17:54:01.861227
INFO:Message received on topic: type-2/5 with payload size: 91 at 2024-12-11 17:54:04.531750 sent 2024-12-11 17:54:04.479912
INFO:Message received on topic: type-2/5 with payload size: 91 at 2024-12-11 17:54:07.296579 sent 2024-12-11 17:54:07.090283
INFO:Message received on topic: type-2/5 with payload size: 91 at 2024-12-11 17:54:09.800207 sent 2024-12-11 17:54:09.701568
INFO:Message received on topic: type-2/5 with payload size: 91 at 2024-12-11 17:54:12.344804 sent 2024-12-11 17:54:12.310649
INFO:Message received on topic: type-2/5 with payload size: 91 at 2024-12-11 17:54:15.126415 sent 2024-12-11 17:54:14.926166
INFO:Message received on topic: type-2/5 with payload size: 91 at 2024-12-11 17:54:17.633053 sent 2024-12-11 17:54:17.540369
INFO:Message received on topic: type-2/5 with payload size: 91 at 2024-12-11 17:54:20.320072 sent 2024-12-11 17:54:20.158782
INFO:Message received on topic: type-2/5 with payload size: 91 at 2024-12-11 17:54:22.803753 sent 2024-12-11 17:54:22.777382
INFO:Message received on topic: type-2/5 with payload size: 91 at 2024-12-11 17:54:25.439633 sent 2024-12-11 17:54:25.384913
INFO:Message received on topic: type-2/5 with payload size: 91 at 2024-12-11 17:54:28.097156 sent 2024-12-11 17:54:27.998855
INFO:Message received on topic: type-2/5 with payload size: 91 at 2024-12-11 17:54:30.721268 sent 2024-12-11 17:54:30.597795
INFO:Message received on topic: type-2/5 with payload size: 91 at 2024-12-11 17:54:33.327584 sent 2024-12-11 17:54:33.210031
INFO:Message received on topic: type-2/5 with payload size: 91 at 2024-12-11 17:54:35.896190 sent 2024-12-11 17:54:35.828767
INFO:Message received on topic: type-2/5 with payload size: 91 at 2024-12-11 17:54:38.531108 sent 2024-12-11 17:54:38.447001
INFO:Message received on topic: type-2/5 with payload size: 91 at 2024-12-11 17:54:41.131107 sent 2024-12-11 17:54:41.058743
INFO:Message received on topic: type-2/5 with payload size: 91 at 2024-12-11 17:54:43.750614 sent 2024-12-11 17:54:43.664381
INFO:Message received on topic: type-2/5 with payload size: 91 at 2024-12-11 17:54:46.333477 sent 2024-12-11 17:54:46.255204
INFO:Message received on topic: type-2/5 with payload size: 91 at 2024-12-11 17:54:48.999787 sent 2024-12-11 17:54:48.841931
INFO:Message received on topic: type-2/5 with payload size: 91 at 2024-12-11 17:54:51.495488 sent 2024-12-11 17:54:51.432621
INFO:Message received on topic: type-2/5 with payload size: 91 at 2024-12-11 17:54:54.126467 sent 2024-12-11 17:54:54.027615
INFO:Message received on topic: type-2/5 with payload size: 91 at 2024-12-11 17:54:56.728116 sent 2024-12-11 17:54:56.647390
INFO:Message received on topic: type-2/5 with payload size: 91 at 2024-12-11 17:54:59.345015 sent 2024-12-11 17:54:59.256133
INFO:Message received on topic: type-2/5 with payload size: 91 at 2024-12-11 17:55:02.039965 sent 2024-12-11 17:55:01.865932
INFO:Message received on topic: type-2/5 with payload size: 91 at 2024-12-11 17:55:04.619692 sent 2024-12-11 17:55:04.478900
INFO:Message received on topic: type-2/5 with payload size: 91 at 2024-12-11 17:55:07.195211 sent 2024-12-11 17:55:07.088217
INFO:Message received on topic: type-2/5 with payload size: 91 at 2024-12-11 17:55:09.762025 sent 2024-12-11 17:55:09.706738
INFO:Message received on topic: type-2/5 with payload size: 91 at 2024-12-11 17:55:12.348193 sent 2024-12-11 17:55:12.324270
INFO:Message received on topic: type-2/5 with payload size: 91 at 2024-12-11 17:55:14.961298 sent 2024-12-11 17:55:14.933588
INFO:Message received on topic: type-2/5 with payload size: 91 at 2024-12-11 17:55:17.624320 sent 2024-12-11 17:55:17.543574
INFO:Message received on topic: type-2/5 with payload size: 91 at 2024-12-11 17:55:20.336856 sent 2024-12-11 17:55:20.162090
INFO:Message received on topic: type-2/5 with payload size: 91 at 2024-12-11 17:55:22.858129 sent 2024-12-11 17:55:22.771919
INFO:Message received on topic: type-2/5 with payload size: 91 at 2024-12-11 17:55:25.457209 sent 2024-12-11 17:55:25.390030
INFO:Message received on topic: type-2/5 with payload size: 91 at 2024-12-11 17:55:28.144430 sent 2024-12-11 17:55:28.018509
INFO:Message received on topic: type-2/5 with payload size: 91 at 2024-12-11 17:55:30.723544 sent 2024-12-11 17:55:30.631965
INFO:Message received on topic: type-2/5 with payload size: 91 at 2024-12-11 17:55:33.359136 sent 2024-12-11 17:55:33.253653
INFO:Message received on topic: type-2/5 with payload size: 91 at 2024-12-11 17:55:35.971033 sent 2024-12-11 17:55:35.870312
INFO:Message received on topic: type-2/5 with payload size: 91 at 2024-12-11 17:55:38.529468 sent 2024-12-11 17:55:38.483631
INFO:Message received on topic: type-2/5 with payload size: 91 at 2024-12-11 17:55:41.147437 sent 2024-12-11 17:55:41.099977
INFO:Message received on topic: type-2/5 with payload size: 91 at 2024-12-11 17:55:43.925869 sent 2024-12-11 17:55:43.708060
INFO:Message received on topic: type-2/5 with payload size: 91 at 2024-12-11 17:55:46.440642 sent 2024-12-11 17:55:46.314489
INFO:Message received on topic: type-2/5 with payload size: 91 at 2024-12-11 17:55:49.029743 sent 2024-12-11 17:55:48.932638
INFO:Message received on topic: type-2/5 with payload size: 91 at 2024-12-11 17:55:51.743654 sent 2024-12-11 17:55:51.554127
INFO:Message received on topic: type-2/5 with payload size: 91 at 2024-12-11 17:55:54.317760 sent 2024-12-11 17:55:54.172980
INFO:Message received on topic: type-2/5 with payload size: 91 at 2024-12-11 17:55:56.842543 sent 2024-12-11 17:55:56.784503
INFO:Message received on topic: type-2/5 with payload size: 91 at 2024-12-11 17:55:59.623744 sent 2024-12-11 17:55:59.400778
INFO:Message received on topic: type-2/5 with payload size: 91 at 2024-12-11 17:56:02.133582 sent 2024-12-11 17:56:02.020210
INFO:Message received on topic: type-2/5 with payload size: 91 at 2024-12-11 17:56:04.730093 sent 2024-12-11 17:56:04.629674
INFO:Message received on topic: type-2/5 with payload size: 91 at 2024-12-11 17:56:07.330682 sent 2024-12-11 17:56:07.240397
INFO:Message received on topic: type-2/5 with payload size: 91 at 2024-12-11 17:56:09.939867 sent 2024-12-11 17:56:09.856214
INFO:Message received on topic: type-2/5 with payload size: 91 at 2024-12-11 17:56:12.561140 sent 2024-12-11 17:56:12.471012
INFO:Message received on topic: type-2/5 with payload size: 91 at 2024-12-11 17:56:15.155804 sent 2024-12-11 17:56:15.083951
INFO:Message received on topic: type-2/5 with payload size: 91 at 2024-12-11 17:56:17.843404 sent 2024-12-11 17:56:17.705817
INFO:Message received on topic: type-2/5 with payload size: 91 at 2024-12-11 17:56:20.347660 sent 2024-12-11 17:56:20.323950
INFO:Message received on topic: type-2/5 with payload size: 91 at 2024-12-11 17:56:22.958483 sent 2024-12-11 17:56:22.927970
INFO:Message received on topic: type-2/5 with payload size: 91 at 2024-12-11 17:56:25.638048 sent 2024-12-11 17:56:25.533719
INFO:Message received on topic: type-2/5 with payload size: 91 at 2024-12-11 17:56:28.240285 sent 2024-12-11 17:56:28.151597
INFO:Message received on topic: type-2/5 with payload size: 91 at 2024-12-11 17:56:31.064844 sent 2024-12-11 17:56:30.762297
INFO:Message received on topic: type-2/5 with payload size: 91 at 2024-12-11 17:56:33.441242 sent 2024-12-11 17:56:33.368730
INFO:Message received on topic: type-2/5 with payload size: 91 at 2024-12-11 17:56:36.123268 sent 2024-12-11 17:56:35.986536
INFO:Message received on topic: type-2/5 with payload size: 91 at 2024-12-11 17:56:38.717288 sent 2024-12-11 17:56:38.591147
INFO:Message received on topic: type-2/5 with payload size: 91 at 2024-12-11 17:56:41.330837 sent 2024-12-11 17:56:41.205793
INFO:Message received on topic: type-2/5 with payload size: 91 at 2024-12-11 17:56:43.850489 sent 2024-12-11 17:56:43.823135
INFO:Message received on topic: type-2/5 with payload size: 91 at 2024-12-11 17:56:46.468441 sent 2024-12-11 17:56:46.433418
INFO:Message received on topic: type-2/5 with payload size: 91 at 2024-12-11 17:56:49.227759 sent 2024-12-11 17:56:49.043177
INFO:Message received on topic: type-2/5 with payload size: 91 at 2024-12-11 17:56:51.729879 sent 2024-12-11 17:56:51.659080
INFO:Message received on topic: type-2/5 with payload size: 91 at 2024-12-11 17:56:54.359496 sent 2024-12-11 17:56:54.268800
INFO:Message received on topic: type-2/5 with payload size: 91 at 2024-12-11 17:56:57.025056 sent 2024-12-11 17:56:56.876393
INFO:Message received on topic: type-2/5 with payload size: 91 at 2024-12-11 17:56:59.554007 sent 2024-12-11 17:56:59.485833
INFO:Message received on topic: type-2/5 with payload size: 91 at 2024-12-11 17:57:02.228599 sent 2024-12-11 17:57:02.110177
INFO:Message received on topic: type-2/5 with payload size: 91 at 2024-12-11 17:57:04.841909 sent 2024-12-11 17:57:04.721176
INFO:Message received on topic: type-2/5 with payload size: 91 at 2024-12-11 17:57:07.432768 sent 2024-12-11 17:57:07.334002
INFO:Message received on topic: type-2/5 with payload size: 91 at 2024-12-11 17:57:10.127381 sent 2024-12-11 17:57:09.945629
INFO:Message received on topic: type-2/5 with payload size: 91 at 2024-12-11 17:57:12.728764 sent 2024-12-11 17:57:12.560922
INFO:Message received on topic: type-2/5 with payload size: 91 at 2024-12-11 17:57:15.330170 sent 2024-12-11 17:57:15.171148
INFO:Message received on topic: type-2/5 with payload size: 91 at 2024-12-11 17:57:17.922244 sent 2024-12-11 17:57:17.782691
INFO:Message received on topic: type-2/5 with payload size: 91 at 2024-12-11 17:57:20.520487 sent 2024-12-11 17:57:20.393685
INFO:Message received on topic: type-2/5 with payload size: 91 at 2024-12-11 17:57:23.133818 sent 2024-12-11 17:57:23.008994
INFO:Message received on topic: type-2/5 with payload size: 91 at 2024-12-11 17:57:25.663882 sent 2024-12-11 17:57:25.611637
INFO:Message received on topic: type-2/5 with payload size: 91 at 2024-12-11 17:57:28.261844 sent 2024-12-11 17:57:28.222559
INFO:Message received on topic: type-2/5 with payload size: 91 at 2024-12-11 17:57:30.939523 sent 2024-12-11 17:57:30.841697
INFO:Message received on topic: type-2/5 with payload size: 91 at 2024-12-11 17:57:33.536981 sent 2024-12-11 17:57:33.455558
INFO:Message received on topic: type-2/5 with payload size: 91 at 2024-12-11 17:57:36.229574 sent 2024-12-11 17:57:36.068624
INFO:Message received on topic: type-2/5 with payload size: 91 at 2024-12-11 17:57:38.828084 sent 2024-12-11 17:57:38.680007
INFO:Message received on topic: type-2/5 with payload size: 91 at 2024-12-11 17:57:41.432825 sent 2024-12-11 17:57:41.286700
INFO:Message received on topic: type-2/5 with payload size: 91 at 2024-12-11 17:57:43.948991 sent 2024-12-11 17:57:43.900851
INFO:Message received on topic: type-2/5 with payload size: 91 at 2024-12-11 17:57:46.633067 sent 2024-12-11 17:57:46.515025
INFO:Message received on topic: type-2/5 with payload size: 91 at 2024-12-11 17:57:49.325001 sent 2024-12-11 17:57:49.130116
INFO:Message received on topic: type-2/5 with payload size: 91 at 2024-12-11 17:57:51.845648 sent 2024-12-11 17:57:51.748454
INFO:Message received on topic: type-2/5 with payload size: 91 at 2024-12-11 17:57:54.623466 sent 2024-12-11 17:57:54.364465
INFO:Message received on topic: type-2/5 with payload size: 91 at 2024-12-11 17:57:57.126905 sent 2024-12-11 17:57:56.973371
INFO:Message received on topic: type-2/5 with payload size: 91 at 2024-12-11 17:57:59.695812 sent 2024-12-11 17:57:59.589802
INFO:Message received on topic: type-2/5 with payload size: 91 at 2024-12-11 17:58:02.295656 sent 2024-12-11 17:58:02.198172
INFO:Message received on topic: type-2/5 with payload size: 91 at 2024-12-11 17:58:04.933786 sent 2024-12-11 17:58:04.810177
INFO:Message received on topic: type-2/5 with payload size: 91 at 2024-12-11 17:58:07.543308 sent 2024-12-11 17:58:07.428992
INFO:Message received on topic: type-2/5 with payload size: 91 at 2024-12-11 17:58:10.140127 sent 2024-12-11 17:58:10.043970
