INFO:Starting Version 1.0.5
DEBUG:Using selector: EpollSelector
INFO:Connecting to cluster at: mqtt-quic://emqx-headless.dtwins:14567 using QUIC
INFO:Subscribed to topic: type-2/25
INFO:Logging each: 50
INFO:Unhandled packet type received
INFO:Message received on topic: type-2/25 with payload size: 91 at 2024-12-11 11:13:32.825621 sent 2024-12-11 11:13:32.781681
INFO:Message received on topic: type-2/25 with payload size: 91 at 2024-12-11 11:13:35.437796 sent 2024-12-11 11:13:35.392477
INFO:Message received on topic: type-2/25 with payload size: 91 at 2024-12-11 11:13:38.042449 sent 2024-12-11 11:13:37.993937
INFO:Message received on topic: type-2/25 with payload size: 91 at 2024-12-11 11:13:40.635897 sent 2024-12-11 11:13:40.594685
INFO:Message received on topic: type-2/25 with payload size: 91 at 2024-12-11 11:13:43.234443 sent 2024-12-11 11:13:43.198014
INFO:Message received on topic: type-2/25 with payload size: 91 at 2024-12-11 11:13:45.837578 sent 2024-12-11 11:13:45.799099
INFO:Message received on topic: type-2/25 with payload size: 91 at 2024-12-11 11:13:48.438776 sent 2024-12-11 11:13:48.407314
INFO:Message received on topic: type-2/25 with payload size: 91 at 2024-12-11 11:13:51.040538 sent 2024-12-11 11:13:51.010022
INFO:Message received on topic: type-2/25 with payload size: 91 at 2024-12-11 11:13:53.647729 sent 2024-12-11 11:13:53.619663
INFO:Message received on topic: type-2/25 with payload size: 91 at 2024-12-11 11:13:56.269420 sent 2024-12-11 11:13:56.226629
INFO:Message received on topic: type-2/25 with payload size: 91 at 2024-12-11 11:13:58.845626 sent 2024-12-11 11:13:58.828502
INFO:Message received on topic: type-2/25 with payload size: 91 at 2024-12-11 11:14:01.475090 sent 2024-12-11 11:14:01.439098
INFO:Message received on topic: type-2/25 with payload size: 91 at 2024-12-11 11:14:04.082060 sent 2024-12-11 11:14:04.045036
INFO:Message received on topic: type-2/25 with payload size: 91 at 2024-12-11 11:14:06.688770 sent 2024-12-11 11:14:06.655988
INFO:Message received on topic: type-2/25 with payload size: 91 at 2024-12-11 11:14:09.283619 sent 2024-12-11 11:14:09.259594
INFO:Message received on topic: type-2/25 with payload size: 91 at 2024-12-11 11:14:11.893400 sent 2024-12-11 11:14:11.867398
INFO:Message received on topic: type-2/25 with payload size: 91 at 2024-12-11 11:14:14.496112 sent 2024-12-11 11:14:14.472454
INFO:Message received on topic: type-2/25 with payload size: 91 at 2024-12-11 11:14:17.089615 sent 2024-12-11 11:14:17.079941
INFO:Message received on topic: type-2/25 with payload size: 91 at 2024-12-11 11:14:19.698235 sent 2024-12-11 11:14:19.682850
INFO:Message received on topic: type-2/25 with payload size: 91 at 2024-12-11 11:14:22.332846 sent 2024-12-11 11:14:22.285139
INFO:Message received on topic: type-2/25 with payload size: 91 at 2024-12-11 11:14:24.907187 sent 2024-12-11 11:14:24.888579
INFO:Message received on topic: type-2/25 with payload size: 91 at 2024-12-11 11:14:27.542920 sent 2024-12-11 11:14:27.494167
INFO:Message received on topic: type-2/25 with payload size: 91 at 2024-12-11 11:14:30.177188 sent 2024-12-11 11:14:30.100136
INFO:Message received on topic: type-2/25 with payload size: 91 at 2024-12-11 11:14:32.772041 sent 2024-12-11 11:14:32.706267
INFO:Message received on topic: type-2/25 with payload size: 91 at 2024-12-11 11:14:35.387987 sent 2024-12-11 11:14:35.309759
INFO:Message received on topic: type-2/25 with payload size: 91 at 2024-12-11 11:14:37.981653 sent 2024-12-11 11:14:37.914173
INFO:Message received on topic: type-2/25 with payload size: 91 at 2024-12-11 11:14:40.533659 sent 2024-12-11 11:14:40.520667
INFO:Message received on topic: type-2/25 with payload size: 91 at 2024-12-11 11:14:43.185392 sent 2024-12-11 11:14:43.129829
INFO:Message received on topic: type-2/25 with payload size: 91 at 2024-12-11 11:14:45.772032 sent 2024-12-11 11:14:45.731588
INFO:Message received on topic: type-2/25 with payload size: 91 at 2024-12-11 11:14:48.398613 sent 2024-12-11 11:14:48.339182
INFO:Message received on topic: type-2/25 with payload size: 91 at 2024-12-11 11:14:50.979916 sent 2024-12-11 11:14:50.967932
INFO:Message received on topic: type-2/25 with payload size: 91 at 2024-12-11 11:14:53.632685 sent 2024-12-11 11:14:53.591292
INFO:Message received on topic: type-2/25 with payload size: 91 at 2024-12-11 11:14:56.238953 sent 2024-12-11 11:14:56.197907
INFO:Message received on topic: type-2/25 with payload size: 91 at 2024-12-11 11:14:58.882348 sent 2024-12-11 11:14:58.806850
INFO:Message received on topic: type-2/25 with payload size: 91 at 2024-12-11 11:15:01.478686 sent 2024-12-11 11:15:01.416234
INFO:Message received on topic: type-2/25 with payload size: 91 at 2024-12-11 11:15:04.097288 sent 2024-12-11 11:15:04.029225
INFO:Message received on topic: type-2/25 with payload size: 91 at 2024-12-11 11:15:06.690901 sent 2024-12-11 11:15:06.641166
INFO:Message received on topic: type-2/25 with payload size: 91 at 2024-12-11 11:15:09.295997 sent 2024-12-11 11:15:09.250646
INFO:Message received on topic: type-2/25 with payload size: 91 at 2024-12-11 11:15:11.876645 sent 2024-12-11 11:15:11.857269
INFO:Message received on topic: type-2/25 with payload size: 91 at 2024-12-11 11:15:14.536644 sent 2024-12-11 11:15:14.472984
INFO:Message received on topic: type-2/25 with payload size: 91 at 2024-12-11 11:15:17.184762 sent 2024-12-11 11:15:17.089151
INFO:Message received on topic: type-2/25 with payload size: 91 at 2024-12-11 11:15:19.773402 sent 2024-12-11 11:15:19.703622
INFO:Message received on topic: type-2/25 with payload size: 91 at 2024-12-11 11:15:22.381810 sent 2024-12-11 11:15:22.317851
INFO:Message received on topic: type-2/25 with payload size: 91 at 2024-12-11 11:15:24.984008 sent 2024-12-11 11:15:24.932902
INFO:Message received on topic: type-2/25 with payload size: 91 at 2024-12-11 11:15:27.632653 sent 2024-12-11 11:15:27.542993
INFO:Message received on topic: type-2/25 with payload size: 91 at 2024-12-11 11:15:30.199401 sent 2024-12-11 11:15:30.159198
INFO:Message received on topic: type-2/25 with payload size: 91 at 2024-12-11 11:15:32.832428 sent 2024-12-11 11:15:32.772189
INFO:Message received on topic: type-2/25 with payload size: 91 at 2024-12-11 11:15:35.428627 sent 2024-12-11 11:15:35.386578
INFO:Message received on topic: type-2/25 with payload size: 91 at 2024-12-11 11:15:38.034538 sent 2024-12-11 11:15:37.999751
INFO:Message received on topic: type-2/25 with payload size: 91 at 2024-12-11 11:15:40.681124 sent 2024-12-11 11:15:40.606208
INFO:Message received on topic: type-2/25 with payload size: 91 at 2024-12-11 11:15:43.296737 sent 2024-12-11 11:15:43.223316
INFO:Message received on topic: type-2/25 with payload size: 91 at 2024-12-11 11:15:45.885248 sent 2024-12-11 11:15:45.832196
INFO:Message received on topic: type-2/25 with payload size: 91 at 2024-12-11 11:15:48.532183 sent 2024-12-11 11:15:48.445705
INFO:Message received on topic: type-2/25 with payload size: 91 at 2024-12-11 11:15:51.083903 sent 2024-12-11 11:15:51.058071
INFO:Message received on topic: type-2/25 with payload size: 91 at 2024-12-11 11:15:53.692789 sent 2024-12-11 11:15:53.666022
INFO:Message received on topic: type-2/25 with payload size: 91 at 2024-12-11 11:15:56.296913 sent 2024-12-11 11:15:56.275683
INFO:Message received on topic: type-2/25 with payload size: 91 at 2024-12-11 11:15:58.932831 sent 2024-12-11 11:15:58.892516
INFO:Message received on topic: type-2/25 with payload size: 91 at 2024-12-11 11:16:01.581819 sent 2024-12-11 11:16:01.501962
INFO:Message received on topic: type-2/25 with payload size: 91 at 2024-12-11 11:16:04.235499 sent 2024-12-11 11:16:04.112433
INFO:Message received on topic: type-2/25 with payload size: 91 at 2024-12-11 11:16:06.800161 sent 2024-12-11 11:16:06.718922
INFO:Message received on topic: type-2/25 with payload size: 91 at 2024-12-11 11:16:09.484219 sent 2024-12-11 11:16:09.333890
INFO:Message received on topic: type-2/25 with payload size: 91 at 2024-12-11 11:16:11.994390 sent 2024-12-11 11:16:11.949538
INFO:Message received on topic: type-2/25 with payload size: 91 at 2024-12-11 11:16:14.628899 sent 2024-12-11 11:16:14.561817
INFO:Message received on topic: type-2/25 with payload size: 91 at 2024-12-11 11:16:17.227958 sent 2024-12-11 11:16:17.173032
INFO:Message received on topic: type-2/25 with payload size: 91 at 2024-12-11 11:16:19.874574 sent 2024-12-11 11:16:19.787095
INFO:Message received on topic: type-2/25 with payload size: 91 at 2024-12-11 11:16:22.677519 sent 2024-12-11 11:16:22.400513
INFO:Message received on topic: type-2/25 with payload size: 91 at 2024-12-11 11:16:25.137751 sent 2024-12-11 11:16:25.016589
INFO:Message received on topic: type-2/25 with payload size: 91 at 2024-12-11 11:16:27.732965 sent 2024-12-11 11:16:27.629603
INFO:Message received on topic: type-2/25 with payload size: 91 at 2024-12-11 11:16:30.303419 sent 2024-12-11 11:16:30.244488
INFO:Message received on topic: type-2/25 with payload size: 91 at 2024-12-11 11:16:32.936833 sent 2024-12-11 11:16:32.859128
INFO:Message received on topic: type-2/25 with payload size: 91 at 2024-12-11 11:16:35.580121 sent 2024-12-11 11:16:35.475137
INFO:Message received on topic: type-2/25 with payload size: 91 at 2024-12-11 11:16:38.176770 sent 2024-12-11 11:16:38.085628
INFO:Message received on topic: type-2/25 with payload size: 91 at 2024-12-11 11:16:40.833666 sent 2024-12-11 11:16:40.701367
INFO:Message received on topic: type-2/25 with payload size: 91 at 2024-12-11 11:16:43.387180 sent 2024-12-11 11:16:43.313033
INFO:Message received on topic: type-2/25 with payload size: 91 at 2024-12-11 11:16:45.975524 sent 2024-12-11 11:16:45.919625
INFO:Message received on topic: type-2/25 with payload size: 91 at 2024-12-11 11:16:48.582997 sent 2024-12-11 11:16:48.532869
INFO:Message received on topic: type-2/25 with payload size: 91 at 2024-12-11 11:16:51.181444 sent 2024-12-11 11:16:51.152032
INFO:Message received on topic: type-2/25 with payload size: 91 at 2024-12-11 11:16:53.882319 sent 2024-12-11 11:16:53.766488
INFO:Message received on topic: type-2/25 with payload size: 91 at 2024-12-11 11:16:56.436763 sent 2024-12-11 11:16:56.373530
INFO:Message received on topic: type-2/25 with payload size: 91 at 2024-12-11 11:16:59.076009 sent 2024-12-11 11:16:58.987655
INFO:Message received on topic: type-2/25 with payload size: 91 at 2024-12-11 11:17:01.726405 sent 2024-12-11 11:17:01.599364
INFO:Message received on topic: type-2/25 with payload size: 91 at 2024-12-11 11:17:04.372463 sent 2024-12-11 11:17:04.213241
INFO:Message received on topic: type-2/25 with payload size: 91 at 2024-12-11 11:17:06.888110 sent 2024-12-11 11:17:06.825867
INFO:Message received on topic: type-2/25 with payload size: 91 at 2024-12-11 11:17:09.585708 sent 2024-12-11 11:17:09.439041
INFO:Message received on topic: type-2/25 with payload size: 91 at 2024-12-11 11:17:12.131968 sent 2024-12-11 11:17:12.049268
INFO:Message received on topic: type-2/25 with payload size: 91 at 2024-12-11 11:17:14.726809 sent 2024-12-11 11:17:14.663640
INFO:Message received on topic: type-2/25 with payload size: 91 at 2024-12-11 11:17:17.377876 sent 2024-12-11 11:17:17.272758
INFO:Message received on topic: type-2/25 with payload size: 91 at 2024-12-11 11:17:19.932510 sent 2024-12-11 11:17:19.888216
INFO:Message received on topic: type-2/25 with payload size: 91 at 2024-12-11 11:17:22.533278 sent 2024-12-11 11:17:22.485002
INFO:Message received on topic: type-2/25 with payload size: 91 at 2024-12-11 11:17:25.136106 sent 2024-12-11 11:17:25.069074
INFO:Message received on topic: type-2/25 with payload size: 91 at 2024-12-11 11:17:27.777430 sent 2024-12-11 11:17:27.659954
INFO:Message received on topic: type-2/25 with payload size: 91 at 2024-12-11 11:17:30.299668 sent 2024-12-11 11:17:30.252481
INFO:Message received on topic: type-2/25 with payload size: 91 at 2024-12-11 11:17:32.932828 sent 2024-12-11 11:17:32.860127
INFO:Message received on topic: type-2/25 with payload size: 91 at 2024-12-11 11:17:35.535221 sent 2024-12-11 11:17:35.484516
INFO:Message received on topic: type-2/25 with payload size: 91 at 2024-12-11 11:17:38.179034 sent 2024-12-11 11:17:38.099671
INFO:Message received on topic: type-2/25 with payload size: 91 at 2024-12-11 11:17:40.791583 sent 2024-12-11 11:17:40.709923
INFO:Message received on topic: type-2/25 with payload size: 91 at 2024-12-11 11:17:43.374580 sent 2024-12-11 11:17:43.325968
INFO:Message received on topic: type-2/25 with payload size: 91 at 2024-12-11 11:17:46.025122 sent 2024-12-11 11:17:45.936474
INFO:Message received on topic: type-2/25 with payload size: 91 at 2024-12-11 11:17:48.688893 sent 2024-12-11 11:17:48.543772
INFO:Message received on topic: type-2/25 with payload size: 91 at 2024-12-11 11:17:51.243557 sent 2024-12-11 11:17:51.152608
INFO:Message received on topic: type-2/25 with payload size: 91 at 2024-12-11 11:17:53.793886 sent 2024-12-11 11:17:53.764061
INFO:Message received on topic: type-2/25 with payload size: 91 at 2024-12-11 11:17:56.472282 sent 2024-12-11 11:17:56.375580
INFO:Message received on topic: type-2/25 with payload size: 91 at 2024-12-11 11:17:59.073157 sent 2024-12-11 11:17:58.987960
INFO:Message received on topic: type-2/25 with payload size: 91 at 2024-12-11 11:18:01.691185 sent 2024-12-11 11:18:01.605831
INFO:Message received on topic: type-2/25 with payload size: 91 at 2024-12-11 11:18:04.301523 sent 2024-12-11 11:18:04.219117
INFO:Message received on topic: type-2/25 with payload size: 91 at 2024-12-11 11:18:06.902095 sent 2024-12-11 11:18:06.834079
INFO:Message received on topic: type-2/25 with payload size: 91 at 2024-12-11 11:18:09.591659 sent 2024-12-11 11:18:09.449862
INFO:Message received on topic: type-2/25 with payload size: 91 at 2024-12-11 11:18:12.179177 sent 2024-12-11 11:18:12.060737
INFO:Message received on topic: type-2/25 with payload size: 91 at 2024-12-11 11:18:14.785042 sent 2024-12-11 11:18:14.677020
INFO:Message received on topic: type-2/25 with payload size: 91 at 2024-12-11 11:18:17.395169 sent 2024-12-11 11:18:17.289853
INFO:Message received on topic: type-2/25 with payload size: 91 at 2024-12-11 11:18:19.995289 sent 2024-12-11 11:18:19.904996
INFO:Message received on topic: type-2/25 with payload size: 91 at 2024-12-11 11:18:22.991376 sent 2024-12-11 11:18:22.528528
INFO:Message received on topic: type-2/25 with payload size: 91 at 2024-12-11 11:18:25.271388 sent 2024-12-11 11:18:25.136106
INFO:Message received on topic: type-2/25 with payload size: 91 at 2024-12-11 11:18:27.778206 sent 2024-12-11 11:18:27.746357
INFO:Message received on topic: type-2/25 with payload size: 91 at 2024-12-11 11:18:30.470653 sent 2024-12-11 11:18:30.352206
INFO:Message received on topic: type-2/25 with payload size: 91 at 2024-12-11 11:18:33.094210 sent 2024-12-11 11:18:32.966822
INFO:Message received on topic: type-2/25 with payload size: 91 at 2024-12-11 11:18:35.635176 sent 2024-12-11 11:18:35.585991
INFO:Message received on topic: type-2/25 with payload size: 91 at 2024-12-11 11:18:38.371759 sent 2024-12-11 11:18:38.204841
INFO:Message received on topic: type-2/25 with payload size: 91 at 2024-12-11 11:18:40.937120 sent 2024-12-11 11:18:40.811646
INFO:Message received on topic: type-2/25 with payload size: 91 at 2024-12-11 11:18:43.486364 sent 2024-12-11 11:18:43.431641
INFO:Message received on topic: type-2/25 with payload size: 91 at 2024-12-11 11:18:46.144730 sent 2024-12-11 11:18:46.041713
INFO:Message received on topic: type-2/25 with payload size: 91 at 2024-12-11 11:18:48.779643 sent 2024-12-11 11:18:48.653107
INFO:Message received on topic: type-2/25 with payload size: 91 at 2024-12-11 11:18:51.374413 sent 2024-12-11 11:18:51.267032
INFO:Message received on topic: type-2/25 with payload size: 91 at 2024-12-11 11:18:54.079729 sent 2024-12-11 11:18:53.874651
INFO:Message received on topic: type-2/25 with payload size: 91 at 2024-12-11 11:18:56.573715 sent 2024-12-11 11:18:56.478030
INFO:Message received on topic: type-2/25 with payload size: 91 at 2024-12-11 11:18:59.188469 sent 2024-12-11 11:18:59.078275
INFO:Message received on topic: type-2/25 with payload size: 91 at 2024-12-11 11:19:01.788616 sent 2024-12-11 11:19:01.691004
INFO:Message received on topic: type-2/25 with payload size: 91 at 2024-12-11 11:19:04.398296 sent 2024-12-11 11:19:04.302417
INFO:Message received on topic: type-2/25 with payload size: 91 at 2024-12-11 11:19:07.028908 sent 2024-12-11 11:19:06.912866
INFO:Message received on topic: type-2/25 with payload size: 91 at 2024-12-11 11:19:09.882236 sent 2024-12-11 11:19:09.536872
INFO:Message received on topic: type-2/25 with payload size: 91 at 2024-12-11 11:19:12.239961 sent 2024-12-11 11:19:12.148194
INFO:Message received on topic: type-2/25 with payload size: 91 at 2024-12-11 11:19:14.970717 sent 2024-12-11 11:19:14.758114
INFO:Message received on topic: type-2/25 with payload size: 91 at 2024-12-11 11:19:17.434282 sent 2024-12-11 11:19:17.366977
INFO:Message received on topic: type-2/25 with payload size: 91 at 2024-12-11 11:19:20.096092 sent 2024-12-11 11:19:19.989505
INFO:Message received on topic: type-2/25 with payload size: 91 at 2024-12-11 11:19:22.674961 sent 2024-12-11 11:19:22.600818
INFO:Message received on topic: type-2/25 with payload size: 91 at 2024-12-11 11:19:25.300200 sent 2024-12-11 11:19:25.209091
INFO:Message received on topic: type-2/25 with payload size: 91 at 2024-12-11 11:19:27.899987 sent 2024-12-11 11:19:27.822225
INFO:Message received on topic: type-2/25 with payload size: 91 at 2024-12-11 11:19:30.586697 sent 2024-12-11 11:19:30.432185
INFO:Message received on topic: type-2/25 with payload size: 91 at 2024-12-11 11:19:33.131626 sent 2024-12-11 11:19:33.050877
INFO:Message received on topic: type-2/25 with payload size: 91 at 2024-12-11 11:19:35.775074 sent 2024-12-11 11:19:35.667542
INFO:Message received on topic: type-2/25 with payload size: 91 at 2024-12-11 11:19:38.383246 sent 2024-12-11 11:19:38.280639
INFO:Message received on topic: type-2/25 with payload size: 91 at 2024-12-11 11:19:41.189454 sent 2024-12-11 11:19:40.888788
INFO:Message received on topic: type-2/25 with payload size: 91 at 2024-12-11 11:19:43.576495 sent 2024-12-11 11:19:43.501776
INFO:Message received on topic: type-2/25 with payload size: 91 at 2024-12-11 11:19:46.187784 sent 2024-12-11 11:19:46.119481
INFO:Message received on topic: type-2/25 with payload size: 91 at 2024-12-11 11:19:48.884049 sent 2024-12-11 11:19:48.731120
INFO:Message received on topic: type-2/25 with payload size: 91 at 2024-12-11 11:19:51.391704 sent 2024-12-11 11:19:51.347660
INFO:Message received on topic: type-2/25 with payload size: 91 at 2024-12-11 11:19:54.099795 sent 2024-12-11 11:19:53.958984
INFO:Message received on topic: type-2/25 with payload size: 91 at 2024-12-11 11:19:56.591682 sent 2024-12-11 11:19:56.562698
INFO:Message received on topic: type-2/25 with payload size: 91 at 2024-12-11 11:19:59.291608 sent 2024-12-11 11:19:59.175027
INFO:Message received on topic: type-2/25 with payload size: 91 at 2024-12-11 11:20:01.833275 sent 2024-12-11 11:20:01.788921
INFO:Message received on topic: type-2/25 with payload size: 91 at 2024-12-11 11:20:04.988717 sent 2024-12-11 11:20:04.400785
INFO:Message received on topic: type-2/25 with payload size: 91 at 2024-12-11 11:20:07.183743 sent 2024-12-11 11:20:07.012027
INFO:Message received on topic: type-2/25 with payload size: 91 at 2024-12-11 11:20:09.726139 sent 2024-12-11 11:20:09.628464
INFO:Message received on topic: type-2/25 with payload size: 91 at 2024-12-11 11:20:12.474075 sent 2024-12-11 11:20:12.247143
INFO:Message received on topic: type-2/25 with payload size: 91 at 2024-12-11 11:20:14.988990 sent 2024-12-11 11:20:14.859620
INFO:Message received on topic: type-2/25 with payload size: 91 at 2024-12-11 11:20:17.585817 sent 2024-12-11 11:20:17.471469
INFO:Message received on topic: type-2/25 with payload size: 91 at 2024-12-11 11:20:20.189645 sent 2024-12-11 11:20:20.088267
INFO:Message received on topic: type-2/25 with payload size: 91 at 2024-12-11 11:20:22.781310 sent 2024-12-11 11:20:22.695975
INFO:Message received on topic: type-2/25 with payload size: 91 at 2024-12-11 11:20:25.471248 sent 2024-12-11 11:20:25.304040
INFO:Message received on topic: type-2/25 with payload size: 91 at 2024-12-11 11:20:27.984172 sent 2024-12-11 11:20:27.911589
INFO:Message received on topic: type-2/25 with payload size: 91 at 2024-12-11 11:20:30.793035 sent 2024-12-11 11:20:30.520165
INFO:Message received on topic: type-2/25 with payload size: 91 at 2024-12-11 11:20:33.277290 sent 2024-12-11 11:20:33.137191
INFO:Message received on topic: type-2/25 with payload size: 91 at 2024-12-11 11:20:35.876910 sent 2024-12-11 11:20:35.756344
INFO:Message received on topic: type-2/25 with payload size: 91 at 2024-12-11 11:20:38.431615 sent 2024-12-11 11:20:38.367122
INFO:Message received on topic: type-2/25 with payload size: 91 at 2024-12-11 11:20:41.029942 sent 2024-12-11 11:20:40.975574
INFO:Message received on topic: type-2/25 with payload size: 91 at 2024-12-11 11:20:43.712663 sent 2024-12-11 11:20:43.590078
INFO:Message received on topic: type-2/25 with payload size: 91 at 2024-12-11 11:20:46.304597 sent 2024-12-11 11:20:46.198441
INFO:Message received on topic: type-2/25 with payload size: 91 at 2024-12-11 11:20:48.889041 sent 2024-12-11 11:20:48.809649
INFO:Message received on topic: type-2/25 with payload size: 91 at 2024-12-11 11:20:51.486774 sent 2024-12-11 11:20:51.421304
INFO:Message received on topic: type-2/25 with payload size: 91 at 2024-12-11 11:20:54.108508 sent 2024-12-11 11:20:54.038249
INFO:Message received on topic: type-2/25 with payload size: 91 at 2024-12-11 11:20:56.777816 sent 2024-12-11 11:20:56.650199
INFO:Message received on topic: type-2/25 with payload size: 91 at 2024-12-11 11:20:59.374567 sent 2024-12-11 11:20:59.264730
INFO:Message received on topic: type-2/25 with payload size: 91 at 2024-12-11 11:21:01.927394 sent 2024-12-11 11:21:01.872856
INFO:Message received on topic: type-2/25 with payload size: 91 at 2024-12-11 11:21:04.581395 sent 2024-12-11 11:21:04.482205
INFO:Message received on topic: type-2/25 with payload size: 91 at 2024-12-11 11:21:07.175266 sent 2024-12-11 11:21:07.089516
INFO:Message received on topic: type-2/25 with payload size: 91 at 2024-12-11 11:21:09.826580 sent 2024-12-11 11:21:09.696993
INFO:Message received on topic: type-2/25 with payload size: 91 at 2024-12-11 11:21:12.374130 sent 2024-12-11 11:21:12.308155
INFO:Message received on topic: type-2/25 with payload size: 91 at 2024-12-11 11:21:14.988044 sent 2024-12-11 11:21:14.912791
INFO:Message received on topic: type-2/25 with payload size: 91 at 2024-12-11 11:21:17.590264 sent 2024-12-11 11:21:17.520205
INFO:Message received on topic: type-2/25 with payload size: 91 at 2024-12-11 11:21:20.229181 sent 2024-12-11 11:21:20.131211
INFO:Message received on topic: type-2/25 with payload size: 91 at 2024-12-11 11:21:22.970191 sent 2024-12-11 11:21:22.746709
INFO:Message received on topic: type-2/25 with payload size: 91 at 2024-12-11 11:21:25.674713 sent 2024-12-11 11:21:25.350021
INFO:Message received on topic: type-2/25 with payload size: 91 at 2024-12-11 11:21:28.032529 sent 2024-12-11 11:21:27.959589
INFO:Message received on topic: type-2/25 with payload size: 91 at 2024-12-11 11:21:30.594636 sent 2024-12-11 11:21:30.568293
INFO:Message received on topic: type-2/25 with payload size: 91 at 2024-12-11 11:21:33.274679 sent 2024-12-11 11:21:33.180034
INFO:Message received on topic: type-2/25 with payload size: 91 at 2024-12-11 11:21:35.869821 sent 2024-12-11 11:21:35.790108
INFO:Message received on topic: type-2/25 with payload size: 91 at 2024-12-11 11:21:38.472737 sent 2024-12-11 11:21:38.402480
INFO:Message received on topic: type-2/25 with payload size: 91 at 2024-12-11 11:21:41.085195 sent 2024-12-11 11:21:41.008815
INFO:Message received on topic: type-2/25 with payload size: 91 at 2024-12-11 11:21:43.684116 sent 2024-12-11 11:21:43.616711
INFO:Message received on topic: type-2/25 with payload size: 91 at 2024-12-11 11:21:46.291991 sent 2024-12-11 11:21:46.228025
INFO:Message received on topic: type-2/25 with payload size: 91 at 2024-12-11 11:21:48.893655 sent 2024-12-11 11:21:48.834947
INFO:Message received on topic: type-2/25 with payload size: 91 at 2024-12-11 11:21:51.502288 sent 2024-12-11 11:21:51.446361
INFO:Message received on topic: type-2/25 with payload size: 91 at 2024-12-11 11:21:54.108017 sent 2024-12-11 11:21:54.051617
INFO:Message received on topic: type-2/25 with payload size: 91 at 2024-12-11 11:21:56.771527 sent 2024-12-11 11:21:56.658741
INFO:Message received on topic: type-2/25 with payload size: 91 at 2024-12-11 11:21:59.280629 sent 2024-12-11 11:21:59.264991
INFO:Message received on topic: type-2/25 with payload size: 91 at 2024-12-11 11:22:01.889937 sent 2024-12-11 11:22:01.874151
