INFO:Starting Version 1.0.5
DEBUG:Using selector: EpollSelector
INFO:Connecting to cluster at: mqtt-quic://emqx-headless.dtwins:14567 using QUIC
INFO:Subscribed to topic: type-2/27
INFO:Logging each: 50
INFO:Unhandled packet type received
INFO:Message received on topic: type-2/27 with payload size: 91 at 2024-12-11 11:13:40.430237 sent 2024-12-11 11:13:40.391454
INFO:Message received on topic: type-2/27 with payload size: 91 at 2024-12-11 11:13:43.036050 sent 2024-12-11 11:13:42.991466
INFO:Message received on topic: type-2/27 with payload size: 91 at 2024-12-11 11:13:45.640138 sent 2024-12-11 11:13:45.593696
INFO:Message received on topic: type-2/27 with payload size: 91 at 2024-12-11 11:13:48.240007 sent 2024-12-11 11:13:48.201475
INFO:Message received on topic: type-2/27 with payload size: 91 at 2024-12-11 11:13:50.842743 sent 2024-12-11 11:13:50.806223
INFO:Message received on topic: type-2/27 with payload size: 91 at 2024-12-11 11:13:53.470703 sent 2024-12-11 11:13:53.415061
INFO:Message received on topic: type-2/27 with payload size: 91 at 2024-12-11 11:13:56.047984 sent 2024-12-11 11:13:56.023855
INFO:Message received on topic: type-2/27 with payload size: 91 at 2024-12-11 11:13:58.676245 sent 2024-12-11 11:13:58.642567
INFO:Message received on topic: type-2/27 with payload size: 91 at 2024-12-11 11:14:01.289268 sent 2024-12-11 11:14:01.248652
INFO:Message received on topic: type-2/27 with payload size: 91 at 2024-12-11 11:14:03.881923 sent 2024-12-11 11:14:03.859540
INFO:Message received on topic: type-2/27 with payload size: 91 at 2024-12-11 11:14:06.489785 sent 2024-12-11 11:14:06.466012
INFO:Message received on topic: type-2/27 with payload size: 91 at 2024-12-11 11:14:09.083468 sent 2024-12-11 11:14:09.071773
INFO:Message received on topic: type-2/27 with payload size: 91 at 2024-12-11 11:14:11.688716 sent 2024-12-11 11:14:11.676372
INFO:Message received on topic: type-2/27 with payload size: 91 at 2024-12-11 11:14:14.297774 sent 2024-12-11 11:14:14.289151
INFO:Message received on topic: type-2/27 with payload size: 91 at 2024-12-11 11:14:16.939606 sent 2024-12-11 11:14:16.895555
INFO:Message received on topic: type-2/27 with payload size: 91 at 2024-12-11 11:14:19.571158 sent 2024-12-11 11:14:19.500525
INFO:Message received on topic: type-2/27 with payload size: 91 at 2024-12-11 11:14:22.146223 sent 2024-12-11 11:14:22.106157
INFO:Message received on topic: type-2/27 with payload size: 91 at 2024-12-11 11:14:24.774092 sent 2024-12-11 11:14:24.706522
INFO:Message received on topic: type-2/27 with payload size: 91 at 2024-12-11 11:14:27.341747 sent 2024-12-11 11:14:27.306083
INFO:Message received on topic: type-2/27 with payload size: 91 at 2024-12-11 11:14:29.969385 sent 2024-12-11 11:14:29.912216
INFO:Message received on topic: type-2/27 with payload size: 91 at 2024-12-11 11:14:32.572647 sent 2024-12-11 11:14:32.515922
INFO:Message received on topic: type-2/27 with payload size: 91 at 2024-12-11 11:14:35.174815 sent 2024-12-11 11:14:35.118437
INFO:Message received on topic: type-2/27 with payload size: 91 at 2024-12-11 11:14:37.771091 sent 2024-12-11 11:14:37.731962
INFO:Message received on topic: type-2/27 with payload size: 91 at 2024-12-11 11:14:40.430072 sent 2024-12-11 11:14:40.335683
INFO:Message received on topic: type-2/27 with payload size: 91 at 2024-12-11 11:14:42.980768 sent 2024-12-11 11:14:42.939661
INFO:Message received on topic: type-2/27 with payload size: 91 at 2024-12-11 11:14:45.589722 sent 2024-12-11 11:14:45.546194
INFO:Message received on topic: type-2/27 with payload size: 91 at 2024-12-11 11:14:48.194513 sent 2024-12-11 11:14:48.147763
INFO:Message received on topic: type-2/27 with payload size: 91 at 2024-12-11 11:14:50.784284 sent 2024-12-11 11:14:50.759866
INFO:Message received on topic: type-2/27 with payload size: 91 at 2024-12-11 11:14:53.393422 sent 2024-12-11 11:14:53.372714
INFO:Message received on topic: type-2/27 with payload size: 91 at 2024-12-11 11:14:56.030284 sent 2024-12-11 11:14:55.981820
INFO:Message received on topic: type-2/27 with payload size: 91 at 2024-12-11 11:14:58.638819 sent 2024-12-11 11:14:58.596658
INFO:Message received on topic: type-2/27 with payload size: 91 at 2024-12-11 11:15:01.272911 sent 2024-12-11 11:15:01.207679
INFO:Message received on topic: type-2/27 with payload size: 91 at 2024-12-11 11:15:03.884674 sent 2024-12-11 11:15:03.815230
INFO:Message received on topic: type-2/27 with payload size: 91 at 2024-12-11 11:15:06.485595 sent 2024-12-11 11:15:06.435776
INFO:Message received on topic: type-2/27 with payload size: 91 at 2024-12-11 11:15:09.131227 sent 2024-12-11 11:15:09.052830
INFO:Message received on topic: type-2/27 with payload size: 91 at 2024-12-11 11:15:11.693979 sent 2024-12-11 11:15:11.664580
INFO:Message received on topic: type-2/27 with payload size: 91 at 2024-12-11 11:15:14.307884 sent 2024-12-11 11:15:14.271890
INFO:Message received on topic: type-2/27 with payload size: 91 at 2024-12-11 11:15:16.938669 sent 2024-12-11 11:15:16.879587
INFO:Message received on topic: type-2/27 with payload size: 91 at 2024-12-11 11:15:19.587511 sent 2024-12-11 11:15:19.494662
INFO:Message received on topic: type-2/27 with payload size: 91 at 2024-12-11 11:15:22.178804 sent 2024-12-11 11:15:22.119898
INFO:Message received on topic: type-2/27 with payload size: 91 at 2024-12-11 11:15:24.785578 sent 2024-12-11 11:15:24.739003
INFO:Message received on topic: type-2/27 with payload size: 91 at 2024-12-11 11:15:27.396320 sent 2024-12-11 11:15:27.347067
INFO:Message received on topic: type-2/27 with payload size: 91 at 2024-12-11 11:15:29.999860 sent 2024-12-11 11:15:29.963027
INFO:Message received on topic: type-2/27 with payload size: 91 at 2024-12-11 11:15:32.637292 sent 2024-12-11 11:15:32.580170
INFO:Message received on topic: type-2/27 with payload size: 91 at 2024-12-11 11:15:35.274080 sent 2024-12-11 11:15:35.193057
INFO:Message received on topic: type-2/27 with payload size: 91 at 2024-12-11 11:15:37.833387 sent 2024-12-11 11:15:37.804150
INFO:Message received on topic: type-2/27 with payload size: 91 at 2024-12-11 11:15:40.477820 sent 2024-12-11 11:15:40.424516
INFO:Message received on topic: type-2/27 with payload size: 91 at 2024-12-11 11:15:43.136150 sent 2024-12-11 11:15:43.043565
INFO:Message received on topic: type-2/27 with payload size: 91 at 2024-12-11 11:15:45.745513 sent 2024-12-11 11:15:45.662792
INFO:Message received on topic: type-2/27 with payload size: 91 at 2024-12-11 11:15:48.375056 sent 2024-12-11 11:15:48.265637
INFO:Message received on topic: type-2/27 with payload size: 91 at 2024-12-11 11:15:50.936187 sent 2024-12-11 11:15:50.885913
INFO:Message received on topic: type-2/27 with payload size: 91 at 2024-12-11 11:15:53.588887 sent 2024-12-11 11:15:53.498948
INFO:Message received on topic: type-2/27 with payload size: 91 at 2024-12-11 11:15:56.191294 sent 2024-12-11 11:15:56.108610
INFO:Message received on topic: type-2/27 with payload size: 91 at 2024-12-11 11:15:58.740175 sent 2024-12-11 11:15:58.725286
INFO:Message received on topic: type-2/27 with payload size: 91 at 2024-12-11 11:16:01.426146 sent 2024-12-11 11:16:01.341972
INFO:Message received on topic: type-2/27 with payload size: 91 at 2024-12-11 11:16:03.982311 sent 2024-12-11 11:16:03.950756
INFO:Message received on topic: type-2/27 with payload size: 91 at 2024-12-11 11:16:06.634098 sent 2024-12-11 11:16:06.561585
INFO:Message received on topic: type-2/27 with payload size: 91 at 2024-12-11 11:16:09.431922 sent 2024-12-11 11:16:09.171136
INFO:Message received on topic: type-2/27 with payload size: 91 at 2024-12-11 11:16:11.829431 sent 2024-12-11 11:16:11.786282
INFO:Message received on topic: type-2/27 with payload size: 91 at 2024-12-11 11:16:14.494065 sent 2024-12-11 11:16:14.402147
INFO:Message received on topic: type-2/27 with payload size: 91 at 2024-12-11 11:16:17.080776 sent 2024-12-11 11:16:17.009885
INFO:Message received on topic: type-2/27 with payload size: 91 at 2024-12-11 11:16:19.638193 sent 2024-12-11 11:16:19.626918
INFO:Message received on topic: type-2/27 with payload size: 91 at 2024-12-11 11:16:22.392859 sent 2024-12-11 11:16:22.239709
INFO:Message received on topic: type-2/27 with payload size: 91 at 2024-12-11 11:16:24.887390 sent 2024-12-11 11:16:24.847519
INFO:Message received on topic: type-2/27 with payload size: 91 at 2024-12-11 11:16:27.527888 sent 2024-12-11 11:16:27.456538
INFO:Message received on topic: type-2/27 with payload size: 91 at 2024-12-11 11:16:30.127906 sent 2024-12-11 11:16:30.070540
INFO:Message received on topic: type-2/27 with payload size: 91 at 2024-12-11 11:16:32.733828 sent 2024-12-11 11:16:32.690434
INFO:Message received on topic: type-2/27 with payload size: 91 at 2024-12-11 11:16:35.380701 sent 2024-12-11 11:16:35.303211
INFO:Message received on topic: type-2/27 with payload size: 91 at 2024-12-11 11:16:37.974174 sent 2024-12-11 11:16:37.915299
INFO:Message received on topic: type-2/27 with payload size: 91 at 2024-12-11 11:16:40.595853 sent 2024-12-11 11:16:40.523209
INFO:Message received on topic: type-2/27 with payload size: 91 at 2024-12-11 11:16:43.191495 sent 2024-12-11 11:16:43.133174
INFO:Message received on topic: type-2/27 with payload size: 91 at 2024-12-11 11:16:45.835296 sent 2024-12-11 11:16:45.754652
INFO:Message received on topic: type-2/27 with payload size: 91 at 2024-12-11 11:16:48.434897 sent 2024-12-11 11:16:48.363009
INFO:Message received on topic: type-2/27 with payload size: 91 at 2024-12-11 11:16:51.086721 sent 2024-12-11 11:16:50.979679
INFO:Message received on topic: type-2/27 with payload size: 91 at 2024-12-11 11:16:53.642058 sent 2024-12-11 11:16:53.591037
INFO:Message received on topic: type-2/27 with payload size: 91 at 2024-12-11 11:16:56.281762 sent 2024-12-11 11:16:56.197063
INFO:Message received on topic: type-2/27 with payload size: 91 at 2024-12-11 11:16:58.876789 sent 2024-12-11 11:16:58.808102
INFO:Message received on topic: type-2/27 with payload size: 91 at 2024-12-11 11:17:01.484710 sent 2024-12-11 11:17:01.422851
INFO:Message received on topic: type-2/27 with payload size: 91 at 2024-12-11 11:17:04.129971 sent 2024-12-11 11:17:04.031930
INFO:Message received on topic: type-2/27 with payload size: 91 at 2024-12-11 11:17:06.777627 sent 2024-12-11 11:17:06.642144
INFO:Message received on topic: type-2/27 with payload size: 91 at 2024-12-11 11:17:09.336740 sent 2024-12-11 11:17:09.262308
INFO:Message received on topic: type-2/27 with payload size: 91 at 2024-12-11 11:17:11.895806 sent 2024-12-11 11:17:11.878259
INFO:Message received on topic: type-2/27 with payload size: 91 at 2024-12-11 11:17:14.583097 sent 2024-12-11 11:17:14.487935
INFO:Message received on topic: type-2/27 with payload size: 91 at 2024-12-11 11:17:17.234762 sent 2024-12-11 11:17:17.095708
INFO:Message received on topic: type-2/27 with payload size: 91 at 2024-12-11 11:17:19.737736 sent 2024-12-11 11:17:19.710967
INFO:Message received on topic: type-2/27 with payload size: 91 at 2024-12-11 11:17:22.376438 sent 2024-12-11 11:17:22.312458
INFO:Message received on topic: type-2/27 with payload size: 91 at 2024-12-11 11:17:25.028921 sent 2024-12-11 11:17:24.902008
INFO:Message received on topic: type-2/27 with payload size: 91 at 2024-12-11 11:17:27.582999 sent 2024-12-11 11:17:27.488304
INFO:Message received on topic: type-2/27 with payload size: 91 at 2024-12-11 11:17:30.176237 sent 2024-12-11 11:17:30.079936
INFO:Message received on topic: type-2/27 with payload size: 91 at 2024-12-11 11:17:32.739879 sent 2024-12-11 11:17:32.679207
INFO:Message received on topic: type-2/27 with payload size: 91 at 2024-12-11 11:17:35.381947 sent 2024-12-11 11:17:35.288931
INFO:Message received on topic: type-2/27 with payload size: 91 at 2024-12-11 11:17:37.973679 sent 2024-12-11 11:17:37.899872
INFO:Message received on topic: type-2/27 with payload size: 91 at 2024-12-11 11:17:40.674995 sent 2024-12-11 11:17:40.514210
INFO:Message received on topic: type-2/27 with payload size: 91 at 2024-12-11 11:17:43.284240 sent 2024-12-11 11:17:43.130297
INFO:Message received on topic: type-2/27 with payload size: 91 at 2024-12-11 11:17:45.836295 sent 2024-12-11 11:17:45.740966
INFO:Message received on topic: type-2/27 with payload size: 91 at 2024-12-11 11:17:48.478211 sent 2024-12-11 11:17:48.358127
INFO:Message received on topic: type-2/27 with payload size: 91 at 2024-12-11 11:17:50.987914 sent 2024-12-11 11:17:50.970744
INFO:Message received on topic: type-2/27 with payload size: 91 at 2024-12-11 11:17:53.690103 sent 2024-12-11 11:17:53.587721
INFO:Message received on topic: type-2/27 with payload size: 91 at 2024-12-11 11:17:56.290570 sent 2024-12-11 11:17:56.196291
INFO:Message received on topic: type-2/27 with payload size: 91 at 2024-12-11 11:17:58.888617 sent 2024-12-11 11:17:58.806812
INFO:Message received on topic: type-2/27 with payload size: 91 at 2024-12-11 11:18:01.532701 sent 2024-12-11 11:18:01.425855
INFO:Message received on topic: type-2/27 with payload size: 91 at 2024-12-11 11:18:04.088056 sent 2024-12-11 11:18:04.044262
INFO:Message received on topic: type-2/27 with payload size: 91 at 2024-12-11 11:18:06.700677 sent 2024-12-11 11:18:06.650534
INFO:Message received on topic: type-2/27 with payload size: 91 at 2024-12-11 11:18:09.401073 sent 2024-12-11 11:18:09.265953
INFO:Message received on topic: type-2/27 with payload size: 91 at 2024-12-11 11:18:11.978855 sent 2024-12-11 11:18:11.889014
INFO:Message received on topic: type-2/27 with payload size: 91 at 2024-12-11 11:18:14.626649 sent 2024-12-11 11:18:14.505573
INFO:Message received on topic: type-2/27 with payload size: 91 at 2024-12-11 11:18:17.226817 sent 2024-12-11 11:18:17.115856
INFO:Message received on topic: type-2/27 with payload size: 91 at 2024-12-11 11:18:19.775188 sent 2024-12-11 11:18:19.728749
INFO:Message received on topic: type-2/27 with payload size: 91 at 2024-12-11 11:18:22.741315 sent 2024-12-11 11:18:22.343668
INFO:Message received on topic: type-2/27 with payload size: 91 at 2024-12-11 11:18:25.074755 sent 2024-12-11 11:18:24.951483
INFO:Message received on topic: type-2/27 with payload size: 91 at 2024-12-11 11:18:27.640293 sent 2024-12-11 11:18:27.557225
INFO:Message received on topic: type-2/27 with payload size: 91 at 2024-12-11 11:18:30.189664 sent 2024-12-11 11:18:30.167857
INFO:Message received on topic: type-2/27 with payload size: 91 at 2024-12-11 11:18:32.874503 sent 2024-12-11 11:18:32.782038
INFO:Message received on topic: type-2/27 with payload size: 91 at 2024-12-11 11:18:35.482137 sent 2024-12-11 11:18:35.392246
INFO:Message received on topic: type-2/27 with payload size: 91 at 2024-12-11 11:18:38.085624 sent 2024-12-11 11:18:38.003739
INFO:Message received on topic: type-2/27 with payload size: 91 at 2024-12-11 11:18:40.731124 sent 2024-12-11 11:18:40.614139
INFO:Message received on topic: type-2/27 with payload size: 91 at 2024-12-11 11:18:43.283617 sent 2024-12-11 11:18:43.226953
INFO:Message received on topic: type-2/27 with payload size: 91 at 2024-12-11 11:18:45.897204 sent 2024-12-11 11:18:45.847969
INFO:Message received on topic: type-2/27 with payload size: 91 at 2024-12-11 11:18:48.538364 sent 2024-12-11 11:18:48.456570
INFO:Message received on topic: type-2/27 with payload size: 91 at 2024-12-11 11:18:51.144419 sent 2024-12-11 11:18:51.067179
INFO:Message received on topic: type-2/27 with payload size: 91 at 2024-12-11 11:18:53.734177 sent 2024-12-11 11:18:53.681277
INFO:Message received on topic: type-2/27 with payload size: 91 at 2024-12-11 11:18:56.524872 sent 2024-12-11 11:18:56.288565
INFO:Message received on topic: type-2/27 with payload size: 91 at 2024-12-11 11:18:59.027283 sent 2024-12-11 11:18:58.886588
INFO:Message received on topic: type-2/27 with payload size: 91 at 2024-12-11 11:19:01.637214 sent 2024-12-11 11:19:01.496113
INFO:Message received on topic: type-2/27 with payload size: 91 at 2024-12-11 11:19:04.276123 sent 2024-12-11 11:19:04.109713
INFO:Message received on topic: type-2/27 with payload size: 91 at 2024-12-11 11:19:06.829510 sent 2024-12-11 11:19:06.721269
INFO:Message received on topic: type-2/27 with payload size: 91 at 2024-12-11 11:19:09.671208 sent 2024-12-11 11:19:09.343637
INFO:Message received on topic: type-2/27 with payload size: 91 at 2024-12-11 11:19:12.082009 sent 2024-12-11 11:19:11.959244
INFO:Message received on topic: type-2/27 with payload size: 91 at 2024-12-11 11:19:14.686910 sent 2024-12-11 11:19:14.578637
INFO:Message received on topic: type-2/27 with payload size: 91 at 2024-12-11 11:19:17.371910 sent 2024-12-11 11:19:17.200269
INFO:Message received on topic: type-2/27 with payload size: 91 at 2024-12-11 11:19:19.978270 sent 2024-12-11 11:19:19.817296
INFO:Message received on topic: type-2/27 with payload size: 91 at 2024-12-11 11:19:22.501859 sent 2024-12-11 11:19:22.433755
INFO:Message received on topic: type-2/27 with payload size: 91 at 2024-12-11 11:19:25.178029 sent 2024-12-11 11:19:25.047188
INFO:Message received on topic: type-2/27 with payload size: 91 at 2024-12-11 11:19:27.782477 sent 2024-12-11 11:19:27.658144
INFO:Message received on topic: type-2/27 with payload size: 91 at 2024-12-11 11:19:30.289832 sent 2024-12-11 11:19:30.269595
INFO:Message received on topic: type-2/27 with payload size: 91 at 2024-12-11 11:19:33.075453 sent 2024-12-11 11:19:32.892050
INFO:Message received on topic: type-2/27 with payload size: 91 at 2024-12-11 11:19:35.596675 sent 2024-12-11 11:19:35.506077
INFO:Message received on topic: type-2/27 with payload size: 91 at 2024-12-11 11:19:38.187819 sent 2024-12-11 11:19:38.117961
INFO:Message received on topic: type-2/27 with payload size: 91 at 2024-12-11 11:19:40.978699 sent 2024-12-11 11:19:40.726082
INFO:Message received on topic: type-2/27 with payload size: 91 at 2024-12-11 11:19:43.428812 sent 2024-12-11 11:19:43.341221
INFO:Message received on topic: type-2/27 with payload size: 91 at 2024-12-11 11:19:45.999794 sent 2024-12-11 11:19:45.947373
INFO:Message received on topic: type-2/27 with payload size: 91 at 2024-12-11 11:19:48.731088 sent 2024-12-11 11:19:48.555540
INFO:Message received on topic: type-2/27 with payload size: 91 at 2024-12-11 11:19:51.228487 sent 2024-12-11 11:19:51.163265
INFO:Message received on topic: type-2/27 with payload size: 91 at 2024-12-11 11:19:53.983471 sent 2024-12-11 11:19:53.777034
INFO:Message received on topic: type-2/27 with payload size: 91 at 2024-12-11 11:19:56.485286 sent 2024-12-11 11:19:56.397207
INFO:Message received on topic: type-2/27 with payload size: 91 at 2024-12-11 11:19:59.130316 sent 2024-12-11 11:19:59.012592
INFO:Message received on topic: type-2/27 with payload size: 91 at 2024-12-11 11:20:01.729677 sent 2024-12-11 11:20:01.629215
INFO:Message received on topic: type-2/27 with payload size: 91 at 2024-12-11 11:20:04.885841 sent 2024-12-11 11:20:04.240276
INFO:Message received on topic: type-2/27 with payload size: 91 at 2024-12-11 11:20:07.095639 sent 2024-12-11 11:20:06.852229
INFO:Message received on topic: type-2/27 with payload size: 91 at 2024-12-11 11:20:09.577594 sent 2024-12-11 11:20:09.466002
INFO:Message received on topic: type-2/27 with payload size: 91 at 2024-12-11 11:20:12.275404 sent 2024-12-11 11:20:12.091086
INFO:Message received on topic: type-2/27 with payload size: 91 at 2024-12-11 11:20:14.789532 sent 2024-12-11 11:20:14.704089
INFO:Message received on topic: type-2/27 with payload size: 91 at 2024-12-11 11:20:17.484173 sent 2024-12-11 11:20:17.308983
INFO:Message received on topic: type-2/27 with payload size: 91 at 2024-12-11 11:20:19.989907 sent 2024-12-11 11:20:19.918613
INFO:Message received on topic: type-2/27 with payload size: 91 at 2024-12-11 11:20:22.681044 sent 2024-12-11 11:20:22.528090
INFO:Message received on topic: type-2/27 with payload size: 91 at 2024-12-11 11:20:25.400225 sent 2024-12-11 11:20:25.133469
INFO:Message received on topic: type-2/27 with payload size: 91 at 2024-12-11 11:20:27.896110 sent 2024-12-11 11:20:27.749010
INFO:Message received on topic: type-2/27 with payload size: 91 at 2024-12-11 11:20:30.604425 sent 2024-12-11 11:20:30.361520
INFO:Message received on topic: type-2/27 with payload size: 91 at 2024-12-11 11:20:33.003850 sent 2024-12-11 11:20:32.980190
INFO:Message received on topic: type-2/27 with payload size: 91 at 2024-12-11 11:20:35.679482 sent 2024-12-11 11:20:35.590840
INFO:Message received on topic: type-2/27 with payload size: 91 at 2024-12-11 11:20:38.297994 sent 2024-12-11 11:20:38.204310
INFO:Message received on topic: type-2/27 with payload size: 91 at 2024-12-11 11:20:40.891041 sent 2024-12-11 11:20:40.814625
INFO:Message received on topic: type-2/27 with payload size: 91 at 2024-12-11 11:20:43.587041 sent 2024-12-11 11:20:43.434479
INFO:Message received on topic: type-2/27 with payload size: 91 at 2024-12-11 11:20:46.278446 sent 2024-12-11 11:20:46.047440
INFO:Message received on topic: type-2/27 with payload size: 91 at 2024-12-11 11:20:48.777095 sent 2024-12-11 11:20:48.655469
INFO:Message received on topic: type-2/27 with payload size: 91 at 2024-12-11 11:20:51.375098 sent 2024-12-11 11:20:51.268906
INFO:Message received on topic: type-2/27 with payload size: 91 at 2024-12-11 11:20:53.903765 sent 2024-12-11 11:20:53.886708
INFO:Message received on topic: type-2/27 with payload size: 91 at 2024-12-11 11:20:56.529744 sent 2024-12-11 11:20:56.496030
INFO:Message received on topic: type-2/27 with payload size: 91 at 2024-12-11 11:20:59.182444 sent 2024-12-11 11:20:59.113616
INFO:Message received on topic: type-2/27 with payload size: 91 at 2024-12-11 11:21:01.795565 sent 2024-12-11 11:21:01.728559
INFO:Message received on topic: type-2/27 with payload size: 91 at 2024-12-11 11:21:04.399482 sent 2024-12-11 11:21:04.346629
INFO:Message received on topic: type-2/27 with payload size: 91 at 2024-12-11 11:21:06.987187 sent 2024-12-11 11:21:06.958857
INFO:Message received on topic: type-2/27 with payload size: 91 at 2024-12-11 11:21:09.688688 sent 2024-12-11 11:21:09.567240
INFO:Message received on topic: type-2/27 with payload size: 91 at 2024-12-11 11:21:12.279205 sent 2024-12-11 11:21:12.180821
INFO:Message received on topic: type-2/27 with payload size: 91 at 2024-12-11 11:21:14.877902 sent 2024-12-11 11:21:14.788560
INFO:Message received on topic: type-2/27 with payload size: 91 at 2024-12-11 11:21:17.474479 sent 2024-12-11 11:21:17.398874
INFO:Message received on topic: type-2/27 with payload size: 91 at 2024-12-11 11:21:20.091654 sent 2024-12-11 11:21:20.009019
INFO:Message received on topic: type-2/27 with payload size: 91 at 2024-12-11 11:21:22.687105 sent 2024-12-11 11:21:22.615840
INFO:Message received on topic: type-2/27 with payload size: 91 at 2024-12-11 11:21:25.580814 sent 2024-12-11 11:21:25.218303
INFO:Message received on topic: type-2/27 with payload size: 91 at 2024-12-11 11:21:27.887942 sent 2024-12-11 11:21:27.821672
INFO:Message received on topic: type-2/27 with payload size: 91 at 2024-12-11 11:21:30.486097 sent 2024-12-11 11:21:30.430447
INFO:Message received on topic: type-2/27 with payload size: 91 at 2024-12-11 11:21:33.173107 sent 2024-12-11 11:21:33.042503
INFO:Message received on topic: type-2/27 with payload size: 91 at 2024-12-11 11:21:35.688948 sent 2024-12-11 11:21:35.650794
INFO:Message received on topic: type-2/27 with payload size: 91 at 2024-12-11 11:21:38.290620 sent 2024-12-11 11:21:38.255714
INFO:Message received on topic: type-2/27 with payload size: 91 at 2024-12-11 11:21:40.926129 sent 2024-12-11 11:21:40.860648
INFO:Message received on topic: type-2/27 with payload size: 91 at 2024-12-11 11:21:43.516816 sent 2024-12-11 11:21:43.467810
INFO:Message received on topic: type-2/27 with payload size: 91 at 2024-12-11 11:21:46.171201 sent 2024-12-11 11:21:46.076136
INFO:Message received on topic: type-2/27 with payload size: 91 at 2024-12-11 11:21:48.795072 sent 2024-12-11 11:21:48.682583
INFO:Message received on topic: type-2/27 with payload size: 91 at 2024-12-11 11:21:51.375538 sent 2024-12-11 11:21:51.289463
INFO:Message received on topic: type-2/27 with payload size: 91 at 2024-12-11 11:21:53.979052 sent 2024-12-11 11:21:53.894519
INFO:Message received on topic: type-2/27 with payload size: 91 at 2024-12-11 11:21:56.575088 sent 2024-12-11 11:21:56.498429
INFO:Message received on topic: type-2/27 with payload size: 91 at 2024-12-11 11:21:59.185549 sent 2024-12-11 11:21:59.105623
INFO:Message received on topic: type-2/27 with payload size: 91 at 2024-12-11 11:22:01.778651 sent 2024-12-11 11:22:01.719095
INFO:Message received on topic: type-2/27 with payload size: 91 at 2024-12-11 11:22:04.376482 sent 2024-12-11 11:22:04.328814
INFO:Message received on topic: type-2/27 with payload size: 91 at 2024-12-11 11:22:07.094622 sent 2024-12-11 11:22:06.930997
INFO:Message received on topic: type-2/27 with payload size: 91 at 2024-12-11 11:22:09.583427 sent 2024-12-11 11:22:09.540448
