INFO:Starting Version 1.0.5
DEBUG:Using selector: EpollSelector
INFO:Connecting to cluster at: mqtt-quic://emqx-headless.dtwins:14567 using QUIC
INFO:Subscribed to topic: type-2/1
INFO:Logging each: 50
INFO:Unhandled packet type received
INFO:Message received on topic: type-2/1 with payload size: 91 at 2024-12-11 17:49:25.890312 sent 2024-12-11 17:49:25.888650
INFO:Message received on topic: type-2/1 with payload size: 91 at 2024-12-11 17:49:28.487509 sent 2024-12-11 17:49:28.485981
INFO:Message received on topic: type-2/1 with payload size: 91 at 2024-12-11 17:49:31.083347 sent 2024-12-11 17:49:31.082223
INFO:Message received on topic: type-2/1 with payload size: 91 at 2024-12-11 17:49:33.691676 sent 2024-12-11 17:49:33.690222
INFO:Message received on topic: type-2/1 with payload size: 91 at 2024-12-11 17:49:36.291487 sent 2024-12-11 17:49:36.290359
INFO:Message received on topic: type-2/1 with payload size: 91 at 2024-12-11 17:49:38.892437 sent 2024-12-11 17:49:38.890999
INFO:Message received on topic: type-2/1 with payload size: 91 at 2024-12-11 17:49:41.493421 sent 2024-12-11 17:49:41.491909
INFO:Message received on topic: type-2/1 with payload size: 91 at 2024-12-11 17:49:44.090868 sent 2024-12-11 17:49:44.089773
INFO:Message received on topic: type-2/1 with payload size: 91 at 2024-12-11 17:49:46.685957 sent 2024-12-11 17:49:46.684847
INFO:Message received on topic: type-2/1 with payload size: 91 at 2024-12-11 17:49:49.283947 sent 2024-12-11 17:49:49.282579
INFO:Message received on topic: type-2/1 with payload size: 91 at 2024-12-11 17:49:51.881925 sent 2024-12-11 17:49:51.880441
INFO:Message received on topic: type-2/1 with payload size: 91 at 2024-12-11 17:49:54.478350 sent 2024-12-11 17:49:54.477159
INFO:Message received on topic: type-2/1 with payload size: 91 at 2024-12-11 17:49:57.073652 sent 2024-12-11 17:49:57.072663
INFO:Message received on topic: type-2/1 with payload size: 91 at 2024-12-11 17:49:59.669105 sent 2024-12-11 17:49:59.666838
INFO:Message received on topic: type-2/1 with payload size: 91 at 2024-12-11 17:50:02.265082 sent 2024-12-11 17:50:02.264074
INFO:Message received on topic: type-2/1 with payload size: 91 at 2024-12-11 17:50:04.861919 sent 2024-12-11 17:50:04.860700
INFO:Message received on topic: type-2/1 with payload size: 91 at 2024-12-11 17:50:07.458541 sent 2024-12-11 17:50:07.457064
INFO:Message received on topic: type-2/1 with payload size: 91 at 2024-12-11 17:50:10.056033 sent 2024-12-11 17:50:10.054660
INFO:Message received on topic: type-2/1 with payload size: 91 at 2024-12-11 17:50:12.656645 sent 2024-12-11 17:50:12.654159
INFO:Message received on topic: type-2/1 with payload size: 91 at 2024-12-11 17:50:15.257067 sent 2024-12-11 17:50:15.255852
INFO:Message received on topic: type-2/1 with payload size: 91 at 2024-12-11 17:50:17.853877 sent 2024-12-11 17:50:17.852648
INFO:Message received on topic: type-2/1 with payload size: 91 at 2024-12-11 17:50:20.457829 sent 2024-12-11 17:50:20.456462
INFO:Message received on topic: type-2/1 with payload size: 91 at 2024-12-11 17:50:23.059258 sent 2024-12-11 17:50:23.057912
INFO:Message received on topic: type-2/1 with payload size: 91 at 2024-12-11 17:50:25.696541 sent 2024-12-11 17:50:25.656687
INFO:Message received on topic: type-2/1 with payload size: 91 at 2024-12-11 17:50:28.295001 sent 2024-12-11 17:50:28.261727
INFO:Message received on topic: type-2/1 with payload size: 91 at 2024-12-11 17:50:30.902443 sent 2024-12-11 17:50:30.865007
INFO:Message received on topic: type-2/1 with payload size: 91 at 2024-12-11 17:50:33.500470 sent 2024-12-11 17:50:33.466222
INFO:Message received on topic: type-2/1 with payload size: 91 at 2024-12-11 17:50:36.115156 sent 2024-12-11 17:50:36.064916
INFO:Message received on topic: type-2/1 with payload size: 91 at 2024-12-11 17:50:38.722024 sent 2024-12-11 17:50:38.661281
INFO:Message received on topic: type-2/1 with payload size: 91 at 2024-12-11 17:50:41.300177 sent 2024-12-11 17:50:41.260002
INFO:Message received on topic: type-2/1 with payload size: 91 at 2024-12-11 17:50:43.899916 sent 2024-12-11 17:50:43.862722
INFO:Message received on topic: type-2/1 with payload size: 91 at 2024-12-11 17:50:46.518888 sent 2024-12-11 17:50:46.461209
INFO:Message received on topic: type-2/1 with payload size: 91 at 2024-12-11 17:50:49.126158 sent 2024-12-11 17:50:49.064207
INFO:Message received on topic: type-2/1 with payload size: 91 at 2024-12-11 17:50:51.699097 sent 2024-12-11 17:50:51.665520
INFO:Message received on topic: type-2/1 with payload size: 91 at 2024-12-11 17:50:54.325649 sent 2024-12-11 17:50:54.263814
INFO:Message received on topic: type-2/1 with payload size: 91 at 2024-12-11 17:50:56.921232 sent 2024-12-11 17:50:56.861500
INFO:Message received on topic: type-2/1 with payload size: 91 at 2024-12-11 17:50:59.501442 sent 2024-12-11 17:50:59.466446
INFO:Message received on topic: type-2/1 with payload size: 91 at 2024-12-11 17:51:02.121852 sent 2024-12-11 17:51:02.066664
INFO:Message received on topic: type-2/1 with payload size: 91 at 2024-12-11 17:51:04.698396 sent 2024-12-11 17:51:04.671470
INFO:Message received on topic: type-2/1 with payload size: 91 at 2024-12-11 17:51:07.321614 sent 2024-12-11 17:51:07.269944
INFO:Message received on topic: type-2/1 with payload size: 91 at 2024-12-11 17:51:09.921208 sent 2024-12-11 17:51:09.871085
INFO:Message received on topic: type-2/1 with payload size: 91 at 2024-12-11 17:51:12.527069 sent 2024-12-11 17:51:12.472412
INFO:Message received on topic: type-2/1 with payload size: 91 at 2024-12-11 17:51:15.129615 sent 2024-12-11 17:51:15.076501
INFO:Message received on topic: type-2/1 with payload size: 91 at 2024-12-11 17:51:17.723022 sent 2024-12-11 17:51:17.679648
INFO:Message received on topic: type-2/1 with payload size: 91 at 2024-12-11 17:51:20.316001 sent 2024-12-11 17:51:20.282718
INFO:Message received on topic: type-2/1 with payload size: 91 at 2024-12-11 17:51:22.952439 sent 2024-12-11 17:51:22.889312
INFO:Message received on topic: type-2/1 with payload size: 91 at 2024-12-11 17:51:25.618710 sent 2024-12-11 17:51:25.488626
INFO:Message received on topic: type-2/1 with payload size: 91 at 2024-12-11 17:51:28.131125 sent 2024-12-11 17:51:28.090991
INFO:Message received on topic: type-2/1 with payload size: 91 at 2024-12-11 17:51:30.735386 sent 2024-12-11 17:51:30.693663
INFO:Message received on topic: type-2/1 with payload size: 91 at 2024-12-11 17:51:33.320955 sent 2024-12-11 17:51:33.292584
INFO:Message received on topic: type-2/1 with payload size: 91 at 2024-12-11 17:51:35.932882 sent 2024-12-11 17:51:35.892174
INFO:Message received on topic: type-2/1 with payload size: 91 at 2024-12-11 17:51:38.531244 sent 2024-12-11 17:51:38.497049
INFO:Message received on topic: type-2/1 with payload size: 91 at 2024-12-11 17:51:41.199270 sent 2024-12-11 17:51:41.103022
INFO:Message received on topic: type-2/1 with payload size: 91 at 2024-12-11 17:51:43.740667 sent 2024-12-11 17:51:43.708504
INFO:Message received on topic: type-2/1 with payload size: 91 at 2024-12-11 17:51:46.339187 sent 2024-12-11 17:51:46.324901
INFO:Message received on topic: type-2/1 with payload size: 91 at 2024-12-11 17:51:48.952875 sent 2024-12-11 17:51:48.935171
INFO:Message received on topic: type-2/1 with payload size: 91 at 2024-12-11 17:51:51.618968 sent 2024-12-11 17:51:51.544250
INFO:Message received on topic: type-2/1 with payload size: 91 at 2024-12-11 17:51:54.219459 sent 2024-12-11 17:51:54.152054
INFO:Message received on topic: type-2/1 with payload size: 91 at 2024-12-11 17:51:56.822163 sent 2024-12-11 17:51:56.751938
INFO:Message received on topic: type-2/1 with payload size: 91 at 2024-12-11 17:51:59.422721 sent 2024-12-11 17:51:59.360902
INFO:Message received on topic: type-2/1 with payload size: 91 at 2024-12-11 17:52:02.033320 sent 2024-12-11 17:52:01.975033
INFO:Message received on topic: type-2/1 with payload size: 91 at 2024-12-11 17:52:04.640368 sent 2024-12-11 17:52:04.580056
INFO:Message received on topic: type-2/1 with payload size: 91 at 2024-12-11 17:52:07.237733 sent 2024-12-11 17:52:07.182683
INFO:Message received on topic: type-2/1 with payload size: 91 at 2024-12-11 17:52:09.826845 sent 2024-12-11 17:52:09.787987
INFO:Message received on topic: type-2/1 with payload size: 91 at 2024-12-11 17:52:12.426839 sent 2024-12-11 17:52:12.393008
INFO:Message received on topic: type-2/1 with payload size: 91 at 2024-12-11 17:52:15.029806 sent 2024-12-11 17:52:15.000567
INFO:Message received on topic: type-2/1 with payload size: 91 at 2024-12-11 17:52:17.630693 sent 2024-12-11 17:52:17.603417
INFO:Message received on topic: type-2/1 with payload size: 91 at 2024-12-11 17:52:20.299905 sent 2024-12-11 17:52:20.209760
INFO:Message received on topic: type-2/1 with payload size: 91 at 2024-12-11 17:52:22.925259 sent 2024-12-11 17:52:22.821017
INFO:Message received on topic: type-2/1 with payload size: 91 at 2024-12-11 17:52:25.522571 sent 2024-12-11 17:52:25.432812
INFO:Message received on topic: type-2/1 with payload size: 91 at 2024-12-11 17:52:28.121410 sent 2024-12-11 17:52:28.045672
INFO:Message received on topic: type-2/1 with payload size: 91 at 2024-12-11 17:52:30.728503 sent 2024-12-11 17:52:30.656753
INFO:Message received on topic: type-2/1 with payload size: 91 at 2024-12-11 17:52:33.345732 sent 2024-12-11 17:52:33.274021
INFO:Message received on topic: type-2/1 with payload size: 91 at 2024-12-11 17:52:35.931686 sent 2024-12-11 17:52:35.887897
INFO:Message received on topic: type-2/1 with payload size: 91 at 2024-12-11 17:52:38.537054 sent 2024-12-11 17:52:38.504781
INFO:Message received on topic: type-2/1 with payload size: 91 at 2024-12-11 17:52:41.126801 sent 2024-12-11 17:52:41.113192
INFO:Message received on topic: type-2/1 with payload size: 91 at 2024-12-11 17:52:43.843056 sent 2024-12-11 17:52:43.724868
INFO:Message received on topic: type-2/1 with payload size: 91 at 2024-12-11 17:52:46.449835 sent 2024-12-11 17:52:46.340167
INFO:Message received on topic: type-2/1 with payload size: 91 at 2024-12-11 17:52:49.026544 sent 2024-12-11 17:52:48.952590
INFO:Message received on topic: type-2/1 with payload size: 91 at 2024-12-11 17:52:51.624177 sent 2024-12-11 17:52:51.566857
INFO:Message received on topic: type-2/1 with payload size: 91 at 2024-12-11 17:52:54.242671 sent 2024-12-11 17:52:54.178568
INFO:Message received on topic: type-2/1 with payload size: 91 at 2024-12-11 17:52:56.838030 sent 2024-12-11 17:52:56.787771
INFO:Message received on topic: type-2/1 with payload size: 91 at 2024-12-11 17:52:59.432859 sent 2024-12-11 17:52:59.401085
INFO:Message received on topic: type-2/1 with payload size: 91 at 2024-12-11 17:53:02.130198 sent 2024-12-11 17:53:02.011272
INFO:Message received on topic: type-2/1 with payload size: 91 at 2024-12-11 17:53:04.640515 sent 2024-12-11 17:53:04.622039
INFO:Message received on topic: type-2/1 with payload size: 91 at 2024-12-11 17:53:07.246947 sent 2024-12-11 17:53:07.235937
INFO:Message received on topic: type-2/1 with payload size: 91 at 2024-12-11 17:53:09.900977 sent 2024-12-11 17:53:09.844074
INFO:Message received on topic: type-2/1 with payload size: 91 at 2024-12-11 17:53:12.534652 sent 2024-12-11 17:53:12.459925
INFO:Message received on topic: type-2/1 with payload size: 91 at 2024-12-11 17:53:15.135079 sent 2024-12-11 17:53:15.070074
INFO:Message received on topic: type-2/1 with payload size: 91 at 2024-12-11 17:53:17.719084 sent 2024-12-11 17:53:17.683401
INFO:Message received on topic: type-2/1 with payload size: 91 at 2024-12-11 17:53:20.345103 sent 2024-12-11 17:53:20.291112
INFO:Message received on topic: type-2/1 with payload size: 91 at 2024-12-11 17:53:22.926777 sent 2024-12-11 17:53:22.901773
INFO:Message received on topic: type-2/1 with payload size: 91 at 2024-12-11 17:53:25.534468 sent 2024-12-11 17:53:25.513679
INFO:Message received on topic: type-2/1 with payload size: 91 at 2024-12-11 17:53:28.203826 sent 2024-12-11 17:53:28.132516
INFO:Message received on topic: type-2/1 with payload size: 91 at 2024-12-11 17:53:30.815869 sent 2024-12-11 17:53:30.746191
INFO:Message received on topic: type-2/1 with payload size: 91 at 2024-12-11 17:53:33.433998 sent 2024-12-11 17:53:33.364158
INFO:Message received on topic: type-2/1 with payload size: 91 at 2024-12-11 17:53:36.052920 sent 2024-12-11 17:53:35.971929
INFO:Message received on topic: type-2/1 with payload size: 91 at 2024-12-11 17:53:38.645184 sent 2024-12-11 17:53:38.580882
INFO:Message received on topic: type-2/1 with payload size: 91 at 2024-12-11 17:53:41.248883 sent 2024-12-11 17:53:41.200868
INFO:Message received on topic: type-2/1 with payload size: 91 at 2024-12-11 17:53:43.933525 sent 2024-12-11 17:53:43.819156
INFO:Message received on topic: type-2/1 with payload size: 91 at 2024-12-11 17:53:46.498297 sent 2024-12-11 17:53:46.421924
INFO:Message received on topic: type-2/1 with payload size: 91 at 2024-12-11 17:53:49.202076 sent 2024-12-11 17:53:49.029868
INFO:Message received on topic: type-2/1 with payload size: 91 at 2024-12-11 17:53:51.723499 sent 2024-12-11 17:53:51.644604
INFO:Message received on topic: type-2/1 with payload size: 91 at 2024-12-11 17:53:54.328508 sent 2024-12-11 17:53:54.267456
INFO:Message received on topic: type-2/1 with payload size: 91 at 2024-12-11 17:53:56.949024 sent 2024-12-11 17:53:56.878449
INFO:Message received on topic: type-2/1 with payload size: 91 at 2024-12-11 17:53:59.546406 sent 2024-12-11 17:53:59.490038
INFO:Message received on topic: type-2/1 with payload size: 91 at 2024-12-11 17:54:02.223460 sent 2024-12-11 17:54:02.100529
INFO:Message received on topic: type-2/1 with payload size: 91 at 2024-12-11 17:54:04.827373 sent 2024-12-11 17:54:04.710552
INFO:Message received on topic: type-2/1 with payload size: 91 at 2024-12-11 17:54:07.427060 sent 2024-12-11 17:54:07.328515
INFO:Message received on topic: type-2/1 with payload size: 91 at 2024-12-11 17:54:10.046302 sent 2024-12-11 17:54:09.953602
INFO:Message received on topic: type-2/1 with payload size: 91 at 2024-12-11 17:54:12.617227 sent 2024-12-11 17:54:12.562062
INFO:Message received on topic: type-2/1 with payload size: 91 at 2024-12-11 17:54:15.258345 sent 2024-12-11 17:54:15.176498
INFO:Message received on topic: type-2/1 with payload size: 91 at 2024-12-11 17:54:17.832508 sent 2024-12-11 17:54:17.787208
INFO:Message received on topic: type-2/1 with payload size: 91 at 2024-12-11 17:54:20.527792 sent 2024-12-11 17:54:20.405524
INFO:Message received on topic: type-2/1 with payload size: 91 at 2024-12-11 17:54:23.096779 sent 2024-12-11 17:54:23.013653
INFO:Message received on topic: type-2/1 with payload size: 91 at 2024-12-11 17:54:25.726616 sent 2024-12-11 17:54:25.625638
INFO:Message received on topic: type-2/1 with payload size: 91 at 2024-12-11 17:54:28.297114 sent 2024-12-11 17:54:28.246135
INFO:Message received on topic: type-2/1 with payload size: 91 at 2024-12-11 17:54:30.931956 sent 2024-12-11 17:54:30.841226
INFO:Message received on topic: type-2/1 with payload size: 91 at 2024-12-11 17:54:33.624067 sent 2024-12-11 17:54:33.453203
INFO:Message received on topic: type-2/1 with payload size: 91 at 2024-12-11 17:54:36.149755 sent 2024-12-11 17:54:36.059119
INFO:Message received on topic: type-2/1 with payload size: 91 at 2024-12-11 17:54:38.727947 sent 2024-12-11 17:54:38.673679
INFO:Message received on topic: type-2/1 with payload size: 91 at 2024-12-11 17:54:41.341079 sent 2024-12-11 17:54:41.284168
INFO:Message received on topic: type-2/1 with payload size: 91 at 2024-12-11 17:54:43.931117 sent 2024-12-11 17:54:43.883740
INFO:Message received on topic: type-2/1 with payload size: 91 at 2024-12-11 17:54:46.544816 sent 2024-12-11 17:54:46.475651
INFO:Message received on topic: type-2/1 with payload size: 91 at 2024-12-11 17:54:49.219249 sent 2024-12-11 17:54:49.065870
INFO:Message received on topic: type-2/1 with payload size: 91 at 2024-12-11 17:54:51.753130 sent 2024-12-11 17:54:51.661020
INFO:Message received on topic: type-2/1 with payload size: 91 at 2024-12-11 17:54:54.327271 sent 2024-12-11 17:54:54.255834
INFO:Message received on topic: type-2/1 with payload size: 91 at 2024-12-11 17:54:56.995224 sent 2024-12-11 17:54:56.871961
INFO:Message received on topic: type-2/1 with payload size: 91 at 2024-12-11 17:54:59.532623 sent 2024-12-11 17:54:59.479047
INFO:Message received on topic: type-2/1 with payload size: 91 at 2024-12-11 17:55:02.143557 sent 2024-12-11 17:55:02.096871
INFO:Message received on topic: type-2/1 with payload size: 91 at 2024-12-11 17:55:04.824144 sent 2024-12-11 17:55:04.712722
INFO:Message received on topic: type-2/1 with payload size: 91 at 2024-12-11 17:55:07.396834 sent 2024-12-11 17:55:07.328854
INFO:Message received on topic: type-2/1 with payload size: 91 at 2024-12-11 17:55:10.033392 sent 2024-12-11 17:55:09.940658
INFO:Message received on topic: type-2/1 with payload size: 91 at 2024-12-11 17:55:12.625417 sent 2024-12-11 17:55:12.558963
INFO:Message received on topic: type-2/1 with payload size: 91 at 2024-12-11 17:55:15.239143 sent 2024-12-11 17:55:15.178150
INFO:Message received on topic: type-2/1 with payload size: 91 at 2024-12-11 17:55:17.922413 sent 2024-12-11 17:55:17.796316
INFO:Message received on topic: type-2/1 with payload size: 91 at 2024-12-11 17:55:20.436567 sent 2024-12-11 17:55:20.404701
INFO:Message received on topic: type-2/1 with payload size: 91 at 2024-12-11 17:55:23.139442 sent 2024-12-11 17:55:23.021455
INFO:Message received on topic: type-2/1 with payload size: 91 at 2024-12-11 17:55:25.651192 sent 2024-12-11 17:55:25.632781
INFO:Message received on topic: type-2/1 with payload size: 91 at 2024-12-11 17:55:28.321833 sent 2024-12-11 17:55:28.247656
INFO:Message received on topic: type-2/1 with payload size: 91 at 2024-12-11 17:55:30.946239 sent 2024-12-11 17:55:30.865940
INFO:Message received on topic: type-2/1 with payload size: 91 at 2024-12-11 17:55:33.543871 sent 2024-12-11 17:55:33.480164
INFO:Message received on topic: type-2/1 with payload size: 91 at 2024-12-11 17:55:36.145103 sent 2024-12-11 17:55:36.087849
INFO:Message received on topic: type-2/1 with payload size: 91 at 2024-12-11 17:55:38.820975 sent 2024-12-11 17:55:38.708446
INFO:Message received on topic: type-2/1 with payload size: 91 at 2024-12-11 17:55:41.526502 sent 2024-12-11 17:55:41.321211
INFO:Message received on topic: type-2/1 with payload size: 91 at 2024-12-11 17:55:44.032366 sent 2024-12-11 17:55:43.945603
INFO:Message received on topic: type-2/1 with payload size: 91 at 2024-12-11 17:55:46.660907 sent 2024-12-11 17:55:46.552113
INFO:Message received on topic: type-2/1 with payload size: 91 at 2024-12-11 17:55:49.320676 sent 2024-12-11 17:55:49.160554
INFO:Message received on topic: type-2/1 with payload size: 91 at 2024-12-11 17:55:52.057871 sent 2024-12-11 17:55:51.786251
INFO:Message received on topic: type-2/1 with payload size: 91 at 2024-12-11 17:55:54.520427 sent 2024-12-11 17:55:54.397112
INFO:Message received on topic: type-2/1 with payload size: 91 at 2024-12-11 17:55:57.136498 sent 2024-12-11 17:55:57.011915
INFO:Message received on topic: type-2/1 with payload size: 91 at 2024-12-11 17:55:59.645964 sent 2024-12-11 17:55:59.620256
INFO:Message received on topic: type-2/1 with payload size: 91 at 2024-12-11 17:56:02.331593 sent 2024-12-11 17:56:02.233497
INFO:Message received on topic: type-2/1 with payload size: 91 at 2024-12-11 17:56:04.921211 sent 2024-12-11 17:56:04.841995
INFO:Message received on topic: type-2/1 with payload size: 91 at 2024-12-11 17:56:07.547293 sent 2024-12-11 17:56:07.454856
INFO:Message received on topic: type-2/1 with payload size: 91 at 2024-12-11 17:56:10.152223 sent 2024-12-11 17:56:10.064232
INFO:Message received on topic: type-2/1 with payload size: 91 at 2024-12-11 17:56:12.735160 sent 2024-12-11 17:56:12.684110
INFO:Message received on topic: type-2/1 with payload size: 91 at 2024-12-11 17:56:15.426031 sent 2024-12-11 17:56:15.294042
INFO:Message received on topic: type-2/1 with payload size: 91 at 2024-12-11 17:56:18.041483 sent 2024-12-11 17:56:17.911756
INFO:Message received on topic: type-2/1 with payload size: 91 at 2024-12-11 17:56:20.632661 sent 2024-12-11 17:56:20.516901
INFO:Message received on topic: type-2/1 with payload size: 91 at 2024-12-11 17:56:23.217779 sent 2024-12-11 17:56:23.125094
INFO:Message received on topic: type-2/1 with payload size: 91 at 2024-12-11 17:56:25.818722 sent 2024-12-11 17:56:25.736493
INFO:Message received on topic: type-2/1 with payload size: 91 at 2024-12-11 17:56:28.538874 sent 2024-12-11 17:56:28.355612
INFO:Message received on topic: type-2/1 with payload size: 91 at 2024-12-11 17:56:31.222138 sent 2024-12-11 17:56:30.969984
INFO:Message received on topic: type-2/1 with payload size: 91 at 2024-12-11 17:56:33.653712 sent 2024-12-11 17:56:33.580073
INFO:Message received on topic: type-2/1 with payload size: 91 at 2024-12-11 17:56:36.251673 sent 2024-12-11 17:56:36.195772
INFO:Message received on topic: type-2/1 with payload size: 91 at 2024-12-11 17:56:38.937950 sent 2024-12-11 17:56:38.812101
INFO:Message received on topic: type-2/1 with payload size: 91 at 2024-12-11 17:56:41.547255 sent 2024-12-11 17:56:41.424968
INFO:Message received on topic: type-2/1 with payload size: 91 at 2024-12-11 17:56:44.119708 sent 2024-12-11 17:56:44.041594
INFO:Message received on topic: type-2/1 with payload size: 91 at 2024-12-11 17:56:46.736449 sent 2024-12-11 17:56:46.655703
INFO:Message received on topic: type-2/1 with payload size: 91 at 2024-12-11 17:56:49.472125 sent 2024-12-11 17:56:49.273168
INFO:Message received on topic: type-2/1 with payload size: 91 at 2024-12-11 17:56:51.942178 sent 2024-12-11 17:56:51.887816
INFO:Message received on topic: type-2/1 with payload size: 91 at 2024-12-11 17:56:54.620974 sent 2024-12-11 17:56:54.501962
INFO:Message received on topic: type-2/1 with payload size: 91 at 2024-12-11 17:56:57.235232 sent 2024-12-11 17:56:57.116535
INFO:Message received on topic: type-2/1 with payload size: 91 at 2024-12-11 17:56:59.830452 sent 2024-12-11 17:56:59.729563
INFO:Message received on topic: type-2/1 with payload size: 91 at 2024-12-11 17:57:02.451641 sent 2024-12-11 17:57:02.349570
INFO:Message received on topic: type-2/1 with payload size: 91 at 2024-12-11 17:57:05.129995 sent 2024-12-11 17:57:04.963292
INFO:Message received on topic: type-2/1 with payload size: 91 at 2024-12-11 17:57:07.721779 sent 2024-12-11 17:57:07.577258
INFO:Message received on topic: type-2/1 with payload size: 91 at 2024-12-11 17:57:10.323837 sent 2024-12-11 17:57:10.189068
INFO:Message received on topic: type-2/1 with payload size: 91 at 2024-12-11 17:57:12.917681 sent 2024-12-11 17:57:12.805940
INFO:Message received on topic: type-2/1 with payload size: 91 at 2024-12-11 17:57:15.547664 sent 2024-12-11 17:57:15.413439
INFO:Message received on topic: type-2/1 with payload size: 91 at 2024-12-11 17:57:18.048905 sent 2024-12-11 17:57:18.021515
INFO:Message received on topic: type-2/1 with payload size: 91 at 2024-12-11 17:57:20.732530 sent 2024-12-11 17:57:20.638491
INFO:Message received on topic: type-2/1 with payload size: 91 at 2024-12-11 17:57:23.330779 sent 2024-12-11 17:57:23.248574
INFO:Message received on topic: type-2/1 with payload size: 91 at 2024-12-11 17:57:25.969770 sent 2024-12-11 17:57:25.857294
INFO:Message received on topic: type-2/1 with payload size: 91 at 2024-12-11 17:57:28.619098 sent 2024-12-11 17:57:28.475179
INFO:Message received on topic: type-2/1 with payload size: 91 at 2024-12-11 17:57:31.220972 sent 2024-12-11 17:57:31.085733
INFO:Message received on topic: type-2/1 with payload size: 91 at 2024-12-11 17:57:33.820516 sent 2024-12-11 17:57:33.710238
INFO:Message received on topic: type-2/1 with payload size: 91 at 2024-12-11 17:57:36.451867 sent 2024-12-11 17:57:36.328151
INFO:Message received on topic: type-2/1 with payload size: 91 at 2024-12-11 17:57:39.253095 sent 2024-12-11 17:57:38.936645
INFO:Message received on topic: type-2/1 with payload size: 91 at 2024-12-11 17:57:41.631539 sent 2024-12-11 17:57:41.544212
INFO:Message received on topic: type-2/1 with payload size: 91 at 2024-12-11 17:57:44.244137 sent 2024-12-11 17:57:44.156733
INFO:Message received on topic: type-2/1 with payload size: 91 at 2024-12-11 17:57:46.847713 sent 2024-12-11 17:57:46.769875
INFO:Message received on topic: type-2/1 with payload size: 91 at 2024-12-11 17:57:49.530596 sent 2024-12-11 17:57:49.386970
INFO:Message received on topic: type-2/1 with payload size: 91 at 2024-12-11 17:57:52.043917 sent 2024-12-11 17:57:52.004523
INFO:Message received on topic: type-2/1 with payload size: 91 at 2024-12-11 17:57:54.927736 sent 2024-12-11 17:57:54.618742
