INFO:Starting Version 1.0.5
DEBUG:Using selector: EpollSelector
INFO:Connecting to cluster at: mqtt-quic://emqx-headless.dtwins:14567 using QUIC
INFO:Subscribed to topic: type-2/31
INFO:Logging each: 50
INFO:Unhandled packet type received
INFO:Message received on topic: type-2/31 with payload size: 91 at 2024-12-11 17:51:22.828745 sent 2024-12-11 17:51:22.798797
INFO:Message received on topic: type-2/31 with payload size: 91 at 2024-12-11 17:51:25.427730 sent 2024-12-11 17:51:25.405681
INFO:Message received on topic: type-2/31 with payload size: 91 at 2024-12-11 17:51:28.032429 sent 2024-12-11 17:51:28.010859
INFO:Message received on topic: type-2/31 with payload size: 91 at 2024-12-11 17:51:30.633916 sent 2024-12-11 17:51:30.616864
INFO:Message received on topic: type-2/31 with payload size: 91 at 2024-12-11 17:51:33.234165 sent 2024-12-11 17:51:33.220111
INFO:Message received on topic: type-2/31 with payload size: 91 at 2024-12-11 17:51:35.845530 sent 2024-12-11 17:51:35.819199
INFO:Message received on topic: type-2/31 with payload size: 91 at 2024-12-11 17:51:38.441779 sent 2024-12-11 17:51:38.423509
INFO:Message received on topic: type-2/31 with payload size: 91 at 2024-12-11 17:51:41.144191 sent 2024-12-11 17:51:41.028455
INFO:Message received on topic: type-2/31 with payload size: 91 at 2024-12-11 17:51:43.648108 sent 2024-12-11 17:51:43.632068
INFO:Message received on topic: type-2/31 with payload size: 91 at 2024-12-11 17:51:46.321817 sent 2024-12-11 17:51:46.240502
INFO:Message received on topic: type-2/31 with payload size: 91 at 2024-12-11 17:51:48.899401 sent 2024-12-11 17:51:48.847314
INFO:Message received on topic: type-2/31 with payload size: 91 at 2024-12-11 17:51:51.520751 sent 2024-12-11 17:51:51.455999
INFO:Message received on topic: type-2/31 with payload size: 91 at 2024-12-11 17:51:54.135645 sent 2024-12-11 17:51:54.063606
INFO:Message received on topic: type-2/31 with payload size: 91 at 2024-12-11 17:51:56.708925 sent 2024-12-11 17:51:56.663211
INFO:Message received on topic: type-2/31 with payload size: 91 at 2024-12-11 17:51:59.328231 sent 2024-12-11 17:51:59.274142
INFO:Message received on topic: type-2/31 with payload size: 91 at 2024-12-11 17:52:01.925243 sent 2024-12-11 17:52:01.883529
INFO:Message received on topic: type-2/31 with payload size: 91 at 2024-12-11 17:52:04.531960 sent 2024-12-11 17:52:04.491465
INFO:Message received on topic: type-2/31 with payload size: 91 at 2024-12-11 17:52:07.129084 sent 2024-12-11 17:52:07.095204
INFO:Message received on topic: type-2/31 with payload size: 91 at 2024-12-11 17:52:09.819262 sent 2024-12-11 17:52:09.701834
INFO:Message received on topic: type-2/31 with payload size: 91 at 2024-12-11 17:52:12.354171 sent 2024-12-11 17:52:12.310748
INFO:Message received on topic: type-2/31 with payload size: 91 at 2024-12-11 17:52:14.937210 sent 2024-12-11 17:52:14.919433
INFO:Message received on topic: type-2/31 with payload size: 91 at 2024-12-11 17:52:17.536881 sent 2024-12-11 17:52:17.522142
INFO:Message received on topic: type-2/31 with payload size: 91 at 2024-12-11 17:52:20.203066 sent 2024-12-11 17:52:20.131233
INFO:Message received on topic: type-2/31 with payload size: 91 at 2024-12-11 17:52:22.839282 sent 2024-12-11 17:52:22.740231
INFO:Message received on topic: type-2/31 with payload size: 91 at 2024-12-11 17:52:25.435874 sent 2024-12-11 17:52:25.362931
INFO:Message received on topic: type-2/31 with payload size: 91 at 2024-12-11 17:52:28.034519 sent 2024-12-11 17:52:27.975530
INFO:Message received on topic: type-2/31 with payload size: 91 at 2024-12-11 17:52:30.726108 sent 2024-12-11 17:52:30.592913
INFO:Message received on topic: type-2/31 with payload size: 91 at 2024-12-11 17:52:33.244963 sent 2024-12-11 17:52:33.213866
INFO:Message received on topic: type-2/31 with payload size: 91 at 2024-12-11 17:52:35.903781 sent 2024-12-11 17:52:35.831474
INFO:Message received on topic: type-2/31 with payload size: 91 at 2024-12-11 17:52:38.549584 sent 2024-12-11 17:52:38.450271
INFO:Message received on topic: type-2/31 with payload size: 91 at 2024-12-11 17:52:41.120203 sent 2024-12-11 17:52:41.061180
INFO:Message received on topic: type-2/31 with payload size: 91 at 2024-12-11 17:52:43.800803 sent 2024-12-11 17:52:43.675516
INFO:Message received on topic: type-2/31 with payload size: 91 at 2024-12-11 17:52:46.334140 sent 2024-12-11 17:52:46.289275
INFO:Message received on topic: type-2/31 with payload size: 91 at 2024-12-11 17:52:48.932738 sent 2024-12-11 17:52:48.899292
INFO:Message received on topic: type-2/31 with payload size: 91 at 2024-12-11 17:52:51.539044 sent 2024-12-11 17:52:51.514052
INFO:Message received on topic: type-2/31 with payload size: 91 at 2024-12-11 17:52:54.215831 sent 2024-12-11 17:52:54.131769
INFO:Message received on topic: type-2/31 with payload size: 91 at 2024-12-11 17:52:56.799547 sent 2024-12-11 17:52:56.739567
INFO:Message received on topic: type-2/31 with payload size: 91 at 2024-12-11 17:52:59.420370 sent 2024-12-11 17:52:59.351387
INFO:Message received on topic: type-2/31 with payload size: 91 at 2024-12-11 17:53:02.120762 sent 2024-12-11 17:53:01.964193
INFO:Message received on topic: type-2/31 with payload size: 91 at 2024-12-11 17:53:04.638794 sent 2024-12-11 17:53:04.579822
INFO:Message received on topic: type-2/31 with payload size: 91 at 2024-12-11 17:53:07.247169 sent 2024-12-11 17:53:07.203279
INFO:Message received on topic: type-2/31 with payload size: 91 at 2024-12-11 17:53:09.837665 sent 2024-12-11 17:53:09.811916
INFO:Message received on topic: type-2/31 with payload size: 91 at 2024-12-11 17:53:12.554362 sent 2024-12-11 17:53:12.426789
INFO:Message received on topic: type-2/31 with payload size: 91 at 2024-12-11 17:53:15.134375 sent 2024-12-11 17:53:15.036930
INFO:Message received on topic: type-2/31 with payload size: 91 at 2024-12-11 17:53:17.726671 sent 2024-12-11 17:53:17.650141
INFO:Message received on topic: type-2/31 with payload size: 91 at 2024-12-11 17:53:20.353723 sent 2024-12-11 17:53:20.269652
INFO:Message received on topic: type-2/31 with payload size: 91 at 2024-12-11 17:53:22.929120 sent 2024-12-11 17:53:22.882563
INFO:Message received on topic: type-2/31 with payload size: 91 at 2024-12-11 17:53:25.534937 sent 2024-12-11 17:53:25.496129
INFO:Message received on topic: type-2/31 with payload size: 91 at 2024-12-11 17:53:28.204088 sent 2024-12-11 17:53:28.104071
INFO:Message received on topic: type-2/31 with payload size: 91 at 2024-12-11 17:53:30.752686 sent 2024-12-11 17:53:30.711118
INFO:Message received on topic: type-2/31 with payload size: 91 at 2024-12-11 17:53:33.426639 sent 2024-12-11 17:53:33.333141
INFO:Message received on topic: type-2/31 with payload size: 91 at 2024-12-11 17:53:36.030228 sent 2024-12-11 17:53:35.946417
INFO:Message received on topic: type-2/31 with payload size: 91 at 2024-12-11 17:53:38.624565 sent 2024-12-11 17:53:38.578877
INFO:Message received on topic: type-2/31 with payload size: 91 at 2024-12-11 17:53:41.238086 sent 2024-12-11 17:53:41.193985
INFO:Message received on topic: type-2/31 with payload size: 91 at 2024-12-11 17:53:43.860067 sent 2024-12-11 17:53:43.810800
INFO:Message received on topic: type-2/31 with payload size: 91 at 2024-12-11 17:53:46.498148 sent 2024-12-11 17:53:46.419596
INFO:Message received on topic: type-2/31 with payload size: 91 at 2024-12-11 17:53:49.106788 sent 2024-12-11 17:53:49.030481
INFO:Message received on topic: type-2/31 with payload size: 91 at 2024-12-11 17:53:51.730147 sent 2024-12-11 17:53:51.647269
INFO:Message received on topic: type-2/31 with payload size: 91 at 2024-12-11 17:53:54.329487 sent 2024-12-11 17:53:54.273100
INFO:Message received on topic: type-2/31 with payload size: 91 at 2024-12-11 17:53:56.997512 sent 2024-12-11 17:53:56.885811
INFO:Message received on topic: type-2/31 with payload size: 91 at 2024-12-11 17:53:59.595434 sent 2024-12-11 17:53:59.501591
INFO:Message received on topic: type-2/31 with payload size: 91 at 2024-12-11 17:54:02.224113 sent 2024-12-11 17:54:02.121199
INFO:Message received on topic: type-2/31 with payload size: 91 at 2024-12-11 17:54:04.897838 sent 2024-12-11 17:54:04.756658
INFO:Message received on topic: type-2/31 with payload size: 91 at 2024-12-11 17:54:07.517997 sent 2024-12-11 17:54:07.377475
INFO:Message received on topic: type-2/31 with payload size: 91 at 2024-12-11 17:54:10.132608 sent 2024-12-11 17:54:09.987893
INFO:Message received on topic: type-2/31 with payload size: 91 at 2024-12-11 17:54:12.647059 sent 2024-12-11 17:54:12.602080
INFO:Message received on topic: type-2/31 with payload size: 91 at 2024-12-11 17:54:15.253496 sent 2024-12-11 17:54:15.214042
INFO:Message received on topic: type-2/31 with payload size: 91 at 2024-12-11 17:54:17.842192 sent 2024-12-11 17:54:17.824345
INFO:Message received on topic: type-2/31 with payload size: 91 at 2024-12-11 17:54:20.536009 sent 2024-12-11 17:54:20.443079
INFO:Message received on topic: type-2/31 with payload size: 91 at 2024-12-11 17:54:23.201307 sent 2024-12-11 17:54:23.057726
INFO:Message received on topic: type-2/31 with payload size: 91 at 2024-12-11 17:54:25.795206 sent 2024-12-11 17:54:25.662618
INFO:Message received on topic: type-2/31 with payload size: 91 at 2024-12-11 17:54:28.439465 sent 2024-12-11 17:54:28.281117
INFO:Message received on topic: type-2/31 with payload size: 91 at 2024-12-11 17:54:30.924316 sent 2024-12-11 17:54:30.881193
INFO:Message received on topic: type-2/31 with payload size: 91 at 2024-12-11 17:54:33.623121 sent 2024-12-11 17:54:33.492737
INFO:Message received on topic: type-2/31 with payload size: 91 at 2024-12-11 17:54:36.229217 sent 2024-12-11 17:54:36.104667
INFO:Message received on topic: type-2/31 with payload size: 91 at 2024-12-11 17:54:38.817164 sent 2024-12-11 17:54:38.715360
INFO:Message received on topic: type-2/31 with payload size: 91 at 2024-12-11 17:54:41.417183 sent 2024-12-11 17:54:41.327665
INFO:Message received on topic: type-2/31 with payload size: 91 at 2024-12-11 17:54:44.035281 sent 2024-12-11 17:54:43.929464
INFO:Message received on topic: type-2/31 with payload size: 91 at 2024-12-11 17:54:46.629281 sent 2024-12-11 17:54:46.524215
INFO:Message received on topic: type-2/31 with payload size: 91 at 2024-12-11 17:54:49.219311 sent 2024-12-11 17:54:49.116134
INFO:Message received on topic: type-2/31 with payload size: 91 at 2024-12-11 17:54:51.740984 sent 2024-12-11 17:54:51.708085
INFO:Message received on topic: type-2/31 with payload size: 91 at 2024-12-11 17:54:54.341636 sent 2024-12-11 17:54:54.302719
INFO:Message received on topic: type-2/31 with payload size: 91 at 2024-12-11 17:54:57.019097 sent 2024-12-11 17:54:56.910060
INFO:Message received on topic: type-2/31 with payload size: 91 at 2024-12-11 17:54:59.551837 sent 2024-12-11 17:54:59.522587
INFO:Message received on topic: type-2/31 with payload size: 91 at 2024-12-11 17:55:02.322240 sent 2024-12-11 17:55:02.141745
INFO:Message received on topic: type-2/31 with payload size: 91 at 2024-12-11 17:55:04.830680 sent 2024-12-11 17:55:04.752614
INFO:Message received on topic: type-2/31 with payload size: 91 at 2024-12-11 17:55:07.527934 sent 2024-12-11 17:55:07.371884
INFO:Message received on topic: type-2/31 with payload size: 91 at 2024-12-11 17:55:10.125223 sent 2024-12-11 17:55:09.990966
INFO:Message received on topic: type-2/31 with payload size: 91 at 2024-12-11 17:55:12.640714 sent 2024-12-11 17:55:12.610285
INFO:Message received on topic: type-2/31 with payload size: 91 at 2024-12-11 17:55:15.335455 sent 2024-12-11 17:55:15.237257
INFO:Message received on topic: type-2/31 with payload size: 91 at 2024-12-11 17:55:17.939156 sent 2024-12-11 17:55:17.852451
INFO:Message received on topic: type-2/31 with payload size: 91 at 2024-12-11 17:55:20.531388 sent 2024-12-11 17:55:20.470897
INFO:Message received on topic: type-2/31 with payload size: 91 at 2024-12-11 17:55:23.220166 sent 2024-12-11 17:55:23.087870
INFO:Message received on topic: type-2/31 with payload size: 91 at 2024-12-11 17:55:25.739320 sent 2024-12-11 17:55:25.701533
INFO:Message received on topic: type-2/31 with payload size: 91 at 2024-12-11 17:55:28.417424 sent 2024-12-11 17:55:28.317042
INFO:Message received on topic: type-2/31 with payload size: 91 at 2024-12-11 17:55:31.046488 sent 2024-12-11 17:55:30.939612
INFO:Message received on topic: type-2/31 with payload size: 91 at 2024-12-11 17:55:33.723808 sent 2024-12-11 17:55:33.560054
INFO:Message received on topic: type-2/31 with payload size: 91 at 2024-12-11 17:55:36.245490 sent 2024-12-11 17:55:36.176750
INFO:Message received on topic: type-2/31 with payload size: 91 at 2024-12-11 17:55:38.864076 sent 2024-12-11 17:55:38.788784
INFO:Message received on topic: type-2/31 with payload size: 91 at 2024-12-11 17:55:41.522155 sent 2024-12-11 17:55:41.408930
INFO:Message received on topic: type-2/31 with payload size: 91 at 2024-12-11 17:55:44.056434 sent 2024-12-11 17:55:44.019452
INFO:Message received on topic: type-2/31 with payload size: 91 at 2024-12-11 17:55:46.718582 sent 2024-12-11 17:55:46.631623
INFO:Message received on topic: type-2/31 with payload size: 91 at 2024-12-11 17:55:49.337405 sent 2024-12-11 17:55:49.243871
INFO:Message received on topic: type-2/31 with payload size: 91 at 2024-12-11 17:55:52.133900 sent 2024-12-11 17:55:51.857931
INFO:Message received on topic: type-2/31 with payload size: 91 at 2024-12-11 17:55:54.554112 sent 2024-12-11 17:55:54.468778
INFO:Message received on topic: type-2/31 with payload size: 91 at 2024-12-11 17:55:57.252959 sent 2024-12-11 17:55:57.079891
INFO:Message received on topic: type-2/31 with payload size: 91 at 2024-12-11 17:55:59.848489 sent 2024-12-11 17:55:59.698968
INFO:Message received on topic: type-2/31 with payload size: 91 at 2024-12-11 17:56:02.441572 sent 2024-12-11 17:56:02.311493
INFO:Message received on topic: type-2/31 with payload size: 91 at 2024-12-11 17:56:05.045854 sent 2024-12-11 17:56:04.919143
INFO:Message received on topic: type-2/31 with payload size: 91 at 2024-12-11 17:56:07.626981 sent 2024-12-11 17:56:07.530648
INFO:Message received on topic: type-2/31 with payload size: 91 at 2024-12-11 17:56:10.237999 sent 2024-12-11 17:56:10.148150
INFO:Message received on topic: type-2/31 with payload size: 91 at 2024-12-11 17:56:12.827108 sent 2024-12-11 17:56:12.759290
INFO:Message received on topic: type-2/31 with payload size: 91 at 2024-12-11 17:56:15.424078 sent 2024-12-11 17:56:15.374940
INFO:Message received on topic: type-2/31 with payload size: 91 at 2024-12-11 17:56:18.058617 sent 2024-12-11 17:56:17.984432
INFO:Message received on topic: type-2/31 with payload size: 91 at 2024-12-11 17:56:20.719531 sent 2024-12-11 17:56:20.586940
INFO:Message received on topic: type-2/31 with payload size: 91 at 2024-12-11 17:56:23.254242 sent 2024-12-11 17:56:23.219309
INFO:Message received on topic: type-2/31 with payload size: 91 at 2024-12-11 17:56:25.931561 sent 2024-12-11 17:56:25.837961
INFO:Message received on topic: type-2/31 with payload size: 91 at 2024-12-11 17:56:28.558165 sent 2024-12-11 17:56:28.455192
INFO:Message received on topic: type-2/31 with payload size: 91 at 2024-12-11 17:56:31.245421 sent 2024-12-11 17:56:31.063615
INFO:Message received on topic: type-2/31 with payload size: 91 at 2024-12-11 17:56:33.751756 sent 2024-12-11 17:56:33.675734
INFO:Message received on topic: type-2/31 with payload size: 91 at 2024-12-11 17:56:36.437147 sent 2024-12-11 17:56:36.298755
INFO:Message received on topic: type-2/31 with payload size: 91 at 2024-12-11 17:56:39.033856 sent 2024-12-11 17:56:38.911567
INFO:Message received on topic: type-2/31 with payload size: 91 at 2024-12-11 17:56:41.640943 sent 2024-12-11 17:56:41.519407
INFO:Message received on topic: type-2/31 with payload size: 91 at 2024-12-11 17:56:44.232888 sent 2024-12-11 17:56:44.139479
INFO:Message received on topic: type-2/31 with payload size: 91 at 2024-12-11 17:56:46.851116 sent 2024-12-11 17:56:46.758771
INFO:Message received on topic: type-2/31 with payload size: 91 at 2024-12-11 17:56:49.536197 sent 2024-12-11 17:56:49.376942
INFO:Message received on topic: type-2/31 with payload size: 91 at 2024-12-11 17:56:52.123678 sent 2024-12-11 17:56:51.986142
INFO:Message received on topic: type-2/31 with payload size: 91 at 2024-12-11 17:56:54.719497 sent 2024-12-11 17:56:54.600720
INFO:Message received on topic: type-2/31 with payload size: 91 at 2024-12-11 17:56:57.329015 sent 2024-12-11 17:56:57.218926
INFO:Message received on topic: type-2/31 with payload size: 91 at 2024-12-11 17:56:59.934075 sent 2024-12-11 17:56:59.836524
INFO:Message received on topic: type-2/31 with payload size: 91 at 2024-12-11 17:57:02.466666 sent 2024-12-11 17:57:02.452806
INFO:Message received on topic: type-2/31 with payload size: 91 at 2024-12-11 17:57:05.219136 sent 2024-12-11 17:57:05.069154
INFO:Message received on topic: type-2/31 with payload size: 91 at 2024-12-11 17:57:07.751275 sent 2024-12-11 17:57:07.681204
INFO:Message received on topic: type-2/31 with payload size: 91 at 2024-12-11 17:57:10.439616 sent 2024-12-11 17:57:10.299909
INFO:Message received on topic: type-2/31 with payload size: 91 at 2024-12-11 17:57:13.023308 sent 2024-12-11 17:57:12.910244
INFO:Message received on topic: type-2/31 with payload size: 91 at 2024-12-11 17:57:15.631714 sent 2024-12-11 17:57:15.528365
INFO:Message received on topic: type-2/31 with payload size: 91 at 2024-12-11 17:57:18.258305 sent 2024-12-11 17:57:18.133906
INFO:Message received on topic: type-2/31 with payload size: 91 at 2024-12-11 17:57:20.925491 sent 2024-12-11 17:57:20.753429
INFO:Message received on topic: type-2/31 with payload size: 91 at 2024-12-11 17:57:23.444661 sent 2024-12-11 17:57:23.372420
INFO:Message received on topic: type-2/31 with payload size: 91 at 2024-12-11 17:57:26.047418 sent 2024-12-11 17:57:25.984162
INFO:Message received on topic: type-2/31 with payload size: 91 at 2024-12-11 17:57:28.694882 sent 2024-12-11 17:57:28.591132
INFO:Message received on topic: type-2/31 with payload size: 91 at 2024-12-11 17:57:31.256226 sent 2024-12-11 17:57:31.203135
INFO:Message received on topic: type-2/31 with payload size: 91 at 2024-12-11 17:57:33.854154 sent 2024-12-11 17:57:33.818156
INFO:Message received on topic: type-2/31 with payload size: 91 at 2024-12-11 17:57:36.628018 sent 2024-12-11 17:57:36.435828
INFO:Message received on topic: type-2/31 with payload size: 91 at 2024-12-11 17:57:39.333670 sent 2024-12-11 17:57:39.046206
INFO:Message received on topic: type-2/31 with payload size: 91 at 2024-12-11 17:57:41.751208 sent 2024-12-11 17:57:41.654625
INFO:Message received on topic: type-2/31 with payload size: 91 at 2024-12-11 17:57:44.435265 sent 2024-12-11 17:57:44.263983
INFO:Message received on topic: type-2/31 with payload size: 91 at 2024-12-11 17:57:47.034796 sent 2024-12-11 17:57:46.875802
INFO:Message received on topic: type-2/31 with payload size: 91 at 2024-12-11 17:57:49.549556 sent 2024-12-11 17:57:49.489403
INFO:Message received on topic: type-2/31 with payload size: 91 at 2024-12-11 17:57:52.218828 sent 2024-12-11 17:57:52.109054
INFO:Message received on topic: type-2/31 with payload size: 91 at 2024-12-11 17:57:55.041238 sent 2024-12-11 17:57:54.734991
INFO:Message received on topic: type-2/31 with payload size: 91 at 2024-12-11 17:57:57.520796 sent 2024-12-11 17:57:57.355474
INFO:Message received on topic: type-2/31 with payload size: 91 at 2024-12-11 17:58:00.117401 sent 2024-12-11 17:57:59.973236
INFO:Message received on topic: type-2/31 with payload size: 91 at 2024-12-11 17:58:02.726666 sent 2024-12-11 17:58:02.582317
INFO:Message received on topic: type-2/31 with payload size: 91 at 2024-12-11 17:58:05.322623 sent 2024-12-11 17:58:05.197535
INFO:Message received on topic: type-2/31 with payload size: 91 at 2024-12-11 17:58:07.927074 sent 2024-12-11 17:58:07.805123
INFO:Message received on topic: type-2/31 with payload size: 91 at 2024-12-11 17:58:10.631079 sent 2024-12-11 17:58:10.418320
INFO:Message received on topic: type-2/31 with payload size: 91 at 2024-12-11 17:58:13.056852 sent 2024-12-11 17:58:13.033816
INFO:Message received on topic: type-2/31 with payload size: 91 at 2024-12-11 17:58:15.760518 sent 2024-12-11 17:58:15.644290
INFO:Message received on topic: type-2/31 with payload size: 91 at 2024-12-11 17:58:18.556970 sent 2024-12-11 17:58:18.252664
INFO:Message received on topic: type-2/31 with payload size: 91 at 2024-12-11 17:58:21.024491 sent 2024-12-11 17:58:20.864851
INFO:Message received on topic: type-2/31 with payload size: 91 at 2024-12-11 17:58:23.621142 sent 2024-12-11 17:58:23.478643
INFO:Message received on topic: type-2/31 with payload size: 91 at 2024-12-11 17:58:26.225087 sent 2024-12-11 17:58:26.093713
INFO:Message received on topic: type-2/31 with payload size: 91 at 2024-12-11 17:58:28.828255 sent 2024-12-11 17:58:28.706063
INFO:Message received on topic: type-2/31 with payload size: 91 at 2024-12-11 17:58:31.457588 sent 2024-12-11 17:58:31.320704
INFO:Message received on topic: type-2/31 with payload size: 91 at 2024-12-11 17:58:34.031155 sent 2024-12-11 17:58:33.935873
INFO:Message received on topic: type-2/31 with payload size: 91 at 2024-12-11 17:58:36.623583 sent 2024-12-11 17:58:36.549019
INFO:Message received on topic: type-2/31 with payload size: 91 at 2024-12-11 17:58:39.231748 sent 2024-12-11 17:58:39.159754
INFO:Message received on topic: type-2/31 with payload size: 91 at 2024-12-11 17:58:41.916290 sent 2024-12-11 17:58:41.766608
INFO:Message received on topic: type-2/31 with payload size: 91 at 2024-12-11 17:58:44.520425 sent 2024-12-11 17:58:44.376689
INFO:Message received on topic: type-2/31 with payload size: 91 at 2024-12-11 17:58:47.047459 sent 2024-12-11 17:58:46.982199
INFO:Message received on topic: type-2/31 with payload size: 91 at 2024-12-11 17:58:49.630954 sent 2024-12-11 17:58:49.590850
INFO:Message received on topic: type-2/31 with payload size: 91 at 2024-12-11 17:58:52.245160 sent 2024-12-11 17:58:52.197839
INFO:Message received on topic: type-2/31 with payload size: 91 at 2024-12-11 17:58:54.856746 sent 2024-12-11 17:58:54.811047
INFO:Message received on topic: type-2/31 with payload size: 91 at 2024-12-11 17:58:57.520217 sent 2024-12-11 17:58:57.416871
INFO:Message received on topic: type-2/31 with payload size: 91 at 2024-12-11 17:59:00.053515 sent 2024-12-11 17:59:00.025001
INFO:Message received on topic: type-2/31 with payload size: 91 at 2024-12-11 17:59:02.731377 sent 2024-12-11 17:59:02.633208
INFO:Message received on topic: type-2/31 with payload size: 91 at 2024-12-11 17:59:05.324074 sent 2024-12-11 17:59:05.243866
INFO:Message received on topic: type-2/31 with payload size: 91 at 2024-12-11 17:59:07.941763 sent 2024-12-11 17:59:07.853997
INFO:Message received on topic: type-2/31 with payload size: 91 at 2024-12-11 17:59:10.538893 sent 2024-12-11 17:59:10.465788
INFO:Message received on topic: type-2/31 with payload size: 91 at 2024-12-11 17:59:13.158137 sent 2024-12-11 17:59:13.071901
INFO:Message received on topic: type-2/31 with payload size: 91 at 2024-12-11 17:59:15.738521 sent 2024-12-11 17:59:15.694899
INFO:Message received on topic: type-2/31 with payload size: 91 at 2024-12-11 17:59:18.338392 sent 2024-12-11 17:59:18.304480
INFO:Message received on topic: type-2/31 with payload size: 91 at 2024-12-11 17:59:20.991933 sent 2024-12-11 17:59:20.911990
INFO:Message received on topic: type-2/31 with payload size: 91 at 2024-12-11 17:59:23.562262 sent 2024-12-11 17:59:23.517427
INFO:Message received on topic: type-2/31 with payload size: 91 at 2024-12-11 17:59:26.143718 sent 2024-12-11 17:59:26.121985
INFO:Message received on topic: type-2/31 with payload size: 91 at 2024-12-11 17:59:28.737587 sent 2024-12-11 17:59:28.725453
INFO:Message received on topic: type-2/31 with payload size: 91 at 2024-12-11 17:59:31.426185 sent 2024-12-11 17:59:31.334075
INFO:Message received on topic: type-2/31 with payload size: 91 at 2024-12-11 17:59:34.047034 sent 2024-12-11 17:59:33.939309
INFO:Message received on topic: type-2/31 with payload size: 91 at 2024-12-11 17:59:36.617907 sent 2024-12-11 17:59:36.535913
INFO:Message received on topic: type-2/31 with payload size: 91 at 2024-12-11 17:59:39.237265 sent 2024-12-11 17:59:39.144499
INFO:Message received on topic: type-2/31 with payload size: 91 at 2024-12-11 17:59:41.826942 sent 2024-12-11 17:59:41.746949
INFO:Message received on topic: type-2/31 with payload size: 91 at 2024-12-11 17:59:44.434083 sent 2024-12-11 17:59:44.357428
INFO:Message received on topic: type-2/31 with payload size: 91 at 2024-12-11 17:59:47.044177 sent 2024-12-11 17:59:46.959452
INFO:Message received on topic: type-2/31 with payload size: 91 at 2024-12-11 17:59:49.631379 sent 2024-12-11 17:59:49.565023
INFO:Message received on topic: type-2/31 with payload size: 91 at 2024-12-11 17:59:52.237566 sent 2024-12-11 17:59:52.168999
