INFO:Starting Version 1.0.5
DEBUG:Using selector: EpollSelector
INFO:Connecting to cluster at: mqtt-quic://emqx-headless.dtwins:14567 using QUIC
INFO:Subscribed to topic: type-2/29
INFO:Logging each: 50
INFO:Unhandled packet type received
INFO:Message received on topic: type-2/29 with payload size: 91 at 2024-12-11 17:51:16.030284 sent 2024-12-11 17:51:15.945737
INFO:Message received on topic: type-2/29 with payload size: 91 at 2024-12-11 17:51:18.644843 sent 2024-12-11 17:51:18.547824
INFO:Message received on topic: type-2/29 with payload size: 91 at 2024-12-11 17:51:21.198920 sent 2024-12-11 17:51:21.149515
INFO:Message received on topic: type-2/29 with payload size: 91 at 2024-12-11 17:51:23.817089 sent 2024-12-11 17:51:23.758035
INFO:Message received on topic: type-2/29 with payload size: 91 at 2024-12-11 17:51:26.424614 sent 2024-12-11 17:51:26.361269
INFO:Message received on topic: type-2/29 with payload size: 91 at 2024-12-11 17:51:29.025029 sent 2024-12-11 17:51:28.962932
INFO:Message received on topic: type-2/29 with payload size: 91 at 2024-12-11 17:51:31.624828 sent 2024-12-11 17:51:31.567501
INFO:Message received on topic: type-2/29 with payload size: 91 at 2024-12-11 17:51:34.231745 sent 2024-12-11 17:51:34.162906
INFO:Message received on topic: type-2/29 with payload size: 91 at 2024-12-11 17:51:36.840209 sent 2024-12-11 17:51:36.765198
INFO:Message received on topic: type-2/29 with payload size: 91 at 2024-12-11 17:51:39.429402 sent 2024-12-11 17:51:39.366040
INFO:Message received on topic: type-2/29 with payload size: 91 at 2024-12-11 17:51:42.028920 sent 2024-12-11 17:51:41.973939
INFO:Message received on topic: type-2/29 with payload size: 91 at 2024-12-11 17:51:44.625726 sent 2024-12-11 17:51:44.579154
INFO:Message received on topic: type-2/29 with payload size: 91 at 2024-12-11 17:51:47.250250 sent 2024-12-11 17:51:47.186272
INFO:Message received on topic: type-2/29 with payload size: 91 at 2024-12-11 17:51:49.835962 sent 2024-12-11 17:51:49.796160
INFO:Message received on topic: type-2/29 with payload size: 91 at 2024-12-11 17:51:52.433892 sent 2024-12-11 17:51:52.403990
INFO:Message received on topic: type-2/29 with payload size: 91 at 2024-12-11 17:51:55.042874 sent 2024-12-11 17:51:55.010159
INFO:Message received on topic: type-2/29 with payload size: 91 at 2024-12-11 17:51:57.641824 sent 2024-12-11 17:51:57.616997
INFO:Message received on topic: type-2/29 with payload size: 91 at 2024-12-11 17:52:00.306193 sent 2024-12-11 17:52:00.235421
INFO:Message received on topic: type-2/29 with payload size: 91 at 2024-12-11 17:52:02.915235 sent 2024-12-11 17:52:02.846702
INFO:Message received on topic: type-2/29 with payload size: 91 at 2024-12-11 17:52:05.522749 sent 2024-12-11 17:52:05.454655
INFO:Message received on topic: type-2/29 with payload size: 91 at 2024-12-11 17:52:08.124645 sent 2024-12-11 17:52:08.057998
INFO:Message received on topic: type-2/29 with payload size: 91 at 2024-12-11 17:52:10.722023 sent 2024-12-11 17:52:10.661093
INFO:Message received on topic: type-2/29 with payload size: 91 at 2024-12-11 17:52:13.330822 sent 2024-12-11 17:52:13.264257
INFO:Message received on topic: type-2/29 with payload size: 91 at 2024-12-11 17:52:15.924582 sent 2024-12-11 17:52:15.869431
INFO:Message received on topic: type-2/29 with payload size: 91 at 2024-12-11 17:52:18.518240 sent 2024-12-11 17:52:18.473281
INFO:Message received on topic: type-2/29 with payload size: 91 at 2024-12-11 17:52:21.141720 sent 2024-12-11 17:52:21.087256
INFO:Message received on topic: type-2/29 with payload size: 91 at 2024-12-11 17:52:23.748761 sent 2024-12-11 17:52:23.717791
INFO:Message received on topic: type-2/29 with payload size: 91 at 2024-12-11 17:52:26.436679 sent 2024-12-11 17:52:26.338595
INFO:Message received on topic: type-2/29 with payload size: 91 at 2024-12-11 17:52:29.022108 sent 2024-12-11 17:52:28.953132
INFO:Message received on topic: type-2/29 with payload size: 91 at 2024-12-11 17:52:31.629398 sent 2024-12-11 17:52:31.570940
INFO:Message received on topic: type-2/29 with payload size: 91 at 2024-12-11 17:52:34.246494 sent 2024-12-11 17:52:34.191502
INFO:Message received on topic: type-2/29 with payload size: 91 at 2024-12-11 17:52:36.829767 sent 2024-12-11 17:52:36.810546
INFO:Message received on topic: type-2/29 with payload size: 91 at 2024-12-11 17:52:39.502269 sent 2024-12-11 17:52:39.428071
INFO:Message received on topic: type-2/29 with payload size: 91 at 2024-12-11 17:52:42.330946 sent 2024-12-11 17:52:42.042774
INFO:Message received on topic: type-2/29 with payload size: 91 at 2024-12-11 17:52:44.734868 sent 2024-12-11 17:52:44.653766
INFO:Message received on topic: type-2/29 with payload size: 91 at 2024-12-11 17:52:47.302231 sent 2024-12-11 17:52:47.265117
INFO:Message received on topic: type-2/29 with payload size: 91 at 2024-12-11 17:52:49.948217 sent 2024-12-11 17:52:49.875950
INFO:Message received on topic: type-2/29 with payload size: 91 at 2024-12-11 17:52:52.533275 sent 2024-12-11 17:52:52.498156
INFO:Message received on topic: type-2/29 with payload size: 91 at 2024-12-11 17:52:55.128530 sent 2024-12-11 17:52:55.108773
INFO:Message received on topic: type-2/29 with payload size: 91 at 2024-12-11 17:52:57.816315 sent 2024-12-11 17:52:57.716934
INFO:Message received on topic: type-2/29 with payload size: 91 at 2024-12-11 17:53:00.344893 sent 2024-12-11 17:53:00.329947
INFO:Message received on topic: type-2/29 with payload size: 91 at 2024-12-11 17:53:03.039986 sent 2024-12-11 17:53:02.950641
INFO:Message received on topic: type-2/29 with payload size: 91 at 2024-12-11 17:53:05.635977 sent 2024-12-11 17:53:05.569264
INFO:Message received on topic: type-2/29 with payload size: 91 at 2024-12-11 17:53:08.324425 sent 2024-12-11 17:53:08.176246
INFO:Message received on topic: type-2/29 with payload size: 91 at 2024-12-11 17:53:10.832548 sent 2024-12-11 17:53:10.792725
INFO:Message received on topic: type-2/29 with payload size: 91 at 2024-12-11 17:53:13.506453 sent 2024-12-11 17:53:13.407510
INFO:Message received on topic: type-2/29 with payload size: 91 at 2024-12-11 17:53:16.049319 sent 2024-12-11 17:53:16.015990
INFO:Message received on topic: type-2/29 with payload size: 91 at 2024-12-11 17:53:18.798069 sent 2024-12-11 17:53:18.623678
INFO:Message received on topic: type-2/29 with payload size: 91 at 2024-12-11 17:53:21.334172 sent 2024-12-11 17:53:21.250834
INFO:Message received on topic: type-2/29 with payload size: 91 at 2024-12-11 17:53:23.927644 sent 2024-12-11 17:53:23.872882
INFO:Message received on topic: type-2/29 with payload size: 91 at 2024-12-11 17:53:26.528272 sent 2024-12-11 17:53:26.484016
INFO:Message received on topic: type-2/29 with payload size: 91 at 2024-12-11 17:53:29.203558 sent 2024-12-11 17:53:29.115479
INFO:Message received on topic: type-2/29 with payload size: 91 at 2024-12-11 17:53:31.830853 sent 2024-12-11 17:53:31.741761
INFO:Message received on topic: type-2/29 with payload size: 91 at 2024-12-11 17:53:34.425281 sent 2024-12-11 17:53:34.357256
INFO:Message received on topic: type-2/29 with payload size: 91 at 2024-12-11 17:53:37.037706 sent 2024-12-11 17:53:36.964730
INFO:Message received on topic: type-2/29 with payload size: 91 at 2024-12-11 17:53:39.621705 sent 2024-12-11 17:53:39.579663
INFO:Message received on topic: type-2/29 with payload size: 91 at 2024-12-11 17:53:42.237827 sent 2024-12-11 17:53:42.195119
INFO:Message received on topic: type-2/29 with payload size: 91 at 2024-12-11 17:53:44.848995 sent 2024-12-11 17:53:44.803693
INFO:Message received on topic: type-2/29 with payload size: 91 at 2024-12-11 17:53:47.518164 sent 2024-12-11 17:53:47.416604
INFO:Message received on topic: type-2/29 with payload size: 91 at 2024-12-11 17:53:50.095433 sent 2024-12-11 17:53:50.030446
INFO:Message received on topic: type-2/29 with payload size: 91 at 2024-12-11 17:53:52.734298 sent 2024-12-11 17:53:52.645503
INFO:Message received on topic: type-2/29 with payload size: 91 at 2024-12-11 17:53:55.335674 sent 2024-12-11 17:53:55.252547
INFO:Message received on topic: type-2/29 with payload size: 91 at 2024-12-11 17:53:58.034571 sent 2024-12-11 17:53:57.871621
INFO:Message received on topic: type-2/29 with payload size: 91 at 2024-12-11 17:54:00.720700 sent 2024-12-11 17:54:00.483211
INFO:Message received on topic: type-2/29 with payload size: 91 at 2024-12-11 17:54:03.142871 sent 2024-12-11 17:54:03.101750
INFO:Message received on topic: type-2/29 with payload size: 91 at 2024-12-11 17:54:05.749626 sent 2024-12-11 17:54:05.714848
INFO:Message received on topic: type-2/29 with payload size: 91 at 2024-12-11 17:54:08.502516 sent 2024-12-11 17:54:08.321558
INFO:Message received on topic: type-2/29 with payload size: 91 at 2024-12-11 17:54:11.023405 sent 2024-12-11 17:54:10.937273
INFO:Message received on topic: type-2/29 with payload size: 91 at 2024-12-11 17:54:13.651280 sent 2024-12-11 17:54:13.544958
INFO:Message received on topic: type-2/29 with payload size: 91 at 2024-12-11 17:54:16.296586 sent 2024-12-11 17:54:16.164205
INFO:Message received on topic: type-2/29 with payload size: 91 at 2024-12-11 17:54:18.858288 sent 2024-12-11 17:54:18.776061
INFO:Message received on topic: type-2/29 with payload size: 91 at 2024-12-11 17:54:21.498436 sent 2024-12-11 17:54:21.388440
INFO:Message received on topic: type-2/29 with payload size: 91 at 2024-12-11 17:54:24.097129 sent 2024-12-11 17:54:24.004349
INFO:Message received on topic: type-2/29 with payload size: 91 at 2024-12-11 17:54:26.641774 sent 2024-12-11 17:54:26.611261
INFO:Message received on topic: type-2/29 with payload size: 91 at 2024-12-11 17:54:29.335194 sent 2024-12-11 17:54:29.227425
INFO:Message received on topic: type-2/29 with payload size: 91 at 2024-12-11 17:54:31.920558 sent 2024-12-11 17:54:31.829092
INFO:Message received on topic: type-2/29 with payload size: 91 at 2024-12-11 17:54:34.528655 sent 2024-12-11 17:54:34.435647
INFO:Message received on topic: type-2/29 with payload size: 91 at 2024-12-11 17:54:37.129808 sent 2024-12-11 17:54:37.053979
INFO:Message received on topic: type-2/29 with payload size: 91 at 2024-12-11 17:54:39.730651 sent 2024-12-11 17:54:39.667112
INFO:Message received on topic: type-2/29 with payload size: 91 at 2024-12-11 17:54:42.330451 sent 2024-12-11 17:54:42.281579
INFO:Message received on topic: type-2/29 with payload size: 91 at 2024-12-11 17:54:44.930790 sent 2024-12-11 17:54:44.887983
INFO:Message received on topic: type-2/29 with payload size: 91 at 2024-12-11 17:54:47.596866 sent 2024-12-11 17:54:47.474234
INFO:Message received on topic: type-2/29 with payload size: 91 at 2024-12-11 17:54:50.139545 sent 2024-12-11 17:54:50.062266
INFO:Message received on topic: type-2/29 with payload size: 91 at 2024-12-11 17:54:52.735887 sent 2024-12-11 17:54:52.651965
INFO:Message received on topic: type-2/29 with payload size: 91 at 2024-12-11 17:54:55.422408 sent 2024-12-11 17:54:55.259823
INFO:Message received on topic: type-2/29 with payload size: 91 at 2024-12-11 17:54:57.917503 sent 2024-12-11 17:54:57.875780
INFO:Message received on topic: type-2/29 with payload size: 91 at 2024-12-11 17:55:00.615902 sent 2024-12-11 17:55:00.489027
INFO:Message received on topic: type-2/29 with payload size: 91 at 2024-12-11 17:55:03.198995 sent 2024-12-11 17:55:03.103421
INFO:Message received on topic: type-2/29 with payload size: 91 at 2024-12-11 17:55:05.800946 sent 2024-12-11 17:55:05.713573
INFO:Message received on topic: type-2/29 with payload size: 91 at 2024-12-11 17:55:08.422846 sent 2024-12-11 17:55:08.324010
INFO:Message received on topic: type-2/29 with payload size: 91 at 2024-12-11 17:55:11.019853 sent 2024-12-11 17:55:10.947373
INFO:Message received on topic: type-2/29 with payload size: 91 at 2024-12-11 17:55:13.647114 sent 2024-12-11 17:55:13.563735
INFO:Message received on topic: type-2/29 with payload size: 91 at 2024-12-11 17:55:16.231789 sent 2024-12-11 17:55:16.175005
INFO:Message received on topic: type-2/29 with payload size: 91 at 2024-12-11 17:55:19.329178 sent 2024-12-11 17:55:18.784501
INFO:Message received on topic: type-2/29 with payload size: 91 at 2024-12-11 17:55:21.437695 sent 2024-12-11 17:55:21.396876
INFO:Message received on topic: type-2/29 with payload size: 91 at 2024-12-11 17:55:24.126298 sent 2024-12-11 17:55:24.010693
INFO:Message received on topic: type-2/29 with payload size: 91 at 2024-12-11 17:55:26.663974 sent 2024-12-11 17:55:26.619777
INFO:Message received on topic: type-2/29 with payload size: 91 at 2024-12-11 17:55:29.318193 sent 2024-12-11 17:55:29.233725
INFO:Message received on topic: type-2/29 with payload size: 91 at 2024-12-11 17:55:31.944049 sent 2024-12-11 17:55:31.854551
INFO:Message received on topic: type-2/29 with payload size: 91 at 2024-12-11 17:55:34.546807 sent 2024-12-11 17:55:34.466283
INFO:Message received on topic: type-2/29 with payload size: 91 at 2024-12-11 17:55:37.163267 sent 2024-12-11 17:55:37.080750
INFO:Message received on topic: type-2/29 with payload size: 91 at 2024-12-11 17:55:39.930611 sent 2024-12-11 17:55:39.692736
INFO:Message received on topic: type-2/29 with payload size: 91 at 2024-12-11 17:55:42.343889 sent 2024-12-11 17:55:42.308613
INFO:Message received on topic: type-2/29 with payload size: 91 at 2024-12-11 17:55:44.948544 sent 2024-12-11 17:55:44.918878
INFO:Message received on topic: type-2/29 with payload size: 91 at 2024-12-11 17:55:47.625437 sent 2024-12-11 17:55:47.531162
INFO:Message received on topic: type-2/29 with payload size: 91 at 2024-12-11 17:55:50.253485 sent 2024-12-11 17:55:50.153317
INFO:Message received on topic: type-2/29 with payload size: 91 at 2024-12-11 17:55:52.833337 sent 2024-12-11 17:55:52.767661
INFO:Message received on topic: type-2/29 with payload size: 91 at 2024-12-11 17:55:55.450885 sent 2024-12-11 17:55:55.374552
INFO:Message received on topic: type-2/29 with payload size: 91 at 2024-12-11 17:55:58.127449 sent 2024-12-11 17:55:57.990399
INFO:Message received on topic: type-2/29 with payload size: 91 at 2024-12-11 17:56:00.645638 sent 2024-12-11 17:56:00.597641
INFO:Message received on topic: type-2/29 with payload size: 91 at 2024-12-11 17:56:03.447831 sent 2024-12-11 17:56:03.212265
INFO:Message received on topic: type-2/29 with payload size: 91 at 2024-12-11 17:56:05.920184 sent 2024-12-11 17:56:05.831553
INFO:Message received on topic: type-2/29 with payload size: 91 at 2024-12-11 17:56:08.548514 sent 2024-12-11 17:56:08.441904
INFO:Message received on topic: type-2/29 with payload size: 91 at 2024-12-11 17:56:11.225874 sent 2024-12-11 17:56:11.055225
INFO:Message received on topic: type-2/29 with payload size: 91 at 2024-12-11 17:56:13.829713 sent 2024-12-11 17:56:13.666231
INFO:Message received on topic: type-2/29 with payload size: 91 at 2024-12-11 17:56:16.434835 sent 2024-12-11 17:56:16.286229
INFO:Message received on topic: type-2/29 with payload size: 91 at 2024-12-11 17:56:19.030093 sent 2024-12-11 17:56:18.895218
INFO:Message received on topic: type-2/29 with payload size: 91 at 2024-12-11 17:56:21.656164 sent 2024-12-11 17:56:21.509992
INFO:Message received on topic: type-2/29 with payload size: 91 at 2024-12-11 17:56:24.229593 sent 2024-12-11 17:56:24.144899
INFO:Message received on topic: type-2/29 with payload size: 91 at 2024-12-11 17:56:26.850254 sent 2024-12-11 17:56:26.762675
INFO:Message received on topic: type-2/29 with payload size: 91 at 2024-12-11 17:56:29.438525 sent 2024-12-11 17:56:29.372909
INFO:Message received on topic: type-2/29 with payload size: 91 at 2024-12-11 17:56:32.042587 sent 2024-12-11 17:56:31.982804
INFO:Message received on topic: type-2/29 with payload size: 91 at 2024-12-11 17:56:34.643959 sent 2024-12-11 17:56:34.599988
INFO:Message received on topic: type-2/29 with payload size: 91 at 2024-12-11 17:56:37.323565 sent 2024-12-11 17:56:37.214245
INFO:Message received on topic: type-2/29 with payload size: 91 at 2024-12-11 17:56:39.928629 sent 2024-12-11 17:56:39.824049
INFO:Message received on topic: type-2/29 with payload size: 91 at 2024-12-11 17:56:42.525961 sent 2024-12-11 17:56:42.439307
INFO:Message received on topic: type-2/29 with payload size: 91 at 2024-12-11 17:56:45.271727 sent 2024-12-11 17:56:45.050159
INFO:Message received on topic: type-2/29 with payload size: 91 at 2024-12-11 17:56:47.824556 sent 2024-12-11 17:56:47.661596
INFO:Message received on topic: type-2/29 with payload size: 91 at 2024-12-11 17:56:50.346008 sent 2024-12-11 17:56:50.280016
INFO:Message received on topic: type-2/29 with payload size: 91 at 2024-12-11 17:56:53.024853 sent 2024-12-11 17:56:52.898306
INFO:Message received on topic: type-2/29 with payload size: 91 at 2024-12-11 17:56:55.541128 sent 2024-12-11 17:56:55.509481
INFO:Message received on topic: type-2/29 with payload size: 91 at 2024-12-11 17:56:58.230320 sent 2024-12-11 17:56:58.125687
INFO:Message received on topic: type-2/29 with payload size: 91 at 2024-12-11 17:57:00.850144 sent 2024-12-11 17:57:00.733124
INFO:Message received on topic: type-2/29 with payload size: 91 at 2024-12-11 17:57:03.435724 sent 2024-12-11 17:57:03.345797
INFO:Message received on topic: type-2/29 with payload size: 91 at 2024-12-11 17:57:06.141173 sent 2024-12-11 17:57:05.961395
INFO:Message received on topic: type-2/29 with payload size: 91 at 2024-12-11 17:57:08.724266 sent 2024-12-11 17:57:08.588647
INFO:Message received on topic: type-2/29 with payload size: 91 at 2024-12-11 17:57:11.248180 sent 2024-12-11 17:57:11.204181
INFO:Message received on topic: type-2/29 with payload size: 91 at 2024-12-11 17:57:14.018027 sent 2024-12-11 17:57:13.813234
INFO:Message received on topic: type-2/29 with payload size: 91 at 2024-12-11 17:57:16.535420 sent 2024-12-11 17:57:16.426155
INFO:Message received on topic: type-2/29 with payload size: 91 at 2024-12-11 17:57:19.222600 sent 2024-12-11 17:57:19.035527
INFO:Message received on topic: type-2/29 with payload size: 91 at 2024-12-11 17:57:21.819709 sent 2024-12-11 17:57:21.648852
INFO:Message received on topic: type-2/29 with payload size: 91 at 2024-12-11 17:57:24.340247 sent 2024-12-11 17:57:24.261921
INFO:Message received on topic: type-2/29 with payload size: 91 at 2024-12-11 17:57:26.972509 sent 2024-12-11 17:57:26.871592
INFO:Message received on topic: type-2/29 with payload size: 91 at 2024-12-11 17:57:29.552011 sent 2024-12-11 17:57:29.483871
INFO:Message received on topic: type-2/29 with payload size: 91 at 2024-12-11 17:57:32.158531 sent 2024-12-11 17:57:32.092070
INFO:Message received on topic: type-2/29 with payload size: 91 at 2024-12-11 17:57:34.831027 sent 2024-12-11 17:57:34.706227
INFO:Message received on topic: type-2/29 with payload size: 91 at 2024-12-11 17:57:37.539048 sent 2024-12-11 17:57:37.319791
INFO:Message received on topic: type-2/29 with payload size: 91 at 2024-12-11 17:57:40.167040 sent 2024-12-11 17:57:39.941867
INFO:Message received on topic: type-2/29 with payload size: 91 at 2024-12-11 17:57:42.718020 sent 2024-12-11 17:57:42.556482
INFO:Message received on topic: type-2/29 with payload size: 91 at 2024-12-11 17:57:45.344125 sent 2024-12-11 17:57:45.177758
INFO:Message received on topic: type-2/29 with payload size: 91 at 2024-12-11 17:57:47.926402 sent 2024-12-11 17:57:47.788645
INFO:Message received on topic: type-2/29 with payload size: 91 at 2024-12-11 17:57:50.637879 sent 2024-12-11 17:57:50.406140
INFO:Message received on topic: type-2/29 with payload size: 91 at 2024-12-11 17:57:53.131586 sent 2024-12-11 17:57:53.020202
INFO:Message received on topic: type-2/29 with payload size: 91 at 2024-12-11 17:57:56.027929 sent 2024-12-11 17:57:55.625143
INFO:Message received on topic: type-2/29 with payload size: 91 at 2024-12-11 17:57:58.423663 sent 2024-12-11 17:57:58.234301
INFO:Message received on topic: type-2/29 with payload size: 91 at 2024-12-11 17:58:00.960498 sent 2024-12-11 17:58:00.852527
INFO:Message received on topic: type-2/29 with payload size: 91 at 2024-12-11 17:58:03.532818 sent 2024-12-11 17:58:03.467151
INFO:Message received on topic: type-2/29 with payload size: 91 at 2024-12-11 17:58:06.147705 sent 2024-12-11 17:58:06.077099
INFO:Message received on topic: type-2/29 with payload size: 91 at 2024-12-11 17:58:08.730517 sent 2024-12-11 17:58:08.686835
INFO:Message received on topic: type-2/29 with payload size: 91 at 2024-12-11 17:58:11.349127 sent 2024-12-11 17:58:11.293878
INFO:Message received on topic: type-2/29 with payload size: 91 at 2024-12-11 17:58:14.027081 sent 2024-12-11 17:58:13.904494
INFO:Message received on topic: type-2/29 with payload size: 91 at 2024-12-11 17:58:16.631714 sent 2024-12-11 17:58:16.509903
INFO:Message received on topic: type-2/29 with payload size: 91 at 2024-12-11 17:58:19.328596 sent 2024-12-11 17:58:19.120235
INFO:Message received on topic: type-2/29 with payload size: 91 at 2024-12-11 17:58:21.833011 sent 2024-12-11 17:58:21.734096
INFO:Message received on topic: type-2/29 with payload size: 91 at 2024-12-11 17:58:24.440180 sent 2024-12-11 17:58:24.347623
INFO:Message received on topic: type-2/29 with payload size: 91 at 2024-12-11 17:58:27.033057 sent 2024-12-11 17:58:26.961425
INFO:Message received on topic: type-2/29 with payload size: 91 at 2024-12-11 17:58:29.644007 sent 2024-12-11 17:58:29.575332
INFO:Message received on topic: type-2/29 with payload size: 91 at 2024-12-11 17:58:32.318428 sent 2024-12-11 17:58:32.196507
INFO:Message received on topic: type-2/29 with payload size: 91 at 2024-12-11 17:58:34.919589 sent 2024-12-11 17:58:34.808612
INFO:Message received on topic: type-2/29 with payload size: 91 at 2024-12-11 17:58:37.523888 sent 2024-12-11 17:58:37.424307
INFO:Message received on topic: type-2/29 with payload size: 91 at 2024-12-11 17:58:40.139584 sent 2024-12-11 17:58:40.033080
INFO:Message received on topic: type-2/29 with payload size: 91 at 2024-12-11 17:58:42.942687 sent 2024-12-11 17:58:42.644694
INFO:Message received on topic: type-2/29 with payload size: 91 at 2024-12-11 17:58:45.331037 sent 2024-12-11 17:58:45.255629
INFO:Message received on topic: type-2/29 with payload size: 91 at 2024-12-11 17:58:47.944150 sent 2024-12-11 17:58:47.863206
INFO:Message received on topic: type-2/29 with payload size: 91 at 2024-12-11 17:58:50.540715 sent 2024-12-11 17:58:50.470061
INFO:Message received on topic: type-2/29 with payload size: 91 at 2024-12-11 17:58:53.223896 sent 2024-12-11 17:58:53.078114
INFO:Message received on topic: type-2/29 with payload size: 91 at 2024-12-11 17:58:55.753140 sent 2024-12-11 17:58:55.683978
INFO:Message received on topic: type-2/29 with payload size: 91 at 2024-12-11 17:58:58.329559 sent 2024-12-11 17:58:58.291823
INFO:Message received on topic: type-2/29 with payload size: 91 at 2024-12-11 17:59:00.960805 sent 2024-12-11 17:59:00.897086
INFO:Message received on topic: type-2/29 with payload size: 91 at 2024-12-11 17:59:03.542063 sent 2024-12-11 17:59:03.505414
INFO:Message received on topic: type-2/29 with payload size: 91 at 2024-12-11 17:59:06.217821 sent 2024-12-11 17:59:06.108896
INFO:Message received on topic: type-2/29 with payload size: 91 at 2024-12-11 17:59:08.830174 sent 2024-12-11 17:59:08.721705
INFO:Message received on topic: type-2/29 with payload size: 91 at 2024-12-11 17:59:11.416316 sent 2024-12-11 17:59:11.331863
INFO:Message received on topic: type-2/29 with payload size: 91 at 2024-12-11 17:59:14.056095 sent 2024-12-11 17:59:13.938529
INFO:Message received on topic: type-2/29 with payload size: 91 at 2024-12-11 17:59:16.636161 sent 2024-12-11 17:59:16.545416
INFO:Message received on topic: type-2/29 with payload size: 91 at 2024-12-11 17:59:19.323136 sent 2024-12-11 17:59:19.151870
INFO:Message received on topic: type-2/29 with payload size: 91 at 2024-12-11 17:59:21.839035 sent 2024-12-11 17:59:21.759109
INFO:Message received on topic: type-2/29 with payload size: 91 at 2024-12-11 17:59:24.436920 sent 2024-12-11 17:59:24.369485
INFO:Message received on topic: type-2/29 with payload size: 91 at 2024-12-11 17:59:27.121520 sent 2024-12-11 17:59:26.976201
INFO:Message received on topic: type-2/29 with payload size: 91 at 2024-12-11 17:59:29.633765 sent 2024-12-11 17:59:29.585141
INFO:Message received on topic: type-2/29 with payload size: 91 at 2024-12-11 17:59:32.243449 sent 2024-12-11 17:59:32.192450
INFO:Message received on topic: type-2/29 with payload size: 91 at 2024-12-11 17:59:34.842412 sent 2024-12-11 17:59:34.800384
INFO:Message received on topic: type-2/29 with payload size: 91 at 2024-12-11 17:59:37.519816 sent 2024-12-11 17:59:37.400817
INFO:Message received on topic: type-2/29 with payload size: 91 at 2024-12-11 17:59:40.059548 sent 2024-12-11 17:59:40.003941
INFO:Message received on topic: type-2/29 with payload size: 91 at 2024-12-11 17:59:42.648020 sent 2024-12-11 17:59:42.613867
INFO:Message received on topic: type-2/29 with payload size: 91 at 2024-12-11 17:59:45.326705 sent 2024-12-11 17:59:45.218168
