INFO:Starting Version 1.0.5
DEBUG:Using selector: EpollSelector
INFO:Connecting to cluster at: mqtt-quic://emqx-headless.dtwins:14567 using QUIC
INFO:Subscribed to topic: type-2/44
INFO:Logging each: 50
INFO:Unhandled packet type received
INFO:Message received on topic: type-2/44 with payload size: 91 at 2024-12-11 11:14:34.745362 sent 2024-12-11 11:14:34.702981
INFO:Message received on topic: type-2/44 with payload size: 91 at 2024-12-11 11:14:37.341262 sent 2024-12-11 11:14:37.310438
INFO:Message received on topic: type-2/44 with payload size: 91 at 2024-12-11 11:14:39.942808 sent 2024-12-11 11:14:39.924141
INFO:Message received on topic: type-2/44 with payload size: 91 at 2024-12-11 11:14:42.586058 sent 2024-12-11 11:14:42.533239
INFO:Message received on topic: type-2/44 with payload size: 91 at 2024-12-11 11:14:45.188032 sent 2024-12-11 11:14:45.140927
INFO:Message received on topic: type-2/44 with payload size: 91 at 2024-12-11 11:14:47.787886 sent 2024-12-11 11:14:47.744555
INFO:Message received on topic: type-2/44 with payload size: 91 at 2024-12-11 11:14:50.430807 sent 2024-12-11 11:14:50.357189
INFO:Message received on topic: type-2/44 with payload size: 91 at 2024-12-11 11:14:52.993009 sent 2024-12-11 11:14:52.968818
INFO:Message received on topic: type-2/44 with payload size: 91 at 2024-12-11 11:14:55.594593 sent 2024-12-11 11:14:55.575793
INFO:Message received on topic: type-2/44 with payload size: 91 at 2024-12-11 11:14:58.238546 sent 2024-12-11 11:14:58.189653
INFO:Message received on topic: type-2/44 with payload size: 91 at 2024-12-11 11:15:00.888631 sent 2024-12-11 11:15:00.802369
INFO:Message received on topic: type-2/44 with payload size: 91 at 2024-12-11 11:15:03.473835 sent 2024-12-11 11:15:03.415942
INFO:Message received on topic: type-2/44 with payload size: 91 at 2024-12-11 11:15:06.097515 sent 2024-12-11 11:15:06.029246
INFO:Message received on topic: type-2/44 with payload size: 91 at 2024-12-11 11:15:08.734185 sent 2024-12-11 11:15:08.647698
INFO:Message received on topic: type-2/44 with payload size: 91 at 2024-12-11 11:15:11.294486 sent 2024-12-11 11:15:11.264948
INFO:Message received on topic: type-2/44 with payload size: 91 at 2024-12-11 11:15:13.988714 sent 2024-12-11 11:15:13.879389
INFO:Message received on topic: type-2/44 with payload size: 91 at 2024-12-11 11:15:16.528848 sent 2024-12-11 11:15:16.483833
INFO:Message received on topic: type-2/44 with payload size: 91 at 2024-12-11 11:15:19.127862 sent 2024-12-11 11:15:19.089167
INFO:Message received on topic: type-2/44 with payload size: 91 at 2024-12-11 11:15:21.776863 sent 2024-12-11 11:15:21.706295
INFO:Message received on topic: type-2/44 with payload size: 91 at 2024-12-11 11:15:24.374132 sent 2024-12-11 11:15:24.329861
INFO:Message received on topic: type-2/44 with payload size: 91 at 2024-12-11 11:15:27.027530 sent 2024-12-11 11:15:26.940560
INFO:Message received on topic: type-2/44 with payload size: 91 at 2024-12-11 11:15:29.624873 sent 2024-12-11 11:15:29.552555
INFO:Message received on topic: type-2/44 with payload size: 91 at 2024-12-11 11:15:32.178543 sent 2024-12-11 11:15:32.168716
INFO:Message received on topic: type-2/44 with payload size: 91 at 2024-12-11 11:15:34.874995 sent 2024-12-11 11:15:34.791064
INFO:Message received on topic: type-2/44 with payload size: 91 at 2024-12-11 11:15:37.435893 sent 2024-12-11 11:15:37.400250
INFO:Message received on topic: type-2/44 with payload size: 91 at 2024-12-11 11:15:40.033470 sent 2024-12-11 11:15:40.013246
INFO:Message received on topic: type-2/44 with payload size: 91 at 2024-12-11 11:15:42.727276 sent 2024-12-11 11:15:42.633464
INFO:Message received on topic: type-2/44 with payload size: 91 at 2024-12-11 11:15:45.335217 sent 2024-12-11 11:15:45.248215
INFO:Message received on topic: type-2/44 with payload size: 91 at 2024-12-11 11:15:48.130952 sent 2024-12-11 11:15:47.850135
INFO:Message received on topic: type-2/44 with payload size: 91 at 2024-12-11 11:15:50.529461 sent 2024-12-11 11:15:50.467133
INFO:Message received on topic: type-2/44 with payload size: 91 at 2024-12-11 11:15:53.132971 sent 2024-12-11 11:15:53.085517
INFO:Message received on topic: type-2/44 with payload size: 91 at 2024-12-11 11:15:55.780171 sent 2024-12-11 11:15:55.693233
INFO:Message received on topic: type-2/44 with payload size: 91 at 2024-12-11 11:15:58.385703 sent 2024-12-11 11:15:58.302251
INFO:Message received on topic: type-2/44 with payload size: 91 at 2024-12-11 11:16:00.974361 sent 2024-12-11 11:16:00.912063
INFO:Message received on topic: type-2/44 with payload size: 91 at 2024-12-11 11:16:03.595118 sent 2024-12-11 11:16:03.527282
INFO:Message received on topic: type-2/44 with payload size: 91 at 2024-12-11 11:16:06.237095 sent 2024-12-11 11:16:06.137623
INFO:Message received on topic: type-2/44 with payload size: 91 at 2024-12-11 11:16:08.828495 sent 2024-12-11 11:16:08.752050
INFO:Message received on topic: type-2/44 with payload size: 91 at 2024-12-11 11:16:11.396035 sent 2024-12-11 11:16:11.366767
INFO:Message received on topic: type-2/44 with payload size: 91 at 2024-12-11 11:16:14.073937 sent 2024-12-11 11:16:13.986609
INFO:Message received on topic: type-2/44 with payload size: 91 at 2024-12-11 11:16:16.692954 sent 2024-12-11 11:16:16.597410
INFO:Message received on topic: type-2/44 with payload size: 91 at 2024-12-11 11:16:19.326069 sent 2024-12-11 11:16:19.210980
INFO:Message received on topic: type-2/44 with payload size: 91 at 2024-12-11 11:16:21.931860 sent 2024-12-11 11:16:21.822430
INFO:Message received on topic: type-2/44 with payload size: 91 at 2024-12-11 11:16:24.529986 sent 2024-12-11 11:16:24.436681
INFO:Message received on topic: type-2/44 with payload size: 91 at 2024-12-11 11:16:27.081529 sent 2024-12-11 11:16:27.044102
INFO:Message received on topic: type-2/44 with payload size: 91 at 2024-12-11 11:16:29.680677 sent 2024-12-11 11:16:29.656067
INFO:Message received on topic: type-2/44 with payload size: 91 at 2024-12-11 11:16:32.335711 sent 2024-12-11 11:16:32.266143
INFO:Message received on topic: type-2/44 with payload size: 91 at 2024-12-11 11:16:34.929193 sent 2024-12-11 11:16:34.875489
INFO:Message received on topic: type-2/44 with payload size: 91 at 2024-12-11 11:16:37.584207 sent 2024-12-11 11:16:37.493178
INFO:Message received on topic: type-2/44 with payload size: 91 at 2024-12-11 11:16:40.199000 sent 2024-12-11 11:16:40.101822
INFO:Message received on topic: type-2/44 with payload size: 91 at 2024-12-11 11:16:42.779297 sent 2024-12-11 11:16:42.712419
INFO:Message received on topic: type-2/44 with payload size: 91 at 2024-12-11 11:16:45.383120 sent 2024-12-11 11:16:45.327235
INFO:Message received on topic: type-2/44 with payload size: 91 at 2024-12-11 11:16:48.075722 sent 2024-12-11 11:16:47.948410
INFO:Message received on topic: type-2/44 with payload size: 91 at 2024-12-11 11:16:50.692920 sent 2024-12-11 11:16:50.557751
INFO:Message received on topic: type-2/44 with payload size: 91 at 2024-12-11 11:16:53.235895 sent 2024-12-11 11:16:53.166145
INFO:Message received on topic: type-2/44 with payload size: 91 at 2024-12-11 11:16:55.868582 sent 2024-12-11 11:16:55.777705
INFO:Message received on topic: type-2/44 with payload size: 91 at 2024-12-11 11:16:58.441828 sent 2024-12-11 11:16:58.396733
INFO:Message received on topic: type-2/44 with payload size: 91 at 2024-12-11 11:17:01.143031 sent 2024-12-11 11:17:01.010955
INFO:Message received on topic: type-2/44 with payload size: 91 at 2024-12-11 11:17:03.730639 sent 2024-12-11 11:17:03.632917
INFO:Message received on topic: type-2/44 with payload size: 91 at 2024-12-11 11:17:06.286912 sent 2024-12-11 11:17:06.240801
INFO:Message received on topic: type-2/44 with payload size: 91 at 2024-12-11 11:17:08.925261 sent 2024-12-11 11:17:08.852719
INFO:Message received on topic: type-2/44 with payload size: 91 at 2024-12-11 11:17:11.490083 sent 2024-12-11 11:17:11.467006
INFO:Message received on topic: type-2/44 with payload size: 91 at 2024-12-11 11:17:14.193277 sent 2024-12-11 11:17:14.090116
INFO:Message received on topic: type-2/44 with payload size: 91 at 2024-12-11 11:17:16.780809 sent 2024-12-11 11:17:16.694608
INFO:Message received on topic: type-2/44 with payload size: 91 at 2024-12-11 11:17:19.389814 sent 2024-12-11 11:17:19.307905
INFO:Message received on topic: type-2/44 with payload size: 91 at 2024-12-11 11:17:21.992002 sent 2024-12-11 11:17:21.912738
INFO:Message received on topic: type-2/44 with payload size: 91 at 2024-12-11 11:17:24.577026 sent 2024-12-11 11:17:24.506083
INFO:Message received on topic: type-2/44 with payload size: 91 at 2024-12-11 11:17:27.228920 sent 2024-12-11 11:17:27.097554
INFO:Message received on topic: type-2/44 with payload size: 91 at 2024-12-11 11:17:29.773462 sent 2024-12-11 11:17:29.686532
INFO:Message received on topic: type-2/44 with payload size: 91 at 2024-12-11 11:17:32.373347 sent 2024-12-11 11:17:32.284074
INFO:Message received on topic: type-2/44 with payload size: 91 at 2024-12-11 11:17:34.987906 sent 2024-12-11 11:17:34.892714
INFO:Message received on topic: type-2/44 with payload size: 91 at 2024-12-11 11:17:37.576496 sent 2024-12-11 11:17:37.507904
INFO:Message received on topic: type-2/44 with payload size: 91 at 2024-12-11 11:17:40.198583 sent 2024-12-11 11:17:40.118606
INFO:Message received on topic: type-2/44 with payload size: 91 at 2024-12-11 11:17:42.774412 sent 2024-12-11 11:17:42.734972
INFO:Message received on topic: type-2/44 with payload size: 91 at 2024-12-11 11:17:45.396161 sent 2024-12-11 11:17:45.341055
INFO:Message received on topic: type-2/44 with payload size: 91 at 2024-12-11 11:17:48.037007 sent 2024-12-11 11:17:47.964499
INFO:Message received on topic: type-2/44 with payload size: 91 at 2024-12-11 11:17:50.691125 sent 2024-12-11 11:17:50.590800
INFO:Message received on topic: type-2/44 with payload size: 91 at 2024-12-11 11:17:53.296685 sent 2024-12-11 11:17:53.204249
INFO:Message received on topic: type-2/44 with payload size: 91 at 2024-12-11 11:17:55.892558 sent 2024-12-11 11:17:55.812597
INFO:Message received on topic: type-2/44 with payload size: 91 at 2024-12-11 11:17:58.487261 sent 2024-12-11 11:17:58.418582
INFO:Message received on topic: type-2/44 with payload size: 91 at 2024-12-11 11:18:01.180983 sent 2024-12-11 11:18:01.037643
INFO:Message received on topic: type-2/44 with payload size: 91 at 2024-12-11 11:18:03.733541 sent 2024-12-11 11:18:03.654120
INFO:Message received on topic: type-2/44 with payload size: 91 at 2024-12-11 11:18:06.334538 sent 2024-12-11 11:18:06.263639
INFO:Message received on topic: type-2/44 with payload size: 91 at 2024-12-11 11:18:09.036188 sent 2024-12-11 11:18:08.889998
INFO:Message received on topic: type-2/44 with payload size: 91 at 2024-12-11 11:18:11.596176 sent 2024-12-11 11:18:11.505541
INFO:Message received on topic: type-2/44 with payload size: 91 at 2024-12-11 11:18:14.134654 sent 2024-12-11 11:18:14.116285
INFO:Message received on topic: type-2/44 with payload size: 91 at 2024-12-11 11:18:16.886121 sent 2024-12-11 11:18:16.729275
INFO:Message received on topic: type-2/44 with payload size: 91 at 2024-12-11 11:18:19.398037 sent 2024-12-11 11:18:19.345903
INFO:Message received on topic: type-2/44 with payload size: 91 at 2024-12-11 11:18:22.134108 sent 2024-12-11 11:18:21.963433
INFO:Message received on topic: type-2/44 with payload size: 91 at 2024-12-11 11:18:24.629276 sent 2024-12-11 11:18:24.577710
INFO:Message received on topic: type-2/44 with payload size: 91 at 2024-12-11 11:18:27.233501 sent 2024-12-11 11:18:27.194876
INFO:Message received on topic: type-2/44 with payload size: 91 at 2024-12-11 11:18:29.886864 sent 2024-12-11 11:18:29.803833
INFO:Message received on topic: type-2/44 with payload size: 91 at 2024-12-11 11:18:32.488114 sent 2024-12-11 11:18:32.409064
INFO:Message received on topic: type-2/44 with payload size: 91 at 2024-12-11 11:18:35.138290 sent 2024-12-11 11:18:35.026829
INFO:Message received on topic: type-2/44 with payload size: 91 at 2024-12-11 11:18:37.727989 sent 2024-12-11 11:18:37.643044
INFO:Message received on topic: type-2/44 with payload size: 91 at 2024-12-11 11:18:40.291063 sent 2024-12-11 11:18:40.259787
INFO:Message received on topic: type-2/44 with payload size: 91 at 2024-12-11 11:18:42.970132 sent 2024-12-11 11:18:42.876938
INFO:Message received on topic: type-2/44 with payload size: 91 at 2024-12-11 11:18:45.634870 sent 2024-12-11 11:18:45.489001
INFO:Message received on topic: type-2/44 with payload size: 91 at 2024-12-11 11:18:48.193422 sent 2024-12-11 11:18:48.103573
INFO:Message received on topic: type-2/44 with payload size: 91 at 2024-12-11 11:18:50.842835 sent 2024-12-11 11:18:50.711844
INFO:Message received on topic: type-2/44 with payload size: 91 at 2024-12-11 11:18:53.385727 sent 2024-12-11 11:18:53.329074
INFO:Message received on topic: type-2/44 with payload size: 91 at 2024-12-11 11:18:56.040299 sent 2024-12-11 11:18:55.945573
INFO:Message received on topic: type-2/44 with payload size: 91 at 2024-12-11 11:18:58.637508 sent 2024-12-11 11:18:58.550103
INFO:Message received on topic: type-2/44 with payload size: 91 at 2024-12-11 11:19:01.204653 sent 2024-12-11 11:19:01.158796
INFO:Message received on topic: type-2/44 with payload size: 91 at 2024-12-11 11:19:03.803058 sent 2024-12-11 11:19:03.767627
INFO:Message received on topic: type-2/44 with payload size: 91 at 2024-12-11 11:19:06.433397 sent 2024-12-11 11:19:06.376005
INFO:Message received on topic: type-2/44 with payload size: 91 at 2024-12-11 11:19:09.238479 sent 2024-12-11 11:19:08.987563
INFO:Message received on topic: type-2/44 with payload size: 91 at 2024-12-11 11:19:11.790513 sent 2024-12-11 11:19:11.600995
INFO:Message received on topic: type-2/44 with payload size: 91 at 2024-12-11 11:19:14.283218 sent 2024-12-11 11:19:14.215723
INFO:Message received on topic: type-2/44 with payload size: 91 at 2024-12-11 11:19:16.886396 sent 2024-12-11 11:19:16.824819
INFO:Message received on topic: type-2/44 with payload size: 91 at 2024-12-11 11:19:19.486539 sent 2024-12-11 11:19:19.444628
INFO:Message received on topic: type-2/44 with payload size: 91 at 2024-12-11 11:19:22.129569 sent 2024-12-11 11:19:22.060533
INFO:Message received on topic: type-2/44 with payload size: 91 at 2024-12-11 11:19:24.730031 sent 2024-12-11 11:19:24.672955
INFO:Message received on topic: type-2/44 with payload size: 91 at 2024-12-11 11:19:27.384254 sent 2024-12-11 11:19:27.286101
INFO:Message received on topic: type-2/44 with payload size: 91 at 2024-12-11 11:19:30.030051 sent 2024-12-11 11:19:29.894556
INFO:Message received on topic: type-2/44 with payload size: 91 at 2024-12-11 11:19:32.591842 sent 2024-12-11 11:19:32.508719
INFO:Message received on topic: type-2/44 with payload size: 91 at 2024-12-11 11:19:35.234852 sent 2024-12-11 11:19:35.116402
INFO:Message received on topic: type-2/44 with payload size: 91 at 2024-12-11 11:19:37.883010 sent 2024-12-11 11:19:37.736502
INFO:Message received on topic: type-2/44 with payload size: 91 at 2024-12-11 11:19:40.482073 sent 2024-12-11 11:19:40.357995
INFO:Message received on topic: type-2/44 with payload size: 91 at 2024-12-11 11:19:42.997263 sent 2024-12-11 11:19:42.967971
INFO:Message received on topic: type-2/44 with payload size: 91 at 2024-12-11 11:19:45.677231 sent 2024-12-11 11:19:45.575458
INFO:Message received on topic: type-2/44 with payload size: 91 at 2024-12-11 11:19:48.430835 sent 2024-12-11 11:19:48.187257
INFO:Message received on topic: type-2/44 with payload size: 91 at 2024-12-11 11:19:50.891180 sent 2024-12-11 11:19:50.798320
INFO:Message received on topic: type-2/44 with payload size: 91 at 2024-12-11 11:19:53.530102 sent 2024-12-11 11:19:53.412255
INFO:Message received on topic: type-2/44 with payload size: 91 at 2024-12-11 11:19:56.079657 sent 2024-12-11 11:19:56.027234
INFO:Message received on topic: type-2/44 with payload size: 91 at 2024-12-11 11:19:58.703551 sent 2024-12-11 11:19:58.640418
INFO:Message received on topic: type-2/44 with payload size: 91 at 2024-12-11 11:20:01.402710 sent 2024-12-11 11:20:01.250953
INFO:Message received on topic: type-2/44 with payload size: 91 at 2024-12-11 11:20:04.587043 sent 2024-12-11 11:20:03.863908
INFO:Message received on topic: type-2/44 with payload size: 91 at 2024-12-11 11:20:06.686668 sent 2024-12-11 11:20:06.474744
INFO:Message received on topic: type-2/44 with payload size: 91 at 2024-12-11 11:20:09.228351 sent 2024-12-11 11:20:09.090750
INFO:Message received on topic: type-2/44 with payload size: 91 at 2024-12-11 11:20:11.787261 sent 2024-12-11 11:20:11.704060
INFO:Message received on topic: type-2/44 with payload size: 91 at 2024-12-11 11:20:14.498911 sent 2024-12-11 11:20:14.313567
INFO:Message received on topic: type-2/44 with payload size: 91 at 2024-12-11 11:20:17.076959 sent 2024-12-11 11:20:16.925545
INFO:Message received on topic: type-2/44 with payload size: 91 at 2024-12-11 11:20:19.679535 sent 2024-12-11 11:20:19.542603
INFO:Message received on topic: type-2/44 with payload size: 91 at 2024-12-11 11:20:22.277112 sent 2024-12-11 11:20:22.154987
INFO:Message received on topic: type-2/44 with payload size: 91 at 2024-12-11 11:20:24.995913 sent 2024-12-11 11:20:24.763619
INFO:Message received on topic: type-2/44 with payload size: 91 at 2024-12-11 11:20:27.574701 sent 2024-12-11 11:20:27.380755
INFO:Message received on topic: type-2/44 with payload size: 91 at 2024-12-11 11:20:30.281408 sent 2024-12-11 11:20:29.991394
INFO:Message received on topic: type-2/44 with payload size: 91 at 2024-12-11 11:20:32.727192 sent 2024-12-11 11:20:32.607517
INFO:Message received on topic: type-2/44 with payload size: 91 at 2024-12-11 11:20:35.284287 sent 2024-12-11 11:20:35.217056
INFO:Message received on topic: type-2/44 with payload size: 91 at 2024-12-11 11:20:37.883303 sent 2024-12-11 11:20:37.831488
INFO:Message received on topic: type-2/44 with payload size: 91 at 2024-12-11 11:20:40.528436 sent 2024-12-11 11:20:40.440019
INFO:Message received on topic: type-2/44 with payload size: 91 at 2024-12-11 11:20:43.184562 sent 2024-12-11 11:20:43.053892
INFO:Message received on topic: type-2/44 with payload size: 91 at 2024-12-11 11:20:45.734112 sent 2024-12-11 11:20:45.661884
INFO:Message received on topic: type-2/44 with payload size: 91 at 2024-12-11 11:20:48.383425 sent 2024-12-11 11:20:48.264050
INFO:Message received on topic: type-2/44 with payload size: 91 at 2024-12-11 11:20:50.971631 sent 2024-12-11 11:20:50.877831
INFO:Message received on topic: type-2/44 with payload size: 91 at 2024-12-11 11:20:53.594971 sent 2024-12-11 11:20:53.495589
INFO:Message received on topic: type-2/44 with payload size: 91 at 2024-12-11 11:20:56.270979 sent 2024-12-11 11:20:56.110646
INFO:Message received on topic: type-2/44 with payload size: 91 at 2024-12-11 11:20:58.796790 sent 2024-12-11 11:20:58.719388
INFO:Message received on topic: type-2/44 with payload size: 91 at 2024-12-11 11:21:01.395290 sent 2024-12-11 11:21:01.329084
INFO:Message received on topic: type-2/44 with payload size: 91 at 2024-12-11 11:21:03.992477 sent 2024-12-11 11:21:03.941385
INFO:Message received on topic: type-2/44 with payload size: 91 at 2024-12-11 11:21:06.673966 sent 2024-12-11 11:21:06.554443
INFO:Message received on topic: type-2/44 with payload size: 91 at 2024-12-11 11:21:09.299010 sent 2024-12-11 11:21:09.165870
INFO:Message received on topic: type-2/44 with payload size: 91 at 2024-12-11 11:21:11.878482 sent 2024-12-11 11:21:11.776276
INFO:Message received on topic: type-2/44 with payload size: 91 at 2024-12-11 11:21:14.475734 sent 2024-12-11 11:21:14.390319
INFO:Message received on topic: type-2/44 with payload size: 91 at 2024-12-11 11:21:17.085642 sent 2024-12-11 11:21:17.000694
INFO:Message received on topic: type-2/44 with payload size: 91 at 2024-12-11 11:21:19.730587 sent 2024-12-11 11:21:19.611868
INFO:Message received on topic: type-2/44 with payload size: 91 at 2024-12-11 11:21:22.284685 sent 2024-12-11 11:21:22.220066
INFO:Message received on topic: type-2/44 with payload size: 91 at 2024-12-11 11:21:25.280122 sent 2024-12-11 11:21:24.828450
INFO:Message received on topic: type-2/44 with payload size: 91 at 2024-12-11 11:21:27.485204 sent 2024-12-11 11:21:27.435465
INFO:Message received on topic: type-2/44 with payload size: 91 at 2024-12-11 11:21:30.090260 sent 2024-12-11 11:21:30.051971
INFO:Message received on topic: type-2/44 with payload size: 91 at 2024-12-11 11:21:32.688807 sent 2024-12-11 11:21:32.659607
INFO:Message received on topic: type-2/44 with payload size: 91 at 2024-12-11 11:21:35.292976 sent 2024-12-11 11:21:35.265706
INFO:Message received on topic: type-2/44 with payload size: 91 at 2024-12-11 11:21:37.971656 sent 2024-12-11 11:21:37.870702
INFO:Message received on topic: type-2/44 with payload size: 91 at 2024-12-11 11:21:40.500845 sent 2024-12-11 11:21:40.482449
INFO:Message received on topic: type-2/44 with payload size: 91 at 2024-12-11 11:21:43.125157 sent 2024-12-11 11:21:43.091709
INFO:Message received on topic: type-2/44 with payload size: 91 at 2024-12-11 11:21:45.780031 sent 2024-12-11 11:21:45.693200
INFO:Message received on topic: type-2/44 with payload size: 91 at 2024-12-11 11:21:48.378774 sent 2024-12-11 11:21:48.299415
INFO:Message received on topic: type-2/44 with payload size: 91 at 2024-12-11 11:21:50.984763 sent 2024-12-11 11:21:50.909729
INFO:Message received on topic: type-2/44 with payload size: 91 at 2024-12-11 11:21:53.582532 sent 2024-12-11 11:21:53.512978
INFO:Message received on topic: type-2/44 with payload size: 91 at 2024-12-11 11:21:56.191477 sent 2024-12-11 11:21:56.118723
INFO:Message received on topic: type-2/44 with payload size: 91 at 2024-12-11 11:21:58.778618 sent 2024-12-11 11:21:58.726960
INFO:Message received on topic: type-2/44 with payload size: 91 at 2024-12-11 11:22:01.390261 sent 2024-12-11 11:22:01.335471
INFO:Message received on topic: type-2/44 with payload size: 91 at 2024-12-11 11:22:03.983234 sent 2024-12-11 11:22:03.942953
INFO:Message received on topic: type-2/44 with payload size: 91 at 2024-12-11 11:22:06.788972 sent 2024-12-11 11:22:06.547566
INFO:Message received on topic: type-2/44 with payload size: 91 at 2024-12-11 11:22:09.277856 sent 2024-12-11 11:22:09.154604
INFO:Message received on topic: type-2/44 with payload size: 91 at 2024-12-11 11:22:11.789296 sent 2024-12-11 11:22:11.760292
INFO:Message received on topic: type-2/44 with payload size: 91 at 2024-12-11 11:22:14.474093 sent 2024-12-11 11:22:14.369805
INFO:Message received on topic: type-2/44 with payload size: 91 at 2024-12-11 11:22:17.071940 sent 2024-12-11 11:22:16.974429
INFO:Message received on topic: type-2/44 with payload size: 91 at 2024-12-11 11:22:19.590288 sent 2024-12-11 11:22:19.579559
INFO:Message received on topic: type-2/44 with payload size: 91 at 2024-12-11 11:22:22.225455 sent 2024-12-11 11:22:22.184558
INFO:Message received on topic: type-2/44 with payload size: 91 at 2024-12-11 11:22:24.799918 sent 2024-12-11 11:22:24.786599
INFO:Message received on topic: type-2/44 with payload size: 91 at 2024-12-11 11:22:27.397961 sent 2024-12-11 11:22:27.387417
INFO:Message received on topic: type-2/44 with payload size: 91 at 2024-12-11 11:22:30.079468 sent 2024-12-11 11:22:29.992143
INFO:Message received on topic: type-2/44 with payload size: 91 at 2024-12-11 11:22:32.608869 sent 2024-12-11 11:22:32.595245
INFO:Message received on topic: type-2/44 with payload size: 91 at 2024-12-11 11:22:35.279800 sent 2024-12-11 11:22:35.196047
INFO:Message received on topic: type-2/44 with payload size: 91 at 2024-12-11 11:22:37.817297 sent 2024-12-11 11:22:37.800211
INFO:Message received on topic: type-2/44 with payload size: 91 at 2024-12-11 11:22:40.475377 sent 2024-12-11 11:22:40.403599
INFO:Message received on topic: type-2/44 with payload size: 91 at 2024-12-11 11:22:43.081857 sent 2024-12-11 11:22:43.008473
INFO:Message received on topic: type-2/44 with payload size: 91 at 2024-12-11 11:22:45.679084 sent 2024-12-11 11:22:45.613577
INFO:Message received on topic: type-2/44 with payload size: 91 at 2024-12-11 11:22:48.286574 sent 2024-12-11 11:22:48.216523
INFO:Message received on topic: type-2/44 with payload size: 91 at 2024-12-11 11:22:50.889032 sent 2024-12-11 11:22:50.822164
INFO:Message received on topic: type-2/44 with payload size: 91 at 2024-12-11 11:22:53.485616 sent 2024-12-11 11:22:53.424284
INFO:Message received on topic: type-2/44 with payload size: 91 at 2024-12-11 11:22:56.086688 sent 2024-12-11 11:22:56.024726
INFO:Message received on topic: type-2/44 with payload size: 91 at 2024-12-11 11:22:58.684666 sent 2024-12-11 11:22:58.627289
INFO:Message received on topic: type-2/44 with payload size: 91 at 2024-12-11 11:23:01.292221 sent 2024-12-11 11:23:01.231592
INFO:Message received on topic: type-2/44 with payload size: 91 at 2024-12-11 11:23:03.896119 sent 2024-12-11 11:23:03.836943
