INFO:Starting Version 1.0.5
DEBUG:Using selector: EpollSelector
INFO:Connecting to cluster at: mqtt-quic://emqx-headless.dtwins:14567 using QUIC
INFO:Subscribed to topic: type-2/4
INFO:Logging each: 50
INFO:Unhandled packet type received
INFO:Message received on topic: type-2/4 with payload size: 91 at 2024-12-11 11:12:07.817672 sent 2024-12-11 11:12:07.816421
INFO:Message received on topic: type-2/4 with payload size: 91 at 2024-12-11 11:12:10.417308 sent 2024-12-11 11:12:10.415844
INFO:Message received on topic: type-2/4 with payload size: 91 at 2024-12-11 11:12:13.015740 sent 2024-12-11 11:12:13.014669
INFO:Message received on topic: type-2/4 with payload size: 91 at 2024-12-11 11:12:15.615871 sent 2024-12-11 11:12:15.614456
INFO:Message received on topic: type-2/4 with payload size: 91 at 2024-12-11 11:12:18.214208 sent 2024-12-11 11:12:18.212787
INFO:Message received on topic: type-2/4 with payload size: 91 at 2024-12-11 11:12:20.813334 sent 2024-12-11 11:12:20.811760
INFO:Message received on topic: type-2/4 with payload size: 91 at 2024-12-11 11:12:23.411472 sent 2024-12-11 11:12:23.410279
INFO:Message received on topic: type-2/4 with payload size: 91 at 2024-12-11 11:12:26.010954 sent 2024-12-11 11:12:26.009547
INFO:Message received on topic: type-2/4 with payload size: 91 at 2024-12-11 11:12:28.609072 sent 2024-12-11 11:12:28.607830
INFO:Message received on topic: type-2/4 with payload size: 91 at 2024-12-11 11:12:31.206693 sent 2024-12-11 11:12:31.205279
INFO:Message received on topic: type-2/4 with payload size: 91 at 2024-12-11 11:12:33.803916 sent 2024-12-11 11:12:33.802686
INFO:Message received on topic: type-2/4 with payload size: 91 at 2024-12-11 11:12:36.426105 sent 2024-12-11 11:12:36.405106
INFO:Message received on topic: type-2/4 with payload size: 91 at 2024-12-11 11:12:39.031111 sent 2024-12-11 11:12:39.004636
INFO:Message received on topic: type-2/4 with payload size: 91 at 2024-12-11 11:12:41.624567 sent 2024-12-11 11:12:41.601676
INFO:Message received on topic: type-2/4 with payload size: 91 at 2024-12-11 11:12:44.226300 sent 2024-12-11 11:12:44.199016
INFO:Message received on topic: type-2/4 with payload size: 91 at 2024-12-11 11:12:46.824906 sent 2024-12-11 11:12:46.798883
INFO:Message received on topic: type-2/4 with payload size: 91 at 2024-12-11 11:12:49.425392 sent 2024-12-11 11:12:49.397767
INFO:Message received on topic: type-2/4 with payload size: 91 at 2024-12-11 11:12:52.030040 sent 2024-12-11 11:12:51.995863
INFO:Message received on topic: type-2/4 with payload size: 91 at 2024-12-11 11:12:54.629828 sent 2024-12-11 11:12:54.593765
INFO:Message received on topic: type-2/4 with payload size: 91 at 2024-12-11 11:12:57.229419 sent 2024-12-11 11:12:57.190012
INFO:Message received on topic: type-2/4 with payload size: 91 at 2024-12-11 11:12:59.792311 sent 2024-12-11 11:12:59.789938
INFO:Message received on topic: type-2/4 with payload size: 91 at 2024-12-11 11:13:02.427519 sent 2024-12-11 11:13:02.391229
INFO:Message received on topic: type-2/4 with payload size: 91 at 2024-12-11 11:13:05.032861 sent 2024-12-11 11:13:04.992395
INFO:Message received on topic: type-2/4 with payload size: 91 at 2024-12-11 11:13:07.627108 sent 2024-12-11 11:13:07.590789
INFO:Message received on topic: type-2/4 with payload size: 91 at 2024-12-11 11:13:10.228009 sent 2024-12-11 11:13:10.187647
INFO:Message received on topic: type-2/4 with payload size: 91 at 2024-12-11 11:13:12.829848 sent 2024-12-11 11:13:12.785563
INFO:Message received on topic: type-2/4 with payload size: 91 at 2024-12-11 11:13:15.432749 sent 2024-12-11 11:13:15.388446
INFO:Message received on topic: type-2/4 with payload size: 91 at 2024-12-11 11:13:18.047592 sent 2024-12-11 11:13:17.994908
INFO:Message received on topic: type-2/4 with payload size: 91 at 2024-12-11 11:13:20.634673 sent 2024-12-11 11:13:20.593123
INFO:Message received on topic: type-2/4 with payload size: 91 at 2024-12-11 11:13:23.229661 sent 2024-12-11 11:13:23.195562
INFO:Message received on topic: type-2/4 with payload size: 91 at 2024-12-11 11:13:25.833543 sent 2024-12-11 11:13:25.794712
INFO:Message received on topic: type-2/4 with payload size: 91 at 2024-12-11 11:13:28.434689 sent 2024-12-11 11:13:28.393771
INFO:Message received on topic: type-2/4 with payload size: 91 at 2024-12-11 11:13:31.037567 sent 2024-12-11 11:13:30.997088
INFO:Message received on topic: type-2/4 with payload size: 91 at 2024-12-11 11:13:33.638746 sent 2024-12-11 11:13:33.604193
INFO:Message received on topic: type-2/4 with payload size: 91 at 2024-12-11 11:13:36.240007 sent 2024-12-11 11:13:36.207259
INFO:Message received on topic: type-2/4 with payload size: 91 at 2024-12-11 11:13:38.836301 sent 2024-12-11 11:13:38.810467
INFO:Message received on topic: type-2/4 with payload size: 91 at 2024-12-11 11:13:41.436269 sent 2024-12-11 11:13:41.414342
INFO:Message received on topic: type-2/4 with payload size: 91 at 2024-12-11 11:13:44.048165 sent 2024-12-11 11:13:44.015038
INFO:Message received on topic: type-2/4 with payload size: 91 at 2024-12-11 11:13:46.642494 sent 2024-12-11 11:13:46.615608
INFO:Message received on topic: type-2/4 with payload size: 91 at 2024-12-11 11:13:49.247245 sent 2024-12-11 11:13:49.223055
INFO:Message received on topic: type-2/4 with payload size: 91 at 2024-12-11 11:13:51.843790 sent 2024-12-11 11:13:51.832426
INFO:Message received on topic: type-2/4 with payload size: 91 at 2024-12-11 11:13:54.452829 sent 2024-12-11 11:13:54.443857
INFO:Message received on topic: type-2/4 with payload size: 91 at 2024-12-11 11:13:57.085561 sent 2024-12-11 11:13:57.058516
INFO:Message received on topic: type-2/4 with payload size: 91 at 2024-12-11 11:13:59.685903 sent 2024-12-11 11:13:59.663368
INFO:Message received on topic: type-2/4 with payload size: 91 at 2024-12-11 11:14:02.284919 sent 2024-12-11 11:14:02.268571
INFO:Message received on topic: type-2/4 with payload size: 91 at 2024-12-11 11:14:04.927053 sent 2024-12-11 11:14:04.874948
INFO:Message received on topic: type-2/4 with payload size: 91 at 2024-12-11 11:14:07.489472 sent 2024-12-11 11:14:07.479012
INFO:Message received on topic: type-2/4 with payload size: 91 at 2024-12-11 11:14:10.094164 sent 2024-12-11 11:14:10.088185
INFO:Message received on topic: type-2/4 with payload size: 91 at 2024-12-11 11:14:12.741207 sent 2024-12-11 11:14:12.695542
INFO:Message received on topic: type-2/4 with payload size: 91 at 2024-12-11 11:14:15.371406 sent 2024-12-11 11:14:15.302773
INFO:Message received on topic: type-2/4 with payload size: 91 at 2024-12-11 11:14:17.997067 sent 2024-12-11 11:14:17.907244
INFO:Message received on topic: type-2/4 with payload size: 91 at 2024-12-11 11:14:20.539827 sent 2024-12-11 11:14:20.517654
INFO:Message received on topic: type-2/4 with payload size: 91 at 2024-12-11 11:14:23.143378 sent 2024-12-11 11:14:23.123565
INFO:Message received on topic: type-2/4 with payload size: 91 at 2024-12-11 11:14:25.770024 sent 2024-12-11 11:14:25.728506
INFO:Message received on topic: type-2/4 with payload size: 91 at 2024-12-11 11:14:28.383966 sent 2024-12-11 11:14:28.328421
INFO:Message received on topic: type-2/4 with payload size: 91 at 2024-12-11 11:14:30.967895 sent 2024-12-11 11:14:30.930210
INFO:Message received on topic: type-2/4 with payload size: 91 at 2024-12-11 11:14:33.596086 sent 2024-12-11 11:14:33.543607
INFO:Message received on topic: type-2/4 with payload size: 91 at 2024-12-11 11:14:36.188135 sent 2024-12-11 11:14:36.147291
INFO:Message received on topic: type-2/4 with payload size: 91 at 2024-12-11 11:14:38.830757 sent 2024-12-11 11:14:38.757788
INFO:Message received on topic: type-2/4 with payload size: 91 at 2024-12-11 11:14:41.387095 sent 2024-12-11 11:14:41.363508
INFO:Message received on topic: type-2/4 with payload size: 91 at 2024-12-11 11:14:44.033545 sent 2024-12-11 11:14:43.970681
INFO:Message received on topic: type-2/4 with payload size: 91 at 2024-12-11 11:14:46.637598 sent 2024-12-11 11:14:46.577207
INFO:Message received on topic: type-2/4 with payload size: 91 at 2024-12-11 11:14:49.229458 sent 2024-12-11 11:14:49.185501
INFO:Message received on topic: type-2/4 with payload size: 91 at 2024-12-11 11:14:51.878955 sent 2024-12-11 11:14:51.801583
INFO:Message received on topic: type-2/4 with payload size: 91 at 2024-12-11 11:14:54.489171 sent 2024-12-11 11:14:54.413847
INFO:Message received on topic: type-2/4 with payload size: 91 at 2024-12-11 11:14:57.129936 sent 2024-12-11 11:14:57.032502
INFO:Message received on topic: type-2/4 with payload size: 91 at 2024-12-11 11:14:59.680260 sent 2024-12-11 11:14:59.641979
INFO:Message received on topic: type-2/4 with payload size: 91 at 2024-12-11 11:15:02.304816 sent 2024-12-11 11:15:02.259096
INFO:Message received on topic: type-2/4 with payload size: 91 at 2024-12-11 11:15:04.940000 sent 2024-12-11 11:15:04.867961
INFO:Message received on topic: type-2/4 with payload size: 91 at 2024-12-11 11:15:07.503952 sent 2024-12-11 11:15:07.482288
INFO:Message received on topic: type-2/4 with payload size: 91 at 2024-12-11 11:15:10.175894 sent 2024-12-11 11:15:10.094051
INFO:Message received on topic: type-2/4 with payload size: 91 at 2024-12-11 11:15:12.779496 sent 2024-12-11 11:15:12.711705
INFO:Message received on topic: type-2/4 with payload size: 91 at 2024-12-11 11:15:15.397082 sent 2024-12-11 11:15:15.324208
INFO:Message received on topic: type-2/4 with payload size: 91 at 2024-12-11 11:15:17.993503 sent 2024-12-11 11:15:17.950203
INFO:Message received on topic: type-2/4 with payload size: 91 at 2024-12-11 11:15:20.787856 sent 2024-12-11 11:15:20.575229
INFO:Message received on topic: type-2/4 with payload size: 91 at 2024-12-11 11:15:23.288014 sent 2024-12-11 11:15:23.190783
INFO:Message received on topic: type-2/4 with payload size: 91 at 2024-12-11 11:15:25.877390 sent 2024-12-11 11:15:25.802365
INFO:Message received on topic: type-2/4 with payload size: 91 at 2024-12-11 11:15:28.478359 sent 2024-12-11 11:15:28.413856
INFO:Message received on topic: type-2/4 with payload size: 91 at 2024-12-11 11:15:31.086731 sent 2024-12-11 11:15:31.043944
INFO:Message received on topic: type-2/4 with payload size: 91 at 2024-12-11 11:15:33.770358 sent 2024-12-11 11:15:33.662368
INFO:Message received on topic: type-2/4 with payload size: 91 at 2024-12-11 11:15:36.336835 sent 2024-12-11 11:15:36.282974
INFO:Message received on topic: type-2/4 with payload size: 91 at 2024-12-11 11:15:38.935618 sent 2024-12-11 11:15:38.893715
INFO:Message received on topic: type-2/4 with payload size: 91 at 2024-12-11 11:15:41.578606 sent 2024-12-11 11:15:41.504617
INFO:Message received on topic: type-2/4 with payload size: 91 at 2024-12-11 11:15:44.175369 sent 2024-12-11 11:15:44.115391
INFO:Message received on topic: type-2/4 with payload size: 91 at 2024-12-11 11:15:46.734106 sent 2024-12-11 11:15:46.717195
INFO:Message received on topic: type-2/4 with payload size: 91 at 2024-12-11 11:15:49.342211 sent 2024-12-11 11:15:49.324177
INFO:Message received on topic: type-2/4 with payload size: 91 at 2024-12-11 11:15:51.984792 sent 2024-12-11 11:15:51.948188
INFO:Message received on topic: type-2/4 with payload size: 91 at 2024-12-11 11:15:54.676140 sent 2024-12-11 11:15:54.558711
INFO:Message received on topic: type-2/4 with payload size: 91 at 2024-12-11 11:15:57.238405 sent 2024-12-11 11:15:57.168463
INFO:Message received on topic: type-2/4 with payload size: 91 at 2024-12-11 11:15:59.934819 sent 2024-12-11 11:15:59.778157
INFO:Message received on topic: type-2/4 with payload size: 91 at 2024-12-11 11:16:02.438893 sent 2024-12-11 11:16:02.396269
INFO:Message received on topic: type-2/4 with payload size: 91 at 2024-12-11 11:16:05.077918 sent 2024-12-11 11:16:05.004591
INFO:Message received on topic: type-2/4 with payload size: 91 at 2024-12-11 11:16:07.678359 sent 2024-12-11 11:16:07.620439
INFO:Message received on topic: type-2/4 with payload size: 91 at 2024-12-11 11:16:10.387467 sent 2024-12-11 11:16:10.233022
INFO:Message received on topic: type-2/4 with payload size: 91 at 2024-12-11 11:16:12.892723 sent 2024-12-11 11:16:12.850172
INFO:Message received on topic: type-2/4 with payload size: 91 at 2024-12-11 11:16:15.500467 sent 2024-12-11 11:16:15.468078
INFO:Message received on topic: type-2/4 with payload size: 91 at 2024-12-11 11:16:18.173779 sent 2024-12-11 11:16:18.077539
INFO:Message received on topic: type-2/4 with payload size: 91 at 2024-12-11 11:16:20.731068 sent 2024-12-11 11:16:20.691308
INFO:Message received on topic: type-2/4 with payload size: 91 at 2024-12-11 11:16:23.473870 sent 2024-12-11 11:16:23.305189
INFO:Message received on topic: type-2/4 with payload size: 91 at 2024-12-11 11:16:25.994823 sent 2024-12-11 11:16:25.909139
INFO:Message received on topic: type-2/4 with payload size: 91 at 2024-12-11 11:16:28.578194 sent 2024-12-11 11:16:28.530135
INFO:Message received on topic: type-2/4 with payload size: 91 at 2024-12-11 11:16:31.224889 sent 2024-12-11 11:16:31.143659
INFO:Message received on topic: type-2/4 with payload size: 91 at 2024-12-11 11:16:33.887807 sent 2024-12-11 11:16:33.756536
INFO:Message received on topic: type-2/4 with payload size: 91 at 2024-12-11 11:16:36.481439 sent 2024-12-11 11:16:36.366426
INFO:Message received on topic: type-2/4 with payload size: 91 at 2024-12-11 11:16:39.071977 sent 2024-12-11 11:16:38.980826
INFO:Message received on topic: type-2/4 with payload size: 91 at 2024-12-11 11:16:41.634298 sent 2024-12-11 11:16:41.591966
INFO:Message received on topic: type-2/4 with payload size: 91 at 2024-12-11 11:16:44.277048 sent 2024-12-11 11:16:44.206313
INFO:Message received on topic: type-2/4 with payload size: 91 at 2024-12-11 11:16:46.876577 sent 2024-12-11 11:16:46.815893
INFO:Message received on topic: type-2/4 with payload size: 91 at 2024-12-11 11:16:49.495739 sent 2024-12-11 11:16:49.440153
INFO:Message received on topic: type-2/4 with payload size: 91 at 2024-12-11 11:16:52.129082 sent 2024-12-11 11:16:52.051639
INFO:Message received on topic: type-2/4 with payload size: 91 at 2024-12-11 11:16:54.727790 sent 2024-12-11 11:16:54.657844
INFO:Message received on topic: type-2/4 with payload size: 91 at 2024-12-11 11:16:57.379678 sent 2024-12-11 11:16:57.264692
INFO:Message received on topic: type-2/4 with payload size: 91 at 2024-12-11 11:16:59.972623 sent 2024-12-11 11:16:59.882079
INFO:Message received on topic: type-2/4 with payload size: 91 at 2024-12-11 11:17:02.635488 sent 2024-12-11 11:17:02.501514
INFO:Message received on topic: type-2/4 with payload size: 91 at 2024-12-11 11:17:05.192010 sent 2024-12-11 11:17:05.110516
INFO:Message received on topic: type-2/4 with payload size: 91 at 2024-12-11 11:17:07.842197 sent 2024-12-11 11:17:07.719680
INFO:Message received on topic: type-2/4 with payload size: 91 at 2024-12-11 11:17:10.407757 sent 2024-12-11 11:17:10.347533
INFO:Message received on topic: type-2/4 with payload size: 91 at 2024-12-11 11:17:12.984841 sent 2024-12-11 11:17:12.962256
INFO:Message received on topic: type-2/4 with payload size: 91 at 2024-12-11 11:17:15.678865 sent 2024-12-11 11:17:15.578670
INFO:Message received on topic: type-2/4 with payload size: 91 at 2024-12-11 11:17:18.276915 sent 2024-12-11 11:17:18.186847
INFO:Message received on topic: type-2/4 with payload size: 91 at 2024-12-11 11:17:20.883076 sent 2024-12-11 11:17:20.796634
INFO:Message received on topic: type-2/4 with payload size: 91 at 2024-12-11 11:17:23.430714 sent 2024-12-11 11:17:23.385886
INFO:Message received on topic: type-2/4 with payload size: 91 at 2024-12-11 11:17:26.084596 sent 2024-12-11 11:17:25.973951
INFO:Message received on topic: type-2/4 with payload size: 91 at 2024-12-11 11:17:28.633854 sent 2024-12-11 11:17:28.567937
INFO:Message received on topic: type-2/4 with payload size: 91 at 2024-12-11 11:17:31.243086 sent 2024-12-11 11:17:31.158755
INFO:Message received on topic: type-2/4 with payload size: 91 at 2024-12-11 11:17:33.984999 sent 2024-12-11 11:17:33.777663
INFO:Message received on topic: type-2/4 with payload size: 91 at 2024-12-11 11:17:36.434558 sent 2024-12-11 11:17:36.388118
INFO:Message received on topic: type-2/4 with payload size: 91 at 2024-12-11 11:17:39.073514 sent 2024-12-11 11:17:39.002357
INFO:Message received on topic: type-2/4 with payload size: 91 at 2024-12-11 11:17:41.694276 sent 2024-12-11 11:17:41.619065
INFO:Message received on topic: type-2/4 with payload size: 91 at 2024-12-11 11:17:44.471537 sent 2024-12-11 11:17:44.236841
INFO:Message received on topic: type-2/4 with payload size: 91 at 2024-12-11 11:17:47.026147 sent 2024-12-11 11:17:46.841759
INFO:Message received on topic: type-2/4 with payload size: 91 at 2024-12-11 11:17:49.541903 sent 2024-12-11 11:17:49.456920
INFO:Message received on topic: type-2/4 with payload size: 91 at 2024-12-11 11:17:52.177410 sent 2024-12-11 11:17:52.078062
INFO:Message received on topic: type-2/4 with payload size: 91 at 2024-12-11 11:17:54.770638 sent 2024-12-11 11:17:54.688283
INFO:Message received on topic: type-2/4 with payload size: 91 at 2024-12-11 11:17:57.378898 sent 2024-12-11 11:17:57.300945
INFO:Message received on topic: type-2/4 with payload size: 91 at 2024-12-11 11:17:59.978523 sent 2024-12-11 11:17:59.910979
INFO:Message received on topic: type-2/4 with payload size: 91 at 2024-12-11 11:18:02.631722 sent 2024-12-11 11:18:02.525461
INFO:Message received on topic: type-2/4 with payload size: 91 at 2024-12-11 11:18:05.248720 sent 2024-12-11 11:18:05.141002
INFO:Message received on topic: type-2/4 with payload size: 91 at 2024-12-11 11:18:07.839649 sent 2024-12-11 11:18:07.750375
INFO:Message received on topic: type-2/4 with payload size: 91 at 2024-12-11 11:18:10.475418 sent 2024-12-11 11:18:10.363309
INFO:Message received on topic: type-2/4 with payload size: 91 at 2024-12-11 11:18:13.091624 sent 2024-12-11 11:18:12.978203
INFO:Message received on topic: type-2/4 with payload size: 91 at 2024-12-11 11:18:15.672147 sent 2024-12-11 11:18:15.593034
INFO:Message received on topic: type-2/4 with payload size: 91 at 2024-12-11 11:18:18.289966 sent 2024-12-11 11:18:18.201177
INFO:Message received on topic: type-2/4 with payload size: 91 at 2024-12-11 11:18:20.878079 sent 2024-12-11 11:18:20.821188
INFO:Message received on topic: type-2/4 with payload size: 91 at 2024-12-11 11:18:23.529779 sent 2024-12-11 11:18:23.440474
INFO:Message received on topic: type-2/4 with payload size: 91 at 2024-12-11 11:18:26.131646 sent 2024-12-11 11:18:26.048614
INFO:Message received on topic: type-2/4 with payload size: 91 at 2024-12-11 11:18:28.785535 sent 2024-12-11 11:18:28.657487
INFO:Message received on topic: type-2/4 with payload size: 91 at 2024-12-11 11:18:31.287135 sent 2024-12-11 11:18:31.267066
INFO:Message received on topic: type-2/4 with payload size: 91 at 2024-12-11 11:18:33.980669 sent 2024-12-11 11:18:33.881988
INFO:Message received on topic: type-2/4 with payload size: 91 at 2024-12-11 11:18:36.589822 sent 2024-12-11 11:18:36.505268
INFO:Message received on topic: type-2/4 with payload size: 91 at 2024-12-11 11:18:39.173894 sent 2024-12-11 11:18:39.115879
INFO:Message received on topic: type-2/4 with payload size: 91 at 2024-12-11 11:18:41.879989 sent 2024-12-11 11:18:41.732798
INFO:Message received on topic: type-2/4 with payload size: 91 at 2024-12-11 11:18:44.426453 sent 2024-12-11 11:18:44.347876
INFO:Message received on topic: type-2/4 with payload size: 91 at 2024-12-11 11:18:47.029411 sent 2024-12-11 11:18:46.954782
INFO:Message received on topic: type-2/4 with payload size: 91 at 2024-12-11 11:18:49.642755 sent 2024-12-11 11:18:49.571757
INFO:Message received on topic: type-2/4 with payload size: 91 at 2024-12-11 11:18:52.237554 sent 2024-12-11 11:18:52.185173
INFO:Message received on topic: type-2/4 with payload size: 91 at 2024-12-11 11:18:54.938806 sent 2024-12-11 11:18:54.786937
INFO:Message received on topic: type-2/4 with payload size: 91 at 2024-12-11 11:18:57.580065 sent 2024-12-11 11:18:57.398693
INFO:Message received on topic: type-2/4 with payload size: 91 at 2024-12-11 11:19:00.076885 sent 2024-12-11 11:18:59.999264
INFO:Message received on topic: type-2/4 with payload size: 91 at 2024-12-11 11:19:02.771873 sent 2024-12-11 11:19:02.611987
INFO:Message received on topic: type-2/4 with payload size: 91 at 2024-12-11 11:19:05.279557 sent 2024-12-11 11:19:05.228046
INFO:Message received on topic: type-2/4 with payload size: 91 at 2024-12-11 11:19:08.029727 sent 2024-12-11 11:19:07.844410
INFO:Message received on topic: type-2/4 with payload size: 91 at 2024-12-11 11:19:10.735344 sent 2024-12-11 11:19:10.456598
INFO:Message received on topic: type-2/4 with payload size: 91 at 2024-12-11 11:19:13.188191 sent 2024-12-11 11:19:13.063884
INFO:Message received on topic: type-2/4 with payload size: 91 at 2024-12-11 11:19:15.900157 sent 2024-12-11 11:19:15.668738
INFO:Message received on topic: type-2/4 with payload size: 91 at 2024-12-11 11:19:18.373052 sent 2024-12-11 11:19:18.274700
INFO:Message received on topic: type-2/4 with payload size: 91 at 2024-12-11 11:19:21.084366 sent 2024-12-11 11:19:20.891768
INFO:Message received on topic: type-2/4 with payload size: 91 at 2024-12-11 11:19:23.592656 sent 2024-12-11 11:19:23.505569
INFO:Message received on topic: type-2/4 with payload size: 91 at 2024-12-11 11:19:26.185122 sent 2024-12-11 11:19:26.112924
INFO:Message received on topic: type-2/4 with payload size: 91 at 2024-12-11 11:19:28.879936 sent 2024-12-11 11:19:28.728509
INFO:Message received on topic: type-2/4 with payload size: 91 at 2024-12-11 11:19:31.425564 sent 2024-12-11 11:19:31.347201
INFO:Message received on topic: type-2/4 with payload size: 91 at 2024-12-11 11:19:34.091082 sent 2024-12-11 11:19:33.957339
INFO:Message received on topic: type-2/4 with payload size: 91 at 2024-12-11 11:19:36.632848 sent 2024-12-11 11:19:36.574562
INFO:Message received on topic: type-2/4 with payload size: 91 at 2024-12-11 11:19:39.294288 sent 2024-12-11 11:19:39.185064
INFO:Message received on topic: type-2/4 with payload size: 91 at 2024-12-11 11:19:41.983378 sent 2024-12-11 11:19:41.798311
INFO:Message received on topic: type-2/4 with payload size: 91 at 2024-12-11 11:19:44.574819 sent 2024-12-11 11:19:44.405116
INFO:Message received on topic: type-2/4 with payload size: 91 at 2024-12-11 11:19:47.191243 sent 2024-12-11 11:19:47.014625
INFO:Message received on topic: type-2/4 with payload size: 91 at 2024-12-11 11:19:49.694569 sent 2024-12-11 11:19:49.628183
INFO:Message received on topic: type-2/4 with payload size: 91 at 2024-12-11 11:19:52.401623 sent 2024-12-11 11:19:52.239426
INFO:Message received on topic: type-2/4 with payload size: 91 at 2024-12-11 11:19:54.904002 sent 2024-12-11 11:19:54.856698
INFO:Message received on topic: type-2/4 with payload size: 91 at 2024-12-11 11:19:57.630123 sent 2024-12-11 11:19:57.469961
INFO:Message received on topic: type-2/4 with payload size: 91 at 2024-12-11 11:20:00.289912 sent 2024-12-11 11:20:00.089984
INFO:Message received on topic: type-2/4 with payload size: 91 at 2024-12-11 11:20:03.075758 sent 2024-12-11 11:20:02.712309
INFO:Message received on topic: type-2/4 with payload size: 91 at 2024-12-11 11:20:05.781996 sent 2024-12-11 11:20:05.321727
INFO:Message received on topic: type-2/4 with payload size: 91 at 2024-12-11 11:20:08.190064 sent 2024-12-11 11:20:07.937430
INFO:Message received on topic: type-2/4 with payload size: 91 at 2024-12-11 11:20:10.636959 sent 2024-12-11 11:20:10.553235
INFO:Message received on topic: type-2/4 with payload size: 91 at 2024-12-11 11:20:13.328107 sent 2024-12-11 11:20:13.168722
INFO:Message received on topic: type-2/4 with payload size: 91 at 2024-12-11 11:20:15.886604 sent 2024-12-11 11:20:15.780929
INFO:Message received on topic: type-2/4 with payload size: 91 at 2024-12-11 11:20:18.576139 sent 2024-12-11 11:20:18.386163
INFO:Message received on topic: type-2/4 with payload size: 91 at 2024-12-11 11:20:21.082696 sent 2024-12-11 11:20:20.994354
INFO:Message received on topic: type-2/4 with payload size: 91 at 2024-12-11 11:20:23.683069 sent 2024-12-11 11:20:23.601421
INFO:Message received on topic: type-2/4 with payload size: 91 at 2024-12-11 11:20:26.282731 sent 2024-12-11 11:20:26.209144
INFO:Message received on topic: type-2/4 with payload size: 91 at 2024-12-11 11:20:28.895924 sent 2024-12-11 11:20:28.820846
INFO:Message received on topic: type-2/4 with payload size: 91 at 2024-12-11 11:20:31.528634 sent 2024-12-11 11:20:31.432700
INFO:Message received on topic: type-2/4 with payload size: 91 at 2024-12-11 11:20:34.179847 sent 2024-12-11 11:20:34.048681
INFO:Message received on topic: type-2/4 with payload size: 91 at 2024-12-11 11:20:36.773030 sent 2024-12-11 11:20:36.659221
