INFO:Starting Version 1.0.5
DEBUG:Using selector: EpollSelector
INFO:Connecting to cluster at: mqtt-quic://emqx-headless.dtwins:14567 using QUIC
INFO:Subscribed to topic: type-2/17
INFO:Logging each: 50
INFO:Unhandled packet type received
INFO:Message received on topic: type-2/17 with payload size: 91 at 2024-12-11 11:13:02.026824 sent 2024-12-11 11:13:01.989168
INFO:Message received on topic: type-2/17 with payload size: 91 at 2024-12-11 11:13:04.630831 sent 2024-12-11 11:13:04.591667
INFO:Message received on topic: type-2/17 with payload size: 91 at 2024-12-11 11:13:07.225377 sent 2024-12-11 11:13:07.196881
INFO:Message received on topic: type-2/17 with payload size: 91 at 2024-12-11 11:13:09.829248 sent 2024-12-11 11:13:09.793950
INFO:Message received on topic: type-2/17 with payload size: 91 at 2024-12-11 11:13:12.436418 sent 2024-12-11 11:13:12.392832
INFO:Message received on topic: type-2/17 with payload size: 91 at 2024-12-11 11:13:15.033968 sent 2024-12-11 11:13:14.993732
INFO:Message received on topic: type-2/17 with payload size: 91 at 2024-12-11 11:13:17.633990 sent 2024-12-11 11:13:17.594812
INFO:Message received on topic: type-2/17 with payload size: 91 at 2024-12-11 11:13:20.242029 sent 2024-12-11 11:13:20.194391
INFO:Message received on topic: type-2/17 with payload size: 91 at 2024-12-11 11:13:22.832793 sent 2024-12-11 11:13:22.793558
INFO:Message received on topic: type-2/17 with payload size: 91 at 2024-12-11 11:13:25.435079 sent 2024-12-11 11:13:25.397535
INFO:Message received on topic: type-2/17 with payload size: 91 at 2024-12-11 11:13:28.033808 sent 2024-12-11 11:13:27.997958
INFO:Message received on topic: type-2/17 with payload size: 91 at 2024-12-11 11:13:30.633101 sent 2024-12-11 11:13:30.605856
INFO:Message received on topic: type-2/17 with payload size: 91 at 2024-12-11 11:13:33.274730 sent 2024-12-11 11:13:33.211688
INFO:Message received on topic: type-2/17 with payload size: 91 at 2024-12-11 11:13:35.838232 sent 2024-12-11 11:13:35.808577
INFO:Message received on topic: type-2/17 with payload size: 91 at 2024-12-11 11:13:38.439642 sent 2024-12-11 11:13:38.410219
INFO:Message received on topic: type-2/17 with payload size: 91 at 2024-12-11 11:13:41.035885 sent 2024-12-11 11:13:41.013862
INFO:Message received on topic: type-2/17 with payload size: 91 at 2024-12-11 11:13:43.645117 sent 2024-12-11 11:13:43.612714
INFO:Message received on topic: type-2/17 with payload size: 91 at 2024-12-11 11:13:46.279188 sent 2024-12-11 11:13:46.211398
INFO:Message received on topic: type-2/17 with payload size: 91 at 2024-12-11 11:13:48.844005 sent 2024-12-11 11:13:48.812791
INFO:Message received on topic: type-2/17 with payload size: 91 at 2024-12-11 11:13:51.441157 sent 2024-12-11 11:13:51.421060
INFO:Message received on topic: type-2/17 with payload size: 91 at 2024-12-11 11:13:54.075193 sent 2024-12-11 11:13:54.030902
INFO:Message received on topic: type-2/17 with payload size: 91 at 2024-12-11 11:13:56.676427 sent 2024-12-11 11:13:56.636453
INFO:Message received on topic: type-2/17 with payload size: 91 at 2024-12-11 11:13:59.274581 sent 2024-12-11 11:13:59.238721
INFO:Message received on topic: type-2/17 with payload size: 91 at 2024-12-11 11:14:01.877294 sent 2024-12-11 11:14:01.843254
INFO:Message received on topic: type-2/17 with payload size: 91 at 2024-12-11 11:14:04.483320 sent 2024-12-11 11:14:04.449003
INFO:Message received on topic: type-2/17 with payload size: 91 at 2024-12-11 11:14:07.080274 sent 2024-12-11 11:14:07.051358
INFO:Message received on topic: type-2/17 with payload size: 91 at 2024-12-11 11:14:09.685610 sent 2024-12-11 11:14:09.656350
INFO:Message received on topic: type-2/17 with payload size: 91 at 2024-12-11 11:14:12.288065 sent 2024-12-11 11:14:12.259834
INFO:Message received on topic: type-2/17 with payload size: 91 at 2024-12-11 11:14:14.925479 sent 2024-12-11 11:14:14.859566
INFO:Message received on topic: type-2/17 with payload size: 91 at 2024-12-11 11:14:17.485934 sent 2024-12-11 11:14:17.467258
INFO:Message received on topic: type-2/17 with payload size: 91 at 2024-12-11 11:14:20.144279 sent 2024-12-11 11:14:20.072610
INFO:Message received on topic: type-2/17 with payload size: 91 at 2024-12-11 11:14:22.771268 sent 2024-12-11 11:14:22.684858
INFO:Message received on topic: type-2/17 with payload size: 91 at 2024-12-11 11:14:25.338471 sent 2024-12-11 11:14:25.285843
INFO:Message received on topic: type-2/17 with payload size: 91 at 2024-12-11 11:14:27.905789 sent 2024-12-11 11:14:27.891681
INFO:Message received on topic: type-2/17 with payload size: 91 at 2024-12-11 11:14:30.532821 sent 2024-12-11 11:14:30.497275
INFO:Message received on topic: type-2/17 with payload size: 91 at 2024-12-11 11:14:33.178174 sent 2024-12-11 11:14:33.101847
INFO:Message received on topic: type-2/17 with payload size: 91 at 2024-12-11 11:14:35.738574 sent 2024-12-11 11:14:35.704641
INFO:Message received on topic: type-2/17 with payload size: 91 at 2024-12-11 11:14:38.344093 sent 2024-12-11 11:14:38.305478
INFO:Message received on topic: type-2/17 with payload size: 91 at 2024-12-11 11:14:40.988659 sent 2024-12-11 11:14:40.914229
INFO:Message received on topic: type-2/17 with payload size: 91 at 2024-12-11 11:14:43.548051 sent 2024-12-11 11:14:43.519582
INFO:Message received on topic: type-2/17 with payload size: 91 at 2024-12-11 11:14:46.176267 sent 2024-12-11 11:14:46.134075
INFO:Message received on topic: type-2/17 with payload size: 91 at 2024-12-11 11:14:48.791973 sent 2024-12-11 11:14:48.750485
INFO:Message received on topic: type-2/17 with payload size: 91 at 2024-12-11 11:14:51.384688 sent 2024-12-11 11:14:51.363671
INFO:Message received on topic: type-2/17 with payload size: 91 at 2024-12-11 11:14:53.993992 sent 2024-12-11 11:14:53.976874
INFO:Message received on topic: type-2/17 with payload size: 91 at 2024-12-11 11:14:56.675497 sent 2024-12-11 11:14:56.589348
INFO:Message received on topic: type-2/17 with payload size: 91 at 2024-12-11 11:14:59.248652 sent 2024-12-11 11:14:59.199476
INFO:Message received on topic: type-2/17 with payload size: 91 at 2024-12-11 11:15:01.884594 sent 2024-12-11 11:15:01.809803
INFO:Message received on topic: type-2/17 with payload size: 91 at 2024-12-11 11:15:04.488587 sent 2024-12-11 11:15:04.428161
INFO:Message received on topic: type-2/17 with payload size: 91 at 2024-12-11 11:15:07.095676 sent 2024-12-11 11:15:07.053251
INFO:Message received on topic: type-2/17 with payload size: 91 at 2024-12-11 11:15:09.689826 sent 2024-12-11 11:15:09.664224
INFO:Message received on topic: type-2/17 with payload size: 91 at 2024-12-11 11:15:12.302797 sent 2024-12-11 11:15:12.276186
INFO:Message received on topic: type-2/17 with payload size: 91 at 2024-12-11 11:15:14.936725 sent 2024-12-11 11:15:14.882859
INFO:Message received on topic: type-2/17 with payload size: 91 at 2024-12-11 11:15:17.536401 sent 2024-12-11 11:15:17.497507
INFO:Message received on topic: type-2/17 with payload size: 91 at 2024-12-11 11:15:20.237612 sent 2024-12-11 11:15:20.110441
INFO:Message received on topic: type-2/17 with payload size: 91 at 2024-12-11 11:15:22.798537 sent 2024-12-11 11:15:22.723550
INFO:Message received on topic: type-2/17 with payload size: 91 at 2024-12-11 11:15:25.376876 sent 2024-12-11 11:15:25.333565
INFO:Message received on topic: type-2/17 with payload size: 91 at 2024-12-11 11:15:28.025252 sent 2024-12-11 11:15:27.948164
INFO:Message received on topic: type-2/17 with payload size: 91 at 2024-12-11 11:15:30.582556 sent 2024-12-11 11:15:30.560876
INFO:Message received on topic: type-2/17 with payload size: 91 at 2024-12-11 11:15:33.234246 sent 2024-12-11 11:15:33.172018
INFO:Message received on topic: type-2/17 with payload size: 91 at 2024-12-11 11:15:35.878160 sent 2024-12-11 11:15:35.783035
INFO:Message received on topic: type-2/17 with payload size: 91 at 2024-12-11 11:15:38.438251 sent 2024-12-11 11:15:38.396689
INFO:Message received on topic: type-2/17 with payload size: 91 at 2024-12-11 11:15:41.093619 sent 2024-12-11 11:15:41.015829
INFO:Message received on topic: type-2/17 with payload size: 91 at 2024-12-11 11:15:43.687670 sent 2024-12-11 11:15:43.632970
INFO:Message received on topic: type-2/17 with payload size: 91 at 2024-12-11 11:15:46.283679 sent 2024-12-11 11:15:46.241105
INFO:Message received on topic: type-2/17 with payload size: 91 at 2024-12-11 11:15:48.888944 sent 2024-12-11 11:15:48.854674
INFO:Message received on topic: type-2/17 with payload size: 91 at 2024-12-11 11:15:51.487945 sent 2024-12-11 11:15:51.464666
INFO:Message received on topic: type-2/17 with payload size: 91 at 2024-12-11 11:15:54.131739 sent 2024-12-11 11:15:54.076275
INFO:Message received on topic: type-2/17 with payload size: 91 at 2024-12-11 11:15:56.781711 sent 2024-12-11 11:15:56.688626
INFO:Message received on topic: type-2/17 with payload size: 91 at 2024-12-11 11:15:59.436599 sent 2024-12-11 11:15:59.299987
INFO:Message received on topic: type-2/17 with payload size: 91 at 2024-12-11 11:16:01.932709 sent 2024-12-11 11:16:01.919020
INFO:Message received on topic: type-2/17 with payload size: 91 at 2024-12-11 11:16:04.588285 sent 2024-12-11 11:16:04.539059
INFO:Message received on topic: type-2/17 with payload size: 91 at 2024-12-11 11:16:07.278681 sent 2024-12-11 11:16:07.153880
INFO:Message received on topic: type-2/17 with payload size: 91 at 2024-12-11 11:16:09.892574 sent 2024-12-11 11:16:09.763965
INFO:Message received on topic: type-2/17 with payload size: 91 at 2024-12-11 11:16:12.425092 sent 2024-12-11 11:16:12.382817
INFO:Message received on topic: type-2/17 with payload size: 91 at 2024-12-11 11:16:15.084191 sent 2024-12-11 11:16:15.003750
INFO:Message received on topic: type-2/17 with payload size: 91 at 2024-12-11 11:16:17.687661 sent 2024-12-11 11:16:17.611173
INFO:Message received on topic: type-2/17 with payload size: 91 at 2024-12-11 11:16:20.328957 sent 2024-12-11 11:16:20.224902
INFO:Message received on topic: type-2/17 with payload size: 91 at 2024-12-11 11:16:23.035622 sent 2024-12-11 11:16:22.839258
INFO:Message received on topic: type-2/17 with payload size: 91 at 2024-12-11 11:16:25.530530 sent 2024-12-11 11:16:25.447309
INFO:Message received on topic: type-2/17 with payload size: 91 at 2024-12-11 11:16:28.134674 sent 2024-12-11 11:16:28.065259
INFO:Message received on topic: type-2/17 with payload size: 91 at 2024-12-11 11:16:30.797139 sent 2024-12-11 11:16:30.680042
INFO:Message received on topic: type-2/17 with payload size: 91 at 2024-12-11 11:16:33.342394 sent 2024-12-11 11:16:33.293342
INFO:Message received on topic: type-2/17 with payload size: 91 at 2024-12-11 11:16:35.985107 sent 2024-12-11 11:16:35.907779
INFO:Message received on topic: type-2/17 with payload size: 91 at 2024-12-11 11:16:38.591418 sent 2024-12-11 11:16:38.519196
INFO:Message received on topic: type-2/17 with payload size: 91 at 2024-12-11 11:16:41.185791 sent 2024-12-11 11:16:41.129761
INFO:Message received on topic: type-2/17 with payload size: 91 at 2024-12-11 11:16:43.789466 sent 2024-12-11 11:16:43.744258
INFO:Message received on topic: type-2/17 with payload size: 91 at 2024-12-11 11:16:46.389144 sent 2024-12-11 11:16:46.357201
INFO:Message received on topic: type-2/17 with payload size: 91 at 2024-12-11 11:16:49.078030 sent 2024-12-11 11:16:48.973011
INFO:Message received on topic: type-2/17 with payload size: 91 at 2024-12-11 11:16:51.688117 sent 2024-12-11 11:16:51.590155
INFO:Message received on topic: type-2/17 with payload size: 91 at 2024-12-11 11:16:54.283890 sent 2024-12-11 11:16:54.205741
INFO:Message received on topic: type-2/17 with payload size: 91 at 2024-12-11 11:16:56.881148 sent 2024-12-11 11:16:56.812051
INFO:Message received on topic: type-2/17 with payload size: 91 at 2024-12-11 11:16:59.475988 sent 2024-12-11 11:16:59.419621
INFO:Message received on topic: type-2/17 with payload size: 91 at 2024-12-11 11:17:02.126419 sent 2024-12-11 11:17:02.038127
INFO:Message received on topic: type-2/17 with payload size: 91 at 2024-12-11 11:17:04.780601 sent 2024-12-11 11:17:04.650798
INFO:Message received on topic: type-2/17 with payload size: 91 at 2024-12-11 11:17:07.483742 sent 2024-12-11 11:17:07.264213
INFO:Message received on topic: type-2/17 with payload size: 91 at 2024-12-11 11:17:10.036502 sent 2024-12-11 11:17:09.879060
INFO:Message received on topic: type-2/17 with payload size: 91 at 2024-12-11 11:17:12.577505 sent 2024-12-11 11:17:12.495633
INFO:Message received on topic: type-2/17 with payload size: 91 at 2024-12-11 11:17:15.188493 sent 2024-12-11 11:17:15.110255
INFO:Message received on topic: type-2/17 with payload size: 91 at 2024-12-11 11:17:17.839973 sent 2024-12-11 11:17:17.716397
INFO:Message received on topic: type-2/17 with payload size: 91 at 2024-12-11 11:17:20.456616 sent 2024-12-11 11:17:20.334647
INFO:Message received on topic: type-2/17 with payload size: 91 at 2024-12-11 11:17:23.033434 sent 2024-12-11 11:17:22.930222
INFO:Message received on topic: type-2/17 with payload size: 91 at 2024-12-11 11:17:25.584301 sent 2024-12-11 11:17:25.518295
INFO:Message received on topic: type-2/17 with payload size: 91 at 2024-12-11 11:17:28.177784 sent 2024-12-11 11:17:28.112195
INFO:Message received on topic: type-2/17 with payload size: 91 at 2024-12-11 11:17:30.775007 sent 2024-12-11 11:17:30.702924
INFO:Message received on topic: type-2/17 with payload size: 91 at 2024-12-11 11:17:33.431112 sent 2024-12-11 11:17:33.314736
INFO:Message received on topic: type-2/17 with payload size: 91 at 2024-12-11 11:17:36.078498 sent 2024-12-11 11:17:35.940167
INFO:Message received on topic: type-2/17 with payload size: 91 at 2024-12-11 11:17:38.641068 sent 2024-12-11 11:17:38.561422
INFO:Message received on topic: type-2/17 with payload size: 91 at 2024-12-11 11:17:41.188355 sent 2024-12-11 11:17:41.173120
INFO:Message received on topic: type-2/17 with payload size: 91 at 2024-12-11 11:17:43.887154 sent 2024-12-11 11:17:43.797808
INFO:Message received on topic: type-2/17 with payload size: 91 at 2024-12-11 11:17:46.487308 sent 2024-12-11 11:17:46.404815
INFO:Message received on topic: type-2/17 with payload size: 91 at 2024-12-11 11:17:49.132905 sent 2024-12-11 11:17:49.027653
INFO:Message received on topic: type-2/17 with payload size: 91 at 2024-12-11 11:17:51.733415 sent 2024-12-11 11:17:51.643614
INFO:Message received on topic: type-2/17 with payload size: 91 at 2024-12-11 11:17:54.381226 sent 2024-12-11 11:17:54.256579
INFO:Message received on topic: type-2/17 with payload size: 91 at 2024-12-11 11:17:56.895768 sent 2024-12-11 11:17:56.867163
INFO:Message received on topic: type-2/17 with payload size: 91 at 2024-12-11 11:17:59.527728 sent 2024-12-11 11:17:59.475405
INFO:Message received on topic: type-2/17 with payload size: 91 at 2024-12-11 11:18:02.190054 sent 2024-12-11 11:18:02.096228
INFO:Message received on topic: type-2/17 with payload size: 91 at 2024-12-11 11:18:04.826521 sent 2024-12-11 11:18:04.708585
INFO:Message received on topic: type-2/17 with payload size: 91 at 2024-12-11 11:18:07.481417 sent 2024-12-11 11:18:07.316223
INFO:Message received on topic: type-2/17 with payload size: 91 at 2024-12-11 11:18:10.133973 sent 2024-12-11 11:18:09.935434
INFO:Message received on topic: type-2/17 with payload size: 91 at 2024-12-11 11:18:12.595999 sent 2024-12-11 11:18:12.554159
INFO:Message received on topic: type-2/17 with payload size: 91 at 2024-12-11 11:18:15.283203 sent 2024-12-11 11:18:15.164151
INFO:Message received on topic: type-2/17 with payload size: 91 at 2024-12-11 11:18:17.837953 sent 2024-12-11 11:18:17.777825
INFO:Message received on topic: type-2/17 with payload size: 91 at 2024-12-11 11:18:20.487639 sent 2024-12-11 11:18:20.396919
INFO:Message received on topic: type-2/17 with payload size: 91 at 2024-12-11 11:18:23.236704 sent 2024-12-11 11:18:23.012075
INFO:Message received on topic: type-2/17 with payload size: 91 at 2024-12-11 11:18:25.726249 sent 2024-12-11 11:18:25.619512
INFO:Message received on topic: type-2/17 with payload size: 91 at 2024-12-11 11:18:28.299514 sent 2024-12-11 11:18:28.233832
INFO:Message received on topic: type-2/17 with payload size: 91 at 2024-12-11 11:18:30.929243 sent 2024-12-11 11:18:30.850793
INFO:Message received on topic: type-2/17 with payload size: 91 at 2024-12-11 11:18:33.578305 sent 2024-12-11 11:18:33.465763
INFO:Message received on topic: type-2/17 with payload size: 91 at 2024-12-11 11:18:36.178987 sent 2024-12-11 11:18:36.081829
INFO:Message received on topic: type-2/17 with payload size: 91 at 2024-12-11 11:18:38.776480 sent 2024-12-11 11:18:38.695243
INFO:Message received on topic: type-2/17 with payload size: 91 at 2024-12-11 11:18:41.475569 sent 2024-12-11 11:18:41.310062
INFO:Message received on topic: type-2/17 with payload size: 91 at 2024-12-11 11:18:43.971224 sent 2024-12-11 11:18:43.923620
INFO:Message received on topic: type-2/17 with payload size: 91 at 2024-12-11 11:18:46.632573 sent 2024-12-11 11:18:46.527652
INFO:Message received on topic: type-2/17 with payload size: 91 at 2024-12-11 11:18:49.184778 sent 2024-12-11 11:18:49.138987
INFO:Message received on topic: type-2/17 with payload size: 91 at 2024-12-11 11:18:51.840290 sent 2024-12-11 11:18:51.753592
INFO:Message received on topic: type-2/17 with payload size: 91 at 2024-12-11 11:18:54.572605 sent 2024-12-11 11:18:54.369225
INFO:Message received on topic: type-2/17 with payload size: 91 at 2024-12-11 11:18:57.073739 sent 2024-12-11 11:18:56.984269
INFO:Message received on topic: type-2/17 with payload size: 91 at 2024-12-11 11:18:59.680035 sent 2024-12-11 11:18:59.584160
INFO:Message received on topic: type-2/17 with payload size: 91 at 2024-12-11 11:19:02.339563 sent 2024-12-11 11:19:02.199647
INFO:Message received on topic: type-2/17 with payload size: 91 at 2024-12-11 11:19:04.931707 sent 2024-12-11 11:19:04.809050
INFO:Message received on topic: type-2/17 with payload size: 91 at 2024-12-11 11:19:07.569805 sent 2024-12-11 11:19:07.427510
INFO:Message received on topic: type-2/17 with payload size: 91 at 2024-12-11 11:19:10.394191 sent 2024-12-11 11:19:10.057595
INFO:Message received on topic: type-2/17 with payload size: 91 at 2024-12-11 11:19:12.785900 sent 2024-12-11 11:19:12.671257
INFO:Message received on topic: type-2/17 with payload size: 91 at 2024-12-11 11:19:15.682962 sent 2024-12-11 11:19:15.286855
INFO:Message received on topic: type-2/17 with payload size: 91 at 2024-12-11 11:19:17.985071 sent 2024-12-11 11:19:17.904088
INFO:Message received on topic: type-2/17 with payload size: 91 at 2024-12-11 11:19:20.781811 sent 2024-12-11 11:19:20.520968
INFO:Message received on topic: type-2/17 with payload size: 91 at 2024-12-11 11:19:23.271252 sent 2024-12-11 11:19:23.130999
INFO:Message received on topic: type-2/17 with payload size: 91 at 2024-12-11 11:19:25.881542 sent 2024-12-11 11:19:25.744751
INFO:Message received on topic: type-2/17 with payload size: 91 at 2024-12-11 11:19:28.425714 sent 2024-12-11 11:19:28.359525
INFO:Message received on topic: type-2/17 with payload size: 91 at 2024-12-11 11:19:31.090678 sent 2024-12-11 11:19:30.968853
INFO:Message received on topic: type-2/17 with payload size: 91 at 2024-12-11 11:19:33.701542 sent 2024-12-11 11:19:33.580188
INFO:Message received on topic: type-2/17 with payload size: 91 at 2024-12-11 11:19:36.273054 sent 2024-12-11 11:19:36.199562
INFO:Message received on topic: type-2/17 with payload size: 91 at 2024-12-11 11:19:38.932665 sent 2024-12-11 11:19:38.811984
INFO:Message received on topic: type-2/17 with payload size: 91 at 2024-12-11 11:19:41.575794 sent 2024-12-11 11:19:41.425920
INFO:Message received on topic: type-2/17 with payload size: 91 at 2024-12-11 11:19:44.192998 sent 2024-12-11 11:19:44.039547
INFO:Message received on topic: type-2/17 with payload size: 91 at 2024-12-11 11:19:46.726182 sent 2024-12-11 11:19:46.647717
INFO:Message received on topic: type-2/17 with payload size: 91 at 2024-12-11 11:19:49.393276 sent 2024-12-11 11:19:49.257425
INFO:Message received on topic: type-2/17 with payload size: 91 at 2024-12-11 11:19:51.986448 sent 2024-12-11 11:19:51.875943
INFO:Message received on topic: type-2/17 with payload size: 91 at 2024-12-11 11:19:54.595899 sent 2024-12-11 11:19:54.493160
INFO:Message received on topic: type-2/17 with payload size: 91 at 2024-12-11 11:19:57.180191 sent 2024-12-11 11:19:57.106770
INFO:Message received on topic: type-2/17 with payload size: 91 at 2024-12-11 11:19:59.836498 sent 2024-12-11 11:19:59.716037
INFO:Message received on topic: type-2/17 with payload size: 91 at 2024-12-11 11:20:02.593171 sent 2024-12-11 11:20:02.324761
INFO:Message received on topic: type-2/17 with payload size: 91 at 2024-12-11 11:20:05.526997 sent 2024-12-11 11:20:04.938136
INFO:Message received on topic: type-2/17 with payload size: 91 at 2024-12-11 11:20:07.930818 sent 2024-12-11 11:20:07.549129
INFO:Message received on topic: type-2/17 with payload size: 91 at 2024-12-11 11:20:10.286056 sent 2024-12-11 11:20:10.162670
INFO:Message received on topic: type-2/17 with payload size: 91 at 2024-12-11 11:20:12.841840 sent 2024-12-11 11:20:12.778697
INFO:Message received on topic: type-2/17 with payload size: 91 at 2024-12-11 11:20:15.493492 sent 2024-12-11 11:20:15.387888
INFO:Message received on topic: type-2/17 with payload size: 91 at 2024-12-11 11:20:18.180047 sent 2024-12-11 11:20:18.001489
INFO:Message received on topic: type-2/17 with payload size: 91 at 2024-12-11 11:20:20.692591 sent 2024-12-11 11:20:20.615933
INFO:Message received on topic: type-2/17 with payload size: 91 at 2024-12-11 11:20:23.383827 sent 2024-12-11 11:20:23.228166
INFO:Message received on topic: type-2/17 with payload size: 91 at 2024-12-11 11:20:26.079912 sent 2024-12-11 11:20:25.836275
INFO:Message received on topic: type-2/17 with payload size: 91 at 2024-12-11 11:20:28.528972 sent 2024-12-11 11:20:28.451027
INFO:Message received on topic: type-2/17 with payload size: 91 at 2024-12-11 11:20:31.127623 sent 2024-12-11 11:20:31.064428
INFO:Message received on topic: type-2/17 with payload size: 91 at 2024-12-11 11:20:33.802267 sent 2024-12-11 11:20:33.674852
INFO:Message received on topic: type-2/17 with payload size: 91 at 2024-12-11 11:20:36.382628 sent 2024-12-11 11:20:36.286087
INFO:Message received on topic: type-2/17 with payload size: 91 at 2024-12-11 11:20:38.974821 sent 2024-12-11 11:20:38.895674
INFO:Message received on topic: type-2/17 with payload size: 91 at 2024-12-11 11:20:41.593695 sent 2024-12-11 11:20:41.507506
INFO:Message received on topic: type-2/17 with payload size: 91 at 2024-12-11 11:20:44.182835 sent 2024-12-11 11:20:44.117674
INFO:Message received on topic: type-2/17 with payload size: 91 at 2024-12-11 11:20:46.872971 sent 2024-12-11 11:20:46.726840
INFO:Message received on topic: type-2/17 with payload size: 91 at 2024-12-11 11:20:49.495053 sent 2024-12-11 11:20:49.337802
INFO:Message received on topic: type-2/17 with payload size: 91 at 2024-12-11 11:20:52.083498 sent 2024-12-11 11:20:51.951152
INFO:Message received on topic: type-2/17 with payload size: 91 at 2024-12-11 11:20:54.681450 sent 2024-12-11 11:20:54.567653
INFO:Message received on topic: type-2/17 with payload size: 91 at 2024-12-11 11:20:57.277717 sent 2024-12-11 11:20:57.187745
INFO:Message received on topic: type-2/17 with payload size: 91 at 2024-12-11 11:20:59.934211 sent 2024-12-11 11:20:59.793457
INFO:Message received on topic: type-2/17 with payload size: 91 at 2024-12-11 11:21:02.494050 sent 2024-12-11 11:21:02.401819
INFO:Message received on topic: type-2/17 with payload size: 91 at 2024-12-11 11:21:05.082857 sent 2024-12-11 11:21:05.016422
INFO:Message received on topic: type-2/17 with payload size: 91 at 2024-12-11 11:21:07.729963 sent 2024-12-11 11:21:07.626674
INFO:Message received on topic: type-2/17 with payload size: 91 at 2024-12-11 11:21:10.290453 sent 2024-12-11 11:21:10.236928
INFO:Message received on topic: type-2/17 with payload size: 91 at 2024-12-11 11:21:12.902085 sent 2024-12-11 11:21:12.848651
INFO:Message received on topic: type-2/17 with payload size: 91 at 2024-12-11 11:21:15.496827 sent 2024-12-11 11:21:15.456664
INFO:Message received on topic: type-2/17 with payload size: 91 at 2024-12-11 11:21:18.083892 sent 2024-12-11 11:21:18.063266
INFO:Message received on topic: type-2/17 with payload size: 91 at 2024-12-11 11:21:20.706786 sent 2024-12-11 11:21:20.676068
INFO:Message received on topic: type-2/17 with payload size: 91 at 2024-12-11 11:21:23.595792 sent 2024-12-11 11:21:23.287865
INFO:Message received on topic: type-2/17 with payload size: 91 at 2024-12-11 11:21:26.001472 sent 2024-12-11 11:21:25.891444
INFO:Message received on topic: type-2/17 with payload size: 91 at 2024-12-11 11:21:28.582505 sent 2024-12-11 11:21:28.499658
INFO:Message received on topic: type-2/17 with payload size: 91 at 2024-12-11 11:21:31.186255 sent 2024-12-11 11:21:31.105870
