INFO:Starting Version 1.0.5
DEBUG:Using selector: EpollSelector
INFO:Connecting to cluster at: mqtt-quic://emqx-headless.dtwins:14567 using QUIC
INFO:Subscribed to topic: type-2/26
INFO:Logging each: 50
INFO:Unhandled packet type received
INFO:Message received on topic: type-2/26 with payload size: 91 at 2024-12-11 17:51:02.919792 sent 2024-12-11 17:51:02.885720
INFO:Message received on topic: type-2/26 with payload size: 91 at 2024-12-11 17:51:05.518481 sent 2024-12-11 17:51:05.480622
INFO:Message received on topic: type-2/26 with payload size: 91 at 2024-12-11 17:51:08.127451 sent 2024-12-11 17:51:08.085319
INFO:Message received on topic: type-2/26 with payload size: 91 at 2024-12-11 17:51:10.720292 sent 2024-12-11 17:51:10.691688
INFO:Message received on topic: type-2/26 with payload size: 91 at 2024-12-11 17:51:13.320723 sent 2024-12-11 17:51:13.291285
INFO:Message received on topic: type-2/26 with payload size: 91 at 2024-12-11 17:51:15.941874 sent 2024-12-11 17:51:15.894170
INFO:Message received on topic: type-2/26 with payload size: 91 at 2024-12-11 17:51:18.544147 sent 2024-12-11 17:51:18.494699
INFO:Message received on topic: type-2/26 with payload size: 91 at 2024-12-11 17:51:21.130593 sent 2024-12-11 17:51:21.096298
INFO:Message received on topic: type-2/26 with payload size: 91 at 2024-12-11 17:51:23.735867 sent 2024-12-11 17:51:23.698686
INFO:Message received on topic: type-2/26 with payload size: 91 at 2024-12-11 17:51:26.324478 sent 2024-12-11 17:51:26.302021
INFO:Message received on topic: type-2/26 with payload size: 91 at 2024-12-11 17:51:28.935838 sent 2024-12-11 17:51:28.907120
INFO:Message received on topic: type-2/26 with payload size: 91 at 2024-12-11 17:51:31.528186 sent 2024-12-11 17:51:31.510466
INFO:Message received on topic: type-2/26 with payload size: 91 at 2024-12-11 17:51:34.138632 sent 2024-12-11 17:51:34.106921
INFO:Message received on topic: type-2/26 with payload size: 91 at 2024-12-11 17:51:36.730372 sent 2024-12-11 17:51:36.712513
INFO:Message received on topic: type-2/26 with payload size: 91 at 2024-12-11 17:51:39.344386 sent 2024-12-11 17:51:39.313497
INFO:Message received on topic: type-2/26 with payload size: 91 at 2024-12-11 17:51:41.935177 sent 2024-12-11 17:51:41.922038
INFO:Message received on topic: type-2/26 with payload size: 91 at 2024-12-11 17:51:44.562705 sent 2024-12-11 17:51:44.534157
INFO:Message received on topic: type-2/26 with payload size: 91 at 2024-12-11 17:51:47.199933 sent 2024-12-11 17:51:47.144890
INFO:Message received on topic: type-2/26 with payload size: 91 at 2024-12-11 17:51:49.831890 sent 2024-12-11 17:51:49.751304
INFO:Message received on topic: type-2/26 with payload size: 91 at 2024-12-11 17:51:52.431211 sent 2024-12-11 17:51:52.367742
INFO:Message received on topic: type-2/26 with payload size: 91 at 2024-12-11 17:51:55.027237 sent 2024-12-11 17:51:54.977149
INFO:Message received on topic: type-2/26 with payload size: 91 at 2024-12-11 17:51:57.731775 sent 2024-12-11 17:51:57.585191
INFO:Message received on topic: type-2/26 with payload size: 91 at 2024-12-11 17:52:00.233225 sent 2024-12-11 17:52:00.192107
INFO:Message received on topic: type-2/26 with payload size: 91 at 2024-12-11 17:52:02.824716 sent 2024-12-11 17:52:02.795010
INFO:Message received on topic: type-2/26 with payload size: 91 at 2024-12-11 17:52:05.435635 sent 2024-12-11 17:52:05.403011
INFO:Message received on topic: type-2/26 with payload size: 91 at 2024-12-11 17:52:08.058315 sent 2024-12-11 17:52:08.006584
INFO:Message received on topic: type-2/26 with payload size: 91 at 2024-12-11 17:52:10.634741 sent 2024-12-11 17:52:10.609120
INFO:Message received on topic: type-2/26 with payload size: 91 at 2024-12-11 17:52:13.232601 sent 2024-12-11 17:52:13.214619
INFO:Message received on topic: type-2/26 with payload size: 91 at 2024-12-11 17:52:15.900158 sent 2024-12-11 17:52:15.820912
INFO:Message received on topic: type-2/26 with payload size: 91 at 2024-12-11 17:52:18.441984 sent 2024-12-11 17:52:18.422869
INFO:Message received on topic: type-2/26 with payload size: 91 at 2024-12-11 17:52:21.131841 sent 2024-12-11 17:52:21.031838
INFO:Message received on topic: type-2/26 with payload size: 91 at 2024-12-11 17:52:23.722875 sent 2024-12-11 17:52:23.663902
INFO:Message received on topic: type-2/26 with payload size: 91 at 2024-12-11 17:52:26.318141 sent 2024-12-11 17:52:26.277520
INFO:Message received on topic: type-2/26 with payload size: 91 at 2024-12-11 17:52:28.943260 sent 2024-12-11 17:52:28.897049
INFO:Message received on topic: type-2/26 with payload size: 91 at 2024-12-11 17:52:31.531901 sent 2024-12-11 17:52:31.509501
INFO:Message received on topic: type-2/26 with payload size: 91 at 2024-12-11 17:52:34.143947 sent 2024-12-11 17:52:34.126028
INFO:Message received on topic: type-2/26 with payload size: 91 at 2024-12-11 17:52:36.749630 sent 2024-12-11 17:52:36.740167
INFO:Message received on topic: type-2/26 with payload size: 91 at 2024-12-11 17:52:39.421526 sent 2024-12-11 17:52:39.355472
INFO:Message received on topic: type-2/26 with payload size: 91 at 2024-12-11 17:52:42.130112 sent 2024-12-11 17:52:41.969185
INFO:Message received on topic: type-2/26 with payload size: 91 at 2024-12-11 17:52:44.734067 sent 2024-12-11 17:52:44.586524
INFO:Message received on topic: type-2/26 with payload size: 91 at 2024-12-11 17:52:47.297985 sent 2024-12-11 17:52:47.211319
INFO:Message received on topic: type-2/26 with payload size: 91 at 2024-12-11 17:52:49.902732 sent 2024-12-11 17:52:49.822178
INFO:Message received on topic: type-2/26 with payload size: 91 at 2024-12-11 17:52:52.523686 sent 2024-12-11 17:52:52.435583
INFO:Message received on topic: type-2/26 with payload size: 91 at 2024-12-11 17:52:55.203029 sent 2024-12-11 17:52:55.047413
INFO:Message received on topic: type-2/26 with payload size: 91 at 2024-12-11 17:52:57.733340 sent 2024-12-11 17:52:57.656685
INFO:Message received on topic: type-2/26 with payload size: 91 at 2024-12-11 17:53:00.338026 sent 2024-12-11 17:53:00.279782
INFO:Message received on topic: type-2/26 with payload size: 91 at 2024-12-11 17:53:02.935962 sent 2024-12-11 17:53:02.908275
INFO:Message received on topic: type-2/26 with payload size: 91 at 2024-12-11 17:53:05.615251 sent 2024-12-11 17:53:05.529425
INFO:Message received on topic: type-2/26 with payload size: 91 at 2024-12-11 17:53:08.220311 sent 2024-12-11 17:53:08.138459
INFO:Message received on topic: type-2/26 with payload size: 91 at 2024-12-11 17:53:10.820839 sent 2024-12-11 17:53:10.749603
INFO:Message received on topic: type-2/26 with payload size: 91 at 2024-12-11 17:53:13.439588 sent 2024-12-11 17:53:13.358590
INFO:Message received on topic: type-2/26 with payload size: 91 at 2024-12-11 17:53:16.040087 sent 2024-12-11 17:53:15.972230
INFO:Message received on topic: type-2/26 with payload size: 91 at 2024-12-11 17:53:18.717114 sent 2024-12-11 17:53:18.585062
INFO:Message received on topic: type-2/26 with payload size: 91 at 2024-12-11 17:53:21.234713 sent 2024-12-11 17:53:21.200320
INFO:Message received on topic: type-2/26 with payload size: 91 at 2024-12-11 17:53:23.896725 sent 2024-12-11 17:53:23.815757
INFO:Message received on topic: type-2/26 with payload size: 91 at 2024-12-11 17:53:26.521147 sent 2024-12-11 17:53:26.429951
INFO:Message received on topic: type-2/26 with payload size: 91 at 2024-12-11 17:53:29.127968 sent 2024-12-11 17:53:29.040721
INFO:Message received on topic: type-2/26 with payload size: 91 at 2024-12-11 17:53:31.727556 sent 2024-12-11 17:53:31.653021
INFO:Message received on topic: type-2/26 with payload size: 91 at 2024-12-11 17:53:34.327828 sent 2024-12-11 17:53:34.262581
INFO:Message received on topic: type-2/26 with payload size: 91 at 2024-12-11 17:53:36.916348 sent 2024-12-11 17:53:36.876794
INFO:Message received on topic: type-2/26 with payload size: 91 at 2024-12-11 17:53:39.548824 sent 2024-12-11 17:53:39.501115
INFO:Message received on topic: type-2/26 with payload size: 91 at 2024-12-11 17:53:42.227971 sent 2024-12-11 17:53:42.114437
INFO:Message received on topic: type-2/26 with payload size: 91 at 2024-12-11 17:53:44.830502 sent 2024-12-11 17:53:44.723242
INFO:Message received on topic: type-2/26 with payload size: 91 at 2024-12-11 17:53:47.399954 sent 2024-12-11 17:53:47.333557
INFO:Message received on topic: type-2/26 with payload size: 91 at 2024-12-11 17:53:50.035022 sent 2024-12-11 17:53:49.950010
INFO:Message received on topic: type-2/26 with payload size: 91 at 2024-12-11 17:53:52.602072 sent 2024-12-11 17:53:52.573429
INFO:Message received on topic: type-2/26 with payload size: 91 at 2024-12-11 17:53:55.224519 sent 2024-12-11 17:53:55.186625
INFO:Message received on topic: type-2/26 with payload size: 91 at 2024-12-11 17:53:57.999857 sent 2024-12-11 17:53:57.801303
INFO:Message received on topic: type-2/26 with payload size: 91 at 2024-12-11 17:54:00.632851 sent 2024-12-11 17:54:00.418071
INFO:Message received on topic: type-2/26 with payload size: 91 at 2024-12-11 17:54:03.106559 sent 2024-12-11 17:54:03.032824
INFO:Message received on topic: type-2/26 with payload size: 91 at 2024-12-11 17:54:05.748939 sent 2024-12-11 17:54:05.643008
INFO:Message received on topic: type-2/26 with payload size: 91 at 2024-12-11 17:54:08.401726 sent 2024-12-11 17:54:08.258640
INFO:Message received on topic: type-2/26 with payload size: 91 at 2024-12-11 17:54:10.934686 sent 2024-12-11 17:54:10.871251
INFO:Message received on topic: type-2/26 with payload size: 91 at 2024-12-11 17:54:13.537794 sent 2024-12-11 17:54:13.482696
INFO:Message received on topic: type-2/26 with payload size: 91 at 2024-12-11 17:54:16.229763 sent 2024-12-11 17:54:16.100421
INFO:Message received on topic: type-2/26 with payload size: 91 at 2024-12-11 17:54:18.829075 sent 2024-12-11 17:54:18.714383
INFO:Message received on topic: type-2/26 with payload size: 91 at 2024-12-11 17:54:21.418827 sent 2024-12-11 17:54:21.328592
INFO:Message received on topic: type-2/26 with payload size: 91 at 2024-12-11 17:54:24.019063 sent 2024-12-11 17:54:23.937371
INFO:Message received on topic: type-2/26 with payload size: 91 at 2024-12-11 17:54:26.695364 sent 2024-12-11 17:54:26.555952
INFO:Message received on topic: type-2/26 with payload size: 91 at 2024-12-11 17:54:29.325622 sent 2024-12-11 17:54:29.163797
INFO:Message received on topic: type-2/26 with payload size: 91 at 2024-12-11 17:54:31.828198 sent 2024-12-11 17:54:31.766693
INFO:Message received on topic: type-2/26 with payload size: 91 at 2024-12-11 17:54:34.436083 sent 2024-12-11 17:54:34.375777
INFO:Message received on topic: type-2/26 with payload size: 91 at 2024-12-11 17:54:37.096240 sent 2024-12-11 17:54:36.986606
INFO:Message received on topic: type-2/26 with payload size: 91 at 2024-12-11 17:54:39.663245 sent 2024-12-11 17:54:39.601479
INFO:Message received on topic: type-2/26 with payload size: 91 at 2024-12-11 17:54:42.348089 sent 2024-12-11 17:54:42.212159
INFO:Message received on topic: type-2/26 with payload size: 91 at 2024-12-11 17:54:44.914634 sent 2024-12-11 17:54:44.807525
INFO:Message received on topic: type-2/26 with payload size: 91 at 2024-12-11 17:54:47.441854 sent 2024-12-11 17:54:47.396882
INFO:Message received on topic: type-2/26 with payload size: 91 at 2024-12-11 17:54:50.035904 sent 2024-12-11 17:54:49.987248
INFO:Message received on topic: type-2/26 with payload size: 91 at 2024-12-11 17:54:52.715423 sent 2024-12-11 17:54:52.575891
INFO:Message received on topic: type-2/26 with payload size: 91 at 2024-12-11 17:54:55.240269 sent 2024-12-11 17:54:55.182522
INFO:Message received on topic: type-2/26 with payload size: 91 at 2024-12-11 17:54:57.900479 sent 2024-12-11 17:54:57.803125
INFO:Message received on topic: type-2/26 with payload size: 91 at 2024-12-11 17:55:00.500285 sent 2024-12-11 17:55:00.420927
INFO:Message received on topic: type-2/26 with payload size: 91 at 2024-12-11 17:55:03.047883 sent 2024-12-11 17:55:03.031395
INFO:Message received on topic: type-2/26 with payload size: 91 at 2024-12-11 17:55:05.659811 sent 2024-12-11 17:55:05.646454
INFO:Message received on topic: type-2/26 with payload size: 91 at 2024-12-11 17:55:08.425717 sent 2024-12-11 17:55:08.266944
INFO:Message received on topic: type-2/26 with payload size: 91 at 2024-12-11 17:55:11.015828 sent 2024-12-11 17:55:10.882276
INFO:Message received on topic: type-2/26 with payload size: 91 at 2024-12-11 17:55:13.556519 sent 2024-12-11 17:55:13.494304
INFO:Message received on topic: type-2/26 with payload size: 91 at 2024-12-11 17:55:16.219018 sent 2024-12-11 17:55:16.106314
INFO:Message received on topic: type-2/26 with payload size: 91 at 2024-12-11 17:55:19.151391 sent 2024-12-11 17:55:18.714988
INFO:Message received on topic: type-2/26 with payload size: 91 at 2024-12-11 17:55:21.347248 sent 2024-12-11 17:55:21.323649
INFO:Message received on topic: type-2/26 with payload size: 91 at 2024-12-11 17:55:24.034746 sent 2024-12-11 17:55:23.941478
INFO:Message received on topic: type-2/26 with payload size: 91 at 2024-12-11 17:55:26.655580 sent 2024-12-11 17:55:26.553164
INFO:Message received on topic: type-2/26 with payload size: 91 at 2024-12-11 17:55:29.318646 sent 2024-12-11 17:55:29.166561
INFO:Message received on topic: type-2/26 with payload size: 91 at 2024-12-11 17:55:31.837762 sent 2024-12-11 17:55:31.779017
INFO:Message received on topic: type-2/26 with payload size: 91 at 2024-12-11 17:55:34.517942 sent 2024-12-11 17:55:34.398203
INFO:Message received on topic: type-2/26 with payload size: 91 at 2024-12-11 17:55:37.039927 sent 2024-12-11 17:55:37.013159
INFO:Message received on topic: type-2/26 with payload size: 91 at 2024-12-11 17:55:39.926383 sent 2024-12-11 17:55:39.630477
INFO:Message received on topic: type-2/26 with payload size: 91 at 2024-12-11 17:55:42.324840 sent 2024-12-11 17:55:42.242972
INFO:Message received on topic: type-2/26 with payload size: 91 at 2024-12-11 17:55:45.068831 sent 2024-12-11 17:55:44.859194
INFO:Message received on topic: type-2/26 with payload size: 91 at 2024-12-11 17:55:47.547213 sent 2024-12-11 17:55:47.477072
INFO:Message received on topic: type-2/26 with payload size: 91 at 2024-12-11 17:55:50.139854 sent 2024-12-11 17:55:50.091224
INFO:Message received on topic: type-2/26 with payload size: 91 at 2024-12-11 17:55:52.945193 sent 2024-12-11 17:55:52.711620
INFO:Message received on topic: type-2/26 with payload size: 91 at 2024-12-11 17:55:55.358672 sent 2024-12-11 17:55:55.321563
INFO:Message received on topic: type-2/26 with payload size: 91 at 2024-12-11 17:55:58.051508 sent 2024-12-11 17:55:57.932621
INFO:Message received on topic: type-2/26 with payload size: 91 at 2024-12-11 17:56:00.637446 sent 2024-12-11 17:56:00.543049
INFO:Message received on topic: type-2/26 with payload size: 91 at 2024-12-11 17:56:03.341123 sent 2024-12-11 17:56:03.156552
INFO:Message received on topic: type-2/26 with payload size: 91 at 2024-12-11 17:56:05.923501 sent 2024-12-11 17:56:05.763602
INFO:Message received on topic: type-2/26 with payload size: 91 at 2024-12-11 17:56:08.437403 sent 2024-12-11 17:56:08.375724
INFO:Message received on topic: type-2/26 with payload size: 91 at 2024-12-11 17:56:11.053826 sent 2024-12-11 17:56:10.986425
INFO:Message received on topic: type-2/26 with payload size: 91 at 2024-12-11 17:56:13.647612 sent 2024-12-11 17:56:13.603987
INFO:Message received on topic: type-2/26 with payload size: 91 at 2024-12-11 17:56:16.358971 sent 2024-12-11 17:56:16.216426
INFO:Message received on topic: type-2/26 with payload size: 91 at 2024-12-11 17:56:18.930254 sent 2024-12-11 17:56:18.838103
INFO:Message received on topic: type-2/26 with payload size: 91 at 2024-12-11 17:56:21.559806 sent 2024-12-11 17:56:21.441578
INFO:Message received on topic: type-2/26 with payload size: 91 at 2024-12-11 17:56:24.153177 sent 2024-12-11 17:56:24.049308
INFO:Message received on topic: type-2/26 with payload size: 91 at 2024-12-11 17:56:26.760629 sent 2024-12-11 17:56:26.666084
INFO:Message received on topic: type-2/26 with payload size: 91 at 2024-12-11 17:56:29.340797 sent 2024-12-11 17:56:29.285866
INFO:Message received on topic: type-2/26 with payload size: 91 at 2024-12-11 17:56:31.960000 sent 2024-12-11 17:56:31.900884
INFO:Message received on topic: type-2/26 with payload size: 91 at 2024-12-11 17:56:34.553758 sent 2024-12-11 17:56:34.516561
INFO:Message received on topic: type-2/26 with payload size: 91 at 2024-12-11 17:56:37.319683 sent 2024-12-11 17:56:37.135997
INFO:Message received on topic: type-2/26 with payload size: 91 at 2024-12-11 17:56:39.837890 sent 2024-12-11 17:56:39.750208
INFO:Message received on topic: type-2/26 with payload size: 91 at 2024-12-11 17:56:42.436506 sent 2024-12-11 17:56:42.357640
INFO:Message received on topic: type-2/26 with payload size: 91 at 2024-12-11 17:56:45.130616 sent 2024-12-11 17:56:44.963010
INFO:Message received on topic: type-2/26 with payload size: 91 at 2024-12-11 17:56:47.650741 sent 2024-12-11 17:56:47.577166
INFO:Message received on topic: type-2/26 with payload size: 91 at 2024-12-11 17:56:50.238796 sent 2024-12-11 17:56:50.190259
INFO:Message received on topic: type-2/26 with payload size: 91 at 2024-12-11 17:56:52.919953 sent 2024-12-11 17:56:52.805345
INFO:Message received on topic: type-2/26 with payload size: 91 at 2024-12-11 17:56:55.534689 sent 2024-12-11 17:56:55.425073
INFO:Message received on topic: type-2/26 with payload size: 91 at 2024-12-11 17:56:58.167242 sent 2024-12-11 17:56:58.046915
INFO:Message received on topic: type-2/26 with payload size: 91 at 2024-12-11 17:57:00.828582 sent 2024-12-11 17:57:00.670147
INFO:Message received on topic: type-2/26 with payload size: 91 at 2024-12-11 17:57:03.342380 sent 2024-12-11 17:57:03.294376
INFO:Message received on topic: type-2/26 with payload size: 91 at 2024-12-11 17:57:06.120552 sent 2024-12-11 17:57:05.914042
INFO:Message received on topic: type-2/26 with payload size: 91 at 2024-12-11 17:57:08.630430 sent 2024-12-11 17:57:08.532183
INFO:Message received on topic: type-2/26 with payload size: 91 at 2024-12-11 17:57:11.253004 sent 2024-12-11 17:57:11.143144
INFO:Message received on topic: type-2/26 with payload size: 91 at 2024-12-11 17:57:13.834868 sent 2024-12-11 17:57:13.756199
INFO:Message received on topic: type-2/26 with payload size: 91 at 2024-12-11 17:57:16.519262 sent 2024-12-11 17:57:16.367135
INFO:Message received on topic: type-2/26 with payload size: 91 at 2024-12-11 17:57:19.119291 sent 2024-12-11 17:57:18.978009
INFO:Message received on topic: type-2/26 with payload size: 91 at 2024-12-11 17:57:21.730446 sent 2024-12-11 17:57:21.600273
INFO:Message received on topic: type-2/26 with payload size: 91 at 2024-12-11 17:57:24.347117 sent 2024-12-11 17:57:24.219494
INFO:Message received on topic: type-2/26 with payload size: 91 at 2024-12-11 17:57:26.955881 sent 2024-12-11 17:57:26.828265
INFO:Message received on topic: type-2/26 with payload size: 91 at 2024-12-11 17:57:29.546100 sent 2024-12-11 17:57:29.443294
INFO:Message received on topic: type-2/26 with payload size: 91 at 2024-12-11 17:57:32.125444 sent 2024-12-11 17:57:32.055450
INFO:Message received on topic: type-2/26 with payload size: 91 at 2024-12-11 17:57:34.743528 sent 2024-12-11 17:57:34.665405
INFO:Message received on topic: type-2/26 with payload size: 91 at 2024-12-11 17:57:37.443493 sent 2024-12-11 17:57:37.276686
INFO:Message received on topic: type-2/26 with payload size: 91 at 2024-12-11 17:57:40.166588 sent 2024-12-11 17:57:39.889972
INFO:Message received on topic: type-2/26 with payload size: 91 at 2024-12-11 17:57:42.651094 sent 2024-12-11 17:57:42.503672
INFO:Message received on topic: type-2/26 with payload size: 91 at 2024-12-11 17:57:45.343871 sent 2024-12-11 17:57:45.114695
INFO:Message received on topic: type-2/26 with payload size: 91 at 2024-12-11 17:57:47.846739 sent 2024-12-11 17:57:47.724883
INFO:Message received on topic: type-2/26 with payload size: 91 at 2024-12-11 17:57:50.520633 sent 2024-12-11 17:57:50.338216
INFO:Message received on topic: type-2/26 with payload size: 91 at 2024-12-11 17:57:53.130873 sent 2024-12-11 17:57:52.950209
INFO:Message received on topic: type-2/26 with payload size: 91 at 2024-12-11 17:57:55.941214 sent 2024-12-11 17:57:55.558789
INFO:Message received on topic: type-2/26 with payload size: 91 at 2024-12-11 17:57:58.332725 sent 2024-12-11 17:57:58.182297
INFO:Message received on topic: type-2/26 with payload size: 91 at 2024-12-11 17:58:00.934311 sent 2024-12-11 17:58:00.796849
INFO:Message received on topic: type-2/26 with payload size: 91 at 2024-12-11 17:58:03.529121 sent 2024-12-11 17:58:03.408493
INFO:Message received on topic: type-2/26 with payload size: 91 at 2024-12-11 17:58:06.142628 sent 2024-12-11 17:58:06.018929
INFO:Message received on topic: type-2/26 with payload size: 91 at 2024-12-11 17:58:08.717135 sent 2024-12-11 17:58:08.632715
INFO:Message received on topic: type-2/26 with payload size: 91 at 2024-12-11 17:58:11.337319 sent 2024-12-11 17:58:11.241941
INFO:Message received on topic: type-2/26 with payload size: 91 at 2024-12-11 17:58:14.024068 sent 2024-12-11 17:58:13.852630
INFO:Message received on topic: type-2/26 with payload size: 91 at 2024-12-11 17:58:16.616213 sent 2024-12-11 17:58:16.466911
INFO:Message received on topic: type-2/26 with payload size: 91 at 2024-12-11 17:58:19.326638 sent 2024-12-11 17:58:19.079638
INFO:Message received on topic: type-2/26 with payload size: 91 at 2024-12-11 17:58:21.738638 sent 2024-12-11 17:58:21.697286
INFO:Message received on topic: type-2/26 with payload size: 91 at 2024-12-11 17:58:24.433532 sent 2024-12-11 17:58:24.310666
INFO:Message received on topic: type-2/26 with payload size: 91 at 2024-12-11 17:58:26.994917 sent 2024-12-11 17:58:26.927482
INFO:Message received on topic: type-2/26 with payload size: 91 at 2024-12-11 17:58:29.552635 sent 2024-12-11 17:58:29.533746
INFO:Message received on topic: type-2/26 with payload size: 91 at 2024-12-11 17:58:32.317207 sent 2024-12-11 17:58:32.151557
INFO:Message received on topic: type-2/26 with payload size: 91 at 2024-12-11 17:58:34.844829 sent 2024-12-11 17:58:34.759993
INFO:Message received on topic: type-2/26 with payload size: 91 at 2024-12-11 17:58:37.446893 sent 2024-12-11 17:58:37.380107
INFO:Message received on topic: type-2/26 with payload size: 91 at 2024-12-11 17:58:40.128171 sent 2024-12-11 17:58:39.995209
INFO:Message received on topic: type-2/26 with payload size: 91 at 2024-12-11 17:58:42.922451 sent 2024-12-11 17:58:42.604431
INFO:Message received on topic: type-2/26 with payload size: 91 at 2024-12-11 17:58:45.323261 sent 2024-12-11 17:58:45.212774
INFO:Message received on topic: type-2/26 with payload size: 91 at 2024-12-11 17:58:47.855766 sent 2024-12-11 17:58:47.826601
INFO:Message received on topic: type-2/26 with payload size: 91 at 2024-12-11 17:58:50.517204 sent 2024-12-11 17:58:50.437204
INFO:Message received on topic: type-2/26 with payload size: 91 at 2024-12-11 17:58:53.128131 sent 2024-12-11 17:58:53.052591
INFO:Message received on topic: type-2/26 with payload size: 91 at 2024-12-11 17:58:55.754105 sent 2024-12-11 17:58:55.664609
INFO:Message received on topic: type-2/26 with payload size: 91 at 2024-12-11 17:58:58.350937 sent 2024-12-11 17:58:58.270586
INFO:Message received on topic: type-2/26 with payload size: 91 at 2024-12-11 17:59:01.024769 sent 2024-12-11 17:59:00.884051
INFO:Message received on topic: type-2/26 with payload size: 91 at 2024-12-11 17:59:03.537718 sent 2024-12-11 17:59:03.500889
INFO:Message received on topic: type-2/26 with payload size: 91 at 2024-12-11 17:59:06.228101 sent 2024-12-11 17:59:06.114063
INFO:Message received on topic: type-2/26 with payload size: 91 at 2024-12-11 17:59:08.829163 sent 2024-12-11 17:59:08.724428
INFO:Message received on topic: type-2/26 with payload size: 91 at 2024-12-11 17:59:11.423135 sent 2024-12-11 17:59:11.336768
INFO:Message received on topic: type-2/26 with payload size: 91 at 2024-12-11 17:59:14.053391 sent 2024-12-11 17:59:13.946132
INFO:Message received on topic: type-2/26 with payload size: 91 at 2024-12-11 17:59:16.638103 sent 2024-12-11 17:59:16.558354
INFO:Message received on topic: type-2/26 with payload size: 91 at 2024-12-11 17:59:19.244922 sent 2024-12-11 17:59:19.164710
INFO:Message received on topic: type-2/26 with payload size: 91 at 2024-12-11 17:59:21.836676 sent 2024-12-11 17:59:21.774212
INFO:Message received on topic: type-2/26 with payload size: 91 at 2024-12-11 17:59:24.428831 sent 2024-12-11 17:59:24.380259
INFO:Message received on topic: type-2/26 with payload size: 91 at 2024-12-11 17:59:27.116830 sent 2024-12-11 17:59:26.985304
INFO:Message received on topic: type-2/26 with payload size: 91 at 2024-12-11 17:59:29.631721 sent 2024-12-11 17:59:29.591515
INFO:Message received on topic: type-2/26 with payload size: 91 at 2024-12-11 17:59:32.244935 sent 2024-12-11 17:59:32.196874
