INFO:Starting Version 1.0.5
DEBUG:Using selector: EpollSelector
INFO:Connecting to cluster at: mqtt-quic://emqx-headless.dtwins:14567 using QUIC
INFO:Subscribed to topic: type-2/41
INFO:Logging each: 50
INFO:Unhandled packet type received
INFO:Message received on topic: type-2/41 with payload size: 91 at 2024-12-11 11:14:25.696171 sent 2024-12-11 11:14:25.643997
INFO:Message received on topic: type-2/41 with payload size: 91 at 2024-12-11 11:14:28.290747 sent 2024-12-11 11:14:28.246471
INFO:Message received on topic: type-2/41 with payload size: 91 at 2024-12-11 11:14:30.890981 sent 2024-12-11 11:14:30.852755
INFO:Message received on topic: type-2/41 with payload size: 91 at 2024-12-11 11:14:33.493196 sent 2024-12-11 11:14:33.455727
INFO:Message received on topic: type-2/41 with payload size: 91 at 2024-12-11 11:14:36.083036 sent 2024-12-11 11:14:36.060010
INFO:Message received on topic: type-2/41 with payload size: 91 at 2024-12-11 11:14:38.687529 sent 2024-12-11 11:14:38.666202
INFO:Message received on topic: type-2/41 with payload size: 91 at 2024-12-11 11:14:41.348186 sent 2024-12-11 11:14:41.272830
INFO:Message received on topic: type-2/41 with payload size: 91 at 2024-12-11 11:14:43.930762 sent 2024-12-11 11:14:43.882212
INFO:Message received on topic: type-2/41 with payload size: 91 at 2024-12-11 11:14:46.531498 sent 2024-12-11 11:14:46.491603
INFO:Message received on topic: type-2/41 with payload size: 91 at 2024-12-11 11:14:49.177003 sent 2024-12-11 11:14:49.105826
INFO:Message received on topic: type-2/41 with payload size: 91 at 2024-12-11 11:14:51.830304 sent 2024-12-11 11:14:51.716822
INFO:Message received on topic: type-2/41 with payload size: 91 at 2024-12-11 11:14:54.428061 sent 2024-12-11 11:14:54.330367
INFO:Message received on topic: type-2/41 with payload size: 91 at 2024-12-11 11:14:56.982671 sent 2024-12-11 11:14:56.937986
INFO:Message received on topic: type-2/41 with payload size: 91 at 2024-12-11 11:14:59.585744 sent 2024-12-11 11:14:59.544484
INFO:Message received on topic: type-2/41 with payload size: 91 at 2024-12-11 11:15:02.240649 sent 2024-12-11 11:15:02.158860
INFO:Message received on topic: type-2/41 with payload size: 91 at 2024-12-11 11:15:04.827693 sent 2024-12-11 11:15:04.768575
INFO:Message received on topic: type-2/41 with payload size: 91 at 2024-12-11 11:15:07.399300 sent 2024-12-11 11:15:07.377973
INFO:Message received on topic: type-2/41 with payload size: 91 at 2024-12-11 11:15:09.999261 sent 2024-12-11 11:15:09.987760
INFO:Message received on topic: type-2/41 with payload size: 91 at 2024-12-11 11:15:12.677739 sent 2024-12-11 11:15:12.605817
INFO:Message received on topic: type-2/41 with payload size: 91 at 2024-12-11 11:15:15.284639 sent 2024-12-11 11:15:15.217265
INFO:Message received on topic: type-2/41 with payload size: 91 at 2024-12-11 11:15:17.878577 sent 2024-12-11 11:15:17.832520
INFO:Message received on topic: type-2/41 with payload size: 91 at 2024-12-11 11:15:20.630788 sent 2024-12-11 11:15:20.445252
INFO:Message received on topic: type-2/41 with payload size: 91 at 2024-12-11 11:15:23.092624 sent 2024-12-11 11:15:23.055572
INFO:Message received on topic: type-2/41 with payload size: 91 at 2024-12-11 11:15:25.729750 sent 2024-12-11 11:15:25.664409
INFO:Message received on topic: type-2/41 with payload size: 91 at 2024-12-11 11:15:28.305035 sent 2024-12-11 11:15:28.278766
INFO:Message received on topic: type-2/41 with payload size: 91 at 2024-12-11 11:15:30.936897 sent 2024-12-11 11:15:30.891027
INFO:Message received on topic: type-2/41 with payload size: 91 at 2024-12-11 11:15:33.681564 sent 2024-12-11 11:15:33.510587
INFO:Message received on topic: type-2/41 with payload size: 91 at 2024-12-11 11:15:36.182893 sent 2024-12-11 11:15:36.131519
INFO:Message received on topic: type-2/41 with payload size: 91 at 2024-12-11 11:15:38.782957 sent 2024-12-11 11:15:38.750045
INFO:Message received on topic: type-2/41 with payload size: 91 at 2024-12-11 11:15:41.388174 sent 2024-12-11 11:15:41.357385
INFO:Message received on topic: type-2/41 with payload size: 91 at 2024-12-11 11:15:44.042777 sent 2024-12-11 11:15:43.973624
INFO:Message received on topic: type-2/41 with payload size: 91 at 2024-12-11 11:15:46.628810 sent 2024-12-11 11:15:46.580052
INFO:Message received on topic: type-2/41 with payload size: 91 at 2024-12-11 11:15:49.232190 sent 2024-12-11 11:15:49.188312
INFO:Message received on topic: type-2/41 with payload size: 91 at 2024-12-11 11:15:51.871148 sent 2024-12-11 11:15:51.798399
INFO:Message received on topic: type-2/41 with payload size: 91 at 2024-12-11 11:15:54.481753 sent 2024-12-11 11:15:54.412308
INFO:Message received on topic: type-2/41 with payload size: 91 at 2024-12-11 11:15:57.076857 sent 2024-12-11 11:15:57.029272
INFO:Message received on topic: type-2/41 with payload size: 91 at 2024-12-11 11:15:59.692924 sent 2024-12-11 11:15:59.644156
INFO:Message received on topic: type-2/41 with payload size: 91 at 2024-12-11 11:16:02.344189 sent 2024-12-11 11:16:02.253665
INFO:Message received on topic: type-2/41 with payload size: 91 at 2024-12-11 11:16:04.935131 sent 2024-12-11 11:16:04.864759
INFO:Message received on topic: type-2/41 with payload size: 91 at 2024-12-11 11:16:07.488741 sent 2024-12-11 11:16:07.474558
INFO:Message received on topic: type-2/41 with payload size: 91 at 2024-12-11 11:16:10.237054 sent 2024-12-11 11:16:10.093019
INFO:Message received on topic: type-2/41 with payload size: 91 at 2024-12-11 11:16:12.792225 sent 2024-12-11 11:16:12.709590
INFO:Message received on topic: type-2/41 with payload size: 91 at 2024-12-11 11:16:15.372884 sent 2024-12-11 11:16:15.325810
INFO:Message received on topic: type-2/41 with payload size: 91 at 2024-12-11 11:16:17.983002 sent 2024-12-11 11:16:17.933796
INFO:Message received on topic: type-2/41 with payload size: 91 at 2024-12-11 11:16:20.602042 sent 2024-12-11 11:16:20.551010
INFO:Message received on topic: type-2/41 with payload size: 91 at 2024-12-11 11:16:23.273910 sent 2024-12-11 11:16:23.162279
INFO:Message received on topic: type-2/41 with payload size: 91 at 2024-12-11 11:16:25.787915 sent 2024-12-11 11:16:25.768973
INFO:Message received on topic: type-2/41 with payload size: 91 at 2024-12-11 11:16:28.429374 sent 2024-12-11 11:16:28.381209
INFO:Message received on topic: type-2/41 with payload size: 91 at 2024-12-11 11:16:31.093169 sent 2024-12-11 11:16:30.996640
INFO:Message received on topic: type-2/41 with payload size: 91 at 2024-12-11 11:16:33.698839 sent 2024-12-11 11:16:33.612800
INFO:Message received on topic: type-2/41 with payload size: 91 at 2024-12-11 11:16:36.286708 sent 2024-12-11 11:16:36.219941
INFO:Message received on topic: type-2/41 with payload size: 91 at 2024-12-11 11:16:38.976926 sent 2024-12-11 11:16:38.834263
INFO:Message received on topic: type-2/41 with payload size: 91 at 2024-12-11 11:16:41.486025 sent 2024-12-11 11:16:41.443920
INFO:Message received on topic: type-2/41 with payload size: 91 at 2024-12-11 11:16:44.135171 sent 2024-12-11 11:16:44.054017
INFO:Message received on topic: type-2/41 with payload size: 91 at 2024-12-11 11:16:46.685815 sent 2024-12-11 11:16:46.670651
INFO:Message received on topic: type-2/41 with payload size: 91 at 2024-12-11 11:16:49.333852 sent 2024-12-11 11:16:49.290744
INFO:Message received on topic: type-2/41 with payload size: 91 at 2024-12-11 11:16:51.979803 sent 2024-12-11 11:16:51.910902
INFO:Message received on topic: type-2/41 with payload size: 91 at 2024-12-11 11:16:54.575098 sent 2024-12-11 11:16:54.518525
INFO:Message received on topic: type-2/41 with payload size: 91 at 2024-12-11 11:16:57.186714 sent 2024-12-11 11:16:57.128509
INFO:Message received on topic: type-2/41 with payload size: 91 at 2024-12-11 11:16:59.837175 sent 2024-12-11 11:16:59.736998
INFO:Message received on topic: type-2/41 with payload size: 91 at 2024-12-11 11:17:02.444912 sent 2024-12-11 11:17:02.367177
INFO:Message received on topic: type-2/41 with payload size: 91 at 2024-12-11 11:17:05.042064 sent 2024-12-11 11:17:04.979237
INFO:Message received on topic: type-2/41 with payload size: 91 at 2024-12-11 11:17:07.774068 sent 2024-12-11 11:17:07.592501
INFO:Message received on topic: type-2/41 with payload size: 91 at 2024-12-11 11:17:10.284032 sent 2024-12-11 11:17:10.198902
INFO:Message received on topic: type-2/41 with payload size: 91 at 2024-12-11 11:17:12.926928 sent 2024-12-11 11:17:12.816763
INFO:Message received on topic: type-2/41 with payload size: 91 at 2024-12-11 11:17:15.480135 sent 2024-12-11 11:17:15.438237
INFO:Message received on topic: type-2/41 with payload size: 91 at 2024-12-11 11:17:18.129527 sent 2024-12-11 11:17:18.053957
INFO:Message received on topic: type-2/41 with payload size: 91 at 2024-12-11 11:17:20.740002 sent 2024-12-11 11:17:20.664112
INFO:Message received on topic: type-2/41 with payload size: 91 at 2024-12-11 11:17:23.427176 sent 2024-12-11 11:17:23.257187
INFO:Message received on topic: type-2/41 with payload size: 91 at 2024-12-11 11:17:25.997125 sent 2024-12-11 11:17:25.850681
INFO:Message received on topic: type-2/41 with payload size: 91 at 2024-12-11 11:17:28.543128 sent 2024-12-11 11:17:28.441705
INFO:Message received on topic: type-2/41 with payload size: 91 at 2024-12-11 11:17:31.126222 sent 2024-12-11 11:17:31.030042
INFO:Message received on topic: type-2/41 with payload size: 91 at 2024-12-11 11:17:33.786727 sent 2024-12-11 11:17:33.636316
INFO:Message received on topic: type-2/41 with payload size: 91 at 2024-12-11 11:17:36.325545 sent 2024-12-11 11:17:36.250688
INFO:Message received on topic: type-2/41 with payload size: 91 at 2024-12-11 11:17:38.892898 sent 2024-12-11 11:17:38.860517
INFO:Message received on topic: type-2/41 with payload size: 91 at 2024-12-11 11:17:41.530231 sent 2024-12-11 11:17:41.478089
INFO:Message received on topic: type-2/41 with payload size: 91 at 2024-12-11 11:17:44.178051 sent 2024-12-11 11:17:44.101297
INFO:Message received on topic: type-2/41 with payload size: 91 at 2024-12-11 11:17:46.831512 sent 2024-12-11 11:17:46.709602
INFO:Message received on topic: type-2/41 with payload size: 91 at 2024-12-11 11:17:49.441687 sent 2024-12-11 11:17:49.334094
INFO:Message received on topic: type-2/41 with payload size: 91 at 2024-12-11 11:17:52.026525 sent 2024-12-11 11:17:51.944846
INFO:Message received on topic: type-2/41 with payload size: 91 at 2024-12-11 11:17:54.637126 sent 2024-12-11 11:17:54.557514
INFO:Message received on topic: type-2/41 with payload size: 91 at 2024-12-11 11:17:57.228134 sent 2024-12-11 11:17:57.168263
INFO:Message received on topic: type-2/41 with payload size: 91 at 2024-12-11 11:17:59.828295 sent 2024-12-11 11:17:59.784088
INFO:Message received on topic: type-2/41 with payload size: 91 at 2024-12-11 11:18:02.485112 sent 2024-12-11 11:18:02.404306
INFO:Message received on topic: type-2/41 with payload size: 91 at 2024-12-11 11:18:05.174988 sent 2024-12-11 11:18:05.017552
INFO:Message received on topic: type-2/41 with payload size: 91 at 2024-12-11 11:18:07.778053 sent 2024-12-11 11:18:07.625212
INFO:Message received on topic: type-2/41 with payload size: 91 at 2024-12-11 11:18:10.326776 sent 2024-12-11 11:18:10.244501
INFO:Message received on topic: type-2/41 with payload size: 91 at 2024-12-11 11:18:12.931146 sent 2024-12-11 11:18:12.857916
INFO:Message received on topic: type-2/41 with payload size: 91 at 2024-12-11 11:18:15.498243 sent 2024-12-11 11:18:15.473206
INFO:Message received on topic: type-2/41 with payload size: 91 at 2024-12-11 11:18:18.191660 sent 2024-12-11 11:18:18.092234
INFO:Message received on topic: type-2/41 with payload size: 91 at 2024-12-11 11:18:20.780510 sent 2024-12-11 11:18:20.707524
INFO:Message received on topic: type-2/41 with payload size: 91 at 2024-12-11 11:18:23.472306 sent 2024-12-11 11:18:23.321077
INFO:Message received on topic: type-2/41 with payload size: 91 at 2024-12-11 11:18:26.084014 sent 2024-12-11 11:18:25.932184
INFO:Message received on topic: type-2/41 with payload size: 91 at 2024-12-11 11:18:28.673864 sent 2024-12-11 11:18:28.547731
INFO:Message received on topic: type-2/41 with payload size: 91 at 2024-12-11 11:18:31.235426 sent 2024-12-11 11:18:31.167760
INFO:Message received on topic: type-2/41 with payload size: 91 at 2024-12-11 11:18:33.835122 sent 2024-12-11 11:18:33.780832
INFO:Message received on topic: type-2/41 with payload size: 91 at 2024-12-11 11:18:36.488671 sent 2024-12-11 11:18:36.406865
INFO:Message received on topic: type-2/41 with payload size: 91 at 2024-12-11 11:18:39.176285 sent 2024-12-11 11:18:39.028635
INFO:Message received on topic: type-2/41 with payload size: 91 at 2024-12-11 11:18:41.690040 sent 2024-12-11 11:18:41.652422
INFO:Message received on topic: type-2/41 with payload size: 91 at 2024-12-11 11:18:44.331128 sent 2024-12-11 11:18:44.267220
INFO:Message received on topic: type-2/41 with payload size: 91 at 2024-12-11 11:18:46.980674 sent 2024-12-11 11:18:46.874115
INFO:Message received on topic: type-2/41 with payload size: 91 at 2024-12-11 11:18:49.636468 sent 2024-12-11 11:18:49.488888
INFO:Message received on topic: type-2/41 with payload size: 91 at 2024-12-11 11:18:52.179697 sent 2024-12-11 11:18:52.101632
INFO:Message received on topic: type-2/41 with payload size: 91 at 2024-12-11 11:18:54.825001 sent 2024-12-11 11:18:54.711694
INFO:Message received on topic: type-2/41 with payload size: 91 at 2024-12-11 11:18:57.438427 sent 2024-12-11 11:18:57.331748
INFO:Message received on topic: type-2/41 with payload size: 91 at 2024-12-11 11:18:59.980301 sent 2024-12-11 11:18:59.931553
INFO:Message received on topic: type-2/41 with payload size: 91 at 2024-12-11 11:19:02.728007 sent 2024-12-11 11:19:02.545539
INFO:Message received on topic: type-2/41 with payload size: 91 at 2024-12-11 11:19:05.283930 sent 2024-12-11 11:19:05.158006
INFO:Message received on topic: type-2/41 with payload size: 91 at 2024-12-11 11:19:07.932779 sent 2024-12-11 11:19:07.784264
INFO:Message received on topic: type-2/41 with payload size: 91 at 2024-12-11 11:19:10.695032 sent 2024-12-11 11:19:10.394690
INFO:Message received on topic: type-2/41 with payload size: 91 at 2024-12-11 11:19:13.177749 sent 2024-12-11 11:19:13.002848
INFO:Message received on topic: type-2/41 with payload size: 91 at 2024-12-11 11:19:15.902191 sent 2024-12-11 11:19:15.613527
INFO:Message received on topic: type-2/41 with payload size: 91 at 2024-12-11 11:19:18.277830 sent 2024-12-11 11:19:18.220187
INFO:Message received on topic: type-2/41 with payload size: 91 at 2024-12-11 11:19:21.100192 sent 2024-12-11 11:19:20.837231
INFO:Message received on topic: type-2/41 with payload size: 91 at 2024-12-11 11:19:23.571220 sent 2024-12-11 11:19:23.454625
INFO:Message received on topic: type-2/41 with payload size: 91 at 2024-12-11 11:19:26.175275 sent 2024-12-11 11:19:26.065490
INFO:Message received on topic: type-2/41 with payload size: 91 at 2024-12-11 11:19:28.775181 sent 2024-12-11 11:19:28.676169
INFO:Message received on topic: type-2/41 with payload size: 91 at 2024-12-11 11:19:31.433643 sent 2024-12-11 11:19:31.300924
INFO:Message received on topic: type-2/41 with payload size: 91 at 2024-12-11 11:19:34.028891 sent 2024-12-11 11:19:33.919591
INFO:Message received on topic: type-2/41 with payload size: 91 at 2024-12-11 11:19:36.632970 sent 2024-12-11 11:19:36.534769
INFO:Message received on topic: type-2/41 with payload size: 91 at 2024-12-11 11:19:39.281487 sent 2024-12-11 11:19:39.144313
INFO:Message received on topic: type-2/41 with payload size: 91 at 2024-12-11 11:19:41.882973 sent 2024-12-11 11:19:41.752944
INFO:Message received on topic: type-2/41 with payload size: 91 at 2024-12-11 11:19:44.431132 sent 2024-12-11 11:19:44.366999
INFO:Message received on topic: type-2/41 with payload size: 91 at 2024-12-11 11:19:46.990105 sent 2024-12-11 11:19:46.977302
INFO:Message received on topic: type-2/41 with payload size: 91 at 2024-12-11 11:19:49.774549 sent 2024-12-11 11:19:49.599437
INFO:Message received on topic: type-2/41 with payload size: 91 at 2024-12-11 11:19:52.282469 sent 2024-12-11 11:19:52.220504
INFO:Message received on topic: type-2/41 with payload size: 91 at 2024-12-11 11:19:54.899874 sent 2024-12-11 11:19:54.838907
INFO:Message received on topic: type-2/41 with payload size: 91 at 2024-12-11 11:19:57.628866 sent 2024-12-11 11:19:57.452919
INFO:Message received on topic: type-2/41 with payload size: 91 at 2024-12-11 11:20:00.279501 sent 2024-12-11 11:20:00.064471
INFO:Message received on topic: type-2/41 with payload size: 91 at 2024-12-11 11:20:02.982789 sent 2024-12-11 11:20:02.676150
INFO:Message received on topic: type-2/41 with payload size: 91 at 2024-12-11 11:20:05.791561 sent 2024-12-11 11:20:05.294233
INFO:Message received on topic: type-2/41 with payload size: 91 at 2024-12-11 11:20:08.336015 sent 2024-12-11 11:20:07.903230
INFO:Message received on topic: type-2/41 with payload size: 91 at 2024-12-11 11:20:10.591537 sent 2024-12-11 11:20:10.514385
INFO:Message received on topic: type-2/41 with payload size: 91 at 2024-12-11 11:20:13.288736 sent 2024-12-11 11:20:13.127978
INFO:Message received on topic: type-2/41 with payload size: 91 at 2024-12-11 11:20:15.980700 sent 2024-12-11 11:20:15.743947
INFO:Message received on topic: type-2/41 with payload size: 91 at 2024-12-11 11:20:18.578766 sent 2024-12-11 11:20:18.354388
INFO:Message received on topic: type-2/41 with payload size: 91 at 2024-12-11 11:20:21.078497 sent 2024-12-11 11:20:20.968903
INFO:Message received on topic: type-2/41 with payload size: 91 at 2024-12-11 11:20:23.680619 sent 2024-12-11 11:20:23.584862
INFO:Message received on topic: type-2/41 with payload size: 91 at 2024-12-11 11:20:26.383748 sent 2024-12-11 11:20:26.199009
INFO:Message received on topic: type-2/41 with payload size: 91 at 2024-12-11 11:20:28.926031 sent 2024-12-11 11:20:28.810678
INFO:Message received on topic: type-2/41 with payload size: 91 at 2024-12-11 11:20:31.526693 sent 2024-12-11 11:20:31.421949
INFO:Message received on topic: type-2/41 with payload size: 91 at 2024-12-11 11:20:34.133556 sent 2024-12-11 11:20:34.031500
INFO:Message received on topic: type-2/41 with payload size: 91 at 2024-12-11 11:20:36.780345 sent 2024-12-11 11:20:36.639789
INFO:Message received on topic: type-2/41 with payload size: 91 at 2024-12-11 11:20:39.471928 sent 2024-12-11 11:20:39.251787
INFO:Message received on topic: type-2/41 with payload size: 91 at 2024-12-11 11:20:41.988012 sent 2024-12-11 11:20:41.860874
INFO:Message received on topic: type-2/41 with payload size: 91 at 2024-12-11 11:20:44.576443 sent 2024-12-11 11:20:44.467389
INFO:Message received on topic: type-2/41 with payload size: 91 at 2024-12-11 11:20:47.190989 sent 2024-12-11 11:20:47.073956
INFO:Message received on topic: type-2/41 with payload size: 91 at 2024-12-11 11:20:49.787195 sent 2024-12-11 11:20:49.691246
INFO:Message received on topic: type-2/41 with payload size: 91 at 2024-12-11 11:20:52.382665 sent 2024-12-11 11:20:52.308019
INFO:Message received on topic: type-2/41 with payload size: 91 at 2024-12-11 11:20:55.083457 sent 2024-12-11 11:20:54.932586
INFO:Message received on topic: type-2/41 with payload size: 91 at 2024-12-11 11:20:57.628926 sent 2024-12-11 11:20:57.551927
INFO:Message received on topic: type-2/41 with payload size: 91 at 2024-12-11 11:21:00.281736 sent 2024-12-11 11:21:00.163841
INFO:Message received on topic: type-2/41 with payload size: 91 at 2024-12-11 11:21:02.829796 sent 2024-12-11 11:21:02.774450
INFO:Message received on topic: type-2/41 with payload size: 91 at 2024-12-11 11:21:05.487944 sent 2024-12-11 11:21:05.385656
INFO:Message received on topic: type-2/41 with payload size: 91 at 2024-12-11 11:21:08.091316 sent 2024-12-11 11:21:07.992309
INFO:Message received on topic: type-2/41 with payload size: 91 at 2024-12-11 11:21:10.671196 sent 2024-12-11 11:21:10.607308
INFO:Message received on topic: type-2/41 with payload size: 91 at 2024-12-11 11:21:13.299253 sent 2024-12-11 11:21:13.217685
INFO:Message received on topic: type-2/41 with payload size: 91 at 2024-12-11 11:21:15.898878 sent 2024-12-11 11:21:15.826998
INFO:Message received on topic: type-2/41 with payload size: 91 at 2024-12-11 11:21:18.530238 sent 2024-12-11 11:21:18.435217
INFO:Message received on topic: type-2/41 with payload size: 91 at 2024-12-11 11:21:21.095040 sent 2024-12-11 11:21:21.047203
INFO:Message received on topic: type-2/41 with payload size: 91 at 2024-12-11 11:21:24.177733 sent 2024-12-11 11:21:23.655958
INFO:Message received on topic: type-2/41 with payload size: 91 at 2024-12-11 11:21:26.298632 sent 2024-12-11 11:21:26.259374
INFO:Message received on topic: type-2/41 with payload size: 91 at 2024-12-11 11:21:28.978551 sent 2024-12-11 11:21:28.868678
INFO:Message received on topic: type-2/41 with payload size: 91 at 2024-12-11 11:21:31.526480 sent 2024-12-11 11:21:31.473796
INFO:Message received on topic: type-2/41 with payload size: 91 at 2024-12-11 11:21:34.174665 sent 2024-12-11 11:21:34.082045
INFO:Message received on topic: type-2/41 with payload size: 91 at 2024-12-11 11:21:36.730253 sent 2024-12-11 11:21:36.691277
INFO:Message received on topic: type-2/41 with payload size: 91 at 2024-12-11 11:21:39.384744 sent 2024-12-11 11:21:39.298295
INFO:Message received on topic: type-2/41 with payload size: 91 at 2024-12-11 11:21:42.000641 sent 2024-12-11 11:21:41.904546
INFO:Message received on topic: type-2/41 with payload size: 91 at 2024-12-11 11:21:44.599169 sent 2024-12-11 11:21:44.510479
INFO:Message received on topic: type-2/41 with payload size: 91 at 2024-12-11 11:21:47.189500 sent 2024-12-11 11:21:47.114455
INFO:Message received on topic: type-2/41 with payload size: 91 at 2024-12-11 11:21:49.799190 sent 2024-12-11 11:21:49.723997
INFO:Message received on topic: type-2/41 with payload size: 91 at 2024-12-11 11:21:52.384375 sent 2024-12-11 11:21:52.327572
INFO:Message received on topic: type-2/41 with payload size: 91 at 2024-12-11 11:21:54.992066 sent 2024-12-11 11:21:54.936846
INFO:Message received on topic: type-2/41 with payload size: 91 at 2024-12-11 11:21:57.628102 sent 2024-12-11 11:21:57.542566
INFO:Message received on topic: type-2/41 with payload size: 91 at 2024-12-11 11:22:00.295265 sent 2024-12-11 11:22:00.147594
INFO:Message received on topic: type-2/41 with payload size: 91 at 2024-12-11 11:22:02.828398 sent 2024-12-11 11:22:02.757769
INFO:Message received on topic: type-2/41 with payload size: 91 at 2024-12-11 11:22:05.377387 sent 2024-12-11 11:22:05.364029
INFO:Message received on topic: type-2/41 with payload size: 91 at 2024-12-11 11:22:07.978146 sent 2024-12-11 11:22:07.969906
INFO:Message received on topic: type-2/41 with payload size: 91 at 2024-12-11 11:22:10.592101 sent 2024-12-11 11:22:10.576865
INFO:Message received on topic: type-2/41 with payload size: 91 at 2024-12-11 11:22:13.276729 sent 2024-12-11 11:22:13.185021
INFO:Message received on topic: type-2/41 with payload size: 91 at 2024-12-11 11:22:15.871338 sent 2024-12-11 11:22:15.787073
INFO:Message received on topic: type-2/41 with payload size: 91 at 2024-12-11 11:22:18.402813 sent 2024-12-11 11:22:18.391481
INFO:Message received on topic: type-2/41 with payload size: 91 at 2024-12-11 11:22:21.072839 sent 2024-12-11 11:22:20.998365
INFO:Message received on topic: type-2/41 with payload size: 91 at 2024-12-11 11:22:23.674236 sent 2024-12-11 11:22:23.602222
INFO:Message received on topic: type-2/41 with payload size: 91 at 2024-12-11 11:22:26.277734 sent 2024-12-11 11:22:26.204122
INFO:Message received on topic: type-2/41 with payload size: 91 at 2024-12-11 11:22:28.883116 sent 2024-12-11 11:22:28.812213
INFO:Message received on topic: type-2/41 with payload size: 91 at 2024-12-11 11:22:31.474980 sent 2024-12-11 11:22:31.419975
INFO:Message received on topic: type-2/41 with payload size: 91 at 2024-12-11 11:22:34.095917 sent 2024-12-11 11:22:34.021683
INFO:Message received on topic: type-2/41 with payload size: 91 at 2024-12-11 11:22:36.688883 sent 2024-12-11 11:22:36.625643
INFO:Message received on topic: type-2/41 with payload size: 91 at 2024-12-11 11:22:39.285677 sent 2024-12-11 11:22:39.230490
INFO:Message received on topic: type-2/41 with payload size: 91 at 2024-12-11 11:22:41.879938 sent 2024-12-11 11:22:41.834123
INFO:Message received on topic: type-2/41 with payload size: 91 at 2024-12-11 11:22:44.498764 sent 2024-12-11 11:22:44.436729
INFO:Message received on topic: type-2/41 with payload size: 91 at 2024-12-11 11:22:47.083417 sent 2024-12-11 11:22:47.040202
INFO:Message received on topic: type-2/41 with payload size: 91 at 2024-12-11 11:22:49.687286 sent 2024-12-11 11:22:49.644621
INFO:Message received on topic: type-2/41 with payload size: 91 at 2024-12-11 11:22:52.280704 sent 2024-12-11 11:22:52.250492
INFO:Message received on topic: type-2/41 with payload size: 91 at 2024-12-11 11:22:54.895438 sent 2024-12-11 11:22:54.851534
