INFO:Starting Version 1.0.5
DEBUG:Using selector: EpollSelector
INFO:Connecting to cluster at: mqtt-quic://emqx-headless.dtwins:14567 using QUIC
INFO:Subscribed to topic: type-2/39
INFO:Logging each: 50
INFO:Unhandled packet type received
INFO:Message received on topic: type-2/39 with payload size: 91 at 2024-12-11 17:51:51.139771 sent 2024-12-11 17:51:51.093492
INFO:Message received on topic: type-2/39 with payload size: 91 at 2024-12-11 17:51:53.701707 sent 2024-12-11 17:51:53.695747
INFO:Message received on topic: type-2/39 with payload size: 91 at 2024-12-11 17:51:56.343166 sent 2024-12-11 17:51:56.306237
INFO:Message received on topic: type-2/39 with payload size: 91 at 2024-12-11 17:51:58.944200 sent 2024-12-11 17:51:58.912796
INFO:Message received on topic: type-2/39 with payload size: 91 at 2024-12-11 17:52:01.546824 sent 2024-12-11 17:52:01.526188
INFO:Message received on topic: type-2/39 with payload size: 91 at 2024-12-11 17:52:04.201857 sent 2024-12-11 17:52:04.134523
INFO:Message received on topic: type-2/39 with payload size: 91 at 2024-12-11 17:52:06.821318 sent 2024-12-11 17:52:06.735768
INFO:Message received on topic: type-2/39 with payload size: 91 at 2024-12-11 17:52:09.435685 sent 2024-12-11 17:52:09.348487
INFO:Message received on topic: type-2/39 with payload size: 91 at 2024-12-11 17:52:12.037534 sent 2024-12-11 17:52:11.952974
INFO:Message received on topic: type-2/39 with payload size: 91 at 2024-12-11 17:52:14.634011 sent 2024-12-11 17:52:14.574438
INFO:Message received on topic: type-2/39 with payload size: 91 at 2024-12-11 17:52:17.241894 sent 2024-12-11 17:52:17.177974
INFO:Message received on topic: type-2/39 with payload size: 91 at 2024-12-11 17:52:19.835912 sent 2024-12-11 17:52:19.777618
INFO:Message received on topic: type-2/39 with payload size: 91 at 2024-12-11 17:52:22.432444 sent 2024-12-11 17:52:22.384361
INFO:Message received on topic: type-2/39 with payload size: 91 at 2024-12-11 17:52:25.098821 sent 2024-12-11 17:52:25.003995
INFO:Message received on topic: type-2/39 with payload size: 91 at 2024-12-11 17:52:27.629021 sent 2024-12-11 17:52:27.613777
INFO:Message received on topic: type-2/39 with payload size: 91 at 2024-12-11 17:52:30.321884 sent 2024-12-11 17:52:30.226584
INFO:Message received on topic: type-2/39 with payload size: 91 at 2024-12-11 17:52:32.903235 sent 2024-12-11 17:52:32.839216
INFO:Message received on topic: type-2/39 with payload size: 91 at 2024-12-11 17:52:35.522897 sent 2024-12-11 17:52:35.455169
INFO:Message received on topic: type-2/39 with payload size: 91 at 2024-12-11 17:52:38.135690 sent 2024-12-11 17:52:38.062124
INFO:Message received on topic: type-2/39 with payload size: 91 at 2024-12-11 17:52:40.716149 sent 2024-12-11 17:52:40.675599
INFO:Message received on topic: type-2/39 with payload size: 91 at 2024-12-11 17:52:43.531283 sent 2024-12-11 17:52:43.298798
INFO:Message received on topic: type-2/39 with payload size: 91 at 2024-12-11 17:52:46.000615 sent 2024-12-11 17:52:45.919002
INFO:Message received on topic: type-2/39 with payload size: 91 at 2024-12-11 17:52:48.550695 sent 2024-12-11 17:52:48.531087
INFO:Message received on topic: type-2/39 with payload size: 91 at 2024-12-11 17:52:51.199989 sent 2024-12-11 17:52:51.142649
INFO:Message received on topic: type-2/39 with payload size: 91 at 2024-12-11 17:52:53.827116 sent 2024-12-11 17:52:53.762402
INFO:Message received on topic: type-2/39 with payload size: 91 at 2024-12-11 17:52:56.502013 sent 2024-12-11 17:52:56.369630
INFO:Message received on topic: type-2/39 with payload size: 91 at 2024-12-11 17:52:59.038665 sent 2024-12-11 17:52:58.987752
INFO:Message received on topic: type-2/39 with payload size: 91 at 2024-12-11 17:53:01.739283 sent 2024-12-11 17:53:01.623590
INFO:Message received on topic: type-2/39 with payload size: 91 at 2024-12-11 17:53:04.300079 sent 2024-12-11 17:53:04.237320
INFO:Message received on topic: type-2/39 with payload size: 91 at 2024-12-11 17:53:06.927015 sent 2024-12-11 17:53:06.853011
INFO:Message received on topic: type-2/39 with payload size: 91 at 2024-12-11 17:53:09.516187 sent 2024-12-11 17:53:09.465271
INFO:Message received on topic: type-2/39 with payload size: 91 at 2024-12-11 17:53:12.139965 sent 2024-12-11 17:53:12.078564
INFO:Message received on topic: type-2/39 with payload size: 91 at 2024-12-11 17:53:14.751836 sent 2024-12-11 17:53:14.692305
INFO:Message received on topic: type-2/39 with payload size: 91 at 2024-12-11 17:53:17.336374 sent 2024-12-11 17:53:17.306780
INFO:Message received on topic: type-2/39 with payload size: 91 at 2024-12-11 17:53:20.018224 sent 2024-12-11 17:53:19.925417
INFO:Message received on topic: type-2/39 with payload size: 91 at 2024-12-11 17:53:22.694769 sent 2024-12-11 17:53:22.542591
INFO:Message received on topic: type-2/39 with payload size: 91 at 2024-12-11 17:53:25.228461 sent 2024-12-11 17:53:25.163150
INFO:Message received on topic: type-2/39 with payload size: 91 at 2024-12-11 17:53:27.830488 sent 2024-12-11 17:53:27.775267
INFO:Message received on topic: type-2/39 with payload size: 91 at 2024-12-11 17:53:30.539080 sent 2024-12-11 17:53:30.390235
INFO:Message received on topic: type-2/39 with payload size: 91 at 2024-12-11 17:53:33.144265 sent 2024-12-11 17:53:33.007584
INFO:Message received on topic: type-2/39 with payload size: 91 at 2024-12-11 17:53:35.642253 sent 2024-12-11 17:53:35.615646
INFO:Message received on topic: type-2/39 with payload size: 91 at 2024-12-11 17:53:38.302803 sent 2024-12-11 17:53:38.231610
INFO:Message received on topic: type-2/39 with payload size: 91 at 2024-12-11 17:53:40.937792 sent 2024-12-11 17:53:40.848214
INFO:Message received on topic: type-2/39 with payload size: 91 at 2024-12-11 17:53:43.597859 sent 2024-12-11 17:53:43.457860
INFO:Message received on topic: type-2/39 with payload size: 91 at 2024-12-11 17:53:46.217444 sent 2024-12-11 17:53:46.064704
INFO:Message received on topic: type-2/39 with payload size: 91 at 2024-12-11 17:53:48.733518 sent 2024-12-11 17:53:48.676398
INFO:Message received on topic: type-2/39 with payload size: 91 at 2024-12-11 17:53:51.334012 sent 2024-12-11 17:53:51.287234
INFO:Message received on topic: type-2/39 with payload size: 91 at 2024-12-11 17:53:53.953140 sent 2024-12-11 17:53:53.911692
INFO:Message received on topic: type-2/39 with payload size: 91 at 2024-12-11 17:53:56.543904 sent 2024-12-11 17:53:56.524629
INFO:Message received on topic: type-2/39 with payload size: 91 at 2024-12-11 17:53:59.226963 sent 2024-12-11 17:53:59.142308
INFO:Message received on topic: type-2/39 with payload size: 91 at 2024-12-11 17:54:01.902922 sent 2024-12-11 17:54:01.761155
INFO:Message received on topic: type-2/39 with payload size: 91 at 2024-12-11 17:54:04.435443 sent 2024-12-11 17:54:04.380282
INFO:Message received on topic: type-2/39 with payload size: 91 at 2024-12-11 17:54:07.125073 sent 2024-12-11 17:54:06.987473
INFO:Message received on topic: type-2/39 with payload size: 91 at 2024-12-11 17:54:09.644795 sent 2024-12-11 17:54:09.608069
INFO:Message received on topic: type-2/39 with payload size: 91 at 2024-12-11 17:54:12.320259 sent 2024-12-11 17:54:12.221355
INFO:Message received on topic: type-2/39 with payload size: 91 at 2024-12-11 17:54:14.943264 sent 2024-12-11 17:54:14.837490
INFO:Message received on topic: type-2/39 with payload size: 91 at 2024-12-11 17:54:17.533703 sent 2024-12-11 17:54:17.445981
INFO:Message received on topic: type-2/39 with payload size: 91 at 2024-12-11 17:54:20.228600 sent 2024-12-11 17:54:20.061665
INFO:Message received on topic: type-2/39 with payload size: 91 at 2024-12-11 17:54:22.796702 sent 2024-12-11 17:54:22.681664
INFO:Message received on topic: type-2/39 with payload size: 91 at 2024-12-11 17:54:25.337036 sent 2024-12-11 17:54:25.289892
INFO:Message received on topic: type-2/39 with payload size: 91 at 2024-12-11 17:54:28.028479 sent 2024-12-11 17:54:27.904842
INFO:Message received on topic: type-2/39 with payload size: 91 at 2024-12-11 17:54:30.534341 sent 2024-12-11 17:54:30.502138
INFO:Message received on topic: type-2/39 with payload size: 91 at 2024-12-11 17:54:33.155644 sent 2024-12-11 17:54:33.109883
INFO:Message received on topic: type-2/39 with payload size: 91 at 2024-12-11 17:54:35.822917 sent 2024-12-11 17:54:35.724673
INFO:Message received on topic: type-2/39 with payload size: 91 at 2024-12-11 17:54:38.518389 sent 2024-12-11 17:54:38.346201
INFO:Message received on topic: type-2/39 with payload size: 91 at 2024-12-11 17:54:41.058551 sent 2024-12-11 17:54:40.959858
INFO:Message received on topic: type-2/39 with payload size: 91 at 2024-12-11 17:54:43.624721 sent 2024-12-11 17:54:43.566969
INFO:Message received on topic: type-2/39 with payload size: 91 at 2024-12-11 17:54:46.238705 sent 2024-12-11 17:54:46.161949
INFO:Message received on topic: type-2/39 with payload size: 91 at 2024-12-11 17:54:48.838751 sent 2024-12-11 17:54:48.751074
INFO:Message received on topic: type-2/39 with payload size: 91 at 2024-12-11 17:54:51.430910 sent 2024-12-11 17:54:51.342845
INFO:Message received on topic: type-2/39 with payload size: 91 at 2024-12-11 17:54:54.046244 sent 2024-12-11 17:54:53.934575
INFO:Message received on topic: type-2/39 with payload size: 91 at 2024-12-11 17:54:56.631122 sent 2024-12-11 17:54:56.546876
INFO:Message received on topic: type-2/39 with payload size: 91 at 2024-12-11 17:54:59.247892 sent 2024-12-11 17:54:59.162781
INFO:Message received on topic: type-2/39 with payload size: 91 at 2024-12-11 17:55:01.844236 sent 2024-12-11 17:55:01.774625
INFO:Message received on topic: type-2/39 with payload size: 91 at 2024-12-11 17:55:04.497541 sent 2024-12-11 17:55:04.393832
INFO:Message received on topic: type-2/39 with payload size: 91 at 2024-12-11 17:55:07.124056 sent 2024-12-11 17:55:07.010019
INFO:Message received on topic: type-2/39 with payload size: 91 at 2024-12-11 17:55:09.694216 sent 2024-12-11 17:55:09.627166
INFO:Message received on topic: type-2/39 with payload size: 91 at 2024-12-11 17:55:12.320408 sent 2024-12-11 17:55:12.234673
INFO:Message received on topic: type-2/39 with payload size: 91 at 2024-12-11 17:55:15.023630 sent 2024-12-11 17:55:14.853965
INFO:Message received on topic: type-2/39 with payload size: 91 at 2024-12-11 17:55:17.550487 sent 2024-12-11 17:55:17.467696
INFO:Message received on topic: type-2/39 with payload size: 91 at 2024-12-11 17:55:20.226604 sent 2024-12-11 17:55:20.086771
INFO:Message received on topic: type-2/39 with payload size: 91 at 2024-12-11 17:55:22.734923 sent 2024-12-11 17:55:22.702689
INFO:Message received on topic: type-2/39 with payload size: 91 at 2024-12-11 17:55:25.424783 sent 2024-12-11 17:55:25.310528
INFO:Message received on topic: type-2/39 with payload size: 91 at 2024-12-11 17:55:28.058236 sent 2024-12-11 17:55:27.922221
INFO:Message received on topic: type-2/39 with payload size: 91 at 2024-12-11 17:55:30.645239 sent 2024-12-11 17:55:30.530643
INFO:Message received on topic: type-2/39 with payload size: 91 at 2024-12-11 17:55:33.256186 sent 2024-12-11 17:55:33.154775
INFO:Message received on topic: type-2/39 with payload size: 91 at 2024-12-11 17:55:35.836658 sent 2024-12-11 17:55:35.765944
INFO:Message received on topic: type-2/39 with payload size: 91 at 2024-12-11 17:55:38.526905 sent 2024-12-11 17:55:38.379609
INFO:Message received on topic: type-2/39 with payload size: 91 at 2024-12-11 17:55:41.132484 sent 2024-12-11 17:55:41.003146
INFO:Message received on topic: type-2/39 with payload size: 91 at 2024-12-11 17:55:43.729143 sent 2024-12-11 17:55:43.614497
INFO:Message received on topic: type-2/39 with payload size: 91 at 2024-12-11 17:55:46.250334 sent 2024-12-11 17:55:46.224123
INFO:Message received on topic: type-2/39 with payload size: 91 at 2024-12-11 17:55:48.954947 sent 2024-12-11 17:55:48.829477
INFO:Message received on topic: type-2/39 with payload size: 91 at 2024-12-11 17:55:51.665742 sent 2024-12-11 17:55:51.444124
INFO:Message received on topic: type-2/39 with payload size: 91 at 2024-12-11 17:55:54.230049 sent 2024-12-11 17:55:54.057662
INFO:Message received on topic: type-2/39 with payload size: 91 at 2024-12-11 17:55:56.764188 sent 2024-12-11 17:55:56.667271
INFO:Message received on topic: type-2/39 with payload size: 91 at 2024-12-11 17:55:59.353959 sent 2024-12-11 17:55:59.283590
INFO:Message received on topic: type-2/39 with payload size: 91 at 2024-12-11 17:56:02.031846 sent 2024-12-11 17:56:01.894856
INFO:Message received on topic: type-2/39 with payload size: 91 at 2024-12-11 17:56:04.652215 sent 2024-12-11 17:56:04.507104
INFO:Message received on topic: type-2/39 with payload size: 91 at 2024-12-11 17:56:07.237827 sent 2024-12-11 17:56:07.117953
INFO:Message received on topic: type-2/39 with payload size: 91 at 2024-12-11 17:56:09.830422 sent 2024-12-11 17:56:09.733001
INFO:Message received on topic: type-2/39 with payload size: 91 at 2024-12-11 17:56:12.429620 sent 2024-12-11 17:56:12.347244
INFO:Message received on topic: type-2/39 with payload size: 91 at 2024-12-11 17:56:15.117203 sent 2024-12-11 17:56:14.959801
INFO:Message received on topic: type-2/39 with payload size: 91 at 2024-12-11 17:56:17.639160 sent 2024-12-11 17:56:17.564922
INFO:Message received on topic: type-2/39 with payload size: 91 at 2024-12-11 17:56:20.225163 sent 2024-12-11 17:56:20.178708
INFO:Message received on topic: type-2/39 with payload size: 91 at 2024-12-11 17:56:22.916671 sent 2024-12-11 17:56:22.792163
INFO:Message received on topic: type-2/39 with payload size: 91 at 2024-12-11 17:56:25.520678 sent 2024-12-11 17:56:25.395542
INFO:Message received on topic: type-2/39 with payload size: 91 at 2024-12-11 17:56:28.229498 sent 2024-12-11 17:56:28.007693
INFO:Message received on topic: type-2/39 with payload size: 91 at 2024-12-11 17:56:30.736911 sent 2024-12-11 17:56:30.624926
INFO:Message received on topic: type-2/39 with payload size: 91 at 2024-12-11 17:56:33.355174 sent 2024-12-11 17:56:33.245814
INFO:Message received on topic: type-2/39 with payload size: 91 at 2024-12-11 17:56:35.947848 sent 2024-12-11 17:56:35.857394
INFO:Message received on topic: type-2/39 with payload size: 91 at 2024-12-11 17:56:38.534317 sent 2024-12-11 17:56:38.472305
INFO:Message received on topic: type-2/39 with payload size: 91 at 2024-12-11 17:56:41.151529 sent 2024-12-11 17:56:41.087980
INFO:Message received on topic: type-2/39 with payload size: 91 at 2024-12-11 17:56:43.739265 sent 2024-12-11 17:56:43.704906
INFO:Message received on topic: type-2/39 with payload size: 91 at 2024-12-11 17:56:46.452314 sent 2024-12-11 17:56:46.311345
INFO:Message received on topic: type-2/39 with payload size: 91 at 2024-12-11 17:56:49.141795 sent 2024-12-11 17:56:48.918949
INFO:Message received on topic: type-2/39 with payload size: 91 at 2024-12-11 17:56:51.630557 sent 2024-12-11 17:56:51.531747
INFO:Message received on topic: type-2/39 with payload size: 91 at 2024-12-11 17:56:54.231377 sent 2024-12-11 17:56:54.149236
INFO:Message received on topic: type-2/39 with payload size: 91 at 2024-12-11 17:56:56.926930 sent 2024-12-11 17:56:56.757794
INFO:Message received on topic: type-2/39 with payload size: 91 at 2024-12-11 17:56:59.464124 sent 2024-12-11 17:56:59.384769
INFO:Message received on topic: type-2/39 with payload size: 91 at 2024-12-11 17:57:02.118777 sent 2024-12-11 17:57:02.008932
INFO:Message received on topic: type-2/39 with payload size: 91 at 2024-12-11 17:57:04.736851 sent 2024-12-11 17:57:04.633674
INFO:Message received on topic: type-2/39 with payload size: 91 at 2024-12-11 17:57:07.332374 sent 2024-12-11 17:57:07.243877
INFO:Message received on topic: type-2/39 with payload size: 91 at 2024-12-11 17:57:09.947612 sent 2024-12-11 17:57:09.855913
INFO:Message received on topic: type-2/39 with payload size: 91 at 2024-12-11 17:57:12.550751 sent 2024-12-11 17:57:12.468182
INFO:Message received on topic: type-2/39 with payload size: 91 at 2024-12-11 17:57:15.226264 sent 2024-12-11 17:57:15.083919
INFO:Message received on topic: type-2/39 with payload size: 91 at 2024-12-11 17:57:17.736212 sent 2024-12-11 17:57:17.693112
INFO:Message received on topic: type-2/39 with payload size: 91 at 2024-12-11 17:57:20.425759 sent 2024-12-11 17:57:20.308985
INFO:Message received on topic: type-2/39 with payload size: 91 at 2024-12-11 17:57:23.052080 sent 2024-12-11 17:57:22.928788
INFO:Message received on topic: type-2/39 with payload size: 91 at 2024-12-11 17:57:25.633649 sent 2024-12-11 17:57:25.536638
INFO:Message received on topic: type-2/39 with payload size: 91 at 2024-12-11 17:57:28.243454 sent 2024-12-11 17:57:28.152488
INFO:Message received on topic: type-2/39 with payload size: 91 at 2024-12-11 17:57:30.923670 sent 2024-12-11 17:57:30.759602
INFO:Message received on topic: type-2/39 with payload size: 91 at 2024-12-11 17:57:33.455989 sent 2024-12-11 17:57:33.373257
INFO:Message received on topic: type-2/39 with payload size: 91 at 2024-12-11 17:57:36.129975 sent 2024-12-11 17:57:35.982756
INFO:Message received on topic: type-2/39 with payload size: 91 at 2024-12-11 17:57:38.823240 sent 2024-12-11 17:57:38.599444
INFO:Message received on topic: type-2/39 with payload size: 91 at 2024-12-11 17:57:41.441161 sent 2024-12-11 17:57:41.211932
INFO:Message received on topic: type-2/39 with payload size: 91 at 2024-12-11 17:57:43.934000 sent 2024-12-11 17:57:43.839615
INFO:Message received on topic: type-2/39 with payload size: 91 at 2024-12-11 17:57:46.537083 sent 2024-12-11 17:57:46.445559
INFO:Message received on topic: type-2/39 with payload size: 91 at 2024-12-11 17:57:49.250962 sent 2024-12-11 17:57:49.055798
INFO:Message received on topic: type-2/39 with payload size: 91 at 2024-12-11 17:57:51.774581 sent 2024-12-11 17:57:51.673589
INFO:Message received on topic: type-2/39 with payload size: 91 at 2024-12-11 17:57:54.428451 sent 2024-12-11 17:57:54.286483
INFO:Message received on topic: type-2/39 with payload size: 91 at 2024-12-11 17:57:57.018482 sent 2024-12-11 17:57:56.897825
INFO:Message received on topic: type-2/39 with payload size: 91 at 2024-12-11 17:57:59.552012 sent 2024-12-11 17:57:59.516743
INFO:Message received on topic: type-2/39 with payload size: 91 at 2024-12-11 17:58:02.227897 sent 2024-12-11 17:58:02.136911
INFO:Message received on topic: type-2/39 with payload size: 91 at 2024-12-11 17:58:04.848741 sent 2024-12-11 17:58:04.752042
INFO:Message received on topic: type-2/39 with payload size: 91 at 2024-12-11 17:58:07.433613 sent 2024-12-11 17:58:07.373284
INFO:Message received on topic: type-2/39 with payload size: 91 at 2024-12-11 17:58:10.153525 sent 2024-12-11 17:58:09.986870
INFO:Message received on topic: type-2/39 with payload size: 91 at 2024-12-11 17:58:12.724929 sent 2024-12-11 17:58:12.599721
INFO:Message received on topic: type-2/39 with payload size: 91 at 2024-12-11 17:58:15.324939 sent 2024-12-11 17:58:15.209429
INFO:Message received on topic: type-2/39 with payload size: 91 at 2024-12-11 17:58:17.848459 sent 2024-12-11 17:58:17.820088
INFO:Message received on topic: type-2/39 with payload size: 91 at 2024-12-11 17:58:20.528306 sent 2024-12-11 17:58:20.425167
INFO:Message received on topic: type-2/39 with payload size: 91 at 2024-12-11 17:58:23.160507 sent 2024-12-11 17:58:23.037927
INFO:Message received on topic: type-2/39 with payload size: 91 at 2024-12-11 17:58:25.729237 sent 2024-12-11 17:58:25.643127
INFO:Message received on topic: type-2/39 with payload size: 91 at 2024-12-11 17:58:28.395517 sent 2024-12-11 17:58:28.260587
INFO:Message received on topic: type-2/39 with payload size: 91 at 2024-12-11 17:58:30.937700 sent 2024-12-11 17:58:30.867746
INFO:Message received on topic: type-2/39 with payload size: 91 at 2024-12-11 17:58:33.549662 sent 2024-12-11 17:58:33.488498
INFO:Message received on topic: type-2/39 with payload size: 91 at 2024-12-11 17:58:36.133696 sent 2024-12-11 17:58:36.104600
INFO:Message received on topic: type-2/39 with payload size: 91 at 2024-12-11 17:58:38.845530 sent 2024-12-11 17:58:38.713621
INFO:Message received on topic: type-2/39 with payload size: 91 at 2024-12-11 17:58:41.434801 sent 2024-12-11 17:58:41.320679
INFO:Message received on topic: type-2/39 with payload size: 91 at 2024-12-11 17:58:43.949979 sent 2024-12-11 17:58:43.931050
INFO:Message received on topic: type-2/39 with payload size: 91 at 2024-12-11 17:58:46.630086 sent 2024-12-11 17:58:46.540473
INFO:Message received on topic: type-2/39 with payload size: 91 at 2024-12-11 17:58:49.250038 sent 2024-12-11 17:58:49.161220
INFO:Message received on topic: type-2/39 with payload size: 91 at 2024-12-11 17:58:51.841413 sent 2024-12-11 17:58:51.770001
INFO:Message received on topic: type-2/39 with payload size: 91 at 2024-12-11 17:58:54.438821 sent 2024-12-11 17:58:54.383150
INFO:Message received on topic: type-2/39 with payload size: 91 at 2024-12-11 17:58:57.043482 sent 2024-12-11 17:58:56.989259
INFO:Message received on topic: type-2/39 with payload size: 91 at 2024-12-11 17:58:59.694608 sent 2024-12-11 17:58:59.600185
INFO:Message received on topic: type-2/39 with payload size: 91 at 2024-12-11 17:59:02.245193 sent 2024-12-11 17:59:02.214607
INFO:Message received on topic: type-2/39 with payload size: 91 at 2024-12-11 17:59:04.925732 sent 2024-12-11 17:59:04.827080
INFO:Message received on topic: type-2/39 with payload size: 91 at 2024-12-11 17:59:07.541858 sent 2024-12-11 17:59:07.437173
INFO:Message received on topic: type-2/39 with payload size: 91 at 2024-12-11 17:59:10.130796 sent 2024-12-11 17:59:10.051168
INFO:Message received on topic: type-2/39 with payload size: 91 at 2024-12-11 17:59:12.735375 sent 2024-12-11 17:59:12.656789
INFO:Message received on topic: type-2/39 with payload size: 91 at 2024-12-11 17:59:15.332749 sent 2024-12-11 17:59:15.261817
INFO:Message received on topic: type-2/39 with payload size: 91 at 2024-12-11 17:59:17.941852 sent 2024-12-11 17:59:17.868060
INFO:Message received on topic: type-2/39 with payload size: 91 at 2024-12-11 17:59:20.624654 sent 2024-12-11 17:59:20.476899
INFO:Message received on topic: type-2/39 with payload size: 91 at 2024-12-11 17:59:23.140267 sent 2024-12-11 17:59:23.084438
INFO:Message received on topic: type-2/39 with payload size: 91 at 2024-12-11 17:59:25.735627 sent 2024-12-11 17:59:25.685452
INFO:Message received on topic: type-2/39 with payload size: 91 at 2024-12-11 17:59:28.333142 sent 2024-12-11 17:59:28.289961
INFO:Message received on topic: type-2/39 with payload size: 91 at 2024-12-11 17:59:30.937105 sent 2024-12-11 17:59:30.900151
INFO:Message received on topic: type-2/39 with payload size: 91 at 2024-12-11 17:59:33.554222 sent 2024-12-11 17:59:33.503895
INFO:Message received on topic: type-2/39 with payload size: 91 at 2024-12-11 17:59:36.154011 sent 2024-12-11 17:59:36.097437
INFO:Message received on topic: type-2/39 with payload size: 91 at 2024-12-11 17:59:38.747482 sent 2024-12-11 17:59:38.700663
INFO:Message received on topic: type-2/39 with payload size: 91 at 2024-12-11 17:59:41.339524 sent 2024-12-11 17:59:41.304512
INFO:Message received on topic: type-2/39 with payload size: 91 at 2024-12-11 17:59:43.931884 sent 2024-12-11 17:59:43.908628
INFO:Message received on topic: type-2/39 with payload size: 91 at 2024-12-11 17:59:46.528244 sent 2024-12-11 17:59:46.509583
INFO:Message received on topic: type-2/39 with payload size: 91 at 2024-12-11 17:59:49.144284 sent 2024-12-11 17:59:49.119228
INFO:Message received on topic: type-2/39 with payload size: 91 at 2024-12-11 17:59:51.740823 sent 2024-12-11 17:59:51.723535
INFO:Message received on topic: type-2/39 with payload size: 91 at 2024-12-11 17:59:54.357143 sent 2024-12-11 17:59:54.332012
INFO:Message received on topic: type-2/39 with payload size: 91 at 2024-12-11 17:59:56.945412 sent 2024-12-11 17:59:56.933926
INFO:Message received on topic: type-2/39 with payload size: 91 at 2024-12-11 17:59:59.617798 sent 2024-12-11 17:59:59.537955
INFO:Message received on topic: type-2/39 with payload size: 91 at 2024-12-11 18:00:02.225781 sent 2024-12-11 18:00:02.146310
INFO:Message received on topic: type-2/39 with payload size: 91 at 2024-12-11 18:00:04.823396 sent 2024-12-11 18:00:04.749927
INFO:Message received on topic: type-2/39 with payload size: 91 at 2024-12-11 18:00:07.440625 sent 2024-12-11 18:00:07.352573
INFO:Message received on topic: type-2/39 with payload size: 91 at 2024-12-11 18:00:10.023521 sent 2024-12-11 18:00:09.957223
INFO:Message received on topic: type-2/39 with payload size: 91 at 2024-12-11 18:00:12.631499 sent 2024-12-11 18:00:12.559786
INFO:Message received on topic: type-2/39 with payload size: 91 at 2024-12-11 18:00:15.226592 sent 2024-12-11 18:00:15.161433
INFO:Message received on topic: type-2/39 with payload size: 91 at 2024-12-11 18:00:17.832858 sent 2024-12-11 18:00:17.763257
INFO:Message received on topic: type-2/39 with payload size: 91 at 2024-12-11 18:00:20.432805 sent 2024-12-11 18:00:20.365489
