INFO:Starting Version 1.0.5
DEBUG:Using selector: EpollSelector
INFO:Connecting to cluster at: mqtt-quic://emqx-headless.dtwins:14567 using QUIC
INFO:Subscribed to topic: type-2/47
INFO:Logging each: 50
INFO:Unhandled packet type received
INFO:Message received on topic: type-2/47 with payload size: 91 at 2024-12-11 11:14:43.892018 sent 2024-12-11 11:14:43.855691
INFO:Message received on topic: type-2/47 with payload size: 91 at 2024-12-11 11:14:46.493850 sent 2024-12-11 11:14:46.454779
INFO:Message received on topic: type-2/47 with payload size: 91 at 2024-12-11 11:14:49.079842 sent 2024-12-11 11:14:49.060765
INFO:Message received on topic: type-2/47 with payload size: 91 at 2024-12-11 11:14:51.735884 sent 2024-12-11 11:14:51.684093
INFO:Message received on topic: type-2/47 with payload size: 91 at 2024-12-11 11:14:54.379623 sent 2024-12-11 11:14:54.297280
INFO:Message received on topic: type-2/47 with payload size: 91 at 2024-12-11 11:14:56.970981 sent 2024-12-11 11:14:56.904727
INFO:Message received on topic: type-2/47 with payload size: 91 at 2024-12-11 11:14:59.571068 sent 2024-12-11 11:14:59.516427
INFO:Message received on topic: type-2/47 with payload size: 91 at 2024-12-11 11:15:02.180864 sent 2024-12-11 11:15:02.138968
INFO:Message received on topic: type-2/47 with payload size: 91 at 2024-12-11 11:15:04.828887 sent 2024-12-11 11:15:04.750061
INFO:Message received on topic: type-2/47 with payload size: 91 at 2024-12-11 11:15:07.393281 sent 2024-12-11 11:15:07.363455
INFO:Message received on topic: type-2/47 with payload size: 91 at 2024-12-11 11:15:09.999684 sent 2024-12-11 11:15:09.982253
INFO:Message received on topic: type-2/47 with payload size: 91 at 2024-12-11 11:15:12.683911 sent 2024-12-11 11:15:12.599923
INFO:Message received on topic: type-2/47 with payload size: 91 at 2024-12-11 11:15:15.284133 sent 2024-12-11 11:15:15.215711
INFO:Message received on topic: type-2/47 with payload size: 91 at 2024-12-11 11:15:17.872940 sent 2024-12-11 11:15:17.818977
INFO:Message received on topic: type-2/47 with payload size: 91 at 2024-12-11 11:15:20.583391 sent 2024-12-11 11:15:20.427590
INFO:Message received on topic: type-2/47 with payload size: 91 at 2024-12-11 11:15:23.090761 sent 2024-12-11 11:15:23.049203
INFO:Message received on topic: type-2/47 with payload size: 91 at 2024-12-11 11:15:25.689694 sent 2024-12-11 11:15:25.661365
INFO:Message received on topic: type-2/47 with payload size: 91 at 2024-12-11 11:15:28.308262 sent 2024-12-11 11:15:28.271060
INFO:Message received on topic: type-2/47 with payload size: 91 at 2024-12-11 11:15:30.929561 sent 2024-12-11 11:15:30.886619
INFO:Message received on topic: type-2/47 with payload size: 91 at 2024-12-11 11:15:33.625163 sent 2024-12-11 11:15:33.503623
INFO:Message received on topic: type-2/47 with payload size: 91 at 2024-12-11 11:15:36.175945 sent 2024-12-11 11:15:36.111436
INFO:Message received on topic: type-2/47 with payload size: 91 at 2024-12-11 11:15:38.789818 sent 2024-12-11 11:15:38.721261
INFO:Message received on topic: type-2/47 with payload size: 91 at 2024-12-11 11:15:41.376160 sent 2024-12-11 11:15:41.331834
INFO:Message received on topic: type-2/47 with payload size: 91 at 2024-12-11 11:15:44.044058 sent 2024-12-11 11:15:43.945438
INFO:Message received on topic: type-2/47 with payload size: 91 at 2024-12-11 11:15:46.585408 sent 2024-12-11 11:15:46.556097
INFO:Message received on topic: type-2/47 with payload size: 91 at 2024-12-11 11:15:49.189080 sent 2024-12-11 11:15:49.166166
INFO:Message received on topic: type-2/47 with payload size: 91 at 2024-12-11 11:15:51.833292 sent 2024-12-11 11:15:51.790168
INFO:Message received on topic: type-2/47 with payload size: 91 at 2024-12-11 11:15:54.471148 sent 2024-12-11 11:15:54.397644
INFO:Message received on topic: type-2/47 with payload size: 91 at 2024-12-11 11:15:57.072760 sent 2024-12-11 11:15:57.009019
INFO:Message received on topic: type-2/47 with payload size: 91 at 2024-12-11 11:15:59.728455 sent 2024-12-11 11:15:59.615398
INFO:Message received on topic: type-2/47 with payload size: 91 at 2024-12-11 11:16:02.342315 sent 2024-12-11 11:16:02.230488
INFO:Message received on topic: type-2/47 with payload size: 91 at 2024-12-11 11:16:04.899209 sent 2024-12-11 11:16:04.839099
INFO:Message received on topic: type-2/47 with payload size: 91 at 2024-12-11 11:16:07.530294 sent 2024-12-11 11:16:07.449845
INFO:Message received on topic: type-2/47 with payload size: 91 at 2024-12-11 11:16:10.291360 sent 2024-12-11 11:16:10.063236
INFO:Message received on topic: type-2/47 with payload size: 91 at 2024-12-11 11:16:12.783162 sent 2024-12-11 11:16:12.675704
INFO:Message received on topic: type-2/47 with payload size: 91 at 2024-12-11 11:16:15.328619 sent 2024-12-11 11:16:15.288924
INFO:Message received on topic: type-2/47 with payload size: 91 at 2024-12-11 11:16:17.988930 sent 2024-12-11 11:16:17.898606
INFO:Message received on topic: type-2/47 with payload size: 91 at 2024-12-11 11:16:20.581146 sent 2024-12-11 11:16:20.507287
INFO:Message received on topic: type-2/47 with payload size: 91 at 2024-12-11 11:16:23.297233 sent 2024-12-11 11:16:23.118763
INFO:Message received on topic: type-2/47 with payload size: 91 at 2024-12-11 11:16:25.781013 sent 2024-12-11 11:16:25.730022
INFO:Message received on topic: type-2/47 with payload size: 91 at 2024-12-11 11:16:28.393515 sent 2024-12-11 11:16:28.341626
INFO:Message received on topic: type-2/47 with payload size: 91 at 2024-12-11 11:16:31.085217 sent 2024-12-11 11:16:30.951315
INFO:Message received on topic: type-2/47 with payload size: 91 at 2024-12-11 11:16:33.626945 sent 2024-12-11 11:16:33.566211
INFO:Message received on topic: type-2/47 with payload size: 91 at 2024-12-11 11:16:36.273828 sent 2024-12-11 11:16:36.176066
INFO:Message received on topic: type-2/47 with payload size: 91 at 2024-12-11 11:16:38.931612 sent 2024-12-11 11:16:38.793764
INFO:Message received on topic: type-2/47 with payload size: 91 at 2024-12-11 11:16:41.479920 sent 2024-12-11 11:16:41.410626
INFO:Message received on topic: type-2/47 with payload size: 91 at 2024-12-11 11:16:44.083183 sent 2024-12-11 11:16:44.016682
INFO:Message received on topic: type-2/47 with payload size: 91 at 2024-12-11 11:16:46.673717 sent 2024-12-11 11:16:46.623798
INFO:Message received on topic: type-2/47 with payload size: 91 at 2024-12-11 11:16:49.302283 sent 2024-12-11 11:16:49.237896
INFO:Message received on topic: type-2/47 with payload size: 91 at 2024-12-11 11:16:51.930286 sent 2024-12-11 11:16:51.851991
INFO:Message received on topic: type-2/47 with payload size: 91 at 2024-12-11 11:16:54.530723 sent 2024-12-11 11:16:54.467620
INFO:Message received on topic: type-2/47 with payload size: 91 at 2024-12-11 11:16:57.175493 sent 2024-12-11 11:16:57.078794
INFO:Message received on topic: type-2/47 with payload size: 91 at 2024-12-11 11:16:59.741189 sent 2024-12-11 11:16:59.691736
INFO:Message received on topic: type-2/47 with payload size: 91 at 2024-12-11 11:17:02.379192 sent 2024-12-11 11:17:02.304976
INFO:Message received on topic: type-2/47 with payload size: 91 at 2024-12-11 11:17:04.988694 sent 2024-12-11 11:17:04.914212
INFO:Message received on topic: type-2/47 with payload size: 91 at 2024-12-11 11:17:07.670734 sent 2024-12-11 11:17:07.528930
INFO:Message received on topic: type-2/47 with payload size: 91 at 2024-12-11 11:17:10.281689 sent 2024-12-11 11:17:10.145086
INFO:Message received on topic: type-2/47 with payload size: 91 at 2024-12-11 11:17:12.839171 sent 2024-12-11 11:17:12.763605
INFO:Message received on topic: type-2/47 with payload size: 91 at 2024-12-11 11:17:15.480143 sent 2024-12-11 11:17:15.377104
INFO:Message received on topic: type-2/47 with payload size: 91 at 2024-12-11 11:17:18.078058 sent 2024-12-11 11:17:17.990552
INFO:Message received on topic: type-2/47 with payload size: 91 at 2024-12-11 11:17:20.686160 sent 2024-12-11 11:17:20.603482
INFO:Message received on topic: type-2/47 with payload size: 91 at 2024-12-11 11:17:23.281109 sent 2024-12-11 11:17:23.194940
INFO:Message received on topic: type-2/47 with payload size: 91 at 2024-12-11 11:17:25.832818 sent 2024-12-11 11:17:25.782189
INFO:Message received on topic: type-2/47 with payload size: 91 at 2024-12-11 11:17:28.481281 sent 2024-12-11 11:17:28.377243
INFO:Message received on topic: type-2/47 with payload size: 91 at 2024-12-11 11:17:31.080727 sent 2024-12-11 11:17:30.964520
INFO:Message received on topic: type-2/47 with payload size: 91 at 2024-12-11 11:17:33.723892 sent 2024-12-11 11:17:33.580735
INFO:Message received on topic: type-2/47 with payload size: 91 at 2024-12-11 11:17:36.281607 sent 2024-12-11 11:17:36.196477
INFO:Message received on topic: type-2/47 with payload size: 91 at 2024-12-11 11:17:38.880489 sent 2024-12-11 11:17:38.806099
INFO:Message received on topic: type-2/47 with payload size: 91 at 2024-12-11 11:17:41.476970 sent 2024-12-11 11:17:41.422574
INFO:Message received on topic: type-2/47 with payload size: 91 at 2024-12-11 11:17:44.229593 sent 2024-12-11 11:17:44.031818
INFO:Message received on topic: type-2/47 with payload size: 91 at 2024-12-11 11:17:46.733982 sent 2024-12-11 11:17:46.638218
INFO:Message received on topic: type-2/47 with payload size: 91 at 2024-12-11 11:17:49.375288 sent 2024-12-11 11:17:49.252911
INFO:Message received on topic: type-2/47 with payload size: 91 at 2024-12-11 11:17:51.931885 sent 2024-12-11 11:17:51.867951
INFO:Message received on topic: type-2/47 with payload size: 91 at 2024-12-11 11:17:54.571060 sent 2024-12-11 11:17:54.485905
INFO:Message received on topic: type-2/47 with payload size: 91 at 2024-12-11 11:17:57.127963 sent 2024-12-11 11:17:57.091449
INFO:Message received on topic: type-2/47 with payload size: 91 at 2024-12-11 11:17:59.800813 sent 2024-12-11 11:17:59.702614
INFO:Message received on topic: type-2/47 with payload size: 91 at 2024-12-11 11:18:02.378504 sent 2024-12-11 11:18:02.317437
INFO:Message received on topic: type-2/47 with payload size: 91 at 2024-12-11 11:18:05.089228 sent 2024-12-11 11:18:04.930199
INFO:Message received on topic: type-2/47 with payload size: 91 at 2024-12-11 11:18:07.672920 sent 2024-12-11 11:18:07.540130
INFO:Message received on topic: type-2/47 with payload size: 91 at 2024-12-11 11:18:10.330877 sent 2024-12-11 11:18:10.156992
INFO:Message received on topic: type-2/47 with payload size: 91 at 2024-12-11 11:18:12.790497 sent 2024-12-11 11:18:12.771143
INFO:Message received on topic: type-2/47 with payload size: 91 at 2024-12-11 11:18:15.486743 sent 2024-12-11 11:18:15.390676
INFO:Message received on topic: type-2/47 with payload size: 91 at 2024-12-11 11:18:18.075400 sent 2024-12-11 11:18:18.003380
INFO:Message received on topic: type-2/47 with payload size: 91 at 2024-12-11 11:18:20.688784 sent 2024-12-11 11:18:20.618692
INFO:Message received on topic: type-2/47 with payload size: 91 at 2024-12-11 11:18:23.430187 sent 2024-12-11 11:18:23.240261
INFO:Message received on topic: type-2/47 with payload size: 91 at 2024-12-11 11:18:25.993854 sent 2024-12-11 11:18:25.855173
INFO:Message received on topic: type-2/47 with payload size: 91 at 2024-12-11 11:18:28.493732 sent 2024-12-11 11:18:28.464662
INFO:Message received on topic: type-2/47 with payload size: 91 at 2024-12-11 11:18:31.133035 sent 2024-12-11 11:18:31.075056
INFO:Message received on topic: type-2/47 with payload size: 91 at 2024-12-11 11:18:33.743921 sent 2024-12-11 11:18:33.695269
INFO:Message received on topic: type-2/47 with payload size: 91 at 2024-12-11 11:18:36.370391 sent 2024-12-11 11:18:36.308934
INFO:Message received on topic: type-2/47 with payload size: 91 at 2024-12-11 11:18:38.985847 sent 2024-12-11 11:18:38.917640
INFO:Message received on topic: type-2/47 with payload size: 91 at 2024-12-11 11:18:41.676195 sent 2024-12-11 11:18:41.526777
INFO:Message received on topic: type-2/47 with payload size: 91 at 2024-12-11 11:18:44.198483 sent 2024-12-11 11:18:44.137684
INFO:Message received on topic: type-2/47 with payload size: 91 at 2024-12-11 11:18:46.833049 sent 2024-12-11 11:18:46.741957
INFO:Message received on topic: type-2/47 with payload size: 91 at 2024-12-11 11:18:49.472073 sent 2024-12-11 11:18:49.347964
INFO:Message received on topic: type-2/47 with payload size: 91 at 2024-12-11 11:18:52.032212 sent 2024-12-11 11:18:51.959345
INFO:Message received on topic: type-2/47 with payload size: 91 at 2024-12-11 11:18:54.683285 sent 2024-12-11 11:18:54.573864
INFO:Message received on topic: type-2/47 with payload size: 91 at 2024-12-11 11:18:57.287874 sent 2024-12-11 11:18:57.183581
INFO:Message received on topic: type-2/47 with payload size: 91 at 2024-12-11 11:18:59.876249 sent 2024-12-11 11:18:59.784105
INFO:Message received on topic: type-2/47 with payload size: 91 at 2024-12-11 11:19:02.474586 sent 2024-12-11 11:19:02.394246
INFO:Message received on topic: type-2/47 with payload size: 91 at 2024-12-11 11:19:05.071394 sent 2024-12-11 11:19:05.006279
INFO:Message received on topic: type-2/47 with payload size: 91 at 2024-12-11 11:19:07.795754 sent 2024-12-11 11:19:07.624941
INFO:Message received on topic: type-2/47 with payload size: 91 at 2024-12-11 11:19:10.732849 sent 2024-12-11 11:19:10.256738
INFO:Message received on topic: type-2/47 with payload size: 91 at 2024-12-11 11:19:12.985501 sent 2024-12-11 11:19:12.866664
INFO:Message received on topic: type-2/47 with payload size: 91 at 2024-12-11 11:19:15.775626 sent 2024-12-11 11:19:15.478553
INFO:Message received on topic: type-2/47 with payload size: 91 at 2024-12-11 11:19:18.179600 sent 2024-12-11 11:19:18.089709
INFO:Message received on topic: type-2/47 with payload size: 91 at 2024-12-11 11:19:20.926893 sent 2024-12-11 11:19:20.704076
INFO:Message received on topic: type-2/47 with payload size: 91 at 2024-12-11 11:19:23.484235 sent 2024-12-11 11:19:23.313590
INFO:Message received on topic: type-2/47 with payload size: 91 at 2024-12-11 11:19:26.000108 sent 2024-12-11 11:19:25.925133
INFO:Message received on topic: type-2/47 with payload size: 91 at 2024-12-11 11:19:28.627879 sent 2024-12-11 11:19:28.537362
INFO:Message received on topic: type-2/47 with payload size: 91 at 2024-12-11 11:19:31.227929 sent 2024-12-11 11:19:31.142674
INFO:Message received on topic: type-2/47 with payload size: 91 at 2024-12-11 11:19:33.833092 sent 2024-12-11 11:19:33.756116
INFO:Message received on topic: type-2/47 with payload size: 91 at 2024-12-11 11:19:36.482803 sent 2024-12-11 11:19:36.367631
INFO:Message received on topic: type-2/47 with payload size: 91 at 2024-12-11 11:19:39.099226 sent 2024-12-11 11:19:38.975478
INFO:Message received on topic: type-2/47 with payload size: 91 at 2024-12-11 11:19:41.732585 sent 2024-12-11 11:19:41.595411
INFO:Message received on topic: type-2/47 with payload size: 91 at 2024-12-11 11:19:44.302180 sent 2024-12-11 11:19:44.204100
INFO:Message received on topic: type-2/47 with payload size: 91 at 2024-12-11 11:19:46.889137 sent 2024-12-11 11:19:46.810232
INFO:Message received on topic: type-2/47 with payload size: 91 at 2024-12-11 11:19:49.534369 sent 2024-12-11 11:19:49.421735
INFO:Message received on topic: type-2/47 with payload size: 91 at 2024-12-11 11:19:52.096600 sent 2024-12-11 11:19:52.038069
INFO:Message received on topic: type-2/47 with payload size: 91 at 2024-12-11 11:19:54.779662 sent 2024-12-11 11:19:54.650631
INFO:Message received on topic: type-2/47 with payload size: 91 at 2024-12-11 11:19:57.375937 sent 2024-12-11 11:19:57.264872
INFO:Message received on topic: type-2/47 with payload size: 91 at 2024-12-11 11:20:00.021356 sent 2024-12-11 11:19:59.880981
INFO:Message received on topic: type-2/47 with payload size: 91 at 2024-12-11 11:20:02.774648 sent 2024-12-11 11:20:02.491808
INFO:Message received on topic: type-2/47 with payload size: 91 at 2024-12-11 11:20:05.529868 sent 2024-12-11 11:20:05.103828
INFO:Message received on topic: type-2/47 with payload size: 91 at 2024-12-11 11:20:08.085092 sent 2024-12-11 11:20:07.713515
INFO:Message received on topic: type-2/47 with payload size: 91 at 2024-12-11 11:20:10.431102 sent 2024-12-11 11:20:10.320777
INFO:Message received on topic: type-2/47 with payload size: 91 at 2024-12-11 11:20:13.074728 sent 2024-12-11 11:20:12.936949
INFO:Message received on topic: type-2/47 with payload size: 91 at 2024-12-11 11:20:15.713646 sent 2024-12-11 11:20:15.543139
INFO:Message received on topic: type-2/47 with payload size: 91 at 2024-12-11 11:20:18.281463 sent 2024-12-11 11:20:18.155686
INFO:Message received on topic: type-2/47 with payload size: 91 at 2024-12-11 11:20:20.925862 sent 2024-12-11 11:20:20.772523
INFO:Message received on topic: type-2/47 with payload size: 91 at 2024-12-11 11:20:23.500858 sent 2024-12-11 11:20:23.394191
INFO:Message received on topic: type-2/47 with payload size: 91 at 2024-12-11 11:20:26.181120 sent 2024-12-11 11:20:26.001730
INFO:Message received on topic: type-2/47 with payload size: 91 at 2024-12-11 11:20:28.787914 sent 2024-12-11 11:20:28.615612
INFO:Message received on topic: type-2/47 with payload size: 91 at 2024-12-11 11:20:31.379427 sent 2024-12-11 11:20:31.232982
INFO:Message received on topic: type-2/47 with payload size: 91 at 2024-12-11 11:20:34.022829 sent 2024-12-11 11:20:33.846071
INFO:Message received on topic: type-2/47 with payload size: 91 at 2024-12-11 11:20:36.583587 sent 2024-12-11 11:20:36.458289
INFO:Message received on topic: type-2/47 with payload size: 91 at 2024-12-11 11:20:39.277471 sent 2024-12-11 11:20:39.069725
INFO:Message received on topic: type-2/47 with payload size: 91 at 2024-12-11 11:20:41.775368 sent 2024-12-11 11:20:41.685880
INFO:Message received on topic: type-2/47 with payload size: 91 at 2024-12-11 11:20:44.377147 sent 2024-12-11 11:20:44.302191
INFO:Message received on topic: type-2/47 with payload size: 91 at 2024-12-11 11:20:47.072154 sent 2024-12-11 11:20:46.912587
INFO:Message received on topic: type-2/47 with payload size: 91 at 2024-12-11 11:20:49.606582 sent 2024-12-11 11:20:49.528194
INFO:Message received on topic: type-2/47 with payload size: 91 at 2024-12-11 11:20:52.226487 sent 2024-12-11 11:20:52.143630
INFO:Message received on topic: type-2/47 with payload size: 91 at 2024-12-11 11:20:54.813484 sent 2024-12-11 11:20:54.756492
INFO:Message received on topic: type-2/47 with payload size: 91 at 2024-12-11 11:20:57.394121 sent 2024-12-11 11:20:57.369811
INFO:Message received on topic: type-2/47 with payload size: 91 at 2024-12-11 11:21:00.087585 sent 2024-12-11 11:20:59.978309
INFO:Message received on topic: type-2/47 with payload size: 91 at 2024-12-11 11:21:02.672875 sent 2024-12-11 11:21:02.591634
INFO:Message received on topic: type-2/47 with payload size: 91 at 2024-12-11 11:21:05.278895 sent 2024-12-11 11:21:05.198810
INFO:Message received on topic: type-2/47 with payload size: 91 at 2024-12-11 11:21:07.931159 sent 2024-12-11 11:21:07.811297
INFO:Message received on topic: type-2/47 with payload size: 91 at 2024-12-11 11:21:10.480832 sent 2024-12-11 11:21:10.423587
INFO:Message received on topic: type-2/47 with payload size: 91 at 2024-12-11 11:21:13.175852 sent 2024-12-11 11:21:13.033165
INFO:Message received on topic: type-2/47 with payload size: 91 at 2024-12-11 11:21:15.771569 sent 2024-12-11 11:21:15.639546
INFO:Message received on topic: type-2/47 with payload size: 91 at 2024-12-11 11:21:18.299832 sent 2024-12-11 11:21:18.245248
INFO:Message received on topic: type-2/47 with payload size: 91 at 2024-12-11 11:21:20.891701 sent 2024-12-11 11:21:20.854203
INFO:Message received on topic: type-2/47 with payload size: 91 at 2024-12-11 11:21:23.981096 sent 2024-12-11 11:21:23.468286
INFO:Message received on topic: type-2/47 with payload size: 91 at 2024-12-11 11:21:26.184869 sent 2024-12-11 11:21:26.076105
INFO:Message received on topic: type-2/47 with payload size: 91 at 2024-12-11 11:21:28.779389 sent 2024-12-11 11:21:28.687712
INFO:Message received on topic: type-2/47 with payload size: 91 at 2024-12-11 11:21:31.385036 sent 2024-12-11 11:21:31.295617
INFO:Message received on topic: type-2/47 with payload size: 91 at 2024-12-11 11:21:33.982491 sent 2024-12-11 11:21:33.904861
INFO:Message received on topic: type-2/47 with payload size: 91 at 2024-12-11 11:21:36.588467 sent 2024-12-11 11:21:36.511435
INFO:Message received on topic: type-2/47 with payload size: 91 at 2024-12-11 11:21:39.175274 sent 2024-12-11 11:21:39.117804
INFO:Message received on topic: type-2/47 with payload size: 91 at 2024-12-11 11:21:41.780730 sent 2024-12-11 11:21:41.728422
INFO:Message received on topic: type-2/47 with payload size: 91 at 2024-12-11 11:21:44.388758 sent 2024-12-11 11:21:44.341116
INFO:Message received on topic: type-2/47 with payload size: 91 at 2024-12-11 11:21:47.080393 sent 2024-12-11 11:21:46.947353
INFO:Message received on topic: type-2/47 with payload size: 91 at 2024-12-11 11:21:49.606040 sent 2024-12-11 11:21:49.554597
INFO:Message received on topic: type-2/47 with payload size: 91 at 2024-12-11 11:21:52.192823 sent 2024-12-11 11:21:52.162036
INFO:Message received on topic: type-2/47 with payload size: 91 at 2024-12-11 11:21:54.784829 sent 2024-12-11 11:21:54.766719
INFO:Message received on topic: type-2/47 with payload size: 91 at 2024-12-11 11:21:57.429236 sent 2024-12-11 11:21:57.369119
INFO:Message received on topic: type-2/47 with payload size: 91 at 2024-12-11 11:22:00.088577 sent 2024-12-11 11:21:59.977171
INFO:Message received on topic: type-2/47 with payload size: 91 at 2024-12-11 11:22:02.680264 sent 2024-12-11 11:22:02.587034
INFO:Message received on topic: type-2/47 with payload size: 91 at 2024-12-11 11:22:05.228291 sent 2024-12-11 11:22:05.191505
INFO:Message received on topic: type-2/47 with payload size: 91 at 2024-12-11 11:22:07.882731 sent 2024-12-11 11:22:07.799201
INFO:Message received on topic: type-2/47 with payload size: 91 at 2024-12-11 11:22:10.492310 sent 2024-12-11 11:22:10.404053
INFO:Message received on topic: type-2/47 with payload size: 91 at 2024-12-11 11:22:13.082999 sent 2024-12-11 11:22:13.008281
INFO:Message received on topic: type-2/47 with payload size: 91 at 2024-12-11 11:22:15.676739 sent 2024-12-11 11:22:15.612887
INFO:Message received on topic: type-2/47 with payload size: 91 at 2024-12-11 11:22:18.280648 sent 2024-12-11 11:22:18.216839
INFO:Message received on topic: type-2/47 with payload size: 91 at 2024-12-11 11:22:20.881236 sent 2024-12-11 11:22:20.829522
INFO:Message received on topic: type-2/47 with payload size: 91 at 2024-12-11 11:22:23.503101 sent 2024-12-11 11:22:23.436318
INFO:Message received on topic: type-2/47 with payload size: 91 at 2024-12-11 11:22:26.082433 sent 2024-12-11 11:22:26.038410
INFO:Message received on topic: type-2/47 with payload size: 91 at 2024-12-11 11:22:28.686291 sent 2024-12-11 11:22:28.640523
INFO:Message received on topic: type-2/47 with payload size: 91 at 2024-12-11 11:22:31.286673 sent 2024-12-11 11:22:31.249578
INFO:Message received on topic: type-2/47 with payload size: 91 at 2024-12-11 11:22:33.906021 sent 2024-12-11 11:22:33.852781
INFO:Message received on topic: type-2/47 with payload size: 91 at 2024-12-11 11:22:36.492408 sent 2024-12-11 11:22:36.452943
INFO:Message received on topic: type-2/47 with payload size: 91 at 2024-12-11 11:22:39.175524 sent 2024-12-11 11:22:39.060607
INFO:Message received on topic: type-2/47 with payload size: 91 at 2024-12-11 11:22:41.701854 sent 2024-12-11 11:22:41.666094
INFO:Message received on topic: type-2/47 with payload size: 91 at 2024-12-11 11:22:44.373302 sent 2024-12-11 11:22:44.270875
INFO:Message received on topic: type-2/47 with payload size: 91 at 2024-12-11 11:22:46.896977 sent 2024-12-11 11:22:46.872573
INFO:Message received on topic: type-2/47 with payload size: 91 at 2024-12-11 11:22:49.504950 sent 2024-12-11 11:22:49.474569
INFO:Message received on topic: type-2/47 with payload size: 91 at 2024-12-11 11:22:52.105137 sent 2024-12-11 11:22:52.079953
INFO:Message received on topic: type-2/47 with payload size: 91 at 2024-12-11 11:22:54.704212 sent 2024-12-11 11:22:54.682622
INFO:Message received on topic: type-2/47 with payload size: 91 at 2024-12-11 11:22:57.309946 sent 2024-12-11 11:22:57.282894
INFO:Message received on topic: type-2/47 with payload size: 91 at 2024-12-11 11:22:59.980212 sent 2024-12-11 11:22:59.889409
INFO:Message received on topic: type-2/47 with payload size: 91 at 2024-12-11 11:23:02.507424 sent 2024-12-11 11:23:02.495992
INFO:Message received on topic: type-2/47 with payload size: 91 at 2024-12-11 11:23:05.188400 sent 2024-12-11 11:23:05.097393
INFO:Message received on topic: type-2/47 with payload size: 91 at 2024-12-11 11:23:07.779654 sent 2024-12-11 11:23:07.701086
INFO:Message received on topic: type-2/47 with payload size: 91 at 2024-12-11 11:23:10.375157 sent 2024-12-11 11:23:10.305918
INFO:Message received on topic: type-2/47 with payload size: 91 at 2024-12-11 11:23:12.987204 sent 2024-12-11 11:23:12.909958
