INFO:Starting Version 1.0.5
DEBUG:Using selector: EpollSelector
INFO:Connecting to cluster at: mqtt-quic://emqx-headless.dtwins:14567 using QUIC
INFO:Subscribed to topic: type-2/30
INFO:Logging each: 50
INFO:Unhandled packet type received
INFO:Message received on topic: type-2/30 with payload size: 91 at 2024-12-11 11:13:51.537670 sent 2024-12-11 11:13:51.489473
INFO:Message received on topic: type-2/30 with payload size: 91 at 2024-12-11 11:13:54.137718 sent 2024-12-11 11:13:54.093627
INFO:Message received on topic: type-2/30 with payload size: 91 at 2024-12-11 11:13:56.743405 sent 2024-12-11 11:13:56.698119
INFO:Message received on topic: type-2/30 with payload size: 91 at 2024-12-11 11:13:59.343123 sent 2024-12-11 11:13:59.310091
INFO:Message received on topic: type-2/30 with payload size: 91 at 2024-12-11 11:14:01.942487 sent 2024-12-11 11:14:01.920515
INFO:Message received on topic: type-2/30 with payload size: 91 at 2024-12-11 11:14:04.549028 sent 2024-12-11 11:14:04.528724
INFO:Message received on topic: type-2/30 with payload size: 91 at 2024-12-11 11:14:07.171541 sent 2024-12-11 11:14:07.136404
INFO:Message received on topic: type-2/30 with payload size: 91 at 2024-12-11 11:14:09.784456 sent 2024-12-11 11:14:09.747546
INFO:Message received on topic: type-2/30 with payload size: 91 at 2024-12-11 11:14:12.383144 sent 2024-12-11 11:14:12.351154
INFO:Message received on topic: type-2/30 with payload size: 91 at 2024-12-11 11:14:15.027787 sent 2024-12-11 11:14:14.954533
INFO:Message received on topic: type-2/30 with payload size: 91 at 2024-12-11 11:14:17.583846 sent 2024-12-11 11:14:17.563661
INFO:Message received on topic: type-2/30 with payload size: 91 at 2024-12-11 11:14:20.204288 sent 2024-12-11 11:14:20.166494
INFO:Message received on topic: type-2/30 with payload size: 91 at 2024-12-11 11:14:22.826061 sent 2024-12-11 11:14:22.779904
INFO:Message received on topic: type-2/30 with payload size: 91 at 2024-12-11 11:14:25.437903 sent 2024-12-11 11:14:25.378438
INFO:Message received on topic: type-2/30 with payload size: 91 at 2024-12-11 11:14:28.038043 sent 2024-12-11 11:14:27.987078
INFO:Message received on topic: type-2/30 with payload size: 91 at 2024-12-11 11:14:30.633612 sent 2024-12-11 11:14:30.604002
INFO:Message received on topic: type-2/30 with payload size: 91 at 2024-12-11 11:14:33.245833 sent 2024-12-11 11:14:33.211547
INFO:Message received on topic: type-2/30 with payload size: 91 at 2024-12-11 11:14:35.839020 sent 2024-12-11 11:14:35.820394
INFO:Message received on topic: type-2/30 with payload size: 91 at 2024-12-11 11:14:38.443891 sent 2024-12-11 11:14:38.423067
INFO:Message received on topic: type-2/30 with payload size: 91 at 2024-12-11 11:14:41.093147 sent 2024-12-11 11:14:41.027932
INFO:Message received on topic: type-2/30 with payload size: 91 at 2024-12-11 11:14:43.727457 sent 2024-12-11 11:14:43.641423
INFO:Message received on topic: type-2/30 with payload size: 91 at 2024-12-11 11:14:46.284228 sent 2024-12-11 11:14:46.240394
INFO:Message received on topic: type-2/30 with payload size: 91 at 2024-12-11 11:14:48.895697 sent 2024-12-11 11:14:48.849241
INFO:Message received on topic: type-2/30 with payload size: 91 at 2024-12-11 11:14:51.493747 sent 2024-12-11 11:14:51.465894
INFO:Message received on topic: type-2/30 with payload size: 91 at 2024-12-11 11:14:54.096619 sent 2024-12-11 11:14:54.082998
INFO:Message received on topic: type-2/30 with payload size: 91 at 2024-12-11 11:14:56.731108 sent 2024-12-11 11:14:56.691179
INFO:Message received on topic: type-2/30 with payload size: 91 at 2024-12-11 11:14:59.345388 sent 2024-12-11 11:14:59.300857
INFO:Message received on topic: type-2/30 with payload size: 91 at 2024-12-11 11:15:01.972877 sent 2024-12-11 11:15:01.912946
INFO:Message received on topic: type-2/30 with payload size: 91 at 2024-12-11 11:15:04.573620 sent 2024-12-11 11:15:04.535061
INFO:Message received on topic: type-2/30 with payload size: 91 at 2024-12-11 11:15:07.230457 sent 2024-12-11 11:15:07.161367
INFO:Message received on topic: type-2/30 with payload size: 91 at 2024-12-11 11:15:09.830975 sent 2024-12-11 11:15:09.775408
INFO:Message received on topic: type-2/30 with payload size: 91 at 2024-12-11 11:15:12.481941 sent 2024-12-11 11:15:12.394977
INFO:Message received on topic: type-2/30 with payload size: 91 at 2024-12-11 11:15:15.034863 sent 2024-12-11 11:15:15.006179
INFO:Message received on topic: type-2/30 with payload size: 91 at 2024-12-11 11:15:17.673093 sent 2024-12-11 11:15:17.609156
INFO:Message received on topic: type-2/30 with payload size: 91 at 2024-12-11 11:15:20.396749 sent 2024-12-11 11:15:20.218303
INFO:Message received on topic: type-2/30 with payload size: 91 at 2024-12-11 11:15:22.981784 sent 2024-12-11 11:15:22.840019
INFO:Message received on topic: type-2/30 with payload size: 91 at 2024-12-11 11:15:25.484898 sent 2024-12-11 11:15:25.445290
INFO:Message received on topic: type-2/30 with payload size: 91 at 2024-12-11 11:15:28.084156 sent 2024-12-11 11:15:28.058479
INFO:Message received on topic: type-2/30 with payload size: 91 at 2024-12-11 11:15:30.705728 sent 2024-12-11 11:15:30.678753
INFO:Message received on topic: type-2/30 with payload size: 91 at 2024-12-11 11:15:33.381132 sent 2024-12-11 11:15:33.308876
INFO:Message received on topic: type-2/30 with payload size: 91 at 2024-12-11 11:15:36.035171 sent 2024-12-11 11:15:35.929845
INFO:Message received on topic: type-2/30 with payload size: 91 at 2024-12-11 11:15:38.592602 sent 2024-12-11 11:15:38.545568
INFO:Message received on topic: type-2/30 with payload size: 91 at 2024-12-11 11:15:41.189021 sent 2024-12-11 11:15:41.154141
INFO:Message received on topic: type-2/30 with payload size: 91 at 2024-12-11 11:15:43.876664 sent 2024-12-11 11:15:43.766541
INFO:Message received on topic: type-2/30 with payload size: 91 at 2024-12-11 11:15:46.426519 sent 2024-12-11 11:15:46.376031
INFO:Message received on topic: type-2/30 with payload size: 91 at 2024-12-11 11:15:49.029401 sent 2024-12-11 11:15:48.979986
INFO:Message received on topic: type-2/30 with payload size: 91 at 2024-12-11 11:15:51.640579 sent 2024-12-11 11:15:51.596868
INFO:Message received on topic: type-2/30 with payload size: 91 at 2024-12-11 11:15:54.271998 sent 2024-12-11 11:15:54.216575
INFO:Message received on topic: type-2/30 with payload size: 91 at 2024-12-11 11:15:56.887249 sent 2024-12-11 11:15:56.827244
INFO:Message received on topic: type-2/30 with payload size: 91 at 2024-12-11 11:15:59.487971 sent 2024-12-11 11:15:59.444190
INFO:Message received on topic: type-2/30 with payload size: 91 at 2024-12-11 11:16:02.083517 sent 2024-12-11 11:16:02.056860
INFO:Message received on topic: type-2/30 with payload size: 91 at 2024-12-11 11:16:04.777109 sent 2024-12-11 11:16:04.666801
INFO:Message received on topic: type-2/30 with payload size: 91 at 2024-12-11 11:16:07.344847 sent 2024-12-11 11:16:07.282443
INFO:Message received on topic: type-2/30 with payload size: 91 at 2024-12-11 11:16:10.093964 sent 2024-12-11 11:16:09.898001
INFO:Message received on topic: type-2/30 with payload size: 91 at 2024-12-11 11:16:12.587889 sent 2024-12-11 11:16:12.505368
INFO:Message received on topic: type-2/30 with payload size: 91 at 2024-12-11 11:16:15.172001 sent 2024-12-11 11:16:15.119257
INFO:Message received on topic: type-2/30 with payload size: 91 at 2024-12-11 11:16:17.740229 sent 2024-12-11 11:16:17.727429
INFO:Message received on topic: type-2/30 with payload size: 91 at 2024-12-11 11:16:20.439108 sent 2024-12-11 11:16:20.348206
INFO:Message received on topic: type-2/30 with payload size: 91 at 2024-12-11 11:16:23.179120 sent 2024-12-11 11:16:22.958208
INFO:Message received on topic: type-2/30 with payload size: 91 at 2024-12-11 11:16:25.638939 sent 2024-12-11 11:16:25.574604
INFO:Message received on topic: type-2/30 with payload size: 91 at 2024-12-11 11:16:28.273317 sent 2024-12-11 11:16:28.187477
INFO:Message received on topic: type-2/30 with payload size: 91 at 2024-12-11 11:16:31.029496 sent 2024-12-11 11:16:30.797645
INFO:Message received on topic: type-2/30 with payload size: 91 at 2024-12-11 11:16:33.498068 sent 2024-12-11 11:16:33.412473
INFO:Message received on topic: type-2/30 with payload size: 91 at 2024-12-11 11:16:36.092091 sent 2024-12-11 11:16:36.028364
INFO:Message received on topic: type-2/30 with payload size: 91 at 2024-12-11 11:16:38.771848 sent 2024-12-11 11:16:38.643276
INFO:Message received on topic: type-2/30 with payload size: 91 at 2024-12-11 11:16:41.290362 sent 2024-12-11 11:16:41.264366
INFO:Message received on topic: type-2/30 with payload size: 91 at 2024-12-11 11:16:43.938451 sent 2024-12-11 11:16:43.874372
INFO:Message received on topic: type-2/30 with payload size: 91 at 2024-12-11 11:16:46.570239 sent 2024-12-11 11:16:46.479465
INFO:Message received on topic: type-2/30 with payload size: 91 at 2024-12-11 11:16:49.183213 sent 2024-12-11 11:16:49.090114
INFO:Message received on topic: type-2/30 with payload size: 91 at 2024-12-11 11:16:51.788634 sent 2024-12-11 11:16:51.708478
INFO:Message received on topic: type-2/30 with payload size: 91 at 2024-12-11 11:16:54.390150 sent 2024-12-11 11:16:54.325031
INFO:Message received on topic: type-2/30 with payload size: 91 at 2024-12-11 11:16:57.035411 sent 2024-12-11 11:16:56.932165
INFO:Message received on topic: type-2/30 with payload size: 91 at 2024-12-11 11:16:59.598966 sent 2024-12-11 11:16:59.543933
INFO:Message received on topic: type-2/30 with payload size: 91 at 2024-12-11 11:17:02.277829 sent 2024-12-11 11:17:02.167355
INFO:Message received on topic: type-2/30 with payload size: 91 at 2024-12-11 11:17:04.944846 sent 2024-12-11 11:17:04.786273
INFO:Message received on topic: type-2/30 with payload size: 91 at 2024-12-11 11:17:07.631157 sent 2024-12-11 11:17:07.404450
INFO:Message received on topic: type-2/30 with payload size: 91 at 2024-12-11 11:17:10.137957 sent 2024-12-11 11:17:10.016178
INFO:Message received on topic: type-2/30 with payload size: 91 at 2024-12-11 11:17:12.693065 sent 2024-12-11 11:17:12.627006
INFO:Message received on topic: type-2/30 with payload size: 91 at 2024-12-11 11:17:15.426165 sent 2024-12-11 11:17:15.235381
INFO:Message received on topic: type-2/30 with payload size: 91 at 2024-12-11 11:17:17.933499 sent 2024-12-11 11:17:17.848142
INFO:Message received on topic: type-2/30 with payload size: 91 at 2024-12-11 11:17:20.582963 sent 2024-12-11 11:17:20.466251
INFO:Message received on topic: type-2/30 with payload size: 91 at 2024-12-11 11:17:23.169134 sent 2024-12-11 11:17:23.057393
INFO:Message received on topic: type-2/30 with payload size: 91 at 2024-12-11 11:17:25.730550 sent 2024-12-11 11:17:25.647138
INFO:Message received on topic: type-2/30 with payload size: 91 at 2024-12-11 11:17:28.332554 sent 2024-12-11 11:17:28.238168
INFO:Message received on topic: type-2/30 with payload size: 91 at 2024-12-11 11:17:30.880852 sent 2024-12-11 11:17:30.826295
INFO:Message received on topic: type-2/30 with payload size: 91 at 2024-12-11 11:17:33.594429 sent 2024-12-11 11:17:33.433679
INFO:Message received on topic: type-2/30 with payload size: 91 at 2024-12-11 11:17:36.130666 sent 2024-12-11 11:17:36.048558
INFO:Message received on topic: type-2/30 with payload size: 91 at 2024-12-11 11:17:38.777299 sent 2024-12-11 11:17:38.669301
INFO:Message received on topic: type-2/30 with payload size: 91 at 2024-12-11 11:17:41.390274 sent 2024-12-11 11:17:41.282923
INFO:Message received on topic: type-2/30 with payload size: 91 at 2024-12-11 11:17:44.127149 sent 2024-12-11 11:17:43.902547
INFO:Message received on topic: type-2/30 with payload size: 91 at 2024-12-11 11:17:46.632954 sent 2024-12-11 11:17:46.518889
INFO:Message received on topic: type-2/30 with payload size: 91 at 2024-12-11 11:17:49.326985 sent 2024-12-11 11:17:49.133617
INFO:Message received on topic: type-2/30 with payload size: 91 at 2024-12-11 11:17:51.836932 sent 2024-12-11 11:17:51.750064
INFO:Message received on topic: type-2/30 with payload size: 91 at 2024-12-11 11:17:54.431779 sent 2024-12-11 11:17:54.363652
INFO:Message received on topic: type-2/30 with payload size: 91 at 2024-12-11 11:17:57.074261 sent 2024-12-11 11:17:56.973499
INFO:Message received on topic: type-2/30 with payload size: 91 at 2024-12-11 11:17:59.675904 sent 2024-12-11 11:17:59.587030
INFO:Message received on topic: type-2/30 with payload size: 91 at 2024-12-11 11:18:02.330256 sent 2024-12-11 11:18:02.201952
INFO:Message received on topic: type-2/30 with payload size: 91 at 2024-12-11 11:18:04.926966 sent 2024-12-11 11:18:04.819062
INFO:Message received on topic: type-2/30 with payload size: 91 at 2024-12-11 11:18:07.584956 sent 2024-12-11 11:18:07.438492
INFO:Message received on topic: type-2/30 with payload size: 91 at 2024-12-11 11:18:10.236377 sent 2024-12-11 11:18:10.053261
INFO:Message received on topic: type-2/30 with payload size: 91 at 2024-12-11 11:18:12.696524 sent 2024-12-11 11:18:12.667919
INFO:Message received on topic: type-2/30 with payload size: 91 at 2024-12-11 11:18:15.409571 sent 2024-12-11 11:18:15.287543
INFO:Message received on topic: type-2/30 with payload size: 91 at 2024-12-11 11:18:17.979254 sent 2024-12-11 11:18:17.896277
INFO:Message received on topic: type-2/30 with payload size: 91 at 2024-12-11 11:18:20.592245 sent 2024-12-11 11:18:20.518263
INFO:Message received on topic: type-2/30 with payload size: 91 at 2024-12-11 11:18:23.432276 sent 2024-12-11 11:18:23.138039
INFO:Message received on topic: type-2/30 with payload size: 91 at 2024-12-11 11:18:25.786684 sent 2024-12-11 11:18:25.751389
INFO:Message received on topic: type-2/30 with payload size: 91 at 2024-12-11 11:18:28.476018 sent 2024-12-11 11:18:28.359438
INFO:Message received on topic: type-2/30 with payload size: 91 at 2024-12-11 11:18:30.987278 sent 2024-12-11 11:18:30.968043
INFO:Message received on topic: type-2/30 with payload size: 91 at 2024-12-11 11:18:33.682728 sent 2024-12-11 11:18:33.592229
INFO:Message received on topic: type-2/30 with payload size: 91 at 2024-12-11 11:18:36.342547 sent 2024-12-11 11:18:36.211551
INFO:Message received on topic: type-2/30 with payload size: 91 at 2024-12-11 11:18:38.885046 sent 2024-12-11 11:18:38.822587
INFO:Message received on topic: type-2/30 with payload size: 91 at 2024-12-11 11:18:41.569792 sent 2024-12-11 11:18:41.434096
INFO:Message received on topic: type-2/30 with payload size: 91 at 2024-12-11 11:18:44.135969 sent 2024-12-11 11:18:44.046201
INFO:Message received on topic: type-2/30 with payload size: 91 at 2024-12-11 11:18:46.777119 sent 2024-12-11 11:18:46.651448
INFO:Message received on topic: type-2/30 with payload size: 91 at 2024-12-11 11:18:49.337778 sent 2024-12-11 11:18:49.266644
INFO:Message received on topic: type-2/30 with payload size: 91 at 2024-12-11 11:18:51.976619 sent 2024-12-11 11:18:51.887219
INFO:Message received on topic: type-2/30 with payload size: 91 at 2024-12-11 11:18:54.638097 sent 2024-12-11 11:18:54.492440
INFO:Message received on topic: type-2/30 with payload size: 91 at 2024-12-11 11:18:57.226883 sent 2024-12-11 11:18:57.098130
INFO:Message received on topic: type-2/30 with payload size: 91 at 2024-12-11 11:18:59.734505 sent 2024-12-11 11:18:59.698266
INFO:Message received on topic: type-2/30 with payload size: 91 at 2024-12-11 11:19:02.372853 sent 2024-12-11 11:19:02.310623
INFO:Message received on topic: type-2/30 with payload size: 91 at 2024-12-11 11:19:04.980854 sent 2024-12-11 11:19:04.922617
INFO:Message received on topic: type-2/30 with payload size: 91 at 2024-12-11 11:19:07.602437 sent 2024-12-11 11:19:07.535308
INFO:Message received on topic: type-2/30 with payload size: 91 at 2024-12-11 11:19:10.394928 sent 2024-12-11 11:19:10.157922
INFO:Message received on topic: type-2/30 with payload size: 91 at 2024-12-11 11:19:12.872820 sent 2024-12-11 11:19:12.767089
INFO:Message received on topic: type-2/30 with payload size: 91 at 2024-12-11 11:19:15.685280 sent 2024-12-11 11:19:15.375198
INFO:Message received on topic: type-2/30 with payload size: 91 at 2024-12-11 11:19:18.031314 sent 2024-12-11 11:19:17.988656
INFO:Message received on topic: type-2/30 with payload size: 91 at 2024-12-11 11:19:20.781893 sent 2024-12-11 11:19:20.607126
INFO:Message received on topic: type-2/30 with payload size: 91 at 2024-12-11 11:19:23.279852 sent 2024-12-11 11:19:23.221065
INFO:Message received on topic: type-2/30 with payload size: 91 at 2024-12-11 11:19:25.929541 sent 2024-12-11 11:19:25.834929
INFO:Message received on topic: type-2/30 with payload size: 91 at 2024-12-11 11:19:28.581926 sent 2024-12-11 11:19:28.449101
INFO:Message received on topic: type-2/30 with payload size: 91 at 2024-12-11 11:19:31.184029 sent 2024-12-11 11:19:31.055907
INFO:Message received on topic: type-2/30 with payload size: 91 at 2024-12-11 11:19:33.777602 sent 2024-12-11 11:19:33.667925
INFO:Message received on topic: type-2/30 with payload size: 91 at 2024-12-11 11:19:36.381622 sent 2024-12-11 11:19:36.300132
INFO:Message received on topic: type-2/30 with payload size: 91 at 2024-12-11 11:19:39.088960 sent 2024-12-11 11:19:38.916586
INFO:Message received on topic: type-2/30 with payload size: 91 at 2024-12-11 11:19:41.691032 sent 2024-12-11 11:19:41.537292
INFO:Message received on topic: type-2/30 with payload size: 91 at 2024-12-11 11:19:44.283343 sent 2024-12-11 11:19:44.147779
INFO:Message received on topic: type-2/30 with payload size: 91 at 2024-12-11 11:19:46.790807 sent 2024-12-11 11:19:46.752860
INFO:Message received on topic: type-2/30 with payload size: 91 at 2024-12-11 11:19:49.388206 sent 2024-12-11 11:19:49.365257
INFO:Message received on topic: type-2/30 with payload size: 91 at 2024-12-11 11:19:52.083122 sent 2024-12-11 11:19:51.979996
INFO:Message received on topic: type-2/30 with payload size: 91 at 2024-12-11 11:19:54.684100 sent 2024-12-11 11:19:54.596235
INFO:Message received on topic: type-2/30 with payload size: 91 at 2024-12-11 11:19:57.294743 sent 2024-12-11 11:19:57.207706
INFO:Message received on topic: type-2/30 with payload size: 91 at 2024-12-11 11:19:59.930724 sent 2024-12-11 11:19:59.831213
INFO:Message received on topic: type-2/30 with payload size: 91 at 2024-12-11 11:20:02.788316 sent 2024-12-11 11:20:02.443279
INFO:Message received on topic: type-2/30 with payload size: 91 at 2024-12-11 11:20:05.578666 sent 2024-12-11 11:20:05.057630
INFO:Message received on topic: type-2/30 with payload size: 91 at 2024-12-11 11:20:08.091717 sent 2024-12-11 11:20:07.669244
INFO:Message received on topic: type-2/30 with payload size: 91 at 2024-12-11 11:20:10.389159 sent 2024-12-11 11:20:10.288547
INFO:Message received on topic: type-2/30 with payload size: 91 at 2024-12-11 11:20:13.031063 sent 2024-12-11 11:20:12.898727
INFO:Message received on topic: type-2/30 with payload size: 91 at 2024-12-11 11:20:15.679313 sent 2024-12-11 11:20:15.504744
INFO:Message received on topic: type-2/30 with payload size: 91 at 2024-12-11 11:20:18.206689 sent 2024-12-11 11:20:18.109484
INFO:Message received on topic: type-2/30 with payload size: 91 at 2024-12-11 11:20:20.826947 sent 2024-12-11 11:20:20.724905
INFO:Message received on topic: type-2/30 with payload size: 91 at 2024-12-11 11:20:23.495149 sent 2024-12-11 11:20:23.335920
INFO:Message received on topic: type-2/30 with payload size: 91 at 2024-12-11 11:20:26.180522 sent 2024-12-11 11:20:25.946982
INFO:Message received on topic: type-2/30 with payload size: 91 at 2024-12-11 11:20:28.597307 sent 2024-12-11 11:20:28.562385
INFO:Message received on topic: type-2/30 with payload size: 91 at 2024-12-11 11:20:31.303376 sent 2024-12-11 11:20:31.175372
INFO:Message received on topic: type-2/30 with payload size: 91 at 2024-12-11 11:20:33.929650 sent 2024-12-11 11:20:33.789679
INFO:Message received on topic: type-2/30 with payload size: 91 at 2024-12-11 11:20:36.476846 sent 2024-12-11 11:20:36.401582
INFO:Message received on topic: type-2/30 with payload size: 91 at 2024-12-11 11:20:39.128119 sent 2024-12-11 11:20:39.014160
INFO:Message received on topic: type-2/30 with payload size: 91 at 2024-12-11 11:20:41.692314 sent 2024-12-11 11:20:41.620771
INFO:Message received on topic: type-2/30 with payload size: 91 at 2024-12-11 11:20:44.301868 sent 2024-12-11 11:20:44.233440
INFO:Message received on topic: type-2/30 with payload size: 91 at 2024-12-11 11:20:46.984495 sent 2024-12-11 11:20:46.848434
INFO:Message received on topic: type-2/30 with payload size: 91 at 2024-12-11 11:20:49.595530 sent 2024-12-11 11:20:49.467380
INFO:Message received on topic: type-2/30 with payload size: 91 at 2024-12-11 11:20:52.192616 sent 2024-12-11 11:20:52.082877
INFO:Message received on topic: type-2/30 with payload size: 91 at 2024-12-11 11:20:54.780059 sent 2024-12-11 11:20:54.695401
INFO:Message received on topic: type-2/30 with payload size: 91 at 2024-12-11 11:20:57.381997 sent 2024-12-11 11:20:57.307655
INFO:Message received on topic: type-2/30 with payload size: 91 at 2024-12-11 11:21:00.072685 sent 2024-12-11 11:20:59.914943
INFO:Message received on topic: type-2/30 with payload size: 91 at 2024-12-11 11:21:02.583469 sent 2024-12-11 11:21:02.526150
INFO:Message received on topic: type-2/30 with payload size: 91 at 2024-12-11 11:21:05.192276 sent 2024-12-11 11:21:05.136506
INFO:Message received on topic: type-2/30 with payload size: 91 at 2024-12-11 11:21:07.789083 sent 2024-12-11 11:21:07.749122
INFO:Message received on topic: type-2/30 with payload size: 91 at 2024-12-11 11:21:10.403015 sent 2024-12-11 11:21:10.357690
INFO:Message received on topic: type-2/30 with payload size: 91 at 2024-12-11 11:21:13.021437 sent 2024-12-11 11:21:12.965598
INFO:Message received on topic: type-2/30 with payload size: 91 at 2024-12-11 11:21:15.678061 sent 2024-12-11 11:21:15.574293
INFO:Message received on topic: type-2/30 with payload size: 91 at 2024-12-11 11:21:18.274565 sent 2024-12-11 11:21:18.180879
INFO:Message received on topic: type-2/30 with payload size: 91 at 2024-12-11 11:21:20.875744 sent 2024-12-11 11:21:20.793811
INFO:Message received on topic: type-2/30 with payload size: 91 at 2024-12-11 11:21:23.980621 sent 2024-12-11 11:21:23.405497
INFO:Message received on topic: type-2/30 with payload size: 91 at 2024-12-11 11:21:26.091866 sent 2024-12-11 11:21:26.013513
INFO:Message received on topic: type-2/30 with payload size: 91 at 2024-12-11 11:21:28.774481 sent 2024-12-11 11:21:28.618438
INFO:Message received on topic: type-2/30 with payload size: 91 at 2024-12-11 11:21:31.287499 sent 2024-12-11 11:21:31.229271
INFO:Message received on topic: type-2/30 with payload size: 91 at 2024-12-11 11:21:33.976889 sent 2024-12-11 11:21:33.836117
INFO:Message received on topic: type-2/30 with payload size: 91 at 2024-12-11 11:21:36.497743 sent 2024-12-11 11:21:36.444160
INFO:Message received on topic: type-2/30 with payload size: 91 at 2024-12-11 11:21:39.093950 sent 2024-12-11 11:21:39.051568
INFO:Message received on topic: type-2/30 with payload size: 91 at 2024-12-11 11:21:41.730642 sent 2024-12-11 11:21:41.663220
INFO:Message received on topic: type-2/30 with payload size: 91 at 2024-12-11 11:21:44.288747 sent 2024-12-11 11:21:44.266821
INFO:Message received on topic: type-2/30 with payload size: 91 at 2024-12-11 11:21:47.011149 sent 2024-12-11 11:21:46.866982
INFO:Message received on topic: type-2/30 with payload size: 91 at 2024-12-11 11:21:49.502715 sent 2024-12-11 11:21:49.477606
INFO:Message received on topic: type-2/30 with payload size: 91 at 2024-12-11 11:21:52.173961 sent 2024-12-11 11:21:52.088572
INFO:Message received on topic: type-2/30 with payload size: 91 at 2024-12-11 11:21:54.778774 sent 2024-12-11 11:21:54.690679
INFO:Message received on topic: type-2/30 with payload size: 91 at 2024-12-11 11:21:57.383472 sent 2024-12-11 11:21:57.296546
INFO:Message received on topic: type-2/30 with payload size: 91 at 2024-12-11 11:22:00.071484 sent 2024-12-11 11:21:59.907725
INFO:Message received on topic: type-2/30 with payload size: 91 at 2024-12-11 11:22:02.676035 sent 2024-12-11 11:22:02.516568
INFO:Message received on topic: type-2/30 with payload size: 91 at 2024-12-11 11:22:05.178380 sent 2024-12-11 11:22:05.125581
INFO:Message received on topic: type-2/30 with payload size: 91 at 2024-12-11 11:22:07.787644 sent 2024-12-11 11:22:07.734115
INFO:Message received on topic: type-2/30 with payload size: 91 at 2024-12-11 11:22:10.389269 sent 2024-12-11 11:22:10.342307
INFO:Message received on topic: type-2/30 with payload size: 91 at 2024-12-11 11:22:12.984465 sent 2024-12-11 11:22:12.946191
INFO:Message received on topic: type-2/30 with payload size: 91 at 2024-12-11 11:22:15.634346 sent 2024-12-11 11:22:15.554000
INFO:Message received on topic: type-2/30 with payload size: 91 at 2024-12-11 11:22:18.185297 sent 2024-12-11 11:22:18.157703
INFO:Message received on topic: type-2/30 with payload size: 91 at 2024-12-11 11:22:20.870141 sent 2024-12-11 11:22:20.766873
