INFO:Starting Version 1.0.5
DEBUG:Using selector: EpollSelector
INFO:Connecting to cluster at: mqtt-quic://emqx-headless.dtwins:14567 using QUIC
INFO:Subscribed to topic: type-2/46
INFO:Logging each: 50
INFO:Unhandled packet type received
INFO:Message received on topic: type-2/46 with payload size: 91 at 2024-12-11 11:14:40.794768 sent 2024-12-11 11:14:40.763123
INFO:Message received on topic: type-2/46 with payload size: 91 at 2024-12-11 11:14:43.446829 sent 2024-12-11 11:14:43.366159
INFO:Message received on topic: type-2/46 with payload size: 91 at 2024-12-11 11:14:46.033259 sent 2024-12-11 11:14:45.971535
INFO:Message received on topic: type-2/46 with payload size: 91 at 2024-12-11 11:14:48.591650 sent 2024-12-11 11:14:48.576724
INFO:Message received on topic: type-2/46 with payload size: 91 at 2024-12-11 11:14:51.231708 sent 2024-12-11 11:14:51.190055
INFO:Message received on topic: type-2/46 with payload size: 91 at 2024-12-11 11:14:53.943100 sent 2024-12-11 11:14:53.800290
INFO:Message received on topic: type-2/46 with payload size: 91 at 2024-12-11 11:14:56.474150 sent 2024-12-11 11:14:56.417544
INFO:Message received on topic: type-2/46 with payload size: 91 at 2024-12-11 11:14:59.081736 sent 2024-12-11 11:14:59.031090
INFO:Message received on topic: type-2/46 with payload size: 91 at 2024-12-11 11:15:01.689512 sent 2024-12-11 11:15:01.644697
INFO:Message received on topic: type-2/46 with payload size: 91 at 2024-12-11 11:15:04.342155 sent 2024-12-11 11:15:04.253603
INFO:Message received on topic: type-2/46 with payload size: 91 at 2024-12-11 11:15:06.894488 sent 2024-12-11 11:15:06.860268
INFO:Message received on topic: type-2/46 with payload size: 91 at 2024-12-11 11:15:09.534892 sent 2024-12-11 11:15:09.469491
INFO:Message received on topic: type-2/46 with payload size: 91 at 2024-12-11 11:15:12.141678 sent 2024-12-11 11:15:12.088669
INFO:Message received on topic: type-2/46 with payload size: 91 at 2024-12-11 11:15:14.786065 sent 2024-12-11 11:15:14.699195
INFO:Message received on topic: type-2/46 with payload size: 91 at 2024-12-11 11:15:17.378194 sent 2024-12-11 11:15:17.306507
INFO:Message received on topic: type-2/46 with payload size: 91 at 2024-12-11 11:15:19.983843 sent 2024-12-11 11:15:19.915439
INFO:Message received on topic: type-2/46 with payload size: 91 at 2024-12-11 11:15:22.586778 sent 2024-12-11 11:15:22.534643
INFO:Message received on topic: type-2/46 with payload size: 91 at 2024-12-11 11:15:25.184311 sent 2024-12-11 11:15:25.154100
INFO:Message received on topic: type-2/46 with payload size: 91 at 2024-12-11 11:15:27.787119 sent 2024-12-11 11:15:27.763523
INFO:Message received on topic: type-2/46 with payload size: 91 at 2024-12-11 11:15:30.477648 sent 2024-12-11 11:15:30.373792
INFO:Message received on topic: type-2/46 with payload size: 91 at 2024-12-11 11:15:33.033140 sent 2024-12-11 11:15:32.998066
INFO:Message received on topic: type-2/46 with payload size: 91 at 2024-12-11 11:15:35.676305 sent 2024-12-11 11:15:35.609563
INFO:Message received on topic: type-2/46 with payload size: 91 at 2024-12-11 11:15:38.287627 sent 2024-12-11 11:15:38.217613
INFO:Message received on topic: type-2/46 with payload size: 91 at 2024-12-11 11:15:40.933683 sent 2024-12-11 11:15:40.837748
INFO:Message received on topic: type-2/46 with payload size: 91 at 2024-12-11 11:15:43.531289 sent 2024-12-11 11:15:43.452613
INFO:Message received on topic: type-2/46 with payload size: 91 at 2024-12-11 11:15:46.084918 sent 2024-12-11 11:15:46.061682
INFO:Message received on topic: type-2/46 with payload size: 91 at 2024-12-11 11:15:48.787600 sent 2024-12-11 11:15:48.662755
INFO:Message received on topic: type-2/46 with payload size: 91 at 2024-12-11 11:15:51.337897 sent 2024-12-11 11:15:51.280850
INFO:Message received on topic: type-2/46 with payload size: 91 at 2024-12-11 11:15:53.980511 sent 2024-12-11 11:15:53.897893
INFO:Message received on topic: type-2/46 with payload size: 91 at 2024-12-11 11:15:56.576500 sent 2024-12-11 11:15:56.506030
INFO:Message received on topic: type-2/46 with payload size: 91 at 2024-12-11 11:15:59.176937 sent 2024-12-11 11:15:59.114552
INFO:Message received on topic: type-2/46 with payload size: 91 at 2024-12-11 11:16:01.781318 sent 2024-12-11 11:16:01.721062
INFO:Message received on topic: type-2/46 with payload size: 91 at 2024-12-11 11:16:04.395533 sent 2024-12-11 11:16:04.338174
INFO:Message received on topic: type-2/46 with payload size: 91 at 2024-12-11 11:16:07.039801 sent 2024-12-11 11:16:06.953976
INFO:Message received on topic: type-2/46 with payload size: 91 at 2024-12-11 11:16:09.672594 sent 2024-12-11 11:16:09.562627
INFO:Message received on topic: type-2/46 with payload size: 91 at 2024-12-11 11:16:12.275087 sent 2024-12-11 11:16:12.182431
INFO:Message received on topic: type-2/46 with payload size: 91 at 2024-12-11 11:16:14.875608 sent 2024-12-11 11:16:14.796955
INFO:Message received on topic: type-2/46 with payload size: 91 at 2024-12-11 11:16:17.472947 sent 2024-12-11 11:16:17.405634
INFO:Message received on topic: type-2/46 with payload size: 91 at 2024-12-11 11:16:20.087974 sent 2024-12-11 11:16:20.017970
INFO:Message received on topic: type-2/46 with payload size: 91 at 2024-12-11 11:16:22.888311 sent 2024-12-11 11:16:22.638318
INFO:Message received on topic: type-2/46 with payload size: 91 at 2024-12-11 11:16:25.339085 sent 2024-12-11 11:16:25.248195
INFO:Message received on topic: type-2/46 with payload size: 91 at 2024-12-11 11:16:27.891263 sent 2024-12-11 11:16:27.859954
INFO:Message received on topic: type-2/46 with payload size: 91 at 2024-12-11 11:16:30.572944 sent 2024-12-11 11:16:30.469666
INFO:Message received on topic: type-2/46 with payload size: 91 at 2024-12-11 11:16:33.131207 sent 2024-12-11 11:16:33.084967
INFO:Message received on topic: type-2/46 with payload size: 91 at 2024-12-11 11:16:35.780641 sent 2024-12-11 11:16:35.704102
INFO:Message received on topic: type-2/46 with payload size: 91 at 2024-12-11 11:16:38.379818 sent 2024-12-11 11:16:38.320002
INFO:Message received on topic: type-2/46 with payload size: 91 at 2024-12-11 11:16:40.989596 sent 2024-12-11 11:16:40.928002
INFO:Message received on topic: type-2/46 with payload size: 91 at 2024-12-11 11:16:43.602059 sent 2024-12-11 11:16:43.542815
INFO:Message received on topic: type-2/46 with payload size: 91 at 2024-12-11 11:16:46.231844 sent 2024-12-11 11:16:46.160165
INFO:Message received on topic: type-2/46 with payload size: 91 at 2024-12-11 11:16:48.833195 sent 2024-12-11 11:16:48.771713
INFO:Message received on topic: type-2/46 with payload size: 91 at 2024-12-11 11:16:51.492657 sent 2024-12-11 11:16:51.387865
INFO:Message received on topic: type-2/46 with payload size: 91 at 2024-12-11 11:16:54.046464 sent 2024-12-11 11:16:54.001981
INFO:Message received on topic: type-2/46 with payload size: 91 at 2024-12-11 11:16:56.645422 sent 2024-12-11 11:16:56.612280
INFO:Message received on topic: type-2/46 with payload size: 91 at 2024-12-11 11:16:59.271949 sent 2024-12-11 11:16:59.224257
INFO:Message received on topic: type-2/46 with payload size: 91 at 2024-12-11 11:17:01.976101 sent 2024-12-11 11:17:01.840521
INFO:Message received on topic: type-2/46 with payload size: 91 at 2024-12-11 11:17:04.628722 sent 2024-12-11 11:17:04.454568
INFO:Message received on topic: type-2/46 with payload size: 91 at 2024-12-11 11:17:07.371780 sent 2024-12-11 11:17:07.065414
INFO:Message received on topic: type-2/46 with payload size: 91 at 2024-12-11 11:17:09.775692 sent 2024-12-11 11:17:09.681797
INFO:Message received on topic: type-2/46 with payload size: 91 at 2024-12-11 11:17:12.387176 sent 2024-12-11 11:17:12.297633
INFO:Message received on topic: type-2/46 with payload size: 91 at 2024-12-11 11:17:15.042959 sent 2024-12-11 11:17:14.910274
INFO:Message received on topic: type-2/46 with payload size: 91 at 2024-12-11 11:17:17.632386 sent 2024-12-11 11:17:17.517693
INFO:Message received on topic: type-2/46 with payload size: 91 at 2024-12-11 11:17:20.281150 sent 2024-12-11 11:17:20.127949
INFO:Message received on topic: type-2/46 with payload size: 91 at 2024-12-11 11:17:22.776953 sent 2024-12-11 11:17:22.728906
INFO:Message received on topic: type-2/46 with payload size: 91 at 2024-12-11 11:17:25.385050 sent 2024-12-11 11:17:25.319230
INFO:Message received on topic: type-2/46 with payload size: 91 at 2024-12-11 11:17:28.032948 sent 2024-12-11 11:17:27.909790
INFO:Message received on topic: type-2/46 with payload size: 91 at 2024-12-11 11:17:30.577651 sent 2024-12-11 11:17:30.501176
INFO:Message received on topic: type-2/46 with payload size: 91 at 2024-12-11 11:17:33.235307 sent 2024-12-11 11:17:33.108489
INFO:Message received on topic: type-2/46 with payload size: 91 at 2024-12-11 11:17:35.785941 sent 2024-12-11 11:17:35.715183
INFO:Message received on topic: type-2/46 with payload size: 91 at 2024-12-11 11:17:38.427642 sent 2024-12-11 11:17:38.333313
INFO:Message received on topic: type-2/46 with payload size: 91 at 2024-12-11 11:17:41.045436 sent 2024-12-11 11:17:40.946866
INFO:Message received on topic: type-2/46 with payload size: 91 at 2024-12-11 11:17:43.676642 sent 2024-12-11 11:17:43.559119
INFO:Message received on topic: type-2/46 with payload size: 91 at 2024-12-11 11:17:46.287604 sent 2024-12-11 11:17:46.166669
INFO:Message received on topic: type-2/46 with payload size: 91 at 2024-12-11 11:17:48.884554 sent 2024-12-11 11:17:48.787353
INFO:Message received on topic: type-2/46 with payload size: 91 at 2024-12-11 11:17:51.475082 sent 2024-12-11 11:17:51.402735
INFO:Message received on topic: type-2/46 with payload size: 91 at 2024-12-11 11:17:54.073414 sent 2024-12-11 11:17:54.014084
INFO:Message received on topic: type-2/46 with payload size: 91 at 2024-12-11 11:17:56.687665 sent 2024-12-11 11:17:56.624026
INFO:Message received on topic: type-2/46 with payload size: 91 at 2024-12-11 11:17:59.281716 sent 2024-12-11 11:17:59.244702
INFO:Message received on topic: type-2/46 with payload size: 91 at 2024-12-11 11:18:01.983818 sent 2024-12-11 11:18:01.858839
INFO:Message received on topic: type-2/46 with payload size: 91 at 2024-12-11 11:18:04.526203 sent 2024-12-11 11:18:04.474300
INFO:Message received on topic: type-2/46 with payload size: 91 at 2024-12-11 11:18:07.172988 sent 2024-12-11 11:18:07.087523
INFO:Message received on topic: type-2/46 with payload size: 91 at 2024-12-11 11:18:09.795274 sent 2024-12-11 11:18:09.711073
INFO:Message received on topic: type-2/46 with payload size: 91 at 2024-12-11 11:18:12.388670 sent 2024-12-11 11:18:12.347978
INFO:Message received on topic: type-2/46 with payload size: 91 at 2024-12-11 11:18:15.072024 sent 2024-12-11 11:18:14.959407
INFO:Message received on topic: type-2/46 with payload size: 91 at 2024-12-11 11:18:17.632029 sent 2024-12-11 11:18:17.587297
INFO:Message received on topic: type-2/46 with payload size: 91 at 2024-12-11 11:18:20.371000 sent 2024-12-11 11:18:20.205076
INFO:Message received on topic: type-2/46 with payload size: 91 at 2024-12-11 11:18:23.191554 sent 2024-12-11 11:18:22.818552
INFO:Message received on topic: type-2/46 with payload size: 91 at 2024-12-11 11:18:25.477970 sent 2024-12-11 11:18:25.427528
INFO:Message received on topic: type-2/46 with payload size: 91 at 2024-12-11 11:18:28.080088 sent 2024-12-11 11:18:28.039379
INFO:Message received on topic: type-2/46 with payload size: 91 at 2024-12-11 11:18:30.686264 sent 2024-12-11 11:18:30.653143
INFO:Message received on topic: type-2/46 with payload size: 91 at 2024-12-11 11:18:33.288192 sent 2024-12-11 11:18:33.262117
INFO:Message received on topic: type-2/46 with payload size: 91 at 2024-12-11 11:18:35.994034 sent 2024-12-11 11:18:35.880376
INFO:Message received on topic: type-2/46 with payload size: 91 at 2024-12-11 11:18:38.641700 sent 2024-12-11 11:18:38.496929
INFO:Message received on topic: type-2/46 with payload size: 91 at 2024-12-11 11:18:41.230479 sent 2024-12-11 11:18:41.106225
INFO:Message received on topic: type-2/46 with payload size: 91 at 2024-12-11 11:18:43.787580 sent 2024-12-11 11:18:43.716379
INFO:Message received on topic: type-2/46 with payload size: 91 at 2024-12-11 11:18:46.393743 sent 2024-12-11 11:18:46.322868
INFO:Message received on topic: type-2/46 with payload size: 91 at 2024-12-11 11:18:49.029213 sent 2024-12-11 11:18:48.933347
INFO:Message received on topic: type-2/46 with payload size: 91 at 2024-12-11 11:18:51.587068 sent 2024-12-11 11:18:51.551548
INFO:Message received on topic: type-2/46 with payload size: 91 at 2024-12-11 11:18:54.289695 sent 2024-12-11 11:18:54.166784
INFO:Message received on topic: type-2/46 with payload size: 91 at 2024-12-11 11:18:56.993444 sent 2024-12-11 11:18:56.785374
INFO:Message received on topic: type-2/46 with payload size: 91 at 2024-12-11 11:18:59.472018 sent 2024-12-11 11:18:59.385361
INFO:Message received on topic: type-2/46 with payload size: 91 at 2024-12-11 11:19:02.145594 sent 2024-12-11 11:19:01.995136
INFO:Message received on topic: type-2/46 with payload size: 91 at 2024-12-11 11:19:04.686014 sent 2024-12-11 11:19:04.604541
INFO:Message received on topic: type-2/46 with payload size: 91 at 2024-12-11 11:19:07.336577 sent 2024-12-11 11:19:07.219765
INFO:Message received on topic: type-2/46 with payload size: 91 at 2024-12-11 11:19:10.178359 sent 2024-12-11 11:19:09.834420
INFO:Message received on topic: type-2/46 with payload size: 91 at 2024-12-11 11:19:12.494506 sent 2024-12-11 11:19:12.444987
INFO:Message received on topic: type-2/46 with payload size: 91 at 2024-12-11 11:19:15.232263 sent 2024-12-11 11:19:15.049388
INFO:Message received on topic: type-2/46 with payload size: 91 at 2024-12-11 11:19:17.772815 sent 2024-12-11 11:19:17.656198
INFO:Message received on topic: type-2/46 with payload size: 91 at 2024-12-11 11:19:20.427187 sent 2024-12-11 11:19:20.273961
INFO:Message received on topic: type-2/46 with payload size: 91 at 2024-12-11 11:19:22.927077 sent 2024-12-11 11:19:22.893753
INFO:Message received on topic: type-2/46 with payload size: 91 at 2024-12-11 11:19:25.585523 sent 2024-12-11 11:19:25.501028
INFO:Message received on topic: type-2/46 with payload size: 91 at 2024-12-11 11:19:28.188870 sent 2024-12-11 11:19:28.112273
INFO:Message received on topic: type-2/46 with payload size: 91 at 2024-12-11 11:19:30.830110 sent 2024-12-11 11:19:30.728101
INFO:Message received on topic: type-2/46 with payload size: 91 at 2024-12-11 11:19:33.479034 sent 2024-12-11 11:19:33.351341
INFO:Message received on topic: type-2/46 with payload size: 91 at 2024-12-11 11:19:36.086078 sent 2024-12-11 11:19:35.958718
INFO:Message received on topic: type-2/46 with payload size: 91 at 2024-12-11 11:19:38.686893 sent 2024-12-11 11:19:38.572073
INFO:Message received on topic: type-2/46 with payload size: 91 at 2024-12-11 11:19:41.490100 sent 2024-12-11 11:19:41.187158
INFO:Message received on topic: type-2/46 with payload size: 91 at 2024-12-11 11:19:43.982422 sent 2024-12-11 11:19:43.803767
INFO:Message received on topic: type-2/46 with payload size: 91 at 2024-12-11 11:19:46.527374 sent 2024-12-11 11:19:46.415215
INFO:Message received on topic: type-2/46 with payload size: 91 at 2024-12-11 11:19:49.178643 sent 2024-12-11 11:19:49.034117
INFO:Message received on topic: type-2/46 with payload size: 91 at 2024-12-11 11:19:51.781114 sent 2024-12-11 11:19:51.649650
INFO:Message received on topic: type-2/46 with payload size: 91 at 2024-12-11 11:19:54.374826 sent 2024-12-11 11:19:54.258924
INFO:Message received on topic: type-2/46 with payload size: 91 at 2024-12-11 11:19:56.925105 sent 2024-12-11 11:19:56.868353
INFO:Message received on topic: type-2/46 with payload size: 91 at 2024-12-11 11:19:59.677785 sent 2024-12-11 11:19:59.479739
INFO:Message received on topic: type-2/46 with payload size: 91 at 2024-12-11 11:20:02.187804 sent 2024-12-11 11:20:02.093573
INFO:Message received on topic: type-2/46 with payload size: 91 at 2024-12-11 11:20:05.284995 sent 2024-12-11 11:20:04.702542
INFO:Message received on topic: type-2/46 with payload size: 91 at 2024-12-11 11:20:07.782781 sent 2024-12-11 11:20:07.313303
INFO:Message received on topic: type-2/46 with payload size: 91 at 2024-12-11 11:20:10.026043 sent 2024-12-11 11:20:09.934050
INFO:Message received on topic: type-2/46 with payload size: 91 at 2024-12-11 11:20:12.670446 sent 2024-12-11 11:20:12.553060
INFO:Message received on topic: type-2/46 with payload size: 91 at 2024-12-11 11:20:15.336624 sent 2024-12-11 11:20:15.160796
INFO:Message received on topic: type-2/46 with payload size: 91 at 2024-12-11 11:20:17.880308 sent 2024-12-11 11:20:17.769062
INFO:Message received on topic: type-2/46 with payload size: 91 at 2024-12-11 11:20:20.533384 sent 2024-12-11 11:20:20.377924
INFO:Message received on topic: type-2/46 with payload size: 91 at 2024-12-11 11:20:23.177091 sent 2024-12-11 11:20:22.985247
INFO:Message received on topic: type-2/46 with payload size: 91 at 2024-12-11 11:20:25.775151 sent 2024-12-11 11:20:25.593312
INFO:Message received on topic: type-2/46 with payload size: 91 at 2024-12-11 11:20:28.474732 sent 2024-12-11 11:20:28.207726
INFO:Message received on topic: type-2/46 with payload size: 91 at 2024-12-11 11:20:30.979810 sent 2024-12-11 11:20:30.823519
INFO:Message received on topic: type-2/46 with payload size: 91 at 2024-12-11 11:20:33.575017 sent 2024-12-11 11:20:33.443126
INFO:Message received on topic: type-2/46 with payload size: 91 at 2024-12-11 11:20:36.099571 sent 2024-12-11 11:20:36.054208
INFO:Message received on topic: type-2/46 with payload size: 91 at 2024-12-11 11:20:38.776579 sent 2024-12-11 11:20:38.664101
INFO:Message received on topic: type-2/46 with payload size: 91 at 2024-12-11 11:20:41.377424 sent 2024-12-11 11:20:41.276837
INFO:Message received on topic: type-2/46 with payload size: 91 at 2024-12-11 11:20:44.074231 sent 2024-12-11 11:20:43.894480
INFO:Message received on topic: type-2/46 with payload size: 91 at 2024-12-11 11:20:46.689668 sent 2024-12-11 11:20:46.506498
INFO:Message received on topic: type-2/46 with payload size: 91 at 2024-12-11 11:20:49.186179 sent 2024-12-11 11:20:49.117768
INFO:Message received on topic: type-2/46 with payload size: 91 at 2024-12-11 11:20:51.795569 sent 2024-12-11 11:20:51.730940
INFO:Message received on topic: type-2/46 with payload size: 91 at 2024-12-11 11:20:54.471505 sent 2024-12-11 11:20:54.351317
INFO:Message received on topic: type-2/46 with payload size: 91 at 2024-12-11 11:20:57.030842 sent 2024-12-11 11:20:56.961062
INFO:Message received on topic: type-2/46 with payload size: 91 at 2024-12-11 11:20:59.630893 sent 2024-12-11 11:20:59.575154
INFO:Message received on topic: type-2/46 with payload size: 91 at 2024-12-11 11:21:02.275305 sent 2024-12-11 11:21:02.190352
INFO:Message received on topic: type-2/46 with payload size: 91 at 2024-12-11 11:21:04.878604 sent 2024-12-11 11:21:04.800282
INFO:Message received on topic: type-2/46 with payload size: 91 at 2024-12-11 11:21:07.484050 sent 2024-12-11 11:21:07.418992
INFO:Message received on topic: type-2/46 with payload size: 91 at 2024-12-11 11:21:10.171629 sent 2024-12-11 11:21:10.030818
INFO:Message received on topic: type-2/46 with payload size: 91 at 2024-12-11 11:21:12.680291 sent 2024-12-11 11:21:12.646160
INFO:Message received on topic: type-2/46 with payload size: 91 at 2024-12-11 11:21:15.375147 sent 2024-12-11 11:21:15.258880
INFO:Message received on topic: type-2/46 with payload size: 91 at 2024-12-11 11:21:17.892293 sent 2024-12-11 11:21:17.864258
INFO:Message received on topic: type-2/46 with payload size: 91 at 2024-12-11 11:21:20.501214 sent 2024-12-11 11:21:20.482648
INFO:Message received on topic: type-2/46 with payload size: 91 at 2024-12-11 11:21:23.386208 sent 2024-12-11 11:21:23.090657
INFO:Message received on topic: type-2/46 with payload size: 91 at 2024-12-11 11:21:25.817706 sent 2024-12-11 11:21:25.693046
INFO:Message received on topic: type-2/46 with payload size: 91 at 2024-12-11 11:21:28.388149 sent 2024-12-11 11:21:28.307364
INFO:Message received on topic: type-2/46 with payload size: 91 at 2024-12-11 11:21:30.980724 sent 2024-12-11 11:21:30.918046
INFO:Message received on topic: type-2/46 with payload size: 91 at 2024-12-11 11:21:33.585827 sent 2024-12-11 11:21:33.526507
INFO:Message received on topic: type-2/46 with payload size: 91 at 2024-12-11 11:21:36.184674 sent 2024-12-11 11:21:36.132571
INFO:Message received on topic: type-2/46 with payload size: 91 at 2024-12-11 11:21:38.792995 sent 2024-12-11 11:21:38.739600
INFO:Message received on topic: type-2/46 with payload size: 91 at 2024-12-11 11:21:41.387597 sent 2024-12-11 11:21:41.348462
INFO:Message received on topic: type-2/46 with payload size: 91 at 2024-12-11 11:21:43.989565 sent 2024-12-11 11:21:43.953473
INFO:Message received on topic: type-2/46 with payload size: 91 at 2024-12-11 11:21:46.696383 sent 2024-12-11 11:21:46.556187
INFO:Message received on topic: type-2/46 with payload size: 91 at 2024-12-11 11:21:49.277392 sent 2024-12-11 11:21:49.164690
INFO:Message received on topic: type-2/46 with payload size: 91 at 2024-12-11 11:21:51.804201 sent 2024-12-11 11:21:51.772160
INFO:Message received on topic: type-2/46 with payload size: 91 at 2024-12-11 11:21:54.428168 sent 2024-12-11 11:21:54.379127
INFO:Message received on topic: type-2/46 with payload size: 91 at 2024-12-11 11:21:57.088591 sent 2024-12-11 11:21:56.982857
INFO:Message received on topic: type-2/46 with payload size: 91 at 2024-12-11 11:21:59.679856 sent 2024-12-11 11:21:59.591871
INFO:Message received on topic: type-2/46 with payload size: 91 at 2024-12-11 11:22:02.273164 sent 2024-12-11 11:22:02.197552
INFO:Message received on topic: type-2/46 with payload size: 91 at 2024-12-11 11:22:04.873553 sent 2024-12-11 11:22:04.804925
INFO:Message received on topic: type-2/46 with payload size: 91 at 2024-12-11 11:22:07.475274 sent 2024-12-11 11:22:07.410931
INFO:Message received on topic: type-2/46 with payload size: 91 at 2024-12-11 11:22:10.095519 sent 2024-12-11 11:22:10.017677
INFO:Message received on topic: type-2/46 with payload size: 91 at 2024-12-11 11:22:12.677274 sent 2024-12-11 11:22:12.628689
INFO:Message received on topic: type-2/46 with payload size: 91 at 2024-12-11 11:22:15.298222 sent 2024-12-11 11:22:15.233964
INFO:Message received on topic: type-2/46 with payload size: 91 at 2024-12-11 11:22:17.895607 sent 2024-12-11 11:22:17.838621
INFO:Message received on topic: type-2/46 with payload size: 91 at 2024-12-11 11:22:20.527844 sent 2024-12-11 11:22:20.446504
INFO:Message received on topic: type-2/46 with payload size: 91 at 2024-12-11 11:22:23.092518 sent 2024-12-11 11:22:23.053956
INFO:Message received on topic: type-2/46 with payload size: 91 at 2024-12-11 11:22:25.691508 sent 2024-12-11 11:22:25.653942
INFO:Message received on topic: type-2/46 with payload size: 91 at 2024-12-11 11:22:28.308544 sent 2024-12-11 11:22:28.256098
INFO:Message received on topic: type-2/46 with payload size: 91 at 2024-12-11 11:22:30.898024 sent 2024-12-11 11:22:30.863114
INFO:Message received on topic: type-2/46 with payload size: 91 at 2024-12-11 11:22:33.572136 sent 2024-12-11 11:22:33.464912
INFO:Message received on topic: type-2/46 with payload size: 91 at 2024-12-11 11:22:36.082804 sent 2024-12-11 11:22:36.064172
INFO:Message received on topic: type-2/46 with payload size: 91 at 2024-12-11 11:22:38.727061 sent 2024-12-11 11:22:38.669726
INFO:Message received on topic: type-2/46 with payload size: 91 at 2024-12-11 11:22:41.284808 sent 2024-12-11 11:22:41.272122
INFO:Message received on topic: type-2/46 with payload size: 91 at 2024-12-11 11:22:43.988870 sent 2024-12-11 11:22:43.873577
INFO:Message received on topic: type-2/46 with payload size: 91 at 2024-12-11 11:22:46.493696 sent 2024-12-11 11:22:46.476758
INFO:Message received on topic: type-2/46 with payload size: 91 at 2024-12-11 11:22:49.104126 sent 2024-12-11 11:22:49.077489
INFO:Message received on topic: type-2/46 with payload size: 91 at 2024-12-11 11:22:51.691671 sent 2024-12-11 11:22:51.679108
INFO:Message received on topic: type-2/46 with payload size: 91 at 2024-12-11 11:22:54.374871 sent 2024-12-11 11:22:54.283693
INFO:Message received on topic: type-2/46 with payload size: 91 at 2024-12-11 11:22:56.903713 sent 2024-12-11 11:22:56.885972
INFO:Message received on topic: type-2/46 with payload size: 91 at 2024-12-11 11:22:59.504686 sent 2024-12-11 11:22:59.492561
INFO:Message received on topic: type-2/46 with payload size: 91 at 2024-12-11 11:23:02.113817 sent 2024-12-11 11:23:02.096773
INFO:Message received on topic: type-2/46 with payload size: 91 at 2024-12-11 11:23:04.772316 sent 2024-12-11 11:23:04.699126
INFO:Message received on topic: type-2/46 with payload size: 91 at 2024-12-11 11:23:07.377285 sent 2024-12-11 11:23:07.304733
INFO:Message received on topic: type-2/46 with payload size: 91 at 2024-12-11 11:23:09.975614 sent 2024-12-11 11:23:09.915650
