INFO:Starting Version 1.0.5
DEBUG:Using selector: EpollSelector
INFO:Connecting to cluster at: mqtt-quic://emqx-headless.dtwins:14567 using QUIC
INFO:Subscribed to topic: test/28
INFO:Logging each: 50
INFO:Unhandled packet type received
INFO:Message received on topic: test/28 with payload size: 91 at 2024-12-09 08:12:33.583852 sent 2024-12-09 08:12:33.553706
INFO:Message received on topic: test/28 with payload size: 91 at 2024-12-09 08:12:36.181055 sent 2024-12-09 08:12:36.153859
INFO:Message received on topic: test/28 with payload size: 91 at 2024-12-09 08:12:38.774444 sent 2024-12-09 08:12:38.760795
INFO:Message received on topic: test/28 with payload size: 91 at 2024-12-09 08:12:41.391188 sent 2024-12-09 08:12:41.367882
INFO:Message received on topic: test/28 with payload size: 91 at 2024-12-09 08:12:43.989170 sent 2024-12-09 08:12:43.974108
INFO:Message received on topic: test/28 with payload size: 91 at 2024-12-09 08:12:46.591639 sent 2024-12-09 08:12:46.579640
INFO:Message received on topic: test/28 with payload size: 91 at 2024-12-09 08:12:49.193866 sent 2024-12-09 08:12:49.184665
INFO:Message received on topic: test/28 with payload size: 91 at 2024-12-09 08:12:51.854459 sent 2024-12-09 08:12:51.793736
INFO:Message received on topic: test/28 with payload size: 91 at 2024-12-09 08:12:54.468586 sent 2024-12-09 08:12:54.401013
INFO:Message received on topic: test/28 with payload size: 91 at 2024-12-09 08:12:57.061146 sent 2024-12-09 08:12:56.998831
INFO:Message received on topic: test/28 with payload size: 91 at 2024-12-09 08:12:59.675887 sent 2024-12-09 08:12:59.605587
INFO:Message received on topic: test/28 with payload size: 91 at 2024-12-09 08:13:02.255559 sent 2024-12-09 08:13:02.206881
INFO:Message received on topic: test/28 with payload size: 91 at 2024-12-09 08:13:04.890201 sent 2024-12-09 08:13:04.813669
INFO:Message received on topic: test/28 with payload size: 91 at 2024-12-09 08:13:07.557119 sent 2024-12-09 08:13:07.419723
INFO:Message received on topic: test/28 with payload size: 91 at 2024-12-09 08:13:10.090282 sent 2024-12-09 08:13:10.029986
INFO:Message received on topic: test/28 with payload size: 91 at 2024-12-09 08:13:12.686221 sent 2024-12-09 08:13:12.640320
INFO:Message received on topic: test/28 with payload size: 91 at 2024-12-09 08:13:15.287608 sent 2024-12-09 08:13:15.256204
INFO:Message received on topic: test/28 with payload size: 91 at 2024-12-09 08:13:17.884016 sent 2024-12-09 08:13:17.862799
INFO:Message received on topic: test/28 with payload size: 91 at 2024-12-09 08:13:20.483695 sent 2024-12-09 08:13:20.473894
INFO:Message received on topic: test/28 with payload size: 91 at 2024-12-09 08:13:23.100200 sent 2024-12-09 08:13:23.085149
INFO:Message received on topic: test/28 with payload size: 91 at 2024-12-09 08:13:25.785173 sent 2024-12-09 08:13:25.694722
INFO:Message received on topic: test/28 with payload size: 91 at 2024-12-09 08:13:28.377191 sent 2024-12-09 08:13:28.307574
INFO:Message received on topic: test/28 with payload size: 91 at 2024-12-09 08:13:31.007221 sent 2024-12-09 08:13:30.912286
INFO:Message received on topic: test/28 with payload size: 91 at 2024-12-09 08:13:33.579429 sent 2024-12-09 08:13:33.521598
INFO:Message received on topic: test/28 with payload size: 91 at 2024-12-09 08:13:36.178996 sent 2024-12-09 08:13:36.135202
INFO:Message received on topic: test/28 with payload size: 91 at 2024-12-09 08:13:38.878501 sent 2024-12-09 08:13:38.742540
INFO:Message received on topic: test/28 with payload size: 91 at 2024-12-09 08:13:41.387270 sent 2024-12-09 08:13:41.351253
INFO:Message received on topic: test/28 with payload size: 91 at 2024-12-09 08:13:44.011070 sent 2024-12-09 08:13:43.964697
INFO:Message received on topic: test/28 with payload size: 91 at 2024-12-09 08:13:46.597767 sent 2024-12-09 08:13:46.573466
INFO:Message received on topic: test/28 with payload size: 91 at 2024-12-09 08:13:49.209045 sent 2024-12-09 08:13:49.183104
INFO:Message received on topic: test/28 with payload size: 91 at 2024-12-09 08:13:51.857042 sent 2024-12-09 08:13:51.801648
INFO:Message received on topic: test/28 with payload size: 91 at 2024-12-09 08:13:54.479379 sent 2024-12-09 08:13:54.414318
INFO:Message received on topic: test/28 with payload size: 91 at 2024-12-09 08:13:57.083999 sent 2024-12-09 08:13:57.018507
INFO:Message received on topic: test/28 with payload size: 91 at 2024-12-09 08:13:59.689473 sent 2024-12-09 08:13:59.626353
INFO:Message received on topic: test/28 with payload size: 91 at 2024-12-09 08:14:02.291684 sent 2024-12-09 08:14:02.237525
INFO:Message received on topic: test/28 with payload size: 91 at 2024-12-09 08:14:04.888487 sent 2024-12-09 08:14:04.848606
INFO:Message received on topic: test/28 with payload size: 91 at 2024-12-09 08:14:07.483080 sent 2024-12-09 08:14:07.462687
INFO:Message received on topic: test/28 with payload size: 91 at 2024-12-09 08:14:10.112251 sent 2024-12-09 08:14:10.079992
INFO:Message received on topic: test/28 with payload size: 91 at 2024-12-09 08:14:12.758287 sent 2024-12-09 08:14:12.692631
INFO:Message received on topic: test/28 with payload size: 91 at 2024-12-09 08:14:15.374255 sent 2024-12-09 08:14:15.302142
INFO:Message received on topic: test/28 with payload size: 91 at 2024-12-09 08:14:18.082120 sent 2024-12-09 08:14:17.911434
INFO:Message received on topic: test/28 with payload size: 91 at 2024-12-09 08:14:20.563769 sent 2024-12-09 08:14:20.524708
INFO:Message received on topic: test/28 with payload size: 91 at 2024-12-09 08:14:23.180766 sent 2024-12-09 08:14:23.134852
INFO:Message received on topic: test/28 with payload size: 91 at 2024-12-09 08:14:25.798380 sent 2024-12-09 08:14:25.741197
INFO:Message received on topic: test/28 with payload size: 91 at 2024-12-09 08:14:28.381099 sent 2024-12-09 08:14:28.356173
INFO:Message received on topic: test/28 with payload size: 91 at 2024-12-09 08:14:30.997009 sent 2024-12-09 08:14:30.967184
INFO:Message received on topic: test/28 with payload size: 91 at 2024-12-09 08:14:33.649875 sent 2024-12-09 08:14:33.575428
INFO:Message received on topic: test/28 with payload size: 91 at 2024-12-09 08:14:36.200943 sent 2024-12-09 08:14:36.183908
INFO:Message received on topic: test/28 with payload size: 91 at 2024-12-09 08:14:38.857211 sent 2024-12-09 08:14:38.793470
INFO:Message received on topic: test/28 with payload size: 91 at 2024-12-09 08:14:41.504522 sent 2024-12-09 08:14:41.409149
INFO:Message received on topic: test/28 with payload size: 91 at 2024-12-09 08:14:44.084546 sent 2024-12-09 08:14:44.021599
INFO:Message received on topic: test/28 with payload size: 91 at 2024-12-09 08:14:46.756639 sent 2024-12-09 08:14:46.629456
INFO:Message received on topic: test/28 with payload size: 91 at 2024-12-09 08:14:49.293586 sent 2024-12-09 08:14:49.243948
INFO:Message received on topic: test/28 with payload size: 91 at 2024-12-09 08:14:51.886826 sent 2024-12-09 08:14:51.859115
INFO:Message received on topic: test/28 with payload size: 91 at 2024-12-09 08:14:54.491694 sent 2024-12-09 08:14:54.470191
INFO:Message received on topic: test/28 with payload size: 91 at 2024-12-09 08:14:57.179953 sent 2024-12-09 08:14:57.081217
INFO:Message received on topic: test/28 with payload size: 91 at 2024-12-09 08:14:59.788482 sent 2024-12-09 08:14:59.689951
INFO:Message received on topic: test/28 with payload size: 91 at 2024-12-09 08:15:02.391102 sent 2024-12-09 08:15:02.301825
INFO:Message received on topic: test/28 with payload size: 91 at 2024-12-09 08:15:04.982566 sent 2024-12-09 08:15:04.913903
INFO:Message received on topic: test/28 with payload size: 91 at 2024-12-09 08:15:07.581520 sent 2024-12-09 08:15:07.522883
INFO:Message received on topic: test/28 with payload size: 91 at 2024-12-09 08:15:10.190951 sent 2024-12-09 08:15:10.130997
INFO:Message received on topic: test/28 with payload size: 91 at 2024-12-09 08:15:12.785668 sent 2024-12-09 08:15:12.742480
INFO:Message received on topic: test/28 with payload size: 91 at 2024-12-09 08:15:15.389442 sent 2024-12-09 08:15:15.348350
INFO:Message received on topic: test/28 with payload size: 91 at 2024-12-09 08:15:18.057265 sent 2024-12-09 08:15:17.960210
INFO:Message received on topic: test/28 with payload size: 91 at 2024-12-09 08:15:20.604980 sent 2024-12-09 08:15:20.568501
INFO:Message received on topic: test/28 with payload size: 91 at 2024-12-09 08:15:23.202613 sent 2024-12-09 08:15:23.183812
INFO:Message received on topic: test/28 with payload size: 91 at 2024-12-09 08:15:25.889714 sent 2024-12-09 08:15:25.797701
INFO:Message received on topic: test/28 with payload size: 91 at 2024-12-09 08:15:28.494798 sent 2024-12-09 08:15:28.409881
INFO:Message received on topic: test/28 with payload size: 91 at 2024-12-09 08:15:31.083156 sent 2024-12-09 08:15:31.024870
INFO:Message received on topic: test/28 with payload size: 91 at 2024-12-09 08:15:33.689288 sent 2024-12-09 08:15:33.636124
INFO:Message received on topic: test/28 with payload size: 91 at 2024-12-09 08:15:36.272295 sent 2024-12-09 08:15:36.244292
INFO:Message received on topic: test/28 with payload size: 91 at 2024-12-09 08:15:38.883515 sent 2024-12-09 08:15:38.857619
INFO:Message received on topic: test/28 with payload size: 91 at 2024-12-09 08:15:41.494252 sent 2024-12-09 08:15:41.468094
INFO:Message received on topic: test/28 with payload size: 91 at 2024-12-09 08:15:44.188149 sent 2024-12-09 08:15:44.075906
INFO:Message received on topic: test/28 with payload size: 91 at 2024-12-09 08:15:46.696714 sent 2024-12-09 08:15:46.679060
INFO:Message received on topic: test/28 with payload size: 91 at 2024-12-09 08:15:49.396469 sent 2024-12-09 08:15:49.292468
INFO:Message received on topic: test/28 with payload size: 91 at 2024-12-09 08:15:52.076687 sent 2024-12-09 08:15:51.907572
INFO:Message received on topic: test/28 with payload size: 91 at 2024-12-09 08:15:54.657971 sent 2024-12-09 08:15:54.515969
INFO:Message received on topic: test/28 with payload size: 91 at 2024-12-09 08:15:57.173224 sent 2024-12-09 08:15:57.125565
INFO:Message received on topic: test/28 with payload size: 91 at 2024-12-09 08:15:59.808302 sent 2024-12-09 08:15:59.733973
INFO:Message received on topic: test/28 with payload size: 91 at 2024-12-09 08:16:02.380214 sent 2024-12-09 08:16:02.350217
INFO:Message received on topic: test/28 with payload size: 91 at 2024-12-09 08:16:05.052983 sent 2024-12-09 08:16:04.960048
INFO:Message received on topic: test/28 with payload size: 91 at 2024-12-09 08:16:07.594544 sent 2024-12-09 08:16:07.570846
INFO:Message received on topic: test/28 with payload size: 91 at 2024-12-09 08:16:10.274003 sent 2024-12-09 08:16:10.187307
INFO:Message received on topic: test/28 with payload size: 91 at 2024-12-09 08:16:12.898771 sent 2024-12-09 08:16:12.795035
INFO:Message received on topic: test/28 with payload size: 91 at 2024-12-09 08:16:15.509543 sent 2024-12-09 08:16:15.400246
INFO:Message received on topic: test/28 with payload size: 91 at 2024-12-09 08:16:18.080795 sent 2024-12-09 08:16:18.010689
INFO:Message received on topic: test/28 with payload size: 91 at 2024-12-09 08:16:20.710827 sent 2024-12-09 08:16:20.619206
INFO:Message received on topic: test/28 with payload size: 91 at 2024-12-09 08:16:23.294251 sent 2024-12-09 08:16:23.230895
INFO:Message received on topic: test/28 with payload size: 91 at 2024-12-09 08:16:25.893710 sent 2024-12-09 08:16:25.841621
INFO:Message received on topic: test/28 with payload size: 91 at 2024-12-09 08:16:28.496481 sent 2024-12-09 08:16:28.449733
INFO:Message received on topic: test/28 with payload size: 91 at 2024-12-09 08:16:31.185847 sent 2024-12-09 08:16:31.065103
INFO:Message received on topic: test/28 with payload size: 91 at 2024-12-09 08:16:33.795254 sent 2024-12-09 08:16:33.681712
INFO:Message received on topic: test/28 with payload size: 91 at 2024-12-09 08:16:36.360149 sent 2024-12-09 08:16:36.292983
INFO:Message received on topic: test/28 with payload size: 91 at 2024-12-09 08:16:38.980251 sent 2024-12-09 08:16:38.907734
INFO:Message received on topic: test/28 with payload size: 91 at 2024-12-09 08:16:41.578571 sent 2024-12-09 08:16:41.518759
INFO:Message received on topic: test/28 with payload size: 91 at 2024-12-09 08:16:44.296276 sent 2024-12-09 08:16:44.129136
INFO:Message received on topic: test/28 with payload size: 91 at 2024-12-09 08:16:46.786528 sent 2024-12-09 08:16:46.740070
INFO:Message received on topic: test/28 with payload size: 91 at 2024-12-09 08:16:49.383066 sent 2024-12-09 08:16:49.357165
INFO:Message received on topic: test/28 with payload size: 91 at 2024-12-09 08:16:51.994407 sent 2024-12-09 08:16:51.971868
INFO:Message received on topic: test/28 with payload size: 91 at 2024-12-09 08:16:54.677623 sent 2024-12-09 08:16:54.580508
INFO:Message received on topic: test/28 with payload size: 91 at 2024-12-09 08:16:57.259816 sent 2024-12-09 08:16:57.187590
INFO:Message received on topic: test/28 with payload size: 91 at 2024-12-09 08:16:59.892976 sent 2024-12-09 08:16:59.796911
INFO:Message received on topic: test/28 with payload size: 91 at 2024-12-09 08:17:02.503295 sent 2024-12-09 08:17:02.414020
INFO:Message received on topic: test/28 with payload size: 91 at 2024-12-09 08:17:05.077100 sent 2024-12-09 08:17:05.021878
INFO:Message received on topic: test/28 with payload size: 91 at 2024-12-09 08:17:07.757161 sent 2024-12-09 08:17:07.627110
INFO:Message received on topic: test/28 with payload size: 91 at 2024-12-09 08:17:10.273661 sent 2024-12-09 08:17:10.235612
INFO:Message received on topic: test/28 with payload size: 91 at 2024-12-09 08:17:12.958155 sent 2024-12-09 08:17:12.843688
INFO:Message received on topic: test/28 with payload size: 91 at 2024-12-09 08:17:15.489268 sent 2024-12-09 08:17:15.456481
INFO:Message received on topic: test/28 with payload size: 91 at 2024-12-09 08:17:18.096754 sent 2024-12-09 08:17:18.065589
INFO:Message received on topic: test/28 with payload size: 91 at 2024-12-09 08:17:20.756886 sent 2024-12-09 08:17:20.682705
INFO:Message received on topic: test/28 with payload size: 91 at 2024-12-09 08:17:23.305020 sent 2024-12-09 08:17:23.294229
INFO:Message received on topic: test/28 with payload size: 91 at 2024-12-09 08:17:25.989133 sent 2024-12-09 08:17:25.903116
INFO:Message received on topic: test/28 with payload size: 91 at 2024-12-09 08:17:28.580993 sent 2024-12-09 08:17:28.513610
INFO:Message received on topic: test/28 with payload size: 91 at 2024-12-09 08:17:31.285744 sent 2024-12-09 08:17:31.120973
INFO:Message received on topic: test/28 with payload size: 91 at 2024-12-09 08:17:33.881870 sent 2024-12-09 08:17:33.727964
INFO:Message received on topic: test/28 with payload size: 91 at 2024-12-09 08:17:36.453759 sent 2024-12-09 08:17:36.340092
INFO:Message received on topic: test/28 with payload size: 91 at 2024-12-09 08:17:38.991278 sent 2024-12-09 08:17:38.947943
INFO:Message received on topic: test/28 with payload size: 91 at 2024-12-09 08:17:41.608535 sent 2024-12-09 08:17:41.554643
INFO:Message received on topic: test/28 with payload size: 91 at 2024-12-09 08:17:44.277490 sent 2024-12-09 08:17:44.167415
INFO:Message received on topic: test/28 with payload size: 91 at 2024-12-09 08:17:46.860806 sent 2024-12-09 08:17:46.769639
INFO:Message received on topic: test/28 with payload size: 91 at 2024-12-09 08:17:49.473794 sent 2024-12-09 08:17:49.383394
INFO:Message received on topic: test/28 with payload size: 91 at 2024-12-09 08:17:52.094147 sent 2024-12-09 08:17:51.994385
INFO:Message received on topic: test/28 with payload size: 91 at 2024-12-09 08:17:54.703620 sent 2024-12-09 08:17:54.603989
INFO:Message received on topic: test/28 with payload size: 91 at 2024-12-09 08:17:57.284881 sent 2024-12-09 08:17:57.214371
INFO:Message received on topic: test/28 with payload size: 91 at 2024-12-09 08:17:59.972804 sent 2024-12-09 08:17:59.823303
INFO:Message received on topic: test/28 with payload size: 91 at 2024-12-09 08:18:02.479526 sent 2024-12-09 08:18:02.436816
INFO:Message received on topic: test/28 with payload size: 91 at 2024-12-09 08:18:05.174178 sent 2024-12-09 08:18:05.055674
INFO:Message received on topic: test/28 with payload size: 91 at 2024-12-09 08:18:07.791986 sent 2024-12-09 08:18:07.666392
INFO:Message received on topic: test/28 with payload size: 91 at 2024-12-09 08:18:10.355589 sent 2024-12-09 08:18:10.270589
INFO:Message received on topic: test/28 with payload size: 91 at 2024-12-09 08:18:13.002627 sent 2024-12-09 08:18:12.878387
INFO:Message received on topic: test/28 with payload size: 91 at 2024-12-09 08:18:15.658042 sent 2024-12-09 08:18:15.490447
INFO:Message received on topic: test/28 with payload size: 91 at 2024-12-09 08:18:18.275312 sent 2024-12-09 08:18:18.096134
INFO:Message received on topic: test/28 with payload size: 91 at 2024-12-09 08:18:20.796372 sent 2024-12-09 08:18:20.705547
INFO:Message received on topic: test/28 with payload size: 91 at 2024-12-09 08:18:23.392535 sent 2024-12-09 08:18:23.314287
INFO:Message received on topic: test/28 with payload size: 91 at 2024-12-09 08:18:26.059602 sent 2024-12-09 08:18:25.923991
INFO:Message received on topic: test/28 with payload size: 91 at 2024-12-09 08:18:28.574495 sent 2024-12-09 08:18:28.542619
INFO:Message received on topic: test/28 with payload size: 91 at 2024-12-09 08:18:31.253886 sent 2024-12-09 08:18:31.158207
INFO:Message received on topic: test/28 with payload size: 91 at 2024-12-09 08:18:33.877208 sent 2024-12-09 08:18:33.765566
INFO:Message received on topic: test/28 with payload size: 91 at 2024-12-09 08:18:36.475637 sent 2024-12-09 08:18:36.382761
INFO:Message received on topic: test/28 with payload size: 91 at 2024-12-09 08:18:39.096510 sent 2024-12-09 08:18:38.991826
INFO:Message received on topic: test/28 with payload size: 91 at 2024-12-09 08:18:41.684920 sent 2024-12-09 08:18:41.602244
INFO:Message received on topic: test/28 with payload size: 91 at 2024-12-09 08:18:44.298501 sent 2024-12-09 08:18:44.211622
INFO:Message received on topic: test/28 with payload size: 91 at 2024-12-09 08:18:46.989041 sent 2024-12-09 08:18:46.821250
INFO:Message received on topic: test/28 with payload size: 91 at 2024-12-09 08:18:49.500709 sent 2024-12-09 08:18:49.436835
INFO:Message received on topic: test/28 with payload size: 91 at 2024-12-09 08:18:52.173297 sent 2024-12-09 08:18:52.045699
INFO:Message received on topic: test/28 with payload size: 91 at 2024-12-09 08:18:54.775985 sent 2024-12-09 08:18:54.658010
INFO:Message received on topic: test/28 with payload size: 91 at 2024-12-09 08:18:57.302244 sent 2024-12-09 08:18:57.250302
INFO:Message received on topic: test/28 with payload size: 91 at 2024-12-09 08:18:59.886562 sent 2024-12-09 08:18:59.835677
INFO:Message received on topic: test/28 with payload size: 91 at 2024-12-09 08:19:02.482201 sent 2024-12-09 08:19:02.432359
INFO:Message received on topic: test/28 with payload size: 91 at 2024-12-09 08:19:05.102289 sent 2024-12-09 08:19:05.018291
INFO:Message received on topic: test/28 with payload size: 91 at 2024-12-09 08:19:07.858652 sent 2024-12-09 08:19:07.624915
INFO:Message received on topic: test/28 with payload size: 91 at 2024-12-09 08:19:10.300527 sent 2024-12-09 08:19:10.236133
INFO:Message received on topic: test/28 with payload size: 91 at 2024-12-09 08:19:12.977547 sent 2024-12-09 08:19:12.845989
INFO:Message received on topic: test/28 with payload size: 91 at 2024-12-09 08:19:15.486913 sent 2024-12-09 08:19:15.453010
INFO:Message received on topic: test/28 with payload size: 91 at 2024-12-09 08:19:18.154270 sent 2024-12-09 08:19:18.064271
INFO:Message received on topic: test/28 with payload size: 91 at 2024-12-09 08:19:20.784404 sent 2024-12-09 08:19:20.680406
INFO:Message received on topic: test/28 with payload size: 91 at 2024-12-09 08:19:23.385631 sent 2024-12-09 08:19:23.292532
INFO:Message received on topic: test/28 with payload size: 91 at 2024-12-09 08:19:25.981085 sent 2024-12-09 08:19:25.905517
INFO:Message received on topic: test/28 with payload size: 91 at 2024-12-09 08:19:28.591680 sent 2024-12-09 08:19:28.517751
INFO:Message received on topic: test/28 with payload size: 91 at 2024-12-09 08:19:31.183176 sent 2024-12-09 08:19:31.131282
INFO:Message received on topic: test/28 with payload size: 91 at 2024-12-09 08:19:33.799828 sent 2024-12-09 08:19:33.741666
INFO:Message received on topic: test/28 with payload size: 91 at 2024-12-09 08:19:36.394648 sent 2024-12-09 08:19:36.348800
INFO:Message received on topic: test/28 with payload size: 91 at 2024-12-09 08:19:39.006444 sent 2024-12-09 08:19:38.960640
INFO:Message received on topic: test/28 with payload size: 91 at 2024-12-09 08:19:41.594061 sent 2024-12-09 08:19:41.568234
INFO:Message received on topic: test/28 with payload size: 91 at 2024-12-09 08:19:44.254903 sent 2024-12-09 08:19:44.174190
INFO:Message received on topic: test/28 with payload size: 91 at 2024-12-09 08:19:46.889259 sent 2024-12-09 08:19:46.777888
INFO:Message received on topic: test/28 with payload size: 91 at 2024-12-09 08:19:49.455100 sent 2024-12-09 08:19:49.384182
INFO:Message received on topic: test/28 with payload size: 91 at 2024-12-09 08:19:52.079175 sent 2024-12-09 08:19:51.989897
INFO:Message received on topic: test/28 with payload size: 91 at 2024-12-09 08:19:54.673829 sent 2024-12-09 08:19:54.597930
INFO:Message received on topic: test/28 with payload size: 91 at 2024-12-09 08:19:57.295000 sent 2024-12-09 08:19:57.204429
INFO:Message received on topic: test/28 with payload size: 91 at 2024-12-09 08:19:59.889184 sent 2024-12-09 08:19:59.813159
INFO:Message received on topic: test/28 with payload size: 91 at 2024-12-09 08:20:02.499776 sent 2024-12-09 08:20:02.418107
INFO:Message received on topic: test/28 with payload size: 91 at 2024-12-09 08:20:05.084563 sent 2024-12-09 08:20:05.023269
INFO:Message received on topic: test/28 with payload size: 91 at 2024-12-09 08:20:07.775020 sent 2024-12-09 08:20:07.628110
INFO:Message received on topic: test/28 with payload size: 91 at 2024-12-09 08:20:10.278845 sent 2024-12-09 08:20:10.236206
INFO:Message received on topic: test/28 with payload size: 91 at 2024-12-09 08:20:12.882517 sent 2024-12-09 08:20:12.842027
INFO:Message received on topic: test/28 with payload size: 91 at 2024-12-09 08:20:15.485230 sent 2024-12-09 08:20:15.448706
INFO:Message received on topic: test/28 with payload size: 91 at 2024-12-09 08:20:18.199935 sent 2024-12-09 08:20:18.050687
INFO:Message received on topic: test/28 with payload size: 91 at 2024-12-09 08:20:20.679592 sent 2024-12-09 08:20:20.656403
INFO:Message received on topic: test/28 with payload size: 91 at 2024-12-09 08:20:23.284385 sent 2024-12-09 08:20:23.262477
INFO:Message received on topic: test/28 with payload size: 91 at 2024-12-09 08:20:25.953196 sent 2024-12-09 08:20:25.867863
INFO:Message received on topic: test/28 with payload size: 91 at 2024-12-09 08:20:28.484763 sent 2024-12-09 08:20:28.471881
INFO:Message received on topic: test/28 with payload size: 91 at 2024-12-09 08:20:31.100763 sent 2024-12-09 08:20:31.074960
INFO:Message received on topic: test/28 with payload size: 91 at 2024-12-09 08:20:33.700270 sent 2024-12-09 08:20:33.672677
INFO:Message received on topic: test/28 with payload size: 91 at 2024-12-09 08:20:36.382409 sent 2024-12-09 08:20:36.276754
INFO:Message received on topic: test/28 with payload size: 91 at 2024-12-09 08:20:38.888478 sent 2024-12-09 08:20:38.879010
INFO:Message received on topic: test/28 with payload size: 91 at 2024-12-09 08:20:41.574071 sent 2024-12-09 08:20:41.488249
INFO:Message received on topic: test/28 with payload size: 91 at 2024-12-09 08:20:44.102644 sent 2024-12-09 08:20:44.094473
INFO:Message received on topic: test/28 with payload size: 91 at 2024-12-09 08:20:46.776075 sent 2024-12-09 08:20:46.698300
INFO:Message received on topic: test/28 with payload size: 91 at 2024-12-09 08:20:49.384627 sent 2024-12-09 08:20:49.299699
INFO:Message received on topic: test/28 with payload size: 91 at 2024-12-09 08:20:51.953283 sent 2024-12-09 08:20:51.902574
INFO:Message received on topic: test/28 with payload size: 91 at 2024-12-09 08:20:54.576357 sent 2024-12-09 08:20:54.504528
INFO:Message received on topic: test/28 with payload size: 91 at 2024-12-09 08:20:57.182692 sent 2024-12-09 08:20:57.104541
INFO:Message received on topic: test/28 with payload size: 91 at 2024-12-09 08:20:59.774768 sent 2024-12-09 08:20:59.707504
INFO:Message received on topic: test/28 with payload size: 91 at 2024-12-09 08:21:02.381420 sent 2024-12-09 08:21:02.312916
