INFO:Starting Version 1.0.5
DEBUG:Using selector: EpollSelector
INFO:Connecting to cluster at: mqtt-quic://emqx-headless.dtwins:14567 using QUIC
INFO:Subscribed to topic: test/8
INFO:Logging each: 50
INFO:Unhandled packet type received
INFO:Message received on topic: test/8 with payload size: 91 at 2024-12-09 08:11:20.467757 sent 2024-12-09 08:11:20.465314
INFO:Message received on topic: test/8 with payload size: 91 at 2024-12-09 08:11:23.069929 sent 2024-12-09 08:11:23.068930
INFO:Message received on topic: test/8 with payload size: 91 at 2024-12-09 08:11:25.675968 sent 2024-12-09 08:11:25.670079
INFO:Message received on topic: test/8 with payload size: 91 at 2024-12-09 08:11:28.270455 sent 2024-12-09 08:11:28.269002
INFO:Message received on topic: test/8 with payload size: 91 at 2024-12-09 08:11:30.872415 sent 2024-12-09 08:11:30.867238
INFO:Message received on topic: test/8 with payload size: 91 at 2024-12-09 08:11:33.473052 sent 2024-12-09 08:11:33.465103
INFO:Message received on topic: test/8 with payload size: 91 at 2024-12-09 08:11:36.073556 sent 2024-12-09 08:11:36.067061
INFO:Message received on topic: test/8 with payload size: 91 at 2024-12-09 08:11:38.674819 sent 2024-12-09 08:11:38.668238
INFO:Message received on topic: test/8 with payload size: 91 at 2024-12-09 08:11:41.284423 sent 2024-12-09 08:11:41.267764
INFO:Message received on topic: test/8 with payload size: 91 at 2024-12-09 08:11:43.884534 sent 2024-12-09 08:11:43.869081
INFO:Message received on topic: test/8 with payload size: 91 at 2024-12-09 08:11:46.476650 sent 2024-12-09 08:11:46.471763
INFO:Message received on topic: test/8 with payload size: 91 at 2024-12-09 08:11:49.077064 sent 2024-12-09 08:11:49.069643
INFO:Message received on topic: test/8 with payload size: 91 at 2024-12-09 08:11:51.682257 sent 2024-12-09 08:11:51.675470
INFO:Message received on topic: test/8 with payload size: 91 at 2024-12-09 08:11:54.280631 sent 2024-12-09 08:11:54.276898
INFO:Message received on topic: test/8 with payload size: 91 at 2024-12-09 08:11:56.886862 sent 2024-12-09 08:11:56.880525
INFO:Message received on topic: test/8 with payload size: 91 at 2024-12-09 08:11:59.493444 sent 2024-12-09 08:11:59.481444
INFO:Message received on topic: test/8 with payload size: 91 at 2024-12-09 08:12:02.096873 sent 2024-12-09 08:12:02.093069
INFO:Message received on topic: test/8 with payload size: 91 at 2024-12-09 08:12:04.702915 sent 2024-12-09 08:12:04.699151
INFO:Message received on topic: test/8 with payload size: 91 at 2024-12-09 08:12:07.386956 sent 2024-12-09 08:12:07.310523
INFO:Message received on topic: test/8 with payload size: 91 at 2024-12-09 08:12:09.958856 sent 2024-12-09 08:12:09.915130
INFO:Message received on topic: test/8 with payload size: 91 at 2024-12-09 08:12:12.556291 sent 2024-12-09 08:12:12.505223
INFO:Message received on topic: test/8 with payload size: 91 at 2024-12-09 08:12:15.099823 sent 2024-12-09 08:12:15.090504
INFO:Message received on topic: test/8 with payload size: 91 at 2024-12-09 08:12:17.690319 sent 2024-12-09 08:12:17.683300
INFO:Message received on topic: test/8 with payload size: 91 at 2024-12-09 08:12:20.286052 sent 2024-12-09 08:12:20.273842
INFO:Message received on topic: test/8 with payload size: 91 at 2024-12-09 08:12:22.885136 sent 2024-12-09 08:12:22.875116
INFO:Message received on topic: test/8 with payload size: 91 at 2024-12-09 08:12:25.486617 sent 2024-12-09 08:12:25.476175
INFO:Message received on topic: test/8 with payload size: 91 at 2024-12-09 08:12:28.092863 sent 2024-12-09 08:12:28.082893
INFO:Message received on topic: test/8 with payload size: 91 at 2024-12-09 08:12:30.698681 sent 2024-12-09 08:12:30.688490
INFO:Message received on topic: test/8 with payload size: 91 at 2024-12-09 08:12:33.300109 sent 2024-12-09 08:12:33.291360
INFO:Message received on topic: test/8 with payload size: 91 at 2024-12-09 08:12:35.980099 sent 2024-12-09 08:12:35.892461
INFO:Message received on topic: test/8 with payload size: 91 at 2024-12-09 08:12:38.507687 sent 2024-12-09 08:12:38.498033
INFO:Message received on topic: test/8 with payload size: 91 at 2024-12-09 08:12:41.106665 sent 2024-12-09 08:12:41.102952
INFO:Message received on topic: test/8 with payload size: 91 at 2024-12-09 08:12:43.771474 sent 2024-12-09 08:12:43.709271
INFO:Message received on topic: test/8 with payload size: 91 at 2024-12-09 08:12:46.377160 sent 2024-12-09 08:12:46.308255
INFO:Message received on topic: test/8 with payload size: 91 at 2024-12-09 08:12:48.966826 sent 2024-12-09 08:12:48.908255
INFO:Message received on topic: test/8 with payload size: 91 at 2024-12-09 08:12:51.571769 sent 2024-12-09 08:12:51.510112
INFO:Message received on topic: test/8 with payload size: 91 at 2024-12-09 08:12:54.176545 sent 2024-12-09 08:12:54.117557
INFO:Message received on topic: test/8 with payload size: 91 at 2024-12-09 08:12:56.779644 sent 2024-12-09 08:12:56.721648
INFO:Message received on topic: test/8 with payload size: 91 at 2024-12-09 08:12:59.379298 sent 2024-12-09 08:12:59.326660
INFO:Message received on topic: test/8 with payload size: 91 at 2024-12-09 08:13:01.964266 sent 2024-12-09 08:13:01.936101
INFO:Message received on topic: test/8 with payload size: 91 at 2024-12-09 08:13:04.584991 sent 2024-12-09 08:13:04.544872
INFO:Message received on topic: test/8 with payload size: 91 at 2024-12-09 08:13:07.185654 sent 2024-12-09 08:13:07.152774
INFO:Message received on topic: test/8 with payload size: 91 at 2024-12-09 08:13:09.786763 sent 2024-12-09 08:13:09.760985
INFO:Message received on topic: test/8 with payload size: 91 at 2024-12-09 08:13:12.387497 sent 2024-12-09 08:13:12.370451
INFO:Message received on topic: test/8 with payload size: 91 at 2024-12-09 08:13:14.990726 sent 2024-12-09 08:13:14.978873
INFO:Message received on topic: test/8 with payload size: 91 at 2024-12-09 08:13:17.658465 sent 2024-12-09 08:13:17.584537
INFO:Message received on topic: test/8 with payload size: 91 at 2024-12-09 08:13:20.272980 sent 2024-12-09 08:13:20.197996
INFO:Message received on topic: test/8 with payload size: 91 at 2024-12-09 08:13:22.881508 sent 2024-12-09 08:13:22.808728
INFO:Message received on topic: test/8 with payload size: 91 at 2024-12-09 08:13:25.490169 sent 2024-12-09 08:13:25.421245
INFO:Message received on topic: test/8 with payload size: 91 at 2024-12-09 08:13:28.076595 sent 2024-12-09 08:13:28.034984
INFO:Message received on topic: test/8 with payload size: 91 at 2024-12-09 08:13:30.688680 sent 2024-12-09 08:13:30.648006
INFO:Message received on topic: test/8 with payload size: 91 at 2024-12-09 08:13:33.281869 sent 2024-12-09 08:13:33.259370
INFO:Message received on topic: test/8 with payload size: 91 at 2024-12-09 08:13:35.882516 sent 2024-12-09 08:13:35.869508
INFO:Message received on topic: test/8 with payload size: 91 at 2024-12-09 08:13:38.557533 sent 2024-12-09 08:13:38.480761
INFO:Message received on topic: test/8 with payload size: 91 at 2024-12-09 08:13:41.101036 sent 2024-12-09 08:13:41.090235
INFO:Message received on topic: test/8 with payload size: 91 at 2024-12-09 08:13:43.758599 sent 2024-12-09 08:13:43.701314
INFO:Message received on topic: test/8 with payload size: 91 at 2024-12-09 08:13:46.382138 sent 2024-12-09 08:13:46.316865
INFO:Message received on topic: test/8 with payload size: 91 at 2024-12-09 08:13:48.981679 sent 2024-12-09 08:13:48.920959
INFO:Message received on topic: test/8 with payload size: 91 at 2024-12-09 08:13:51.582529 sent 2024-12-09 08:13:51.531636
INFO:Message received on topic: test/8 with payload size: 91 at 2024-12-09 08:13:54.215165 sent 2024-12-09 08:13:54.139470
INFO:Message received on topic: test/8 with payload size: 91 at 2024-12-09 08:13:56.792117 sent 2024-12-09 08:13:56.745540
INFO:Message received on topic: test/8 with payload size: 91 at 2024-12-09 08:13:59.390337 sent 2024-12-09 08:13:59.357266
INFO:Message received on topic: test/8 with payload size: 91 at 2024-12-09 08:14:01.988948 sent 2024-12-09 08:14:01.975235
INFO:Message received on topic: test/8 with payload size: 91 at 2024-12-09 08:14:04.605589 sent 2024-12-09 08:14:04.589457
INFO:Message received on topic: test/8 with payload size: 91 at 2024-12-09 08:14:07.279552 sent 2024-12-09 08:14:07.207436
INFO:Message received on topic: test/8 with payload size: 91 at 2024-12-09 08:14:09.885012 sent 2024-12-09 08:14:09.821130
INFO:Message received on topic: test/8 with payload size: 91 at 2024-12-09 08:14:12.489899 sent 2024-12-09 08:14:12.431696
INFO:Message received on topic: test/8 with payload size: 91 at 2024-12-09 08:14:15.075966 sent 2024-12-09 08:14:15.035064
INFO:Message received on topic: test/8 with payload size: 91 at 2024-12-09 08:14:17.703730 sent 2024-12-09 08:14:17.642438
INFO:Message received on topic: test/8 with payload size: 91 at 2024-12-09 08:14:20.296199 sent 2024-12-09 08:14:20.252998
INFO:Message received on topic: test/8 with payload size: 91 at 2024-12-09 08:14:22.908170 sent 2024-12-09 08:14:22.862899
INFO:Message received on topic: test/8 with payload size: 91 at 2024-12-09 08:14:25.490621 sent 2024-12-09 08:14:25.469247
INFO:Message received on topic: test/8 with payload size: 91 at 2024-12-09 08:14:28.106191 sent 2024-12-09 08:14:28.081853
INFO:Message received on topic: test/8 with payload size: 91 at 2024-12-09 08:14:30.711645 sent 2024-12-09 08:14:30.693012
INFO:Message received on topic: test/8 with payload size: 91 at 2024-12-09 08:14:33.371646 sent 2024-12-09 08:14:33.304931
INFO:Message received on topic: test/8 with payload size: 91 at 2024-12-09 08:14:35.982819 sent 2024-12-09 08:14:35.911517
INFO:Message received on topic: test/8 with payload size: 91 at 2024-12-09 08:14:38.582939 sent 2024-12-09 08:14:38.521747
INFO:Message received on topic: test/8 with payload size: 91 at 2024-12-09 08:14:41.192530 sent 2024-12-09 08:14:41.137544
INFO:Message received on topic: test/8 with payload size: 91 at 2024-12-09 08:14:43.788498 sent 2024-12-09 08:14:43.754305
INFO:Message received on topic: test/8 with payload size: 91 at 2024-12-09 08:14:46.383227 sent 2024-12-09 08:14:46.361271
INFO:Message received on topic: test/8 with payload size: 91 at 2024-12-09 08:14:48.992165 sent 2024-12-09 08:14:48.970988
INFO:Message received on topic: test/8 with payload size: 91 at 2024-12-09 08:14:51.673777 sent 2024-12-09 08:14:51.584563
INFO:Message received on topic: test/8 with payload size: 91 at 2024-12-09 08:14:54.398757 sent 2024-12-09 08:14:54.196015
INFO:Message received on topic: test/8 with payload size: 91 at 2024-12-09 08:14:56.875665 sent 2024-12-09 08:14:56.802226
INFO:Message received on topic: test/8 with payload size: 91 at 2024-12-09 08:14:59.473529 sent 2024-12-09 08:14:59.409735
INFO:Message received on topic: test/8 with payload size: 91 at 2024-12-09 08:15:02.093604 sent 2024-12-09 08:15:02.017652
INFO:Message received on topic: test/8 with payload size: 91 at 2024-12-09 08:15:04.677188 sent 2024-12-09 08:15:04.628217
INFO:Message received on topic: test/8 with payload size: 91 at 2024-12-09 08:15:07.380607 sent 2024-12-09 08:15:07.247498
INFO:Message received on topic: test/8 with payload size: 91 at 2024-12-09 08:15:09.987365 sent 2024-12-09 08:15:09.862774
INFO:Message received on topic: test/8 with payload size: 91 at 2024-12-09 08:15:12.487595 sent 2024-12-09 08:15:12.471018
INFO:Message received on topic: test/8 with payload size: 91 at 2024-12-09 08:15:15.155210 sent 2024-12-09 08:15:15.082829
INFO:Message received on topic: test/8 with payload size: 91 at 2024-12-09 08:15:17.853408 sent 2024-12-09 08:15:17.693231
INFO:Message received on topic: test/8 with payload size: 91 at 2024-12-09 08:15:20.374063 sent 2024-12-09 08:15:20.302363
INFO:Message received on topic: test/8 with payload size: 91 at 2024-12-09 08:15:22.996667 sent 2024-12-09 08:15:22.919366
INFO:Message received on topic: test/8 with payload size: 91 at 2024-12-09 08:15:25.585409 sent 2024-12-09 08:15:25.529639
INFO:Message received on topic: test/8 with payload size: 91 at 2024-12-09 08:15:28.208188 sent 2024-12-09 08:15:28.142514
INFO:Message received on topic: test/8 with payload size: 91 at 2024-12-09 08:15:30.782960 sent 2024-12-09 08:15:30.752360
INFO:Message received on topic: test/8 with payload size: 91 at 2024-12-09 08:15:33.417623 sent 2024-12-09 08:15:33.362493
INFO:Message received on topic: test/8 with payload size: 91 at 2024-12-09 08:15:36.058524 sent 2024-12-09 08:15:35.968629
INFO:Message received on topic: test/8 with payload size: 91 at 2024-12-09 08:15:38.673437 sent 2024-12-09 08:15:38.578515
INFO:Message received on topic: test/8 with payload size: 91 at 2024-12-09 08:15:41.201097 sent 2024-12-09 08:15:41.190206
INFO:Message received on topic: test/8 with payload size: 91 at 2024-12-09 08:15:43.888198 sent 2024-12-09 08:15:43.807688
INFO:Message received on topic: test/8 with payload size: 91 at 2024-12-09 08:15:46.500196 sent 2024-12-09 08:15:46.412851
INFO:Message received on topic: test/8 with payload size: 91 at 2024-12-09 08:15:49.090320 sent 2024-12-09 08:15:49.025944
INFO:Message received on topic: test/8 with payload size: 91 at 2024-12-09 08:15:51.694103 sent 2024-12-09 08:15:51.646284
INFO:Message received on topic: test/8 with payload size: 91 at 2024-12-09 08:15:54.392386 sent 2024-12-09 08:15:54.259137
INFO:Message received on topic: test/8 with payload size: 91 at 2024-12-09 08:15:56.984126 sent 2024-12-09 08:15:56.874504
INFO:Message received on topic: test/8 with payload size: 91 at 2024-12-09 08:15:59.554997 sent 2024-12-09 08:15:59.484384
INFO:Message received on topic: test/8 with payload size: 91 at 2024-12-09 08:16:02.181281 sent 2024-12-09 08:16:02.095046
INFO:Message received on topic: test/8 with payload size: 91 at 2024-12-09 08:16:04.783410 sent 2024-12-09 08:16:04.707736
INFO:Message received on topic: test/8 with payload size: 91 at 2024-12-09 08:16:07.392066 sent 2024-12-09 08:16:07.317071
INFO:Message received on topic: test/8 with payload size: 91 at 2024-12-09 08:16:09.988643 sent 2024-12-09 08:16:09.930294
INFO:Message received on topic: test/8 with payload size: 91 at 2024-12-09 08:16:12.678201 sent 2024-12-09 08:16:12.542994
INFO:Message received on topic: test/8 with payload size: 91 at 2024-12-09 08:16:15.273586 sent 2024-12-09 08:16:15.152957
INFO:Message received on topic: test/8 with payload size: 91 at 2024-12-09 08:16:17.859702 sent 2024-12-09 08:16:17.762139
INFO:Message received on topic: test/8 with payload size: 91 at 2024-12-09 08:16:20.383720 sent 2024-12-09 08:16:20.372598
INFO:Message received on topic: test/8 with payload size: 91 at 2024-12-09 08:16:23.079390 sent 2024-12-09 08:16:22.985139
INFO:Message received on topic: test/8 with payload size: 91 at 2024-12-09 08:16:25.680856 sent 2024-12-09 08:16:25.589763
INFO:Message received on topic: test/8 with payload size: 91 at 2024-12-09 08:16:28.291779 sent 2024-12-09 08:16:28.206070
INFO:Message received on topic: test/8 with payload size: 91 at 2024-12-09 08:16:30.881287 sent 2024-12-09 08:16:30.816892
INFO:Message received on topic: test/8 with payload size: 91 at 2024-12-09 08:16:33.559825 sent 2024-12-09 08:16:33.435472
INFO:Message received on topic: test/8 with payload size: 91 at 2024-12-09 08:16:36.084260 sent 2024-12-09 08:16:36.051825
INFO:Message received on topic: test/8 with payload size: 91 at 2024-12-09 08:16:38.760478 sent 2024-12-09 08:16:38.660457
INFO:Message received on topic: test/8 with payload size: 91 at 2024-12-09 08:16:41.287977 sent 2024-12-09 08:16:41.270553
INFO:Message received on topic: test/8 with payload size: 91 at 2024-12-09 08:16:43.980554 sent 2024-12-09 08:16:43.882055
INFO:Message received on topic: test/8 with payload size: 91 at 2024-12-09 08:16:46.555868 sent 2024-12-09 08:16:46.494844
INFO:Message received on topic: test/8 with payload size: 91 at 2024-12-09 08:16:49.178304 sent 2024-12-09 08:16:49.103036
INFO:Message received on topic: test/8 with payload size: 91 at 2024-12-09 08:16:51.778819 sent 2024-12-09 08:16:51.715730
INFO:Message received on topic: test/8 with payload size: 91 at 2024-12-09 08:16:54.573424 sent 2024-12-09 08:16:54.327444
INFO:Message received on topic: test/8 with payload size: 91 at 2024-12-09 08:16:57.075015 sent 2024-12-09 08:16:56.933432
INFO:Message received on topic: test/8 with payload size: 91 at 2024-12-09 08:16:59.583076 sent 2024-12-09 08:16:59.544946
INFO:Message received on topic: test/8 with payload size: 91 at 2024-12-09 08:17:02.193308 sent 2024-12-09 08:17:02.157093
INFO:Message received on topic: test/8 with payload size: 91 at 2024-12-09 08:17:04.791621 sent 2024-12-09 08:17:04.770423
INFO:Message received on topic: test/8 with payload size: 91 at 2024-12-09 08:17:07.484672 sent 2024-12-09 08:17:07.385945
INFO:Message received on topic: test/8 with payload size: 91 at 2024-12-09 08:17:10.078796 sent 2024-12-09 08:17:09.996316
INFO:Message received on topic: test/8 with payload size: 91 at 2024-12-09 08:17:12.780740 sent 2024-12-09 08:17:12.607107
INFO:Message received on topic: test/8 with payload size: 91 at 2024-12-09 08:17:15.275272 sent 2024-12-09 08:17:15.215363
INFO:Message received on topic: test/8 with payload size: 91 at 2024-12-09 08:17:17.899759 sent 2024-12-09 08:17:17.823864
INFO:Message received on topic: test/8 with payload size: 91 at 2024-12-09 08:17:20.490486 sent 2024-12-09 08:17:20.438429
INFO:Message received on topic: test/8 with payload size: 91 at 2024-12-09 08:17:23.094227 sent 2024-12-09 08:17:23.046828
INFO:Message received on topic: test/8 with payload size: 91 at 2024-12-09 08:17:25.687807 sent 2024-12-09 08:17:25.664224
INFO:Message received on topic: test/8 with payload size: 91 at 2024-12-09 08:17:28.354491 sent 2024-12-09 08:17:28.275597
INFO:Message received on topic: test/8 with payload size: 91 at 2024-12-09 08:17:30.993547 sent 2024-12-09 08:17:30.886172
INFO:Message received on topic: test/8 with payload size: 91 at 2024-12-09 08:17:33.589375 sent 2024-12-09 08:17:33.505665
INFO:Message received on topic: test/8 with payload size: 91 at 2024-12-09 08:17:36.183974 sent 2024-12-09 08:17:36.113598
INFO:Message received on topic: test/8 with payload size: 91 at 2024-12-09 08:17:38.813929 sent 2024-12-09 08:17:38.729290
INFO:Message received on topic: test/8 with payload size: 91 at 2024-12-09 08:17:41.487292 sent 2024-12-09 08:17:41.337888
INFO:Message received on topic: test/8 with payload size: 91 at 2024-12-09 08:17:43.991832 sent 2024-12-09 08:17:43.950015
INFO:Message received on topic: test/8 with payload size: 91 at 2024-12-09 08:17:46.608998 sent 2024-12-09 08:17:46.557355
INFO:Message received on topic: test/8 with payload size: 91 at 2024-12-09 08:17:49.302076 sent 2024-12-09 08:17:49.169798
INFO:Message received on topic: test/8 with payload size: 91 at 2024-12-09 08:17:51.877645 sent 2024-12-09 08:17:51.786214
INFO:Message received on topic: test/8 with payload size: 91 at 2024-12-09 08:17:54.557565 sent 2024-12-09 08:17:54.399088
INFO:Message received on topic: test/8 with payload size: 91 at 2024-12-09 08:17:57.079878 sent 2024-12-09 08:17:57.005578
INFO:Message received on topic: test/8 with payload size: 91 at 2024-12-09 08:17:59.702755 sent 2024-12-09 08:17:59.613548
INFO:Message received on topic: test/8 with payload size: 91 at 2024-12-09 08:18:02.357868 sent 2024-12-09 08:18:02.224188
INFO:Message received on topic: test/8 with payload size: 91 at 2024-12-09 08:18:04.974154 sent 2024-12-09 08:18:04.847624
INFO:Message received on topic: test/8 with payload size: 91 at 2024-12-09 08:18:07.579109 sent 2024-12-09 08:18:07.462005
INFO:Message received on topic: test/8 with payload size: 91 at 2024-12-09 08:18:10.154518 sent 2024-12-09 08:18:10.068795
INFO:Message received on topic: test/8 with payload size: 91 at 2024-12-09 08:18:12.773292 sent 2024-12-09 08:18:12.673878
INFO:Message received on topic: test/8 with payload size: 91 at 2024-12-09 08:18:15.387250 sent 2024-12-09 08:18:15.286082
INFO:Message received on topic: test/8 with payload size: 91 at 2024-12-09 08:18:17.956636 sent 2024-12-09 08:18:17.893503
INFO:Message received on topic: test/8 with payload size: 91 at 2024-12-09 08:18:20.579398 sent 2024-12-09 08:18:20.510699
INFO:Message received on topic: test/8 with payload size: 91 at 2024-12-09 08:18:23.256076 sent 2024-12-09 08:18:23.123040
INFO:Message received on topic: test/8 with payload size: 91 at 2024-12-09 08:18:25.965250 sent 2024-12-09 08:18:25.741845
INFO:Message received on topic: test/8 with payload size: 91 at 2024-12-09 08:18:28.455700 sent 2024-12-09 08:18:28.357688
INFO:Message received on topic: test/8 with payload size: 91 at 2024-12-09 08:18:30.991273 sent 2024-12-09 08:18:30.969933
INFO:Message received on topic: test/8 with payload size: 91 at 2024-12-09 08:18:33.701392 sent 2024-12-09 08:18:33.579040
INFO:Message received on topic: test/8 with payload size: 91 at 2024-12-09 08:18:36.277125 sent 2024-12-09 08:18:36.188020
INFO:Message received on topic: test/8 with payload size: 91 at 2024-12-09 08:18:38.900169 sent 2024-12-09 08:18:38.795885
INFO:Message received on topic: test/8 with payload size: 91 at 2024-12-09 08:18:41.488695 sent 2024-12-09 08:18:41.411735
INFO:Message received on topic: test/8 with payload size: 91 at 2024-12-09 08:18:44.160713 sent 2024-12-09 08:18:44.024163
INFO:Message received on topic: test/8 with payload size: 91 at 2024-12-09 08:18:46.758169 sent 2024-12-09 08:18:46.631574
INFO:Message received on topic: test/8 with payload size: 91 at 2024-12-09 08:18:49.352972 sent 2024-12-09 08:18:49.241954
INFO:Message received on topic: test/8 with payload size: 91 at 2024-12-09 08:18:51.980462 sent 2024-12-09 08:18:51.855515
INFO:Message received on topic: test/8 with payload size: 91 at 2024-12-09 08:18:54.495394 sent 2024-12-09 08:18:54.466745
INFO:Message received on topic: test/8 with payload size: 91 at 2024-12-09 08:18:57.179484 sent 2024-12-09 08:18:57.063026
INFO:Message received on topic: test/8 with payload size: 91 at 2024-12-09 08:18:59.688588 sent 2024-12-09 08:18:59.650536
INFO:Message received on topic: test/8 with payload size: 91 at 2024-12-09 08:19:02.372581 sent 2024-12-09 08:19:02.243662
INFO:Message received on topic: test/8 with payload size: 91 at 2024-12-09 08:19:04.953021 sent 2024-12-09 08:19:04.827941
INFO:Message received on topic: test/8 with payload size: 91 at 2024-12-09 08:19:07.478531 sent 2024-12-09 08:19:07.430821
INFO:Message received on topic: test/8 with payload size: 91 at 2024-12-09 08:19:10.114906 sent 2024-12-09 08:19:10.047731
INFO:Message received on topic: test/8 with payload size: 91 at 2024-12-09 08:19:12.852755 sent 2024-12-09 08:19:12.656658
INFO:Message received on topic: test/8 with payload size: 91 at 2024-12-09 08:19:15.375458 sent 2024-12-09 08:19:15.266171
INFO:Message received on topic: test/8 with payload size: 91 at 2024-12-09 08:19:17.910001 sent 2024-12-09 08:19:17.872651
INFO:Message received on topic: test/8 with payload size: 91 at 2024-12-09 08:19:20.504581 sent 2024-12-09 08:19:20.479820
INFO:Message received on topic: test/8 with payload size: 91 at 2024-12-09 08:19:23.182395 sent 2024-12-09 08:19:23.099233
INFO:Message received on topic: test/8 with payload size: 91 at 2024-12-09 08:19:25.799703 sent 2024-12-09 08:19:25.707812
INFO:Message received on topic: test/8 with payload size: 91 at 2024-12-09 08:19:28.473152 sent 2024-12-09 08:19:28.322020
INFO:Message received on topic: test/8 with payload size: 91 at 2024-12-09 08:19:31.056999 sent 2024-12-09 08:19:30.940591
INFO:Message received on topic: test/8 with payload size: 91 at 2024-12-09 08:19:33.591433 sent 2024-12-09 08:19:33.553577
INFO:Message received on topic: test/8 with payload size: 91 at 2024-12-09 08:19:36.196120 sent 2024-12-09 08:19:36.161106
INFO:Message received on topic: test/8 with payload size: 91 at 2024-12-09 08:19:38.854847 sent 2024-12-09 08:19:38.768610
INFO:Message received on topic: test/8 with payload size: 91 at 2024-12-09 08:19:41.452677 sent 2024-12-09 08:19:41.376369
INFO:Message received on topic: test/8 with payload size: 91 at 2024-12-09 08:19:44.081066 sent 2024-12-09 08:19:43.985970
INFO:Message received on topic: test/8 with payload size: 91 at 2024-12-09 08:19:46.683309 sent 2024-12-09 08:19:46.596247
INFO:Message received on topic: test/8 with payload size: 91 at 2024-12-09 08:19:49.281857 sent 2024-12-09 08:19:49.205547
