INFO:Starting Version 1.0.5
DEBUG:Using selector: EpollSelector
INFO:Connecting to cluster at: mqtt-quic://emqx-headless.dtwins:14567 using QUIC
INFO:Subscribed to topic: test/31
INFO:Logging each: 50
INFO:Unhandled packet type received
INFO:Message received on topic: test/31 with payload size: 91 at 2024-12-09 08:12:43.774305 sent 2024-12-09 08:12:43.734648
INFO:Message received on topic: test/31 with payload size: 91 at 2024-12-09 08:12:46.379023 sent 2024-12-09 08:12:46.336802
INFO:Message received on topic: test/31 with payload size: 91 at 2024-12-09 08:12:48.983569 sent 2024-12-09 08:12:48.943294
INFO:Message received on topic: test/31 with payload size: 91 at 2024-12-09 08:12:51.577764 sent 2024-12-09 08:12:51.552950
INFO:Message received on topic: test/31 with payload size: 91 at 2024-12-09 08:12:54.186749 sent 2024-12-09 08:12:54.162198
INFO:Message received on topic: test/31 with payload size: 91 at 2024-12-09 08:12:56.788772 sent 2024-12-09 08:12:56.769361
INFO:Message received on topic: test/31 with payload size: 91 at 2024-12-09 08:12:59.379086 sent 2024-12-09 08:12:59.371953
INFO:Message received on topic: test/31 with payload size: 91 at 2024-12-09 08:13:01.989372 sent 2024-12-09 08:13:01.979920
INFO:Message received on topic: test/31 with payload size: 91 at 2024-12-09 08:13:04.592569 sent 2024-12-09 08:13:04.580522
INFO:Message received on topic: test/31 with payload size: 91 at 2024-12-09 08:13:07.207500 sent 2024-12-09 08:13:07.187441
INFO:Message received on topic: test/31 with payload size: 91 at 2024-12-09 08:13:09.851740 sent 2024-12-09 08:13:09.797207
INFO:Message received on topic: test/31 with payload size: 91 at 2024-12-09 08:13:12.484888 sent 2024-12-09 08:13:12.413932
INFO:Message received on topic: test/31 with payload size: 91 at 2024-12-09 08:13:15.072239 sent 2024-12-09 08:13:15.024028
INFO:Message received on topic: test/31 with payload size: 91 at 2024-12-09 08:13:17.676860 sent 2024-12-09 08:13:17.631718
INFO:Message received on topic: test/31 with payload size: 91 at 2024-12-09 08:13:20.378497 sent 2024-12-09 08:13:20.245036
INFO:Message received on topic: test/31 with payload size: 91 at 2024-12-09 08:13:22.889894 sent 2024-12-09 08:13:22.856799
INFO:Message received on topic: test/31 with payload size: 91 at 2024-12-09 08:13:25.494036 sent 2024-12-09 08:13:25.471445
INFO:Message received on topic: test/31 with payload size: 91 at 2024-12-09 08:13:28.100181 sent 2024-12-09 08:13:28.086693
INFO:Message received on topic: test/31 with payload size: 91 at 2024-12-09 08:13:30.773573 sent 2024-12-09 08:13:30.699878
INFO:Message received on topic: test/31 with payload size: 91 at 2024-12-09 08:13:33.381522 sent 2024-12-09 08:13:33.316315
INFO:Message received on topic: test/31 with payload size: 91 at 2024-12-09 08:13:35.980836 sent 2024-12-09 08:13:35.933402
INFO:Message received on topic: test/31 with payload size: 91 at 2024-12-09 08:13:38.600416 sent 2024-12-09 08:13:38.554088
INFO:Message received on topic: test/31 with payload size: 91 at 2024-12-09 08:13:41.200770 sent 2024-12-09 08:13:41.167521
INFO:Message received on topic: test/31 with payload size: 91 at 2024-12-09 08:13:43.793149 sent 2024-12-09 08:13:43.779527
INFO:Message received on topic: test/31 with payload size: 91 at 2024-12-09 08:13:46.471446 sent 2024-12-09 08:13:46.394154
INFO:Message received on topic: test/31 with payload size: 91 at 2024-12-09 08:13:49.077933 sent 2024-12-09 08:13:48.994612
INFO:Message received on topic: test/31 with payload size: 91 at 2024-12-09 08:13:51.674925 sent 2024-12-09 08:13:51.602639
INFO:Message received on topic: test/31 with payload size: 91 at 2024-12-09 08:13:54.274363 sent 2024-12-09 08:13:54.213415
INFO:Message received on topic: test/31 with payload size: 91 at 2024-12-09 08:13:56.889646 sent 2024-12-09 08:13:56.818083
INFO:Message received on topic: test/31 with payload size: 91 at 2024-12-09 08:13:59.477260 sent 2024-12-09 08:13:59.425867
INFO:Message received on topic: test/31 with payload size: 91 at 2024-12-09 08:14:02.183856 sent 2024-12-09 08:14:02.041820
INFO:Message received on topic: test/31 with payload size: 91 at 2024-12-09 08:14:04.695525 sent 2024-12-09 08:14:04.650302
INFO:Message received on topic: test/31 with payload size: 91 at 2024-12-09 08:14:07.299255 sent 2024-12-09 08:14:07.261153
INFO:Message received on topic: test/31 with payload size: 91 at 2024-12-09 08:14:09.905379 sent 2024-12-09 08:14:09.878785
INFO:Message received on topic: test/31 with payload size: 91 at 2024-12-09 08:14:12.503587 sent 2024-12-09 08:14:12.492212
INFO:Message received on topic: test/31 with payload size: 91 at 2024-12-09 08:14:15.174241 sent 2024-12-09 08:14:15.107008
INFO:Message received on topic: test/31 with payload size: 91 at 2024-12-09 08:14:17.880142 sent 2024-12-09 08:14:17.720495
INFO:Message received on topic: test/31 with payload size: 91 at 2024-12-09 08:14:20.400465 sent 2024-12-09 08:14:20.329808
INFO:Message received on topic: test/31 with payload size: 91 at 2024-12-09 08:14:22.975028 sent 2024-12-09 08:14:22.940423
INFO:Message received on topic: test/31 with payload size: 91 at 2024-12-09 08:14:25.584835 sent 2024-12-09 08:14:25.545148
INFO:Message received on topic: test/31 with payload size: 91 at 2024-12-09 08:14:28.182919 sent 2024-12-09 08:14:28.158921
INFO:Message received on topic: test/31 with payload size: 91 at 2024-12-09 08:14:30.873793 sent 2024-12-09 08:14:30.774931
INFO:Message received on topic: test/31 with payload size: 91 at 2024-12-09 08:14:33.457469 sent 2024-12-09 08:14:33.389705
INFO:Message received on topic: test/31 with payload size: 91 at 2024-12-09 08:14:36.078986 sent 2024-12-09 08:14:36.003817
INFO:Message received on topic: test/31 with payload size: 91 at 2024-12-09 08:14:38.693647 sent 2024-12-09 08:14:38.615860
INFO:Message received on topic: test/31 with payload size: 91 at 2024-12-09 08:14:41.292118 sent 2024-12-09 08:14:41.226055
INFO:Message received on topic: test/31 with payload size: 91 at 2024-12-09 08:14:43.887730 sent 2024-12-09 08:14:43.833813
INFO:Message received on topic: test/31 with payload size: 91 at 2024-12-09 08:14:46.480077 sent 2024-12-09 08:14:46.444644
INFO:Message received on topic: test/31 with payload size: 91 at 2024-12-09 08:14:49.087094 sent 2024-12-09 08:14:49.055644
INFO:Message received on topic: test/31 with payload size: 91 at 2024-12-09 08:14:51.773100 sent 2024-12-09 08:14:51.671068
INFO:Message received on topic: test/31 with payload size: 91 at 2024-12-09 08:14:54.413595 sent 2024-12-09 08:14:54.282818
INFO:Message received on topic: test/31 with payload size: 91 at 2024-12-09 08:14:56.957034 sent 2024-12-09 08:14:56.888901
INFO:Message received on topic: test/31 with payload size: 91 at 2024-12-09 08:14:59.582719 sent 2024-12-09 08:14:59.499572
INFO:Message received on topic: test/31 with payload size: 91 at 2024-12-09 08:15:02.177404 sent 2024-12-09 08:15:02.112640
INFO:Message received on topic: test/31 with payload size: 91 at 2024-12-09 08:15:04.773902 sent 2024-12-09 08:15:04.723738
INFO:Message received on topic: test/31 with payload size: 91 at 2024-12-09 08:15:07.387027 sent 2024-12-09 08:15:07.337567
INFO:Message received on topic: test/31 with payload size: 91 at 2024-12-09 08:15:10.080039 sent 2024-12-09 08:15:09.961921
INFO:Message received on topic: test/31 with payload size: 91 at 2024-12-09 08:15:12.606945 sent 2024-12-09 08:15:12.572116
INFO:Message received on topic: test/31 with payload size: 91 at 2024-12-09 08:15:15.272991 sent 2024-12-09 08:15:15.187471
INFO:Message received on topic: test/31 with payload size: 91 at 2024-12-09 08:15:17.891126 sent 2024-12-09 08:15:17.798245
INFO:Message received on topic: test/31 with payload size: 91 at 2024-12-09 08:15:20.472040 sent 2024-12-09 08:15:20.404646
INFO:Message received on topic: test/31 with payload size: 91 at 2024-12-09 08:15:23.090618 sent 2024-12-09 08:15:23.022881
INFO:Message received on topic: test/31 with payload size: 91 at 2024-12-09 08:15:25.689564 sent 2024-12-09 08:15:25.633295
INFO:Message received on topic: test/31 with payload size: 91 at 2024-12-09 08:15:28.298650 sent 2024-12-09 08:15:28.252238
INFO:Message received on topic: test/31 with payload size: 91 at 2024-12-09 08:15:30.895963 sent 2024-12-09 08:15:30.860478
INFO:Message received on topic: test/31 with payload size: 91 at 2024-12-09 08:15:33.573806 sent 2024-12-09 08:15:33.476535
INFO:Message received on topic: test/31 with payload size: 91 at 2024-12-09 08:15:36.195721 sent 2024-12-09 08:15:36.084026
INFO:Message received on topic: test/31 with payload size: 91 at 2024-12-09 08:15:38.773601 sent 2024-12-09 08:15:38.692572
INFO:Message received on topic: test/31 with payload size: 91 at 2024-12-09 08:15:41.356004 sent 2024-12-09 08:15:41.299583
INFO:Message received on topic: test/31 with payload size: 91 at 2024-12-09 08:15:44.001860 sent 2024-12-09 08:15:43.912111
INFO:Message received on topic: test/31 with payload size: 91 at 2024-12-09 08:15:46.561461 sent 2024-12-09 08:15:46.515603
INFO:Message received on topic: test/31 with payload size: 91 at 2024-12-09 08:15:49.273155 sent 2024-12-09 08:15:49.130891
INFO:Message received on topic: test/31 with payload size: 91 at 2024-12-09 08:15:51.852079 sent 2024-12-09 08:15:51.748308
INFO:Message received on topic: test/31 with payload size: 91 at 2024-12-09 08:15:54.477413 sent 2024-12-09 08:15:54.356400
INFO:Message received on topic: test/31 with payload size: 91 at 2024-12-09 08:15:56.992234 sent 2024-12-09 08:15:56.963628
INFO:Message received on topic: test/31 with payload size: 91 at 2024-12-09 08:15:59.604702 sent 2024-12-09 08:15:59.571260
INFO:Message received on topic: test/31 with payload size: 91 at 2024-12-09 08:16:02.259420 sent 2024-12-09 08:16:02.185688
INFO:Message received on topic: test/31 with payload size: 91 at 2024-12-09 08:16:04.878016 sent 2024-12-09 08:16:04.799396
INFO:Message received on topic: test/31 with payload size: 91 at 2024-12-09 08:16:07.490379 sent 2024-12-09 08:16:07.407834
INFO:Message received on topic: test/31 with payload size: 91 at 2024-12-09 08:16:10.155882 sent 2024-12-09 08:16:10.014267
INFO:Message received on topic: test/31 with payload size: 91 at 2024-12-09 08:16:12.690179 sent 2024-12-09 08:16:12.625871
INFO:Message received on topic: test/31 with payload size: 91 at 2024-12-09 08:16:15.381820 sent 2024-12-09 08:16:15.233012
INFO:Message received on topic: test/31 with payload size: 91 at 2024-12-09 08:16:17.892794 sent 2024-12-09 08:16:17.840754
INFO:Message received on topic: test/31 with payload size: 91 at 2024-12-09 08:16:20.482698 sent 2024-12-09 08:16:20.455217
INFO:Message received on topic: test/31 with payload size: 91 at 2024-12-09 08:16:23.084653 sent 2024-12-09 08:16:23.066415
INFO:Message received on topic: test/31 with payload size: 91 at 2024-12-09 08:16:25.754781 sent 2024-12-09 08:16:25.674759
INFO:Message received on topic: test/31 with payload size: 91 at 2024-12-09 08:16:28.398668 sent 2024-12-09 08:16:28.287881
INFO:Message received on topic: test/31 with payload size: 91 at 2024-12-09 08:16:30.995481 sent 2024-12-09 08:16:30.902774
INFO:Message received on topic: test/31 with payload size: 91 at 2024-12-09 08:16:33.599859 sent 2024-12-09 08:16:33.509731
INFO:Message received on topic: test/31 with payload size: 91 at 2024-12-09 08:16:36.180819 sent 2024-12-09 08:16:36.126752
INFO:Message received on topic: test/31 with payload size: 91 at 2024-12-09 08:16:38.856223 sent 2024-12-09 08:16:38.736076
INFO:Message received on topic: test/31 with payload size: 91 at 2024-12-09 08:16:41.394008 sent 2024-12-09 08:16:41.347769
INFO:Message received on topic: test/31 with payload size: 91 at 2024-12-09 08:16:44.086068 sent 2024-12-09 08:16:43.963494
INFO:Message received on topic: test/31 with payload size: 91 at 2024-12-09 08:16:46.598228 sent 2024-12-09 08:16:46.573451
INFO:Message received on topic: test/31 with payload size: 91 at 2024-12-09 08:16:49.276732 sent 2024-12-09 08:16:49.187236
INFO:Message received on topic: test/31 with payload size: 91 at 2024-12-09 08:16:51.857780 sent 2024-12-09 08:16:51.796934
INFO:Message received on topic: test/31 with payload size: 91 at 2024-12-09 08:16:54.559839 sent 2024-12-09 08:16:54.410136
INFO:Message received on topic: test/31 with payload size: 91 at 2024-12-09 08:16:57.081481 sent 2024-12-09 08:16:57.022495
INFO:Message received on topic: test/31 with payload size: 91 at 2024-12-09 08:16:59.756829 sent 2024-12-09 08:16:59.635056
INFO:Message received on topic: test/31 with payload size: 91 at 2024-12-09 08:17:02.352712 sent 2024-12-09 08:17:02.242312
INFO:Message received on topic: test/31 with payload size: 91 at 2024-12-09 08:17:04.891924 sent 2024-12-09 08:17:04.849864
INFO:Message received on topic: test/31 with payload size: 91 at 2024-12-09 08:17:07.488527 sent 2024-12-09 08:17:07.459189
INFO:Message received on topic: test/31 with payload size: 91 at 2024-12-09 08:17:10.087885 sent 2024-12-09 08:17:10.068217
INFO:Message received on topic: test/31 with payload size: 91 at 2024-12-09 08:17:12.779523 sent 2024-12-09 08:17:12.677249
INFO:Message received on topic: test/31 with payload size: 91 at 2024-12-09 08:17:15.356820 sent 2024-12-09 08:17:15.287186
INFO:Message received on topic: test/31 with payload size: 91 at 2024-12-09 08:17:17.986632 sent 2024-12-09 08:17:17.894189
INFO:Message received on topic: test/31 with payload size: 91 at 2024-12-09 08:17:20.560249 sent 2024-12-09 08:17:20.509079
INFO:Message received on topic: test/31 with payload size: 91 at 2024-12-09 08:17:23.192220 sent 2024-12-09 08:17:23.117549
INFO:Message received on topic: test/31 with payload size: 91 at 2024-12-09 08:17:25.792024 sent 2024-12-09 08:17:25.722319
INFO:Message received on topic: test/31 with payload size: 91 at 2024-12-09 08:17:28.400432 sent 2024-12-09 08:17:28.330856
INFO:Message received on topic: test/31 with payload size: 91 at 2024-12-09 08:17:30.985440 sent 2024-12-09 08:17:30.944514
INFO:Message received on topic: test/31 with payload size: 91 at 2024-12-09 08:17:33.601228 sent 2024-12-09 08:17:33.557411
INFO:Message received on topic: test/31 with payload size: 91 at 2024-12-09 08:17:36.200286 sent 2024-12-09 08:17:36.163833
INFO:Message received on topic: test/31 with payload size: 91 at 2024-12-09 08:17:38.878788 sent 2024-12-09 08:17:38.777575
INFO:Message received on topic: test/31 with payload size: 91 at 2024-12-09 08:17:41.479044 sent 2024-12-09 08:17:41.387263
INFO:Message received on topic: test/31 with payload size: 91 at 2024-12-09 08:17:44.091785 sent 2024-12-09 08:17:43.998643
INFO:Message received on topic: test/31 with payload size: 91 at 2024-12-09 08:17:46.680355 sent 2024-12-09 08:17:46.607354
INFO:Message received on topic: test/31 with payload size: 91 at 2024-12-09 08:17:49.381947 sent 2024-12-09 08:17:49.217156
INFO:Message received on topic: test/31 with payload size: 91 at 2024-12-09 08:17:51.897042 sent 2024-12-09 08:17:51.836948
INFO:Message received on topic: test/31 with payload size: 91 at 2024-12-09 08:17:54.585274 sent 2024-12-09 08:17:54.453123
INFO:Message received on topic: test/31 with payload size: 91 at 2024-12-09 08:17:57.160642 sent 2024-12-09 08:17:57.069556
INFO:Message received on topic: test/31 with payload size: 91 at 2024-12-09 08:17:59.761212 sent 2024-12-09 08:17:59.683771
INFO:Message received on topic: test/31 with payload size: 91 at 2024-12-09 08:18:02.454541 sent 2024-12-09 08:18:02.300806
INFO:Message received on topic: test/31 with payload size: 91 at 2024-12-09 08:18:05.054897 sent 2024-12-09 08:18:04.914469
INFO:Message received on topic: test/31 with payload size: 91 at 2024-12-09 08:18:07.594930 sent 2024-12-09 08:18:07.523642
INFO:Message received on topic: test/31 with payload size: 91 at 2024-12-09 08:18:10.196238 sent 2024-12-09 08:18:10.131156
INFO:Message received on topic: test/31 with payload size: 91 at 2024-12-09 08:18:12.985891 sent 2024-12-09 08:18:12.740818
INFO:Message received on topic: test/31 with payload size: 91 at 2024-12-09 08:18:15.401576 sent 2024-12-09 08:18:15.350939
INFO:Message received on topic: test/31 with payload size: 91 at 2024-12-09 08:18:18.055745 sent 2024-12-09 08:18:17.961801
INFO:Message received on topic: test/31 with payload size: 91 at 2024-12-09 08:18:20.588677 sent 2024-12-09 08:18:20.567901
INFO:Message received on topic: test/31 with payload size: 91 at 2024-12-09 08:18:23.272096 sent 2024-12-09 08:18:23.177546
INFO:Message received on topic: test/31 with payload size: 91 at 2024-12-09 08:18:25.886089 sent 2024-12-09 08:18:25.787653
INFO:Message received on topic: test/31 with payload size: 91 at 2024-12-09 08:18:28.484832 sent 2024-12-09 08:18:28.407202
INFO:Message received on topic: test/31 with payload size: 91 at 2024-12-09 08:18:31.091447 sent 2024-12-09 08:18:31.021685
INFO:Message received on topic: test/31 with payload size: 91 at 2024-12-09 08:18:33.780105 sent 2024-12-09 08:18:33.634240
INFO:Message received on topic: test/31 with payload size: 91 at 2024-12-09 08:18:36.288072 sent 2024-12-09 08:18:36.240017
INFO:Message received on topic: test/31 with payload size: 91 at 2024-12-09 08:18:38.984034 sent 2024-12-09 08:18:38.849176
INFO:Message received on topic: test/31 with payload size: 91 at 2024-12-09 08:18:41.574446 sent 2024-12-09 08:18:41.462677
INFO:Message received on topic: test/31 with payload size: 91 at 2024-12-09 08:18:44.277523 sent 2024-12-09 08:18:44.074605
INFO:Message received on topic: test/31 with payload size: 91 at 2024-12-09 08:18:46.782829 sent 2024-12-09 08:18:46.681892
INFO:Message received on topic: test/31 with payload size: 91 at 2024-12-09 08:18:49.384089 sent 2024-12-09 08:18:49.288740
INFO:Message received on topic: test/31 with payload size: 91 at 2024-12-09 08:18:51.991047 sent 2024-12-09 08:18:51.900501
INFO:Message received on topic: test/31 with payload size: 91 at 2024-12-09 08:18:54.590906 sent 2024-12-09 08:18:54.515531
INFO:Message received on topic: test/31 with payload size: 91 at 2024-12-09 08:18:57.186570 sent 2024-12-09 08:18:57.111540
INFO:Message received on topic: test/31 with payload size: 91 at 2024-12-09 08:18:59.855435 sent 2024-12-09 08:18:59.698649
INFO:Message received on topic: test/31 with payload size: 91 at 2024-12-09 08:19:02.387196 sent 2024-12-09 08:19:02.294020
INFO:Message received on topic: test/31 with payload size: 91 at 2024-12-09 08:19:04.981213 sent 2024-12-09 08:19:04.882724
INFO:Message received on topic: test/31 with payload size: 91 at 2024-12-09 08:19:07.662572 sent 2024-12-09 08:19:07.486306
INFO:Message received on topic: test/31 with payload size: 91 at 2024-12-09 08:19:10.155222 sent 2024-12-09 08:19:10.102664
INFO:Message received on topic: test/31 with payload size: 91 at 2024-12-09 08:19:12.882993 sent 2024-12-09 08:19:12.715939
INFO:Message received on topic: test/31 with payload size: 91 at 2024-12-09 08:19:15.392600 sent 2024-12-09 08:19:15.326617
INFO:Message received on topic: test/31 with payload size: 91 at 2024-12-09 08:19:17.995568 sent 2024-12-09 08:19:17.934472
INFO:Message received on topic: test/31 with payload size: 91 at 2024-12-09 08:19:20.577462 sent 2024-12-09 08:19:20.547965
INFO:Message received on topic: test/31 with payload size: 91 at 2024-12-09 08:19:23.193995 sent 2024-12-09 08:19:23.161512
INFO:Message received on topic: test/31 with payload size: 91 at 2024-12-09 08:19:25.815018 sent 2024-12-09 08:19:25.767644
INFO:Message received on topic: test/31 with payload size: 91 at 2024-12-09 08:19:28.475081 sent 2024-12-09 08:19:28.385875
INFO:Message received on topic: test/31 with payload size: 91 at 2024-12-09 08:19:31.057224 sent 2024-12-09 08:19:30.996297
INFO:Message received on topic: test/31 with payload size: 91 at 2024-12-09 08:19:33.713906 sent 2024-12-09 08:19:33.612525
INFO:Message received on topic: test/31 with payload size: 91 at 2024-12-09 08:19:36.289729 sent 2024-12-09 08:19:36.218920
INFO:Message received on topic: test/31 with payload size: 91 at 2024-12-09 08:19:38.954281 sent 2024-12-09 08:19:38.828934
INFO:Message received on topic: test/31 with payload size: 91 at 2024-12-09 08:19:41.493642 sent 2024-12-09 08:19:41.445304
INFO:Message received on topic: test/31 with payload size: 91 at 2024-12-09 08:19:44.078789 sent 2024-12-09 08:19:44.057123
INFO:Message received on topic: test/31 with payload size: 91 at 2024-12-09 08:19:46.778573 sent 2024-12-09 08:19:46.659310
INFO:Message received on topic: test/31 with payload size: 91 at 2024-12-09 08:19:49.309005 sent 2024-12-09 08:19:49.266485
INFO:Message received on topic: test/31 with payload size: 91 at 2024-12-09 08:19:51.898850 sent 2024-12-09 08:19:51.875700
INFO:Message received on topic: test/31 with payload size: 91 at 2024-12-09 08:19:54.555111 sent 2024-12-09 08:19:54.490114
INFO:Message received on topic: test/31 with payload size: 91 at 2024-12-09 08:19:57.175008 sent 2024-12-09 08:19:57.092800
INFO:Message received on topic: test/31 with payload size: 91 at 2024-12-09 08:19:59.787847 sent 2024-12-09 08:19:59.704631
INFO:Message received on topic: test/31 with payload size: 91 at 2024-12-09 08:20:02.455907 sent 2024-12-09 08:20:02.309072
INFO:Message received on topic: test/31 with payload size: 91 at 2024-12-09 08:20:04.981820 sent 2024-12-09 08:20:04.915244
INFO:Message received on topic: test/31 with payload size: 91 at 2024-12-09 08:20:07.586771 sent 2024-12-09 08:20:07.523428
INFO:Message received on topic: test/31 with payload size: 91 at 2024-12-09 08:20:10.258529 sent 2024-12-09 08:20:10.127130
INFO:Message received on topic: test/31 with payload size: 91 at 2024-12-09 08:20:12.793655 sent 2024-12-09 08:20:12.734021
INFO:Message received on topic: test/31 with payload size: 91 at 2024-12-09 08:20:15.389582 sent 2024-12-09 08:20:15.337419
INFO:Message received on topic: test/31 with payload size: 91 at 2024-12-09 08:20:18.057829 sent 2024-12-09 08:20:17.943233
INFO:Message received on topic: test/31 with payload size: 91 at 2024-12-09 08:20:20.689608 sent 2024-12-09 08:20:20.548210
INFO:Message received on topic: test/31 with payload size: 91 at 2024-12-09 08:20:23.198461 sent 2024-12-09 08:20:23.153085
INFO:Message received on topic: test/31 with payload size: 91 at 2024-12-09 08:20:25.794378 sent 2024-12-09 08:20:25.754792
INFO:Message received on topic: test/31 with payload size: 91 at 2024-12-09 08:20:28.386087 sent 2024-12-09 08:20:28.357749
INFO:Message received on topic: test/31 with payload size: 91 at 2024-12-09 08:20:30.998619 sent 2024-12-09 08:20:30.963067
INFO:Message received on topic: test/31 with payload size: 91 at 2024-12-09 08:20:33.593489 sent 2024-12-09 08:20:33.562454
INFO:Message received on topic: test/31 with payload size: 91 at 2024-12-09 08:20:36.277679 sent 2024-12-09 08:20:36.166249
INFO:Message received on topic: test/31 with payload size: 91 at 2024-12-09 08:20:38.783606 sent 2024-12-09 08:20:38.769849
INFO:Message received on topic: test/31 with payload size: 91 at 2024-12-09 08:20:41.396171 sent 2024-12-09 08:20:41.372622
INFO:Message received on topic: test/31 with payload size: 91 at 2024-12-09 08:20:43.995463 sent 2024-12-09 08:20:43.977672
INFO:Message received on topic: test/31 with payload size: 91 at 2024-12-09 08:20:46.594365 sent 2024-12-09 08:20:46.580468
INFO:Message received on topic: test/31 with payload size: 91 at 2024-12-09 08:20:49.194715 sent 2024-12-09 08:20:49.181515
INFO:Message received on topic: test/31 with payload size: 91 at 2024-12-09 08:20:51.796577 sent 2024-12-09 08:20:51.784007
INFO:Message received on topic: test/31 with payload size: 91 at 2024-12-09 08:20:54.398038 sent 2024-12-09 08:20:54.385539
INFO:Message received on topic: test/31 with payload size: 91 at 2024-12-09 08:20:56.997635 sent 2024-12-09 08:20:56.985841
INFO:Message received on topic: test/31 with payload size: 91 at 2024-12-09 08:20:59.596875 sent 2024-12-09 08:20:59.590912
INFO:Message received on topic: test/31 with payload size: 91 at 2024-12-09 08:21:02.253593 sent 2024-12-09 08:21:02.193317
INFO:Message received on topic: test/31 with payload size: 91 at 2024-12-09 08:21:04.853272 sent 2024-12-09 08:21:04.794883
INFO:Message received on topic: test/31 with payload size: 91 at 2024-12-09 08:21:07.481688 sent 2024-12-09 08:21:07.397155
INFO:Message received on topic: test/31 with payload size: 91 at 2024-12-09 08:21:10.053399 sent 2024-12-09 08:21:09.998048
INFO:Message received on topic: test/31 with payload size: 91 at 2024-12-09 08:21:12.688608 sent 2024-12-09 08:21:12.600234
