INFO:Starting Version 1.0.5
DEBUG:Using selector: EpollSelector
INFO:Connecting to cluster at: mqtt-quic://emqx-headless.dtwins:14567 using QUIC
INFO:Subscribed to topic: test/23
INFO:Logging each: 50
INFO:Unhandled packet type received
INFO:Message received on topic: test/23 with payload size: 91 at 2024-12-09 08:12:18.408037 sent 2024-12-09 08:12:18.399528
INFO:Message received on topic: test/23 with payload size: 91 at 2024-12-09 08:12:21.088879 sent 2024-12-09 08:12:20.993497
INFO:Message received on topic: test/23 with payload size: 91 at 2024-12-09 08:12:23.651984 sent 2024-12-09 08:12:23.594684
INFO:Message received on topic: test/23 with payload size: 91 at 2024-12-09 08:12:26.204185 sent 2024-12-09 08:12:26.195077
INFO:Message received on topic: test/23 with payload size: 91 at 2024-12-09 08:12:28.865119 sent 2024-12-09 08:12:28.800037
INFO:Message received on topic: test/23 with payload size: 91 at 2024-12-09 08:12:31.456142 sent 2024-12-09 08:12:31.402310
INFO:Message received on topic: test/23 with payload size: 91 at 2024-12-09 08:12:34.072199 sent 2024-12-09 08:12:34.007483
INFO:Message received on topic: test/23 with payload size: 91 at 2024-12-09 08:12:36.682289 sent 2024-12-09 08:12:36.611570
INFO:Message received on topic: test/23 with payload size: 91 at 2024-12-09 08:12:39.276104 sent 2024-12-09 08:12:39.216166
INFO:Message received on topic: test/23 with payload size: 91 at 2024-12-09 08:12:41.857602 sent 2024-12-09 08:12:41.822927
INFO:Message received on topic: test/23 with payload size: 91 at 2024-12-09 08:12:44.498777 sent 2024-12-09 08:12:44.433018
INFO:Message received on topic: test/23 with payload size: 91 at 2024-12-09 08:12:47.072858 sent 2024-12-09 08:12:47.035744
INFO:Message received on topic: test/23 with payload size: 91 at 2024-12-09 08:12:49.755924 sent 2024-12-09 08:12:49.638181
INFO:Message received on topic: test/23 with payload size: 91 at 2024-12-09 08:12:52.287006 sent 2024-12-09 08:12:52.240705
INFO:Message received on topic: test/23 with payload size: 91 at 2024-12-09 08:12:54.972228 sent 2024-12-09 08:12:54.843167
INFO:Message received on topic: test/23 with payload size: 91 at 2024-12-09 08:12:57.583123 sent 2024-12-09 08:12:57.444153
INFO:Message received on topic: test/23 with payload size: 91 at 2024-12-09 08:13:00.173763 sent 2024-12-09 08:13:00.047646
INFO:Message received on topic: test/23 with payload size: 91 at 2024-12-09 08:13:02.702096 sent 2024-12-09 08:13:02.655001
INFO:Message received on topic: test/23 with payload size: 91 at 2024-12-09 08:13:05.302184 sent 2024-12-09 08:13:05.260727
INFO:Message received on topic: test/23 with payload size: 91 at 2024-12-09 08:13:07.981074 sent 2024-12-09 08:13:07.868400
INFO:Message received on topic: test/23 with payload size: 91 at 2024-12-09 08:13:10.487756 sent 2024-12-09 08:13:10.476934
INFO:Message received on topic: test/23 with payload size: 91 at 2024-12-09 08:13:13.109858 sent 2024-12-09 08:13:13.092797
INFO:Message received on topic: test/23 with payload size: 91 at 2024-12-09 08:13:15.753989 sent 2024-12-09 08:13:15.698930
INFO:Message received on topic: test/23 with payload size: 91 at 2024-12-09 08:13:18.352210 sent 2024-12-09 08:13:18.305530
INFO:Message received on topic: test/23 with payload size: 91 at 2024-12-09 08:13:21.005659 sent 2024-12-09 08:13:20.916025
INFO:Message received on topic: test/23 with payload size: 91 at 2024-12-09 08:13:23.589527 sent 2024-12-09 08:13:23.525159
INFO:Message received on topic: test/23 with payload size: 91 at 2024-12-09 08:13:26.184443 sent 2024-12-09 08:13:26.133802
INFO:Message received on topic: test/23 with payload size: 91 at 2024-12-09 08:13:28.883427 sent 2024-12-09 08:13:28.747528
INFO:Message received on topic: test/23 with payload size: 91 at 2024-12-09 08:13:31.383561 sent 2024-12-09 08:13:31.355634
INFO:Message received on topic: test/23 with payload size: 91 at 2024-12-09 08:13:33.983373 sent 2024-12-09 08:13:33.964220
INFO:Message received on topic: test/23 with payload size: 91 at 2024-12-09 08:13:36.588070 sent 2024-12-09 08:13:36.571189
INFO:Message received on topic: test/23 with payload size: 91 at 2024-12-09 08:13:39.201259 sent 2024-12-09 08:13:39.182191
INFO:Message received on topic: test/23 with payload size: 91 at 2024-12-09 08:13:41.807239 sent 2024-12-09 08:13:41.796833
INFO:Message received on topic: test/23 with payload size: 91 at 2024-12-09 08:13:44.481898 sent 2024-12-09 08:13:44.414896
INFO:Message received on topic: test/23 with payload size: 91 at 2024-12-09 08:13:47.088063 sent 2024-12-09 08:13:47.022482
INFO:Message received on topic: test/23 with payload size: 91 at 2024-12-09 08:13:49.704138 sent 2024-12-09 08:13:49.626723
INFO:Message received on topic: test/23 with payload size: 91 at 2024-12-09 08:13:52.285491 sent 2024-12-09 08:13:52.237945
INFO:Message received on topic: test/23 with payload size: 91 at 2024-12-09 08:13:54.889186 sent 2024-12-09 08:13:54.846793
INFO:Message received on topic: test/23 with payload size: 91 at 2024-12-09 08:13:57.498474 sent 2024-12-09 08:13:57.453253
INFO:Message received on topic: test/23 with payload size: 91 at 2024-12-09 08:14:00.088586 sent 2024-12-09 08:14:00.060942
INFO:Message received on topic: test/23 with payload size: 91 at 2024-12-09 08:14:02.700037 sent 2024-12-09 08:14:02.672303
INFO:Message received on topic: test/23 with payload size: 91 at 2024-12-09 08:14:05.296518 sent 2024-12-09 08:14:05.284927
INFO:Message received on topic: test/23 with payload size: 91 at 2024-12-09 08:14:07.957676 sent 2024-12-09 08:14:07.901616
INFO:Message received on topic: test/23 with payload size: 91 at 2024-12-09 08:14:10.584445 sent 2024-12-09 08:14:10.514197
INFO:Message received on topic: test/23 with payload size: 91 at 2024-12-09 08:14:13.171278 sent 2024-12-09 08:14:13.124135
INFO:Message received on topic: test/23 with payload size: 91 at 2024-12-09 08:14:15.781555 sent 2024-12-09 08:14:15.734028
INFO:Message received on topic: test/23 with payload size: 91 at 2024-12-09 08:14:18.360581 sent 2024-12-09 08:14:18.342529
INFO:Message received on topic: test/23 with payload size: 91 at 2024-12-09 08:14:21.055169 sent 2024-12-09 08:14:20.953901
INFO:Message received on topic: test/23 with payload size: 91 at 2024-12-09 08:14:23.599316 sent 2024-12-09 08:14:23.563309
INFO:Message received on topic: test/23 with payload size: 91 at 2024-12-09 08:14:26.184273 sent 2024-12-09 08:14:26.168051
INFO:Message received on topic: test/23 with payload size: 91 at 2024-12-09 08:14:28.808949 sent 2024-12-09 08:14:28.781365
INFO:Message received on topic: test/23 with payload size: 91 at 2024-12-09 08:14:31.471068 sent 2024-12-09 08:14:31.393946
INFO:Message received on topic: test/23 with payload size: 91 at 2024-12-09 08:14:34.089023 sent 2024-12-09 08:14:34.011049
INFO:Message received on topic: test/23 with payload size: 91 at 2024-12-09 08:14:36.682085 sent 2024-12-09 08:14:36.625020
INFO:Message received on topic: test/23 with payload size: 91 at 2024-12-09 08:14:39.366564 sent 2024-12-09 08:14:39.246419
INFO:Message received on topic: test/23 with payload size: 91 at 2024-12-09 08:14:41.879468 sent 2024-12-09 08:14:41.862951
INFO:Message received on topic: test/23 with payload size: 91 at 2024-12-09 08:14:44.498577 sent 2024-12-09 08:14:44.478435
INFO:Message received on topic: test/23 with payload size: 91 at 2024-12-09 08:14:47.205154 sent 2024-12-09 08:14:47.083633
INFO:Message received on topic: test/23 with payload size: 91 at 2024-12-09 08:14:49.804401 sent 2024-12-09 08:14:49.695079
INFO:Message received on topic: test/23 with payload size: 91 at 2024-12-09 08:14:52.383518 sent 2024-12-09 08:14:52.310910
INFO:Message received on topic: test/23 with payload size: 91 at 2024-12-09 08:14:54.954992 sent 2024-12-09 08:14:54.917459
INFO:Message received on topic: test/23 with payload size: 91 at 2024-12-09 08:14:57.587943 sent 2024-12-09 08:14:57.526493
INFO:Message received on topic: test/23 with payload size: 91 at 2024-12-09 08:15:00.208464 sent 2024-12-09 08:15:00.136219
INFO:Message received on topic: test/23 with payload size: 91 at 2024-12-09 08:15:02.786255 sent 2024-12-09 08:15:02.743757
INFO:Message received on topic: test/23 with payload size: 91 at 2024-12-09 08:15:05.386746 sent 2024-12-09 08:15:05.351532
INFO:Message received on topic: test/23 with payload size: 91 at 2024-12-09 08:15:07.975912 sent 2024-12-09 08:15:07.962884
INFO:Message received on topic: test/23 with payload size: 91 at 2024-12-09 08:15:10.592889 sent 2024-12-09 08:15:10.577962
INFO:Message received on topic: test/23 with payload size: 91 at 2024-12-09 08:15:13.257444 sent 2024-12-09 08:15:13.187403
INFO:Message received on topic: test/23 with payload size: 91 at 2024-12-09 08:15:15.878727 sent 2024-12-09 08:15:15.801973
INFO:Message received on topic: test/23 with payload size: 91 at 2024-12-09 08:15:18.496920 sent 2024-12-09 08:15:18.415477
INFO:Message received on topic: test/23 with payload size: 91 at 2024-12-09 08:15:21.092170 sent 2024-12-09 08:15:21.025873
INFO:Message received on topic: test/23 with payload size: 91 at 2024-12-09 08:15:23.686979 sent 2024-12-09 08:15:23.640825
INFO:Message received on topic: test/23 with payload size: 91 at 2024-12-09 08:15:26.304636 sent 2024-12-09 08:15:26.258899
INFO:Message received on topic: test/23 with payload size: 91 at 2024-12-09 08:15:28.885340 sent 2024-12-09 08:15:28.869934
INFO:Message received on topic: test/23 with payload size: 91 at 2024-12-09 08:15:31.556614 sent 2024-12-09 08:15:31.483551
INFO:Message received on topic: test/23 with payload size: 91 at 2024-12-09 08:15:34.156416 sent 2024-12-09 08:15:34.095747
INFO:Message received on topic: test/23 with payload size: 91 at 2024-12-09 08:15:36.791408 sent 2024-12-09 08:15:36.705595
INFO:Message received on topic: test/23 with payload size: 91 at 2024-12-09 08:15:39.395973 sent 2024-12-09 08:15:39.311398
INFO:Message received on topic: test/23 with payload size: 91 at 2024-12-09 08:15:41.979910 sent 2024-12-09 08:15:41.919872
INFO:Message received on topic: test/23 with payload size: 91 at 2024-12-09 08:15:44.573659 sent 2024-12-09 08:15:44.531601
INFO:Message received on topic: test/23 with payload size: 91 at 2024-12-09 08:15:47.193394 sent 2024-12-09 08:15:47.136707
INFO:Message received on topic: test/23 with payload size: 91 at 2024-12-09 08:15:49.884731 sent 2024-12-09 08:15:49.747912
INFO:Message received on topic: test/23 with payload size: 91 at 2024-12-09 08:15:52.392632 sent 2024-12-09 08:15:52.356933
INFO:Message received on topic: test/23 with payload size: 91 at 2024-12-09 08:15:54.991844 sent 2024-12-09 08:15:54.966623
INFO:Message received on topic: test/23 with payload size: 91 at 2024-12-09 08:15:57.671808 sent 2024-12-09 08:15:57.582705
INFO:Message received on topic: test/23 with payload size: 91 at 2024-12-09 08:16:00.285012 sent 2024-12-09 08:16:00.196934
INFO:Message received on topic: test/23 with payload size: 91 at 2024-12-09 08:16:02.889064 sent 2024-12-09 08:16:02.809972
INFO:Message received on topic: test/23 with payload size: 91 at 2024-12-09 08:16:05.490477 sent 2024-12-09 08:16:05.418655
INFO:Message received on topic: test/23 with payload size: 91 at 2024-12-09 08:16:08.105766 sent 2024-12-09 08:16:08.024772
INFO:Message received on topic: test/23 with payload size: 91 at 2024-12-09 08:16:10.777577 sent 2024-12-09 08:16:10.637087
INFO:Message received on topic: test/23 with payload size: 91 at 2024-12-09 08:16:13.357449 sent 2024-12-09 08:16:13.249051
INFO:Message received on topic: test/23 with payload size: 91 at 2024-12-09 08:16:15.900128 sent 2024-12-09 08:16:15.853476
INFO:Message received on topic: test/23 with payload size: 91 at 2024-12-09 08:16:18.503110 sent 2024-12-09 08:16:18.462009
INFO:Message received on topic: test/23 with payload size: 91 at 2024-12-09 08:16:21.164669 sent 2024-12-09 08:16:21.071140
INFO:Message received on topic: test/23 with payload size: 91 at 2024-12-09 08:16:23.793717 sent 2024-12-09 08:16:23.684924
INFO:Message received on topic: test/23 with payload size: 91 at 2024-12-09 08:16:26.302152 sent 2024-12-09 08:16:26.288938
INFO:Message received on topic: test/23 with payload size: 91 at 2024-12-09 08:16:29.075760 sent 2024-12-09 08:16:28.902396
INFO:Message received on topic: test/23 with payload size: 91 at 2024-12-09 08:16:31.654693 sent 2024-12-09 08:16:31.523707
INFO:Message received on topic: test/23 with payload size: 91 at 2024-12-09 08:16:34.193458 sent 2024-12-09 08:16:34.140662
INFO:Message received on topic: test/23 with payload size: 91 at 2024-12-09 08:16:36.792778 sent 2024-12-09 08:16:36.752567
INFO:Message received on topic: test/23 with payload size: 91 at 2024-12-09 08:16:39.457272 sent 2024-12-09 08:16:39.363585
INFO:Message received on topic: test/23 with payload size: 91 at 2024-12-09 08:16:41.990231 sent 2024-12-09 08:16:41.972495
INFO:Message received on topic: test/23 with payload size: 91 at 2024-12-09 08:16:44.683898 sent 2024-12-09 08:16:44.587393
INFO:Message received on topic: test/23 with payload size: 91 at 2024-12-09 08:16:47.281556 sent 2024-12-09 08:16:47.199137
INFO:Message received on topic: test/23 with payload size: 91 at 2024-12-09 08:16:49.976839 sent 2024-12-09 08:16:49.811185
INFO:Message received on topic: test/23 with payload size: 91 at 2024-12-09 08:16:52.476840 sent 2024-12-09 08:16:52.418222
INFO:Message received on topic: test/23 with payload size: 91 at 2024-12-09 08:16:55.087599 sent 2024-12-09 08:16:55.027167
INFO:Message received on topic: test/23 with payload size: 91 at 2024-12-09 08:16:57.773928 sent 2024-12-09 08:16:57.637461
INFO:Message received on topic: test/23 with payload size: 91 at 2024-12-09 08:17:00.303518 sent 2024-12-09 08:17:00.249822
INFO:Message received on topic: test/23 with payload size: 91 at 2024-12-09 08:17:02.960716 sent 2024-12-09 08:17:02.864673
INFO:Message received on topic: test/23 with payload size: 91 at 2024-12-09 08:17:05.494086 sent 2024-12-09 08:17:05.467742
INFO:Message received on topic: test/23 with payload size: 91 at 2024-12-09 08:17:08.179476 sent 2024-12-09 08:17:08.077657
INFO:Message received on topic: test/23 with payload size: 91 at 2024-12-09 08:17:10.802931 sent 2024-12-09 08:17:10.685006
INFO:Message received on topic: test/23 with payload size: 91 at 2024-12-09 08:17:13.380015 sent 2024-12-09 08:17:13.295575
INFO:Message received on topic: test/23 with payload size: 91 at 2024-12-09 08:17:15.976959 sent 2024-12-09 08:17:15.911082
INFO:Message received on topic: test/23 with payload size: 91 at 2024-12-09 08:17:18.580804 sent 2024-12-09 08:17:18.520671
INFO:Message received on topic: test/23 with payload size: 91 at 2024-12-09 08:17:21.180137 sent 2024-12-09 08:17:21.128542
INFO:Message received on topic: test/23 with payload size: 91 at 2024-12-09 08:17:23.884261 sent 2024-12-09 08:17:23.736160
INFO:Message received on topic: test/23 with payload size: 91 at 2024-12-09 08:17:26.557962 sent 2024-12-09 08:17:26.346986
INFO:Message received on topic: test/23 with payload size: 91 at 2024-12-09 08:17:29.056195 sent 2024-12-09 08:17:28.953792
INFO:Message received on topic: test/23 with payload size: 91 at 2024-12-09 08:17:31.681004 sent 2024-12-09 08:17:31.560654
INFO:Message received on topic: test/23 with payload size: 91 at 2024-12-09 08:17:34.196681 sent 2024-12-09 08:17:34.172745
INFO:Message received on topic: test/23 with payload size: 91 at 2024-12-09 08:17:36.883917 sent 2024-12-09 08:17:36.781651
INFO:Message received on topic: test/23 with payload size: 91 at 2024-12-09 08:17:39.486182 sent 2024-12-09 08:17:39.395897
INFO:Message received on topic: test/23 with payload size: 91 at 2024-12-09 08:17:42.100679 sent 2024-12-09 08:17:42.004114
INFO:Message received on topic: test/23 with payload size: 91 at 2024-12-09 08:17:44.773965 sent 2024-12-09 08:17:44.616454
INFO:Message received on topic: test/23 with payload size: 91 at 2024-12-09 08:17:47.389004 sent 2024-12-09 08:17:47.230073
INFO:Message received on topic: test/23 with payload size: 91 at 2024-12-09 08:17:49.889591 sent 2024-12-09 08:17:49.842998
INFO:Message received on topic: test/23 with payload size: 91 at 2024-12-09 08:17:52.577999 sent 2024-12-09 08:17:52.458353
INFO:Message received on topic: test/23 with payload size: 91 at 2024-12-09 08:17:55.092254 sent 2024-12-09 08:17:55.066371
INFO:Message received on topic: test/23 with payload size: 91 at 2024-12-09 08:17:57.759962 sent 2024-12-09 08:17:57.674587
INFO:Message received on topic: test/23 with payload size: 91 at 2024-12-09 08:18:00.373393 sent 2024-12-09 08:18:00.284924
INFO:Message received on topic: test/23 with payload size: 91 at 2024-12-09 08:18:02.988609 sent 2024-12-09 08:18:02.895058
INFO:Message received on topic: test/23 with payload size: 91 at 2024-12-09 08:18:05.583529 sent 2024-12-09 08:18:05.511902
INFO:Message received on topic: test/23 with payload size: 91 at 2024-12-09 08:18:08.185001 sent 2024-12-09 08:18:08.124980
INFO:Message received on topic: test/23 with payload size: 91 at 2024-12-09 08:18:10.778661 sent 2024-12-09 08:18:10.729026
INFO:Message received on topic: test/23 with payload size: 91 at 2024-12-09 08:18:13.485156 sent 2024-12-09 08:18:13.339235
INFO:Message received on topic: test/23 with payload size: 91 at 2024-12-09 08:18:15.997016 sent 2024-12-09 08:18:15.952237
INFO:Message received on topic: test/23 with payload size: 91 at 2024-12-09 08:18:18.659125 sent 2024-12-09 08:18:18.558516
INFO:Message received on topic: test/23 with payload size: 91 at 2024-12-09 08:18:21.213572 sent 2024-12-09 08:18:21.170418
INFO:Message received on topic: test/23 with payload size: 91 at 2024-12-09 08:18:23.872784 sent 2024-12-09 08:18:23.780943
INFO:Message received on topic: test/23 with payload size: 91 at 2024-12-09 08:18:26.552050 sent 2024-12-09 08:18:26.390552
INFO:Message received on topic: test/23 with payload size: 91 at 2024-12-09 08:18:29.083543 sent 2024-12-09 08:18:29.007617
INFO:Message received on topic: test/23 with payload size: 91 at 2024-12-09 08:18:31.678165 sent 2024-12-09 08:18:31.619465
INFO:Message received on topic: test/23 with payload size: 91 at 2024-12-09 08:18:34.354699 sent 2024-12-09 08:18:34.226361
INFO:Message received on topic: test/23 with payload size: 91 at 2024-12-09 08:18:36.989628 sent 2024-12-09 08:18:36.840848
INFO:Message received on topic: test/23 with payload size: 91 at 2024-12-09 08:18:39.477153 sent 2024-12-09 08:18:39.447790
INFO:Message received on topic: test/23 with payload size: 91 at 2024-12-09 08:18:42.098572 sent 2024-12-09 08:18:42.063630
INFO:Message received on topic: test/23 with payload size: 91 at 2024-12-09 08:18:44.785206 sent 2024-12-09 08:18:44.675172
INFO:Message received on topic: test/23 with payload size: 91 at 2024-12-09 08:18:47.496871 sent 2024-12-09 08:18:47.282954
INFO:Message received on topic: test/23 with payload size: 91 at 2024-12-09 08:18:50.060468 sent 2024-12-09 08:18:49.896735
INFO:Message received on topic: test/23 with payload size: 91 at 2024-12-09 08:18:52.582738 sent 2024-12-09 08:18:52.502997
INFO:Message received on topic: test/23 with payload size: 91 at 2024-12-09 08:18:55.178551 sent 2024-12-09 08:18:55.114415
INFO:Message received on topic: test/23 with payload size: 91 at 2024-12-09 08:18:57.792045 sent 2024-12-09 08:18:57.702461
INFO:Message received on topic: test/23 with payload size: 91 at 2024-12-09 08:19:00.376274 sent 2024-12-09 08:19:00.289301
INFO:Message received on topic: test/23 with payload size: 91 at 2024-12-09 08:19:02.976817 sent 2024-12-09 08:19:02.885622
INFO:Message received on topic: test/23 with payload size: 91 at 2024-12-09 08:19:05.555676 sent 2024-12-09 08:19:05.470454
INFO:Message received on topic: test/23 with payload size: 91 at 2024-12-09 08:19:08.275866 sent 2024-12-09 08:19:08.084641
INFO:Message received on topic: test/23 with payload size: 91 at 2024-12-09 08:19:10.757006 sent 2024-12-09 08:19:10.695911
INFO:Message received on topic: test/23 with payload size: 91 at 2024-12-09 08:19:13.399623 sent 2024-12-09 08:19:13.314320
INFO:Message received on topic: test/23 with payload size: 91 at 2024-12-09 08:19:16.001581 sent 2024-12-09 08:19:15.923878
INFO:Message received on topic: test/23 with payload size: 91 at 2024-12-09 08:19:18.657248 sent 2024-12-09 08:19:18.531612
INFO:Message received on topic: test/23 with payload size: 91 at 2024-12-09 08:19:21.209596 sent 2024-12-09 08:19:21.143541
INFO:Message received on topic: test/23 with payload size: 91 at 2024-12-09 08:19:23.885609 sent 2024-12-09 08:19:23.758311
INFO:Message received on topic: test/23 with payload size: 91 at 2024-12-09 08:19:26.400160 sent 2024-12-09 08:19:26.366401
INFO:Message received on topic: test/23 with payload size: 91 at 2024-12-09 08:19:29.075965 sent 2024-12-09 08:19:28.975804
INFO:Message received on topic: test/23 with payload size: 91 at 2024-12-09 08:19:31.696282 sent 2024-12-09 08:19:31.587622
INFO:Message received on topic: test/23 with payload size: 91 at 2024-12-09 08:19:34.297297 sent 2024-12-09 08:19:34.193052
INFO:Message received on topic: test/23 with payload size: 91 at 2024-12-09 08:19:36.877274 sent 2024-12-09 08:19:36.803248
INFO:Message received on topic: test/23 with payload size: 91 at 2024-12-09 08:19:39.496475 sent 2024-12-09 08:19:39.408951
INFO:Message received on topic: test/23 with payload size: 91 at 2024-12-09 08:19:42.083055 sent 2024-12-09 08:19:42.015732
INFO:Message received on topic: test/23 with payload size: 91 at 2024-12-09 08:19:44.687633 sent 2024-12-09 08:19:44.622777
INFO:Message received on topic: test/23 with payload size: 91 at 2024-12-09 08:19:47.288452 sent 2024-12-09 08:19:47.227457
INFO:Message received on topic: test/23 with payload size: 91 at 2024-12-09 08:19:49.901784 sent 2024-12-09 08:19:49.835251
INFO:Message received on topic: test/23 with payload size: 91 at 2024-12-09 08:19:52.503239 sent 2024-12-09 08:19:52.442253
INFO:Message received on topic: test/23 with payload size: 91 at 2024-12-09 08:19:55.092466 sent 2024-12-09 08:19:55.051784
INFO:Message received on topic: test/23 with payload size: 91 at 2024-12-09 08:19:57.759759 sent 2024-12-09 08:19:57.665657
INFO:Message received on topic: test/23 with payload size: 91 at 2024-12-09 08:20:00.383297 sent 2024-12-09 08:20:00.276524
INFO:Message received on topic: test/23 with payload size: 91 at 2024-12-09 08:20:02.977062 sent 2024-12-09 08:20:02.889969
INFO:Message received on topic: test/23 with payload size: 91 at 2024-12-09 08:20:05.575687 sent 2024-12-09 08:20:05.499743
INFO:Message received on topic: test/23 with payload size: 91 at 2024-12-09 08:20:08.200231 sent 2024-12-09 08:20:08.113162
INFO:Message received on topic: test/23 with payload size: 91 at 2024-12-09 08:20:10.773191 sent 2024-12-09 08:20:10.720620
INFO:Message received on topic: test/23 with payload size: 91 at 2024-12-09 08:20:13.485143 sent 2024-12-09 08:20:13.326124
INFO:Message received on topic: test/23 with payload size: 91 at 2024-12-09 08:20:15.991715 sent 2024-12-09 08:20:15.930938
INFO:Message received on topic: test/23 with payload size: 91 at 2024-12-09 08:20:18.677433 sent 2024-12-09 08:20:18.535963
INFO:Message received on topic: test/23 with payload size: 91 at 2024-12-09 08:20:21.188069 sent 2024-12-09 08:20:21.142658
INFO:Message received on topic: test/23 with payload size: 91 at 2024-12-09 08:20:23.899277 sent 2024-12-09 08:20:23.747729
INFO:Message received on topic: test/23 with payload size: 91 at 2024-12-09 08:20:26.391236 sent 2024-12-09 08:20:26.349262
INFO:Message received on topic: test/23 with payload size: 91 at 2024-12-09 08:20:28.975935 sent 2024-12-09 08:20:28.955606
INFO:Message received on topic: test/23 with payload size: 91 at 2024-12-09 08:20:31.590080 sent 2024-12-09 08:20:31.561881
INFO:Message received on topic: test/23 with payload size: 91 at 2024-12-09 08:20:34.188208 sent 2024-12-09 08:20:34.162209
INFO:Message received on topic: test/23 with payload size: 91 at 2024-12-09 08:20:36.803202 sent 2024-12-09 08:20:36.769102
INFO:Message received on topic: test/23 with payload size: 91 at 2024-12-09 08:20:39.386744 sent 2024-12-09 08:20:39.373291
INFO:Message received on topic: test/23 with payload size: 91 at 2024-12-09 08:20:41.990844 sent 2024-12-09 08:20:41.978190
INFO:Message received on topic: test/23 with payload size: 91 at 2024-12-09 08:20:44.680710 sent 2024-12-09 08:20:44.579714
INFO:Message received on topic: test/23 with payload size: 91 at 2024-12-09 08:20:47.203871 sent 2024-12-09 08:20:47.181205
