INFO:Starting Version 1.0.5
DEBUG:Using selector: EpollSelector
INFO:Connecting to cluster at: mqtt-quic://emqx-headless.dtwins:14567 using QUIC
INFO:Subscribed to topic: test/30
INFO:Logging each: 50
INFO:Unhandled packet type received
INFO:Message received on topic: test/30 with payload size: 91 at 2024-12-09 08:12:40.171273 sent 2024-12-09 08:12:40.115267
INFO:Message received on topic: test/30 with payload size: 91 at 2024-12-09 08:12:42.777894 sent 2024-12-09 08:12:42.718638
INFO:Message received on topic: test/30 with payload size: 91 at 2024-12-09 08:12:45.376000 sent 2024-12-09 08:12:45.326585
INFO:Message received on topic: test/30 with payload size: 91 at 2024-12-09 08:12:47.972873 sent 2024-12-09 08:12:47.932504
INFO:Message received on topic: test/30 with payload size: 91 at 2024-12-09 08:12:50.564946 sent 2024-12-09 08:12:50.540952
INFO:Message received on topic: test/30 with payload size: 91 at 2024-12-09 08:12:53.254573 sent 2024-12-09 08:12:53.146696
INFO:Message received on topic: test/30 with payload size: 91 at 2024-12-09 08:12:55.779577 sent 2024-12-09 08:12:55.750634
INFO:Message received on topic: test/30 with payload size: 91 at 2024-12-09 08:12:58.384607 sent 2024-12-09 08:12:58.353779
INFO:Message received on topic: test/30 with payload size: 91 at 2024-12-09 08:13:00.993894 sent 2024-12-09 08:13:00.963484
INFO:Message received on topic: test/30 with payload size: 91 at 2024-12-09 08:13:03.583955 sent 2024-12-09 08:13:03.571285
INFO:Message received on topic: test/30 with payload size: 91 at 2024-12-09 08:13:06.193619 sent 2024-12-09 08:13:06.181849
INFO:Message received on topic: test/30 with payload size: 91 at 2024-12-09 08:13:08.890026 sent 2024-12-09 08:13:08.797471
INFO:Message received on topic: test/30 with payload size: 91 at 2024-12-09 08:13:11.471639 sent 2024-12-09 08:13:11.407432
INFO:Message received on topic: test/30 with payload size: 91 at 2024-12-09 08:13:14.078719 sent 2024-12-09 08:13:14.017649
INFO:Message received on topic: test/30 with payload size: 91 at 2024-12-09 08:13:16.680830 sent 2024-12-09 08:13:16.625407
INFO:Message received on topic: test/30 with payload size: 91 at 2024-12-09 08:13:19.280638 sent 2024-12-09 08:13:19.233177
INFO:Message received on topic: test/30 with payload size: 91 at 2024-12-09 08:13:21.876057 sent 2024-12-09 08:13:21.841219
INFO:Message received on topic: test/30 with payload size: 91 at 2024-12-09 08:13:24.491509 sent 2024-12-09 08:13:24.452038
INFO:Message received on topic: test/30 with payload size: 91 at 2024-12-09 08:13:27.082074 sent 2024-12-09 08:13:27.062059
INFO:Message received on topic: test/30 with payload size: 91 at 2024-12-09 08:13:29.700738 sent 2024-12-09 08:13:29.678529
INFO:Message received on topic: test/30 with payload size: 91 at 2024-12-09 08:13:32.302301 sent 2024-12-09 08:13:32.290319
INFO:Message received on topic: test/30 with payload size: 91 at 2024-12-09 08:13:34.971319 sent 2024-12-09 08:13:34.904251
INFO:Message received on topic: test/30 with payload size: 91 at 2024-12-09 08:13:37.578666 sent 2024-12-09 08:13:37.522455
INFO:Message received on topic: test/30 with payload size: 91 at 2024-12-09 08:13:40.179155 sent 2024-12-09 08:13:40.137968
INFO:Message received on topic: test/30 with payload size: 91 at 2024-12-09 08:13:42.792203 sent 2024-12-09 08:13:42.751061
INFO:Message received on topic: test/30 with payload size: 91 at 2024-12-09 08:13:45.407595 sent 2024-12-09 08:13:45.359420
INFO:Message received on topic: test/30 with payload size: 91 at 2024-12-09 08:13:47.989457 sent 2024-12-09 08:13:47.957079
INFO:Message received on topic: test/30 with payload size: 91 at 2024-12-09 08:13:50.614464 sent 2024-12-09 08:13:50.572180
INFO:Message received on topic: test/30 with payload size: 91 at 2024-12-09 08:13:53.252599 sent 2024-12-09 08:13:53.189513
INFO:Message received on topic: test/30 with payload size: 91 at 2024-12-09 08:13:55.858977 sent 2024-12-09 08:13:55.802397
INFO:Message received on topic: test/30 with payload size: 91 at 2024-12-09 08:13:58.480377 sent 2024-12-09 08:13:58.410517
INFO:Message received on topic: test/30 with payload size: 91 at 2024-12-09 08:14:01.078231 sent 2024-12-09 08:14:01.016441
INFO:Message received on topic: test/30 with payload size: 91 at 2024-12-09 08:14:03.693212 sent 2024-12-09 08:14:03.622739
INFO:Message received on topic: test/30 with payload size: 91 at 2024-12-09 08:14:06.302625 sent 2024-12-09 08:14:06.236260
INFO:Message received on topic: test/30 with payload size: 91 at 2024-12-09 08:14:08.980996 sent 2024-12-09 08:14:08.845512
INFO:Message received on topic: test/30 with payload size: 91 at 2024-12-09 08:14:11.494819 sent 2024-12-09 08:14:11.454263
INFO:Message received on topic: test/30 with payload size: 91 at 2024-12-09 08:14:14.092062 sent 2024-12-09 08:14:14.064554
INFO:Message received on topic: test/30 with payload size: 91 at 2024-12-09 08:14:16.690079 sent 2024-12-09 08:14:16.670148
INFO:Message received on topic: test/30 with payload size: 91 at 2024-12-09 08:14:19.300991 sent 2024-12-09 08:14:19.286558
INFO:Message received on topic: test/30 with payload size: 91 at 2024-12-09 08:14:21.977449 sent 2024-12-09 08:14:21.899948
INFO:Message received on topic: test/30 with payload size: 91 at 2024-12-09 08:14:24.601808 sent 2024-12-09 08:14:24.509111
INFO:Message received on topic: test/30 with payload size: 91 at 2024-12-09 08:14:27.172924 sent 2024-12-09 08:14:27.117867
INFO:Message received on topic: test/30 with payload size: 91 at 2024-12-09 08:14:29.760727 sent 2024-12-09 08:14:29.728138
INFO:Message received on topic: test/30 with payload size: 91 at 2024-12-09 08:14:32.374831 sent 2024-12-09 08:14:32.334551
INFO:Message received on topic: test/30 with payload size: 91 at 2024-12-09 08:14:34.991204 sent 2024-12-09 08:14:34.948120
INFO:Message received on topic: test/30 with payload size: 91 at 2024-12-09 08:14:37.584676 sent 2024-12-09 08:14:37.558028
INFO:Message received on topic: test/30 with payload size: 91 at 2024-12-09 08:14:40.254828 sent 2024-12-09 08:14:40.172699
INFO:Message received on topic: test/30 with payload size: 91 at 2024-12-09 08:14:42.875058 sent 2024-12-09 08:14:42.789065
INFO:Message received on topic: test/30 with payload size: 91 at 2024-12-09 08:14:45.478966 sent 2024-12-09 08:14:45.401886
INFO:Message received on topic: test/30 with payload size: 91 at 2024-12-09 08:14:48.107181 sent 2024-12-09 08:14:48.011229
INFO:Message received on topic: test/30 with payload size: 91 at 2024-12-09 08:14:50.673125 sent 2024-12-09 08:14:50.626557
INFO:Message received on topic: test/30 with payload size: 91 at 2024-12-09 08:14:53.278533 sent 2024-12-09 08:14:53.239374
INFO:Message received on topic: test/30 with payload size: 91 at 2024-12-09 08:14:55.889646 sent 2024-12-09 08:14:55.852390
INFO:Message received on topic: test/30 with payload size: 91 at 2024-12-09 08:14:58.507073 sent 2024-12-09 08:14:58.465599
INFO:Message received on topic: test/30 with payload size: 91 at 2024-12-09 08:15:01.101971 sent 2024-12-09 08:15:01.072860
INFO:Message received on topic: test/30 with payload size: 91 at 2024-12-09 08:15:03.785820 sent 2024-12-09 08:15:03.688206
INFO:Message received on topic: test/30 with payload size: 91 at 2024-12-09 08:15:06.475735 sent 2024-12-09 08:15:06.296883
INFO:Message received on topic: test/30 with payload size: 91 at 2024-12-09 08:15:08.977532 sent 2024-12-09 08:15:08.905949
INFO:Message received on topic: test/30 with payload size: 91 at 2024-12-09 08:15:11.575866 sent 2024-12-09 08:15:11.515849
INFO:Message received on topic: test/30 with payload size: 91 at 2024-12-09 08:15:14.188133 sent 2024-12-09 08:15:14.125098
INFO:Message received on topic: test/30 with payload size: 91 at 2024-12-09 08:15:16.802489 sent 2024-12-09 08:15:16.732645
INFO:Message received on topic: test/30 with payload size: 91 at 2024-12-09 08:15:19.474675 sent 2024-12-09 08:15:19.347964
INFO:Message received on topic: test/30 with payload size: 91 at 2024-12-09 08:15:21.989869 sent 2024-12-09 08:15:21.965469
INFO:Message received on topic: test/30 with payload size: 91 at 2024-12-09 08:15:24.656177 sent 2024-12-09 08:15:24.573826
INFO:Message received on topic: test/30 with payload size: 91 at 2024-12-09 08:15:27.207079 sent 2024-12-09 08:15:27.184737
INFO:Message received on topic: test/30 with payload size: 91 at 2024-12-09 08:15:29.881095 sent 2024-12-09 08:15:29.800291
INFO:Message received on topic: test/30 with payload size: 91 at 2024-12-09 08:15:32.498772 sent 2024-12-09 08:15:32.415034
INFO:Message received on topic: test/30 with payload size: 91 at 2024-12-09 08:15:35.096616 sent 2024-12-09 08:15:35.024540
INFO:Message received on topic: test/30 with payload size: 91 at 2024-12-09 08:15:37.678728 sent 2024-12-09 08:15:37.632604
INFO:Message received on topic: test/30 with payload size: 91 at 2024-12-09 08:15:40.282977 sent 2024-12-09 08:15:40.246108
INFO:Message received on topic: test/30 with payload size: 91 at 2024-12-09 08:15:42.890686 sent 2024-12-09 08:15:42.855601
INFO:Message received on topic: test/30 with payload size: 91 at 2024-12-09 08:15:45.558814 sent 2024-12-09 08:15:45.462702
INFO:Message received on topic: test/30 with payload size: 91 at 2024-12-09 08:15:48.094640 sent 2024-12-09 08:15:48.067058
INFO:Message received on topic: test/30 with payload size: 91 at 2024-12-09 08:15:50.700494 sent 2024-12-09 08:15:50.683248
INFO:Message received on topic: test/30 with payload size: 91 at 2024-12-09 08:15:53.373970 sent 2024-12-09 08:15:53.299043
INFO:Message received on topic: test/30 with payload size: 91 at 2024-12-09 08:15:55.984013 sent 2024-12-09 08:15:55.911431
INFO:Message received on topic: test/30 with payload size: 91 at 2024-12-09 08:15:58.577303 sent 2024-12-09 08:15:58.522506
INFO:Message received on topic: test/30 with payload size: 91 at 2024-12-09 08:16:01.189130 sent 2024-12-09 08:16:01.135264
INFO:Message received on topic: test/30 with payload size: 91 at 2024-12-09 08:16:03.782116 sent 2024-12-09 08:16:03.746245
INFO:Message received on topic: test/30 with payload size: 91 at 2024-12-09 08:16:06.376528 sent 2024-12-09 08:16:06.355534
INFO:Message received on topic: test/30 with payload size: 91 at 2024-12-09 08:16:09.000283 sent 2024-12-09 08:16:08.963622
INFO:Message received on topic: test/30 with payload size: 91 at 2024-12-09 08:16:11.591131 sent 2024-12-09 08:16:11.573744
INFO:Message received on topic: test/30 with payload size: 91 at 2024-12-09 08:16:14.257209 sent 2024-12-09 08:16:14.181073
INFO:Message received on topic: test/30 with payload size: 91 at 2024-12-09 08:16:16.894177 sent 2024-12-09 08:16:16.796864
INFO:Message received on topic: test/30 with payload size: 91 at 2024-12-09 08:16:19.558785 sent 2024-12-09 08:16:19.405981
INFO:Message received on topic: test/30 with payload size: 91 at 2024-12-09 08:16:22.095577 sent 2024-12-09 08:16:22.015657
INFO:Message received on topic: test/30 with payload size: 91 at 2024-12-09 08:16:24.685621 sent 2024-12-09 08:16:24.623591
INFO:Message received on topic: test/30 with payload size: 91 at 2024-12-09 08:16:27.302596 sent 2024-12-09 08:16:27.233672
INFO:Message received on topic: test/30 with payload size: 91 at 2024-12-09 08:16:29.879760 sent 2024-12-09 08:16:29.846229
INFO:Message received on topic: test/30 with payload size: 91 at 2024-12-09 08:16:32.494023 sent 2024-12-09 08:16:32.458275
INFO:Message received on topic: test/30 with payload size: 91 at 2024-12-09 08:16:35.158593 sent 2024-12-09 08:16:35.074427
INFO:Message received on topic: test/30 with payload size: 91 at 2024-12-09 08:16:37.783491 sent 2024-12-09 08:16:37.688931
INFO:Message received on topic: test/30 with payload size: 91 at 2024-12-09 08:16:40.395552 sent 2024-12-09 08:16:40.301628
INFO:Message received on topic: test/30 with payload size: 91 at 2024-12-09 08:16:42.984896 sent 2024-12-09 08:16:42.909957
INFO:Message received on topic: test/30 with payload size: 91 at 2024-12-09 08:16:45.676974 sent 2024-12-09 08:16:45.516536
INFO:Message received on topic: test/30 with payload size: 91 at 2024-12-09 08:16:48.191124 sent 2024-12-09 08:16:48.126651
INFO:Message received on topic: test/30 with payload size: 91 at 2024-12-09 08:16:50.809673 sent 2024-12-09 08:16:50.739927
INFO:Message received on topic: test/30 with payload size: 91 at 2024-12-09 08:16:53.458672 sent 2024-12-09 08:16:53.355285
INFO:Message received on topic: test/30 with payload size: 91 at 2024-12-09 08:16:56.077912 sent 2024-12-09 08:16:55.960691
INFO:Message received on topic: test/30 with payload size: 91 at 2024-12-09 08:16:58.693107 sent 2024-12-09 08:16:58.573581
INFO:Message received on topic: test/30 with payload size: 91 at 2024-12-09 08:17:01.275803 sent 2024-12-09 08:17:01.184342
INFO:Message received on topic: test/30 with payload size: 91 at 2024-12-09 08:17:03.977392 sent 2024-12-09 08:17:03.797114
INFO:Message received on topic: test/30 with payload size: 91 at 2024-12-09 08:17:06.480150 sent 2024-12-09 08:17:06.411621
INFO:Message received on topic: test/30 with payload size: 91 at 2024-12-09 08:17:09.105570 sent 2024-12-09 08:17:09.019297
INFO:Message received on topic: test/30 with payload size: 91 at 2024-12-09 08:17:11.705308 sent 2024-12-09 08:17:11.632248
INFO:Message received on topic: test/30 with payload size: 91 at 2024-12-09 08:17:14.378300 sent 2024-12-09 08:17:14.240900
INFO:Message received on topic: test/30 with payload size: 91 at 2024-12-09 08:17:16.991286 sent 2024-12-09 08:17:16.848108
INFO:Message received on topic: test/30 with payload size: 91 at 2024-12-09 08:17:19.491544 sent 2024-12-09 08:17:19.461780
INFO:Message received on topic: test/30 with payload size: 91 at 2024-12-09 08:17:22.178837 sent 2024-12-09 08:17:22.069312
INFO:Message received on topic: test/30 with payload size: 91 at 2024-12-09 08:17:24.784036 sent 2024-12-09 08:17:24.684517
INFO:Message received on topic: test/30 with payload size: 91 at 2024-12-09 08:17:27.352199 sent 2024-12-09 08:17:27.289503
INFO:Message received on topic: test/30 with payload size: 91 at 2024-12-09 08:17:29.990628 sent 2024-12-09 08:17:29.903888
INFO:Message received on topic: test/30 with payload size: 91 at 2024-12-09 08:17:32.593270 sent 2024-12-09 08:17:32.515317
INFO:Message received on topic: test/30 with payload size: 91 at 2024-12-09 08:17:35.257988 sent 2024-12-09 08:17:35.120397
INFO:Message received on topic: test/30 with payload size: 91 at 2024-12-09 08:17:37.782288 sent 2024-12-09 08:17:37.735099
INFO:Message received on topic: test/30 with payload size: 91 at 2024-12-09 08:17:40.399805 sent 2024-12-09 08:17:40.347802
INFO:Message received on topic: test/30 with payload size: 91 at 2024-12-09 08:17:43.083673 sent 2024-12-09 08:17:42.955092
INFO:Message received on topic: test/30 with payload size: 91 at 2024-12-09 08:17:45.878083 sent 2024-12-09 08:17:45.561068
INFO:Message received on topic: test/30 with payload size: 91 at 2024-12-09 08:17:48.284758 sent 2024-12-09 08:17:48.167459
INFO:Message received on topic: test/30 with payload size: 91 at 2024-12-09 08:17:50.792139 sent 2024-12-09 08:17:50.773022
INFO:Message received on topic: test/30 with payload size: 91 at 2024-12-09 08:17:53.481420 sent 2024-12-09 08:17:53.387438
INFO:Message received on topic: test/30 with payload size: 91 at 2024-12-09 08:17:56.091517 sent 2024-12-09 08:17:56.002404
INFO:Message received on topic: test/30 with payload size: 91 at 2024-12-09 08:17:58.690214 sent 2024-12-09 08:17:58.615598
INFO:Message received on topic: test/30 with payload size: 91 at 2024-12-09 08:18:01.295432 sent 2024-12-09 08:18:01.231668
INFO:Message received on topic: test/30 with payload size: 91 at 2024-12-09 08:18:03.958319 sent 2024-12-09 08:18:03.845570
INFO:Message received on topic: test/30 with payload size: 91 at 2024-12-09 08:18:06.583612 sent 2024-12-09 08:18:06.462993
INFO:Message received on topic: test/30 with payload size: 91 at 2024-12-09 08:18:09.179942 sent 2024-12-09 08:18:09.073589
INFO:Message received on topic: test/30 with payload size: 91 at 2024-12-09 08:18:11.877855 sent 2024-12-09 08:18:11.681663
INFO:Message received on topic: test/30 with payload size: 91 at 2024-12-09 08:18:14.382006 sent 2024-12-09 08:18:14.294656
INFO:Message received on topic: test/30 with payload size: 91 at 2024-12-09 08:18:17.055813 sent 2024-12-09 08:18:16.898951
INFO:Message received on topic: test/30 with payload size: 91 at 2024-12-09 08:18:19.655231 sent 2024-12-09 08:18:19.507816
INFO:Message received on topic: test/30 with payload size: 91 at 2024-12-09 08:18:22.378154 sent 2024-12-09 08:18:22.114721
INFO:Message received on topic: test/30 with payload size: 91 at 2024-12-09 08:18:24.853909 sent 2024-12-09 08:18:24.719957
INFO:Message received on topic: test/30 with payload size: 91 at 2024-12-09 08:18:27.396793 sent 2024-12-09 08:18:27.330280
INFO:Message received on topic: test/30 with payload size: 91 at 2024-12-09 08:18:30.180952 sent 2024-12-09 08:18:29.943193
INFO:Message received on topic: test/30 with payload size: 91 at 2024-12-09 08:18:32.684312 sent 2024-12-09 08:18:32.554794
INFO:Message received on topic: test/30 with payload size: 91 at 2024-12-09 08:18:35.201549 sent 2024-12-09 08:18:35.166871
INFO:Message received on topic: test/30 with payload size: 91 at 2024-12-09 08:18:37.886625 sent 2024-12-09 08:18:37.778884
INFO:Message received on topic: test/30 with payload size: 91 at 2024-12-09 08:18:40.584317 sent 2024-12-09 08:18:40.386215
INFO:Message received on topic: test/30 with payload size: 91 at 2024-12-09 08:18:43.091693 sent 2024-12-09 08:18:43.004279
INFO:Message received on topic: test/30 with payload size: 91 at 2024-12-09 08:18:45.697032 sent 2024-12-09 08:18:45.619561
INFO:Message received on topic: test/30 with payload size: 91 at 2024-12-09 08:18:48.394829 sent 2024-12-09 08:18:48.225502
INFO:Message received on topic: test/30 with payload size: 91 at 2024-12-09 08:18:51.008257 sent 2024-12-09 08:18:50.837382
INFO:Message received on topic: test/30 with payload size: 91 at 2024-12-09 08:18:53.485436 sent 2024-12-09 08:18:53.448136
INFO:Message received on topic: test/30 with payload size: 91 at 2024-12-09 08:18:56.258778 sent 2024-12-09 08:18:56.048937
INFO:Message received on topic: test/30 with payload size: 91 at 2024-12-09 08:18:58.777869 sent 2024-12-09 08:18:58.636438
INFO:Message received on topic: test/30 with payload size: 91 at 2024-12-09 08:19:01.287463 sent 2024-12-09 08:19:01.234878
INFO:Message received on topic: test/30 with payload size: 91 at 2024-12-09 08:19:03.894600 sent 2024-12-09 08:19:03.822464
INFO:Message received on topic: test/30 with payload size: 91 at 2024-12-09 08:19:06.490018 sent 2024-12-09 08:19:06.416834
INFO:Message received on topic: test/30 with payload size: 91 at 2024-12-09 08:19:09.093443 sent 2024-12-09 08:19:09.034547
INFO:Message received on topic: test/30 with payload size: 91 at 2024-12-09 08:19:11.785621 sent 2024-12-09 08:19:11.655756
INFO:Message received on topic: test/30 with payload size: 91 at 2024-12-09 08:19:14.385192 sent 2024-12-09 08:19:14.268513
INFO:Message received on topic: test/30 with payload size: 91 at 2024-12-09 08:19:16.952316 sent 2024-12-09 08:19:16.875428
INFO:Message received on topic: test/30 with payload size: 91 at 2024-12-09 08:19:19.573217 sent 2024-12-09 08:19:19.482812
INFO:Message received on topic: test/30 with payload size: 91 at 2024-12-09 08:19:22.177437 sent 2024-12-09 08:19:22.090139
INFO:Message received on topic: test/30 with payload size: 91 at 2024-12-09 08:19:24.790144 sent 2024-12-09 08:19:24.697125
INFO:Message received on topic: test/30 with payload size: 91 at 2024-12-09 08:19:27.376072 sent 2024-12-09 08:19:27.303845
INFO:Message received on topic: test/30 with payload size: 91 at 2024-12-09 08:19:29.994622 sent 2024-12-09 08:19:29.917228
INFO:Message received on topic: test/30 with payload size: 91 at 2024-12-09 08:19:32.587683 sent 2024-12-09 08:19:32.528041
INFO:Message received on topic: test/30 with payload size: 91 at 2024-12-09 08:19:35.206155 sent 2024-12-09 08:19:35.135267
INFO:Message received on topic: test/30 with payload size: 91 at 2024-12-09 08:19:37.857533 sent 2024-12-09 08:19:37.744624
INFO:Message received on topic: test/30 with payload size: 91 at 2024-12-09 08:19:40.483028 sent 2024-12-09 08:19:40.362821
INFO:Message received on topic: test/30 with payload size: 91 at 2024-12-09 08:19:42.994932 sent 2024-12-09 08:19:42.969835
INFO:Message received on topic: test/30 with payload size: 91 at 2024-12-09 08:19:45.595716 sent 2024-12-09 08:19:45.575568
INFO:Message received on topic: test/30 with payload size: 91 at 2024-12-09 08:19:48.253786 sent 2024-12-09 08:19:48.179419
INFO:Message received on topic: test/30 with payload size: 91 at 2024-12-09 08:19:50.881370 sent 2024-12-09 08:19:50.791740
INFO:Message received on topic: test/30 with payload size: 91 at 2024-12-09 08:19:53.494906 sent 2024-12-09 08:19:53.398072
INFO:Message received on topic: test/30 with payload size: 91 at 2024-12-09 08:19:56.085225 sent 2024-12-09 08:19:56.005525
INFO:Message received on topic: test/30 with payload size: 91 at 2024-12-09 08:19:58.696192 sent 2024-12-09 08:19:58.612231
INFO:Message received on topic: test/30 with payload size: 91 at 2024-12-09 08:20:01.277452 sent 2024-12-09 08:20:01.222896
INFO:Message received on topic: test/30 with payload size: 91 at 2024-12-09 08:20:03.882787 sent 2024-12-09 08:20:03.830747
INFO:Message received on topic: test/30 with payload size: 91 at 2024-12-09 08:20:06.479612 sent 2024-12-09 08:20:06.437993
INFO:Message received on topic: test/30 with payload size: 91 at 2024-12-09 08:20:09.085664 sent 2024-12-09 08:20:09.044471
INFO:Message received on topic: test/30 with payload size: 91 at 2024-12-09 08:20:11.785085 sent 2024-12-09 08:20:11.647822
INFO:Message received on topic: test/30 with payload size: 91 at 2024-12-09 08:20:14.373739 sent 2024-12-09 08:20:14.253954
INFO:Message received on topic: test/30 with payload size: 91 at 2024-12-09 08:20:17.003587 sent 2024-12-09 08:20:16.855359
INFO:Message received on topic: test/30 with payload size: 91 at 2024-12-09 08:20:19.494610 sent 2024-12-09 08:20:19.459284
INFO:Message received on topic: test/30 with payload size: 91 at 2024-12-09 08:20:22.175084 sent 2024-12-09 08:20:22.065403
INFO:Message received on topic: test/30 with payload size: 91 at 2024-12-09 08:20:24.772942 sent 2024-12-09 08:20:24.672873
INFO:Message received on topic: test/30 with payload size: 91 at 2024-12-09 08:20:27.294207 sent 2024-12-09 08:20:27.281809
INFO:Message received on topic: test/30 with payload size: 91 at 2024-12-09 08:20:29.957009 sent 2024-12-09 08:20:29.890929
INFO:Message received on topic: test/30 with payload size: 91 at 2024-12-09 08:20:32.503251 sent 2024-12-09 08:20:32.490705
INFO:Message received on topic: test/30 with payload size: 91 at 2024-12-09 08:20:35.181198 sent 2024-12-09 08:20:35.096492
INFO:Message received on topic: test/30 with payload size: 91 at 2024-12-09 08:20:37.780902 sent 2024-12-09 08:20:37.699963
INFO:Message received on topic: test/30 with payload size: 91 at 2024-12-09 08:20:40.375150 sent 2024-12-09 08:20:40.304882
INFO:Message received on topic: test/30 with payload size: 91 at 2024-12-09 08:20:42.983986 sent 2024-12-09 08:20:42.908448
INFO:Message received on topic: test/30 with payload size: 91 at 2024-12-09 08:20:45.585692 sent 2024-12-09 08:20:45.511952
INFO:Message received on topic: test/30 with payload size: 91 at 2024-12-09 08:20:48.182466 sent 2024-12-09 08:20:48.113298
INFO:Message received on topic: test/30 with payload size: 91 at 2024-12-09 08:20:50.783042 sent 2024-12-09 08:20:50.717682
INFO:Message received on topic: test/30 with payload size: 91 at 2024-12-09 08:20:53.382257 sent 2024-12-09 08:20:53.321127
INFO:Message received on topic: test/30 with payload size: 91 at 2024-12-09 08:20:55.985554 sent 2024-12-09 08:20:55.921075
INFO:Message received on topic: test/30 with payload size: 91 at 2024-12-09 08:20:58.592919 sent 2024-12-09 08:20:58.527266
INFO:Message received on topic: test/30 with payload size: 91 at 2024-12-09 08:21:01.180156 sent 2024-12-09 08:21:01.133649
INFO:Message received on topic: test/30 with payload size: 91 at 2024-12-09 08:21:03.774818 sent 2024-12-09 08:21:03.737920
INFO:Message received on topic: test/30 with payload size: 91 at 2024-12-09 08:21:06.377523 sent 2024-12-09 08:21:06.339371
INFO:Message received on topic: test/30 with payload size: 91 at 2024-12-09 08:21:08.982919 sent 2024-12-09 08:21:08.942768
