INFO:Starting Version 1.0.5
DEBUG:Using selector: EpollSelector
INFO:Connecting to cluster at: mqtt-quic://emqx-headless.dtwins:14567 using QUIC
INFO:Subscribed to topic: test/0
INFO:Logging each: 50
INFO:Unhandled packet type received
INFO:Message received on topic: test/0 with payload size: 91 at 2024-12-09 08:10:49.063263 sent 2024-12-09 08:10:49.061597
INFO:Message received on topic: test/0 with payload size: 91 at 2024-12-09 08:10:51.665280 sent 2024-12-09 08:10:51.664193
INFO:Message received on topic: test/0 with payload size: 91 at 2024-12-09 08:10:54.265490 sent 2024-12-09 08:10:54.264033
INFO:Message received on topic: test/0 with payload size: 91 at 2024-12-09 08:10:56.869444 sent 2024-12-09 08:10:56.867995
INFO:Message received on topic: test/0 with payload size: 91 at 2024-12-09 08:10:59.467507 sent 2024-12-09 08:10:59.465969
INFO:Message received on topic: test/0 with payload size: 91 at 2024-12-09 08:11:02.064377 sent 2024-12-09 08:11:02.062916
INFO:Message received on topic: test/0 with payload size: 91 at 2024-12-09 08:11:04.664094 sent 2024-12-09 08:11:04.662508
INFO:Message received on topic: test/0 with payload size: 91 at 2024-12-09 08:11:07.263423 sent 2024-12-09 08:11:07.262193
INFO:Message received on topic: test/0 with payload size: 91 at 2024-12-09 08:11:09.861863 sent 2024-12-09 08:11:09.860590
INFO:Message received on topic: test/0 with payload size: 91 at 2024-12-09 08:11:12.463691 sent 2024-12-09 08:11:12.462526
INFO:Message received on topic: test/0 with payload size: 91 at 2024-12-09 08:11:15.063279 sent 2024-12-09 08:11:15.060588
INFO:Message received on topic: test/0 with payload size: 91 at 2024-12-09 08:11:17.663837 sent 2024-12-09 08:11:17.661571
INFO:Message received on topic: test/0 with payload size: 91 at 2024-12-09 08:11:20.263119 sent 2024-12-09 08:11:20.261940
INFO:Message received on topic: test/0 with payload size: 91 at 2024-12-09 08:11:22.871735 sent 2024-12-09 08:11:22.867247
INFO:Message received on topic: test/0 with payload size: 91 at 2024-12-09 08:11:25.474934 sent 2024-12-09 08:11:25.470425
INFO:Message received on topic: test/0 with payload size: 91 at 2024-12-09 08:11:28.074252 sent 2024-12-09 08:11:28.070659
INFO:Message received on topic: test/0 with payload size: 91 at 2024-12-09 08:11:30.674410 sent 2024-12-09 08:11:30.671601
INFO:Message received on topic: test/0 with payload size: 91 at 2024-12-09 08:11:33.278897 sent 2024-12-09 08:11:33.268780
INFO:Message received on topic: test/0 with payload size: 91 at 2024-12-09 08:11:35.873001 sent 2024-12-09 08:11:35.869550
INFO:Message received on topic: test/0 with payload size: 91 at 2024-12-09 08:11:38.477261 sent 2024-12-09 08:11:38.468234
INFO:Message received on topic: test/0 with payload size: 91 at 2024-12-09 08:11:41.091731 sent 2024-12-09 08:11:41.065284
INFO:Message received on topic: test/0 with payload size: 91 at 2024-12-09 08:11:43.677142 sent 2024-12-09 08:11:43.660866
INFO:Message received on topic: test/0 with payload size: 91 at 2024-12-09 08:11:46.275513 sent 2024-12-09 08:11:46.263163
INFO:Message received on topic: test/0 with payload size: 91 at 2024-12-09 08:11:48.879398 sent 2024-12-09 08:11:48.862220
INFO:Message received on topic: test/0 with payload size: 91 at 2024-12-09 08:11:51.476711 sent 2024-12-09 08:11:51.463933
INFO:Message received on topic: test/0 with payload size: 91 at 2024-12-09 08:11:54.075995 sent 2024-12-09 08:11:54.065682
INFO:Message received on topic: test/0 with payload size: 91 at 2024-12-09 08:11:56.679612 sent 2024-12-09 08:11:56.669610
INFO:Message received on topic: test/0 with payload size: 91 at 2024-12-09 08:11:59.284246 sent 2024-12-09 08:11:59.275957
INFO:Message received on topic: test/0 with payload size: 91 at 2024-12-09 08:12:01.888035 sent 2024-12-09 08:12:01.883756
INFO:Message received on topic: test/0 with payload size: 91 at 2024-12-09 08:12:04.497374 sent 2024-12-09 08:12:04.493654
INFO:Message received on topic: test/0 with payload size: 91 at 2024-12-09 08:12:07.098501 sent 2024-12-09 08:12:07.094239
INFO:Message received on topic: test/0 with payload size: 91 at 2024-12-09 08:12:09.708461 sent 2024-12-09 08:12:09.696000
INFO:Message received on topic: test/0 with payload size: 91 at 2024-12-09 08:12:12.288718 sent 2024-12-09 08:12:12.286412
INFO:Message received on topic: test/0 with payload size: 91 at 2024-12-09 08:12:14.895546 sent 2024-12-09 08:12:14.872546
INFO:Message received on topic: test/0 with payload size: 91 at 2024-12-09 08:12:17.480694 sent 2024-12-09 08:12:17.460750
INFO:Message received on topic: test/0 with payload size: 91 at 2024-12-09 08:12:20.061598 sent 2024-12-09 08:12:20.045635
INFO:Message received on topic: test/0 with payload size: 91 at 2024-12-09 08:12:22.698452 sent 2024-12-09 08:12:22.643427
INFO:Message received on topic: test/0 with payload size: 91 at 2024-12-09 08:12:25.355565 sent 2024-12-09 08:12:25.243351
INFO:Message received on topic: test/0 with payload size: 91 at 2024-12-09 08:12:27.890082 sent 2024-12-09 08:12:27.843766
INFO:Message received on topic: test/0 with payload size: 91 at 2024-12-09 08:12:30.496298 sent 2024-12-09 08:12:30.446627
INFO:Message received on topic: test/0 with payload size: 91 at 2024-12-09 08:12:33.059880 sent 2024-12-09 08:12:33.050561
INFO:Message received on topic: test/0 with payload size: 91 at 2024-12-09 08:12:35.663074 sent 2024-12-09 08:12:35.651269
INFO:Message received on topic: test/0 with payload size: 91 at 2024-12-09 08:12:38.277601 sent 2024-12-09 08:12:38.257259
INFO:Message received on topic: test/0 with payload size: 91 at 2024-12-09 08:12:40.887826 sent 2024-12-09 08:12:40.862251
INFO:Message received on topic: test/0 with payload size: 91 at 2024-12-09 08:12:43.557941 sent 2024-12-09 08:12:43.468553
INFO:Message received on topic: test/0 with payload size: 91 at 2024-12-09 08:12:46.088315 sent 2024-12-09 08:12:46.074284
INFO:Message received on topic: test/0 with payload size: 91 at 2024-12-09 08:12:48.751476 sent 2024-12-09 08:12:48.675587
INFO:Message received on topic: test/0 with payload size: 91 at 2024-12-09 08:12:51.295447 sent 2024-12-09 08:12:51.279553
INFO:Message received on topic: test/0 with payload size: 91 at 2024-12-09 08:12:53.894293 sent 2024-12-09 08:12:53.884734
INFO:Message received on topic: test/0 with payload size: 91 at 2024-12-09 08:12:56.498797 sent 2024-12-09 08:12:56.481250
INFO:Message received on topic: test/0 with payload size: 91 at 2024-12-09 08:12:59.178929 sent 2024-12-09 08:12:59.095459
INFO:Message received on topic: test/0 with payload size: 91 at 2024-12-09 08:13:01.774008 sent 2024-12-09 08:13:01.701479
INFO:Message received on topic: test/0 with payload size: 91 at 2024-12-09 08:13:04.355308 sent 2024-12-09 08:13:04.302050
INFO:Message received on topic: test/0 with payload size: 91 at 2024-12-09 08:13:06.976955 sent 2024-12-09 08:13:06.909634
INFO:Message received on topic: test/0 with payload size: 91 at 2024-12-09 08:13:09.583980 sent 2024-12-09 08:13:09.528733
INFO:Message received on topic: test/0 with payload size: 91 at 2024-12-09 08:13:12.192228 sent 2024-12-09 08:13:12.141307
INFO:Message received on topic: test/0 with payload size: 91 at 2024-12-09 08:13:14.855457 sent 2024-12-09 08:13:14.746837
INFO:Message received on topic: test/0 with payload size: 91 at 2024-12-09 08:13:17.378883 sent 2024-12-09 08:13:17.358626
INFO:Message received on topic: test/0 with payload size: 91 at 2024-12-09 08:13:19.996837 sent 2024-12-09 08:13:19.966289
INFO:Message received on topic: test/0 with payload size: 91 at 2024-12-09 08:13:22.584783 sent 2024-12-09 08:13:22.574892
INFO:Message received on topic: test/0 with payload size: 91 at 2024-12-09 08:13:25.198366 sent 2024-12-09 08:13:25.186069
INFO:Message received on topic: test/0 with payload size: 91 at 2024-12-09 08:13:27.808585 sent 2024-12-09 08:13:27.794951
INFO:Message received on topic: test/0 with payload size: 91 at 2024-12-09 08:13:30.452885 sent 2024-12-09 08:13:30.403884
INFO:Message received on topic: test/0 with payload size: 91 at 2024-12-09 08:13:33.079931 sent 2024-12-09 08:13:33.011207
INFO:Message received on topic: test/0 with payload size: 91 at 2024-12-09 08:13:35.684510 sent 2024-12-09 08:13:35.623917
INFO:Message received on topic: test/0 with payload size: 91 at 2024-12-09 08:13:38.354368 sent 2024-12-09 08:13:38.242806
INFO:Message received on topic: test/0 with payload size: 91 at 2024-12-09 08:13:40.898701 sent 2024-12-09 08:13:40.854991
INFO:Message received on topic: test/0 with payload size: 91 at 2024-12-09 08:13:43.491086 sent 2024-12-09 08:13:43.467896
INFO:Message received on topic: test/0 with payload size: 91 at 2024-12-09 08:13:46.152723 sent 2024-12-09 08:13:46.084965
INFO:Message received on topic: test/0 with payload size: 91 at 2024-12-09 08:13:48.697086 sent 2024-12-09 08:13:48.683218
INFO:Message received on topic: test/0 with payload size: 91 at 2024-12-09 08:13:51.303558 sent 2024-12-09 08:13:51.292540
INFO:Message received on topic: test/0 with payload size: 91 at 2024-12-09 08:13:53.953614 sent 2024-12-09 08:13:53.904017
INFO:Message received on topic: test/0 with payload size: 91 at 2024-12-09 08:13:56.580133 sent 2024-12-09 08:13:56.510301
INFO:Message received on topic: test/0 with payload size: 91 at 2024-12-09 08:13:59.189405 sent 2024-12-09 08:13:59.118745
INFO:Message received on topic: test/0 with payload size: 91 at 2024-12-09 08:14:01.781722 sent 2024-12-09 08:14:01.725899
INFO:Message received on topic: test/0 with payload size: 91 at 2024-12-09 08:14:04.384153 sent 2024-12-09 08:14:04.334949
INFO:Message received on topic: test/0 with payload size: 91 at 2024-12-09 08:14:06.998760 sent 2024-12-09 08:14:06.949071
INFO:Message received on topic: test/0 with payload size: 91 at 2024-12-09 08:14:09.681609 sent 2024-12-09 08:14:09.566638
INFO:Message received on topic: test/0 with payload size: 91 at 2024-12-09 08:14:12.256622 sent 2024-12-09 08:14:12.179540
INFO:Message received on topic: test/0 with payload size: 91 at 2024-12-09 08:14:14.808394 sent 2024-12-09 08:14:14.792679
INFO:Message received on topic: test/0 with payload size: 91 at 2024-12-09 08:14:17.475145 sent 2024-12-09 08:14:17.405729
INFO:Message received on topic: test/0 with payload size: 91 at 2024-12-09 08:14:20.081856 sent 2024-12-09 08:14:20.015830
INFO:Message received on topic: test/0 with payload size: 91 at 2024-12-09 08:14:22.687973 sent 2024-12-09 08:14:22.630116
INFO:Message received on topic: test/0 with payload size: 91 at 2024-12-09 08:14:25.276218 sent 2024-12-09 08:14:25.235267
INFO:Message received on topic: test/0 with payload size: 91 at 2024-12-09 08:14:27.893005 sent 2024-12-09 08:14:27.847224
INFO:Message received on topic: test/0 with payload size: 91 at 2024-12-09 08:14:30.482093 sent 2024-12-09 08:14:30.459201
INFO:Message received on topic: test/0 with payload size: 91 at 2024-12-09 08:14:33.082295 sent 2024-12-09 08:14:33.071186
INFO:Message received on topic: test/0 with payload size: 91 at 2024-12-09 08:14:35.703606 sent 2024-12-09 08:14:35.676026
INFO:Message received on topic: test/0 with payload size: 91 at 2024-12-09 08:14:38.360197 sent 2024-12-09 08:14:38.291251
INFO:Message received on topic: test/0 with payload size: 91 at 2024-12-09 08:14:40.982620 sent 2024-12-09 08:14:40.902468
INFO:Message received on topic: test/0 with payload size: 91 at 2024-12-09 08:14:43.579046 sent 2024-12-09 08:14:43.514240
INFO:Message received on topic: test/0 with payload size: 91 at 2024-12-09 08:14:46.178709 sent 2024-12-09 08:14:46.123406
INFO:Message received on topic: test/0 with payload size: 91 at 2024-12-09 08:14:48.805443 sent 2024-12-09 08:14:48.737916
INFO:Message received on topic: test/0 with payload size: 91 at 2024-12-09 08:14:51.389178 sent 2024-12-09 08:14:51.351843
INFO:Message received on topic: test/0 with payload size: 91 at 2024-12-09 08:14:54.079225 sent 2024-12-09 08:14:53.962031
INFO:Message received on topic: test/0 with payload size: 91 at 2024-12-09 08:14:56.591935 sent 2024-12-09 08:14:56.573696
INFO:Message received on topic: test/0 with payload size: 91 at 2024-12-09 08:14:59.274130 sent 2024-12-09 08:14:59.187282
INFO:Message received on topic: test/0 with payload size: 91 at 2024-12-09 08:15:01.854460 sent 2024-12-09 08:15:01.794577
INFO:Message received on topic: test/0 with payload size: 91 at 2024-12-09 08:15:04.477469 sent 2024-12-09 08:15:04.409734
INFO:Message received on topic: test/0 with payload size: 91 at 2024-12-09 08:15:07.082091 sent 2024-12-09 08:15:07.023043
INFO:Message received on topic: test/0 with payload size: 91 at 2024-12-09 08:15:09.675001 sent 2024-12-09 08:15:09.637654
INFO:Message received on topic: test/0 with payload size: 91 at 2024-12-09 08:15:12.284652 sent 2024-12-09 08:15:12.246611
INFO:Message received on topic: test/0 with payload size: 91 at 2024-12-09 08:15:14.989604 sent 2024-12-09 08:15:14.854178
INFO:Message received on topic: test/0 with payload size: 91 at 2024-12-09 08:15:17.484623 sent 2024-12-09 08:15:17.463428
INFO:Message received on topic: test/0 with payload size: 91 at 2024-12-09 08:15:20.173115 sent 2024-12-09 08:15:20.069077
INFO:Message received on topic: test/0 with payload size: 91 at 2024-12-09 08:15:22.757566 sent 2024-12-09 08:15:22.683209
INFO:Message received on topic: test/0 with payload size: 91 at 2024-12-09 08:15:25.310666 sent 2024-12-09 08:15:25.293868
INFO:Message received on topic: test/0 with payload size: 91 at 2024-12-09 08:15:27.983190 sent 2024-12-09 08:15:27.906429
INFO:Message received on topic: test/0 with payload size: 91 at 2024-12-09 08:15:30.588795 sent 2024-12-09 08:15:30.523093
INFO:Message received on topic: test/0 with payload size: 91 at 2024-12-09 08:15:33.203649 sent 2024-12-09 08:15:33.137619
INFO:Message received on topic: test/0 with payload size: 91 at 2024-12-09 08:15:35.801596 sent 2024-12-09 08:15:35.743695
INFO:Message received on topic: test/0 with payload size: 91 at 2024-12-09 08:15:38.408207 sent 2024-12-09 08:15:38.352157
INFO:Message received on topic: test/0 with payload size: 91 at 2024-12-09 08:15:41.052171 sent 2024-12-09 08:15:40.971140
INFO:Message received on topic: test/0 with payload size: 91 at 2024-12-09 08:15:43.602261 sent 2024-12-09 08:15:43.584409
INFO:Message received on topic: test/0 with payload size: 91 at 2024-12-09 08:15:46.272526 sent 2024-12-09 08:15:46.192799
INFO:Message received on topic: test/0 with payload size: 91 at 2024-12-09 08:15:48.892656 sent 2024-12-09 08:15:48.808834
INFO:Message received on topic: test/0 with payload size: 91 at 2024-12-09 08:15:51.491859 sent 2024-12-09 08:15:51.426198
INFO:Message received on topic: test/0 with payload size: 91 at 2024-12-09 08:15:54.095937 sent 2024-12-09 08:15:54.036009
INFO:Message received on topic: test/0 with payload size: 91 at 2024-12-09 08:15:56.783140 sent 2024-12-09 08:15:56.645071
INFO:Message received on topic: test/0 with payload size: 91 at 2024-12-09 08:15:59.351982 sent 2024-12-09 08:15:59.255910
INFO:Message received on topic: test/0 with payload size: 91 at 2024-12-09 08:16:01.900667 sent 2024-12-09 08:16:01.862934
INFO:Message received on topic: test/0 with payload size: 91 at 2024-12-09 08:16:04.559638 sent 2024-12-09 08:16:04.469648
INFO:Message received on topic: test/0 with payload size: 91 at 2024-12-09 08:16:07.175787 sent 2024-12-09 08:16:07.086363
INFO:Message received on topic: test/0 with payload size: 91 at 2024-12-09 08:16:09.785738 sent 2024-12-09 08:16:09.695518
INFO:Message received on topic: test/0 with payload size: 91 at 2024-12-09 08:16:12.391433 sent 2024-12-09 08:16:12.311977
INFO:Message received on topic: test/0 with payload size: 91 at 2024-12-09 08:16:14.995689 sent 2024-12-09 08:16:14.921362
INFO:Message received on topic: test/0 with payload size: 91 at 2024-12-09 08:16:17.581938 sent 2024-12-09 08:16:17.532445
INFO:Message received on topic: test/0 with payload size: 91 at 2024-12-09 08:16:20.184056 sent 2024-12-09 08:16:20.146579
INFO:Message received on topic: test/0 with payload size: 91 at 2024-12-09 08:16:22.853931 sent 2024-12-09 08:16:22.755651
INFO:Message received on topic: test/0 with payload size: 91 at 2024-12-09 08:16:25.387029 sent 2024-12-09 08:16:25.361478
INFO:Message received on topic: test/0 with payload size: 91 at 2024-12-09 08:16:27.986304 sent 2024-12-09 08:16:27.969874
INFO:Message received on topic: test/0 with payload size: 91 at 2024-12-09 08:16:30.773771 sent 2024-12-09 08:16:30.580671
INFO:Message received on topic: test/0 with payload size: 91 at 2024-12-09 08:16:33.276439 sent 2024-12-09 08:16:33.196502
INFO:Message received on topic: test/0 with payload size: 91 at 2024-12-09 08:16:35.883529 sent 2024-12-09 08:16:35.805150
INFO:Message received on topic: test/0 with payload size: 91 at 2024-12-09 08:16:38.483144 sent 2024-12-09 08:16:38.414189
INFO:Message received on topic: test/0 with payload size: 91 at 2024-12-09 08:16:41.091196 sent 2024-12-09 08:16:41.025850
INFO:Message received on topic: test/0 with payload size: 91 at 2024-12-09 08:16:43.682705 sent 2024-12-09 08:16:43.635490
INFO:Message received on topic: test/0 with payload size: 91 at 2024-12-09 08:16:46.295775 sent 2024-12-09 08:16:46.246086
INFO:Message received on topic: test/0 with payload size: 91 at 2024-12-09 08:16:48.890825 sent 2024-12-09 08:16:48.859092
INFO:Message received on topic: test/0 with payload size: 91 at 2024-12-09 08:16:51.497348 sent 2024-12-09 08:16:51.470533
INFO:Message received on topic: test/0 with payload size: 91 at 2024-12-09 08:16:54.295687 sent 2024-12-09 08:16:54.084012
INFO:Message received on topic: test/0 with payload size: 91 at 2024-12-09 08:16:56.788093 sent 2024-12-09 08:16:56.694600
INFO:Message received on topic: test/0 with payload size: 91 at 2024-12-09 08:16:59.380225 sent 2024-12-09 08:16:59.301877
INFO:Message received on topic: test/0 with payload size: 91 at 2024-12-09 08:17:02.002259 sent 2024-12-09 08:17:01.916565
INFO:Message received on topic: test/0 with payload size: 91 at 2024-12-09 08:17:04.600197 sent 2024-12-09 08:17:04.525128
INFO:Message received on topic: test/0 with payload size: 91 at 2024-12-09 08:17:07.185798 sent 2024-12-09 08:17:07.136782
INFO:Message received on topic: test/0 with payload size: 91 at 2024-12-09 08:17:09.885642 sent 2024-12-09 08:17:09.746652
INFO:Message received on topic: test/0 with payload size: 91 at 2024-12-09 08:17:12.394489 sent 2024-12-09 08:17:12.359259
INFO:Message received on topic: test/0 with payload size: 91 at 2024-12-09 08:17:15.055096 sent 2024-12-09 08:17:14.966725
INFO:Message received on topic: test/0 with payload size: 91 at 2024-12-09 08:17:17.596142 sent 2024-12-09 08:17:17.572073
INFO:Message received on topic: test/0 with payload size: 91 at 2024-12-09 08:17:20.259118 sent 2024-12-09 08:17:20.188589
INFO:Message received on topic: test/0 with payload size: 91 at 2024-12-09 08:17:22.894571 sent 2024-12-09 08:17:22.800856
INFO:Message received on topic: test/0 with payload size: 91 at 2024-12-09 08:17:25.494494 sent 2024-12-09 08:17:25.409619
INFO:Message received on topic: test/0 with payload size: 91 at 2024-12-09 08:17:28.158626 sent 2024-12-09 08:17:28.023456
INFO:Message received on topic: test/0 with payload size: 91 at 2024-12-09 08:17:30.711872 sent 2024-12-09 08:17:30.633665
INFO:Message received on topic: test/0 with payload size: 91 at 2024-12-09 08:17:33.283934 sent 2024-12-09 08:17:33.246052
INFO:Message received on topic: test/0 with payload size: 91 at 2024-12-09 08:17:35.891871 sent 2024-12-09 08:17:35.852653
INFO:Message received on topic: test/0 with payload size: 91 at 2024-12-09 08:17:38.497857 sent 2024-12-09 08:17:38.461308
INFO:Message received on topic: test/0 with payload size: 91 at 2024-12-09 08:17:41.154881 sent 2024-12-09 08:17:41.069897
INFO:Message received on topic: test/0 with payload size: 91 at 2024-12-09 08:17:43.876484 sent 2024-12-09 08:17:43.677087
INFO:Message received on topic: test/0 with payload size: 91 at 2024-12-09 08:17:46.296353 sent 2024-12-09 08:17:46.283610
INFO:Message received on topic: test/0 with payload size: 91 at 2024-12-09 08:17:49.058210 sent 2024-12-09 08:17:48.897656
INFO:Message received on topic: test/0 with payload size: 91 at 2024-12-09 08:17:51.594550 sent 2024-12-09 08:17:51.507140
INFO:Message received on topic: test/0 with payload size: 91 at 2024-12-09 08:17:54.262753 sent 2024-12-09 08:17:54.117015
INFO:Message received on topic: test/0 with payload size: 91 at 2024-12-09 08:17:56.790509 sent 2024-12-09 08:17:56.722017
INFO:Message received on topic: test/0 with payload size: 91 at 2024-12-09 08:17:59.398959 sent 2024-12-09 08:17:59.330944
INFO:Message received on topic: test/0 with payload size: 91 at 2024-12-09 08:18:02.085664 sent 2024-12-09 08:18:01.945417
INFO:Message received on topic: test/0 with payload size: 91 at 2024-12-09 08:18:04.700310 sent 2024-12-09 08:18:04.557476
INFO:Message received on topic: test/0 with payload size: 91 at 2024-12-09 08:18:07.254608 sent 2024-12-09 08:18:07.169605
INFO:Message received on topic: test/0 with payload size: 91 at 2024-12-09 08:18:09.877319 sent 2024-12-09 08:18:09.776489
INFO:Message received on topic: test/0 with payload size: 91 at 2024-12-09 08:18:12.462276 sent 2024-12-09 08:18:12.387038
INFO:Message received on topic: test/0 with payload size: 91 at 2024-12-09 08:18:15.091654 sent 2024-12-09 08:18:14.994966
INFO:Message received on topic: test/0 with payload size: 91 at 2024-12-09 08:18:17.676251 sent 2024-12-09 08:18:17.604825
INFO:Message received on topic: test/0 with payload size: 91 at 2024-12-09 08:18:20.282295 sent 2024-12-09 08:18:20.215826
INFO:Message received on topic: test/0 with payload size: 91 at 2024-12-09 08:18:22.889652 sent 2024-12-09 08:18:22.821103
INFO:Message received on topic: test/0 with payload size: 91 at 2024-12-09 08:18:25.480157 sent 2024-12-09 08:18:25.432254
INFO:Message received on topic: test/0 with payload size: 91 at 2024-12-09 08:18:28.190101 sent 2024-12-09 08:18:28.045716
INFO:Message received on topic: test/0 with payload size: 91 at 2024-12-09 08:18:30.776991 sent 2024-12-09 08:18:30.653684
INFO:Message received on topic: test/0 with payload size: 91 at 2024-12-09 08:18:33.297633 sent 2024-12-09 08:18:33.266115
INFO:Message received on topic: test/0 with payload size: 91 at 2024-12-09 08:18:35.890078 sent 2024-12-09 08:18:35.871615
INFO:Message received on topic: test/0 with payload size: 91 at 2024-12-09 08:18:38.579886 sent 2024-12-09 08:18:38.483665
INFO:Message received on topic: test/0 with payload size: 91 at 2024-12-09 08:18:41.284962 sent 2024-12-09 08:18:41.101823
INFO:Message received on topic: test/0 with payload size: 91 at 2024-12-09 08:18:43.780276 sent 2024-12-09 08:18:43.709632
INFO:Message received on topic: test/0 with payload size: 91 at 2024-12-09 08:18:46.496190 sent 2024-12-09 08:18:46.313802
INFO:Message received on topic: test/0 with payload size: 91 at 2024-12-09 08:18:49.003823 sent 2024-12-09 08:18:48.928660
INFO:Message received on topic: test/0 with payload size: 91 at 2024-12-09 08:18:51.780464 sent 2024-12-09 08:18:51.540751
INFO:Message received on topic: test/0 with payload size: 91 at 2024-12-09 08:18:54.192685 sent 2024-12-09 08:18:54.162303
INFO:Message received on topic: test/0 with payload size: 91 at 2024-12-09 08:18:57.004526 sent 2024-12-09 08:18:56.761650
INFO:Message received on topic: test/0 with payload size: 91 at 2024-12-09 08:18:59.452269 sent 2024-12-09 08:18:59.350469
INFO:Message received on topic: test/0 with payload size: 91 at 2024-12-09 08:19:01.982896 sent 2024-12-09 08:19:01.940805
INFO:Message received on topic: test/0 with payload size: 91 at 2024-12-09 08:19:04.592059 sent 2024-12-09 08:19:04.530456
INFO:Message received on topic: test/0 with payload size: 91 at 2024-12-09 08:19:07.185626 sent 2024-12-09 08:19:07.131278
INFO:Message received on topic: test/0 with payload size: 91 at 2024-12-09 08:19:09.796760 sent 2024-12-09 08:19:09.740445
INFO:Message received on topic: test/0 with payload size: 91 at 2024-12-09 08:19:12.392656 sent 2024-12-09 08:19:12.352211
INFO:Message received on topic: test/0 with payload size: 91 at 2024-12-09 08:19:15.079292 sent 2024-12-09 08:19:14.960567
INFO:Message received on topic: test/0 with payload size: 91 at 2024-12-09 08:19:17.602803 sent 2024-12-09 08:19:17.571623
