INFO:Starting Version 1.0.5
DEBUG:Using selector: EpollSelector
INFO:Connecting to cluster at: mqtt-quic://emqx-headless.dtwins:14567 using QUIC
INFO:Subscribed to topic: test/35
INFO:Logging each: 50
INFO:Unhandled packet type received
INFO:Message received on topic: test/35 with payload size: 91 at 2024-12-09 08:12:56.779991 sent 2024-12-09 08:12:56.720075
INFO:Message received on topic: test/35 with payload size: 91 at 2024-12-09 08:12:59.379286 sent 2024-12-09 08:12:59.323087
INFO:Message received on topic: test/35 with payload size: 91 at 2024-12-09 08:13:01.964444 sent 2024-12-09 08:13:01.934766
INFO:Message received on topic: test/35 with payload size: 91 at 2024-12-09 08:13:04.593125 sent 2024-12-09 08:13:04.543870
INFO:Message received on topic: test/35 with payload size: 91 at 2024-12-09 08:13:07.183985 sent 2024-12-09 08:13:07.152438
INFO:Message received on topic: test/35 with payload size: 91 at 2024-12-09 08:13:09.788014 sent 2024-12-09 08:13:09.764039
INFO:Message received on topic: test/35 with payload size: 91 at 2024-12-09 08:13:12.387646 sent 2024-12-09 08:13:12.374709
INFO:Message received on topic: test/35 with payload size: 91 at 2024-12-09 08:13:15.102765 sent 2024-12-09 08:13:14.990481
INFO:Message received on topic: test/35 with payload size: 91 at 2024-12-09 08:13:17.659498 sent 2024-12-09 08:13:17.602922
INFO:Message received on topic: test/35 with payload size: 91 at 2024-12-09 08:13:20.281944 sent 2024-12-09 08:13:20.216864
INFO:Message received on topic: test/35 with payload size: 91 at 2024-12-09 08:13:22.892786 sent 2024-12-09 08:13:22.824475
INFO:Message received on topic: test/35 with payload size: 91 at 2024-12-09 08:13:25.492839 sent 2024-12-09 08:13:25.432186
INFO:Message received on topic: test/35 with payload size: 91 at 2024-12-09 08:13:28.078614 sent 2024-12-09 08:13:28.040110
INFO:Message received on topic: test/35 with payload size: 91 at 2024-12-09 08:13:30.695807 sent 2024-12-09 08:13:30.653239
INFO:Message received on topic: test/35 with payload size: 91 at 2024-12-09 08:13:33.296754 sent 2024-12-09 08:13:33.263617
INFO:Message received on topic: test/35 with payload size: 91 at 2024-12-09 08:13:35.904562 sent 2024-12-09 08:13:35.875547
INFO:Message received on topic: test/35 with payload size: 91 at 2024-12-09 08:13:38.561502 sent 2024-12-09 08:13:38.483799
INFO:Message received on topic: test/35 with payload size: 91 at 2024-12-09 08:13:41.105060 sent 2024-12-09 08:13:41.092995
INFO:Message received on topic: test/35 with payload size: 91 at 2024-12-09 08:13:43.754923 sent 2024-12-09 08:13:43.705539
INFO:Message received on topic: test/35 with payload size: 91 at 2024-12-09 08:13:46.382631 sent 2024-12-09 08:13:46.316292
INFO:Message received on topic: test/35 with payload size: 91 at 2024-12-09 08:13:48.992283 sent 2024-12-09 08:13:48.916973
INFO:Message received on topic: test/35 with payload size: 91 at 2024-12-09 08:13:51.579850 sent 2024-12-09 08:13:51.526105
INFO:Message received on topic: test/35 with payload size: 91 at 2024-12-09 08:13:54.179245 sent 2024-12-09 08:13:54.134891
INFO:Message received on topic: test/35 with payload size: 91 at 2024-12-09 08:13:56.797168 sent 2024-12-09 08:13:56.738710
INFO:Message received on topic: test/35 with payload size: 91 at 2024-12-09 08:13:59.485983 sent 2024-12-09 08:13:59.346170
INFO:Message received on topic: test/35 with payload size: 91 at 2024-12-09 08:14:01.987042 sent 2024-12-09 08:14:01.958853
INFO:Message received on topic: test/35 with payload size: 91 at 2024-12-09 08:14:04.596892 sent 2024-12-09 08:14:04.569698
INFO:Message received on topic: test/35 with payload size: 91 at 2024-12-09 08:14:07.200552 sent 2024-12-09 08:14:07.182032
INFO:Message received on topic: test/35 with payload size: 91 at 2024-12-09 08:14:09.881273 sent 2024-12-09 08:14:09.800801
INFO:Message received on topic: test/35 with payload size: 91 at 2024-12-09 08:14:12.489605 sent 2024-12-09 08:14:12.416301
INFO:Message received on topic: test/35 with payload size: 91 at 2024-12-09 08:14:15.075596 sent 2024-12-09 08:14:15.031411
INFO:Message received on topic: test/35 with payload size: 91 at 2024-12-09 08:14:17.703199 sent 2024-12-09 08:14:17.639097
INFO:Message received on topic: test/35 with payload size: 91 at 2024-12-09 08:14:20.295078 sent 2024-12-09 08:14:20.247269
INFO:Message received on topic: test/35 with payload size: 91 at 2024-12-09 08:14:22.907615 sent 2024-12-09 08:14:22.855007
INFO:Message received on topic: test/35 with payload size: 91 at 2024-12-09 08:14:25.490289 sent 2024-12-09 08:14:25.466475
INFO:Message received on topic: test/35 with payload size: 91 at 2024-12-09 08:14:28.158953 sent 2024-12-09 08:14:28.073681
INFO:Message received on topic: test/35 with payload size: 91 at 2024-12-09 08:14:30.760767 sent 2024-12-09 08:14:30.687100
INFO:Message received on topic: test/35 with payload size: 91 at 2024-12-09 08:14:33.362280 sent 2024-12-09 08:14:33.299747
INFO:Message received on topic: test/35 with payload size: 91 at 2024-12-09 08:14:35.974765 sent 2024-12-09 08:14:35.909775
INFO:Message received on topic: test/35 with payload size: 91 at 2024-12-09 08:14:38.587499 sent 2024-12-09 08:14:38.522650
INFO:Message received on topic: test/35 with payload size: 91 at 2024-12-09 08:14:41.211530 sent 2024-12-09 08:14:41.139178
INFO:Message received on topic: test/35 with payload size: 91 at 2024-12-09 08:14:43.854050 sent 2024-12-09 08:14:43.755475
INFO:Message received on topic: test/35 with payload size: 91 at 2024-12-09 08:14:46.384599 sent 2024-12-09 08:14:46.362314
INFO:Message received on topic: test/35 with payload size: 91 at 2024-12-09 08:14:48.998291 sent 2024-12-09 08:14:48.977433
INFO:Message received on topic: test/35 with payload size: 91 at 2024-12-09 08:14:51.679951 sent 2024-12-09 08:14:51.592719
INFO:Message received on topic: test/35 with payload size: 91 at 2024-12-09 08:14:54.285254 sent 2024-12-09 08:14:54.201962
INFO:Message received on topic: test/35 with payload size: 91 at 2024-12-09 08:14:56.883262 sent 2024-12-09 08:14:56.809042
INFO:Message received on topic: test/35 with payload size: 91 at 2024-12-09 08:14:59.577813 sent 2024-12-09 08:14:59.413133
INFO:Message received on topic: test/35 with payload size: 91 at 2024-12-09 08:15:02.097349 sent 2024-12-09 08:15:02.020509
INFO:Message received on topic: test/35 with payload size: 91 at 2024-12-09 08:15:04.682112 sent 2024-12-09 08:15:04.629549
INFO:Message received on topic: test/35 with payload size: 91 at 2024-12-09 08:15:07.290159 sent 2024-12-09 08:15:07.249339
INFO:Message received on topic: test/35 with payload size: 91 at 2024-12-09 08:15:09.987052 sent 2024-12-09 08:15:09.863282
INFO:Message received on topic: test/35 with payload size: 91 at 2024-12-09 08:15:12.489766 sent 2024-12-09 08:15:12.479319
INFO:Message received on topic: test/35 with payload size: 91 at 2024-12-09 08:15:15.177892 sent 2024-12-09 08:15:15.085196
INFO:Message received on topic: test/35 with payload size: 91 at 2024-12-09 08:15:17.874224 sent 2024-12-09 08:15:17.696954
INFO:Message received on topic: test/35 with payload size: 91 at 2024-12-09 08:15:20.385010 sent 2024-12-09 08:15:20.304003
INFO:Message received on topic: test/35 with payload size: 91 at 2024-12-09 08:15:22.994726 sent 2024-12-09 08:15:22.918656
INFO:Message received on topic: test/35 with payload size: 91 at 2024-12-09 08:15:25.586687 sent 2024-12-09 08:15:25.526085
INFO:Message received on topic: test/35 with payload size: 91 at 2024-12-09 08:15:28.197134 sent 2024-12-09 08:15:28.136451
INFO:Message received on topic: test/35 with payload size: 91 at 2024-12-09 08:15:30.855687 sent 2024-12-09 08:15:30.745842
INFO:Message received on topic: test/35 with payload size: 91 at 2024-12-09 08:15:33.401492 sent 2024-12-09 08:15:33.355528
INFO:Message received on topic: test/35 with payload size: 91 at 2024-12-09 08:15:36.072365 sent 2024-12-09 08:15:35.961259
INFO:Message received on topic: test/35 with payload size: 91 at 2024-12-09 08:15:38.600528 sent 2024-12-09 08:15:38.571367
INFO:Message received on topic: test/35 with payload size: 91 at 2024-12-09 08:15:41.278730 sent 2024-12-09 08:15:41.188963
INFO:Message received on topic: test/35 with payload size: 91 at 2024-12-09 08:15:43.877665 sent 2024-12-09 08:15:43.800459
INFO:Message received on topic: test/35 with payload size: 91 at 2024-12-09 08:15:46.490223 sent 2024-12-09 08:15:46.407949
INFO:Message received on topic: test/35 with payload size: 91 at 2024-12-09 08:15:49.102577 sent 2024-12-09 08:15:49.020593
INFO:Message received on topic: test/35 with payload size: 91 at 2024-12-09 08:15:51.756278 sent 2024-12-09 08:15:51.633448
INFO:Message received on topic: test/35 with payload size: 91 at 2024-12-09 08:15:54.390140 sent 2024-12-09 08:15:54.246696
INFO:Message received on topic: test/35 with payload size: 91 at 2024-12-09 08:15:56.881060 sent 2024-12-09 08:15:56.857138
INFO:Message received on topic: test/35 with payload size: 91 at 2024-12-09 08:15:59.498317 sent 2024-12-09 08:15:59.465949
INFO:Message received on topic: test/35 with payload size: 91 at 2024-12-09 08:16:02.157124 sent 2024-12-09 08:16:02.084640
INFO:Message received on topic: test/35 with payload size: 91 at 2024-12-09 08:16:04.795020 sent 2024-12-09 08:16:04.692758
INFO:Message received on topic: test/35 with payload size: 91 at 2024-12-09 08:16:07.354133 sent 2024-12-09 08:16:07.300828
INFO:Message received on topic: test/35 with payload size: 91 at 2024-12-09 08:16:09.984000 sent 2024-12-09 08:16:09.911388
INFO:Message received on topic: test/35 with payload size: 91 at 2024-12-09 08:16:12.689944 sent 2024-12-09 08:16:12.520525
INFO:Message received on topic: test/35 with payload size: 91 at 2024-12-09 08:16:15.206163 sent 2024-12-09 08:16:15.127863
INFO:Message received on topic: test/35 with payload size: 91 at 2024-12-09 08:16:17.784146 sent 2024-12-09 08:16:17.742155
INFO:Message received on topic: test/35 with payload size: 91 at 2024-12-09 08:16:20.378903 sent 2024-12-09 08:16:20.356910
INFO:Message received on topic: test/35 with payload size: 91 at 2024-12-09 08:16:22.999813 sent 2024-12-09 08:16:22.967614
INFO:Message received on topic: test/35 with payload size: 91 at 2024-12-09 08:16:25.593396 sent 2024-12-09 08:16:25.575558
INFO:Message received on topic: test/35 with payload size: 91 at 2024-12-09 08:16:28.288613 sent 2024-12-09 08:16:28.187742
INFO:Message received on topic: test/35 with payload size: 91 at 2024-12-09 08:16:30.894001 sent 2024-12-09 08:16:30.801701
INFO:Message received on topic: test/35 with payload size: 91 at 2024-12-09 08:16:33.486287 sent 2024-12-09 08:16:33.409768
INFO:Message received on topic: test/35 with payload size: 91 at 2024-12-09 08:16:36.079676 sent 2024-12-09 08:16:36.017808
INFO:Message received on topic: test/35 with payload size: 91 at 2024-12-09 08:16:38.705505 sent 2024-12-09 08:16:38.630723
INFO:Message received on topic: test/35 with payload size: 91 at 2024-12-09 08:16:41.284672 sent 2024-12-09 08:16:41.246628
INFO:Message received on topic: test/35 with payload size: 91 at 2024-12-09 08:16:43.890014 sent 2024-12-09 08:16:43.859505
INFO:Message received on topic: test/35 with payload size: 91 at 2024-12-09 08:16:46.496553 sent 2024-12-09 08:16:46.463955
INFO:Message received on topic: test/35 with payload size: 91 at 2024-12-09 08:16:49.090053 sent 2024-12-09 08:16:49.073553
INFO:Message received on topic: test/35 with payload size: 91 at 2024-12-09 08:16:51.758683 sent 2024-12-09 08:16:51.689998
INFO:Message received on topic: test/35 with payload size: 91 at 2024-12-09 08:16:54.486260 sent 2024-12-09 08:16:54.302055
INFO:Message received on topic: test/35 with payload size: 91 at 2024-12-09 08:16:56.980928 sent 2024-12-09 08:16:56.908374
INFO:Message received on topic: test/35 with payload size: 91 at 2024-12-09 08:16:59.584309 sent 2024-12-09 08:16:59.511977
INFO:Message received on topic: test/35 with payload size: 91 at 2024-12-09 08:17:02.183949 sent 2024-12-09 08:17:02.121901
INFO:Message received on topic: test/35 with payload size: 91 at 2024-12-09 08:17:04.795892 sent 2024-12-09 08:17:04.741182
INFO:Message received on topic: test/35 with payload size: 91 at 2024-12-09 08:17:07.386275 sent 2024-12-09 08:17:07.354302
INFO:Message received on topic: test/35 with payload size: 91 at 2024-12-09 08:17:10.079948 sent 2024-12-09 08:17:09.962510
INFO:Message received on topic: test/35 with payload size: 91 at 2024-12-09 08:17:12.588940 sent 2024-12-09 08:17:12.570530
INFO:Message received on topic: test/35 with payload size: 91 at 2024-12-09 08:17:15.196686 sent 2024-12-09 08:17:15.184151
INFO:Message received on topic: test/35 with payload size: 91 at 2024-12-09 08:17:17.864976 sent 2024-12-09 08:17:17.790629
INFO:Message received on topic: test/35 with payload size: 91 at 2024-12-09 08:17:20.504926 sent 2024-12-09 08:17:20.396068
INFO:Message received on topic: test/35 with payload size: 91 at 2024-12-09 08:17:23.093103 sent 2024-12-09 08:17:23.009973
INFO:Message received on topic: test/35 with payload size: 91 at 2024-12-09 08:17:25.678478 sent 2024-12-09 08:17:25.616627
INFO:Message received on topic: test/35 with payload size: 91 at 2024-12-09 08:17:28.294730 sent 2024-12-09 08:17:28.224541
INFO:Message received on topic: test/35 with payload size: 91 at 2024-12-09 08:17:30.992010 sent 2024-12-09 08:17:30.834970
INFO:Message received on topic: test/35 with payload size: 91 at 2024-12-09 08:17:33.487245 sent 2024-12-09 08:17:33.454709
INFO:Message received on topic: test/35 with payload size: 91 at 2024-12-09 08:17:36.153917 sent 2024-12-09 08:17:36.062310
INFO:Message received on topic: test/35 with payload size: 91 at 2024-12-09 08:17:38.772106 sent 2024-12-09 08:17:38.672855
INFO:Message received on topic: test/35 with payload size: 91 at 2024-12-09 08:17:41.386011 sent 2024-12-09 08:17:41.278768
INFO:Message received on topic: test/35 with payload size: 91 at 2024-12-09 08:17:43.971948 sent 2024-12-09 08:17:43.892282
INFO:Message received on topic: test/35 with payload size: 91 at 2024-12-09 08:17:46.683188 sent 2024-12-09 08:17:46.499054
INFO:Message received on topic: test/35 with payload size: 91 at 2024-12-09 08:17:49.282212 sent 2024-12-09 08:17:49.113626
INFO:Message received on topic: test/35 with payload size: 91 at 2024-12-09 08:17:51.792912 sent 2024-12-09 08:17:51.721862
INFO:Message received on topic: test/35 with payload size: 91 at 2024-12-09 08:17:54.558083 sent 2024-12-09 08:17:54.332164
INFO:Message received on topic: test/35 with payload size: 91 at 2024-12-09 08:17:56.988045 sent 2024-12-09 08:17:56.940085
INFO:Message received on topic: test/35 with payload size: 91 at 2024-12-09 08:17:59.653469 sent 2024-12-09 08:17:59.553139
INFO:Message received on topic: test/35 with payload size: 91 at 2024-12-09 08:18:02.290699 sent 2024-12-09 08:18:02.167023
INFO:Message received on topic: test/35 with payload size: 91 at 2024-12-09 08:18:04.887622 sent 2024-12-09 08:18:04.775462
INFO:Message received on topic: test/35 with payload size: 91 at 2024-12-09 08:18:07.483727 sent 2024-12-09 08:18:07.392143
INFO:Message received on topic: test/35 with payload size: 91 at 2024-12-09 08:18:10.074655 sent 2024-12-09 08:18:10.002814
INFO:Message received on topic: test/35 with payload size: 91 at 2024-12-09 08:18:12.785936 sent 2024-12-09 08:18:12.618414
INFO:Message received on topic: test/35 with payload size: 91 at 2024-12-09 08:18:15.357931 sent 2024-12-09 08:18:15.229012
INFO:Message received on topic: test/35 with payload size: 91 at 2024-12-09 08:18:17.958150 sent 2024-12-09 08:18:17.836961
INFO:Message received on topic: test/35 with payload size: 91 at 2024-12-09 08:18:20.492653 sent 2024-12-09 08:18:20.454793
INFO:Message received on topic: test/35 with payload size: 91 at 2024-12-09 08:18:23.176832 sent 2024-12-09 08:18:23.069790
INFO:Message received on topic: test/35 with payload size: 91 at 2024-12-09 08:18:25.696632 sent 2024-12-09 08:18:25.678295
INFO:Message received on topic: test/35 with payload size: 91 at 2024-12-09 08:18:28.358239 sent 2024-12-09 08:18:28.289086
INFO:Message received on topic: test/35 with payload size: 91 at 2024-12-09 08:18:30.995878 sent 2024-12-09 08:18:30.904513
INFO:Message received on topic: test/35 with payload size: 91 at 2024-12-09 08:18:33.676121 sent 2024-12-09 08:18:33.518248
INFO:Message received on topic: test/35 with payload size: 91 at 2024-12-09 08:18:36.274566 sent 2024-12-09 08:18:36.124898
INFO:Message received on topic: test/35 with payload size: 91 at 2024-12-09 08:18:38.859791 sent 2024-12-09 08:18:38.738606
INFO:Message received on topic: test/35 with payload size: 91 at 2024-12-09 08:18:41.399112 sent 2024-12-09 08:18:41.346637
INFO:Message received on topic: test/35 with payload size: 91 at 2024-12-09 08:18:44.057034 sent 2024-12-09 08:18:43.958617
INFO:Message received on topic: test/35 with payload size: 91 at 2024-12-09 08:18:46.690448 sent 2024-12-09 08:18:46.565584
INFO:Message received on topic: test/35 with payload size: 91 at 2024-12-09 08:18:49.199483 sent 2024-12-09 08:18:49.179701
INFO:Message received on topic: test/35 with payload size: 91 at 2024-12-09 08:18:51.985560 sent 2024-12-09 08:18:51.789624
INFO:Message received on topic: test/35 with payload size: 91 at 2024-12-09 08:18:54.478522 sent 2024-12-09 08:18:54.399747
INFO:Message received on topic: test/35 with payload size: 91 at 2024-12-09 08:18:57.095142 sent 2024-12-09 08:18:56.994527
INFO:Message received on topic: test/35 with payload size: 91 at 2024-12-09 08:18:59.682585 sent 2024-12-09 08:18:59.581079
INFO:Message received on topic: test/35 with payload size: 91 at 2024-12-09 08:19:02.354699 sent 2024-12-09 08:19:02.173701
INFO:Message received on topic: test/35 with payload size: 91 at 2024-12-09 08:19:04.853633 sent 2024-12-09 08:19:04.763173
INFO:Message received on topic: test/35 with payload size: 91 at 2024-12-09 08:19:07.402103 sent 2024-12-09 08:19:07.371452
INFO:Message received on topic: test/35 with payload size: 91 at 2024-12-09 08:19:10.080193 sent 2024-12-09 08:19:09.983429
INFO:Message received on topic: test/35 with payload size: 91 at 2024-12-09 08:19:12.787084 sent 2024-12-09 08:19:12.598847
INFO:Message received on topic: test/35 with payload size: 91 at 2024-12-09 08:19:15.352599 sent 2024-12-09 08:19:15.209163
INFO:Message received on topic: test/35 with payload size: 91 at 2024-12-09 08:19:17.898839 sent 2024-12-09 08:19:17.815307
INFO:Message received on topic: test/35 with payload size: 91 at 2024-12-09 08:19:20.481932 sent 2024-12-09 08:19:20.424705
INFO:Message received on topic: test/35 with payload size: 91 at 2024-12-09 08:19:23.102138 sent 2024-12-09 08:19:23.040117
INFO:Message received on topic: test/35 with payload size: 91 at 2024-12-09 08:19:25.782186 sent 2024-12-09 08:19:25.652976
INFO:Message received on topic: test/35 with payload size: 91 at 2024-12-09 08:19:28.313012 sent 2024-12-09 08:19:28.261134
INFO:Message received on topic: test/35 with payload size: 91 at 2024-12-09 08:19:30.905550 sent 2024-12-09 08:19:30.874110
INFO:Message received on topic: test/35 with payload size: 91 at 2024-12-09 08:19:33.500595 sent 2024-12-09 08:19:33.485955
INFO:Message received on topic: test/35 with payload size: 91 at 2024-12-09 08:19:36.183261 sent 2024-12-09 08:19:36.100230
INFO:Message received on topic: test/35 with payload size: 91 at 2024-12-09 08:19:38.786674 sent 2024-12-09 08:19:38.710266
INFO:Message received on topic: test/35 with payload size: 91 at 2024-12-09 08:19:41.398878 sent 2024-12-09 08:19:41.323124
INFO:Message received on topic: test/35 with payload size: 91 at 2024-12-09 08:19:43.987807 sent 2024-12-09 08:19:43.931553
INFO:Message received on topic: test/35 with payload size: 91 at 2024-12-09 08:19:46.597155 sent 2024-12-09 08:19:46.537366
INFO:Message received on topic: test/35 with payload size: 91 at 2024-12-09 08:19:49.195567 sent 2024-12-09 08:19:49.144140
INFO:Message received on topic: test/35 with payload size: 91 at 2024-12-09 08:19:51.782837 sent 2024-12-09 08:19:51.748596
INFO:Message received on topic: test/35 with payload size: 91 at 2024-12-09 08:19:54.382521 sent 2024-12-09 08:19:54.352030
INFO:Message received on topic: test/35 with payload size: 91 at 2024-12-09 08:19:57.007082 sent 2024-12-09 08:19:56.956511
INFO:Message received on topic: test/35 with payload size: 91 at 2024-12-09 08:19:59.599768 sent 2024-12-09 08:19:59.572311
INFO:Message received on topic: test/35 with payload size: 91 at 2024-12-09 08:20:02.271968 sent 2024-12-09 08:20:02.178416
INFO:Message received on topic: test/35 with payload size: 91 at 2024-12-09 08:20:04.853425 sent 2024-12-09 08:20:04.784898
INFO:Message received on topic: test/35 with payload size: 91 at 2024-12-09 08:20:07.492958 sent 2024-12-09 08:20:07.396289
INFO:Message received on topic: test/35 with payload size: 91 at 2024-12-09 08:20:10.059003 sent 2024-12-09 08:20:09.999427
INFO:Message received on topic: test/35 with payload size: 91 at 2024-12-09 08:20:12.684802 sent 2024-12-09 08:20:12.608386
INFO:Message received on topic: test/35 with payload size: 91 at 2024-12-09 08:20:15.276176 sent 2024-12-09 08:20:15.213370
INFO:Message received on topic: test/35 with payload size: 91 at 2024-12-09 08:20:17.888692 sent 2024-12-09 08:20:17.816037
INFO:Message received on topic: test/35 with payload size: 91 at 2024-12-09 08:20:20.486627 sent 2024-12-09 08:20:20.421566
INFO:Message received on topic: test/35 with payload size: 91 at 2024-12-09 08:20:23.085061 sent 2024-12-09 08:20:23.025724
INFO:Message received on topic: test/35 with payload size: 91 at 2024-12-09 08:20:25.694847 sent 2024-12-09 08:20:25.628806
INFO:Message received on topic: test/35 with payload size: 91 at 2024-12-09 08:20:28.277955 sent 2024-12-09 08:20:28.231305
INFO:Message received on topic: test/35 with payload size: 91 at 2024-12-09 08:20:30.882849 sent 2024-12-09 08:20:30.838880
INFO:Message received on topic: test/35 with payload size: 91 at 2024-12-09 08:20:33.474586 sent 2024-12-09 08:20:33.435182
INFO:Message received on topic: test/35 with payload size: 91 at 2024-12-09 08:20:36.096725 sent 2024-12-09 08:20:36.042788
INFO:Message received on topic: test/35 with payload size: 91 at 2024-12-09 08:20:38.697974 sent 2024-12-09 08:20:38.646302
INFO:Message received on topic: test/35 with payload size: 91 at 2024-12-09 08:20:41.293232 sent 2024-12-09 08:20:41.254631
INFO:Message received on topic: test/35 with payload size: 91 at 2024-12-09 08:20:43.891180 sent 2024-12-09 08:20:43.856977
INFO:Message received on topic: test/35 with payload size: 91 at 2024-12-09 08:20:46.491860 sent 2024-12-09 08:20:46.457741
INFO:Message received on topic: test/35 with payload size: 91 at 2024-12-09 08:20:49.151830 sent 2024-12-09 08:20:49.061538
INFO:Message received on topic: test/35 with payload size: 91 at 2024-12-09 08:20:51.705313 sent 2024-12-09 08:20:51.664715
INFO:Message received on topic: test/35 with payload size: 91 at 2024-12-09 08:20:54.289501 sent 2024-12-09 08:20:54.267584
INFO:Message received on topic: test/35 with payload size: 91 at 2024-12-09 08:20:56.881849 sent 2024-12-09 08:20:56.867288
INFO:Message received on topic: test/35 with payload size: 91 at 2024-12-09 08:20:59.491556 sent 2024-12-09 08:20:59.471490
INFO:Message received on topic: test/35 with payload size: 91 at 2024-12-09 08:21:02.088857 sent 2024-12-09 08:21:02.076442
INFO:Message received on topic: test/35 with payload size: 91 at 2024-12-09 08:21:04.688691 sent 2024-12-09 08:21:04.679672
INFO:Message received on topic: test/35 with payload size: 91 at 2024-12-09 08:21:07.295996 sent 2024-12-09 08:21:07.283013
INFO:Message received on topic: test/35 with payload size: 91 at 2024-12-09 08:21:09.902193 sent 2024-12-09 08:21:09.885298
INFO:Message received on topic: test/35 with payload size: 91 at 2024-12-09 08:21:12.502806 sent 2024-12-09 08:21:12.488116
INFO:Message received on topic: test/35 with payload size: 91 at 2024-12-09 08:21:15.101593 sent 2024-12-09 08:21:15.088718
INFO:Message received on topic: test/35 with payload size: 91 at 2024-12-09 08:21:17.698616 sent 2024-12-09 08:21:17.690849
INFO:Message received on topic: test/35 with payload size: 91 at 2024-12-09 08:21:20.305759 sent 2024-12-09 08:21:20.293899
INFO:Message received on topic: test/35 with payload size: 91 at 2024-12-09 08:21:22.974910 sent 2024-12-09 08:21:22.898641
INFO:Message received on topic: test/35 with payload size: 91 at 2024-12-09 08:21:25.577283 sent 2024-12-09 08:21:25.501487
