INFO:Starting Version 1.0.5
DEBUG:Using selector: EpollSelector
INFO:Connecting to cluster at: mqtt-quic://emqx-headless.dtwins:14567 using QUIC
INFO:Subscribed to topic: test/10
INFO:Logging each: 50
INFO:Unhandled packet type received
INFO:Message received on topic: test/10 with payload size: 91 at 2024-12-09 08:11:27.413081 sent 2024-12-09 08:11:27.411618
INFO:Message received on topic: test/10 with payload size: 91 at 2024-12-09 08:11:30.012557 sent 2024-12-09 08:11:30.011055
INFO:Message received on topic: test/10 with payload size: 91 at 2024-12-09 08:11:32.610566 sent 2024-12-09 08:11:32.609512
INFO:Message received on topic: test/10 with payload size: 91 at 2024-12-09 08:11:35.211260 sent 2024-12-09 08:11:35.209495
INFO:Message received on topic: test/10 with payload size: 91 at 2024-12-09 08:11:37.811048 sent 2024-12-09 08:11:37.808953
INFO:Message received on topic: test/10 with payload size: 91 at 2024-12-09 08:11:40.411033 sent 2024-12-09 08:11:40.409687
INFO:Message received on topic: test/10 with payload size: 91 at 2024-12-09 08:11:43.058458 sent 2024-12-09 08:11:43.006946
INFO:Message received on topic: test/10 with payload size: 91 at 2024-12-09 08:11:45.672442 sent 2024-12-09 08:11:45.609683
INFO:Message received on topic: test/10 with payload size: 91 at 2024-12-09 08:11:48.211276 sent 2024-12-09 08:11:48.209054
INFO:Message received on topic: test/10 with payload size: 91 at 2024-12-09 08:11:50.880030 sent 2024-12-09 08:11:50.811636
INFO:Message received on topic: test/10 with payload size: 91 at 2024-12-09 08:11:53.453918 sent 2024-12-09 08:11:53.410995
INFO:Message received on topic: test/10 with payload size: 91 at 2024-12-09 08:11:56.057800 sent 2024-12-09 08:11:56.011695
INFO:Message received on topic: test/10 with payload size: 91 at 2024-12-09 08:11:58.659977 sent 2024-12-09 08:11:58.614562
INFO:Message received on topic: test/10 with payload size: 91 at 2024-12-09 08:12:01.278637 sent 2024-12-09 08:12:01.220269
INFO:Message received on topic: test/10 with payload size: 91 at 2024-12-09 08:12:03.874508 sent 2024-12-09 08:12:03.825456
INFO:Message received on topic: test/10 with payload size: 91 at 2024-12-09 08:12:06.457683 sent 2024-12-09 08:12:06.432743
INFO:Message received on topic: test/10 with payload size: 91 at 2024-12-09 08:12:09.074046 sent 2024-12-09 08:12:09.035155
INFO:Message received on topic: test/10 with payload size: 91 at 2024-12-09 08:12:11.660468 sent 2024-12-09 08:12:11.629574
INFO:Message received on topic: test/10 with payload size: 91 at 2024-12-09 08:12:14.275372 sent 2024-12-09 08:12:14.217845
INFO:Message received on topic: test/10 with payload size: 91 at 2024-12-09 08:12:16.855199 sent 2024-12-09 08:12:16.803842
INFO:Message received on topic: test/10 with payload size: 91 at 2024-12-09 08:12:19.401070 sent 2024-12-09 08:12:19.387114
INFO:Message received on topic: test/10 with payload size: 91 at 2024-12-09 08:12:21.985129 sent 2024-12-09 08:12:21.981632
INFO:Message received on topic: test/10 with payload size: 91 at 2024-12-09 08:12:24.595087 sent 2024-12-09 08:12:24.584410
INFO:Message received on topic: test/10 with payload size: 91 at 2024-12-09 08:12:27.279012 sent 2024-12-09 08:12:27.189438
INFO:Message received on topic: test/10 with payload size: 91 at 2024-12-09 08:12:29.810211 sent 2024-12-09 08:12:29.795488
INFO:Message received on topic: test/10 with payload size: 91 at 2024-12-09 08:12:32.481877 sent 2024-12-09 08:12:32.398074
INFO:Message received on topic: test/10 with payload size: 91 at 2024-12-09 08:12:35.053910 sent 2024-12-09 08:12:35.003207
INFO:Message received on topic: test/10 with payload size: 91 at 2024-12-09 08:12:37.677631 sent 2024-12-09 08:12:37.607707
INFO:Message received on topic: test/10 with payload size: 91 at 2024-12-09 08:12:40.258951 sent 2024-12-09 08:12:40.215997
INFO:Message received on topic: test/10 with payload size: 91 at 2024-12-09 08:12:42.878667 sent 2024-12-09 08:12:42.817892
INFO:Message received on topic: test/10 with payload size: 91 at 2024-12-09 08:12:45.478985 sent 2024-12-09 08:12:45.421086
INFO:Message received on topic: test/10 with payload size: 91 at 2024-12-09 08:12:48.065931 sent 2024-12-09 08:12:48.024228
INFO:Message received on topic: test/10 with payload size: 91 at 2024-12-09 08:12:50.752701 sent 2024-12-09 08:12:50.634564
INFO:Message received on topic: test/10 with payload size: 91 at 2024-12-09 08:12:53.280535 sent 2024-12-09 08:12:53.235600
INFO:Message received on topic: test/10 with payload size: 91 at 2024-12-09 08:12:55.966204 sent 2024-12-09 08:12:55.840184
INFO:Message received on topic: test/10 with payload size: 91 at 2024-12-09 08:12:58.557911 sent 2024-12-09 08:12:58.442661
INFO:Message received on topic: test/10 with payload size: 91 at 2024-12-09 08:13:01.181914 sent 2024-12-09 08:13:01.048669
INFO:Message received on topic: test/10 with payload size: 91 at 2024-12-09 08:13:03.686768 sent 2024-12-09 08:13:03.656835
INFO:Message received on topic: test/10 with payload size: 91 at 2024-12-09 08:13:06.280833 sent 2024-12-09 08:13:06.261825
INFO:Message received on topic: test/10 with payload size: 91 at 2024-12-09 08:13:08.882302 sent 2024-12-09 08:13:08.871812
INFO:Message received on topic: test/10 with payload size: 91 at 2024-12-09 08:13:11.506604 sent 2024-12-09 08:13:11.485037
INFO:Message received on topic: test/10 with payload size: 91 at 2024-12-09 08:13:14.181420 sent 2024-12-09 08:13:14.094313
INFO:Message received on topic: test/10 with payload size: 91 at 2024-12-09 08:13:16.758283 sent 2024-12-09 08:13:16.701573
INFO:Message received on topic: test/10 with payload size: 91 at 2024-12-09 08:13:19.377195 sent 2024-12-09 08:13:19.312301
INFO:Message received on topic: test/10 with payload size: 91 at 2024-12-09 08:13:21.979243 sent 2024-12-09 08:13:21.927037
INFO:Message received on topic: test/10 with payload size: 91 at 2024-12-09 08:13:24.681026 sent 2024-12-09 08:13:24.545120
INFO:Message received on topic: test/10 with payload size: 91 at 2024-12-09 08:13:27.185397 sent 2024-12-09 08:13:27.160817
INFO:Message received on topic: test/10 with payload size: 91 at 2024-12-09 08:13:29.797616 sent 2024-12-09 08:13:29.773088
INFO:Message received on topic: test/10 with payload size: 91 at 2024-12-09 08:13:32.402570 sent 2024-12-09 08:13:32.384134
INFO:Message received on topic: test/10 with payload size: 91 at 2024-12-09 08:13:35.006609 sent 2024-12-09 08:13:34.991067
INFO:Message received on topic: test/10 with payload size: 91 at 2024-12-09 08:13:37.675236 sent 2024-12-09 08:13:37.597244
INFO:Message received on topic: test/10 with payload size: 91 at 2024-12-09 08:13:40.284171 sent 2024-12-09 08:13:40.211160
INFO:Message received on topic: test/10 with payload size: 91 at 2024-12-09 08:13:42.887092 sent 2024-12-09 08:13:42.822447
INFO:Message received on topic: test/10 with payload size: 91 at 2024-12-09 08:13:45.488291 sent 2024-12-09 08:13:45.445395
INFO:Message received on topic: test/10 with payload size: 91 at 2024-12-09 08:13:48.093514 sent 2024-12-09 08:13:48.045540
INFO:Message received on topic: test/10 with payload size: 91 at 2024-12-09 08:13:50.695615 sent 2024-12-09 08:13:50.661984
INFO:Message received on topic: test/10 with payload size: 91 at 2024-12-09 08:13:53.304157 sent 2024-12-09 08:13:53.271490
INFO:Message received on topic: test/10 with payload size: 91 at 2024-12-09 08:13:55.957898 sent 2024-12-09 08:13:55.877695
INFO:Message received on topic: test/10 with payload size: 91 at 2024-12-09 08:13:58.552256 sent 2024-12-09 08:13:58.488059
INFO:Message received on topic: test/10 with payload size: 91 at 2024-12-09 08:14:01.175427 sent 2024-12-09 08:14:01.104716
INFO:Message received on topic: test/10 with payload size: 91 at 2024-12-09 08:14:03.791275 sent 2024-12-09 08:14:03.718097
INFO:Message received on topic: test/10 with payload size: 91 at 2024-12-09 08:14:06.379172 sent 2024-12-09 08:14:06.334055
INFO:Message received on topic: test/10 with payload size: 91 at 2024-12-09 08:14:08.985346 sent 2024-12-09 08:14:08.940511
INFO:Message received on topic: test/10 with payload size: 91 at 2024-12-09 08:14:11.598809 sent 2024-12-09 08:14:11.547373
INFO:Message received on topic: test/10 with payload size: 91 at 2024-12-09 08:14:14.201251 sent 2024-12-09 08:14:14.160791
INFO:Message received on topic: test/10 with payload size: 91 at 2024-12-09 08:14:16.788667 sent 2024-12-09 08:14:16.769715
INFO:Message received on topic: test/10 with payload size: 91 at 2024-12-09 08:14:19.405927 sent 2024-12-09 08:14:19.379627
INFO:Message received on topic: test/10 with payload size: 91 at 2024-12-09 08:14:22.007267 sent 2024-12-09 08:14:21.991507
INFO:Message received on topic: test/10 with payload size: 91 at 2024-12-09 08:14:24.697245 sent 2024-12-09 08:14:24.599190
INFO:Message received on topic: test/10 with payload size: 91 at 2024-12-09 08:14:27.272212 sent 2024-12-09 08:14:27.205147
INFO:Message received on topic: test/10 with payload size: 91 at 2024-12-09 08:14:29.893041 sent 2024-12-09 08:14:29.817543
INFO:Message received on topic: test/10 with payload size: 91 at 2024-12-09 08:14:32.480086 sent 2024-12-09 08:14:32.430097
INFO:Message received on topic: test/10 with payload size: 91 at 2024-12-09 08:14:35.086115 sent 2024-12-09 08:14:35.039492
INFO:Message received on topic: test/10 with payload size: 91 at 2024-12-09 08:14:37.689256 sent 2024-12-09 08:14:37.655003
INFO:Message received on topic: test/10 with payload size: 91 at 2024-12-09 08:14:40.355154 sent 2024-12-09 08:14:40.268432
INFO:Message received on topic: test/10 with payload size: 91 at 2024-12-09 08:14:42.959270 sent 2024-12-09 08:14:42.883420
INFO:Message received on topic: test/10 with payload size: 91 at 2024-12-09 08:14:45.594052 sent 2024-12-09 08:14:45.496393
INFO:Message received on topic: test/10 with payload size: 91 at 2024-12-09 08:14:48.190792 sent 2024-12-09 08:14:48.103717
INFO:Message received on topic: test/10 with payload size: 91 at 2024-12-09 08:14:50.790677 sent 2024-12-09 08:14:50.720621
INFO:Message received on topic: test/10 with payload size: 91 at 2024-12-09 08:14:53.382191 sent 2024-12-09 08:14:53.331237
INFO:Message received on topic: test/10 with payload size: 91 at 2024-12-09 08:14:56.072536 sent 2024-12-09 08:14:55.942187
INFO:Message received on topic: test/10 with payload size: 91 at 2024-12-09 08:14:58.601005 sent 2024-12-09 08:14:58.555629
INFO:Message received on topic: test/10 with payload size: 91 at 2024-12-09 08:15:01.202775 sent 2024-12-09 08:15:01.164386
INFO:Message received on topic: test/10 with payload size: 91 at 2024-12-09 08:15:03.793233 sent 2024-12-09 08:15:03.773241
INFO:Message received on topic: test/10 with payload size: 91 at 2024-12-09 08:15:06.458416 sent 2024-12-09 08:15:06.382527
INFO:Message received on topic: test/10 with payload size: 91 at 2024-12-09 08:15:09.084934 sent 2024-12-09 08:15:08.993562
INFO:Message received on topic: test/10 with payload size: 91 at 2024-12-09 08:15:11.676043 sent 2024-12-09 08:15:11.609494
INFO:Message received on topic: test/10 with payload size: 91 at 2024-12-09 08:15:14.297478 sent 2024-12-09 08:15:14.219055
INFO:Message received on topic: test/10 with payload size: 91 at 2024-12-09 08:15:16.904876 sent 2024-12-09 08:15:16.832950
INFO:Message received on topic: test/10 with payload size: 91 at 2024-12-09 08:15:19.555805 sent 2024-12-09 08:15:19.449147
INFO:Message received on topic: test/10 with payload size: 91 at 2024-12-09 08:15:22.087753 sent 2024-12-09 08:15:22.061371
INFO:Message received on topic: test/10 with payload size: 91 at 2024-12-09 08:15:24.690405 sent 2024-12-09 08:15:24.668866
INFO:Message received on topic: test/10 with payload size: 91 at 2024-12-09 08:15:27.380066 sent 2024-12-09 08:15:27.280879
INFO:Message received on topic: test/10 with payload size: 91 at 2024-12-09 08:15:29.954286 sent 2024-12-09 08:15:29.893100
INFO:Message received on topic: test/10 with payload size: 91 at 2024-12-09 08:15:32.584985 sent 2024-12-09 08:15:32.506959
INFO:Message received on topic: test/10 with payload size: 91 at 2024-12-09 08:15:35.197521 sent 2024-12-09 08:15:35.114734
INFO:Message received on topic: test/10 with payload size: 91 at 2024-12-09 08:15:37.800010 sent 2024-12-09 08:15:37.723128
INFO:Message received on topic: test/10 with payload size: 91 at 2024-12-09 08:15:40.385954 sent 2024-12-09 08:15:40.329255
INFO:Message received on topic: test/10 with payload size: 91 at 2024-12-09 08:15:43.073639 sent 2024-12-09 08:15:42.938888
INFO:Message received on topic: test/10 with payload size: 91 at 2024-12-09 08:15:45.590478 sent 2024-12-09 08:15:45.546408
INFO:Message received on topic: test/10 with payload size: 91 at 2024-12-09 08:15:48.274691 sent 2024-12-09 08:15:48.160695
INFO:Message received on topic: test/10 with payload size: 91 at 2024-12-09 08:15:50.797834 sent 2024-12-09 08:15:50.775412
INFO:Message received on topic: test/10 with payload size: 91 at 2024-12-09 08:15:53.484474 sent 2024-12-09 08:15:53.395766
INFO:Message received on topic: test/10 with payload size: 91 at 2024-12-09 08:15:56.078252 sent 2024-12-09 08:15:56.006697
INFO:Message received on topic: test/10 with payload size: 91 at 2024-12-09 08:15:58.757451 sent 2024-12-09 08:15:58.619182
INFO:Message received on topic: test/10 with payload size: 91 at 2024-12-09 08:16:01.284251 sent 2024-12-09 08:16:01.226274
INFO:Message received on topic: test/10 with payload size: 91 at 2024-12-09 08:16:03.893561 sent 2024-12-09 08:16:03.840245
INFO:Message received on topic: test/10 with payload size: 91 at 2024-12-09 08:16:06.490514 sent 2024-12-09 08:16:06.452494
INFO:Message received on topic: test/10 with payload size: 91 at 2024-12-09 08:16:09.108835 sent 2024-12-09 08:16:09.063965
INFO:Message received on topic: test/10 with payload size: 91 at 2024-12-09 08:16:11.705834 sent 2024-12-09 08:16:11.672455
INFO:Message received on topic: test/10 with payload size: 91 at 2024-12-09 08:16:14.302813 sent 2024-12-09 08:16:14.278966
INFO:Message received on topic: test/10 with payload size: 91 at 2024-12-09 08:16:16.956652 sent 2024-12-09 08:16:16.883261
INFO:Message received on topic: test/10 with payload size: 91 at 2024-12-09 08:16:19.586200 sent 2024-12-09 08:16:19.495553
INFO:Message received on topic: test/10 with payload size: 91 at 2024-12-09 08:16:22.199964 sent 2024-12-09 08:16:22.103982
INFO:Message received on topic: test/10 with payload size: 91 at 2024-12-09 08:16:24.774172 sent 2024-12-09 08:16:24.715188
INFO:Message received on topic: test/10 with payload size: 91 at 2024-12-09 08:16:27.454807 sent 2024-12-09 08:16:27.323142
INFO:Message received on topic: test/10 with payload size: 91 at 2024-12-09 08:16:29.980525 sent 2024-12-09 08:16:29.938016
INFO:Message received on topic: test/10 with payload size: 91 at 2024-12-09 08:16:32.658944 sent 2024-12-09 08:16:32.558052
INFO:Message received on topic: test/10 with payload size: 91 at 2024-12-09 08:16:35.198807 sent 2024-12-09 08:16:35.175127
INFO:Message received on topic: test/10 with payload size: 91 at 2024-12-09 08:16:37.854301 sent 2024-12-09 08:16:37.788064
INFO:Message received on topic: test/10 with payload size: 91 at 2024-12-09 08:16:40.480042 sent 2024-12-09 08:16:40.396546
INFO:Message received on topic: test/10 with payload size: 91 at 2024-12-09 08:16:43.153948 sent 2024-12-09 08:16:43.007682
INFO:Message received on topic: test/10 with payload size: 91 at 2024-12-09 08:16:45.685177 sent 2024-12-09 08:16:45.615011
INFO:Message received on topic: test/10 with payload size: 91 at 2024-12-09 08:16:48.297382 sent 2024-12-09 08:16:48.223282
INFO:Message received on topic: test/10 with payload size: 91 at 2024-12-09 08:16:50.912222 sent 2024-12-09 08:16:50.836015
INFO:Message received on topic: test/10 with payload size: 91 at 2024-12-09 08:16:53.688014 sent 2024-12-09 08:16:53.441307
INFO:Message received on topic: test/10 with payload size: 91 at 2024-12-09 08:16:56.173501 sent 2024-12-09 08:16:56.048901
INFO:Message received on topic: test/10 with payload size: 91 at 2024-12-09 08:16:58.785518 sent 2024-12-09 08:16:58.665656
INFO:Message received on topic: test/10 with payload size: 91 at 2024-12-09 08:17:01.354983 sent 2024-12-09 08:17:01.276948
INFO:Message received on topic: test/10 with payload size: 91 at 2024-12-09 08:17:03.982694 sent 2024-12-09 08:17:03.887762
INFO:Message received on topic: test/10 with payload size: 91 at 2024-12-09 08:17:06.555218 sent 2024-12-09 08:17:06.494800
INFO:Message received on topic: test/10 with payload size: 91 at 2024-12-09 08:17:09.279005 sent 2024-12-09 08:17:09.103015
INFO:Message received on topic: test/10 with payload size: 91 at 2024-12-09 08:17:11.811060 sent 2024-12-09 08:17:11.713672
INFO:Message received on topic: test/10 with payload size: 91 at 2024-12-09 08:17:14.453653 sent 2024-12-09 08:17:14.321970
INFO:Message received on topic: test/10 with payload size: 91 at 2024-12-09 08:17:17.010078 sent 2024-12-09 08:17:16.932508
INFO:Message received on topic: test/10 with payload size: 91 at 2024-12-09 08:17:19.698976 sent 2024-12-09 08:17:19.543016
INFO:Message received on topic: test/10 with payload size: 91 at 2024-12-09 08:17:22.197991 sent 2024-12-09 08:17:22.154573
INFO:Message received on topic: test/10 with payload size: 91 at 2024-12-09 08:17:24.788740 sent 2024-12-09 08:17:24.763082
INFO:Message received on topic: test/10 with payload size: 91 at 2024-12-09 08:17:27.478584 sent 2024-12-09 08:17:27.372129
INFO:Message received on topic: test/10 with payload size: 91 at 2024-12-09 08:17:29.998821 sent 2024-12-09 08:17:29.982695
INFO:Message received on topic: test/10 with payload size: 91 at 2024-12-09 08:17:32.753657 sent 2024-12-09 08:17:32.592507
INFO:Message received on topic: test/10 with payload size: 91 at 2024-12-09 08:17:35.279827 sent 2024-12-09 08:17:35.198652
INFO:Message received on topic: test/10 with payload size: 91 at 2024-12-09 08:17:37.886769 sent 2024-12-09 08:17:37.808191
INFO:Message received on topic: test/10 with payload size: 91 at 2024-12-09 08:17:40.579452 sent 2024-12-09 08:17:40.415718
INFO:Message received on topic: test/10 with payload size: 91 at 2024-12-09 08:17:43.101688 sent 2024-12-09 08:17:43.026388
INFO:Message received on topic: test/10 with payload size: 91 at 2024-12-09 08:17:45.883315 sent 2024-12-09 08:17:45.636144
INFO:Message received on topic: test/10 with payload size: 91 at 2024-12-09 08:17:48.378549 sent 2024-12-09 08:17:48.241452
INFO:Message received on topic: test/10 with payload size: 91 at 2024-12-09 08:17:50.989199 sent 2024-12-09 08:17:50.857985
INFO:Message received on topic: test/10 with payload size: 91 at 2024-12-09 08:17:53.493990 sent 2024-12-09 08:17:53.468421
INFO:Message received on topic: test/10 with payload size: 91 at 2024-12-09 08:17:56.099500 sent 2024-12-09 08:17:56.075664
INFO:Message received on topic: test/10 with payload size: 91 at 2024-12-09 08:17:58.781806 sent 2024-12-09 08:17:58.682828
INFO:Message received on topic: test/10 with payload size: 91 at 2024-12-09 08:18:01.380288 sent 2024-12-09 08:18:01.292634
INFO:Message received on topic: test/10 with payload size: 91 at 2024-12-09 08:18:04.018119 sent 2024-12-09 08:18:03.900960
INFO:Message received on topic: test/10 with payload size: 91 at 2024-12-09 08:18:06.598156 sent 2024-12-09 08:18:06.519105
INFO:Message received on topic: test/10 with payload size: 91 at 2024-12-09 08:18:09.196226 sent 2024-12-09 08:18:09.131624
INFO:Message received on topic: test/10 with payload size: 91 at 2024-12-09 08:18:11.890189 sent 2024-12-09 08:18:11.747597
INFO:Message received on topic: test/10 with payload size: 91 at 2024-12-09 08:18:14.384549 sent 2024-12-09 08:18:14.358821
INFO:Message received on topic: test/10 with payload size: 91 at 2024-12-09 08:18:17.082706 sent 2024-12-09 08:18:16.962995
INFO:Message received on topic: test/10 with payload size: 91 at 2024-12-09 08:18:19.672053 sent 2024-12-09 08:18:19.572741
INFO:Message received on topic: test/10 with payload size: 91 at 2024-12-09 08:18:22.277653 sent 2024-12-09 08:18:22.183578
INFO:Message received on topic: test/10 with payload size: 91 at 2024-12-09 08:18:24.856521 sent 2024-12-09 08:18:24.791692
INFO:Message received on topic: test/10 with payload size: 91 at 2024-12-09 08:18:27.497992 sent 2024-12-09 08:18:27.399216
INFO:Message received on topic: test/10 with payload size: 91 at 2024-12-09 08:18:30.203284 sent 2024-12-09 08:18:30.012093
INFO:Message received on topic: test/10 with payload size: 91 at 2024-12-09 08:18:32.687361 sent 2024-12-09 08:18:32.622676
INFO:Message received on topic: test/10 with payload size: 91 at 2024-12-09 08:18:35.355681 sent 2024-12-09 08:18:35.235734
INFO:Message received on topic: test/10 with payload size: 91 at 2024-12-09 08:18:37.954964 sent 2024-12-09 08:18:37.852631
INFO:Message received on topic: test/10 with payload size: 91 at 2024-12-09 08:18:40.503014 sent 2024-12-09 08:18:40.463784
INFO:Message received on topic: test/10 with payload size: 91 at 2024-12-09 08:18:43.177094 sent 2024-12-09 08:18:43.078717
INFO:Message received on topic: test/10 with payload size: 91 at 2024-12-09 08:18:45.986258 sent 2024-12-09 08:18:45.692088
INFO:Message received on topic: test/10 with payload size: 91 at 2024-12-09 08:18:48.495918 sent 2024-12-09 08:18:48.299842
INFO:Message received on topic: test/10 with payload size: 91 at 2024-12-09 08:18:51.087312 sent 2024-12-09 08:18:50.912550
INFO:Message received on topic: test/10 with payload size: 91 at 2024-12-09 08:18:53.656149 sent 2024-12-09 08:18:53.522469
INFO:Message received on topic: test/10 with payload size: 91 at 2024-12-09 08:18:56.375646 sent 2024-12-09 08:18:56.121230
INFO:Message received on topic: test/10 with payload size: 91 at 2024-12-09 08:18:58.783975 sent 2024-12-09 08:18:58.707221
INFO:Message received on topic: test/10 with payload size: 91 at 2024-12-09 08:19:01.377679 sent 2024-12-09 08:19:01.300106
INFO:Message received on topic: test/10 with payload size: 91 at 2024-12-09 08:19:03.973567 sent 2024-12-09 08:19:03.889228
INFO:Message received on topic: test/10 with payload size: 91 at 2024-12-09 08:19:06.500699 sent 2024-12-09 08:19:06.480584
INFO:Message received on topic: test/10 with payload size: 91 at 2024-12-09 08:19:09.190282 sent 2024-12-09 08:19:09.089794
INFO:Message received on topic: test/10 with payload size: 91 at 2024-12-09 08:19:11.803224 sent 2024-12-09 08:19:11.707893
INFO:Message received on topic: test/10 with payload size: 91 at 2024-12-09 08:19:14.393169 sent 2024-12-09 08:19:14.318554
INFO:Message received on topic: test/10 with payload size: 91 at 2024-12-09 08:19:16.989976 sent 2024-12-09 08:19:16.923271
INFO:Message received on topic: test/10 with payload size: 91 at 2024-12-09 08:19:19.593622 sent 2024-12-09 08:19:19.531247
INFO:Message received on topic: test/10 with payload size: 91 at 2024-12-09 08:19:22.196678 sent 2024-12-09 08:19:22.139521
INFO:Message received on topic: test/10 with payload size: 91 at 2024-12-09 08:19:24.800535 sent 2024-12-09 08:19:24.746899
INFO:Message received on topic: test/10 with payload size: 91 at 2024-12-09 08:19:27.393784 sent 2024-12-09 08:19:27.359932
INFO:Message received on topic: test/10 with payload size: 91 at 2024-12-09 08:19:30.053414 sent 2024-12-09 08:19:29.970049
INFO:Message received on topic: test/10 with payload size: 91 at 2024-12-09 08:19:32.674935 sent 2024-12-09 08:19:32.582979
INFO:Message received on topic: test/10 with payload size: 91 at 2024-12-09 08:19:35.286802 sent 2024-12-09 08:19:35.190731
INFO:Message received on topic: test/10 with payload size: 91 at 2024-12-09 08:19:37.892958 sent 2024-12-09 08:19:37.798436
INFO:Message received on topic: test/10 with payload size: 91 at 2024-12-09 08:19:40.486681 sent 2024-12-09 08:19:40.417282
INFO:Message received on topic: test/10 with payload size: 91 at 2024-12-09 08:19:43.153072 sent 2024-12-09 08:19:43.024244
INFO:Message received on topic: test/10 with payload size: 91 at 2024-12-09 08:19:45.775808 sent 2024-12-09 08:19:45.631390
INFO:Message received on topic: test/10 with payload size: 91 at 2024-12-09 08:19:48.292738 sent 2024-12-09 08:19:48.240390
INFO:Message received on topic: test/10 with payload size: 91 at 2024-12-09 08:19:50.974865 sent 2024-12-09 08:19:50.853758
INFO:Message received on topic: test/10 with payload size: 91 at 2024-12-09 08:19:53.575757 sent 2024-12-09 08:19:53.467303
INFO:Message received on topic: test/10 with payload size: 91 at 2024-12-09 08:19:56.177044 sent 2024-12-09 08:19:56.078290
