INFO:Starting Version 1.0.5
DEBUG:Using selector: EpollSelector
INFO:Connecting to cluster at: mqtt-quic://emqx-headless.dtwins:14567 using QUIC
INFO:Subscribed to topic: test/21
INFO:Logging each: 50
INFO:Unhandled packet type received
INFO:Message received on topic: test/21 with payload size: 91 at 2024-12-09 08:12:11.673738 sent 2024-12-09 08:12:11.618115
INFO:Message received on topic: test/21 with payload size: 91 at 2024-12-09 08:12:14.257037 sent 2024-12-09 08:12:14.204429
INFO:Message received on topic: test/21 with payload size: 91 at 2024-12-09 08:12:16.799479 sent 2024-12-09 08:12:16.790280
INFO:Message received on topic: test/21 with payload size: 91 at 2024-12-09 08:12:19.394100 sent 2024-12-09 08:12:19.381924
INFO:Message received on topic: test/21 with payload size: 91 at 2024-12-09 08:12:21.981157 sent 2024-12-09 08:12:21.977918
INFO:Message received on topic: test/21 with payload size: 91 at 2024-12-09 08:12:24.590897 sent 2024-12-09 08:12:24.579737
INFO:Message received on topic: test/21 with payload size: 91 at 2024-12-09 08:12:27.199563 sent 2024-12-09 08:12:27.181135
INFO:Message received on topic: test/21 with payload size: 91 at 2024-12-09 08:12:29.796008 sent 2024-12-09 08:12:29.784120
INFO:Message received on topic: test/21 with payload size: 91 at 2024-12-09 08:12:32.398563 sent 2024-12-09 08:12:32.384123
INFO:Message received on topic: test/21 with payload size: 91 at 2024-12-09 08:12:34.996542 sent 2024-12-09 08:12:34.989533
INFO:Message received on topic: test/21 with payload size: 91 at 2024-12-09 08:12:37.602130 sent 2024-12-09 08:12:37.597590
INFO:Message received on topic: test/21 with payload size: 91 at 2024-12-09 08:12:40.208183 sent 2024-12-09 08:12:40.202073
INFO:Message received on topic: test/21 with payload size: 91 at 2024-12-09 08:12:42.876804 sent 2024-12-09 08:12:42.806025
INFO:Message received on topic: test/21 with payload size: 91 at 2024-12-09 08:12:45.475996 sent 2024-12-09 08:12:45.407766
INFO:Message received on topic: test/21 with payload size: 91 at 2024-12-09 08:12:48.064271 sent 2024-12-09 08:12:48.011430
INFO:Message received on topic: test/21 with payload size: 91 at 2024-12-09 08:12:50.687948 sent 2024-12-09 08:12:50.616318
INFO:Message received on topic: test/21 with payload size: 91 at 2024-12-09 08:12:53.280758 sent 2024-12-09 08:12:53.227099
INFO:Message received on topic: test/21 with payload size: 91 at 2024-12-09 08:12:55.874994 sent 2024-12-09 08:12:55.832627
INFO:Message received on topic: test/21 with payload size: 91 at 2024-12-09 08:12:58.582127 sent 2024-12-09 08:12:58.437162
INFO:Message received on topic: test/21 with payload size: 91 at 2024-12-09 08:13:01.201063 sent 2024-12-09 08:13:01.044520
INFO:Message received on topic: test/21 with payload size: 91 at 2024-12-09 08:13:03.701029 sent 2024-12-09 08:13:03.647567
INFO:Message received on topic: test/21 with payload size: 91 at 2024-12-09 08:13:06.275903 sent 2024-12-09 08:13:06.255365
INFO:Message received on topic: test/21 with payload size: 91 at 2024-12-09 08:13:08.879052 sent 2024-12-09 08:13:08.867382
INFO:Message received on topic: test/21 with payload size: 91 at 2024-12-09 08:13:11.506916 sent 2024-12-09 08:13:11.484252
INFO:Message received on topic: test/21 with payload size: 91 at 2024-12-09 08:13:14.155882 sent 2024-12-09 08:13:14.103233
INFO:Message received on topic: test/21 with payload size: 91 at 2024-12-09 08:13:16.775624 sent 2024-12-09 08:13:16.708901
INFO:Message received on topic: test/21 with payload size: 91 at 2024-12-09 08:13:19.378222 sent 2024-12-09 08:13:19.317070
INFO:Message received on topic: test/21 with payload size: 91 at 2024-12-09 08:13:21.979685 sent 2024-12-09 08:13:21.930148
INFO:Message received on topic: test/21 with payload size: 91 at 2024-12-09 08:13:24.674987 sent 2024-12-09 08:13:24.543503
INFO:Message received on topic: test/21 with payload size: 91 at 2024-12-09 08:13:27.183255 sent 2024-12-09 08:13:27.152563
INFO:Message received on topic: test/21 with payload size: 91 at 2024-12-09 08:13:29.796857 sent 2024-12-09 08:13:29.761913
INFO:Message received on topic: test/21 with payload size: 91 at 2024-12-09 08:13:32.387698 sent 2024-12-09 08:13:32.371373
INFO:Message received on topic: test/21 with payload size: 91 at 2024-12-09 08:13:35.010497 sent 2024-12-09 08:13:34.978710
INFO:Message received on topic: test/21 with payload size: 91 at 2024-12-09 08:13:37.601088 sent 2024-12-09 08:13:37.588532
INFO:Message received on topic: test/21 with payload size: 91 at 2024-12-09 08:13:40.255959 sent 2024-12-09 08:13:40.202491
INFO:Message received on topic: test/21 with payload size: 91 at 2024-12-09 08:13:42.881613 sent 2024-12-09 08:13:42.809920
INFO:Message received on topic: test/21 with payload size: 91 at 2024-12-09 08:13:45.490782 sent 2024-12-09 08:13:45.423106
INFO:Message received on topic: test/21 with payload size: 91 at 2024-12-09 08:13:48.084868 sent 2024-12-09 08:13:48.025946
INFO:Message received on topic: test/21 with payload size: 91 at 2024-12-09 08:13:50.697023 sent 2024-12-09 08:13:50.638016
INFO:Message received on topic: test/21 with payload size: 91 at 2024-12-09 08:13:53.306012 sent 2024-12-09 08:13:53.249420
INFO:Message received on topic: test/21 with payload size: 91 at 2024-12-09 08:13:55.959845 sent 2024-12-09 08:13:55.860084
INFO:Message received on topic: test/21 with payload size: 91 at 2024-12-09 08:13:58.482300 sent 2024-12-09 08:13:58.469007
INFO:Message received on topic: test/21 with payload size: 91 at 2024-12-09 08:14:01.094770 sent 2024-12-09 08:14:01.079988
INFO:Message received on topic: test/21 with payload size: 91 at 2024-12-09 08:14:03.754899 sent 2024-12-09 08:14:03.687832
INFO:Message received on topic: test/21 with payload size: 91 at 2024-12-09 08:14:06.355269 sent 2024-12-09 08:14:06.295141
INFO:Message received on topic: test/21 with payload size: 91 at 2024-12-09 08:14:08.988608 sent 2024-12-09 08:14:08.907590
INFO:Message received on topic: test/21 with payload size: 91 at 2024-12-09 08:14:11.591446 sent 2024-12-09 08:14:11.518929
INFO:Message received on topic: test/21 with payload size: 91 at 2024-12-09 08:14:14.198511 sent 2024-12-09 08:14:14.130653
INFO:Message received on topic: test/21 with payload size: 91 at 2024-12-09 08:14:16.773763 sent 2024-12-09 08:14:16.736211
INFO:Message received on topic: test/21 with payload size: 91 at 2024-12-09 08:14:19.399688 sent 2024-12-09 08:14:19.350574
INFO:Message received on topic: test/21 with payload size: 91 at 2024-12-09 08:14:22.008314 sent 2024-12-09 08:14:21.961612
INFO:Message received on topic: test/21 with payload size: 91 at 2024-12-09 08:14:24.594925 sent 2024-12-09 08:14:24.566618
INFO:Message received on topic: test/21 with payload size: 91 at 2024-12-09 08:14:27.263028 sent 2024-12-09 08:14:27.187971
INFO:Message received on topic: test/21 with payload size: 91 at 2024-12-09 08:14:29.855780 sent 2024-12-09 08:14:29.800656
INFO:Message received on topic: test/21 with payload size: 91 at 2024-12-09 08:14:32.491787 sent 2024-12-09 08:14:32.417722
INFO:Message received on topic: test/21 with payload size: 91 at 2024-12-09 08:14:35.071679 sent 2024-12-09 08:14:35.031611
INFO:Message received on topic: test/21 with payload size: 91 at 2024-12-09 08:14:37.687287 sent 2024-12-09 08:14:37.650114
INFO:Message received on topic: test/21 with payload size: 91 at 2024-12-09 08:14:40.357555 sent 2024-12-09 08:14:40.266788
INFO:Message received on topic: test/21 with payload size: 91 at 2024-12-09 08:14:42.952664 sent 2024-12-09 08:14:42.883385
INFO:Message received on topic: test/21 with payload size: 91 at 2024-12-09 08:14:45.592179 sent 2024-12-09 08:14:45.492889
INFO:Message received on topic: test/21 with payload size: 91 at 2024-12-09 08:14:48.182276 sent 2024-12-09 08:14:48.101647
INFO:Message received on topic: test/21 with payload size: 91 at 2024-12-09 08:14:50.798560 sent 2024-12-09 08:14:50.717635
INFO:Message received on topic: test/21 with payload size: 91 at 2024-12-09 08:14:53.382246 sent 2024-12-09 08:14:53.337217
INFO:Message received on topic: test/21 with payload size: 91 at 2024-12-09 08:14:56.073035 sent 2024-12-09 08:14:55.949641
INFO:Message received on topic: test/21 with payload size: 91 at 2024-12-09 08:14:58.597916 sent 2024-12-09 08:14:58.561039
INFO:Message received on topic: test/21 with payload size: 91 at 2024-12-09 08:15:01.192111 sent 2024-12-09 08:15:01.172206
INFO:Message received on topic: test/21 with payload size: 91 at 2024-12-09 08:15:03.858873 sent 2024-12-09 08:15:03.782243
INFO:Message received on topic: test/21 with payload size: 91 at 2024-12-09 08:15:06.479210 sent 2024-12-09 08:15:06.392826
INFO:Message received on topic: test/21 with payload size: 91 at 2024-12-09 08:15:09.074013 sent 2024-12-09 08:15:09.000220
INFO:Message received on topic: test/21 with payload size: 91 at 2024-12-09 08:15:11.676579 sent 2024-12-09 08:15:11.609603
INFO:Message received on topic: test/21 with payload size: 91 at 2024-12-09 08:15:14.299412 sent 2024-12-09 08:15:14.217621
INFO:Message received on topic: test/21 with payload size: 91 at 2024-12-09 08:15:16.896195 sent 2024-12-09 08:15:16.832229
INFO:Message received on topic: test/21 with payload size: 91 at 2024-12-09 08:15:19.589251 sent 2024-12-09 08:15:19.447868
INFO:Message received on topic: test/21 with payload size: 91 at 2024-12-09 08:15:22.078686 sent 2024-12-09 08:15:22.058159
INFO:Message received on topic: test/21 with payload size: 91 at 2024-12-09 08:15:24.698279 sent 2024-12-09 08:15:24.667295
INFO:Message received on topic: test/21 with payload size: 91 at 2024-12-09 08:15:27.382535 sent 2024-12-09 08:15:27.288820
INFO:Message received on topic: test/21 with payload size: 91 at 2024-12-09 08:15:29.977867 sent 2024-12-09 08:15:29.905923
INFO:Message received on topic: test/21 with payload size: 91 at 2024-12-09 08:15:32.586451 sent 2024-12-09 08:15:32.519926
INFO:Message received on topic: test/21 with payload size: 91 at 2024-12-09 08:15:35.198170 sent 2024-12-09 08:15:35.127562
INFO:Message received on topic: test/21 with payload size: 91 at 2024-12-09 08:15:37.797546 sent 2024-12-09 08:15:37.741737
INFO:Message received on topic: test/21 with payload size: 91 at 2024-12-09 08:15:40.385405 sent 2024-12-09 08:15:40.353288
INFO:Message received on topic: test/21 with payload size: 91 at 2024-12-09 08:15:42.995174 sent 2024-12-09 08:15:42.962066
INFO:Message received on topic: test/21 with payload size: 91 at 2024-12-09 08:15:45.590078 sent 2024-12-09 08:15:45.571228
INFO:Message received on topic: test/21 with payload size: 91 at 2024-12-09 08:15:48.255675 sent 2024-12-09 08:15:48.183723
INFO:Message received on topic: test/21 with payload size: 91 at 2024-12-09 08:15:50.880074 sent 2024-12-09 08:15:50.792699
INFO:Message received on topic: test/21 with payload size: 91 at 2024-12-09 08:15:53.481275 sent 2024-12-09 08:15:53.398618
INFO:Message received on topic: test/21 with payload size: 91 at 2024-12-09 08:15:56.080149 sent 2024-12-09 08:15:56.008224
INFO:Message received on topic: test/21 with payload size: 91 at 2024-12-09 08:15:58.692697 sent 2024-12-09 08:15:58.617071
INFO:Message received on topic: test/21 with payload size: 91 at 2024-12-09 08:16:01.298378 sent 2024-12-09 08:16:01.228621
INFO:Message received on topic: test/21 with payload size: 91 at 2024-12-09 08:16:03.955724 sent 2024-12-09 08:16:03.849238
INFO:Message received on topic: test/21 with payload size: 91 at 2024-12-09 08:16:06.495074 sent 2024-12-09 08:16:06.458443
INFO:Message received on topic: test/21 with payload size: 91 at 2024-12-09 08:16:09.153822 sent 2024-12-09 08:16:09.071618
INFO:Message received on topic: test/21 with payload size: 91 at 2024-12-09 08:16:11.784054 sent 2024-12-09 08:16:11.699305
INFO:Message received on topic: test/21 with payload size: 91 at 2024-12-09 08:16:14.382843 sent 2024-12-09 08:16:14.312593
INFO:Message received on topic: test/21 with payload size: 91 at 2024-12-09 08:16:16.981074 sent 2024-12-09 08:16:16.921112
INFO:Message received on topic: test/21 with payload size: 91 at 2024-12-09 08:16:19.587371 sent 2024-12-09 08:16:19.533071
INFO:Message received on topic: test/21 with payload size: 91 at 2024-12-09 08:16:22.208034 sent 2024-12-09 08:16:22.143759
INFO:Message received on topic: test/21 with payload size: 91 at 2024-12-09 08:16:24.784593 sent 2024-12-09 08:16:24.752485
INFO:Message received on topic: test/21 with payload size: 91 at 2024-12-09 08:16:27.398475 sent 2024-12-09 08:16:27.364915
INFO:Message received on topic: test/21 with payload size: 91 at 2024-12-09 08:16:30.080683 sent 2024-12-09 08:16:29.975184
INFO:Message received on topic: test/21 with payload size: 91 at 2024-12-09 08:16:32.673752 sent 2024-12-09 08:16:32.584788
INFO:Message received on topic: test/21 with payload size: 91 at 2024-12-09 08:16:35.357092 sent 2024-12-09 08:16:35.197938
INFO:Message received on topic: test/21 with payload size: 91 at 2024-12-09 08:16:37.887214 sent 2024-12-09 08:16:37.806928
INFO:Message received on topic: test/21 with payload size: 91 at 2024-12-09 08:16:40.480031 sent 2024-12-09 08:16:40.415792
INFO:Message received on topic: test/21 with payload size: 91 at 2024-12-09 08:16:43.086574 sent 2024-12-09 08:16:43.025624
INFO:Message received on topic: test/21 with payload size: 91 at 2024-12-09 08:16:45.754037 sent 2024-12-09 08:16:45.631016
INFO:Message received on topic: test/21 with payload size: 91 at 2024-12-09 08:16:48.302139 sent 2024-12-09 08:16:48.243044
INFO:Message received on topic: test/21 with payload size: 91 at 2024-12-09 08:16:50.953456 sent 2024-12-09 08:16:50.855700
INFO:Message received on topic: test/21 with payload size: 91 at 2024-12-09 08:16:53.688476 sent 2024-12-09 08:16:53.467555
INFO:Message received on topic: test/21 with payload size: 91 at 2024-12-09 08:16:56.191782 sent 2024-12-09 08:16:56.071523
INFO:Message received on topic: test/21 with payload size: 91 at 2024-12-09 08:16:58.777746 sent 2024-12-09 08:16:58.684967
INFO:Message received on topic: test/21 with payload size: 91 at 2024-12-09 08:17:01.373738 sent 2024-12-09 08:17:01.295711
INFO:Message received on topic: test/21 with payload size: 91 at 2024-12-09 08:17:04.008250 sent 2024-12-09 08:17:03.906086
INFO:Message received on topic: test/21 with payload size: 91 at 2024-12-09 08:17:06.581926 sent 2024-12-09 08:17:06.521634
INFO:Message received on topic: test/21 with payload size: 91 at 2024-12-09 08:17:09.201516 sent 2024-12-09 08:17:09.130254
INFO:Message received on topic: test/21 with payload size: 91 at 2024-12-09 08:17:11.876973 sent 2024-12-09 08:17:11.740237
INFO:Message received on topic: test/21 with payload size: 91 at 2024-12-09 08:17:14.452067 sent 2024-12-09 08:17:14.348658
INFO:Message received on topic: test/21 with payload size: 91 at 2024-12-09 08:17:17.064817 sent 2024-12-09 08:17:16.955855
INFO:Message received on topic: test/21 with payload size: 91 at 2024-12-09 08:17:19.682763 sent 2024-12-09 08:17:19.567070
INFO:Message received on topic: test/21 with payload size: 91 at 2024-12-09 08:17:22.187847 sent 2024-12-09 08:17:22.174125
INFO:Message received on topic: test/21 with payload size: 91 at 2024-12-09 08:17:24.859112 sent 2024-12-09 08:17:24.786665
INFO:Message received on topic: test/21 with payload size: 91 at 2024-12-09 08:17:27.480127 sent 2024-12-09 08:17:27.390694
INFO:Message received on topic: test/21 with payload size: 91 at 2024-12-09 08:17:30.094686 sent 2024-12-09 08:17:30.007791
INFO:Message received on topic: test/21 with payload size: 91 at 2024-12-09 08:17:32.753990 sent 2024-12-09 08:17:32.620280
INFO:Message received on topic: test/21 with payload size: 91 at 2024-12-09 08:17:35.289398 sent 2024-12-09 08:17:35.230807
INFO:Message received on topic: test/21 with payload size: 91 at 2024-12-09 08:17:37.893129 sent 2024-12-09 08:17:37.841346
INFO:Message received on topic: test/21 with payload size: 91 at 2024-12-09 08:17:40.579439 sent 2024-12-09 08:17:40.454103
INFO:Message received on topic: test/21 with payload size: 91 at 2024-12-09 08:17:43.159089 sent 2024-12-09 08:17:43.068020
INFO:Message received on topic: test/21 with payload size: 91 at 2024-12-09 08:17:45.977777 sent 2024-12-09 08:17:45.675781
INFO:Message received on topic: test/21 with payload size: 91 at 2024-12-09 08:17:48.372023 sent 2024-12-09 08:17:48.286538
INFO:Message received on topic: test/21 with payload size: 91 at 2024-12-09 08:17:51.075468 sent 2024-12-09 08:17:50.895870
INFO:Message received on topic: test/21 with payload size: 91 at 2024-12-09 08:17:53.600129 sent 2024-12-09 08:17:53.511011
INFO:Message received on topic: test/21 with payload size: 91 at 2024-12-09 08:17:56.190708 sent 2024-12-09 08:17:56.118754
INFO:Message received on topic: test/21 with payload size: 91 at 2024-12-09 08:17:58.794914 sent 2024-12-09 08:17:58.726902
INFO:Message received on topic: test/21 with payload size: 91 at 2024-12-09 08:18:01.460008 sent 2024-12-09 08:18:01.336099
INFO:Message received on topic: test/21 with payload size: 91 at 2024-12-09 08:18:04.075008 sent 2024-12-09 08:18:03.949467
INFO:Message received on topic: test/21 with payload size: 91 at 2024-12-09 08:18:06.671956 sent 2024-12-09 08:18:06.566052
INFO:Message received on topic: test/21 with payload size: 91 at 2024-12-09 08:18:09.203541 sent 2024-12-09 08:18:09.176517
INFO:Message received on topic: test/21 with payload size: 91 at 2024-12-09 08:18:11.963187 sent 2024-12-09 08:18:11.785654
INFO:Message received on topic: test/21 with payload size: 91 at 2024-12-09 08:18:14.497122 sent 2024-12-09 08:18:14.399271
INFO:Message received on topic: test/21 with payload size: 91 at 2024-12-09 08:18:17.154792 sent 2024-12-09 08:18:17.007578
INFO:Message received on topic: test/21 with payload size: 91 at 2024-12-09 08:18:19.764428 sent 2024-12-09 08:18:19.616872
INFO:Message received on topic: test/21 with payload size: 91 at 2024-12-09 08:18:22.290958 sent 2024-12-09 08:18:22.227677
INFO:Message received on topic: test/21 with payload size: 91 at 2024-12-09 08:18:24.979401 sent 2024-12-09 08:18:24.833255
INFO:Message received on topic: test/21 with payload size: 91 at 2024-12-09 08:18:27.560079 sent 2024-12-09 08:18:27.440115
INFO:Message received on topic: test/21 with payload size: 91 at 2024-12-09 08:18:30.357295 sent 2024-12-09 08:18:30.049546
INFO:Message received on topic: test/21 with payload size: 91 at 2024-12-09 08:18:32.766625 sent 2024-12-09 08:18:32.664849
INFO:Message received on topic: test/21 with payload size: 91 at 2024-12-09 08:18:35.355152 sent 2024-12-09 08:18:35.275675
INFO:Message received on topic: test/21 with payload size: 91 at 2024-12-09 08:18:37.958888 sent 2024-12-09 08:18:37.890233
INFO:Message received on topic: test/21 with payload size: 91 at 2024-12-09 08:18:40.680407 sent 2024-12-09 08:18:40.508949
INFO:Message received on topic: test/21 with payload size: 91 at 2024-12-09 08:18:43.203506 sent 2024-12-09 08:18:43.123959
INFO:Message received on topic: test/21 with payload size: 91 at 2024-12-09 08:18:46.061013 sent 2024-12-09 08:18:45.732435
INFO:Message received on topic: test/21 with payload size: 91 at 2024-12-09 08:18:48.480538 sent 2024-12-09 08:18:48.338037
INFO:Message received on topic: test/21 with payload size: 91 at 2024-12-09 08:18:51.179796 sent 2024-12-09 08:18:50.949625
INFO:Message received on topic: test/21 with payload size: 91 at 2024-12-09 08:18:53.654194 sent 2024-12-09 08:18:53.560241
INFO:Message received on topic: test/21 with payload size: 91 at 2024-12-09 08:18:56.372923 sent 2024-12-09 08:18:56.159279
INFO:Message received on topic: test/21 with payload size: 91 at 2024-12-09 08:18:58.785041 sent 2024-12-09 08:18:58.745168
INFO:Message received on topic: test/21 with payload size: 91 at 2024-12-09 08:19:01.392813 sent 2024-12-09 08:19:01.336721
INFO:Message received on topic: test/21 with payload size: 91 at 2024-12-09 08:19:03.996304 sent 2024-12-09 08:19:03.922253
INFO:Message received on topic: test/21 with payload size: 91 at 2024-12-09 08:19:06.580539 sent 2024-12-09 08:19:06.515911
INFO:Message received on topic: test/21 with payload size: 91 at 2024-12-09 08:19:09.199471 sent 2024-12-09 08:19:09.127138
INFO:Message received on topic: test/21 with payload size: 91 at 2024-12-09 08:19:11.874960 sent 2024-12-09 08:19:11.745255
INFO:Message received on topic: test/21 with payload size: 91 at 2024-12-09 08:19:14.399046 sent 2024-12-09 08:19:14.358183
INFO:Message received on topic: test/21 with payload size: 91 at 2024-12-09 08:19:16.995964 sent 2024-12-09 08:19:16.965998
INFO:Message received on topic: test/21 with payload size: 91 at 2024-12-09 08:19:19.672743 sent 2024-12-09 08:19:19.576419
INFO:Message received on topic: test/21 with payload size: 91 at 2024-12-09 08:19:22.253871 sent 2024-12-09 08:19:22.185832
INFO:Message received on topic: test/21 with payload size: 91 at 2024-12-09 08:19:24.805685 sent 2024-12-09 08:19:24.795217
INFO:Message received on topic: test/21 with payload size: 91 at 2024-12-09 08:19:27.580286 sent 2024-12-09 08:19:27.405163
INFO:Message received on topic: test/21 with payload size: 91 at 2024-12-09 08:19:30.105547 sent 2024-12-09 08:19:30.018604
INFO:Message received on topic: test/21 with payload size: 91 at 2024-12-09 08:19:32.685866 sent 2024-12-09 08:19:32.628139
INFO:Message received on topic: test/21 with payload size: 91 at 2024-12-09 08:19:35.293351 sent 2024-12-09 08:19:35.234667
INFO:Message received on topic: test/21 with payload size: 91 at 2024-12-09 08:19:37.888135 sent 2024-12-09 08:19:37.849477
INFO:Message received on topic: test/21 with payload size: 91 at 2024-12-09 08:19:40.501985 sent 2024-12-09 08:19:40.468123
INFO:Message received on topic: test/21 with payload size: 91 at 2024-12-09 08:19:43.178586 sent 2024-12-09 08:19:43.077498
INFO:Message received on topic: test/21 with payload size: 91 at 2024-12-09 08:19:45.776114 sent 2024-12-09 08:19:45.686410
INFO:Message received on topic: test/21 with payload size: 91 at 2024-12-09 08:19:48.376188 sent 2024-12-09 08:19:48.290663
INFO:Message received on topic: test/21 with payload size: 91 at 2024-12-09 08:19:50.955764 sent 2024-12-09 08:19:50.898686
INFO:Message received on topic: test/21 with payload size: 91 at 2024-12-09 08:19:53.606123 sent 2024-12-09 08:19:53.511030
INFO:Message received on topic: test/21 with payload size: 91 at 2024-12-09 08:19:56.186262 sent 2024-12-09 08:19:56.114162
INFO:Message received on topic: test/21 with payload size: 91 at 2024-12-09 08:19:58.800114 sent 2024-12-09 08:19:58.720572
INFO:Message received on topic: test/21 with payload size: 91 at 2024-12-09 08:20:01.451271 sent 2024-12-09 08:20:01.331235
INFO:Message received on topic: test/21 with payload size: 91 at 2024-12-09 08:20:03.991876 sent 2024-12-09 08:20:03.941541
INFO:Message received on topic: test/21 with payload size: 91 at 2024-12-09 08:20:06.657754 sent 2024-12-09 08:20:06.548140
INFO:Message received on topic: test/21 with payload size: 91 at 2024-12-09 08:20:09.203502 sent 2024-12-09 08:20:09.155841
INFO:Message received on topic: test/21 with payload size: 91 at 2024-12-09 08:20:11.793712 sent 2024-12-09 08:20:11.757074
INFO:Message received on topic: test/21 with payload size: 91 at 2024-12-09 08:20:14.400444 sent 2024-12-09 08:20:14.360033
INFO:Message received on topic: test/21 with payload size: 91 at 2024-12-09 08:20:17.095600 sent 2024-12-09 08:20:16.961625
INFO:Message received on topic: test/21 with payload size: 91 at 2024-12-09 08:20:19.596117 sent 2024-12-09 08:20:19.566822
INFO:Message received on topic: test/21 with payload size: 91 at 2024-12-09 08:20:22.194142 sent 2024-12-09 08:20:22.171933
INFO:Message received on topic: test/21 with payload size: 91 at 2024-12-09 08:20:24.794531 sent 2024-12-09 08:20:24.777756
INFO:Message received on topic: test/21 with payload size: 91 at 2024-12-09 08:20:27.396923 sent 2024-12-09 08:20:27.385855
INFO:Message received on topic: test/21 with payload size: 91 at 2024-12-09 08:20:30.077183 sent 2024-12-09 08:20:29.997091
INFO:Message received on topic: test/21 with payload size: 91 at 2024-12-09 08:20:32.674129 sent 2024-12-09 08:20:32.599914
INFO:Message received on topic: test/21 with payload size: 91 at 2024-12-09 08:20:35.281694 sent 2024-12-09 08:20:35.206612
INFO:Message received on topic: test/21 with payload size: 91 at 2024-12-09 08:20:37.877553 sent 2024-12-09 08:20:37.810582
INFO:Message received on topic: test/21 with payload size: 91 at 2024-12-09 08:20:40.481607 sent 2024-12-09 08:20:40.414410
