INFO:Starting Version 1.0.5
DEBUG:Using selector: EpollSelector
INFO:Connecting to cluster at: mqtt-quic://emqx-headless.dtwins:14567 using QUIC
INFO:Subscribed to topic: test/16
INFO:Logging each: 50
INFO:Unhandled packet type received
INFO:Message received on topic: test/16 with payload size: 91 at 2024-12-09 08:11:50.960614 sent 2024-12-09 08:11:50.909224
INFO:Message received on topic: test/16 with payload size: 91 at 2024-12-09 08:11:53.513314 sent 2024-12-09 08:11:53.511829
INFO:Message received on topic: test/16 with payload size: 91 at 2024-12-09 08:11:56.161039 sent 2024-12-09 08:11:56.108686
INFO:Message received on topic: test/16 with payload size: 91 at 2024-12-09 08:11:58.761569 sent 2024-12-09 08:11:58.712461
INFO:Message received on topic: test/16 with payload size: 91 at 2024-12-09 08:12:01.360887 sent 2024-12-09 08:12:01.322586
INFO:Message received on topic: test/16 with payload size: 91 at 2024-12-09 08:12:03.971945 sent 2024-12-09 08:12:03.925506
INFO:Message received on topic: test/16 with payload size: 91 at 2024-12-09 08:12:06.556947 sent 2024-12-09 08:12:06.526291
INFO:Message received on topic: test/16 with payload size: 91 at 2024-12-09 08:12:09.155921 sent 2024-12-09 08:12:09.125776
INFO:Message received on topic: test/16 with payload size: 91 at 2024-12-09 08:12:11.771890 sent 2024-12-09 08:12:11.719489
INFO:Message received on topic: test/16 with payload size: 91 at 2024-12-09 08:12:14.356354 sent 2024-12-09 08:12:14.307037
INFO:Message received on topic: test/16 with payload size: 91 at 2024-12-09 08:12:16.901230 sent 2024-12-09 08:12:16.893561
INFO:Message received on topic: test/16 with payload size: 91 at 2024-12-09 08:12:19.492663 sent 2024-12-09 08:12:19.480787
INFO:Message received on topic: test/16 with payload size: 91 at 2024-12-09 08:12:22.087157 sent 2024-12-09 08:12:22.079014
INFO:Message received on topic: test/16 with payload size: 91 at 2024-12-09 08:12:24.694414 sent 2024-12-09 08:12:24.680606
INFO:Message received on topic: test/16 with payload size: 91 at 2024-12-09 08:12:27.291066 sent 2024-12-09 08:12:27.281187
INFO:Message received on topic: test/16 with payload size: 91 at 2024-12-09 08:12:29.890509 sent 2024-12-09 08:12:29.883995
INFO:Message received on topic: test/16 with payload size: 91 at 2024-12-09 08:12:32.495250 sent 2024-12-09 08:12:32.484792
INFO:Message received on topic: test/16 with payload size: 91 at 2024-12-09 08:12:35.099100 sent 2024-12-09 08:12:35.091579
INFO:Message received on topic: test/16 with payload size: 91 at 2024-12-09 08:12:37.704535 sent 2024-12-09 08:12:37.700003
INFO:Message received on topic: test/16 with payload size: 91 at 2024-12-09 08:12:40.354519 sent 2024-12-09 08:12:40.307072
INFO:Message received on topic: test/16 with payload size: 91 at 2024-12-09 08:12:42.973109 sent 2024-12-09 08:12:42.911444
INFO:Message received on topic: test/16 with payload size: 91 at 2024-12-09 08:12:45.574134 sent 2024-12-09 08:12:45.512496
INFO:Message received on topic: test/16 with payload size: 91 at 2024-12-09 08:12:48.172148 sent 2024-12-09 08:12:48.122737
INFO:Message received on topic: test/16 with payload size: 91 at 2024-12-09 08:12:50.955691 sent 2024-12-09 08:12:50.738102
INFO:Message received on topic: test/16 with payload size: 91 at 2024-12-09 08:12:53.360777 sent 2024-12-09 08:12:53.340219
INFO:Message received on topic: test/16 with payload size: 91 at 2024-12-09 08:12:55.988214 sent 2024-12-09 08:12:55.942774
INFO:Message received on topic: test/16 with payload size: 91 at 2024-12-09 08:12:58.687775 sent 2024-12-09 08:12:58.545511
INFO:Message received on topic: test/16 with payload size: 91 at 2024-12-09 08:13:01.263769 sent 2024-12-09 08:13:01.151100
INFO:Message received on topic: test/16 with payload size: 91 at 2024-12-09 08:13:03.792940 sent 2024-12-09 08:13:03.758842
INFO:Message received on topic: test/16 with payload size: 91 at 2024-12-09 08:13:06.386039 sent 2024-12-09 08:13:06.363619
INFO:Message received on topic: test/16 with payload size: 91 at 2024-12-09 08:13:08.982714 sent 2024-12-09 08:13:08.971561
INFO:Message received on topic: test/16 with payload size: 91 at 2024-12-09 08:13:11.601734 sent 2024-12-09 08:13:11.584668
INFO:Message received on topic: test/16 with payload size: 91 at 2024-12-09 08:13:14.200593 sent 2024-12-09 08:13:14.191421
INFO:Message received on topic: test/16 with payload size: 91 at 2024-12-09 08:13:16.858002 sent 2024-12-09 08:13:16.797823
INFO:Message received on topic: test/16 with payload size: 91 at 2024-12-09 08:13:19.476729 sent 2024-12-09 08:13:19.412219
INFO:Message received on topic: test/16 with payload size: 91 at 2024-12-09 08:13:22.085138 sent 2024-12-09 08:13:22.021946
INFO:Message received on topic: test/16 with payload size: 91 at 2024-12-09 08:13:24.691918 sent 2024-12-09 08:13:24.632936
INFO:Message received on topic: test/16 with payload size: 91 at 2024-12-09 08:13:27.383176 sent 2024-12-09 08:13:27.245206
INFO:Message received on topic: test/16 with payload size: 91 at 2024-12-09 08:13:29.882309 sent 2024-12-09 08:13:29.854492
INFO:Message received on topic: test/16 with payload size: 91 at 2024-12-09 08:13:32.498603 sent 2024-12-09 08:13:32.464387
INFO:Message received on topic: test/16 with payload size: 91 at 2024-12-09 08:13:35.173450 sent 2024-12-09 08:13:35.073689
INFO:Message received on topic: test/16 with payload size: 91 at 2024-12-09 08:13:37.771216 sent 2024-12-09 08:13:37.683712
INFO:Message received on topic: test/16 with payload size: 91 at 2024-12-09 08:13:40.353046 sent 2024-12-09 08:13:40.297221
INFO:Message received on topic: test/16 with payload size: 91 at 2024-12-09 08:13:42.982958 sent 2024-12-09 08:13:42.907699
INFO:Message received on topic: test/16 with payload size: 91 at 2024-12-09 08:13:45.587163 sent 2024-12-09 08:13:45.524637
INFO:Message received on topic: test/16 with payload size: 91 at 2024-12-09 08:13:48.188108 sent 2024-12-09 08:13:48.124436
INFO:Message received on topic: test/16 with payload size: 91 at 2024-12-09 08:13:50.854695 sent 2024-12-09 08:13:50.738918
INFO:Message received on topic: test/16 with payload size: 91 at 2024-12-09 08:13:53.400957 sent 2024-12-09 08:13:53.346235
INFO:Message received on topic: test/16 with payload size: 91 at 2024-12-09 08:13:56.057691 sent 2024-12-09 08:13:55.960626
INFO:Message received on topic: test/16 with payload size: 91 at 2024-12-09 08:13:58.581929 sent 2024-12-09 08:13:58.566694
INFO:Message received on topic: test/16 with payload size: 91 at 2024-12-09 08:14:01.184157 sent 2024-12-09 08:14:01.172486
INFO:Message received on topic: test/16 with payload size: 91 at 2024-12-09 08:14:03.855484 sent 2024-12-09 08:14:03.783989
INFO:Message received on topic: test/16 with payload size: 91 at 2024-12-09 08:14:06.455748 sent 2024-12-09 08:14:06.394789
INFO:Message received on topic: test/16 with payload size: 91 at 2024-12-09 08:14:09.089430 sent 2024-12-09 08:14:09.009724
INFO:Message received on topic: test/16 with payload size: 91 at 2024-12-09 08:14:11.677379 sent 2024-12-09 08:14:11.629658
INFO:Message received on topic: test/16 with payload size: 91 at 2024-12-09 08:14:14.291539 sent 2024-12-09 08:14:14.239019
INFO:Message received on topic: test/16 with payload size: 91 at 2024-12-09 08:14:16.900534 sent 2024-12-09 08:14:16.846053
INFO:Message received on topic: test/16 with payload size: 91 at 2024-12-09 08:14:19.481718 sent 2024-12-09 08:14:19.456427
INFO:Message received on topic: test/16 with payload size: 91 at 2024-12-09 08:14:22.156340 sent 2024-12-09 08:14:22.065610
INFO:Message received on topic: test/16 with payload size: 91 at 2024-12-09 08:14:24.780803 sent 2024-12-09 08:14:24.679020
INFO:Message received on topic: test/16 with payload size: 91 at 2024-12-09 08:14:27.380208 sent 2024-12-09 08:14:27.290970
INFO:Message received on topic: test/16 with payload size: 91 at 2024-12-09 08:14:30.003764 sent 2024-12-09 08:14:29.900924
INFO:Message received on topic: test/16 with payload size: 91 at 2024-12-09 08:14:32.582948 sent 2024-12-09 08:14:32.516486
INFO:Message received on topic: test/16 with payload size: 91 at 2024-12-09 08:14:35.179818 sent 2024-12-09 08:14:35.127473
INFO:Message received on topic: test/16 with payload size: 91 at 2024-12-09 08:14:37.788203 sent 2024-12-09 08:14:37.740005
INFO:Message received on topic: test/16 with payload size: 91 at 2024-12-09 08:14:40.385230 sent 2024-12-09 08:14:40.347028
INFO:Message received on topic: test/16 with payload size: 91 at 2024-12-09 08:14:43.056266 sent 2024-12-09 08:14:42.957634
INFO:Message received on topic: test/16 with payload size: 91 at 2024-12-09 08:14:45.589937 sent 2024-12-09 08:14:45.565283
INFO:Message received on topic: test/16 with payload size: 91 at 2024-12-09 08:14:48.286141 sent 2024-12-09 08:14:48.171249
INFO:Message received on topic: test/16 with payload size: 91 at 2024-12-09 08:14:50.809920 sent 2024-12-09 08:14:50.783843
INFO:Message received on topic: test/16 with payload size: 91 at 2024-12-09 08:14:53.458071 sent 2024-12-09 08:14:53.406140
INFO:Message received on topic: test/16 with payload size: 91 at 2024-12-09 08:14:56.099074 sent 2024-12-09 08:14:56.016316
INFO:Message received on topic: test/16 with payload size: 91 at 2024-12-09 08:14:58.776946 sent 2024-12-09 08:14:58.628735
INFO:Message received on topic: test/16 with payload size: 91 at 2024-12-09 08:15:01.278282 sent 2024-12-09 08:15:01.241918
INFO:Message received on topic: test/16 with payload size: 91 at 2024-12-09 08:15:03.896186 sent 2024-12-09 08:15:03.858674
INFO:Message received on topic: test/16 with payload size: 91 at 2024-12-09 08:15:06.485055 sent 2024-12-09 08:15:06.472137
INFO:Message received on topic: test/16 with payload size: 91 at 2024-12-09 08:15:09.174788 sent 2024-12-09 08:15:09.087084
INFO:Message received on topic: test/16 with payload size: 91 at 2024-12-09 08:15:11.772831 sent 2024-12-09 08:15:11.706621
INFO:Message received on topic: test/16 with payload size: 91 at 2024-12-09 08:15:14.384939 sent 2024-12-09 08:15:14.316075
INFO:Message received on topic: test/16 with payload size: 91 at 2024-12-09 08:15:16.987730 sent 2024-12-09 08:15:16.936496
INFO:Message received on topic: test/16 with payload size: 91 at 2024-12-09 08:15:19.673022 sent 2024-12-09 08:15:19.552941
INFO:Message received on topic: test/16 with payload size: 91 at 2024-12-09 08:15:22.201481 sent 2024-12-09 08:15:22.164863
INFO:Message received on topic: test/16 with payload size: 91 at 2024-12-09 08:15:24.796179 sent 2024-12-09 08:15:24.772843
INFO:Message received on topic: test/16 with payload size: 91 at 2024-12-09 08:15:27.476285 sent 2024-12-09 08:15:27.392684
INFO:Message received on topic: test/16 with payload size: 91 at 2024-12-09 08:15:30.084485 sent 2024-12-09 08:15:30.009991
INFO:Message received on topic: test/16 with payload size: 91 at 2024-12-09 08:15:32.685811 sent 2024-12-09 08:15:32.622777
INFO:Message received on topic: test/16 with payload size: 91 at 2024-12-09 08:15:35.312901 sent 2024-12-09 08:15:35.230708
INFO:Message received on topic: test/16 with payload size: 91 at 2024-12-09 08:15:37.897652 sent 2024-12-09 08:15:37.839302
INFO:Message received on topic: test/16 with payload size: 91 at 2024-12-09 08:15:40.481821 sent 2024-12-09 08:15:40.454876
INFO:Message received on topic: test/16 with payload size: 91 at 2024-12-09 08:15:43.172840 sent 2024-12-09 08:15:43.066142
INFO:Message received on topic: test/16 with payload size: 91 at 2024-12-09 08:15:45.778787 sent 2024-12-09 08:15:45.674107
INFO:Message received on topic: test/16 with payload size: 91 at 2024-12-09 08:15:48.358493 sent 2024-12-09 08:15:48.288272
INFO:Message received on topic: test/16 with payload size: 91 at 2024-12-09 08:15:50.980844 sent 2024-12-09 08:15:50.899713
INFO:Message received on topic: test/16 with payload size: 91 at 2024-12-09 08:15:53.579889 sent 2024-12-09 08:15:53.507108
INFO:Message received on topic: test/16 with payload size: 91 at 2024-12-09 08:15:56.178545 sent 2024-12-09 08:15:56.116606
INFO:Message received on topic: test/16 with payload size: 91 at 2024-12-09 08:15:58.798824 sent 2024-12-09 08:15:58.731062
INFO:Message received on topic: test/16 with payload size: 91 at 2024-12-09 08:16:01.390822 sent 2024-12-09 08:16:01.339034
INFO:Message received on topic: test/16 with payload size: 91 at 2024-12-09 08:16:04.061982 sent 2024-12-09 08:16:03.954293
INFO:Message received on topic: test/16 with payload size: 91 at 2024-12-09 08:16:06.598536 sent 2024-12-09 08:16:06.563667
INFO:Message received on topic: test/16 with payload size: 91 at 2024-12-09 08:16:09.208851 sent 2024-12-09 08:16:09.175938
INFO:Message received on topic: test/16 with payload size: 91 at 2024-12-09 08:16:11.857076 sent 2024-12-09 08:16:11.792784
INFO:Message received on topic: test/16 with payload size: 91 at 2024-12-09 08:16:14.477608 sent 2024-12-09 08:16:14.407209
INFO:Message received on topic: test/16 with payload size: 91 at 2024-12-09 08:16:17.084990 sent 2024-12-09 08:16:17.015454
INFO:Message received on topic: test/16 with payload size: 91 at 2024-12-09 08:16:19.690694 sent 2024-12-09 08:16:19.628515
INFO:Message received on topic: test/16 with payload size: 91 at 2024-12-09 08:16:22.287481 sent 2024-12-09 08:16:22.238483
INFO:Message received on topic: test/16 with payload size: 91 at 2024-12-09 08:16:24.894271 sent 2024-12-09 08:16:24.841817
INFO:Message received on topic: test/16 with payload size: 91 at 2024-12-09 08:16:27.553515 sent 2024-12-09 08:16:27.452004
INFO:Message received on topic: test/16 with payload size: 91 at 2024-12-09 08:16:30.164552 sent 2024-12-09 08:16:30.065011
INFO:Message received on topic: test/16 with payload size: 91 at 2024-12-09 08:16:32.786587 sent 2024-12-09 08:16:32.678930
INFO:Message received on topic: test/16 with payload size: 91 at 2024-12-09 08:16:35.352721 sent 2024-12-09 08:16:35.284857
INFO:Message received on topic: test/16 with payload size: 91 at 2024-12-09 08:16:37.997034 sent 2024-12-09 08:16:37.899395
INFO:Message received on topic: test/16 with payload size: 91 at 2024-12-09 08:16:40.580578 sent 2024-12-09 08:16:40.512132
INFO:Message received on topic: test/16 with payload size: 91 at 2024-12-09 08:16:43.190837 sent 2024-12-09 08:16:43.119705
INFO:Message received on topic: test/16 with payload size: 91 at 2024-12-09 08:16:45.788562 sent 2024-12-09 08:16:45.731083
INFO:Message received on topic: test/16 with payload size: 91 at 2024-12-09 08:16:48.392192 sent 2024-12-09 08:16:48.344463
INFO:Message received on topic: test/16 with payload size: 91 at 2024-12-09 08:16:51.009202 sent 2024-12-09 08:16:50.964452
INFO:Message received on topic: test/16 with payload size: 91 at 2024-12-09 08:16:53.875444 sent 2024-12-09 08:16:53.573865
INFO:Message received on topic: test/16 with payload size: 91 at 2024-12-09 08:16:56.379498 sent 2024-12-09 08:16:56.181425
INFO:Message received on topic: test/16 with payload size: 91 at 2024-12-09 08:16:58.878174 sent 2024-12-09 08:16:58.788734
INFO:Message received on topic: test/16 with payload size: 91 at 2024-12-09 08:17:01.457893 sent 2024-12-09 08:17:01.399797
INFO:Message received on topic: test/16 with payload size: 91 at 2024-12-09 08:17:04.099553 sent 2024-12-09 08:17:04.009102
INFO:Message received on topic: test/16 with payload size: 91 at 2024-12-09 08:17:06.676992 sent 2024-12-09 08:17:06.626057
INFO:Message received on topic: test/16 with payload size: 91 at 2024-12-09 08:17:09.278268 sent 2024-12-09 08:17:09.239307
INFO:Message received on topic: test/16 with payload size: 91 at 2024-12-09 08:17:11.899133 sent 2024-12-09 08:17:11.849412
INFO:Message received on topic: test/16 with payload size: 91 at 2024-12-09 08:17:14.582369 sent 2024-12-09 08:17:14.463181
INFO:Message received on topic: test/16 with payload size: 91 at 2024-12-09 08:17:17.155298 sent 2024-12-09 08:17:17.072478
INFO:Message received on topic: test/16 with payload size: 91 at 2024-12-09 08:17:19.784024 sent 2024-12-09 08:17:19.679641
INFO:Message received on topic: test/16 with payload size: 91 at 2024-12-09 08:17:22.399746 sent 2024-12-09 08:17:22.291045
INFO:Message received on topic: test/16 with payload size: 91 at 2024-12-09 08:17:24.986554 sent 2024-12-09 08:17:24.895693
INFO:Message received on topic: test/16 with payload size: 91 at 2024-12-09 08:17:27.683881 sent 2024-12-09 08:17:27.502889
INFO:Message received on topic: test/16 with payload size: 91 at 2024-12-09 08:17:30.196500 sent 2024-12-09 08:17:30.117070
INFO:Message received on topic: test/16 with payload size: 91 at 2024-12-09 08:17:32.854761 sent 2024-12-09 08:17:32.724735
INFO:Message received on topic: test/16 with payload size: 91 at 2024-12-09 08:17:35.389098 sent 2024-12-09 08:17:35.335841
INFO:Message received on topic: test/16 with payload size: 91 at 2024-12-09 08:17:37.995589 sent 2024-12-09 08:17:37.944748
INFO:Message received on topic: test/16 with payload size: 91 at 2024-12-09 08:17:40.618997 sent 2024-12-09 08:17:40.558618
INFO:Message received on topic: test/16 with payload size: 91 at 2024-12-09 08:17:43.253588 sent 2024-12-09 08:17:43.172302
INFO:Message received on topic: test/16 with payload size: 91 at 2024-12-09 08:17:45.992736 sent 2024-12-09 08:17:45.781582
INFO:Message received on topic: test/16 with payload size: 91 at 2024-12-09 08:17:48.482979 sent 2024-12-09 08:17:48.392350
INFO:Message received on topic: test/16 with payload size: 91 at 2024-12-09 08:17:51.092059 sent 2024-12-09 08:17:51.001181
INFO:Message received on topic: test/16 with payload size: 91 at 2024-12-09 08:17:53.780808 sent 2024-12-09 08:17:53.610961
INFO:Message received on topic: test/16 with payload size: 91 at 2024-12-09 08:17:56.299091 sent 2024-12-09 08:17:56.216845
INFO:Message received on topic: test/16 with payload size: 91 at 2024-12-09 08:17:58.874705 sent 2024-12-09 08:17:58.825562
INFO:Message received on topic: test/16 with payload size: 91 at 2024-12-09 08:18:01.500488 sent 2024-12-09 08:18:01.437655
INFO:Message received on topic: test/16 with payload size: 91 at 2024-12-09 08:18:04.177314 sent 2024-12-09 08:18:04.050241
INFO:Message received on topic: test/16 with payload size: 91 at 2024-12-09 08:18:06.755832 sent 2024-12-09 08:18:06.667122
INFO:Message received on topic: test/16 with payload size: 91 at 2024-12-09 08:18:09.381717 sent 2024-12-09 08:18:09.275382
INFO:Message received on topic: test/16 with payload size: 91 at 2024-12-09 08:18:12.006293 sent 2024-12-09 08:18:11.886143
INFO:Message received on topic: test/16 with payload size: 91 at 2024-12-09 08:18:14.576197 sent 2024-12-09 08:18:14.499345
INFO:Message received on topic: test/16 with payload size: 91 at 2024-12-09 08:18:17.255087 sent 2024-12-09 08:18:17.110258
INFO:Message received on topic: test/16 with payload size: 91 at 2024-12-09 08:18:19.856266 sent 2024-12-09 08:18:19.722930
INFO:Message received on topic: test/16 with payload size: 91 at 2024-12-09 08:18:22.472471 sent 2024-12-09 08:18:22.340200
INFO:Message received on topic: test/16 with payload size: 91 at 2024-12-09 08:18:25.062549 sent 2024-12-09 08:18:24.948628
INFO:Message received on topic: test/16 with payload size: 91 at 2024-12-09 08:18:27.591744 sent 2024-12-09 08:18:27.558911
INFO:Message received on topic: test/16 with payload size: 91 at 2024-12-09 08:18:30.475467 sent 2024-12-09 08:18:30.167145
INFO:Message received on topic: test/16 with payload size: 91 at 2024-12-09 08:18:32.895078 sent 2024-12-09 08:18:32.779095
INFO:Message received on topic: test/16 with payload size: 91 at 2024-12-09 08:18:35.481036 sent 2024-12-09 08:18:35.390504
INFO:Message received on topic: test/16 with payload size: 91 at 2024-12-09 08:18:38.064528 sent 2024-12-09 08:18:38.006033
INFO:Message received on topic: test/16 with payload size: 91 at 2024-12-09 08:18:40.696613 sent 2024-12-09 08:18:40.618315
INFO:Message received on topic: test/16 with payload size: 91 at 2024-12-09 08:18:43.358663 sent 2024-12-09 08:18:43.231241
INFO:Message received on topic: test/16 with payload size: 91 at 2024-12-09 08:18:46.191090 sent 2024-12-09 08:18:45.838395
INFO:Message received on topic: test/16 with payload size: 91 at 2024-12-09 08:18:48.654344 sent 2024-12-09 08:18:48.441903
INFO:Message received on topic: test/16 with payload size: 91 at 2024-12-09 08:18:51.289183 sent 2024-12-09 08:18:51.051432
INFO:Message received on topic: test/16 with payload size: 91 at 2024-12-09 08:18:53.779016 sent 2024-12-09 08:18:53.661524
INFO:Message received on topic: test/16 with payload size: 91 at 2024-12-09 08:18:56.474060 sent 2024-12-09 08:18:56.260122
INFO:Message received on topic: test/16 with payload size: 91 at 2024-12-09 08:18:58.974148 sent 2024-12-09 08:18:58.846709
INFO:Message received on topic: test/16 with payload size: 91 at 2024-12-09 08:19:01.483083 sent 2024-12-09 08:19:01.438529
INFO:Message received on topic: test/16 with payload size: 91 at 2024-12-09 08:19:04.074530 sent 2024-12-09 08:19:04.025725
INFO:Message received on topic: test/16 with payload size: 91 at 2024-12-09 08:19:06.697636 sent 2024-12-09 08:19:06.622127
INFO:Message received on topic: test/16 with payload size: 91 at 2024-12-09 08:19:09.287665 sent 2024-12-09 08:19:09.241988
INFO:Message received on topic: test/16 with payload size: 91 at 2024-12-09 08:19:11.905769 sent 2024-12-09 08:19:11.858799
INFO:Message received on topic: test/16 with payload size: 91 at 2024-12-09 08:19:14.498521 sent 2024-12-09 08:19:14.464805
INFO:Message received on topic: test/16 with payload size: 91 at 2024-12-09 08:19:17.155517 sent 2024-12-09 08:19:17.070195
INFO:Message received on topic: test/16 with payload size: 91 at 2024-12-09 08:19:19.779194 sent 2024-12-09 08:19:19.680089
INFO:Message received on topic: test/16 with payload size: 91 at 2024-12-09 08:19:22.375268 sent 2024-12-09 08:19:22.291549
INFO:Message received on topic: test/16 with payload size: 91 at 2024-12-09 08:19:24.989499 sent 2024-12-09 08:19:24.899639
INFO:Message received on topic: test/16 with payload size: 91 at 2024-12-09 08:19:27.681079 sent 2024-12-09 08:19:27.507816
INFO:Message received on topic: test/16 with payload size: 91 at 2024-12-09 08:19:30.189558 sent 2024-12-09 08:19:30.121695
INFO:Message received on topic: test/16 with payload size: 91 at 2024-12-09 08:19:32.877897 sent 2024-12-09 08:19:32.735572
INFO:Message received on topic: test/16 with payload size: 91 at 2024-12-09 08:19:35.495531 sent 2024-12-09 08:19:35.343385
INFO:Message received on topic: test/16 with payload size: 91 at 2024-12-09 08:19:38.001029 sent 2024-12-09 08:19:37.954153
INFO:Message received on topic: test/16 with payload size: 91 at 2024-12-09 08:19:40.596720 sent 2024-12-09 08:19:40.569611
INFO:Message received on topic: test/16 with payload size: 91 at 2024-12-09 08:19:43.279318 sent 2024-12-09 08:19:43.178743
INFO:Message received on topic: test/16 with payload size: 91 at 2024-12-09 08:19:45.817025 sent 2024-12-09 08:19:45.786355
INFO:Message received on topic: test/16 with payload size: 91 at 2024-12-09 08:19:48.453764 sent 2024-12-09 08:19:48.388364
INFO:Message received on topic: test/16 with payload size: 91 at 2024-12-09 08:19:51.079750 sent 2024-12-09 08:19:50.997523
INFO:Message received on topic: test/16 with payload size: 91 at 2024-12-09 08:19:53.680909 sent 2024-12-09 08:19:53.615575
INFO:Message received on topic: test/16 with payload size: 91 at 2024-12-09 08:19:56.289289 sent 2024-12-09 08:19:56.226203
INFO:Message received on topic: test/16 with payload size: 91 at 2024-12-09 08:19:58.974980 sent 2024-12-09 08:19:58.832221
INFO:Message received on topic: test/16 with payload size: 91 at 2024-12-09 08:20:01.502797 sent 2024-12-09 08:20:01.439034
INFO:Message received on topic: test/16 with payload size: 91 at 2024-12-09 08:20:04.089510 sent 2024-12-09 08:20:04.045006
INFO:Message received on topic: test/16 with payload size: 91 at 2024-12-09 08:20:06.759176 sent 2024-12-09 08:20:06.653339
INFO:Message received on topic: test/16 with payload size: 91 at 2024-12-09 08:20:09.351821 sent 2024-12-09 08:20:09.260068
INFO:Message received on topic: test/16 with payload size: 91 at 2024-12-09 08:20:11.894669 sent 2024-12-09 08:20:11.867260
INFO:Message received on topic: test/16 with payload size: 91 at 2024-12-09 08:20:14.495983 sent 2024-12-09 08:20:14.478071
INFO:Message received on topic: test/16 with payload size: 91 at 2024-12-09 08:20:17.160143 sent 2024-12-09 08:20:17.080997
INFO:Message received on topic: test/16 with payload size: 91 at 2024-12-09 08:20:19.756588 sent 2024-12-09 08:20:19.688180
