INFO:Starting Version 1.0.5
DEBUG:Using selector: EpollSelector
INFO:Connecting to cluster at: mqtt-quic://emqx-headless.dtwins:14567 using QUIC
INFO:Subscribed to topic: test/3
INFO:Logging each: 50
INFO:Unhandled packet type received
INFO:Message received on topic: test/3 with payload size: 91 at 2024-12-09 08:11:00.163740 sent 2024-12-09 08:11:00.162081
INFO:Message received on topic: test/3 with payload size: 91 at 2024-12-09 08:11:02.766487 sent 2024-12-09 08:11:02.764843
INFO:Message received on topic: test/3 with payload size: 91 at 2024-12-09 08:11:05.367654 sent 2024-12-09 08:11:05.366383
INFO:Message received on topic: test/3 with payload size: 91 at 2024-12-09 08:11:07.969722 sent 2024-12-09 08:11:07.968114
INFO:Message received on topic: test/3 with payload size: 91 at 2024-12-09 08:11:10.568838 sent 2024-12-09 08:11:10.567571
INFO:Message received on topic: test/3 with payload size: 91 at 2024-12-09 08:11:13.172591 sent 2024-12-09 08:11:13.171140
INFO:Message received on topic: test/3 with payload size: 91 at 2024-12-09 08:11:15.774388 sent 2024-12-09 08:11:15.772432
INFO:Message received on topic: test/3 with payload size: 91 at 2024-12-09 08:11:18.378920 sent 2024-12-09 08:11:18.376041
INFO:Message received on topic: test/3 with payload size: 91 at 2024-12-09 08:11:20.980042 sent 2024-12-09 08:11:20.978676
INFO:Message received on topic: test/3 with payload size: 91 at 2024-12-09 08:11:23.579783 sent 2024-12-09 08:11:23.578371
INFO:Message received on topic: test/3 with payload size: 91 at 2024-12-09 08:11:26.178810 sent 2024-12-09 08:11:26.176810
INFO:Message received on topic: test/3 with payload size: 91 at 2024-12-09 08:11:28.786572 sent 2024-12-09 08:11:28.776885
INFO:Message received on topic: test/3 with payload size: 91 at 2024-12-09 08:11:31.377254 sent 2024-12-09 08:11:31.373545
INFO:Message received on topic: test/3 with payload size: 91 at 2024-12-09 08:11:33.975454 sent 2024-12-09 08:11:33.972258
INFO:Message received on topic: test/3 with payload size: 91 at 2024-12-09 08:11:36.579847 sent 2024-12-09 08:11:36.572632
INFO:Message received on topic: test/3 with payload size: 91 at 2024-12-09 08:11:39.174916 sent 2024-12-09 08:11:39.171484
INFO:Message received on topic: test/3 with payload size: 91 at 2024-12-09 08:11:41.778947 sent 2024-12-09 08:11:41.771851
INFO:Message received on topic: test/3 with payload size: 91 at 2024-12-09 08:11:44.380086 sent 2024-12-09 08:11:44.372666
INFO:Message received on topic: test/3 with payload size: 91 at 2024-12-09 08:11:46.979694 sent 2024-12-09 08:11:46.975931
INFO:Message received on topic: test/3 with payload size: 91 at 2024-12-09 08:11:49.583826 sent 2024-12-09 08:11:49.578613
INFO:Message received on topic: test/3 with payload size: 91 at 2024-12-09 08:11:52.183958 sent 2024-12-09 08:11:52.177288
INFO:Message received on topic: test/3 with payload size: 91 at 2024-12-09 08:11:54.791432 sent 2024-12-09 08:11:54.779992
INFO:Message received on topic: test/3 with payload size: 91 at 2024-12-09 08:11:57.385547 sent 2024-12-09 08:11:57.382098
INFO:Message received on topic: test/3 with payload size: 91 at 2024-12-09 08:11:59.995759 sent 2024-12-09 08:11:59.991440
INFO:Message received on topic: test/3 with payload size: 91 at 2024-12-09 08:12:02.661624 sent 2024-12-09 08:12:02.603234
INFO:Message received on topic: test/3 with payload size: 91 at 2024-12-09 08:12:05.255375 sent 2024-12-09 08:12:05.210482
INFO:Message received on topic: test/3 with payload size: 91 at 2024-12-09 08:12:07.870982 sent 2024-12-09 08:12:07.813632
INFO:Message received on topic: test/3 with payload size: 91 at 2024-12-09 08:12:10.484956 sent 2024-12-09 08:12:10.415501
INFO:Message received on topic: test/3 with payload size: 91 at 2024-12-09 08:12:13.055946 sent 2024-12-09 08:12:13.002960
INFO:Message received on topic: test/3 with payload size: 91 at 2024-12-09 08:12:15.601876 sent 2024-12-09 08:12:15.593430
INFO:Message received on topic: test/3 with payload size: 91 at 2024-12-09 08:12:18.200474 sent 2024-12-09 08:12:18.189383
INFO:Message received on topic: test/3 with payload size: 91 at 2024-12-09 08:12:20.795077 sent 2024-12-09 08:12:20.785538
INFO:Message received on topic: test/3 with payload size: 91 at 2024-12-09 08:12:23.401442 sent 2024-12-09 08:12:23.388557
INFO:Message received on topic: test/3 with payload size: 91 at 2024-12-09 08:12:25.997885 sent 2024-12-09 08:12:25.985560
INFO:Message received on topic: test/3 with payload size: 91 at 2024-12-09 08:12:28.683928 sent 2024-12-09 08:12:28.591914
INFO:Message received on topic: test/3 with payload size: 91 at 2024-12-09 08:12:31.273499 sent 2024-12-09 08:12:31.195615
INFO:Message received on topic: test/3 with payload size: 91 at 2024-12-09 08:12:33.803453 sent 2024-12-09 08:12:33.799562
INFO:Message received on topic: test/3 with payload size: 91 at 2024-12-09 08:12:36.472181 sent 2024-12-09 08:12:36.406039
INFO:Message received on topic: test/3 with payload size: 91 at 2024-12-09 08:12:39.075661 sent 2024-12-09 08:12:39.012482
INFO:Message received on topic: test/3 with payload size: 91 at 2024-12-09 08:12:41.660319 sent 2024-12-09 08:12:41.617248
INFO:Message received on topic: test/3 with payload size: 91 at 2024-12-09 08:12:44.263452 sent 2024-12-09 08:12:44.225877
INFO:Message received on topic: test/3 with payload size: 91 at 2024-12-09 08:12:46.873270 sent 2024-12-09 08:12:46.825750
INFO:Message received on topic: test/3 with payload size: 91 at 2024-12-09 08:12:49.475942 sent 2024-12-09 08:12:49.423704
INFO:Message received on topic: test/3 with payload size: 91 at 2024-12-09 08:12:52.074150 sent 2024-12-09 08:12:52.030740
INFO:Message received on topic: test/3 with payload size: 91 at 2024-12-09 08:12:54.690614 sent 2024-12-09 08:12:54.637957
INFO:Message received on topic: test/3 with payload size: 91 at 2024-12-09 08:12:57.270948 sent 2024-12-09 08:12:57.243786
INFO:Message received on topic: test/3 with payload size: 91 at 2024-12-09 08:12:59.870645 sent 2024-12-09 08:12:59.848052
INFO:Message received on topic: test/3 with payload size: 91 at 2024-12-09 08:13:02.490790 sent 2024-12-09 08:13:02.456617
INFO:Message received on topic: test/3 with payload size: 91 at 2024-12-09 08:13:05.092485 sent 2024-12-09 08:13:05.066893
INFO:Message received on topic: test/3 with payload size: 91 at 2024-12-09 08:13:07.758386 sent 2024-12-09 08:13:07.675364
INFO:Message received on topic: test/3 with payload size: 91 at 2024-12-09 08:13:10.299652 sent 2024-12-09 08:13:10.287884
INFO:Message received on topic: test/3 with payload size: 91 at 2024-12-09 08:13:12.913742 sent 2024-12-09 08:13:12.900429
INFO:Message received on topic: test/3 with payload size: 91 at 2024-12-09 08:13:15.573759 sent 2024-12-09 08:13:15.509809
INFO:Message received on topic: test/3 with payload size: 91 at 2024-12-09 08:13:18.183796 sent 2024-12-09 08:13:18.118840
INFO:Message received on topic: test/3 with payload size: 91 at 2024-12-09 08:13:20.808228 sent 2024-12-09 08:13:20.736151
INFO:Message received on topic: test/3 with payload size: 91 at 2024-12-09 08:13:23.385516 sent 2024-12-09 08:13:23.350994
INFO:Message received on topic: test/3 with payload size: 91 at 2024-12-09 08:13:26.007961 sent 2024-12-09 08:13:25.959432
INFO:Message received on topic: test/3 with payload size: 91 at 2024-12-09 08:13:28.580316 sent 2024-12-09 08:13:28.566014
INFO:Message received on topic: test/3 with payload size: 91 at 2024-12-09 08:13:31.182636 sent 2024-12-09 08:13:31.172022
INFO:Message received on topic: test/3 with payload size: 91 at 2024-12-09 08:13:33.803712 sent 2024-12-09 08:13:33.781442
INFO:Message received on topic: test/3 with payload size: 91 at 2024-12-09 08:13:36.484059 sent 2024-12-09 08:13:36.396264
INFO:Message received on topic: test/3 with payload size: 91 at 2024-12-09 08:13:39.080970 sent 2024-12-09 08:13:39.014827
INFO:Message received on topic: test/3 with payload size: 91 at 2024-12-09 08:13:41.681258 sent 2024-12-09 08:13:41.624680
INFO:Message received on topic: test/3 with payload size: 91 at 2024-12-09 08:13:44.278612 sent 2024-12-09 08:13:44.240511
INFO:Message received on topic: test/3 with payload size: 91 at 2024-12-09 08:13:46.904154 sent 2024-12-09 08:13:46.849537
INFO:Message received on topic: test/3 with payload size: 91 at 2024-12-09 08:13:49.494475 sent 2024-12-09 08:13:49.454735
INFO:Message received on topic: test/3 with payload size: 91 at 2024-12-09 08:13:52.153312 sent 2024-12-09 08:13:52.063632
INFO:Message received on topic: test/3 with payload size: 91 at 2024-12-09 08:13:54.688152 sent 2024-12-09 08:13:54.673091
INFO:Message received on topic: test/3 with payload size: 91 at 2024-12-09 08:13:57.379095 sent 2024-12-09 08:13:57.280137
INFO:Message received on topic: test/3 with payload size: 91 at 2024-12-09 08:13:59.900054 sent 2024-12-09 08:13:59.886094
INFO:Message received on topic: test/3 with payload size: 91 at 2024-12-09 08:14:02.574931 sent 2024-12-09 08:14:02.495998
INFO:Message received on topic: test/3 with payload size: 91 at 2024-12-09 08:14:05.177836 sent 2024-12-09 08:14:05.106471
INFO:Message received on topic: test/3 with payload size: 91 at 2024-12-09 08:14:07.776867 sent 2024-12-09 08:14:07.718685
INFO:Message received on topic: test/3 with payload size: 91 at 2024-12-09 08:14:10.390510 sent 2024-12-09 08:14:10.334094
INFO:Message received on topic: test/3 with payload size: 91 at 2024-12-09 08:14:13.002012 sent 2024-12-09 08:14:12.946434
INFO:Message received on topic: test/3 with payload size: 91 at 2024-12-09 08:14:15.601145 sent 2024-12-09 08:14:15.555514
INFO:Message received on topic: test/3 with payload size: 91 at 2024-12-09 08:14:18.259729 sent 2024-12-09 08:14:18.163428
INFO:Message received on topic: test/3 with payload size: 91 at 2024-12-09 08:14:20.794945 sent 2024-12-09 08:14:20.775211
INFO:Message received on topic: test/3 with payload size: 91 at 2024-12-09 08:14:23.453543 sent 2024-12-09 08:14:23.385700
INFO:Message received on topic: test/3 with payload size: 91 at 2024-12-09 08:14:26.058641 sent 2024-12-09 08:14:25.993294
INFO:Message received on topic: test/3 with payload size: 91 at 2024-12-09 08:14:28.683160 sent 2024-12-09 08:14:28.599917
INFO:Message received on topic: test/3 with payload size: 91 at 2024-12-09 08:14:31.282873 sent 2024-12-09 08:14:31.206595
INFO:Message received on topic: test/3 with payload size: 91 at 2024-12-09 08:14:33.889186 sent 2024-12-09 08:14:33.820990
INFO:Message received on topic: test/3 with payload size: 91 at 2024-12-09 08:14:36.494706 sent 2024-12-09 08:14:36.430118
INFO:Message received on topic: test/3 with payload size: 91 at 2024-12-09 08:14:39.091179 sent 2024-12-09 08:14:39.046984
INFO:Message received on topic: test/3 with payload size: 91 at 2024-12-09 08:14:41.701669 sent 2024-12-09 08:14:41.663697
INFO:Message received on topic: test/3 with payload size: 91 at 2024-12-09 08:14:44.299084 sent 2024-12-09 08:14:44.274733
INFO:Message received on topic: test/3 with payload size: 91 at 2024-12-09 08:14:46.959201 sent 2024-12-09 08:14:46.883128
INFO:Message received on topic: test/3 with payload size: 91 at 2024-12-09 08:14:49.587945 sent 2024-12-09 08:14:49.499590
INFO:Message received on topic: test/3 with payload size: 91 at 2024-12-09 08:14:52.183493 sent 2024-12-09 08:14:52.111099
INFO:Message received on topic: test/3 with payload size: 91 at 2024-12-09 08:14:54.802630 sent 2024-12-09 08:14:54.720744
INFO:Message received on topic: test/3 with payload size: 91 at 2024-12-09 08:14:57.397545 sent 2024-12-09 08:14:57.333633
INFO:Message received on topic: test/3 with payload size: 91 at 2024-12-09 08:14:59.976111 sent 2024-12-09 08:14:59.942027
INFO:Message received on topic: test/3 with payload size: 91 at 2024-12-09 08:15:02.608965 sent 2024-12-09 08:15:02.558623
INFO:Message received on topic: test/3 with payload size: 91 at 2024-12-09 08:15:05.187567 sent 2024-12-09 08:15:05.168587
INFO:Message received on topic: test/3 with payload size: 91 at 2024-12-09 08:15:07.794917 sent 2024-12-09 08:15:07.778454
INFO:Message received on topic: test/3 with payload size: 91 at 2024-12-09 08:15:10.476632 sent 2024-12-09 08:15:10.391281
INFO:Message received on topic: test/3 with payload size: 91 at 2024-12-09 08:15:13.183172 sent 2024-12-09 08:15:13.006074
INFO:Message received on topic: test/3 with payload size: 91 at 2024-12-09 08:15:15.688622 sent 2024-12-09 08:15:15.609602
INFO:Message received on topic: test/3 with payload size: 91 at 2024-12-09 08:15:18.292013 sent 2024-12-09 08:15:18.218196
INFO:Message received on topic: test/3 with payload size: 91 at 2024-12-09 08:15:20.890592 sent 2024-12-09 08:15:20.830382
INFO:Message received on topic: test/3 with payload size: 91 at 2024-12-09 08:15:23.515835 sent 2024-12-09 08:15:23.439451
INFO:Message received on topic: test/3 with payload size: 91 at 2024-12-09 08:15:26.096013 sent 2024-12-09 08:15:26.055910
INFO:Message received on topic: test/3 with payload size: 91 at 2024-12-09 08:15:28.700976 sent 2024-12-09 08:15:28.666500
INFO:Message received on topic: test/3 with payload size: 91 at 2024-12-09 08:15:31.290709 sent 2024-12-09 08:15:31.278106
INFO:Message received on topic: test/3 with payload size: 91 at 2024-12-09 08:15:33.980503 sent 2024-12-09 08:15:33.898510
INFO:Message received on topic: test/3 with payload size: 91 at 2024-12-09 08:15:36.599678 sent 2024-12-09 08:15:36.506735
INFO:Message received on topic: test/3 with payload size: 91 at 2024-12-09 08:15:39.184176 sent 2024-12-09 08:15:39.116926
INFO:Message received on topic: test/3 with payload size: 91 at 2024-12-09 08:15:41.788531 sent 2024-12-09 08:15:41.732086
INFO:Message received on topic: test/3 with payload size: 91 at 2024-12-09 08:15:44.483995 sent 2024-12-09 08:15:44.346446
INFO:Message received on topic: test/3 with payload size: 91 at 2024-12-09 08:15:46.985948 sent 2024-12-09 08:15:46.956832
INFO:Message received on topic: test/3 with payload size: 91 at 2024-12-09 08:15:49.594894 sent 2024-12-09 08:15:49.574277
INFO:Message received on topic: test/3 with payload size: 91 at 2024-12-09 08:15:52.285849 sent 2024-12-09 08:15:52.181778
INFO:Message received on topic: test/3 with payload size: 91 at 2024-12-09 08:15:54.860832 sent 2024-12-09 08:15:54.784599
INFO:Message received on topic: test/3 with payload size: 91 at 2024-12-09 08:15:57.495105 sent 2024-12-09 08:15:57.400952
INFO:Message received on topic: test/3 with payload size: 91 at 2024-12-09 08:16:00.080303 sent 2024-12-09 08:16:00.011436
INFO:Message received on topic: test/3 with payload size: 91 at 2024-12-09 08:16:02.696872 sent 2024-12-09 08:16:02.620390
INFO:Message received on topic: test/3 with payload size: 91 at 2024-12-09 08:16:05.293622 sent 2024-12-09 08:16:05.230902
INFO:Message received on topic: test/3 with payload size: 91 at 2024-12-09 08:16:07.883785 sent 2024-12-09 08:16:07.842171
INFO:Message received on topic: test/3 with payload size: 91 at 2024-12-09 08:16:10.554562 sent 2024-12-09 08:16:10.461538
INFO:Message received on topic: test/3 with payload size: 91 at 2024-12-09 08:16:13.155699 sent 2024-12-09 08:16:13.071860
INFO:Message received on topic: test/3 with payload size: 91 at 2024-12-09 08:16:15.755271 sent 2024-12-09 08:16:15.681678
INFO:Message received on topic: test/3 with payload size: 91 at 2024-12-09 08:16:18.372928 sent 2024-12-09 08:16:18.296208
INFO:Message received on topic: test/3 with payload size: 91 at 2024-12-09 08:16:20.979139 sent 2024-12-09 08:16:20.906967
INFO:Message received on topic: test/3 with payload size: 91 at 2024-12-09 08:16:23.589425 sent 2024-12-09 08:16:23.517917
INFO:Message received on topic: test/3 with payload size: 91 at 2024-12-09 08:16:26.191677 sent 2024-12-09 08:16:26.121543
INFO:Message received on topic: test/3 with payload size: 91 at 2024-12-09 08:16:28.784235 sent 2024-12-09 08:16:28.734238
INFO:Message received on topic: test/3 with payload size: 91 at 2024-12-09 08:16:31.418160 sent 2024-12-09 08:16:31.346154
INFO:Message received on topic: test/3 with payload size: 91 at 2024-12-09 08:16:33.989431 sent 2024-12-09 08:16:33.955677
INFO:Message received on topic: test/3 with payload size: 91 at 2024-12-09 08:16:36.587194 sent 2024-12-09 08:16:36.571191
INFO:Message received on topic: test/3 with payload size: 91 at 2024-12-09 08:16:39.279270 sent 2024-12-09 08:16:39.183143
INFO:Message received on topic: test/3 with payload size: 91 at 2024-12-09 08:16:41.887882 sent 2024-12-09 08:16:41.796593
INFO:Message received on topic: test/3 with payload size: 91 at 2024-12-09 08:16:44.495174 sent 2024-12-09 08:16:44.405622
INFO:Message received on topic: test/3 with payload size: 91 at 2024-12-09 08:16:47.086119 sent 2024-12-09 08:16:47.015064
INFO:Message received on topic: test/3 with payload size: 91 at 2024-12-09 08:16:49.705875 sent 2024-12-09 08:16:49.630920
INFO:Message received on topic: test/3 with payload size: 91 at 2024-12-09 08:16:52.372657 sent 2024-12-09 08:16:52.251611
INFO:Message received on topic: test/3 with payload size: 91 at 2024-12-09 08:16:54.900076 sent 2024-12-09 08:16:54.861318
INFO:Message received on topic: test/3 with payload size: 91 at 2024-12-09 08:16:57.560930 sent 2024-12-09 08:16:57.467319
INFO:Message received on topic: test/3 with payload size: 91 at 2024-12-09 08:17:00.101024 sent 2024-12-09 08:17:00.076535
INFO:Message received on topic: test/3 with payload size: 91 at 2024-12-09 08:17:02.782520 sent 2024-12-09 08:17:02.687500
INFO:Message received on topic: test/3 with payload size: 91 at 2024-12-09 08:17:05.377758 sent 2024-12-09 08:17:05.300231
INFO:Message received on topic: test/3 with payload size: 91 at 2024-12-09 08:17:07.996748 sent 2024-12-09 08:17:07.909847
INFO:Message received on topic: test/3 with payload size: 91 at 2024-12-09 08:17:10.586159 sent 2024-12-09 08:17:10.519152
INFO:Message received on topic: test/3 with payload size: 91 at 2024-12-09 08:17:13.199369 sent 2024-12-09 08:17:13.130761
INFO:Message received on topic: test/3 with payload size: 91 at 2024-12-09 08:17:15.793266 sent 2024-12-09 08:17:15.737652
INFO:Message received on topic: test/3 with payload size: 91 at 2024-12-09 08:17:18.379236 sent 2024-12-09 08:17:18.343024
INFO:Message received on topic: test/3 with payload size: 91 at 2024-12-09 08:17:20.984095 sent 2024-12-09 08:17:20.952087
INFO:Message received on topic: test/3 with payload size: 91 at 2024-12-09 08:17:23.584193 sent 2024-12-09 08:17:23.561675
INFO:Message received on topic: test/3 with payload size: 91 at 2024-12-09 08:17:26.261901 sent 2024-12-09 08:17:26.168946
INFO:Message received on topic: test/3 with payload size: 91 at 2024-12-09 08:17:28.903471 sent 2024-12-09 08:17:28.775021
INFO:Message received on topic: test/3 with payload size: 91 at 2024-12-09 08:17:31.473866 sent 2024-12-09 08:17:31.385594
INFO:Message received on topic: test/3 with payload size: 91 at 2024-12-09 08:17:34.075002 sent 2024-12-09 08:17:33.993378
INFO:Message received on topic: test/3 with payload size: 91 at 2024-12-09 08:17:36.696012 sent 2024-12-09 08:17:36.606508
INFO:Message received on topic: test/3 with payload size: 91 at 2024-12-09 08:17:39.353767 sent 2024-12-09 08:17:39.216089
INFO:Message received on topic: test/3 with payload size: 91 at 2024-12-09 08:17:41.974255 sent 2024-12-09 08:17:41.823109
INFO:Message received on topic: test/3 with payload size: 91 at 2024-12-09 08:17:44.501833 sent 2024-12-09 08:17:44.432132
INFO:Message received on topic: test/3 with payload size: 91 at 2024-12-09 08:17:47.176828 sent 2024-12-09 08:17:47.038823
INFO:Message received on topic: test/3 with payload size: 91 at 2024-12-09 08:17:49.796524 sent 2024-12-09 08:17:49.648859
INFO:Message received on topic: test/3 with payload size: 91 at 2024-12-09 08:17:52.358186 sent 2024-12-09 08:17:52.260448
INFO:Message received on topic: test/3 with payload size: 91 at 2024-12-09 08:17:54.957881 sent 2024-12-09 08:17:54.870312
INFO:Message received on topic: test/3 with payload size: 91 at 2024-12-09 08:17:57.555642 sent 2024-12-09 08:17:57.480761
INFO:Message received on topic: test/3 with payload size: 91 at 2024-12-09 08:18:00.109175 sent 2024-12-09 08:18:00.095801
INFO:Message received on topic: test/3 with payload size: 91 at 2024-12-09 08:18:02.806663 sent 2024-12-09 08:18:02.711646
INFO:Message received on topic: test/3 with payload size: 91 at 2024-12-09 08:18:05.398128 sent 2024-12-09 08:18:05.325402
INFO:Message received on topic: test/3 with payload size: 91 at 2024-12-09 08:18:07.993110 sent 2024-12-09 08:18:07.939051
INFO:Message received on topic: test/3 with payload size: 91 at 2024-12-09 08:18:10.587157 sent 2024-12-09 08:18:10.549640
INFO:Message received on topic: test/3 with payload size: 91 at 2024-12-09 08:18:13.289011 sent 2024-12-09 08:18:13.155664
INFO:Message received on topic: test/3 with payload size: 91 at 2024-12-09 08:18:15.852241 sent 2024-12-09 08:18:15.764093
INFO:Message received on topic: test/3 with payload size: 91 at 2024-12-09 08:18:18.485996 sent 2024-12-09 08:18:18.373832
INFO:Message received on topic: test/3 with payload size: 91 at 2024-12-09 08:18:21.096407 sent 2024-12-09 08:18:20.980648
INFO:Message received on topic: test/3 with payload size: 91 at 2024-12-09 08:18:23.685176 sent 2024-12-09 08:18:23.588816
INFO:Message received on topic: test/3 with payload size: 91 at 2024-12-09 08:18:26.281768 sent 2024-12-09 08:18:26.205147
INFO:Message received on topic: test/3 with payload size: 91 at 2024-12-09 08:18:28.883642 sent 2024-12-09 08:18:28.818535
INFO:Message received on topic: test/3 with payload size: 91 at 2024-12-09 08:18:31.498360 sent 2024-12-09 08:18:31.433619
INFO:Message received on topic: test/3 with payload size: 91 at 2024-12-09 08:18:34.156037 sent 2024-12-09 08:18:34.048796
INFO:Message received on topic: test/3 with payload size: 91 at 2024-12-09 08:18:36.861916 sent 2024-12-09 08:18:36.665434
INFO:Message received on topic: test/3 with payload size: 91 at 2024-12-09 08:18:39.296054 sent 2024-12-09 08:18:39.278124
INFO:Message received on topic: test/3 with payload size: 91 at 2024-12-09 08:18:42.058529 sent 2024-12-09 08:18:41.899404
INFO:Message received on topic: test/3 with payload size: 91 at 2024-12-09 08:18:44.593619 sent 2024-12-09 08:18:44.511446
INFO:Message received on topic: test/3 with payload size: 91 at 2024-12-09 08:18:47.373405 sent 2024-12-09 08:18:47.120772
INFO:Message received on topic: test/3 with payload size: 91 at 2024-12-09 08:18:49.857212 sent 2024-12-09 08:18:49.730628
INFO:Message received on topic: test/3 with payload size: 91 at 2024-12-09 08:18:52.479092 sent 2024-12-09 08:18:52.337875
INFO:Message received on topic: test/3 with payload size: 91 at 2024-12-09 08:18:55.004999 sent 2024-12-09 08:18:54.947241
INFO:Message received on topic: test/3 with payload size: 91 at 2024-12-09 08:18:57.658850 sent 2024-12-09 08:18:57.536549
INFO:Message received on topic: test/3 with payload size: 91 at 2024-12-09 08:19:00.182005 sent 2024-12-09 08:19:00.120018
INFO:Message received on topic: test/3 with payload size: 91 at 2024-12-09 08:19:02.799212 sent 2024-12-09 08:19:02.715231
INFO:Message received on topic: test/3 with payload size: 91 at 2024-12-09 08:19:05.455631 sent 2024-12-09 08:19:05.299880
INFO:Message received on topic: test/3 with payload size: 91 at 2024-12-09 08:19:08.008510 sent 2024-12-09 08:19:07.907630
INFO:Message received on topic: test/3 with payload size: 91 at 2024-12-09 08:19:10.587521 sent 2024-12-09 08:19:10.528212
INFO:Message received on topic: test/3 with payload size: 91 at 2024-12-09 08:19:13.254750 sent 2024-12-09 08:19:13.144586
INFO:Message received on topic: test/3 with payload size: 91 at 2024-12-09 08:19:15.791616 sent 2024-12-09 08:19:15.760520
INFO:Message received on topic: test/3 with payload size: 91 at 2024-12-09 08:19:18.459632 sent 2024-12-09 08:19:18.368136
INFO:Message received on topic: test/3 with payload size: 91 at 2024-12-09 08:19:20.988886 sent 2024-12-09 08:19:20.976810
INFO:Message received on topic: test/3 with payload size: 91 at 2024-12-09 08:19:23.684898 sent 2024-12-09 08:19:23.584700
INFO:Message received on topic: test/3 with payload size: 91 at 2024-12-09 08:19:26.280125 sent 2024-12-09 08:19:26.190082
INFO:Message received on topic: test/3 with payload size: 91 at 2024-12-09 08:19:28.885133 sent 2024-12-09 08:19:28.799162
