INFO:Starting Version 1.0.5
DEBUG:Using selector: EpollSelector
INFO:Connecting to cluster at: mqtt-quic://emqx-headless.dtwins:14567 using QUIC
INFO:Subscribed to topic: test/20
INFO:Logging each: 50
INFO:Unhandled packet type received
INFO:Message received on topic: test/20 with payload size: 91 at 2024-12-09 08:12:07.673217 sent 2024-12-09 08:12:07.651894
INFO:Message received on topic: test/20 with payload size: 91 at 2024-12-09 08:12:10.292865 sent 2024-12-09 08:12:10.254853
INFO:Message received on topic: test/20 with payload size: 91 at 2024-12-09 08:12:12.890123 sent 2024-12-09 08:12:12.843803
INFO:Message received on topic: test/20 with payload size: 91 at 2024-12-09 08:12:15.490509 sent 2024-12-09 08:12:15.429485
INFO:Message received on topic: test/20 with payload size: 91 at 2024-12-09 08:12:18.074253 sent 2024-12-09 08:12:18.018402
INFO:Message received on topic: test/20 with payload size: 91 at 2024-12-09 08:12:20.612660 sent 2024-12-09 08:12:20.606106
INFO:Message received on topic: test/20 with payload size: 91 at 2024-12-09 08:12:23.271609 sent 2024-12-09 08:12:23.205547
INFO:Message received on topic: test/20 with payload size: 91 at 2024-12-09 08:12:25.878625 sent 2024-12-09 08:12:25.807512
INFO:Message received on topic: test/20 with payload size: 91 at 2024-12-09 08:12:28.456621 sent 2024-12-09 08:12:28.411892
INFO:Message received on topic: test/20 with payload size: 91 at 2024-12-09 08:12:31.061765 sent 2024-12-09 08:12:31.014149
INFO:Message received on topic: test/20 with payload size: 91 at 2024-12-09 08:12:33.679638 sent 2024-12-09 08:12:33.619437
INFO:Message received on topic: test/20 with payload size: 91 at 2024-12-09 08:12:36.277224 sent 2024-12-09 08:12:36.222686
INFO:Message received on topic: test/20 with payload size: 91 at 2024-12-09 08:12:38.883708 sent 2024-12-09 08:12:38.826552
INFO:Message received on topic: test/20 with payload size: 91 at 2024-12-09 08:12:41.461507 sent 2024-12-09 08:12:41.432056
INFO:Message received on topic: test/20 with payload size: 91 at 2024-12-09 08:12:44.175920 sent 2024-12-09 08:12:44.039138
INFO:Message received on topic: test/20 with payload size: 91 at 2024-12-09 08:12:46.753583 sent 2024-12-09 08:12:46.642391
INFO:Message received on topic: test/20 with payload size: 91 at 2024-12-09 08:12:49.286126 sent 2024-12-09 08:12:49.248511
INFO:Message received on topic: test/20 with payload size: 91 at 2024-12-09 08:12:51.875187 sent 2024-12-09 08:12:51.852503
INFO:Message received on topic: test/20 with payload size: 91 at 2024-12-09 08:12:54.480969 sent 2024-12-09 08:12:54.456473
INFO:Message received on topic: test/20 with payload size: 91 at 2024-12-09 08:12:57.079258 sent 2024-12-09 08:12:57.059383
INFO:Message received on topic: test/20 with payload size: 91 at 2024-12-09 08:12:59.693938 sent 2024-12-09 08:12:59.661592
INFO:Message received on topic: test/20 with payload size: 91 at 2024-12-09 08:13:02.283220 sent 2024-12-09 08:13:02.267061
INFO:Message received on topic: test/20 with payload size: 91 at 2024-12-09 08:13:04.995695 sent 2024-12-09 08:13:04.873516
INFO:Message received on topic: test/20 with payload size: 91 at 2024-12-09 08:13:07.561851 sent 2024-12-09 08:13:07.474795
INFO:Message received on topic: test/20 with payload size: 91 at 2024-12-09 08:13:10.161513 sent 2024-12-09 08:13:10.094112
INFO:Message received on topic: test/20 with payload size: 91 at 2024-12-09 08:13:12.710570 sent 2024-12-09 08:13:12.700063
INFO:Message received on topic: test/20 with payload size: 91 at 2024-12-09 08:13:15.374583 sent 2024-12-09 08:13:15.310174
INFO:Message received on topic: test/20 with payload size: 91 at 2024-12-09 08:13:17.975646 sent 2024-12-09 08:13:17.916040
INFO:Message received on topic: test/20 with payload size: 91 at 2024-12-09 08:13:20.576839 sent 2024-12-09 08:13:20.526941
INFO:Message received on topic: test/20 with payload size: 91 at 2024-12-09 08:13:23.187170 sent 2024-12-09 08:13:23.139272
INFO:Message received on topic: test/20 with payload size: 91 at 2024-12-09 08:13:25.872922 sent 2024-12-09 08:13:25.748633
INFO:Message received on topic: test/20 with payload size: 91 at 2024-12-09 08:13:28.382474 sent 2024-12-09 08:13:28.359235
INFO:Message received on topic: test/20 with payload size: 91 at 2024-12-09 08:13:30.994200 sent 2024-12-09 08:13:30.968432
INFO:Message received on topic: test/20 with payload size: 91 at 2024-12-09 08:13:33.595265 sent 2024-12-09 08:13:33.581775
INFO:Message received on topic: test/20 with payload size: 91 at 2024-12-09 08:13:36.205427 sent 2024-12-09 08:13:36.189980
INFO:Message received on topic: test/20 with payload size: 91 at 2024-12-09 08:13:38.894980 sent 2024-12-09 08:13:38.801676
INFO:Message received on topic: test/20 with payload size: 91 at 2024-12-09 08:13:41.483502 sent 2024-12-09 08:13:41.415733
INFO:Message received on topic: test/20 with payload size: 91 at 2024-12-09 08:13:44.082967 sent 2024-12-09 08:13:44.023667
INFO:Message received on topic: test/20 with payload size: 91 at 2024-12-09 08:13:46.700275 sent 2024-12-09 08:13:46.629470
INFO:Message received on topic: test/20 with payload size: 91 at 2024-12-09 08:13:49.286401 sent 2024-12-09 08:13:49.236931
INFO:Message received on topic: test/20 with payload size: 91 at 2024-12-09 08:13:51.880161 sent 2024-12-09 08:13:51.850951
INFO:Message received on topic: test/20 with payload size: 91 at 2024-12-09 08:13:54.479693 sent 2024-12-09 08:13:54.461752
INFO:Message received on topic: test/20 with payload size: 91 at 2024-12-09 08:13:57.093018 sent 2024-12-09 08:13:57.068192
INFO:Message received on topic: test/20 with payload size: 91 at 2024-12-09 08:13:59.691122 sent 2024-12-09 08:13:59.673772
INFO:Message received on topic: test/20 with payload size: 91 at 2024-12-09 08:14:02.388428 sent 2024-12-09 08:14:02.282638
INFO:Message received on topic: test/20 with payload size: 91 at 2024-12-09 08:14:04.961661 sent 2024-12-09 08:14:04.897520
INFO:Message received on topic: test/20 with payload size: 91 at 2024-12-09 08:14:07.580743 sent 2024-12-09 08:14:07.513700
INFO:Message received on topic: test/20 with payload size: 91 at 2024-12-09 08:14:10.194219 sent 2024-12-09 08:14:10.121616
INFO:Message received on topic: test/20 with payload size: 91 at 2024-12-09 08:14:12.781873 sent 2024-12-09 08:14:12.733944
INFO:Message received on topic: test/20 with payload size: 91 at 2024-12-09 08:14:15.454706 sent 2024-12-09 08:14:15.340555
INFO:Message received on topic: test/20 with payload size: 91 at 2024-12-09 08:14:18.080991 sent 2024-12-09 08:14:17.948915
INFO:Message received on topic: test/20 with payload size: 91 at 2024-12-09 08:14:20.582474 sent 2024-12-09 08:14:20.571003
INFO:Message received on topic: test/20 with payload size: 91 at 2024-12-09 08:14:23.198092 sent 2024-12-09 08:14:23.184935
INFO:Message received on topic: test/20 with payload size: 91 at 2024-12-09 08:14:25.880351 sent 2024-12-09 08:14:25.796126
INFO:Message received on topic: test/20 with payload size: 91 at 2024-12-09 08:14:28.482416 sent 2024-12-09 08:14:28.405980
INFO:Message received on topic: test/20 with payload size: 91 at 2024-12-09 08:14:31.088636 sent 2024-12-09 08:14:31.019065
INFO:Message received on topic: test/20 with payload size: 91 at 2024-12-09 08:14:33.682246 sent 2024-12-09 08:14:33.634652
INFO:Message received on topic: test/20 with payload size: 91 at 2024-12-09 08:14:36.260165 sent 2024-12-09 08:14:36.244021
INFO:Message received on topic: test/20 with payload size: 91 at 2024-12-09 08:14:38.881720 sent 2024-12-09 08:14:38.852659
INFO:Message received on topic: test/20 with payload size: 91 at 2024-12-09 08:14:41.507618 sent 2024-12-09 08:14:41.464563
INFO:Message received on topic: test/20 with payload size: 91 at 2024-12-09 08:14:44.102272 sent 2024-12-09 08:14:44.077385
INFO:Message received on topic: test/20 with payload size: 91 at 2024-12-09 08:14:46.761042 sent 2024-12-09 08:14:46.683745
INFO:Message received on topic: test/20 with payload size: 91 at 2024-12-09 08:14:49.399631 sent 2024-12-09 08:14:49.296911
INFO:Message received on topic: test/20 with payload size: 91 at 2024-12-09 08:14:51.983276 sent 2024-12-09 08:14:51.908368
INFO:Message received on topic: test/20 with payload size: 91 at 2024-12-09 08:14:54.594141 sent 2024-12-09 08:14:54.521681
INFO:Message received on topic: test/20 with payload size: 91 at 2024-12-09 08:14:57.188071 sent 2024-12-09 08:14:57.139130
INFO:Message received on topic: test/20 with payload size: 91 at 2024-12-09 08:14:59.791110 sent 2024-12-09 08:14:59.749306
INFO:Message received on topic: test/20 with payload size: 91 at 2024-12-09 08:15:02.455024 sent 2024-12-09 08:15:02.362911
INFO:Message received on topic: test/20 with payload size: 91 at 2024-12-09 08:15:05.057922 sent 2024-12-09 08:15:04.972569
INFO:Message received on topic: test/20 with payload size: 91 at 2024-12-09 08:15:07.597850 sent 2024-12-09 08:15:07.586647
INFO:Message received on topic: test/20 with payload size: 91 at 2024-12-09 08:15:10.283659 sent 2024-12-09 08:15:10.201365
INFO:Message received on topic: test/20 with payload size: 91 at 2024-12-09 08:15:12.889771 sent 2024-12-09 08:15:12.811494
INFO:Message received on topic: test/20 with payload size: 91 at 2024-12-09 08:15:15.489017 sent 2024-12-09 08:15:15.422252
INFO:Message received on topic: test/20 with payload size: 91 at 2024-12-09 08:15:18.103448 sent 2024-12-09 08:15:18.026224
INFO:Message received on topic: test/20 with payload size: 91 at 2024-12-09 08:15:20.695889 sent 2024-12-09 08:15:20.632818
INFO:Message received on topic: test/20 with payload size: 91 at 2024-12-09 08:15:23.355492 sent 2024-12-09 08:15:23.246268
INFO:Message received on topic: test/20 with payload size: 91 at 2024-12-09 08:15:25.903886 sent 2024-12-09 08:15:25.855483
INFO:Message received on topic: test/20 with payload size: 91 at 2024-12-09 08:15:28.499904 sent 2024-12-09 08:15:28.467905
INFO:Message received on topic: test/20 with payload size: 91 at 2024-12-09 08:15:31.153967 sent 2024-12-09 08:15:31.080966
INFO:Message received on topic: test/20 with payload size: 91 at 2024-12-09 08:15:33.782714 sent 2024-12-09 08:15:33.702352
INFO:Message received on topic: test/20 with payload size: 91 at 2024-12-09 08:15:36.396791 sent 2024-12-09 08:15:36.310004
INFO:Message received on topic: test/20 with payload size: 91 at 2024-12-09 08:15:38.983086 sent 2024-12-09 08:15:38.918106
INFO:Message received on topic: test/20 with payload size: 91 at 2024-12-09 08:15:41.589991 sent 2024-12-09 08:15:41.527693
INFO:Message received on topic: test/20 with payload size: 91 at 2024-12-09 08:15:44.271992 sent 2024-12-09 08:15:44.139893
INFO:Message received on topic: test/20 with payload size: 91 at 2024-12-09 08:15:46.856549 sent 2024-12-09 08:15:46.749459
INFO:Message received on topic: test/20 with payload size: 91 at 2024-12-09 08:15:49.392044 sent 2024-12-09 08:15:49.363517
INFO:Message received on topic: test/20 with payload size: 91 at 2024-12-09 08:15:52.054122 sent 2024-12-09 08:15:51.969206
INFO:Message received on topic: test/20 with payload size: 91 at 2024-12-09 08:15:54.691037 sent 2024-12-09 08:15:54.577664
INFO:Message received on topic: test/20 with payload size: 91 at 2024-12-09 08:15:57.275299 sent 2024-12-09 08:15:57.186601
INFO:Message received on topic: test/20 with payload size: 91 at 2024-12-09 08:15:59.875849 sent 2024-12-09 08:15:59.793867
INFO:Message received on topic: test/20 with payload size: 91 at 2024-12-09 08:16:02.499676 sent 2024-12-09 08:16:02.405640
INFO:Message received on topic: test/20 with payload size: 91 at 2024-12-09 08:16:05.078857 sent 2024-12-09 08:16:05.015944
INFO:Message received on topic: test/20 with payload size: 91 at 2024-12-09 08:16:07.695006 sent 2024-12-09 08:16:07.623436
INFO:Message received on topic: test/20 with payload size: 91 at 2024-12-09 08:16:10.353066 sent 2024-12-09 08:16:10.232554
INFO:Message received on topic: test/20 with payload size: 91 at 2024-12-09 08:16:12.955147 sent 2024-12-09 08:16:12.843163
INFO:Message received on topic: test/20 with payload size: 91 at 2024-12-09 08:16:15.511882 sent 2024-12-09 08:16:15.452969
INFO:Message received on topic: test/20 with payload size: 91 at 2024-12-09 08:16:18.088697 sent 2024-12-09 08:16:18.061216
INFO:Message received on topic: test/20 with payload size: 91 at 2024-12-09 08:16:20.776473 sent 2024-12-09 08:16:20.672872
INFO:Message received on topic: test/20 with payload size: 91 at 2024-12-09 08:16:23.379887 sent 2024-12-09 08:16:23.282484
INFO:Message received on topic: test/20 with payload size: 91 at 2024-12-09 08:16:26.055723 sent 2024-12-09 08:16:25.891293
INFO:Message received on topic: test/20 with payload size: 91 at 2024-12-09 08:16:28.579743 sent 2024-12-09 08:16:28.505269
INFO:Message received on topic: test/20 with payload size: 91 at 2024-12-09 08:16:31.186817 sent 2024-12-09 08:16:31.114710
INFO:Message received on topic: test/20 with payload size: 91 at 2024-12-09 08:16:33.800762 sent 2024-12-09 08:16:33.728418
INFO:Message received on topic: test/20 with payload size: 91 at 2024-12-09 08:16:36.392312 sent 2024-12-09 08:16:36.342045
INFO:Message received on topic: test/20 with payload size: 91 at 2024-12-09 08:16:39.056937 sent 2024-12-09 08:16:38.959532
INFO:Message received on topic: test/20 with payload size: 91 at 2024-12-09 08:16:41.680732 sent 2024-12-09 08:16:41.573915
INFO:Message received on topic: test/20 with payload size: 91 at 2024-12-09 08:16:44.288032 sent 2024-12-09 08:16:44.184056
INFO:Message received on topic: test/20 with payload size: 91 at 2024-12-09 08:16:46.884476 sent 2024-12-09 08:16:46.790887
INFO:Message received on topic: test/20 with payload size: 91 at 2024-12-09 08:16:49.483613 sent 2024-12-09 08:16:49.406729
INFO:Message received on topic: test/20 with payload size: 91 at 2024-12-09 08:16:52.094945 sent 2024-12-09 08:16:52.017631
INFO:Message received on topic: test/20 with payload size: 91 at 2024-12-09 08:16:54.685063 sent 2024-12-09 08:16:54.624937
INFO:Message received on topic: test/20 with payload size: 91 at 2024-12-09 08:16:57.278868 sent 2024-12-09 08:16:57.238059
INFO:Message received on topic: test/20 with payload size: 91 at 2024-12-09 08:16:59.952235 sent 2024-12-09 08:16:59.845913
INFO:Message received on topic: test/20 with payload size: 91 at 2024-12-09 08:17:02.507168 sent 2024-12-09 08:17:02.457185
INFO:Message received on topic: test/20 with payload size: 91 at 2024-12-09 08:17:05.092842 sent 2024-12-09 08:17:05.063492
INFO:Message received on topic: test/20 with payload size: 91 at 2024-12-09 08:17:07.755509 sent 2024-12-09 08:17:07.672011
INFO:Message received on topic: test/20 with payload size: 91 at 2024-12-09 08:17:10.352566 sent 2024-12-09 08:17:10.281057
INFO:Message received on topic: test/20 with payload size: 91 at 2024-12-09 08:17:12.984419 sent 2024-12-09 08:17:12.893000
INFO:Message received on topic: test/20 with payload size: 91 at 2024-12-09 08:17:15.580907 sent 2024-12-09 08:17:15.504482
INFO:Message received on topic: test/20 with payload size: 91 at 2024-12-09 08:17:18.187223 sent 2024-12-09 08:17:18.112805
INFO:Message received on topic: test/20 with payload size: 91 at 2024-12-09 08:17:20.807589 sent 2024-12-09 08:17:20.722098
INFO:Message received on topic: test/20 with payload size: 91 at 2024-12-09 08:17:23.390566 sent 2024-12-09 08:17:23.331288
INFO:Message received on topic: test/20 with payload size: 91 at 2024-12-09 08:17:25.995473 sent 2024-12-09 08:17:25.941502
INFO:Message received on topic: test/20 with payload size: 91 at 2024-12-09 08:17:28.596236 sent 2024-12-09 08:17:28.549998
INFO:Message received on topic: test/20 with payload size: 91 at 2024-12-09 08:17:31.275789 sent 2024-12-09 08:17:31.162646
INFO:Message received on topic: test/20 with payload size: 91 at 2024-12-09 08:17:33.882536 sent 2024-12-09 08:17:33.769620
INFO:Message received on topic: test/20 with payload size: 91 at 2024-12-09 08:17:36.498465 sent 2024-12-09 08:17:36.377408
INFO:Message received on topic: test/20 with payload size: 91 at 2024-12-09 08:17:39.153048 sent 2024-12-09 08:17:38.987020
INFO:Message received on topic: test/20 with payload size: 91 at 2024-12-09 08:17:41.679502 sent 2024-12-09 08:17:41.598533
INFO:Message received on topic: test/20 with payload size: 91 at 2024-12-09 08:17:44.298493 sent 2024-12-09 08:17:44.208582
INFO:Message received on topic: test/20 with payload size: 91 at 2024-12-09 08:17:46.897608 sent 2024-12-09 08:17:46.818029
INFO:Message received on topic: test/20 with payload size: 91 at 2024-12-09 08:17:49.496578 sent 2024-12-09 08:17:49.435262
INFO:Message received on topic: test/20 with payload size: 91 at 2024-12-09 08:17:52.181255 sent 2024-12-09 08:17:52.051143
INFO:Message received on topic: test/20 with payload size: 91 at 2024-12-09 08:17:54.774274 sent 2024-12-09 08:17:54.664690
INFO:Message received on topic: test/20 with payload size: 91 at 2024-12-09 08:17:57.360839 sent 2024-12-09 08:17:57.274624
INFO:Message received on topic: test/20 with payload size: 91 at 2024-12-09 08:17:59.988835 sent 2024-12-09 08:17:59.889240
INFO:Message received on topic: test/20 with payload size: 91 at 2024-12-09 08:18:02.596258 sent 2024-12-09 08:18:02.505417
INFO:Message received on topic: test/20 with payload size: 91 at 2024-12-09 08:18:05.251845 sent 2024-12-09 08:18:05.119843
INFO:Message received on topic: test/20 with payload size: 91 at 2024-12-09 08:18:07.789757 sent 2024-12-09 08:18:07.729539
INFO:Message received on topic: test/20 with payload size: 91 at 2024-12-09 08:18:10.400464 sent 2024-12-09 08:18:10.339891
INFO:Message received on topic: test/20 with payload size: 91 at 2024-12-09 08:18:13.004305 sent 2024-12-09 08:18:12.949657
INFO:Message received on topic: test/20 with payload size: 91 at 2024-12-09 08:18:15.682894 sent 2024-12-09 08:18:15.557654
INFO:Message received on topic: test/20 with payload size: 91 at 2024-12-09 08:18:18.278155 sent 2024-12-09 08:18:18.165266
INFO:Message received on topic: test/20 with payload size: 91 at 2024-12-09 08:18:20.794661 sent 2024-12-09 08:18:20.772585
INFO:Message received on topic: test/20 with payload size: 91 at 2024-12-09 08:18:23.460643 sent 2024-12-09 08:18:23.382163
INFO:Message received on topic: test/20 with payload size: 91 at 2024-12-09 08:18:26.178587 sent 2024-12-09 08:18:25.993427
INFO:Message received on topic: test/20 with payload size: 91 at 2024-12-09 08:18:28.698676 sent 2024-12-09 08:18:28.604753
INFO:Message received on topic: test/20 with payload size: 91 at 2024-12-09 08:18:31.284682 sent 2024-12-09 08:18:31.218625
INFO:Message received on topic: test/20 with payload size: 91 at 2024-12-09 08:18:33.880794 sent 2024-12-09 08:18:33.834128
INFO:Message received on topic: test/20 with payload size: 91 at 2024-12-09 08:18:36.557802 sent 2024-12-09 08:18:36.455945
INFO:Message received on topic: test/20 with payload size: 91 at 2024-12-09 08:18:39.101777 sent 2024-12-09 08:18:39.069682
INFO:Message received on topic: test/20 with payload size: 91 at 2024-12-09 08:18:41.795606 sent 2024-12-09 08:18:41.685578
INFO:Message received on topic: test/20 with payload size: 91 at 2024-12-09 08:18:44.452238 sent 2024-12-09 08:18:44.292618
INFO:Message received on topic: test/20 with payload size: 91 at 2024-12-09 08:18:47.083528 sent 2024-12-09 08:18:46.896697
INFO:Message received on topic: test/20 with payload size: 91 at 2024-12-09 08:18:49.580597 sent 2024-12-09 08:18:49.504621
INFO:Message received on topic: test/20 with payload size: 91 at 2024-12-09 08:18:52.278717 sent 2024-12-09 08:18:52.118530
INFO:Message received on topic: test/20 with payload size: 91 at 2024-12-09 08:18:54.804083 sent 2024-12-09 08:18:54.727028
INFO:Message received on topic: test/20 with payload size: 91 at 2024-12-09 08:18:57.387685 sent 2024-12-09 08:18:57.319740
INFO:Message received on topic: test/20 with payload size: 91 at 2024-12-09 08:18:59.974701 sent 2024-12-09 08:18:59.907277
INFO:Message received on topic: test/20 with payload size: 91 at 2024-12-09 08:19:02.589064 sent 2024-12-09 08:19:02.500930
INFO:Message received on topic: test/20 with payload size: 91 at 2024-12-09 08:19:05.178425 sent 2024-12-09 08:19:05.086076
INFO:Message received on topic: test/20 with payload size: 91 at 2024-12-09 08:19:07.856947 sent 2024-12-09 08:19:07.689573
INFO:Message received on topic: test/20 with payload size: 91 at 2024-12-09 08:19:10.387855 sent 2024-12-09 08:19:10.307110
INFO:Message received on topic: test/20 with payload size: 91 at 2024-12-09 08:19:13.087154 sent 2024-12-09 08:19:12.919906
INFO:Message received on topic: test/20 with payload size: 91 at 2024-12-09 08:19:15.606564 sent 2024-12-09 08:19:15.530511
INFO:Message received on topic: test/20 with payload size: 91 at 2024-12-09 08:19:18.205089 sent 2024-12-09 08:19:18.136620
INFO:Message received on topic: test/20 with payload size: 91 at 2024-12-09 08:19:20.790676 sent 2024-12-09 08:19:20.742593
INFO:Message received on topic: test/20 with payload size: 91 at 2024-12-09 08:19:23.399872 sent 2024-12-09 08:19:23.357538
INFO:Message received on topic: test/20 with payload size: 91 at 2024-12-09 08:19:26.006097 sent 2024-12-09 08:19:25.971372
INFO:Message received on topic: test/20 with payload size: 91 at 2024-12-09 08:19:28.692193 sent 2024-12-09 08:19:28.581597
INFO:Message received on topic: test/20 with payload size: 91 at 2024-12-09 08:19:31.205864 sent 2024-12-09 08:19:31.188744
INFO:Message received on topic: test/20 with payload size: 91 at 2024-12-09 08:19:33.952473 sent 2024-12-09 08:19:33.800479
INFO:Message received on topic: test/20 with payload size: 91 at 2024-12-09 08:19:36.479168 sent 2024-12-09 08:19:36.410459
INFO:Message received on topic: test/20 with payload size: 91 at 2024-12-09 08:19:39.108136 sent 2024-12-09 08:19:39.027768
INFO:Message received on topic: test/20 with payload size: 91 at 2024-12-09 08:19:41.708129 sent 2024-12-09 08:19:41.634202
INFO:Message received on topic: test/20 with payload size: 91 at 2024-12-09 08:19:44.280153 sent 2024-12-09 08:19:44.242012
INFO:Message received on topic: test/20 with payload size: 91 at 2024-12-09 08:19:46.892189 sent 2024-12-09 08:19:46.847797
INFO:Message received on topic: test/20 with payload size: 91 at 2024-12-09 08:19:49.572098 sent 2024-12-09 08:19:49.455465
INFO:Message received on topic: test/20 with payload size: 91 at 2024-12-09 08:19:52.174599 sent 2024-12-09 08:19:52.063566
INFO:Message received on topic: test/20 with payload size: 91 at 2024-12-09 08:19:54.696721 sent 2024-12-09 08:19:54.669319
INFO:Message received on topic: test/20 with payload size: 91 at 2024-12-09 08:19:57.375553 sent 2024-12-09 08:19:57.277638
INFO:Message received on topic: test/20 with payload size: 91 at 2024-12-09 08:19:59.975848 sent 2024-12-09 08:19:59.886903
INFO:Message received on topic: test/20 with payload size: 91 at 2024-12-09 08:20:02.504759 sent 2024-12-09 08:20:02.490937
INFO:Message received on topic: test/20 with payload size: 91 at 2024-12-09 08:20:05.182756 sent 2024-12-09 08:20:05.101013
INFO:Message received on topic: test/20 with payload size: 91 at 2024-12-09 08:20:07.783507 sent 2024-12-09 08:20:07.704370
INFO:Message received on topic: test/20 with payload size: 91 at 2024-12-09 08:20:10.386142 sent 2024-12-09 08:20:10.307570
INFO:Message received on topic: test/20 with payload size: 91 at 2024-12-09 08:20:12.994459 sent 2024-12-09 08:20:12.913547
INFO:Message received on topic: test/20 with payload size: 91 at 2024-12-09 08:20:15.587686 sent 2024-12-09 08:20:15.516927
INFO:Message received on topic: test/20 with payload size: 91 at 2024-12-09 08:20:18.355016 sent 2024-12-09 08:20:18.122034
INFO:Message received on topic: test/20 with payload size: 91 at 2024-12-09 08:20:20.781313 sent 2024-12-09 08:20:20.727214
INFO:Message received on topic: test/20 with payload size: 91 at 2024-12-09 08:20:23.388649 sent 2024-12-09 08:20:23.331523
INFO:Message received on topic: test/20 with payload size: 91 at 2024-12-09 08:20:25.994170 sent 2024-12-09 08:20:25.933276
INFO:Message received on topic: test/20 with payload size: 91 at 2024-12-09 08:20:28.586254 sent 2024-12-09 08:20:28.535998
INFO:Message received on topic: test/20 with payload size: 91 at 2024-12-09 08:20:31.178631 sent 2024-12-09 08:20:31.140283
INFO:Message received on topic: test/20 with payload size: 91 at 2024-12-09 08:20:33.788309 sent 2024-12-09 08:20:33.735123
INFO:Message received on topic: test/20 with payload size: 91 at 2024-12-09 08:20:36.473768 sent 2024-12-09 08:20:36.340981
