INFO:Starting Version 1.0.5
DEBUG:Using selector: EpollSelector
INFO:Connecting to cluster at: mqtt-quic://emqx-headless.dtwins:14567 using QUIC
INFO:Subscribed to topic: test/27
INFO:Logging each: 50
INFO:Unhandled packet type received
INFO:Message received on topic: test/27 with payload size: 91 at 2024-12-09 08:12:30.479959 sent 2024-12-09 08:12:30.461799
INFO:Message received on topic: test/27 with payload size: 91 at 2024-12-09 08:12:33.100606 sent 2024-12-09 08:12:33.064194
INFO:Message received on topic: test/27 with payload size: 91 at 2024-12-09 08:12:35.675881 sent 2024-12-09 08:12:35.666180
INFO:Message received on topic: test/27 with payload size: 91 at 2024-12-09 08:12:38.278879 sent 2024-12-09 08:12:38.272111
INFO:Message received on topic: test/27 with payload size: 91 at 2024-12-09 08:12:40.952873 sent 2024-12-09 08:12:40.881470
INFO:Message received on topic: test/27 with payload size: 91 at 2024-12-09 08:12:43.553915 sent 2024-12-09 08:12:43.484827
INFO:Message received on topic: test/27 with payload size: 91 at 2024-12-09 08:12:46.098271 sent 2024-12-09 08:12:46.086362
INFO:Message received on topic: test/27 with payload size: 91 at 2024-12-09 08:12:48.776462 sent 2024-12-09 08:12:48.687640
INFO:Message received on topic: test/27 with payload size: 91 at 2024-12-09 08:12:51.363093 sent 2024-12-09 08:12:51.299506
INFO:Message received on topic: test/27 with payload size: 91 at 2024-12-09 08:12:53.965970 sent 2024-12-09 08:12:53.908381
INFO:Message received on topic: test/27 with payload size: 91 at 2024-12-09 08:12:56.571567 sent 2024-12-09 08:12:56.510731
INFO:Message received on topic: test/27 with payload size: 91 at 2024-12-09 08:12:59.179106 sent 2024-12-09 08:12:59.117611
INFO:Message received on topic: test/27 with payload size: 91 at 2024-12-09 08:13:01.780879 sent 2024-12-09 08:13:01.731902
INFO:Message received on topic: test/27 with payload size: 91 at 2024-12-09 08:13:04.407567 sent 2024-12-09 08:13:04.342975
INFO:Message received on topic: test/27 with payload size: 91 at 2024-12-09 08:13:06.979667 sent 2024-12-09 08:13:06.950164
INFO:Message received on topic: test/27 with payload size: 91 at 2024-12-09 08:13:09.586268 sent 2024-12-09 08:13:09.558316
INFO:Message received on topic: test/27 with payload size: 91 at 2024-12-09 08:13:12.185108 sent 2024-12-09 08:13:12.167412
INFO:Message received on topic: test/27 with payload size: 91 at 2024-12-09 08:13:14.804194 sent 2024-12-09 08:13:14.785308
INFO:Message received on topic: test/27 with payload size: 91 at 2024-12-09 08:13:17.497432 sent 2024-12-09 08:13:17.397910
INFO:Message received on topic: test/27 with payload size: 91 at 2024-12-09 08:13:20.078604 sent 2024-12-09 08:13:20.017986
INFO:Message received on topic: test/27 with payload size: 91 at 2024-12-09 08:13:22.689020 sent 2024-12-09 08:13:22.631431
INFO:Message received on topic: test/27 with payload size: 91 at 2024-12-09 08:13:25.375128 sent 2024-12-09 08:13:25.245381
INFO:Message received on topic: test/27 with payload size: 91 at 2024-12-09 08:13:27.896382 sent 2024-12-09 08:13:27.862180
INFO:Message received on topic: test/27 with payload size: 91 at 2024-12-09 08:13:30.491447 sent 2024-12-09 08:13:30.478230
INFO:Message received on topic: test/27 with payload size: 91 at 2024-12-09 08:13:33.102795 sent 2024-12-09 08:13:33.089913
INFO:Message received on topic: test/27 with payload size: 91 at 2024-12-09 08:13:35.779633 sent 2024-12-09 08:13:35.696966
INFO:Message received on topic: test/27 with payload size: 91 at 2024-12-09 08:13:38.356824 sent 2024-12-09 08:13:38.303239
INFO:Message received on topic: test/27 with payload size: 91 at 2024-12-09 08:13:40.975316 sent 2024-12-09 08:13:40.916234
INFO:Message received on topic: test/27 with payload size: 91 at 2024-12-09 08:13:43.588599 sent 2024-12-09 08:13:43.523140
INFO:Message received on topic: test/27 with payload size: 91 at 2024-12-09 08:13:46.175669 sent 2024-12-09 08:13:46.141125
INFO:Message received on topic: test/27 with payload size: 91 at 2024-12-09 08:13:48.786599 sent 2024-12-09 08:13:48.740849
INFO:Message received on topic: test/27 with payload size: 91 at 2024-12-09 08:13:51.391300 sent 2024-12-09 08:13:51.351101
INFO:Message received on topic: test/27 with payload size: 91 at 2024-12-09 08:13:53.981453 sent 2024-12-09 08:13:53.966073
INFO:Message received on topic: test/27 with payload size: 91 at 2024-12-09 08:13:56.604513 sent 2024-12-09 08:13:56.574659
INFO:Message received on topic: test/27 with payload size: 91 at 2024-12-09 08:13:59.276593 sent 2024-12-09 08:13:59.186593
INFO:Message received on topic: test/27 with payload size: 91 at 2024-12-09 08:14:01.890561 sent 2024-12-09 08:14:01.798586
INFO:Message received on topic: test/27 with payload size: 91 at 2024-12-09 08:14:04.486937 sent 2024-12-09 08:14:04.410722
INFO:Message received on topic: test/27 with payload size: 91 at 2024-12-09 08:14:07.075580 sent 2024-12-09 08:14:07.020803
INFO:Message received on topic: test/27 with payload size: 91 at 2024-12-09 08:14:09.758252 sent 2024-12-09 08:14:09.628319
INFO:Message received on topic: test/27 with payload size: 91 at 2024-12-09 08:14:12.297348 sent 2024-12-09 08:14:12.241098
INFO:Message received on topic: test/27 with payload size: 91 at 2024-12-09 08:14:14.888974 sent 2024-12-09 08:14:14.850086
INFO:Message received on topic: test/27 with payload size: 91 at 2024-12-09 08:14:17.491902 sent 2024-12-09 08:14:17.461021
INFO:Message received on topic: test/27 with payload size: 91 at 2024-12-09 08:14:20.101996 sent 2024-12-09 08:14:20.072161
INFO:Message received on topic: test/27 with payload size: 91 at 2024-12-09 08:14:22.757758 sent 2024-12-09 08:14:22.691222
INFO:Message received on topic: test/27 with payload size: 91 at 2024-12-09 08:14:25.374569 sent 2024-12-09 08:14:25.301265
INFO:Message received on topic: test/27 with payload size: 91 at 2024-12-09 08:14:27.987860 sent 2024-12-09 08:14:27.909709
INFO:Message received on topic: test/27 with payload size: 91 at 2024-12-09 08:14:30.581651 sent 2024-12-09 08:14:30.519508
INFO:Message received on topic: test/27 with payload size: 91 at 2024-12-09 08:14:33.187993 sent 2024-12-09 08:14:33.132283
INFO:Message received on topic: test/27 with payload size: 91 at 2024-12-09 08:14:35.778315 sent 2024-12-09 08:14:35.738123
INFO:Message received on topic: test/27 with payload size: 91 at 2024-12-09 08:14:38.407867 sent 2024-12-09 08:14:38.349488
INFO:Message received on topic: test/27 with payload size: 91 at 2024-12-09 08:14:40.988996 sent 2024-12-09 08:14:40.959347
INFO:Message received on topic: test/27 with payload size: 91 at 2024-12-09 08:14:43.589064 sent 2024-12-09 08:14:43.568451
INFO:Message received on topic: test/27 with payload size: 91 at 2024-12-09 08:14:46.191669 sent 2024-12-09 08:14:46.182246
INFO:Message received on topic: test/27 with payload size: 91 at 2024-12-09 08:14:48.873316 sent 2024-12-09 08:14:48.787695
INFO:Message received on topic: test/27 with payload size: 91 at 2024-12-09 08:14:51.481357 sent 2024-12-09 08:14:51.402977
INFO:Message received on topic: test/27 with payload size: 91 at 2024-12-09 08:14:54.113629 sent 2024-12-09 08:14:54.014432
INFO:Message received on topic: test/27 with payload size: 91 at 2024-12-09 08:14:56.702740 sent 2024-12-09 08:14:56.626734
INFO:Message received on topic: test/27 with payload size: 91 at 2024-12-09 08:14:59.303791 sent 2024-12-09 08:14:59.238043
INFO:Message received on topic: test/27 with payload size: 91 at 2024-12-09 08:15:01.893858 sent 2024-12-09 08:15:01.851241
INFO:Message received on topic: test/27 with payload size: 91 at 2024-12-09 08:15:04.488697 sent 2024-12-09 08:15:04.462313
INFO:Message received on topic: test/27 with payload size: 91 at 2024-12-09 08:15:07.106953 sent 2024-12-09 08:15:07.074720
INFO:Message received on topic: test/27 with payload size: 91 at 2024-12-09 08:15:09.777181 sent 2024-12-09 08:15:09.683007
INFO:Message received on topic: test/27 with payload size: 91 at 2024-12-09 08:15:12.379480 sent 2024-12-09 08:15:12.296515
INFO:Message received on topic: test/27 with payload size: 91 at 2024-12-09 08:15:15.008415 sent 2024-12-09 08:15:14.903853
INFO:Message received on topic: test/27 with payload size: 91 at 2024-12-09 08:15:17.576082 sent 2024-12-09 08:15:17.512504
INFO:Message received on topic: test/27 with payload size: 91 at 2024-12-09 08:15:20.196932 sent 2024-12-09 08:15:20.119372
INFO:Message received on topic: test/27 with payload size: 91 at 2024-12-09 08:15:22.787154 sent 2024-12-09 08:15:22.733270
INFO:Message received on topic: test/27 with payload size: 91 at 2024-12-09 08:15:25.394622 sent 2024-12-09 08:15:25.344470
INFO:Message received on topic: test/27 with payload size: 91 at 2024-12-09 08:15:27.989211 sent 2024-12-09 08:15:27.959180
INFO:Message received on topic: test/27 with payload size: 91 at 2024-12-09 08:15:30.674880 sent 2024-12-09 08:15:30.573109
INFO:Message received on topic: test/27 with payload size: 91 at 2024-12-09 08:15:33.276996 sent 2024-12-09 08:15:33.189444
INFO:Message received on topic: test/27 with payload size: 91 at 2024-12-09 08:15:35.885727 sent 2024-12-09 08:15:35.796679
INFO:Message received on topic: test/27 with payload size: 91 at 2024-12-09 08:15:38.456678 sent 2024-12-09 08:15:38.406117
INFO:Message received on topic: test/27 with payload size: 91 at 2024-12-09 08:15:41.087671 sent 2024-12-09 08:15:41.014988
INFO:Message received on topic: test/27 with payload size: 91 at 2024-12-09 08:15:43.753864 sent 2024-12-09 08:15:43.628492
INFO:Message received on topic: test/27 with payload size: 91 at 2024-12-09 08:15:46.308464 sent 2024-12-09 08:15:46.233905
INFO:Message received on topic: test/27 with payload size: 91 at 2024-12-09 08:15:48.887233 sent 2024-12-09 08:15:48.850859
INFO:Message received on topic: test/27 with payload size: 91 at 2024-12-09 08:15:51.551023 sent 2024-12-09 08:15:51.463449
INFO:Message received on topic: test/27 with payload size: 91 at 2024-12-09 08:15:54.105052 sent 2024-12-09 08:15:54.070411
INFO:Message received on topic: test/27 with payload size: 91 at 2024-12-09 08:15:56.700001 sent 2024-12-09 08:15:56.682623
INFO:Message received on topic: test/27 with payload size: 91 at 2024-12-09 08:15:59.357844 sent 2024-12-09 08:15:59.293717
INFO:Message received on topic: test/27 with payload size: 91 at 2024-12-09 08:16:01.972449 sent 2024-12-09 08:16:01.905179
INFO:Message received on topic: test/27 with payload size: 91 at 2024-12-09 08:16:04.584958 sent 2024-12-09 08:16:04.518759
INFO:Message received on topic: test/27 with payload size: 91 at 2024-12-09 08:16:07.206166 sent 2024-12-09 08:16:07.132237
INFO:Message received on topic: test/27 with payload size: 91 at 2024-12-09 08:16:09.795862 sent 2024-12-09 08:16:09.746442
INFO:Message received on topic: test/27 with payload size: 91 at 2024-12-09 08:16:12.391066 sent 2024-12-09 08:16:12.372459
INFO:Message received on topic: test/27 with payload size: 91 at 2024-12-09 08:16:14.996685 sent 2024-12-09 08:16:14.983570
INFO:Message received on topic: test/27 with payload size: 91 at 2024-12-09 08:16:17.678792 sent 2024-12-09 08:16:17.591251
INFO:Message received on topic: test/27 with payload size: 91 at 2024-12-09 08:16:20.280005 sent 2024-12-09 08:16:20.208874
INFO:Message received on topic: test/27 with payload size: 91 at 2024-12-09 08:16:22.896164 sent 2024-12-09 08:16:22.816131
INFO:Message received on topic: test/27 with payload size: 91 at 2024-12-09 08:16:25.474876 sent 2024-12-09 08:16:25.419910
INFO:Message received on topic: test/27 with payload size: 91 at 2024-12-09 08:16:28.090440 sent 2024-12-09 08:16:28.037891
INFO:Message received on topic: test/27 with payload size: 91 at 2024-12-09 08:16:30.753952 sent 2024-12-09 08:16:30.649148
INFO:Message received on topic: test/27 with payload size: 91 at 2024-12-09 08:16:33.292622 sent 2024-12-09 08:16:33.261316
INFO:Message received on topic: test/27 with payload size: 91 at 2024-12-09 08:16:35.962803 sent 2024-12-09 08:16:35.868219
INFO:Message received on topic: test/27 with payload size: 91 at 2024-12-09 08:16:38.554037 sent 2024-12-09 08:16:38.483895
INFO:Message received on topic: test/27 with payload size: 91 at 2024-12-09 08:16:41.175180 sent 2024-12-09 08:16:41.094752
INFO:Message received on topic: test/27 with payload size: 91 at 2024-12-09 08:16:43.772470 sent 2024-12-09 08:16:43.714668
INFO:Message received on topic: test/27 with payload size: 91 at 2024-12-09 08:16:46.377861 sent 2024-12-09 08:16:46.327812
INFO:Message received on topic: test/27 with payload size: 91 at 2024-12-09 08:16:48.999423 sent 2024-12-09 08:16:48.943983
INFO:Message received on topic: test/27 with payload size: 91 at 2024-12-09 08:16:51.592175 sent 2024-12-09 08:16:51.556874
INFO:Message received on topic: test/27 with payload size: 91 at 2024-12-09 08:16:54.413516 sent 2024-12-09 08:16:54.163483
INFO:Message received on topic: test/27 with payload size: 91 at 2024-12-09 08:16:56.891152 sent 2024-12-09 08:16:56.769319
INFO:Message received on topic: test/27 with payload size: 91 at 2024-12-09 08:16:59.475247 sent 2024-12-09 08:16:59.379824
INFO:Message received on topic: test/27 with payload size: 91 at 2024-12-09 08:17:02.075438 sent 2024-12-09 08:17:01.992108
INFO:Message received on topic: test/27 with payload size: 91 at 2024-12-09 08:17:04.682345 sent 2024-12-09 08:17:04.598596
INFO:Message received on topic: test/27 with payload size: 91 at 2024-12-09 08:17:07.302066 sent 2024-12-09 08:17:07.208221
INFO:Message received on topic: test/27 with payload size: 91 at 2024-12-09 08:17:09.887018 sent 2024-12-09 08:17:09.813667
INFO:Message received on topic: test/27 with payload size: 91 at 2024-12-09 08:17:12.496595 sent 2024-12-09 08:17:12.424469
INFO:Message received on topic: test/27 with payload size: 91 at 2024-12-09 08:17:15.081423 sent 2024-12-09 08:17:15.033879
INFO:Message received on topic: test/27 with payload size: 91 at 2024-12-09 08:17:17.755570 sent 2024-12-09 08:17:17.643460
INFO:Message received on topic: test/27 with payload size: 91 at 2024-12-09 08:17:20.289987 sent 2024-12-09 08:17:20.253621
INFO:Message received on topic: test/27 with payload size: 91 at 2024-12-09 08:17:22.956298 sent 2024-12-09 08:17:22.863520
INFO:Message received on topic: test/27 with payload size: 91 at 2024-12-09 08:17:25.498010 sent 2024-12-09 08:17:25.477140
INFO:Message received on topic: test/27 with payload size: 91 at 2024-12-09 08:17:28.187399 sent 2024-12-09 08:17:28.085492
INFO:Message received on topic: test/27 with payload size: 91 at 2024-12-09 08:17:30.773289 sent 2024-12-09 08:17:30.692228
INFO:Message received on topic: test/27 with payload size: 91 at 2024-12-09 08:17:33.389634 sent 2024-12-09 08:17:33.304716
INFO:Message received on topic: test/27 with payload size: 91 at 2024-12-09 08:17:35.985584 sent 2024-12-09 08:17:35.914086
INFO:Message received on topic: test/27 with payload size: 91 at 2024-12-09 08:17:38.676444 sent 2024-12-09 08:17:38.522020
INFO:Message received on topic: test/27 with payload size: 91 at 2024-12-09 08:17:41.198670 sent 2024-12-09 08:17:41.134435
INFO:Message received on topic: test/27 with payload size: 91 at 2024-12-09 08:17:43.806733 sent 2024-12-09 08:17:43.743984
INFO:Message received on topic: test/27 with payload size: 91 at 2024-12-09 08:17:46.394488 sent 2024-12-09 08:17:46.355878
INFO:Message received on topic: test/27 with payload size: 91 at 2024-12-09 08:17:49.099651 sent 2024-12-09 08:17:48.970557
INFO:Message received on topic: test/27 with payload size: 91 at 2024-12-09 08:17:51.599939 sent 2024-12-09 08:17:51.582998
INFO:Message received on topic: test/27 with payload size: 91 at 2024-12-09 08:17:54.387292 sent 2024-12-09 08:17:54.200625
INFO:Message received on topic: test/27 with payload size: 91 at 2024-12-09 08:17:56.884203 sent 2024-12-09 08:17:56.810300
INFO:Message received on topic: test/27 with payload size: 91 at 2024-12-09 08:17:59.494815 sent 2024-12-09 08:17:59.424905
INFO:Message received on topic: test/27 with payload size: 91 at 2024-12-09 08:18:02.173109 sent 2024-12-09 08:18:02.033638
INFO:Message received on topic: test/27 with payload size: 91 at 2024-12-09 08:18:04.698590 sent 2024-12-09 08:18:04.645441
INFO:Message received on topic: test/27 with payload size: 91 at 2024-12-09 08:18:07.372953 sent 2024-12-09 08:18:07.259587
INFO:Message received on topic: test/27 with payload size: 91 at 2024-12-09 08:18:09.993507 sent 2024-12-09 08:18:09.869474
INFO:Message received on topic: test/27 with payload size: 91 at 2024-12-09 08:18:12.498940 sent 2024-12-09 08:18:12.478569
INFO:Message received on topic: test/27 with payload size: 91 at 2024-12-09 08:18:15.184923 sent 2024-12-09 08:18:15.087665
INFO:Message received on topic: test/27 with payload size: 91 at 2024-12-09 08:18:17.760073 sent 2024-12-09 08:18:17.695117
INFO:Message received on topic: test/27 with payload size: 91 at 2024-12-09 08:18:20.383797 sent 2024-12-09 08:18:20.302901
INFO:Message received on topic: test/27 with payload size: 91 at 2024-12-09 08:18:22.975983 sent 2024-12-09 08:18:22.917660
INFO:Message received on topic: test/27 with payload size: 91 at 2024-12-09 08:18:25.687309 sent 2024-12-09 08:18:25.534729
INFO:Message received on topic: test/27 with payload size: 91 at 2024-12-09 08:18:28.263226 sent 2024-12-09 08:18:28.144714
INFO:Message received on topic: test/27 with payload size: 91 at 2024-12-09 08:18:30.897397 sent 2024-12-09 08:18:30.755850
INFO:Message received on topic: test/27 with payload size: 91 at 2024-12-09 08:18:33.396715 sent 2024-12-09 08:18:33.370516
INFO:Message received on topic: test/27 with payload size: 91 at 2024-12-09 08:18:36.063429 sent 2024-12-09 08:18:35.981616
INFO:Message received on topic: test/27 with payload size: 91 at 2024-12-09 08:18:38.677777 sent 2024-12-09 08:18:38.590606
INFO:Message received on topic: test/27 with payload size: 91 at 2024-12-09 08:18:41.381735 sent 2024-12-09 08:18:41.205830
INFO:Message received on topic: test/27 with payload size: 91 at 2024-12-09 08:18:43.988784 sent 2024-12-09 08:18:43.817689
INFO:Message received on topic: test/27 with payload size: 91 at 2024-12-09 08:18:46.493686 sent 2024-12-09 08:18:46.419597
INFO:Message received on topic: test/27 with payload size: 91 at 2024-12-09 08:18:49.182755 sent 2024-12-09 08:18:49.030068
INFO:Message received on topic: test/27 with payload size: 91 at 2024-12-09 08:18:51.872913 sent 2024-12-09 08:18:51.640161
INFO:Message received on topic: test/27 with payload size: 91 at 2024-12-09 08:18:54.291772 sent 2024-12-09 08:18:54.256206
INFO:Message received on topic: test/27 with payload size: 91 at 2024-12-09 08:18:57.004058 sent 2024-12-09 08:18:56.851667
INFO:Message received on topic: test/27 with payload size: 91 at 2024-12-09 08:18:59.478268 sent 2024-12-09 08:18:59.436239
INFO:Message received on topic: test/27 with payload size: 91 at 2024-12-09 08:19:02.090961 sent 2024-12-09 08:19:02.022729
INFO:Message received on topic: test/27 with payload size: 91 at 2024-12-09 08:19:04.695173 sent 2024-12-09 08:19:04.611588
INFO:Message received on topic: test/27 with payload size: 91 at 2024-12-09 08:19:07.298757 sent 2024-12-09 08:19:07.217132
INFO:Message received on topic: test/27 with payload size: 91 at 2024-12-09 08:19:09.898716 sent 2024-12-09 08:19:09.833223
INFO:Message received on topic: test/27 with payload size: 91 at 2024-12-09 08:19:12.492304 sent 2024-12-09 08:19:12.445728
INFO:Message received on topic: test/27 with payload size: 91 at 2024-12-09 08:19:15.153180 sent 2024-12-09 08:19:15.057469
INFO:Message received on topic: test/27 with payload size: 91 at 2024-12-09 08:19:17.797607 sent 2024-12-09 08:19:17.664632
INFO:Message received on topic: test/27 with payload size: 91 at 2024-12-09 08:19:20.291930 sent 2024-12-09 08:19:20.273083
INFO:Message received on topic: test/27 with payload size: 91 at 2024-12-09 08:19:22.981270 sent 2024-12-09 08:19:22.889750
INFO:Message received on topic: test/27 with payload size: 91 at 2024-12-09 08:19:25.594401 sent 2024-12-09 08:19:25.497282
INFO:Message received on topic: test/27 with payload size: 91 at 2024-12-09 08:19:28.280691 sent 2024-12-09 08:19:28.111665
INFO:Message received on topic: test/27 with payload size: 91 at 2024-12-09 08:19:30.784884 sent 2024-12-09 08:19:30.724812
INFO:Message received on topic: test/27 with payload size: 91 at 2024-12-09 08:19:33.395841 sent 2024-12-09 08:19:33.339194
INFO:Message received on topic: test/27 with payload size: 91 at 2024-12-09 08:19:35.979840 sent 2024-12-09 08:19:35.948236
INFO:Message received on topic: test/27 with payload size: 91 at 2024-12-09 08:19:38.603944 sent 2024-12-09 08:19:38.560452
INFO:Message received on topic: test/27 with payload size: 91 at 2024-12-09 08:19:41.196467 sent 2024-12-09 08:19:41.169196
INFO:Message received on topic: test/27 with payload size: 91 at 2024-12-09 08:19:43.884619 sent 2024-12-09 08:19:43.780852
INFO:Message received on topic: test/27 with payload size: 91 at 2024-12-09 08:19:46.472348 sent 2024-12-09 08:19:46.386481
INFO:Message received on topic: test/27 with payload size: 91 at 2024-12-09 08:19:49.099400 sent 2024-12-09 08:19:48.995729
INFO:Message received on topic: test/27 with payload size: 91 at 2024-12-09 08:19:51.690675 sent 2024-12-09 08:19:51.602858
INFO:Message received on topic: test/27 with payload size: 91 at 2024-12-09 08:19:54.288070 sent 2024-12-09 08:19:54.212817
INFO:Message received on topic: test/27 with payload size: 91 at 2024-12-09 08:19:56.879636 sent 2024-12-09 08:19:56.817267
INFO:Message received on topic: test/27 with payload size: 91 at 2024-12-09 08:19:59.554185 sent 2024-12-09 08:19:59.429082
INFO:Message received on topic: test/27 with payload size: 91 at 2024-12-09 08:20:02.108816 sent 2024-12-09 08:20:02.034524
INFO:Message received on topic: test/27 with payload size: 91 at 2024-12-09 08:20:04.689010 sent 2024-12-09 08:20:04.639428
INFO:Message received on topic: test/27 with payload size: 91 at 2024-12-09 08:20:07.279908 sent 2024-12-09 08:20:07.243216
INFO:Message received on topic: test/27 with payload size: 91 at 2024-12-09 08:20:09.974681 sent 2024-12-09 08:20:09.851235
INFO:Message received on topic: test/27 with payload size: 91 at 2024-12-09 08:20:12.504649 sent 2024-12-09 08:20:12.457248
INFO:Message received on topic: test/27 with payload size: 91 at 2024-12-09 08:20:15.090727 sent 2024-12-09 08:20:15.061623
INFO:Message received on topic: test/27 with payload size: 91 at 2024-12-09 08:20:17.780689 sent 2024-12-09 08:20:17.666358
INFO:Message received on topic: test/27 with payload size: 91 at 2024-12-09 08:20:20.295065 sent 2024-12-09 08:20:20.271879
INFO:Message received on topic: test/27 with payload size: 91 at 2024-12-09 08:20:22.958723 sent 2024-12-09 08:20:22.881499
INFO:Message received on topic: test/27 with payload size: 91 at 2024-12-09 08:20:25.656801 sent 2024-12-09 08:20:25.484461
INFO:Message received on topic: test/27 with payload size: 91 at 2024-12-09 08:20:28.156980 sent 2024-12-09 08:20:28.087626
INFO:Message received on topic: test/27 with payload size: 91 at 2024-12-09 08:20:30.753855 sent 2024-12-09 08:20:30.694411
INFO:Message received on topic: test/27 with payload size: 91 at 2024-12-09 08:20:33.355765 sent 2024-12-09 08:20:33.293462
INFO:Message received on topic: test/27 with payload size: 91 at 2024-12-09 08:20:35.955690 sent 2024-12-09 08:20:35.899148
INFO:Message received on topic: test/27 with payload size: 91 at 2024-12-09 08:20:38.578741 sent 2024-12-09 08:20:38.504318
INFO:Message received on topic: test/27 with payload size: 91 at 2024-12-09 08:20:41.183961 sent 2024-12-09 08:20:41.108669
INFO:Message received on topic: test/27 with payload size: 91 at 2024-12-09 08:20:43.782461 sent 2024-12-09 08:20:43.709566
INFO:Message received on topic: test/27 with payload size: 91 at 2024-12-09 08:20:46.378473 sent 2024-12-09 08:20:46.309631
INFO:Message received on topic: test/27 with payload size: 91 at 2024-12-09 08:20:48.980763 sent 2024-12-09 08:20:48.913112
INFO:Message received on topic: test/27 with payload size: 91 at 2024-12-09 08:20:51.575974 sent 2024-12-09 08:20:51.514260
INFO:Message received on topic: test/27 with payload size: 91 at 2024-12-09 08:20:54.191247 sent 2024-12-09 08:20:54.116234
INFO:Message received on topic: test/27 with payload size: 91 at 2024-12-09 08:20:56.783266 sent 2024-12-09 08:20:56.714583
INFO:Message received on topic: test/27 with payload size: 91 at 2024-12-09 08:20:59.376835 sent 2024-12-09 08:20:59.318627
