INFO:Starting Version 1.0.5
DEBUG:Using selector: EpollSelector
INFO:Connecting to cluster at: mqtt-quic://emqx-headless.dtwins:14567 using QUIC
INFO:Subscribed to topic: test/29
INFO:Logging each: 50
INFO:Unhandled packet type received
INFO:Message received on topic: test/29 with payload size: 91 at 2024-12-09 08:12:36.583392 sent 2024-12-09 08:12:36.558047
INFO:Message received on topic: test/29 with payload size: 91 at 2024-12-09 08:12:39.198040 sent 2024-12-09 08:12:39.161263
INFO:Message received on topic: test/29 with payload size: 91 at 2024-12-09 08:12:41.777903 sent 2024-12-09 08:12:41.770014
INFO:Message received on topic: test/29 with payload size: 91 at 2024-12-09 08:12:44.386396 sent 2024-12-09 08:12:44.375049
INFO:Message received on topic: test/29 with payload size: 91 at 2024-12-09 08:12:46.987511 sent 2024-12-09 08:12:46.975096
INFO:Message received on topic: test/29 with payload size: 91 at 2024-12-09 08:12:49.594636 sent 2024-12-09 08:12:49.578201
INFO:Message received on topic: test/29 with payload size: 91 at 2024-12-09 08:12:52.196604 sent 2024-12-09 08:12:52.182880
INFO:Message received on topic: test/29 with payload size: 91 at 2024-12-09 08:12:54.864001 sent 2024-12-09 08:12:54.790890
INFO:Message received on topic: test/29 with payload size: 91 at 2024-12-09 08:12:57.479841 sent 2024-12-09 08:12:57.398463
INFO:Message received on topic: test/29 with payload size: 91 at 2024-12-09 08:13:00.066904 sent 2024-12-09 08:13:00.004445
INFO:Message received on topic: test/29 with payload size: 91 at 2024-12-09 08:13:02.681458 sent 2024-12-09 08:13:02.610962
INFO:Message received on topic: test/29 with payload size: 91 at 2024-12-09 08:13:05.280458 sent 2024-12-09 08:13:05.217704
INFO:Message received on topic: test/29 with payload size: 91 at 2024-12-09 08:13:07.985958 sent 2024-12-09 08:13:07.827427
INFO:Message received on topic: test/29 with payload size: 91 at 2024-12-09 08:13:10.481432 sent 2024-12-09 08:13:10.434614
INFO:Message received on topic: test/29 with payload size: 91 at 2024-12-09 08:13:13.072223 sent 2024-12-09 08:13:13.048765
INFO:Message received on topic: test/29 with payload size: 91 at 2024-12-09 08:13:15.698507 sent 2024-12-09 08:13:15.660413
INFO:Message received on topic: test/29 with payload size: 91 at 2024-12-09 08:13:18.287648 sent 2024-12-09 08:13:18.272450
INFO:Message received on topic: test/29 with payload size: 91 at 2024-12-09 08:13:20.980658 sent 2024-12-09 08:13:20.888475
INFO:Message received on topic: test/29 with payload size: 91 at 2024-12-09 08:13:23.552154 sent 2024-12-09 08:13:23.501959
INFO:Message received on topic: test/29 with payload size: 91 at 2024-12-09 08:13:26.172106 sent 2024-12-09 08:13:26.109980
INFO:Message received on topic: test/29 with payload size: 91 at 2024-12-09 08:13:28.776931 sent 2024-12-09 08:13:28.718072
INFO:Message received on topic: test/29 with payload size: 91 at 2024-12-09 08:13:31.380973 sent 2024-12-09 08:13:31.327049
INFO:Message received on topic: test/29 with payload size: 91 at 2024-12-09 08:13:33.982630 sent 2024-12-09 08:13:33.940042
INFO:Message received on topic: test/29 with payload size: 91 at 2024-12-09 08:13:36.599087 sent 2024-12-09 08:13:36.551180
INFO:Message received on topic: test/29 with payload size: 91 at 2024-12-09 08:13:39.188914 sent 2024-12-09 08:13:39.161694
INFO:Message received on topic: test/29 with payload size: 91 at 2024-12-09 08:13:41.793570 sent 2024-12-09 08:13:41.775025
INFO:Message received on topic: test/29 with payload size: 91 at 2024-12-09 08:13:44.455865 sent 2024-12-09 08:13:44.393914
INFO:Message received on topic: test/29 with payload size: 91 at 2024-12-09 08:13:47.071885 sent 2024-12-09 08:13:47.000648
INFO:Message received on topic: test/29 with payload size: 91 at 2024-12-09 08:13:49.676053 sent 2024-12-09 08:13:49.607229
INFO:Message received on topic: test/29 with payload size: 91 at 2024-12-09 08:13:52.282755 sent 2024-12-09 08:13:52.217009
INFO:Message received on topic: test/29 with payload size: 91 at 2024-12-09 08:13:54.876206 sent 2024-12-09 08:13:54.830288
INFO:Message received on topic: test/29 with payload size: 91 at 2024-12-09 08:13:57.506431 sent 2024-12-09 08:13:57.443041
INFO:Message received on topic: test/29 with payload size: 91 at 2024-12-09 08:14:00.084992 sent 2024-12-09 08:14:00.055912
INFO:Message received on topic: test/29 with payload size: 91 at 2024-12-09 08:14:02.760526 sent 2024-12-09 08:14:02.665224
INFO:Message received on topic: test/29 with payload size: 91 at 2024-12-09 08:14:05.290781 sent 2024-12-09 08:14:05.269543
INFO:Message received on topic: test/29 with payload size: 91 at 2024-12-09 08:14:07.899081 sent 2024-12-09 08:14:07.887258
INFO:Message received on topic: test/29 with payload size: 91 at 2024-12-09 08:14:10.556615 sent 2024-12-09 08:14:10.500122
INFO:Message received on topic: test/29 with payload size: 91 at 2024-12-09 08:14:13.172091 sent 2024-12-09 08:14:13.115235
INFO:Message received on topic: test/29 with payload size: 91 at 2024-12-09 08:14:15.781558 sent 2024-12-09 08:14:15.724230
INFO:Message received on topic: test/29 with payload size: 91 at 2024-12-09 08:14:18.389769 sent 2024-12-09 08:14:18.336726
INFO:Message received on topic: test/29 with payload size: 91 at 2024-12-09 08:14:21.054902 sent 2024-12-09 08:14:20.947101
INFO:Message received on topic: test/29 with payload size: 91 at 2024-12-09 08:14:23.597835 sent 2024-12-09 08:14:23.565744
INFO:Message received on topic: test/29 with payload size: 91 at 2024-12-09 08:14:26.193748 sent 2024-12-09 08:14:26.177292
INFO:Message received on topic: test/29 with payload size: 91 at 2024-12-09 08:14:28.859034 sent 2024-12-09 08:14:28.784761
INFO:Message received on topic: test/29 with payload size: 91 at 2024-12-09 08:14:31.472831 sent 2024-12-09 08:14:31.395913
INFO:Message received on topic: test/29 with payload size: 91 at 2024-12-09 08:14:34.087894 sent 2024-12-09 08:14:34.013737
INFO:Message received on topic: test/29 with payload size: 91 at 2024-12-09 08:14:36.674778 sent 2024-12-09 08:14:36.624657
INFO:Message received on topic: test/29 with payload size: 91 at 2024-12-09 08:14:39.377203 sent 2024-12-09 08:14:39.247462
INFO:Message received on topic: test/29 with payload size: 91 at 2024-12-09 08:14:41.906523 sent 2024-12-09 08:14:41.869085
INFO:Message received on topic: test/29 with payload size: 91 at 2024-12-09 08:14:44.500635 sent 2024-12-09 08:14:44.483219
INFO:Message received on topic: test/29 with payload size: 91 at 2024-12-09 08:14:47.181754 sent 2024-12-09 08:14:47.091228
INFO:Message received on topic: test/29 with payload size: 91 at 2024-12-09 08:14:49.854050 sent 2024-12-09 08:14:49.702597
INFO:Message received on topic: test/29 with payload size: 91 at 2024-12-09 08:14:52.381213 sent 2024-12-09 08:14:52.314359
INFO:Message received on topic: test/29 with payload size: 91 at 2024-12-09 08:14:54.986833 sent 2024-12-09 08:14:54.925171
INFO:Message received on topic: test/29 with payload size: 91 at 2024-12-09 08:14:57.580293 sent 2024-12-09 08:14:57.538043
INFO:Message received on topic: test/29 with payload size: 91 at 2024-12-09 08:15:00.182486 sent 2024-12-09 08:15:00.146416
INFO:Message received on topic: test/29 with payload size: 91 at 2024-12-09 08:15:02.794732 sent 2024-12-09 08:15:02.758544
INFO:Message received on topic: test/29 with payload size: 91 at 2024-12-09 08:15:05.387010 sent 2024-12-09 08:15:05.366195
INFO:Message received on topic: test/29 with payload size: 91 at 2024-12-09 08:15:07.996576 sent 2024-12-09 08:15:07.979317
INFO:Message received on topic: test/29 with payload size: 91 at 2024-12-09 08:15:10.671112 sent 2024-12-09 08:15:10.593830
INFO:Message received on topic: test/29 with payload size: 91 at 2024-12-09 08:15:13.281162 sent 2024-12-09 08:15:13.206077
INFO:Message received on topic: test/29 with payload size: 91 at 2024-12-09 08:15:15.905293 sent 2024-12-09 08:15:15.812510
INFO:Message received on topic: test/29 with payload size: 91 at 2024-12-09 08:15:18.496608 sent 2024-12-09 08:15:18.424770
INFO:Message received on topic: test/29 with payload size: 91 at 2024-12-09 08:15:21.191993 sent 2024-12-09 08:15:21.042123
INFO:Message received on topic: test/29 with payload size: 91 at 2024-12-09 08:15:23.693504 sent 2024-12-09 08:15:23.652541
INFO:Message received on topic: test/29 with payload size: 91 at 2024-12-09 08:15:26.305450 sent 2024-12-09 08:15:26.263978
INFO:Message received on topic: test/29 with payload size: 91 at 2024-12-09 08:15:28.899782 sent 2024-12-09 08:15:28.874400
INFO:Message received on topic: test/29 with payload size: 91 at 2024-12-09 08:15:31.582141 sent 2024-12-09 08:15:31.489282
INFO:Message received on topic: test/29 with payload size: 91 at 2024-12-09 08:15:34.182521 sent 2024-12-09 08:15:34.103154
INFO:Message received on topic: test/29 with payload size: 91 at 2024-12-09 08:15:36.793730 sent 2024-12-09 08:15:36.710271
INFO:Message received on topic: test/29 with payload size: 91 at 2024-12-09 08:15:39.390243 sent 2024-12-09 08:15:39.321903
INFO:Message received on topic: test/29 with payload size: 91 at 2024-12-09 08:15:41.975032 sent 2024-12-09 08:15:41.943033
INFO:Message received on topic: test/29 with payload size: 91 at 2024-12-09 08:15:44.680211 sent 2024-12-09 08:15:44.559860
INFO:Message received on topic: test/29 with payload size: 91 at 2024-12-09 08:15:47.191859 sent 2024-12-09 08:15:47.169497
INFO:Message received on topic: test/29 with payload size: 91 at 2024-12-09 08:15:49.877437 sent 2024-12-09 08:15:49.783241
INFO:Message received on topic: test/29 with payload size: 91 at 2024-12-09 08:15:52.503136 sent 2024-12-09 08:15:52.407231
INFO:Message received on topic: test/29 with payload size: 91 at 2024-12-09 08:15:55.077819 sent 2024-12-09 08:15:55.016986
INFO:Message received on topic: test/29 with payload size: 91 at 2024-12-09 08:15:57.704252 sent 2024-12-09 08:15:57.634717
INFO:Message received on topic: test/29 with payload size: 91 at 2024-12-09 08:16:00.297037 sent 2024-12-09 08:16:00.250968
INFO:Message received on topic: test/29 with payload size: 91 at 2024-12-09 08:16:02.977297 sent 2024-12-09 08:16:02.868846
INFO:Message received on topic: test/29 with payload size: 91 at 2024-12-09 08:16:05.574281 sent 2024-12-09 08:16:05.479477
INFO:Message received on topic: test/29 with payload size: 91 at 2024-12-09 08:16:08.174735 sent 2024-12-09 08:16:08.090410
INFO:Message received on topic: test/29 with payload size: 91 at 2024-12-09 08:16:10.787270 sent 2024-12-09 08:16:10.703006
INFO:Message received on topic: test/29 with payload size: 91 at 2024-12-09 08:16:13.486676 sent 2024-12-09 08:16:13.319813
INFO:Message received on topic: test/29 with payload size: 91 at 2024-12-09 08:16:15.972769 sent 2024-12-09 08:16:15.926768
INFO:Message received on topic: test/29 with payload size: 91 at 2024-12-09 08:16:18.574904 sent 2024-12-09 08:16:18.536978
INFO:Message received on topic: test/29 with payload size: 91 at 2024-12-09 08:16:21.186669 sent 2024-12-09 08:16:21.151518
INFO:Message received on topic: test/29 with payload size: 91 at 2024-12-09 08:16:23.788547 sent 2024-12-09 08:16:23.765693
INFO:Message received on topic: test/29 with payload size: 91 at 2024-12-09 08:16:26.458532 sent 2024-12-09 08:16:26.373858
INFO:Message received on topic: test/29 with payload size: 91 at 2024-12-09 08:16:29.072168 sent 2024-12-09 08:16:28.988606
INFO:Message received on topic: test/29 with payload size: 91 at 2024-12-09 08:16:31.681634 sent 2024-12-09 08:16:31.598926
INFO:Message received on topic: test/29 with payload size: 91 at 2024-12-09 08:16:34.355103 sent 2024-12-09 08:16:34.208518
INFO:Message received on topic: test/29 with payload size: 91 at 2024-12-09 08:16:36.883598 sent 2024-12-09 08:16:36.820714
INFO:Message received on topic: test/29 with payload size: 91 at 2024-12-09 08:16:39.495895 sent 2024-12-09 08:16:39.433813
INFO:Message received on topic: test/29 with payload size: 91 at 2024-12-09 08:16:42.174553 sent 2024-12-09 08:16:42.042512
INFO:Message received on topic: test/29 with payload size: 91 at 2024-12-09 08:16:44.784455 sent 2024-12-09 08:16:44.653469
INFO:Message received on topic: test/29 with payload size: 91 at 2024-12-09 08:16:47.293150 sent 2024-12-09 08:16:47.265777
INFO:Message received on topic: test/29 with payload size: 91 at 2024-12-09 08:16:49.973746 sent 2024-12-09 08:16:49.877887
INFO:Message received on topic: test/29 with payload size: 91 at 2024-12-09 08:16:52.580546 sent 2024-12-09 08:16:52.496656
INFO:Message received on topic: test/29 with payload size: 91 at 2024-12-09 08:16:55.184275 sent 2024-12-09 08:16:55.104571
INFO:Message received on topic: test/29 with payload size: 91 at 2024-12-09 08:16:57.907646 sent 2024-12-09 08:16:57.713557
INFO:Message received on topic: test/29 with payload size: 91 at 2024-12-09 08:17:00.404796 sent 2024-12-09 08:17:00.320977
INFO:Message received on topic: test/29 with payload size: 91 at 2024-12-09 08:17:03.102880 sent 2024-12-09 08:17:02.937882
INFO:Message received on topic: test/29 with payload size: 91 at 2024-12-09 08:17:05.876867 sent 2024-12-09 08:17:05.547279
INFO:Message received on topic: test/29 with payload size: 91 at 2024-12-09 08:17:08.189771 sent 2024-12-09 08:17:08.160690
INFO:Message received on topic: test/29 with payload size: 91 at 2024-12-09 08:17:10.796148 sent 2024-12-09 08:17:10.771556
INFO:Message received on topic: test/29 with payload size: 91 at 2024-12-09 08:17:13.502844 sent 2024-12-09 08:17:13.398224
INFO:Message received on topic: test/29 with payload size: 91 at 2024-12-09 08:17:16.088823 sent 2024-12-09 08:17:16.012176
INFO:Message received on topic: test/29 with payload size: 91 at 2024-12-09 08:17:18.694510 sent 2024-12-09 08:17:18.626488
INFO:Message received on topic: test/29 with payload size: 91 at 2024-12-09 08:17:21.278981 sent 2024-12-09 08:17:21.238038
INFO:Message received on topic: test/29 with payload size: 91 at 2024-12-09 08:17:23.990496 sent 2024-12-09 08:17:23.844034
INFO:Message received on topic: test/29 with payload size: 91 at 2024-12-09 08:17:26.557132 sent 2024-12-09 08:17:26.454571
INFO:Message received on topic: test/29 with payload size: 91 at 2024-12-09 08:17:29.258243 sent 2024-12-09 08:17:29.063534
INFO:Message received on topic: test/29 with payload size: 91 at 2024-12-09 08:17:31.795020 sent 2024-12-09 08:17:31.676452
INFO:Message received on topic: test/29 with payload size: 91 at 2024-12-09 08:17:34.377905 sent 2024-12-09 08:17:34.289260
INFO:Message received on topic: test/29 with payload size: 91 at 2024-12-09 08:17:37.056482 sent 2024-12-09 08:17:36.897775
INFO:Message received on topic: test/29 with payload size: 91 at 2024-12-09 08:17:39.580773 sent 2024-12-09 08:17:39.504760
INFO:Message received on topic: test/29 with payload size: 91 at 2024-12-09 08:17:42.194728 sent 2024-12-09 08:17:42.111709
INFO:Message received on topic: test/29 with payload size: 91 at 2024-12-09 08:17:44.895810 sent 2024-12-09 08:17:44.718958
INFO:Message received on topic: test/29 with payload size: 91 at 2024-12-09 08:17:47.415053 sent 2024-12-09 08:17:47.332663
INFO:Message received on topic: test/29 with payload size: 91 at 2024-12-09 08:17:50.054280 sent 2024-12-09 08:17:49.946121
INFO:Message received on topic: test/29 with payload size: 91 at 2024-12-09 08:17:52.603298 sent 2024-12-09 08:17:52.561580
INFO:Message received on topic: test/29 with payload size: 91 at 2024-12-09 08:17:55.282409 sent 2024-12-09 08:17:55.173095
INFO:Message received on topic: test/29 with payload size: 91 at 2024-12-09 08:17:57.889306 sent 2024-12-09 08:17:57.784049
INFO:Message received on topic: test/29 with payload size: 91 at 2024-12-09 08:18:00.498199 sent 2024-12-09 08:18:00.404080
INFO:Message received on topic: test/29 with payload size: 91 at 2024-12-09 08:18:03.095847 sent 2024-12-09 08:18:03.018484
INFO:Message received on topic: test/29 with payload size: 91 at 2024-12-09 08:18:05.756716 sent 2024-12-09 08:18:05.633247
INFO:Message received on topic: test/29 with payload size: 91 at 2024-12-09 08:18:08.302850 sent 2024-12-09 08:18:08.245564
INFO:Message received on topic: test/29 with payload size: 91 at 2024-12-09 08:18:10.956662 sent 2024-12-09 08:18:10.861233
INFO:Message received on topic: test/29 with payload size: 91 at 2024-12-09 08:18:13.576984 sent 2024-12-09 08:18:13.469401
INFO:Message received on topic: test/29 with payload size: 91 at 2024-12-09 08:18:16.100020 sent 2024-12-09 08:18:16.077127
INFO:Message received on topic: test/29 with payload size: 91 at 2024-12-09 08:18:18.756222 sent 2024-12-09 08:18:18.687182
INFO:Message received on topic: test/29 with payload size: 91 at 2024-12-09 08:18:21.376155 sent 2024-12-09 08:18:21.296058
INFO:Message received on topic: test/29 with payload size: 91 at 2024-12-09 08:18:23.990763 sent 2024-12-09 08:18:23.906852
INFO:Message received on topic: test/29 with payload size: 91 at 2024-12-09 08:18:26.598906 sent 2024-12-09 08:18:26.514858
INFO:Message received on topic: test/29 with payload size: 91 at 2024-12-09 08:18:29.281670 sent 2024-12-09 08:18:29.126828
INFO:Message received on topic: test/29 with payload size: 91 at 2024-12-09 08:18:31.865950 sent 2024-12-09 08:18:31.739607
INFO:Message received on topic: test/29 with payload size: 91 at 2024-12-09 08:18:34.473137 sent 2024-12-09 08:18:34.353698
INFO:Message received on topic: test/29 with payload size: 91 at 2024-12-09 08:18:37.057707 sent 2024-12-09 08:18:36.970807
INFO:Message received on topic: test/29 with payload size: 91 at 2024-12-09 08:18:39.690462 sent 2024-12-09 08:18:39.585111
INFO:Message received on topic: test/29 with payload size: 91 at 2024-12-09 08:18:42.286586 sent 2024-12-09 08:18:42.202114
INFO:Message received on topic: test/29 with payload size: 91 at 2024-12-09 08:18:44.890203 sent 2024-12-09 08:18:44.808949
INFO:Message received on topic: test/29 with payload size: 91 at 2024-12-09 08:18:47.690941 sent 2024-12-09 08:18:47.414116
INFO:Message received on topic: test/29 with payload size: 91 at 2024-12-09 08:18:50.185821 sent 2024-12-09 08:18:50.025528
INFO:Message received on topic: test/29 with payload size: 91 at 2024-12-09 08:18:52.705932 sent 2024-12-09 08:18:52.636200
INFO:Message received on topic: test/29 with payload size: 91 at 2024-12-09 08:18:55.289914 sent 2024-12-09 08:18:55.244076
INFO:Message received on topic: test/29 with payload size: 91 at 2024-12-09 08:18:57.894684 sent 2024-12-09 08:18:57.830518
INFO:Message received on topic: test/29 with payload size: 91 at 2024-12-09 08:19:00.493391 sent 2024-12-09 08:19:00.416595
INFO:Message received on topic: test/29 with payload size: 91 at 2024-12-09 08:19:03.110930 sent 2024-12-09 08:19:03.013490
INFO:Message received on topic: test/29 with payload size: 91 at 2024-12-09 08:19:05.693492 sent 2024-12-09 08:19:05.597843
INFO:Message received on topic: test/29 with payload size: 91 at 2024-12-09 08:19:08.352826 sent 2024-12-09 08:19:08.213981
INFO:Message received on topic: test/29 with payload size: 91 at 2024-12-09 08:19:10.892574 sent 2024-12-09 08:19:10.832998
INFO:Message received on topic: test/29 with payload size: 91 at 2024-12-09 08:19:13.577475 sent 2024-12-09 08:19:13.449610
INFO:Message received on topic: test/29 with payload size: 91 at 2024-12-09 08:19:16.088084 sent 2024-12-09 08:19:16.059956
INFO:Message received on topic: test/29 with payload size: 91 at 2024-12-09 08:19:18.772046 sent 2024-12-09 08:19:18.675694
INFO:Message received on topic: test/29 with payload size: 91 at 2024-12-09 08:19:21.373360 sent 2024-12-09 08:19:21.287613
INFO:Message received on topic: test/29 with payload size: 91 at 2024-12-09 08:19:23.993113 sent 2024-12-09 08:19:23.909163
INFO:Message received on topic: test/29 with payload size: 91 at 2024-12-09 08:19:26.592969 sent 2024-12-09 08:19:26.517245
INFO:Message received on topic: test/29 with payload size: 91 at 2024-12-09 08:19:29.177570 sent 2024-12-09 08:19:29.128002
INFO:Message received on topic: test/29 with payload size: 91 at 2024-12-09 08:19:31.803903 sent 2024-12-09 08:19:31.740446
INFO:Message received on topic: test/29 with payload size: 91 at 2024-12-09 08:19:34.377987 sent 2024-12-09 08:19:34.348577
INFO:Message received on topic: test/29 with payload size: 91 at 2024-12-09 08:19:37.074429 sent 2024-12-09 08:19:36.957840
INFO:Message received on topic: test/29 with payload size: 91 at 2024-12-09 08:19:39.602538 sent 2024-12-09 08:19:39.567197
INFO:Message received on topic: test/29 with payload size: 91 at 2024-12-09 08:19:42.199960 sent 2024-12-09 08:19:42.174535
INFO:Message received on topic: test/29 with payload size: 91 at 2024-12-09 08:19:44.799859 sent 2024-12-09 08:19:44.777631
INFO:Message received on topic: test/29 with payload size: 91 at 2024-12-09 08:19:47.403941 sent 2024-12-09 08:19:47.382747
INFO:Message received on topic: test/29 with payload size: 91 at 2024-12-09 08:19:50.075430 sent 2024-12-09 08:19:49.991270
INFO:Message received on topic: test/29 with payload size: 91 at 2024-12-09 08:19:52.673249 sent 2024-12-09 08:19:52.599642
INFO:Message received on topic: test/29 with payload size: 91 at 2024-12-09 08:19:55.296264 sent 2024-12-09 08:19:55.212522
INFO:Message received on topic: test/29 with payload size: 91 at 2024-12-09 08:19:57.886223 sent 2024-12-09 08:19:57.822802
INFO:Message received on topic: test/29 with payload size: 91 at 2024-12-09 08:20:00.580376 sent 2024-12-09 08:20:00.440701
INFO:Message received on topic: test/29 with payload size: 91 at 2024-12-09 08:20:03.098205 sent 2024-12-09 08:20:03.046856
INFO:Message received on topic: test/29 with payload size: 91 at 2024-12-09 08:20:05.704719 sent 2024-12-09 08:20:05.656520
INFO:Message received on topic: test/29 with payload size: 91 at 2024-12-09 08:20:08.355748 sent 2024-12-09 08:20:08.265997
INFO:Message received on topic: test/29 with payload size: 91 at 2024-12-09 08:20:10.886706 sent 2024-12-09 08:20:10.870081
INFO:Message received on topic: test/29 with payload size: 91 at 2024-12-09 08:20:13.498609 sent 2024-12-09 08:20:13.480625
INFO:Message received on topic: test/29 with payload size: 91 at 2024-12-09 08:20:16.102879 sent 2024-12-09 08:20:16.084689
INFO:Message received on topic: test/29 with payload size: 91 at 2024-12-09 08:20:18.755238 sent 2024-12-09 08:20:18.693348
INFO:Message received on topic: test/29 with payload size: 91 at 2024-12-09 08:20:21.379653 sent 2024-12-09 08:20:21.301197
INFO:Message received on topic: test/29 with payload size: 91 at 2024-12-09 08:20:23.974526 sent 2024-12-09 08:20:23.907490
INFO:Message received on topic: test/29 with payload size: 91 at 2024-12-09 08:20:26.593599 sent 2024-12-09 08:20:26.513237
INFO:Message received on topic: test/29 with payload size: 91 at 2024-12-09 08:20:29.174092 sent 2024-12-09 08:20:29.120297
INFO:Message received on topic: test/29 with payload size: 91 at 2024-12-09 08:20:31.763290 sent 2024-12-09 08:20:31.725654
INFO:Message received on topic: test/29 with payload size: 91 at 2024-12-09 08:20:34.392802 sent 2024-12-09 08:20:34.330860
INFO:Message received on topic: test/29 with payload size: 91 at 2024-12-09 08:20:36.981723 sent 2024-12-09 08:20:36.937003
INFO:Message received on topic: test/29 with payload size: 91 at 2024-12-09 08:20:39.593584 sent 2024-12-09 08:20:39.540596
INFO:Message received on topic: test/29 with payload size: 91 at 2024-12-09 08:20:42.180271 sent 2024-12-09 08:20:42.144382
INFO:Message received on topic: test/29 with payload size: 91 at 2024-12-09 08:20:44.802143 sent 2024-12-09 08:20:44.747242
INFO:Message received on topic: test/29 with payload size: 91 at 2024-12-09 08:20:47.403759 sent 2024-12-09 08:20:47.350862
INFO:Message received on topic: test/29 with payload size: 91 at 2024-12-09 08:20:50.007802 sent 2024-12-09 08:20:49.951739
INFO:Message received on topic: test/29 with payload size: 91 at 2024-12-09 08:20:52.587974 sent 2024-12-09 08:20:52.555033
INFO:Message received on topic: test/29 with payload size: 91 at 2024-12-09 08:20:55.253578 sent 2024-12-09 08:20:55.159490
INFO:Message received on topic: test/29 with payload size: 91 at 2024-12-09 08:20:57.789006 sent 2024-12-09 08:20:57.762904
INFO:Message received on topic: test/29 with payload size: 91 at 2024-12-09 08:21:00.378057 sent 2024-12-09 08:21:00.370907
INFO:Message received on topic: test/29 with payload size: 91 at 2024-12-09 08:21:02.982507 sent 2024-12-09 08:21:02.972607
INFO:Message received on topic: test/29 with payload size: 91 at 2024-12-09 08:21:05.585754 sent 2024-12-09 08:21:05.575564
