starting up version 1.0
starting with cluster address: emqx.dtwins:18083
cluster user set to: my-app and cluster password set to: AAA4A275-BEEC-4AF8-B70B-DAAC0341F8EB
kubernetes api address set to: someaddress:6443
max queue set to: 1000 and max inflight set to: 32
Warning: Metrics have no next page
date: 2024-12-18 02:46:10.566994 |Cluster size: 1 |Queue: total=0, avg=0.00, max=1000 | Inflight: total=0, avg=0.00, max=32
Warning: Metrics have no next page
date: 2024-12-18 02:46:20.596555 |Cluster size: 1 |Queue: total=0, avg=0.00, max=1000 | Inflight: total=0, avg=0.00, max=32
Warning: Metrics have no next page
date: 2024-12-18 02:46:30.637538 |Cluster size: 1 |Queue: total=0, avg=0.00, max=1000 | Inflight: total=0, avg=0.00, max=32
Warning: Metrics have no next page
date: 2024-12-18 02:46:40.684742 |Cluster size: 1 |Queue: total=0, avg=0.00, max=1000 | Inflight: total=0, avg=0.00, max=32
Warning: Metrics have no next page
date: 2024-12-18 02:46:50.732106 |Cluster size: 1 |Queue: total=0, avg=0.00, max=1000 | Inflight: total=0, avg=0.00, max=32
Warning: Metrics have no next page
date: 2024-12-18 02:47:00.780134 |Cluster size: 1 |Queue: total=0, avg=0.00, max=1000 | Inflight: total=0, avg=0.00, max=32
Warning: Metrics have no next page
date: 2024-12-18 02:47:10.844483 |Cluster size: 1 |Queue: total=0, avg=0.00, max=1000 | Inflight: total=0, avg=0.00, max=32
Warning: Metrics have no next page
date: 2024-12-18 02:47:20.888599 |Cluster size: 1 |Queue: total=0, avg=0.00, max=1000 | Inflight: total=0, avg=0.00, max=32
Warning: Metrics have no next page
date: 2024-12-18 02:47:30.915632 |Cluster size: 1 |Queue: total=0, avg=0.00, max=1000 | Inflight: total=0, avg=0.00, max=32
Warning: Metrics have no next page
date: 2024-12-18 02:47:40.947972 |Cluster size: 1 |Queue: total=0, avg=0.00, max=1000 | Inflight: total=2, avg=2.00, max=32
Warning: Metrics have no next page
date: 2024-12-18 02:47:50.983817 |Cluster size: 1 |Queue: total=0, avg=0.00, max=1000 | Inflight: total=2, avg=2.00, max=32
Warning: Metrics have no next page
date: 2024-12-18 02:48:01.141164 |Cluster size: 1 |Queue: total=0, avg=0.00, max=1000 | Inflight: total=12, avg=12.00, max=32
Warning: Metrics have no next page
date: 2024-12-18 02:48:11.516819 |Cluster size: 1 |Queue: total=0, avg=0.00, max=1000 | Inflight: total=26, avg=26.00, max=32
Warning: Metrics have no next page
date: 2024-12-18 02:48:21.637443 |Cluster size: 1 |Queue: total=0, avg=0.00, max=1000 | Inflight: total=35, avg=35.00, max=32
Warning: Metrics have no next page
date: 2024-12-18 02:48:31.867110 |Cluster size: 1 |Queue: total=0, avg=0.00, max=1000 | Inflight: total=76, avg=76.00, max=32
Warning: Metrics have no next page
date: 2024-12-18 02:48:42.035941 |Cluster size: 1 |Queue: total=0, avg=0.00, max=1000 | Inflight: total=99, avg=99.00, max=32
Warning: Metrics have no next page
date: 2024-12-18 02:48:52.316712 |Cluster size: 1 |Queue: total=0, avg=0.00, max=1000 | Inflight: total=108, avg=108.00, max=32
Warning: Metrics have no next page
date: 2024-12-18 02:49:02.367917 |Cluster size: 1 |Queue: total=0, avg=0.00, max=1000 | Inflight: total=156, avg=156.00, max=32
Warning: Metrics have no next page
date: 2024-12-18 02:49:12.627087 |Cluster size: 1 |Queue: total=0, avg=0.00, max=1000 | Inflight: total=122, avg=122.00, max=32
Warning: Metrics have no next page
date: 2024-12-18 02:49:23.416281 |Cluster size: 1 |Queue: total=0, avg=0.00, max=1000 | Inflight: total=100, avg=100.00, max=32
Warning: Metrics have no next page
date: 2024-12-18 02:49:33.835347 |Cluster size: 1 |Queue: total=0, avg=0.00, max=1000 | Inflight: total=87, avg=87.00, max=32
Warning: Metrics have no next page
date: 2024-12-18 02:49:44.619248 |Cluster size: 1 |Queue: total=0, avg=0.00, max=1000 | Inflight: total=130, avg=130.00, max=32
Warning: Metrics have no next page
date: 2024-12-18 02:49:54.868394 |Cluster size: 1 |Queue: total=0, avg=0.00, max=1000 | Inflight: total=166, avg=166.00, max=32
Warning: Metrics have no next page
date: 2024-12-18 02:50:05.215162 |Cluster size: 1 |Queue: total=0, avg=0.00, max=1000 | Inflight: total=136, avg=136.00, max=32
Warning: Metrics have no next page
date: 2024-12-18 02:50:15.478940 |Cluster size: 1 |Queue: total=0, avg=0.00, max=1000 | Inflight: total=111, avg=111.00, max=32
Warning: Metrics have no next page
date: 2024-12-18 02:50:26.140175 |Cluster size: 1 |Queue: total=0, avg=0.00, max=1000 | Inflight: total=100, avg=100.00, max=32
Warning: Metrics have no next page
date: 2024-12-18 02:50:36.231088 |Cluster size: 1 |Queue: total=0, avg=0.00, max=1000 | Inflight: total=102, avg=102.00, max=32
Warning: Metrics have no next page
date: 2024-12-18 02:50:46.438342 |Cluster size: 1 |Queue: total=0, avg=0.00, max=1000 | Inflight: total=117, avg=117.00, max=32
Warning: Metrics have no next page
date: 2024-12-18 02:50:56.537699 |Cluster size: 1 |Queue: total=0, avg=0.00, max=1000 | Inflight: total=108, avg=108.00, max=32
Warning: Metrics have no next page
date: 2024-12-18 02:51:06.971264 |Cluster size: 1 |Queue: total=0, avg=0.00, max=1000 | Inflight: total=125, avg=125.00, max=32
Warning: Metrics have no next page
date: 2024-12-18 02:51:17.731037 |Cluster size: 1 |Queue: total=0, avg=0.00, max=1000 | Inflight: total=106, avg=106.00, max=32
Warning: Metrics have no next page
date: 2024-12-18 02:51:28.475048 |Cluster size: 1 |Queue: total=0, avg=0.00, max=1000 | Inflight: total=87, avg=87.00, max=32
Warning: Metrics have no next page
date: 2024-12-18 02:51:38.836588 |Cluster size: 1 |Queue: total=0, avg=0.00, max=1000 | Inflight: total=89, avg=89.00, max=32
Warning: Metrics have no next page
date: 2024-12-18 02:51:50.042642 |Cluster size: 1 |Queue: total=0, avg=0.00, max=1000 | Inflight: total=128, avg=128.00, max=32
Warning: Metrics have no next page
date: 2024-12-18 02:52:01.115813 |Cluster size: 1 |Queue: total=0, avg=0.00, max=1000 | Inflight: total=132, avg=132.00, max=32
Warning: Metrics have no next page
date: 2024-12-18 02:52:11.719244 |Cluster size: 1 |Queue: total=0, avg=0.00, max=1000 | Inflight: total=125, avg=125.00, max=32
Warning: Metrics have no next page
date: 2024-12-18 02:52:21.915602 |Cluster size: 1 |Queue: total=0, avg=0.00, max=1000 | Inflight: total=69, avg=69.00, max=32
Warning: Metrics have no next page
date: 2024-12-18 02:52:32.469308 |Cluster size: 1 |Queue: total=0, avg=0.00, max=1000 | Inflight: total=82, avg=82.00, max=32
Warning: Metrics have no next page
date: 2024-12-18 02:52:42.714662 |Cluster size: 1 |Queue: total=0, avg=0.00, max=1000 | Inflight: total=131, avg=131.00, max=32
Warning: Metrics have no next page
date: 2024-12-18 02:52:53.189085 |Cluster size: 1 |Queue: total=0, avg=0.00, max=1000 | Inflight: total=87, avg=87.00, max=32
Warning: Metrics have no next page
date: 2024-12-18 02:53:03.931419 |Cluster size: 1 |Queue: total=0, avg=0.00, max=1000 | Inflight: total=87, avg=87.00, max=32
Warning: Metrics have no next page
date: 2024-12-18 02:53:14.880512 |Cluster size: 1 |Queue: total=0, avg=0.00, max=1000 | Inflight: total=104, avg=104.00, max=32
Warning: Metrics have no next page
date: 2024-12-18 02:53:26.594386 |Cluster size: 1 |Queue: total=0, avg=0.00, max=1000 | Inflight: total=112, avg=112.00, max=32
Warning: Metrics have no next page
date: 2024-12-18 02:53:37.080534 |Cluster size: 1 |Queue: total=0, avg=0.00, max=1000 | Inflight: total=110, avg=110.00, max=32
Warning: Metrics have no next page
date: 2024-12-18 02:53:48.117548 |Cluster size: 1 |Queue: total=0, avg=0.00, max=1000 | Inflight: total=94, avg=94.00, max=32
Warning: Metrics have no next page
date: 2024-12-18 02:53:58.316040 |Cluster size: 1 |Queue: total=0, avg=0.00, max=1000 | Inflight: total=107, avg=107.00, max=32
Warning: Metrics have no next page
date: 2024-12-18 02:54:09.116070 |Cluster size: 1 |Queue: total=0, avg=0.00, max=1000 | Inflight: total=102, avg=102.00, max=32
Warning: Metrics have no next page
date: 2024-12-18 02:54:19.870853 |Cluster size: 1 |Queue: total=0, avg=0.00, max=1000 | Inflight: total=131, avg=131.00, max=32
Warning: Metrics have no next page
date: 2024-12-18 02:54:30.841316 |Cluster size: 1 |Queue: total=0, avg=0.00, max=1000 | Inflight: total=117, avg=117.00, max=32
Warning: Metrics have no next page
date: 2024-12-18 02:54:41.016167 |Cluster size: 1 |Queue: total=0, avg=0.00, max=1000 | Inflight: total=120, avg=120.00, max=32
Warning: Metrics have no next page
date: 2024-12-18 02:54:51.442606 |Cluster size: 1 |Queue: total=0, avg=0.00, max=1000 | Inflight: total=99, avg=99.00, max=32
Warning: Metrics have no next page
date: 2024-12-18 02:55:01.568880 |Cluster size: 1 |Queue: total=0, avg=0.00, max=1000 | Inflight: total=122, avg=122.00, max=32
Warning: Metrics have no next page
date: 2024-12-18 02:55:12.231874 |Cluster size: 1 |Queue: total=0, avg=0.00, max=1000 | Inflight: total=111, avg=111.00, max=32
Warning: Metrics have no next page
date: 2024-12-18 02:55:22.271136 |Cluster size: 1 |Queue: total=0, avg=0.00, max=1000 | Inflight: total=123, avg=123.00, max=32
Warning: Metrics have no next page
date: 2024-12-18 02:55:32.454962 |Cluster size: 1 |Queue: total=0, avg=0.00, max=1000 | Inflight: total=136, avg=136.00, max=32
Warning: Metrics have no next page
date: 2024-12-18 02:55:43.627482 |Cluster size: 1 |Queue: total=0, avg=0.00, max=1000 | Inflight: total=129, avg=129.00, max=32
Warning: Metrics have no next page
date: 2024-12-18 02:55:54.051050 |Cluster size: 1 |Queue: total=0, avg=0.00, max=1000 | Inflight: total=114, avg=114.00, max=32
Warning: Metrics have no next page
date: 2024-12-18 02:56:05.052808 |Cluster size: 1 |Queue: total=0, avg=0.00, max=1000 | Inflight: total=114, avg=114.00, max=32
Warning: Metrics have no next page
date: 2024-12-18 02:56:16.032345 |Cluster size: 1 |Queue: total=0, avg=0.00, max=1000 | Inflight: total=59, avg=59.00, max=32
Warning: Metrics have no next page
date: 2024-12-18 02:56:26.115659 |Cluster size: 1 |Queue: total=0, avg=0.00, max=1000 | Inflight: total=93, avg=93.00, max=32
Warning: Metrics have no next page
date: 2024-12-18 02:56:36.415601 |Cluster size: 1 |Queue: total=0, avg=0.00, max=1000 | Inflight: total=85, avg=85.00, max=32
Warning: Metrics have no next page
date: 2024-12-18 02:56:46.474188 |Cluster size: 1 |Queue: total=0, avg=0.00, max=1000 | Inflight: total=98, avg=98.00, max=32
Warning: Metrics have no next page
date: 2024-12-18 02:56:56.568807 |Cluster size: 1 |Queue: total=0, avg=0.00, max=1000 | Inflight: total=81, avg=81.00, max=32
Warning: Metrics have no next page
date: 2024-12-18 02:57:07.335383 |Cluster size: 1 |Queue: total=0, avg=0.00, max=1000 | Inflight: total=76, avg=76.00, max=32
Warning: Metrics have no next page
date: 2024-12-18 02:57:17.453559 |Cluster size: 1 |Queue: total=0, avg=0.00, max=1000 | Inflight: total=81, avg=81.00, max=32
Warning: Metrics have no next page
date: 2024-12-18 02:57:27.540827 |Cluster size: 1 |Queue: total=0, avg=0.00, max=1000 | Inflight: total=45, avg=45.00, max=32
Warning: Metrics have no next page
date: 2024-12-18 02:57:37.624728 |Cluster size: 1 |Queue: total=0, avg=0.00, max=1000 | Inflight: total=52, avg=52.00, max=32
Warning: Metrics have no next page
date: 2024-12-18 02:57:47.677263 |Cluster size: 1 |Queue: total=0, avg=0.00, max=1000 | Inflight: total=52, avg=52.00, max=32
Warning: Metrics have no next page
date: 2024-12-18 02:57:57.748924 |Cluster size: 1 |Queue: total=0, avg=0.00, max=1000 | Inflight: total=47, avg=47.00, max=32
Warning: Metrics have no next page
date: 2024-12-18 02:58:07.843595 |Cluster size: 1 |Queue: total=0, avg=0.00, max=1000 | Inflight: total=25, avg=25.00, max=32
Warning: Metrics have no next page
date: 2024-12-18 02:58:17.920223 |Cluster size: 1 |Queue: total=0, avg=0.00, max=1000 | Inflight: total=15, avg=15.00, max=32
Warning: Metrics have no next page
date: 2024-12-18 02:58:27.972809 |Cluster size: 1 |Queue: total=0, avg=0.00, max=1000 | Inflight: total=9, avg=9.00, max=32
Warning: Metrics have no next page
date: 2024-12-18 02:58:38.022906 |Cluster size: 1 |Queue: total=0, avg=0.00, max=1000 | Inflight: total=7, avg=7.00, max=32
Warning: Metrics have no next page
date: 2024-12-18 02:58:48.058651 |Cluster size: 1 |Queue: total=0, avg=0.00, max=1000 | Inflight: total=7, avg=7.00, max=32
Warning: Metrics have no next page
date: 2024-12-18 02:58:58.089130 |Cluster size: 1 |Queue: total=0, avg=0.00, max=1000 | Inflight: total=8, avg=8.00, max=32
Warning: Metrics have no next page
date: 2024-12-18 02:59:08.116345 |Cluster size: 1 |Queue: total=0, avg=0.00, max=1000 | Inflight: total=5, avg=5.00, max=32
Warning: Metrics have no next page
date: 2024-12-18 02:59:18.144792 |Cluster size: 1 |Queue: total=0, avg=0.00, max=1000 | Inflight: total=10, avg=10.00, max=32
Warning: Metrics have no next page
date: 2024-12-18 02:59:28.183033 |Cluster size: 1 |Queue: total=0, avg=0.00, max=1000 | Inflight: total=8, avg=8.00, max=32
Warning: Metrics have no next page
date: 2024-12-18 02:59:38.217300 |Cluster size: 1 |Queue: total=0, avg=0.00, max=1000 | Inflight: total=4, avg=4.00, max=32
Warning: Metrics have no next page
date: 2024-12-18 02:59:48.245780 |Cluster size: 1 |Queue: total=0, avg=0.00, max=1000 | Inflight: total=4, avg=4.00, max=32
Warning: Metrics have no next page
date: 2024-12-18 02:59:58.274434 |Cluster size: 1 |Queue: total=0, avg=0.00, max=1000 | Inflight: total=1, avg=1.00, max=32
Warning: Metrics have no next page
date: 2024-12-18 03:00:08.301236 |Cluster size: 1 |Queue: total=0, avg=0.00, max=1000 | Inflight: total=0, avg=0.00, max=32
Warning: Metrics have no next page
date: 2024-12-18 03:00:18.329102 |Cluster size: 1 |Queue: total=0, avg=0.00, max=1000 | Inflight: total=1, avg=1.00, max=32
Warning: Metrics have no next page
date: 2024-12-18 03:00:28.354736 |Cluster size: 1 |Queue: total=0, avg=0.00, max=1000 | Inflight: total=1, avg=1.00, max=32
Warning: Metrics have no next page
date: 2024-12-18 03:00:38.418805 |Cluster size: 1 |Queue: total=0, avg=0.00, max=1000 | Inflight: total=0, avg=0.00, max=32
Warning: Metrics have no next page
date: 2024-12-18 03:00:48.469748 |Cluster size: 1 |Queue: total=0, avg=0.00, max=1000 | Inflight: total=0, avg=0.00, max=32
Warning: Metrics have no next page
date: 2024-12-18 03:00:58.518568 |Cluster size: 1 |Queue: total=0, avg=0.00, max=1000 | Inflight: total=0, avg=0.00, max=32
Warning: Metrics have no next page
date: 2024-12-18 03:01:08.566026 |Cluster size: 1 |Queue: total=0, avg=0.00, max=1000 | Inflight: total=0, avg=0.00, max=32
Warning: Metrics have no next page
date: 2024-12-18 03:01:18.617580 |Cluster size: 1 |Queue: total=0, avg=0.00, max=1000 | Inflight: total=0, avg=0.00, max=32
Warning: Metrics have no next page
date: 2024-12-18 03:01:28.669594 |Cluster size: 1 |Queue: total=0, avg=0.00, max=1000 | Inflight: total=0, avg=0.00, max=32
Warning: Metrics have no next page
date: 2024-12-18 03:01:38.719604 |Cluster size: 1 |Queue: total=0, avg=0.00, max=1000 | Inflight: total=0, avg=0.00, max=32
Warning: Metrics have no next page
date: 2024-12-18 03:01:48.768910 |Cluster size: 1 |Queue: total=0, avg=0.00, max=1000 | Inflight: total=0, avg=0.00, max=32
Warning: Metrics have no next page
date: 2024-12-18 03:01:58.818407 |Cluster size: 1 |Queue: total=0, avg=0.00, max=1000 | Inflight: total=0, avg=0.00, max=32
Warning: Metrics have no next page
date: 2024-12-18 03:02:08.870444 |Cluster size: 1 |Queue: total=0, avg=0.00, max=1000 | Inflight: total=0, avg=0.00, max=32
Warning: Metrics have no next page
date: 2024-12-18 03:02:18.921847 |Cluster size: 1 |Queue: total=0, avg=0.00, max=1000 | Inflight: total=0, avg=0.00, max=32
Warning: Metrics have no next page
date: 2024-12-18 03:02:28.949833 |Cluster size: 1 |Queue: total=0, avg=0.00, max=1000 | Inflight: total=0, avg=0.00, max=32
Warning: Metrics have no next page
date: 2024-12-18 03:02:39.005094 |Cluster size: 1 |Queue: total=0, avg=0.00, max=1000 | Inflight: total=0, avg=0.00, max=32
Warning: Metrics have no next page
date: 2024-12-18 03:02:49.056955 |Cluster size: 1 |Queue: total=0, avg=0.00, max=1000 | Inflight: total=0, avg=0.00, max=32
Warning: Metrics have no next page
date: 2024-12-18 03:02:59.107196 |Cluster size: 1 |Queue: total=0, avg=0.00, max=1000 | Inflight: total=0, avg=0.00, max=32
Warning: Metrics have no next page
date: 2024-12-18 03:03:09.157618 |Cluster size: 1 |Queue: total=0, avg=0.00, max=1000 | Inflight: total=0, avg=0.00, max=32
Warning: Metrics have no next page
date: 2024-12-18 03:03:19.208539 |Cluster size: 1 |Queue: total=0, avg=0.00, max=1000 | Inflight: total=0, avg=0.00, max=32
Warning: Metrics have no next page
date: 2024-12-18 03:03:29.257785 |Cluster size: 1 |Queue: total=0, avg=0.00, max=1000 | Inflight: total=0, avg=0.00, max=32
Warning: Metrics have no next page
date: 2024-12-18 03:03:39.307642 |Cluster size: 1 |Queue: total=0, avg=0.00, max=1000 | Inflight: total=0, avg=0.00, max=32
Warning: Metrics have no next page
date: 2024-12-18 03:03:49.356657 |Cluster size: 1 |Queue: total=0, avg=0.00, max=1000 | Inflight: total=0, avg=0.00, max=32
Warning: Metrics have no next page
date: 2024-12-18 03:03:59.409479 |Cluster size: 1 |Queue: total=0, avg=0.00, max=1000 | Inflight: total=0, avg=0.00, max=32
Warning: Metrics have no next page
date: 2024-12-18 03:04:09.468378 |Cluster size: 1 |Queue: total=0, avg=0.00, max=1000 | Inflight: total=0, avg=0.00, max=32
Warning: Metrics have no next page
date: 2024-12-18 03:04:19.525413 |Cluster size: 1 |Queue: total=0, avg=0.00, max=1000 | Inflight: total=0, avg=0.00, max=32
Warning: Metrics have no next page
date: 2024-12-18 03:04:29.577752 |Cluster size: 1 |Queue: total=0, avg=0.00, max=1000 | Inflight: total=0, avg=0.00, max=32
Warning: Metrics have no next page
date: 2024-12-18 03:04:39.628231 |Cluster size: 1 |Queue: total=0, avg=0.00, max=1000 | Inflight: total=0, avg=0.00, max=32
Warning: Metrics have no next page
date: 2024-12-18 03:04:49.680806 |Cluster size: 1 |Queue: total=0, avg=0.00, max=1000 | Inflight: total=0, avg=0.00, max=32
Warning: Metrics have no next page
date: 2024-12-18 03:04:59.730669 |Cluster size: 1 |Queue: total=0, avg=0.00, max=1000 | Inflight: total=0, avg=0.00, max=32
Warning: Metrics have no next page
date: 2024-12-18 03:05:09.780936 |Cluster size: 1 |Queue: total=0, avg=0.00, max=1000 | Inflight: total=0, avg=0.00, max=32
Warning: Metrics have no next page
date: 2024-12-18 03:05:19.831305 |Cluster size: 1 |Queue: total=0, avg=0.00, max=1000 | Inflight: total=0, avg=0.00, max=32
Warning: Metrics have no next page
date: 2024-12-18 03:05:29.883656 |Cluster size: 1 |Queue: total=0, avg=0.00, max=1000 | Inflight: total=0, avg=0.00, max=32
Warning: Metrics have no next page
date: 2024-12-18 03:05:39.933614 |Cluster size: 1 |Queue: total=0, avg=0.00, max=1000 | Inflight: total=0, avg=0.00, max=32
Warning: Metrics have no next page
date: 2024-12-18 03:05:49.971409 |Cluster size: 1 |Queue: total=0, avg=0.00, max=1000 | Inflight: total=0, avg=0.00, max=32
Warning: Metrics have no next page
date: 2024-12-18 03:06:00.023307 |Cluster size: 1 |Queue: total=0, avg=0.00, max=1000 | Inflight: total=0, avg=0.00, max=32
Warning: Metrics have no next page
date: 2024-12-18 03:06:10.072143 |Cluster size: 1 |Queue: total=0, avg=0.00, max=1000 | Inflight: total=0, avg=0.00, max=32
Warning: Metrics have no next page
date: 2024-12-18 03:06:20.123157 |Cluster size: 1 |Queue: total=0, avg=0.00, max=1000 | Inflight: total=0, avg=0.00, max=32
Warning: Metrics have no next page
date: 2024-12-18 03:06:30.173550 |Cluster size: 1 |Queue: total=0, avg=0.00, max=1000 | Inflight: total=0, avg=0.00, max=32
Warning: Metrics have no next page
date: 2024-12-18 03:06:40.224635 |Cluster size: 1 |Queue: total=0, avg=0.00, max=1000 | Inflight: total=0, avg=0.00, max=32
Warning: Metrics have no next page
date: 2024-12-18 03:06:50.280378 |Cluster size: 1 |Queue: total=0, avg=0.00, max=1000 | Inflight: total=0, avg=0.00, max=32
Warning: Metrics have no next page
date: 2024-12-18 03:07:00.332500 |Cluster size: 1 |Queue: total=0, avg=0.00, max=1000 | Inflight: total=0, avg=0.00, max=32
Warning: Metrics have no next page
date: 2024-12-18 03:07:10.382288 |Cluster size: 1 |Queue: total=0, avg=0.00, max=1000 | Inflight: total=0, avg=0.00, max=32
Warning: Metrics have no next page
date: 2024-12-18 03:07:20.432024 |Cluster size: 1 |Queue: total=0, avg=0.00, max=1000 | Inflight: total=0, avg=0.00, max=32
Warning: Metrics have no next page
date: 2024-12-18 03:07:30.482274 |Cluster size: 1 |Queue: total=0, avg=0.00, max=1000 | Inflight: total=0, avg=0.00, max=32
Warning: Metrics have no next page
date: 2024-12-18 03:07:40.531584 |Cluster size: 1 |Queue: total=0, avg=0.00, max=1000 | Inflight: total=0, avg=0.00, max=32
Warning: Metrics have no next page
date: 2024-12-18 03:07:50.582814 |Cluster size: 1 |Queue: total=0, avg=0.00, max=1000 | Inflight: total=0, avg=0.00, max=32
Warning: Metrics have no next page
date: 2024-12-18 03:08:00.632579 |Cluster size: 1 |Queue: total=0, avg=0.00, max=1000 | Inflight: total=0, avg=0.00, max=32
Warning: Metrics have no next page
date: 2024-12-18 03:08:10.681203 |Cluster size: 1 |Queue: total=0, avg=0.00, max=1000 | Inflight: total=0, avg=0.00, max=32
Warning: Metrics have no next page
date: 2024-12-18 03:08:20.732183 |Cluster size: 1 |Queue: total=0, avg=0.00, max=1000 | Inflight: total=0, avg=0.00, max=32
Warning: Metrics have no next page
date: 2024-12-18 03:08:30.781334 |Cluster size: 1 |Queue: total=0, avg=0.00, max=1000 | Inflight: total=0, avg=0.00, max=32
Warning: Metrics have no next page
date: 2024-12-18 03:08:40.840284 |Cluster size: 1 |Queue: total=0, avg=0.00, max=1000 | Inflight: total=0, avg=0.00, max=32
Warning: Metrics have no next page
date: 2024-12-18 03:08:50.891532 |Cluster size: 1 |Queue: total=0, avg=0.00, max=1000 | Inflight: total=0, avg=0.00, max=32
Warning: Metrics have no next page
date: 2024-12-18 03:09:00.950255 |Cluster size: 1 |Queue: total=0, avg=0.00, max=1000 | Inflight: total=0, avg=0.00, max=32
Warning: Metrics have no next page
date: 2024-12-18 03:09:10.987638 |Cluster size: 1 |Queue: total=0, avg=0.00, max=1000 | Inflight: total=0, avg=0.00, max=32
Warning: Metrics have no next page
date: 2024-12-18 03:09:21.045669 |Cluster size: 1 |Queue: total=0, avg=0.00, max=1000 | Inflight: total=0, avg=0.00, max=32
Warning: Metrics have no next page
date: 2024-12-18 03:09:31.098063 |Cluster size: 1 |Queue: total=0, avg=0.00, max=1000 | Inflight: total=0, avg=0.00, max=32
Warning: Metrics have no next page
date: 2024-12-18 03:09:41.148468 |Cluster size: 1 |Queue: total=0, avg=0.00, max=1000 | Inflight: total=0, avg=0.00, max=32
Warning: Metrics have no next page
date: 2024-12-18 03:09:51.198707 |Cluster size: 1 |Queue: total=0, avg=0.00, max=1000 | Inflight: total=0, avg=0.00, max=32
Warning: Metrics have no next page
date: 2024-12-18 03:10:01.248334 |Cluster size: 1 |Queue: total=0, avg=0.00, max=1000 | Inflight: total=0, avg=0.00, max=32
Warning: Metrics have no next page
date: 2024-12-18 03:10:11.288558 |Cluster size: 1 |Queue: total=0, avg=0.00, max=1000 | Inflight: total=0, avg=0.00, max=32
Warning: Metrics have no next page
date: 2024-12-18 03:10:21.337604 |Cluster size: 1 |Queue: total=0, avg=0.00, max=1000 | Inflight: total=0, avg=0.00, max=32
Warning: Metrics have no next page
date: 2024-12-18 03:10:31.396792 |Cluster size: 1 |Queue: total=0, avg=0.00, max=1000 | Inflight: total=0, avg=0.00, max=32
Warning: Metrics have no next page
date: 2024-12-18 03:10:41.448930 |Cluster size: 1 |Queue: total=0, avg=0.00, max=1000 | Inflight: total=0, avg=0.00, max=32
Warning: Metrics have no next page
date: 2024-12-18 03:10:51.501673 |Cluster size: 1 |Queue: total=0, avg=0.00, max=1000 | Inflight: total=0, avg=0.00, max=32
Warning: Metrics have no next page
date: 2024-12-18 03:11:01.558968 |Cluster size: 1 |Queue: total=0, avg=0.00, max=1000 | Inflight: total=0, avg=0.00, max=32
Warning: Metrics have no next page
date: 2024-12-18 03:11:11.611050 |Cluster size: 1 |Queue: total=0, avg=0.00, max=1000 | Inflight: total=0, avg=0.00, max=32
Warning: Metrics have no next page
date: 2024-12-18 03:11:21.662383 |Cluster size: 1 |Queue: total=0, avg=0.00, max=1000 | Inflight: total=0, avg=0.00, max=32
Warning: Metrics have no next page
date: 2024-12-18 03:11:31.712888 |Cluster size: 1 |Queue: total=0, avg=0.00, max=1000 | Inflight: total=0, avg=0.00, max=32
Warning: Metrics have no next page
date: 2024-12-18 03:11:41.778579 |Cluster size: 1 |Queue: total=0, avg=0.00, max=1000 | Inflight: total=0, avg=0.00, max=32
Warning: Metrics have no next page
date: 2024-12-18 03:11:51.825749 |Cluster size: 1 |Queue: total=0, avg=0.00, max=1000 | Inflight: total=0, avg=0.00, max=32
Warning: Metrics have no next page
date: 2024-12-18 03:12:01.893861 |Cluster size: 1 |Queue: total=0, avg=0.00, max=1000 | Inflight: total=0, avg=0.00, max=32
Warning: Metrics have no next page
date: 2024-12-18 03:12:11.944224 |Cluster size: 1 |Queue: total=0, avg=0.00, max=1000 | Inflight: total=0, avg=0.00, max=32
Warning: Metrics have no next page
date: 2024-12-18 03:12:22.001098 |Cluster size: 1 |Queue: total=0, avg=0.00, max=1000 | Inflight: total=0, avg=0.00, max=32
Warning: Metrics have no next page
date: 2024-12-18 03:12:32.051831 |Cluster size: 1 |Queue: total=0, avg=0.00, max=1000 | Inflight: total=0, avg=0.00, max=32
Warning: Metrics have no next page
date: 2024-12-18 03:12:42.102172 |Cluster size: 1 |Queue: total=0, avg=0.00, max=1000 | Inflight: total=0, avg=0.00, max=32
Warning: Metrics have no next page
date: 2024-12-18 03:12:52.152912 |Cluster size: 1 |Queue: total=0, avg=0.00, max=1000 | Inflight: total=0, avg=0.00, max=32
Warning: Metrics have no next page
date: 2024-12-18 03:13:02.207955 |Cluster size: 1 |Queue: total=0, avg=0.00, max=1000 | Inflight: total=0, avg=0.00, max=32
Warning: Metrics have no next page
date: 2024-12-18 03:13:12.256671 |Cluster size: 1 |Queue: total=0, avg=0.00, max=1000 | Inflight: total=0, avg=0.00, max=32
Warning: Metrics have no next page
date: 2024-12-18 03:13:22.306539 |Cluster size: 1 |Queue: total=0, avg=0.00, max=1000 | Inflight: total=0, avg=0.00, max=32
Warning: Metrics have no next page
date: 2024-12-18 03:13:32.350794 |Cluster size: 1 |Queue: total=0, avg=0.00, max=1000 | Inflight: total=0, avg=0.00, max=32
Warning: Metrics have no next page
date: 2024-12-18 03:13:42.400998 |Cluster size: 1 |Queue: total=0, avg=0.00, max=1000 | Inflight: total=0, avg=0.00, max=32
Warning: Metrics have no next page
date: 2024-12-18 03:13:52.450687 |Cluster size: 1 |Queue: total=0, avg=0.00, max=1000 | Inflight: total=0, avg=0.00, max=32
Warning: Metrics have no next page
date: 2024-12-18 03:14:02.512870 |Cluster size: 1 |Queue: total=0, avg=0.00, max=1000 | Inflight: total=0, avg=0.00, max=32
Warning: Metrics have no next page
date: 2024-12-18 03:14:12.563672 |Cluster size: 1 |Queue: total=0, avg=0.00, max=1000 | Inflight: total=0, avg=0.00, max=32
Warning: Metrics have no next page
date: 2024-12-18 03:14:22.613621 |Cluster size: 1 |Queue: total=0, avg=0.00, max=1000 | Inflight: total=0, avg=0.00, max=32
Warning: Metrics have no next page
date: 2024-12-18 03:14:32.661784 |Cluster size: 1 |Queue: total=0, avg=0.00, max=1000 | Inflight: total=0, avg=0.00, max=32
Warning: Metrics have no next page
date: 2024-12-18 03:14:42.714486 |Cluster size: 1 |Queue: total=0, avg=0.00, max=1000 | Inflight: total=0, avg=0.00, max=32
Warning: Metrics have no next page
date: 2024-12-18 03:14:52.767264 |Cluster size: 1 |Queue: total=0, avg=0.00, max=1000 | Inflight: total=0, avg=0.00, max=32
Warning: Metrics have no next page
date: 2024-12-18 03:15:02.819681 |Cluster size: 1 |Queue: total=0, avg=0.00, max=1000 | Inflight: total=0, avg=0.00, max=32
Warning: Metrics have no next page
date: 2024-12-18 03:15:12.876960 |Cluster size: 1 |Queue: total=0, avg=0.00, max=1000 | Inflight: total=0, avg=0.00, max=32
Warning: Metrics have no next page
date: 2024-12-18 03:15:22.927424 |Cluster size: 1 |Queue: total=0, avg=0.00, max=1000 | Inflight: total=0, avg=0.00, max=32
Warning: Metrics have no next page
date: 2024-12-18 03:15:32.987992 |Cluster size: 1 |Queue: total=0, avg=0.00, max=1000 | Inflight: total=0, avg=0.00, max=32
Warning: Metrics have no next page
date: 2024-12-18 03:15:43.026515 |Cluster size: 1 |Queue: total=0, avg=0.00, max=1000 | Inflight: total=0, avg=0.00, max=32
Warning: Metrics have no next page
date: 2024-12-18 03:15:53.077177 |Cluster size: 1 |Queue: total=0, avg=0.00, max=1000 | Inflight: total=0, avg=0.00, max=32
Warning: Metrics have no next page
date: 2024-12-18 03:16:03.133562 |Cluster size: 1 |Queue: total=0, avg=0.00, max=1000 | Inflight: total=0, avg=0.00, max=32
Warning: Metrics have no next page
date: 2024-12-18 03:16:13.185804 |Cluster size: 1 |Queue: total=0, avg=0.00, max=1000 | Inflight: total=0, avg=0.00, max=32
Warning: Metrics have no next page
date: 2024-12-18 03:16:23.236823 |Cluster size: 1 |Queue: total=0, avg=0.00, max=1000 | Inflight: total=0, avg=0.00, max=32
Warning: Metrics have no next page
date: 2024-12-18 03:16:33.286145 |Cluster size: 1 |Queue: total=0, avg=0.00, max=1000 | Inflight: total=0, avg=0.00, max=32
Warning: Metrics have no next page
date: 2024-12-18 03:16:43.337663 |Cluster size: 1 |Queue: total=0, avg=0.00, max=1000 | Inflight: total=0, avg=0.00, max=32
Warning: Metrics have no next page
date: 2024-12-18 03:16:53.387432 |Cluster size: 1 |Queue: total=0, avg=0.00, max=1000 | Inflight: total=0, avg=0.00, max=32
Warning: Metrics have no next page
date: 2024-12-18 03:17:03.438048 |Cluster size: 1 |Queue: total=0, avg=0.00, max=1000 | Inflight: total=0, avg=0.00, max=32
Warning: Metrics have no next page
date: 2024-12-18 03:17:13.491202 |Cluster size: 1 |Queue: total=0, avg=0.00, max=1000 | Inflight: total=0, avg=0.00, max=32
Warning: Metrics have no next page
date: 2024-12-18 03:17:23.541898 |Cluster size: 1 |Queue: total=0, avg=0.00, max=1000 | Inflight: total=0, avg=0.00, max=32
Warning: Metrics have no next page
date: 2024-12-18 03:17:33.593913 |Cluster size: 1 |Queue: total=0, avg=0.00, max=1000 | Inflight: total=0, avg=0.00, max=32
Warning: Metrics have no next page
date: 2024-12-18 03:17:43.657889 |Cluster size: 1 |Queue: total=0, avg=0.00, max=1000 | Inflight: total=0, avg=0.00, max=32
Warning: Metrics have no next page
date: 2024-12-18 03:17:53.707181 |Cluster size: 1 |Queue: total=0, avg=0.00, max=1000 | Inflight: total=0, avg=0.00, max=32
Warning: Metrics have no next page
date: 2024-12-18 03:18:03.756987 |Cluster size: 1 |Queue: total=0, avg=0.00, max=1000 | Inflight: total=0, avg=0.00, max=32
Warning: Metrics have no next page
date: 2024-12-18 03:18:13.808426 |Cluster size: 1 |Queue: total=0, avg=0.00, max=1000 | Inflight: total=0, avg=0.00, max=32
Warning: Metrics have no next page
date: 2024-12-18 03:18:23.858419 |Cluster size: 1 |Queue: total=0, avg=0.00, max=1000 | Inflight: total=0, avg=0.00, max=32
Warning: Metrics have no next page
date: 2024-12-18 03:18:33.925827 |Cluster size: 1 |Queue: total=0, avg=0.00, max=1000 | Inflight: total=0, avg=0.00, max=32
Warning: Metrics have no next page
date: 2024-12-18 03:18:43.985332 |Cluster size: 1 |Queue: total=0, avg=0.00, max=1000 | Inflight: total=0, avg=0.00, max=32
Warning: Metrics have no next page
date: 2024-12-18 03:18:54.042504 |Cluster size: 1 |Queue: total=0, avg=0.00, max=1000 | Inflight: total=0, avg=0.00, max=32
Warning: Metrics have no next page
date: 2024-12-18 03:19:04.091910 |Cluster size: 1 |Queue: total=0, avg=0.00, max=1000 | Inflight: total=0, avg=0.00, max=32
Warning: Metrics have no next page
date: 2024-12-18 03:19:14.145789 |Cluster size: 1 |Queue: total=0, avg=0.00, max=1000 | Inflight: total=0, avg=0.00, max=32
Warning: Metrics have no next page
date: 2024-12-18 03:19:24.195625 |Cluster size: 1 |Queue: total=0, avg=0.00, max=1000 | Inflight: total=0, avg=0.00, max=32
Warning: Metrics have no next page
date: 2024-12-18 03:19:34.245773 |Cluster size: 1 |Queue: total=0, avg=0.00, max=1000 | Inflight: total=0, avg=0.00, max=32
Warning: Metrics have no next page
date: 2024-12-18 03:19:44.296916 |Cluster size: 1 |Queue: total=0, avg=0.00, max=1000 | Inflight: total=0, avg=0.00, max=32
Warning: Metrics have no next page
date: 2024-12-18 03:19:54.346856 |Cluster size: 1 |Queue: total=0, avg=0.00, max=1000 | Inflight: total=0, avg=0.00, max=32
Warning: Metrics have no next page
date: 2024-12-18 03:20:04.395258 |Cluster size: 1 |Queue: total=0, avg=0.00, max=1000 | Inflight: total=0, avg=0.00, max=32
Warning: Metrics have no next page
date: 2024-12-18 03:20:14.447075 |Cluster size: 1 |Queue: total=0, avg=0.00, max=1000 | Inflight: total=0, avg=0.00, max=32
Warning: Metrics have no next page
date: 2024-12-18 03:20:24.497471 |Cluster size: 1 |Queue: total=0, avg=0.00, max=1000 | Inflight: total=0, avg=0.00, max=32
Warning: Metrics have no next page
date: 2024-12-18 03:20:34.545046 |Cluster size: 1 |Queue: total=0, avg=0.00, max=1000 | Inflight: total=0, avg=0.00, max=32
Warning: Metrics have no next page
date: 2024-12-18 03:20:44.594126 |Cluster size: 1 |Queue: total=0, avg=0.00, max=1000 | Inflight: total=0, avg=0.00, max=32
Warning: Metrics have no next page
date: 2024-12-18 03:20:54.643525 |Cluster size: 1 |Queue: total=0, avg=0.00, max=1000 | Inflight: total=0, avg=0.00, max=32
Warning: Metrics have no next page
date: 2024-12-18 03:21:04.691530 |Cluster size: 1 |Queue: total=0, avg=0.00, max=1000 | Inflight: total=0, avg=0.00, max=32
Warning: Metrics have no next page
date: 2024-12-18 03:21:14.739971 |Cluster size: 1 |Queue: total=0, avg=0.00, max=1000 | Inflight: total=0, avg=0.00, max=32
Warning: Metrics have no next page
date: 2024-12-18 03:21:24.792124 |Cluster size: 1 |Queue: total=0, avg=0.00, max=1000 | Inflight: total=0, avg=0.00, max=32
Warning: Metrics have no next page
date: 2024-12-18 03:21:34.838978 |Cluster size: 1 |Queue: total=0, avg=0.00, max=1000 | Inflight: total=0, avg=0.00, max=32
Warning: Metrics have no next page
date: 2024-12-18 03:21:44.888857 |Cluster size: 1 |Queue: total=0, avg=0.00, max=1000 | Inflight: total=0, avg=0.00, max=32
Warning: Metrics have no next page
date: 2024-12-18 03:21:54.939414 |Cluster size: 1 |Queue: total=0, avg=0.00, max=1000 | Inflight: total=0, avg=0.00, max=32
Warning: Metrics have no next page
date: 2024-12-18 03:22:04.997188 |Cluster size: 1 |Queue: total=0, avg=0.00, max=1000 | Inflight: total=0, avg=0.00, max=32
Warning: Metrics have no next page
date: 2024-12-18 03:22:15.054998 |Cluster size: 1 |Queue: total=0, avg=0.00, max=1000 | Inflight: total=0, avg=0.00, max=32
Warning: Metrics have no next page
date: 2024-12-18 03:22:25.108510 |Cluster size: 1 |Queue: total=0, avg=0.00, max=1000 | Inflight: total=0, avg=0.00, max=32
Warning: Metrics have no next page
date: 2024-12-18 03:22:35.165974 |Cluster size: 1 |Queue: total=0, avg=0.00, max=1000 | Inflight: total=0, avg=0.00, max=32
Warning: Metrics have no next page
date: 2024-12-18 03:22:45.214868 |Cluster size: 1 |Queue: total=0, avg=0.00, max=1000 | Inflight: total=0, avg=0.00, max=32
Warning: Metrics have no next page
date: 2024-12-18 03:22:55.274772 |Cluster size: 1 |Queue: total=0, avg=0.00, max=1000 | Inflight: total=0, avg=0.00, max=32
Warning: Metrics have no next page
date: 2024-12-18 03:23:05.324853 |Cluster size: 1 |Queue: total=0, avg=0.00, max=1000 | Inflight: total=0, avg=0.00, max=32
Warning: Metrics have no next page
date: 2024-12-18 03:23:15.375047 |Cluster size: 1 |Queue: total=0, avg=0.00, max=1000 | Inflight: total=0, avg=0.00, max=32
Warning: Metrics have no next page
date: 2024-12-18 03:23:25.425245 |Cluster size: 1 |Queue: total=0, avg=0.00, max=1000 | Inflight: total=0, avg=0.00, max=32
Warning: Metrics have no next page
date: 2024-12-18 03:23:35.475248 |Cluster size: 1 |Queue: total=0, avg=0.00, max=1000 | Inflight: total=0, avg=0.00, max=32
Warning: Metrics have no next page
date: 2024-12-18 03:23:45.526581 |Cluster size: 1 |Queue: total=0, avg=0.00, max=1000 | Inflight: total=0, avg=0.00, max=32
Warning: Metrics have no next page
date: 2024-12-18 03:23:55.574381 |Cluster size: 1 |Queue: total=0, avg=0.00, max=1000 | Inflight: total=0, avg=0.00, max=32
Warning: Metrics have no next page
date: 2024-12-18 03:24:05.632534 |Cluster size: 1 |Queue: total=0, avg=0.00, max=1000 | Inflight: total=0, avg=0.00, max=32
Warning: Metrics have no next page
date: 2024-12-18 03:24:15.683164 |Cluster size: 1 |Queue: total=0, avg=0.00, max=1000 | Inflight: total=0, avg=0.00, max=32
Warning: Metrics have no next page
date: 2024-12-18 03:24:25.733907 |Cluster size: 1 |Queue: total=0, avg=0.00, max=1000 | Inflight: total=0, avg=0.00, max=32
Warning: Metrics have no next page
date: 2024-12-18 03:24:35.783323 |Cluster size: 1 |Queue: total=0, avg=0.00, max=1000 | Inflight: total=0, avg=0.00, max=32
Warning: Metrics have no next page
date: 2024-12-18 03:24:45.835821 |Cluster size: 1 |Queue: total=0, avg=0.00, max=1000 | Inflight: total=0, avg=0.00, max=32
Warning: Metrics have no next page
date: 2024-12-18 03:24:55.889892 |Cluster size: 1 |Queue: total=0, avg=0.00, max=1000 | Inflight: total=0, avg=0.00, max=32
Warning: Metrics have no next page
date: 2024-12-18 03:25:05.938980 |Cluster size: 1 |Queue: total=0, avg=0.00, max=1000 | Inflight: total=0, avg=0.00, max=32
Warning: Metrics have no next page
date: 2024-12-18 03:25:15.990196 |Cluster size: 1 |Queue: total=0, avg=0.00, max=1000 | Inflight: total=0, avg=0.00, max=32
Warning: Metrics have no next page
date: 2024-12-18 03:25:26.045347 |Cluster size: 1 |Queue: total=0, avg=0.00, max=1000 | Inflight: total=0, avg=0.00, max=32
Warning: Metrics have no next page
date: 2024-12-18 03:25:36.096357 |Cluster size: 1 |Queue: total=0, avg=0.00, max=1000 | Inflight: total=0, avg=0.00, max=32
Warning: Metrics have no next page
date: 2024-12-18 03:25:46.148368 |Cluster size: 1 |Queue: total=0, avg=0.00, max=1000 | Inflight: total=0, avg=0.00, max=32
Warning: Metrics have no next page
date: 2024-12-18 03:25:56.198133 |Cluster size: 1 |Queue: total=0, avg=0.00, max=1000 | Inflight: total=0, avg=0.00, max=32
Warning: Metrics have no next page
date: 2024-12-18 03:26:06.249214 |Cluster size: 1 |Queue: total=0, avg=0.00, max=1000 | Inflight: total=0, avg=0.00, max=32
Warning: Metrics have no next page
date: 2024-12-18 03:26:16.299860 |Cluster size: 1 |Queue: total=0, avg=0.00, max=1000 | Inflight: total=0, avg=0.00, max=32
Warning: Metrics have no next page
date: 2024-12-18 03:26:26.365581 |Cluster size: 1 |Queue: total=0, avg=0.00, max=1000 | Inflight: total=0, avg=0.00, max=32
Warning: Metrics have no next page
date: 2024-12-18 03:26:36.421995 |Cluster size: 1 |Queue: total=0, avg=0.00, max=1000 | Inflight: total=0, avg=0.00, max=32
Warning: Metrics have no next page
date: 2024-12-18 03:26:46.469888 |Cluster size: 1 |Queue: total=0, avg=0.00, max=1000 | Inflight: total=0, avg=0.00, max=32
Warning: Metrics have no next page
date: 2024-12-18 03:26:56.517996 |Cluster size: 1 |Queue: total=0, avg=0.00, max=1000 | Inflight: total=0, avg=0.00, max=32
Warning: Metrics have no next page
date: 2024-12-18 03:27:06.568034 |Cluster size: 1 |Queue: total=0, avg=0.00, max=1000 | Inflight: total=0, avg=0.00, max=32
Warning: Metrics have no next page
date: 2024-12-18 03:27:16.615930 |Cluster size: 1 |Queue: total=0, avg=0.00, max=1000 | Inflight: total=0, avg=0.00, max=32
Warning: Metrics have no next page
date: 2024-12-18 03:27:26.665581 |Cluster size: 1 |Queue: total=0, avg=0.00, max=1000 | Inflight: total=0, avg=0.00, max=32
Warning: Metrics have no next page
date: 2024-12-18 03:27:36.716531 |Cluster size: 1 |Queue: total=0, avg=0.00, max=1000 | Inflight: total=0, avg=0.00, max=32
Warning: Metrics have no next page
date: 2024-12-18 03:27:46.767873 |Cluster size: 1 |Queue: total=0, avg=0.00, max=1000 | Inflight: total=0, avg=0.00, max=32
Warning: Metrics have no next page
date: 2024-12-18 03:27:56.826484 |Cluster size: 1 |Queue: total=0, avg=0.00, max=1000 | Inflight: total=0, avg=0.00, max=32
Warning: Metrics have no next page
date: 2024-12-18 03:28:06.875215 |Cluster size: 1 |Queue: total=0, avg=0.00, max=1000 | Inflight: total=0, avg=0.00, max=32
Warning: Metrics have no next page
date: 2024-12-18 03:28:16.925591 |Cluster size: 1 |Queue: total=0, avg=0.00, max=1000 | Inflight: total=0, avg=0.00, max=32
Warning: Metrics have no next page
date: 2024-12-18 03:28:26.977906 |Cluster size: 1 |Queue: total=0, avg=0.00, max=1000 | Inflight: total=0, avg=0.00, max=32
Warning: Metrics have no next page
date: 2024-12-18 03:28:37.033807 |Cluster size: 1 |Queue: total=0, avg=0.00, max=1000 | Inflight: total=0, avg=0.00, max=32
Warning: Metrics have no next page
date: 2024-12-18 03:28:47.082660 |Cluster size: 1 |Queue: total=0, avg=0.00, max=1000 | Inflight: total=0, avg=0.00, max=32
Warning: Metrics have no next page
date: 2024-12-18 03:28:57.118737 |Cluster size: 1 |Queue: total=0, avg=0.00, max=1000 | Inflight: total=0, avg=0.00, max=32
Warning: Metrics have no next page
date: 2024-12-18 03:29:07.172188 |Cluster size: 1 |Queue: total=0, avg=0.00, max=1000 | Inflight: total=0, avg=0.00, max=32
Warning: Metrics have no next page
date: 2024-12-18 03:29:17.226144 |Cluster size: 1 |Queue: total=0, avg=0.00, max=1000 | Inflight: total=0, avg=0.00, max=32
Warning: Metrics have no next page
date: 2024-12-18 03:29:27.281392 |Cluster size: 1 |Queue: total=0, avg=0.00, max=1000 | Inflight: total=0, avg=0.00, max=32
Warning: Metrics have no next page
date: 2024-12-18 03:29:37.330247 |Cluster size: 1 |Queue: total=0, avg=0.00, max=1000 | Inflight: total=0, avg=0.00, max=32
Warning: Metrics have no next page
date: 2024-12-18 03:29:47.378875 |Cluster size: 1 |Queue: total=0, avg=0.00, max=1000 | Inflight: total=0, avg=0.00, max=32
Warning: Metrics have no next page
date: 2024-12-18 03:29:57.434756 |Cluster size: 1 |Queue: total=0, avg=0.00, max=1000 | Inflight: total=0, avg=0.00, max=32
Warning: Metrics have no next page
date: 2024-12-18 03:30:07.486774 |Cluster size: 1 |Queue: total=0, avg=0.00, max=1000 | Inflight: total=0, avg=0.00, max=32
Warning: Metrics have no next page
date: 2024-12-18 03:30:17.536804 |Cluster size: 1 |Queue: total=0, avg=0.00, max=1000 | Inflight: total=0, avg=0.00, max=32
Warning: Metrics have no next page
date: 2024-12-18 03:30:27.590479 |Cluster size: 1 |Queue: total=0, avg=0.00, max=1000 | Inflight: total=0, avg=0.00, max=32
Warning: Metrics have no next page
date: 2024-12-18 03:30:37.648494 |Cluster size: 1 |Queue: total=0, avg=0.00, max=1000 | Inflight: total=0, avg=0.00, max=32
Warning: Metrics have no next page
date: 2024-12-18 03:30:47.697846 |Cluster size: 1 |Queue: total=0, avg=0.00, max=1000 | Inflight: total=0, avg=0.00, max=32
Warning: Metrics have no next page
date: 2024-12-18 03:30:57.747639 |Cluster size: 1 |Queue: total=0, avg=0.00, max=1000 | Inflight: total=0, avg=0.00, max=32
Warning: Metrics have no next page
date: 2024-12-18 03:31:07.797628 |Cluster size: 1 |Queue: total=0, avg=0.00, max=1000 | Inflight: total=0, avg=0.00, max=32
Warning: Metrics have no next page
date: 2024-12-18 03:31:17.848483 |Cluster size: 1 |Queue: total=0, avg=0.00, max=1000 | Inflight: total=0, avg=0.00, max=32
Warning: Metrics have no next page
date: 2024-12-18 03:31:27.898339 |Cluster size: 1 |Queue: total=0, avg=0.00, max=1000 | Inflight: total=0, avg=0.00, max=32
Warning: Metrics have no next page
date: 2024-12-18 03:31:37.949319 |Cluster size: 1 |Queue: total=0, avg=0.00, max=1000 | Inflight: total=0, avg=0.00, max=32
Warning: Metrics have no next page
date: 2024-12-18 03:31:48.000527 |Cluster size: 1 |Queue: total=0, avg=0.00, max=1000 | Inflight: total=0, avg=0.00, max=32
Warning: Metrics have no next page
date: 2024-12-18 03:31:58.050324 |Cluster size: 1 |Queue: total=0, avg=0.00, max=1000 | Inflight: total=0, avg=0.00, max=32
Warning: Metrics have no next page
date: 2024-12-18 03:32:08.102202 |Cluster size: 1 |Queue: total=0, avg=0.00, max=1000 | Inflight: total=0, avg=0.00, max=32
Warning: Metrics have no next page
date: 2024-12-18 03:32:18.137701 |Cluster size: 1 |Queue: total=0, avg=0.00, max=1000 | Inflight: total=0, avg=0.00, max=32
Warning: Metrics have no next page
date: 2024-12-18 03:32:28.187243 |Cluster size: 1 |Queue: total=0, avg=0.00, max=1000 | Inflight: total=0, avg=0.00, max=32
Warning: Metrics have no next page
date: 2024-12-18 03:32:38.236863 |Cluster size: 1 |Queue: total=0, avg=0.00, max=1000 | Inflight: total=0, avg=0.00, max=32
Warning: Metrics have no next page
date: 2024-12-18 03:32:48.286385 |Cluster size: 1 |Queue: total=0, avg=0.00, max=1000 | Inflight: total=0, avg=0.00, max=32
Warning: Metrics have no next page
date: 2024-12-18 03:32:58.336191 |Cluster size: 1 |Queue: total=0, avg=0.00, max=1000 | Inflight: total=0, avg=0.00, max=32
Warning: Metrics have no next page
date: 2024-12-18 03:33:08.385880 |Cluster size: 1 |Queue: total=0, avg=0.00, max=1000 | Inflight: total=0, avg=0.00, max=32
Warning: Metrics have no next page
date: 2024-12-18 03:33:18.445968 |Cluster size: 1 |Queue: total=0, avg=0.00, max=1000 | Inflight: total=0, avg=0.00, max=32
Warning: Metrics have no next page
date: 2024-12-18 03:33:28.487427 |Cluster size: 1 |Queue: total=0, avg=0.00, max=1000 | Inflight: total=0, avg=0.00, max=32
Warning: Metrics have no next page
date: 2024-12-18 03:33:38.537374 |Cluster size: 1 |Queue: total=0, avg=0.00, max=1000 | Inflight: total=0, avg=0.00, max=32
Warning: Metrics have no next page
date: 2024-12-18 03:33:48.587371 |Cluster size: 1 |Queue: total=0, avg=0.00, max=1000 | Inflight: total=0, avg=0.00, max=32
Warning: Metrics have no next page
date: 2024-12-18 03:33:58.639308 |Cluster size: 1 |Queue: total=0, avg=0.00, max=1000 | Inflight: total=0, avg=0.00, max=32
Warning: Metrics have no next page
date: 2024-12-18 03:34:08.690270 |Cluster size: 1 |Queue: total=0, avg=0.00, max=1000 | Inflight: total=0, avg=0.00, max=32
Warning: Metrics have no next page
date: 2024-12-18 03:34:18.739717 |Cluster size: 1 |Queue: total=0, avg=0.00, max=1000 | Inflight: total=0, avg=0.00, max=32
Warning: Metrics have no next page
date: 2024-12-18 03:34:28.788706 |Cluster size: 1 |Queue: total=0, avg=0.00, max=1000 | Inflight: total=0, avg=0.00, max=32
Warning: Metrics have no next page
date: 2024-12-18 03:34:38.838478 |Cluster size: 1 |Queue: total=0, avg=0.00, max=1000 | Inflight: total=0, avg=0.00, max=32
Warning: Metrics have no next page
date: 2024-12-18 03:34:48.888277 |Cluster size: 1 |Queue: total=0, avg=0.00, max=1000 | Inflight: total=0, avg=0.00, max=32
Warning: Metrics have no next page
date: 2024-12-18 03:34:58.938803 |Cluster size: 1 |Queue: total=0, avg=0.00, max=1000 | Inflight: total=0, avg=0.00, max=32
Warning: Metrics have no next page
date: 2024-12-18 03:35:08.987808 |Cluster size: 1 |Queue: total=0, avg=0.00, max=1000 | Inflight: total=0, avg=0.00, max=32
Warning: Metrics have no next page
date: 2024-12-18 03:35:19.035580 |Cluster size: 1 |Queue: total=0, avg=0.00, max=1000 | Inflight: total=0, avg=0.00, max=32
Warning: Metrics have no next page
date: 2024-12-18 03:35:29.091507 |Cluster size: 1 |Queue: total=0, avg=0.00, max=1000 | Inflight: total=0, avg=0.00, max=32
Warning: Metrics have no next page
date: 2024-12-18 03:35:39.138255 |Cluster size: 1 |Queue: total=0, avg=0.00, max=1000 | Inflight: total=0, avg=0.00, max=32
Warning: Metrics have no next page
date: 2024-12-18 03:35:49.168836 |Cluster size: 1 |Queue: total=0, avg=0.00, max=1000 | Inflight: total=0, avg=0.00, max=32
Warning: Metrics have no next page
date: 2024-12-18 03:35:59.224378 |Cluster size: 1 |Queue: total=0, avg=0.00, max=1000 | Inflight: total=0, avg=0.00, max=32
Warning: Metrics have no next page
date: 2024-12-18 03:36:09.274616 |Cluster size: 1 |Queue: total=0, avg=0.00, max=1000 | Inflight: total=0, avg=0.00, max=32
Warning: Metrics have no next page
date: 2024-12-18 03:36:19.325945 |Cluster size: 1 |Queue: total=0, avg=0.00, max=1000 | Inflight: total=0, avg=0.00, max=32
Warning: Metrics have no next page
date: 2024-12-18 03:36:29.376411 |Cluster size: 1 |Queue: total=0, avg=0.00, max=1000 | Inflight: total=0, avg=0.00, max=32
Warning: Metrics have no next page
date: 2024-12-18 03:36:39.427444 |Cluster size: 1 |Queue: total=0, avg=0.00, max=1000 | Inflight: total=0, avg=0.00, max=32
Warning: Metrics have no next page
date: 2024-12-18 03:36:49.486545 |Cluster size: 1 |Queue: total=0, avg=0.00, max=1000 | Inflight: total=0, avg=0.00, max=32
Warning: Metrics have no next page
date: 2024-12-18 03:36:59.535736 |Cluster size: 1 |Queue: total=0, avg=0.00, max=1000 | Inflight: total=0, avg=0.00, max=32
Warning: Metrics have no next page
date: 2024-12-18 03:37:09.596402 |Cluster size: 1 |Queue: total=0, avg=0.00, max=1000 | Inflight: total=0, avg=0.00, max=32
Warning: Metrics have no next page
date: 2024-12-18 03:37:19.646210 |Cluster size: 1 |Queue: total=0, avg=0.00, max=1000 | Inflight: total=0, avg=0.00, max=32
Warning: Metrics have no next page
date: 2024-12-18 03:37:29.700977 |Cluster size: 1 |Queue: total=0, avg=0.00, max=1000 | Inflight: total=0, avg=0.00, max=32
Warning: Metrics have no next page
date: 2024-12-18 03:37:39.751975 |Cluster size: 1 |Queue: total=0, avg=0.00, max=1000 | Inflight: total=0, avg=0.00, max=32
Warning: Metrics have no next page
date: 2024-12-18 03:37:49.799861 |Cluster size: 1 |Queue: total=0, avg=0.00, max=1000 | Inflight: total=0, avg=0.00, max=32
Warning: Metrics have no next page
date: 2024-12-18 03:37:59.849354 |Cluster size: 1 |Queue: total=0, avg=0.00, max=1000 | Inflight: total=0, avg=0.00, max=32
Warning: Metrics have no next page
date: 2024-12-18 03:38:09.898970 |Cluster size: 1 |Queue: total=0, avg=0.00, max=1000 | Inflight: total=0, avg=0.00, max=32
Warning: Metrics have no next page
date: 2024-12-18 03:38:19.948215 |Cluster size: 1 |Queue: total=0, avg=0.00, max=1000 | Inflight: total=0, avg=0.00, max=32
Warning: Metrics have no next page
date: 2024-12-18 03:38:30.002538 |Cluster size: 1 |Queue: total=0, avg=0.00, max=1000 | Inflight: total=0, avg=0.00, max=32
Warning: Metrics have no next page
date: 2024-12-18 03:38:40.052857 |Cluster size: 1 |Queue: total=0, avg=0.00, max=1000 | Inflight: total=0, avg=0.00, max=32
Warning: Metrics have no next page
date: 2024-12-18 03:38:50.104966 |Cluster size: 1 |Queue: total=0, avg=0.00, max=1000 | Inflight: total=0, avg=0.00, max=32
Warning: Metrics have no next page
date: 2024-12-18 03:39:00.154175 |Cluster size: 1 |Queue: total=0, avg=0.00, max=1000 | Inflight: total=0, avg=0.00, max=32
Warning: Metrics have no next page
date: 2024-12-18 03:39:10.187828 |Cluster size: 1 |Queue: total=0, avg=0.00, max=1000 | Inflight: total=0, avg=0.00, max=32
Warning: Metrics have no next page
date: 2024-12-18 03:39:20.239847 |Cluster size: 1 |Queue: total=0, avg=0.00, max=1000 | Inflight: total=0, avg=0.00, max=32
Warning: Metrics have no next page
date: 2024-12-18 03:39:30.300326 |Cluster size: 1 |Queue: total=0, avg=0.00, max=1000 | Inflight: total=0, avg=0.00, max=32
Warning: Metrics have no next page
date: 2024-12-18 03:39:40.352114 |Cluster size: 1 |Queue: total=0, avg=0.00, max=1000 | Inflight: total=0, avg=0.00, max=32
Warning: Metrics have no next page
date: 2024-12-18 03:39:50.403223 |Cluster size: 1 |Queue: total=0, avg=0.00, max=1000 | Inflight: total=0, avg=0.00, max=32
Warning: Metrics have no next page
date: 2024-12-18 03:40:00.454366 |Cluster size: 1 |Queue: total=0, avg=0.00, max=1000 | Inflight: total=0, avg=0.00, max=32
Warning: Metrics have no next page
date: 2024-12-18 03:40:10.502455 |Cluster size: 1 |Queue: total=0, avg=0.00, max=1000 | Inflight: total=0, avg=0.00, max=32
Warning: Metrics have no next page
date: 2024-12-18 03:40:20.552782 |Cluster size: 1 |Queue: total=0, avg=0.00, max=1000 | Inflight: total=0, avg=0.00, max=32
Warning: Metrics have no next page
date: 2024-12-18 03:40:30.599400 |Cluster size: 1 |Queue: total=0, avg=0.00, max=1000 | Inflight: total=0, avg=0.00, max=32
Warning: Metrics have no next page
date: 2024-12-18 03:40:40.658300 |Cluster size: 1 |Queue: total=0, avg=0.00, max=1000 | Inflight: total=0, avg=0.00, max=32
Warning: Metrics have no next page
date: 2024-12-18 03:40:50.707596 |Cluster size: 1 |Queue: total=0, avg=0.00, max=1000 | Inflight: total=0, avg=0.00, max=32
Warning: Metrics have no next page
date: 2024-12-18 03:41:00.756404 |Cluster size: 1 |Queue: total=0, avg=0.00, max=1000 | Inflight: total=0, avg=0.00, max=32
Warning: Metrics have no next page
date: 2024-12-18 03:41:10.804868 |Cluster size: 1 |Queue: total=0, avg=0.00, max=1000 | Inflight: total=0, avg=0.00, max=32
Warning: Metrics have no next page
date: 2024-12-18 03:41:20.861497 |Cluster size: 1 |Queue: total=0, avg=0.00, max=1000 | Inflight: total=0, avg=0.00, max=32
Warning: Metrics have no next page
date: 2024-12-18 03:41:30.912115 |Cluster size: 1 |Queue: total=0, avg=0.00, max=1000 | Inflight: total=0, avg=0.00, max=32
Warning: Metrics have no next page
date: 2024-12-18 03:41:40.964524 |Cluster size: 1 |Queue: total=0, avg=0.00, max=1000 | Inflight: total=0, avg=0.00, max=32
Warning: Metrics have no next page
date: 2024-12-18 03:41:51.017173 |Cluster size: 1 |Queue: total=0, avg=0.00, max=1000 | Inflight: total=0, avg=0.00, max=32
Warning: Metrics have no next page
date: 2024-12-18 03:42:01.068581 |Cluster size: 1 |Queue: total=0, avg=0.00, max=1000 | Inflight: total=0, avg=0.00, max=32
Warning: Metrics have no next page
date: 2024-12-18 03:42:11.119695 |Cluster size: 1 |Queue: total=0, avg=0.00, max=1000 | Inflight: total=0, avg=0.00, max=32
Warning: Metrics have no next page
date: 2024-12-18 03:42:21.170113 |Cluster size: 1 |Queue: total=0, avg=0.00, max=1000 | Inflight: total=0, avg=0.00, max=32
Warning: Metrics have no next page
date: 2024-12-18 03:42:31.210643 |Cluster size: 1 |Queue: total=0, avg=0.00, max=1000 | Inflight: total=0, avg=0.00, max=32
Warning: Metrics have no next page
date: 2024-12-18 03:42:41.268829 |Cluster size: 1 |Queue: total=0, avg=0.00, max=1000 | Inflight: total=0, avg=0.00, max=32
Warning: Metrics have no next page
date: 2024-12-18 03:42:51.318497 |Cluster size: 1 |Queue: total=0, avg=0.00, max=1000 | Inflight: total=0, avg=0.00, max=32
Warning: Metrics have no next page
date: 2024-12-18 03:43:01.367210 |Cluster size: 1 |Queue: total=0, avg=0.00, max=1000 | Inflight: total=0, avg=0.00, max=32
Warning: Metrics have no next page
date: 2024-12-18 03:43:11.419109 |Cluster size: 1 |Queue: total=0, avg=0.00, max=1000 | Inflight: total=0, avg=0.00, max=32
Warning: Metrics have no next page
date: 2024-12-18 03:43:21.466281 |Cluster size: 1 |Queue: total=0, avg=0.00, max=1000 | Inflight: total=0, avg=0.00, max=32
Warning: Metrics have no next page
date: 2024-12-18 03:43:31.516087 |Cluster size: 1 |Queue: total=0, avg=0.00, max=1000 | Inflight: total=0, avg=0.00, max=32
Warning: Metrics have no next page
date: 2024-12-18 03:43:41.574832 |Cluster size: 1 |Queue: total=0, avg=0.00, max=1000 | Inflight: total=0, avg=0.00, max=32
Warning: Metrics have no next page
date: 2024-12-18 03:43:51.626432 |Cluster size: 1 |Queue: total=0, avg=0.00, max=1000 | Inflight: total=0, avg=0.00, max=32
Warning: Metrics have no next page
date: 2024-12-18 03:44:01.686203 |Cluster size: 1 |Queue: total=0, avg=0.00, max=1000 | Inflight: total=0, avg=0.00, max=32
Warning: Metrics have no next page
date: 2024-12-18 03:44:11.735197 |Cluster size: 1 |Queue: total=0, avg=0.00, max=1000 | Inflight: total=0, avg=0.00, max=32
Warning: Metrics have no next page
date: 2024-12-18 03:44:21.766702 |Cluster size: 1 |Queue: total=0, avg=0.00, max=1000 | Inflight: total=0, avg=0.00, max=32
Warning: Metrics have no next page
date: 2024-12-18 03:44:31.816345 |Cluster size: 1 |Queue: total=0, avg=0.00, max=1000 | Inflight: total=0, avg=0.00, max=32
Warning: Metrics have no next page
date: 2024-12-18 03:44:41.864488 |Cluster size: 1 |Queue: total=0, avg=0.00, max=1000 | Inflight: total=0, avg=0.00, max=32
Warning: Metrics have no next page
date: 2024-12-18 03:44:51.920205 |Cluster size: 1 |Queue: total=0, avg=0.00, max=1000 | Inflight: total=0, avg=0.00, max=32
Warning: Metrics have no next page
date: 2024-12-18 03:45:01.968664 |Cluster size: 1 |Queue: total=0, avg=0.00, max=1000 | Inflight: total=0, avg=0.00, max=32
Warning: Metrics have no next page
date: 2024-12-18 03:45:12.027268 |Cluster size: 1 |Queue: total=0, avg=0.00, max=1000 | Inflight: total=0, avg=0.00, max=32
Warning: Metrics have no next page
date: 2024-12-18 03:45:22.078152 |Cluster size: 1 |Queue: total=0, avg=0.00, max=1000 | Inflight: total=0, avg=0.00, max=32
Warning: Metrics have no next page
date: 2024-12-18 03:45:32.129399 |Cluster size: 1 |Queue: total=0, avg=0.00, max=1000 | Inflight: total=0, avg=0.00, max=32
Warning: Metrics have no next page
date: 2024-12-18 03:45:42.206896 |Cluster size: 1 |Queue: total=0, avg=0.00, max=1000 | Inflight: total=0, avg=0.00, max=32
Warning: Metrics have no next page
date: 2024-12-18 03:45:52.266369 |Cluster size: 1 |Queue: total=0, avg=0.00, max=1000 | Inflight: total=0, avg=0.00, max=32
Warning: Metrics have no next page
date: 2024-12-18 03:46:02.315832 |Cluster size: 1 |Queue: total=0, avg=0.00, max=1000 | Inflight: total=0, avg=0.00, max=32
Warning: Metrics have no next page
date: 2024-12-18 03:46:12.380435 |Cluster size: 1 |Queue: total=0, avg=0.00, max=1000 | Inflight: total=0, avg=0.00, max=32
Warning: Metrics have no next page
date: 2024-12-18 03:46:22.431161 |Cluster size: 1 |Queue: total=0, avg=0.00, max=1000 | Inflight: total=0, avg=0.00, max=32
Warning: Metrics have no next page
date: 2024-12-18 03:46:32.485550 |Cluster size: 1 |Queue: total=0, avg=0.00, max=1000 | Inflight: total=0, avg=0.00, max=32
Warning: Metrics have no next page
date: 2024-12-18 03:46:42.536676 |Cluster size: 1 |Queue: total=0, avg=0.00, max=1000 | Inflight: total=0, avg=0.00, max=32
Warning: Metrics have no next page
date: 2024-12-18 03:46:52.591741 |Cluster size: 1 |Queue: total=0, avg=0.00, max=1000 | Inflight: total=0, avg=0.00, max=32
Warning: Metrics have no next page
date: 2024-12-18 03:47:02.641867 |Cluster size: 1 |Queue: total=0, avg=0.00, max=1000 | Inflight: total=0, avg=0.00, max=32
Warning: Metrics have no next page
date: 2024-12-18 03:47:12.693800 |Cluster size: 1 |Queue: total=0, avg=0.00, max=1000 | Inflight: total=0, avg=0.00, max=32
Warning: Metrics have no next page
date: 2024-12-18 03:47:22.742645 |Cluster size: 1 |Queue: total=0, avg=0.00, max=1000 | Inflight: total=0, avg=0.00, max=32
