INFO:Starting Version 1.0.5
DEBUG:Using selector: EpollSelector
INFO:Connecting to cluster at: mqtt-quic://emqx-headless.dtwins:14567 using QUIC
INFO:Subscribed to topic: type-3/20
INFO:Subscribed to topic: type-3/21
INFO:Subscribed to topic: type-3/22
INFO:Subscribed to topic: type-3/23
INFO:Subscribed to topic: type-3/24
INFO:Subscribed to topic: type-3/25
INFO:Subscribed to topic: type-3/26
INFO:Subscribed to topic: type-3/27
INFO:Subscribed to topic: type-3/28
INFO:Subscribed to topic: type-3/29
INFO:Logging each: 100
INFO:Unhandled packet type received
INFO:Message received on topic: type-3/20 with payload size: 118 at 2024-12-19 18:40:04.297293 sent 2024-12-19 18:40:04.294618
INFO:Message received on topic: type-3/21 with payload size: 129 at 2024-12-19 18:40:07.579057 sent 2024-12-19 18:40:07.551356
INFO:Message received on topic: type-3/22 with payload size: 100 at 2024-12-19 18:40:10.105955 sent 2024-12-19 18:40:10.099160
INFO:Message received on topic: type-3/22 with payload size: 104 at 2024-12-19 18:40:12.359447 sent 2024-12-19 18:40:12.332812
INFO:Message received on topic: type-3/20 with payload size: 97 at 2024-12-19 18:40:14.398385 sent 2024-12-19 18:40:14.343594
INFO:Message received on topic: type-3/24 with payload size: 129 at 2024-12-19 18:40:16.069629 sent 2024-12-19 18:40:16.036118
INFO:Message received on topic: type-3/24 with payload size: 95 at 2024-12-19 18:40:17.685441 sent 2024-12-19 18:40:17.667908
INFO:Message received on topic: type-3/20 with payload size: 118 at 2024-12-19 18:40:19.159969 sent 2024-12-19 18:40:19.129927
INFO:Message received on topic: type-3/24 with payload size: 130 at 2024-12-19 18:40:20.670159 sent 2024-12-19 18:40:20.608996
INFO:Message received on topic: type-3/25 with payload size: 122 at 2024-12-19 18:40:22.071971 sent 2024-12-19 18:40:21.979715
INFO:Message received on topic: type-3/21 with payload size: 113 at 2024-12-19 18:40:23.292657 sent 2024-12-19 18:40:23.285913
INFO:Message received on topic: type-3/21 with payload size: 104 at 2024-12-19 18:40:24.556765 sent 2024-12-19 18:40:24.503336
INFO:Message received on topic: type-3/28 with payload size: 154 at 2024-12-19 18:40:25.683290 sent 2024-12-19 18:40:25.617993
INFO:Message received on topic: type-3/27 with payload size: 143 at 2024-12-19 18:40:26.798127 sent 2024-12-19 18:40:26.773545
INFO:Message received on topic: type-3/26 with payload size: 125 at 2024-12-19 18:40:27.886472 sent 2024-12-19 18:40:27.722354
INFO:Message received on topic: type-3/28 with payload size: 96 at 2024-12-19 18:40:28.890074 sent 2024-12-19 18:40:28.864373
INFO:Message received on topic: type-3/21 with payload size: 124 at 2024-12-19 18:40:29.895276 sent 2024-12-19 18:40:29.891988
INFO:Message received on topic: type-3/29 with payload size: 95 at 2024-12-19 18:40:30.957137 sent 2024-12-19 18:40:30.913057
INFO:Message received on topic: type-3/25 with payload size: 97 at 2024-12-19 18:40:31.980875 sent 2024-12-19 18:40:31.946516
INFO:Message received on topic: type-3/20 with payload size: 155 at 2024-12-19 18:40:32.998043 sent 2024-12-19 18:40:32.972697
INFO:Message received on topic: type-3/21 with payload size: 142 at 2024-12-19 18:40:34.079902 sent 2024-12-19 18:40:34.050749
INFO:Message received on topic: type-3/23 with payload size: 143 at 2024-12-19 18:40:35.187042 sent 2024-12-19 18:40:34.420723
INFO:Message received on topic: type-3/20 with payload size: 114 at 2024-12-19 18:40:36.087131 sent 2024-12-19 18:40:36.023106
INFO:Message received on topic: type-3/25 with payload size: 140 at 2024-12-19 18:40:37.181400 sent 2024-12-19 18:40:37.025432
INFO:Message received on topic: type-3/23 with payload size: 144 at 2024-12-19 18:40:38.193415 sent 2024-12-19 18:40:38.180134
INFO:Message received on topic: type-3/28 with payload size: 97 at 2024-12-19 18:40:39.180629 sent 2024-12-19 18:40:39.126950
INFO:Message received on topic: type-3/25 with payload size: 114 at 2024-12-19 18:40:40.197783 sent 2024-12-19 18:40:40.168132
INFO:Message received on topic: type-3/25 with payload size: 131 at 2024-12-19 18:40:41.194440 sent 2024-12-19 18:40:41.186661
INFO:Message received on topic: type-3/27 with payload size: 102 at 2024-12-19 18:40:42.270758 sent 2024-12-19 18:40:42.124431
INFO:Message received on topic: type-3/22 with payload size: 94 at 2024-12-19 18:40:43.269902 sent 2024-12-19 18:40:43.221407
INFO:Message received on topic: type-3/27 with payload size: 130 at 2024-12-19 18:40:44.279947 sent 2024-12-19 18:40:44.251441
INFO:Message received on topic: type-3/21 with payload size: 152 at 2024-12-19 18:40:45.354548 sent 2024-12-19 18:40:45.236901
INFO:Message received on topic: type-3/25 with payload size: 140 at 2024-12-19 18:40:46.401976 sent 2024-12-19 18:40:46.371422
INFO:Message received on topic: type-3/21 with payload size: 135 at 2024-12-19 18:40:47.392866 sent 2024-12-19 18:40:47.368437
INFO:Message received on topic: type-3/23 with payload size: 143 at 2024-12-19 18:40:48.497438 sent 2024-12-19 18:40:47.933558
INFO:Message received on topic: type-3/28 with payload size: 119 at 2024-12-19 18:40:49.477982 sent 2024-12-19 18:40:49.396193
INFO:Message received on topic: type-3/20 with payload size: 98 at 2024-12-19 18:40:50.475896 sent 2024-12-19 18:40:50.447393
INFO:Message received on topic: type-3/27 with payload size: 113 at 2024-12-19 18:40:51.665587 sent 2024-12-19 18:40:51.585484
INFO:Message received on topic: type-3/26 with payload size: 108 at 2024-12-19 18:40:52.681023 sent 2024-12-19 18:40:52.237287
INFO:Message received on topic: type-3/22 with payload size: 94 at 2024-12-19 18:40:53.578456 sent 2024-12-19 18:40:53.510635
INFO:Message received on topic: type-3/28 with payload size: 129 at 2024-12-19 18:40:54.701544 sent 2024-12-19 18:40:54.680029
INFO:Message received on topic: type-3/24 with payload size: 152 at 2024-12-19 18:40:55.756072 sent 2024-12-19 18:40:55.693458
INFO:Message received on topic: type-3/23 with payload size: 95 at 2024-12-19 18:40:56.648711 sent 2024-12-19 18:40:56.575432
INFO:Message received on topic: type-3/29 with payload size: 138 at 2024-12-19 18:40:57.747395 sent 2024-12-19 18:40:57.528126
INFO:Message received on topic: type-3/29 with payload size: 153 at 2024-12-19 18:40:58.794444 sent 2024-12-19 18:40:58.757869
INFO:Message received on topic: type-3/26 with payload size: 115 at 2024-12-19 18:40:59.793134 sent 2024-12-19 18:40:59.774656
INFO:Message received on topic: type-3/28 with payload size: 143 at 2024-12-19 18:41:00.784460 sent 2024-12-19 18:41:00.706964
INFO:Message received on topic: type-3/21 with payload size: 143 at 2024-12-19 18:41:01.886492 sent 2024-12-19 18:41:01.805981
INFO:Message received on topic: type-3/27 with payload size: 155 at 2024-12-19 18:41:02.789348 sent 2024-12-19 18:41:02.766174
INFO:Message received on topic: type-3/22 with payload size: 104 at 2024-12-19 18:41:03.806233 sent 2024-12-19 18:41:03.797661
INFO:Message received on topic: type-3/24 with payload size: 128 at 2024-12-19 18:41:04.894157 sent 2024-12-19 18:41:04.856581
INFO:Message received on topic: type-3/26 with payload size: 152 at 2024-12-19 18:41:05.951502 sent 2024-12-19 18:41:05.880586
INFO:Message received on topic: type-3/22 with payload size: 119 at 2024-12-19 18:41:07.001669 sent 2024-12-19 18:41:06.946937
INFO:Message received on topic: type-3/20 with payload size: 139 at 2024-12-19 18:41:08.398762 sent 2024-12-19 18:41:07.227302
INFO:Message received on topic: type-3/28 with payload size: 154 at 2024-12-19 18:41:09.151702 sent 2024-12-19 18:41:07.826381
INFO:Message received on topic: type-3/21 with payload size: 144 at 2024-12-19 18:41:10.004992 sent 2024-12-19 18:41:09.962866
INFO:Message received on topic: type-3/21 with payload size: 125 at 2024-12-19 18:41:11.100663 sent 2024-12-19 18:41:11.089629
INFO:Message received on topic: type-3/26 with payload size: 128 at 2024-12-19 18:41:12.177515 sent 2024-12-19 18:41:12.110015
INFO:Message received on topic: type-3/27 with payload size: 155 at 2024-12-19 18:41:13.392594 sent 2024-12-19 18:41:12.023910
INFO:Message received on topic: type-3/22 with payload size: 112 at 2024-12-19 18:41:14.101415 sent 2024-12-19 18:41:14.079414
INFO:Message received on topic: type-3/21 with payload size: 111 at 2024-12-19 18:41:15.199319 sent 2024-12-19 18:41:15.162625
INFO:Message received on topic: type-3/24 with payload size: 116 at 2024-12-19 18:41:16.191946 sent 2024-12-19 18:41:16.147095
INFO:Message received on topic: type-3/25 with payload size: 128 at 2024-12-19 18:41:17.289340 sent 2024-12-19 18:41:17.223769
INFO:Message received on topic: type-3/24 with payload size: 119 at 2024-12-19 18:41:18.203493 sent 2024-12-19 18:41:18.181085
INFO:Message received on topic: type-3/28 with payload size: 98 at 2024-12-19 18:41:19.355683 sent 2024-12-19 18:41:19.314674
INFO:Message received on topic: type-3/20 with payload size: 117 at 2024-12-19 18:41:20.349317 sent 2024-12-19 18:41:20.257216
INFO:Message received on topic: type-3/23 with payload size: 144 at 2024-12-19 18:41:21.494163 sent 2024-12-19 18:41:21.021075
INFO:Message received on topic: type-3/23 with payload size: 95 at 2024-12-19 18:41:22.447483 sent 2024-12-19 18:41:21.733551
INFO:Message received on topic: type-3/28 with payload size: 104 at 2024-12-19 18:41:23.570529 sent 2024-12-19 18:41:23.484074
INFO:Message received on topic: type-3/26 with payload size: 111 at 2024-12-19 18:41:24.594505 sent 2024-12-19 18:41:24.522526
INFO:Message received on topic: type-3/20 with payload size: 147 at 2024-12-19 18:41:25.757796 sent 2024-12-19 18:41:25.037323
INFO:Message received on topic: type-3/27 with payload size: 112 at 2024-12-19 18:41:26.592622 sent 2024-12-19 18:41:26.506291
INFO:Message received on topic: type-3/27 with payload size: 123 at 2024-12-19 18:41:27.695951 sent 2024-12-19 18:41:27.619927
INFO:Message received on topic: type-3/26 with payload size: 97 at 2024-12-19 18:41:28.570718 sent 2024-12-19 18:41:28.483573
INFO:Message received on topic: type-3/27 with payload size: 118 at 2024-12-19 18:41:29.685543 sent 2024-12-19 18:41:29.646281
INFO:Message received on topic: type-3/23 with payload size: 113 at 2024-12-19 18:41:30.601021 sent 2024-12-19 18:41:30.577834
INFO:Message received on topic: type-3/20 with payload size: 118 at 2024-12-19 18:41:31.790917 sent 2024-12-19 18:41:31.660113
INFO:Message received on topic: type-3/28 with payload size: 97 at 2024-12-19 18:41:32.750848 sent 2024-12-19 18:41:32.654790
INFO:Message received on topic: type-3/25 with payload size: 105 at 2024-12-19 18:41:33.698068 sent 2024-12-19 18:41:33.614529
INFO:Message received on topic: type-3/23 with payload size: 145 at 2024-12-19 18:41:35.095349 sent 2024-12-19 18:41:34.943140
INFO:Message received on topic: type-3/23 with payload size: 103 at 2024-12-19 18:41:35.796119 sent 2024-12-19 18:41:35.760197
INFO:Message received on topic: type-3/23 with payload size: 154 at 2024-12-19 18:41:37.002686 sent 2024-12-19 18:41:36.983582
INFO:Message received on topic: type-3/22 with payload size: 138 at 2024-12-19 18:41:37.792033 sent 2024-12-19 18:41:37.721070
INFO:Message received on topic: type-3/27 with payload size: 128 at 2024-12-19 18:41:38.889617 sent 2024-12-19 18:41:38.809973
INFO:Message received on topic: type-3/26 with payload size: 131 at 2024-12-19 18:41:39.900444 sent 2024-12-19 18:41:39.797906
INFO:Message received on topic: type-3/23 with payload size: 134 at 2024-12-19 18:41:40.950115 sent 2024-12-19 18:41:40.846084
INFO:Message received on topic: type-3/22 with payload size: 117 at 2024-12-19 18:41:42.006513 sent 2024-12-19 18:41:41.887448
INFO:Message received on topic: type-3/28 with payload size: 154 at 2024-12-19 18:41:42.986467 sent 2024-12-19 18:41:42.945496
INFO:Message received on topic: type-3/23 with payload size: 111 at 2024-12-19 18:41:43.983556 sent 2024-12-19 18:41:43.900424
INFO:Message received on topic: type-3/23 with payload size: 140 at 2024-12-19 18:41:45.092303 sent 2024-12-19 18:41:45.024479
INFO:Message received on topic: type-3/20 with payload size: 118 at 2024-12-19 18:41:46.120609 sent 2024-12-19 18:41:46.026643
INFO:Message received on topic: type-3/24 with payload size: 140 at 2024-12-19 18:41:47.180381 sent 2024-12-19 18:41:47.048450
INFO:Message received on topic: type-3/20 with payload size: 150 at 2024-12-19 18:41:48.176515 sent 2024-12-19 18:41:48.061419
INFO:Message received on topic: type-3/29 with payload size: 106 at 2024-12-19 18:41:49.102023 sent 2024-12-19 18:41:49.053309
INFO:Message received on topic: type-3/25 with payload size: 133 at 2024-12-19 18:41:50.200145 sent 2024-12-19 18:41:50.120315
INFO:Message received on topic: type-3/23 with payload size: 98 at 2024-12-19 18:41:51.199377 sent 2024-12-19 18:41:51.151865
INFO:Message received on topic: type-3/24 with payload size: 117 at 2024-12-19 18:41:52.197281 sent 2024-12-19 18:41:52.144931
INFO:Message received on topic: type-3/20 with payload size: 117 at 2024-12-19 18:41:53.248815 sent 2024-12-19 18:41:53.042349
INFO:Message received on topic: type-3/26 with payload size: 143 at 2024-12-19 18:41:54.289213 sent 2024-12-19 18:41:54.260869
INFO:Message received on topic: type-3/27 with payload size: 123 at 2024-12-19 18:41:55.499076 sent 2024-12-19 18:41:55.354284
INFO:Message received on topic: type-3/21 with payload size: 93 at 2024-12-19 18:41:56.308114 sent 2024-12-19 18:41:56.236821
INFO:Message received on topic: type-3/26 with payload size: 93 at 2024-12-19 18:41:57.386255 sent 2024-12-19 18:41:57.317134
INFO:Message received on topic: type-3/27 with payload size: 116 at 2024-12-19 18:41:58.385528 sent 2024-12-19 18:41:58.309155
INFO:Message received on topic: type-3/20 with payload size: 137 at 2024-12-19 18:41:59.396445 sent 2024-12-19 18:41:59.363672
INFO:Message received on topic: type-3/28 with payload size: 120 at 2024-12-19 18:42:00.493011 sent 2024-12-19 18:42:00.450281
INFO:Message received on topic: type-3/23 with payload size: 127 at 2024-12-19 18:42:01.577333 sent 2024-12-19 18:42:01.445334
INFO:Message received on topic: type-3/29 with payload size: 154 at 2024-12-19 18:42:02.593409 sent 2024-12-19 18:42:02.571437
INFO:Message received on topic: type-3/29 with payload size: 154 at 2024-12-19 18:42:03.586351 sent 2024-12-19 18:42:03.493484
INFO:Message received on topic: type-3/24 with payload size: 105 at 2024-12-19 18:42:04.607156 sent 2024-12-19 18:42:04.573726
INFO:Message received on topic: type-3/20 with payload size: 148 at 2024-12-19 18:42:05.673802 sent 2024-12-19 18:42:05.579150
INFO:Message received on topic: type-3/27 with payload size: 120 at 2024-12-19 18:42:06.591516 sent 2024-12-19 18:42:06.555756
INFO:Message received on topic: type-3/23 with payload size: 125 at 2024-12-19 18:42:07.607316 sent 2024-12-19 18:42:07.559310
INFO:Message received on topic: type-3/20 with payload size: 130 at 2024-12-19 18:42:08.711090 sent 2024-12-19 18:42:08.033497
INFO:Message received on topic: type-3/22 with payload size: 153 at 2024-12-19 18:42:09.795173 sent 2024-12-19 18:42:09.722227
INFO:Message received on topic: type-3/29 with payload size: 138 at 2024-12-19 18:42:10.806736 sent 2024-12-19 18:42:10.437105
INFO:Message received on topic: type-3/26 with payload size: 105 at 2024-12-19 18:42:11.699697 sent 2024-12-19 18:42:11.665429
INFO:Message received on topic: type-3/25 with payload size: 136 at 2024-12-19 18:42:12.794314 sent 2024-12-19 18:42:12.628175
INFO:Message received on topic: type-3/26 with payload size: 142 at 2024-12-19 18:42:13.887098 sent 2024-12-19 18:42:13.816640
INFO:Message received on topic: type-3/20 with payload size: 95 at 2024-12-19 18:42:15.160423 sent 2024-12-19 18:42:15.050104
INFO:Message received on topic: type-3/25 with payload size: 152 at 2024-12-19 18:42:16.152428 sent 2024-12-19 18:42:15.990677
INFO:Message received on topic: type-3/29 with payload size: 109 at 2024-12-19 18:42:17.085611 sent 2024-12-19 18:42:16.963839
INFO:Message received on topic: type-3/24 with payload size: 124 at 2024-12-19 18:42:17.907138 sent 2024-12-19 18:42:17.863202
INFO:Message received on topic: type-3/27 with payload size: 116 at 2024-12-19 18:42:18.987076 sent 2024-12-19 18:42:18.893946
INFO:Message received on topic: type-3/27 with payload size: 118 at 2024-12-19 18:42:19.991315 sent 2024-12-19 18:42:19.914571
INFO:Message received on topic: type-3/28 with payload size: 129 at 2024-12-19 18:42:21.098747 sent 2024-12-19 18:42:21.035001
INFO:Message received on topic: type-3/28 with payload size: 120 at 2024-12-19 18:42:22.094982 sent 2024-12-19 18:42:22.052613
INFO:Message received on topic: type-3/20 with payload size: 98 at 2024-12-19 18:42:23.007029 sent 2024-12-19 18:42:22.982593
INFO:Message received on topic: type-3/21 with payload size: 107 at 2024-12-19 18:42:24.205795 sent 2024-12-19 18:42:24.019101
INFO:Message received on topic: type-3/25 with payload size: 100 at 2024-12-19 18:42:25.118195 sent 2024-12-19 18:42:25.037804
INFO:Message received on topic: type-3/27 with payload size: 135 at 2024-12-19 18:42:26.194030 sent 2024-12-19 18:42:26.026392
INFO:Message received on topic: type-3/21 with payload size: 138 at 2024-12-19 18:42:27.197822 sent 2024-12-19 18:42:27.169537
INFO:Message received on topic: type-3/26 with payload size: 139 at 2024-12-19 18:42:28.374693 sent 2024-12-19 18:42:28.294856
INFO:Message received on topic: type-3/28 with payload size: 122 at 2024-12-19 18:42:29.277161 sent 2024-12-19 18:42:29.168073
INFO:Message received on topic: type-3/29 with payload size: 93 at 2024-12-19 18:42:30.293557 sent 2024-12-19 18:42:30.208282
INFO:Message received on topic: type-3/29 with payload size: 136 at 2024-12-19 18:42:31.307209 sent 2024-12-19 18:42:31.025414
INFO:Message received on topic: type-3/28 with payload size: 120 at 2024-12-19 18:42:32.379001 sent 2024-12-19 18:42:32.131411
INFO:Message received on topic: type-3/28 with payload size: 151 at 2024-12-19 18:42:33.486807 sent 2024-12-19 18:42:33.350699
INFO:Message received on topic: type-3/21 with payload size: 92 at 2024-12-19 18:42:34.374488 sent 2024-12-19 18:42:34.302736
INFO:Message received on topic: type-3/24 with payload size: 122 at 2024-12-19 18:42:35.395074 sent 2024-12-19 18:42:35.377169
INFO:Message received on topic: type-3/26 with payload size: 111 at 2024-12-19 18:42:36.490847 sent 2024-12-19 18:42:36.445932
INFO:Message received on topic: type-3/27 with payload size: 136 at 2024-12-19 18:42:37.497214 sent 2024-12-19 18:42:37.425879
INFO:Message received on topic: type-3/29 with payload size: 96 at 2024-12-19 18:42:38.503983 sent 2024-12-19 18:42:38.455848
INFO:Message received on topic: type-3/23 with payload size: 112 at 2024-12-19 18:42:39.493907 sent 2024-12-19 18:42:39.366480
INFO:Message received on topic: type-3/29 with payload size: 130 at 2024-12-19 18:42:40.590300 sent 2024-12-19 18:42:40.507406
INFO:Message received on topic: type-3/29 with payload size: 154 at 2024-12-19 18:42:41.696800 sent 2024-12-19 18:42:41.623347
INFO:Message received on topic: type-3/26 with payload size: 129 at 2024-12-19 18:42:42.689605 sent 2024-12-19 18:42:42.659964
INFO:Message received on topic: type-3/22 with payload size: 107 at 2024-12-19 18:42:43.684098 sent 2024-12-19 18:42:43.534104
INFO:Message received on topic: type-3/21 with payload size: 130 at 2024-12-19 18:42:44.678623 sent 2024-12-19 18:42:44.602136
INFO:Message received on topic: type-3/21 with payload size: 147 at 2024-12-19 18:42:45.715949 sent 2024-12-19 18:42:45.626269
INFO:Message received on topic: type-3/24 with payload size: 135 at 2024-12-19 18:42:46.712514 sent 2024-12-19 18:42:46.691654
INFO:Message received on topic: type-3/24 with payload size: 104 at 2024-12-19 18:42:47.786579 sent 2024-12-19 18:42:47.705321
INFO:Message received on topic: type-3/29 with payload size: 114 at 2024-12-19 18:42:48.796580 sent 2024-12-19 18:42:48.743640
INFO:Message received on topic: type-3/22 with payload size: 104 at 2024-12-19 18:42:49.806790 sent 2024-12-19 18:42:49.741923
INFO:Message received on topic: type-3/20 with payload size: 140 at 2024-12-19 18:42:50.850009 sent 2024-12-19 18:42:50.779563
INFO:Message received on topic: type-3/28 with payload size: 111 at 2024-12-19 18:42:51.914793 sent 2024-12-19 18:42:51.817976
INFO:Message received on topic: type-3/22 with payload size: 102 at 2024-12-19 18:42:53.048935 sent 2024-12-19 18:42:52.992951
INFO:Message received on topic: type-3/29 with payload size: 133 at 2024-12-19 18:42:53.980558 sent 2024-12-19 18:42:53.830143
INFO:Message received on topic: type-3/27 with payload size: 98 at 2024-12-19 18:42:54.995066 sent 2024-12-19 18:42:54.842901
INFO:Message received on topic: type-3/22 with payload size: 106 at 2024-12-19 18:42:56.001584 sent 2024-12-19 18:42:55.434884
INFO:Message received on topic: type-3/26 with payload size: 155 at 2024-12-19 18:42:57.101849 sent 2024-12-19 18:42:57.055615
INFO:Message received on topic: type-3/28 with payload size: 141 at 2024-12-19 18:42:58.005229 sent 2024-12-19 18:42:57.944328
INFO:Message received on topic: type-3/27 with payload size: 144 at 2024-12-19 18:42:59.093980 sent 2024-12-19 18:42:59.016291
INFO:Message received on topic: type-3/24 with payload size: 142 at 2024-12-19 18:43:00.087929 sent 2024-12-19 18:43:00.013159
INFO:Message received on topic: type-3/24 with payload size: 151 at 2024-12-19 18:43:01.108388 sent 2024-12-19 18:43:01.033038
INFO:Message received on topic: type-3/23 with payload size: 118 at 2024-12-19 18:43:02.183973 sent 2024-12-19 18:43:02.108908
INFO:Message received on topic: type-3/23 with payload size: 144 at 2024-12-19 18:43:03.192948 sent 2024-12-19 18:43:03.123421
INFO:Message received on topic: type-3/23 with payload size: 108 at 2024-12-19 18:43:04.198165 sent 2024-12-19 18:43:04.138297
INFO:Message received on topic: type-3/21 with payload size: 120 at 2024-12-19 18:43:05.290169 sent 2024-12-19 18:43:05.194010
INFO:Message received on topic: type-3/23 with payload size: 111 at 2024-12-19 18:43:06.302293 sent 2024-12-19 18:43:06.282847
INFO:Message received on topic: type-3/23 with payload size: 92 at 2024-12-19 18:43:07.387620 sent 2024-12-19 18:43:07.312610
INFO:Message received on topic: type-3/22 with payload size: 130 at 2024-12-19 18:43:08.384078 sent 2024-12-19 18:43:08.364768
INFO:Message received on topic: type-3/26 with payload size: 100 at 2024-12-19 18:43:09.473514 sent 2024-12-19 18:43:09.387734
INFO:Message received on topic: type-3/29 with payload size: 122 at 2024-12-19 18:43:10.395369 sent 2024-12-19 18:43:10.322801
INFO:Message received on topic: type-3/23 with payload size: 99 at 2024-12-19 18:43:11.506062 sent 2024-12-19 18:43:11.485322
INFO:Message received on topic: type-3/23 with payload size: 125 at 2024-12-19 18:43:12.492811 sent 2024-12-19 18:43:12.411674
INFO:Message received on topic: type-3/28 with payload size: 145 at 2024-12-19 18:43:13.487510 sent 2024-12-19 18:43:13.438526
INFO:Message received on topic: type-3/29 with payload size: 118 at 2024-12-19 18:43:14.506452 sent 2024-12-19 18:43:14.490848
INFO:Message received on topic: type-3/29 with payload size: 118 at 2024-12-19 18:43:15.592096 sent 2024-12-19 18:43:15.514035
INFO:Message received on topic: type-3/26 with payload size: 116 at 2024-12-19 18:43:16.596641 sent 2024-12-19 18:43:16.526526
INFO:Message received on topic: type-3/22 with payload size: 110 at 2024-12-19 18:43:17.698631 sent 2024-12-19 18:43:17.545889
INFO:Message received on topic: type-3/25 with payload size: 96 at 2024-12-19 18:43:18.599411 sent 2024-12-19 18:43:18.567421
INFO:Message received on topic: type-3/27 with payload size: 152 at 2024-12-19 18:43:19.693462 sent 2024-12-19 18:43:19.665620
INFO:Message received on topic: type-3/24 with payload size: 108 at 2024-12-19 18:43:20.699938 sent 2024-12-19 18:43:20.621840
INFO:Message received on topic: type-3/25 with payload size: 139 at 2024-12-19 18:43:21.701640 sent 2024-12-19 18:43:21.537875
INFO:Message received on topic: type-3/22 with payload size: 154 at 2024-12-19 18:43:22.704976 sent 2024-12-19 18:43:22.641645
INFO:Message received on topic: type-3/23 with payload size: 145 at 2024-12-19 18:43:23.778071 sent 2024-12-19 18:43:23.711057
INFO:Message received on topic: type-3/27 with payload size: 100 at 2024-12-19 18:43:24.800971 sent 2024-12-19 18:43:24.768151
INFO:Message received on topic: type-3/25 with payload size: 130 at 2024-12-19 18:43:25.896029 sent 2024-12-19 18:43:25.812681
INFO:Message received on topic: type-3/27 with payload size: 133 at 2024-12-19 18:43:26.880492 sent 2024-12-19 18:43:26.816385
INFO:Message received on topic: type-3/26 with payload size: 153 at 2024-12-19 18:43:27.892442 sent 2024-12-19 18:43:27.828436
INFO:Message received on topic: type-3/27 with payload size: 113 at 2024-12-19 18:43:28.949902 sent 2024-12-19 18:43:28.846861
INFO:Message received on topic: type-3/25 with payload size: 115 at 2024-12-19 18:43:29.906819 sent 2024-12-19 18:43:29.871631
INFO:Message received on topic: type-3/28 with payload size: 103 at 2024-12-19 18:43:31.086647 sent 2024-12-19 18:43:30.740002
INFO:Message received on topic: type-3/20 with payload size: 100 at 2024-12-19 18:43:32.002099 sent 2024-12-19 18:43:31.932516
INFO:Message received on topic: type-3/22 with payload size: 149 at 2024-12-19 18:43:33.012433 sent 2024-12-19 18:43:32.638362
INFO:Message received on topic: type-3/26 with payload size: 111 at 2024-12-19 18:43:34.077433 sent 2024-12-19 18:43:33.935264
INFO:Message received on topic: type-3/27 with payload size: 96 at 2024-12-19 18:43:35.091055 sent 2024-12-19 18:43:35.058705
INFO:Message received on topic: type-3/21 with payload size: 139 at 2024-12-19 18:43:36.191293 sent 2024-12-19 18:43:35.839907
INFO:Message received on topic: type-3/28 with payload size: 155 at 2024-12-19 18:43:37.189660 sent 2024-12-19 18:43:37.160611
INFO:Message received on topic: type-3/21 with payload size: 96 at 2024-12-19 18:43:38.194521 sent 2024-12-19 18:43:38.170410
INFO:Message received on topic: type-3/23 with payload size: 106 at 2024-12-19 18:43:39.207223 sent 2024-12-19 18:43:39.181608
INFO:Message received on topic: type-3/24 with payload size: 112 at 2024-12-19 18:43:40.288660 sent 2024-12-19 18:43:40.277060
INFO:Message received on topic: type-3/20 with payload size: 98 at 2024-12-19 18:43:41.287212 sent 2024-12-19 18:43:41.203675
INFO:Message received on topic: type-3/23 with payload size: 107 at 2024-12-19 18:43:42.288681 sent 2024-12-19 18:43:42.243486
INFO:Message received on topic: type-3/29 with payload size: 140 at 2024-12-19 18:43:43.305263 sent 2024-12-19 18:43:43.281184
INFO:Message received on topic: type-3/20 with payload size: 113 at 2024-12-19 18:43:44.398500 sent 2024-12-19 18:43:44.148637
INFO:Message received on topic: type-3/21 with payload size: 131 at 2024-12-19 18:43:45.484175 sent 2024-12-19 18:43:45.422508
INFO:Message received on topic: type-3/26 with payload size: 144 at 2024-12-19 18:43:46.398936 sent 2024-12-19 18:43:46.352813
INFO:Message received on topic: type-3/25 with payload size: 93 at 2024-12-19 18:43:47.478971 sent 2024-12-19 18:43:47.411971
INFO:Message received on topic: type-3/29 with payload size: 108 at 2024-12-19 18:43:48.470362 sent 2024-12-19 18:43:48.400337
INFO:Message received on topic: type-3/26 with payload size: 136 at 2024-12-19 18:43:49.588744 sent 2024-12-19 18:43:49.528654
INFO:Message received on topic: type-3/23 with payload size: 146 at 2024-12-19 18:43:50.505496 sent 2024-12-19 18:43:50.484808
INFO:Message received on topic: type-3/24 with payload size: 137 at 2024-12-19 18:43:51.500063 sent 2024-12-19 18:43:51.474800
INFO:Message received on topic: type-3/28 with payload size: 106 at 2024-12-19 18:43:52.601440 sent 2024-12-19 18:43:52.529452
INFO:Message received on topic: type-3/24 with payload size: 91 at 2024-12-19 18:43:53.595963 sent 2024-12-19 18:43:53.523645
INFO:Message received on topic: type-3/26 with payload size: 152 at 2024-12-19 18:43:54.998988 sent 2024-12-19 18:43:54.834556
INFO:Message received on topic: type-3/20 with payload size: 126 at 2024-12-19 18:43:55.712330 sent 2024-12-19 18:43:55.543164
INFO:Message received on topic: type-3/22 with payload size: 119 at 2024-12-19 18:43:57.096921 sent 2024-12-19 18:43:56.866885
INFO:Message received on topic: type-3/24 with payload size: 127 at 2024-12-19 18:43:57.899117 sent 2024-12-19 18:43:57.885473
INFO:Message received on topic: type-3/27 with payload size: 121 at 2024-12-19 18:43:58.998209 sent 2024-12-19 18:43:57.858611
INFO:Message received on topic: type-3/22 with payload size: 135 at 2024-12-19 18:43:59.992465 sent 2024-12-19 18:43:59.920148
INFO:Message received on topic: type-3/28 with payload size: 142 at 2024-12-19 18:44:01.277979 sent 2024-12-19 18:43:59.546913
INFO:Message received on topic: type-3/29 with payload size: 128 at 2024-12-19 18:44:02.380850 sent 2024-12-19 18:44:01.846847
INFO:Message received on topic: type-3/25 with payload size: 131 at 2024-12-19 18:44:03.175657 sent 2024-12-19 18:44:02.763333
INFO:Message received on topic: type-3/21 with payload size: 143 at 2024-12-19 18:44:03.898715 sent 2024-12-19 18:44:03.742503
INFO:Message received on topic: type-3/20 with payload size: 133 at 2024-12-19 18:44:04.993122 sent 2024-12-19 18:44:04.907633
INFO:Message received on topic: type-3/24 with payload size: 122 at 2024-12-19 18:44:06.211137 sent 2024-12-19 18:44:06.138407
INFO:Message received on topic: type-3/27 with payload size: 132 at 2024-12-19 18:44:07.185276 sent 2024-12-19 18:44:06.840660
INFO:Message received on topic: type-3/24 with payload size: 135 at 2024-12-19 18:44:08.504871 sent 2024-12-19 18:44:08.062702
INFO:Message received on topic: type-3/26 with payload size: 124 at 2024-12-19 18:44:09.474087 sent 2024-12-19 18:44:07.342573
INFO:Message received on topic: type-3/28 with payload size: 115 at 2024-12-19 18:44:10.122522 sent 2024-12-19 18:44:10.037146
INFO:Message received on topic: type-3/21 with payload size: 153 at 2024-12-19 18:44:11.521020 sent 2024-12-19 18:44:09.437855
INFO:Message received on topic: type-3/29 with payload size: 108 at 2024-12-19 18:44:12.428481 sent 2024-12-19 18:44:12.242527
INFO:Message received on topic: type-3/25 with payload size: 147 at 2024-12-19 18:44:13.579331 sent 2024-12-19 18:44:13.162588
INFO:Message received on topic: type-3/24 with payload size: 141 at 2024-12-19 18:44:14.508547 sent 2024-12-19 18:44:14.481004
INFO:Message received on topic: type-3/21 with payload size: 143 at 2024-12-19 18:44:15.272645 sent 2024-12-19 18:44:15.037914
INFO:Message received on topic: type-3/28 with payload size: 94 at 2024-12-19 18:44:16.504342 sent 2024-12-19 18:44:15.532924
INFO:Message received on topic: type-3/24 with payload size: 135 at 2024-12-19 18:44:17.531150 sent 2024-12-19 18:44:16.750183
INFO:Message received on topic: type-3/20 with payload size: 150 at 2024-12-19 18:44:18.398741 sent 2024-12-19 18:44:18.342315
INFO:Message received on topic: type-3/24 with payload size: 129 at 2024-12-19 18:44:19.382634 sent 2024-12-19 18:44:19.297329
INFO:Message received on topic: type-3/29 with payload size: 136 at 2024-12-19 18:44:20.402469 sent 2024-12-19 18:44:20.392045
INFO:Message received on topic: type-3/29 with payload size: 105 at 2024-12-19 18:44:21.389279 sent 2024-12-19 18:44:21.319597
INFO:Message received on topic: type-3/21 with payload size: 147 at 2024-12-19 18:44:23.011786 sent 2024-12-19 18:44:22.056792
INFO:Message received on topic: type-3/23 with payload size: 132 at 2024-12-19 18:44:23.786199 sent 2024-12-19 18:44:22.858442
INFO:Message received on topic: type-3/28 with payload size: 148 at 2024-12-19 18:44:24.796074 sent 2024-12-19 18:44:24.710385
INFO:Message received on topic: type-3/29 with payload size: 112 at 2024-12-19 18:44:25.599992 sent 2024-12-19 18:44:25.585833
INFO:Message received on topic: type-3/27 with payload size: 104 at 2024-12-19 18:44:26.782638 sent 2024-12-19 18:44:26.726101
INFO:Message received on topic: type-3/26 with payload size: 98 at 2024-12-19 18:44:28.311369 sent 2024-12-19 18:44:28.288867
INFO:Message received on topic: type-3/22 with payload size: 142 at 2024-12-19 18:44:29.274791 sent 2024-12-19 18:44:26.939898
INFO:Message received on topic: type-3/27 with payload size: 100 at 2024-12-19 18:44:30.003549 sent 2024-12-19 18:44:29.363689
INFO:Message received on topic: type-3/20 with payload size: 137 at 2024-12-19 18:44:30.615091 sent 2024-12-19 18:44:30.571556
INFO:Message received on topic: type-3/22 with payload size: 112 at 2024-12-19 18:44:31.786810 sent 2024-12-19 18:44:31.725581
INFO:Message received on topic: type-3/24 with payload size: 129 at 2024-12-19 18:44:32.799617 sent 2024-12-19 18:44:32.462748
INFO:Message received on topic: type-3/24 with payload size: 122 at 2024-12-19 18:44:34.105695 sent 2024-12-19 18:44:34.092045
INFO:Message received on topic: type-3/24 with payload size: 154 at 2024-12-19 18:44:35.190778 sent 2024-12-19 18:44:35.118423
INFO:Message received on topic: type-3/29 with payload size: 153 at 2024-12-19 18:44:36.091709 sent 2024-12-19 18:44:34.851915
INFO:Message received on topic: type-3/27 with payload size: 93 at 2024-12-19 18:44:37.107863 sent 2024-12-19 18:44:37.014640
INFO:Message received on topic: type-3/27 with payload size: 120 at 2024-12-19 18:44:38.315475 sent 2024-12-19 18:44:38.239079
INFO:Message received on topic: type-3/21 with payload size: 146 at 2024-12-19 18:44:39.096749 sent 2024-12-19 18:44:39.073923
INFO:Message received on topic: type-3/23 with payload size: 95 at 2024-12-19 18:44:40.191870 sent 2024-12-19 18:44:38.848644
INFO:Message received on topic: type-3/27 with payload size: 107 at 2024-12-19 18:44:41.104117 sent 2024-12-19 18:44:41.088449
INFO:Message received on topic: type-3/22 with payload size: 124 at 2024-12-19 18:44:42.211041 sent 2024-12-19 18:44:42.119457
INFO:Message received on topic: type-3/27 with payload size: 98 at 2024-12-19 18:44:43.372816 sent 2024-12-19 18:44:43.236219
INFO:Message received on topic: type-3/26 with payload size: 144 at 2024-12-19 18:44:44.381544 sent 2024-12-19 18:44:44.268095
INFO:Message received on topic: type-3/26 with payload size: 121 at 2024-12-19 18:44:45.309943 sent 2024-12-19 18:44:45.286496
INFO:Message received on topic: type-3/28 with payload size: 126 at 2024-12-19 18:44:46.195736 sent 2024-12-19 18:44:46.093027
INFO:Message received on topic: type-3/27 with payload size: 155 at 2024-12-19 18:44:47.284335 sent 2024-12-19 18:44:47.212336
INFO:Message received on topic: type-3/22 with payload size: 117 at 2024-12-19 18:44:48.306909 sent 2024-12-19 18:44:48.130405
INFO:Message received on topic: type-3/21 with payload size: 123 at 2024-12-19 18:44:49.575226 sent 2024-12-19 18:44:49.061180
INFO:Message received on topic: type-3/29 with payload size: 95 at 2024-12-19 18:44:50.780809 sent 2024-12-19 18:44:50.633009
INFO:Message received on topic: type-3/26 with payload size: 115 at 2024-12-19 18:44:51.406675 sent 2024-12-19 18:44:51.394511
INFO:Message received on topic: type-3/22 with payload size: 141 at 2024-12-19 18:44:52.515907 sent 2024-12-19 18:44:52.497500
INFO:Message received on topic: type-3/20 with payload size: 129 at 2024-12-19 18:44:53.314903 sent 2024-12-19 18:44:53.280283
INFO:Message received on topic: type-3/23 with payload size: 113 at 2024-12-19 18:44:54.696085 sent 2024-12-19 18:44:54.627647
INFO:Message received on topic: type-3/25 with payload size: 99 at 2024-12-19 18:44:55.708863 sent 2024-12-19 18:44:55.688418
INFO:Message received on topic: type-3/24 with payload size: 117 at 2024-12-19 18:44:56.591006 sent 2024-12-19 18:44:56.525556
INFO:Message received on topic: type-3/26 with payload size: 112 at 2024-12-19 18:44:57.573544 sent 2024-12-19 18:44:57.512890
INFO:Message received on topic: type-3/21 with payload size: 130 at 2024-12-19 18:44:58.695651 sent 2024-12-19 18:44:58.628417
INFO:Message received on topic: type-3/27 with payload size: 120 at 2024-12-19 18:44:59.697850 sent 2024-12-19 18:44:59.614782
INFO:Message received on topic: type-3/24 with payload size: 109 at 2024-12-19 18:45:00.880810 sent 2024-12-19 18:45:00.808783
INFO:Message received on topic: type-3/26 with payload size: 133 at 2024-12-19 18:45:01.698318 sent 2024-12-19 18:45:01.677875
INFO:Message received on topic: type-3/23 with payload size: 93 at 2024-12-19 18:45:02.587041 sent 2024-12-19 18:45:02.359156
INFO:Message received on topic: type-3/20 with payload size: 104 at 2024-12-19 18:45:03.511079 sent 2024-12-19 18:45:03.501997
INFO:Message received on topic: type-3/27 with payload size: 138 at 2024-12-19 18:45:04.683361 sent 2024-12-19 18:45:04.607216
INFO:Message received on topic: type-3/21 with payload size: 111 at 2024-12-19 18:45:05.709678 sent 2024-12-19 18:45:05.139375
INFO:Message received on topic: type-3/21 with payload size: 115 at 2024-12-19 18:45:06.886180 sent 2024-12-19 18:45:06.255373
INFO:Message received on topic: type-3/24 with payload size: 143 at 2024-12-19 18:45:07.697123 sent 2024-12-19 18:45:07.626533
INFO:Message received on topic: type-3/23 with payload size: 151 at 2024-12-19 18:45:08.985968 sent 2024-12-19 18:45:08.969919
INFO:Message received on topic: type-3/26 with payload size: 131 at 2024-12-19 18:45:09.897129 sent 2024-12-19 18:45:09.830564
INFO:Message received on topic: type-3/27 with payload size: 125 at 2024-12-19 18:45:10.995465 sent 2024-12-19 18:45:10.926985
INFO:Message received on topic: type-3/29 with payload size: 144 at 2024-12-19 18:45:11.795442 sent 2024-12-19 18:45:11.721206
INFO:Message received on topic: type-3/24 with payload size: 133 at 2024-12-19 18:45:12.904544 sent 2024-12-19 18:45:12.835168
INFO:Message received on topic: type-3/24 with payload size: 126 at 2024-12-19 18:45:14.071589 sent 2024-12-19 18:45:13.949810
INFO:Message received on topic: type-3/24 with payload size: 136 at 2024-12-19 18:45:15.012947 sent 2024-12-19 18:45:14.964869
INFO:Message received on topic: type-3/23 with payload size: 129 at 2024-12-19 18:45:15.988148 sent 2024-12-19 18:45:15.912520
INFO:Message received on topic: type-3/28 with payload size: 122 at 2024-12-19 18:45:17.314213 sent 2024-12-19 18:45:17.239274
INFO:Message received on topic: type-3/27 with payload size: 102 at 2024-12-19 18:45:18.194561 sent 2024-12-19 18:45:18.052152
INFO:Message received on topic: type-3/23 with payload size: 148 at 2024-12-19 18:45:19.402491 sent 2024-12-19 18:45:17.847449
INFO:Message received on topic: type-3/27 with payload size: 146 at 2024-12-19 18:45:20.271171 sent 2024-12-19 18:45:20.198737
INFO:Message received on topic: type-3/20 with payload size: 124 at 2024-12-19 18:45:21.099540 sent 2024-12-19 18:45:21.025981
INFO:Message received on topic: type-3/26 with payload size: 116 at 2024-12-19 18:45:22.699565 sent 2024-12-19 18:45:21.452887
INFO:Message received on topic: type-3/23 with payload size: 131 at 2024-12-19 18:45:23.505395 sent 2024-12-19 18:45:22.759073
INFO:Message received on topic: type-3/23 with payload size: 111 at 2024-12-19 18:45:24.227638 sent 2024-12-19 18:45:24.084942
INFO:Message received on topic: type-3/27 with payload size: 127 at 2024-12-19 18:45:25.283752 sent 2024-12-19 18:45:25.190704
INFO:Message received on topic: type-3/26 with payload size: 148 at 2024-12-19 18:45:26.219103 sent 2024-12-19 18:45:26.138945
INFO:Message received on topic: type-3/28 with payload size: 98 at 2024-12-19 18:45:27.395285 sent 2024-12-19 18:45:27.238197
INFO:Message received on topic: type-3/21 with payload size: 106 at 2024-12-19 18:45:28.199702 sent 2024-12-19 18:45:28.136354
INFO:Message received on topic: type-3/26 with payload size: 123 at 2024-12-19 18:45:29.273800 sent 2024-12-19 18:45:29.207938
INFO:Message received on topic: type-3/20 with payload size: 147 at 2024-12-19 18:45:30.310496 sent 2024-12-19 18:45:30.272096
INFO:Message received on topic: type-3/24 with payload size: 143 at 2024-12-19 18:45:31.416229 sent 2024-12-19 18:45:31.376216
INFO:Message received on topic: type-3/28 with payload size: 148 at 2024-12-19 18:45:32.396620 sent 2024-12-19 18:45:32.228311
INFO:Message received on topic: type-3/22 with payload size: 104 at 2024-12-19 18:45:33.497360 sent 2024-12-19 18:45:33.141285
INFO:Message received on topic: type-3/21 with payload size: 134 at 2024-12-19 18:45:34.493961 sent 2024-12-19 18:45:34.451269
INFO:Message received on topic: type-3/28 with payload size: 149 at 2024-12-19 18:45:35.405205 sent 2024-12-19 18:45:35.371629
INFO:Message received on topic: type-3/27 with payload size: 142 at 2024-12-19 18:45:36.494555 sent 2024-12-19 18:45:36.473955
INFO:Message received on topic: type-3/26 with payload size: 143 at 2024-12-19 18:45:37.597386 sent 2024-12-19 18:45:37.554648
INFO:Message received on topic: type-3/28 with payload size: 135 at 2024-12-19 18:45:38.504793 sent 2024-12-19 18:45:38.427429
INFO:Message received on topic: type-3/29 with payload size: 94 at 2024-12-19 18:45:39.980058 sent 2024-12-19 18:45:39.905591
INFO:Message received on topic: type-3/29 with payload size: 103 at 2024-12-19 18:45:40.702440 sent 2024-12-19 18:45:40.619764
INFO:Message received on topic: type-3/24 with payload size: 145 at 2024-12-19 18:45:41.682909 sent 2024-12-19 18:45:41.365034
INFO:Message received on topic: type-3/22 with payload size: 106 at 2024-12-19 18:45:42.780162 sent 2024-12-19 18:45:42.701208
INFO:Message received on topic: type-3/24 with payload size: 144 at 2024-12-19 18:45:44.001002 sent 2024-12-19 18:45:43.922637
INFO:Message received on topic: type-3/25 with payload size: 115 at 2024-12-19 18:45:45.027222 sent 2024-12-19 18:45:44.662781
INFO:Message received on topic: type-3/26 with payload size: 123 at 2024-12-19 18:45:46.283276 sent 2024-12-19 18:45:46.209570
INFO:Message received on topic: type-3/27 with payload size: 134 at 2024-12-19 18:45:47.204035 sent 2024-12-19 18:45:47.183109
INFO:Message received on topic: type-3/25 with payload size: 155 at 2024-12-19 18:45:47.796583 sent 2024-12-19 18:45:47.730513
INFO:Message received on topic: type-3/25 with payload size: 118 at 2024-12-19 18:45:49.120037 sent 2024-12-19 18:45:49.046907
INFO:Message received on topic: type-3/27 with payload size: 148 at 2024-12-19 18:45:50.112337 sent 2024-12-19 18:45:49.934063
INFO:Message received on topic: type-3/25 with payload size: 150 at 2024-12-19 18:45:51.011810 sent 2024-12-19 18:45:50.979164
INFO:Message received on topic: type-3/27 with payload size: 120 at 2024-12-19 18:45:52.381421 sent 2024-12-19 18:45:51.559204
INFO:Message received on topic: type-3/24 with payload size: 151 at 2024-12-19 18:45:52.991452 sent 2024-12-19 18:45:52.464286
INFO:Message received on topic: type-3/26 with payload size: 100 at 2024-12-19 18:45:54.192983 sent 2024-12-19 18:45:54.171952
INFO:Message received on topic: type-3/27 with payload size: 120 at 2024-12-19 18:45:55.404079 sent 2024-12-19 18:45:55.337968
INFO:Message received on topic: type-3/22 with payload size: 125 at 2024-12-19 18:45:56.384503 sent 2024-12-19 18:45:56.250166
INFO:Message received on topic: type-3/28 with payload size: 138 at 2024-12-19 18:45:57.204521 sent 2024-12-19 18:45:57.187937
INFO:Message received on topic: type-3/21 with payload size: 110 at 2024-12-19 18:45:58.104173 sent 2024-12-19 18:45:58.080345
INFO:Message received on topic: type-3/24 with payload size: 139 at 2024-12-19 18:45:59.114013 sent 2024-12-19 18:45:59.077836
INFO:Message received on topic: type-3/24 with payload size: 94 at 2024-12-19 18:46:00.183065 sent 2024-12-19 18:46:00.108660
INFO:Message received on topic: type-3/24 with payload size: 96 at 2024-12-19 18:46:01.189673 sent 2024-12-19 18:46:01.132926
INFO:Message received on topic: type-3/27 with payload size: 108 at 2024-12-19 18:46:02.194231 sent 2024-12-19 18:46:02.174355
INFO:Message received on topic: type-3/24 with payload size: 92 at 2024-12-19 18:46:03.200478 sent 2024-12-19 18:46:03.169646
INFO:Message received on topic: type-3/28 with payload size: 117 at 2024-12-19 18:46:04.304076 sent 2024-12-19 18:46:04.221722
INFO:Message received on topic: type-3/20 with payload size: 111 at 2024-12-19 18:46:05.311691 sent 2024-12-19 18:46:05.251794
INFO:Message received on topic: type-3/20 with payload size: 117 at 2024-12-19 18:46:06.312810 sent 2024-12-19 18:46:06.267011
INFO:Message received on topic: type-3/26 with payload size: 119 at 2024-12-19 18:46:07.346307 sent 2024-12-19 18:46:07.143403
INFO:Message received on topic: type-3/20 with payload size: 155 at 2024-12-19 18:46:08.388842 sent 2024-12-19 18:46:08.313066
INFO:Message received on topic: type-3/26 with payload size: 151 at 2024-12-19 18:46:09.607069 sent 2024-12-19 18:46:09.474472
INFO:Message received on topic: type-3/22 with payload size: 98 at 2024-12-19 18:46:10.503408 sent 2024-12-19 18:46:10.423438
INFO:Message received on topic: type-3/21 with payload size: 102 at 2024-12-19 18:46:11.489472 sent 2024-12-19 18:46:11.451521
INFO:Message received on topic: type-3/22 with payload size: 124 at 2024-12-19 18:46:12.496072 sent 2024-12-19 18:46:12.452877
INFO:Message received on topic: type-3/22 with payload size: 153 at 2024-12-19 18:46:13.497210 sent 2024-12-19 18:46:13.469022
INFO:Message received on topic: type-3/27 with payload size: 135 at 2024-12-19 18:46:14.587691 sent 2024-12-19 18:46:14.513062
INFO:Message received on topic: type-3/23 with payload size: 101 at 2024-12-19 18:46:15.687368 sent 2024-12-19 18:46:15.616312
INFO:Message received on topic: type-3/27 with payload size: 98 at 2024-12-19 18:46:16.698340 sent 2024-12-19 18:46:16.339464
INFO:Message received on topic: type-3/22 with payload size: 143 at 2024-12-19 18:46:17.694641 sent 2024-12-19 18:46:17.241317
INFO:Message received on topic: type-3/26 with payload size: 130 at 2024-12-19 18:46:18.687062 sent 2024-12-19 18:46:18.542794
INFO:Message received on topic: type-3/20 with payload size: 94 at 2024-12-19 18:46:19.704295 sent 2024-12-19 18:46:19.628812
INFO:Message received on topic: type-3/24 with payload size: 128 at 2024-12-19 18:46:20.789177 sent 2024-12-19 18:46:20.715305
INFO:Message received on topic: type-3/23 with payload size: 137 at 2024-12-19 18:46:21.906327 sent 2024-12-19 18:46:21.819495
INFO:Message received on topic: type-3/27 with payload size: 152 at 2024-12-19 18:46:22.796336 sent 2024-12-19 18:46:22.759225
INFO:Message received on topic: type-3/29 with payload size: 131 at 2024-12-19 18:46:23.804261 sent 2024-12-19 18:46:23.714980
INFO:Message received on topic: type-3/25 with payload size: 116 at 2024-12-19 18:46:24.893162 sent 2024-12-19 18:46:24.811782
INFO:Message received on topic: type-3/21 with payload size: 109 at 2024-12-19 18:46:25.889111 sent 2024-12-19 18:46:25.810606
INFO:Message received on topic: type-3/20 with payload size: 113 at 2024-12-19 18:46:26.908286 sent 2024-12-19 18:46:26.870908
INFO:Message received on topic: type-3/20 with payload size: 134 at 2024-12-19 18:46:28.080929 sent 2024-12-19 18:46:27.897842
INFO:Message received on topic: type-3/23 with payload size: 138 at 2024-12-19 18:46:28.996408 sent 2024-12-19 18:46:28.827871
INFO:Message received on topic: type-3/20 with payload size: 127 at 2024-12-19 18:46:30.059066 sent 2024-12-19 18:46:29.834591
INFO:Message received on topic: type-3/22 with payload size: 132 at 2024-12-19 18:46:31.004387 sent 2024-12-19 18:46:30.979617
INFO:Message received on topic: type-3/23 with payload size: 93 at 2024-12-19 18:46:32.069703 sent 2024-12-19 18:46:31.982736
INFO:Message received on topic: type-3/22 with payload size: 105 at 2024-12-19 18:46:33.194513 sent 2024-12-19 18:46:32.722411
INFO:Message received on topic: type-3/26 with payload size: 101 at 2024-12-19 18:46:34.099346 sent 2024-12-19 18:46:34.036224
INFO:Message received on topic: type-3/24 with payload size: 120 at 2024-12-19 18:46:35.292226 sent 2024-12-19 18:46:35.205443
INFO:Message received on topic: type-3/21 with payload size: 155 at 2024-12-19 18:46:36.188493 sent 2024-12-19 18:46:36.108545
INFO:Message received on topic: type-3/28 with payload size: 102 at 2024-12-19 18:46:37.298283 sent 2024-12-19 18:46:37.124906
INFO:Message received on topic: type-3/21 with payload size: 137 at 2024-12-19 18:46:38.455886 sent 2024-12-19 18:46:38.034445
INFO:Message received on topic: type-3/27 with payload size: 149 at 2024-12-19 18:46:39.253642 sent 2024-12-19 18:46:39.172468
INFO:Message received on topic: type-3/29 with payload size: 98 at 2024-12-19 18:46:40.399060 sent 2024-12-19 18:46:40.311794
INFO:Message received on topic: type-3/23 with payload size: 104 at 2024-12-19 18:46:41.398764 sent 2024-12-19 18:46:41.353438
INFO:Message received on topic: type-3/20 with payload size: 131 at 2024-12-19 18:46:42.475646 sent 2024-12-19 18:46:42.382170
INFO:Message received on topic: type-3/21 with payload size: 121 at 2024-12-19 18:46:43.452350 sent 2024-12-19 18:46:43.338727
INFO:Message received on topic: type-3/27 with payload size: 139 at 2024-12-19 18:46:44.587064 sent 2024-12-19 18:46:44.507910
INFO:Message received on topic: type-3/22 with payload size: 114 at 2024-12-19 18:46:45.610404 sent 2024-12-19 18:46:45.456649
INFO:Message received on topic: type-3/21 with payload size: 144 at 2024-12-19 18:46:46.551720 sent 2024-12-19 18:46:46.486208
INFO:Message received on topic: type-3/24 with payload size: 134 at 2024-12-19 18:46:47.676003 sent 2024-12-19 18:46:47.038827
INFO:Message received on topic: type-3/27 with payload size: 105 at 2024-12-19 18:46:48.695691 sent 2024-12-19 18:46:48.666280
INFO:Message received on topic: type-3/24 with payload size: 103 at 2024-12-19 18:46:49.681410 sent 2024-12-19 18:46:49.576122
INFO:Message received on topic: type-3/24 with payload size: 139 at 2024-12-19 18:46:50.656583 sent 2024-12-19 18:46:50.597050
INFO:Message received on topic: type-3/20 with payload size: 143 at 2024-12-19 18:46:51.699540 sent 2024-12-19 18:46:51.237211
INFO:Message received on topic: type-3/23 with payload size: 125 at 2024-12-19 18:46:52.807440 sent 2024-12-19 18:46:52.766368
INFO:Message received on topic: type-3/29 with payload size: 127 at 2024-12-19 18:46:53.690393 sent 2024-12-19 18:46:53.651117
INFO:Message received on topic: type-3/24 with payload size: 102 at 2024-12-19 18:46:54.847830 sent 2024-12-19 18:46:54.785272
INFO:Message received on topic: type-3/28 with payload size: 102 at 2024-12-19 18:46:55.954954 sent 2024-12-19 18:46:55.892310
INFO:Message received on topic: type-3/23 with payload size: 138 at 2024-12-19 18:46:56.951116 sent 2024-12-19 18:46:55.724643
INFO:Message received on topic: type-3/28 with payload size: 148 at 2024-12-19 18:46:57.781891 sent 2024-12-19 18:46:57.721553
INFO:Message received on topic: type-3/28 with payload size: 101 at 2024-12-19 18:46:58.782824 sent 2024-12-19 18:46:58.734650
INFO:Message received on topic: type-3/29 with payload size: 142 at 2024-12-19 18:46:59.955108 sent 2024-12-19 18:46:59.851653
INFO:Message received on topic: type-3/20 with payload size: 124 at 2024-12-19 18:47:00.898157 sent 2024-12-19 18:47:00.807635
INFO:Message received on topic: type-3/27 with payload size: 135 at 2024-12-19 18:47:01.982476 sent 2024-12-19 18:47:01.918668
INFO:Message received on topic: type-3/21 with payload size: 114 at 2024-12-19 18:47:03.089128 sent 2024-12-19 18:47:02.988340
INFO:Message received on topic: type-3/21 with payload size: 107 at 2024-12-19 18:47:03.981084 sent 2024-12-19 18:47:03.912127
INFO:Message received on topic: type-3/24 with payload size: 112 at 2024-12-19 18:47:05.098078 sent 2024-12-19 18:47:04.966147
INFO:Message received on topic: type-3/26 with payload size: 114 at 2024-12-19 18:47:06.186352 sent 2024-12-19 18:47:06.143489
INFO:Message received on topic: type-3/24 with payload size: 135 at 2024-12-19 18:47:07.153950 sent 2024-12-19 18:47:07.007596
INFO:Message received on topic: type-3/23 with payload size: 110 at 2024-12-19 18:47:08.305605 sent 2024-12-19 18:47:07.838362
INFO:Message received on topic: type-3/20 with payload size: 113 at 2024-12-19 18:47:09.206302 sent 2024-12-19 18:47:08.739608
INFO:Message received on topic: type-3/28 with payload size: 148 at 2024-12-19 18:47:10.188944 sent 2024-12-19 18:47:10.142348
INFO:Message received on topic: type-3/24 with payload size: 98 at 2024-12-19 18:47:11.255755 sent 2024-12-19 18:47:11.162904
INFO:Message received on topic: type-3/27 with payload size: 152 at 2024-12-19 18:47:12.179401 sent 2024-12-19 18:47:12.108388
INFO:Message received on topic: type-3/26 with payload size: 107 at 2024-12-19 18:47:13.188704 sent 2024-12-19 18:47:13.165951
INFO:Message received on topic: type-3/21 with payload size: 130 at 2024-12-19 18:47:14.271594 sent 2024-12-19 18:47:14.197842
INFO:Message received on topic: type-3/21 with payload size: 153 at 2024-12-19 18:47:15.283620 sent 2024-12-19 18:47:15.211750
INFO:Message received on topic: type-3/22 with payload size: 148 at 2024-12-19 18:47:16.284457 sent 2024-12-19 18:47:16.243668
INFO:Message received on topic: type-3/25 with payload size: 110 at 2024-12-19 18:47:17.296050 sent 2024-12-19 18:47:17.133005
INFO:Message received on topic: type-3/25 with payload size: 143 at 2024-12-19 18:47:18.552906 sent 2024-12-19 18:47:18.453869
INFO:Message received on topic: type-3/27 with payload size: 97 at 2024-12-19 18:47:19.485412 sent 2024-12-19 18:47:19.444184
INFO:Message received on topic: type-3/22 with payload size: 96 at 2024-12-19 18:47:20.460805 sent 2024-12-19 18:47:20.419038
INFO:Message received on topic: type-3/28 with payload size: 134 at 2024-12-19 18:47:21.581395 sent 2024-12-19 18:47:20.324661
INFO:Message received on topic: type-3/28 with payload size: 124 at 2024-12-19 18:47:22.589107 sent 2024-12-19 18:47:22.462768
INFO:Message received on topic: type-3/25 with payload size: 94 at 2024-12-19 18:47:23.486108 sent 2024-12-19 18:47:23.442993
INFO:Message received on topic: type-3/24 with payload size: 141 at 2024-12-19 18:47:24.771075 sent 2024-12-19 18:47:24.703724
INFO:Message received on topic: type-3/22 with payload size: 132 at 2024-12-19 18:47:25.605764 sent 2024-12-19 18:47:25.524365
INFO:Message received on topic: type-3/28 with payload size: 131 at 2024-12-19 18:47:26.691701 sent 2024-12-19 18:47:26.541405
INFO:Message received on topic: type-3/24 with payload size: 106 at 2024-12-19 18:47:27.707641 sent 2024-12-19 18:47:27.542405
INFO:Message received on topic: type-3/28 with payload size: 126 at 2024-12-19 18:47:28.804292 sent 2024-12-19 18:47:28.770949
INFO:Message received on topic: type-3/20 with payload size: 131 at 2024-12-19 18:47:29.686983 sent 2024-12-19 18:47:29.528648
INFO:Message received on topic: type-3/27 with payload size: 121 at 2024-12-19 18:47:30.887632 sent 2024-12-19 18:47:30.235400
INFO:Message received on topic: type-3/27 with payload size: 93 at 2024-12-19 18:47:31.703173 sent 2024-12-19 18:47:31.660807
INFO:Message received on topic: type-3/29 with payload size: 135 at 2024-12-19 18:47:32.803113 sent 2024-12-19 18:47:32.780614
INFO:Message received on topic: type-3/26 with payload size: 104 at 2024-12-19 18:47:33.890197 sent 2024-12-19 18:47:33.738781
INFO:Message received on topic: type-3/27 with payload size: 135 at 2024-12-19 18:47:34.951066 sent 2024-12-19 18:47:34.720672
INFO:Message received on topic: type-3/25 with payload size: 92 at 2024-12-19 18:47:35.900422 sent 2024-12-19 18:47:35.879607
INFO:Message received on topic: type-3/22 with payload size: 147 at 2024-12-19 18:47:36.887135 sent 2024-12-19 18:47:36.814643
INFO:Message received on topic: type-3/21 with payload size: 107 at 2024-12-19 18:47:38.051512 sent 2024-12-19 18:47:37.913324
INFO:Message received on topic: type-3/24 with payload size: 132 at 2024-12-19 18:47:38.888482 sent 2024-12-19 18:47:38.863509
INFO:Message received on topic: type-3/28 with payload size: 134 at 2024-12-19 18:47:39.990109 sent 2024-12-19 18:47:39.975889
INFO:Message received on topic: type-3/25 with payload size: 106 at 2024-12-19 18:47:40.987178 sent 2024-12-19 18:47:40.961288
INFO:Message received on topic: type-3/27 with payload size: 95 at 2024-12-19 18:47:42.161207 sent 2024-12-19 18:47:42.042648
INFO:Message received on topic: type-3/24 with payload size: 147 at 2024-12-19 18:47:43.282864 sent 2024-12-19 18:47:41.317389
INFO:Message received on topic: type-3/27 with payload size: 101 at 2024-12-19 18:47:44.255017 sent 2024-12-19 18:47:44.188607
INFO:Message received on topic: type-3/20 with payload size: 91 at 2024-12-19 18:47:45.078171 sent 2024-12-19 18:47:45.010644
INFO:Message received on topic: type-3/23 with payload size: 144 at 2024-12-19 18:47:46.088659 sent 2024-12-19 18:47:46.023467
INFO:Message received on topic: type-3/20 with payload size: 102 at 2024-12-19 18:47:47.297033 sent 2024-12-19 18:47:46.836763
INFO:Message received on topic: type-3/23 with payload size: 100 at 2024-12-19 18:47:48.383266 sent 2024-12-19 18:47:48.362995
INFO:Message received on topic: type-3/28 with payload size: 104 at 2024-12-19 18:47:49.283407 sent 2024-12-19 18:47:48.933107
INFO:Message received on topic: type-3/28 with payload size: 123 at 2024-12-19 18:47:50.279452 sent 2024-12-19 18:47:50.254607
INFO:Message received on topic: type-3/25 with payload size: 147 at 2024-12-19 18:47:51.282927 sent 2024-12-19 18:47:51.042008
INFO:Message received on topic: type-3/21 with payload size: 131 at 2024-12-19 18:47:52.387814 sent 2024-12-19 18:47:51.937806
INFO:Message received on topic: type-3/26 with payload size: 138 at 2024-12-19 18:47:53.558726 sent 2024-12-19 18:47:53.505920
INFO:Message received on topic: type-3/23 with payload size: 146 at 2024-12-19 18:47:54.757549 sent 2024-12-19 18:47:54.665854
INFO:Message received on topic: type-3/22 with payload size: 117 at 2024-12-19 18:47:55.491653 sent 2024-12-19 18:47:54.939188
INFO:Message received on topic: type-3/29 with payload size: 140 at 2024-12-19 18:47:56.387358 sent 2024-12-19 18:47:56.371833
INFO:Message received on topic: type-3/27 with payload size: 142 at 2024-12-19 18:47:57.563115 sent 2024-12-19 18:47:57.504559
INFO:Message received on topic: type-3/25 with payload size: 93 at 2024-12-19 18:47:58.486079 sent 2024-12-19 18:47:58.458396
INFO:Message received on topic: type-3/24 with payload size: 115 at 2024-12-19 18:47:59.683071 sent 2024-12-19 18:47:59.626730
INFO:Message received on topic: type-3/29 with payload size: 116 at 2024-12-19 18:48:00.684623 sent 2024-12-19 18:47:59.831582
INFO:Message received on topic: type-3/25 with payload size: 91 at 2024-12-19 18:48:01.670904 sent 2024-12-19 18:48:01.415138
INFO:Message received on topic: type-3/23 with payload size: 116 at 2024-12-19 18:48:02.498302 sent 2024-12-19 18:48:02.487564
INFO:Message received on topic: type-3/20 with payload size: 145 at 2024-12-19 18:48:03.579789 sent 2024-12-19 18:48:03.510149
INFO:Message received on topic: type-3/25 with payload size: 149 at 2024-12-19 18:48:04.597912 sent 2024-12-19 18:48:04.565321
INFO:Message received on topic: type-3/26 with payload size: 152 at 2024-12-19 18:48:05.758509 sent 2024-12-19 18:48:05.706101
INFO:Message received on topic: type-3/25 with payload size: 142 at 2024-12-19 18:48:06.673485 sent 2024-12-19 18:48:06.597427
INFO:Message received on topic: type-3/24 with payload size: 129 at 2024-12-19 18:48:07.893868 sent 2024-12-19 18:48:07.860758
INFO:Message received on topic: type-3/26 with payload size: 111 at 2024-12-19 18:48:08.679966 sent 2024-12-19 18:48:08.650057
INFO:Message received on topic: type-3/24 with payload size: 151 at 2024-12-19 18:48:09.746835 sent 2024-12-19 18:48:09.686626
INFO:Message received on topic: type-3/22 with payload size: 117 at 2024-12-19 18:48:10.796008 sent 2024-12-19 18:48:10.792061
INFO:Message received on topic: type-3/24 with payload size: 91 at 2024-12-19 18:48:11.778898 sent 2024-12-19 18:48:11.714649
INFO:Message received on topic: type-3/27 with payload size: 137 at 2024-12-19 18:48:12.856965 sent 2024-12-19 18:48:12.729010
INFO:Message received on topic: type-3/21 with payload size: 102 at 2024-12-19 18:48:13.950874 sent 2024-12-19 18:48:13.891107
INFO:Message received on topic: type-3/28 with payload size: 126 at 2024-12-19 18:48:14.898391 sent 2024-12-19 18:48:14.641383
INFO:Message received on topic: type-3/23 with payload size: 99 at 2024-12-19 18:48:15.990325 sent 2024-12-19 18:48:15.915652
INFO:Message received on topic: type-3/26 with payload size: 111 at 2024-12-19 18:48:16.890506 sent 2024-12-19 18:48:16.875579
INFO:Message received on topic: type-3/26 with payload size: 134 at 2024-12-19 18:48:17.953912 sent 2024-12-19 18:48:17.894462
INFO:Message received on topic: type-3/20 with payload size: 145 at 2024-12-19 18:48:19.053616 sent 2024-12-19 18:48:18.948658
INFO:Message received on topic: type-3/23 with payload size: 150 at 2024-12-19 18:48:19.999405 sent 2024-12-19 18:48:19.975836
INFO:Message received on topic: type-3/25 with payload size: 114 at 2024-12-19 18:48:21.074977 sent 2024-12-19 18:48:21.009997
INFO:Message received on topic: type-3/24 with payload size: 148 at 2024-12-19 18:48:21.989981 sent 2024-12-19 18:48:21.967055
INFO:Message received on topic: type-3/23 with payload size: 112 at 2024-12-19 18:48:23.086453 sent 2024-12-19 18:48:23.018175
INFO:Message received on topic: type-3/27 with payload size: 129 at 2024-12-19 18:48:24.098763 sent 2024-12-19 18:48:24.094045
INFO:Message received on topic: type-3/29 with payload size: 98 at 2024-12-19 18:48:25.092568 sent 2024-12-19 18:48:25.030684
INFO:Message received on topic: type-3/21 with payload size: 115 at 2024-12-19 18:48:26.095083 sent 2024-12-19 18:48:26.079380
INFO:Message received on topic: type-3/24 with payload size: 140 at 2024-12-19 18:48:27.178701 sent 2024-12-19 18:48:27.145943
INFO:Message received on topic: type-3/22 with payload size: 140 at 2024-12-19 18:48:28.302547 sent 2024-12-19 18:48:28.262197
INFO:Message received on topic: type-3/29 with payload size: 136 at 2024-12-19 18:48:29.483598 sent 2024-12-19 18:48:29.398683
INFO:Message received on topic: type-3/26 with payload size: 93 at 2024-12-19 18:48:30.697961 sent 2024-12-19 18:48:30.685686
INFO:Message received on topic: type-3/28 with payload size: 154 at 2024-12-19 18:48:31.980605 sent 2024-12-19 18:48:31.914224
INFO:Message received on topic: type-3/29 with payload size: 148 at 2024-12-19 18:48:33.283356 sent 2024-12-19 18:48:33.256458
INFO:Message received on topic: type-3/27 with payload size: 107 at 2024-12-19 18:48:34.777407 sent 2024-12-19 18:48:34.751547
INFO:Message received on topic: type-3/25 with payload size: 94 at 2024-12-19 18:48:36.276868 sent 2024-12-19 18:48:35.730944
INFO:Message received on topic: type-3/25 with payload size: 100 at 2024-12-19 18:48:37.882745 sent 2024-12-19 18:48:37.856419
INFO:Message received on topic: type-3/29 with payload size: 95 at 2024-12-19 18:48:39.590084 sent 2024-12-19 18:48:39.547007
INFO:Message received on topic: type-3/29 with payload size: 106 at 2024-12-19 18:48:41.493388 sent 2024-12-19 18:48:41.475827
INFO:Message received on topic: type-3/26 with payload size: 140 at 2024-12-19 18:48:43.679141 sent 2024-12-19 18:48:43.669639
INFO:Message received on topic: type-3/27 with payload size: 112 at 2024-12-19 18:48:46.277053 sent 2024-12-19 18:48:46.212226
INFO:Message received on topic: type-3/28 with payload size: 93 at 2024-12-19 18:48:49.584019 sent 2024-12-19 18:48:49.557605
INFO:Message received on topic: type-3/29 with payload size: 99 at 2024-12-19 18:48:55.589642 sent 2024-12-19 18:48:55.580506
