INFO:Starting Version 1.0.5
DEBUG:Using selector: EpollSelector
INFO:Connecting to cluster at: mqtt-quic://emqx-headless.dtwins:14567 using QUIC
INFO:Subscribed to topic: type-3/30
INFO:Subscribed to topic: type-3/31
INFO:Subscribed to topic: type-3/32
INFO:Subscribed to topic: type-3/33
INFO:Subscribed to topic: type-3/34
INFO:Subscribed to topic: type-3/35
INFO:Subscribed to topic: type-3/36
INFO:Subscribed to topic: type-3/37
INFO:Subscribed to topic: type-3/38
INFO:Subscribed to topic: type-3/39
INFO:Logging each: 100
INFO:Unhandled packet type received
INFO:Message received on topic: type-3/31 with payload size: 110 at 2024-12-19 18:40:37.070094 sent 2024-12-19 18:40:37.019791
INFO:Message received on topic: type-3/30 with payload size: 118 at 2024-12-19 18:40:41.676091 sent 2024-12-19 18:40:41.229779
INFO:Message received on topic: type-3/30 with payload size: 110 at 2024-12-19 18:40:44.601350 sent 2024-12-19 18:40:44.593046
INFO:Message received on topic: type-3/30 with payload size: 133 at 2024-12-19 18:40:46.748351 sent 2024-12-19 18:40:46.623634
INFO:Message received on topic: type-3/30 with payload size: 130 at 2024-12-19 18:40:48.498467 sent 2024-12-19 18:40:48.448375
INFO:Message received on topic: type-3/33 with payload size: 97 at 2024-12-19 18:40:50.279381 sent 2024-12-19 18:40:50.265921
INFO:Message received on topic: type-3/34 with payload size: 111 at 2024-12-19 18:40:51.683910 sent 2024-12-19 18:40:51.609215
INFO:Message received on topic: type-3/37 with payload size: 103 at 2024-12-19 18:40:53.645488 sent 2024-12-19 18:40:53.589953
INFO:Message received on topic: type-3/33 with payload size: 154 at 2024-12-19 18:40:54.647211 sent 2024-12-19 18:40:54.540575
INFO:Message received on topic: type-3/33 with payload size: 117 at 2024-12-19 18:40:55.893896 sent 2024-12-19 18:40:55.860662
INFO:Message received on topic: type-3/33 with payload size: 120 at 2024-12-19 18:40:57.162506 sent 2024-12-19 18:40:56.989384
INFO:Message received on topic: type-3/35 with payload size: 149 at 2024-12-19 18:40:58.295122 sent 2024-12-19 18:40:58.253728
INFO:Message received on topic: type-3/36 with payload size: 122 at 2024-12-19 18:40:59.882773 sent 2024-12-19 18:40:59.134929
INFO:Message received on topic: type-3/33 with payload size: 131 at 2024-12-19 18:41:00.770940 sent 2024-12-19 18:41:00.449046
INFO:Message received on topic: type-3/32 with payload size: 111 at 2024-12-19 18:41:02.002188 sent 2024-12-19 18:41:01.740108
INFO:Message received on topic: type-3/37 with payload size: 137 at 2024-12-19 18:41:03.005331 sent 2024-12-19 18:41:02.739336
INFO:Message received on topic: type-3/30 with payload size: 111 at 2024-12-19 18:41:04.295841 sent 2024-12-19 18:41:04.238531
INFO:Message received on topic: type-3/34 with payload size: 131 at 2024-12-19 18:41:05.401747 sent 2024-12-19 18:41:05.346398
INFO:Message received on topic: type-3/34 with payload size: 104 at 2024-12-19 18:41:06.599790 sent 2024-12-19 18:41:06.469639
INFO:Message received on topic: type-3/39 with payload size: 138 at 2024-12-19 18:41:07.686939 sent 2024-12-19 18:41:07.614977
INFO:Message received on topic: type-3/35 with payload size: 153 at 2024-12-19 18:41:08.906652 sent 2024-12-19 18:41:08.238171
INFO:Message received on topic: type-3/31 with payload size: 143 at 2024-12-19 18:41:09.985439 sent 2024-12-19 18:41:09.896380
INFO:Message received on topic: type-3/32 with payload size: 141 at 2024-12-19 18:41:11.079688 sent 2024-12-19 18:41:11.014341
INFO:Message received on topic: type-3/36 with payload size: 144 at 2024-12-19 18:41:12.085786 sent 2024-12-19 18:41:12.059747
INFO:Message received on topic: type-3/31 with payload size: 149 at 2024-12-19 18:41:13.206176 sent 2024-12-19 18:41:12.130651
INFO:Message received on topic: type-3/34 with payload size: 121 at 2024-12-19 18:41:14.283515 sent 2024-12-19 18:41:14.210320
INFO:Message received on topic: type-3/32 with payload size: 95 at 2024-12-19 18:41:15.501510 sent 2024-12-19 18:41:15.487628
INFO:Message received on topic: type-3/36 with payload size: 142 at 2024-12-19 18:41:16.402796 sent 2024-12-19 18:41:15.123354
INFO:Message received on topic: type-3/38 with payload size: 110 at 2024-12-19 18:41:17.195413 sent 2024-12-19 18:41:17.162751
INFO:Message received on topic: type-3/30 with payload size: 137 at 2024-12-19 18:41:18.205982 sent 2024-12-19 18:41:18.181638
INFO:Message received on topic: type-3/30 with payload size: 133 at 2024-12-19 18:41:19.282784 sent 2024-12-19 18:41:19.205645
INFO:Message received on topic: type-3/35 with payload size: 123 at 2024-12-19 18:41:20.348372 sent 2024-12-19 18:41:20.259820
INFO:Message received on topic: type-3/39 with payload size: 108 at 2024-12-19 18:41:21.696352 sent 2024-12-19 18:41:21.658047
INFO:Message received on topic: type-3/34 with payload size: 146 at 2024-12-19 18:41:22.455742 sent 2024-12-19 18:41:21.632337
INFO:Message received on topic: type-3/36 with payload size: 137 at 2024-12-19 18:41:23.401173 sent 2024-12-19 18:41:23.370482
INFO:Message received on topic: type-3/32 with payload size: 148 at 2024-12-19 18:41:24.650223 sent 2024-12-19 18:41:23.627068
INFO:Message received on topic: type-3/38 with payload size: 148 at 2024-12-19 18:41:25.487865 sent 2024-12-19 18:41:25.416996
INFO:Message received on topic: type-3/33 with payload size: 115 at 2024-12-19 18:41:26.791698 sent 2024-12-19 18:41:26.438077
INFO:Message received on topic: type-3/38 with payload size: 124 at 2024-12-19 18:41:27.684198 sent 2024-12-19 18:41:27.645828
INFO:Message received on topic: type-3/30 with payload size: 154 at 2024-12-19 18:41:28.576991 sent 2024-12-19 18:41:28.464332
INFO:Message received on topic: type-3/37 with payload size: 134 at 2024-12-19 18:41:29.807804 sent 2024-12-19 18:41:28.626583
INFO:Message received on topic: type-3/32 with payload size: 151 at 2024-12-19 18:41:30.595015 sent 2024-12-19 18:41:30.555383
INFO:Message received on topic: type-3/39 with payload size: 135 at 2024-12-19 18:41:31.703050 sent 2024-12-19 18:41:31.336517
INFO:Message received on topic: type-3/34 with payload size: 126 at 2024-12-19 18:41:32.900485 sent 2024-12-19 18:41:32.335841
INFO:Message received on topic: type-3/30 with payload size: 122 at 2024-12-19 18:41:33.698140 sent 2024-12-19 18:41:33.658495
INFO:Message received on topic: type-3/38 with payload size: 94 at 2024-12-19 18:41:34.852688 sent 2024-12-19 18:41:34.786055
INFO:Message received on topic: type-3/32 with payload size: 97 at 2024-12-19 18:41:35.796918 sent 2024-12-19 18:41:35.753771
INFO:Message received on topic: type-3/38 with payload size: 112 at 2024-12-19 18:41:36.898184 sent 2024-12-19 18:41:36.818863
INFO:Message received on topic: type-3/33 with payload size: 143 at 2024-12-19 18:41:37.981152 sent 2024-12-19 18:41:36.928258
INFO:Message received on topic: type-3/36 with payload size: 135 at 2024-12-19 18:41:38.797212 sent 2024-12-19 18:41:38.758175
INFO:Message received on topic: type-3/38 with payload size: 120 at 2024-12-19 18:41:39.947907 sent 2024-12-19 18:41:39.862621
INFO:Message received on topic: type-3/39 with payload size: 133 at 2024-12-19 18:41:40.899643 sent 2024-12-19 18:41:40.829598
INFO:Message received on topic: type-3/34 with payload size: 118 at 2024-12-19 18:41:41.983147 sent 2024-12-19 18:41:41.828777
INFO:Message received on topic: type-3/32 with payload size: 133 at 2024-12-19 18:41:43.084182 sent 2024-12-19 18:41:42.992621
INFO:Message received on topic: type-3/31 with payload size: 124 at 2024-12-19 18:41:44.001448 sent 2024-12-19 18:41:43.913883
INFO:Message received on topic: type-3/31 with payload size: 151 at 2024-12-19 18:41:45.000706 sent 2024-12-19 18:41:44.927609
INFO:Message received on topic: type-3/32 with payload size: 122 at 2024-12-19 18:41:46.193291 sent 2024-12-19 18:41:46.155632
INFO:Message received on topic: type-3/34 with payload size: 141 at 2024-12-19 18:41:47.179314 sent 2024-12-19 18:41:47.025117
INFO:Message received on topic: type-3/34 with payload size: 139 at 2024-12-19 18:41:48.184683 sent 2024-12-19 18:41:47.936018
INFO:Message received on topic: type-3/33 with payload size: 137 at 2024-12-19 18:41:49.108459 sent 2024-12-19 18:41:49.063905
INFO:Message received on topic: type-3/39 with payload size: 114 at 2024-12-19 18:41:50.199857 sent 2024-12-19 18:41:50.117171
INFO:Message received on topic: type-3/36 with payload size: 134 at 2024-12-19 18:41:51.290418 sent 2024-12-19 18:41:51.249044
INFO:Message received on topic: type-3/39 with payload size: 120 at 2024-12-19 18:41:52.192512 sent 2024-12-19 18:41:52.149171
INFO:Message received on topic: type-3/30 with payload size: 102 at 2024-12-19 18:41:53.288065 sent 2024-12-19 18:41:52.937507
INFO:Message received on topic: type-3/32 with payload size: 97 at 2024-12-19 18:41:54.376978 sent 2024-12-19 18:41:54.301684
INFO:Message received on topic: type-3/33 with payload size: 99 at 2024-12-19 18:41:55.293269 sent 2024-12-19 18:41:55.262907
INFO:Message received on topic: type-3/38 with payload size: 148 at 2024-12-19 18:41:56.490542 sent 2024-12-19 18:41:56.466309
INFO:Message received on topic: type-3/32 with payload size: 112 at 2024-12-19 18:41:57.393882 sent 2024-12-19 18:41:57.355826
INFO:Message received on topic: type-3/35 with payload size: 114 at 2024-12-19 18:41:58.394636 sent 2024-12-19 18:41:58.352833
INFO:Message received on topic: type-3/32 with payload size: 127 at 2024-12-19 18:41:59.470514 sent 2024-12-19 18:41:59.389977
INFO:Message received on topic: type-3/39 with payload size: 107 at 2024-12-19 18:42:00.492172 sent 2024-12-19 18:42:00.416429
INFO:Message received on topic: type-3/35 with payload size: 134 at 2024-12-19 18:42:01.617815 sent 2024-12-19 18:42:01.520451
INFO:Message received on topic: type-3/38 with payload size: 105 at 2024-12-19 18:42:02.497428 sent 2024-12-19 18:42:02.466753
INFO:Message received on topic: type-3/39 with payload size: 146 at 2024-12-19 18:42:03.606416 sent 2024-12-19 18:42:03.564260
INFO:Message received on topic: type-3/36 with payload size: 109 at 2024-12-19 18:42:04.511115 sent 2024-12-19 18:42:04.485104
INFO:Message received on topic: type-3/39 with payload size: 130 at 2024-12-19 18:42:05.686981 sent 2024-12-19 18:42:05.610662
INFO:Message received on topic: type-3/32 with payload size: 144 at 2024-12-19 18:42:06.682605 sent 2024-12-19 18:42:06.533291
INFO:Message received on topic: type-3/36 with payload size: 125 at 2024-12-19 18:42:07.673420 sent 2024-12-19 18:42:07.436225
INFO:Message received on topic: type-3/30 with payload size: 96 at 2024-12-19 18:42:08.777205 sent 2024-12-19 18:42:07.832848
INFO:Message received on topic: type-3/30 with payload size: 108 at 2024-12-19 18:42:09.698953 sent 2024-12-19 18:42:09.657817
INFO:Message received on topic: type-3/39 with payload size: 111 at 2024-12-19 18:42:10.794644 sent 2024-12-19 18:42:10.713103
INFO:Message received on topic: type-3/31 with payload size: 143 at 2024-12-19 18:42:11.915838 sent 2024-12-19 18:42:11.741545
INFO:Message received on topic: type-3/34 with payload size: 117 at 2024-12-19 18:42:12.908382 sent 2024-12-19 18:42:12.865225
INFO:Message received on topic: type-3/34 with payload size: 91 at 2024-12-19 18:42:13.849932 sent 2024-12-19 18:42:13.794652
INFO:Message received on topic: type-3/37 with payload size: 115 at 2024-12-19 18:42:14.882195 sent 2024-12-19 18:42:14.797217
INFO:Message received on topic: type-3/35 with payload size: 137 at 2024-12-19 18:42:16.094368 sent 2024-12-19 18:42:15.902751
INFO:Message received on topic: type-3/32 with payload size: 111 at 2024-12-19 18:42:17.175632 sent 2024-12-19 18:42:16.826151
INFO:Message received on topic: type-3/34 with payload size: 115 at 2024-12-19 18:42:18.001488 sent 2024-12-19 18:42:17.969677
INFO:Message received on topic: type-3/36 with payload size: 129 at 2024-12-19 18:42:18.987430 sent 2024-12-19 18:42:18.832580
INFO:Message received on topic: type-3/36 with payload size: 97 at 2024-12-19 18:42:19.995917 sent 2024-12-19 18:42:19.947830
INFO:Message received on topic: type-3/39 with payload size: 125 at 2024-12-19 18:42:21.003149 sent 2024-12-19 18:42:20.991284
INFO:Message received on topic: type-3/39 with payload size: 149 at 2024-12-19 18:42:22.078909 sent 2024-12-19 18:42:22.011049
INFO:Message received on topic: type-3/36 with payload size: 139 at 2024-12-19 18:42:23.188377 sent 2024-12-19 18:42:23.107898
INFO:Message received on topic: type-3/39 with payload size: 137 at 2024-12-19 18:42:24.222360 sent 2024-12-19 18:42:23.532546
INFO:Message received on topic: type-3/35 with payload size: 133 at 2024-12-19 18:42:25.111976 sent 2024-12-19 18:42:25.060497
INFO:Message received on topic: type-3/36 with payload size: 102 at 2024-12-19 18:42:26.198066 sent 2024-12-19 18:42:26.153821
INFO:Message received on topic: type-3/32 with payload size: 100 at 2024-12-19 18:42:27.195181 sent 2024-12-19 18:42:27.119370
INFO:Message received on topic: type-3/34 with payload size: 117 at 2024-12-19 18:42:28.307538 sent 2024-12-19 18:42:28.257697
INFO:Message received on topic: type-3/34 with payload size: 128 at 2024-12-19 18:42:29.278231 sent 2024-12-19 18:42:29.169043
INFO:Message received on topic: type-3/30 with payload size: 127 at 2024-12-19 18:42:30.396589 sent 2024-12-19 18:42:30.236731
INFO:Message received on topic: type-3/39 with payload size: 104 at 2024-12-19 18:42:31.298348 sent 2024-12-19 18:42:31.255721
INFO:Message received on topic: type-3/30 with payload size: 108 at 2024-12-19 18:42:32.311100 sent 2024-12-19 18:42:32.264882
INFO:Message received on topic: type-3/32 with payload size: 120 at 2024-12-19 18:42:33.503604 sent 2024-12-19 18:42:33.326572
INFO:Message received on topic: type-3/32 with payload size: 96 at 2024-12-19 18:42:34.472949 sent 2024-12-19 18:42:34.240489
INFO:Message received on topic: type-3/37 with payload size: 98 at 2024-12-19 18:42:35.491205 sent 2024-12-19 18:42:35.337530
INFO:Message received on topic: type-3/35 with payload size: 97 at 2024-12-19 18:42:36.486389 sent 2024-12-19 18:42:36.458400
INFO:Message received on topic: type-3/31 with payload size: 114 at 2024-12-19 18:42:37.494671 sent 2024-12-19 18:42:37.413469
INFO:Message received on topic: type-3/36 with payload size: 149 at 2024-12-19 18:42:38.506351 sent 2024-12-19 18:42:38.470520
INFO:Message received on topic: type-3/30 with payload size: 133 at 2024-12-19 18:42:39.581818 sent 2024-12-19 18:42:39.496605
INFO:Message received on topic: type-3/35 with payload size: 113 at 2024-12-19 18:42:40.598374 sent 2024-12-19 18:42:40.333206
INFO:Message received on topic: type-3/32 with payload size: 155 at 2024-12-19 18:42:41.693587 sent 2024-12-19 18:42:41.658340
INFO:Message received on topic: type-3/37 with payload size: 126 at 2024-12-19 18:42:42.599829 sent 2024-12-19 18:42:42.567194
INFO:Message received on topic: type-3/33 with payload size: 97 at 2024-12-19 18:42:43.701858 sent 2024-12-19 18:42:42.729615
INFO:Message received on topic: type-3/32 with payload size: 97 at 2024-12-19 18:42:44.693635 sent 2024-12-19 18:42:44.619942
INFO:Message received on topic: type-3/39 with payload size: 122 at 2024-12-19 18:42:45.890515 sent 2024-12-19 18:42:45.816993
INFO:Message received on topic: type-3/35 with payload size: 115 at 2024-12-19 18:42:46.709410 sent 2024-12-19 18:42:46.654470
INFO:Message received on topic: type-3/36 with payload size: 131 at 2024-12-19 18:42:47.809995 sent 2024-12-19 18:42:47.747627
INFO:Message received on topic: type-3/34 with payload size: 147 at 2024-12-19 18:42:48.782929 sent 2024-12-19 18:42:48.752615
INFO:Message received on topic: type-3/31 with payload size: 122 at 2024-12-19 18:42:49.797295 sent 2024-12-19 18:42:49.714643
INFO:Message received on topic: type-3/37 with payload size: 135 at 2024-12-19 18:42:50.897224 sent 2024-12-19 18:42:50.824529
INFO:Message received on topic: type-3/38 with payload size: 133 at 2024-12-19 18:42:51.991511 sent 2024-12-19 18:42:51.636577
INFO:Message received on topic: type-3/33 with payload size: 130 at 2024-12-19 18:42:53.089926 sent 2024-12-19 18:42:53.015754
INFO:Message received on topic: type-3/38 with payload size: 130 at 2024-12-19 18:42:53.903826 sent 2024-12-19 18:42:53.873553
INFO:Message received on topic: type-3/37 with payload size: 92 at 2024-12-19 18:42:54.994829 sent 2024-12-19 18:42:54.890668
INFO:Message received on topic: type-3/33 with payload size: 96 at 2024-12-19 18:42:55.999836 sent 2024-12-19 18:42:55.961870
INFO:Message received on topic: type-3/31 with payload size: 143 at 2024-12-19 18:42:57.283768 sent 2024-12-19 18:42:56.125319
INFO:Message received on topic: type-3/36 with payload size: 110 at 2024-12-19 18:42:58.046535 sent 2024-12-19 18:42:57.838527
INFO:Message received on topic: type-3/38 with payload size: 100 at 2024-12-19 18:42:59.105818 sent 2024-12-19 18:42:59.075563
INFO:Message received on topic: type-3/34 with payload size: 106 at 2024-12-19 18:43:00.088136 sent 2024-12-19 18:43:00.059831
INFO:Message received on topic: type-3/33 with payload size: 136 at 2024-12-19 18:43:01.108528 sent 2024-12-19 18:43:01.045513
INFO:Message received on topic: type-3/30 with payload size: 128 at 2024-12-19 18:43:02.202353 sent 2024-12-19 18:43:02.182843
INFO:Message received on topic: type-3/31 with payload size: 146 at 2024-12-19 18:43:03.197216 sent 2024-12-19 18:43:03.153926
INFO:Message received on topic: type-3/31 with payload size: 103 at 2024-12-19 18:43:04.198427 sent 2024-12-19 18:43:04.167528
INFO:Message received on topic: type-3/35 with payload size: 149 at 2024-12-19 18:43:05.285782 sent 2024-12-19 18:43:05.196366
INFO:Message received on topic: type-3/34 with payload size: 125 at 2024-12-19 18:43:06.295445 sent 2024-12-19 18:43:06.265486
INFO:Message received on topic: type-3/32 with payload size: 145 at 2024-12-19 18:43:07.386666 sent 2024-12-19 18:43:07.358631
INFO:Message received on topic: type-3/31 with payload size: 108 at 2024-12-19 18:43:08.383850 sent 2024-12-19 18:43:08.236871
INFO:Message received on topic: type-3/36 with payload size: 107 at 2024-12-19 18:43:09.395315 sent 2024-12-19 18:43:09.357901
INFO:Message received on topic: type-3/30 with payload size: 113 at 2024-12-19 18:43:10.396362 sent 2024-12-19 18:43:10.038374
INFO:Message received on topic: type-3/35 with payload size: 139 at 2024-12-19 18:43:11.499941 sent 2024-12-19 18:43:11.410480
INFO:Message received on topic: type-3/34 with payload size: 142 at 2024-12-19 18:43:12.408604 sent 2024-12-19 18:43:12.379625
INFO:Message received on topic: type-3/37 with payload size: 97 at 2024-12-19 18:43:13.492166 sent 2024-12-19 18:43:13.461724
INFO:Message received on topic: type-3/30 with payload size: 95 at 2024-12-19 18:43:14.491014 sent 2024-12-19 18:43:14.421880
INFO:Message received on topic: type-3/35 with payload size: 114 at 2024-12-19 18:43:15.750319 sent 2024-12-19 18:43:15.670394
INFO:Message received on topic: type-3/30 with payload size: 148 at 2024-12-19 18:43:16.598435 sent 2024-12-19 18:43:16.551687
INFO:Message received on topic: type-3/37 with payload size: 142 at 2024-12-19 18:43:17.680641 sent 2024-12-19 18:43:17.548898
INFO:Message received on topic: type-3/39 with payload size: 104 at 2024-12-19 18:43:18.603754 sent 2024-12-19 18:43:18.582311
INFO:Message received on topic: type-3/36 with payload size: 128 at 2024-12-19 18:43:19.702486 sent 2024-12-19 18:43:19.337884
INFO:Message received on topic: type-3/31 with payload size: 141 at 2024-12-19 18:43:20.784415 sent 2024-12-19 18:43:20.657198
INFO:Message received on topic: type-3/33 with payload size: 107 at 2024-12-19 18:43:21.708353 sent 2024-12-19 18:43:21.436826
INFO:Message received on topic: type-3/30 with payload size: 96 at 2024-12-19 18:43:22.698503 sent 2024-12-19 18:43:22.664441
INFO:Message received on topic: type-3/36 with payload size: 99 at 2024-12-19 18:43:23.780880 sent 2024-12-19 18:43:23.710051
INFO:Message received on topic: type-3/36 with payload size: 146 at 2024-12-19 18:43:24.793931 sent 2024-12-19 18:43:24.725454
INFO:Message received on topic: type-3/35 with payload size: 142 at 2024-12-19 18:43:25.915937 sent 2024-12-19 18:43:25.335575
INFO:Message received on topic: type-3/32 with payload size: 154 at 2024-12-19 18:43:26.879425 sent 2024-12-19 18:43:26.819897
INFO:Message received on topic: type-3/33 with payload size: 101 at 2024-12-19 18:43:27.891641 sent 2024-12-19 18:43:27.851302
INFO:Message received on topic: type-3/32 with payload size: 142 at 2024-12-19 18:43:28.952963 sent 2024-12-19 18:43:28.850434
INFO:Message received on topic: type-3/33 with payload size: 96 at 2024-12-19 18:43:29.979720 sent 2024-12-19 18:43:29.893188
INFO:Message received on topic: type-3/33 with payload size: 116 at 2024-12-19 18:43:31.113226 sent 2024-12-19 18:43:31.020579
INFO:Message received on topic: type-3/39 with payload size: 129 at 2024-12-19 18:43:32.013760 sent 2024-12-19 18:43:31.929421
INFO:Message received on topic: type-3/30 with payload size: 139 at 2024-12-19 18:43:32.998513 sent 2024-12-19 18:43:32.963063
INFO:Message received on topic: type-3/30 with payload size: 130 at 2024-12-19 18:43:34.011442 sent 2024-12-19 18:43:33.985524
INFO:Message received on topic: type-3/32 with payload size: 128 at 2024-12-19 18:43:35.093547 sent 2024-12-19 18:43:35.065716
INFO:Message received on topic: type-3/37 with payload size: 151 at 2024-12-19 18:43:36.187358 sent 2024-12-19 18:43:36.036385
INFO:Message received on topic: type-3/37 with payload size: 110 at 2024-12-19 18:43:37.191716 sent 2024-12-19 18:43:37.154367
INFO:Message received on topic: type-3/35 with payload size: 143 at 2024-12-19 18:43:38.201431 sent 2024-12-19 18:43:38.177784
INFO:Message received on topic: type-3/32 with payload size: 115 at 2024-12-19 18:43:39.281721 sent 2024-12-19 18:43:38.737419
INFO:Message received on topic: type-3/37 with payload size: 128 at 2024-12-19 18:43:40.298146 sent 2024-12-19 18:43:40.215377
INFO:Message received on topic: type-3/39 with payload size: 137 at 2024-12-19 18:43:41.291092 sent 2024-12-19 18:43:41.225946
INFO:Message received on topic: type-3/36 with payload size: 139 at 2024-12-19 18:43:42.299622 sent 2024-12-19 18:43:42.266076
INFO:Message received on topic: type-3/37 with payload size: 121 at 2024-12-19 18:43:43.301814 sent 2024-12-19 18:43:43.264307
INFO:Message received on topic: type-3/34 with payload size: 100 at 2024-12-19 18:43:44.398023 sent 2024-12-19 18:43:44.375565
INFO:Message received on topic: type-3/34 with payload size: 136 at 2024-12-19 18:43:45.472379 sent 2024-12-19 18:43:45.398678
INFO:Message received on topic: type-3/37 with payload size: 142 at 2024-12-19 18:43:46.475657 sent 2024-12-19 18:43:46.339177
INFO:Message received on topic: type-3/35 with payload size: 114 at 2024-12-19 18:43:47.588873 sent 2024-12-19 18:43:47.462654
INFO:Message received on topic: type-3/32 with payload size: 123 at 2024-12-19 18:43:48.493337 sent 2024-12-19 18:43:48.411746
INFO:Message received on topic: type-3/31 with payload size: 150 at 2024-12-19 18:43:49.499691 sent 2024-12-19 18:43:49.465888
INFO:Message received on topic: type-3/34 with payload size: 129 at 2024-12-19 18:43:50.614540 sent 2024-12-19 18:43:50.576612
INFO:Message received on topic: type-3/34 with payload size: 137 at 2024-12-19 18:43:51.615485 sent 2024-12-19 18:43:51.596477
INFO:Message received on topic: type-3/30 with payload size: 122 at 2024-12-19 18:43:52.597515 sent 2024-12-19 18:43:52.553682
INFO:Message received on topic: type-3/36 with payload size: 155 at 2024-12-19 18:43:53.604806 sent 2024-12-19 18:43:53.570349
INFO:Message received on topic: type-3/33 with payload size: 108 at 2024-12-19 18:43:54.789221 sent 2024-12-19 18:43:54.667233
INFO:Message received on topic: type-3/33 with payload size: 141 at 2024-12-19 18:43:55.803501 sent 2024-12-19 18:43:55.789027
INFO:Message received on topic: type-3/36 with payload size: 122 at 2024-12-19 18:43:57.114180 sent 2024-12-19 18:43:56.932649
INFO:Message received on topic: type-3/32 with payload size: 107 at 2024-12-19 18:43:58.695138 sent 2024-12-19 18:43:58.471568
INFO:Message received on topic: type-3/36 with payload size: 97 at 2024-12-19 18:43:59.415636 sent 2024-12-19 18:43:59.066977
INFO:Message received on topic: type-3/38 with payload size: 135 at 2024-12-19 18:44:00.184153 sent 2024-12-19 18:44:00.118861
INFO:Message received on topic: type-3/32 with payload size: 142 at 2024-12-19 18:44:01.189682 sent 2024-12-19 18:44:01.126939
INFO:Message received on topic: type-3/38 with payload size: 95 at 2024-12-19 18:44:02.217424 sent 2024-12-19 18:44:01.540655
INFO:Message received on topic: type-3/31 with payload size: 151 at 2024-12-19 18:44:03.294800 sent 2024-12-19 18:44:03.214937
INFO:Message received on topic: type-3/35 with payload size: 121 at 2024-12-19 18:44:04.205360 sent 2024-12-19 18:44:03.765166
INFO:Message received on topic: type-3/36 with payload size: 110 at 2024-12-19 18:44:05.188736 sent 2024-12-19 18:44:03.950439
INFO:Message received on topic: type-3/33 with payload size: 129 at 2024-12-19 18:44:06.104565 sent 2024-12-19 18:44:06.071864
INFO:Message received on topic: type-3/35 with payload size: 111 at 2024-12-19 18:44:07.113479 sent 2024-12-19 18:44:07.035056
INFO:Message received on topic: type-3/39 with payload size: 133 at 2024-12-19 18:44:08.594039 sent 2024-12-19 18:44:08.525578
INFO:Message received on topic: type-3/37 with payload size: 109 at 2024-12-19 18:44:09.487113 sent 2024-12-19 18:44:07.545034
INFO:Message received on topic: type-3/38 with payload size: 147 at 2024-12-19 18:44:10.296176 sent 2024-12-19 18:44:10.201605
INFO:Message received on topic: type-3/36 with payload size: 111 at 2024-12-19 18:44:11.423527 sent 2024-12-19 18:44:10.658612
INFO:Message received on topic: type-3/31 with payload size: 112 at 2024-12-19 18:44:12.210108 sent 2024-12-19 18:44:12.168945
INFO:Message received on topic: type-3/33 with payload size: 99 at 2024-12-19 18:44:13.219792 sent 2024-12-19 18:44:13.187907
INFO:Message received on topic: type-3/32 with payload size: 105 at 2024-12-19 18:44:14.572975 sent 2024-12-19 18:44:14.248515
INFO:Message received on topic: type-3/30 with payload size: 101 at 2024-12-19 18:44:15.397799 sent 2024-12-19 18:44:14.152127
INFO:Message received on topic: type-3/32 with payload size: 92 at 2024-12-19 18:44:16.502520 sent 2024-12-19 18:44:16.483453
INFO:Message received on topic: type-3/34 with payload size: 134 at 2024-12-19 18:44:17.588271 sent 2024-12-19 18:44:17.049189
INFO:Message received on topic: type-3/34 with payload size: 151 at 2024-12-19 18:44:18.396319 sent 2024-12-19 18:44:18.263875
INFO:Message received on topic: type-3/37 with payload size: 119 at 2024-12-19 18:44:19.814114 sent 2024-12-19 18:44:19.781888
INFO:Message received on topic: type-3/33 with payload size: 115 at 2024-12-19 18:44:20.494677 sent 2024-12-19 18:44:20.429211
INFO:Message received on topic: type-3/30 with payload size: 91 at 2024-12-19 18:44:21.678055 sent 2024-12-19 18:44:21.597880
INFO:Message received on topic: type-3/39 with payload size: 135 at 2024-12-19 18:44:22.992014 sent 2024-12-19 18:44:22.666928
INFO:Message received on topic: type-3/30 with payload size: 136 at 2024-12-19 18:44:23.595862 sent 2024-12-19 18:44:23.530211
INFO:Message received on topic: type-3/38 with payload size: 110 at 2024-12-19 18:44:24.815745 sent 2024-12-19 18:44:23.747995
INFO:Message received on topic: type-3/39 with payload size: 120 at 2024-12-19 18:44:25.979087 sent 2024-12-19 18:44:25.530950
INFO:Message received on topic: type-3/30 with payload size: 101 at 2024-12-19 18:44:26.680628 sent 2024-12-19 18:44:26.277854
INFO:Message received on topic: type-3/37 with payload size: 139 at 2024-12-19 18:44:27.979537 sent 2024-12-19 18:44:27.734909
INFO:Message received on topic: type-3/38 with payload size: 144 at 2024-12-19 18:44:28.813027 sent 2024-12-19 18:44:28.753455
INFO:Message received on topic: type-3/39 with payload size: 122 at 2024-12-19 18:44:29.994172 sent 2024-12-19 18:44:29.907208
INFO:Message received on topic: type-3/32 with payload size: 115 at 2024-12-19 18:44:30.703676 sent 2024-12-19 18:44:30.634469
INFO:Message received on topic: type-3/38 with payload size: 147 at 2024-12-19 18:44:31.892726 sent 2024-12-19 18:44:31.829033
INFO:Message received on topic: type-3/38 with payload size: 136 at 2024-12-19 18:44:32.997400 sent 2024-12-19 18:44:32.641334
INFO:Message received on topic: type-3/36 with payload size: 108 at 2024-12-19 18:44:33.995070 sent 2024-12-19 18:44:33.981608
INFO:Message received on topic: type-3/37 with payload size: 121 at 2024-12-19 18:44:34.798799 sent 2024-12-19 18:44:34.780158
INFO:Message received on topic: type-3/32 with payload size: 98 at 2024-12-19 18:44:35.997337 sent 2024-12-19 18:44:35.928850
INFO:Message received on topic: type-3/39 with payload size: 105 at 2024-12-19 18:44:37.406580 sent 2024-12-19 18:44:37.135089
INFO:Message received on topic: type-3/34 with payload size: 126 at 2024-12-19 18:44:38.408818 sent 2024-12-19 18:44:37.449324
INFO:Message received on topic: type-3/33 with payload size: 136 at 2024-12-19 18:44:39.180635 sent 2024-12-19 18:44:38.661441
INFO:Message received on topic: type-3/31 with payload size: 112 at 2024-12-19 18:44:40.075084 sent 2024-12-19 18:44:39.987172
INFO:Message received on topic: type-3/35 with payload size: 150 at 2024-12-19 18:44:40.987830 sent 2024-12-19 18:44:40.840673
INFO:Message received on topic: type-3/35 with payload size: 92 at 2024-12-19 18:44:42.200702 sent 2024-12-19 18:44:41.347107
INFO:Message received on topic: type-3/36 with payload size: 111 at 2024-12-19 18:44:43.610679 sent 2024-12-19 18:44:43.551653
INFO:Message received on topic: type-3/37 with payload size: 119 at 2024-12-19 18:44:44.480045 sent 2024-12-19 18:44:43.553732
INFO:Message received on topic: type-3/36 with payload size: 110 at 2024-12-19 18:44:45.218128 sent 2024-12-19 18:44:45.174537
INFO:Message received on topic: type-3/33 with payload size: 111 at 2024-12-19 18:44:46.292665 sent 2024-12-19 18:44:46.207173
INFO:Message received on topic: type-3/34 with payload size: 104 at 2024-12-19 18:44:47.202614 sent 2024-12-19 18:44:46.944621
INFO:Message received on topic: type-3/34 with payload size: 150 at 2024-12-19 18:44:48.786615 sent 2024-12-19 18:44:47.551345
INFO:Message received on topic: type-3/30 with payload size: 105 at 2024-12-19 18:44:49.518824 sent 2024-12-19 18:44:48.653578
INFO:Message received on topic: type-3/31 with payload size: 111 at 2024-12-19 18:44:50.220169 sent 2024-12-19 18:44:49.964471
INFO:Message received on topic: type-3/35 with payload size: 129 at 2024-12-19 18:44:51.301410 sent 2024-12-19 18:44:51.226790
INFO:Message received on topic: type-3/32 with payload size: 128 at 2024-12-19 18:44:52.400723 sent 2024-12-19 18:44:52.336663
INFO:Message received on topic: type-3/38 with payload size: 123 at 2024-12-19 18:44:53.981823 sent 2024-12-19 18:44:53.909924
INFO:Message received on topic: type-3/36 with payload size: 130 at 2024-12-19 18:44:55.000215 sent 2024-12-19 18:44:54.667563
INFO:Message received on topic: type-3/31 with payload size: 101 at 2024-12-19 18:44:55.601168 sent 2024-12-19 18:44:53.533895
INFO:Message received on topic: type-3/31 with payload size: 148 at 2024-12-19 18:44:56.398379 sent 2024-12-19 18:44:56.387655
INFO:Message received on topic: type-3/33 with payload size: 100 at 2024-12-19 18:44:57.495519 sent 2024-12-19 18:44:57.437850
INFO:Message received on topic: type-3/33 with payload size: 118 at 2024-12-19 18:44:59.507719 sent 2024-12-19 18:44:58.150033
INFO:Message received on topic: type-3/37 with payload size: 106 at 2024-12-19 18:45:00.120758 sent 2024-12-19 18:44:58.646408
INFO:Message received on topic: type-3/37 with payload size: 98 at 2024-12-19 18:45:00.605895 sent 2024-12-19 18:45:00.589758
INFO:Message received on topic: type-3/34 with payload size: 93 at 2024-12-19 18:45:01.593361 sent 2024-12-19 18:45:01.526961
INFO:Message received on topic: type-3/37 with payload size: 126 at 2024-12-19 18:45:02.692684 sent 2024-12-19 18:45:02.531370
INFO:Message received on topic: type-3/31 with payload size: 92 at 2024-12-19 18:45:03.685831 sent 2024-12-19 18:45:03.613579
INFO:Message received on topic: type-3/35 with payload size: 106 at 2024-12-19 18:45:04.691446 sent 2024-12-19 18:45:04.669938
INFO:Message received on topic: type-3/37 with payload size: 100 at 2024-12-19 18:45:05.715340 sent 2024-12-19 18:45:05.685518
INFO:Message received on topic: type-3/32 with payload size: 114 at 2024-12-19 18:45:06.698562 sent 2024-12-19 18:45:06.681552
INFO:Message received on topic: type-3/35 with payload size: 108 at 2024-12-19 18:45:07.714896 sent 2024-12-19 18:45:07.528097
INFO:Message received on topic: type-3/32 with payload size: 96 at 2024-12-19 18:45:09.085567 sent 2024-12-19 18:45:09.020915
INFO:Message received on topic: type-3/33 with payload size: 104 at 2024-12-19 18:45:10.389980 sent 2024-12-19 18:45:10.066781
INFO:Message received on topic: type-3/35 with payload size: 95 at 2024-12-19 18:45:11.112593 sent 2024-12-19 18:45:11.089542
INFO:Message received on topic: type-3/36 with payload size: 149 at 2024-12-19 18:45:11.794651 sent 2024-12-19 18:45:11.770417
INFO:Message received on topic: type-3/36 with payload size: 133 at 2024-12-19 18:45:12.812174 sent 2024-12-19 18:45:12.788775
INFO:Message received on topic: type-3/32 with payload size: 118 at 2024-12-19 18:45:14.087434 sent 2024-12-19 18:45:14.011785
INFO:Message received on topic: type-3/33 with payload size: 147 at 2024-12-19 18:45:15.404258 sent 2024-12-19 18:45:14.555676
INFO:Message received on topic: type-3/34 with payload size: 107 at 2024-12-19 18:45:16.085880 sent 2024-12-19 18:45:15.969555
INFO:Message received on topic: type-3/38 with payload size: 111 at 2024-12-19 18:45:17.692189 sent 2024-12-19 18:45:16.044189
INFO:Message received on topic: type-3/30 with payload size: 137 at 2024-12-19 18:45:18.085974 sent 2024-12-19 18:45:17.879701
INFO:Message received on topic: type-3/38 with payload size: 121 at 2024-12-19 18:45:19.316722 sent 2024-12-19 18:45:19.204921
INFO:Message received on topic: type-3/33 with payload size: 153 at 2024-12-19 18:45:20.205747 sent 2024-12-19 18:45:20.186893
INFO:Message received on topic: type-3/33 with payload size: 106 at 2024-12-19 18:45:21.394843 sent 2024-12-19 18:45:21.319363
INFO:Message received on topic: type-3/38 with payload size: 102 at 2024-12-19 18:45:22.309773 sent 2024-12-19 18:45:22.272287
INFO:Message received on topic: type-3/37 with payload size: 142 at 2024-12-19 18:45:23.291707 sent 2024-12-19 18:45:23.197189
INFO:Message received on topic: type-3/31 with payload size: 99 at 2024-12-19 18:45:24.274642 sent 2024-12-19 18:45:24.106062
INFO:Message received on topic: type-3/39 with payload size: 153 at 2024-12-19 18:45:25.386225 sent 2024-12-19 18:45:24.934215
INFO:Message received on topic: type-3/37 with payload size: 129 at 2024-12-19 18:45:26.400176 sent 2024-12-19 18:45:25.038603
INFO:Message received on topic: type-3/37 with payload size: 103 at 2024-12-19 18:45:27.205691 sent 2024-12-19 18:45:27.166871
INFO:Message received on topic: type-3/31 with payload size: 109 at 2024-12-19 18:45:28.286568 sent 2024-12-19 18:45:28.266905
INFO:Message received on topic: type-3/33 with payload size: 115 at 2024-12-19 18:45:29.382123 sent 2024-12-19 18:45:28.837163
INFO:Message received on topic: type-3/31 with payload size: 135 at 2024-12-19 18:45:30.398129 sent 2024-12-19 18:45:30.308174
INFO:Message received on topic: type-3/39 with payload size: 134 at 2024-12-19 18:45:31.510888 sent 2024-12-19 18:45:31.454199
INFO:Message received on topic: type-3/38 with payload size: 139 at 2024-12-19 18:45:32.393543 sent 2024-12-19 18:45:32.367946
INFO:Message received on topic: type-3/34 with payload size: 114 at 2024-12-19 18:45:33.407539 sent 2024-12-19 18:45:33.372856
INFO:Message received on topic: type-3/36 with payload size: 109 at 2024-12-19 18:45:34.479189 sent 2024-12-19 18:45:34.393703
INFO:Message received on topic: type-3/35 with payload size: 98 at 2024-12-19 18:45:35.612875 sent 2024-12-19 18:45:34.832976
INFO:Message received on topic: type-3/37 with payload size: 154 at 2024-12-19 18:45:36.690228 sent 2024-12-19 18:45:36.135560
INFO:Message received on topic: type-3/32 with payload size: 132 at 2024-12-19 18:45:37.611570 sent 2024-12-19 18:45:37.544116
INFO:Message received on topic: type-3/35 with payload size: 148 at 2024-12-19 18:45:38.592065 sent 2024-12-19 18:45:38.517827
INFO:Message received on topic: type-3/35 with payload size: 119 at 2024-12-19 18:45:39.685359 sent 2024-12-19 18:45:39.555928
INFO:Message received on topic: type-3/34 with payload size: 120 at 2024-12-19 18:45:40.682100 sent 2024-12-19 18:45:40.608105
INFO:Message received on topic: type-3/39 with payload size: 121 at 2024-12-19 18:45:41.826898 sent 2024-12-19 18:45:41.634416
INFO:Message received on topic: type-3/35 with payload size: 103 at 2024-12-19 18:45:43.286492 sent 2024-12-19 18:45:43.228604
INFO:Message received on topic: type-3/39 with payload size: 93 at 2024-12-19 18:45:44.413038 sent 2024-12-19 18:45:44.379733
INFO:Message received on topic: type-3/30 with payload size: 111 at 2024-12-19 18:45:45.033448 sent 2024-12-19 18:45:44.968499
INFO:Message received on topic: type-3/38 with payload size: 117 at 2024-12-19 18:45:45.786133 sent 2024-12-19 18:45:45.713689
INFO:Message received on topic: type-3/36 with payload size: 134 at 2024-12-19 18:45:46.997899 sent 2024-12-19 18:45:46.726193
INFO:Message received on topic: type-3/32 with payload size: 104 at 2024-12-19 18:45:48.212294 sent 2024-12-19 18:45:48.141861
INFO:Message received on topic: type-3/38 with payload size: 93 at 2024-12-19 18:45:49.406452 sent 2024-12-19 18:45:49.378387
INFO:Message received on topic: type-3/32 with payload size: 124 at 2024-12-19 18:45:50.183539 sent 2024-12-19 18:45:49.256642
INFO:Message received on topic: type-3/34 with payload size: 92 at 2024-12-19 18:45:50.911094 sent 2024-12-19 18:45:50.875759
INFO:Message received on topic: type-3/31 with payload size: 133 at 2024-12-19 18:45:52.207188 sent 2024-12-19 18:45:52.198619
INFO:Message received on topic: type-3/33 with payload size: 101 at 2024-12-19 18:45:53.495951 sent 2024-12-19 18:45:53.472601
INFO:Message received on topic: type-3/31 with payload size: 108 at 2024-12-19 18:45:54.184594 sent 2024-12-19 18:45:54.127975
INFO:Message received on topic: type-3/36 with payload size: 136 at 2024-12-19 18:45:55.401852 sent 2024-12-19 18:45:55.321115
INFO:Message received on topic: type-3/38 with payload size: 125 at 2024-12-19 18:45:56.318777 sent 2024-12-19 18:45:56.236594
INFO:Message received on topic: type-3/31 with payload size: 121 at 2024-12-19 18:45:57.197904 sent 2024-12-19 18:45:57.168729
INFO:Message received on topic: type-3/31 with payload size: 100 at 2024-12-19 18:45:58.202363 sent 2024-12-19 18:45:58.183488
INFO:Message received on topic: type-3/32 with payload size: 120 at 2024-12-19 18:45:59.275637 sent 2024-12-19 18:45:59.126091
INFO:Message received on topic: type-3/34 with payload size: 98 at 2024-12-19 18:46:00.198114 sent 2024-12-19 18:46:00.149167
INFO:Message received on topic: type-3/32 with payload size: 148 at 2024-12-19 18:46:01.287528 sent 2024-12-19 18:46:01.164684
INFO:Message received on topic: type-3/31 with payload size: 128 at 2024-12-19 18:46:02.296848 sent 2024-12-19 18:46:02.265211
INFO:Message received on topic: type-3/34 with payload size: 117 at 2024-12-19 18:46:03.302595 sent 2024-12-19 18:46:03.220176
INFO:Message received on topic: type-3/38 with payload size: 127 at 2024-12-19 18:46:04.314701 sent 2024-12-19 18:46:04.296890
INFO:Message received on topic: type-3/39 with payload size: 155 at 2024-12-19 18:46:05.403381 sent 2024-12-19 18:46:05.318528
INFO:Message received on topic: type-3/38 with payload size: 143 at 2024-12-19 18:46:06.403730 sent 2024-12-19 18:46:06.334398
INFO:Message received on topic: type-3/37 with payload size: 112 at 2024-12-19 18:46:07.398108 sent 2024-12-19 18:46:07.038878
INFO:Message received on topic: type-3/31 with payload size: 124 at 2024-12-19 18:46:08.394664 sent 2024-12-19 18:46:08.372958
INFO:Message received on topic: type-3/33 with payload size: 99 at 2024-12-19 18:46:09.700145 sent 2024-12-19 18:46:09.517369
INFO:Message received on topic: type-3/36 with payload size: 155 at 2024-12-19 18:46:10.496850 sent 2024-12-19 18:46:10.418849
INFO:Message received on topic: type-3/30 with payload size: 116 at 2024-12-19 18:46:11.591039 sent 2024-12-19 18:46:11.566386
INFO:Message received on topic: type-3/31 with payload size: 129 at 2024-12-19 18:46:12.590992 sent 2024-12-19 18:46:12.555840
INFO:Message received on topic: type-3/35 with payload size: 148 at 2024-12-19 18:46:13.594093 sent 2024-12-19 18:46:13.518529
INFO:Message received on topic: type-3/36 with payload size: 127 at 2024-12-19 18:46:14.704205 sent 2024-12-19 18:46:14.679906
INFO:Message received on topic: type-3/38 with payload size: 102 at 2024-12-19 18:46:15.616424 sent 2024-12-19 18:46:15.590590
INFO:Message received on topic: type-3/36 with payload size: 110 at 2024-12-19 18:46:16.807949 sent 2024-12-19 18:46:16.729356
INFO:Message received on topic: type-3/37 with payload size: 149 at 2024-12-19 18:46:17.700091 sent 2024-12-19 18:46:17.646490
INFO:Message received on topic: type-3/39 with payload size: 114 at 2024-12-19 18:46:18.717550 sent 2024-12-19 18:46:18.668660
INFO:Message received on topic: type-3/34 with payload size: 96 at 2024-12-19 18:46:19.789502 sent 2024-12-19 18:46:19.732790
INFO:Message received on topic: type-3/34 with payload size: 131 at 2024-12-19 18:46:20.796843 sent 2024-12-19 18:46:20.746643
INFO:Message received on topic: type-3/37 with payload size: 123 at 2024-12-19 18:46:21.891082 sent 2024-12-19 18:46:21.730307
INFO:Message received on topic: type-3/34 with payload size: 94 at 2024-12-19 18:46:22.890337 sent 2024-12-19 18:46:22.804044
INFO:Message received on topic: type-3/37 with payload size: 115 at 2024-12-19 18:46:23.901230 sent 2024-12-19 18:46:23.860682
INFO:Message received on topic: type-3/38 with payload size: 149 at 2024-12-19 18:46:25.073914 sent 2024-12-19 18:46:24.948040
INFO:Message received on topic: type-3/38 with payload size: 116 at 2024-12-19 18:46:25.907967 sent 2024-12-19 18:46:25.860895
INFO:Message received on topic: type-3/34 with payload size: 137 at 2024-12-19 18:46:27.007705 sent 2024-12-19 18:46:26.973961
INFO:Message received on topic: type-3/33 with payload size: 113 at 2024-12-19 18:46:28.112305 sent 2024-12-19 18:46:27.534477
INFO:Message received on topic: type-3/39 with payload size: 153 at 2024-12-19 18:46:29.007617 sent 2024-12-19 18:46:28.959387
INFO:Message received on topic: type-3/39 with payload size: 122 at 2024-12-19 18:46:30.049072 sent 2024-12-19 18:46:29.976485
INFO:Message received on topic: type-3/35 with payload size: 122 at 2024-12-19 18:46:31.098489 sent 2024-12-19 18:46:30.740334
INFO:Message received on topic: type-3/35 with payload size: 135 at 2024-12-19 18:46:32.098105 sent 2024-12-19 18:46:32.064712
INFO:Message received on topic: type-3/30 with payload size: 104 at 2024-12-19 18:46:33.286326 sent 2024-12-19 18:46:32.737619
INFO:Message received on topic: type-3/36 with payload size: 143 at 2024-12-19 18:46:34.352229 sent 2024-12-19 18:46:33.736551
INFO:Message received on topic: type-3/34 with payload size: 132 at 2024-12-19 18:46:35.401954 sent 2024-12-19 18:46:34.026147
INFO:Message received on topic: type-3/36 with payload size: 101 at 2024-12-19 18:46:36.255778 sent 2024-12-19 18:46:36.184385
INFO:Message received on topic: type-3/32 with payload size: 114 at 2024-12-19 18:46:37.301362 sent 2024-12-19 18:46:37.247435
INFO:Message received on topic: type-3/30 with payload size: 92 at 2024-12-19 18:46:38.594106 sent 2024-12-19 18:46:37.526461
INFO:Message received on topic: type-3/30 with payload size: 98 at 2024-12-19 18:46:39.298217 sent 2024-12-19 18:46:39.256816
INFO:Message received on topic: type-3/31 with payload size: 104 at 2024-12-19 18:46:40.495323 sent 2024-12-19 18:46:40.397204
INFO:Message received on topic: type-3/38 with payload size: 132 at 2024-12-19 18:46:41.453997 sent 2024-12-19 18:46:41.365564
INFO:Message received on topic: type-3/34 with payload size: 107 at 2024-12-19 18:46:42.503775 sent 2024-12-19 18:46:42.471952
INFO:Message received on topic: type-3/34 with payload size: 121 at 2024-12-19 18:46:43.478077 sent 2024-12-19 18:46:43.392943
INFO:Message received on topic: type-3/39 with payload size: 92 at 2024-12-19 18:46:44.578644 sent 2024-12-19 18:46:44.037774
INFO:Message received on topic: type-3/34 with payload size: 132 at 2024-12-19 18:46:45.618071 sent 2024-12-19 18:46:45.130459
INFO:Message received on topic: type-3/38 with payload size: 144 at 2024-12-19 18:46:46.559553 sent 2024-12-19 18:46:46.459573
INFO:Message received on topic: type-3/33 with payload size: 119 at 2024-12-19 18:46:47.592674 sent 2024-12-19 18:46:47.436934
INFO:Message received on topic: type-3/36 with payload size: 145 at 2024-12-19 18:46:48.784725 sent 2024-12-19 18:46:48.744734
INFO:Message received on topic: type-3/32 with payload size: 136 at 2024-12-19 18:46:49.697969 sent 2024-12-19 18:46:49.610358
INFO:Message received on topic: type-3/34 with payload size: 103 at 2024-12-19 18:46:50.804218 sent 2024-12-19 18:46:50.752888
INFO:Message received on topic: type-3/35 with payload size: 134 at 2024-12-19 18:46:51.696019 sent 2024-12-19 18:46:51.662508
INFO:Message received on topic: type-3/39 with payload size: 115 at 2024-12-19 18:46:52.806715 sent 2024-12-19 18:46:52.715222
INFO:Message received on topic: type-3/32 with payload size: 110 at 2024-12-19 18:46:53.799637 sent 2024-12-19 18:46:53.774403
INFO:Message received on topic: type-3/33 with payload size: 140 at 2024-12-19 18:46:55.208666 sent 2024-12-19 18:46:55.091529
INFO:Message received on topic: type-3/31 with payload size: 119 at 2024-12-19 18:46:55.896743 sent 2024-12-19 18:46:55.857495
INFO:Message received on topic: type-3/34 with payload size: 104 at 2024-12-19 18:46:56.852853 sent 2024-12-19 18:46:56.767918
INFO:Message received on topic: type-3/33 with payload size: 103 at 2024-12-19 18:46:57.957195 sent 2024-12-19 18:46:57.833968
INFO:Message received on topic: type-3/32 with payload size: 128 at 2024-12-19 18:46:58.901791 sent 2024-12-19 18:46:58.862485
INFO:Message received on topic: type-3/36 with payload size: 102 at 2024-12-19 18:47:00.152773 sent 2024-12-19 18:46:59.434959
INFO:Message received on topic: type-3/33 with payload size: 108 at 2024-12-19 18:47:00.986953 sent 2024-12-19 18:47:00.904595
INFO:Message received on topic: type-3/32 with payload size: 146 at 2024-12-19 18:47:01.998772 sent 2024-12-19 18:47:01.923894
INFO:Message received on topic: type-3/33 with payload size: 152 at 2024-12-19 18:47:03.001006 sent 2024-12-19 18:47:02.534532
INFO:Message received on topic: type-3/33 with payload size: 135 at 2024-12-19 18:47:03.997557 sent 2024-12-19 18:47:03.971925
INFO:Message received on topic: type-3/36 with payload size: 116 at 2024-12-19 18:47:05.246180 sent 2024-12-19 18:47:04.933621
INFO:Message received on topic: type-3/35 with payload size: 141 at 2024-12-19 18:47:06.281544 sent 2024-12-19 18:47:06.219176
INFO:Message received on topic: type-3/39 with payload size: 126 at 2024-12-19 18:47:07.397111 sent 2024-12-19 18:47:07.363616
INFO:Message received on topic: type-3/35 with payload size: 149 at 2024-12-19 18:47:08.203049 sent 2024-12-19 18:47:07.940299
INFO:Message received on topic: type-3/37 with payload size: 142 at 2024-12-19 18:47:09.182110 sent 2024-12-19 18:47:09.087978
INFO:Message received on topic: type-3/30 with payload size: 111 at 2024-12-19 18:47:10.188811 sent 2024-12-19 18:47:10.113180
INFO:Message received on topic: type-3/34 with payload size: 102 at 2024-12-19 18:47:11.497032 sent 2024-12-19 18:47:10.823748
INFO:Message received on topic: type-3/37 with payload size: 125 at 2024-12-19 18:47:12.286390 sent 2024-12-19 18:47:12.247082
INFO:Message received on topic: type-3/38 with payload size: 136 at 2024-12-19 18:47:13.449007 sent 2024-12-19 18:47:12.225900
INFO:Message received on topic: type-3/33 with payload size: 121 at 2024-12-19 18:47:14.293347 sent 2024-12-19 18:47:14.248000
INFO:Message received on topic: type-3/30 with payload size: 95 at 2024-12-19 18:47:15.381705 sent 2024-12-19 18:47:15.311606
INFO:Message received on topic: type-3/38 with payload size: 104 at 2024-12-19 18:47:16.572756 sent 2024-12-19 18:47:16.318844
INFO:Message received on topic: type-3/32 with payload size: 123 at 2024-12-19 18:47:17.476295 sent 2024-12-19 18:47:17.412941
INFO:Message received on topic: type-3/36 with payload size: 121 at 2024-12-19 18:47:18.577111 sent 2024-12-19 18:47:18.458156
INFO:Message received on topic: type-3/33 with payload size: 107 at 2024-12-19 18:47:19.485993 sent 2024-12-19 18:47:19.445591
INFO:Message received on topic: type-3/31 with payload size: 120 at 2024-12-19 18:47:20.470105 sent 2024-12-19 18:47:20.414850
INFO:Message received on topic: type-3/32 with payload size: 153 at 2024-12-19 18:47:21.498528 sent 2024-12-19 18:47:21.472825
INFO:Message received on topic: type-3/36 with payload size: 100 at 2024-12-19 18:47:22.794718 sent 2024-12-19 18:47:22.338538
INFO:Message received on topic: type-3/35 with payload size: 133 at 2024-12-19 18:47:23.600623 sent 2024-12-19 18:47:23.237695
INFO:Message received on topic: type-3/34 with payload size: 100 at 2024-12-19 18:47:24.689516 sent 2024-12-19 18:47:24.671654
INFO:Message received on topic: type-3/31 with payload size: 148 at 2024-12-19 18:47:25.653935 sent 2024-12-19 18:47:25.535373
INFO:Message received on topic: type-3/31 with payload size: 154 at 2024-12-19 18:47:26.694130 sent 2024-12-19 18:47:26.659086
INFO:Message received on topic: type-3/34 with payload size: 154 at 2024-12-19 18:47:28.176328 sent 2024-12-19 18:47:28.146782
INFO:Message received on topic: type-3/34 with payload size: 109 at 2024-12-19 18:47:28.903540 sent 2024-12-19 18:47:28.858483
INFO:Message received on topic: type-3/37 with payload size: 144 at 2024-12-19 18:47:29.701945 sent 2024-12-19 18:47:29.668193
INFO:Message received on topic: type-3/35 with payload size: 141 at 2024-12-19 18:47:30.903903 sent 2024-12-19 18:47:30.876377
INFO:Message received on topic: type-3/39 with payload size: 134 at 2024-12-19 18:47:31.890939 sent 2024-12-19 18:47:31.803600
INFO:Message received on topic: type-3/33 with payload size: 118 at 2024-12-19 18:47:32.976949 sent 2024-12-19 18:47:32.918857
INFO:Message received on topic: type-3/30 with payload size: 126 at 2024-12-19 18:47:34.179933 sent 2024-12-19 18:47:34.038140
INFO:Message received on topic: type-3/30 with payload size: 110 at 2024-12-19 18:47:34.947122 sent 2024-12-19 18:47:34.851830
INFO:Message received on topic: type-3/38 with payload size: 151 at 2024-12-19 18:47:35.901184 sent 2024-12-19 18:47:35.882864
INFO:Message received on topic: type-3/30 with payload size: 126 at 2024-12-19 18:47:37.177537 sent 2024-12-19 18:47:37.104901
INFO:Message received on topic: type-3/30 with payload size: 100 at 2024-12-19 18:47:38.061370 sent 2024-12-19 18:47:37.916041
INFO:Message received on topic: type-3/39 with payload size: 144 at 2024-12-19 18:47:39.151281 sent 2024-12-19 18:47:38.637217
INFO:Message received on topic: type-3/30 with payload size: 95 at 2024-12-19 18:47:40.172472 sent 2024-12-19 18:47:39.941155
INFO:Message received on topic: type-3/37 with payload size: 91 at 2024-12-19 18:47:41.070054 sent 2024-12-19 18:47:40.998848
INFO:Message received on topic: type-3/37 with payload size: 120 at 2024-12-19 18:47:42.082647 sent 2024-12-19 18:47:42.013862
INFO:Message received on topic: type-3/32 with payload size: 96 at 2024-12-19 18:47:43.259955 sent 2024-12-19 18:47:42.735631
INFO:Message received on topic: type-3/35 with payload size: 115 at 2024-12-19 18:47:44.190126 sent 2024-12-19 18:47:44.015282
INFO:Message received on topic: type-3/32 with payload size: 143 at 2024-12-19 18:47:45.247545 sent 2024-12-19 18:47:45.180125
INFO:Message received on topic: type-3/36 with payload size: 98 at 2024-12-19 18:47:46.281351 sent 2024-12-19 18:47:46.263465
INFO:Message received on topic: type-3/35 with payload size: 113 at 2024-12-19 18:47:47.195004 sent 2024-12-19 18:47:47.163427
INFO:Message received on topic: type-3/31 with payload size: 143 at 2024-12-19 18:47:48.265609 sent 2024-12-19 18:47:48.119466
INFO:Message received on topic: type-3/36 with payload size: 139 at 2024-12-19 18:47:49.399159 sent 2024-12-19 18:47:49.315887
INFO:Message received on topic: type-3/38 with payload size: 103 at 2024-12-19 18:47:50.583321 sent 2024-12-19 18:47:50.552977
INFO:Message received on topic: type-3/33 with payload size: 152 at 2024-12-19 18:47:51.381562 sent 2024-12-19 18:47:51.349135
INFO:Message received on topic: type-3/30 with payload size: 121 at 2024-12-19 18:47:52.384458 sent 2024-12-19 18:47:51.936718
INFO:Message received on topic: type-3/34 with payload size: 136 at 2024-12-19 18:47:53.389955 sent 2024-12-19 18:47:53.378425
INFO:Message received on topic: type-3/33 with payload size: 131 at 2024-12-19 18:47:54.584884 sent 2024-12-19 18:47:54.504751
INFO:Message received on topic: type-3/39 with payload size: 119 at 2024-12-19 18:47:55.497681 sent 2024-12-19 18:47:55.409352
INFO:Message received on topic: type-3/37 with payload size: 95 at 2024-12-19 18:47:56.779279 sent 2024-12-19 18:47:56.769852
INFO:Message received on topic: type-3/36 with payload size: 108 at 2024-12-19 18:47:57.687443 sent 2024-12-19 18:47:56.021007
INFO:Message received on topic: type-3/30 with payload size: 108 at 2024-12-19 18:47:58.679224 sent 2024-12-19 18:47:57.829350
INFO:Message received on topic: type-3/36 with payload size: 126 at 2024-12-19 18:47:59.547592 sent 2024-12-19 18:47:59.486420
INFO:Message received on topic: type-3/33 with payload size: 142 at 2024-12-19 18:48:00.891183 sent 2024-12-19 18:48:00.803328
INFO:Message received on topic: type-3/31 with payload size: 96 at 2024-12-19 18:48:01.582709 sent 2024-12-19 18:48:01.542349
INFO:Message received on topic: type-3/36 with payload size: 99 at 2024-12-19 18:48:02.592393 sent 2024-12-19 18:48:02.533095
INFO:Message received on topic: type-3/38 with payload size: 131 at 2024-12-19 18:48:03.598776 sent 2024-12-19 18:48:03.589455
INFO:Message received on topic: type-3/34 with payload size: 129 at 2024-12-19 18:48:04.688147 sent 2024-12-19 18:48:04.663690
INFO:Message received on topic: type-3/39 with payload size: 106 at 2024-12-19 18:48:05.790399 sent 2024-12-19 18:48:05.781550
INFO:Message received on topic: type-3/33 with payload size: 119 at 2024-12-19 18:48:06.762555 sent 2024-12-19 18:48:06.694517
INFO:Message received on topic: type-3/34 with payload size: 151 at 2024-12-19 18:48:07.871034 sent 2024-12-19 18:48:07.813644
INFO:Message received on topic: type-3/34 with payload size: 102 at 2024-12-19 18:48:08.774684 sent 2024-12-19 18:48:08.725425
INFO:Message received on topic: type-3/39 with payload size: 143 at 2024-12-19 18:48:09.886139 sent 2024-12-19 18:48:09.742221
INFO:Message received on topic: type-3/33 with payload size: 121 at 2024-12-19 18:48:10.890606 sent 2024-12-19 18:48:10.873017
INFO:Message received on topic: type-3/38 with payload size: 154 at 2024-12-19 18:48:11.881298 sent 2024-12-19 18:48:11.728700
INFO:Message received on topic: type-3/31 with payload size: 137 at 2024-12-19 18:48:12.885469 sent 2024-12-19 18:48:12.814483
INFO:Message received on topic: type-3/37 with payload size: 120 at 2024-12-19 18:48:13.902231 sent 2024-12-19 18:48:13.831578
INFO:Message received on topic: type-3/31 with payload size: 137 at 2024-12-19 18:48:14.982711 sent 2024-12-19 18:48:14.948812
INFO:Message received on topic: type-3/34 with payload size: 154 at 2024-12-19 18:48:15.989380 sent 2024-12-19 18:48:15.946220
INFO:Message received on topic: type-3/37 with payload size: 96 at 2024-12-19 18:48:17.000960 sent 2024-12-19 18:48:16.980644
INFO:Message received on topic: type-3/34 with payload size: 110 at 2024-12-19 18:48:17.982945 sent 2024-12-19 18:48:17.974694
INFO:Message received on topic: type-3/33 with payload size: 103 at 2024-12-19 18:48:19.102123 sent 2024-12-19 18:48:18.998616
INFO:Message received on topic: type-3/34 with payload size: 145 at 2024-12-19 18:48:20.100677 sent 2024-12-19 18:48:20.004614
INFO:Message received on topic: type-3/31 with payload size: 143 at 2024-12-19 18:48:21.187998 sent 2024-12-19 18:48:20.734085
INFO:Message received on topic: type-3/38 with payload size: 110 at 2024-12-19 18:48:22.149907 sent 2024-12-19 18:48:22.101322
INFO:Message received on topic: type-3/37 with payload size: 95 at 2024-12-19 18:48:23.149829 sent 2024-12-19 18:48:23.083984
INFO:Message received on topic: type-3/30 with payload size: 102 at 2024-12-19 18:48:24.185777 sent 2024-12-19 18:48:24.149725
INFO:Message received on topic: type-3/39 with payload size: 120 at 2024-12-19 18:48:25.189691 sent 2024-12-19 18:48:25.177154
INFO:Message received on topic: type-3/34 with payload size: 146 at 2024-12-19 18:48:26.251354 sent 2024-12-19 18:48:26.191049
INFO:Message received on topic: type-3/37 with payload size: 134 at 2024-12-19 18:48:27.279079 sent 2024-12-19 18:48:27.247350
INFO:Message received on topic: type-3/31 with payload size: 93 at 2024-12-19 18:48:28.303082 sent 2024-12-19 18:48:28.259711
INFO:Message received on topic: type-3/37 with payload size: 124 at 2024-12-19 18:48:29.293209 sent 2024-12-19 18:48:29.284647
INFO:Message received on topic: type-3/31 with payload size: 145 at 2024-12-19 18:48:30.355039 sent 2024-12-19 18:48:30.294310
INFO:Message received on topic: type-3/36 with payload size: 143 at 2024-12-19 18:48:31.300387 sent 2024-12-19 18:48:31.281950
INFO:Message received on topic: type-3/31 with payload size: 93 at 2024-12-19 18:48:32.355602 sent 2024-12-19 18:48:32.321275
INFO:Message received on topic: type-3/39 with payload size: 130 at 2024-12-19 18:48:33.446340 sent 2024-12-19 18:48:33.397186
INFO:Message received on topic: type-3/38 with payload size: 120 at 2024-12-19 18:48:34.445852 sent 2024-12-19 18:48:34.393468
INFO:Message received on topic: type-3/38 with payload size: 148 at 2024-12-19 18:48:35.498521 sent 2024-12-19 18:48:35.408322
INFO:Message received on topic: type-3/38 with payload size: 148 at 2024-12-19 18:48:36.471465 sent 2024-12-19 18:48:36.422051
INFO:Message received on topic: type-3/39 with payload size: 100 at 2024-12-19 18:48:37.483974 sent 2024-12-19 18:48:37.449402
INFO:Message received on topic: type-3/39 with payload size: 125 at 2024-12-19 18:48:38.497777 sent 2024-12-19 18:48:38.464267
INFO:Message received on topic: type-3/39 with payload size: 139 at 2024-12-19 18:48:39.491781 sent 2024-12-19 18:48:39.480326
INFO:Message received on topic: type-3/36 with payload size: 103 at 2024-12-19 18:48:40.576467 sent 2024-12-19 18:48:40.511429
INFO:Message received on topic: type-3/33 with payload size: 149 at 2024-12-19 18:48:41.586410 sent 2024-12-19 18:48:41.526108
INFO:Message received on topic: type-3/31 with payload size: 92 at 2024-12-19 18:48:42.587998 sent 2024-12-19 18:48:42.576870
INFO:Message received on topic: type-3/31 with payload size: 140 at 2024-12-19 18:48:43.594650 sent 2024-12-19 18:48:43.591858
INFO:Message received on topic: type-3/38 with payload size: 148 at 2024-12-19 18:48:44.683043 sent 2024-12-19 18:48:44.537435
INFO:Message received on topic: type-3/30 with payload size: 148 at 2024-12-19 18:48:45.689006 sent 2024-12-19 18:48:45.662348
INFO:Message received on topic: type-3/35 with payload size: 142 at 2024-12-19 18:48:46.696467 sent 2024-12-19 18:48:46.690000
INFO:Message received on topic: type-3/30 with payload size: 115 at 2024-12-19 18:48:47.706189 sent 2024-12-19 18:48:47.695604
INFO:Message received on topic: type-3/35 with payload size: 125 at 2024-12-19 18:48:48.781334 sent 2024-12-19 18:48:48.715591
INFO:Message received on topic: type-3/38 with payload size: 143 at 2024-12-19 18:48:49.809368 sent 2024-12-19 18:48:49.707881
INFO:Message received on topic: type-3/36 with payload size: 121 at 2024-12-19 18:48:50.788685 sent 2024-12-19 18:48:50.760628
INFO:Message received on topic: type-3/36 with payload size: 135 at 2024-12-19 18:48:51.794515 sent 2024-12-19 18:48:51.776282
INFO:Message received on topic: type-3/37 with payload size: 96 at 2024-12-19 18:48:52.877145 sent 2024-12-19 18:48:52.823320
INFO:Message received on topic: type-3/38 with payload size: 134 at 2024-12-19 18:48:53.884450 sent 2024-12-19 18:48:53.870114
INFO:Message received on topic: type-3/31 with payload size: 133 at 2024-12-19 18:48:54.882456 sent 2024-12-19 18:48:54.854803
INFO:Message received on topic: type-3/38 with payload size: 128 at 2024-12-19 18:48:55.971233 sent 2024-12-19 18:48:55.899382
INFO:Message received on topic: type-3/39 with payload size: 99 at 2024-12-19 18:48:56.992770 sent 2024-12-19 18:48:56.937226
INFO:Message received on topic: type-3/36 with payload size: 99 at 2024-12-19 18:48:57.979071 sent 2024-12-19 18:48:57.963051
INFO:Message received on topic: type-3/33 with payload size: 145 at 2024-12-19 18:48:58.987785 sent 2024-12-19 18:48:58.974100
INFO:Message received on topic: type-3/39 with payload size: 107 at 2024-12-19 18:49:00.106400 sent 2024-12-19 18:49:00.080337
INFO:Message received on topic: type-3/35 with payload size: 147 at 2024-12-19 18:49:01.251452 sent 2024-12-19 18:49:01.196032
INFO:Message received on topic: type-3/33 with payload size: 152 at 2024-12-19 18:49:02.376131 sent 2024-12-19 18:49:02.318924
INFO:Message received on topic: type-3/34 with payload size: 121 at 2024-12-19 18:49:03.649622 sent 2024-12-19 18:49:03.605018
INFO:Message received on topic: type-3/36 with payload size: 149 at 2024-12-19 18:49:04.886811 sent 2024-12-19 18:49:04.859179
INFO:Message received on topic: type-3/35 with payload size: 131 at 2024-12-19 18:49:06.206966 sent 2024-12-19 18:49:06.168800
INFO:Message received on topic: type-3/34 with payload size: 115 at 2024-12-19 18:49:07.479860 sent 2024-12-19 18:49:07.465798
INFO:Message received on topic: type-3/33 with payload size: 100 at 2024-12-19 18:49:08.760471 sent 2024-12-19 18:49:08.708596
INFO:Message received on topic: type-3/32 with payload size: 135 at 2024-12-19 18:49:10.084662 sent 2024-12-19 18:49:10.073738
INFO:Message received on topic: type-3/36 with payload size: 102 at 2024-12-19 18:49:11.589717 sent 2024-12-19 18:49:11.548004
INFO:Message received on topic: type-3/37 with payload size: 139 at 2024-12-19 18:49:13.052052 sent 2024-12-19 18:49:13.011659
INFO:Message received on topic: type-3/37 with payload size: 150 at 2024-12-19 18:49:15.060377 sent 2024-12-19 18:49:15.041523
INFO:Message received on topic: type-3/39 with payload size: 151 at 2024-12-19 18:49:17.277511 sent 2024-12-19 18:49:17.228052
INFO:Message received on topic: type-3/37 with payload size: 121 at 2024-12-19 18:49:20.011359 sent 2024-12-19 18:49:20.008386
INFO:Message received on topic: type-3/38 with payload size: 118 at 2024-12-19 18:49:23.954974 sent 2024-12-19 18:49:23.896625
INFO:Message received on topic: type-3/38 with payload size: 121 at 2024-12-19 18:49:29.578484 sent 2024-12-19 18:49:29.575043
INFO:Message received on topic: type-3/38 with payload size: 116 at 2024-12-19 18:49:39.854019 sent 2024-12-19 18:49:39.823026
