starting up version 1.0
starting with cluster address: emqx.dtwins:18083
cluster user set to: my-app and cluster password set to: AAA4A275-BEEC-4AF8-B70B-DAAC0341F8EB
kubernetes api address set to: someaddress:6443
max queue set to: 1000 and max inflight set to: 32
Warning: Received empty or invalid response - metrics: False, nodes: True
Warning: Metrics have no next page
date: 2024-12-18 01:32:10.623616 |Cluster size: 1 |Queue: total=0, avg=0.00, max=1000 | Inflight: total=0, avg=0.00, max=32
Warning: Metrics have no next page
date: 2024-12-18 01:32:20.661667 |Cluster size: 1 |Queue: total=0, avg=0.00, max=1000 | Inflight: total=0, avg=0.00, max=32
Warning: Metrics have no next page
date: 2024-12-18 01:32:30.702799 |Cluster size: 1 |Queue: total=0, avg=0.00, max=1000 | Inflight: total=0, avg=0.00, max=32
Warning: Metrics have no next page
date: 2024-12-18 01:32:40.742903 |Cluster size: 1 |Queue: total=0, avg=0.00, max=1000 | Inflight: total=0, avg=0.00, max=32
Warning: Metrics have no next page
date: 2024-12-18 01:32:50.783375 |Cluster size: 1 |Queue: total=0, avg=0.00, max=1000 | Inflight: total=0, avg=0.00, max=32
Warning: Metrics have no next page
date: 2024-12-18 01:33:00.832497 |Cluster size: 1 |Queue: total=0, avg=0.00, max=1000 | Inflight: total=0, avg=0.00, max=32
Warning: Metrics have no next page
date: 2024-12-18 01:33:10.867407 |Cluster size: 1 |Queue: total=0, avg=0.00, max=1000 | Inflight: total=1, avg=1.00, max=32
Warning: Metrics have no next page
date: 2024-12-18 01:33:20.890543 |Cluster size: 1 |Queue: total=0, avg=0.00, max=1000 | Inflight: total=1, avg=1.00, max=32
Warning: Metrics have no next page
date: 2024-12-18 01:33:30.915796 |Cluster size: 1 |Queue: total=0, avg=0.00, max=1000 | Inflight: total=0, avg=0.00, max=32
Warning: Metrics have no next page
date: 2024-12-18 01:33:40.948830 |Cluster size: 1 |Queue: total=0, avg=0.00, max=1000 | Inflight: total=1, avg=1.00, max=32
Warning: Metrics have no next page
date: 2024-12-18 01:33:51.042555 |Cluster size: 1 |Queue: total=0, avg=0.00, max=1000 | Inflight: total=4, avg=4.00, max=32
Warning: Metrics have no next page
date: 2024-12-18 01:34:01.143605 |Cluster size: 1 |Queue: total=0, avg=0.00, max=1000 | Inflight: total=14, avg=14.00, max=32
Warning: Metrics have no next page
date: 2024-12-18 01:34:11.187209 |Cluster size: 1 |Queue: total=0, avg=0.00, max=1000 | Inflight: total=40, avg=40.00, max=32
Warning: Metrics have no next page
date: 2024-12-18 01:34:21.333541 |Cluster size: 1 |Queue: total=0, avg=0.00, max=1000 | Inflight: total=59, avg=59.00, max=32
Warning: Metrics have no next page
date: 2024-12-18 01:34:31.411173 |Cluster size: 1 |Queue: total=0, avg=0.00, max=1000 | Inflight: total=64, avg=64.00, max=32
Warning: Metrics have no next page
date: 2024-12-18 01:34:41.511642 |Cluster size: 1 |Queue: total=0, avg=0.00, max=1000 | Inflight: total=45, avg=45.00, max=32
Warning: Metrics have no next page
date: 2024-12-18 01:34:51.546689 |Cluster size: 1 |Queue: total=0, avg=0.00, max=1000 | Inflight: total=46, avg=46.00, max=32
Warning: Metrics have no next page
date: 2024-12-18 01:35:01.612700 |Cluster size: 1 |Queue: total=0, avg=0.00, max=1000 | Inflight: total=43, avg=43.00, max=32
Warning: Metrics have no next page
date: 2024-12-18 01:35:11.730534 |Cluster size: 1 |Queue: total=0, avg=0.00, max=1000 | Inflight: total=46, avg=46.00, max=32
Warning: Metrics have no next page
date: 2024-12-18 01:35:21.787331 |Cluster size: 1 |Queue: total=0, avg=0.00, max=1000 | Inflight: total=36, avg=36.00, max=32
Warning: Metrics have no next page
date: 2024-12-18 01:35:32.623292 |Cluster size: 1 |Queue: total=0, avg=0.00, max=1000 | Inflight: total=42, avg=42.00, max=32
Warning: Metrics have no next page
date: 2024-12-18 01:35:42.688865 |Cluster size: 1 |Queue: total=0, avg=0.00, max=1000 | Inflight: total=45, avg=45.00, max=32
Warning: Metrics have no next page
date: 2024-12-18 01:35:52.739660 |Cluster size: 1 |Queue: total=0, avg=0.00, max=1000 | Inflight: total=55, avg=55.00, max=32
Warning: Metrics have no next page
date: 2024-12-18 01:36:02.839172 |Cluster size: 1 |Queue: total=0, avg=0.00, max=1000 | Inflight: total=69, avg=69.00, max=32
Warning: Metrics have no next page
date: 2024-12-18 01:36:12.943872 |Cluster size: 1 |Queue: total=0, avg=0.00, max=1000 | Inflight: total=38, avg=38.00, max=32
Warning: Metrics have no next page
date: 2024-12-18 01:36:23.087919 |Cluster size: 1 |Queue: total=0, avg=0.00, max=1000 | Inflight: total=35, avg=35.00, max=32
Warning: Metrics have no next page
date: 2024-12-18 01:36:33.128133 |Cluster size: 1 |Queue: total=0, avg=0.00, max=1000 | Inflight: total=47, avg=47.00, max=32
Warning: Metrics have no next page
date: 2024-12-18 01:36:43.228906 |Cluster size: 1 |Queue: total=0, avg=0.00, max=1000 | Inflight: total=69, avg=69.00, max=32
Warning: Metrics have no next page
date: 2024-12-18 01:36:53.342980 |Cluster size: 1 |Queue: total=0, avg=0.00, max=1000 | Inflight: total=53, avg=53.00, max=32
Warning: Metrics have no next page
date: 2024-12-18 01:37:03.423628 |Cluster size: 1 |Queue: total=0, avg=0.00, max=1000 | Inflight: total=36, avg=36.00, max=32
Warning: Metrics have no next page
date: 2024-12-18 01:37:13.527124 |Cluster size: 1 |Queue: total=0, avg=0.00, max=1000 | Inflight: total=38, avg=38.00, max=32
Warning: Metrics have no next page
date: 2024-12-18 01:37:23.551645 |Cluster size: 1 |Queue: total=0, avg=0.00, max=1000 | Inflight: total=79, avg=79.00, max=32
Warning: Metrics have no next page
date: 2024-12-18 01:37:33.630705 |Cluster size: 1 |Queue: total=0, avg=0.00, max=1000 | Inflight: total=48, avg=48.00, max=32
Warning: Metrics have no next page
date: 2024-12-18 01:37:43.656705 |Cluster size: 1 |Queue: total=0, avg=0.00, max=1000 | Inflight: total=73, avg=73.00, max=32
Warning: Metrics have no next page
date: 2024-12-18 01:37:53.722735 |Cluster size: 1 |Queue: total=0, avg=0.00, max=1000 | Inflight: total=69, avg=69.00, max=32
Warning: Metrics have no next page
date: 2024-12-18 01:38:03.787319 |Cluster size: 1 |Queue: total=0, avg=0.00, max=1000 | Inflight: total=59, avg=59.00, max=32
Warning: Metrics have no next page
date: 2024-12-18 01:38:14.188377 |Cluster size: 1 |Queue: total=0, avg=0.00, max=1000 | Inflight: total=23, avg=23.00, max=32
Warning: Metrics have no next page
date: 2024-12-18 01:38:24.234540 |Cluster size: 1 |Queue: total=0, avg=0.00, max=1000 | Inflight: total=45, avg=45.00, max=32
Warning: Metrics have no next page
date: 2024-12-18 01:38:34.340880 |Cluster size: 1 |Queue: total=0, avg=0.00, max=1000 | Inflight: total=47, avg=47.00, max=32
Warning: Metrics have no next page
date: 2024-12-18 01:38:44.438903 |Cluster size: 1 |Queue: total=0, avg=0.00, max=1000 | Inflight: total=50, avg=50.00, max=32
Warning: Metrics have no next page
date: 2024-12-18 01:38:54.531210 |Cluster size: 1 |Queue: total=0, avg=0.00, max=1000 | Inflight: total=25, avg=25.00, max=32
Warning: Metrics have no next page
date: 2024-12-18 01:39:05.196998 |Cluster size: 1 |Queue: total=0, avg=0.00, max=1000 | Inflight: total=20, avg=20.00, max=32
Warning: Metrics have no next page
date: 2024-12-18 01:39:15.230590 |Cluster size: 1 |Queue: total=0, avg=0.00, max=1000 | Inflight: total=25, avg=25.00, max=32
Warning: Metrics have no next page
date: 2024-12-18 01:39:25.326044 |Cluster size: 1 |Queue: total=0, avg=0.00, max=1000 | Inflight: total=32, avg=32.00, max=32
Warning: Metrics have no next page
date: 2024-12-18 01:39:35.433728 |Cluster size: 1 |Queue: total=0, avg=0.00, max=1000 | Inflight: total=51, avg=51.00, max=32
Warning: Metrics have no next page
date: 2024-12-18 01:39:45.511090 |Cluster size: 1 |Queue: total=0, avg=0.00, max=1000 | Inflight: total=68, avg=68.00, max=32
Warning: Metrics have no next page
date: 2024-12-18 01:39:55.540570 |Cluster size: 1 |Queue: total=0, avg=0.00, max=1000 | Inflight: total=57, avg=57.00, max=32
Warning: Metrics have no next page
date: 2024-12-18 01:40:05.632221 |Cluster size: 1 |Queue: total=0, avg=0.00, max=1000 | Inflight: total=63, avg=63.00, max=32
Warning: Metrics have no next page
date: 2024-12-18 01:40:15.688877 |Cluster size: 1 |Queue: total=0, avg=0.00, max=1000 | Inflight: total=66, avg=66.00, max=32
Warning: Metrics have no next page
date: 2024-12-18 01:40:25.730995 |Cluster size: 1 |Queue: total=0, avg=0.00, max=1000 | Inflight: total=77, avg=77.00, max=32
Warning: Metrics have no next page
date: 2024-12-18 01:40:35.815884 |Cluster size: 1 |Queue: total=0, avg=0.00, max=1000 | Inflight: total=51, avg=51.00, max=32
Warning: Metrics have no next page
date: 2024-12-18 01:40:45.926546 |Cluster size: 1 |Queue: total=0, avg=0.00, max=1000 | Inflight: total=55, avg=55.00, max=32
Warning: Metrics have no next page
date: 2024-12-18 01:40:56.000606 |Cluster size: 1 |Queue: total=0, avg=0.00, max=1000 | Inflight: total=62, avg=62.00, max=32
Warning: Metrics have no next page
date: 2024-12-18 01:41:06.031147 |Cluster size: 1 |Queue: total=0, avg=0.00, max=1000 | Inflight: total=43, avg=43.00, max=32
Warning: Metrics have no next page
date: 2024-12-18 01:41:16.222074 |Cluster size: 1 |Queue: total=0, avg=0.00, max=1000 | Inflight: total=36, avg=36.00, max=32
Warning: Metrics have no next page
date: 2024-12-18 01:41:26.312647 |Cluster size: 1 |Queue: total=0, avg=0.00, max=1000 | Inflight: total=38, avg=38.00, max=32
Warning: Metrics have no next page
date: 2024-12-18 01:41:36.338573 |Cluster size: 1 |Queue: total=0, avg=0.00, max=1000 | Inflight: total=38, avg=38.00, max=32
Warning: Metrics have no next page
date: 2024-12-18 01:41:46.488945 |Cluster size: 1 |Queue: total=0, avg=0.00, max=1000 | Inflight: total=40, avg=40.00, max=32
Warning: Metrics have no next page
date: 2024-12-18 01:41:56.532638 |Cluster size: 1 |Queue: total=0, avg=0.00, max=1000 | Inflight: total=25, avg=25.00, max=32
Warning: Metrics have no next page
date: 2024-12-18 01:42:06.621597 |Cluster size: 1 |Queue: total=0, avg=0.00, max=1000 | Inflight: total=26, avg=26.00, max=32
Warning: Metrics have no next page
date: 2024-12-18 01:42:16.652818 |Cluster size: 1 |Queue: total=0, avg=0.00, max=1000 | Inflight: total=24, avg=24.00, max=32
Warning: Metrics have no next page
date: 2024-12-18 01:42:26.717490 |Cluster size: 1 |Queue: total=0, avg=0.00, max=1000 | Inflight: total=30, avg=30.00, max=32
Warning: Metrics have no next page
date: 2024-12-18 01:42:36.749003 |Cluster size: 1 |Queue: total=0, avg=0.00, max=1000 | Inflight: total=20, avg=20.00, max=32
Warning: Metrics have no next page
date: 2024-12-18 01:42:46.815035 |Cluster size: 1 |Queue: total=0, avg=0.00, max=1000 | Inflight: total=32, avg=32.00, max=32
Warning: Metrics have no next page
date: 2024-12-18 01:42:56.838574 |Cluster size: 1 |Queue: total=0, avg=0.00, max=1000 | Inflight: total=5, avg=5.00, max=32
Warning: Metrics have no next page
date: 2024-12-18 01:43:06.864815 |Cluster size: 1 |Queue: total=0, avg=0.00, max=1000 | Inflight: total=4, avg=4.00, max=32
Warning: Metrics have no next page
date: 2024-12-18 01:43:16.893036 |Cluster size: 1 |Queue: total=0, avg=0.00, max=1000 | Inflight: total=4, avg=4.00, max=32
Warning: Metrics have no next page
date: 2024-12-18 01:43:26.918593 |Cluster size: 1 |Queue: total=0, avg=0.00, max=1000 | Inflight: total=2, avg=2.00, max=32
Warning: Metrics have no next page
date: 2024-12-18 01:43:36.944180 |Cluster size: 1 |Queue: total=0, avg=0.00, max=1000 | Inflight: total=3, avg=3.00, max=32
Warning: Metrics have no next page
date: 2024-12-18 01:43:46.968462 |Cluster size: 1 |Queue: total=0, avg=0.00, max=1000 | Inflight: total=0, avg=0.00, max=32
Warning: Metrics have no next page
date: 2024-12-18 01:43:56.987154 |Cluster size: 1 |Queue: total=0, avg=0.00, max=1000 | Inflight: total=1, avg=1.00, max=32
Warning: Metrics have no next page
date: 2024-12-18 01:44:07.042766 |Cluster size: 1 |Queue: total=0, avg=0.00, max=1000 | Inflight: total=0, avg=0.00, max=32
Warning: Metrics have no next page
date: 2024-12-18 01:44:17.088150 |Cluster size: 1 |Queue: total=0, avg=0.00, max=1000 | Inflight: total=0, avg=0.00, max=32
Warning: Metrics have no next page
date: 2024-12-18 01:44:27.130179 |Cluster size: 1 |Queue: total=0, avg=0.00, max=1000 | Inflight: total=0, avg=0.00, max=32
Warning: Metrics have no next page
date: 2024-12-18 01:44:37.170299 |Cluster size: 1 |Queue: total=0, avg=0.00, max=1000 | Inflight: total=0, avg=0.00, max=32
Warning: Metrics have no next page
date: 2024-12-18 01:44:47.213102 |Cluster size: 1 |Queue: total=0, avg=0.00, max=1000 | Inflight: total=0, avg=0.00, max=32
Warning: Metrics have no next page
date: 2024-12-18 01:44:57.256218 |Cluster size: 1 |Queue: total=0, avg=0.00, max=1000 | Inflight: total=0, avg=0.00, max=32
Warning: Metrics have no next page
date: 2024-12-18 01:45:07.298343 |Cluster size: 1 |Queue: total=0, avg=0.00, max=1000 | Inflight: total=0, avg=0.00, max=32
Warning: Metrics have no next page
date: 2024-12-18 01:45:17.340528 |Cluster size: 1 |Queue: total=0, avg=0.00, max=1000 | Inflight: total=0, avg=0.00, max=32
Warning: Metrics have no next page
date: 2024-12-18 01:45:27.380809 |Cluster size: 1 |Queue: total=0, avg=0.00, max=1000 | Inflight: total=0, avg=0.00, max=32
Warning: Metrics have no next page
date: 2024-12-18 01:45:37.422920 |Cluster size: 1 |Queue: total=0, avg=0.00, max=1000 | Inflight: total=0, avg=0.00, max=32
Warning: Metrics have no next page
date: 2024-12-18 01:45:47.460920 |Cluster size: 1 |Queue: total=0, avg=0.00, max=1000 | Inflight: total=0, avg=0.00, max=32
Warning: Metrics have no next page
date: 2024-12-18 01:45:57.504887 |Cluster size: 1 |Queue: total=0, avg=0.00, max=1000 | Inflight: total=0, avg=0.00, max=32
Warning: Metrics have no next page
date: 2024-12-18 01:46:07.546072 |Cluster size: 1 |Queue: total=0, avg=0.00, max=1000 | Inflight: total=0, avg=0.00, max=32
Warning: Metrics have no next page
date: 2024-12-18 01:46:17.587756 |Cluster size: 1 |Queue: total=0, avg=0.00, max=1000 | Inflight: total=0, avg=0.00, max=32
Warning: Metrics have no next page
date: 2024-12-18 01:46:27.640354 |Cluster size: 1 |Queue: total=0, avg=0.00, max=1000 | Inflight: total=0, avg=0.00, max=32
Warning: Metrics have no next page
date: 2024-12-18 01:46:37.686916 |Cluster size: 1 |Queue: total=0, avg=0.00, max=1000 | Inflight: total=0, avg=0.00, max=32
Warning: Metrics have no next page
date: 2024-12-18 01:46:47.727420 |Cluster size: 1 |Queue: total=0, avg=0.00, max=1000 | Inflight: total=0, avg=0.00, max=32
Warning: Metrics have no next page
date: 2024-12-18 01:46:57.770341 |Cluster size: 1 |Queue: total=0, avg=0.00, max=1000 | Inflight: total=0, avg=0.00, max=32
Warning: Metrics have no next page
date: 2024-12-18 01:47:07.818478 |Cluster size: 1 |Queue: total=0, avg=0.00, max=1000 | Inflight: total=0, avg=0.00, max=32
Warning: Metrics have no next page
date: 2024-12-18 01:47:17.861222 |Cluster size: 1 |Queue: total=0, avg=0.00, max=1000 | Inflight: total=0, avg=0.00, max=32
Warning: Metrics have no next page
date: 2024-12-18 01:47:27.905320 |Cluster size: 1 |Queue: total=0, avg=0.00, max=1000 | Inflight: total=0, avg=0.00, max=32
Warning: Metrics have no next page
date: 2024-12-18 01:47:37.951796 |Cluster size: 1 |Queue: total=0, avg=0.00, max=1000 | Inflight: total=0, avg=0.00, max=32
Warning: Metrics have no next page
date: 2024-12-18 01:47:48.001844 |Cluster size: 1 |Queue: total=0, avg=0.00, max=1000 | Inflight: total=0, avg=0.00, max=32
Warning: Metrics have no next page
date: 2024-12-18 01:47:58.043812 |Cluster size: 1 |Queue: total=0, avg=0.00, max=1000 | Inflight: total=0, avg=0.00, max=32
Warning: Metrics have no next page
date: 2024-12-18 01:48:08.084905 |Cluster size: 1 |Queue: total=0, avg=0.00, max=1000 | Inflight: total=0, avg=0.00, max=32
Warning: Metrics have no next page
date: 2024-12-18 01:48:18.132085 |Cluster size: 1 |Queue: total=0, avg=0.00, max=1000 | Inflight: total=0, avg=0.00, max=32
Warning: Metrics have no next page
date: 2024-12-18 01:48:28.175694 |Cluster size: 1 |Queue: total=0, avg=0.00, max=1000 | Inflight: total=0, avg=0.00, max=32
Warning: Metrics have no next page
date: 2024-12-18 01:48:38.218476 |Cluster size: 1 |Queue: total=0, avg=0.00, max=1000 | Inflight: total=0, avg=0.00, max=32
Warning: Metrics have no next page
date: 2024-12-18 01:48:48.260693 |Cluster size: 1 |Queue: total=0, avg=0.00, max=1000 | Inflight: total=0, avg=0.00, max=32
Warning: Metrics have no next page
date: 2024-12-18 01:48:58.303954 |Cluster size: 1 |Queue: total=0, avg=0.00, max=1000 | Inflight: total=0, avg=0.00, max=32
Warning: Metrics have no next page
date: 2024-12-18 01:49:08.346756 |Cluster size: 1 |Queue: total=0, avg=0.00, max=1000 | Inflight: total=0, avg=0.00, max=32
Warning: Metrics have no next page
date: 2024-12-18 01:49:18.399510 |Cluster size: 1 |Queue: total=0, avg=0.00, max=1000 | Inflight: total=0, avg=0.00, max=32
Warning: Metrics have no next page
date: 2024-12-18 01:49:28.441751 |Cluster size: 1 |Queue: total=0, avg=0.00, max=1000 | Inflight: total=0, avg=0.00, max=32
Warning: Metrics have no next page
date: 2024-12-18 01:49:38.481189 |Cluster size: 1 |Queue: total=0, avg=0.00, max=1000 | Inflight: total=0, avg=0.00, max=32
Warning: Metrics have no next page
date: 2024-12-18 01:49:48.524398 |Cluster size: 1 |Queue: total=0, avg=0.00, max=1000 | Inflight: total=0, avg=0.00, max=32
Warning: Metrics have no next page
date: 2024-12-18 01:49:58.566216 |Cluster size: 1 |Queue: total=0, avg=0.00, max=1000 | Inflight: total=0, avg=0.00, max=32
Warning: Metrics have no next page
date: 2024-12-18 01:50:08.608415 |Cluster size: 1 |Queue: total=0, avg=0.00, max=1000 | Inflight: total=0, avg=0.00, max=32
Warning: Metrics have no next page
date: 2024-12-18 01:50:18.649391 |Cluster size: 1 |Queue: total=0, avg=0.00, max=1000 | Inflight: total=0, avg=0.00, max=32
Warning: Metrics have no next page
date: 2024-12-18 01:50:28.692759 |Cluster size: 1 |Queue: total=0, avg=0.00, max=1000 | Inflight: total=0, avg=0.00, max=32
Warning: Metrics have no next page
date: 2024-12-18 01:50:38.736229 |Cluster size: 1 |Queue: total=0, avg=0.00, max=1000 | Inflight: total=0, avg=0.00, max=32
Warning: Metrics have no next page
date: 2024-12-18 01:50:48.776141 |Cluster size: 1 |Queue: total=0, avg=0.00, max=1000 | Inflight: total=0, avg=0.00, max=32
Warning: Metrics have no next page
date: 2024-12-18 01:50:58.818042 |Cluster size: 1 |Queue: total=0, avg=0.00, max=1000 | Inflight: total=0, avg=0.00, max=32
Warning: Metrics have no next page
date: 2024-12-18 01:51:08.858451 |Cluster size: 1 |Queue: total=0, avg=0.00, max=1000 | Inflight: total=0, avg=0.00, max=32
Warning: Metrics have no next page
date: 2024-12-18 01:51:18.902410 |Cluster size: 1 |Queue: total=0, avg=0.00, max=1000 | Inflight: total=0, avg=0.00, max=32
Warning: Metrics have no next page
date: 2024-12-18 01:51:28.944335 |Cluster size: 1 |Queue: total=0, avg=0.00, max=1000 | Inflight: total=0, avg=0.00, max=32
Warning: Metrics have no next page
date: 2024-12-18 01:51:38.993036 |Cluster size: 1 |Queue: total=0, avg=0.00, max=1000 | Inflight: total=0, avg=0.00, max=32
Warning: Metrics have no next page
date: 2024-12-18 01:51:49.034529 |Cluster size: 1 |Queue: total=0, avg=0.00, max=1000 | Inflight: total=0, avg=0.00, max=32
Warning: Metrics have no next page
date: 2024-12-18 01:51:59.076667 |Cluster size: 1 |Queue: total=0, avg=0.00, max=1000 | Inflight: total=0, avg=0.00, max=32
Warning: Metrics have no next page
date: 2024-12-18 01:52:09.118359 |Cluster size: 1 |Queue: total=0, avg=0.00, max=1000 | Inflight: total=0, avg=0.00, max=32
Warning: Metrics have no next page
date: 2024-12-18 01:52:19.161647 |Cluster size: 1 |Queue: total=0, avg=0.00, max=1000 | Inflight: total=0, avg=0.00, max=32
Warning: Metrics have no next page
date: 2024-12-18 01:52:29.204742 |Cluster size: 1 |Queue: total=0, avg=0.00, max=1000 | Inflight: total=0, avg=0.00, max=32
Warning: Metrics have no next page
date: 2024-12-18 01:52:39.243811 |Cluster size: 1 |Queue: total=0, avg=0.00, max=1000 | Inflight: total=0, avg=0.00, max=32
Warning: Metrics have no next page
date: 2024-12-18 01:52:49.283877 |Cluster size: 1 |Queue: total=0, avg=0.00, max=1000 | Inflight: total=0, avg=0.00, max=32
Warning: Metrics have no next page
date: 2024-12-18 01:52:59.331488 |Cluster size: 1 |Queue: total=0, avg=0.00, max=1000 | Inflight: total=0, avg=0.00, max=32
Warning: Metrics have no next page
date: 2024-12-18 01:53:09.373603 |Cluster size: 1 |Queue: total=0, avg=0.00, max=1000 | Inflight: total=0, avg=0.00, max=32
Warning: Metrics have no next page
date: 2024-12-18 01:53:19.414814 |Cluster size: 1 |Queue: total=0, avg=0.00, max=1000 | Inflight: total=0, avg=0.00, max=32
Warning: Metrics have no next page
date: 2024-12-18 01:53:29.457947 |Cluster size: 1 |Queue: total=0, avg=0.00, max=1000 | Inflight: total=0, avg=0.00, max=32
Warning: Metrics have no next page
date: 2024-12-18 01:53:39.502233 |Cluster size: 1 |Queue: total=0, avg=0.00, max=1000 | Inflight: total=0, avg=0.00, max=32
Warning: Metrics have no next page
date: 2024-12-18 01:53:49.544415 |Cluster size: 1 |Queue: total=0, avg=0.00, max=1000 | Inflight: total=0, avg=0.00, max=32
Warning: Metrics have no next page
date: 2024-12-18 01:53:59.585561 |Cluster size: 1 |Queue: total=0, avg=0.00, max=1000 | Inflight: total=0, avg=0.00, max=32
Warning: Metrics have no next page
date: 2024-12-18 01:54:09.626910 |Cluster size: 1 |Queue: total=0, avg=0.00, max=1000 | Inflight: total=0, avg=0.00, max=32
Warning: Metrics have no next page
date: 2024-12-18 01:54:19.669338 |Cluster size: 1 |Queue: total=0, avg=0.00, max=1000 | Inflight: total=0, avg=0.00, max=32
Warning: Metrics have no next page
date: 2024-12-18 01:54:29.712942 |Cluster size: 1 |Queue: total=0, avg=0.00, max=1000 | Inflight: total=0, avg=0.00, max=32
Warning: Metrics have no next page
date: 2024-12-18 01:54:39.755525 |Cluster size: 1 |Queue: total=0, avg=0.00, max=1000 | Inflight: total=0, avg=0.00, max=32
Warning: Metrics have no next page
date: 2024-12-18 01:54:49.798798 |Cluster size: 1 |Queue: total=0, avg=0.00, max=1000 | Inflight: total=0, avg=0.00, max=32
Warning: Metrics have no next page
date: 2024-12-18 01:54:59.842002 |Cluster size: 1 |Queue: total=0, avg=0.00, max=1000 | Inflight: total=0, avg=0.00, max=32
Warning: Metrics have no next page
date: 2024-12-18 01:55:09.885254 |Cluster size: 1 |Queue: total=0, avg=0.00, max=1000 | Inflight: total=0, avg=0.00, max=32
Warning: Metrics have no next page
date: 2024-12-18 01:55:19.927910 |Cluster size: 1 |Queue: total=0, avg=0.00, max=1000 | Inflight: total=0, avg=0.00, max=32
Warning: Metrics have no next page
date: 2024-12-18 01:55:29.969230 |Cluster size: 1 |Queue: total=0, avg=0.00, max=1000 | Inflight: total=0, avg=0.00, max=32
Warning: Metrics have no next page
date: 2024-12-18 01:55:40.016814 |Cluster size: 1 |Queue: total=0, avg=0.00, max=1000 | Inflight: total=0, avg=0.00, max=32
Warning: Metrics have no next page
date: 2024-12-18 01:55:50.064741 |Cluster size: 1 |Queue: total=0, avg=0.00, max=1000 | Inflight: total=0, avg=0.00, max=32
Warning: Metrics have no next page
date: 2024-12-18 01:56:00.108986 |Cluster size: 1 |Queue: total=0, avg=0.00, max=1000 | Inflight: total=0, avg=0.00, max=32
Warning: Metrics have no next page
date: 2024-12-18 01:56:10.149987 |Cluster size: 1 |Queue: total=0, avg=0.00, max=1000 | Inflight: total=0, avg=0.00, max=32
Warning: Metrics have no next page
date: 2024-12-18 01:56:20.192149 |Cluster size: 1 |Queue: total=0, avg=0.00, max=1000 | Inflight: total=0, avg=0.00, max=32
Warning: Metrics have no next page
date: 2024-12-18 01:56:30.234829 |Cluster size: 1 |Queue: total=0, avg=0.00, max=1000 | Inflight: total=0, avg=0.00, max=32
Warning: Metrics have no next page
date: 2024-12-18 01:56:40.277168 |Cluster size: 1 |Queue: total=0, avg=0.00, max=1000 | Inflight: total=0, avg=0.00, max=32
Warning: Metrics have no next page
date: 2024-12-18 01:56:50.320728 |Cluster size: 1 |Queue: total=0, avg=0.00, max=1000 | Inflight: total=0, avg=0.00, max=32
Warning: Metrics have no next page
date: 2024-12-18 01:57:00.365194 |Cluster size: 1 |Queue: total=0, avg=0.00, max=1000 | Inflight: total=0, avg=0.00, max=32
Warning: Metrics have no next page
date: 2024-12-18 01:57:10.405834 |Cluster size: 1 |Queue: total=0, avg=0.00, max=1000 | Inflight: total=0, avg=0.00, max=32
Warning: Metrics have no next page
date: 2024-12-18 01:57:20.447732 |Cluster size: 1 |Queue: total=0, avg=0.00, max=1000 | Inflight: total=0, avg=0.00, max=32
Warning: Metrics have no next page
date: 2024-12-18 01:57:30.491567 |Cluster size: 1 |Queue: total=0, avg=0.00, max=1000 | Inflight: total=0, avg=0.00, max=32
Warning: Metrics have no next page
date: 2024-12-18 01:57:40.532560 |Cluster size: 1 |Queue: total=0, avg=0.00, max=1000 | Inflight: total=0, avg=0.00, max=32
Warning: Metrics have no next page
date: 2024-12-18 01:57:50.573468 |Cluster size: 1 |Queue: total=0, avg=0.00, max=1000 | Inflight: total=0, avg=0.00, max=32
Warning: Metrics have no next page
date: 2024-12-18 01:58:00.616034 |Cluster size: 1 |Queue: total=0, avg=0.00, max=1000 | Inflight: total=0, avg=0.00, max=32
Warning: Metrics have no next page
date: 2024-12-18 01:58:10.657353 |Cluster size: 1 |Queue: total=0, avg=0.00, max=1000 | Inflight: total=0, avg=0.00, max=32
Warning: Metrics have no next page
date: 2024-12-18 01:58:20.699455 |Cluster size: 1 |Queue: total=0, avg=0.00, max=1000 | Inflight: total=0, avg=0.00, max=32
Warning: Metrics have no next page
date: 2024-12-18 01:58:30.742207 |Cluster size: 1 |Queue: total=0, avg=0.00, max=1000 | Inflight: total=0, avg=0.00, max=32
Warning: Metrics have no next page
date: 2024-12-18 01:58:40.791765 |Cluster size: 1 |Queue: total=0, avg=0.00, max=1000 | Inflight: total=0, avg=0.00, max=32
Warning: Metrics have no next page
date: 2024-12-18 01:58:50.832890 |Cluster size: 1 |Queue: total=0, avg=0.00, max=1000 | Inflight: total=0, avg=0.00, max=32
Warning: Metrics have no next page
date: 2024-12-18 01:59:00.877544 |Cluster size: 1 |Queue: total=0, avg=0.00, max=1000 | Inflight: total=0, avg=0.00, max=32
Warning: Metrics have no next page
date: 2024-12-18 01:59:10.921329 |Cluster size: 1 |Queue: total=0, avg=0.00, max=1000 | Inflight: total=0, avg=0.00, max=32
Warning: Metrics have no next page
date: 2024-12-18 01:59:20.972110 |Cluster size: 1 |Queue: total=0, avg=0.00, max=1000 | Inflight: total=0, avg=0.00, max=32
Warning: Metrics have no next page
date: 2024-12-18 01:59:31.016828 |Cluster size: 1 |Queue: total=0, avg=0.00, max=1000 | Inflight: total=0, avg=0.00, max=32
Warning: Metrics have no next page
date: 2024-12-18 01:59:41.061934 |Cluster size: 1 |Queue: total=0, avg=0.00, max=1000 | Inflight: total=0, avg=0.00, max=32
Warning: Metrics have no next page
date: 2024-12-18 01:59:51.105457 |Cluster size: 1 |Queue: total=0, avg=0.00, max=1000 | Inflight: total=0, avg=0.00, max=32
Warning: Metrics have no next page
date: 2024-12-18 02:00:01.148610 |Cluster size: 1 |Queue: total=0, avg=0.00, max=1000 | Inflight: total=0, avg=0.00, max=32
Warning: Metrics have no next page
date: 2024-12-18 02:00:11.196481 |Cluster size: 1 |Queue: total=0, avg=0.00, max=1000 | Inflight: total=0, avg=0.00, max=32
Warning: Metrics have no next page
date: 2024-12-18 02:00:21.238207 |Cluster size: 1 |Queue: total=0, avg=0.00, max=1000 | Inflight: total=0, avg=0.00, max=32
Warning: Metrics have no next page
date: 2024-12-18 02:00:31.279932 |Cluster size: 1 |Queue: total=0, avg=0.00, max=1000 | Inflight: total=0, avg=0.00, max=32
Warning: Metrics have no next page
date: 2024-12-18 02:00:41.310489 |Cluster size: 1 |Queue: total=0, avg=0.00, max=1000 | Inflight: total=0, avg=0.00, max=32
Warning: Metrics have no next page
date: 2024-12-18 02:00:51.352974 |Cluster size: 1 |Queue: total=0, avg=0.00, max=1000 | Inflight: total=0, avg=0.00, max=32
Warning: Metrics have no next page
date: 2024-12-18 02:01:01.395050 |Cluster size: 1 |Queue: total=0, avg=0.00, max=1000 | Inflight: total=0, avg=0.00, max=32
Warning: Metrics have no next page
date: 2024-12-18 02:01:11.435062 |Cluster size: 1 |Queue: total=0, avg=0.00, max=1000 | Inflight: total=0, avg=0.00, max=32
Warning: Metrics have no next page
date: 2024-12-18 02:01:21.477911 |Cluster size: 1 |Queue: total=0, avg=0.00, max=1000 | Inflight: total=0, avg=0.00, max=32
Warning: Metrics have no next page
date: 2024-12-18 02:01:31.518905 |Cluster size: 1 |Queue: total=0, avg=0.00, max=1000 | Inflight: total=0, avg=0.00, max=32
Warning: Metrics have no next page
date: 2024-12-18 02:01:41.560844 |Cluster size: 1 |Queue: total=0, avg=0.00, max=1000 | Inflight: total=0, avg=0.00, max=32
Warning: Metrics have no next page
date: 2024-12-18 02:01:51.601610 |Cluster size: 1 |Queue: total=0, avg=0.00, max=1000 | Inflight: total=0, avg=0.00, max=32
Warning: Metrics have no next page
date: 2024-12-18 02:02:01.642145 |Cluster size: 1 |Queue: total=0, avg=0.00, max=1000 | Inflight: total=0, avg=0.00, max=32
Warning: Metrics have no next page
date: 2024-12-18 02:02:11.685918 |Cluster size: 1 |Queue: total=0, avg=0.00, max=1000 | Inflight: total=0, avg=0.00, max=32
Warning: Metrics have no next page
date: 2024-12-18 02:02:21.726696 |Cluster size: 1 |Queue: total=0, avg=0.00, max=1000 | Inflight: total=0, avg=0.00, max=32
Warning: Metrics have no next page
date: 2024-12-18 02:02:31.763007 |Cluster size: 1 |Queue: total=0, avg=0.00, max=1000 | Inflight: total=0, avg=0.00, max=32
Warning: Metrics have no next page
date: 2024-12-18 02:02:41.804751 |Cluster size: 1 |Queue: total=0, avg=0.00, max=1000 | Inflight: total=0, avg=0.00, max=32
Warning: Metrics have no next page
date: 2024-12-18 02:02:51.846507 |Cluster size: 1 |Queue: total=0, avg=0.00, max=1000 | Inflight: total=0, avg=0.00, max=32
Warning: Metrics have no next page
date: 2024-12-18 02:03:01.889757 |Cluster size: 1 |Queue: total=0, avg=0.00, max=1000 | Inflight: total=0, avg=0.00, max=32
Warning: Metrics have no next page
date: 2024-12-18 02:03:11.931818 |Cluster size: 1 |Queue: total=0, avg=0.00, max=1000 | Inflight: total=0, avg=0.00, max=32
Warning: Metrics have no next page
date: 2024-12-18 02:03:21.974829 |Cluster size: 1 |Queue: total=0, avg=0.00, max=1000 | Inflight: total=0, avg=0.00, max=32
Warning: Metrics have no next page
date: 2024-12-18 02:03:32.013968 |Cluster size: 1 |Queue: total=0, avg=0.00, max=1000 | Inflight: total=0, avg=0.00, max=32
Warning: Metrics have no next page
date: 2024-12-18 02:03:42.054824 |Cluster size: 1 |Queue: total=0, avg=0.00, max=1000 | Inflight: total=0, avg=0.00, max=32
Warning: Metrics have no next page
date: 2024-12-18 02:03:52.093649 |Cluster size: 1 |Queue: total=0, avg=0.00, max=1000 | Inflight: total=0, avg=0.00, max=32
Warning: Metrics have no next page
date: 2024-12-18 02:04:02.136053 |Cluster size: 1 |Queue: total=0, avg=0.00, max=1000 | Inflight: total=0, avg=0.00, max=32
Warning: Metrics have no next page
date: 2024-12-18 02:04:12.175643 |Cluster size: 1 |Queue: total=0, avg=0.00, max=1000 | Inflight: total=0, avg=0.00, max=32
Warning: Metrics have no next page
date: 2024-12-18 02:04:22.218222 |Cluster size: 1 |Queue: total=0, avg=0.00, max=1000 | Inflight: total=0, avg=0.00, max=32
Warning: Metrics have no next page
date: 2024-12-18 02:04:32.273275 |Cluster size: 1 |Queue: total=0, avg=0.00, max=1000 | Inflight: total=0, avg=0.00, max=32
Warning: Metrics have no next page
date: 2024-12-18 02:04:42.317246 |Cluster size: 1 |Queue: total=0, avg=0.00, max=1000 | Inflight: total=0, avg=0.00, max=32
Warning: Metrics have no next page
date: 2024-12-18 02:04:52.357140 |Cluster size: 1 |Queue: total=0, avg=0.00, max=1000 | Inflight: total=0, avg=0.00, max=32
Warning: Metrics have no next page
date: 2024-12-18 02:05:02.402754 |Cluster size: 1 |Queue: total=0, avg=0.00, max=1000 | Inflight: total=0, avg=0.00, max=32
Warning: Metrics have no next page
date: 2024-12-18 02:05:12.445866 |Cluster size: 1 |Queue: total=0, avg=0.00, max=1000 | Inflight: total=0, avg=0.00, max=32
Warning: Metrics have no next page
date: 2024-12-18 02:05:22.488531 |Cluster size: 1 |Queue: total=0, avg=0.00, max=1000 | Inflight: total=0, avg=0.00, max=32
Warning: Metrics have no next page
date: 2024-12-18 02:05:32.532133 |Cluster size: 1 |Queue: total=0, avg=0.00, max=1000 | Inflight: total=0, avg=0.00, max=32
Warning: Metrics have no next page
date: 2024-12-18 02:05:42.575582 |Cluster size: 1 |Queue: total=0, avg=0.00, max=1000 | Inflight: total=0, avg=0.00, max=32
Warning: Metrics have no next page
date: 2024-12-18 02:05:52.610160 |Cluster size: 1 |Queue: total=0, avg=0.00, max=1000 | Inflight: total=0, avg=0.00, max=32
Warning: Metrics have no next page
date: 2024-12-18 02:06:02.656006 |Cluster size: 1 |Queue: total=0, avg=0.00, max=1000 | Inflight: total=0, avg=0.00, max=32
Warning: Metrics have no next page
date: 2024-12-18 02:06:12.700370 |Cluster size: 1 |Queue: total=0, avg=0.00, max=1000 | Inflight: total=0, avg=0.00, max=32
Warning: Metrics have no next page
date: 2024-12-18 02:06:22.743306 |Cluster size: 1 |Queue: total=0, avg=0.00, max=1000 | Inflight: total=0, avg=0.00, max=32
Warning: Metrics have no next page
date: 2024-12-18 02:06:32.785515 |Cluster size: 1 |Queue: total=0, avg=0.00, max=1000 | Inflight: total=0, avg=0.00, max=32
Warning: Metrics have no next page
date: 2024-12-18 02:06:42.830397 |Cluster size: 1 |Queue: total=0, avg=0.00, max=1000 | Inflight: total=0, avg=0.00, max=32
Warning: Metrics have no next page
date: 2024-12-18 02:06:52.874921 |Cluster size: 1 |Queue: total=0, avg=0.00, max=1000 | Inflight: total=0, avg=0.00, max=32
Warning: Metrics have no next page
date: 2024-12-18 02:07:02.926287 |Cluster size: 1 |Queue: total=0, avg=0.00, max=1000 | Inflight: total=0, avg=0.00, max=32
Warning: Metrics have no next page
date: 2024-12-18 02:07:12.977261 |Cluster size: 1 |Queue: total=0, avg=0.00, max=1000 | Inflight: total=0, avg=0.00, max=32
Warning: Metrics have no next page
date: 2024-12-18 02:07:23.020852 |Cluster size: 1 |Queue: total=0, avg=0.00, max=1000 | Inflight: total=0, avg=0.00, max=32
Warning: Metrics have no next page
date: 2024-12-18 02:07:33.063962 |Cluster size: 1 |Queue: total=0, avg=0.00, max=1000 | Inflight: total=0, avg=0.00, max=32
Warning: Metrics have no next page
date: 2024-12-18 02:07:43.112831 |Cluster size: 1 |Queue: total=0, avg=0.00, max=1000 | Inflight: total=0, avg=0.00, max=32
Warning: Metrics have no next page
date: 2024-12-18 02:07:53.155231 |Cluster size: 1 |Queue: total=0, avg=0.00, max=1000 | Inflight: total=0, avg=0.00, max=32
Warning: Metrics have no next page
date: 2024-12-18 02:08:03.196582 |Cluster size: 1 |Queue: total=0, avg=0.00, max=1000 | Inflight: total=0, avg=0.00, max=32
Warning: Metrics have no next page
date: 2024-12-18 02:08:13.239542 |Cluster size: 1 |Queue: total=0, avg=0.00, max=1000 | Inflight: total=0, avg=0.00, max=32
Warning: Metrics have no next page
date: 2024-12-18 02:08:23.286176 |Cluster size: 1 |Queue: total=0, avg=0.00, max=1000 | Inflight: total=0, avg=0.00, max=32
Warning: Metrics have no next page
date: 2024-12-18 02:08:33.326795 |Cluster size: 1 |Queue: total=0, avg=0.00, max=1000 | Inflight: total=0, avg=0.00, max=32
Warning: Metrics have no next page
date: 2024-12-18 02:08:43.370445 |Cluster size: 1 |Queue: total=0, avg=0.00, max=1000 | Inflight: total=0, avg=0.00, max=32
Warning: Metrics have no next page
date: 2024-12-18 02:08:53.411608 |Cluster size: 1 |Queue: total=0, avg=0.00, max=1000 | Inflight: total=0, avg=0.00, max=32
Warning: Metrics have no next page
date: 2024-12-18 02:09:03.456603 |Cluster size: 1 |Queue: total=0, avg=0.00, max=1000 | Inflight: total=0, avg=0.00, max=32
Warning: Metrics have no next page
date: 2024-12-18 02:09:13.499213 |Cluster size: 1 |Queue: total=0, avg=0.00, max=1000 | Inflight: total=0, avg=0.00, max=32
Warning: Metrics have no next page
date: 2024-12-18 02:09:23.540794 |Cluster size: 1 |Queue: total=0, avg=0.00, max=1000 | Inflight: total=0, avg=0.00, max=32
Warning: Metrics have no next page
date: 2024-12-18 02:09:33.583919 |Cluster size: 1 |Queue: total=0, avg=0.00, max=1000 | Inflight: total=0, avg=0.00, max=32
Warning: Metrics have no next page
date: 2024-12-18 02:09:43.626171 |Cluster size: 1 |Queue: total=0, avg=0.00, max=1000 | Inflight: total=0, avg=0.00, max=32
Warning: Metrics have no next page
date: 2024-12-18 02:09:53.665692 |Cluster size: 1 |Queue: total=0, avg=0.00, max=1000 | Inflight: total=0, avg=0.00, max=32
Warning: Metrics have no next page
date: 2024-12-18 02:10:03.709049 |Cluster size: 1 |Queue: total=0, avg=0.00, max=1000 | Inflight: total=0, avg=0.00, max=32
Warning: Metrics have no next page
date: 2024-12-18 02:10:13.758087 |Cluster size: 1 |Queue: total=0, avg=0.00, max=1000 | Inflight: total=0, avg=0.00, max=32
Warning: Metrics have no next page
date: 2024-12-18 02:10:23.806806 |Cluster size: 1 |Queue: total=0, avg=0.00, max=1000 | Inflight: total=0, avg=0.00, max=32
Warning: Metrics have no next page
date: 2024-12-18 02:10:33.853230 |Cluster size: 1 |Queue: total=0, avg=0.00, max=1000 | Inflight: total=0, avg=0.00, max=32
Warning: Metrics have no next page
date: 2024-12-18 02:10:43.896569 |Cluster size: 1 |Queue: total=0, avg=0.00, max=1000 | Inflight: total=0, avg=0.00, max=32
Warning: Metrics have no next page
date: 2024-12-18 02:10:53.939678 |Cluster size: 1 |Queue: total=0, avg=0.00, max=1000 | Inflight: total=0, avg=0.00, max=32
Warning: Metrics have no next page
date: 2024-12-18 02:11:03.983284 |Cluster size: 1 |Queue: total=0, avg=0.00, max=1000 | Inflight: total=0, avg=0.00, max=32
Warning: Metrics have no next page
date: 2024-12-18 02:11:14.024226 |Cluster size: 1 |Queue: total=0, avg=0.00, max=1000 | Inflight: total=0, avg=0.00, max=32
Warning: Metrics have no next page
date: 2024-12-18 02:11:24.072432 |Cluster size: 1 |Queue: total=0, avg=0.00, max=1000 | Inflight: total=0, avg=0.00, max=32
Warning: Metrics have no next page
date: 2024-12-18 02:11:34.114794 |Cluster size: 1 |Queue: total=0, avg=0.00, max=1000 | Inflight: total=0, avg=0.00, max=32
Warning: Metrics have no next page
date: 2024-12-18 02:11:44.157765 |Cluster size: 1 |Queue: total=0, avg=0.00, max=1000 | Inflight: total=0, avg=0.00, max=32
Warning: Metrics have no next page
date: 2024-12-18 02:11:54.200877 |Cluster size: 1 |Queue: total=0, avg=0.00, max=1000 | Inflight: total=0, avg=0.00, max=32
Warning: Metrics have no next page
date: 2024-12-18 02:12:04.242896 |Cluster size: 1 |Queue: total=0, avg=0.00, max=1000 | Inflight: total=0, avg=0.00, max=32
Warning: Metrics have no next page
date: 2024-12-18 02:12:14.289697 |Cluster size: 1 |Queue: total=0, avg=0.00, max=1000 | Inflight: total=0, avg=0.00, max=32
Warning: Metrics have no next page
date: 2024-12-18 02:12:24.330644 |Cluster size: 1 |Queue: total=0, avg=0.00, max=1000 | Inflight: total=0, avg=0.00, max=32
Warning: Metrics have no next page
date: 2024-12-18 02:12:34.371992 |Cluster size: 1 |Queue: total=0, avg=0.00, max=1000 | Inflight: total=0, avg=0.00, max=32
Warning: Metrics have no next page
date: 2024-12-18 02:12:44.413344 |Cluster size: 1 |Queue: total=0, avg=0.00, max=1000 | Inflight: total=0, avg=0.00, max=32
Warning: Metrics have no next page
date: 2024-12-18 02:12:54.453683 |Cluster size: 1 |Queue: total=0, avg=0.00, max=1000 | Inflight: total=0, avg=0.00, max=32
Warning: Metrics have no next page
date: 2024-12-18 02:13:04.492954 |Cluster size: 1 |Queue: total=0, avg=0.00, max=1000 | Inflight: total=0, avg=0.00, max=32
Warning: Metrics have no next page
date: 2024-12-18 02:13:14.532903 |Cluster size: 1 |Queue: total=0, avg=0.00, max=1000 | Inflight: total=0, avg=0.00, max=32
Warning: Metrics have no next page
date: 2024-12-18 02:13:24.577161 |Cluster size: 1 |Queue: total=0, avg=0.00, max=1000 | Inflight: total=0, avg=0.00, max=32
Warning: Metrics have no next page
date: 2024-12-18 02:13:34.625128 |Cluster size: 1 |Queue: total=0, avg=0.00, max=1000 | Inflight: total=0, avg=0.00, max=32
Warning: Metrics have no next page
date: 2024-12-18 02:13:44.671180 |Cluster size: 1 |Queue: total=0, avg=0.00, max=1000 | Inflight: total=0, avg=0.00, max=32
Warning: Metrics have no next page
date: 2024-12-18 02:13:54.712958 |Cluster size: 1 |Queue: total=0, avg=0.00, max=1000 | Inflight: total=0, avg=0.00, max=32
Warning: Metrics have no next page
date: 2024-12-18 02:14:04.756255 |Cluster size: 1 |Queue: total=0, avg=0.00, max=1000 | Inflight: total=0, avg=0.00, max=32
Warning: Metrics have no next page
date: 2024-12-18 02:14:14.798449 |Cluster size: 1 |Queue: total=0, avg=0.00, max=1000 | Inflight: total=0, avg=0.00, max=32
Warning: Metrics have no next page
date: 2024-12-18 02:14:24.844144 |Cluster size: 1 |Queue: total=0, avg=0.00, max=1000 | Inflight: total=0, avg=0.00, max=32
Warning: Metrics have no next page
date: 2024-12-18 02:14:34.892152 |Cluster size: 1 |Queue: total=0, avg=0.00, max=1000 | Inflight: total=0, avg=0.00, max=32
Warning: Metrics have no next page
date: 2024-12-18 02:14:44.936007 |Cluster size: 1 |Queue: total=0, avg=0.00, max=1000 | Inflight: total=0, avg=0.00, max=32
Warning: Metrics have no next page
date: 2024-12-18 02:14:54.978706 |Cluster size: 1 |Queue: total=0, avg=0.00, max=1000 | Inflight: total=0, avg=0.00, max=32
Warning: Metrics have no next page
date: 2024-12-18 02:15:05.021442 |Cluster size: 1 |Queue: total=0, avg=0.00, max=1000 | Inflight: total=0, avg=0.00, max=32
Warning: Metrics have no next page
date: 2024-12-18 02:15:15.062636 |Cluster size: 1 |Queue: total=0, avg=0.00, max=1000 | Inflight: total=0, avg=0.00, max=32
Warning: Metrics have no next page
date: 2024-12-18 02:15:25.108034 |Cluster size: 1 |Queue: total=0, avg=0.00, max=1000 | Inflight: total=0, avg=0.00, max=32
Warning: Metrics have no next page
date: 2024-12-18 02:15:35.150958 |Cluster size: 1 |Queue: total=0, avg=0.00, max=1000 | Inflight: total=0, avg=0.00, max=32
Warning: Metrics have no next page
date: 2024-12-18 02:15:45.190637 |Cluster size: 1 |Queue: total=0, avg=0.00, max=1000 | Inflight: total=0, avg=0.00, max=32
Warning: Metrics have no next page
date: 2024-12-18 02:15:55.241896 |Cluster size: 1 |Queue: total=0, avg=0.00, max=1000 | Inflight: total=0, avg=0.00, max=32
Warning: Metrics have no next page
date: 2024-12-18 02:16:05.288680 |Cluster size: 1 |Queue: total=0, avg=0.00, max=1000 | Inflight: total=0, avg=0.00, max=32
Warning: Metrics have no next page
date: 2024-12-18 02:16:15.330763 |Cluster size: 1 |Queue: total=0, avg=0.00, max=1000 | Inflight: total=0, avg=0.00, max=32
Warning: Metrics have no next page
date: 2024-12-18 02:16:25.371369 |Cluster size: 1 |Queue: total=0, avg=0.00, max=1000 | Inflight: total=0, avg=0.00, max=32
Warning: Metrics have no next page
date: 2024-12-18 02:16:35.413017 |Cluster size: 1 |Queue: total=0, avg=0.00, max=1000 | Inflight: total=0, avg=0.00, max=32
Warning: Metrics have no next page
date: 2024-12-18 02:16:45.454850 |Cluster size: 1 |Queue: total=0, avg=0.00, max=1000 | Inflight: total=0, avg=0.00, max=32
Warning: Metrics have no next page
date: 2024-12-18 02:16:55.497688 |Cluster size: 1 |Queue: total=0, avg=0.00, max=1000 | Inflight: total=0, avg=0.00, max=32
Warning: Metrics have no next page
date: 2024-12-18 02:17:05.540664 |Cluster size: 1 |Queue: total=0, avg=0.00, max=1000 | Inflight: total=0, avg=0.00, max=32
Warning: Metrics have no next page
date: 2024-12-18 02:17:15.581611 |Cluster size: 1 |Queue: total=0, avg=0.00, max=1000 | Inflight: total=0, avg=0.00, max=32
Warning: Metrics have no next page
date: 2024-12-18 02:17:25.625078 |Cluster size: 1 |Queue: total=0, avg=0.00, max=1000 | Inflight: total=0, avg=0.00, max=32
Warning: Metrics have no next page
date: 2024-12-18 02:17:35.668043 |Cluster size: 1 |Queue: total=0, avg=0.00, max=1000 | Inflight: total=0, avg=0.00, max=32
Warning: Metrics have no next page
date: 2024-12-18 02:17:45.701069 |Cluster size: 1 |Queue: total=0, avg=0.00, max=1000 | Inflight: total=0, avg=0.00, max=32
Warning: Metrics have no next page
date: 2024-12-18 02:17:55.744849 |Cluster size: 1 |Queue: total=0, avg=0.00, max=1000 | Inflight: total=0, avg=0.00, max=32
Warning: Metrics have no next page
date: 2024-12-18 02:18:05.789250 |Cluster size: 1 |Queue: total=0, avg=0.00, max=1000 | Inflight: total=0, avg=0.00, max=32
Warning: Metrics have no next page
date: 2024-12-18 02:18:15.831184 |Cluster size: 1 |Queue: total=0, avg=0.00, max=1000 | Inflight: total=0, avg=0.00, max=32
Warning: Metrics have no next page
date: 2024-12-18 02:18:25.879969 |Cluster size: 1 |Queue: total=0, avg=0.00, max=1000 | Inflight: total=0, avg=0.00, max=32
Warning: Metrics have no next page
date: 2024-12-18 02:18:35.922566 |Cluster size: 1 |Queue: total=0, avg=0.00, max=1000 | Inflight: total=0, avg=0.00, max=32
Warning: Metrics have no next page
date: 2024-12-18 02:18:45.972914 |Cluster size: 1 |Queue: total=0, avg=0.00, max=1000 | Inflight: total=0, avg=0.00, max=32
Warning: Metrics have no next page
date: 2024-12-18 02:18:56.024878 |Cluster size: 1 |Queue: total=0, avg=0.00, max=1000 | Inflight: total=0, avg=0.00, max=32
Warning: Metrics have no next page
date: 2024-12-18 02:19:06.067930 |Cluster size: 1 |Queue: total=0, avg=0.00, max=1000 | Inflight: total=0, avg=0.00, max=32
Warning: Metrics have no next page
date: 2024-12-18 02:19:16.108848 |Cluster size: 1 |Queue: total=0, avg=0.00, max=1000 | Inflight: total=0, avg=0.00, max=32
Warning: Metrics have no next page
date: 2024-12-18 02:19:26.153515 |Cluster size: 1 |Queue: total=0, avg=0.00, max=1000 | Inflight: total=0, avg=0.00, max=32
Warning: Metrics have no next page
date: 2024-12-18 02:19:36.198224 |Cluster size: 1 |Queue: total=0, avg=0.00, max=1000 | Inflight: total=0, avg=0.00, max=32
Warning: Metrics have no next page
date: 2024-12-18 02:19:46.240378 |Cluster size: 1 |Queue: total=0, avg=0.00, max=1000 | Inflight: total=0, avg=0.00, max=32
Warning: Metrics have no next page
date: 2024-12-18 02:19:56.282252 |Cluster size: 1 |Queue: total=0, avg=0.00, max=1000 | Inflight: total=0, avg=0.00, max=32
Warning: Metrics have no next page
date: 2024-12-18 02:20:06.322123 |Cluster size: 1 |Queue: total=0, avg=0.00, max=1000 | Inflight: total=0, avg=0.00, max=32
Warning: Metrics have no next page
date: 2024-12-18 02:20:16.364749 |Cluster size: 1 |Queue: total=0, avg=0.00, max=1000 | Inflight: total=0, avg=0.00, max=32
Warning: Metrics have no next page
date: 2024-12-18 02:20:26.405707 |Cluster size: 1 |Queue: total=0, avg=0.00, max=1000 | Inflight: total=0, avg=0.00, max=32
Warning: Metrics have no next page
date: 2024-12-18 02:20:36.458309 |Cluster size: 1 |Queue: total=0, avg=0.00, max=1000 | Inflight: total=0, avg=0.00, max=32
Warning: Metrics have no next page
date: 2024-12-18 02:20:46.501859 |Cluster size: 1 |Queue: total=0, avg=0.00, max=1000 | Inflight: total=0, avg=0.00, max=32
Warning: Metrics have no next page
date: 2024-12-18 02:20:56.545256 |Cluster size: 1 |Queue: total=0, avg=0.00, max=1000 | Inflight: total=0, avg=0.00, max=32
Warning: Metrics have no next page
date: 2024-12-18 02:21:06.587929 |Cluster size: 1 |Queue: total=0, avg=0.00, max=1000 | Inflight: total=0, avg=0.00, max=32
Warning: Metrics have no next page
date: 2024-12-18 02:21:16.630910 |Cluster size: 1 |Queue: total=0, avg=0.00, max=1000 | Inflight: total=0, avg=0.00, max=32
Warning: Metrics have no next page
date: 2024-12-18 02:21:26.671156 |Cluster size: 1 |Queue: total=0, avg=0.00, max=1000 | Inflight: total=0, avg=0.00, max=32
Warning: Metrics have no next page
date: 2024-12-18 02:21:36.709952 |Cluster size: 1 |Queue: total=0, avg=0.00, max=1000 | Inflight: total=0, avg=0.00, max=32
Warning: Metrics have no next page
date: 2024-12-18 02:21:46.751055 |Cluster size: 1 |Queue: total=0, avg=0.00, max=1000 | Inflight: total=0, avg=0.00, max=32
Warning: Metrics have no next page
date: 2024-12-18 02:21:56.793694 |Cluster size: 1 |Queue: total=0, avg=0.00, max=1000 | Inflight: total=0, avg=0.00, max=32
Warning: Metrics have no next page
date: 2024-12-18 02:22:06.836712 |Cluster size: 1 |Queue: total=0, avg=0.00, max=1000 | Inflight: total=0, avg=0.00, max=32
Warning: Metrics have no next page
date: 2024-12-18 02:22:16.877267 |Cluster size: 1 |Queue: total=0, avg=0.00, max=1000 | Inflight: total=0, avg=0.00, max=32
Warning: Metrics have no next page
date: 2024-12-18 02:22:26.920765 |Cluster size: 1 |Queue: total=0, avg=0.00, max=1000 | Inflight: total=0, avg=0.00, max=32
Warning: Metrics have no next page
date: 2024-12-18 02:22:36.965748 |Cluster size: 1 |Queue: total=0, avg=0.00, max=1000 | Inflight: total=0, avg=0.00, max=32
Warning: Metrics have no next page
date: 2024-12-18 02:22:47.006131 |Cluster size: 1 |Queue: total=0, avg=0.00, max=1000 | Inflight: total=0, avg=0.00, max=32
Warning: Metrics have no next page
date: 2024-12-18 02:22:57.048161 |Cluster size: 1 |Queue: total=0, avg=0.00, max=1000 | Inflight: total=0, avg=0.00, max=32
Warning: Metrics have no next page
date: 2024-12-18 02:23:07.090866 |Cluster size: 1 |Queue: total=0, avg=0.00, max=1000 | Inflight: total=0, avg=0.00, max=32
Warning: Metrics have no next page
date: 2024-12-18 02:23:17.138969 |Cluster size: 1 |Queue: total=0, avg=0.00, max=1000 | Inflight: total=0, avg=0.00, max=32
Warning: Metrics have no next page
date: 2024-12-18 02:23:27.180524 |Cluster size: 1 |Queue: total=0, avg=0.00, max=1000 | Inflight: total=0, avg=0.00, max=32
Warning: Metrics have no next page
date: 2024-12-18 02:23:37.222212 |Cluster size: 1 |Queue: total=0, avg=0.00, max=1000 | Inflight: total=0, avg=0.00, max=32
Warning: Metrics have no next page
date: 2024-12-18 02:23:47.263023 |Cluster size: 1 |Queue: total=0, avg=0.00, max=1000 | Inflight: total=0, avg=0.00, max=32
Warning: Metrics have no next page
date: 2024-12-18 02:23:57.300932 |Cluster size: 1 |Queue: total=0, avg=0.00, max=1000 | Inflight: total=0, avg=0.00, max=32
Warning: Metrics have no next page
date: 2024-12-18 02:24:07.343133 |Cluster size: 1 |Queue: total=0, avg=0.00, max=1000 | Inflight: total=0, avg=0.00, max=32
Warning: Metrics have no next page
date: 2024-12-18 02:24:17.384006 |Cluster size: 1 |Queue: total=0, avg=0.00, max=1000 | Inflight: total=0, avg=0.00, max=32
Warning: Metrics have no next page
date: 2024-12-18 02:24:27.423492 |Cluster size: 1 |Queue: total=0, avg=0.00, max=1000 | Inflight: total=0, avg=0.00, max=32
Warning: Metrics have no next page
date: 2024-12-18 02:24:37.464588 |Cluster size: 1 |Queue: total=0, avg=0.00, max=1000 | Inflight: total=0, avg=0.00, max=32
Warning: Metrics have no next page
date: 2024-12-18 02:24:47.504394 |Cluster size: 1 |Queue: total=0, avg=0.00, max=1000 | Inflight: total=0, avg=0.00, max=32
Warning: Metrics have no next page
date: 2024-12-18 02:24:57.545809 |Cluster size: 1 |Queue: total=0, avg=0.00, max=1000 | Inflight: total=0, avg=0.00, max=32
Warning: Metrics have no next page
date: 2024-12-18 02:25:07.596366 |Cluster size: 1 |Queue: total=0, avg=0.00, max=1000 | Inflight: total=0, avg=0.00, max=32
Warning: Metrics have no next page
date: 2024-12-18 02:25:17.637733 |Cluster size: 1 |Queue: total=0, avg=0.00, max=1000 | Inflight: total=0, avg=0.00, max=32
Warning: Metrics have no next page
date: 2024-12-18 02:25:27.674327 |Cluster size: 1 |Queue: total=0, avg=0.00, max=1000 | Inflight: total=0, avg=0.00, max=32
Warning: Metrics have no next page
date: 2024-12-18 02:25:37.715172 |Cluster size: 1 |Queue: total=0, avg=0.00, max=1000 | Inflight: total=0, avg=0.00, max=32
Warning: Metrics have no next page
date: 2024-12-18 02:25:47.746454 |Cluster size: 1 |Queue: total=0, avg=0.00, max=1000 | Inflight: total=0, avg=0.00, max=32
Warning: Metrics have no next page
date: 2024-12-18 02:25:57.787425 |Cluster size: 1 |Queue: total=0, avg=0.00, max=1000 | Inflight: total=0, avg=0.00, max=32
Warning: Metrics have no next page
date: 2024-12-18 02:26:07.832448 |Cluster size: 1 |Queue: total=0, avg=0.00, max=1000 | Inflight: total=0, avg=0.00, max=32
Warning: Metrics have no next page
date: 2024-12-18 02:26:17.873329 |Cluster size: 1 |Queue: total=0, avg=0.00, max=1000 | Inflight: total=0, avg=0.00, max=32
Warning: Metrics have no next page
date: 2024-12-18 02:26:27.914604 |Cluster size: 1 |Queue: total=0, avg=0.00, max=1000 | Inflight: total=0, avg=0.00, max=32
Warning: Metrics have no next page
date: 2024-12-18 02:26:37.956187 |Cluster size: 1 |Queue: total=0, avg=0.00, max=1000 | Inflight: total=0, avg=0.00, max=32
Warning: Metrics have no next page
date: 2024-12-18 02:26:48.003997 |Cluster size: 1 |Queue: total=0, avg=0.00, max=1000 | Inflight: total=0, avg=0.00, max=32
Warning: Metrics have no next page
date: 2024-12-18 02:26:58.047627 |Cluster size: 1 |Queue: total=0, avg=0.00, max=1000 | Inflight: total=0, avg=0.00, max=32
Warning: Metrics have no next page
date: 2024-12-18 02:27:08.090034 |Cluster size: 1 |Queue: total=0, avg=0.00, max=1000 | Inflight: total=0, avg=0.00, max=32
Warning: Metrics have no next page
date: 2024-12-18 02:27:18.130652 |Cluster size: 1 |Queue: total=0, avg=0.00, max=1000 | Inflight: total=0, avg=0.00, max=32
Warning: Metrics have no next page
date: 2024-12-18 02:27:28.174842 |Cluster size: 1 |Queue: total=0, avg=0.00, max=1000 | Inflight: total=0, avg=0.00, max=32
Warning: Metrics have no next page
date: 2024-12-18 02:27:38.231761 |Cluster size: 1 |Queue: total=0, avg=0.00, max=1000 | Inflight: total=0, avg=0.00, max=32
Warning: Metrics have no next page
date: 2024-12-18 02:27:48.273428 |Cluster size: 1 |Queue: total=0, avg=0.00, max=1000 | Inflight: total=0, avg=0.00, max=32
Warning: Metrics have no next page
date: 2024-12-18 02:27:58.318113 |Cluster size: 1 |Queue: total=0, avg=0.00, max=1000 | Inflight: total=0, avg=0.00, max=32
Warning: Metrics have no next page
date: 2024-12-18 02:28:08.360543 |Cluster size: 1 |Queue: total=0, avg=0.00, max=1000 | Inflight: total=0, avg=0.00, max=32
Warning: Metrics have no next page
date: 2024-12-18 02:28:18.399468 |Cluster size: 1 |Queue: total=0, avg=0.00, max=1000 | Inflight: total=0, avg=0.00, max=32
Warning: Metrics have no next page
date: 2024-12-18 02:28:28.440557 |Cluster size: 1 |Queue: total=0, avg=0.00, max=1000 | Inflight: total=0, avg=0.00, max=32
Warning: Metrics have no next page
date: 2024-12-18 02:28:38.482881 |Cluster size: 1 |Queue: total=0, avg=0.00, max=1000 | Inflight: total=0, avg=0.00, max=32
Warning: Metrics have no next page
date: 2024-12-18 02:28:48.525200 |Cluster size: 1 |Queue: total=0, avg=0.00, max=1000 | Inflight: total=0, avg=0.00, max=32
Warning: Metrics have no next page
date: 2024-12-18 02:28:58.566862 |Cluster size: 1 |Queue: total=0, avg=0.00, max=1000 | Inflight: total=0, avg=0.00, max=32
Warning: Metrics have no next page
date: 2024-12-18 02:29:08.608106 |Cluster size: 1 |Queue: total=0, avg=0.00, max=1000 | Inflight: total=0, avg=0.00, max=32
Warning: Metrics have no next page
date: 2024-12-18 02:29:18.650289 |Cluster size: 1 |Queue: total=0, avg=0.00, max=1000 | Inflight: total=0, avg=0.00, max=32
Warning: Metrics have no next page
date: 2024-12-18 02:29:28.690656 |Cluster size: 1 |Queue: total=0, avg=0.00, max=1000 | Inflight: total=0, avg=0.00, max=32
Warning: Metrics have no next page
date: 2024-12-18 02:29:38.724694 |Cluster size: 1 |Queue: total=0, avg=0.00, max=1000 | Inflight: total=0, avg=0.00, max=32
Warning: Metrics have no next page
date: 2024-12-18 02:29:48.778412 |Cluster size: 1 |Queue: total=0, avg=0.00, max=1000 | Inflight: total=0, avg=0.00, max=32
Warning: Metrics have no next page
date: 2024-12-18 02:29:58.822055 |Cluster size: 1 |Queue: total=0, avg=0.00, max=1000 | Inflight: total=0, avg=0.00, max=32
Warning: Metrics have no next page
date: 2024-12-18 02:30:08.862362 |Cluster size: 1 |Queue: total=0, avg=0.00, max=1000 | Inflight: total=0, avg=0.00, max=32
Warning: Metrics have no next page
date: 2024-12-18 02:30:18.909299 |Cluster size: 1 |Queue: total=0, avg=0.00, max=1000 | Inflight: total=0, avg=0.00, max=32
Warning: Metrics have no next page
date: 2024-12-18 02:30:28.952558 |Cluster size: 1 |Queue: total=0, avg=0.00, max=1000 | Inflight: total=0, avg=0.00, max=32
Warning: Metrics have no next page
date: 2024-12-18 02:30:38.996324 |Cluster size: 1 |Queue: total=0, avg=0.00, max=1000 | Inflight: total=0, avg=0.00, max=32
Warning: Metrics have no next page
date: 2024-12-18 02:30:49.039071 |Cluster size: 1 |Queue: total=0, avg=0.00, max=1000 | Inflight: total=0, avg=0.00, max=32
Warning: Metrics have no next page
date: 2024-12-18 02:30:59.080092 |Cluster size: 1 |Queue: total=0, avg=0.00, max=1000 | Inflight: total=0, avg=0.00, max=32
Warning: Metrics have no next page
date: 2024-12-18 02:31:09.125456 |Cluster size: 1 |Queue: total=0, avg=0.00, max=1000 | Inflight: total=0, avg=0.00, max=32
Warning: Metrics have no next page
date: 2024-12-18 02:31:19.168229 |Cluster size: 1 |Queue: total=0, avg=0.00, max=1000 | Inflight: total=0, avg=0.00, max=32
Warning: Metrics have no next page
date: 2024-12-18 02:31:29.210646 |Cluster size: 1 |Queue: total=0, avg=0.00, max=1000 | Inflight: total=0, avg=0.00, max=32
Warning: Metrics have no next page
date: 2024-12-18 02:31:39.251992 |Cluster size: 1 |Queue: total=0, avg=0.00, max=1000 | Inflight: total=0, avg=0.00, max=32
Warning: Metrics have no next page
date: 2024-12-18 02:31:49.304103 |Cluster size: 1 |Queue: total=0, avg=0.00, max=1000 | Inflight: total=0, avg=0.00, max=32
Warning: Metrics have no next page
date: 2024-12-18 02:31:59.346184 |Cluster size: 1 |Queue: total=0, avg=0.00, max=1000 | Inflight: total=0, avg=0.00, max=32
Warning: Metrics have no next page
date: 2024-12-18 02:32:09.387576 |Cluster size: 1 |Queue: total=0, avg=0.00, max=1000 | Inflight: total=0, avg=0.00, max=32
Warning: Metrics have no next page
date: 2024-12-18 02:32:19.428476 |Cluster size: 1 |Queue: total=0, avg=0.00, max=1000 | Inflight: total=0, avg=0.00, max=32
Warning: Metrics have no next page
date: 2024-12-18 02:32:29.470184 |Cluster size: 1 |Queue: total=0, avg=0.00, max=1000 | Inflight: total=0, avg=0.00, max=32
Warning: Metrics have no next page
date: 2024-12-18 02:32:39.511688 |Cluster size: 1 |Queue: total=0, avg=0.00, max=1000 | Inflight: total=0, avg=0.00, max=32
Warning: Metrics have no next page
date: 2024-12-18 02:32:49.554226 |Cluster size: 1 |Queue: total=0, avg=0.00, max=1000 | Inflight: total=0, avg=0.00, max=32
Warning: Metrics have no next page
date: 2024-12-18 02:32:59.594572 |Cluster size: 1 |Queue: total=0, avg=0.00, max=1000 | Inflight: total=0, avg=0.00, max=32
Warning: Metrics have no next page
date: 2024-12-18 02:33:09.632683 |Cluster size: 1 |Queue: total=0, avg=0.00, max=1000 | Inflight: total=0, avg=0.00, max=32
