INFO:Starting Version 1.0.5
DEBUG:Using selector: EpollSelector
INFO:Connecting to cluster at: mqtt-quic://emqx-headless.dtwins:14567 using QUIC
INFO:Subscribed to topic: type-2/1
INFO:Logging each: 50
INFO:Unhandled packet type received
INFO:Message received on topic: type-2/1 with payload size: 91 at 2024-12-11 16:36:36.999152 sent 2024-12-11 16:36:36.997569
INFO:Message received on topic: type-2/1 with payload size: 91 at 2024-12-11 16:36:39.601356 sent 2024-12-11 16:36:39.600136
INFO:Message received on topic: type-2/1 with payload size: 91 at 2024-12-11 16:36:42.200886 sent 2024-12-11 16:36:42.199458
INFO:Message received on topic: type-2/1 with payload size: 91 at 2024-12-11 16:36:44.801154 sent 2024-12-11 16:36:44.799701
INFO:Message received on topic: type-2/1 with payload size: 91 at 2024-12-11 16:36:47.406442 sent 2024-12-11 16:36:47.404814
INFO:Message received on topic: type-2/1 with payload size: 91 at 2024-12-11 16:36:50.005872 sent 2024-12-11 16:36:50.004668
INFO:Message received on topic: type-2/1 with payload size: 91 at 2024-12-11 16:36:52.608272 sent 2024-12-11 16:36:52.606642
INFO:Message received on topic: type-2/1 with payload size: 91 at 2024-12-11 16:36:55.209267 sent 2024-12-11 16:36:55.207732
INFO:Message received on topic: type-2/1 with payload size: 91 at 2024-12-11 16:36:57.807411 sent 2024-12-11 16:36:57.805849
INFO:Message received on topic: type-2/1 with payload size: 91 at 2024-12-11 16:37:00.416848 sent 2024-12-11 16:37:00.414941
INFO:Message received on topic: type-2/1 with payload size: 91 at 2024-12-11 16:37:03.017639 sent 2024-12-11 16:37:03.016160
INFO:Message received on topic: type-2/1 with payload size: 91 at 2024-12-11 16:37:05.618908 sent 2024-12-11 16:37:05.617223
INFO:Message received on topic: type-2/1 with payload size: 91 at 2024-12-11 16:37:08.220661 sent 2024-12-11 16:37:08.217890
INFO:Message received on topic: type-2/1 with payload size: 91 at 2024-12-11 16:37:10.820752 sent 2024-12-11 16:37:10.819624
INFO:Message received on topic: type-2/1 with payload size: 91 at 2024-12-11 16:37:13.427277 sent 2024-12-11 16:37:13.424775
INFO:Message received on topic: type-2/1 with payload size: 91 at 2024-12-11 16:37:16.025932 sent 2024-12-11 16:37:16.023863
INFO:Message received on topic: type-2/1 with payload size: 91 at 2024-12-11 16:37:18.630684 sent 2024-12-11 16:37:18.628781
INFO:Message received on topic: type-2/1 with payload size: 91 at 2024-12-11 16:37:21.236960 sent 2024-12-11 16:37:21.235422
INFO:Message received on topic: type-2/1 with payload size: 91 at 2024-12-11 16:37:23.838074 sent 2024-12-11 16:37:23.835960
INFO:Message received on topic: type-2/1 with payload size: 91 at 2024-12-11 16:37:26.435982 sent 2024-12-11 16:37:26.434966
INFO:Message received on topic: type-2/1 with payload size: 91 at 2024-12-11 16:37:29.038594 sent 2024-12-11 16:37:29.036206
INFO:Message received on topic: type-2/1 with payload size: 91 at 2024-12-11 16:37:31.640030 sent 2024-12-11 16:37:31.636592
INFO:Message received on topic: type-2/1 with payload size: 91 at 2024-12-11 16:37:34.250961 sent 2024-12-11 16:37:34.239657
INFO:Message received on topic: type-2/1 with payload size: 91 at 2024-12-11 16:37:36.842846 sent 2024-12-11 16:37:36.838863
INFO:Message received on topic: type-2/1 with payload size: 91 at 2024-12-11 16:37:39.485058 sent 2024-12-11 16:37:39.451770
INFO:Message received on topic: type-2/1 with payload size: 91 at 2024-12-11 16:37:42.121281 sent 2024-12-11 16:37:42.053536
INFO:Message received on topic: type-2/1 with payload size: 91 at 2024-12-11 16:37:44.688002 sent 2024-12-11 16:37:44.649904
INFO:Message received on topic: type-2/1 with payload size: 91 at 2024-12-11 16:37:47.290593 sent 2024-12-11 16:37:47.251114
INFO:Message received on topic: type-2/1 with payload size: 91 at 2024-12-11 16:37:49.913836 sent 2024-12-11 16:37:49.857144
INFO:Message received on topic: type-2/1 with payload size: 91 at 2024-12-11 16:37:52.487720 sent 2024-12-11 16:37:52.458545
INFO:Message received on topic: type-2/1 with payload size: 91 at 2024-12-11 16:37:55.126191 sent 2024-12-11 16:37:55.061768
INFO:Message received on topic: type-2/1 with payload size: 91 at 2024-12-11 16:37:57.721378 sent 2024-12-11 16:37:57.663979
INFO:Message received on topic: type-2/1 with payload size: 91 at 2024-12-11 16:38:00.327240 sent 2024-12-11 16:38:00.270957
INFO:Message received on topic: type-2/1 with payload size: 91 at 2024-12-11 16:38:02.919153 sent 2024-12-11 16:38:02.874400
INFO:Message received on topic: type-2/1 with payload size: 91 at 2024-12-11 16:38:05.521724 sent 2024-12-11 16:38:05.475641
INFO:Message received on topic: type-2/1 with payload size: 91 at 2024-12-11 16:38:08.129005 sent 2024-12-11 16:38:08.077930
INFO:Message received on topic: type-2/1 with payload size: 91 at 2024-12-11 16:38:10.717995 sent 2024-12-11 16:38:10.680561
INFO:Message received on topic: type-2/1 with payload size: 91 at 2024-12-11 16:38:13.320224 sent 2024-12-11 16:38:13.286223
INFO:Message received on topic: type-2/1 with payload size: 91 at 2024-12-11 16:38:15.924730 sent 2024-12-11 16:38:15.889912
INFO:Message received on topic: type-2/1 with payload size: 91 at 2024-12-11 16:38:18.529499 sent 2024-12-11 16:38:18.490217
INFO:Message received on topic: type-2/1 with payload size: 91 at 2024-12-11 16:38:21.142198 sent 2024-12-11 16:38:21.097403
INFO:Message received on topic: type-2/1 with payload size: 91 at 2024-12-11 16:38:23.732163 sent 2024-12-11 16:38:23.699645
INFO:Message received on topic: type-2/1 with payload size: 91 at 2024-12-11 16:38:26.327574 sent 2024-12-11 16:38:26.302651
INFO:Message received on topic: type-2/1 with payload size: 91 at 2024-12-11 16:38:28.933582 sent 2024-12-11 16:38:28.907803
INFO:Message received on topic: type-2/1 with payload size: 91 at 2024-12-11 16:38:31.529502 sent 2024-12-11 16:38:31.512392
INFO:Message received on topic: type-2/1 with payload size: 91 at 2024-12-11 16:38:34.139623 sent 2024-12-11 16:38:34.119044
INFO:Message received on topic: type-2/1 with payload size: 91 at 2024-12-11 16:38:36.742725 sent 2024-12-11 16:38:36.732925
INFO:Message received on topic: type-2/1 with payload size: 91 at 2024-12-11 16:38:39.347899 sent 2024-12-11 16:38:39.337770
INFO:Message received on topic: type-2/1 with payload size: 91 at 2024-12-11 16:38:41.949715 sent 2024-12-11 16:38:41.940296
INFO:Message received on topic: type-2/1 with payload size: 91 at 2024-12-11 16:38:44.620514 sent 2024-12-11 16:38:44.550807
INFO:Message received on topic: type-2/1 with payload size: 91 at 2024-12-11 16:38:47.224688 sent 2024-12-11 16:38:47.159535
INFO:Message received on topic: type-2/1 with payload size: 91 at 2024-12-11 16:38:49.822897 sent 2024-12-11 16:38:49.769228
INFO:Message received on topic: type-2/1 with payload size: 91 at 2024-12-11 16:38:52.421650 sent 2024-12-11 16:38:52.382703
INFO:Message received on topic: type-2/1 with payload size: 91 at 2024-12-11 16:38:55.118233 sent 2024-12-11 16:38:54.998656
INFO:Message received on topic: type-2/1 with payload size: 91 at 2024-12-11 16:38:57.626243 sent 2024-12-11 16:38:57.609061
INFO:Message received on topic: type-2/1 with payload size: 91 at 2024-12-11 16:39:00.231474 sent 2024-12-11 16:39:00.222221
INFO:Message received on topic: type-2/1 with payload size: 91 at 2024-12-11 16:39:02.917524 sent 2024-12-11 16:39:02.840564
INFO:Message received on topic: type-2/1 with payload size: 91 at 2024-12-11 16:39:05.520747 sent 2024-12-11 16:39:05.454155
INFO:Message received on topic: type-2/1 with payload size: 91 at 2024-12-11 16:39:08.120232 sent 2024-12-11 16:39:08.069973
INFO:Message received on topic: type-2/1 with payload size: 91 at 2024-12-11 16:39:10.726916 sent 2024-12-11 16:39:10.684058
INFO:Message received on topic: type-2/1 with payload size: 91 at 2024-12-11 16:39:13.341823 sent 2024-12-11 16:39:13.295087
INFO:Message received on topic: type-2/1 with payload size: 91 at 2024-12-11 16:39:15.934006 sent 2024-12-11 16:39:15.909979
INFO:Message received on topic: type-2/1 with payload size: 91 at 2024-12-11 16:39:18.537894 sent 2024-12-11 16:39:18.520296
INFO:Message received on topic: type-2/1 with payload size: 91 at 2024-12-11 16:39:21.184301 sent 2024-12-11 16:39:21.138735
INFO:Message received on topic: type-2/1 with payload size: 91 at 2024-12-11 16:39:23.820857 sent 2024-12-11 16:39:23.749284
INFO:Message received on topic: type-2/1 with payload size: 91 at 2024-12-11 16:39:26.428750 sent 2024-12-11 16:39:26.361211
INFO:Message received on topic: type-2/1 with payload size: 91 at 2024-12-11 16:39:29.036854 sent 2024-12-11 16:39:28.975727
INFO:Message received on topic: type-2/1 with payload size: 91 at 2024-12-11 16:39:31.625909 sent 2024-12-11 16:39:31.590121
INFO:Message received on topic: type-2/1 with payload size: 91 at 2024-12-11 16:39:34.230974 sent 2024-12-11 16:39:34.207680
INFO:Message received on topic: type-2/1 with payload size: 91 at 2024-12-11 16:39:36.846065 sent 2024-12-11 16:39:36.813857
INFO:Message received on topic: type-2/1 with payload size: 91 at 2024-12-11 16:39:39.438044 sent 2024-12-11 16:39:39.426442
INFO:Message received on topic: type-2/1 with payload size: 91 at 2024-12-11 16:39:42.119213 sent 2024-12-11 16:39:42.039169
INFO:Message received on topic: type-2/1 with payload size: 91 at 2024-12-11 16:39:44.747507 sent 2024-12-11 16:39:44.646894
INFO:Message received on topic: type-2/1 with payload size: 91 at 2024-12-11 16:39:47.313304 sent 2024-12-11 16:39:47.255624
INFO:Message received on topic: type-2/1 with payload size: 91 at 2024-12-11 16:39:49.927750 sent 2024-12-11 16:39:49.869664
INFO:Message received on topic: type-2/1 with payload size: 91 at 2024-12-11 16:39:52.527653 sent 2024-12-11 16:39:52.479669
INFO:Message received on topic: type-2/1 with payload size: 91 at 2024-12-11 16:39:55.120043 sent 2024-12-11 16:39:55.086594
INFO:Message received on topic: type-2/1 with payload size: 91 at 2024-12-11 16:39:57.722956 sent 2024-12-11 16:39:57.703561
INFO:Message received on topic: type-2/1 with payload size: 91 at 2024-12-11 16:40:00.324950 sent 2024-12-11 16:40:00.313851
INFO:Message received on topic: type-2/1 with payload size: 91 at 2024-12-11 16:40:02.987120 sent 2024-12-11 16:40:02.920924
INFO:Message received on topic: type-2/1 with payload size: 91 at 2024-12-11 16:40:05.586208 sent 2024-12-11 16:40:05.531927
INFO:Message received on topic: type-2/1 with payload size: 91 at 2024-12-11 16:40:08.214693 sent 2024-12-11 16:40:08.146005
INFO:Message received on topic: type-2/1 with payload size: 91 at 2024-12-11 16:40:10.828839 sent 2024-12-11 16:40:10.763818
INFO:Message received on topic: type-2/1 with payload size: 91 at 2024-12-11 16:40:13.462272 sent 2024-12-11 16:40:13.376856
INFO:Message received on topic: type-2/1 with payload size: 91 at 2024-12-11 16:40:16.030798 sent 2024-12-11 16:40:15.987832
INFO:Message received on topic: type-2/1 with payload size: 91 at 2024-12-11 16:40:18.625231 sent 2024-12-11 16:40:18.575267
INFO:Message received on topic: type-2/1 with payload size: 91 at 2024-12-11 16:40:21.236897 sent 2024-12-11 16:40:21.161113
INFO:Message received on topic: type-2/1 with payload size: 91 at 2024-12-11 16:40:23.823535 sent 2024-12-11 16:40:23.753588
INFO:Message received on topic: type-2/1 with payload size: 91 at 2024-12-11 16:40:26.413694 sent 2024-12-11 16:40:26.342606
INFO:Message received on topic: type-2/1 with payload size: 91 at 2024-12-11 16:40:29.040667 sent 2024-12-11 16:40:28.953829
INFO:Message received on topic: type-2/1 with payload size: 91 at 2024-12-11 16:40:31.619703 sent 2024-12-11 16:40:31.566156
INFO:Message received on topic: type-2/1 with payload size: 91 at 2024-12-11 16:40:34.254206 sent 2024-12-11 16:40:34.178148
INFO:Message received on topic: type-2/1 with payload size: 91 at 2024-12-11 16:40:36.830288 sent 2024-12-11 16:40:36.792760
INFO:Message received on topic: type-2/1 with payload size: 91 at 2024-12-11 16:40:39.535777 sent 2024-12-11 16:40:39.409467
INFO:Message received on topic: type-2/1 with payload size: 91 at 2024-12-11 16:40:42.113840 sent 2024-12-11 16:40:42.021703
INFO:Message received on topic: type-2/1 with payload size: 91 at 2024-12-11 16:40:44.712199 sent 2024-12-11 16:40:44.631724
INFO:Message received on topic: type-2/1 with payload size: 91 at 2024-12-11 16:40:47.319528 sent 2024-12-11 16:40:47.241778
INFO:Message received on topic: type-2/1 with payload size: 91 at 2024-12-11 16:40:49.915784 sent 2024-12-11 16:40:49.853693
INFO:Message received on topic: type-2/1 with payload size: 91 at 2024-12-11 16:40:52.535178 sent 2024-12-11 16:40:52.463190
INFO:Message received on topic: type-2/1 with payload size: 91 at 2024-12-11 16:40:55.152742 sent 2024-12-11 16:40:55.075070
INFO:Message received on topic: type-2/1 with payload size: 91 at 2024-12-11 16:40:57.726647 sent 2024-12-11 16:40:57.686446
INFO:Message received on topic: type-2/1 with payload size: 91 at 2024-12-11 16:41:00.415767 sent 2024-12-11 16:41:00.303275
INFO:Message received on topic: type-2/1 with payload size: 91 at 2024-12-11 16:41:02.939900 sent 2024-12-11 16:41:02.916241
INFO:Message received on topic: type-2/1 with payload size: 91 at 2024-12-11 16:41:05.549140 sent 2024-12-11 16:41:05.531459
INFO:Message received on topic: type-2/1 with payload size: 91 at 2024-12-11 16:41:08.230005 sent 2024-12-11 16:41:08.144494
INFO:Message received on topic: type-2/1 with payload size: 91 at 2024-12-11 16:41:10.846437 sent 2024-12-11 16:41:10.749232
INFO:Message received on topic: type-2/1 with payload size: 91 at 2024-12-11 16:41:13.428194 sent 2024-12-11 16:41:13.362915
INFO:Message received on topic: type-2/1 with payload size: 91 at 2024-12-11 16:41:16.029602 sent 2024-12-11 16:41:15.973714
INFO:Message received on topic: type-2/1 with payload size: 91 at 2024-12-11 16:41:18.631013 sent 2024-12-11 16:41:18.578561
INFO:Message received on topic: type-2/1 with payload size: 91 at 2024-12-11 16:41:21.228885 sent 2024-12-11 16:41:21.192548
INFO:Message received on topic: type-2/1 with payload size: 91 at 2024-12-11 16:41:23.836448 sent 2024-12-11 16:41:23.806928
INFO:Message received on topic: type-2/1 with payload size: 91 at 2024-12-11 16:41:26.487632 sent 2024-12-11 16:41:26.415119
INFO:Message received on topic: type-2/1 with payload size: 91 at 2024-12-11 16:41:29.089006 sent 2024-12-11 16:41:29.025306
INFO:Message received on topic: type-2/1 with payload size: 91 at 2024-12-11 16:41:31.718786 sent 2024-12-11 16:41:31.646749
INFO:Message received on topic: type-2/1 with payload size: 91 at 2024-12-11 16:41:34.329764 sent 2024-12-11 16:41:34.258180
INFO:Message received on topic: type-2/1 with payload size: 91 at 2024-12-11 16:41:36.923535 sent 2024-12-11 16:41:36.865494
INFO:Message received on topic: type-2/1 with payload size: 91 at 2024-12-11 16:41:39.527624 sent 2024-12-11 16:41:39.474513
INFO:Message received on topic: type-2/1 with payload size: 91 at 2024-12-11 16:41:42.148815 sent 2024-12-11 16:41:42.082396
INFO:Message received on topic: type-2/1 with payload size: 91 at 2024-12-11 16:41:44.748261 sent 2024-12-11 16:41:44.689287
INFO:Message received on topic: type-2/1 with payload size: 91 at 2024-12-11 16:41:47.331863 sent 2024-12-11 16:41:47.300123
INFO:Message received on topic: type-2/1 with payload size: 91 at 2024-12-11 16:41:49.988192 sent 2024-12-11 16:41:49.918834
INFO:Message received on topic: type-2/1 with payload size: 91 at 2024-12-11 16:41:52.589987 sent 2024-12-11 16:41:52.535666
INFO:Message received on topic: type-2/1 with payload size: 91 at 2024-12-11 16:41:55.217794 sent 2024-12-11 16:41:55.136512
INFO:Message received on topic: type-2/1 with payload size: 91 at 2024-12-11 16:41:57.828264 sent 2024-12-11 16:41:57.746056
INFO:Message received on topic: type-2/1 with payload size: 91 at 2024-12-11 16:42:00.427508 sent 2024-12-11 16:42:00.355543
INFO:Message received on topic: type-2/1 with payload size: 91 at 2024-12-11 16:42:03.025526 sent 2024-12-11 16:42:02.967641
INFO:Message received on topic: type-2/1 with payload size: 91 at 2024-12-11 16:42:05.593807 sent 2024-12-11 16:42:05.580511
INFO:Message received on topic: type-2/1 with payload size: 91 at 2024-12-11 16:42:08.293484 sent 2024-12-11 16:42:08.193115
INFO:Message received on topic: type-2/1 with payload size: 91 at 2024-12-11 16:42:10.835760 sent 2024-12-11 16:42:10.813283
INFO:Message received on topic: type-2/1 with payload size: 91 at 2024-12-11 16:42:13.538884 sent 2024-12-11 16:42:13.428089
INFO:Message received on topic: type-2/1 with payload size: 91 at 2024-12-11 16:42:16.127609 sent 2024-12-11 16:42:16.041669
INFO:Message received on topic: type-2/1 with payload size: 91 at 2024-12-11 16:42:18.736627 sent 2024-12-11 16:42:18.650898
INFO:Message received on topic: type-2/1 with payload size: 91 at 2024-12-11 16:42:21.317513 sent 2024-12-11 16:42:21.264756
INFO:Message received on topic: type-2/1 with payload size: 91 at 2024-12-11 16:42:23.941056 sent 2024-12-11 16:42:23.876908
INFO:Message received on topic: type-2/1 with payload size: 91 at 2024-12-11 16:42:26.525895 sent 2024-12-11 16:42:26.491091
INFO:Message received on topic: type-2/1 with payload size: 91 at 2024-12-11 16:42:29.151639 sent 2024-12-11 16:42:29.102071
INFO:Message received on topic: type-2/1 with payload size: 91 at 2024-12-11 16:42:31.736318 sent 2024-12-11 16:42:31.709842
INFO:Message received on topic: type-2/1 with payload size: 91 at 2024-12-11 16:42:34.333203 sent 2024-12-11 16:42:34.317074
INFO:Message received on topic: type-2/1 with payload size: 91 at 2024-12-11 16:42:36.986293 sent 2024-12-11 16:42:36.923725
INFO:Message received on topic: type-2/1 with payload size: 91 at 2024-12-11 16:42:39.633704 sent 2024-12-11 16:42:39.544107
INFO:Message received on topic: type-2/1 with payload size: 91 at 2024-12-11 16:42:42.318926 sent 2024-12-11 16:42:42.157646
INFO:Message received on topic: type-2/1 with payload size: 91 at 2024-12-11 16:42:44.822759 sent 2024-12-11 16:42:44.770055
INFO:Message received on topic: type-2/1 with payload size: 91 at 2024-12-11 16:42:47.483723 sent 2024-12-11 16:42:47.377058
INFO:Message received on topic: type-2/1 with payload size: 91 at 2024-12-11 16:42:50.041002 sent 2024-12-11 16:42:49.982500
INFO:Message received on topic: type-2/1 with payload size: 91 at 2024-12-11 16:42:52.689122 sent 2024-12-11 16:42:52.593604
INFO:Message received on topic: type-2/1 with payload size: 91 at 2024-12-11 16:42:55.282929 sent 2024-12-11 16:42:55.200191
INFO:Message received on topic: type-2/1 with payload size: 91 at 2024-12-11 16:42:57.839712 sent 2024-12-11 16:42:57.810047
INFO:Message received on topic: type-2/1 with payload size: 91 at 2024-12-11 16:43:00.489531 sent 2024-12-11 16:43:00.425060
INFO:Message received on topic: type-2/1 with payload size: 91 at 2024-12-11 16:43:03.215250 sent 2024-12-11 16:43:03.041088
INFO:Message received on topic: type-2/1 with payload size: 91 at 2024-12-11 16:43:05.731196 sent 2024-12-11 16:43:05.655694
INFO:Message received on topic: type-2/1 with payload size: 91 at 2024-12-11 16:43:08.493752 sent 2024-12-11 16:43:08.276137
INFO:Message received on topic: type-2/1 with payload size: 91 at 2024-12-11 16:43:10.988921 sent 2024-12-11 16:43:10.891233
INFO:Message received on topic: type-2/1 with payload size: 91 at 2024-12-11 16:43:13.590213 sent 2024-12-11 16:43:13.502287
INFO:Message received on topic: type-2/1 with payload size: 91 at 2024-12-11 16:43:16.226140 sent 2024-12-11 16:43:16.108920
INFO:Message received on topic: type-2/1 with payload size: 91 at 2024-12-11 16:43:18.736930 sent 2024-12-11 16:43:18.713247
INFO:Message received on topic: type-2/1 with payload size: 91 at 2024-12-11 16:43:21.396244 sent 2024-12-11 16:43:21.334832
INFO:Message received on topic: type-2/1 with payload size: 91 at 2024-12-11 16:43:24.220543 sent 2024-12-11 16:43:23.945477
INFO:Message received on topic: type-2/1 with payload size: 91 at 2024-12-11 16:43:26.789785 sent 2024-12-11 16:43:26.561609
INFO:Message received on topic: type-2/1 with payload size: 91 at 2024-12-11 16:43:29.224196 sent 2024-12-11 16:43:29.172007
INFO:Message received on topic: type-2/1 with payload size: 91 at 2024-12-11 16:43:31.891634 sent 2024-12-11 16:43:31.787680
INFO:Message received on topic: type-2/1 with payload size: 91 at 2024-12-11 16:43:34.529602 sent 2024-12-11 16:43:34.404075
INFO:Message received on topic: type-2/1 with payload size: 91 at 2024-12-11 16:43:37.116064 sent 2024-12-11 16:43:37.012186
INFO:Message received on topic: type-2/1 with payload size: 91 at 2024-12-11 16:43:39.723128 sent 2024-12-11 16:43:39.631065
INFO:Message received on topic: type-2/1 with payload size: 91 at 2024-12-11 16:43:42.324600 sent 2024-12-11 16:43:42.240243
INFO:Message received on topic: type-2/1 with payload size: 91 at 2024-12-11 16:43:45.121439 sent 2024-12-11 16:43:44.847347
INFO:Message received on topic: type-2/1 with payload size: 91 at 2024-12-11 16:43:47.527866 sent 2024-12-11 16:43:47.457937
INFO:Message received on topic: type-2/1 with payload size: 91 at 2024-12-11 16:43:50.192633 sent 2024-12-11 16:43:50.065995
INFO:Message received on topic: type-2/1 with payload size: 91 at 2024-12-11 16:43:52.739547 sent 2024-12-11 16:43:52.676249
INFO:Message received on topic: type-2/1 with payload size: 91 at 2024-12-11 16:43:55.335570 sent 2024-12-11 16:43:55.282789
INFO:Message received on topic: type-2/1 with payload size: 91 at 2024-12-11 16:43:57.928720 sent 2024-12-11 16:43:57.898370
INFO:Message received on topic: type-2/1 with payload size: 91 at 2024-12-11 16:44:00.590787 sent 2024-12-11 16:44:00.508725
INFO:Message received on topic: type-2/1 with payload size: 91 at 2024-12-11 16:44:03.186263 sent 2024-12-11 16:44:03.119222
INFO:Message received on topic: type-2/1 with payload size: 91 at 2024-12-11 16:44:05.885784 sent 2024-12-11 16:44:05.729107
INFO:Message received on topic: type-2/1 with payload size: 91 at 2024-12-11 16:44:08.433985 sent 2024-12-11 16:44:08.339231
INFO:Message received on topic: type-2/1 with payload size: 91 at 2024-12-11 16:44:11.085586 sent 2024-12-11 16:44:10.954051
INFO:Message received on topic: type-2/1 with payload size: 91 at 2024-12-11 16:44:13.638789 sent 2024-12-11 16:44:13.565063
INFO:Message received on topic: type-2/1 with payload size: 91 at 2024-12-11 16:44:16.220126 sent 2024-12-11 16:44:16.173294
INFO:Message received on topic: type-2/1 with payload size: 91 at 2024-12-11 16:44:18.892040 sent 2024-12-11 16:44:18.780677
INFO:Message received on topic: type-2/1 with payload size: 91 at 2024-12-11 16:44:21.434061 sent 2024-12-11 16:44:21.398006
INFO:Message received on topic: type-2/1 with payload size: 91 at 2024-12-11 16:44:24.127692 sent 2024-12-11 16:44:24.015080
INFO:Message received on topic: type-2/1 with payload size: 91 at 2024-12-11 16:44:26.691963 sent 2024-12-11 16:44:26.622130
INFO:Message received on topic: type-2/1 with payload size: 91 at 2024-12-11 16:44:29.333487 sent 2024-12-11 16:44:29.232043
INFO:Message received on topic: type-2/1 with payload size: 91 at 2024-12-11 16:44:31.929149 sent 2024-12-11 16:44:31.846301
INFO:Message received on topic: type-2/1 with payload size: 91 at 2024-12-11 16:44:34.613187 sent 2024-12-11 16:44:34.456446
INFO:Message received on topic: type-2/1 with payload size: 91 at 2024-12-11 16:44:37.118517 sent 2024-12-11 16:44:37.066282
INFO:Message received on topic: type-2/1 with payload size: 91 at 2024-12-11 16:44:39.784287 sent 2024-12-11 16:44:39.681708
INFO:Message received on topic: type-2/1 with payload size: 91 at 2024-12-11 16:44:42.398139 sent 2024-12-11 16:44:42.297594
INFO:Message received on topic: type-2/1 with payload size: 91 at 2024-12-11 16:44:44.985446 sent 2024-12-11 16:44:44.905557
INFO:Message received on topic: type-2/1 with payload size: 91 at 2024-12-11 16:44:47.623215 sent 2024-12-11 16:44:47.513627
INFO:Message received on topic: type-2/1 with payload size: 91 at 2024-12-11 16:44:50.221716 sent 2024-12-11 16:44:50.119985
INFO:Message received on topic: type-2/1 with payload size: 91 at 2024-12-11 16:44:52.815813 sent 2024-12-11 16:44:52.738129
INFO:Message received on topic: type-2/1 with payload size: 91 at 2024-12-11 16:44:55.485860 sent 2024-12-11 16:44:55.345435
INFO:Message received on topic: type-2/1 with payload size: 91 at 2024-12-11 16:44:58.083605 sent 2024-12-11 16:44:57.954610
INFO:Message received on topic: type-2/1 with payload size: 91 at 2024-12-11 16:45:00.690766 sent 2024-12-11 16:45:00.563794
INFO:Message received on topic: type-2/1 with payload size: 91 at 2024-12-11 16:45:03.318552 sent 2024-12-11 16:45:03.178482
INFO:Message received on topic: type-2/1 with payload size: 91 at 2024-12-11 16:45:05.834771 sent 2024-12-11 16:45:05.790512
