INFO:Starting Version 1.0.5
DEBUG:Using selector: EpollSelector
INFO:Connecting to cluster at: mqtt-quic://emqx-headless.dtwins:14567 using QUIC
INFO:Subscribed to topic: type-2/23
INFO:Logging each: 50
INFO:Unhandled packet type received
INFO:Message received on topic: type-2/23 with payload size: 91 at 2024-12-11 16:37:57.823448 sent 2024-12-11 16:37:57.789170
INFO:Message received on topic: type-2/23 with payload size: 91 at 2024-12-11 16:38:00.425631 sent 2024-12-11 16:38:00.391258
INFO:Message received on topic: type-2/23 with payload size: 91 at 2024-12-11 16:38:03.019066 sent 2024-12-11 16:38:02.992962
INFO:Message received on topic: type-2/23 with payload size: 91 at 2024-12-11 16:38:05.622051 sent 2024-12-11 16:38:05.592979
INFO:Message received on topic: type-2/23 with payload size: 91 at 2024-12-11 16:38:08.234737 sent 2024-12-11 16:38:08.197900
INFO:Message received on topic: type-2/23 with payload size: 91 at 2024-12-11 16:38:10.827060 sent 2024-12-11 16:38:10.798660
INFO:Message received on topic: type-2/23 with payload size: 91 at 2024-12-11 16:38:13.434793 sent 2024-12-11 16:38:13.404853
INFO:Message received on topic: type-2/23 with payload size: 91 at 2024-12-11 16:38:16.041170 sent 2024-12-11 16:38:16.004313
INFO:Message received on topic: type-2/23 with payload size: 91 at 2024-12-11 16:38:18.625060 sent 2024-12-11 16:38:18.607863
INFO:Message received on topic: type-2/23 with payload size: 91 at 2024-12-11 16:38:21.220846 sent 2024-12-11 16:38:21.210666
INFO:Message received on topic: type-2/23 with payload size: 91 at 2024-12-11 16:38:23.836698 sent 2024-12-11 16:38:23.822098
INFO:Message received on topic: type-2/23 with payload size: 91 at 2024-12-11 16:38:26.442011 sent 2024-12-11 16:38:26.428692
INFO:Message received on topic: type-2/23 with payload size: 91 at 2024-12-11 16:38:29.045296 sent 2024-12-11 16:38:29.035804
INFO:Message received on topic: type-2/23 with payload size: 91 at 2024-12-11 16:38:31.712005 sent 2024-12-11 16:38:31.643088
INFO:Message received on topic: type-2/23 with payload size: 91 at 2024-12-11 16:38:34.330933 sent 2024-12-11 16:38:34.252530
INFO:Message received on topic: type-2/23 with payload size: 91 at 2024-12-11 16:38:36.924739 sent 2024-12-11 16:38:36.865002
INFO:Message received on topic: type-2/23 with payload size: 91 at 2024-12-11 16:38:39.526073 sent 2024-12-11 16:38:39.475268
INFO:Message received on topic: type-2/23 with payload size: 91 at 2024-12-11 16:38:42.122401 sent 2024-12-11 16:38:42.082888
INFO:Message received on topic: type-2/23 with payload size: 91 at 2024-12-11 16:38:44.738028 sent 2024-12-11 16:38:44.685118
INFO:Message received on topic: type-2/23 with payload size: 91 at 2024-12-11 16:38:47.332306 sent 2024-12-11 16:38:47.297082
INFO:Message received on topic: type-2/23 with payload size: 91 at 2024-12-11 16:38:49.926584 sent 2024-12-11 16:38:49.907009
INFO:Message received on topic: type-2/23 with payload size: 91 at 2024-12-11 16:38:52.540936 sent 2024-12-11 16:38:52.520055
INFO:Message received on topic: type-2/23 with payload size: 91 at 2024-12-11 16:38:55.222534 sent 2024-12-11 16:38:55.126480
INFO:Message received on topic: type-2/23 with payload size: 91 at 2024-12-11 16:38:57.746957 sent 2024-12-11 16:38:57.738647
INFO:Message received on topic: type-2/23 with payload size: 91 at 2024-12-11 16:39:00.421469 sent 2024-12-11 16:39:00.351708
INFO:Message received on topic: type-2/23 with payload size: 91 at 2024-12-11 16:39:03.053557 sent 2024-12-11 16:39:02.962578
INFO:Message received on topic: type-2/23 with payload size: 91 at 2024-12-11 16:39:05.649086 sent 2024-12-11 16:39:05.576951
INFO:Message received on topic: type-2/23 with payload size: 91 at 2024-12-11 16:39:08.224095 sent 2024-12-11 16:39:08.189120
INFO:Message received on topic: type-2/23 with payload size: 91 at 2024-12-11 16:39:10.839099 sent 2024-12-11 16:39:10.808137
INFO:Message received on topic: type-2/23 with payload size: 91 at 2024-12-11 16:39:13.437279 sent 2024-12-11 16:39:13.423974
INFO:Message received on topic: type-2/23 with payload size: 91 at 2024-12-11 16:39:16.049887 sent 2024-12-11 16:39:16.038488
INFO:Message received on topic: type-2/23 with payload size: 91 at 2024-12-11 16:39:18.717112 sent 2024-12-11 16:39:18.650500
INFO:Message received on topic: type-2/23 with payload size: 91 at 2024-12-11 16:39:21.328827 sent 2024-12-11 16:39:21.260473
INFO:Message received on topic: type-2/23 with payload size: 91 at 2024-12-11 16:39:23.933137 sent 2024-12-11 16:39:23.866346
INFO:Message received on topic: type-2/23 with payload size: 91 at 2024-12-11 16:39:26.533904 sent 2024-12-11 16:39:26.479474
INFO:Message received on topic: type-2/23 with payload size: 91 at 2024-12-11 16:39:29.129488 sent 2024-12-11 16:39:29.089785
INFO:Message received on topic: type-2/23 with payload size: 91 at 2024-12-11 16:39:31.734057 sent 2024-12-11 16:39:31.698485
INFO:Message received on topic: type-2/23 with payload size: 91 at 2024-12-11 16:39:34.329153 sent 2024-12-11 16:39:34.312616
INFO:Message received on topic: type-2/23 with payload size: 91 at 2024-12-11 16:39:37.024971 sent 2024-12-11 16:39:36.920777
INFO:Message received on topic: type-2/23 with payload size: 91 at 2024-12-11 16:39:39.541598 sent 2024-12-11 16:39:39.532532
INFO:Message received on topic: type-2/23 with payload size: 91 at 2024-12-11 16:39:42.327195 sent 2024-12-11 16:39:42.144669
INFO:Message received on topic: type-2/23 with payload size: 91 at 2024-12-11 16:39:44.831530 sent 2024-12-11 16:39:44.752177
INFO:Message received on topic: type-2/23 with payload size: 91 at 2024-12-11 16:39:47.424495 sent 2024-12-11 16:39:47.360681
INFO:Message received on topic: type-2/23 with payload size: 91 at 2024-12-11 16:39:50.049792 sent 2024-12-11 16:39:49.972940
INFO:Message received on topic: type-2/23 with payload size: 91 at 2024-12-11 16:39:52.629977 sent 2024-12-11 16:39:52.586101
INFO:Message received on topic: type-2/23 with payload size: 91 at 2024-12-11 16:39:55.228928 sent 2024-12-11 16:39:55.192245
INFO:Message received on topic: type-2/23 with payload size: 91 at 2024-12-11 16:39:57.825049 sent 2024-12-11 16:39:57.805611
INFO:Message received on topic: type-2/23 with payload size: 91 at 2024-12-11 16:40:00.448079 sent 2024-12-11 16:40:00.415926
INFO:Message received on topic: type-2/23 with payload size: 91 at 2024-12-11 16:40:03.114910 sent 2024-12-11 16:40:03.024512
INFO:Message received on topic: type-2/23 with payload size: 91 at 2024-12-11 16:40:05.685829 sent 2024-12-11 16:40:05.640598
INFO:Message received on topic: type-2/23 with payload size: 91 at 2024-12-11 16:40:08.329187 sent 2024-12-11 16:40:08.254236
INFO:Message received on topic: type-2/23 with payload size: 91 at 2024-12-11 16:40:10.922822 sent 2024-12-11 16:40:10.875565
INFO:Message received on topic: type-2/23 with payload size: 91 at 2024-12-11 16:40:13.549658 sent 2024-12-11 16:40:13.494844
INFO:Message received on topic: type-2/23 with payload size: 91 at 2024-12-11 16:40:16.188937 sent 2024-12-11 16:40:16.101869
INFO:Message received on topic: type-2/23 with payload size: 91 at 2024-12-11 16:40:18.734306 sent 2024-12-11 16:40:18.694117
INFO:Message received on topic: type-2/23 with payload size: 91 at 2024-12-11 16:40:21.340221 sent 2024-12-11 16:40:21.279987
INFO:Message received on topic: type-2/23 with payload size: 91 at 2024-12-11 16:40:23.928283 sent 2024-12-11 16:40:23.869293
INFO:Message received on topic: type-2/23 with payload size: 91 at 2024-12-11 16:40:26.522148 sent 2024-12-11 16:40:26.458163
INFO:Message received on topic: type-2/23 with payload size: 91 at 2024-12-11 16:40:29.117776 sent 2024-12-11 16:40:29.068184
INFO:Message received on topic: type-2/23 with payload size: 91 at 2024-12-11 16:40:31.722646 sent 2024-12-11 16:40:31.679123
INFO:Message received on topic: type-2/23 with payload size: 91 at 2024-12-11 16:40:34.321888 sent 2024-12-11 16:40:34.297516
INFO:Message received on topic: type-2/23 with payload size: 91 at 2024-12-11 16:40:36.931814 sent 2024-12-11 16:40:36.910479
INFO:Message received on topic: type-2/23 with payload size: 91 at 2024-12-11 16:40:39.721994 sent 2024-12-11 16:40:39.525821
INFO:Message received on topic: type-2/23 with payload size: 91 at 2024-12-11 16:40:42.218566 sent 2024-12-11 16:40:42.144007
INFO:Message received on topic: type-2/23 with payload size: 91 at 2024-12-11 16:40:44.837311 sent 2024-12-11 16:40:44.753633
INFO:Message received on topic: type-2/23 with payload size: 91 at 2024-12-11 16:40:47.422600 sent 2024-12-11 16:40:47.366066
INFO:Message received on topic: type-2/23 with payload size: 91 at 2024-12-11 16:40:50.054419 sent 2024-12-11 16:40:49.974618
INFO:Message received on topic: type-2/23 with payload size: 91 at 2024-12-11 16:40:52.620438 sent 2024-12-11 16:40:52.583598
INFO:Message received on topic: type-2/23 with payload size: 91 at 2024-12-11 16:40:55.246593 sent 2024-12-11 16:40:55.192405
INFO:Message received on topic: type-2/23 with payload size: 91 at 2024-12-11 16:40:57.836199 sent 2024-12-11 16:40:57.799221
INFO:Message received on topic: type-2/23 with payload size: 91 at 2024-12-11 16:41:00.486491 sent 2024-12-11 16:41:00.416106
INFO:Message received on topic: type-2/23 with payload size: 91 at 2024-12-11 16:41:03.082155 sent 2024-12-11 16:41:03.027452
INFO:Message received on topic: type-2/23 with payload size: 91 at 2024-12-11 16:41:05.727154 sent 2024-12-11 16:41:05.645552
INFO:Message received on topic: type-2/23 with payload size: 91 at 2024-12-11 16:41:08.333631 sent 2024-12-11 16:41:08.258721
INFO:Message received on topic: type-2/23 with payload size: 91 at 2024-12-11 16:41:10.941693 sent 2024-12-11 16:41:10.868344
INFO:Message received on topic: type-2/23 with payload size: 91 at 2024-12-11 16:41:13.514726 sent 2024-12-11 16:41:13.478566
INFO:Message received on topic: type-2/23 with payload size: 91 at 2024-12-11 16:41:16.136694 sent 2024-12-11 16:41:16.099644
INFO:Message received on topic: type-2/23 with payload size: 91 at 2024-12-11 16:41:18.745814 sent 2024-12-11 16:41:18.708481
INFO:Message received on topic: type-2/23 with payload size: 91 at 2024-12-11 16:41:21.336853 sent 2024-12-11 16:41:21.318675
INFO:Message received on topic: type-2/23 with payload size: 91 at 2024-12-11 16:41:24.017088 sent 2024-12-11 16:41:23.928880
INFO:Message received on topic: type-2/23 with payload size: 91 at 2024-12-11 16:41:26.588744 sent 2024-12-11 16:41:26.537845
INFO:Message received on topic: type-2/23 with payload size: 91 at 2024-12-11 16:41:29.228594 sent 2024-12-11 16:41:29.148637
INFO:Message received on topic: type-2/23 with payload size: 91 at 2024-12-11 16:41:31.826897 sent 2024-12-11 16:41:31.763905
INFO:Message received on topic: type-2/23 with payload size: 91 at 2024-12-11 16:41:34.423320 sent 2024-12-11 16:41:34.378542
INFO:Message received on topic: type-2/23 with payload size: 91 at 2024-12-11 16:41:37.121069 sent 2024-12-11 16:41:36.993522
INFO:Message received on topic: type-2/23 with payload size: 91 at 2024-12-11 16:41:39.626939 sent 2024-12-11 16:41:39.602409
INFO:Message received on topic: type-2/23 with payload size: 91 at 2024-12-11 16:41:42.235905 sent 2024-12-11 16:41:42.213464
INFO:Message received on topic: type-2/23 with payload size: 91 at 2024-12-11 16:41:44.883110 sent 2024-12-11 16:41:44.822027
INFO:Message received on topic: type-2/23 with payload size: 91 at 2024-12-11 16:41:47.518984 sent 2024-12-11 16:41:47.430629
INFO:Message received on topic: type-2/23 with payload size: 91 at 2024-12-11 16:41:50.121764 sent 2024-12-11 16:41:50.045424
INFO:Message received on topic: type-2/23 with payload size: 91 at 2024-12-11 16:41:52.725124 sent 2024-12-11 16:41:52.652686
INFO:Message received on topic: type-2/23 with payload size: 91 at 2024-12-11 16:41:55.316530 sent 2024-12-11 16:41:55.252309
INFO:Message received on topic: type-2/23 with payload size: 91 at 2024-12-11 16:41:57.927105 sent 2024-12-11 16:41:57.863875
INFO:Message received on topic: type-2/23 with payload size: 91 at 2024-12-11 16:42:00.512554 sent 2024-12-11 16:42:00.478237
INFO:Message received on topic: type-2/23 with payload size: 91 at 2024-12-11 16:42:03.191776 sent 2024-12-11 16:42:03.090807
INFO:Message received on topic: type-2/23 with payload size: 91 at 2024-12-11 16:42:05.783642 sent 2024-12-11 16:42:05.700222
INFO:Message received on topic: type-2/23 with payload size: 91 at 2024-12-11 16:42:08.415311 sent 2024-12-11 16:42:08.306794
INFO:Message received on topic: type-2/23 with payload size: 91 at 2024-12-11 16:42:11.034508 sent 2024-12-11 16:42:10.922217
INFO:Message received on topic: type-2/23 with payload size: 91 at 2024-12-11 16:42:13.622800 sent 2024-12-11 16:42:13.538062
INFO:Message received on topic: type-2/23 with payload size: 91 at 2024-12-11 16:42:16.248013 sent 2024-12-11 16:42:16.155474
INFO:Message received on topic: type-2/23 with payload size: 91 at 2024-12-11 16:42:18.814897 sent 2024-12-11 16:42:18.765224
INFO:Message received on topic: type-2/23 with payload size: 91 at 2024-12-11 16:42:21.425899 sent 2024-12-11 16:42:21.383885
INFO:Message received on topic: type-2/23 with payload size: 91 at 2024-12-11 16:42:24.085777 sent 2024-12-11 16:42:23.994465
INFO:Message received on topic: type-2/23 with payload size: 91 at 2024-12-11 16:42:26.713015 sent 2024-12-11 16:42:26.600825
INFO:Message received on topic: type-2/23 with payload size: 91 at 2024-12-11 16:42:29.312486 sent 2024-12-11 16:42:29.210240
INFO:Message received on topic: type-2/23 with payload size: 91 at 2024-12-11 16:42:31.913955 sent 2024-12-11 16:42:31.818978
INFO:Message received on topic: type-2/23 with payload size: 91 at 2024-12-11 16:42:34.525600 sent 2024-12-11 16:42:34.436065
INFO:Message received on topic: type-2/23 with payload size: 91 at 2024-12-11 16:42:37.126578 sent 2024-12-11 16:42:37.043628
INFO:Message received on topic: type-2/23 with payload size: 91 at 2024-12-11 16:42:39.720871 sent 2024-12-11 16:42:39.654585
INFO:Message received on topic: type-2/23 with payload size: 91 at 2024-12-11 16:42:42.414072 sent 2024-12-11 16:42:42.265811
INFO:Message received on topic: type-2/23 with payload size: 91 at 2024-12-11 16:42:44.935365 sent 2024-12-11 16:42:44.882700
INFO:Message received on topic: type-2/23 with payload size: 91 at 2024-12-11 16:42:47.539545 sent 2024-12-11 16:42:47.495666
INFO:Message received on topic: type-2/23 with payload size: 91 at 2024-12-11 16:42:50.188666 sent 2024-12-11 16:42:50.106592
INFO:Message received on topic: type-2/23 with payload size: 91 at 2024-12-11 16:42:52.817859 sent 2024-12-11 16:42:52.717559
INFO:Message received on topic: type-2/23 with payload size: 91 at 2024-12-11 16:42:55.425628 sent 2024-12-11 16:42:55.330832
INFO:Message received on topic: type-2/23 with payload size: 91 at 2024-12-11 16:42:58.019782 sent 2024-12-11 16:42:57.950543
INFO:Message received on topic: type-2/23 with payload size: 91 at 2024-12-11 16:43:00.630594 sent 2024-12-11 16:43:00.563795
INFO:Message received on topic: type-2/23 with payload size: 91 at 2024-12-11 16:43:03.283752 sent 2024-12-11 16:43:03.187822
INFO:Message received on topic: type-2/23 with payload size: 91 at 2024-12-11 16:43:05.889059 sent 2024-12-11 16:43:05.801385
INFO:Message received on topic: type-2/23 with payload size: 91 at 2024-12-11 16:43:08.589041 sent 2024-12-11 16:43:08.410634
INFO:Message received on topic: type-2/23 with payload size: 91 at 2024-12-11 16:43:11.192553 sent 2024-12-11 16:43:11.023586
INFO:Message received on topic: type-2/23 with payload size: 91 at 2024-12-11 16:43:13.689216 sent 2024-12-11 16:43:13.636258
INFO:Message received on topic: type-2/23 with payload size: 91 at 2024-12-11 16:43:16.329226 sent 2024-12-11 16:43:16.246804
INFO:Message received on topic: type-2/23 with payload size: 91 at 2024-12-11 16:43:18.890557 sent 2024-12-11 16:43:18.865424
INFO:Message received on topic: type-2/23 with payload size: 91 at 2024-12-11 16:43:21.589727 sent 2024-12-11 16:43:21.481895
INFO:Message received on topic: type-2/23 with payload size: 91 at 2024-12-11 16:43:24.334131 sent 2024-12-11 16:43:24.093157
INFO:Message received on topic: type-2/23 with payload size: 91 at 2024-12-11 16:43:27.032072 sent 2024-12-11 16:43:26.698939
INFO:Message received on topic: type-2/23 with payload size: 91 at 2024-12-11 16:43:29.416646 sent 2024-12-11 16:43:29.308900
INFO:Message received on topic: type-2/23 with payload size: 91 at 2024-12-11 16:43:32.088041 sent 2024-12-11 16:43:31.917639
INFO:Message received on topic: type-2/23 with payload size: 91 at 2024-12-11 16:43:34.691980 sent 2024-12-11 16:43:34.527480
INFO:Message received on topic: type-2/23 with payload size: 91 at 2024-12-11 16:43:37.216303 sent 2024-12-11 16:43:37.137632
INFO:Message received on topic: type-2/23 with payload size: 91 at 2024-12-11 16:43:39.824653 sent 2024-12-11 16:43:39.749491
INFO:Message received on topic: type-2/23 with payload size: 91 at 2024-12-11 16:43:42.429097 sent 2024-12-11 16:43:42.360054
INFO:Message received on topic: type-2/23 with payload size: 91 at 2024-12-11 16:43:45.221101 sent 2024-12-11 16:43:44.970487
INFO:Message received on topic: type-2/23 with payload size: 91 at 2024-12-11 16:43:47.619535 sent 2024-12-11 16:43:47.578669
INFO:Message received on topic: type-2/23 with payload size: 91 at 2024-12-11 16:43:50.222758 sent 2024-12-11 16:43:50.194264
INFO:Message received on topic: type-2/23 with payload size: 91 at 2024-12-11 16:43:52.922877 sent 2024-12-11 16:43:52.807868
INFO:Message received on topic: type-2/23 with payload size: 91 at 2024-12-11 16:43:55.505158 sent 2024-12-11 16:43:55.413559
INFO:Message received on topic: type-2/23 with payload size: 91 at 2024-12-11 16:43:58.115688 sent 2024-12-11 16:43:58.023588
INFO:Message received on topic: type-2/23 with payload size: 91 at 2024-12-11 16:44:00.732782 sent 2024-12-11 16:44:00.634043
INFO:Message received on topic: type-2/23 with payload size: 91 at 2024-12-11 16:44:03.332260 sent 2024-12-11 16:44:03.244894
INFO:Message received on topic: type-2/23 with payload size: 91 at 2024-12-11 16:44:06.020488 sent 2024-12-11 16:44:05.856294
INFO:Message received on topic: type-2/23 with payload size: 91 at 2024-12-11 16:44:08.617032 sent 2024-12-11 16:44:08.466627
INFO:Message received on topic: type-2/23 with payload size: 91 at 2024-12-11 16:44:11.131525 sent 2024-12-11 16:44:11.080002
INFO:Message received on topic: type-2/23 with payload size: 91 at 2024-12-11 16:44:13.787437 sent 2024-12-11 16:44:13.696178
INFO:Message received on topic: type-2/23 with payload size: 91 at 2024-12-11 16:44:16.396629 sent 2024-12-11 16:44:16.305927
INFO:Message received on topic: type-2/23 with payload size: 91 at 2024-12-11 16:44:19.030987 sent 2024-12-11 16:44:18.914653
INFO:Message received on topic: type-2/23 with payload size: 91 at 2024-12-11 16:44:21.630791 sent 2024-12-11 16:44:21.524855
INFO:Message received on topic: type-2/23 with payload size: 91 at 2024-12-11 16:44:24.222781 sent 2024-12-11 16:44:24.145088
INFO:Message received on topic: type-2/23 with payload size: 91 at 2024-12-11 16:44:26.893960 sent 2024-12-11 16:44:26.750445
INFO:Message received on topic: type-2/23 with payload size: 91 at 2024-12-11 16:44:29.429735 sent 2024-12-11 16:44:29.357129
INFO:Message received on topic: type-2/23 with payload size: 91 at 2024-12-11 16:44:32.021683 sent 2024-12-11 16:44:31.967150
INFO:Message received on topic: type-2/23 with payload size: 91 at 2024-12-11 16:44:34.632251 sent 2024-12-11 16:44:34.581102
INFO:Message received on topic: type-2/23 with payload size: 91 at 2024-12-11 16:44:37.231494 sent 2024-12-11 16:44:37.190122
INFO:Message received on topic: type-2/23 with payload size: 91 at 2024-12-11 16:44:39.829619 sent 2024-12-11 16:44:39.795810
INFO:Message received on topic: type-2/23 with payload size: 91 at 2024-12-11 16:44:42.496417 sent 2024-12-11 16:44:42.410281
INFO:Message received on topic: type-2/23 with payload size: 91 at 2024-12-11 16:44:45.194854 sent 2024-12-11 16:44:45.028250
INFO:Message received on topic: type-2/23 with payload size: 91 at 2024-12-11 16:44:47.733760 sent 2024-12-11 16:44:47.638295
INFO:Message received on topic: type-2/23 with payload size: 91 at 2024-12-11 16:44:50.295485 sent 2024-12-11 16:44:50.248936
INFO:Message received on topic: type-2/23 with payload size: 91 at 2024-12-11 16:44:53.032275 sent 2024-12-11 16:44:52.860162
INFO:Message received on topic: type-2/23 with payload size: 91 at 2024-12-11 16:44:55.584863 sent 2024-12-11 16:44:55.468185
INFO:Message received on topic: type-2/23 with payload size: 91 at 2024-12-11 16:44:58.139998 sent 2024-12-11 16:44:58.079974
INFO:Message received on topic: type-2/23 with payload size: 91 at 2024-12-11 16:45:00.828510 sent 2024-12-11 16:45:00.696779
INFO:Message received on topic: type-2/23 with payload size: 91 at 2024-12-11 16:45:03.493005 sent 2024-12-11 16:45:03.306672
INFO:Message received on topic: type-2/23 with payload size: 91 at 2024-12-11 16:45:05.991556 sent 2024-12-11 16:45:05.917218
INFO:Message received on topic: type-2/23 with payload size: 91 at 2024-12-11 16:45:08.614877 sent 2024-12-11 16:45:08.529785
INFO:Message received on topic: type-2/23 with payload size: 91 at 2024-12-11 16:45:11.223544 sent 2024-12-11 16:45:11.141584
INFO:Message received on topic: type-2/23 with payload size: 91 at 2024-12-11 16:45:13.824376 sent 2024-12-11 16:45:13.752235
INFO:Message received on topic: type-2/23 with payload size: 91 at 2024-12-11 16:45:16.416983 sent 2024-12-11 16:45:16.362313
INFO:Message received on topic: type-2/23 with payload size: 91 at 2024-12-11 16:45:19.084223 sent 2024-12-11 16:45:18.970613
INFO:Message received on topic: type-2/23 with payload size: 91 at 2024-12-11 16:45:21.628463 sent 2024-12-11 16:45:21.583744
INFO:Message received on topic: type-2/23 with payload size: 91 at 2024-12-11 16:45:24.296197 sent 2024-12-11 16:45:24.194838
INFO:Message received on topic: type-2/23 with payload size: 91 at 2024-12-11 16:45:26.885569 sent 2024-12-11 16:45:26.804478
INFO:Message received on topic: type-2/23 with payload size: 91 at 2024-12-11 16:45:29.490469 sent 2024-12-11 16:45:29.418279
INFO:Message received on topic: type-2/23 with payload size: 91 at 2024-12-11 16:45:32.094736 sent 2024-12-11 16:45:32.028633
INFO:Message received on topic: type-2/23 with payload size: 91 at 2024-12-11 16:45:34.718193 sent 2024-12-11 16:45:34.645307
INFO:Message received on topic: type-2/23 with payload size: 91 at 2024-12-11 16:45:37.323274 sent 2024-12-11 16:45:37.252822
INFO:Message received on topic: type-2/23 with payload size: 91 at 2024-12-11 16:45:39.989072 sent 2024-12-11 16:45:39.864103
INFO:Message received on topic: type-2/23 with payload size: 91 at 2024-12-11 16:45:42.584168 sent 2024-12-11 16:45:42.470841
INFO:Message received on topic: type-2/23 with payload size: 91 at 2024-12-11 16:45:45.116664 sent 2024-12-11 16:45:45.077128
INFO:Message received on topic: type-2/23 with payload size: 91 at 2024-12-11 16:45:47.724109 sent 2024-12-11 16:45:47.681631
INFO:Message received on topic: type-2/23 with payload size: 91 at 2024-12-11 16:45:50.389198 sent 2024-12-11 16:45:50.291636
INFO:Message received on topic: type-2/23 with payload size: 91 at 2024-12-11 16:45:52.999540 sent 2024-12-11 16:45:52.898874
INFO:Message received on topic: type-2/23 with payload size: 91 at 2024-12-11 16:45:55.588791 sent 2024-12-11 16:45:55.501277
INFO:Message received on topic: type-2/23 with payload size: 91 at 2024-12-11 16:45:58.124313 sent 2024-12-11 16:45:58.106092
INFO:Message received on topic: type-2/23 with payload size: 91 at 2024-12-11 16:46:00.728531 sent 2024-12-11 16:46:00.713471
INFO:Message received on topic: type-2/23 with payload size: 91 at 2024-12-11 16:46:03.386913 sent 2024-12-11 16:46:03.317550
INFO:Message received on topic: type-2/23 with payload size: 91 at 2024-12-11 16:46:05.991476 sent 2024-12-11 16:46:05.923312
INFO:Message received on topic: type-2/23 with payload size: 91 at 2024-12-11 16:46:08.599355 sent 2024-12-11 16:46:08.526837
INFO:Message received on topic: type-2/23 with payload size: 91 at 2024-12-11 16:46:11.193629 sent 2024-12-11 16:46:11.131773
INFO:Message received on topic: type-2/23 with payload size: 91 at 2024-12-11 16:46:13.800021 sent 2024-12-11 16:46:13.733761
INFO:Message received on topic: type-2/23 with payload size: 91 at 2024-12-11 16:46:16.414466 sent 2024-12-11 16:46:16.337541
INFO:Message received on topic: type-2/23 with payload size: 91 at 2024-12-11 16:46:19.084148 sent 2024-12-11 16:46:18.940428
INFO:Message received on topic: type-2/23 with payload size: 91 at 2024-12-11 16:46:21.593685 sent 2024-12-11 16:46:21.549401
INFO:Message received on topic: type-2/23 with payload size: 91 at 2024-12-11 16:46:24.214127 sent 2024-12-11 16:46:24.157104
INFO:Message received on topic: type-2/23 with payload size: 91 at 2024-12-11 16:46:26.815821 sent 2024-12-11 16:46:26.760498
