INFO:Starting Version 1.0.5
DEBUG:Using selector: EpollSelector
INFO:Connecting to cluster at: mqtt-quic://emqx-headless.dtwins:14567 using QUIC
INFO:Subscribed to topic: type-2/26
INFO:Logging each: 50
INFO:Unhandled packet type received
INFO:Message received on topic: type-2/26 with payload size: 91 at 2024-12-11 16:38:07.121671 sent 2024-12-11 16:38:07.088185
INFO:Message received on topic: type-2/26 with payload size: 91 at 2024-12-11 16:38:09.726046 sent 2024-12-11 16:38:09.690432
INFO:Message received on topic: type-2/26 with payload size: 91 at 2024-12-11 16:38:12.329088 sent 2024-12-11 16:38:12.289764
INFO:Message received on topic: type-2/26 with payload size: 91 at 2024-12-11 16:38:14.925883 sent 2024-12-11 16:38:14.889219
INFO:Message received on topic: type-2/26 with payload size: 91 at 2024-12-11 16:38:17.522250 sent 2024-12-11 16:38:17.494485
INFO:Message received on topic: type-2/26 with payload size: 91 at 2024-12-11 16:38:20.141113 sent 2024-12-11 16:38:20.099092
INFO:Message received on topic: type-2/26 with payload size: 91 at 2024-12-11 16:38:22.728545 sent 2024-12-11 16:38:22.703764
INFO:Message received on topic: type-2/26 with payload size: 91 at 2024-12-11 16:38:25.335283 sent 2024-12-11 16:38:25.310185
INFO:Message received on topic: type-2/26 with payload size: 91 at 2024-12-11 16:38:27.924458 sent 2024-12-11 16:38:27.912249
INFO:Message received on topic: type-2/26 with payload size: 91 at 2024-12-11 16:38:30.526985 sent 2024-12-11 16:38:30.515066
INFO:Message received on topic: type-2/26 with payload size: 91 at 2024-12-11 16:38:33.134254 sent 2024-12-11 16:38:33.121705
INFO:Message received on topic: type-2/26 with payload size: 91 at 2024-12-11 16:38:35.742014 sent 2024-12-11 16:38:35.730151
INFO:Message received on topic: type-2/26 with payload size: 91 at 2024-12-11 16:38:38.341301 sent 2024-12-11 16:38:38.333286
INFO:Message received on topic: type-2/26 with payload size: 91 at 2024-12-11 16:38:40.945480 sent 2024-12-11 16:38:40.939382
INFO:Message received on topic: type-2/26 with payload size: 91 at 2024-12-11 16:38:43.553304 sent 2024-12-11 16:38:43.543911
INFO:Message received on topic: type-2/26 with payload size: 91 at 2024-12-11 16:38:46.215398 sent 2024-12-11 16:38:46.155162
INFO:Message received on topic: type-2/26 with payload size: 91 at 2024-12-11 16:38:48.828950 sent 2024-12-11 16:38:48.765647
INFO:Message received on topic: type-2/26 with payload size: 91 at 2024-12-11 16:38:51.425042 sent 2024-12-11 16:38:51.373651
INFO:Message received on topic: type-2/26 with payload size: 91 at 2024-12-11 16:38:54.025924 sent 2024-12-11 16:38:53.983181
INFO:Message received on topic: type-2/26 with payload size: 91 at 2024-12-11 16:38:56.625931 sent 2024-12-11 16:38:56.589220
INFO:Message received on topic: type-2/26 with payload size: 91 at 2024-12-11 16:38:59.229314 sent 2024-12-11 16:38:59.200588
INFO:Message received on topic: type-2/26 with payload size: 91 at 2024-12-11 16:39:01.828058 sent 2024-12-11 16:39:01.811440
INFO:Message received on topic: type-2/26 with payload size: 91 at 2024-12-11 16:39:04.433998 sent 2024-12-11 16:39:04.422734
INFO:Message received on topic: type-2/26 with payload size: 91 at 2024-12-11 16:39:07.083863 sent 2024-12-11 16:39:07.042562
INFO:Message received on topic: type-2/26 with payload size: 91 at 2024-12-11 16:39:09.721434 sent 2024-12-11 16:39:09.650840
INFO:Message received on topic: type-2/26 with payload size: 91 at 2024-12-11 16:39:12.327213 sent 2024-12-11 16:39:12.262485
INFO:Message received on topic: type-2/26 with payload size: 91 at 2024-12-11 16:39:14.921439 sent 2024-12-11 16:39:14.875574
INFO:Message received on topic: type-2/26 with payload size: 91 at 2024-12-11 16:39:17.523699 sent 2024-12-11 16:39:17.484701
INFO:Message received on topic: type-2/26 with payload size: 91 at 2024-12-11 16:39:20.123497 sent 2024-12-11 16:39:20.094404
INFO:Message received on topic: type-2/26 with payload size: 91 at 2024-12-11 16:39:22.733096 sent 2024-12-11 16:39:22.721576
INFO:Message received on topic: type-2/26 with payload size: 91 at 2024-12-11 16:39:25.352027 sent 2024-12-11 16:39:25.333132
INFO:Message received on topic: type-2/26 with payload size: 91 at 2024-12-11 16:39:27.985046 sent 2024-12-11 16:39:27.947506
INFO:Message received on topic: type-2/26 with payload size: 91 at 2024-12-11 16:39:30.622742 sent 2024-12-11 16:39:30.559604
INFO:Message received on topic: type-2/26 with payload size: 91 at 2024-12-11 16:39:33.228201 sent 2024-12-11 16:39:33.167555
INFO:Message received on topic: type-2/26 with payload size: 91 at 2024-12-11 16:39:35.820926 sent 2024-12-11 16:39:35.777110
INFO:Message received on topic: type-2/26 with payload size: 91 at 2024-12-11 16:39:38.431320 sent 2024-12-11 16:39:38.385317
INFO:Message received on topic: type-2/26 with payload size: 91 at 2024-12-11 16:39:41.115200 sent 2024-12-11 16:39:40.995291
INFO:Message received on topic: type-2/26 with payload size: 91 at 2024-12-11 16:39:43.648385 sent 2024-12-11 16:39:43.608121
INFO:Message received on topic: type-2/26 with payload size: 91 at 2024-12-11 16:39:46.238033 sent 2024-12-11 16:39:46.219357
INFO:Message received on topic: type-2/26 with payload size: 91 at 2024-12-11 16:39:48.842968 sent 2024-12-11 16:39:48.828050
INFO:Message received on topic: type-2/26 with payload size: 91 at 2024-12-11 16:39:51.516440 sent 2024-12-11 16:39:51.442400
INFO:Message received on topic: type-2/26 with payload size: 91 at 2024-12-11 16:39:54.118214 sent 2024-12-11 16:39:54.054942
INFO:Message received on topic: type-2/26 with payload size: 91 at 2024-12-11 16:39:56.723682 sent 2024-12-11 16:39:56.658455
INFO:Message received on topic: type-2/26 with payload size: 91 at 2024-12-11 16:39:59.326359 sent 2024-12-11 16:39:59.272470
INFO:Message received on topic: type-2/26 with payload size: 91 at 2024-12-11 16:40:01.920909 sent 2024-12-11 16:40:01.883312
INFO:Message received on topic: type-2/26 with payload size: 91 at 2024-12-11 16:40:04.534787 sent 2024-12-11 16:40:04.501831
INFO:Message received on topic: type-2/26 with payload size: 91 at 2024-12-11 16:40:07.139044 sent 2024-12-11 16:40:07.119759
INFO:Message received on topic: type-2/26 with payload size: 91 at 2024-12-11 16:40:09.748635 sent 2024-12-11 16:40:09.734025
INFO:Message received on topic: type-2/26 with payload size: 91 at 2024-12-11 16:40:12.415232 sent 2024-12-11 16:40:12.344086
INFO:Message received on topic: type-2/26 with payload size: 91 at 2024-12-11 16:40:15.039052 sent 2024-12-11 16:40:14.950805
INFO:Message received on topic: type-2/26 with payload size: 91 at 2024-12-11 16:40:17.617513 sent 2024-12-11 16:40:17.547881
INFO:Message received on topic: type-2/26 with payload size: 91 at 2024-12-11 16:40:20.184468 sent 2024-12-11 16:40:20.132906
INFO:Message received on topic: type-2/26 with payload size: 91 at 2024-12-11 16:40:22.740828 sent 2024-12-11 16:40:22.729985
INFO:Message received on topic: type-2/26 with payload size: 91 at 2024-12-11 16:40:25.347858 sent 2024-12-11 16:40:25.315596
INFO:Message received on topic: type-2/26 with payload size: 91 at 2024-12-11 16:40:27.937015 sent 2024-12-11 16:40:27.920399
INFO:Message received on topic: type-2/26 with payload size: 91 at 2024-12-11 16:40:30.628299 sent 2024-12-11 16:40:30.535355
INFO:Message received on topic: type-2/26 with payload size: 91 at 2024-12-11 16:40:33.217913 sent 2024-12-11 16:40:33.147492
INFO:Message received on topic: type-2/26 with payload size: 91 at 2024-12-11 16:40:35.841030 sent 2024-12-11 16:40:35.759121
INFO:Message received on topic: type-2/26 with payload size: 91 at 2024-12-11 16:40:38.439717 sent 2024-12-11 16:40:38.376148
INFO:Message received on topic: type-2/26 with payload size: 91 at 2024-12-11 16:40:41.036570 sent 2024-12-11 16:40:40.990795
INFO:Message received on topic: type-2/26 with payload size: 91 at 2024-12-11 16:40:43.635896 sent 2024-12-11 16:40:43.604235
INFO:Message received on topic: type-2/26 with payload size: 91 at 2024-12-11 16:40:46.325489 sent 2024-12-11 16:40:46.212136
INFO:Message received on topic: type-2/26 with payload size: 91 at 2024-12-11 16:40:48.923922 sent 2024-12-11 16:40:48.822514
INFO:Message received on topic: type-2/26 with payload size: 91 at 2024-12-11 16:40:51.515247 sent 2024-12-11 16:40:51.433764
INFO:Message received on topic: type-2/26 with payload size: 91 at 2024-12-11 16:40:54.149719 sent 2024-12-11 16:40:54.048783
INFO:Message received on topic: type-2/26 with payload size: 91 at 2024-12-11 16:40:56.737026 sent 2024-12-11 16:40:56.668263
INFO:Message received on topic: type-2/26 with payload size: 91 at 2024-12-11 16:40:59.333833 sent 2024-12-11 16:40:59.286256
INFO:Message received on topic: type-2/26 with payload size: 91 at 2024-12-11 16:41:01.982145 sent 2024-12-11 16:41:01.900807
INFO:Message received on topic: type-2/26 with payload size: 91 at 2024-12-11 16:41:04.547009 sent 2024-12-11 16:41:04.511900
INFO:Message received on topic: type-2/26 with payload size: 91 at 2024-12-11 16:41:07.257865 sent 2024-12-11 16:41:07.125759
INFO:Message received on topic: type-2/26 with payload size: 91 at 2024-12-11 16:41:09.842989 sent 2024-12-11 16:41:09.733700
INFO:Message received on topic: type-2/26 with payload size: 91 at 2024-12-11 16:41:12.485070 sent 2024-12-11 16:41:12.344597
INFO:Message received on topic: type-2/26 with payload size: 91 at 2024-12-11 16:41:15.042723 sent 2024-12-11 16:41:14.953874
INFO:Message received on topic: type-2/26 with payload size: 91 at 2024-12-11 16:41:17.652684 sent 2024-12-11 16:41:17.563928
INFO:Message received on topic: type-2/26 with payload size: 91 at 2024-12-11 16:41:20.224657 sent 2024-12-11 16:41:20.180973
INFO:Message received on topic: type-2/26 with payload size: 91 at 2024-12-11 16:41:22.917536 sent 2024-12-11 16:41:22.800501
INFO:Message received on topic: type-2/26 with payload size: 91 at 2024-12-11 16:41:25.522822 sent 2024-12-11 16:41:25.411282
INFO:Message received on topic: type-2/26 with payload size: 91 at 2024-12-11 16:41:28.088269 sent 2024-12-11 16:41:28.019283
INFO:Message received on topic: type-2/26 with payload size: 91 at 2024-12-11 16:41:30.727121 sent 2024-12-11 16:41:30.632721
INFO:Message received on topic: type-2/26 with payload size: 91 at 2024-12-11 16:41:33.314646 sent 2024-12-11 16:41:33.242665
INFO:Message received on topic: type-2/26 with payload size: 91 at 2024-12-11 16:41:35.982143 sent 2024-12-11 16:41:35.853857
INFO:Message received on topic: type-2/26 with payload size: 91 at 2024-12-11 16:41:38.490274 sent 2024-12-11 16:41:38.462304
INFO:Message received on topic: type-2/26 with payload size: 91 at 2024-12-11 16:41:41.181979 sent 2024-12-11 16:41:41.073274
INFO:Message received on topic: type-2/26 with payload size: 91 at 2024-12-11 16:41:43.743169 sent 2024-12-11 16:41:43.688736
INFO:Message received on topic: type-2/26 with payload size: 91 at 2024-12-11 16:41:46.323523 sent 2024-12-11 16:41:46.291955
INFO:Message received on topic: type-2/26 with payload size: 91 at 2024-12-11 16:41:48.938021 sent 2024-12-11 16:41:48.899457
INFO:Message received on topic: type-2/26 with payload size: 91 at 2024-12-11 16:41:51.532010 sent 2024-12-11 16:41:51.509427
INFO:Message received on topic: type-2/26 with payload size: 91 at 2024-12-11 16:41:54.133634 sent 2024-12-11 16:41:54.115261
INFO:Message received on topic: type-2/26 with payload size: 91 at 2024-12-11 16:41:56.786316 sent 2024-12-11 16:41:56.726645
INFO:Message received on topic: type-2/26 with payload size: 91 at 2024-12-11 16:41:59.411764 sent 2024-12-11 16:41:59.342316
INFO:Message received on topic: type-2/26 with payload size: 91 at 2024-12-11 16:42:02.033500 sent 2024-12-11 16:42:01.955632
INFO:Message received on topic: type-2/26 with payload size: 91 at 2024-12-11 16:42:04.623135 sent 2024-12-11 16:42:04.563122
INFO:Message received on topic: type-2/26 with payload size: 91 at 2024-12-11 16:42:07.320475 sent 2024-12-11 16:42:07.174922
INFO:Message received on topic: type-2/26 with payload size: 91 at 2024-12-11 16:42:09.833820 sent 2024-12-11 16:42:09.788927
INFO:Message received on topic: type-2/26 with payload size: 91 at 2024-12-11 16:42:12.443371 sent 2024-12-11 16:42:12.402900
INFO:Message received on topic: type-2/26 with payload size: 91 at 2024-12-11 16:42:15.087112 sent 2024-12-11 16:42:15.018020
INFO:Message received on topic: type-2/26 with payload size: 91 at 2024-12-11 16:42:17.821857 sent 2024-12-11 16:42:17.626377
INFO:Message received on topic: type-2/26 with payload size: 91 at 2024-12-11 16:42:20.320119 sent 2024-12-11 16:42:20.236121
INFO:Message received on topic: type-2/26 with payload size: 91 at 2024-12-11 16:42:22.939880 sent 2024-12-11 16:42:22.845867
INFO:Message received on topic: type-2/26 with payload size: 91 at 2024-12-11 16:42:25.531704 sent 2024-12-11 16:42:25.450982
INFO:Message received on topic: type-2/26 with payload size: 91 at 2024-12-11 16:42:28.119559 sent 2024-12-11 16:42:28.058297
INFO:Message received on topic: type-2/26 with payload size: 91 at 2024-12-11 16:42:30.791644 sent 2024-12-11 16:42:30.671176
INFO:Message received on topic: type-2/26 with payload size: 91 at 2024-12-11 16:42:33.340819 sent 2024-12-11 16:42:33.277761
INFO:Message received on topic: type-2/26 with payload size: 91 at 2024-12-11 16:42:35.931697 sent 2024-12-11 16:42:35.894726
INFO:Message received on topic: type-2/26 with payload size: 91 at 2024-12-11 16:42:38.618606 sent 2024-12-11 16:42:38.516484
INFO:Message received on topic: type-2/26 with payload size: 91 at 2024-12-11 16:42:41.217723 sent 2024-12-11 16:42:41.125888
INFO:Message received on topic: type-2/26 with payload size: 91 at 2024-12-11 16:42:43.793921 sent 2024-12-11 16:42:43.735170
INFO:Message received on topic: type-2/26 with payload size: 91 at 2024-12-11 16:42:46.414411 sent 2024-12-11 16:42:46.345466
INFO:Message received on topic: type-2/26 with payload size: 91 at 2024-12-11 16:42:48.989236 sent 2024-12-11 16:42:48.958730
INFO:Message received on topic: type-2/26 with payload size: 91 at 2024-12-11 16:42:51.625985 sent 2024-12-11 16:42:51.569362
INFO:Message received on topic: type-2/26 with payload size: 91 at 2024-12-11 16:42:54.237466 sent 2024-12-11 16:42:54.179310
INFO:Message received on topic: type-2/26 with payload size: 91 at 2024-12-11 16:42:56.831853 sent 2024-12-11 16:42:56.785263
INFO:Message received on topic: type-2/26 with payload size: 91 at 2024-12-11 16:42:59.489126 sent 2024-12-11 16:42:59.398537
INFO:Message received on topic: type-2/26 with payload size: 91 at 2024-12-11 16:43:02.520792 sent 2024-12-11 16:43:02.011613
INFO:Message received on topic: type-2/26 with payload size: 91 at 2024-12-11 16:43:04.723846 sent 2024-12-11 16:43:04.627671
INFO:Message received on topic: type-2/26 with payload size: 91 at 2024-12-11 16:43:07.383707 sent 2024-12-11 16:43:07.240799
INFO:Message received on topic: type-2/26 with payload size: 91 at 2024-12-11 16:43:09.981635 sent 2024-12-11 16:43:09.850915
INFO:Message received on topic: type-2/26 with payload size: 91 at 2024-12-11 16:43:12.522769 sent 2024-12-11 16:43:12.460615
INFO:Message received on topic: type-2/26 with payload size: 91 at 2024-12-11 16:43:15.118583 sent 2024-12-11 16:43:15.070845
INFO:Message received on topic: type-2/26 with payload size: 91 at 2024-12-11 16:43:17.734355 sent 2024-12-11 16:43:17.681591
INFO:Message received on topic: type-2/26 with payload size: 91 at 2024-12-11 16:43:20.322098 sent 2024-12-11 16:43:20.290718
INFO:Message received on topic: type-2/26 with payload size: 91 at 2024-12-11 16:43:23.015913 sent 2024-12-11 16:43:22.900752
INFO:Message received on topic: type-2/26 with payload size: 91 at 2024-12-11 16:43:25.599610 sent 2024-12-11 16:43:25.508686
INFO:Message received on topic: type-2/26 with payload size: 91 at 2024-12-11 16:43:28.224226 sent 2024-12-11 16:43:28.116645
INFO:Message received on topic: type-2/26 with payload size: 91 at 2024-12-11 16:43:30.832737 sent 2024-12-11 16:43:30.730629
INFO:Message received on topic: type-2/26 with payload size: 91 at 2024-12-11 16:43:33.422912 sent 2024-12-11 16:43:33.339825
INFO:Message received on topic: type-2/26 with payload size: 91 at 2024-12-11 16:43:36.017050 sent 2024-12-11 16:43:35.950410
INFO:Message received on topic: type-2/26 with payload size: 91 at 2024-12-11 16:43:38.630737 sent 2024-12-11 16:43:38.561811
INFO:Message received on topic: type-2/26 with payload size: 91 at 2024-12-11 16:43:41.291233 sent 2024-12-11 16:43:41.175071
INFO:Message received on topic: type-2/26 with payload size: 91 at 2024-12-11 16:43:43.827395 sent 2024-12-11 16:43:43.788765
INFO:Message received on topic: type-2/26 with payload size: 91 at 2024-12-11 16:43:46.423078 sent 2024-12-11 16:43:46.397779
INFO:Message received on topic: type-2/26 with payload size: 91 at 2024-12-11 16:43:49.093554 sent 2024-12-11 16:43:49.011748
INFO:Message received on topic: type-2/26 with payload size: 91 at 2024-12-11 16:43:51.785862 sent 2024-12-11 16:43:51.625775
INFO:Message received on topic: type-2/26 with payload size: 91 at 2024-12-11 16:43:54.391943 sent 2024-12-11 16:43:54.236686
INFO:Message received on topic: type-2/26 with payload size: 91 at 2024-12-11 16:43:56.919777 sent 2024-12-11 16:43:56.843795
INFO:Message received on topic: type-2/26 with payload size: 91 at 2024-12-11 16:43:59.513090 sent 2024-12-11 16:43:59.449643
INFO:Message received on topic: type-2/26 with payload size: 91 at 2024-12-11 16:44:02.118591 sent 2024-12-11 16:44:02.058539
INFO:Message received on topic: type-2/26 with payload size: 91 at 2024-12-11 16:44:04.723603 sent 2024-12-11 16:44:04.666647
INFO:Message received on topic: type-2/26 with payload size: 91 at 2024-12-11 16:44:07.389871 sent 2024-12-11 16:44:07.288370
INFO:Message received on topic: type-2/26 with payload size: 91 at 2024-12-11 16:44:10.029933 sent 2024-12-11 16:44:09.901900
INFO:Message received on topic: type-2/26 with payload size: 91 at 2024-12-11 16:44:12.588669 sent 2024-12-11 16:44:12.511778
INFO:Message received on topic: type-2/26 with payload size: 91 at 2024-12-11 16:44:15.222865 sent 2024-12-11 16:44:15.122456
INFO:Message received on topic: type-2/26 with payload size: 91 at 2024-12-11 16:44:17.795916 sent 2024-12-11 16:44:17.732234
INFO:Message received on topic: type-2/26 with payload size: 91 at 2024-12-11 16:44:20.483054 sent 2024-12-11 16:44:20.348050
INFO:Message received on topic: type-2/26 with payload size: 91 at 2024-12-11 16:44:23.032795 sent 2024-12-11 16:44:22.961504
INFO:Message received on topic: type-2/26 with payload size: 91 at 2024-12-11 16:44:25.690446 sent 2024-12-11 16:44:25.569771
INFO:Message received on topic: type-2/26 with payload size: 91 at 2024-12-11 16:44:28.237716 sent 2024-12-11 16:44:28.174907
INFO:Message received on topic: type-2/26 with payload size: 91 at 2024-12-11 16:44:30.829936 sent 2024-12-11 16:44:30.788405
INFO:Message received on topic: type-2/26 with payload size: 91 at 2024-12-11 16:44:33.491105 sent 2024-12-11 16:44:33.397680
INFO:Message received on topic: type-2/26 with payload size: 91 at 2024-12-11 16:44:36.120617 sent 2024-12-11 16:44:36.002390
INFO:Message received on topic: type-2/26 with payload size: 91 at 2024-12-11 16:44:38.689851 sent 2024-12-11 16:44:38.609615
INFO:Message received on topic: type-2/26 with payload size: 91 at 2024-12-11 16:44:41.315724 sent 2024-12-11 16:44:41.229065
INFO:Message received on topic: type-2/26 with payload size: 91 at 2024-12-11 16:44:43.994708 sent 2024-12-11 16:44:43.840249
INFO:Message received on topic: type-2/26 with payload size: 91 at 2024-12-11 16:44:46.521480 sent 2024-12-11 16:44:46.448373
INFO:Message received on topic: type-2/26 with payload size: 91 at 2024-12-11 16:44:49.190803 sent 2024-12-11 16:44:49.058255
INFO:Message received on topic: type-2/26 with payload size: 91 at 2024-12-11 16:44:51.729226 sent 2024-12-11 16:44:51.676360
INFO:Message received on topic: type-2/26 with payload size: 91 at 2024-12-11 16:44:54.387947 sent 2024-12-11 16:44:54.288730
INFO:Message received on topic: type-2/26 with payload size: 91 at 2024-12-11 16:44:57.016081 sent 2024-12-11 16:44:56.898549
INFO:Message received on topic: type-2/26 with payload size: 91 at 2024-12-11 16:44:59.622599 sent 2024-12-11 16:44:59.515251
INFO:Message received on topic: type-2/26 with payload size: 91 at 2024-12-11 16:45:02.224956 sent 2024-12-11 16:45:02.134828
INFO:Message received on topic: type-2/26 with payload size: 91 at 2024-12-11 16:45:04.894312 sent 2024-12-11 16:45:04.750441
INFO:Message received on topic: type-2/26 with payload size: 91 at 2024-12-11 16:45:07.420860 sent 2024-12-11 16:45:07.364929
INFO:Message received on topic: type-2/26 with payload size: 91 at 2024-12-11 16:45:10.021748 sent 2024-12-11 16:45:09.976175
INFO:Message received on topic: type-2/26 with payload size: 91 at 2024-12-11 16:45:12.618897 sent 2024-12-11 16:45:12.596399
INFO:Message received on topic: type-2/26 with payload size: 91 at 2024-12-11 16:45:15.283918 sent 2024-12-11 16:45:15.207088
INFO:Message received on topic: type-2/26 with payload size: 91 at 2024-12-11 16:45:17.828415 sent 2024-12-11 16:45:17.812896
INFO:Message received on topic: type-2/26 with payload size: 91 at 2024-12-11 16:45:20.516521 sent 2024-12-11 16:45:20.435603
INFO:Message received on topic: type-2/26 with payload size: 91 at 2024-12-11 16:45:23.195597 sent 2024-12-11 16:45:23.044562
INFO:Message received on topic: type-2/26 with payload size: 91 at 2024-12-11 16:45:25.690650 sent 2024-12-11 16:45:25.654817
INFO:Message received on topic: type-2/26 with payload size: 91 at 2024-12-11 16:45:28.321264 sent 2024-12-11 16:45:28.266128
INFO:Message received on topic: type-2/26 with payload size: 91 at 2024-12-11 16:45:30.986272 sent 2024-12-11 16:45:30.879572
INFO:Message received on topic: type-2/26 with payload size: 91 at 2024-12-11 16:45:33.533059 sent 2024-12-11 16:45:33.486485
INFO:Message received on topic: type-2/26 with payload size: 91 at 2024-12-11 16:45:36.187044 sent 2024-12-11 16:45:36.093636
INFO:Message received on topic: type-2/26 with payload size: 91 at 2024-12-11 16:45:38.790298 sent 2024-12-11 16:45:38.697639
INFO:Message received on topic: type-2/26 with payload size: 91 at 2024-12-11 16:45:41.331693 sent 2024-12-11 16:45:41.305638
INFO:Message received on topic: type-2/26 with payload size: 91 at 2024-12-11 16:45:43.984254 sent 2024-12-11 16:45:43.923046
INFO:Message received on topic: type-2/26 with payload size: 91 at 2024-12-11 16:45:46.623456 sent 2024-12-11 16:45:46.527313
INFO:Message received on topic: type-2/26 with payload size: 91 at 2024-12-11 16:45:49.217073 sent 2024-12-11 16:45:49.135087
INFO:Message received on topic: type-2/26 with payload size: 91 at 2024-12-11 16:45:51.815454 sent 2024-12-11 16:45:51.739411
INFO:Message received on topic: type-2/26 with payload size: 91 at 2024-12-11 16:45:54.512230 sent 2024-12-11 16:45:54.343791
INFO:Message received on topic: type-2/26 with payload size: 91 at 2024-12-11 16:45:57.015617 sent 2024-12-11 16:45:56.953142
INFO:Message received on topic: type-2/26 with payload size: 91 at 2024-12-11 16:45:59.597040 sent 2024-12-11 16:45:59.562027
INFO:Message received on topic: type-2/26 with payload size: 91 at 2024-12-11 16:46:02.227502 sent 2024-12-11 16:46:02.173921
INFO:Message received on topic: type-2/26 with payload size: 91 at 2024-12-11 16:46:04.819024 sent 2024-12-11 16:46:04.778651
INFO:Message received on topic: type-2/26 with payload size: 91 at 2024-12-11 16:46:07.428249 sent 2024-12-11 16:46:07.385274
INFO:Message received on topic: type-2/26 with payload size: 91 at 2024-12-11 16:46:10.020653 sent 2024-12-11 16:46:09.992956
INFO:Message received on topic: type-2/26 with payload size: 91 at 2024-12-11 16:46:12.730696 sent 2024-12-11 16:46:12.597599
INFO:Message received on topic: type-2/26 with payload size: 91 at 2024-12-11 16:46:15.290911 sent 2024-12-11 16:46:15.199046
INFO:Message received on topic: type-2/26 with payload size: 91 at 2024-12-11 16:46:17.887567 sent 2024-12-11 16:46:17.801994
INFO:Message received on topic: type-2/26 with payload size: 91 at 2024-12-11 16:46:20.491372 sent 2024-12-11 16:46:20.407678
INFO:Message received on topic: type-2/26 with payload size: 91 at 2024-12-11 16:46:23.032982 sent 2024-12-11 16:46:23.012532
INFO:Message received on topic: type-2/26 with payload size: 91 at 2024-12-11 16:46:25.620242 sent 2024-12-11 16:46:25.612954
INFO:Message received on topic: type-2/26 with payload size: 91 at 2024-12-11 16:46:28.287075 sent 2024-12-11 16:46:28.215412
INFO:Message received on topic: type-2/26 with payload size: 91 at 2024-12-11 16:46:30.885711 sent 2024-12-11 16:46:30.820957
INFO:Message received on topic: type-2/26 with payload size: 91 at 2024-12-11 16:46:33.485791 sent 2024-12-11 16:46:33.423991
INFO:Message received on topic: type-2/26 with payload size: 91 at 2024-12-11 16:46:36.093125 sent 2024-12-11 16:46:36.026764
