INFO:Starting Version 1.0.5
DEBUG:Using selector: EpollSelector
INFO:Connecting to cluster at: mqtt-quic://emqx-headless.dtwins:14567 using QUIC
INFO:Subscribed to topic: type-2/38
INFO:Logging each: 50
INFO:Unhandled packet type received
INFO:Message received on topic: type-2/38 with payload size: 91 at 2024-12-11 16:38:44.437634 sent 2024-12-11 16:38:44.387966
INFO:Message received on topic: type-2/38 with payload size: 91 at 2024-12-11 16:38:47.041688 sent 2024-12-11 16:38:46.993360
INFO:Message received on topic: type-2/38 with payload size: 91 at 2024-12-11 16:38:49.631691 sent 2024-12-11 16:38:49.606191
INFO:Message received on topic: type-2/38 with payload size: 91 at 2024-12-11 16:38:52.244130 sent 2024-12-11 16:38:52.215390
INFO:Message received on topic: type-2/38 with payload size: 91 at 2024-12-11 16:38:54.836137 sent 2024-12-11 16:38:54.824175
INFO:Message received on topic: type-2/38 with payload size: 91 at 2024-12-11 16:38:57.440810 sent 2024-12-11 16:38:57.432965
INFO:Message received on topic: type-2/38 with payload size: 91 at 2024-12-11 16:39:00.119893 sent 2024-12-11 16:39:00.044492
INFO:Message received on topic: type-2/38 with payload size: 91 at 2024-12-11 16:39:02.725391 sent 2024-12-11 16:39:02.653689
INFO:Message received on topic: type-2/38 with payload size: 91 at 2024-12-11 16:39:05.327291 sent 2024-12-11 16:39:05.265564
INFO:Message received on topic: type-2/38 with payload size: 91 at 2024-12-11 16:39:07.931062 sent 2024-12-11 16:39:07.881278
INFO:Message received on topic: type-2/38 with payload size: 91 at 2024-12-11 16:39:10.530218 sent 2024-12-11 16:39:10.497480
INFO:Message received on topic: type-2/38 with payload size: 91 at 2024-12-11 16:39:13.137172 sent 2024-12-11 16:39:13.112532
INFO:Message received on topic: type-2/38 with payload size: 91 at 2024-12-11 16:39:15.732879 sent 2024-12-11 16:39:15.722874
INFO:Message received on topic: type-2/38 with payload size: 91 at 2024-12-11 16:39:18.415192 sent 2024-12-11 16:39:18.327912
INFO:Message received on topic: type-2/38 with payload size: 91 at 2024-12-11 16:39:20.952249 sent 2024-12-11 16:39:20.938910
INFO:Message received on topic: type-2/38 with payload size: 91 at 2024-12-11 16:39:23.614309 sent 2024-12-11 16:39:23.549523
INFO:Message received on topic: type-2/38 with payload size: 91 at 2024-12-11 16:39:26.221710 sent 2024-12-11 16:39:26.155659
INFO:Message received on topic: type-2/38 with payload size: 91 at 2024-12-11 16:39:28.819281 sent 2024-12-11 16:39:28.769545
INFO:Message received on topic: type-2/38 with payload size: 91 at 2024-12-11 16:39:31.420368 sent 2024-12-11 16:39:31.381477
INFO:Message received on topic: type-2/38 with payload size: 91 at 2024-12-11 16:39:34.034616 sent 2024-12-11 16:39:33.999031
INFO:Message received on topic: type-2/38 with payload size: 91 at 2024-12-11 16:39:36.628781 sent 2024-12-11 16:39:36.605057
INFO:Message received on topic: type-2/38 with payload size: 91 at 2024-12-11 16:39:39.234628 sent 2024-12-11 16:39:39.221654
INFO:Message received on topic: type-2/38 with payload size: 91 at 2024-12-11 16:39:41.849051 sent 2024-12-11 16:39:41.835122
INFO:Message received on topic: type-2/38 with payload size: 91 at 2024-12-11 16:39:44.522704 sent 2024-12-11 16:39:44.445371
INFO:Message received on topic: type-2/38 with payload size: 91 at 2024-12-11 16:39:47.128861 sent 2024-12-11 16:39:47.054070
INFO:Message received on topic: type-2/38 with payload size: 91 at 2024-12-11 16:39:49.733556 sent 2024-12-11 16:39:49.666688
INFO:Message received on topic: type-2/38 with payload size: 91 at 2024-12-11 16:39:52.321538 sent 2024-12-11 16:39:52.276605
INFO:Message received on topic: type-2/38 with payload size: 91 at 2024-12-11 16:39:54.920540 sent 2024-12-11 16:39:54.886300
INFO:Message received on topic: type-2/38 with payload size: 91 at 2024-12-11 16:39:57.539286 sent 2024-12-11 16:39:57.499239
INFO:Message received on topic: type-2/38 with payload size: 91 at 2024-12-11 16:40:00.125529 sent 2024-12-11 16:40:00.112103
INFO:Message received on topic: type-2/38 with payload size: 91 at 2024-12-11 16:40:02.788861 sent 2024-12-11 16:40:02.721256
INFO:Message received on topic: type-2/38 with payload size: 91 at 2024-12-11 16:40:05.416795 sent 2024-12-11 16:40:05.333410
INFO:Message received on topic: type-2/38 with payload size: 91 at 2024-12-11 16:40:08.015546 sent 2024-12-11 16:40:07.950783
INFO:Message received on topic: type-2/38 with payload size: 91 at 2024-12-11 16:40:10.623297 sent 2024-12-11 16:40:10.560797
INFO:Message received on topic: type-2/38 with payload size: 91 at 2024-12-11 16:40:13.227859 sent 2024-12-11 16:40:13.180531
INFO:Message received on topic: type-2/38 with payload size: 91 at 2024-12-11 16:40:15.830557 sent 2024-12-11 16:40:15.794730
INFO:Message received on topic: type-2/38 with payload size: 91 at 2024-12-11 16:40:18.422496 sent 2024-12-11 16:40:18.393339
INFO:Message received on topic: type-2/38 with payload size: 91 at 2024-12-11 16:40:21.030480 sent 2024-12-11 16:40:20.978013
INFO:Message received on topic: type-2/38 with payload size: 91 at 2024-12-11 16:40:23.619738 sent 2024-12-11 16:40:23.570984
INFO:Message received on topic: type-2/38 with payload size: 91 at 2024-12-11 16:40:26.281103 sent 2024-12-11 16:40:26.157120
INFO:Message received on topic: type-2/38 with payload size: 91 at 2024-12-11 16:40:28.834715 sent 2024-12-11 16:40:28.764414
INFO:Message received on topic: type-2/38 with payload size: 91 at 2024-12-11 16:40:31.425815 sent 2024-12-11 16:40:31.374367
INFO:Message received on topic: type-2/38 with payload size: 91 at 2024-12-11 16:40:34.058716 sent 2024-12-11 16:40:33.996968
INFO:Message received on topic: type-2/38 with payload size: 91 at 2024-12-11 16:40:36.688301 sent 2024-12-11 16:40:36.610786
INFO:Message received on topic: type-2/38 with payload size: 91 at 2024-12-11 16:40:39.246641 sent 2024-12-11 16:40:39.219001
INFO:Message received on topic: type-2/38 with payload size: 91 at 2024-12-11 16:40:41.842838 sent 2024-12-11 16:40:41.830537
INFO:Message received on topic: type-2/38 with payload size: 91 at 2024-12-11 16:40:44.533212 sent 2024-12-11 16:40:44.444164
INFO:Message received on topic: type-2/38 with payload size: 91 at 2024-12-11 16:40:47.128506 sent 2024-12-11 16:40:47.047046
INFO:Message received on topic: type-2/38 with payload size: 91 at 2024-12-11 16:40:49.755718 sent 2024-12-11 16:40:49.655241
INFO:Message received on topic: type-2/38 with payload size: 91 at 2024-12-11 16:40:52.335878 sent 2024-12-11 16:40:52.265442
INFO:Message received on topic: type-2/38 with payload size: 91 at 2024-12-11 16:40:54.940445 sent 2024-12-11 16:40:54.882506
INFO:Message received on topic: type-2/38 with payload size: 91 at 2024-12-11 16:40:57.533709 sent 2024-12-11 16:40:57.490468
INFO:Message received on topic: type-2/38 with payload size: 91 at 2024-12-11 16:41:00.140967 sent 2024-12-11 16:41:00.107546
INFO:Message received on topic: type-2/38 with payload size: 91 at 2024-12-11 16:41:02.732726 sent 2024-12-11 16:41:02.720163
INFO:Message received on topic: type-2/38 with payload size: 91 at 2024-12-11 16:41:05.415197 sent 2024-12-11 16:41:05.334875
INFO:Message received on topic: type-2/38 with payload size: 91 at 2024-12-11 16:41:08.055242 sent 2024-12-11 16:41:07.950405
INFO:Message received on topic: type-2/38 with payload size: 91 at 2024-12-11 16:41:10.630082 sent 2024-12-11 16:41:10.560287
INFO:Message received on topic: type-2/38 with payload size: 91 at 2024-12-11 16:41:13.235135 sent 2024-12-11 16:41:13.169531
INFO:Message received on topic: type-2/38 with payload size: 91 at 2024-12-11 16:41:15.832726 sent 2024-12-11 16:41:15.776043
INFO:Message received on topic: type-2/38 with payload size: 91 at 2024-12-11 16:41:18.521934 sent 2024-12-11 16:41:18.386669
INFO:Message received on topic: type-2/38 with payload size: 91 at 2024-12-11 16:41:21.048231 sent 2024-12-11 16:41:20.997354
INFO:Message received on topic: type-2/38 with payload size: 91 at 2024-12-11 16:41:23.628582 sent 2024-12-11 16:41:23.612170
INFO:Message received on topic: type-2/38 with payload size: 91 at 2024-12-11 16:41:26.230711 sent 2024-12-11 16:41:26.218005
INFO:Message received on topic: type-2/38 with payload size: 91 at 2024-12-11 16:41:28.887413 sent 2024-12-11 16:41:28.834423
INFO:Message received on topic: type-2/38 with payload size: 91 at 2024-12-11 16:41:31.495103 sent 2024-12-11 16:41:31.446854
INFO:Message received on topic: type-2/38 with payload size: 91 at 2024-12-11 16:41:34.130575 sent 2024-12-11 16:41:34.057560
INFO:Message received on topic: type-2/38 with payload size: 91 at 2024-12-11 16:41:36.818755 sent 2024-12-11 16:41:36.665109
INFO:Message received on topic: type-2/38 with payload size: 91 at 2024-12-11 16:41:39.316662 sent 2024-12-11 16:41:39.277473
INFO:Message received on topic: type-2/38 with payload size: 91 at 2024-12-11 16:41:41.991095 sent 2024-12-11 16:41:41.884016
INFO:Message received on topic: type-2/38 with payload size: 91 at 2024-12-11 16:41:44.534231 sent 2024-12-11 16:41:44.497245
INFO:Message received on topic: type-2/38 with payload size: 91 at 2024-12-11 16:41:47.129024 sent 2024-12-11 16:41:47.103467
INFO:Message received on topic: type-2/38 with payload size: 91 at 2024-12-11 16:41:49.725816 sent 2024-12-11 16:41:49.711780
INFO:Message received on topic: type-2/38 with payload size: 91 at 2024-12-11 16:41:52.384057 sent 2024-12-11 16:41:52.328218
INFO:Message received on topic: type-2/38 with payload size: 91 at 2024-12-11 16:41:55.027613 sent 2024-12-11 16:41:54.931691
INFO:Message received on topic: type-2/38 with payload size: 91 at 2024-12-11 16:41:57.617931 sent 2024-12-11 16:41:57.542496
INFO:Message received on topic: type-2/38 with payload size: 91 at 2024-12-11 16:42:00.227767 sent 2024-12-11 16:42:00.150064
INFO:Message received on topic: type-2/38 with payload size: 91 at 2024-12-11 16:42:02.823045 sent 2024-12-11 16:42:02.759902
INFO:Message received on topic: type-2/38 with payload size: 91 at 2024-12-11 16:42:05.425475 sent 2024-12-11 16:42:05.372685
INFO:Message received on topic: type-2/38 with payload size: 91 at 2024-12-11 16:42:08.113373 sent 2024-12-11 16:42:07.984894
INFO:Message received on topic: type-2/38 with payload size: 91 at 2024-12-11 16:42:10.743927 sent 2024-12-11 16:42:10.609246
INFO:Message received on topic: type-2/38 with payload size: 91 at 2024-12-11 16:42:13.246968 sent 2024-12-11 16:42:13.223931
INFO:Message received on topic: type-2/38 with payload size: 91 at 2024-12-11 16:42:15.918153 sent 2024-12-11 16:42:15.835816
INFO:Message received on topic: type-2/38 with payload size: 91 at 2024-12-11 16:42:18.531736 sent 2024-12-11 16:42:18.447420
INFO:Message received on topic: type-2/38 with payload size: 91 at 2024-12-11 16:42:21.125019 sent 2024-12-11 16:42:21.059301
INFO:Message received on topic: type-2/38 with payload size: 91 at 2024-12-11 16:42:23.722473 sent 2024-12-11 16:42:23.668920
INFO:Message received on topic: type-2/38 with payload size: 91 at 2024-12-11 16:42:26.430903 sent 2024-12-11 16:42:26.276466
INFO:Message received on topic: type-2/38 with payload size: 91 at 2024-12-11 16:42:28.988887 sent 2024-12-11 16:42:28.887711
INFO:Message received on topic: type-2/38 with payload size: 91 at 2024-12-11 16:42:31.611722 sent 2024-12-11 16:42:31.494244
INFO:Message received on topic: type-2/38 with payload size: 91 at 2024-12-11 16:42:34.146956 sent 2024-12-11 16:42:34.102586
INFO:Message received on topic: type-2/38 with payload size: 91 at 2024-12-11 16:42:36.817438 sent 2024-12-11 16:42:36.712254
INFO:Message received on topic: type-2/38 with payload size: 91 at 2024-12-11 16:42:39.336319 sent 2024-12-11 16:42:39.323617
INFO:Message received on topic: type-2/38 with payload size: 91 at 2024-12-11 16:42:42.033782 sent 2024-12-11 16:42:41.938012
INFO:Message received on topic: type-2/38 with payload size: 91 at 2024-12-11 16:42:44.628958 sent 2024-12-11 16:42:44.547490
INFO:Message received on topic: type-2/38 with payload size: 91 at 2024-12-11 16:42:47.219095 sent 2024-12-11 16:42:47.155502
INFO:Message received on topic: type-2/38 with payload size: 91 at 2024-12-11 16:42:49.841665 sent 2024-12-11 16:42:49.766531
INFO:Message received on topic: type-2/38 with payload size: 91 at 2024-12-11 16:42:52.430936 sent 2024-12-11 16:42:52.377481
INFO:Message received on topic: type-2/38 with payload size: 91 at 2024-12-11 16:42:55.091250 sent 2024-12-11 16:42:54.984612
INFO:Message received on topic: type-2/38 with payload size: 91 at 2024-12-11 16:42:57.643944 sent 2024-12-11 16:42:57.596611
INFO:Message received on topic: type-2/38 with payload size: 91 at 2024-12-11 16:43:00.236727 sent 2024-12-11 16:43:00.208789
INFO:Message received on topic: type-2/38 with payload size: 91 at 2024-12-11 16:43:03.027024 sent 2024-12-11 16:43:02.826620
INFO:Message received on topic: type-2/38 with payload size: 91 at 2024-12-11 16:43:05.518124 sent 2024-12-11 16:43:05.448830
INFO:Message received on topic: type-2/38 with payload size: 91 at 2024-12-11 16:43:08.289894 sent 2024-12-11 16:43:08.062710
INFO:Message received on topic: type-2/38 with payload size: 91 at 2024-12-11 16:43:10.814580 sent 2024-12-11 16:43:10.671663
INFO:Message received on topic: type-2/38 with payload size: 91 at 2024-12-11 16:43:13.329222 sent 2024-12-11 16:43:13.285044
INFO:Message received on topic: type-2/38 with payload size: 91 at 2024-12-11 16:43:15.933897 sent 2024-12-11 16:43:15.892029
INFO:Message received on topic: type-2/38 with payload size: 91 at 2024-12-11 16:43:18.593261 sent 2024-12-11 16:43:18.499645
INFO:Message received on topic: type-2/38 with payload size: 91 at 2024-12-11 16:43:21.212961 sent 2024-12-11 16:43:21.105524
INFO:Message received on topic: type-2/38 with payload size: 91 at 2024-12-11 16:43:24.189212 sent 2024-12-11 16:43:23.713116
INFO:Message received on topic: type-2/38 with payload size: 91 at 2024-12-11 16:43:26.534304 sent 2024-12-11 16:43:26.322197
INFO:Message received on topic: type-2/38 with payload size: 91 at 2024-12-11 16:43:29.028767 sent 2024-12-11 16:43:28.931498
INFO:Message received on topic: type-2/38 with payload size: 91 at 2024-12-11 16:43:31.682838 sent 2024-12-11 16:43:31.543629
INFO:Message received on topic: type-2/38 with payload size: 91 at 2024-12-11 16:43:34.199558 sent 2024-12-11 16:43:34.156509
INFO:Message received on topic: type-2/38 with payload size: 91 at 2024-12-11 16:43:36.839310 sent 2024-12-11 16:43:36.768401
INFO:Message received on topic: type-2/38 with payload size: 91 at 2024-12-11 16:43:39.425887 sent 2024-12-11 16:43:39.385206
INFO:Message received on topic: type-2/38 with payload size: 91 at 2024-12-11 16:43:42.094771 sent 2024-12-11 16:43:41.998698
INFO:Message received on topic: type-2/38 with payload size: 91 at 2024-12-11 16:43:44.934513 sent 2024-12-11 16:43:44.612969
INFO:Message received on topic: type-2/38 with payload size: 91 at 2024-12-11 16:43:47.234075 sent 2024-12-11 16:43:47.220232
INFO:Message received on topic: type-2/38 with payload size: 91 at 2024-12-11 16:43:49.924664 sent 2024-12-11 16:43:49.833076
INFO:Message received on topic: type-2/38 with payload size: 91 at 2024-12-11 16:43:52.613676 sent 2024-12-11 16:43:52.453223
INFO:Message received on topic: type-2/38 with payload size: 91 at 2024-12-11 16:43:55.183547 sent 2024-12-11 16:43:55.060224
INFO:Message received on topic: type-2/38 with payload size: 91 at 2024-12-11 16:43:57.795490 sent 2024-12-11 16:43:57.667624
INFO:Message received on topic: type-2/38 with payload size: 91 at 2024-12-11 16:44:00.317150 sent 2024-12-11 16:44:00.276223
INFO:Message received on topic: type-2/38 with payload size: 91 at 2024-12-11 16:44:02.991249 sent 2024-12-11 16:44:02.886204
INFO:Message received on topic: type-2/38 with payload size: 91 at 2024-12-11 16:44:05.623955 sent 2024-12-11 16:44:05.497133
INFO:Message received on topic: type-2/38 with payload size: 91 at 2024-12-11 16:44:08.217980 sent 2024-12-11 16:44:08.107683
INFO:Message received on topic: type-2/38 with payload size: 91 at 2024-12-11 16:44:10.743575 sent 2024-12-11 16:44:10.725632
INFO:Message received on topic: type-2/38 with payload size: 91 at 2024-12-11 16:44:13.484087 sent 2024-12-11 16:44:13.343811
INFO:Message received on topic: type-2/38 with payload size: 91 at 2024-12-11 16:44:16.091197 sent 2024-12-11 16:44:15.956507
INFO:Message received on topic: type-2/38 with payload size: 91 at 2024-12-11 16:44:18.630410 sent 2024-12-11 16:44:18.567807
INFO:Message received on topic: type-2/38 with payload size: 91 at 2024-12-11 16:44:21.319902 sent 2024-12-11 16:44:21.177487
INFO:Message received on topic: type-2/38 with payload size: 91 at 2024-12-11 16:44:23.920765 sent 2024-12-11 16:44:23.794066
INFO:Message received on topic: type-2/38 with payload size: 91 at 2024-12-11 16:44:26.495516 sent 2024-12-11 16:44:26.406091
INFO:Message received on topic: type-2/38 with payload size: 91 at 2024-12-11 16:44:29.115577 sent 2024-12-11 16:44:29.013019
INFO:Message received on topic: type-2/38 with payload size: 91 at 2024-12-11 16:44:31.691689 sent 2024-12-11 16:44:31.626955
INFO:Message received on topic: type-2/38 with payload size: 91 at 2024-12-11 16:44:34.321497 sent 2024-12-11 16:44:34.240494
INFO:Message received on topic: type-2/38 with payload size: 91 at 2024-12-11 16:44:36.993722 sent 2024-12-11 16:44:36.848571
INFO:Message received on topic: type-2/38 with payload size: 91 at 2024-12-11 16:44:39.531133 sent 2024-12-11 16:44:39.459069
INFO:Message received on topic: type-2/38 with payload size: 91 at 2024-12-11 16:44:42.128544 sent 2024-12-11 16:44:42.070563
INFO:Message received on topic: type-2/38 with payload size: 91 at 2024-12-11 16:44:44.716186 sent 2024-12-11 16:44:44.675205
INFO:Message received on topic: type-2/38 with payload size: 91 at 2024-12-11 16:44:47.414000 sent 2024-12-11 16:44:47.288221
INFO:Message received on topic: type-2/38 with payload size: 91 at 2024-12-11 16:44:49.994575 sent 2024-12-11 16:44:49.899289
INFO:Message received on topic: type-2/38 with payload size: 91 at 2024-12-11 16:44:52.621823 sent 2024-12-11 16:44:52.522537
INFO:Message received on topic: type-2/38 with payload size: 91 at 2024-12-11 16:44:55.222139 sent 2024-12-11 16:44:55.132700
INFO:Message received on topic: type-2/38 with payload size: 91 at 2024-12-11 16:44:57.886001 sent 2024-12-11 16:44:57.740719
INFO:Message received on topic: type-2/38 with payload size: 91 at 2024-12-11 16:45:00.429709 sent 2024-12-11 16:45:00.345270
INFO:Message received on topic: type-2/38 with payload size: 91 at 2024-12-11 16:45:03.082845 sent 2024-12-11 16:45:02.957952
INFO:Message received on topic: type-2/38 with payload size: 91 at 2024-12-11 16:45:05.629740 sent 2024-12-11 16:45:05.574670
INFO:Message received on topic: type-2/38 with payload size: 91 at 2024-12-11 16:45:08.229239 sent 2024-12-11 16:45:08.189892
INFO:Message received on topic: type-2/38 with payload size: 91 at 2024-12-11 16:45:10.825861 sent 2024-12-11 16:45:10.802762
INFO:Message received on topic: type-2/38 with payload size: 91 at 2024-12-11 16:45:13.586873 sent 2024-12-11 16:45:13.418583
INFO:Message received on topic: type-2/38 with payload size: 91 at 2024-12-11 16:45:16.121468 sent 2024-12-11 16:45:16.033982
INFO:Message received on topic: type-2/38 with payload size: 91 at 2024-12-11 16:45:18.731252 sent 2024-12-11 16:45:18.644676
INFO:Message received on topic: type-2/38 with payload size: 91 at 2024-12-11 16:45:21.315320 sent 2024-12-11 16:45:21.255789
INFO:Message received on topic: type-2/38 with payload size: 91 at 2024-12-11 16:45:23.930725 sent 2024-12-11 16:45:23.864939
INFO:Message received on topic: type-2/38 with payload size: 91 at 2024-12-11 16:45:26.529028 sent 2024-12-11 16:45:26.473920
INFO:Message received on topic: type-2/38 with payload size: 91 at 2024-12-11 16:45:29.184007 sent 2024-12-11 16:45:29.086622
INFO:Message received on topic: type-2/38 with payload size: 91 at 2024-12-11 16:45:31.822171 sent 2024-12-11 16:45:31.702120
INFO:Message received on topic: type-2/38 with payload size: 91 at 2024-12-11 16:45:34.386961 sent 2024-12-11 16:45:34.314077
INFO:Message received on topic: type-2/38 with payload size: 91 at 2024-12-11 16:45:37.020159 sent 2024-12-11 16:45:36.924867
INFO:Message received on topic: type-2/38 with payload size: 91 at 2024-12-11 16:45:39.629171 sent 2024-12-11 16:45:39.532466
INFO:Message received on topic: type-2/38 with payload size: 91 at 2024-12-11 16:45:42.227090 sent 2024-12-11 16:45:42.140310
INFO:Message received on topic: type-2/38 with payload size: 91 at 2024-12-11 16:45:44.796077 sent 2024-12-11 16:45:44.745653
INFO:Message received on topic: type-2/38 with payload size: 91 at 2024-12-11 16:45:47.420984 sent 2024-12-11 16:45:47.349480
INFO:Message received on topic: type-2/38 with payload size: 91 at 2024-12-11 16:45:49.997384 sent 2024-12-11 16:45:49.956509
INFO:Message received on topic: type-2/38 with payload size: 91 at 2024-12-11 16:45:52.596583 sent 2024-12-11 16:45:52.561532
INFO:Message received on topic: type-2/38 with payload size: 91 at 2024-12-11 16:45:55.217676 sent 2024-12-11 16:45:55.170740
INFO:Message received on topic: type-2/38 with payload size: 91 at 2024-12-11 16:45:57.818715 sent 2024-12-11 16:45:57.776146
INFO:Message received on topic: type-2/38 with payload size: 91 at 2024-12-11 16:46:00.491769 sent 2024-12-11 16:46:00.386828
INFO:Message received on topic: type-2/38 with payload size: 91 at 2024-12-11 16:46:03.086524 sent 2024-12-11 16:46:02.994264
INFO:Message received on topic: type-2/38 with payload size: 91 at 2024-12-11 16:46:05.628164 sent 2024-12-11 16:46:05.598840
INFO:Message received on topic: type-2/38 with payload size: 91 at 2024-12-11 16:46:08.222217 sent 2024-12-11 16:46:08.204912
INFO:Message received on topic: type-2/38 with payload size: 91 at 2024-12-11 16:46:10.885201 sent 2024-12-11 16:46:10.811151
INFO:Message received on topic: type-2/38 with payload size: 91 at 2024-12-11 16:46:13.490543 sent 2024-12-11 16:46:13.415475
INFO:Message received on topic: type-2/38 with payload size: 91 at 2024-12-11 16:46:16.091303 sent 2024-12-11 16:46:16.021112
INFO:Message received on topic: type-2/38 with payload size: 91 at 2024-12-11 16:46:18.693780 sent 2024-12-11 16:46:18.625509
INFO:Message received on topic: type-2/38 with payload size: 91 at 2024-12-11 16:46:21.315298 sent 2024-12-11 16:46:21.228749
INFO:Message received on topic: type-2/38 with payload size: 91 at 2024-12-11 16:46:23.916085 sent 2024-12-11 16:46:23.836051
INFO:Message received on topic: type-2/38 with payload size: 91 at 2024-12-11 16:46:26.493617 sent 2024-12-11 16:46:26.436188
INFO:Message received on topic: type-2/38 with payload size: 91 at 2024-12-11 16:46:29.090534 sent 2024-12-11 16:46:29.037792
INFO:Message received on topic: type-2/38 with payload size: 91 at 2024-12-11 16:46:31.691933 sent 2024-12-11 16:46:31.642777
INFO:Message received on topic: type-2/38 with payload size: 91 at 2024-12-11 16:46:34.290354 sent 2024-12-11 16:46:34.244969
INFO:Message received on topic: type-2/38 with payload size: 91 at 2024-12-11 16:46:36.898016 sent 2024-12-11 16:46:36.844888
INFO:Message received on topic: type-2/38 with payload size: 91 at 2024-12-11 16:46:39.492576 sent 2024-12-11 16:46:39.451051
INFO:Message received on topic: type-2/38 with payload size: 91 at 2024-12-11 16:46:42.093825 sent 2024-12-11 16:46:42.052848
INFO:Message received on topic: type-2/38 with payload size: 91 at 2024-12-11 16:46:44.692894 sent 2024-12-11 16:46:44.650693
INFO:Message received on topic: type-2/38 with payload size: 91 at 2024-12-11 16:46:47.291088 sent 2024-12-11 16:46:47.249176
INFO:Message received on topic: type-2/38 with payload size: 91 at 2024-12-11 16:46:49.894373 sent 2024-12-11 16:46:49.850955
INFO:Message received on topic: type-2/38 with payload size: 91 at 2024-12-11 16:46:52.493129 sent 2024-12-11 16:46:52.453521
INFO:Message received on topic: type-2/38 with payload size: 91 at 2024-12-11 16:46:55.114421 sent 2024-12-11 16:46:55.054593
INFO:Message received on topic: type-2/38 with payload size: 91 at 2024-12-11 16:46:57.689999 sent 2024-12-11 16:46:57.654199
INFO:Message received on topic: type-2/38 with payload size: 91 at 2024-12-11 16:47:00.296176 sent 2024-12-11 16:47:00.260638
INFO:Message received on topic: type-2/38 with payload size: 91 at 2024-12-11 16:47:02.900819 sent 2024-12-11 16:47:02.850227
INFO:Message received on topic: type-2/38 with payload size: 91 at 2024-12-11 16:47:05.489772 sent 2024-12-11 16:47:05.434697
INFO:Message received on topic: type-2/38 with payload size: 91 at 2024-12-11 16:47:08.032868 sent 2024-12-11 16:47:08.025319
INFO:Message received on topic: type-2/38 with payload size: 91 at 2024-12-11 16:47:10.628656 sent 2024-12-11 16:47:10.613563
INFO:Message received on topic: type-2/38 with payload size: 91 at 2024-12-11 16:47:13.226713 sent 2024-12-11 16:47:13.217588
