INFO:Starting Version 1.0.5
DEBUG:Using selector: EpollSelector
INFO:Connecting to cluster at: mqtt-quic://emqx-headless.dtwins:14567 using QUIC
INFO:Subscribed to topic: type-2/8
INFO:Logging each: 50
INFO:Unhandled packet type received
INFO:Message received on topic: type-2/8 with payload size: 91 at 2024-12-11 16:37:03.450189 sent 2024-12-11 16:37:03.448806
INFO:Message received on topic: type-2/8 with payload size: 91 at 2024-12-11 16:37:06.049107 sent 2024-12-11 16:37:06.048010
INFO:Message received on topic: type-2/8 with payload size: 91 at 2024-12-11 16:37:08.647675 sent 2024-12-11 16:37:08.646682
INFO:Message received on topic: type-2/8 with payload size: 91 at 2024-12-11 16:37:11.247116 sent 2024-12-11 16:37:11.245848
INFO:Message received on topic: type-2/8 with payload size: 91 at 2024-12-11 16:37:13.848450 sent 2024-12-11 16:37:13.847092
INFO:Message received on topic: type-2/8 with payload size: 91 at 2024-12-11 16:37:16.444659 sent 2024-12-11 16:37:16.443623
INFO:Message received on topic: type-2/8 with payload size: 91 at 2024-12-11 16:37:19.049989 sent 2024-12-11 16:37:19.047834
INFO:Message received on topic: type-2/8 with payload size: 91 at 2024-12-11 16:37:21.649302 sent 2024-12-11 16:37:21.647885
INFO:Message received on topic: type-2/8 with payload size: 91 at 2024-12-11 16:37:24.244850 sent 2024-12-11 16:37:24.243821
INFO:Message received on topic: type-2/8 with payload size: 91 at 2024-12-11 16:37:26.845559 sent 2024-12-11 16:37:26.842202
INFO:Message received on topic: type-2/8 with payload size: 91 at 2024-12-11 16:37:29.452392 sent 2024-12-11 16:37:29.443589
INFO:Message received on topic: type-2/8 with payload size: 91 at 2024-12-11 16:37:32.047983 sent 2024-12-11 16:37:32.044130
INFO:Message received on topic: type-2/8 with payload size: 91 at 2024-12-11 16:37:34.642315 sent 2024-12-11 16:37:34.641045
INFO:Message received on topic: type-2/8 with payload size: 91 at 2024-12-11 16:37:37.251103 sent 2024-12-11 16:37:37.248776
INFO:Message received on topic: type-2/8 with payload size: 91 at 2024-12-11 16:37:39.886941 sent 2024-12-11 16:37:39.857582
INFO:Message received on topic: type-2/8 with payload size: 91 at 2024-12-11 16:37:42.484003 sent 2024-12-11 16:37:42.456765
INFO:Message received on topic: type-2/8 with payload size: 91 at 2024-12-11 16:37:45.087293 sent 2024-12-11 16:37:45.054981
INFO:Message received on topic: type-2/8 with payload size: 91 at 2024-12-11 16:37:47.712041 sent 2024-12-11 16:37:47.656665
INFO:Message received on topic: type-2/8 with payload size: 91 at 2024-12-11 16:37:50.314969 sent 2024-12-11 16:37:50.258306
INFO:Message received on topic: type-2/8 with payload size: 91 at 2024-12-11 16:37:52.919760 sent 2024-12-11 16:37:52.860848
INFO:Message received on topic: type-2/8 with payload size: 91 at 2024-12-11 16:37:55.530946 sent 2024-12-11 16:37:55.460400
INFO:Message received on topic: type-2/8 with payload size: 91 at 2024-12-11 16:37:58.117449 sent 2024-12-11 16:37:58.063208
INFO:Message received on topic: type-2/8 with payload size: 91 at 2024-12-11 16:38:00.715307 sent 2024-12-11 16:38:00.666810
INFO:Message received on topic: type-2/8 with payload size: 91 at 2024-12-11 16:38:03.322196 sent 2024-12-11 16:38:03.268857
INFO:Message received on topic: type-2/8 with payload size: 91 at 2024-12-11 16:38:05.920643 sent 2024-12-11 16:38:05.869222
INFO:Message received on topic: type-2/8 with payload size: 91 at 2024-12-11 16:38:08.514974 sent 2024-12-11 16:38:08.476884
INFO:Message received on topic: type-2/8 with payload size: 91 at 2024-12-11 16:38:11.125064 sent 2024-12-11 16:38:11.078928
INFO:Message received on topic: type-2/8 with payload size: 91 at 2024-12-11 16:38:13.719140 sent 2024-12-11 16:38:13.680966
INFO:Message received on topic: type-2/8 with payload size: 91 at 2024-12-11 16:38:16.324695 sent 2024-12-11 16:38:16.288112
INFO:Message received on topic: type-2/8 with payload size: 91 at 2024-12-11 16:38:18.927537 sent 2024-12-11 16:38:18.893168
INFO:Message received on topic: type-2/8 with payload size: 91 at 2024-12-11 16:38:21.520770 sent 2024-12-11 16:38:21.508683
INFO:Message received on topic: type-2/8 with payload size: 91 at 2024-12-11 16:38:24.126256 sent 2024-12-11 16:38:24.114862
INFO:Message received on topic: type-2/8 with payload size: 91 at 2024-12-11 16:38:26.727084 sent 2024-12-11 16:38:26.712041
INFO:Message received on topic: type-2/8 with payload size: 91 at 2024-12-11 16:38:29.334891 sent 2024-12-11 16:38:29.317760
INFO:Message received on topic: type-2/8 with payload size: 91 at 2024-12-11 16:38:31.933190 sent 2024-12-11 16:38:31.920061
INFO:Message received on topic: type-2/8 with payload size: 91 at 2024-12-11 16:38:34.538700 sent 2024-12-11 16:38:34.524459
INFO:Message received on topic: type-2/8 with payload size: 91 at 2024-12-11 16:38:37.138000 sent 2024-12-11 16:38:37.126575
INFO:Message received on topic: type-2/8 with payload size: 91 at 2024-12-11 16:38:39.744135 sent 2024-12-11 16:38:39.733435
INFO:Message received on topic: type-2/8 with payload size: 91 at 2024-12-11 16:38:42.413415 sent 2024-12-11 16:38:42.344172
INFO:Message received on topic: type-2/8 with payload size: 91 at 2024-12-11 16:38:45.021004 sent 2024-12-11 16:38:44.948545
INFO:Message received on topic: type-2/8 with payload size: 91 at 2024-12-11 16:38:47.624105 sent 2024-12-11 16:38:47.557636
INFO:Message received on topic: type-2/8 with payload size: 91 at 2024-12-11 16:38:50.232649 sent 2024-12-11 16:38:50.171704
INFO:Message received on topic: type-2/8 with payload size: 91 at 2024-12-11 16:38:52.829118 sent 2024-12-11 16:38:52.785128
INFO:Message received on topic: type-2/8 with payload size: 91 at 2024-12-11 16:38:55.428172 sent 2024-12-11 16:38:55.388915
INFO:Message received on topic: type-2/8 with payload size: 91 at 2024-12-11 16:38:58.030238 sent 2024-12-11 16:38:57.998529
INFO:Message received on topic: type-2/8 with payload size: 91 at 2024-12-11 16:39:00.621597 sent 2024-12-11 16:39:00.607175
INFO:Message received on topic: type-2/8 with payload size: 91 at 2024-12-11 16:39:03.228760 sent 2024-12-11 16:39:03.216996
INFO:Message received on topic: type-2/8 with payload size: 91 at 2024-12-11 16:39:05.849596 sent 2024-12-11 16:39:05.829576
INFO:Message received on topic: type-2/8 with payload size: 91 at 2024-12-11 16:39:08.486148 sent 2024-12-11 16:39:08.443996
INFO:Message received on topic: type-2/8 with payload size: 91 at 2024-12-11 16:39:11.120962 sent 2024-12-11 16:39:11.053609
INFO:Message received on topic: type-2/8 with payload size: 91 at 2024-12-11 16:39:13.727944 sent 2024-12-11 16:39:13.662864
INFO:Message received on topic: type-2/8 with payload size: 91 at 2024-12-11 16:39:16.318428 sent 2024-12-11 16:39:16.271152
INFO:Message received on topic: type-2/8 with payload size: 91 at 2024-12-11 16:39:18.944504 sent 2024-12-11 16:39:18.884751
INFO:Message received on topic: type-2/8 with payload size: 91 at 2024-12-11 16:39:21.541084 sent 2024-12-11 16:39:21.500975
INFO:Message received on topic: type-2/8 with payload size: 91 at 2024-12-11 16:39:24.128902 sent 2024-12-11 16:39:24.115249
INFO:Message received on topic: type-2/8 with payload size: 91 at 2024-12-11 16:39:26.749297 sent 2024-12-11 16:39:26.721146
INFO:Message received on topic: type-2/8 with payload size: 91 at 2024-12-11 16:39:29.350855 sent 2024-12-11 16:39:29.335951
INFO:Message received on topic: type-2/8 with payload size: 91 at 2024-12-11 16:39:32.035932 sent 2024-12-11 16:39:31.953891
INFO:Message received on topic: type-2/8 with payload size: 91 at 2024-12-11 16:39:34.628537 sent 2024-12-11 16:39:34.568084
INFO:Message received on topic: type-2/8 with payload size: 91 at 2024-12-11 16:39:37.217717 sent 2024-12-11 16:39:37.184262
INFO:Message received on topic: type-2/8 with payload size: 91 at 2024-12-11 16:39:39.839764 sent 2024-12-11 16:39:39.800935
INFO:Message received on topic: type-2/8 with payload size: 91 at 2024-12-11 16:39:42.617806 sent 2024-12-11 16:39:42.409591
INFO:Message received on topic: type-2/8 with payload size: 91 at 2024-12-11 16:39:45.050610 sent 2024-12-11 16:39:45.023809
INFO:Message received on topic: type-2/8 with payload size: 91 at 2024-12-11 16:39:47.684207 sent 2024-12-11 16:39:47.633522
INFO:Message received on topic: type-2/8 with payload size: 91 at 2024-12-11 16:39:50.330271 sent 2024-12-11 16:39:50.244401
INFO:Message received on topic: type-2/8 with payload size: 91 at 2024-12-11 16:39:52.921755 sent 2024-12-11 16:39:52.853737
INFO:Message received on topic: type-2/8 with payload size: 91 at 2024-12-11 16:39:55.524945 sent 2024-12-11 16:39:55.458603
INFO:Message received on topic: type-2/8 with payload size: 91 at 2024-12-11 16:39:58.137540 sent 2024-12-11 16:39:58.068650
INFO:Message received on topic: type-2/8 with payload size: 91 at 2024-12-11 16:40:00.726973 sent 2024-12-11 16:40:00.681486
INFO:Message received on topic: type-2/8 with payload size: 91 at 2024-12-11 16:40:03.327528 sent 2024-12-11 16:40:03.289460
INFO:Message received on topic: type-2/8 with payload size: 91 at 2024-12-11 16:40:05.939611 sent 2024-12-11 16:40:05.899062
INFO:Message received on topic: type-2/8 with payload size: 91 at 2024-12-11 16:40:08.536240 sent 2024-12-11 16:40:08.521242
INFO:Message received on topic: type-2/8 with payload size: 91 at 2024-12-11 16:40:11.183530 sent 2024-12-11 16:40:11.139829
INFO:Message received on topic: type-2/8 with payload size: 91 at 2024-12-11 16:40:13.845005 sent 2024-12-11 16:40:13.758826
INFO:Message received on topic: type-2/8 with payload size: 91 at 2024-12-11 16:40:16.450624 sent 2024-12-11 16:40:16.372066
INFO:Message received on topic: type-2/8 with payload size: 91 at 2024-12-11 16:40:19.033143 sent 2024-12-11 16:40:18.964862
INFO:Message received on topic: type-2/8 with payload size: 91 at 2024-12-11 16:40:21.618275 sent 2024-12-11 16:40:21.555841
INFO:Message received on topic: type-2/8 with payload size: 91 at 2024-12-11 16:40:24.317389 sent 2024-12-11 16:40:24.145855
INFO:Message received on topic: type-2/8 with payload size: 91 at 2024-12-11 16:40:26.788790 sent 2024-12-11 16:40:26.743618
INFO:Message received on topic: type-2/8 with payload size: 91 at 2024-12-11 16:40:29.431578 sent 2024-12-11 16:40:29.354891
INFO:Message received on topic: type-2/8 with payload size: 91 at 2024-12-11 16:40:32.032996 sent 2024-12-11 16:40:31.973374
INFO:Message received on topic: type-2/8 with payload size: 91 at 2024-12-11 16:40:34.638264 sent 2024-12-11 16:40:34.585521
INFO:Message received on topic: type-2/8 with payload size: 91 at 2024-12-11 16:40:37.229951 sent 2024-12-11 16:40:37.201102
INFO:Message received on topic: type-2/8 with payload size: 91 at 2024-12-11 16:40:39.842035 sent 2024-12-11 16:40:39.812727
INFO:Message received on topic: type-2/8 with payload size: 91 at 2024-12-11 16:40:42.438950 sent 2024-12-11 16:40:42.425806
INFO:Message received on topic: type-2/8 with payload size: 91 at 2024-12-11 16:40:45.128941 sent 2024-12-11 16:40:45.040223
INFO:Message received on topic: type-2/8 with payload size: 91 at 2024-12-11 16:40:47.724849 sent 2024-12-11 16:40:47.649473
INFO:Message received on topic: type-2/8 with payload size: 91 at 2024-12-11 16:40:50.414141 sent 2024-12-11 16:40:50.261510
INFO:Message received on topic: type-2/8 with payload size: 91 at 2024-12-11 16:40:52.935732 sent 2024-12-11 16:40:52.869944
INFO:Message received on topic: type-2/8 with payload size: 91 at 2024-12-11 16:40:55.542583 sent 2024-12-11 16:40:55.481081
INFO:Message received on topic: type-2/8 with payload size: 91 at 2024-12-11 16:40:58.134958 sent 2024-12-11 16:40:58.092072
INFO:Message received on topic: type-2/8 with payload size: 91 at 2024-12-11 16:41:00.731918 sent 2024-12-11 16:41:00.707807
INFO:Message received on topic: type-2/8 with payload size: 91 at 2024-12-11 16:41:03.343818 sent 2024-12-11 16:41:03.329011
INFO:Message received on topic: type-2/8 with payload size: 91 at 2024-12-11 16:41:06.028628 sent 2024-12-11 16:41:05.950569
INFO:Message received on topic: type-2/8 with payload size: 91 at 2024-12-11 16:41:08.620781 sent 2024-12-11 16:41:08.559890
INFO:Message received on topic: type-2/8 with payload size: 91 at 2024-12-11 16:41:11.238088 sent 2024-12-11 16:41:11.171034
INFO:Message received on topic: type-2/8 with payload size: 91 at 2024-12-11 16:41:13.824672 sent 2024-12-11 16:41:13.783907
INFO:Message received on topic: type-2/8 with payload size: 91 at 2024-12-11 16:41:16.444920 sent 2024-12-11 16:41:16.391019
INFO:Message received on topic: type-2/8 with payload size: 91 at 2024-12-11 16:41:19.114012 sent 2024-12-11 16:41:19.003459
INFO:Message received on topic: type-2/8 with payload size: 91 at 2024-12-11 16:41:21.636467 sent 2024-12-11 16:41:21.619464
INFO:Message received on topic: type-2/8 with payload size: 91 at 2024-12-11 16:41:24.327578 sent 2024-12-11 16:41:24.232954
INFO:Message received on topic: type-2/8 with payload size: 91 at 2024-12-11 16:41:26.930938 sent 2024-12-11 16:41:26.839515
INFO:Message received on topic: type-2/8 with payload size: 91 at 2024-12-11 16:41:29.533920 sent 2024-12-11 16:41:29.457725
INFO:Message received on topic: type-2/8 with payload size: 91 at 2024-12-11 16:41:32.133614 sent 2024-12-11 16:41:32.073557
INFO:Message received on topic: type-2/8 with payload size: 91 at 2024-12-11 16:41:34.783173 sent 2024-12-11 16:41:34.685423
INFO:Message received on topic: type-2/8 with payload size: 91 at 2024-12-11 16:41:37.412897 sent 2024-12-11 16:41:37.305266
INFO:Message received on topic: type-2/8 with payload size: 91 at 2024-12-11 16:41:39.983715 sent 2024-12-11 16:41:39.914543
INFO:Message received on topic: type-2/8 with payload size: 91 at 2024-12-11 16:41:42.549156 sent 2024-12-11 16:41:42.529103
INFO:Message received on topic: type-2/8 with payload size: 91 at 2024-12-11 16:41:45.190645 sent 2024-12-11 16:41:45.143376
INFO:Message received on topic: type-2/8 with payload size: 91 at 2024-12-11 16:41:47.828069 sent 2024-12-11 16:41:47.750490
INFO:Message received on topic: type-2/8 with payload size: 91 at 2024-12-11 16:41:50.415640 sent 2024-12-11 16:41:50.359095
INFO:Message received on topic: type-2/8 with payload size: 91 at 2024-12-11 16:41:53.040963 sent 2024-12-11 16:41:52.965510
INFO:Message received on topic: type-2/8 with payload size: 91 at 2024-12-11 16:41:55.621305 sent 2024-12-11 16:41:55.571715
INFO:Message received on topic: type-2/8 with payload size: 91 at 2024-12-11 16:41:58.283965 sent 2024-12-11 16:41:58.181642
INFO:Message received on topic: type-2/8 with payload size: 91 at 2024-12-11 16:42:00.889010 sent 2024-12-11 16:42:00.795697
INFO:Message received on topic: type-2/8 with payload size: 91 at 2024-12-11 16:42:03.422158 sent 2024-12-11 16:42:03.408590
INFO:Message received on topic: type-2/8 with payload size: 91 at 2024-12-11 16:42:06.086537 sent 2024-12-11 16:42:06.018551
INFO:Message received on topic: type-2/8 with payload size: 91 at 2024-12-11 16:42:08.686038 sent 2024-12-11 16:42:08.629219
INFO:Message received on topic: type-2/8 with payload size: 91 at 2024-12-11 16:42:11.333222 sent 2024-12-11 16:42:11.240234
INFO:Message received on topic: type-2/8 with payload size: 91 at 2024-12-11 16:42:13.946900 sent 2024-12-11 16:42:13.849280
INFO:Message received on topic: type-2/8 with payload size: 91 at 2024-12-11 16:42:16.526320 sent 2024-12-11 16:42:16.459059
INFO:Message received on topic: type-2/8 with payload size: 91 at 2024-12-11 16:42:19.130407 sent 2024-12-11 16:42:19.075999
INFO:Message received on topic: type-2/8 with payload size: 91 at 2024-12-11 16:42:21.816353 sent 2024-12-11 16:42:21.700054
INFO:Message received on topic: type-2/8 with payload size: 91 at 2024-12-11 16:42:24.340450 sent 2024-12-11 16:42:24.314351
INFO:Message received on topic: type-2/8 with payload size: 91 at 2024-12-11 16:42:27.026409 sent 2024-12-11 16:42:26.929081
INFO:Message received on topic: type-2/8 with payload size: 91 at 2024-12-11 16:42:29.628668 sent 2024-12-11 16:42:29.543529
INFO:Message received on topic: type-2/8 with payload size: 91 at 2024-12-11 16:42:32.232807 sent 2024-12-11 16:42:32.152910
INFO:Message received on topic: type-2/8 with payload size: 91 at 2024-12-11 16:42:34.817931 sent 2024-12-11 16:42:34.764555
INFO:Message received on topic: type-2/8 with payload size: 91 at 2024-12-11 16:42:37.427672 sent 2024-12-11 16:42:37.374783
INFO:Message received on topic: type-2/8 with payload size: 91 at 2024-12-11 16:42:40.090063 sent 2024-12-11 16:42:39.990140
INFO:Message received on topic: type-2/8 with payload size: 91 at 2024-12-11 16:42:42.628697 sent 2024-12-11 16:42:42.602501
INFO:Message received on topic: type-2/8 with payload size: 91 at 2024-12-11 16:42:45.316065 sent 2024-12-11 16:42:45.207525
INFO:Message received on topic: type-2/8 with payload size: 91 at 2024-12-11 16:42:47.923762 sent 2024-12-11 16:42:47.812537
INFO:Message received on topic: type-2/8 with payload size: 91 at 2024-12-11 16:42:50.519640 sent 2024-12-11 16:42:50.421744
INFO:Message received on topic: type-2/8 with payload size: 91 at 2024-12-11 16:42:53.114605 sent 2024-12-11 16:42:53.038963
INFO:Message received on topic: type-2/8 with payload size: 91 at 2024-12-11 16:42:55.726973 sent 2024-12-11 16:42:55.648406
INFO:Message received on topic: type-2/8 with payload size: 91 at 2024-12-11 16:42:58.316825 sent 2024-12-11 16:42:58.261864
INFO:Message received on topic: type-2/8 with payload size: 91 at 2024-12-11 16:43:00.930638 sent 2024-12-11 16:43:00.876501
INFO:Message received on topic: type-2/8 with payload size: 91 at 2024-12-11 16:43:03.585466 sent 2024-12-11 16:43:03.496444
INFO:Message received on topic: type-2/8 with payload size: 91 at 2024-12-11 16:43:06.222966 sent 2024-12-11 16:43:06.107139
INFO:Message received on topic: type-2/8 with payload size: 91 at 2024-12-11 16:43:08.825119 sent 2024-12-11 16:43:08.719558
INFO:Message received on topic: type-2/8 with payload size: 91 at 2024-12-11 16:43:11.532717 sent 2024-12-11 16:43:11.330606
INFO:Message received on topic: type-2/8 with payload size: 91 at 2024-12-11 16:43:14.037376 sent 2024-12-11 16:43:13.941585
INFO:Message received on topic: type-2/8 with payload size: 91 at 2024-12-11 16:43:16.628741 sent 2024-12-11 16:43:16.551234
INFO:Message received on topic: type-2/8 with payload size: 91 at 2024-12-11 16:43:19.221672 sent 2024-12-11 16:43:19.170658
INFO:Message received on topic: type-2/8 with payload size: 91 at 2024-12-11 16:43:21.895399 sent 2024-12-11 16:43:21.790959
INFO:Message received on topic: type-2/8 with payload size: 91 at 2024-12-11 16:43:24.613219 sent 2024-12-11 16:43:24.404160
INFO:Message received on topic: type-2/8 with payload size: 91 at 2024-12-11 16:43:27.299015 sent 2024-12-11 16:43:27.013357
INFO:Message received on topic: type-2/8 with payload size: 91 at 2024-12-11 16:43:29.689894 sent 2024-12-11 16:43:29.622671
INFO:Message received on topic: type-2/8 with payload size: 91 at 2024-12-11 16:43:32.430561 sent 2024-12-11 16:43:32.233301
INFO:Message received on topic: type-2/8 with payload size: 91 at 2024-12-11 16:43:34.924207 sent 2024-12-11 16:43:34.842064
INFO:Message received on topic: type-2/8 with payload size: 91 at 2024-12-11 16:43:37.526257 sent 2024-12-11 16:43:37.453859
INFO:Message received on topic: type-2/8 with payload size: 91 at 2024-12-11 16:43:40.189156 sent 2024-12-11 16:43:40.066171
INFO:Message received on topic: type-2/8 with payload size: 91 at 2024-12-11 16:43:42.798606 sent 2024-12-11 16:43:42.680899
INFO:Message received on topic: type-2/8 with payload size: 91 at 2024-12-11 16:43:45.420934 sent 2024-12-11 16:43:45.287970
INFO:Message received on topic: type-2/8 with payload size: 91 at 2024-12-11 16:43:47.931555 sent 2024-12-11 16:43:47.897462
INFO:Message received on topic: type-2/8 with payload size: 91 at 2024-12-11 16:43:50.595306 sent 2024-12-11 16:43:50.510862
INFO:Message received on topic: type-2/8 with payload size: 91 at 2024-12-11 16:43:53.224139 sent 2024-12-11 16:43:53.121113
INFO:Message received on topic: type-2/8 with payload size: 91 at 2024-12-11 16:43:55.787829 sent 2024-12-11 16:43:55.727979
INFO:Message received on topic: type-2/8 with payload size: 91 at 2024-12-11 16:43:58.428196 sent 2024-12-11 16:43:58.338493
INFO:Message received on topic: type-2/8 with payload size: 91 at 2024-12-11 16:44:01.030129 sent 2024-12-11 16:44:00.950517
INFO:Message received on topic: type-2/8 with payload size: 91 at 2024-12-11 16:44:03.630887 sent 2024-12-11 16:44:03.562098
INFO:Message received on topic: type-2/8 with payload size: 91 at 2024-12-11 16:44:06.342786 sent 2024-12-11 16:44:06.176195
INFO:Message received on topic: type-2/8 with payload size: 91 at 2024-12-11 16:44:08.889651 sent 2024-12-11 16:44:08.786459
INFO:Message received on topic: type-2/8 with payload size: 91 at 2024-12-11 16:44:11.433589 sent 2024-12-11 16:44:11.395986
INFO:Message received on topic: type-2/8 with payload size: 91 at 2024-12-11 16:44:14.035500 sent 2024-12-11 16:44:14.006548
INFO:Message received on topic: type-2/8 with payload size: 91 at 2024-12-11 16:44:16.726758 sent 2024-12-11 16:44:16.619080
INFO:Message received on topic: type-2/8 with payload size: 91 at 2024-12-11 16:44:19.322580 sent 2024-12-11 16:44:19.231705
INFO:Message received on topic: type-2/8 with payload size: 91 at 2024-12-11 16:44:21.919416 sent 2024-12-11 16:44:21.840776
INFO:Message received on topic: type-2/8 with payload size: 91 at 2024-12-11 16:44:24.515828 sent 2024-12-11 16:44:24.456233
INFO:Message received on topic: type-2/8 with payload size: 91 at 2024-12-11 16:44:27.136924 sent 2024-12-11 16:44:27.060486
INFO:Message received on topic: type-2/8 with payload size: 91 at 2024-12-11 16:44:29.720184 sent 2024-12-11 16:44:29.673588
INFO:Message received on topic: type-2/8 with payload size: 91 at 2024-12-11 16:44:32.328165 sent 2024-12-11 16:44:32.283438
INFO:Message received on topic: type-2/8 with payload size: 91 at 2024-12-11 16:44:35.023738 sent 2024-12-11 16:44:34.891907
INFO:Message received on topic: type-2/8 with payload size: 91 at 2024-12-11 16:44:37.586462 sent 2024-12-11 16:44:37.500278
INFO:Message received on topic: type-2/8 with payload size: 91 at 2024-12-11 16:44:40.222848 sent 2024-12-11 16:44:40.107645
INFO:Message received on topic: type-2/8 with payload size: 91 at 2024-12-11 16:44:42.816925 sent 2024-12-11 16:44:42.719236
INFO:Message received on topic: type-2/8 with payload size: 91 at 2024-12-11 16:44:45.524432 sent 2024-12-11 16:44:45.335015
INFO:Message received on topic: type-2/8 with payload size: 91 at 2024-12-11 16:44:48.031762 sent 2024-12-11 16:44:47.950608
INFO:Message received on topic: type-2/8 with payload size: 91 at 2024-12-11 16:44:50.638922 sent 2024-12-11 16:44:50.566541
INFO:Message received on topic: type-2/8 with payload size: 91 at 2024-12-11 16:44:53.227181 sent 2024-12-11 16:44:53.172261
INFO:Message received on topic: type-2/8 with payload size: 91 at 2024-12-11 16:44:55.923395 sent 2024-12-11 16:44:55.777568
INFO:Message received on topic: type-2/8 with payload size: 91 at 2024-12-11 16:44:58.439235 sent 2024-12-11 16:44:58.390085
INFO:Message received on topic: type-2/8 with payload size: 91 at 2024-12-11 16:45:01.133380 sent 2024-12-11 16:45:01.004543
INFO:Message received on topic: type-2/8 with payload size: 91 at 2024-12-11 16:45:03.726003 sent 2024-12-11 16:45:03.614886
INFO:Message received on topic: type-2/8 with payload size: 91 at 2024-12-11 16:45:06.316088 sent 2024-12-11 16:45:06.225853
INFO:Message received on topic: type-2/8 with payload size: 91 at 2024-12-11 16:45:08.921304 sent 2024-12-11 16:45:08.835899
INFO:Message received on topic: type-2/8 with payload size: 91 at 2024-12-11 16:45:11.619515 sent 2024-12-11 16:45:11.447149
INFO:Message received on topic: type-2/8 with payload size: 91 at 2024-12-11 16:45:14.123863 sent 2024-12-11 16:45:14.058647
INFO:Message received on topic: type-2/8 with payload size: 91 at 2024-12-11 16:45:16.793604 sent 2024-12-11 16:45:16.666946
INFO:Message received on topic: type-2/8 with payload size: 91 at 2024-12-11 16:45:19.327667 sent 2024-12-11 16:45:19.280850
INFO:Message received on topic: type-2/8 with payload size: 91 at 2024-12-11 16:45:21.986972 sent 2024-12-11 16:45:21.889696
INFO:Message received on topic: type-2/8 with payload size: 91 at 2024-12-11 16:45:24.588064 sent 2024-12-11 16:45:24.499501
INFO:Message received on topic: type-2/8 with payload size: 91 at 2024-12-11 16:45:27.133752 sent 2024-12-11 16:45:27.108633
INFO:Message received on topic: type-2/8 with payload size: 91 at 2024-12-11 16:45:29.785761 sent 2024-12-11 16:45:29.717289
INFO:Message received on topic: type-2/8 with payload size: 91 at 2024-12-11 16:45:32.391725 sent 2024-12-11 16:45:32.328955
