INFO:Starting Version 1.0.5
DEBUG:Using selector: EpollSelector
INFO:Connecting to cluster at: mqtt-quic://emqx-headless.dtwins:14567 using QUIC
INFO:Subscribed to topic: type-2/32
INFO:Logging each: 50
INFO:Unhandled packet type received
INFO:Message received on topic: type-2/32 with payload size: 91 at 2024-12-11 16:38:25.227615 sent 2024-12-11 16:38:25.178040
INFO:Message received on topic: type-2/32 with payload size: 91 at 2024-12-11 16:38:27.829966 sent 2024-12-11 16:38:27.776659
INFO:Message received on topic: type-2/32 with payload size: 91 at 2024-12-11 16:38:30.427706 sent 2024-12-11 16:38:30.381312
INFO:Message received on topic: type-2/32 with payload size: 91 at 2024-12-11 16:38:33.027601 sent 2024-12-11 16:38:32.983278
INFO:Message received on topic: type-2/32 with payload size: 91 at 2024-12-11 16:38:35.624601 sent 2024-12-11 16:38:35.591818
INFO:Message received on topic: type-2/32 with payload size: 91 at 2024-12-11 16:38:38.244248 sent 2024-12-11 16:38:38.197979
INFO:Message received on topic: type-2/32 with payload size: 91 at 2024-12-11 16:38:40.832212 sent 2024-12-11 16:38:40.809092
INFO:Message received on topic: type-2/32 with payload size: 91 at 2024-12-11 16:38:43.446700 sent 2024-12-11 16:38:43.414020
INFO:Message received on topic: type-2/32 with payload size: 91 at 2024-12-11 16:38:46.041841 sent 2024-12-11 16:38:46.020647
INFO:Message received on topic: type-2/32 with payload size: 91 at 2024-12-11 16:38:48.682694 sent 2024-12-11 16:38:48.628320
INFO:Message received on topic: type-2/32 with payload size: 91 at 2024-12-11 16:38:51.319908 sent 2024-12-11 16:38:51.240927
INFO:Message received on topic: type-2/32 with payload size: 91 at 2024-12-11 16:38:53.884153 sent 2024-12-11 16:38:53.850853
INFO:Message received on topic: type-2/32 with payload size: 91 at 2024-12-11 16:38:56.518509 sent 2024-12-11 16:38:56.454571
INFO:Message received on topic: type-2/32 with payload size: 91 at 2024-12-11 16:38:59.132438 sent 2024-12-11 16:38:59.064147
INFO:Message received on topic: type-2/32 with payload size: 91 at 2024-12-11 16:39:01.733548 sent 2024-12-11 16:39:01.670984
INFO:Message received on topic: type-2/32 with payload size: 91 at 2024-12-11 16:39:04.331821 sent 2024-12-11 16:39:04.293872
INFO:Message received on topic: type-2/32 with payload size: 91 at 2024-12-11 16:39:06.933295 sent 2024-12-11 16:39:06.903139
INFO:Message received on topic: type-2/32 with payload size: 91 at 2024-12-11 16:39:09.532535 sent 2024-12-11 16:39:09.520154
INFO:Message received on topic: type-2/32 with payload size: 91 at 2024-12-11 16:39:12.148135 sent 2024-12-11 16:39:12.133471
INFO:Message received on topic: type-2/32 with payload size: 91 at 2024-12-11 16:39:14.754254 sent 2024-12-11 16:39:14.738200
INFO:Message received on topic: type-2/32 with payload size: 91 at 2024-12-11 16:39:17.416017 sent 2024-12-11 16:39:17.348114
INFO:Message received on topic: type-2/32 with payload size: 91 at 2024-12-11 16:39:20.034286 sent 2024-12-11 16:39:19.959462
INFO:Message received on topic: type-2/32 with payload size: 91 at 2024-12-11 16:39:22.624538 sent 2024-12-11 16:39:22.571310
INFO:Message received on topic: type-2/32 with payload size: 91 at 2024-12-11 16:39:25.232810 sent 2024-12-11 16:39:25.183020
INFO:Message received on topic: type-2/32 with payload size: 91 at 2024-12-11 16:39:27.833312 sent 2024-12-11 16:39:27.794609
INFO:Message received on topic: type-2/32 with payload size: 91 at 2024-12-11 16:39:30.432657 sent 2024-12-11 16:39:30.408080
INFO:Message received on topic: type-2/32 with payload size: 91 at 2024-12-11 16:39:33.038956 sent 2024-12-11 16:39:33.021627
INFO:Message received on topic: type-2/32 with payload size: 91 at 2024-12-11 16:39:35.642847 sent 2024-12-11 16:39:35.633302
INFO:Message received on topic: type-2/32 with payload size: 91 at 2024-12-11 16:39:38.317098 sent 2024-12-11 16:39:38.249393
INFO:Message received on topic: type-2/32 with payload size: 91 at 2024-12-11 16:39:40.924906 sent 2024-12-11 16:39:40.862611
INFO:Message received on topic: type-2/32 with payload size: 91 at 2024-12-11 16:39:43.623266 sent 2024-12-11 16:39:43.473975
INFO:Message received on topic: type-2/32 with payload size: 91 at 2024-12-11 16:39:46.121526 sent 2024-12-11 16:39:46.082954
INFO:Message received on topic: type-2/32 with payload size: 91 at 2024-12-11 16:39:48.738903 sent 2024-12-11 16:39:48.692561
INFO:Message received on topic: type-2/32 with payload size: 91 at 2024-12-11 16:39:51.330149 sent 2024-12-11 16:39:51.301484
INFO:Message received on topic: type-2/32 with payload size: 91 at 2024-12-11 16:39:53.927878 sent 2024-12-11 16:39:53.915122
INFO:Message received on topic: type-2/32 with payload size: 91 at 2024-12-11 16:39:56.537581 sent 2024-12-11 16:39:56.522406
INFO:Message received on topic: type-2/32 with payload size: 91 at 2024-12-11 16:39:59.215536 sent 2024-12-11 16:39:59.141976
INFO:Message received on topic: type-2/32 with payload size: 91 at 2024-12-11 16:40:01.819517 sent 2024-12-11 16:40:01.753166
INFO:Message received on topic: type-2/32 with payload size: 91 at 2024-12-11 16:40:04.428002 sent 2024-12-11 16:40:04.363997
INFO:Message received on topic: type-2/32 with payload size: 91 at 2024-12-11 16:40:07.026143 sent 2024-12-11 16:40:06.977236
INFO:Message received on topic: type-2/32 with payload size: 91 at 2024-12-11 16:40:09.624744 sent 2024-12-11 16:40:09.599713
INFO:Message received on topic: type-2/32 with payload size: 91 at 2024-12-11 16:40:12.232290 sent 2024-12-11 16:40:12.211775
INFO:Message received on topic: type-2/32 with payload size: 91 at 2024-12-11 16:40:14.842168 sent 2024-12-11 16:40:14.821640
INFO:Message received on topic: type-2/32 with payload size: 91 at 2024-12-11 16:40:17.438498 sent 2024-12-11 16:40:17.422459
INFO:Message received on topic: type-2/32 with payload size: 91 at 2024-12-11 16:40:20.040087 sent 2024-12-11 16:40:20.006429
INFO:Message received on topic: type-2/32 with payload size: 91 at 2024-12-11 16:40:22.630359 sent 2024-12-11 16:40:22.591931
INFO:Message received on topic: type-2/32 with payload size: 91 at 2024-12-11 16:40:25.247034 sent 2024-12-11 16:40:25.176615
INFO:Message received on topic: type-2/32 with payload size: 91 at 2024-12-11 16:40:27.829344 sent 2024-12-11 16:40:27.777253
INFO:Message received on topic: type-2/32 with payload size: 91 at 2024-12-11 16:40:30.512048 sent 2024-12-11 16:40:30.391643
INFO:Message received on topic: type-2/32 with payload size: 91 at 2024-12-11 16:40:33.038108 sent 2024-12-11 16:40:33.017692
INFO:Message received on topic: type-2/32 with payload size: 91 at 2024-12-11 16:40:35.640575 sent 2024-12-11 16:40:35.628075
INFO:Message received on topic: type-2/32 with payload size: 91 at 2024-12-11 16:40:38.333913 sent 2024-12-11 16:40:38.245091
INFO:Message received on topic: type-2/32 with payload size: 91 at 2024-12-11 16:40:40.934124 sent 2024-12-11 16:40:40.854532
INFO:Message received on topic: type-2/32 with payload size: 91 at 2024-12-11 16:40:43.549697 sent 2024-12-11 16:40:43.469666
INFO:Message received on topic: type-2/32 with payload size: 91 at 2024-12-11 16:40:46.142471 sent 2024-12-11 16:40:46.079140
INFO:Message received on topic: type-2/32 with payload size: 91 at 2024-12-11 16:40:48.812025 sent 2024-12-11 16:40:48.685314
INFO:Message received on topic: type-2/32 with payload size: 91 at 2024-12-11 16:40:51.346016 sent 2024-12-11 16:40:51.298387
INFO:Message received on topic: type-2/32 with payload size: 91 at 2024-12-11 16:40:53.950391 sent 2024-12-11 16:40:53.911456
INFO:Message received on topic: type-2/32 with payload size: 91 at 2024-12-11 16:40:56.548903 sent 2024-12-11 16:40:56.526116
INFO:Message received on topic: type-2/32 with payload size: 91 at 2024-12-11 16:40:59.220671 sent 2024-12-11 16:40:59.140777
INFO:Message received on topic: type-2/32 with payload size: 91 at 2024-12-11 16:41:01.821603 sent 2024-12-11 16:41:01.750802
INFO:Message received on topic: type-2/32 with payload size: 91 at 2024-12-11 16:41:04.425358 sent 2024-12-11 16:41:04.360811
INFO:Message received on topic: type-2/32 with payload size: 91 at 2024-12-11 16:41:07.117920 sent 2024-12-11 16:41:06.976979
INFO:Message received on topic: type-2/32 with payload size: 91 at 2024-12-11 16:41:09.641164 sent 2024-12-11 16:41:09.598614
INFO:Message received on topic: type-2/32 with payload size: 91 at 2024-12-11 16:41:12.285548 sent 2024-12-11 16:41:12.204096
INFO:Message received on topic: type-2/32 with payload size: 91 at 2024-12-11 16:41:14.928204 sent 2024-12-11 16:41:14.814832
INFO:Message received on topic: type-2/32 with payload size: 91 at 2024-12-11 16:41:17.530417 sent 2024-12-11 16:41:17.430675
INFO:Message received on topic: type-2/32 with payload size: 91 at 2024-12-11 16:41:20.133568 sent 2024-12-11 16:41:20.048620
INFO:Message received on topic: type-2/32 with payload size: 91 at 2024-12-11 16:41:22.827478 sent 2024-12-11 16:41:22.675618
INFO:Message received on topic: type-2/32 with payload size: 91 at 2024-12-11 16:41:25.423983 sent 2024-12-11 16:41:25.284379
INFO:Message received on topic: type-2/32 with payload size: 91 at 2024-12-11 16:41:27.989697 sent 2024-12-11 16:41:27.897583
INFO:Message received on topic: type-2/32 with payload size: 91 at 2024-12-11 16:41:30.535264 sent 2024-12-11 16:41:30.513301
INFO:Message received on topic: type-2/32 with payload size: 91 at 2024-12-11 16:41:33.138854 sent 2024-12-11 16:41:33.122308
INFO:Message received on topic: type-2/32 with payload size: 91 at 2024-12-11 16:41:35.792522 sent 2024-12-11 16:41:35.729692
INFO:Message received on topic: type-2/32 with payload size: 91 at 2024-12-11 16:41:38.414385 sent 2024-12-11 16:41:38.337799
INFO:Message received on topic: type-2/32 with payload size: 91 at 2024-12-11 16:41:41.032180 sent 2024-12-11 16:41:40.949702
INFO:Message received on topic: type-2/32 with payload size: 91 at 2024-12-11 16:41:43.618863 sent 2024-12-11 16:41:43.557704
INFO:Message received on topic: type-2/32 with payload size: 91 at 2024-12-11 16:41:46.245088 sent 2024-12-11 16:41:46.172916
INFO:Message received on topic: type-2/32 with payload size: 91 at 2024-12-11 16:41:48.834052 sent 2024-12-11 16:41:48.785075
INFO:Message received on topic: type-2/32 with payload size: 91 at 2024-12-11 16:41:51.428161 sent 2024-12-11 16:41:51.396629
INFO:Message received on topic: type-2/32 with payload size: 91 at 2024-12-11 16:41:54.034065 sent 2024-12-11 16:41:53.997393
INFO:Message received on topic: type-2/32 with payload size: 91 at 2024-12-11 16:41:56.688318 sent 2024-12-11 16:41:56.606909
INFO:Message received on topic: type-2/32 with payload size: 91 at 2024-12-11 16:41:59.289885 sent 2024-12-11 16:41:59.216104
INFO:Message received on topic: type-2/32 with payload size: 91 at 2024-12-11 16:42:01.917669 sent 2024-12-11 16:42:01.827954
INFO:Message received on topic: type-2/32 with payload size: 91 at 2024-12-11 16:42:04.514221 sent 2024-12-11 16:42:04.442392
INFO:Message received on topic: type-2/32 with payload size: 91 at 2024-12-11 16:42:07.120056 sent 2024-12-11 16:42:07.050587
INFO:Message received on topic: type-2/32 with payload size: 91 at 2024-12-11 16:42:09.713859 sent 2024-12-11 16:42:09.662177
INFO:Message received on topic: type-2/32 with payload size: 91 at 2024-12-11 16:42:12.414295 sent 2024-12-11 16:42:12.271417
INFO:Message received on topic: type-2/32 with payload size: 91 at 2024-12-11 16:42:14.930516 sent 2024-12-11 16:42:14.878437
INFO:Message received on topic: type-2/32 with payload size: 91 at 2024-12-11 16:42:17.616062 sent 2024-12-11 16:42:17.489532
INFO:Message received on topic: type-2/32 with payload size: 91 at 2024-12-11 16:42:20.145185 sent 2024-12-11 16:42:20.107928
INFO:Message received on topic: type-2/32 with payload size: 91 at 2024-12-11 16:42:22.887285 sent 2024-12-11 16:42:22.729187
INFO:Message received on topic: type-2/32 with payload size: 91 at 2024-12-11 16:42:25.420275 sent 2024-12-11 16:42:25.343252
INFO:Message received on topic: type-2/32 with payload size: 91 at 2024-12-11 16:42:27.988882 sent 2024-12-11 16:42:27.955074
INFO:Message received on topic: type-2/32 with payload size: 91 at 2024-12-11 16:42:30.623181 sent 2024-12-11 16:42:30.568572
INFO:Message received on topic: type-2/32 with payload size: 91 at 2024-12-11 16:42:33.239045 sent 2024-12-11 16:42:33.175102
INFO:Message received on topic: type-2/32 with payload size: 91 at 2024-12-11 16:42:35.918734 sent 2024-12-11 16:42:35.784628
INFO:Message received on topic: type-2/32 with payload size: 91 at 2024-12-11 16:42:38.436060 sent 2024-12-11 16:42:38.399674
INFO:Message received on topic: type-2/32 with payload size: 91 at 2024-12-11 16:42:41.131083 sent 2024-12-11 16:42:41.016744
INFO:Message received on topic: type-2/32 with payload size: 91 at 2024-12-11 16:42:43.685633 sent 2024-12-11 16:42:43.632029
INFO:Message received on topic: type-2/32 with payload size: 91 at 2024-12-11 16:42:46.344703 sent 2024-12-11 16:42:46.251485
INFO:Message received on topic: type-2/32 with payload size: 91 at 2024-12-11 16:42:48.925404 sent 2024-12-11 16:42:48.857886
INFO:Message received on topic: type-2/32 with payload size: 91 at 2024-12-11 16:42:51.528528 sent 2024-12-11 16:42:51.462724
INFO:Message received on topic: type-2/32 with payload size: 91 at 2024-12-11 16:42:54.196164 sent 2024-12-11 16:42:54.071458
INFO:Message received on topic: type-2/32 with payload size: 91 at 2024-12-11 16:42:56.732246 sent 2024-12-11 16:42:56.678863
INFO:Message received on topic: type-2/32 with payload size: 91 at 2024-12-11 16:42:59.386352 sent 2024-12-11 16:42:59.295835
INFO:Message received on topic: type-2/32 with payload size: 91 at 2024-12-11 16:43:02.387268 sent 2024-12-11 16:43:01.906850
INFO:Message received on topic: type-2/32 with payload size: 91 at 2024-12-11 16:43:04.619174 sent 2024-12-11 16:43:04.526226
INFO:Message received on topic: type-2/32 with payload size: 91 at 2024-12-11 16:43:07.218151 sent 2024-12-11 16:43:07.143150
INFO:Message received on topic: type-2/32 with payload size: 91 at 2024-12-11 16:43:09.918190 sent 2024-12-11 16:43:09.753443
INFO:Message received on topic: type-2/32 with payload size: 91 at 2024-12-11 16:43:12.396527 sent 2024-12-11 16:43:12.361350
INFO:Message received on topic: type-2/32 with payload size: 91 at 2024-12-11 16:43:15.086034 sent 2024-12-11 16:43:14.968175
INFO:Message received on topic: type-2/32 with payload size: 91 at 2024-12-11 16:43:17.620278 sent 2024-12-11 16:43:17.578529
INFO:Message received on topic: type-2/32 with payload size: 91 at 2024-12-11 16:43:20.303599 sent 2024-12-11 16:43:20.187738
INFO:Message received on topic: type-2/32 with payload size: 91 at 2024-12-11 16:43:22.916615 sent 2024-12-11 16:43:22.798024
INFO:Message received on topic: type-2/32 with payload size: 91 at 2024-12-11 16:43:25.517521 sent 2024-12-11 16:43:25.405675
INFO:Message received on topic: type-2/32 with payload size: 91 at 2024-12-11 16:43:28.092967 sent 2024-12-11 16:43:28.014468
INFO:Message received on topic: type-2/32 with payload size: 91 at 2024-12-11 16:43:30.691770 sent 2024-12-11 16:43:30.628144
INFO:Message received on topic: type-2/32 with payload size: 91 at 2024-12-11 16:43:33.317534 sent 2024-12-11 16:43:33.238759
INFO:Message received on topic: type-2/32 with payload size: 91 at 2024-12-11 16:43:35.893681 sent 2024-12-11 16:43:35.855923
INFO:Message received on topic: type-2/32 with payload size: 91 at 2024-12-11 16:43:38.583415 sent 2024-12-11 16:43:38.470846
INFO:Message received on topic: type-2/32 with payload size: 91 at 2024-12-11 16:43:41.130600 sent 2024-12-11 16:43:41.084919
INFO:Message received on topic: type-2/32 with payload size: 91 at 2024-12-11 16:43:43.719825 sent 2024-12-11 16:43:43.698073
INFO:Message received on topic: type-2/32 with payload size: 91 at 2024-12-11 16:43:46.335966 sent 2024-12-11 16:43:46.304197
INFO:Message received on topic: type-2/32 with payload size: 91 at 2024-12-11 16:43:49.084578 sent 2024-12-11 16:43:48.916261
INFO:Message received on topic: type-2/32 with payload size: 91 at 2024-12-11 16:43:51.591968 sent 2024-12-11 16:43:51.532839
INFO:Message received on topic: type-2/32 with payload size: 91 at 2024-12-11 16:43:54.213773 sent 2024-12-11 16:43:54.153450
INFO:Message received on topic: type-2/32 with payload size: 91 at 2024-12-11 16:43:56.823005 sent 2024-12-11 16:43:56.764519
INFO:Message received on topic: type-2/32 with payload size: 91 at 2024-12-11 16:43:59.483654 sent 2024-12-11 16:43:59.381614
INFO:Message received on topic: type-2/32 with payload size: 91 at 2024-12-11 16:44:02.035882 sent 2024-12-11 16:44:01.999378
INFO:Message received on topic: type-2/32 with payload size: 91 at 2024-12-11 16:44:04.703605 sent 2024-12-11 16:44:04.610198
INFO:Message received on topic: type-2/32 with payload size: 91 at 2024-12-11 16:44:07.324114 sent 2024-12-11 16:44:07.215681
INFO:Message received on topic: type-2/32 with payload size: 91 at 2024-12-11 16:44:09.893872 sent 2024-12-11 16:44:09.827288
INFO:Message received on topic: type-2/32 with payload size: 91 at 2024-12-11 16:44:12.522400 sent 2024-12-11 16:44:12.435836
INFO:Message received on topic: type-2/32 with payload size: 91 at 2024-12-11 16:44:15.128817 sent 2024-12-11 16:44:15.041405
INFO:Message received on topic: type-2/32 with payload size: 91 at 2024-12-11 16:44:17.723668 sent 2024-12-11 16:44:17.649452
INFO:Message received on topic: type-2/32 with payload size: 91 at 2024-12-11 16:44:20.381835 sent 2024-12-11 16:44:20.265618
INFO:Message received on topic: type-2/32 with payload size: 91 at 2024-12-11 16:44:22.934006 sent 2024-12-11 16:44:22.874435
INFO:Message received on topic: type-2/32 with payload size: 91 at 2024-12-11 16:44:25.527412 sent 2024-12-11 16:44:25.485730
INFO:Message received on topic: type-2/32 with payload size: 91 at 2024-12-11 16:44:28.218348 sent 2024-12-11 16:44:28.093938
INFO:Message received on topic: type-2/32 with payload size: 91 at 2024-12-11 16:44:30.814619 sent 2024-12-11 16:44:30.705684
INFO:Message received on topic: type-2/32 with payload size: 91 at 2024-12-11 16:44:33.418219 sent 2024-12-11 16:44:33.311537
INFO:Message received on topic: type-2/32 with payload size: 91 at 2024-12-11 16:44:35.988180 sent 2024-12-11 16:44:35.924777
INFO:Message received on topic: type-2/32 with payload size: 91 at 2024-12-11 16:44:38.696810 sent 2024-12-11 16:44:38.537020
INFO:Message received on topic: type-2/32 with payload size: 91 at 2024-12-11 16:44:41.232265 sent 2024-12-11 16:44:41.151986
INFO:Message received on topic: type-2/32 with payload size: 91 at 2024-12-11 16:44:43.836188 sent 2024-12-11 16:44:43.760676
INFO:Message received on topic: type-2/32 with payload size: 91 at 2024-12-11 16:44:46.517446 sent 2024-12-11 16:44:46.367100
INFO:Message received on topic: type-2/32 with payload size: 91 at 2024-12-11 16:44:49.032545 sent 2024-12-11 16:44:48.979705
INFO:Message received on topic: type-2/32 with payload size: 91 at 2024-12-11 16:44:51.682595 sent 2024-12-11 16:44:51.595250
INFO:Message received on topic: type-2/32 with payload size: 91 at 2024-12-11 16:44:54.313512 sent 2024-12-11 16:44:54.203539
INFO:Message received on topic: type-2/32 with payload size: 91 at 2024-12-11 16:44:56.891296 sent 2024-12-11 16:44:56.812989
INFO:Message received on topic: type-2/32 with payload size: 91 at 2024-12-11 16:44:59.517771 sent 2024-12-11 16:44:59.421939
INFO:Message received on topic: type-2/32 with payload size: 91 at 2024-12-11 16:45:02.093485 sent 2024-12-11 16:45:02.036309
INFO:Message received on topic: type-2/32 with payload size: 91 at 2024-12-11 16:45:04.726196 sent 2024-12-11 16:45:04.653506
INFO:Message received on topic: type-2/32 with payload size: 91 at 2024-12-11 16:45:07.330254 sent 2024-12-11 16:45:07.267866
INFO:Message received on topic: type-2/32 with payload size: 91 at 2024-12-11 16:45:09.896747 sent 2024-12-11 16:45:09.875556
INFO:Message received on topic: type-2/32 with payload size: 91 at 2024-12-11 16:45:12.627661 sent 2024-12-11 16:45:12.492053
INFO:Message received on topic: type-2/32 with payload size: 91 at 2024-12-11 16:45:15.191058 sent 2024-12-11 16:45:15.102708
INFO:Message received on topic: type-2/32 with payload size: 91 at 2024-12-11 16:45:17.784303 sent 2024-12-11 16:45:17.708851
INFO:Message received on topic: type-2/32 with payload size: 91 at 2024-12-11 16:45:20.394177 sent 2024-12-11 16:45:20.322839
INFO:Message received on topic: type-2/32 with payload size: 91 at 2024-12-11 16:45:23.037651 sent 2024-12-11 16:45:22.929389
INFO:Message received on topic: type-2/32 with payload size: 91 at 2024-12-11 16:45:25.634313 sent 2024-12-11 16:45:25.536636
INFO:Message received on topic: type-2/32 with payload size: 91 at 2024-12-11 16:45:28.236927 sent 2024-12-11 16:45:28.146911
INFO:Message received on topic: type-2/32 with payload size: 91 at 2024-12-11 16:45:30.912008 sent 2024-12-11 16:45:30.755689
INFO:Message received on topic: type-2/32 with payload size: 91 at 2024-12-11 16:45:33.426020 sent 2024-12-11 16:45:33.365026
INFO:Message received on topic: type-2/32 with payload size: 91 at 2024-12-11 16:45:36.016598 sent 2024-12-11 16:45:35.978948
INFO:Message received on topic: type-2/32 with payload size: 91 at 2024-12-11 16:45:38.631969 sent 2024-12-11 16:45:38.587057
INFO:Message received on topic: type-2/32 with payload size: 91 at 2024-12-11 16:45:41.243225 sent 2024-12-11 16:45:41.199720
INFO:Message received on topic: type-2/32 with payload size: 91 at 2024-12-11 16:45:43.887140 sent 2024-12-11 16:45:43.804639
INFO:Message received on topic: type-2/32 with payload size: 91 at 2024-12-11 16:45:46.486854 sent 2024-12-11 16:45:46.408164
INFO:Message received on topic: type-2/32 with payload size: 91 at 2024-12-11 16:45:49.087906 sent 2024-12-11 16:45:49.011948
INFO:Message received on topic: type-2/32 with payload size: 91 at 2024-12-11 16:45:51.690777 sent 2024-12-11 16:45:51.623483
INFO:Message received on topic: type-2/32 with payload size: 91 at 2024-12-11 16:45:54.401553 sent 2024-12-11 16:45:54.227747
INFO:Message received on topic: type-2/32 with payload size: 91 at 2024-12-11 16:45:56.896953 sent 2024-12-11 16:45:56.832183
INFO:Message received on topic: type-2/32 with payload size: 91 at 2024-12-11 16:45:59.518514 sent 2024-12-11 16:45:59.438839
INFO:Message received on topic: type-2/32 with payload size: 91 at 2024-12-11 16:46:02.112639 sent 2024-12-11 16:46:02.043524
INFO:Message received on topic: type-2/32 with payload size: 91 at 2024-12-11 16:46:04.723278 sent 2024-12-11 16:46:04.645412
INFO:Message received on topic: type-2/32 with payload size: 91 at 2024-12-11 16:46:07.290663 sent 2024-12-11 16:46:07.248979
INFO:Message received on topic: type-2/32 with payload size: 91 at 2024-12-11 16:46:09.922133 sent 2024-12-11 16:46:09.854693
INFO:Message received on topic: type-2/32 with payload size: 91 at 2024-12-11 16:46:12.498926 sent 2024-12-11 16:46:12.458020
INFO:Message received on topic: type-2/32 with payload size: 91 at 2024-12-11 16:46:15.100945 sent 2024-12-11 16:46:15.060940
INFO:Message received on topic: type-2/32 with payload size: 91 at 2024-12-11 16:46:17.707624 sent 2024-12-11 16:46:17.666713
INFO:Message received on topic: type-2/32 with payload size: 91 at 2024-12-11 16:46:20.386126 sent 2024-12-11 16:46:20.268784
INFO:Message received on topic: type-2/32 with payload size: 91 at 2024-12-11 16:46:22.917454 sent 2024-12-11 16:46:22.877890
INFO:Message received on topic: type-2/32 with payload size: 91 at 2024-12-11 16:46:25.493622 sent 2024-12-11 16:46:25.479978
INFO:Message received on topic: type-2/32 with payload size: 91 at 2024-12-11 16:46:28.116642 sent 2024-12-11 16:46:28.085268
INFO:Message received on topic: type-2/32 with payload size: 91 at 2024-12-11 16:46:30.712072 sent 2024-12-11 16:46:30.692098
INFO:Message received on topic: type-2/32 with payload size: 91 at 2024-12-11 16:46:33.321734 sent 2024-12-11 16:46:33.299483
INFO:Message received on topic: type-2/32 with payload size: 91 at 2024-12-11 16:46:35.923630 sent 2024-12-11 16:46:35.902685
INFO:Message received on topic: type-2/32 with payload size: 91 at 2024-12-11 16:46:38.520974 sent 2024-12-11 16:46:38.505272
INFO:Message received on topic: type-2/32 with payload size: 91 at 2024-12-11 16:46:41.120851 sent 2024-12-11 16:46:41.106301
INFO:Message received on topic: type-2/32 with payload size: 91 at 2024-12-11 16:46:43.723509 sent 2024-12-11 16:46:43.709544
INFO:Message received on topic: type-2/32 with payload size: 91 at 2024-12-11 16:46:46.329703 sent 2024-12-11 16:46:46.308441
INFO:Message received on topic: type-2/32 with payload size: 91 at 2024-12-11 16:46:48.927128 sent 2024-12-11 16:46:48.910915
INFO:Message received on topic: type-2/32 with payload size: 91 at 2024-12-11 16:46:51.529872 sent 2024-12-11 16:46:51.514232
INFO:Message received on topic: type-2/32 with payload size: 91 at 2024-12-11 16:46:54.183101 sent 2024-12-11 16:46:54.119603
