INFO:Starting Version 1.0.5
DEBUG:Using selector: EpollSelector
INFO:Connecting to cluster at: mqtt-quic://emqx-headless.dtwins:14567 using QUIC
INFO:Subscribed to topic: type-2/25
INFO:Logging each: 50
INFO:Unhandled packet type received
INFO:Message received on topic: type-2/25 with payload size: 91 at 2024-12-11 16:38:03.819443 sent 2024-12-11 16:38:03.802407
INFO:Message received on topic: type-2/25 with payload size: 91 at 2024-12-11 16:38:06.424445 sent 2024-12-11 16:38:06.407150
INFO:Message received on topic: type-2/25 with payload size: 91 at 2024-12-11 16:38:09.083882 sent 2024-12-11 16:38:09.008616
INFO:Message received on topic: type-2/25 with payload size: 91 at 2024-12-11 16:38:11.630856 sent 2024-12-11 16:38:11.610242
INFO:Message received on topic: type-2/25 with payload size: 91 at 2024-12-11 16:38:14.231127 sent 2024-12-11 16:38:14.219647
INFO:Message received on topic: type-2/25 with payload size: 91 at 2024-12-11 16:38:16.834693 sent 2024-12-11 16:38:16.827559
INFO:Message received on topic: type-2/25 with payload size: 91 at 2024-12-11 16:38:19.440864 sent 2024-12-11 16:38:19.430580
INFO:Message received on topic: type-2/25 with payload size: 91 at 2024-12-11 16:38:22.084283 sent 2024-12-11 16:38:22.035202
INFO:Message received on topic: type-2/25 with payload size: 91 at 2024-12-11 16:38:24.681891 sent 2024-12-11 16:38:24.635287
INFO:Message received on topic: type-2/25 with payload size: 91 at 2024-12-11 16:38:27.318596 sent 2024-12-11 16:38:27.241177
INFO:Message received on topic: type-2/25 with payload size: 91 at 2024-12-11 16:38:29.856947 sent 2024-12-11 16:38:29.847212
INFO:Message received on topic: type-2/25 with payload size: 91 at 2024-12-11 16:38:32.522032 sent 2024-12-11 16:38:32.457227
INFO:Message received on topic: type-2/25 with payload size: 91 at 2024-12-11 16:38:35.123083 sent 2024-12-11 16:38:35.068524
INFO:Message received on topic: type-2/25 with payload size: 91 at 2024-12-11 16:38:37.717253 sent 2024-12-11 16:38:37.672897
INFO:Message received on topic: type-2/25 with payload size: 91 at 2024-12-11 16:38:40.331465 sent 2024-12-11 16:38:40.281990
INFO:Message received on topic: type-2/25 with payload size: 91 at 2024-12-11 16:38:42.928432 sent 2024-12-11 16:38:42.887574
INFO:Message received on topic: type-2/25 with payload size: 91 at 2024-12-11 16:38:45.524068 sent 2024-12-11 16:38:45.494717
INFO:Message received on topic: type-2/25 with payload size: 91 at 2024-12-11 16:38:48.142667 sent 2024-12-11 16:38:48.103169
INFO:Message received on topic: type-2/25 with payload size: 91 at 2024-12-11 16:38:50.729925 sent 2024-12-11 16:38:50.716937
INFO:Message received on topic: type-2/25 with payload size: 91 at 2024-12-11 16:38:53.386835 sent 2024-12-11 16:38:53.325807
INFO:Message received on topic: type-2/25 with payload size: 91 at 2024-12-11 16:38:55.945958 sent 2024-12-11 16:38:55.938449
INFO:Message received on topic: type-2/25 with payload size: 91 at 2024-12-11 16:38:58.553673 sent 2024-12-11 16:38:58.547836
INFO:Message received on topic: type-2/25 with payload size: 91 at 2024-12-11 16:39:01.182705 sent 2024-12-11 16:39:01.155597
INFO:Message received on topic: type-2/25 with payload size: 91 at 2024-12-11 16:39:03.827628 sent 2024-12-11 16:39:03.773793
INFO:Message received on topic: type-2/25 with payload size: 91 at 2024-12-11 16:39:06.421883 sent 2024-12-11 16:39:06.379484
INFO:Message received on topic: type-2/25 with payload size: 91 at 2024-12-11 16:39:09.034162 sent 2024-12-11 16:39:09.000291
INFO:Message received on topic: type-2/25 with payload size: 91 at 2024-12-11 16:39:11.644592 sent 2024-12-11 16:39:11.607977
INFO:Message received on topic: type-2/25 with payload size: 91 at 2024-12-11 16:39:14.415075 sent 2024-12-11 16:39:14.221404
INFO:Message received on topic: type-2/25 with payload size: 91 at 2024-12-11 16:39:16.845871 sent 2024-12-11 16:39:16.834294
INFO:Message received on topic: type-2/25 with payload size: 91 at 2024-12-11 16:39:19.518917 sent 2024-12-11 16:39:19.448987
INFO:Message received on topic: type-2/25 with payload size: 91 at 2024-12-11 16:39:22.120799 sent 2024-12-11 16:39:22.059670
INFO:Message received on topic: type-2/25 with payload size: 91 at 2024-12-11 16:39:24.733690 sent 2024-12-11 16:39:24.667685
INFO:Message received on topic: type-2/25 with payload size: 91 at 2024-12-11 16:39:27.330710 sent 2024-12-11 16:39:27.280275
INFO:Message received on topic: type-2/25 with payload size: 91 at 2024-12-11 16:39:29.928178 sent 2024-12-11 16:39:29.887258
INFO:Message received on topic: type-2/25 with payload size: 91 at 2024-12-11 16:39:32.530602 sent 2024-12-11 16:39:32.500899
INFO:Message received on topic: type-2/25 with payload size: 91 at 2024-12-11 16:39:35.131830 sent 2024-12-11 16:39:35.108911
INFO:Message received on topic: type-2/25 with payload size: 91 at 2024-12-11 16:39:37.753755 sent 2024-12-11 16:39:37.716160
INFO:Message received on topic: type-2/25 with payload size: 91 at 2024-12-11 16:39:40.348461 sent 2024-12-11 16:39:40.331398
INFO:Message received on topic: type-2/25 with payload size: 91 at 2024-12-11 16:39:43.014094 sent 2024-12-11 16:39:42.940901
INFO:Message received on topic: type-2/25 with payload size: 91 at 2024-12-11 16:39:45.622297 sent 2024-12-11 16:39:45.552607
INFO:Message received on topic: type-2/25 with payload size: 91 at 2024-12-11 16:39:48.234927 sent 2024-12-11 16:39:48.167622
INFO:Message received on topic: type-2/25 with payload size: 91 at 2024-12-11 16:39:50.824439 sent 2024-12-11 16:39:50.783022
INFO:Message received on topic: type-2/25 with payload size: 91 at 2024-12-11 16:39:53.436347 sent 2024-12-11 16:39:53.392681
INFO:Message received on topic: type-2/25 with payload size: 91 at 2024-12-11 16:39:56.038663 sent 2024-12-11 16:39:56.005500
INFO:Message received on topic: type-2/25 with payload size: 91 at 2024-12-11 16:39:58.656930 sent 2024-12-11 16:39:58.619703
INFO:Message received on topic: type-2/25 with payload size: 91 at 2024-12-11 16:40:01.243301 sent 2024-12-11 16:40:01.230796
INFO:Message received on topic: type-2/25 with payload size: 91 at 2024-12-11 16:40:03.918855 sent 2024-12-11 16:40:03.841519
INFO:Message received on topic: type-2/25 with payload size: 91 at 2024-12-11 16:40:06.529487 sent 2024-12-11 16:40:06.459245
INFO:Message received on topic: type-2/25 with payload size: 91 at 2024-12-11 16:40:09.123080 sent 2024-12-11 16:40:09.078210
INFO:Message received on topic: type-2/25 with payload size: 91 at 2024-12-11 16:40:11.749082 sent 2024-12-11 16:40:11.691488
INFO:Message received on topic: type-2/25 with payload size: 91 at 2024-12-11 16:40:14.338947 sent 2024-12-11 16:40:14.305180
INFO:Message received on topic: type-2/25 with payload size: 91 at 2024-12-11 16:40:16.943937 sent 2024-12-11 16:40:16.901175
INFO:Message received on topic: type-2/25 with payload size: 91 at 2024-12-11 16:40:19.539400 sent 2024-12-11 16:40:19.489468
INFO:Message received on topic: type-2/25 with payload size: 91 at 2024-12-11 16:40:22.123118 sent 2024-12-11 16:40:22.076985
INFO:Message received on topic: type-2/25 with payload size: 91 at 2024-12-11 16:40:24.716871 sent 2024-12-11 16:40:24.662411
INFO:Message received on topic: type-2/25 with payload size: 91 at 2024-12-11 16:40:27.325574 sent 2024-12-11 16:40:27.257133
INFO:Message received on topic: type-2/25 with payload size: 91 at 2024-12-11 16:40:29.922777 sent 2024-12-11 16:40:29.869637
INFO:Message received on topic: type-2/25 with payload size: 91 at 2024-12-11 16:40:32.517306 sent 2024-12-11 16:40:32.482458
INFO:Message received on topic: type-2/25 with payload size: 91 at 2024-12-11 16:40:35.183867 sent 2024-12-11 16:40:35.092359
INFO:Message received on topic: type-2/25 with payload size: 91 at 2024-12-11 16:40:37.781708 sent 2024-12-11 16:40:37.703602
INFO:Message received on topic: type-2/25 with payload size: 91 at 2024-12-11 16:40:40.339856 sent 2024-12-11 16:40:40.311716
INFO:Message received on topic: type-2/25 with payload size: 91 at 2024-12-11 16:40:43.035083 sent 2024-12-11 16:40:42.920151
INFO:Message received on topic: type-2/25 with payload size: 91 at 2024-12-11 16:40:45.618847 sent 2024-12-11 16:40:45.528020
INFO:Message received on topic: type-2/25 with payload size: 91 at 2024-12-11 16:40:48.212267 sent 2024-12-11 16:40:48.140980
INFO:Message received on topic: type-2/25 with payload size: 91 at 2024-12-11 16:40:50.821407 sent 2024-12-11 16:40:50.750026
INFO:Message received on topic: type-2/25 with payload size: 91 at 2024-12-11 16:40:53.425438 sent 2024-12-11 16:40:53.359929
INFO:Message received on topic: type-2/25 with payload size: 91 at 2024-12-11 16:40:56.114277 sent 2024-12-11 16:40:55.971555
INFO:Message received on topic: type-2/25 with payload size: 91 at 2024-12-11 16:40:58.621303 sent 2024-12-11 16:40:58.581428
INFO:Message received on topic: type-2/25 with payload size: 91 at 2024-12-11 16:41:01.238052 sent 2024-12-11 16:41:01.192145
INFO:Message received on topic: type-2/25 with payload size: 91 at 2024-12-11 16:41:03.841055 sent 2024-12-11 16:41:03.807662
INFO:Message received on topic: type-2/25 with payload size: 91 at 2024-12-11 16:41:06.443000 sent 2024-12-11 16:41:06.422378
INFO:Message received on topic: type-2/25 with payload size: 91 at 2024-12-11 16:41:09.134679 sent 2024-12-11 16:41:09.037838
INFO:Message received on topic: type-2/25 with payload size: 91 at 2024-12-11 16:41:11.734683 sent 2024-12-11 16:41:11.649805
INFO:Message received on topic: type-2/25 with payload size: 91 at 2024-12-11 16:41:14.324278 sent 2024-12-11 16:41:14.260454
INFO:Message received on topic: type-2/25 with payload size: 91 at 2024-12-11 16:41:16.952223 sent 2024-12-11 16:41:16.873165
INFO:Message received on topic: type-2/25 with payload size: 91 at 2024-12-11 16:41:19.583465 sent 2024-12-11 16:41:19.488014
INFO:Message received on topic: type-2/25 with payload size: 91 at 2024-12-11 16:41:22.217107 sent 2024-12-11 16:41:22.111897
INFO:Message received on topic: type-2/25 with payload size: 91 at 2024-12-11 16:41:24.786711 sent 2024-12-11 16:41:24.727982
INFO:Message received on topic: type-2/25 with payload size: 91 at 2024-12-11 16:41:27.384611 sent 2024-12-11 16:41:27.336911
INFO:Message received on topic: type-2/25 with payload size: 91 at 2024-12-11 16:41:30.021605 sent 2024-12-11 16:41:29.946364
INFO:Message received on topic: type-2/25 with payload size: 91 at 2024-12-11 16:41:32.614558 sent 2024-12-11 16:41:32.555833
INFO:Message received on topic: type-2/25 with payload size: 91 at 2024-12-11 16:41:35.187850 sent 2024-12-11 16:41:35.167814
INFO:Message received on topic: type-2/25 with payload size: 91 at 2024-12-11 16:41:37.820635 sent 2024-12-11 16:41:37.773241
INFO:Message received on topic: type-2/25 with payload size: 91 at 2024-12-11 16:41:40.487756 sent 2024-12-11 16:41:40.388861
INFO:Message received on topic: type-2/25 with payload size: 91 at 2024-12-11 16:41:43.033294 sent 2024-12-11 16:41:42.997478
INFO:Message received on topic: type-2/25 with payload size: 91 at 2024-12-11 16:41:45.630320 sent 2024-12-11 16:41:45.608134
INFO:Message received on topic: type-2/25 with payload size: 91 at 2024-12-11 16:41:48.283964 sent 2024-12-11 16:41:48.221286
INFO:Message received on topic: type-2/25 with payload size: 91 at 2024-12-11 16:41:50.935731 sent 2024-12-11 16:41:50.833174
INFO:Message received on topic: type-2/25 with payload size: 91 at 2024-12-11 16:41:53.517195 sent 2024-12-11 16:41:53.432596
INFO:Message received on topic: type-2/25 with payload size: 91 at 2024-12-11 16:41:56.117226 sent 2024-12-11 16:41:56.046692
INFO:Message received on topic: type-2/25 with payload size: 91 at 2024-12-11 16:41:58.729838 sent 2024-12-11 16:41:58.655078
INFO:Message received on topic: type-2/25 with payload size: 91 at 2024-12-11 16:42:01.326003 sent 2024-12-11 16:42:01.262753
INFO:Message received on topic: type-2/25 with payload size: 91 at 2024-12-11 16:42:03.922209 sent 2024-12-11 16:42:03.879904
INFO:Message received on topic: type-2/25 with payload size: 91 at 2024-12-11 16:42:06.536284 sent 2024-12-11 16:42:06.492601
INFO:Message received on topic: type-2/25 with payload size: 91 at 2024-12-11 16:42:09.217511 sent 2024-12-11 16:42:09.101282
INFO:Message received on topic: type-2/25 with payload size: 91 at 2024-12-11 16:42:11.738451 sent 2024-12-11 16:42:11.709691
INFO:Message received on topic: type-2/25 with payload size: 91 at 2024-12-11 16:42:14.393635 sent 2024-12-11 16:42:14.319900
INFO:Message received on topic: type-2/25 with payload size: 91 at 2024-12-11 16:42:17.011123 sent 2024-12-11 16:42:16.925542
INFO:Message received on topic: type-2/25 with payload size: 91 at 2024-12-11 16:42:19.629484 sent 2024-12-11 16:42:19.542743
INFO:Message received on topic: type-2/25 with payload size: 91 at 2024-12-11 16:42:22.315226 sent 2024-12-11 16:42:22.153443
INFO:Message received on topic: type-2/25 with payload size: 91 at 2024-12-11 16:42:24.827789 sent 2024-12-11 16:42:24.766626
INFO:Message received on topic: type-2/25 with payload size: 91 at 2024-12-11 16:42:27.420584 sent 2024-12-11 16:42:27.372649
INFO:Message received on topic: type-2/25 with payload size: 91 at 2024-12-11 16:42:30.123622 sent 2024-12-11 16:42:29.986694
INFO:Message received on topic: type-2/25 with payload size: 91 at 2024-12-11 16:42:32.620812 sent 2024-12-11 16:42:32.594460
INFO:Message received on topic: type-2/25 with payload size: 91 at 2024-12-11 16:42:35.240075 sent 2024-12-11 16:42:35.207452
INFO:Message received on topic: type-2/25 with payload size: 91 at 2024-12-11 16:42:37.844363 sent 2024-12-11 16:42:37.815075
INFO:Message received on topic: type-2/25 with payload size: 91 at 2024-12-11 16:42:40.520007 sent 2024-12-11 16:42:40.425445
INFO:Message received on topic: type-2/25 with payload size: 91 at 2024-12-11 16:42:43.114780 sent 2024-12-11 16:42:43.036978
INFO:Message received on topic: type-2/25 with payload size: 91 at 2024-12-11 16:42:45.734509 sent 2024-12-11 16:42:45.648793
INFO:Message received on topic: type-2/25 with payload size: 91 at 2024-12-11 16:42:48.327628 sent 2024-12-11 16:42:48.257288
INFO:Message received on topic: type-2/25 with payload size: 91 at 2024-12-11 16:42:50.931500 sent 2024-12-11 16:42:50.874753
INFO:Message received on topic: type-2/25 with payload size: 91 at 2024-12-11 16:42:53.529265 sent 2024-12-11 16:42:53.486984
INFO:Message received on topic: type-2/25 with payload size: 91 at 2024-12-11 16:42:56.187942 sent 2024-12-11 16:42:56.093563
INFO:Message received on topic: type-2/25 with payload size: 91 at 2024-12-11 16:42:58.817591 sent 2024-12-11 16:42:58.702574
INFO:Message received on topic: type-2/25 with payload size: 91 at 2024-12-11 16:43:01.393873 sent 2024-12-11 16:43:01.312480
INFO:Message received on topic: type-2/25 with payload size: 91 at 2024-12-11 16:43:04.028578 sent 2024-12-11 16:43:03.924439
INFO:Message received on topic: type-2/25 with payload size: 91 at 2024-12-11 16:43:06.623191 sent 2024-12-11 16:43:06.533115
INFO:Message received on topic: type-2/25 with payload size: 91 at 2024-12-11 16:43:09.382133 sent 2024-12-11 16:43:09.145086
INFO:Message received on topic: type-2/25 with payload size: 91 at 2024-12-11 16:43:11.885215 sent 2024-12-11 16:43:11.751530
INFO:Message received on topic: type-2/25 with payload size: 91 at 2024-12-11 16:43:14.429440 sent 2024-12-11 16:43:14.361971
INFO:Message received on topic: type-2/25 with payload size: 91 at 2024-12-11 16:43:17.022149 sent 2024-12-11 16:43:16.969541
INFO:Message received on topic: type-2/25 with payload size: 91 at 2024-12-11 16:43:19.691740 sent 2024-12-11 16:43:19.585400
INFO:Message received on topic: type-2/25 with payload size: 91 at 2024-12-11 16:43:22.315189 sent 2024-12-11 16:43:22.201863
INFO:Message received on topic: type-2/25 with payload size: 91 at 2024-12-11 16:43:24.921936 sent 2024-12-11 16:43:24.814072
INFO:Message received on topic: type-2/25 with payload size: 91 at 2024-12-11 16:43:27.586700 sent 2024-12-11 16:43:27.434727
INFO:Message received on topic: type-2/25 with payload size: 91 at 2024-12-11 16:43:30.131248 sent 2024-12-11 16:43:30.052017
INFO:Message received on topic: type-2/25 with payload size: 91 at 2024-12-11 16:43:32.814856 sent 2024-12-11 16:43:32.660695
INFO:Message received on topic: type-2/25 with payload size: 91 at 2024-12-11 16:43:35.390665 sent 2024-12-11 16:43:35.270174
INFO:Message received on topic: type-2/25 with payload size: 91 at 2024-12-11 16:43:37.987279 sent 2024-12-11 16:43:37.876985
INFO:Message received on topic: type-2/25 with payload size: 91 at 2024-12-11 16:43:40.617252 sent 2024-12-11 16:43:40.485471
INFO:Message received on topic: type-2/25 with payload size: 91 at 2024-12-11 16:43:43.216787 sent 2024-12-11 16:43:43.097124
INFO:Message received on topic: type-2/25 with payload size: 91 at 2024-12-11 16:43:45.813514 sent 2024-12-11 16:43:45.711057
INFO:Message received on topic: type-2/25 with payload size: 91 at 2024-12-11 16:43:48.397044 sent 2024-12-11 16:43:48.320672
INFO:Message received on topic: type-2/25 with payload size: 91 at 2024-12-11 16:43:51.027524 sent 2024-12-11 16:43:50.933283
INFO:Message received on topic: type-2/25 with payload size: 91 at 2024-12-11 16:43:53.686039 sent 2024-12-11 16:43:53.544968
INFO:Message received on topic: type-2/25 with payload size: 91 at 2024-12-11 16:43:56.286178 sent 2024-12-11 16:43:56.152157
INFO:Message received on topic: type-2/25 with payload size: 91 at 2024-12-11 16:43:58.890835 sent 2024-12-11 16:43:58.770071
INFO:Message received on topic: type-2/25 with payload size: 91 at 2024-12-11 16:44:01.415718 sent 2024-12-11 16:44:01.382716
INFO:Message received on topic: type-2/25 with payload size: 91 at 2024-12-11 16:44:04.115413 sent 2024-12-11 16:44:03.997822
INFO:Message received on topic: type-2/25 with payload size: 91 at 2024-12-11 16:44:06.684296 sent 2024-12-11 16:44:06.609532
INFO:Message received on topic: type-2/25 with payload size: 91 at 2024-12-11 16:44:09.321812 sent 2024-12-11 16:44:09.218383
INFO:Message received on topic: type-2/25 with payload size: 91 at 2024-12-11 16:44:11.891262 sent 2024-12-11 16:44:11.827199
INFO:Message received on topic: type-2/25 with payload size: 91 at 2024-12-11 16:44:14.523483 sent 2024-12-11 16:44:14.439907
INFO:Message received on topic: type-2/25 with payload size: 91 at 2024-12-11 16:44:17.132952 sent 2024-12-11 16:44:17.046692
INFO:Message received on topic: type-2/25 with payload size: 91 at 2024-12-11 16:44:19.815771 sent 2024-12-11 16:44:19.655540
INFO:Message received on topic: type-2/25 with payload size: 91 at 2024-12-11 16:44:22.322891 sent 2024-12-11 16:44:22.270120
INFO:Message received on topic: type-2/25 with payload size: 91 at 2024-12-11 16:44:25.034841 sent 2024-12-11 16:44:24.880294
INFO:Message received on topic: type-2/25 with payload size: 91 at 2024-12-11 16:44:27.525607 sent 2024-12-11 16:44:27.486947
INFO:Message received on topic: type-2/25 with payload size: 91 at 2024-12-11 16:44:30.180882 sent 2024-12-11 16:44:30.097738
INFO:Message received on topic: type-2/25 with payload size: 91 at 2024-12-11 16:44:32.784014 sent 2024-12-11 16:44:32.708287
INFO:Message received on topic: type-2/25 with payload size: 91 at 2024-12-11 16:44:35.415491 sent 2024-12-11 16:44:35.324493
INFO:Message received on topic: type-2/25 with payload size: 91 at 2024-12-11 16:44:38.026246 sent 2024-12-11 16:44:37.932142
INFO:Message received on topic: type-2/25 with payload size: 91 at 2024-12-11 16:44:40.639880 sent 2024-12-11 16:44:40.541502
INFO:Message received on topic: type-2/25 with payload size: 91 at 2024-12-11 16:44:43.220104 sent 2024-12-11 16:44:43.151206
INFO:Message received on topic: type-2/25 with payload size: 91 at 2024-12-11 16:44:45.894654 sent 2024-12-11 16:44:45.755606
INFO:Message received on topic: type-2/25 with payload size: 91 at 2024-12-11 16:44:48.431267 sent 2024-12-11 16:44:48.364804
INFO:Message received on topic: type-2/25 with payload size: 91 at 2024-12-11 16:44:51.135649 sent 2024-12-11 16:44:50.988956
INFO:Message received on topic: type-2/25 with payload size: 91 at 2024-12-11 16:44:53.644242 sent 2024-12-11 16:44:53.598223
INFO:Message received on topic: type-2/25 with payload size: 91 at 2024-12-11 16:44:56.224558 sent 2024-12-11 16:44:56.206866
INFO:Message received on topic: type-2/25 with payload size: 91 at 2024-12-11 16:44:58.890197 sent 2024-12-11 16:44:58.820748
INFO:Message received on topic: type-2/25 with payload size: 91 at 2024-12-11 16:45:01.528753 sent 2024-12-11 16:45:01.428162
INFO:Message received on topic: type-2/25 with payload size: 91 at 2024-12-11 16:45:04.122941 sent 2024-12-11 16:45:04.042072
INFO:Message received on topic: type-2/25 with payload size: 91 at 2024-12-11 16:45:06.727220 sent 2024-12-11 16:45:06.665828
INFO:Message received on topic: type-2/25 with payload size: 91 at 2024-12-11 16:45:09.330984 sent 2024-12-11 16:45:09.279535
INFO:Message received on topic: type-2/25 with payload size: 91 at 2024-12-11 16:45:11.991213 sent 2024-12-11 16:45:11.888764
INFO:Message received on topic: type-2/25 with payload size: 91 at 2024-12-11 16:45:14.581254 sent 2024-12-11 16:45:14.497257
INFO:Message received on topic: type-2/25 with payload size: 91 at 2024-12-11 16:45:17.195239 sent 2024-12-11 16:45:17.107625
INFO:Message received on topic: type-2/25 with payload size: 91 at 2024-12-11 16:45:19.819882 sent 2024-12-11 16:45:19.726042
INFO:Message received on topic: type-2/25 with payload size: 91 at 2024-12-11 16:45:22.431600 sent 2024-12-11 16:45:22.339003
INFO:Message received on topic: type-2/25 with payload size: 91 at 2024-12-11 16:45:25.015480 sent 2024-12-11 16:45:24.953219
INFO:Message received on topic: type-2/25 with payload size: 91 at 2024-12-11 16:45:27.596201 sent 2024-12-11 16:45:27.562083
INFO:Message received on topic: type-2/25 with payload size: 91 at 2024-12-11 16:45:30.281395 sent 2024-12-11 16:45:30.174674
INFO:Message received on topic: type-2/25 with payload size: 91 at 2024-12-11 16:45:32.888510 sent 2024-12-11 16:45:32.783822
INFO:Message received on topic: type-2/25 with payload size: 91 at 2024-12-11 16:45:35.427892 sent 2024-12-11 16:45:35.392978
INFO:Message received on topic: type-2/25 with payload size: 91 at 2024-12-11 16:45:38.092063 sent 2024-12-11 16:45:37.999091
INFO:Message received on topic: type-2/25 with payload size: 91 at 2024-12-11 16:45:40.627783 sent 2024-12-11 16:45:40.605527
INFO:Message received on topic: type-2/25 with payload size: 91 at 2024-12-11 16:45:43.303711 sent 2024-12-11 16:45:43.212082
INFO:Message received on topic: type-2/25 with payload size: 91 at 2024-12-11 16:45:45.827291 sent 2024-12-11 16:45:45.816111
INFO:Message received on topic: type-2/25 with payload size: 91 at 2024-12-11 16:45:48.499600 sent 2024-12-11 16:45:48.419988
INFO:Message received on topic: type-2/25 with payload size: 91 at 2024-12-11 16:45:51.113713 sent 2024-12-11 16:45:51.025110
INFO:Message received on topic: type-2/25 with payload size: 91 at 2024-12-11 16:45:53.798689 sent 2024-12-11 16:45:53.633857
INFO:Message received on topic: type-2/25 with payload size: 91 at 2024-12-11 16:45:56.314733 sent 2024-12-11 16:45:56.235941
INFO:Message received on topic: type-2/25 with payload size: 91 at 2024-12-11 16:45:58.893237 sent 2024-12-11 16:45:58.844038
INFO:Message received on topic: type-2/25 with payload size: 91 at 2024-12-11 16:46:01.492637 sent 2024-12-11 16:46:01.449123
INFO:Message received on topic: type-2/25 with payload size: 91 at 2024-12-11 16:46:04.117472 sent 2024-12-11 16:46:04.053743
INFO:Message received on topic: type-2/25 with payload size: 91 at 2024-12-11 16:46:06.702261 sent 2024-12-11 16:46:06.656507
INFO:Message received on topic: type-2/25 with payload size: 91 at 2024-12-11 16:46:09.318905 sent 2024-12-11 16:46:09.259589
INFO:Message received on topic: type-2/25 with payload size: 91 at 2024-12-11 16:46:11.901022 sent 2024-12-11 16:46:11.862361
INFO:Message received on topic: type-2/25 with payload size: 91 at 2024-12-11 16:46:14.499602 sent 2024-12-11 16:46:14.465218
INFO:Message received on topic: type-2/25 with payload size: 91 at 2024-12-11 16:46:17.121700 sent 2024-12-11 16:46:17.068162
INFO:Message received on topic: type-2/25 with payload size: 91 at 2024-12-11 16:46:19.723683 sent 2024-12-11 16:46:19.671639
INFO:Message received on topic: type-2/25 with payload size: 91 at 2024-12-11 16:46:22.315169 sent 2024-12-11 16:46:22.277624
INFO:Message received on topic: type-2/25 with payload size: 91 at 2024-12-11 16:46:24.919156 sent 2024-12-11 16:46:24.880898
INFO:Message received on topic: type-2/25 with payload size: 91 at 2024-12-11 16:46:27.495651 sent 2024-12-11 16:46:27.481819
INFO:Message received on topic: type-2/25 with payload size: 91 at 2024-12-11 16:46:30.096235 sent 2024-12-11 16:46:30.087178
INFO:Message received on topic: type-2/25 with payload size: 91 at 2024-12-11 16:46:32.714797 sent 2024-12-11 16:46:32.693184
