INFO:Starting Version 1.0.5
DEBUG:Using selector: EpollSelector
INFO:Connecting to cluster at: mqtt-quic://emqx-headless.dtwins:14567 using QUIC
INFO:Subscribed to topic: type-2/35
INFO:Logging each: 50
INFO:Unhandled packet type received
INFO:Message received on topic: type-2/35 with payload size: 91 at 2024-12-11 16:38:34.321147 sent 2024-12-11 16:38:34.276009
INFO:Message received on topic: type-2/35 with payload size: 91 at 2024-12-11 16:38:36.926259 sent 2024-12-11 16:38:36.883621
INFO:Message received on topic: type-2/35 with payload size: 91 at 2024-12-11 16:38:39.527124 sent 2024-12-11 16:38:39.487524
INFO:Message received on topic: type-2/35 with payload size: 91 at 2024-12-11 16:38:42.122053 sent 2024-12-11 16:38:42.091664
INFO:Message received on topic: type-2/35 with payload size: 91 at 2024-12-11 16:38:44.745856 sent 2024-12-11 16:38:44.696958
INFO:Message received on topic: type-2/35 with payload size: 91 at 2024-12-11 16:38:47.323963 sent 2024-12-11 16:38:47.306423
INFO:Message received on topic: type-2/35 with payload size: 91 at 2024-12-11 16:38:49.932593 sent 2024-12-11 16:38:49.920259
INFO:Message received on topic: type-2/35 with payload size: 91 at 2024-12-11 16:38:52.545843 sent 2024-12-11 16:38:52.535890
INFO:Message received on topic: type-2/35 with payload size: 91 at 2024-12-11 16:38:55.222982 sent 2024-12-11 16:38:55.151515
INFO:Message received on topic: type-2/35 with payload size: 91 at 2024-12-11 16:38:57.825037 sent 2024-12-11 16:38:57.760929
INFO:Message received on topic: type-2/35 with payload size: 91 at 2024-12-11 16:39:00.424993 sent 2024-12-11 16:39:00.375615
INFO:Message received on topic: type-2/35 with payload size: 91 at 2024-12-11 16:39:03.114487 sent 2024-12-11 16:39:03.001413
INFO:Message received on topic: type-2/35 with payload size: 91 at 2024-12-11 16:39:05.747022 sent 2024-12-11 16:39:05.614944
INFO:Message received on topic: type-2/35 with payload size: 91 at 2024-12-11 16:39:08.239451 sent 2024-12-11 16:39:08.228614
INFO:Message received on topic: type-2/35 with payload size: 91 at 2024-12-11 16:39:10.881990 sent 2024-12-11 16:39:10.841094
INFO:Message received on topic: type-2/35 with payload size: 91 at 2024-12-11 16:39:13.514575 sent 2024-12-11 16:39:13.452240
INFO:Message received on topic: type-2/35 with payload size: 91 at 2024-12-11 16:39:16.126034 sent 2024-12-11 16:39:16.064495
INFO:Message received on topic: type-2/35 with payload size: 91 at 2024-12-11 16:39:18.740045 sent 2024-12-11 16:39:18.683639
INFO:Message received on topic: type-2/35 with payload size: 91 at 2024-12-11 16:39:21.317000 sent 2024-12-11 16:39:21.298224
INFO:Message received on topic: type-2/35 with payload size: 91 at 2024-12-11 16:39:23.929771 sent 2024-12-11 16:39:23.914261
INFO:Message received on topic: type-2/35 with payload size: 91 at 2024-12-11 16:39:26.636144 sent 2024-12-11 16:39:26.532231
INFO:Message received on topic: type-2/35 with payload size: 91 at 2024-12-11 16:39:29.155681 sent 2024-12-11 16:39:29.140897
INFO:Message received on topic: type-2/35 with payload size: 91 at 2024-12-11 16:39:31.813297 sent 2024-12-11 16:39:31.753035
INFO:Message received on topic: type-2/35 with payload size: 91 at 2024-12-11 16:39:34.429491 sent 2024-12-11 16:39:34.365662
INFO:Message received on topic: type-2/35 with payload size: 91 at 2024-12-11 16:39:37.045164 sent 2024-12-11 16:39:36.979724
INFO:Message received on topic: type-2/35 with payload size: 91 at 2024-12-11 16:39:39.629080 sent 2024-12-11 16:39:39.595631
INFO:Message received on topic: type-2/35 with payload size: 91 at 2024-12-11 16:39:42.416164 sent 2024-12-11 16:39:42.204464
INFO:Message received on topic: type-2/35 with payload size: 91 at 2024-12-11 16:39:44.830947 sent 2024-12-11 16:39:44.819677
INFO:Message received on topic: type-2/35 with payload size: 91 at 2024-12-11 16:39:47.446693 sent 2024-12-11 16:39:47.430074
INFO:Message received on topic: type-2/35 with payload size: 91 at 2024-12-11 16:39:50.119411 sent 2024-12-11 16:39:50.041655
INFO:Message received on topic: type-2/35 with payload size: 91 at 2024-12-11 16:39:52.715759 sent 2024-12-11 16:39:52.651936
INFO:Message received on topic: type-2/35 with payload size: 91 at 2024-12-11 16:39:55.321664 sent 2024-12-11 16:39:55.262079
INFO:Message received on topic: type-2/35 with payload size: 91 at 2024-12-11 16:39:57.921671 sent 2024-12-11 16:39:57.876358
INFO:Message received on topic: type-2/35 with payload size: 91 at 2024-12-11 16:40:00.527208 sent 2024-12-11 16:40:00.489607
INFO:Message received on topic: type-2/35 with payload size: 91 at 2024-12-11 16:40:03.142587 sent 2024-12-11 16:40:03.114639
INFO:Message received on topic: type-2/35 with payload size: 91 at 2024-12-11 16:40:05.784633 sent 2024-12-11 16:40:05.739670
INFO:Message received on topic: type-2/35 with payload size: 91 at 2024-12-11 16:40:08.429750 sent 2024-12-11 16:40:08.357772
INFO:Message received on topic: type-2/35 with payload size: 91 at 2024-12-11 16:40:11.025127 sent 2024-12-11 16:40:10.976856
INFO:Message received on topic: type-2/35 with payload size: 91 at 2024-12-11 16:40:13.719773 sent 2024-12-11 16:40:13.593624
INFO:Message received on topic: type-2/35 with payload size: 91 at 2024-12-11 16:40:16.334166 sent 2024-12-11 16:40:16.197023
INFO:Message received on topic: type-2/35 with payload size: 91 at 2024-12-11 16:40:18.821511 sent 2024-12-11 16:40:18.783049
INFO:Message received on topic: type-2/35 with payload size: 91 at 2024-12-11 16:40:21.448469 sent 2024-12-11 16:40:21.365850
INFO:Message received on topic: type-2/35 with payload size: 91 at 2024-12-11 16:40:24.034667 sent 2024-12-11 16:40:23.958491
INFO:Message received on topic: type-2/35 with payload size: 91 at 2024-12-11 16:40:26.623480 sent 2024-12-11 16:40:26.548941
INFO:Message received on topic: type-2/35 with payload size: 91 at 2024-12-11 16:40:29.229043 sent 2024-12-11 16:40:29.159707
INFO:Message received on topic: type-2/35 with payload size: 91 at 2024-12-11 16:40:31.830569 sent 2024-12-11 16:40:31.769705
INFO:Message received on topic: type-2/35 with payload size: 91 at 2024-12-11 16:40:34.436815 sent 2024-12-11 16:40:34.380319
INFO:Message received on topic: type-2/35 with payload size: 91 at 2024-12-11 16:40:37.032578 sent 2024-12-11 16:40:36.993594
INFO:Message received on topic: type-2/35 with payload size: 91 at 2024-12-11 16:40:39.729700 sent 2024-12-11 16:40:39.605293
INFO:Message received on topic: type-2/35 with payload size: 91 at 2024-12-11 16:40:42.319273 sent 2024-12-11 16:40:42.220342
INFO:Message received on topic: type-2/35 with payload size: 91 at 2024-12-11 16:40:44.920091 sent 2024-12-11 16:40:44.833261
INFO:Message received on topic: type-2/35 with payload size: 91 at 2024-12-11 16:40:47.515493 sent 2024-12-11 16:40:47.444700
INFO:Message received on topic: type-2/35 with payload size: 91 at 2024-12-11 16:40:50.141889 sent 2024-12-11 16:40:50.050277
INFO:Message received on topic: type-2/35 with payload size: 91 at 2024-12-11 16:40:52.730667 sent 2024-12-11 16:40:52.659246
INFO:Message received on topic: type-2/35 with payload size: 91 at 2024-12-11 16:40:55.328622 sent 2024-12-11 16:40:55.268077
INFO:Message received on topic: type-2/35 with payload size: 91 at 2024-12-11 16:40:57.933024 sent 2024-12-11 16:40:57.880946
INFO:Message received on topic: type-2/35 with payload size: 91 at 2024-12-11 16:41:00.613785 sent 2024-12-11 16:41:00.502842
INFO:Message received on topic: type-2/35 with payload size: 91 at 2024-12-11 16:41:03.135456 sent 2024-12-11 16:41:03.119279
INFO:Message received on topic: type-2/35 with payload size: 91 at 2024-12-11 16:41:05.830653 sent 2024-12-11 16:41:05.740262
INFO:Message received on topic: type-2/35 with payload size: 91 at 2024-12-11 16:41:08.421781 sent 2024-12-11 16:41:08.351969
INFO:Message received on topic: type-2/35 with payload size: 91 at 2024-12-11 16:41:11.044633 sent 2024-12-11 16:41:10.964463
INFO:Message received on topic: type-2/35 with payload size: 91 at 2024-12-11 16:41:13.633168 sent 2024-12-11 16:41:13.573979
INFO:Message received on topic: type-2/35 with payload size: 91 at 2024-12-11 16:41:16.237007 sent 2024-12-11 16:41:16.182978
INFO:Message received on topic: type-2/35 with payload size: 91 at 2024-12-11 16:41:18.834913 sent 2024-12-11 16:41:18.791315
INFO:Message received on topic: type-2/35 with payload size: 91 at 2024-12-11 16:41:21.431473 sent 2024-12-11 16:41:21.407319
INFO:Message received on topic: type-2/35 with payload size: 91 at 2024-12-11 16:41:24.089498 sent 2024-12-11 16:41:24.022261
INFO:Message received on topic: type-2/35 with payload size: 91 at 2024-12-11 16:41:26.685167 sent 2024-12-11 16:41:26.629649
INFO:Message received on topic: type-2/35 with payload size: 91 at 2024-12-11 16:41:29.413872 sent 2024-12-11 16:41:29.239890
INFO:Message received on topic: type-2/35 with payload size: 91 at 2024-12-11 16:41:31.922781 sent 2024-12-11 16:41:31.851006
INFO:Message received on topic: type-2/35 with payload size: 91 at 2024-12-11 16:41:34.527268 sent 2024-12-11 16:41:34.467435
INFO:Message received on topic: type-2/35 with payload size: 91 at 2024-12-11 16:41:37.135654 sent 2024-12-11 16:41:37.076827
INFO:Message received on topic: type-2/35 with payload size: 91 at 2024-12-11 16:41:39.722701 sent 2024-12-11 16:41:39.694870
INFO:Message received on topic: type-2/35 with payload size: 91 at 2024-12-11 16:41:42.426709 sent 2024-12-11 16:41:42.304906
INFO:Message received on topic: type-2/35 with payload size: 91 at 2024-12-11 16:41:45.018964 sent 2024-12-11 16:41:44.924916
INFO:Message received on topic: type-2/35 with payload size: 91 at 2024-12-11 16:41:47.629662 sent 2024-12-11 16:41:47.534775
INFO:Message received on topic: type-2/35 with payload size: 91 at 2024-12-11 16:41:50.218214 sent 2024-12-11 16:41:50.151102
INFO:Message received on topic: type-2/35 with payload size: 91 at 2024-12-11 16:41:52.825881 sent 2024-12-11 16:41:52.760403
INFO:Message received on topic: type-2/35 with payload size: 91 at 2024-12-11 16:41:55.417552 sent 2024-12-11 16:41:55.363496
INFO:Message received on topic: type-2/35 with payload size: 91 at 2024-12-11 16:41:58.025593 sent 2024-12-11 16:41:57.970520
INFO:Message received on topic: type-2/35 with payload size: 91 at 2024-12-11 16:42:00.713613 sent 2024-12-11 16:42:00.581559
INFO:Message received on topic: type-2/35 with payload size: 91 at 2024-12-11 16:42:03.283498 sent 2024-12-11 16:42:03.191040
INFO:Message received on topic: type-2/35 with payload size: 91 at 2024-12-11 16:42:05.885715 sent 2024-12-11 16:42:05.802434
INFO:Message received on topic: type-2/35 with payload size: 91 at 2024-12-11 16:42:08.439703 sent 2024-12-11 16:42:08.409607
INFO:Message received on topic: type-2/35 with payload size: 91 at 2024-12-11 16:42:11.115759 sent 2024-12-11 16:42:11.023947
INFO:Message received on topic: type-2/35 with payload size: 91 at 2024-12-11 16:42:13.746946 sent 2024-12-11 16:42:13.641113
INFO:Message received on topic: type-2/35 with payload size: 91 at 2024-12-11 16:42:16.338909 sent 2024-12-11 16:42:16.253555
INFO:Message received on topic: type-2/35 with payload size: 91 at 2024-12-11 16:42:18.939739 sent 2024-12-11 16:42:18.867638
INFO:Message received on topic: type-2/35 with payload size: 91 at 2024-12-11 16:42:21.547753 sent 2024-12-11 16:42:21.483752
INFO:Message received on topic: type-2/35 with payload size: 91 at 2024-12-11 16:42:24.186886 sent 2024-12-11 16:42:24.095684
INFO:Message received on topic: type-2/35 with payload size: 91 at 2024-12-11 16:42:26.782014 sent 2024-12-11 16:42:26.705133
INFO:Message received on topic: type-2/35 with payload size: 91 at 2024-12-11 16:42:29.417718 sent 2024-12-11 16:42:29.320073
INFO:Message received on topic: type-2/35 with payload size: 91 at 2024-12-11 16:42:32.032638 sent 2024-12-11 16:42:31.935918
INFO:Message received on topic: type-2/35 with payload size: 91 at 2024-12-11 16:42:34.627672 sent 2024-12-11 16:42:34.543081
INFO:Message received on topic: type-2/35 with payload size: 91 at 2024-12-11 16:42:37.225909 sent 2024-12-11 16:42:37.152408
INFO:Message received on topic: type-2/35 with payload size: 91 at 2024-12-11 16:42:39.819506 sent 2024-12-11 16:42:39.759420
INFO:Message received on topic: type-2/35 with payload size: 91 at 2024-12-11 16:42:42.439887 sent 2024-12-11 16:42:42.377770
INFO:Message received on topic: type-2/35 with payload size: 91 at 2024-12-11 16:42:45.135258 sent 2024-12-11 16:42:44.989512
INFO:Message received on topic: type-2/35 with payload size: 91 at 2024-12-11 16:42:47.649691 sent 2024-12-11 16:42:47.599711
INFO:Message received on topic: type-2/35 with payload size: 91 at 2024-12-11 16:42:50.314989 sent 2024-12-11 16:42:50.212620
INFO:Message received on topic: type-2/35 with payload size: 91 at 2024-12-11 16:42:52.922029 sent 2024-12-11 16:42:52.824704
INFO:Message received on topic: type-2/35 with payload size: 91 at 2024-12-11 16:42:55.517207 sent 2024-12-11 16:42:55.432515
INFO:Message received on topic: type-2/35 with payload size: 91 at 2024-12-11 16:42:58.130543 sent 2024-12-11 16:42:58.046461
INFO:Message received on topic: type-2/35 with payload size: 91 at 2024-12-11 16:43:00.728080 sent 2024-12-11 16:43:00.657963
INFO:Message received on topic: type-2/35 with payload size: 91 at 2024-12-11 16:43:03.385691 sent 2024-12-11 16:43:03.270977
INFO:Message received on topic: type-2/35 with payload size: 91 at 2024-12-11 16:43:05.923169 sent 2024-12-11 16:43:05.880848
INFO:Message received on topic: type-2/35 with payload size: 91 at 2024-12-11 16:43:08.632709 sent 2024-12-11 16:43:08.491633
INFO:Message received on topic: type-2/35 with payload size: 91 at 2024-12-11 16:43:11.221678 sent 2024-12-11 16:43:11.109853
INFO:Message received on topic: type-2/35 with payload size: 91 at 2024-12-11 16:43:13.791987 sent 2024-12-11 16:43:13.719218
INFO:Message received on topic: type-2/35 with payload size: 91 at 2024-12-11 16:43:16.423060 sent 2024-12-11 16:43:16.328550
INFO:Message received on topic: type-2/35 with payload size: 91 at 2024-12-11 16:43:19.091979 sent 2024-12-11 16:43:18.938603
INFO:Message received on topic: type-2/35 with payload size: 91 at 2024-12-11 16:43:21.620983 sent 2024-12-11 16:43:21.552253
INFO:Message received on topic: type-2/35 with payload size: 91 at 2024-12-11 16:43:24.327039 sent 2024-12-11 16:43:24.159006
INFO:Message received on topic: type-2/35 with payload size: 91 at 2024-12-11 16:43:26.929755 sent 2024-12-11 16:43:26.769418
INFO:Message received on topic: type-2/35 with payload size: 91 at 2024-12-11 16:43:29.421086 sent 2024-12-11 16:43:29.382439
INFO:Message received on topic: type-2/35 with payload size: 91 at 2024-12-11 16:43:32.097752 sent 2024-12-11 16:43:31.993576
INFO:Message received on topic: type-2/35 with payload size: 91 at 2024-12-11 16:43:34.726487 sent 2024-12-11 16:43:34.604650
INFO:Message received on topic: type-2/35 with payload size: 91 at 2024-12-11 16:43:37.319835 sent 2024-12-11 16:43:37.217767
INFO:Message received on topic: type-2/35 with payload size: 91 at 2024-12-11 16:43:39.916248 sent 2024-12-11 16:43:39.837541
INFO:Message received on topic: type-2/35 with payload size: 91 at 2024-12-11 16:43:42.517621 sent 2024-12-11 16:43:42.450528
INFO:Message received on topic: type-2/35 with payload size: 91 at 2024-12-11 16:43:45.312853 sent 2024-12-11 16:43:45.058787
INFO:Message received on topic: type-2/35 with payload size: 91 at 2024-12-11 16:43:47.785557 sent 2024-12-11 16:43:47.668632
INFO:Message received on topic: type-2/35 with payload size: 91 at 2024-12-11 16:43:50.385882 sent 2024-12-11 16:43:50.279877
INFO:Message received on topic: type-2/35 with payload size: 91 at 2024-12-11 16:43:52.987726 sent 2024-12-11 16:43:52.886067
INFO:Message received on topic: type-2/35 with payload size: 91 at 2024-12-11 16:43:55.614867 sent 2024-12-11 16:43:55.495764
INFO:Message received on topic: type-2/35 with payload size: 91 at 2024-12-11 16:43:58.188020 sent 2024-12-11 16:43:58.105769
INFO:Message received on topic: type-2/35 with payload size: 91 at 2024-12-11 16:44:00.789841 sent 2024-12-11 16:44:00.716785
INFO:Message received on topic: type-2/35 with payload size: 91 at 2024-12-11 16:44:03.429216 sent 2024-12-11 16:44:03.327261
INFO:Message received on topic: type-2/35 with payload size: 91 at 2024-12-11 16:44:06.119951 sent 2024-12-11 16:44:05.936509
INFO:Message received on topic: type-2/35 with payload size: 91 at 2024-12-11 16:44:08.686148 sent 2024-12-11 16:44:08.545002
INFO:Message received on topic: type-2/35 with payload size: 91 at 2024-12-11 16:44:11.234574 sent 2024-12-11 16:44:11.159825
INFO:Message received on topic: type-2/35 with payload size: 91 at 2024-12-11 16:44:13.901799 sent 2024-12-11 16:44:13.773826
INFO:Message received on topic: type-2/35 with payload size: 91 at 2024-12-11 16:44:16.424671 sent 2024-12-11 16:44:16.380910
INFO:Message received on topic: type-2/35 with payload size: 91 at 2024-12-11 16:44:19.117236 sent 2024-12-11 16:44:18.996234
INFO:Message received on topic: type-2/35 with payload size: 91 at 2024-12-11 16:44:21.630003 sent 2024-12-11 16:44:21.607183
INFO:Message received on topic: type-2/35 with payload size: 91 at 2024-12-11 16:44:24.325097 sent 2024-12-11 16:44:24.219478
INFO:Message received on topic: type-2/35 with payload size: 91 at 2024-12-11 16:44:26.892429 sent 2024-12-11 16:44:26.824959
INFO:Message received on topic: type-2/35 with payload size: 91 at 2024-12-11 16:44:29.527447 sent 2024-12-11 16:44:29.441504
INFO:Message received on topic: type-2/35 with payload size: 91 at 2024-12-11 16:44:32.124358 sent 2024-12-11 16:44:32.052519
INFO:Message received on topic: type-2/35 with payload size: 91 at 2024-12-11 16:44:34.727434 sent 2024-12-11 16:44:34.661946
INFO:Message received on topic: type-2/35 with payload size: 91 at 2024-12-11 16:44:37.327205 sent 2024-12-11 16:44:37.278036
INFO:Message received on topic: type-2/35 with payload size: 91 at 2024-12-11 16:44:39.985963 sent 2024-12-11 16:44:39.890786
INFO:Message received on topic: type-2/35 with payload size: 91 at 2024-12-11 16:44:42.592671 sent 2024-12-11 16:44:42.504640
INFO:Message received on topic: type-2/35 with payload size: 91 at 2024-12-11 16:44:45.187006 sent 2024-12-11 16:44:45.112828
INFO:Message received on topic: type-2/35 with payload size: 91 at 2024-12-11 16:44:47.790423 sent 2024-12-11 16:44:47.722193
INFO:Message received on topic: type-2/35 with payload size: 91 at 2024-12-11 16:44:50.414558 sent 2024-12-11 16:44:50.337625
INFO:Message received on topic: type-2/35 with payload size: 91 at 2024-12-11 16:44:53.112762 sent 2024-12-11 16:44:52.945600
INFO:Message received on topic: type-2/35 with payload size: 91 at 2024-12-11 16:44:55.729063 sent 2024-12-11 16:44:55.552657
INFO:Message received on topic: type-2/35 with payload size: 91 at 2024-12-11 16:44:58.224112 sent 2024-12-11 16:44:58.171964
INFO:Message received on topic: type-2/35 with payload size: 91 at 2024-12-11 16:45:00.921177 sent 2024-12-11 16:45:00.784733
INFO:Message received on topic: type-2/35 with payload size: 91 at 2024-12-11 16:45:03.589975 sent 2024-12-11 16:45:03.392917
INFO:Message received on topic: type-2/35 with payload size: 91 at 2024-12-11 16:45:06.085605 sent 2024-12-11 16:45:06.000649
INFO:Message received on topic: type-2/35 with payload size: 91 at 2024-12-11 16:45:08.690965 sent 2024-12-11 16:45:08.612411
INFO:Message received on topic: type-2/35 with payload size: 91 at 2024-12-11 16:45:11.282616 sent 2024-12-11 16:45:11.218684
INFO:Message received on topic: type-2/35 with payload size: 91 at 2024-12-11 16:45:13.897646 sent 2024-12-11 16:45:13.834639
INFO:Message received on topic: type-2/35 with payload size: 91 at 2024-12-11 16:45:16.498807 sent 2024-12-11 16:45:16.443526
INFO:Message received on topic: type-2/35 with payload size: 91 at 2024-12-11 16:45:19.123917 sent 2024-12-11 16:45:19.068201
INFO:Message received on topic: type-2/35 with payload size: 91 at 2024-12-11 16:45:21.785007 sent 2024-12-11 16:45:21.678958
INFO:Message received on topic: type-2/35 with payload size: 91 at 2024-12-11 16:45:24.324740 sent 2024-12-11 16:45:24.293276
INFO:Message received on topic: type-2/35 with payload size: 91 at 2024-12-11 16:45:26.987773 sent 2024-12-11 16:45:26.901362
INFO:Message received on topic: type-2/35 with payload size: 91 at 2024-12-11 16:45:29.530442 sent 2024-12-11 16:45:29.511533
INFO:Message received on topic: type-2/35 with payload size: 91 at 2024-12-11 16:45:32.187189 sent 2024-12-11 16:45:32.123567
INFO:Message received on topic: type-2/35 with payload size: 91 at 2024-12-11 16:45:34.830089 sent 2024-12-11 16:45:34.740846
INFO:Message received on topic: type-2/35 with payload size: 91 at 2024-12-11 16:45:37.427259 sent 2024-12-11 16:45:37.350372
INFO:Message received on topic: type-2/35 with payload size: 91 at 2024-12-11 16:45:40.117592 sent 2024-12-11 16:45:39.954992
INFO:Message received on topic: type-2/35 with payload size: 91 at 2024-12-11 16:45:42.623164 sent 2024-12-11 16:45:42.559084
INFO:Message received on topic: type-2/35 with payload size: 91 at 2024-12-11 16:45:45.198297 sent 2024-12-11 16:45:45.164257
INFO:Message received on topic: type-2/35 with payload size: 91 at 2024-12-11 16:45:47.816475 sent 2024-12-11 16:45:47.766402
INFO:Message received on topic: type-2/35 with payload size: 91 at 2024-12-11 16:45:50.419809 sent 2024-12-11 16:45:50.371789
INFO:Message received on topic: type-2/35 with payload size: 91 at 2024-12-11 16:45:53.018929 sent 2024-12-11 16:45:52.980546
INFO:Message received on topic: type-2/35 with payload size: 91 at 2024-12-11 16:45:55.611711 sent 2024-12-11 16:45:55.584899
INFO:Message received on topic: type-2/35 with payload size: 91 at 2024-12-11 16:45:58.224141 sent 2024-12-11 16:45:58.195790
INFO:Message received on topic: type-2/35 with payload size: 91 at 2024-12-11 16:46:00.824230 sent 2024-12-11 16:46:00.804196
INFO:Message received on topic: type-2/35 with payload size: 91 at 2024-12-11 16:46:03.429981 sent 2024-12-11 16:46:03.410724
INFO:Message received on topic: type-2/35 with payload size: 91 at 2024-12-11 16:46:06.032510 sent 2024-12-11 16:46:06.017598
INFO:Message received on topic: type-2/35 with payload size: 91 at 2024-12-11 16:46:08.689251 sent 2024-12-11 16:46:08.620885
INFO:Message received on topic: type-2/35 with payload size: 91 at 2024-12-11 16:46:11.312251 sent 2024-12-11 16:46:11.225971
INFO:Message received on topic: type-2/35 with payload size: 91 at 2024-12-11 16:46:13.899454 sent 2024-12-11 16:46:13.834488
INFO:Message received on topic: type-2/35 with payload size: 91 at 2024-12-11 16:46:16.514110 sent 2024-12-11 16:46:16.437290
INFO:Message received on topic: type-2/35 with payload size: 91 at 2024-12-11 16:46:19.095934 sent 2024-12-11 16:46:19.043252
INFO:Message received on topic: type-2/35 with payload size: 91 at 2024-12-11 16:46:21.714093 sent 2024-12-11 16:46:21.651681
INFO:Message received on topic: type-2/35 with payload size: 91 at 2024-12-11 16:46:24.292141 sent 2024-12-11 16:46:24.256129
INFO:Message received on topic: type-2/35 with payload size: 91 at 2024-12-11 16:46:26.913695 sent 2024-12-11 16:46:26.857983
INFO:Message received on topic: type-2/35 with payload size: 91 at 2024-12-11 16:46:29.494774 sent 2024-12-11 16:46:29.460644
INFO:Message received on topic: type-2/35 with payload size: 91 at 2024-12-11 16:46:32.117970 sent 2024-12-11 16:46:32.066531
INFO:Message received on topic: type-2/35 with payload size: 91 at 2024-12-11 16:46:34.699189 sent 2024-12-11 16:46:34.669887
INFO:Message received on topic: type-2/35 with payload size: 91 at 2024-12-11 16:46:37.295530 sent 2024-12-11 16:46:37.271073
INFO:Message received on topic: type-2/35 with payload size: 91 at 2024-12-11 16:46:39.893931 sent 2024-12-11 16:46:39.873140
INFO:Message received on topic: type-2/35 with payload size: 91 at 2024-12-11 16:46:42.518409 sent 2024-12-11 16:46:42.479842
INFO:Message received on topic: type-2/35 with payload size: 91 at 2024-12-11 16:46:45.099895 sent 2024-12-11 16:46:45.081575
INFO:Message received on topic: type-2/35 with payload size: 91 at 2024-12-11 16:46:47.713932 sent 2024-12-11 16:46:47.681446
INFO:Message received on topic: type-2/35 with payload size: 91 at 2024-12-11 16:46:50.319961 sent 2024-12-11 16:46:50.284911
INFO:Message received on topic: type-2/35 with payload size: 91 at 2024-12-11 16:46:52.921712 sent 2024-12-11 16:46:52.887978
INFO:Message received on topic: type-2/35 with payload size: 91 at 2024-12-11 16:46:55.512113 sent 2024-12-11 16:46:55.490917
INFO:Message received on topic: type-2/35 with payload size: 91 at 2024-12-11 16:46:58.120941 sent 2024-12-11 16:46:58.093924
INFO:Message received on topic: type-2/35 with payload size: 91 at 2024-12-11 16:47:00.722674 sent 2024-12-11 16:47:00.697741
INFO:Message received on topic: type-2/35 with payload size: 91 at 2024-12-11 16:47:03.312499 sent 2024-12-11 16:47:03.287667
