INFO:Starting Version 1.0.5
DEBUG:Using selector: EpollSelector
INFO:Connecting to cluster at: mqtt-quic://emqx-headless.dtwins:14567 using QUIC
INFO:Subscribed to topic: type-2/37
INFO:Logging each: 50
INFO:Unhandled packet type received
INFO:Message received on topic: type-2/37 with payload size: 91 at 2024-12-11 16:38:40.826734 sent 2024-12-11 16:38:40.775952
INFO:Message received on topic: type-2/37 with payload size: 91 at 2024-12-11 16:38:43.441137 sent 2024-12-11 16:38:43.377443
INFO:Message received on topic: type-2/37 with payload size: 91 at 2024-12-11 16:38:46.030526 sent 2024-12-11 16:38:45.982915
INFO:Message received on topic: type-2/37 with payload size: 91 at 2024-12-11 16:38:48.633577 sent 2024-12-11 16:38:48.594059
INFO:Message received on topic: type-2/37 with payload size: 91 at 2024-12-11 16:38:51.235940 sent 2024-12-11 16:38:51.208902
INFO:Message received on topic: type-2/37 with payload size: 91 at 2024-12-11 16:38:53.833660 sent 2024-12-11 16:38:53.820989
INFO:Message received on topic: type-2/37 with payload size: 91 at 2024-12-11 16:38:56.448196 sent 2024-12-11 16:38:56.433679
INFO:Message received on topic: type-2/37 with payload size: 91 at 2024-12-11 16:38:59.084565 sent 2024-12-11 16:38:59.044892
INFO:Message received on topic: type-2/37 with payload size: 91 at 2024-12-11 16:39:01.722142 sent 2024-12-11 16:39:01.654981
INFO:Message received on topic: type-2/37 with payload size: 91 at 2024-12-11 16:39:04.329722 sent 2024-12-11 16:39:04.266111
INFO:Message received on topic: type-2/37 with payload size: 91 at 2024-12-11 16:39:06.928264 sent 2024-12-11 16:39:06.878377
INFO:Message received on topic: type-2/37 with payload size: 91 at 2024-12-11 16:39:09.524543 sent 2024-12-11 16:39:09.492185
INFO:Message received on topic: type-2/37 with payload size: 91 at 2024-12-11 16:39:12.135665 sent 2024-12-11 16:39:12.106302
INFO:Message received on topic: type-2/37 with payload size: 91 at 2024-12-11 16:39:14.751601 sent 2024-12-11 16:39:14.712550
INFO:Message received on topic: type-2/37 with payload size: 91 at 2024-12-11 16:39:17.337369 sent 2024-12-11 16:39:17.324137
INFO:Message received on topic: type-2/37 with payload size: 91 at 2024-12-11 16:39:19.950514 sent 2024-12-11 16:39:19.932498
INFO:Message received on topic: type-2/37 with payload size: 91 at 2024-12-11 16:39:22.553716 sent 2024-12-11 16:39:22.543670
INFO:Message received on topic: type-2/37 with payload size: 91 at 2024-12-11 16:39:25.217159 sent 2024-12-11 16:39:25.154047
INFO:Message received on topic: type-2/37 with payload size: 91 at 2024-12-11 16:39:27.829880 sent 2024-12-11 16:39:27.763589
INFO:Message received on topic: type-2/37 with payload size: 91 at 2024-12-11 16:39:30.428264 sent 2024-12-11 16:39:30.383627
INFO:Message received on topic: type-2/37 with payload size: 91 at 2024-12-11 16:39:33.047832 sent 2024-12-11 16:39:32.996785
INFO:Message received on topic: type-2/37 with payload size: 91 at 2024-12-11 16:39:35.635559 sent 2024-12-11 16:39:35.604266
INFO:Message received on topic: type-2/37 with payload size: 91 at 2024-12-11 16:39:38.246079 sent 2024-12-11 16:39:38.215800
INFO:Message received on topic: type-2/37 with payload size: 91 at 2024-12-11 16:39:40.890903 sent 2024-12-11 16:39:40.828289
INFO:Message received on topic: type-2/37 with payload size: 91 at 2024-12-11 16:39:43.547576 sent 2024-12-11 16:39:43.440572
INFO:Message received on topic: type-2/37 with payload size: 91 at 2024-12-11 16:39:46.087813 sent 2024-12-11 16:39:46.049128
INFO:Message received on topic: type-2/37 with payload size: 91 at 2024-12-11 16:39:48.733583 sent 2024-12-11 16:39:48.656990
INFO:Message received on topic: type-2/37 with payload size: 91 at 2024-12-11 16:39:51.330494 sent 2024-12-11 16:39:51.269218
INFO:Message received on topic: type-2/37 with payload size: 91 at 2024-12-11 16:39:53.918184 sent 2024-12-11 16:39:53.882757
INFO:Message received on topic: type-2/37 with payload size: 91 at 2024-12-11 16:39:56.525429 sent 2024-12-11 16:39:56.490262
INFO:Message received on topic: type-2/37 with payload size: 91 at 2024-12-11 16:39:59.144474 sent 2024-12-11 16:39:59.099812
INFO:Message received on topic: type-2/37 with payload size: 91 at 2024-12-11 16:40:01.728235 sent 2024-12-11 16:40:01.706534
INFO:Message received on topic: type-2/37 with payload size: 91 at 2024-12-11 16:40:04.351977 sent 2024-12-11 16:40:04.315027
INFO:Message received on topic: type-2/37 with payload size: 91 at 2024-12-11 16:40:06.942849 sent 2024-12-11 16:40:06.928026
INFO:Message received on topic: type-2/37 with payload size: 91 at 2024-12-11 16:40:09.615466 sent 2024-12-11 16:40:09.544347
INFO:Message received on topic: type-2/37 with payload size: 91 at 2024-12-11 16:40:12.232137 sent 2024-12-11 16:40:12.165350
INFO:Message received on topic: type-2/37 with payload size: 91 at 2024-12-11 16:40:14.828603 sent 2024-12-11 16:40:14.785844
INFO:Message received on topic: type-2/37 with payload size: 91 at 2024-12-11 16:40:17.424154 sent 2024-12-11 16:40:17.386098
INFO:Message received on topic: type-2/37 with payload size: 91 at 2024-12-11 16:40:20.038299 sent 2024-12-11 16:40:19.971178
INFO:Message received on topic: type-2/37 with payload size: 91 at 2024-12-11 16:40:22.625095 sent 2024-12-11 16:40:22.556804
INFO:Message received on topic: type-2/37 with payload size: 91 at 2024-12-11 16:40:25.246689 sent 2024-12-11 16:40:25.146393
INFO:Message received on topic: type-2/37 with payload size: 91 at 2024-12-11 16:40:27.819735 sent 2024-12-11 16:40:27.748756
INFO:Message received on topic: type-2/37 with payload size: 91 at 2024-12-11 16:40:30.426802 sent 2024-12-11 16:40:30.358034
INFO:Message received on topic: type-2/37 with payload size: 91 at 2024-12-11 16:40:33.034283 sent 2024-12-11 16:40:32.968166
INFO:Message received on topic: type-2/37 with payload size: 91 at 2024-12-11 16:40:35.618982 sent 2024-12-11 16:40:35.587463
INFO:Message received on topic: type-2/37 with payload size: 91 at 2024-12-11 16:40:38.322603 sent 2024-12-11 16:40:38.198621
INFO:Message received on topic: type-2/37 with payload size: 91 at 2024-12-11 16:40:40.833106 sent 2024-12-11 16:40:40.808885
INFO:Message received on topic: type-2/37 with payload size: 91 at 2024-12-11 16:40:43.455214 sent 2024-12-11 16:40:43.418655
INFO:Message received on topic: type-2/37 with payload size: 91 at 2024-12-11 16:40:46.124226 sent 2024-12-11 16:40:46.029218
INFO:Message received on topic: type-2/37 with payload size: 91 at 2024-12-11 16:40:48.657668 sent 2024-12-11 16:40:48.636280
INFO:Message received on topic: type-2/37 with payload size: 91 at 2024-12-11 16:40:51.333440 sent 2024-12-11 16:40:51.249287
INFO:Message received on topic: type-2/37 with payload size: 91 at 2024-12-11 16:40:53.925244 sent 2024-12-11 16:40:53.858971
INFO:Message received on topic: type-2/37 with payload size: 91 at 2024-12-11 16:40:56.530298 sent 2024-12-11 16:40:56.468100
INFO:Message received on topic: type-2/37 with payload size: 91 at 2024-12-11 16:40:59.131776 sent 2024-12-11 16:40:59.075737
INFO:Message received on topic: type-2/37 with payload size: 91 at 2024-12-11 16:41:01.813044 sent 2024-12-11 16:41:01.689514
INFO:Message received on topic: type-2/37 with payload size: 91 at 2024-12-11 16:41:04.341703 sent 2024-12-11 16:41:04.302622
INFO:Message received on topic: type-2/37 with payload size: 91 at 2024-12-11 16:41:06.935972 sent 2024-12-11 16:41:06.911690
INFO:Message received on topic: type-2/37 with payload size: 91 at 2024-12-11 16:41:09.615690 sent 2024-12-11 16:41:09.518972
INFO:Message received on topic: type-2/37 with payload size: 91 at 2024-12-11 16:41:12.212391 sent 2024-12-11 16:41:12.127776
INFO:Message received on topic: type-2/37 with payload size: 91 at 2024-12-11 16:41:14.825397 sent 2024-12-11 16:41:14.740732
INFO:Message received on topic: type-2/37 with payload size: 91 at 2024-12-11 16:41:17.418995 sent 2024-12-11 16:41:17.345762
INFO:Message received on topic: type-2/37 with payload size: 91 at 2024-12-11 16:41:20.020795 sent 2024-12-11 16:41:19.957388
INFO:Message received on topic: type-2/37 with payload size: 91 at 2024-12-11 16:41:22.642714 sent 2024-12-11 16:41:22.582615
INFO:Message received on topic: type-2/37 with payload size: 91 at 2024-12-11 16:41:25.320718 sent 2024-12-11 16:41:25.192136
INFO:Message received on topic: type-2/37 with payload size: 91 at 2024-12-11 16:41:27.888505 sent 2024-12-11 16:41:27.805870
INFO:Message received on topic: type-2/37 with payload size: 91 at 2024-12-11 16:41:30.513807 sent 2024-12-11 16:41:30.428551
INFO:Message received on topic: type-2/37 with payload size: 91 at 2024-12-11 16:41:33.126463 sent 2024-12-11 16:41:33.037634
INFO:Message received on topic: type-2/37 with payload size: 91 at 2024-12-11 16:41:35.727163 sent 2024-12-11 16:41:35.648967
INFO:Message received on topic: type-2/37 with payload size: 91 at 2024-12-11 16:41:38.387629 sent 2024-12-11 16:41:38.256612
INFO:Message received on topic: type-2/37 with payload size: 91 at 2024-12-11 16:41:40.986509 sent 2024-12-11 16:41:40.868663
INFO:Message received on topic: type-2/37 with payload size: 91 at 2024-12-11 16:41:43.528816 sent 2024-12-11 16:41:43.485503
INFO:Message received on topic: type-2/37 with payload size: 91 at 2024-12-11 16:41:46.215741 sent 2024-12-11 16:41:46.097168
INFO:Message received on topic: type-2/37 with payload size: 91 at 2024-12-11 16:41:48.818261 sent 2024-12-11 16:41:48.711603
INFO:Message received on topic: type-2/37 with payload size: 91 at 2024-12-11 16:41:51.336597 sent 2024-12-11 16:41:51.323531
INFO:Message received on topic: type-2/37 with payload size: 91 at 2024-12-11 16:41:53.982229 sent 2024-12-11 16:41:53.922473
INFO:Message received on topic: type-2/37 with payload size: 91 at 2024-12-11 16:41:56.618210 sent 2024-12-11 16:41:56.529921
INFO:Message received on topic: type-2/37 with payload size: 91 at 2024-12-11 16:41:59.185064 sent 2024-12-11 16:41:59.134494
INFO:Message received on topic: type-2/37 with payload size: 91 at 2024-12-11 16:42:01.816741 sent 2024-12-11 16:42:01.747126
INFO:Message received on topic: type-2/37 with payload size: 91 at 2024-12-11 16:42:04.428437 sent 2024-12-11 16:42:04.358480
INFO:Message received on topic: type-2/37 with payload size: 91 at 2024-12-11 16:42:07.036693 sent 2024-12-11 16:42:06.966378
INFO:Message received on topic: type-2/37 with payload size: 91 at 2024-12-11 16:42:09.644550 sent 2024-12-11 16:42:09.581123
INFO:Message received on topic: type-2/37 with payload size: 91 at 2024-12-11 16:42:12.244937 sent 2024-12-11 16:42:12.196820
INFO:Message received on topic: type-2/37 with payload size: 91 at 2024-12-11 16:42:14.834415 sent 2024-12-11 16:42:14.809402
INFO:Message received on topic: type-2/37 with payload size: 91 at 2024-12-11 16:42:17.525866 sent 2024-12-11 16:42:17.421033
INFO:Message received on topic: type-2/37 with payload size: 91 at 2024-12-11 16:42:20.117441 sent 2024-12-11 16:42:20.041308
INFO:Message received on topic: type-2/37 with payload size: 91 at 2024-12-11 16:42:22.736890 sent 2024-12-11 16:42:22.654767
INFO:Message received on topic: type-2/37 with payload size: 91 at 2024-12-11 16:42:25.334735 sent 2024-12-11 16:42:25.262490
INFO:Message received on topic: type-2/37 with payload size: 91 at 2024-12-11 16:42:27.933561 sent 2024-12-11 16:42:27.872760
INFO:Message received on topic: type-2/37 with payload size: 91 at 2024-12-11 16:42:30.584858 sent 2024-12-11 16:42:30.480223
INFO:Message received on topic: type-2/37 with payload size: 91 at 2024-12-11 16:42:33.142024 sent 2024-12-11 16:42:33.087665
INFO:Message received on topic: type-2/37 with payload size: 91 at 2024-12-11 16:42:35.736153 sent 2024-12-11 16:42:35.695248
INFO:Message received on topic: type-2/37 with payload size: 91 at 2024-12-11 16:42:38.339584 sent 2024-12-11 16:42:38.309091
INFO:Message received on topic: type-2/37 with payload size: 91 at 2024-12-11 16:42:41.014858 sent 2024-12-11 16:42:40.922283
INFO:Message received on topic: type-2/37 with payload size: 91 at 2024-12-11 16:42:43.636957 sent 2024-12-11 16:42:43.529850
INFO:Message received on topic: type-2/37 with payload size: 91 at 2024-12-11 16:42:46.213526 sent 2024-12-11 16:42:46.142362
INFO:Message received on topic: type-2/37 with payload size: 91 at 2024-12-11 16:42:48.822585 sent 2024-12-11 16:42:48.751077
INFO:Message received on topic: type-2/37 with payload size: 91 at 2024-12-11 16:42:51.433961 sent 2024-12-11 16:42:51.359609
INFO:Message received on topic: type-2/37 with payload size: 91 at 2024-12-11 16:42:54.127915 sent 2024-12-11 16:42:53.967961
INFO:Message received on topic: type-2/37 with payload size: 91 at 2024-12-11 16:42:56.640785 sent 2024-12-11 16:42:56.577834
INFO:Message received on topic: type-2/37 with payload size: 91 at 2024-12-11 16:42:59.318460 sent 2024-12-11 16:42:59.191736
INFO:Message received on topic: type-2/37 with payload size: 91 at 2024-12-11 16:43:02.221947 sent 2024-12-11 16:43:01.803601
INFO:Message received on topic: type-2/37 with payload size: 91 at 2024-12-11 16:43:04.483489 sent 2024-12-11 16:43:04.422705
INFO:Message received on topic: type-2/37 with payload size: 91 at 2024-12-11 16:43:07.115209 sent 2024-12-11 16:43:07.044368
INFO:Message received on topic: type-2/37 with payload size: 91 at 2024-12-11 16:43:09.792910 sent 2024-12-11 16:43:09.655699
INFO:Message received on topic: type-2/37 with payload size: 91 at 2024-12-11 16:43:12.380080 sent 2024-12-11 16:43:12.263283
INFO:Message received on topic: type-2/37 with payload size: 91 at 2024-12-11 16:43:14.918988 sent 2024-12-11 16:43:14.871912
INFO:Message received on topic: type-2/37 with payload size: 91 at 2024-12-11 16:43:17.528873 sent 2024-12-11 16:43:17.481224
INFO:Message received on topic: type-2/37 with payload size: 91 at 2024-12-11 16:43:20.202443 sent 2024-12-11 16:43:20.096339
INFO:Message received on topic: type-2/37 with payload size: 91 at 2024-12-11 16:43:22.813960 sent 2024-12-11 16:43:22.704122
INFO:Message received on topic: type-2/37 with payload size: 91 at 2024-12-11 16:43:25.492320 sent 2024-12-11 16:43:25.314698
INFO:Message received on topic: type-2/37 with payload size: 91 at 2024-12-11 16:43:28.015734 sent 2024-12-11 16:43:27.931902
INFO:Message received on topic: type-2/37 with payload size: 91 at 2024-12-11 16:43:30.593100 sent 2024-12-11 16:43:30.543651
INFO:Message received on topic: type-2/37 with payload size: 91 at 2024-12-11 16:43:33.283884 sent 2024-12-11 16:43:33.152049
INFO:Message received on topic: type-2/37 with payload size: 91 at 2024-12-11 16:43:35.795766 sent 2024-12-11 16:43:35.759947
INFO:Message received on topic: type-2/37 with payload size: 91 at 2024-12-11 16:43:38.414451 sent 2024-12-11 16:43:38.375644
INFO:Message received on topic: type-2/37 with payload size: 91 at 2024-12-11 16:43:41.085906 sent 2024-12-11 16:43:40.989013
INFO:Message received on topic: type-2/37 with payload size: 91 at 2024-12-11 16:43:43.689078 sent 2024-12-11 16:43:43.606901
INFO:Message received on topic: type-2/37 with payload size: 91 at 2024-12-11 16:43:46.284529 sent 2024-12-11 16:43:46.219586
INFO:Message received on topic: type-2/37 with payload size: 91 at 2024-12-11 16:43:48.931520 sent 2024-12-11 16:43:48.825705
INFO:Message received on topic: type-2/37 with payload size: 91 at 2024-12-11 16:43:51.586613 sent 2024-12-11 16:43:51.435953
INFO:Message received on topic: type-2/37 with payload size: 91 at 2024-12-11 16:43:54.118200 sent 2024-12-11 16:43:54.048738
INFO:Message received on topic: type-2/37 with payload size: 91 at 2024-12-11 16:43:56.787855 sent 2024-12-11 16:43:56.658523
INFO:Message received on topic: type-2/37 with payload size: 91 at 2024-12-11 16:43:59.391448 sent 2024-12-11 16:43:59.276235
INFO:Message received on topic: type-2/37 with payload size: 91 at 2024-12-11 16:44:01.990320 sent 2024-12-11 16:44:01.886068
INFO:Message received on topic: type-2/37 with payload size: 91 at 2024-12-11 16:44:04.527272 sent 2024-12-11 16:44:04.493420
INFO:Message received on topic: type-2/37 with payload size: 91 at 2024-12-11 16:44:07.285720 sent 2024-12-11 16:44:07.105532
INFO:Message received on topic: type-2/37 with payload size: 91 at 2024-12-11 16:44:09.786000 sent 2024-12-11 16:44:09.712266
INFO:Message received on topic: type-2/37 with payload size: 91 at 2024-12-11 16:44:12.414432 sent 2024-12-11 16:44:12.322293
INFO:Message received on topic: type-2/37 with payload size: 91 at 2024-12-11 16:44:15.035794 sent 2024-12-11 16:44:14.930830
INFO:Message received on topic: type-2/37 with payload size: 91 at 2024-12-11 16:44:17.698931 sent 2024-12-11 16:44:17.545642
INFO:Message received on topic: type-2/37 with payload size: 91 at 2024-12-11 16:44:20.284958 sent 2024-12-11 16:44:20.158236
INFO:Message received on topic: type-2/37 with payload size: 91 at 2024-12-11 16:44:22.889114 sent 2024-12-11 16:44:22.768115
INFO:Message received on topic: type-2/37 with payload size: 91 at 2024-12-11 16:44:25.430776 sent 2024-12-11 16:44:25.375843
INFO:Message received on topic: type-2/37 with payload size: 91 at 2024-12-11 16:44:28.027070 sent 2024-12-11 16:44:27.987129
INFO:Message received on topic: type-2/37 with payload size: 91 at 2024-12-11 16:44:30.630711 sent 2024-12-11 16:44:30.597144
INFO:Message received on topic: type-2/37 with payload size: 91 at 2024-12-11 16:44:33.313932 sent 2024-12-11 16:44:33.205202
INFO:Message received on topic: type-2/37 with payload size: 91 at 2024-12-11 16:44:35.888125 sent 2024-12-11 16:44:35.820513
INFO:Message received on topic: type-2/37 with payload size: 91 at 2024-12-11 16:44:38.518127 sent 2024-12-11 16:44:38.433080
INFO:Message received on topic: type-2/37 with payload size: 91 at 2024-12-11 16:44:41.136419 sent 2024-12-11 16:44:41.050289
INFO:Message received on topic: type-2/37 with payload size: 91 at 2024-12-11 16:44:43.734516 sent 2024-12-11 16:44:43.657676
INFO:Message received on topic: type-2/37 with payload size: 91 at 2024-12-11 16:44:46.391936 sent 2024-12-11 16:44:46.263040
INFO:Message received on topic: type-2/37 with payload size: 91 at 2024-12-11 16:44:48.936250 sent 2024-12-11 16:44:48.877801
INFO:Message received on topic: type-2/37 with payload size: 91 at 2024-12-11 16:44:51.584900 sent 2024-12-11 16:44:51.506191
INFO:Message received on topic: type-2/37 with payload size: 91 at 2024-12-11 16:44:54.193990 sent 2024-12-11 16:44:54.117545
INFO:Message received on topic: type-2/37 with payload size: 91 at 2024-12-11 16:44:56.792961 sent 2024-12-11 16:44:56.722222
INFO:Message received on topic: type-2/37 with payload size: 91 at 2024-12-11 16:44:59.424232 sent 2024-12-11 16:44:59.335033
INFO:Message received on topic: type-2/37 with payload size: 91 at 2024-12-11 16:45:02.023218 sent 2024-12-11 16:45:01.945625
INFO:Message received on topic: type-2/37 with payload size: 91 at 2024-12-11 16:45:04.689251 sent 2024-12-11 16:45:04.554438
INFO:Message received on topic: type-2/37 with payload size: 91 at 2024-12-11 16:45:07.281961 sent 2024-12-11 16:45:07.170655
INFO:Message received on topic: type-2/37 with payload size: 91 at 2024-12-11 16:45:09.830234 sent 2024-12-11 16:45:09.776761
INFO:Message received on topic: type-2/37 with payload size: 91 at 2024-12-11 16:45:12.492071 sent 2024-12-11 16:45:12.394130
INFO:Message received on topic: type-2/37 with payload size: 91 at 2024-12-11 16:45:15.091228 sent 2024-12-11 16:45:15.014452
INFO:Message received on topic: type-2/37 with payload size: 91 at 2024-12-11 16:45:17.714400 sent 2024-12-11 16:45:17.626944
INFO:Message received on topic: type-2/37 with payload size: 91 at 2024-12-11 16:45:20.319177 sent 2024-12-11 16:45:20.241668
INFO:Message received on topic: type-2/37 with payload size: 91 at 2024-12-11 16:45:22.912177 sent 2024-12-11 16:45:22.850991
INFO:Message received on topic: type-2/37 with payload size: 91 at 2024-12-11 16:45:25.518627 sent 2024-12-11 16:45:25.459564
INFO:Message received on topic: type-2/37 with payload size: 91 at 2024-12-11 16:45:28.126263 sent 2024-12-11 16:45:28.067259
INFO:Message received on topic: type-2/37 with payload size: 91 at 2024-12-11 16:45:30.782267 sent 2024-12-11 16:45:30.683272
INFO:Message received on topic: type-2/37 with payload size: 91 at 2024-12-11 16:45:33.327492 sent 2024-12-11 16:45:33.295785
INFO:Message received on topic: type-2/37 with payload size: 91 at 2024-12-11 16:45:35.992240 sent 2024-12-11 16:45:35.901806
INFO:Message received on topic: type-2/37 with payload size: 91 at 2024-12-11 16:45:38.533017 sent 2024-12-11 16:45:38.513932
INFO:Message received on topic: type-2/37 with payload size: 91 at 2024-12-11 16:45:41.193236 sent 2024-12-11 16:45:41.119498
INFO:Message received on topic: type-2/37 with payload size: 91 at 2024-12-11 16:45:43.814511 sent 2024-12-11 16:45:43.725063
INFO:Message received on topic: type-2/37 with payload size: 91 at 2024-12-11 16:45:46.419265 sent 2024-12-11 16:45:46.331209
INFO:Message received on topic: type-2/37 with payload size: 91 at 2024-12-11 16:45:49.016145 sent 2024-12-11 16:45:48.937007
INFO:Message received on topic: type-2/37 with payload size: 91 at 2024-12-11 16:45:51.598035 sent 2024-12-11 16:45:51.544315
INFO:Message received on topic: type-2/37 with payload size: 91 at 2024-12-11 16:45:54.397033 sent 2024-12-11 16:45:54.157074
INFO:Message received on topic: type-2/37 with payload size: 91 at 2024-12-11 16:45:56.804584 sent 2024-12-11 16:45:56.763080
INFO:Message received on topic: type-2/37 with payload size: 91 at 2024-12-11 16:45:59.397191 sent 2024-12-11 16:45:59.370201
INFO:Message received on topic: type-2/37 with payload size: 91 at 2024-12-11 16:46:02.001161 sent 2024-12-11 16:46:01.978010
INFO:Message received on topic: type-2/37 with payload size: 91 at 2024-12-11 16:46:04.624693 sent 2024-12-11 16:46:04.586284
INFO:Message received on topic: type-2/37 with payload size: 91 at 2024-12-11 16:46:07.221610 sent 2024-12-11 16:46:07.194035
INFO:Message received on topic: type-2/37 with payload size: 91 at 2024-12-11 16:46:09.824767 sent 2024-12-11 16:46:09.796701
INFO:Message received on topic: type-2/37 with payload size: 91 at 2024-12-11 16:46:12.431267 sent 2024-12-11 16:46:12.400819
INFO:Message received on topic: type-2/37 with payload size: 91 at 2024-12-11 16:46:15.086287 sent 2024-12-11 16:46:15.002153
INFO:Message received on topic: type-2/37 with payload size: 91 at 2024-12-11 16:46:17.684659 sent 2024-12-11 16:46:17.607893
INFO:Message received on topic: type-2/37 with payload size: 91 at 2024-12-11 16:46:20.299033 sent 2024-12-11 16:46:20.211634
INFO:Message received on topic: type-2/37 with payload size: 91 at 2024-12-11 16:46:22.882556 sent 2024-12-11 16:46:22.817473
INFO:Message received on topic: type-2/37 with payload size: 91 at 2024-12-11 16:46:25.487751 sent 2024-12-11 16:46:25.418443
INFO:Message received on topic: type-2/37 with payload size: 91 at 2024-12-11 16:46:28.086577 sent 2024-12-11 16:46:28.019434
INFO:Message received on topic: type-2/37 with payload size: 91 at 2024-12-11 16:46:30.685004 sent 2024-12-11 16:46:30.623234
INFO:Message received on topic: type-2/37 with payload size: 91 at 2024-12-11 16:46:33.287434 sent 2024-12-11 16:46:33.227618
INFO:Message received on topic: type-2/37 with payload size: 91 at 2024-12-11 16:46:35.897859 sent 2024-12-11 16:46:35.827298
INFO:Message received on topic: type-2/37 with payload size: 91 at 2024-12-11 16:46:38.486887 sent 2024-12-11 16:46:38.430169
INFO:Message received on topic: type-2/37 with payload size: 91 at 2024-12-11 16:46:41.089506 sent 2024-12-11 16:46:41.032104
INFO:Message received on topic: type-2/37 with payload size: 91 at 2024-12-11 16:46:43.690053 sent 2024-12-11 16:46:43.634873
INFO:Message received on topic: type-2/37 with payload size: 91 at 2024-12-11 16:46:46.295527 sent 2024-12-11 16:46:46.230448
INFO:Message received on topic: type-2/37 with payload size: 91 at 2024-12-11 16:46:48.892758 sent 2024-12-11 16:46:48.828743
INFO:Message received on topic: type-2/37 with payload size: 91 at 2024-12-11 16:46:51.513700 sent 2024-12-11 16:46:51.430165
INFO:Message received on topic: type-2/37 with payload size: 91 at 2024-12-11 16:46:54.119776 sent 2024-12-11 16:46:54.030801
INFO:Message received on topic: type-2/37 with payload size: 91 at 2024-12-11 16:46:56.686786 sent 2024-12-11 16:46:56.630062
INFO:Message received on topic: type-2/37 with payload size: 91 at 2024-12-11 16:46:59.294594 sent 2024-12-11 16:46:59.233278
INFO:Message received on topic: type-2/37 with payload size: 91 at 2024-12-11 16:47:01.885665 sent 2024-12-11 16:47:01.830077
INFO:Message received on topic: type-2/37 with payload size: 91 at 2024-12-11 16:47:04.425466 sent 2024-12-11 16:47:04.415126
INFO:Message received on topic: type-2/37 with payload size: 91 at 2024-12-11 16:47:07.021464 sent 2024-12-11 16:47:07.000813
INFO:Message received on topic: type-2/37 with payload size: 91 at 2024-12-11 16:47:09.599966 sent 2024-12-11 16:47:09.587811
