INFO:Starting Version 1.0.5
DEBUG:Using selector: EpollSelector
INFO:Connecting to cluster at: mqtt-quic://emqx-headless.dtwins:14567 using QUIC
INFO:Subscribed to topic: type-2/28
INFO:Logging each: 50
INFO:Unhandled packet type received
INFO:Message received on topic: type-2/28 with payload size: 91 at 2024-12-11 16:38:13.147953 sent 2024-12-11 16:38:13.138802
INFO:Message received on topic: type-2/28 with payload size: 91 at 2024-12-11 16:38:15.751861 sent 2024-12-11 16:38:15.742218
INFO:Message received on topic: type-2/28 with payload size: 91 at 2024-12-11 16:38:18.384269 sent 2024-12-11 16:38:18.349214
INFO:Message received on topic: type-2/28 with payload size: 91 at 2024-12-11 16:38:21.017951 sent 2024-12-11 16:38:20.952908
INFO:Message received on topic: type-2/28 with payload size: 91 at 2024-12-11 16:38:23.615717 sent 2024-12-11 16:38:23.556255
INFO:Message received on topic: type-2/28 with payload size: 91 at 2024-12-11 16:38:26.224768 sent 2024-12-11 16:38:26.166852
INFO:Message received on topic: type-2/28 with payload size: 91 at 2024-12-11 16:38:28.832150 sent 2024-12-11 16:38:28.774117
INFO:Message received on topic: type-2/28 with payload size: 91 at 2024-12-11 16:38:31.424084 sent 2024-12-11 16:38:31.389176
INFO:Message received on topic: type-2/28 with payload size: 91 at 2024-12-11 16:38:34.043943 sent 2024-12-11 16:38:33.995649
INFO:Message received on topic: type-2/28 with payload size: 91 at 2024-12-11 16:38:36.623845 sent 2024-12-11 16:38:36.598002
INFO:Message received on topic: type-2/28 with payload size: 91 at 2024-12-11 16:38:39.241180 sent 2024-12-11 16:38:39.206515
INFO:Message received on topic: type-2/28 with payload size: 91 at 2024-12-11 16:38:41.825513 sent 2024-12-11 16:38:41.815594
INFO:Message received on topic: type-2/28 with payload size: 91 at 2024-12-11 16:38:44.456608 sent 2024-12-11 16:38:44.428855
INFO:Message received on topic: type-2/28 with payload size: 91 at 2024-12-11 16:38:47.046137 sent 2024-12-11 16:38:47.031301
INFO:Message received on topic: type-2/28 with payload size: 91 at 2024-12-11 16:38:49.654611 sent 2024-12-11 16:38:49.644374
INFO:Message received on topic: type-2/28 with payload size: 91 at 2024-12-11 16:38:52.315570 sent 2024-12-11 16:38:52.251944
INFO:Message received on topic: type-2/28 with payload size: 91 at 2024-12-11 16:38:54.924108 sent 2024-12-11 16:38:54.863234
INFO:Message received on topic: type-2/28 with payload size: 91 at 2024-12-11 16:38:57.518754 sent 2024-12-11 16:38:57.481091
INFO:Message received on topic: type-2/28 with payload size: 91 at 2024-12-11 16:39:00.147083 sent 2024-12-11 16:39:00.093731
INFO:Message received on topic: type-2/28 with payload size: 91 at 2024-12-11 16:39:02.731491 sent 2024-12-11 16:39:02.701290
INFO:Message received on topic: type-2/28 with payload size: 91 at 2024-12-11 16:39:05.346281 sent 2024-12-11 16:39:05.318942
INFO:Message received on topic: type-2/28 with payload size: 91 at 2024-12-11 16:39:07.945312 sent 2024-12-11 16:39:07.933225
INFO:Message received on topic: type-2/28 with payload size: 91 at 2024-12-11 16:39:10.624918 sent 2024-12-11 16:39:10.545507
INFO:Message received on topic: type-2/28 with payload size: 91 at 2024-12-11 16:39:13.236582 sent 2024-12-11 16:39:13.158209
INFO:Message received on topic: type-2/28 with payload size: 91 at 2024-12-11 16:39:15.832733 sent 2024-12-11 16:39:15.772291
INFO:Message received on topic: type-2/28 with payload size: 91 at 2024-12-11 16:39:18.436493 sent 2024-12-11 16:39:18.379939
INFO:Message received on topic: type-2/28 with payload size: 91 at 2024-12-11 16:39:21.042890 sent 2024-12-11 16:39:20.993284
INFO:Message received on topic: type-2/28 with payload size: 91 at 2024-12-11 16:39:23.631214 sent 2024-12-11 16:39:23.608723
INFO:Message received on topic: type-2/28 with payload size: 91 at 2024-12-11 16:39:26.246131 sent 2024-12-11 16:39:26.217992
INFO:Message received on topic: type-2/28 with payload size: 91 at 2024-12-11 16:39:28.841986 sent 2024-12-11 16:39:28.831309
INFO:Message received on topic: type-2/28 with payload size: 91 at 2024-12-11 16:39:31.486482 sent 2024-12-11 16:39:31.439613
INFO:Message received on topic: type-2/28 with payload size: 91 at 2024-12-11 16:39:34.123057 sent 2024-12-11 16:39:34.054205
INFO:Message received on topic: type-2/28 with payload size: 91 at 2024-12-11 16:39:36.721090 sent 2024-12-11 16:39:36.663055
INFO:Message received on topic: type-2/28 with payload size: 91 at 2024-12-11 16:39:39.322707 sent 2024-12-11 16:39:39.278914
INFO:Message received on topic: type-2/28 with payload size: 91 at 2024-12-11 16:39:41.928414 sent 2024-12-11 16:39:41.890553
INFO:Message received on topic: type-2/28 with payload size: 91 at 2024-12-11 16:39:44.546316 sent 2024-12-11 16:39:44.499488
INFO:Message received on topic: type-2/28 with payload size: 91 at 2024-12-11 16:39:47.143777 sent 2024-12-11 16:39:47.107411
INFO:Message received on topic: type-2/28 with payload size: 91 at 2024-12-11 16:39:49.739824 sent 2024-12-11 16:39:49.723041
INFO:Message received on topic: type-2/28 with payload size: 91 at 2024-12-11 16:39:52.385249 sent 2024-12-11 16:39:52.338950
INFO:Message received on topic: type-2/28 with payload size: 91 at 2024-12-11 16:39:55.024271 sent 2024-12-11 16:39:54.946369
INFO:Message received on topic: type-2/28 with payload size: 91 at 2024-12-11 16:39:57.622017 sent 2024-12-11 16:39:57.550646
INFO:Message received on topic: type-2/28 with payload size: 91 at 2024-12-11 16:40:00.228063 sent 2024-12-11 16:40:00.166156
INFO:Message received on topic: type-2/28 with payload size: 91 at 2024-12-11 16:40:02.830829 sent 2024-12-11 16:40:02.776558
INFO:Message received on topic: type-2/28 with payload size: 91 at 2024-12-11 16:40:05.447085 sent 2024-12-11 16:40:05.386171
INFO:Message received on topic: type-2/28 with payload size: 91 at 2024-12-11 16:40:08.037205 sent 2024-12-11 16:40:08.003534
INFO:Message received on topic: type-2/28 with payload size: 91 at 2024-12-11 16:40:10.642529 sent 2024-12-11 16:40:10.621488
INFO:Message received on topic: type-2/28 with payload size: 91 at 2024-12-11 16:40:13.314511 sent 2024-12-11 16:40:13.233483
INFO:Message received on topic: type-2/28 with payload size: 91 at 2024-12-11 16:40:15.846807 sent 2024-12-11 16:40:15.839608
INFO:Message received on topic: type-2/28 with payload size: 91 at 2024-12-11 16:40:18.485085 sent 2024-12-11 16:40:18.429337
INFO:Message received on topic: type-2/28 with payload size: 91 at 2024-12-11 16:40:21.123074 sent 2024-12-11 16:40:21.014487
INFO:Message received on topic: type-2/28 with payload size: 91 at 2024-12-11 16:40:23.634904 sent 2024-12-11 16:40:23.605845
INFO:Message received on topic: type-2/28 with payload size: 91 at 2024-12-11 16:40:26.322827 sent 2024-12-11 16:40:26.190234
INFO:Message received on topic: type-2/28 with payload size: 91 at 2024-12-11 16:40:28.846150 sent 2024-12-11 16:40:28.802440
INFO:Message received on topic: type-2/28 with payload size: 91 at 2024-12-11 16:40:31.431742 sent 2024-12-11 16:40:31.417507
INFO:Message received on topic: type-2/28 with payload size: 91 at 2024-12-11 16:40:34.120666 sent 2024-12-11 16:40:34.033423
INFO:Message received on topic: type-2/28 with payload size: 91 at 2024-12-11 16:40:36.724052 sent 2024-12-11 16:40:36.641540
INFO:Message received on topic: type-2/28 with payload size: 91 at 2024-12-11 16:40:39.417563 sent 2024-12-11 16:40:39.252579
INFO:Message received on topic: type-2/28 with payload size: 91 at 2024-12-11 16:40:41.929130 sent 2024-12-11 16:40:41.864410
INFO:Message received on topic: type-2/28 with payload size: 91 at 2024-12-11 16:40:44.533048 sent 2024-12-11 16:40:44.476905
INFO:Message received on topic: type-2/28 with payload size: 91 at 2024-12-11 16:40:47.122091 sent 2024-12-11 16:40:47.086827
INFO:Message received on topic: type-2/28 with payload size: 91 at 2024-12-11 16:40:49.823165 sent 2024-12-11 16:40:49.693841
INFO:Message received on topic: type-2/28 with payload size: 91 at 2024-12-11 16:40:52.335092 sent 2024-12-11 16:40:52.304807
INFO:Message received on topic: type-2/28 with payload size: 91 at 2024-12-11 16:40:55.015781 sent 2024-12-11 16:40:54.920206
INFO:Message received on topic: type-2/28 with payload size: 91 at 2024-12-11 16:40:57.543402 sent 2024-12-11 16:40:57.530134
INFO:Message received on topic: type-2/28 with payload size: 91 at 2024-12-11 16:41:00.222011 sent 2024-12-11 16:41:00.143393
INFO:Message received on topic: type-2/28 with payload size: 91 at 2024-12-11 16:41:02.831607 sent 2024-12-11 16:41:02.756303
INFO:Message received on topic: type-2/28 with payload size: 91 at 2024-12-11 16:41:05.427201 sent 2024-12-11 16:41:05.365211
INFO:Message received on topic: type-2/28 with payload size: 91 at 2024-12-11 16:41:08.019506 sent 2024-12-11 16:41:07.979288
INFO:Message received on topic: type-2/28 with payload size: 91 at 2024-12-11 16:41:10.625867 sent 2024-12-11 16:41:10.593538
INFO:Message received on topic: type-2/28 with payload size: 91 at 2024-12-11 16:41:13.283800 sent 2024-12-11 16:41:13.208100
INFO:Message received on topic: type-2/28 with payload size: 91 at 2024-12-11 16:41:15.847492 sent 2024-12-11 16:41:15.819643
INFO:Message received on topic: type-2/28 with payload size: 91 at 2024-12-11 16:41:18.523257 sent 2024-12-11 16:41:18.423574
INFO:Message received on topic: type-2/28 with payload size: 91 at 2024-12-11 16:41:21.122092 sent 2024-12-11 16:41:21.043751
INFO:Message received on topic: type-2/28 with payload size: 91 at 2024-12-11 16:41:23.730672 sent 2024-12-11 16:41:23.658821
INFO:Message received on topic: type-2/28 with payload size: 91 at 2024-12-11 16:41:26.339461 sent 2024-12-11 16:41:26.268459
INFO:Message received on topic: type-2/28 with payload size: 91 at 2024-12-11 16:41:28.934404 sent 2024-12-11 16:41:28.878639
INFO:Message received on topic: type-2/28 with payload size: 91 at 2024-12-11 16:41:31.524105 sent 2024-12-11 16:41:31.492278
INFO:Message received on topic: type-2/28 with payload size: 91 at 2024-12-11 16:41:34.141191 sent 2024-12-11 16:41:34.103663
INFO:Message received on topic: type-2/28 with payload size: 91 at 2024-12-11 16:41:36.783214 sent 2024-12-11 16:41:36.708771
INFO:Message received on topic: type-2/28 with payload size: 91 at 2024-12-11 16:41:39.335268 sent 2024-12-11 16:41:39.316692
INFO:Message received on topic: type-2/28 with payload size: 91 at 2024-12-11 16:41:41.995787 sent 2024-12-11 16:41:41.926031
INFO:Message received on topic: type-2/28 with payload size: 91 at 2024-12-11 16:41:44.620644 sent 2024-12-11 16:41:44.532841
INFO:Message received on topic: type-2/28 with payload size: 91 at 2024-12-11 16:41:47.288448 sent 2024-12-11 16:41:47.145634
INFO:Message received on topic: type-2/28 with payload size: 91 at 2024-12-11 16:41:49.786534 sent 2024-12-11 16:41:49.759580
INFO:Message received on topic: type-2/28 with payload size: 91 at 2024-12-11 16:41:52.425633 sent 2024-12-11 16:41:52.365393
INFO:Message received on topic: type-2/28 with payload size: 91 at 2024-12-11 16:41:55.086912 sent 2024-12-11 16:41:54.972944
INFO:Message received on topic: type-2/28 with payload size: 91 at 2024-12-11 16:41:57.619643 sent 2024-12-11 16:41:57.584280
INFO:Message received on topic: type-2/28 with payload size: 91 at 2024-12-11 16:42:00.231786 sent 2024-12-11 16:42:00.195823
INFO:Message received on topic: type-2/28 with payload size: 91 at 2024-12-11 16:42:02.884566 sent 2024-12-11 16:42:02.809893
INFO:Message received on topic: type-2/28 with payload size: 91 at 2024-12-11 16:42:05.486913 sent 2024-12-11 16:42:05.420978
INFO:Message received on topic: type-2/28 with payload size: 91 at 2024-12-11 16:42:08.119000 sent 2024-12-11 16:42:08.036421
INFO:Message received on topic: type-2/28 with payload size: 91 at 2024-12-11 16:42:10.741803 sent 2024-12-11 16:42:10.652063
INFO:Message received on topic: type-2/28 with payload size: 91 at 2024-12-11 16:42:13.325589 sent 2024-12-11 16:42:13.263652
INFO:Message received on topic: type-2/28 with payload size: 91 at 2024-12-11 16:42:15.930309 sent 2024-12-11 16:42:15.870160
INFO:Message received on topic: type-2/28 with payload size: 91 at 2024-12-11 16:42:18.536439 sent 2024-12-11 16:42:18.476837
INFO:Message received on topic: type-2/28 with payload size: 91 at 2024-12-11 16:42:21.125533 sent 2024-12-11 16:42:21.088441
INFO:Message received on topic: type-2/28 with payload size: 91 at 2024-12-11 16:42:23.724843 sent 2024-12-11 16:42:23.700110
INFO:Message received on topic: type-2/28 with payload size: 91 at 2024-12-11 16:42:26.354446 sent 2024-12-11 16:42:26.309935
INFO:Message received on topic: type-2/28 with payload size: 91 at 2024-12-11 16:42:28.993830 sent 2024-12-11 16:42:28.929201
INFO:Message received on topic: type-2/28 with payload size: 91 at 2024-12-11 16:42:31.585681 sent 2024-12-11 16:42:31.537078
INFO:Message received on topic: type-2/28 with payload size: 91 at 2024-12-11 16:42:34.288902 sent 2024-12-11 16:42:34.152576
INFO:Message received on topic: type-2/28 with payload size: 91 at 2024-12-11 16:42:36.822580 sent 2024-12-11 16:42:36.765728
INFO:Message received on topic: type-2/28 with payload size: 91 at 2024-12-11 16:42:39.433888 sent 2024-12-11 16:42:39.381647
INFO:Message received on topic: type-2/28 with payload size: 91 at 2024-12-11 16:42:42.040531 sent 2024-12-11 16:42:41.991671
INFO:Message received on topic: type-2/28 with payload size: 91 at 2024-12-11 16:42:44.636507 sent 2024-12-11 16:42:44.603690
INFO:Message received on topic: type-2/28 with payload size: 91 at 2024-12-11 16:42:47.285841 sent 2024-12-11 16:42:47.212866
INFO:Message received on topic: type-2/28 with payload size: 91 at 2024-12-11 16:42:49.884498 sent 2024-12-11 16:42:49.819914
INFO:Message received on topic: type-2/28 with payload size: 91 at 2024-12-11 16:42:52.521258 sent 2024-12-11 16:42:52.429003
INFO:Message received on topic: type-2/28 with payload size: 91 at 2024-12-11 16:42:55.141742 sent 2024-12-11 16:42:55.037986
INFO:Message received on topic: type-2/28 with payload size: 91 at 2024-12-11 16:42:57.720980 sent 2024-12-11 16:42:57.646601
INFO:Message received on topic: type-2/28 with payload size: 91 at 2024-12-11 16:43:00.329174 sent 2024-12-11 16:43:00.261716
INFO:Message received on topic: type-2/28 with payload size: 91 at 2024-12-11 16:43:03.014516 sent 2024-12-11 16:43:02.876499
INFO:Message received on topic: type-2/28 with payload size: 91 at 2024-12-11 16:43:05.617871 sent 2024-12-11 16:43:05.495950
INFO:Message received on topic: type-2/28 with payload size: 91 at 2024-12-11 16:43:08.231876 sent 2024-12-11 16:43:08.105453
INFO:Message received on topic: type-2/28 with payload size: 91 at 2024-12-11 16:43:10.794679 sent 2024-12-11 16:43:10.716569
INFO:Message received on topic: type-2/28 with payload size: 91 at 2024-12-11 16:43:13.414728 sent 2024-12-11 16:43:13.325796
INFO:Message received on topic: type-2/28 with payload size: 91 at 2024-12-11 16:43:15.986297 sent 2024-12-11 16:43:15.933445
INFO:Message received on topic: type-2/28 with payload size: 91 at 2024-12-11 16:43:18.688880 sent 2024-12-11 16:43:18.542084
INFO:Message received on topic: type-2/28 with payload size: 91 at 2024-12-11 16:43:21.292339 sent 2024-12-11 16:43:21.150593
INFO:Message received on topic: type-2/28 with payload size: 91 at 2024-12-11 16:43:24.186807 sent 2024-12-11 16:43:23.760078
INFO:Message received on topic: type-2/28 with payload size: 91 at 2024-12-11 16:43:26.626310 sent 2024-12-11 16:43:26.369941
INFO:Message received on topic: type-2/28 with payload size: 91 at 2024-12-11 16:43:29.033702 sent 2024-12-11 16:43:28.978357
INFO:Message received on topic: type-2/28 with payload size: 91 at 2024-12-11 16:43:31.713979 sent 2024-12-11 16:43:31.591849
INFO:Message received on topic: type-2/28 with payload size: 91 at 2024-12-11 16:43:34.316758 sent 2024-12-11 16:43:34.204749
INFO:Message received on topic: type-2/28 with payload size: 91 at 2024-12-11 16:43:36.923229 sent 2024-12-11 16:43:36.818524
INFO:Message received on topic: type-2/28 with payload size: 91 at 2024-12-11 16:43:39.523563 sent 2024-12-11 16:43:39.434116
INFO:Message received on topic: type-2/28 with payload size: 91 at 2024-12-11 16:43:42.112430 sent 2024-12-11 16:43:42.048937
INFO:Message received on topic: type-2/28 with payload size: 91 at 2024-12-11 16:43:44.993175 sent 2024-12-11 16:43:44.657098
INFO:Message received on topic: type-2/28 with payload size: 91 at 2024-12-11 16:43:47.325204 sent 2024-12-11 16:43:47.269250
INFO:Message received on topic: type-2/28 with payload size: 91 at 2024-12-11 16:43:49.989454 sent 2024-12-11 16:43:49.878952
INFO:Message received on topic: type-2/28 with payload size: 91 at 2024-12-11 16:43:52.619809 sent 2024-12-11 16:43:52.491796
INFO:Message received on topic: type-2/28 with payload size: 91 at 2024-12-11 16:43:55.219829 sent 2024-12-11 16:43:55.099094
INFO:Message received on topic: type-2/28 with payload size: 91 at 2024-12-11 16:43:57.795157 sent 2024-12-11 16:43:57.703700
INFO:Message received on topic: type-2/28 with payload size: 91 at 2024-12-11 16:44:00.393215 sent 2024-12-11 16:44:00.319041
INFO:Message received on topic: type-2/28 with payload size: 91 at 2024-12-11 16:44:02.986427 sent 2024-12-11 16:44:02.929578
INFO:Message received on topic: type-2/28 with payload size: 91 at 2024-12-11 16:44:05.631498 sent 2024-12-11 16:44:05.537967
INFO:Message received on topic: type-2/28 with payload size: 91 at 2024-12-11 16:44:08.228887 sent 2024-12-11 16:44:08.150729
INFO:Message received on topic: type-2/28 with payload size: 91 at 2024-12-11 16:44:10.884661 sent 2024-12-11 16:44:10.761610
INFO:Message received on topic: type-2/28 with payload size: 91 at 2024-12-11 16:44:13.420466 sent 2024-12-11 16:44:13.367654
INFO:Message received on topic: type-2/28 with payload size: 91 at 2024-12-11 16:44:16.039240 sent 2024-12-11 16:44:15.978267
INFO:Message received on topic: type-2/28 with payload size: 91 at 2024-12-11 16:44:18.620875 sent 2024-12-11 16:44:18.585550
INFO:Message received on topic: type-2/28 with payload size: 91 at 2024-12-11 16:44:21.284598 sent 2024-12-11 16:44:21.194549
INFO:Message received on topic: type-2/28 with payload size: 91 at 2024-12-11 16:44:23.922657 sent 2024-12-11 16:44:23.803705
INFO:Message received on topic: type-2/28 with payload size: 91 at 2024-12-11 16:44:26.512590 sent 2024-12-11 16:44:26.408894
INFO:Message received on topic: type-2/28 with payload size: 91 at 2024-12-11 16:44:29.089375 sent 2024-12-11 16:44:29.023365
INFO:Message received on topic: type-2/28 with payload size: 91 at 2024-12-11 16:44:31.713762 sent 2024-12-11 16:44:31.632641
INFO:Message received on topic: type-2/28 with payload size: 91 at 2024-12-11 16:44:34.335655 sent 2024-12-11 16:44:34.242930
INFO:Message received on topic: type-2/28 with payload size: 91 at 2024-12-11 16:44:36.935643 sent 2024-12-11 16:44:36.848717
INFO:Message received on topic: type-2/28 with payload size: 91 at 2024-12-11 16:44:39.528241 sent 2024-12-11 16:44:39.460124
INFO:Message received on topic: type-2/28 with payload size: 91 at 2024-12-11 16:44:42.191682 sent 2024-12-11 16:44:42.068010
INFO:Message received on topic: type-2/28 with payload size: 91 at 2024-12-11 16:44:44.725804 sent 2024-12-11 16:44:44.678462
INFO:Message received on topic: type-2/28 with payload size: 91 at 2024-12-11 16:44:47.329535 sent 2024-12-11 16:44:47.291441
INFO:Message received on topic: type-2/28 with payload size: 91 at 2024-12-11 16:44:49.934960 sent 2024-12-11 16:44:49.905666
INFO:Message received on topic: type-2/28 with payload size: 91 at 2024-12-11 16:44:52.616599 sent 2024-12-11 16:44:52.524857
INFO:Message received on topic: type-2/28 with payload size: 91 at 2024-12-11 16:44:55.324476 sent 2024-12-11 16:44:55.134967
INFO:Message received on topic: type-2/28 with payload size: 91 at 2024-12-11 16:44:57.837864 sent 2024-12-11 16:44:57.745493
INFO:Message received on topic: type-2/28 with payload size: 91 at 2024-12-11 16:45:00.487906 sent 2024-12-11 16:45:00.354761
INFO:Message received on topic: type-2/28 with payload size: 91 at 2024-12-11 16:45:03.014392 sent 2024-12-11 16:45:02.963495
INFO:Message received on topic: type-2/28 with payload size: 91 at 2024-12-11 16:45:05.690891 sent 2024-12-11 16:45:05.578615
INFO:Message received on topic: type-2/28 with payload size: 91 at 2024-12-11 16:45:08.230082 sent 2024-12-11 16:45:08.189615
INFO:Message received on topic: type-2/28 with payload size: 91 at 2024-12-11 16:45:10.825506 sent 2024-12-11 16:45:10.804480
INFO:Message received on topic: type-2/28 with payload size: 91 at 2024-12-11 16:45:13.614213 sent 2024-12-11 16:45:13.420230
INFO:Message received on topic: type-2/28 with payload size: 91 at 2024-12-11 16:45:16.117143 sent 2024-12-11 16:45:16.034449
INFO:Message received on topic: type-2/28 with payload size: 91 at 2024-12-11 16:45:18.786441 sent 2024-12-11 16:45:18.648316
INFO:Message received on topic: type-2/28 with payload size: 91 at 2024-12-11 16:45:21.319640 sent 2024-12-11 16:45:21.259437
INFO:Message received on topic: type-2/28 with payload size: 91 at 2024-12-11 16:45:23.928484 sent 2024-12-11 16:45:23.874891
INFO:Message received on topic: type-2/28 with payload size: 91 at 2024-12-11 16:45:26.531981 sent 2024-12-11 16:45:26.488319
INFO:Message received on topic: type-2/28 with payload size: 91 at 2024-12-11 16:45:29.189759 sent 2024-12-11 16:45:29.098125
INFO:Message received on topic: type-2/28 with payload size: 91 at 2024-12-11 16:45:31.822654 sent 2024-12-11 16:45:31.707629
INFO:Message received on topic: type-2/28 with payload size: 91 at 2024-12-11 16:45:34.419259 sent 2024-12-11 16:45:34.324244
INFO:Message received on topic: type-2/28 with payload size: 91 at 2024-12-11 16:45:37.026555 sent 2024-12-11 16:45:36.928039
INFO:Message received on topic: type-2/28 with payload size: 91 at 2024-12-11 16:45:39.632084 sent 2024-12-11 16:45:39.538263
INFO:Message received on topic: type-2/28 with payload size: 91 at 2024-12-11 16:45:42.293029 sent 2024-12-11 16:45:42.146863
INFO:Message received on topic: type-2/28 with payload size: 91 at 2024-12-11 16:45:44.820801 sent 2024-12-11 16:45:44.749310
INFO:Message received on topic: type-2/28 with payload size: 91 at 2024-12-11 16:45:47.423795 sent 2024-12-11 16:45:47.356950
INFO:Message received on topic: type-2/28 with payload size: 91 at 2024-12-11 16:45:50.022426 sent 2024-12-11 16:45:49.960650
INFO:Message received on topic: type-2/28 with payload size: 91 at 2024-12-11 16:45:52.594282 sent 2024-12-11 16:45:52.568234
INFO:Message received on topic: type-2/28 with payload size: 91 at 2024-12-11 16:45:55.291938 sent 2024-12-11 16:45:55.177964
INFO:Message received on topic: type-2/28 with payload size: 91 at 2024-12-11 16:45:57.822688 sent 2024-12-11 16:45:57.788981
INFO:Message received on topic: type-2/28 with payload size: 91 at 2024-12-11 16:46:00.494677 sent 2024-12-11 16:46:00.396150
INFO:Message received on topic: type-2/28 with payload size: 91 at 2024-12-11 16:46:03.026410 sent 2024-12-11 16:46:03.003297
INFO:Message received on topic: type-2/28 with payload size: 91 at 2024-12-11 16:46:05.629215 sent 2024-12-11 16:46:05.611313
INFO:Message received on topic: type-2/28 with payload size: 91 at 2024-12-11 16:46:08.284072 sent 2024-12-11 16:46:08.217796
INFO:Message received on topic: type-2/28 with payload size: 91 at 2024-12-11 16:46:10.912614 sent 2024-12-11 16:46:10.821479
INFO:Message received on topic: type-2/28 with payload size: 91 at 2024-12-11 16:46:13.501274 sent 2024-12-11 16:46:13.429671
INFO:Message received on topic: type-2/28 with payload size: 91 at 2024-12-11 16:46:16.098773 sent 2024-12-11 16:46:16.034014
INFO:Message received on topic: type-2/28 with payload size: 91 at 2024-12-11 16:46:18.705773 sent 2024-12-11 16:46:18.639474
INFO:Message received on topic: type-2/28 with payload size: 91 at 2024-12-11 16:46:21.316957 sent 2024-12-11 16:46:21.242692
INFO:Message received on topic: type-2/28 with payload size: 91 at 2024-12-11 16:46:23.921272 sent 2024-12-11 16:46:23.851130
INFO:Message received on topic: type-2/28 with payload size: 91 at 2024-12-11 16:46:26.493728 sent 2024-12-11 16:46:26.454073
INFO:Message received on topic: type-2/28 with payload size: 91 at 2024-12-11 16:46:29.097051 sent 2024-12-11 16:46:29.058510
INFO:Message received on topic: type-2/28 with payload size: 91 at 2024-12-11 16:46:31.694107 sent 2024-12-11 16:46:31.664083
INFO:Message received on topic: type-2/28 with payload size: 91 at 2024-12-11 16:46:34.290256 sent 2024-12-11 16:46:34.268762
INFO:Message received on topic: type-2/28 with payload size: 91 at 2024-12-11 16:46:36.916046 sent 2024-12-11 16:46:36.872646
INFO:Message received on topic: type-2/28 with payload size: 91 at 2024-12-11 16:46:39.516997 sent 2024-12-11 16:46:39.475989
INFO:Message received on topic: type-2/28 with payload size: 91 at 2024-12-11 16:46:42.114049 sent 2024-12-11 16:46:42.076970
