INFO:Starting Version 1.0.5
DEBUG:Using selector: EpollSelector
INFO:Connecting to cluster at: mqtt-quic://emqx-headless.dtwins:14567 using QUIC
INFO:Subscribed to topic: type-2/2
INFO:Logging each: 50
INFO:Unhandled packet type received
INFO:Message received on topic: type-2/2 with payload size: 91 at 2024-12-11 06:21:04.508968 sent 2024-12-11 06:21:04.505386
INFO:Message received on topic: type-2/2 with payload size: 91 at 2024-12-11 06:21:07.100836 sent 2024-12-11 06:21:07.099749
INFO:Message received on topic: type-2/2 with payload size: 91 at 2024-12-11 06:21:09.685288 sent 2024-12-11 06:21:09.684308
INFO:Message received on topic: type-2/2 with payload size: 91 at 2024-12-11 06:21:12.266278 sent 2024-12-11 06:21:12.265368
INFO:Message received on topic: type-2/2 with payload size: 91 at 2024-12-11 06:21:14.854487 sent 2024-12-11 06:21:14.853477
INFO:Message received on topic: type-2/2 with payload size: 91 at 2024-12-11 06:21:17.447684 sent 2024-12-11 06:21:17.446233
INFO:Message received on topic: type-2/2 with payload size: 91 at 2024-12-11 06:21:20.048046 sent 2024-12-11 06:21:20.046617
INFO:Message received on topic: type-2/2 with payload size: 91 at 2024-12-11 06:21:22.646426 sent 2024-12-11 06:21:22.644914
INFO:Message received on topic: type-2/2 with payload size: 91 at 2024-12-11 06:21:25.243771 sent 2024-12-11 06:21:25.242551
INFO:Message received on topic: type-2/2 with payload size: 91 at 2024-12-11 06:21:27.845447 sent 2024-12-11 06:21:27.843906
INFO:Message received on topic: type-2/2 with payload size: 91 at 2024-12-11 06:21:30.445869 sent 2024-12-11 06:21:30.444579
INFO:Message received on topic: type-2/2 with payload size: 91 at 2024-12-11 06:21:33.046766 sent 2024-12-11 06:21:33.045127
INFO:Message received on topic: type-2/2 with payload size: 91 at 2024-12-11 06:21:35.643120 sent 2024-12-11 06:21:35.641791
INFO:Message received on topic: type-2/2 with payload size: 91 at 2024-12-11 06:21:38.246839 sent 2024-12-11 06:21:38.244511
INFO:Message received on topic: type-2/2 with payload size: 91 at 2024-12-11 06:21:40.849226 sent 2024-12-11 06:21:40.847644
INFO:Message received on topic: type-2/2 with payload size: 91 at 2024-12-11 06:21:43.452170 sent 2024-12-11 06:21:43.450760
INFO:Message received on topic: type-2/2 with payload size: 91 at 2024-12-11 06:21:46.057658 sent 2024-12-11 06:21:46.055641
INFO:Message received on topic: type-2/2 with payload size: 91 at 2024-12-11 06:21:48.664138 sent 2024-12-11 06:21:48.662650
INFO:Message received on topic: type-2/2 with payload size: 91 at 2024-12-11 06:21:51.269123 sent 2024-12-11 06:21:51.267157
INFO:Message received on topic: type-2/2 with payload size: 91 at 2024-12-11 06:21:53.874007 sent 2024-12-11 06:21:53.872614
INFO:Message received on topic: type-2/2 with payload size: 91 at 2024-12-11 06:21:56.477250 sent 2024-12-11 06:21:56.475735
INFO:Message received on topic: type-2/2 with payload size: 91 at 2024-12-11 06:21:59.082689 sent 2024-12-11 06:21:59.081313
INFO:Message received on topic: type-2/2 with payload size: 91 at 2024-12-11 06:22:01.689095 sent 2024-12-11 06:22:01.687615
INFO:Message received on topic: type-2/2 with payload size: 91 at 2024-12-11 06:22:04.293445 sent 2024-12-11 06:22:04.291853
INFO:Message received on topic: type-2/2 with payload size: 91 at 2024-12-11 06:22:06.898676 sent 2024-12-11 06:22:06.895725
INFO:Message received on topic: type-2/2 with payload size: 91 at 2024-12-11 06:22:09.501571 sent 2024-12-11 06:22:09.500169
INFO:Message received on topic: type-2/2 with payload size: 91 at 2024-12-11 06:22:12.105553 sent 2024-12-11 06:22:12.103904
INFO:Message received on topic: type-2/2 with payload size: 91 at 2024-12-11 06:22:14.707967 sent 2024-12-11 06:22:14.706609
INFO:Message received on topic: type-2/2 with payload size: 91 at 2024-12-11 06:22:17.310391 sent 2024-12-11 06:22:17.308954
INFO:Message received on topic: type-2/2 with payload size: 91 at 2024-12-11 06:22:19.913156 sent 2024-12-11 06:22:19.911635
INFO:Message received on topic: type-2/2 with payload size: 91 at 2024-12-11 06:22:22.516181 sent 2024-12-11 06:22:22.514918
INFO:Message received on topic: type-2/2 with payload size: 91 at 2024-12-11 06:22:25.118914 sent 2024-12-11 06:22:25.117474
INFO:Message received on topic: type-2/2 with payload size: 91 at 2024-12-11 06:22:27.721170 sent 2024-12-11 06:22:27.719596
INFO:Message received on topic: type-2/2 with payload size: 91 at 2024-12-11 06:22:30.327375 sent 2024-12-11 06:22:30.325772
INFO:Message received on topic: type-2/2 with payload size: 91 at 2024-12-11 06:22:32.932960 sent 2024-12-11 06:22:32.931447
INFO:Message received on topic: type-2/2 with payload size: 91 at 2024-12-11 06:22:35.538724 sent 2024-12-11 06:22:35.537047
INFO:Message received on topic: type-2/2 with payload size: 91 at 2024-12-11 06:22:38.143086 sent 2024-12-11 06:22:38.141697
INFO:Message received on topic: type-2/2 with payload size: 91 at 2024-12-11 06:22:40.748776 sent 2024-12-11 06:22:40.747065
INFO:Message received on topic: type-2/2 with payload size: 91 at 2024-12-11 06:22:43.349829 sent 2024-12-11 06:22:43.348118
INFO:Message received on topic: type-2/2 with payload size: 91 at 2024-12-11 06:22:45.954048 sent 2024-12-11 06:22:45.952583
INFO:Message received on topic: type-2/2 with payload size: 91 at 2024-12-11 06:22:48.557056 sent 2024-12-11 06:22:48.555634
INFO:Message received on topic: type-2/2 with payload size: 91 at 2024-12-11 06:22:51.160934 sent 2024-12-11 06:22:51.159086
INFO:Message received on topic: type-2/2 with payload size: 91 at 2024-12-11 06:22:53.764583 sent 2024-12-11 06:22:53.763006
INFO:Message received on topic: type-2/2 with payload size: 91 at 2024-12-11 06:22:56.370026 sent 2024-12-11 06:22:56.368498
INFO:Message received on topic: type-2/2 with payload size: 91 at 2024-12-11 06:22:58.976431 sent 2024-12-11 06:22:58.974546
INFO:Message received on topic: type-2/2 with payload size: 91 at 2024-12-11 06:23:01.580529 sent 2024-12-11 06:23:01.578849
INFO:Message received on topic: type-2/2 with payload size: 91 at 2024-12-11 06:23:04.184768 sent 2024-12-11 06:23:04.183140
INFO:Message received on topic: type-2/2 with payload size: 91 at 2024-12-11 06:23:06.788314 sent 2024-12-11 06:23:06.787043
INFO:Message received on topic: type-2/2 with payload size: 91 at 2024-12-11 06:23:09.391734 sent 2024-12-11 06:23:09.390182
INFO:Message received on topic: type-2/2 with payload size: 91 at 2024-12-11 06:23:11.992107 sent 2024-12-11 06:23:11.990713
INFO:Message received on topic: type-2/2 with payload size: 91 at 2024-12-11 06:23:14.594546 sent 2024-12-11 06:23:14.593005
INFO:Message received on topic: type-2/2 with payload size: 91 at 2024-12-11 06:23:17.193683 sent 2024-12-11 06:23:17.192038
INFO:Message received on topic: type-2/2 with payload size: 91 at 2024-12-11 06:23:19.800592 sent 2024-12-11 06:23:19.798943
INFO:Message received on topic: type-2/2 with payload size: 91 at 2024-12-11 06:23:22.408288 sent 2024-12-11 06:23:22.406894
INFO:Message received on topic: type-2/2 with payload size: 91 at 2024-12-11 06:23:25.014603 sent 2024-12-11 06:23:25.012249
INFO:Message received on topic: type-2/2 with payload size: 91 at 2024-12-11 06:23:27.616952 sent 2024-12-11 06:23:27.615421
INFO:Message received on topic: type-2/2 with payload size: 91 at 2024-12-11 06:23:30.216075 sent 2024-12-11 06:23:30.214875
INFO:Message received on topic: type-2/2 with payload size: 91 at 2024-12-11 06:23:32.813916 sent 2024-12-11 06:23:32.812497
INFO:Message received on topic: type-2/2 with payload size: 91 at 2024-12-11 06:23:35.413074 sent 2024-12-11 06:23:35.411771
INFO:Message received on topic: type-2/2 with payload size: 91 at 2024-12-11 06:23:38.011387 sent 2024-12-11 06:23:38.010025
INFO:Message received on topic: type-2/2 with payload size: 91 at 2024-12-11 06:23:40.615141 sent 2024-12-11 06:23:40.613845
INFO:Message received on topic: type-2/2 with payload size: 91 at 2024-12-11 06:23:43.217301 sent 2024-12-11 06:23:43.215816
INFO:Message received on topic: type-2/2 with payload size: 91 at 2024-12-11 06:23:45.821504 sent 2024-12-11 06:23:45.820091
INFO:Message received on topic: type-2/2 with payload size: 91 at 2024-12-11 06:23:48.425564 sent 2024-12-11 06:23:48.424162
INFO:Message received on topic: type-2/2 with payload size: 91 at 2024-12-11 06:23:51.028787 sent 2024-12-11 06:23:51.027519
INFO:Message received on topic: type-2/2 with payload size: 91 at 2024-12-11 06:23:53.633280 sent 2024-12-11 06:23:53.631894
INFO:Message received on topic: type-2/2 with payload size: 91 at 2024-12-11 06:23:56.235149 sent 2024-12-11 06:23:56.233819
INFO:Message received on topic: type-2/2 with payload size: 91 at 2024-12-11 06:23:58.834356 sent 2024-12-11 06:23:58.833036
INFO:Message received on topic: type-2/2 with payload size: 91 at 2024-12-11 06:24:01.433832 sent 2024-12-11 06:24:01.432559
INFO:Message received on topic: type-2/2 with payload size: 91 at 2024-12-11 06:24:04.038016 sent 2024-12-11 06:24:04.036621
INFO:Message received on topic: type-2/2 with payload size: 91 at 2024-12-11 06:24:06.640265 sent 2024-12-11 06:24:06.638931
INFO:Message received on topic: type-2/2 with payload size: 91 at 2024-12-11 06:24:09.245803 sent 2024-12-11 06:24:09.243397
INFO:Message received on topic: type-2/2 with payload size: 91 at 2024-12-11 06:24:11.853712 sent 2024-12-11 06:24:11.851244
INFO:Message received on topic: type-2/2 with payload size: 91 at 2024-12-11 06:24:14.458374 sent 2024-12-11 06:24:14.457019
INFO:Message received on topic: type-2/2 with payload size: 91 at 2024-12-11 06:24:17.065157 sent 2024-12-11 06:24:17.063488
INFO:Message received on topic: type-2/2 with payload size: 91 at 2024-12-11 06:24:19.669458 sent 2024-12-11 06:24:19.668005
INFO:Message received on topic: type-2/2 with payload size: 91 at 2024-12-11 06:24:22.269834 sent 2024-12-11 06:24:22.268387
INFO:Message received on topic: type-2/2 with payload size: 91 at 2024-12-11 06:24:24.872059 sent 2024-12-11 06:24:24.870548
INFO:Message received on topic: type-2/2 with payload size: 91 at 2024-12-11 06:24:27.476147 sent 2024-12-11 06:24:27.474774
INFO:Message received on topic: type-2/2 with payload size: 91 at 2024-12-11 06:24:30.079126 sent 2024-12-11 06:24:30.077494
INFO:Message received on topic: type-2/2 with payload size: 91 at 2024-12-11 06:24:32.678154 sent 2024-12-11 06:24:32.676602
INFO:Message received on topic: type-2/2 with payload size: 91 at 2024-12-11 06:24:35.281431 sent 2024-12-11 06:24:35.280045
INFO:Message received on topic: type-2/2 with payload size: 91 at 2024-12-11 06:24:37.884278 sent 2024-12-11 06:24:37.882767
INFO:Message received on topic: type-2/2 with payload size: 91 at 2024-12-11 06:24:40.488912 sent 2024-12-11 06:24:40.487599
INFO:Message received on topic: type-2/2 with payload size: 91 at 2024-12-11 06:24:43.095054 sent 2024-12-11 06:24:43.093646
INFO:Message received on topic: type-2/2 with payload size: 91 at 2024-12-11 06:24:45.698570 sent 2024-12-11 06:24:45.696998
INFO:Message received on topic: type-2/2 with payload size: 91 at 2024-12-11 06:24:48.304397 sent 2024-12-11 06:24:48.302245
INFO:Message received on topic: type-2/2 with payload size: 91 at 2024-12-11 06:24:50.910395 sent 2024-12-11 06:24:50.908856
INFO:Message received on topic: type-2/2 with payload size: 91 at 2024-12-11 06:24:53.515554 sent 2024-12-11 06:24:53.514022
INFO:Message received on topic: type-2/2 with payload size: 91 at 2024-12-11 06:24:56.116461 sent 2024-12-11 06:24:56.114633
INFO:Message received on topic: type-2/2 with payload size: 91 at 2024-12-11 06:24:58.719562 sent 2024-12-11 06:24:58.717945
INFO:Message received on topic: type-2/2 with payload size: 91 at 2024-12-11 06:25:01.321562 sent 2024-12-11 06:25:01.320289
INFO:Message received on topic: type-2/2 with payload size: 91 at 2024-12-11 06:25:03.923085 sent 2024-12-11 06:25:03.921672
INFO:Message received on topic: type-2/2 with payload size: 91 at 2024-12-11 06:25:06.523828 sent 2024-12-11 06:25:06.522570
INFO:Message received on topic: type-2/2 with payload size: 91 at 2024-12-11 06:25:09.122984 sent 2024-12-11 06:25:09.121576
INFO:Message received on topic: type-2/2 with payload size: 91 at 2024-12-11 06:25:11.724104 sent 2024-12-11 06:25:11.722748
INFO:Message received on topic: type-2/2 with payload size: 91 at 2024-12-11 06:25:14.324748 sent 2024-12-11 06:25:14.322889
INFO:Message received on topic: type-2/2 with payload size: 91 at 2024-12-11 06:25:16.923739 sent 2024-12-11 06:25:16.922139
INFO:Message received on topic: type-2/2 with payload size: 91 at 2024-12-11 06:25:19.520645 sent 2024-12-11 06:25:19.519080
INFO:Message received on topic: type-2/2 with payload size: 91 at 2024-12-11 06:25:22.118493 sent 2024-12-11 06:25:22.117061
INFO:Message received on topic: type-2/2 with payload size: 91 at 2024-12-11 06:25:24.716164 sent 2024-12-11 06:25:24.714979
INFO:Message received on topic: type-2/2 with payload size: 91 at 2024-12-11 06:25:27.314843 sent 2024-12-11 06:25:27.312595
INFO:Message received on topic: type-2/2 with payload size: 91 at 2024-12-11 06:25:29.913034 sent 2024-12-11 06:25:29.911489
INFO:Message received on topic: type-2/2 with payload size: 91 at 2024-12-11 06:25:32.512591 sent 2024-12-11 06:25:32.511016
INFO:Message received on topic: type-2/2 with payload size: 91 at 2024-12-11 06:25:35.116205 sent 2024-12-11 06:25:35.114217
INFO:Message received on topic: type-2/2 with payload size: 91 at 2024-12-11 06:25:37.717765 sent 2024-12-11 06:25:37.716095
INFO:Message received on topic: type-2/2 with payload size: 91 at 2024-12-11 06:25:40.318254 sent 2024-12-11 06:25:40.316759
INFO:Message received on topic: type-2/2 with payload size: 91 at 2024-12-11 06:25:42.919055 sent 2024-12-11 06:25:42.917383
INFO:Message received on topic: type-2/2 with payload size: 91 at 2024-12-11 06:25:45.516422 sent 2024-12-11 06:25:45.514934
INFO:Message received on topic: type-2/2 with payload size: 91 at 2024-12-11 06:25:48.119564 sent 2024-12-11 06:25:48.117812
INFO:Message received on topic: type-2/2 with payload size: 91 at 2024-12-11 06:25:50.724779 sent 2024-12-11 06:25:50.723392
INFO:Message received on topic: type-2/2 with payload size: 91 at 2024-12-11 06:25:53.329658 sent 2024-12-11 06:25:53.328174
INFO:Message received on topic: type-2/2 with payload size: 91 at 2024-12-11 06:25:55.934920 sent 2024-12-11 06:25:55.933296
INFO:Message received on topic: type-2/2 with payload size: 91 at 2024-12-11 06:25:58.541829 sent 2024-12-11 06:25:58.540108
INFO:Message received on topic: type-2/2 with payload size: 91 at 2024-12-11 06:26:01.144950 sent 2024-12-11 06:26:01.143491
INFO:Message received on topic: type-2/2 with payload size: 91 at 2024-12-11 06:26:03.749928 sent 2024-12-11 06:26:03.748417
INFO:Message received on topic: type-2/2 with payload size: 91 at 2024-12-11 06:26:06.356764 sent 2024-12-11 06:26:06.355405
INFO:Message received on topic: type-2/2 with payload size: 91 at 2024-12-11 06:26:08.963922 sent 2024-12-11 06:26:08.962242
INFO:Message received on topic: type-2/2 with payload size: 91 at 2024-12-11 06:26:11.567122 sent 2024-12-11 06:26:11.565854
INFO:Message received on topic: type-2/2 with payload size: 91 at 2024-12-11 06:26:14.165748 sent 2024-12-11 06:26:14.164480
INFO:Message received on topic: type-2/2 with payload size: 91 at 2024-12-11 06:26:16.767194 sent 2024-12-11 06:26:16.765636
INFO:Message received on topic: type-2/2 with payload size: 91 at 2024-12-11 06:26:19.370473 sent 2024-12-11 06:26:19.369115
INFO:Message received on topic: type-2/2 with payload size: 91 at 2024-12-11 06:26:21.973709 sent 2024-12-11 06:26:21.972308
INFO:Message received on topic: type-2/2 with payload size: 91 at 2024-12-11 06:26:24.576010 sent 2024-12-11 06:26:24.574797
INFO:Message received on topic: type-2/2 with payload size: 91 at 2024-12-11 06:26:27.180924 sent 2024-12-11 06:26:27.179114
INFO:Message received on topic: type-2/2 with payload size: 91 at 2024-12-11 06:26:29.786088 sent 2024-12-11 06:26:29.784754
INFO:Message received on topic: type-2/2 with payload size: 91 at 2024-12-11 06:26:32.389235 sent 2024-12-11 06:26:32.387942
INFO:Message received on topic: type-2/2 with payload size: 91 at 2024-12-11 06:26:34.991276 sent 2024-12-11 06:26:34.989969
INFO:Message received on topic: type-2/2 with payload size: 91 at 2024-12-11 06:26:37.590795 sent 2024-12-11 06:26:37.589491
INFO:Message received on topic: type-2/2 with payload size: 91 at 2024-12-11 06:26:40.191802 sent 2024-12-11 06:26:40.190234
INFO:Message received on topic: type-2/2 with payload size: 91 at 2024-12-11 06:26:42.796981 sent 2024-12-11 06:26:42.794684
INFO:Message received on topic: type-2/2 with payload size: 91 at 2024-12-11 06:26:45.401789 sent 2024-12-11 06:26:45.400507
INFO:Message received on topic: type-2/2 with payload size: 91 at 2024-12-11 06:26:48.003973 sent 2024-12-11 06:26:48.002666
INFO:Message received on topic: type-2/2 with payload size: 91 at 2024-12-11 06:26:50.607045 sent 2024-12-11 06:26:50.605698
INFO:Message received on topic: type-2/2 with payload size: 91 at 2024-12-11 06:26:53.211562 sent 2024-12-11 06:26:53.209871
INFO:Message received on topic: type-2/2 with payload size: 91 at 2024-12-11 06:26:55.817497 sent 2024-12-11 06:26:55.815945
INFO:Message received on topic: type-2/2 with payload size: 91 at 2024-12-11 06:26:58.422390 sent 2024-12-11 06:26:58.420952
INFO:Message received on topic: type-2/2 with payload size: 91 at 2024-12-11 06:27:01.025891 sent 2024-12-11 06:27:01.024426
INFO:Message received on topic: type-2/2 with payload size: 91 at 2024-12-11 06:27:03.630180 sent 2024-12-11 06:27:03.628888
INFO:Message received on topic: type-2/2 with payload size: 91 at 2024-12-11 06:27:06.233067 sent 2024-12-11 06:27:06.231806
INFO:Message received on topic: type-2/2 with payload size: 91 at 2024-12-11 06:27:08.836413 sent 2024-12-11 06:27:08.834971
INFO:Message received on topic: type-2/2 with payload size: 91 at 2024-12-11 06:27:11.437716 sent 2024-12-11 06:27:11.436343
INFO:Message received on topic: type-2/2 with payload size: 91 at 2024-12-11 06:27:14.038970 sent 2024-12-11 06:27:14.037377
INFO:Message received on topic: type-2/2 with payload size: 91 at 2024-12-11 06:27:16.642147 sent 2024-12-11 06:27:16.640508
INFO:Message received on topic: type-2/2 with payload size: 91 at 2024-12-11 06:27:19.245718 sent 2024-12-11 06:27:19.244294
INFO:Message received on topic: type-2/2 with payload size: 91 at 2024-12-11 06:27:21.847051 sent 2024-12-11 06:27:21.845600
INFO:Message received on topic: type-2/2 with payload size: 91 at 2024-12-11 06:27:24.449555 sent 2024-12-11 06:27:24.448143
INFO:Message received on topic: type-2/2 with payload size: 91 at 2024-12-11 06:27:27.050048 sent 2024-12-11 06:27:27.048678
INFO:Message received on topic: type-2/2 with payload size: 91 at 2024-12-11 06:27:29.652053 sent 2024-12-11 06:27:29.650726
INFO:Message received on topic: type-2/2 with payload size: 91 at 2024-12-11 06:27:32.257083 sent 2024-12-11 06:27:32.255596
INFO:Message received on topic: type-2/2 with payload size: 91 at 2024-12-11 06:27:34.858516 sent 2024-12-11 06:27:34.857124
INFO:Message received on topic: type-2/2 with payload size: 91 at 2024-12-11 06:27:37.462064 sent 2024-12-11 06:27:37.459989
INFO:Message received on topic: type-2/2 with payload size: 91 at 2024-12-11 06:27:40.065697 sent 2024-12-11 06:27:40.064261
INFO:Message received on topic: type-2/2 with payload size: 91 at 2024-12-11 06:27:42.671632 sent 2024-12-11 06:27:42.669721
INFO:Message received on topic: type-2/2 with payload size: 91 at 2024-12-11 06:27:45.274863 sent 2024-12-11 06:27:45.273257
INFO:Message received on topic: type-2/2 with payload size: 91 at 2024-12-11 06:27:47.878218 sent 2024-12-11 06:27:47.876817
INFO:Message received on topic: type-2/2 with payload size: 91 at 2024-12-11 06:27:50.481050 sent 2024-12-11 06:27:50.479834
INFO:Message received on topic: type-2/2 with payload size: 91 at 2024-12-11 06:27:53.077578 sent 2024-12-11 06:27:53.076454
INFO:Message received on topic: type-2/2 with payload size: 91 at 2024-12-11 06:27:55.662706 sent 2024-12-11 06:27:55.661620
INFO:Message received on topic: type-2/2 with payload size: 91 at 2024-12-11 06:27:58.254112 sent 2024-12-11 06:27:58.252698
INFO:Message received on topic: type-2/2 with payload size: 91 at 2024-12-11 06:28:00.838734 sent 2024-12-11 06:28:00.837724
INFO:Message received on topic: type-2/2 with payload size: 91 at 2024-12-11 06:28:03.438894 sent 2024-12-11 06:28:03.437637
INFO:Message received on topic: type-2/2 with payload size: 91 at 2024-12-11 06:28:06.044656 sent 2024-12-11 06:28:06.043111
INFO:Message received on topic: type-2/2 with payload size: 91 at 2024-12-11 06:28:08.643883 sent 2024-12-11 06:28:08.642563
INFO:Message received on topic: type-2/2 with payload size: 91 at 2024-12-11 06:28:11.244047 sent 2024-12-11 06:28:11.242626
INFO:Message received on topic: type-2/2 with payload size: 91 at 2024-12-11 06:28:13.842847 sent 2024-12-11 06:28:13.841459
INFO:Message received on topic: type-2/2 with payload size: 91 at 2024-12-11 06:28:16.441564 sent 2024-12-11 06:28:16.440237
INFO:Message received on topic: type-2/2 with payload size: 91 at 2024-12-11 06:28:19.042872 sent 2024-12-11 06:28:19.041531
INFO:Message received on topic: type-2/2 with payload size: 91 at 2024-12-11 06:28:21.642973 sent 2024-12-11 06:28:21.641724
INFO:Message received on topic: type-2/2 with payload size: 91 at 2024-12-11 06:28:24.241814 sent 2024-12-11 06:28:24.240043
INFO:Message received on topic: type-2/2 with payload size: 91 at 2024-12-11 06:28:26.837956 sent 2024-12-11 06:28:26.836435
INFO:Message received on topic: type-2/2 with payload size: 91 at 2024-12-11 06:28:29.439128 sent 2024-12-11 06:28:29.437657
INFO:Message received on topic: type-2/2 with payload size: 91 at 2024-12-11 06:28:32.040838 sent 2024-12-11 06:28:32.039374
INFO:Message received on topic: type-2/2 with payload size: 91 at 2024-12-11 06:28:34.641530 sent 2024-12-11 06:28:34.640213
INFO:Message received on topic: type-2/2 with payload size: 91 at 2024-12-11 06:28:37.242435 sent 2024-12-11 06:28:37.240988
INFO:Message received on topic: type-2/2 with payload size: 91 at 2024-12-11 06:28:39.846019 sent 2024-12-11 06:28:39.844581
INFO:Message received on topic: type-2/2 with payload size: 91 at 2024-12-11 06:28:42.452023 sent 2024-12-11 06:28:42.450174
INFO:Message received on topic: type-2/2 with payload size: 91 at 2024-12-11 06:28:45.048542 sent 2024-12-11 06:28:45.047198
INFO:Message received on topic: type-2/2 with payload size: 91 at 2024-12-11 06:28:47.652633 sent 2024-12-11 06:28:47.651222
INFO:Message received on topic: type-2/2 with payload size: 91 at 2024-12-11 06:28:50.251586 sent 2024-12-11 06:28:50.249933
INFO:Message received on topic: type-2/2 with payload size: 91 at 2024-12-11 06:28:52.852195 sent 2024-12-11 06:28:52.850780
INFO:Message received on topic: type-2/2 with payload size: 91 at 2024-12-11 06:28:55.452742 sent 2024-12-11 06:28:55.451294
INFO:Message received on topic: type-2/2 with payload size: 91 at 2024-12-11 06:28:58.054573 sent 2024-12-11 06:28:58.052887
INFO:Message received on topic: type-2/2 with payload size: 91 at 2024-12-11 06:29:00.661661 sent 2024-12-11 06:29:00.660218
INFO:Message received on topic: type-2/2 with payload size: 91 at 2024-12-11 06:29:03.264562 sent 2024-12-11 06:29:03.263008
INFO:Message received on topic: type-2/2 with payload size: 91 at 2024-12-11 06:29:05.867612 sent 2024-12-11 06:29:05.866023
INFO:Message received on topic: type-2/2 with payload size: 91 at 2024-12-11 06:29:08.471377 sent 2024-12-11 06:29:08.469884
INFO:Message received on topic: type-2/2 with payload size: 91 at 2024-12-11 06:29:11.077192 sent 2024-12-11 06:29:11.075892
INFO:Message received on topic: type-2/2 with payload size: 91 at 2024-12-11 06:29:13.683033 sent 2024-12-11 06:29:13.681510
INFO:Message received on topic: type-2/2 with payload size: 91 at 2024-12-11 06:29:16.284347 sent 2024-12-11 06:29:16.282922
INFO:Message received on topic: type-2/2 with payload size: 91 at 2024-12-11 06:29:18.890427 sent 2024-12-11 06:29:18.888942
INFO:Message received on topic: type-2/2 with payload size: 91 at 2024-12-11 06:29:21.493542 sent 2024-12-11 06:29:21.492049
INFO:Message received on topic: type-2/2 with payload size: 91 at 2024-12-11 06:29:24.096304 sent 2024-12-11 06:29:24.094796
INFO:Message received on topic: type-2/2 with payload size: 91 at 2024-12-11 06:29:26.701997 sent 2024-12-11 06:29:26.700372
INFO:Message received on topic: type-2/2 with payload size: 91 at 2024-12-11 06:29:29.304714 sent 2024-12-11 06:29:29.302692
INFO:Message received on topic: type-2/2 with payload size: 91 at 2024-12-11 06:29:31.913649 sent 2024-12-11 06:29:31.911693
