INFO:Starting Version 1.0.5
DEBUG:Using selector: EpollSelector
INFO:Connecting to cluster at: mqtt-quic://emqx-headless.dtwins:14567 using QUIC
INFO:Subscribed to topic: type-2/8
INFO:Logging each: 50
INFO:Unhandled packet type received
INFO:Message received on topic: type-2/8 with payload size: 91 at 2024-12-11 06:21:23.619914 sent 2024-12-11 06:21:23.618372
INFO:Message received on topic: type-2/8 with payload size: 91 at 2024-12-11 06:21:26.218466 sent 2024-12-11 06:21:26.216911
INFO:Message received on topic: type-2/8 with payload size: 91 at 2024-12-11 06:21:28.819829 sent 2024-12-11 06:21:28.818552
INFO:Message received on topic: type-2/8 with payload size: 91 at 2024-12-11 06:21:31.420890 sent 2024-12-11 06:21:31.419458
INFO:Message received on topic: type-2/8 with payload size: 91 at 2024-12-11 06:21:34.019749 sent 2024-12-11 06:21:34.018459
INFO:Message received on topic: type-2/8 with payload size: 91 at 2024-12-11 06:21:36.616670 sent 2024-12-11 06:21:36.615512
INFO:Message received on topic: type-2/8 with payload size: 91 at 2024-12-11 06:21:39.218863 sent 2024-12-11 06:21:39.217473
INFO:Message received on topic: type-2/8 with payload size: 91 at 2024-12-11 06:21:41.820286 sent 2024-12-11 06:21:41.818804
INFO:Message received on topic: type-2/8 with payload size: 91 at 2024-12-11 06:21:44.424850 sent 2024-12-11 06:21:44.423444
INFO:Message received on topic: type-2/8 with payload size: 91 at 2024-12-11 06:21:47.031890 sent 2024-12-11 06:21:47.030142
INFO:Message received on topic: type-2/8 with payload size: 91 at 2024-12-11 06:21:49.632448 sent 2024-12-11 06:21:49.630906
INFO:Message received on topic: type-2/8 with payload size: 91 at 2024-12-11 06:21:52.238051 sent 2024-12-11 06:21:52.236575
INFO:Message received on topic: type-2/8 with payload size: 91 at 2024-12-11 06:21:54.843268 sent 2024-12-11 06:21:54.841631
INFO:Message received on topic: type-2/8 with payload size: 91 at 2024-12-11 06:21:57.446485 sent 2024-12-11 06:21:57.444810
INFO:Message received on topic: type-2/8 with payload size: 91 at 2024-12-11 06:22:00.053318 sent 2024-12-11 06:22:00.051815
INFO:Message received on topic: type-2/8 with payload size: 91 at 2024-12-11 06:22:02.658088 sent 2024-12-11 06:22:02.656244
INFO:Message received on topic: type-2/8 with payload size: 91 at 2024-12-11 06:22:05.262082 sent 2024-12-11 06:22:05.260659
INFO:Message received on topic: type-2/8 with payload size: 91 at 2024-12-11 06:22:07.869092 sent 2024-12-11 06:22:07.867618
INFO:Message received on topic: type-2/8 with payload size: 91 at 2024-12-11 06:22:10.472886 sent 2024-12-11 06:22:10.471293
INFO:Message received on topic: type-2/8 with payload size: 91 at 2024-12-11 06:22:13.075005 sent 2024-12-11 06:22:13.073437
INFO:Message received on topic: type-2/8 with payload size: 91 at 2024-12-11 06:22:15.678615 sent 2024-12-11 06:22:15.677104
INFO:Message received on topic: type-2/8 with payload size: 91 at 2024-12-11 06:22:18.281431 sent 2024-12-11 06:22:18.279931
INFO:Message received on topic: type-2/8 with payload size: 91 at 2024-12-11 06:22:20.884160 sent 2024-12-11 06:22:20.881943
INFO:Message received on topic: type-2/8 with payload size: 91 at 2024-12-11 06:22:23.487222 sent 2024-12-11 06:22:23.485906
INFO:Message received on topic: type-2/8 with payload size: 91 at 2024-12-11 06:22:26.088809 sent 2024-12-11 06:22:26.087457
INFO:Message received on topic: type-2/8 with payload size: 91 at 2024-12-11 06:22:28.692242 sent 2024-12-11 06:22:28.690743
INFO:Message received on topic: type-2/8 with payload size: 91 at 2024-12-11 06:22:31.299158 sent 2024-12-11 06:22:31.297779
INFO:Message received on topic: type-2/8 with payload size: 91 at 2024-12-11 06:22:33.904800 sent 2024-12-11 06:22:33.903263
INFO:Message received on topic: type-2/8 with payload size: 91 at 2024-12-11 06:22:36.510310 sent 2024-12-11 06:22:36.508755
INFO:Message received on topic: type-2/8 with payload size: 91 at 2024-12-11 06:22:39.115081 sent 2024-12-11 06:22:39.113414
INFO:Message received on topic: type-2/8 with payload size: 91 at 2024-12-11 06:22:41.721669 sent 2024-12-11 06:22:41.720300
INFO:Message received on topic: type-2/8 with payload size: 91 at 2024-12-11 06:22:44.323415 sent 2024-12-11 06:22:44.321619
INFO:Message received on topic: type-2/8 with payload size: 91 at 2024-12-11 06:22:46.927845 sent 2024-12-11 06:22:46.926502
INFO:Message received on topic: type-2/8 with payload size: 91 at 2024-12-11 06:22:49.530023 sent 2024-12-11 06:22:49.528653
INFO:Message received on topic: type-2/8 with payload size: 91 at 2024-12-11 06:22:52.133698 sent 2024-12-11 06:22:52.132148
INFO:Message received on topic: type-2/8 with payload size: 91 at 2024-12-11 06:22:54.737546 sent 2024-12-11 06:22:54.735826
INFO:Message received on topic: type-2/8 with payload size: 91 at 2024-12-11 06:22:57.344229 sent 2024-12-11 06:22:57.342733
INFO:Message received on topic: type-2/8 with payload size: 91 at 2024-12-11 06:22:59.952036 sent 2024-12-11 06:22:59.950457
INFO:Message received on topic: type-2/8 with payload size: 91 at 2024-12-11 06:23:02.555807 sent 2024-12-11 06:23:02.554312
INFO:Message received on topic: type-2/8 with payload size: 91 at 2024-12-11 06:23:05.160980 sent 2024-12-11 06:23:05.159643
INFO:Message received on topic: type-2/8 with payload size: 91 at 2024-12-11 06:23:07.765908 sent 2024-12-11 06:23:07.763447
INFO:Message received on topic: type-2/8 with payload size: 91 at 2024-12-11 06:23:10.372369 sent 2024-12-11 06:23:10.370866
INFO:Message received on topic: type-2/8 with payload size: 91 at 2024-12-11 06:23:12.975749 sent 2024-12-11 06:23:12.974217
INFO:Message received on topic: type-2/8 with payload size: 91 at 2024-12-11 06:23:15.578590 sent 2024-12-11 06:23:15.577051
INFO:Message received on topic: type-2/8 with payload size: 91 at 2024-12-11 06:23:18.190897 sent 2024-12-11 06:23:18.189453
INFO:Message received on topic: type-2/8 with payload size: 91 at 2024-12-11 06:23:20.797517 sent 2024-12-11 06:23:20.795916
INFO:Message received on topic: type-2/8 with payload size: 91 at 2024-12-11 06:23:23.403052 sent 2024-12-11 06:23:23.401219
INFO:Message received on topic: type-2/8 with payload size: 91 at 2024-12-11 06:23:26.007277 sent 2024-12-11 06:23:26.005862
INFO:Message received on topic: type-2/8 with payload size: 91 at 2024-12-11 06:23:28.614182 sent 2024-12-11 06:23:28.611945
INFO:Message received on topic: type-2/8 with payload size: 91 at 2024-12-11 06:23:31.215837 sent 2024-12-11 06:23:31.214589
INFO:Message received on topic: type-2/8 with payload size: 91 at 2024-12-11 06:23:33.818509 sent 2024-12-11 06:23:33.817225
INFO:Message received on topic: type-2/8 with payload size: 91 at 2024-12-11 06:23:36.423576 sent 2024-12-11 06:23:36.421970
INFO:Message received on topic: type-2/8 with payload size: 91 at 2024-12-11 06:23:39.027873 sent 2024-12-11 06:23:39.026400
INFO:Message received on topic: type-2/8 with payload size: 91 at 2024-12-11 06:23:41.634221 sent 2024-12-11 06:23:41.632300
INFO:Message received on topic: type-2/8 with payload size: 91 at 2024-12-11 06:23:44.237534 sent 2024-12-11 06:23:44.235892
INFO:Message received on topic: type-2/8 with payload size: 91 at 2024-12-11 06:23:46.841394 sent 2024-12-11 06:23:46.839810
INFO:Message received on topic: type-2/8 with payload size: 91 at 2024-12-11 06:23:49.444906 sent 2024-12-11 06:23:49.443495
INFO:Message received on topic: type-2/8 with payload size: 91 at 2024-12-11 06:23:52.048848 sent 2024-12-11 06:23:52.047435
INFO:Message received on topic: type-2/8 with payload size: 91 at 2024-12-11 06:23:54.656523 sent 2024-12-11 06:23:54.654658
INFO:Message received on topic: type-2/8 with payload size: 91 at 2024-12-11 06:23:57.261179 sent 2024-12-11 06:23:57.259669
INFO:Message received on topic: type-2/8 with payload size: 91 at 2024-12-11 06:23:59.861200 sent 2024-12-11 06:23:59.859896
INFO:Message received on topic: type-2/8 with payload size: 91 at 2024-12-11 06:24:02.461490 sent 2024-12-11 06:24:02.460049
INFO:Message received on topic: type-2/8 with payload size: 91 at 2024-12-11 06:24:05.062176 sent 2024-12-11 06:24:05.060814
INFO:Message received on topic: type-2/8 with payload size: 91 at 2024-12-11 06:24:07.666175 sent 2024-12-11 06:24:07.664555
INFO:Message received on topic: type-2/8 with payload size: 91 at 2024-12-11 06:24:10.268941 sent 2024-12-11 06:24:10.267288
INFO:Message received on topic: type-2/8 with payload size: 91 at 2024-12-11 06:24:12.876215 sent 2024-12-11 06:24:12.874670
INFO:Message received on topic: type-2/8 with payload size: 91 at 2024-12-11 06:24:15.483247 sent 2024-12-11 06:24:15.481733
INFO:Message received on topic: type-2/8 with payload size: 91 at 2024-12-11 06:24:18.091058 sent 2024-12-11 06:24:18.089720
INFO:Message received on topic: type-2/8 with payload size: 91 at 2024-12-11 06:24:20.694308 sent 2024-12-11 06:24:20.692902
INFO:Message received on topic: type-2/8 with payload size: 91 at 2024-12-11 06:24:23.297116 sent 2024-12-11 06:24:23.295860
INFO:Message received on topic: type-2/8 with payload size: 91 at 2024-12-11 06:24:25.899851 sent 2024-12-11 06:24:25.898642
INFO:Message received on topic: type-2/8 with payload size: 91 at 2024-12-11 06:24:28.503577 sent 2024-12-11 06:24:28.502035
INFO:Message received on topic: type-2/8 with payload size: 91 at 2024-12-11 06:24:31.107246 sent 2024-12-11 06:24:31.105767
INFO:Message received on topic: type-2/8 with payload size: 91 at 2024-12-11 06:24:33.708725 sent 2024-12-11 06:24:33.706963
INFO:Message received on topic: type-2/8 with payload size: 91 at 2024-12-11 06:24:36.308793 sent 2024-12-11 06:24:36.307420
INFO:Message received on topic: type-2/8 with payload size: 91 at 2024-12-11 06:24:38.910203 sent 2024-12-11 06:24:38.908635
INFO:Message received on topic: type-2/8 with payload size: 91 at 2024-12-11 06:24:41.516671 sent 2024-12-11 06:24:41.515367
INFO:Message received on topic: type-2/8 with payload size: 91 at 2024-12-11 06:24:44.119783 sent 2024-12-11 06:24:44.118257
INFO:Message received on topic: type-2/8 with payload size: 91 at 2024-12-11 06:24:46.723823 sent 2024-12-11 06:24:46.722390
INFO:Message received on topic: type-2/8 with payload size: 91 at 2024-12-11 06:24:49.330674 sent 2024-12-11 06:24:49.328979
INFO:Message received on topic: type-2/8 with payload size: 91 at 2024-12-11 06:24:51.936132 sent 2024-12-11 06:24:51.934836
INFO:Message received on topic: type-2/8 with payload size: 91 at 2024-12-11 06:24:54.542525 sent 2024-12-11 06:24:54.540800
INFO:Message received on topic: type-2/8 with payload size: 91 at 2024-12-11 06:24:57.145907 sent 2024-12-11 06:24:57.144533
INFO:Message received on topic: type-2/8 with payload size: 91 at 2024-12-11 06:24:59.751489 sent 2024-12-11 06:24:59.749968
INFO:Message received on topic: type-2/8 with payload size: 91 at 2024-12-11 06:25:02.352920 sent 2024-12-11 06:25:02.351486
INFO:Message received on topic: type-2/8 with payload size: 91 at 2024-12-11 06:25:04.955841 sent 2024-12-11 06:25:04.954420
INFO:Message received on topic: type-2/8 with payload size: 91 at 2024-12-11 06:25:07.560595 sent 2024-12-11 06:25:07.559008
INFO:Message received on topic: type-2/8 with payload size: 91 at 2024-12-11 06:25:10.164403 sent 2024-12-11 06:25:10.162167
INFO:Message received on topic: type-2/8 with payload size: 91 at 2024-12-11 06:25:12.766442 sent 2024-12-11 06:25:12.764852
INFO:Message received on topic: type-2/8 with payload size: 91 at 2024-12-11 06:25:15.371554 sent 2024-12-11 06:25:15.370032
INFO:Message received on topic: type-2/8 with payload size: 91 at 2024-12-11 06:25:17.970518 sent 2024-12-11 06:25:17.968969
INFO:Message received on topic: type-2/8 with payload size: 91 at 2024-12-11 06:25:20.569785 sent 2024-12-11 06:25:20.568528
INFO:Message received on topic: type-2/8 with payload size: 91 at 2024-12-11 06:25:23.169524 sent 2024-12-11 06:25:23.168138
INFO:Message received on topic: type-2/8 with payload size: 91 at 2024-12-11 06:25:25.767881 sent 2024-12-11 06:25:25.766592
INFO:Message received on topic: type-2/8 with payload size: 91 at 2024-12-11 06:25:28.367572 sent 2024-12-11 06:25:28.366114
INFO:Message received on topic: type-2/8 with payload size: 91 at 2024-12-11 06:25:30.972106 sent 2024-12-11 06:25:30.970675
INFO:Message received on topic: type-2/8 with payload size: 91 at 2024-12-11 06:25:33.580833 sent 2024-12-11 06:25:33.579140
INFO:Message received on topic: type-2/8 with payload size: 91 at 2024-12-11 06:25:36.182185 sent 2024-12-11 06:25:36.180909
INFO:Message received on topic: type-2/8 with payload size: 91 at 2024-12-11 06:25:38.781087 sent 2024-12-11 06:25:38.779602
INFO:Message received on topic: type-2/8 with payload size: 91 at 2024-12-11 06:25:41.378533 sent 2024-12-11 06:25:41.377142
INFO:Message received on topic: type-2/8 with payload size: 91 at 2024-12-11 06:25:43.976646 sent 2024-12-11 06:25:43.975177
INFO:Message received on topic: type-2/8 with payload size: 91 at 2024-12-11 06:25:46.580495 sent 2024-12-11 06:25:46.578843
INFO:Message received on topic: type-2/8 with payload size: 91 at 2024-12-11 06:25:49.185630 sent 2024-12-11 06:25:49.184114
INFO:Message received on topic: type-2/8 with payload size: 91 at 2024-12-11 06:25:51.791804 sent 2024-12-11 06:25:51.789985
INFO:Message received on topic: type-2/8 with payload size: 91 at 2024-12-11 06:25:54.397246 sent 2024-12-11 06:25:54.395875
INFO:Message received on topic: type-2/8 with payload size: 91 at 2024-12-11 06:25:57.001506 sent 2024-12-11 06:25:57.000039
INFO:Message received on topic: type-2/8 with payload size: 91 at 2024-12-11 06:25:59.606416 sent 2024-12-11 06:25:59.604812
INFO:Message received on topic: type-2/8 with payload size: 91 at 2024-12-11 06:26:02.216167 sent 2024-12-11 06:26:02.214675
INFO:Message received on topic: type-2/8 with payload size: 91 at 2024-12-11 06:26:04.821396 sent 2024-12-11 06:26:04.819806
INFO:Message received on topic: type-2/8 with payload size: 91 at 2024-12-11 06:26:07.422455 sent 2024-12-11 06:26:07.420873
INFO:Message received on topic: type-2/8 with payload size: 91 at 2024-12-11 06:26:10.021901 sent 2024-12-11 06:26:10.020501
INFO:Message received on topic: type-2/8 with payload size: 91 at 2024-12-11 06:26:12.622829 sent 2024-12-11 06:26:12.621477
INFO:Message received on topic: type-2/8 with payload size: 91 at 2024-12-11 06:26:15.224867 sent 2024-12-11 06:26:15.223253
INFO:Message received on topic: type-2/8 with payload size: 91 at 2024-12-11 06:26:17.829302 sent 2024-12-11 06:26:17.827895
INFO:Message received on topic: type-2/8 with payload size: 91 at 2024-12-11 06:26:20.434678 sent 2024-12-11 06:26:20.433110
INFO:Message received on topic: type-2/8 with payload size: 91 at 2024-12-11 06:26:23.037589 sent 2024-12-11 06:26:23.036013
INFO:Message received on topic: type-2/8 with payload size: 91 at 2024-12-11 06:26:25.636957 sent 2024-12-11 06:26:25.635654
INFO:Message received on topic: type-2/8 with payload size: 91 at 2024-12-11 06:26:28.240617 sent 2024-12-11 06:26:28.239123
INFO:Message received on topic: type-2/8 with payload size: 91 at 2024-12-11 06:26:30.844723 sent 2024-12-11 06:26:30.843221
INFO:Message received on topic: type-2/8 with payload size: 91 at 2024-12-11 06:26:33.448468 sent 2024-12-11 06:26:33.447069
INFO:Message received on topic: type-2/8 with payload size: 91 at 2024-12-11 06:26:36.052656 sent 2024-12-11 06:26:36.051156
INFO:Message received on topic: type-2/8 with payload size: 91 at 2024-12-11 06:26:38.655769 sent 2024-12-11 06:26:38.654044
INFO:Message received on topic: type-2/8 with payload size: 91 at 2024-12-11 06:26:41.262158 sent 2024-12-11 06:26:41.260541
INFO:Message received on topic: type-2/8 with payload size: 91 at 2024-12-11 06:26:43.868036 sent 2024-12-11 06:26:43.866510
INFO:Message received on topic: type-2/8 with payload size: 91 at 2024-12-11 06:26:46.471878 sent 2024-12-11 06:26:46.470395
INFO:Message received on topic: type-2/8 with payload size: 91 at 2024-12-11 06:26:49.074021 sent 2024-12-11 06:26:49.072694
INFO:Message received on topic: type-2/8 with payload size: 91 at 2024-12-11 06:26:51.677072 sent 2024-12-11 06:26:51.675555
INFO:Message received on topic: type-2/8 with payload size: 91 at 2024-12-11 06:26:54.282540 sent 2024-12-11 06:26:54.280863
INFO:Message received on topic: type-2/8 with payload size: 91 at 2024-12-11 06:26:56.885094 sent 2024-12-11 06:26:56.883636
INFO:Message received on topic: type-2/8 with payload size: 91 at 2024-12-11 06:26:59.483108 sent 2024-12-11 06:26:59.481446
INFO:Message received on topic: type-2/8 with payload size: 91 at 2024-12-11 06:27:02.086452 sent 2024-12-11 06:27:02.084952
INFO:Message received on topic: type-2/8 with payload size: 91 at 2024-12-11 06:27:04.690177 sent 2024-12-11 06:27:04.688636
INFO:Message received on topic: type-2/8 with payload size: 91 at 2024-12-11 06:27:07.295742 sent 2024-12-11 06:27:07.294427
INFO:Message received on topic: type-2/8 with payload size: 91 at 2024-12-11 06:27:09.897840 sent 2024-12-11 06:27:09.896186
INFO:Message received on topic: type-2/8 with payload size: 91 at 2024-12-11 06:27:12.498598 sent 2024-12-11 06:27:12.497213
INFO:Message received on topic: type-2/8 with payload size: 91 at 2024-12-11 06:27:15.099827 sent 2024-12-11 06:27:15.098498
INFO:Message received on topic: type-2/8 with payload size: 91 at 2024-12-11 06:27:17.708263 sent 2024-12-11 06:27:17.706787
INFO:Message received on topic: type-2/8 with payload size: 91 at 2024-12-11 06:27:20.311455 sent 2024-12-11 06:27:20.309238
INFO:Message received on topic: type-2/8 with payload size: 91 at 2024-12-11 06:27:22.910950 sent 2024-12-11 06:27:22.909504
INFO:Message received on topic: type-2/8 with payload size: 91 at 2024-12-11 06:27:25.510885 sent 2024-12-11 06:27:25.509250
INFO:Message received on topic: type-2/8 with payload size: 91 at 2024-12-11 06:27:28.110723 sent 2024-12-11 06:27:28.109393
INFO:Message received on topic: type-2/8 with payload size: 91 at 2024-12-11 06:27:30.709594 sent 2024-12-11 06:27:30.708358
INFO:Message received on topic: type-2/8 with payload size: 91 at 2024-12-11 06:27:33.309079 sent 2024-12-11 06:27:33.307649
INFO:Message received on topic: type-2/8 with payload size: 91 at 2024-12-11 06:27:35.909083 sent 2024-12-11 06:27:35.907909
INFO:Message received on topic: type-2/8 with payload size: 91 at 2024-12-11 06:27:38.512163 sent 2024-12-11 06:27:38.510690
INFO:Message received on topic: type-2/8 with payload size: 91 at 2024-12-11 06:27:41.116072 sent 2024-12-11 06:27:41.114555
INFO:Message received on topic: type-2/8 with payload size: 91 at 2024-12-11 06:27:43.719309 sent 2024-12-11 06:27:43.717763
INFO:Message received on topic: type-2/8 with payload size: 91 at 2024-12-11 06:27:46.324741 sent 2024-12-11 06:27:46.323438
INFO:Message received on topic: type-2/8 with payload size: 91 at 2024-12-11 06:27:48.925065 sent 2024-12-11 06:27:48.923569
INFO:Message received on topic: type-2/8 with payload size: 91 at 2024-12-11 06:27:51.526766 sent 2024-12-11 06:27:51.525250
INFO:Message received on topic: type-2/8 with payload size: 91 at 2024-12-11 06:27:54.117485 sent 2024-12-11 06:27:54.116408
INFO:Message received on topic: type-2/8 with payload size: 91 at 2024-12-11 06:27:56.704970 sent 2024-12-11 06:27:56.703958
INFO:Message received on topic: type-2/8 with payload size: 91 at 2024-12-11 06:27:59.293069 sent 2024-12-11 06:27:59.292117
INFO:Message received on topic: type-2/8 with payload size: 91 at 2024-12-11 06:28:01.883633 sent 2024-12-11 06:28:01.881698
INFO:Message received on topic: type-2/8 with payload size: 91 at 2024-12-11 06:28:04.486705 sent 2024-12-11 06:28:04.485682
INFO:Message received on topic: type-2/8 with payload size: 91 at 2024-12-11 06:28:07.090006 sent 2024-12-11 06:28:07.088754
INFO:Message received on topic: type-2/8 with payload size: 91 at 2024-12-11 06:28:09.693702 sent 2024-12-11 06:28:09.692279
INFO:Message received on topic: type-2/8 with payload size: 91 at 2024-12-11 06:28:12.297127 sent 2024-12-11 06:28:12.295589
INFO:Message received on topic: type-2/8 with payload size: 91 at 2024-12-11 06:28:14.898044 sent 2024-12-11 06:28:14.896795
INFO:Message received on topic: type-2/8 with payload size: 91 at 2024-12-11 06:28:17.501167 sent 2024-12-11 06:28:17.499477
INFO:Message received on topic: type-2/8 with payload size: 91 at 2024-12-11 06:28:20.105625 sent 2024-12-11 06:28:20.103986
INFO:Message received on topic: type-2/8 with payload size: 91 at 2024-12-11 06:28:22.706563 sent 2024-12-11 06:28:22.705181
INFO:Message received on topic: type-2/8 with payload size: 91 at 2024-12-11 06:28:25.304665 sent 2024-12-11 06:28:25.303381
INFO:Message received on topic: type-2/8 with payload size: 91 at 2024-12-11 06:28:27.906890 sent 2024-12-11 06:28:27.905581
INFO:Message received on topic: type-2/8 with payload size: 91 at 2024-12-11 06:28:30.508256 sent 2024-12-11 06:28:30.506610
INFO:Message received on topic: type-2/8 with payload size: 91 at 2024-12-11 06:28:33.110954 sent 2024-12-11 06:28:33.109449
INFO:Message received on topic: type-2/8 with payload size: 91 at 2024-12-11 06:28:35.709935 sent 2024-12-11 06:28:35.708507
INFO:Message received on topic: type-2/8 with payload size: 91 at 2024-12-11 06:28:38.312889 sent 2024-12-11 06:28:38.311530
INFO:Message received on topic: type-2/8 with payload size: 91 at 2024-12-11 06:28:40.915937 sent 2024-12-11 06:28:40.914654
INFO:Message received on topic: type-2/8 with payload size: 91 at 2024-12-11 06:28:43.515495 sent 2024-12-11 06:28:43.514100
INFO:Message received on topic: type-2/8 with payload size: 91 at 2024-12-11 06:28:46.116815 sent 2024-12-11 06:28:46.114778
INFO:Message received on topic: type-2/8 with payload size: 91 at 2024-12-11 06:28:48.713999 sent 2024-12-11 06:28:48.712576
INFO:Message received on topic: type-2/8 with payload size: 91 at 2024-12-11 06:28:51.314060 sent 2024-12-11 06:28:51.312659
INFO:Message received on topic: type-2/8 with payload size: 91 at 2024-12-11 06:28:53.914888 sent 2024-12-11 06:28:53.913587
INFO:Message received on topic: type-2/8 with payload size: 91 at 2024-12-11 06:28:56.519282 sent 2024-12-11 06:28:56.517895
INFO:Message received on topic: type-2/8 with payload size: 91 at 2024-12-11 06:28:59.124802 sent 2024-12-11 06:28:59.123261
INFO:Message received on topic: type-2/8 with payload size: 91 at 2024-12-11 06:29:01.728668 sent 2024-12-11 06:29:01.727082
INFO:Message received on topic: type-2/8 with payload size: 91 at 2024-12-11 06:29:04.332402 sent 2024-12-11 06:29:04.331051
INFO:Message received on topic: type-2/8 with payload size: 91 at 2024-12-11 06:29:06.935571 sent 2024-12-11 06:29:06.933949
INFO:Message received on topic: type-2/8 with payload size: 91 at 2024-12-11 06:29:09.539811 sent 2024-12-11 06:29:09.538304
INFO:Message received on topic: type-2/8 with payload size: 91 at 2024-12-11 06:29:12.146896 sent 2024-12-11 06:29:12.145583
INFO:Message received on topic: type-2/8 with payload size: 91 at 2024-12-11 06:29:14.750097 sent 2024-12-11 06:29:14.748313
INFO:Message received on topic: type-2/8 with payload size: 91 at 2024-12-11 06:29:17.354703 sent 2024-12-11 06:29:17.353039
INFO:Message received on topic: type-2/8 with payload size: 91 at 2024-12-11 06:29:19.959712 sent 2024-12-11 06:29:19.958122
INFO:Message received on topic: type-2/8 with payload size: 91 at 2024-12-11 06:29:22.562831 sent 2024-12-11 06:29:22.561212
INFO:Message received on topic: type-2/8 with payload size: 91 at 2024-12-11 06:29:25.167598 sent 2024-12-11 06:29:25.166015
INFO:Message received on topic: type-2/8 with payload size: 91 at 2024-12-11 06:29:27.773997 sent 2024-12-11 06:29:27.772453
INFO:Message received on topic: type-2/8 with payload size: 91 at 2024-12-11 06:29:30.377656 sent 2024-12-11 06:29:30.375777
INFO:Message received on topic: type-2/8 with payload size: 91 at 2024-12-11 06:29:32.983624 sent 2024-12-11 06:29:32.982097
INFO:Message received on topic: type-2/8 with payload size: 91 at 2024-12-11 06:29:35.587783 sent 2024-12-11 06:29:35.585842
INFO:Message received on topic: type-2/8 with payload size: 91 at 2024-12-11 06:29:38.191298 sent 2024-12-11 06:29:38.189824
INFO:Message received on topic: type-2/8 with payload size: 91 at 2024-12-11 06:29:40.794969 sent 2024-12-11 06:29:40.793452
INFO:Message received on topic: type-2/8 with payload size: 91 at 2024-12-11 06:29:43.398676 sent 2024-12-11 06:29:43.397161
INFO:Message received on topic: type-2/8 with payload size: 91 at 2024-12-11 06:29:46.003085 sent 2024-12-11 06:29:46.001601
INFO:Message received on topic: type-2/8 with payload size: 91 at 2024-12-11 06:29:48.610025 sent 2024-12-11 06:29:48.608501
INFO:Message received on topic: type-2/8 with payload size: 91 at 2024-12-11 06:29:51.214038 sent 2024-12-11 06:29:51.212612
