INFO:Starting Version 1.0.5
DEBUG:Using selector: EpollSelector
INFO:Connecting to cluster at: mqtt-quic://emqx-headless.dtwins:14567 using QUIC
INFO:Subscribed to topic: type-2/3
INFO:Logging each: 50
INFO:Unhandled packet type received
INFO:Message received on topic: type-2/3 with payload size: 91 at 2024-12-11 06:21:07.495783 sent 2024-12-11 06:21:07.494690
INFO:Message received on topic: type-2/3 with payload size: 91 at 2024-12-11 06:21:10.083270 sent 2024-12-11 06:21:10.082262
INFO:Message received on topic: type-2/3 with payload size: 91 at 2024-12-11 06:21:12.669768 sent 2024-12-11 06:21:12.668850
INFO:Message received on topic: type-2/3 with payload size: 91 at 2024-12-11 06:21:15.258378 sent 2024-12-11 06:21:15.257455
INFO:Message received on topic: type-2/3 with payload size: 91 at 2024-12-11 06:21:17.852850 sent 2024-12-11 06:21:17.851393
INFO:Message received on topic: type-2/3 with payload size: 91 at 2024-12-11 06:21:20.448743 sent 2024-12-11 06:21:20.447251
INFO:Message received on topic: type-2/3 with payload size: 91 at 2024-12-11 06:21:23.047362 sent 2024-12-11 06:21:23.046064
INFO:Message received on topic: type-2/3 with payload size: 91 at 2024-12-11 06:21:25.647867 sent 2024-12-11 06:21:25.645933
INFO:Message received on topic: type-2/3 with payload size: 91 at 2024-12-11 06:21:28.246442 sent 2024-12-11 06:21:28.244909
INFO:Message received on topic: type-2/3 with payload size: 91 at 2024-12-11 06:21:30.846815 sent 2024-12-11 06:21:30.845420
INFO:Message received on topic: type-2/3 with payload size: 91 at 2024-12-11 06:21:33.447425 sent 2024-12-11 06:21:33.445890
INFO:Message received on topic: type-2/3 with payload size: 91 at 2024-12-11 06:21:36.049121 sent 2024-12-11 06:21:36.047735
INFO:Message received on topic: type-2/3 with payload size: 91 at 2024-12-11 06:21:38.652580 sent 2024-12-11 06:21:38.651241
INFO:Message received on topic: type-2/3 with payload size: 91 at 2024-12-11 06:21:41.257010 sent 2024-12-11 06:21:41.255310
INFO:Message received on topic: type-2/3 with payload size: 91 at 2024-12-11 06:21:43.861685 sent 2024-12-11 06:21:43.859998
INFO:Message received on topic: type-2/3 with payload size: 91 at 2024-12-11 06:21:46.470049 sent 2024-12-11 06:21:46.467850
INFO:Message received on topic: type-2/3 with payload size: 91 at 2024-12-11 06:21:49.073935 sent 2024-12-11 06:21:49.072368
INFO:Message received on topic: type-2/3 with payload size: 91 at 2024-12-11 06:21:51.676875 sent 2024-12-11 06:21:51.675291
INFO:Message received on topic: type-2/3 with payload size: 91 at 2024-12-11 06:21:54.284141 sent 2024-12-11 06:21:54.282593
INFO:Message received on topic: type-2/3 with payload size: 91 at 2024-12-11 06:21:56.887651 sent 2024-12-11 06:21:56.886029
INFO:Message received on topic: type-2/3 with payload size: 91 at 2024-12-11 06:21:59.493580 sent 2024-12-11 06:21:59.492021
INFO:Message received on topic: type-2/3 with payload size: 91 at 2024-12-11 06:22:02.098766 sent 2024-12-11 06:22:02.097265
INFO:Message received on topic: type-2/3 with payload size: 91 at 2024-12-11 06:22:04.702452 sent 2024-12-11 06:22:04.701004
INFO:Message received on topic: type-2/3 with payload size: 91 at 2024-12-11 06:22:07.307711 sent 2024-12-11 06:22:07.306222
INFO:Message received on topic: type-2/3 with payload size: 91 at 2024-12-11 06:22:09.911961 sent 2024-12-11 06:22:09.910343
INFO:Message received on topic: type-2/3 with payload size: 91 at 2024-12-11 06:22:12.515987 sent 2024-12-11 06:22:12.514275
INFO:Message received on topic: type-2/3 with payload size: 91 at 2024-12-11 06:22:15.118516 sent 2024-12-11 06:22:15.116962
INFO:Message received on topic: type-2/3 with payload size: 91 at 2024-12-11 06:22:17.721973 sent 2024-12-11 06:22:17.720561
INFO:Message received on topic: type-2/3 with payload size: 91 at 2024-12-11 06:22:20.324527 sent 2024-12-11 06:22:20.323049
INFO:Message received on topic: type-2/3 with payload size: 91 at 2024-12-11 06:22:22.926461 sent 2024-12-11 06:22:22.924932
INFO:Message received on topic: type-2/3 with payload size: 91 at 2024-12-11 06:22:25.529713 sent 2024-12-11 06:22:25.527967
INFO:Message received on topic: type-2/3 with payload size: 91 at 2024-12-11 06:22:28.132649 sent 2024-12-11 06:22:28.131000
INFO:Message received on topic: type-2/3 with payload size: 91 at 2024-12-11 06:22:30.738233 sent 2024-12-11 06:22:30.736909
INFO:Message received on topic: type-2/3 with payload size: 91 at 2024-12-11 06:22:33.344495 sent 2024-12-11 06:22:33.342779
INFO:Message received on topic: type-2/3 with payload size: 91 at 2024-12-11 06:22:35.950205 sent 2024-12-11 06:22:35.948804
INFO:Message received on topic: type-2/3 with payload size: 91 at 2024-12-11 06:22:38.554986 sent 2024-12-11 06:22:38.553653
INFO:Message received on topic: type-2/3 with payload size: 91 at 2024-12-11 06:22:41.158096 sent 2024-12-11 06:22:41.156704
INFO:Message received on topic: type-2/3 with payload size: 91 at 2024-12-11 06:22:43.759290 sent 2024-12-11 06:22:43.757425
INFO:Message received on topic: type-2/3 with payload size: 91 at 2024-12-11 06:22:46.365232 sent 2024-12-11 06:22:46.363839
INFO:Message received on topic: type-2/3 with payload size: 91 at 2024-12-11 06:22:48.969210 sent 2024-12-11 06:22:48.967619
INFO:Message received on topic: type-2/3 with payload size: 91 at 2024-12-11 06:22:51.571133 sent 2024-12-11 06:22:51.569654
INFO:Message received on topic: type-2/3 with payload size: 91 at 2024-12-11 06:22:54.175282 sent 2024-12-11 06:22:54.173869
INFO:Message received on topic: type-2/3 with payload size: 91 at 2024-12-11 06:22:56.780795 sent 2024-12-11 06:22:56.779178
INFO:Message received on topic: type-2/3 with payload size: 91 at 2024-12-11 06:22:59.387517 sent 2024-12-11 06:22:59.385971
INFO:Message received on topic: type-2/3 with payload size: 91 at 2024-12-11 06:23:01.989585 sent 2024-12-11 06:23:01.988030
INFO:Message received on topic: type-2/3 with payload size: 91 at 2024-12-11 06:23:04.595077 sent 2024-12-11 06:23:04.593665
INFO:Message received on topic: type-2/3 with payload size: 91 at 2024-12-11 06:23:07.199637 sent 2024-12-11 06:23:07.197988
INFO:Message received on topic: type-2/3 with payload size: 91 at 2024-12-11 06:23:09.805807 sent 2024-12-11 06:23:09.804053
INFO:Message received on topic: type-2/3 with payload size: 91 at 2024-12-11 06:23:12.408152 sent 2024-12-11 06:23:12.406633
INFO:Message received on topic: type-2/3 with payload size: 91 at 2024-12-11 06:23:15.013308 sent 2024-12-11 06:23:15.011757
INFO:Message received on topic: type-2/3 with payload size: 91 at 2024-12-11 06:23:17.625085 sent 2024-12-11 06:23:17.623597
INFO:Message received on topic: type-2/3 with payload size: 91 at 2024-12-11 06:23:20.226861 sent 2024-12-11 06:23:20.225544
INFO:Message received on topic: type-2/3 with payload size: 91 at 2024-12-11 06:23:22.830555 sent 2024-12-11 06:23:22.828918
INFO:Message received on topic: type-2/3 with payload size: 91 at 2024-12-11 06:23:25.434221 sent 2024-12-11 06:23:25.432802
INFO:Message received on topic: type-2/3 with payload size: 91 at 2024-12-11 06:23:28.040407 sent 2024-12-11 06:23:28.038853
INFO:Message received on topic: type-2/3 with payload size: 91 at 2024-12-11 06:23:30.639964 sent 2024-12-11 06:23:30.638697
INFO:Message received on topic: type-2/3 with payload size: 91 at 2024-12-11 06:23:33.237940 sent 2024-12-11 06:23:33.236440
INFO:Message received on topic: type-2/3 with payload size: 91 at 2024-12-11 06:23:35.838532 sent 2024-12-11 06:23:35.837007
INFO:Message received on topic: type-2/3 with payload size: 91 at 2024-12-11 06:23:38.437661 sent 2024-12-11 06:23:38.436195
INFO:Message received on topic: type-2/3 with payload size: 91 at 2024-12-11 06:23:41.035567 sent 2024-12-11 06:23:41.034061
INFO:Message received on topic: type-2/3 with payload size: 91 at 2024-12-11 06:23:43.631220 sent 2024-12-11 06:23:43.629944
INFO:Message received on topic: type-2/3 with payload size: 91 at 2024-12-11 06:23:46.231901 sent 2024-12-11 06:23:46.230624
INFO:Message received on topic: type-2/3 with payload size: 91 at 2024-12-11 06:23:48.836825 sent 2024-12-11 06:23:48.835420
INFO:Message received on topic: type-2/3 with payload size: 91 at 2024-12-11 06:23:51.440079 sent 2024-12-11 06:23:51.438291
INFO:Message received on topic: type-2/3 with payload size: 91 at 2024-12-11 06:23:54.043298 sent 2024-12-11 06:23:54.041908
INFO:Message received on topic: type-2/3 with payload size: 91 at 2024-12-11 06:23:56.645794 sent 2024-12-11 06:23:56.643848
INFO:Message received on topic: type-2/3 with payload size: 91 at 2024-12-11 06:23:59.244079 sent 2024-12-11 06:23:59.242576
INFO:Message received on topic: type-2/3 with payload size: 91 at 2024-12-11 06:24:01.844436 sent 2024-12-11 06:24:01.842914
INFO:Message received on topic: type-2/3 with payload size: 91 at 2024-12-11 06:24:04.447996 sent 2024-12-11 06:24:04.446501
INFO:Message received on topic: type-2/3 with payload size: 91 at 2024-12-11 06:24:07.050359 sent 2024-12-11 06:24:07.048811
INFO:Message received on topic: type-2/3 with payload size: 91 at 2024-12-11 06:24:09.654814 sent 2024-12-11 06:24:09.653202
INFO:Message received on topic: type-2/3 with payload size: 91 at 2024-12-11 06:24:12.263316 sent 2024-12-11 06:24:12.259643
INFO:Message received on topic: type-2/3 with payload size: 91 at 2024-12-11 06:24:14.867986 sent 2024-12-11 06:24:14.866402
INFO:Message received on topic: type-2/3 with payload size: 91 at 2024-12-11 06:24:17.475779 sent 2024-12-11 06:24:17.474281
INFO:Message received on topic: type-2/3 with payload size: 91 at 2024-12-11 06:24:20.078996 sent 2024-12-11 06:24:20.077534
INFO:Message received on topic: type-2/3 with payload size: 91 at 2024-12-11 06:24:22.683989 sent 2024-12-11 06:24:22.682496
INFO:Message received on topic: type-2/3 with payload size: 91 at 2024-12-11 06:24:25.285954 sent 2024-12-11 06:24:25.284529
INFO:Message received on topic: type-2/3 with payload size: 91 at 2024-12-11 06:24:27.888135 sent 2024-12-11 06:24:27.886738
INFO:Message received on topic: type-2/3 with payload size: 91 at 2024-12-11 06:24:30.492124 sent 2024-12-11 06:24:30.490738
INFO:Message received on topic: type-2/3 with payload size: 91 at 2024-12-11 06:24:33.093189 sent 2024-12-11 06:24:33.091388
INFO:Message received on topic: type-2/3 with payload size: 91 at 2024-12-11 06:24:35.695267 sent 2024-12-11 06:24:35.693793
INFO:Message received on topic: type-2/3 with payload size: 91 at 2024-12-11 06:24:38.296424 sent 2024-12-11 06:24:38.294893
INFO:Message received on topic: type-2/3 with payload size: 91 at 2024-12-11 06:24:40.902467 sent 2024-12-11 06:24:40.900875
INFO:Message received on topic: type-2/3 with payload size: 91 at 2024-12-11 06:24:43.505881 sent 2024-12-11 06:24:43.504342
INFO:Message received on topic: type-2/3 with payload size: 91 at 2024-12-11 06:24:46.111639 sent 2024-12-11 06:24:46.110027
INFO:Message received on topic: type-2/3 with payload size: 91 at 2024-12-11 06:24:48.716403 sent 2024-12-11 06:24:48.714511
INFO:Message received on topic: type-2/3 with payload size: 91 at 2024-12-11 06:24:51.321563 sent 2024-12-11 06:24:51.319967
INFO:Message received on topic: type-2/3 with payload size: 91 at 2024-12-11 06:24:53.926148 sent 2024-12-11 06:24:53.924738
INFO:Message received on topic: type-2/3 with payload size: 91 at 2024-12-11 06:24:56.529672 sent 2024-12-11 06:24:56.528112
INFO:Message received on topic: type-2/3 with payload size: 91 at 2024-12-11 06:24:59.131958 sent 2024-12-11 06:24:59.130665
INFO:Message received on topic: type-2/3 with payload size: 91 at 2024-12-11 06:25:01.736801 sent 2024-12-11 06:25:01.735421
INFO:Message received on topic: type-2/3 with payload size: 91 at 2024-12-11 06:25:04.337988 sent 2024-12-11 06:25:04.336504
INFO:Message received on topic: type-2/3 with payload size: 91 at 2024-12-11 06:25:06.942699 sent 2024-12-11 06:25:06.941254
INFO:Message received on topic: type-2/3 with payload size: 91 at 2024-12-11 06:25:09.547292 sent 2024-12-11 06:25:09.545731
INFO:Message received on topic: type-2/3 with payload size: 91 at 2024-12-11 06:25:12.150922 sent 2024-12-11 06:25:12.149232
INFO:Message received on topic: type-2/3 with payload size: 91 at 2024-12-11 06:25:14.761453 sent 2024-12-11 06:25:14.759570
INFO:Message received on topic: type-2/3 with payload size: 91 at 2024-12-11 06:25:17.366027 sent 2024-12-11 06:25:17.364553
INFO:Message received on topic: type-2/3 with payload size: 91 at 2024-12-11 06:25:19.967853 sent 2024-12-11 06:25:19.966516
INFO:Message received on topic: type-2/3 with payload size: 91 at 2024-12-11 06:25:22.565233 sent 2024-12-11 06:25:22.563928
INFO:Message received on topic: type-2/3 with payload size: 91 at 2024-12-11 06:25:25.164172 sent 2024-12-11 06:25:25.162970
INFO:Message received on topic: type-2/3 with payload size: 91 at 2024-12-11 06:25:27.760966 sent 2024-12-11 06:25:27.759370
INFO:Message received on topic: type-2/3 with payload size: 91 at 2024-12-11 06:25:30.361506 sent 2024-12-11 06:25:30.359958
INFO:Message received on topic: type-2/3 with payload size: 91 at 2024-12-11 06:25:32.966307 sent 2024-12-11 06:25:32.964782
INFO:Message received on topic: type-2/3 with payload size: 91 at 2024-12-11 06:25:35.567867 sent 2024-12-11 06:25:35.566402
INFO:Message received on topic: type-2/3 with payload size: 91 at 2024-12-11 06:25:38.164059 sent 2024-12-11 06:25:38.162488
INFO:Message received on topic: type-2/3 with payload size: 91 at 2024-12-11 06:25:40.762405 sent 2024-12-11 06:25:40.760886
INFO:Message received on topic: type-2/3 with payload size: 91 at 2024-12-11 06:25:43.362918 sent 2024-12-11 06:25:43.361575
INFO:Message received on topic: type-2/3 with payload size: 91 at 2024-12-11 06:25:45.967194 sent 2024-12-11 06:25:45.965633
INFO:Message received on topic: type-2/3 with payload size: 91 at 2024-12-11 06:25:48.574027 sent 2024-12-11 06:25:48.572469
INFO:Message received on topic: type-2/3 with payload size: 91 at 2024-12-11 06:25:51.181110 sent 2024-12-11 06:25:51.179614
INFO:Message received on topic: type-2/3 with payload size: 91 at 2024-12-11 06:25:53.787293 sent 2024-12-11 06:25:53.785772
INFO:Message received on topic: type-2/3 with payload size: 91 at 2024-12-11 06:25:56.393741 sent 2024-12-11 06:25:56.391982
INFO:Message received on topic: type-2/3 with payload size: 91 at 2024-12-11 06:25:59.001971 sent 2024-12-11 06:25:59.000227
INFO:Message received on topic: type-2/3 with payload size: 91 at 2024-12-11 06:26:01.605616 sent 2024-12-11 06:26:01.604119
INFO:Message received on topic: type-2/3 with payload size: 91 at 2024-12-11 06:26:04.212280 sent 2024-12-11 06:26:04.210041
INFO:Message received on topic: type-2/3 with payload size: 91 at 2024-12-11 06:26:06.817844 sent 2024-12-11 06:26:06.815414
INFO:Message received on topic: type-2/3 with payload size: 91 at 2024-12-11 06:26:09.424766 sent 2024-12-11 06:26:09.423306
INFO:Message received on topic: type-2/3 with payload size: 91 at 2024-12-11 06:26:12.023607 sent 2024-12-11 06:26:12.022309
INFO:Message received on topic: type-2/3 with payload size: 91 at 2024-12-11 06:26:14.626673 sent 2024-12-11 06:26:14.625169
INFO:Message received on topic: type-2/3 with payload size: 91 at 2024-12-11 06:26:17.227793 sent 2024-12-11 06:26:17.226051
INFO:Message received on topic: type-2/3 with payload size: 91 at 2024-12-11 06:26:19.830916 sent 2024-12-11 06:26:19.829587
INFO:Message received on topic: type-2/3 with payload size: 91 at 2024-12-11 06:26:22.434896 sent 2024-12-11 06:26:22.433538
INFO:Message received on topic: type-2/3 with payload size: 91 at 2024-12-11 06:26:25.038964 sent 2024-12-11 06:26:25.037436
INFO:Message received on topic: type-2/3 with payload size: 91 at 2024-12-11 06:26:27.641175 sent 2024-12-11 06:26:27.639693
INFO:Message received on topic: type-2/3 with payload size: 91 at 2024-12-11 06:26:30.247548 sent 2024-12-11 06:26:30.246192
INFO:Message received on topic: type-2/3 with payload size: 91 at 2024-12-11 06:26:32.850219 sent 2024-12-11 06:26:32.848760
INFO:Message received on topic: type-2/3 with payload size: 91 at 2024-12-11 06:26:35.451923 sent 2024-12-11 06:26:35.450600
INFO:Message received on topic: type-2/3 with payload size: 91 at 2024-12-11 06:26:38.050991 sent 2024-12-11 06:26:38.049702
INFO:Message received on topic: type-2/3 with payload size: 91 at 2024-12-11 06:26:40.650791 sent 2024-12-11 06:26:40.649151
INFO:Message received on topic: type-2/3 with payload size: 91 at 2024-12-11 06:26:43.255733 sent 2024-12-11 06:26:43.254092
INFO:Message received on topic: type-2/3 with payload size: 91 at 2024-12-11 06:26:45.861832 sent 2024-12-11 06:26:45.860450
INFO:Message received on topic: type-2/3 with payload size: 91 at 2024-12-11 06:26:48.465891 sent 2024-12-11 06:26:48.464164
INFO:Message received on topic: type-2/3 with payload size: 91 at 2024-12-11 06:26:51.068242 sent 2024-12-11 06:26:51.066664
INFO:Message received on topic: type-2/3 with payload size: 91 at 2024-12-11 06:26:53.672568 sent 2024-12-11 06:26:53.671028
INFO:Message received on topic: type-2/3 with payload size: 91 at 2024-12-11 06:26:56.276399 sent 2024-12-11 06:26:56.274878
INFO:Message received on topic: type-2/3 with payload size: 91 at 2024-12-11 06:26:58.880578 sent 2024-12-11 06:26:58.878970
INFO:Message received on topic: type-2/3 with payload size: 91 at 2024-12-11 06:27:01.483598 sent 2024-12-11 06:27:01.482052
INFO:Message received on topic: type-2/3 with payload size: 91 at 2024-12-11 06:27:04.088734 sent 2024-12-11 06:27:04.087006
INFO:Message received on topic: type-2/3 with payload size: 91 at 2024-12-11 06:27:06.691087 sent 2024-12-11 06:27:06.689546
INFO:Message received on topic: type-2/3 with payload size: 91 at 2024-12-11 06:27:09.298038 sent 2024-12-11 06:27:09.296586
INFO:Message received on topic: type-2/3 with payload size: 91 at 2024-12-11 06:27:11.899468 sent 2024-12-11 06:27:11.898124
INFO:Message received on topic: type-2/3 with payload size: 91 at 2024-12-11 06:27:14.500225 sent 2024-12-11 06:27:14.499236
INFO:Message received on topic: type-2/3 with payload size: 91 at 2024-12-11 06:27:17.102647 sent 2024-12-11 06:27:17.101148
INFO:Message received on topic: type-2/3 with payload size: 91 at 2024-12-11 06:27:19.705772 sent 2024-12-11 06:27:19.704469
INFO:Message received on topic: type-2/3 with payload size: 91 at 2024-12-11 06:27:22.307031 sent 2024-12-11 06:27:22.305593
INFO:Message received on topic: type-2/3 with payload size: 91 at 2024-12-11 06:27:24.909266 sent 2024-12-11 06:27:24.907823
INFO:Message received on topic: type-2/3 with payload size: 91 at 2024-12-11 06:27:27.510540 sent 2024-12-11 06:27:27.509173
INFO:Message received on topic: type-2/3 with payload size: 91 at 2024-12-11 06:27:30.114142 sent 2024-12-11 06:27:30.112621
INFO:Message received on topic: type-2/3 with payload size: 91 at 2024-12-11 06:27:32.718406 sent 2024-12-11 06:27:32.716932
INFO:Message received on topic: type-2/3 with payload size: 91 at 2024-12-11 06:27:35.324123 sent 2024-12-11 06:27:35.322857
INFO:Message received on topic: type-2/3 with payload size: 91 at 2024-12-11 06:27:37.923440 sent 2024-12-11 06:27:37.922116
INFO:Message received on topic: type-2/3 with payload size: 91 at 2024-12-11 06:27:40.527209 sent 2024-12-11 06:27:40.525852
INFO:Message received on topic: type-2/3 with payload size: 91 at 2024-12-11 06:27:43.132090 sent 2024-12-11 06:27:43.130315
INFO:Message received on topic: type-2/3 with payload size: 91 at 2024-12-11 06:27:45.738744 sent 2024-12-11 06:27:45.737388
INFO:Message received on topic: type-2/3 with payload size: 91 at 2024-12-11 06:27:48.340030 sent 2024-12-11 06:27:48.338451
INFO:Message received on topic: type-2/3 with payload size: 91 at 2024-12-11 06:27:50.941939 sent 2024-12-11 06:27:50.940600
INFO:Message received on topic: type-2/3 with payload size: 91 at 2024-12-11 06:27:53.536732 sent 2024-12-11 06:27:53.535525
INFO:Message received on topic: type-2/3 with payload size: 91 at 2024-12-11 06:27:56.119376 sent 2024-12-11 06:27:56.118391
INFO:Message received on topic: type-2/3 with payload size: 91 at 2024-12-11 06:27:58.707760 sent 2024-12-11 06:27:58.706759
INFO:Message received on topic: type-2/3 with payload size: 91 at 2024-12-11 06:28:01.290988 sent 2024-12-11 06:28:01.289786
INFO:Message received on topic: type-2/3 with payload size: 91 at 2024-12-11 06:28:03.888728 sent 2024-12-11 06:28:03.887198
INFO:Message received on topic: type-2/3 with payload size: 91 at 2024-12-11 06:28:06.486417 sent 2024-12-11 06:28:06.484737
INFO:Message received on topic: type-2/3 with payload size: 91 at 2024-12-11 06:28:09.085158 sent 2024-12-11 06:28:09.083769
INFO:Message received on topic: type-2/3 with payload size: 91 at 2024-12-11 06:28:11.685630 sent 2024-12-11 06:28:11.684122
INFO:Message received on topic: type-2/3 with payload size: 91 at 2024-12-11 06:28:14.285010 sent 2024-12-11 06:28:14.283696
INFO:Message received on topic: type-2/3 with payload size: 91 at 2024-12-11 06:28:16.886559 sent 2024-12-11 06:28:16.885146
INFO:Message received on topic: type-2/3 with payload size: 91 at 2024-12-11 06:28:19.491182 sent 2024-12-11 06:28:19.489799
INFO:Message received on topic: type-2/3 with payload size: 91 at 2024-12-11 06:28:22.092255 sent 2024-12-11 06:28:22.090964
INFO:Message received on topic: type-2/3 with payload size: 91 at 2024-12-11 06:28:24.692636 sent 2024-12-11 06:28:24.691047
INFO:Message received on topic: type-2/3 with payload size: 91 at 2024-12-11 06:28:27.294236 sent 2024-12-11 06:28:27.292812
INFO:Message received on topic: type-2/3 with payload size: 91 at 2024-12-11 06:28:29.894694 sent 2024-12-11 06:28:29.893038
INFO:Message received on topic: type-2/3 with payload size: 91 at 2024-12-11 06:28:32.496869 sent 2024-12-11 06:28:32.495517
INFO:Message received on topic: type-2/3 with payload size: 91 at 2024-12-11 06:28:35.097039 sent 2024-12-11 06:28:35.095283
INFO:Message received on topic: type-2/3 with payload size: 91 at 2024-12-11 06:28:37.699255 sent 2024-12-11 06:28:37.697917
INFO:Message received on topic: type-2/3 with payload size: 91 at 2024-12-11 06:28:40.299585 sent 2024-12-11 06:28:40.298096
INFO:Message received on topic: type-2/3 with payload size: 91 at 2024-12-11 06:28:42.898225 sent 2024-12-11 06:28:42.896831
INFO:Message received on topic: type-2/3 with payload size: 91 at 2024-12-11 06:28:45.493972 sent 2024-12-11 06:28:45.492579
INFO:Message received on topic: type-2/3 with payload size: 91 at 2024-12-11 06:28:48.095502 sent 2024-12-11 06:28:48.093939
INFO:Message received on topic: type-2/3 with payload size: 91 at 2024-12-11 06:28:50.699601 sent 2024-12-11 06:28:50.698175
INFO:Message received on topic: type-2/3 with payload size: 91 at 2024-12-11 06:28:53.304306 sent 2024-12-11 06:28:53.302921
INFO:Message received on topic: type-2/3 with payload size: 91 at 2024-12-11 06:28:55.907922 sent 2024-12-11 06:28:55.906518
INFO:Message received on topic: type-2/3 with payload size: 91 at 2024-12-11 06:28:58.513652 sent 2024-12-11 06:28:58.511957
INFO:Message received on topic: type-2/3 with payload size: 91 at 2024-12-11 06:29:01.118357 sent 2024-12-11 06:29:01.116600
INFO:Message received on topic: type-2/3 with payload size: 91 at 2024-12-11 06:29:03.722747 sent 2024-12-11 06:29:03.721179
INFO:Message received on topic: type-2/3 with payload size: 91 at 2024-12-11 06:29:06.326109 sent 2024-12-11 06:29:06.324444
INFO:Message received on topic: type-2/3 with payload size: 91 at 2024-12-11 06:29:08.929413 sent 2024-12-11 06:29:08.927855
INFO:Message received on topic: type-2/3 with payload size: 91 at 2024-12-11 06:29:11.533671 sent 2024-12-11 06:29:11.532242
INFO:Message received on topic: type-2/3 with payload size: 91 at 2024-12-11 06:29:14.143389 sent 2024-12-11 06:29:14.141737
INFO:Message received on topic: type-2/3 with payload size: 91 at 2024-12-11 06:29:16.745639 sent 2024-12-11 06:29:16.744004
INFO:Message received on topic: type-2/3 with payload size: 91 at 2024-12-11 06:29:19.351101 sent 2024-12-11 06:29:19.349625
INFO:Message received on topic: type-2/3 with payload size: 91 at 2024-12-11 06:29:21.955733 sent 2024-12-11 06:29:21.954053
INFO:Message received on topic: type-2/3 with payload size: 91 at 2024-12-11 06:29:24.558969 sent 2024-12-11 06:29:24.557113
INFO:Message received on topic: type-2/3 with payload size: 91 at 2024-12-11 06:29:27.163001 sent 2024-12-11 06:29:27.161445
INFO:Message received on topic: type-2/3 with payload size: 91 at 2024-12-11 06:29:29.765437 sent 2024-12-11 06:29:29.763941
INFO:Message received on topic: type-2/3 with payload size: 91 at 2024-12-11 06:29:32.374881 sent 2024-12-11 06:29:32.373392
INFO:Message received on topic: type-2/3 with payload size: 91 at 2024-12-11 06:29:34.977246 sent 2024-12-11 06:29:34.975904
