INFO:Starting Version 1.0.5
DEBUG:Using selector: EpollSelector
INFO:Connecting to cluster at: mqtt-quic://emqx-headless.dtwins:14567 using QUIC
INFO:Subscribed to topic: type-2/9
INFO:Logging each: 50
INFO:Unhandled packet type received
INFO:Message received on topic: type-2/9 with payload size: 91 at 2024-12-11 06:21:26.675235 sent 2024-12-11 06:21:26.673836
INFO:Message received on topic: type-2/9 with payload size: 91 at 2024-12-11 06:21:29.278434 sent 2024-12-11 06:21:29.276920
INFO:Message received on topic: type-2/9 with payload size: 91 at 2024-12-11 06:21:31.881207 sent 2024-12-11 06:21:31.879857
INFO:Message received on topic: type-2/9 with payload size: 91 at 2024-12-11 06:21:34.481302 sent 2024-12-11 06:21:34.480154
INFO:Message received on topic: type-2/9 with payload size: 91 at 2024-12-11 06:21:37.083492 sent 2024-12-11 06:21:37.081996
INFO:Message received on topic: type-2/9 with payload size: 91 at 2024-12-11 06:21:39.684488 sent 2024-12-11 06:21:39.682983
INFO:Message received on topic: type-2/9 with payload size: 91 at 2024-12-11 06:21:42.282704 sent 2024-12-11 06:21:42.281409
INFO:Message received on topic: type-2/9 with payload size: 91 at 2024-12-11 06:21:44.888414 sent 2024-12-11 06:21:44.886793
INFO:Message received on topic: type-2/9 with payload size: 91 at 2024-12-11 06:21:47.493297 sent 2024-12-11 06:21:47.491226
INFO:Message received on topic: type-2/9 with payload size: 91 at 2024-12-11 06:21:50.096254 sent 2024-12-11 06:21:50.094796
INFO:Message received on topic: type-2/9 with payload size: 91 at 2024-12-11 06:21:52.701400 sent 2024-12-11 06:21:52.699654
INFO:Message received on topic: type-2/9 with payload size: 91 at 2024-12-11 06:21:55.307044 sent 2024-12-11 06:21:55.305509
INFO:Message received on topic: type-2/9 with payload size: 91 at 2024-12-11 06:21:57.912715 sent 2024-12-11 06:21:57.911148
INFO:Message received on topic: type-2/9 with payload size: 91 at 2024-12-11 06:22:00.516760 sent 2024-12-11 06:22:00.515191
INFO:Message received on topic: type-2/9 with payload size: 91 at 2024-12-11 06:22:03.121127 sent 2024-12-11 06:22:03.119497
INFO:Message received on topic: type-2/9 with payload size: 91 at 2024-12-11 06:22:05.726163 sent 2024-12-11 06:22:05.724137
INFO:Message received on topic: type-2/9 with payload size: 91 at 2024-12-11 06:22:08.329968 sent 2024-12-11 06:22:08.328511
INFO:Message received on topic: type-2/9 with payload size: 91 at 2024-12-11 06:22:10.933677 sent 2024-12-11 06:22:10.932447
INFO:Message received on topic: type-2/9 with payload size: 91 at 2024-12-11 06:22:13.537655 sent 2024-12-11 06:22:13.536135
INFO:Message received on topic: type-2/9 with payload size: 91 at 2024-12-11 06:22:16.141704 sent 2024-12-11 06:22:16.140464
INFO:Message received on topic: type-2/9 with payload size: 91 at 2024-12-11 06:22:18.746949 sent 2024-12-11 06:22:18.745112
INFO:Message received on topic: type-2/9 with payload size: 91 at 2024-12-11 06:22:21.349041 sent 2024-12-11 06:22:21.347599
INFO:Message received on topic: type-2/9 with payload size: 91 at 2024-12-11 06:22:23.950802 sent 2024-12-11 06:22:23.949133
INFO:Message received on topic: type-2/9 with payload size: 91 at 2024-12-11 06:22:26.553919 sent 2024-12-11 06:22:26.552489
INFO:Message received on topic: type-2/9 with payload size: 91 at 2024-12-11 06:22:29.156877 sent 2024-12-11 06:22:29.155194
INFO:Message received on topic: type-2/9 with payload size: 91 at 2024-12-11 06:22:31.762813 sent 2024-12-11 06:22:31.761105
INFO:Message received on topic: type-2/9 with payload size: 91 at 2024-12-11 06:22:34.369575 sent 2024-12-11 06:22:34.368083
INFO:Message received on topic: type-2/9 with payload size: 91 at 2024-12-11 06:22:36.973877 sent 2024-12-11 06:22:36.972629
INFO:Message received on topic: type-2/9 with payload size: 91 at 2024-12-11 06:22:39.577276 sent 2024-12-11 06:22:39.575687
INFO:Message received on topic: type-2/9 with payload size: 91 at 2024-12-11 06:22:42.179300 sent 2024-12-11 06:22:42.178186
INFO:Message received on topic: type-2/9 with payload size: 91 at 2024-12-11 06:22:44.785098 sent 2024-12-11 06:22:44.783314
INFO:Message received on topic: type-2/9 with payload size: 91 at 2024-12-11 06:22:47.390886 sent 2024-12-11 06:22:47.388916
INFO:Message received on topic: type-2/9 with payload size: 91 at 2024-12-11 06:22:49.992409 sent 2024-12-11 06:22:49.990993
INFO:Message received on topic: type-2/9 with payload size: 91 at 2024-12-11 06:22:52.595533 sent 2024-12-11 06:22:52.594029
INFO:Message received on topic: type-2/9 with payload size: 91 at 2024-12-11 06:22:55.201041 sent 2024-12-11 06:22:55.199637
INFO:Message received on topic: type-2/9 with payload size: 91 at 2024-12-11 06:22:57.805882 sent 2024-12-11 06:22:57.804490
INFO:Message received on topic: type-2/9 with payload size: 91 at 2024-12-11 06:23:00.412497 sent 2024-12-11 06:23:00.411195
INFO:Message received on topic: type-2/9 with payload size: 91 at 2024-12-11 06:23:03.015891 sent 2024-12-11 06:23:03.014536
INFO:Message received on topic: type-2/9 with payload size: 91 at 2024-12-11 06:23:05.620427 sent 2024-12-11 06:23:05.618631
INFO:Message received on topic: type-2/9 with payload size: 91 at 2024-12-11 06:23:08.224646 sent 2024-12-11 06:23:08.223044
INFO:Message received on topic: type-2/9 with payload size: 91 at 2024-12-11 06:23:10.830730 sent 2024-12-11 06:23:10.829249
INFO:Message received on topic: type-2/9 with payload size: 91 at 2024-12-11 06:23:13.435203 sent 2024-12-11 06:23:13.433643
INFO:Message received on topic: type-2/9 with payload size: 91 at 2024-12-11 06:23:16.039986 sent 2024-12-11 06:23:16.038598
INFO:Message received on topic: type-2/9 with payload size: 91 at 2024-12-11 06:23:18.652727 sent 2024-12-11 06:23:18.651178
INFO:Message received on topic: type-2/9 with payload size: 91 at 2024-12-11 06:23:21.260253 sent 2024-12-11 06:23:21.258661
INFO:Message received on topic: type-2/9 with payload size: 91 at 2024-12-11 06:23:23.866410 sent 2024-12-11 06:23:23.864477
INFO:Message received on topic: type-2/9 with payload size: 91 at 2024-12-11 06:23:26.469590 sent 2024-12-11 06:23:26.468158
INFO:Message received on topic: type-2/9 with payload size: 91 at 2024-12-11 06:23:29.072006 sent 2024-12-11 06:23:29.070768
INFO:Message received on topic: type-2/9 with payload size: 91 at 2024-12-11 06:23:31.672418 sent 2024-12-11 06:23:31.671059
INFO:Message received on topic: type-2/9 with payload size: 91 at 2024-12-11 06:23:34.278104 sent 2024-12-11 06:23:34.276410
INFO:Message received on topic: type-2/9 with payload size: 91 at 2024-12-11 06:23:36.884591 sent 2024-12-11 06:23:36.883090
INFO:Message received on topic: type-2/9 with payload size: 91 at 2024-12-11 06:23:39.489193 sent 2024-12-11 06:23:39.487592
INFO:Message received on topic: type-2/9 with payload size: 91 at 2024-12-11 06:23:42.094428 sent 2024-12-11 06:23:42.092932
INFO:Message received on topic: type-2/9 with payload size: 91 at 2024-12-11 06:23:44.698439 sent 2024-12-11 06:23:44.696883
INFO:Message received on topic: type-2/9 with payload size: 91 at 2024-12-11 06:23:47.302719 sent 2024-12-11 06:23:47.301162
INFO:Message received on topic: type-2/9 with payload size: 91 at 2024-12-11 06:23:49.907930 sent 2024-12-11 06:23:49.906587
INFO:Message received on topic: type-2/9 with payload size: 91 at 2024-12-11 06:23:52.511689 sent 2024-12-11 06:23:52.510177
INFO:Message received on topic: type-2/9 with payload size: 91 at 2024-12-11 06:23:55.117317 sent 2024-12-11 06:23:55.115454
INFO:Message received on topic: type-2/9 with payload size: 91 at 2024-12-11 06:23:57.718539 sent 2024-12-11 06:23:57.717103
INFO:Message received on topic: type-2/9 with payload size: 91 at 2024-12-11 06:24:00.316207 sent 2024-12-11 06:24:00.314751
INFO:Message received on topic: type-2/9 with payload size: 91 at 2024-12-11 06:24:02.916932 sent 2024-12-11 06:24:02.915634
INFO:Message received on topic: type-2/9 with payload size: 91 at 2024-12-11 06:24:05.520433 sent 2024-12-11 06:24:05.518642
INFO:Message received on topic: type-2/9 with payload size: 91 at 2024-12-11 06:24:08.124613 sent 2024-12-11 06:24:08.122892
INFO:Message received on topic: type-2/9 with payload size: 91 at 2024-12-11 06:24:10.727942 sent 2024-12-11 06:24:10.726374
INFO:Message received on topic: type-2/9 with payload size: 91 at 2024-12-11 06:24:13.333310 sent 2024-12-11 06:24:13.330922
INFO:Message received on topic: type-2/9 with payload size: 91 at 2024-12-11 06:24:15.940419 sent 2024-12-11 06:24:15.938308
INFO:Message received on topic: type-2/9 with payload size: 91 at 2024-12-11 06:24:18.548236 sent 2024-12-11 06:24:18.546500
INFO:Message received on topic: type-2/9 with payload size: 91 at 2024-12-11 06:24:21.152511 sent 2024-12-11 06:24:21.150602
INFO:Message received on topic: type-2/9 with payload size: 91 at 2024-12-11 06:24:23.752957 sent 2024-12-11 06:24:23.751485
INFO:Message received on topic: type-2/9 with payload size: 91 at 2024-12-11 06:24:26.355011 sent 2024-12-11 06:24:26.353702
INFO:Message received on topic: type-2/9 with payload size: 91 at 2024-12-11 06:24:28.958517 sent 2024-12-11 06:24:28.957018
INFO:Message received on topic: type-2/9 with payload size: 91 at 2024-12-11 06:24:31.562542 sent 2024-12-11 06:24:31.560820
INFO:Message received on topic: type-2/9 with payload size: 91 at 2024-12-11 06:24:34.162846 sent 2024-12-11 06:24:34.161235
INFO:Message received on topic: type-2/9 with payload size: 91 at 2024-12-11 06:24:36.766913 sent 2024-12-11 06:24:36.765508
INFO:Message received on topic: type-2/9 with payload size: 91 at 2024-12-11 06:24:39.372279 sent 2024-12-11 06:24:39.370687
INFO:Message received on topic: type-2/9 with payload size: 91 at 2024-12-11 06:24:41.976765 sent 2024-12-11 06:24:41.975357
INFO:Message received on topic: type-2/9 with payload size: 91 at 2024-12-11 06:24:44.581151 sent 2024-12-11 06:24:44.579604
INFO:Message received on topic: type-2/9 with payload size: 91 at 2024-12-11 06:24:47.185755 sent 2024-12-11 06:24:47.184141
INFO:Message received on topic: type-2/9 with payload size: 91 at 2024-12-11 06:24:49.790247 sent 2024-12-11 06:24:49.788656
INFO:Message received on topic: type-2/9 with payload size: 91 at 2024-12-11 06:24:52.395542 sent 2024-12-11 06:24:52.394055
INFO:Message received on topic: type-2/9 with payload size: 91 at 2024-12-11 06:24:55.003615 sent 2024-12-11 06:24:55.001920
INFO:Message received on topic: type-2/9 with payload size: 91 at 2024-12-11 06:24:57.608796 sent 2024-12-11 06:24:57.607445
INFO:Message received on topic: type-2/9 with payload size: 91 at 2024-12-11 06:25:00.212970 sent 2024-12-11 06:25:00.211652
INFO:Message received on topic: type-2/9 with payload size: 91 at 2024-12-11 06:25:02.817579 sent 2024-12-11 06:25:02.816217
INFO:Message received on topic: type-2/9 with payload size: 91 at 2024-12-11 06:25:05.419248 sent 2024-12-11 06:25:05.417617
INFO:Message received on topic: type-2/9 with payload size: 91 at 2024-12-11 06:25:08.022257 sent 2024-12-11 06:25:08.020665
INFO:Message received on topic: type-2/9 with payload size: 91 at 2024-12-11 06:25:10.625175 sent 2024-12-11 06:25:10.623665
INFO:Message received on topic: type-2/9 with payload size: 91 at 2024-12-11 06:25:13.228522 sent 2024-12-11 06:25:13.226943
INFO:Message received on topic: type-2/9 with payload size: 91 at 2024-12-11 06:25:15.835913 sent 2024-12-11 06:25:15.834304
INFO:Message received on topic: type-2/9 with payload size: 91 at 2024-12-11 06:25:18.440551 sent 2024-12-11 06:25:18.438803
INFO:Message received on topic: type-2/9 with payload size: 91 at 2024-12-11 06:25:21.041729 sent 2024-12-11 06:25:21.040365
INFO:Message received on topic: type-2/9 with payload size: 91 at 2024-12-11 06:25:23.644173 sent 2024-12-11 06:25:23.642621
INFO:Message received on topic: type-2/9 with payload size: 91 at 2024-12-11 06:25:26.240748 sent 2024-12-11 06:25:26.239427
INFO:Message received on topic: type-2/9 with payload size: 91 at 2024-12-11 06:25:28.839001 sent 2024-12-11 06:25:28.837699
INFO:Message received on topic: type-2/9 with payload size: 91 at 2024-12-11 06:25:31.438805 sent 2024-12-11 06:25:31.437193
INFO:Message received on topic: type-2/9 with payload size: 91 at 2024-12-11 06:25:34.043388 sent 2024-12-11 06:25:34.041646
INFO:Message received on topic: type-2/9 with payload size: 91 at 2024-12-11 06:25:36.646479 sent 2024-12-11 06:25:36.644939
INFO:Message received on topic: type-2/9 with payload size: 91 at 2024-12-11 06:25:39.248754 sent 2024-12-11 06:25:39.247185
INFO:Message received on topic: type-2/9 with payload size: 91 at 2024-12-11 06:25:41.849782 sent 2024-12-11 06:25:41.848355
INFO:Message received on topic: type-2/9 with payload size: 91 at 2024-12-11 06:25:44.449548 sent 2024-12-11 06:25:44.448148
INFO:Message received on topic: type-2/9 with payload size: 91 at 2024-12-11 06:25:47.048370 sent 2024-12-11 06:25:47.047005
INFO:Message received on topic: type-2/9 with payload size: 91 at 2024-12-11 06:25:49.650912 sent 2024-12-11 06:25:49.649252
INFO:Message received on topic: type-2/9 with payload size: 91 at 2024-12-11 06:25:52.256019 sent 2024-12-11 06:25:52.254496
INFO:Message received on topic: type-2/9 with payload size: 91 at 2024-12-11 06:25:54.860784 sent 2024-12-11 06:25:54.859439
INFO:Message received on topic: type-2/9 with payload size: 91 at 2024-12-11 06:25:57.466049 sent 2024-12-11 06:25:57.464715
INFO:Message received on topic: type-2/9 with payload size: 91 at 2024-12-11 06:26:00.070370 sent 2024-12-11 06:26:00.068909
INFO:Message received on topic: type-2/9 with payload size: 91 at 2024-12-11 06:26:02.676069 sent 2024-12-11 06:26:02.674406
INFO:Message received on topic: type-2/9 with payload size: 91 at 2024-12-11 06:26:05.282526 sent 2024-12-11 06:26:05.280884
INFO:Message received on topic: type-2/9 with payload size: 91 at 2024-12-11 06:26:07.885072 sent 2024-12-11 06:26:07.883694
INFO:Message received on topic: type-2/9 with payload size: 91 at 2024-12-11 06:26:10.486006 sent 2024-12-11 06:26:10.484438
INFO:Message received on topic: type-2/9 with payload size: 91 at 2024-12-11 06:26:13.085458 sent 2024-12-11 06:26:13.083980
INFO:Message received on topic: type-2/9 with payload size: 91 at 2024-12-11 06:26:15.685004 sent 2024-12-11 06:26:15.683543
INFO:Message received on topic: type-2/9 with payload size: 91 at 2024-12-11 06:26:18.290629 sent 2024-12-11 06:26:18.289231
INFO:Message received on topic: type-2/9 with payload size: 91 at 2024-12-11 06:26:20.892652 sent 2024-12-11 06:26:20.890616
INFO:Message received on topic: type-2/9 with payload size: 91 at 2024-12-11 06:26:23.489410 sent 2024-12-11 06:26:23.487583
INFO:Message received on topic: type-2/9 with payload size: 91 at 2024-12-11 06:26:26.091563 sent 2024-12-11 06:26:26.090150
INFO:Message received on topic: type-2/9 with payload size: 91 at 2024-12-11 06:26:28.696077 sent 2024-12-11 06:26:28.694678
INFO:Message received on topic: type-2/9 with payload size: 91 at 2024-12-11 06:26:31.302420 sent 2024-12-11 06:26:31.300820
INFO:Message received on topic: type-2/9 with payload size: 91 at 2024-12-11 06:26:33.906436 sent 2024-12-11 06:26:33.904987
INFO:Message received on topic: type-2/9 with payload size: 91 at 2024-12-11 06:26:36.510975 sent 2024-12-11 06:26:36.509523
INFO:Message received on topic: type-2/9 with payload size: 91 at 2024-12-11 06:26:39.115404 sent 2024-12-11 06:26:39.113673
INFO:Message received on topic: type-2/9 with payload size: 91 at 2024-12-11 06:26:41.719786 sent 2024-12-11 06:26:41.717951
INFO:Message received on topic: type-2/9 with payload size: 91 at 2024-12-11 06:26:44.324896 sent 2024-12-11 06:26:44.323376
INFO:Message received on topic: type-2/9 with payload size: 91 at 2024-12-11 06:26:46.927679 sent 2024-12-11 06:26:46.926127
INFO:Message received on topic: type-2/9 with payload size: 91 at 2024-12-11 06:26:49.529718 sent 2024-12-11 06:26:49.528271
INFO:Message received on topic: type-2/9 with payload size: 91 at 2024-12-11 06:26:52.133755 sent 2024-12-11 06:26:52.131908
INFO:Message received on topic: type-2/9 with payload size: 91 at 2024-12-11 06:26:54.740431 sent 2024-12-11 06:26:54.738789
INFO:Message received on topic: type-2/9 with payload size: 91 at 2024-12-11 06:26:57.344150 sent 2024-12-11 06:26:57.342516
INFO:Message received on topic: type-2/9 with payload size: 91 at 2024-12-11 06:26:59.944099 sent 2024-12-11 06:26:59.942675
INFO:Message received on topic: type-2/9 with payload size: 91 at 2024-12-11 06:27:02.547124 sent 2024-12-11 06:27:02.545637
INFO:Message received on topic: type-2/9 with payload size: 91 at 2024-12-11 06:27:05.151033 sent 2024-12-11 06:27:05.149596
INFO:Message received on topic: type-2/9 with payload size: 91 at 2024-12-11 06:27:07.753169 sent 2024-12-11 06:27:07.751717
INFO:Message received on topic: type-2/9 with payload size: 91 at 2024-12-11 06:27:10.352505 sent 2024-12-11 06:27:10.350170
INFO:Message received on topic: type-2/9 with payload size: 91 at 2024-12-11 06:27:12.951149 sent 2024-12-11 06:27:12.949648
INFO:Message received on topic: type-2/9 with payload size: 91 at 2024-12-11 06:27:15.552796 sent 2024-12-11 06:27:15.551361
INFO:Message received on topic: type-2/9 with payload size: 91 at 2024-12-11 06:27:18.151210 sent 2024-12-11 06:27:18.149616
INFO:Message received on topic: type-2/9 with payload size: 91 at 2024-12-11 06:27:20.752024 sent 2024-12-11 06:27:20.750610
INFO:Message received on topic: type-2/9 with payload size: 91 at 2024-12-11 06:27:23.353967 sent 2024-12-11 06:27:23.352669
INFO:Message received on topic: type-2/9 with payload size: 91 at 2024-12-11 06:27:25.957843 sent 2024-12-11 06:27:25.956489
INFO:Message received on topic: type-2/9 with payload size: 91 at 2024-12-11 06:27:28.560411 sent 2024-12-11 06:27:28.558860
INFO:Message received on topic: type-2/9 with payload size: 91 at 2024-12-11 06:27:31.165240 sent 2024-12-11 06:27:31.163941
INFO:Message received on topic: type-2/9 with payload size: 91 at 2024-12-11 06:27:33.767831 sent 2024-12-11 06:27:33.766546
INFO:Message received on topic: type-2/9 with payload size: 91 at 2024-12-11 06:27:36.369500 sent 2024-12-11 06:27:36.368092
INFO:Message received on topic: type-2/9 with payload size: 91 at 2024-12-11 06:27:38.971801 sent 2024-12-11 06:27:38.970417
INFO:Message received on topic: type-2/9 with payload size: 91 at 2024-12-11 06:27:41.575521 sent 2024-12-11 06:27:41.573644
INFO:Message received on topic: type-2/9 with payload size: 91 at 2024-12-11 06:27:44.177480 sent 2024-12-11 06:27:44.175728
INFO:Message received on topic: type-2/9 with payload size: 91 at 2024-12-11 06:27:46.784949 sent 2024-12-11 06:27:46.783684
INFO:Message received on topic: type-2/9 with payload size: 91 at 2024-12-11 06:27:49.387794 sent 2024-12-11 06:27:49.386292
INFO:Message received on topic: type-2/9 with payload size: 91 at 2024-12-11 06:27:51.990595 sent 2024-12-11 06:27:51.989218
INFO:Message received on topic: type-2/9 with payload size: 91 at 2024-12-11 06:27:54.575759 sent 2024-12-11 06:27:54.574835
INFO:Message received on topic: type-2/9 with payload size: 91 at 2024-12-11 06:27:57.161428 sent 2024-12-11 06:27:57.160502
INFO:Message received on topic: type-2/9 with payload size: 91 at 2024-12-11 06:27:59.748640 sent 2024-12-11 06:27:59.747485
INFO:Message received on topic: type-2/9 with payload size: 91 at 2024-12-11 06:28:02.342941 sent 2024-12-11 06:28:02.341231
INFO:Message received on topic: type-2/9 with payload size: 91 at 2024-12-11 06:28:04.946015 sent 2024-12-11 06:28:04.944521
INFO:Message received on topic: type-2/9 with payload size: 91 at 2024-12-11 06:28:07.548821 sent 2024-12-11 06:28:07.547211
INFO:Message received on topic: type-2/9 with payload size: 91 at 2024-12-11 06:28:10.148835 sent 2024-12-11 06:28:10.147465
INFO:Message received on topic: type-2/9 with payload size: 91 at 2024-12-11 06:28:12.753706 sent 2024-12-11 06:28:12.752154
INFO:Message received on topic: type-2/9 with payload size: 91 at 2024-12-11 06:28:15.352933 sent 2024-12-11 06:28:15.351652
INFO:Message received on topic: type-2/9 with payload size: 91 at 2024-12-11 06:28:17.956167 sent 2024-12-11 06:28:17.954782
INFO:Message received on topic: type-2/9 with payload size: 91 at 2024-12-11 06:28:20.557865 sent 2024-12-11 06:28:20.556236
INFO:Message received on topic: type-2/9 with payload size: 91 at 2024-12-11 06:28:23.159860 sent 2024-12-11 06:28:23.158550
INFO:Message received on topic: type-2/9 with payload size: 91 at 2024-12-11 06:28:25.759825 sent 2024-12-11 06:28:25.758402
INFO:Message received on topic: type-2/9 with payload size: 91 at 2024-12-11 06:28:28.362084 sent 2024-12-11 06:28:28.360682
INFO:Message received on topic: type-2/9 with payload size: 91 at 2024-12-11 06:28:30.967477 sent 2024-12-11 06:28:30.965923
INFO:Message received on topic: type-2/9 with payload size: 91 at 2024-12-11 06:28:33.570993 sent 2024-12-11 06:28:33.569630
INFO:Message received on topic: type-2/9 with payload size: 91 at 2024-12-11 06:28:36.172097 sent 2024-12-11 06:28:36.170703
INFO:Message received on topic: type-2/9 with payload size: 91 at 2024-12-11 06:28:38.774153 sent 2024-12-11 06:28:38.772623
INFO:Message received on topic: type-2/9 with payload size: 91 at 2024-12-11 06:28:41.382205 sent 2024-12-11 06:28:41.380630
INFO:Message received on topic: type-2/9 with payload size: 91 at 2024-12-11 06:28:43.982845 sent 2024-12-11 06:28:43.981509
INFO:Message received on topic: type-2/9 with payload size: 91 at 2024-12-11 06:28:46.580996 sent 2024-12-11 06:28:46.579572
INFO:Message received on topic: type-2/9 with payload size: 91 at 2024-12-11 06:28:49.184486 sent 2024-12-11 06:28:49.183038
INFO:Message received on topic: type-2/9 with payload size: 91 at 2024-12-11 06:28:51.782385 sent 2024-12-11 06:28:51.780974
INFO:Message received on topic: type-2/9 with payload size: 91 at 2024-12-11 06:28:54.384650 sent 2024-12-11 06:28:54.383166
INFO:Message received on topic: type-2/9 with payload size: 91 at 2024-12-11 06:28:56.987439 sent 2024-12-11 06:28:56.985636
INFO:Message received on topic: type-2/9 with payload size: 91 at 2024-12-11 06:28:59.591744 sent 2024-12-11 06:28:59.588982
INFO:Message received on topic: type-2/9 with payload size: 91 at 2024-12-11 06:29:02.195992 sent 2024-12-11 06:29:02.194138
INFO:Message received on topic: type-2/9 with payload size: 91 at 2024-12-11 06:29:04.799546 sent 2024-12-11 06:29:04.797897
INFO:Message received on topic: type-2/9 with payload size: 91 at 2024-12-11 06:29:07.403568 sent 2024-12-11 06:29:07.402225
INFO:Message received on topic: type-2/9 with payload size: 91 at 2024-12-11 06:29:10.007512 sent 2024-12-11 06:29:10.006104
INFO:Message received on topic: type-2/9 with payload size: 91 at 2024-12-11 06:29:12.611579 sent 2024-12-11 06:29:12.610046
INFO:Message received on topic: type-2/9 with payload size: 91 at 2024-12-11 06:29:15.217730 sent 2024-12-11 06:29:15.215538
INFO:Message received on topic: type-2/9 with payload size: 91 at 2024-12-11 06:29:17.819513 sent 2024-12-11 06:29:17.817431
INFO:Message received on topic: type-2/9 with payload size: 91 at 2024-12-11 06:29:20.424608 sent 2024-12-11 06:29:20.422791
INFO:Message received on topic: type-2/9 with payload size: 91 at 2024-12-11 06:29:23.028791 sent 2024-12-11 06:29:23.027256
INFO:Message received on topic: type-2/9 with payload size: 91 at 2024-12-11 06:29:25.631553 sent 2024-12-11 06:29:25.629892
INFO:Message received on topic: type-2/9 with payload size: 91 at 2024-12-11 06:29:28.233136 sent 2024-12-11 06:29:28.232017
INFO:Message received on topic: type-2/9 with payload size: 91 at 2024-12-11 06:29:30.840585 sent 2024-12-11 06:29:30.838909
INFO:Message received on topic: type-2/9 with payload size: 91 at 2024-12-11 06:29:33.448155 sent 2024-12-11 06:29:33.446641
INFO:Message received on topic: type-2/9 with payload size: 91 at 2024-12-11 06:29:36.050437 sent 2024-12-11 06:29:36.048919
INFO:Message received on topic: type-2/9 with payload size: 91 at 2024-12-11 06:29:38.654668 sent 2024-12-11 06:29:38.653145
INFO:Message received on topic: type-2/9 with payload size: 91 at 2024-12-11 06:29:41.257079 sent 2024-12-11 06:29:41.255602
INFO:Message received on topic: type-2/9 with payload size: 91 at 2024-12-11 06:29:43.860788 sent 2024-12-11 06:29:43.859249
INFO:Message received on topic: type-2/9 with payload size: 91 at 2024-12-11 06:29:46.464896 sent 2024-12-11 06:29:46.463358
INFO:Message received on topic: type-2/9 with payload size: 91 at 2024-12-11 06:29:49.070954 sent 2024-12-11 06:29:49.069400
INFO:Message received on topic: type-2/9 with payload size: 91 at 2024-12-11 06:29:51.675639 sent 2024-12-11 06:29:51.673977
INFO:Message received on topic: type-2/9 with payload size: 91 at 2024-12-11 06:29:54.281222 sent 2024-12-11 06:29:54.279652
