INFO:Starting Version 1.0.5
DEBUG:Using selector: EpollSelector
INFO:Connecting to cluster at: mqtt-quic://emqx-headless.dtwins:14567 using QUIC
INFO:Subscribed to topic: type-2/6
INFO:Logging each: 50
INFO:Unhandled packet type received
INFO:Message received on topic: type-2/6 with payload size: 91 at 2024-12-11 06:21:17.650405 sent 2024-12-11 06:21:17.648739
INFO:Message received on topic: type-2/6 with payload size: 91 at 2024-12-11 06:21:20.252985 sent 2024-12-11 06:21:20.250617
INFO:Message received on topic: type-2/6 with payload size: 91 at 2024-12-11 06:21:22.852986 sent 2024-12-11 06:21:22.851595
INFO:Message received on topic: type-2/6 with payload size: 91 at 2024-12-11 06:21:25.448910 sent 2024-12-11 06:21:25.447554
INFO:Message received on topic: type-2/6 with payload size: 91 at 2024-12-11 06:21:28.050870 sent 2024-12-11 06:21:28.049364
INFO:Message received on topic: type-2/6 with payload size: 91 at 2024-12-11 06:21:30.654022 sent 2024-12-11 06:21:30.652635
INFO:Message received on topic: type-2/6 with payload size: 91 at 2024-12-11 06:21:33.255206 sent 2024-12-11 06:21:33.253744
INFO:Message received on topic: type-2/6 with payload size: 91 at 2024-12-11 06:21:35.851175 sent 2024-12-11 06:21:35.849837
INFO:Message received on topic: type-2/6 with payload size: 91 at 2024-12-11 06:21:38.452944 sent 2024-12-11 06:21:38.451379
INFO:Message received on topic: type-2/6 with payload size: 91 at 2024-12-11 06:21:41.056435 sent 2024-12-11 06:21:41.055047
INFO:Message received on topic: type-2/6 with payload size: 91 at 2024-12-11 06:21:43.661568 sent 2024-12-11 06:21:43.660092
INFO:Message received on topic: type-2/6 with payload size: 91 at 2024-12-11 06:21:46.267359 sent 2024-12-11 06:21:46.265504
INFO:Message received on topic: type-2/6 with payload size: 91 at 2024-12-11 06:21:48.872907 sent 2024-12-11 06:21:48.871494
INFO:Message received on topic: type-2/6 with payload size: 91 at 2024-12-11 06:21:51.475655 sent 2024-12-11 06:21:51.474249
INFO:Message received on topic: type-2/6 with payload size: 91 at 2024-12-11 06:21:54.082779 sent 2024-12-11 06:21:54.081011
INFO:Message received on topic: type-2/6 with payload size: 91 at 2024-12-11 06:21:56.686292 sent 2024-12-11 06:21:56.684788
INFO:Message received on topic: type-2/6 with payload size: 91 at 2024-12-11 06:21:59.291904 sent 2024-12-11 06:21:59.290186
INFO:Message received on topic: type-2/6 with payload size: 91 at 2024-12-11 06:22:01.897608 sent 2024-12-11 06:22:01.895952
INFO:Message received on topic: type-2/6 with payload size: 91 at 2024-12-11 06:22:04.500388 sent 2024-12-11 06:22:04.499466
INFO:Message received on topic: type-2/6 with payload size: 91 at 2024-12-11 06:22:07.106388 sent 2024-12-11 06:22:07.104836
INFO:Message received on topic: type-2/6 with payload size: 91 at 2024-12-11 06:22:09.709074 sent 2024-12-11 06:22:09.707630
INFO:Message received on topic: type-2/6 with payload size: 91 at 2024-12-11 06:22:12.313618 sent 2024-12-11 06:22:12.312102
INFO:Message received on topic: type-2/6 with payload size: 91 at 2024-12-11 06:22:14.916627 sent 2024-12-11 06:22:14.915163
INFO:Message received on topic: type-2/6 with payload size: 91 at 2024-12-11 06:22:17.519430 sent 2024-12-11 06:22:17.517701
INFO:Message received on topic: type-2/6 with payload size: 91 at 2024-12-11 06:22:20.123379 sent 2024-12-11 06:22:20.121643
INFO:Message received on topic: type-2/6 with payload size: 91 at 2024-12-11 06:22:22.725131 sent 2024-12-11 06:22:22.723569
INFO:Message received on topic: type-2/6 with payload size: 91 at 2024-12-11 06:22:25.327921 sent 2024-12-11 06:22:25.326472
INFO:Message received on topic: type-2/6 with payload size: 91 at 2024-12-11 06:22:27.931026 sent 2024-12-11 06:22:27.929694
INFO:Message received on topic: type-2/6 with payload size: 91 at 2024-12-11 06:22:30.536294 sent 2024-12-11 06:22:30.534686
INFO:Message received on topic: type-2/6 with payload size: 91 at 2024-12-11 06:22:33.141922 sent 2024-12-11 06:22:33.140196
INFO:Message received on topic: type-2/6 with payload size: 91 at 2024-12-11 06:22:35.746044 sent 2024-12-11 06:22:35.744684
INFO:Message received on topic: type-2/6 with payload size: 91 at 2024-12-11 06:22:38.349521 sent 2024-12-11 06:22:38.347971
INFO:Message received on topic: type-2/6 with payload size: 91 at 2024-12-11 06:22:40.952933 sent 2024-12-11 06:22:40.951379
INFO:Message received on topic: type-2/6 with payload size: 91 at 2024-12-11 06:22:43.551831 sent 2024-12-11 06:22:43.550230
INFO:Message received on topic: type-2/6 with payload size: 91 at 2024-12-11 06:22:46.155312 sent 2024-12-11 06:22:46.153985
INFO:Message received on topic: type-2/6 with payload size: 91 at 2024-12-11 06:22:48.758505 sent 2024-12-11 06:22:48.756859
INFO:Message received on topic: type-2/6 with payload size: 91 at 2024-12-11 06:22:51.362283 sent 2024-12-11 06:22:51.360828
INFO:Message received on topic: type-2/6 with payload size: 91 at 2024-12-11 06:22:53.965837 sent 2024-12-11 06:22:53.964313
INFO:Message received on topic: type-2/6 with payload size: 91 at 2024-12-11 06:22:56.572276 sent 2024-12-11 06:22:56.570514
INFO:Message received on topic: type-2/6 with payload size: 91 at 2024-12-11 06:22:59.177889 sent 2024-12-11 06:22:59.176396
INFO:Message received on topic: type-2/6 with payload size: 91 at 2024-12-11 06:23:01.783225 sent 2024-12-11 06:23:01.781816
INFO:Message received on topic: type-2/6 with payload size: 91 at 2024-12-11 06:23:04.390235 sent 2024-12-11 06:23:04.388669
INFO:Message received on topic: type-2/6 with payload size: 91 at 2024-12-11 06:23:06.993845 sent 2024-12-11 06:23:06.992104
INFO:Message received on topic: type-2/6 with payload size: 91 at 2024-12-11 06:23:09.596800 sent 2024-12-11 06:23:09.595367
INFO:Message received on topic: type-2/6 with payload size: 91 at 2024-12-11 06:23:12.197018 sent 2024-12-11 06:23:12.195655
INFO:Message received on topic: type-2/6 with payload size: 91 at 2024-12-11 06:23:14.799284 sent 2024-12-11 06:23:14.797909
INFO:Message received on topic: type-2/6 with payload size: 91 at 2024-12-11 06:23:17.405889 sent 2024-12-11 06:23:17.404470
INFO:Message received on topic: type-2/6 with payload size: 91 at 2024-12-11 06:23:20.007043 sent 2024-12-11 06:23:20.005414
INFO:Message received on topic: type-2/6 with payload size: 91 at 2024-12-11 06:23:22.608751 sent 2024-12-11 06:23:22.607137
INFO:Message received on topic: type-2/6 with payload size: 91 at 2024-12-11 06:23:25.204803 sent 2024-12-11 06:23:25.203292
INFO:Message received on topic: type-2/6 with payload size: 91 at 2024-12-11 06:23:27.805498 sent 2024-12-11 06:23:27.804086
INFO:Message received on topic: type-2/6 with payload size: 91 at 2024-12-11 06:23:30.404482 sent 2024-12-11 06:23:30.403099
INFO:Message received on topic: type-2/6 with payload size: 91 at 2024-12-11 06:23:33.005761 sent 2024-12-11 06:23:33.004374
INFO:Message received on topic: type-2/6 with payload size: 91 at 2024-12-11 06:23:35.611844 sent 2024-12-11 06:23:35.610265
INFO:Message received on topic: type-2/6 with payload size: 91 at 2024-12-11 06:23:38.212003 sent 2024-12-11 06:23:38.210629
INFO:Message received on topic: type-2/6 with payload size: 91 at 2024-12-11 06:23:40.815786 sent 2024-12-11 06:23:40.814210
INFO:Message received on topic: type-2/6 with payload size: 91 at 2024-12-11 06:23:43.419743 sent 2024-12-11 06:23:43.418271
INFO:Message received on topic: type-2/6 with payload size: 91 at 2024-12-11 06:23:46.022948 sent 2024-12-11 06:23:46.021656
INFO:Message received on topic: type-2/6 with payload size: 91 at 2024-12-11 06:23:48.626207 sent 2024-12-11 06:23:48.624803
INFO:Message received on topic: type-2/6 with payload size: 91 at 2024-12-11 06:23:51.230454 sent 2024-12-11 06:23:51.228864
INFO:Message received on topic: type-2/6 with payload size: 91 at 2024-12-11 06:23:53.835575 sent 2024-12-11 06:23:53.834222
INFO:Message received on topic: type-2/6 with payload size: 91 at 2024-12-11 06:23:56.438758 sent 2024-12-11 06:23:56.437110
INFO:Message received on topic: type-2/6 with payload size: 91 at 2024-12-11 06:23:59.036742 sent 2024-12-11 06:23:59.035177
INFO:Message received on topic: type-2/6 with payload size: 91 at 2024-12-11 06:24:01.637646 sent 2024-12-11 06:24:01.635975
INFO:Message received on topic: type-2/6 with payload size: 91 at 2024-12-11 06:24:04.239790 sent 2024-12-11 06:24:04.238206
INFO:Message received on topic: type-2/6 with payload size: 91 at 2024-12-11 06:24:06.844060 sent 2024-12-11 06:24:06.841986
INFO:Message received on topic: type-2/6 with payload size: 91 at 2024-12-11 06:24:09.448305 sent 2024-12-11 06:24:09.446821
INFO:Message received on topic: type-2/6 with payload size: 91 at 2024-12-11 06:24:12.054274 sent 2024-12-11 06:24:12.052679
INFO:Message received on topic: type-2/6 with payload size: 91 at 2024-12-11 06:24:14.660856 sent 2024-12-11 06:24:14.659201
INFO:Message received on topic: type-2/6 with payload size: 91 at 2024-12-11 06:24:17.266561 sent 2024-12-11 06:24:17.264849
INFO:Message received on topic: type-2/6 with payload size: 91 at 2024-12-11 06:24:19.872980 sent 2024-12-11 06:24:19.871527
INFO:Message received on topic: type-2/6 with payload size: 91 at 2024-12-11 06:24:22.477563 sent 2024-12-11 06:24:22.476060
INFO:Message received on topic: type-2/6 with payload size: 91 at 2024-12-11 06:24:25.079305 sent 2024-12-11 06:24:25.077876
INFO:Message received on topic: type-2/6 with payload size: 91 at 2024-12-11 06:24:27.682962 sent 2024-12-11 06:24:27.681636
INFO:Message received on topic: type-2/6 with payload size: 91 at 2024-12-11 06:24:30.290015 sent 2024-12-11 06:24:30.288643
INFO:Message received on topic: type-2/6 with payload size: 91 at 2024-12-11 06:24:32.891310 sent 2024-12-11 06:24:32.889274
INFO:Message received on topic: type-2/6 with payload size: 91 at 2024-12-11 06:24:35.489907 sent 2024-12-11 06:24:35.488467
INFO:Message received on topic: type-2/6 with payload size: 91 at 2024-12-11 06:24:38.091410 sent 2024-12-11 06:24:38.089876
INFO:Message received on topic: type-2/6 with payload size: 91 at 2024-12-11 06:24:40.696104 sent 2024-12-11 06:24:40.694629
INFO:Message received on topic: type-2/6 with payload size: 91 at 2024-12-11 06:24:43.299749 sent 2024-12-11 06:24:43.298190
INFO:Message received on topic: type-2/6 with payload size: 91 at 2024-12-11 06:24:45.905106 sent 2024-12-11 06:24:45.903407
INFO:Message received on topic: type-2/6 with payload size: 91 at 2024-12-11 06:24:48.511462 sent 2024-12-11 06:24:48.509950
INFO:Message received on topic: type-2/6 with payload size: 91 at 2024-12-11 06:24:51.117432 sent 2024-12-11 06:24:51.115935
INFO:Message received on topic: type-2/6 with payload size: 91 at 2024-12-11 06:24:53.724632 sent 2024-12-11 06:24:53.722601
INFO:Message received on topic: type-2/6 with payload size: 91 at 2024-12-11 06:24:56.327726 sent 2024-12-11 06:24:56.326420
INFO:Message received on topic: type-2/6 with payload size: 91 at 2024-12-11 06:24:58.931645 sent 2024-12-11 06:24:58.929946
INFO:Message received on topic: type-2/6 with payload size: 91 at 2024-12-11 06:25:01.534635 sent 2024-12-11 06:25:01.533125
INFO:Message received on topic: type-2/6 with payload size: 91 at 2024-12-11 06:25:04.136008 sent 2024-12-11 06:25:04.134695
INFO:Message received on topic: type-2/6 with payload size: 91 at 2024-12-11 06:25:06.739465 sent 2024-12-11 06:25:06.737989
INFO:Message received on topic: type-2/6 with payload size: 91 at 2024-12-11 06:25:09.344400 sent 2024-12-11 06:25:09.342705
INFO:Message received on topic: type-2/6 with payload size: 91 at 2024-12-11 06:25:11.947176 sent 2024-12-11 06:25:11.945710
INFO:Message received on topic: type-2/6 with payload size: 91 at 2024-12-11 06:25:14.542896 sent 2024-12-11 06:25:14.541428
INFO:Message received on topic: type-2/6 with payload size: 91 at 2024-12-11 06:25:17.139469 sent 2024-12-11 06:25:17.137986
INFO:Message received on topic: type-2/6 with payload size: 91 at 2024-12-11 06:25:19.741030 sent 2024-12-11 06:25:19.739475
INFO:Message received on topic: type-2/6 with payload size: 91 at 2024-12-11 06:25:22.341944 sent 2024-12-11 06:25:22.340576
INFO:Message received on topic: type-2/6 with payload size: 91 at 2024-12-11 06:25:24.943587 sent 2024-12-11 06:25:24.942435
INFO:Message received on topic: type-2/6 with payload size: 91 at 2024-12-11 06:25:27.549796 sent 2024-12-11 06:25:27.548197
INFO:Message received on topic: type-2/6 with payload size: 91 at 2024-12-11 06:25:30.155737 sent 2024-12-11 06:25:30.154196
INFO:Message received on topic: type-2/6 with payload size: 91 at 2024-12-11 06:25:32.763268 sent 2024-12-11 06:25:32.761624
INFO:Message received on topic: type-2/6 with payload size: 91 at 2024-12-11 06:25:35.367040 sent 2024-12-11 06:25:35.365650
INFO:Message received on topic: type-2/6 with payload size: 91 at 2024-12-11 06:25:37.967108 sent 2024-12-11 06:25:37.965574
INFO:Message received on topic: type-2/6 with payload size: 91 at 2024-12-11 06:25:40.566505 sent 2024-12-11 06:25:40.565009
INFO:Message received on topic: type-2/6 with payload size: 91 at 2024-12-11 06:25:43.165721 sent 2024-12-11 06:25:43.164219
INFO:Message received on topic: type-2/6 with payload size: 91 at 2024-12-11 06:25:45.765147 sent 2024-12-11 06:25:45.763672
INFO:Message received on topic: type-2/6 with payload size: 91 at 2024-12-11 06:25:48.370218 sent 2024-12-11 06:25:48.368497
INFO:Message received on topic: type-2/6 with payload size: 91 at 2024-12-11 06:25:50.975036 sent 2024-12-11 06:25:50.973275
INFO:Message received on topic: type-2/6 with payload size: 91 at 2024-12-11 06:25:53.580190 sent 2024-12-11 06:25:53.578585
INFO:Message received on topic: type-2/6 with payload size: 91 at 2024-12-11 06:25:56.181835 sent 2024-12-11 06:25:56.180164
INFO:Message received on topic: type-2/6 with payload size: 91 at 2024-12-11 06:25:58.786602 sent 2024-12-11 06:25:58.785021
INFO:Message received on topic: type-2/6 with payload size: 91 at 2024-12-11 06:26:01.396688 sent 2024-12-11 06:26:01.395060
INFO:Message received on topic: type-2/6 with payload size: 91 at 2024-12-11 06:26:04.002864 sent 2024-12-11 06:26:04.001098
INFO:Message received on topic: type-2/6 with payload size: 91 at 2024-12-11 06:26:06.609934 sent 2024-12-11 06:26:06.608139
INFO:Message received on topic: type-2/6 with payload size: 91 at 2024-12-11 06:26:09.211268 sent 2024-12-11 06:26:09.209847
INFO:Message received on topic: type-2/6 with payload size: 91 at 2024-12-11 06:26:11.811600 sent 2024-12-11 06:26:11.810208
INFO:Message received on topic: type-2/6 with payload size: 91 at 2024-12-11 06:26:14.411870 sent 2024-12-11 06:26:14.410478
INFO:Message received on topic: type-2/6 with payload size: 91 at 2024-12-11 06:26:17.012625 sent 2024-12-11 06:26:17.011143
INFO:Message received on topic: type-2/6 with payload size: 91 at 2024-12-11 06:26:19.618497 sent 2024-12-11 06:26:19.616995
INFO:Message received on topic: type-2/6 with payload size: 91 at 2024-12-11 06:26:22.222233 sent 2024-12-11 06:26:22.220952
INFO:Message received on topic: type-2/6 with payload size: 91 at 2024-12-11 06:26:24.823972 sent 2024-12-11 06:26:24.822350
INFO:Message received on topic: type-2/6 with payload size: 91 at 2024-12-11 06:26:27.423627 sent 2024-12-11 06:26:27.422056
INFO:Message received on topic: type-2/6 with payload size: 91 at 2024-12-11 06:26:30.024757 sent 2024-12-11 06:26:30.023095
INFO:Message received on topic: type-2/6 with payload size: 91 at 2024-12-11 06:26:32.627929 sent 2024-12-11 06:26:32.626278
INFO:Message received on topic: type-2/6 with payload size: 91 at 2024-12-11 06:26:35.231733 sent 2024-12-11 06:26:35.230133
INFO:Message received on topic: type-2/6 with payload size: 91 at 2024-12-11 06:26:37.828956 sent 2024-12-11 06:26:37.827580
INFO:Message received on topic: type-2/6 with payload size: 91 at 2024-12-11 06:26:40.432563 sent 2024-12-11 06:26:40.430857
INFO:Message received on topic: type-2/6 with payload size: 91 at 2024-12-11 06:26:43.042500 sent 2024-12-11 06:26:43.039922
INFO:Message received on topic: type-2/6 with payload size: 91 at 2024-12-11 06:26:45.648694 sent 2024-12-11 06:26:45.647223
INFO:Message received on topic: type-2/6 with payload size: 91 at 2024-12-11 06:26:48.253393 sent 2024-12-11 06:26:48.251761
INFO:Message received on topic: type-2/6 with payload size: 91 at 2024-12-11 06:26:50.857612 sent 2024-12-11 06:26:50.856027
INFO:Message received on topic: type-2/6 with payload size: 91 at 2024-12-11 06:26:53.466401 sent 2024-12-11 06:26:53.464701
INFO:Message received on topic: type-2/6 with payload size: 91 at 2024-12-11 06:26:56.070899 sent 2024-12-11 06:26:56.069438
INFO:Message received on topic: type-2/6 with payload size: 91 at 2024-12-11 06:26:58.675229 sent 2024-12-11 06:26:58.673618
INFO:Message received on topic: type-2/6 with payload size: 91 at 2024-12-11 06:27:01.275711 sent 2024-12-11 06:27:01.274451
INFO:Message received on topic: type-2/6 with payload size: 91 at 2024-12-11 06:27:03.873304 sent 2024-12-11 06:27:03.871761
INFO:Message received on topic: type-2/6 with payload size: 91 at 2024-12-11 06:27:06.470584 sent 2024-12-11 06:27:06.469089
INFO:Message received on topic: type-2/6 with payload size: 91 at 2024-12-11 06:27:09.069802 sent 2024-12-11 06:27:09.068217
INFO:Message received on topic: type-2/6 with payload size: 91 at 2024-12-11 06:27:11.668545 sent 2024-12-11 06:27:11.666969
INFO:Message received on topic: type-2/6 with payload size: 91 at 2024-12-11 06:27:14.269146 sent 2024-12-11 06:27:14.267802
INFO:Message received on topic: type-2/6 with payload size: 91 at 2024-12-11 06:27:16.870181 sent 2024-12-11 06:27:16.868765
INFO:Message received on topic: type-2/6 with payload size: 91 at 2024-12-11 06:27:19.473163 sent 2024-12-11 06:27:19.471835
INFO:Message received on topic: type-2/6 with payload size: 91 at 2024-12-11 06:27:22.076819 sent 2024-12-11 06:27:22.075579
INFO:Message received on topic: type-2/6 with payload size: 91 at 2024-12-11 06:27:24.680307 sent 2024-12-11 06:27:24.678679
INFO:Message received on topic: type-2/6 with payload size: 91 at 2024-12-11 06:27:27.283192 sent 2024-12-11 06:27:27.281747
INFO:Message received on topic: type-2/6 with payload size: 91 at 2024-12-11 06:27:29.886963 sent 2024-12-11 06:27:29.885626
INFO:Message received on topic: type-2/6 with payload size: 91 at 2024-12-11 06:27:32.490063 sent 2024-12-11 06:27:32.488704
INFO:Message received on topic: type-2/6 with payload size: 91 at 2024-12-11 06:27:35.091848 sent 2024-12-11 06:27:35.090473
INFO:Message received on topic: type-2/6 with payload size: 91 at 2024-12-11 06:27:37.694107 sent 2024-12-11 06:27:37.692764
INFO:Message received on topic: type-2/6 with payload size: 91 at 2024-12-11 06:27:40.298423 sent 2024-12-11 06:27:40.296945
INFO:Message received on topic: type-2/6 with payload size: 91 at 2024-12-11 06:27:42.902506 sent 2024-12-11 06:27:42.900887
INFO:Message received on topic: type-2/6 with payload size: 91 at 2024-12-11 06:27:45.506987 sent 2024-12-11 06:27:45.505385
INFO:Message received on topic: type-2/6 with payload size: 91 at 2024-12-11 06:27:48.110652 sent 2024-12-11 06:27:48.108875
INFO:Message received on topic: type-2/6 with payload size: 91 at 2024-12-11 06:27:50.712555 sent 2024-12-11 06:27:50.711179
INFO:Message received on topic: type-2/6 with payload size: 91 at 2024-12-11 06:27:53.307130 sent 2024-12-11 06:27:53.305877
INFO:Message received on topic: type-2/6 with payload size: 91 at 2024-12-11 06:27:55.890444 sent 2024-12-11 06:27:55.889541
INFO:Message received on topic: type-2/6 with payload size: 91 at 2024-12-11 06:27:58.476781 sent 2024-12-11 06:27:58.475714
INFO:Message received on topic: type-2/6 with payload size: 91 at 2024-12-11 06:28:01.061757 sent 2024-12-11 06:28:01.060651
INFO:Message received on topic: type-2/6 with payload size: 91 at 2024-12-11 06:28:03.662166 sent 2024-12-11 06:28:03.660815
INFO:Message received on topic: type-2/6 with payload size: 91 at 2024-12-11 06:28:06.263188 sent 2024-12-11 06:28:06.261742
INFO:Message received on topic: type-2/6 with payload size: 91 at 2024-12-11 06:28:08.861856 sent 2024-12-11 06:28:08.860207
INFO:Message received on topic: type-2/6 with payload size: 91 at 2024-12-11 06:28:11.460929 sent 2024-12-11 06:28:11.459600
INFO:Message received on topic: type-2/6 with payload size: 91 at 2024-12-11 06:28:14.062113 sent 2024-12-11 06:28:14.060624
INFO:Message received on topic: type-2/6 with payload size: 91 at 2024-12-11 06:28:16.665475 sent 2024-12-11 06:28:16.663967
INFO:Message received on topic: type-2/6 with payload size: 91 at 2024-12-11 06:28:19.269312 sent 2024-12-11 06:28:19.267886
INFO:Message received on topic: type-2/6 with payload size: 91 at 2024-12-11 06:28:21.872210 sent 2024-12-11 06:28:21.870652
INFO:Message received on topic: type-2/6 with payload size: 91 at 2024-12-11 06:28:24.473392 sent 2024-12-11 06:28:24.472210
INFO:Message received on topic: type-2/6 with payload size: 91 at 2024-12-11 06:28:27.077190 sent 2024-12-11 06:28:27.075452
INFO:Message received on topic: type-2/6 with payload size: 91 at 2024-12-11 06:28:29.679260 sent 2024-12-11 06:28:29.677943
INFO:Message received on topic: type-2/6 with payload size: 91 at 2024-12-11 06:28:32.281995 sent 2024-12-11 06:28:32.280659
INFO:Message received on topic: type-2/6 with payload size: 91 at 2024-12-11 06:28:34.880007 sent 2024-12-11 06:28:34.878464
INFO:Message received on topic: type-2/6 with payload size: 91 at 2024-12-11 06:28:37.478067 sent 2024-12-11 06:28:37.476640
INFO:Message received on topic: type-2/6 with payload size: 91 at 2024-12-11 06:28:40.076666 sent 2024-12-11 06:28:40.075249
INFO:Message received on topic: type-2/6 with payload size: 91 at 2024-12-11 06:28:42.674998 sent 2024-12-11 06:28:42.673283
INFO:Message received on topic: type-2/6 with payload size: 91 at 2024-12-11 06:28:45.273175 sent 2024-12-11 06:28:45.271848
INFO:Message received on topic: type-2/6 with payload size: 91 at 2024-12-11 06:28:47.872234 sent 2024-12-11 06:28:47.870848
INFO:Message received on topic: type-2/6 with payload size: 91 at 2024-12-11 06:28:50.471118 sent 2024-12-11 06:28:50.469785
INFO:Message received on topic: type-2/6 with payload size: 91 at 2024-12-11 06:28:53.072098 sent 2024-12-11 06:28:53.070926
INFO:Message received on topic: type-2/6 with payload size: 91 at 2024-12-11 06:28:55.668901 sent 2024-12-11 06:28:55.667612
INFO:Message received on topic: type-2/6 with payload size: 91 at 2024-12-11 06:28:58.265959 sent 2024-12-11 06:28:58.264569
INFO:Message received on topic: type-2/6 with payload size: 91 at 2024-12-11 06:29:00.868746 sent 2024-12-11 06:29:00.867312
INFO:Message received on topic: type-2/6 with payload size: 91 at 2024-12-11 06:29:03.472134 sent 2024-12-11 06:29:03.470741
INFO:Message received on topic: type-2/6 with payload size: 91 at 2024-12-11 06:29:06.075051 sent 2024-12-11 06:29:06.073775
INFO:Message received on topic: type-2/6 with payload size: 91 at 2024-12-11 06:29:08.680927 sent 2024-12-11 06:29:08.679601
INFO:Message received on topic: type-2/6 with payload size: 91 at 2024-12-11 06:29:11.285956 sent 2024-12-11 06:29:11.284637
INFO:Message received on topic: type-2/6 with payload size: 91 at 2024-12-11 06:29:13.891846 sent 2024-12-11 06:29:13.890268
INFO:Message received on topic: type-2/6 with payload size: 91 at 2024-12-11 06:29:16.495485 sent 2024-12-11 06:29:16.493996
INFO:Message received on topic: type-2/6 with payload size: 91 at 2024-12-11 06:29:19.099164 sent 2024-12-11 06:29:19.097750
INFO:Message received on topic: type-2/6 with payload size: 91 at 2024-12-11 06:29:21.704112 sent 2024-12-11 06:29:21.702590
INFO:Message received on topic: type-2/6 with payload size: 91 at 2024-12-11 06:29:24.306560 sent 2024-12-11 06:29:24.305214
INFO:Message received on topic: type-2/6 with payload size: 91 at 2024-12-11 06:29:26.909979 sent 2024-12-11 06:29:26.908533
INFO:Message received on topic: type-2/6 with payload size: 91 at 2024-12-11 06:29:29.511418 sent 2024-12-11 06:29:29.509714
INFO:Message received on topic: type-2/6 with payload size: 91 at 2024-12-11 06:29:32.118443 sent 2024-12-11 06:29:32.116809
INFO:Message received on topic: type-2/6 with payload size: 91 at 2024-12-11 06:29:34.721477 sent 2024-12-11 06:29:34.719831
INFO:Message received on topic: type-2/6 with payload size: 91 at 2024-12-11 06:29:37.325303 sent 2024-12-11 06:29:37.323850
INFO:Message received on topic: type-2/6 with payload size: 91 at 2024-12-11 06:29:39.928210 sent 2024-12-11 06:29:39.926752
INFO:Message received on topic: type-2/6 with payload size: 91 at 2024-12-11 06:29:42.531864 sent 2024-12-11 06:29:42.530432
INFO:Message received on topic: type-2/6 with payload size: 91 at 2024-12-11 06:29:45.136148 sent 2024-12-11 06:29:45.134524
