INFO:Starting Version 1.0.5
DEBUG:Using selector: EpollSelector
INFO:Connecting to cluster at: mqtt-quic://emqx-headless.dtwins:14567 using QUIC
INFO:Subscribed to topic: type-2/0
INFO:Logging each: 50
INFO:Unhandled packet type received
INFO:Message received on topic: type-2/0 with payload size: 91 at 2024-12-11 09:59:06.592180 sent 2024-12-11 09:59:06.590449
INFO:Message received on topic: type-2/0 with payload size: 91 at 2024-12-11 09:59:09.192765 sent 2024-12-11 09:59:09.191266
INFO:Message received on topic: type-2/0 with payload size: 91 at 2024-12-11 09:59:11.798556 sent 2024-12-11 09:59:11.797209
INFO:Message received on topic: type-2/0 with payload size: 91 at 2024-12-11 09:59:14.396983 sent 2024-12-11 09:59:14.395939
INFO:Message received on topic: type-2/0 with payload size: 91 at 2024-12-11 09:59:16.996142 sent 2024-12-11 09:59:16.994798
INFO:Message received on topic: type-2/0 with payload size: 91 at 2024-12-11 09:59:19.596713 sent 2024-12-11 09:59:19.595124
INFO:Message received on topic: type-2/0 with payload size: 91 at 2024-12-11 09:59:22.194416 sent 2024-12-11 09:59:22.192988
INFO:Message received on topic: type-2/0 with payload size: 91 at 2024-12-11 09:59:24.791716 sent 2024-12-11 09:59:24.790123
INFO:Message received on topic: type-2/0 with payload size: 91 at 2024-12-11 09:59:27.389436 sent 2024-12-11 09:59:27.388334
INFO:Message received on topic: type-2/0 with payload size: 91 at 2024-12-11 09:59:29.988155 sent 2024-12-11 09:59:29.986602
INFO:Message received on topic: type-2/0 with payload size: 91 at 2024-12-11 09:59:32.589151 sent 2024-12-11 09:59:32.587593
INFO:Message received on topic: type-2/0 with payload size: 91 at 2024-12-11 09:59:35.191615 sent 2024-12-11 09:59:35.190104
INFO:Message received on topic: type-2/0 with payload size: 91 at 2024-12-11 09:59:37.792511 sent 2024-12-11 09:59:37.790139
INFO:Message received on topic: type-2/0 with payload size: 91 at 2024-12-11 09:59:40.387802 sent 2024-12-11 09:59:40.386611
INFO:Message received on topic: type-2/0 with payload size: 91 at 2024-12-11 09:59:42.984534 sent 2024-12-11 09:59:42.983174
INFO:Message received on topic: type-2/0 with payload size: 91 at 2024-12-11 09:59:45.585352 sent 2024-12-11 09:59:45.584223
INFO:Message received on topic: type-2/0 with payload size: 91 at 2024-12-11 09:59:48.185217 sent 2024-12-11 09:59:48.183750
INFO:Message received on topic: type-2/0 with payload size: 91 at 2024-12-11 09:59:50.781128 sent 2024-12-11 09:59:50.779989
INFO:Message received on topic: type-2/0 with payload size: 91 at 2024-12-11 09:59:53.384606 sent 2024-12-11 09:59:53.380422
INFO:Message received on topic: type-2/0 with payload size: 91 at 2024-12-11 09:59:55.982618 sent 2024-12-11 09:59:55.978508
INFO:Message received on topic: type-2/0 with payload size: 91 at 2024-12-11 09:59:58.581274 sent 2024-12-11 09:59:58.579695
INFO:Message received on topic: type-2/0 with payload size: 91 at 2024-12-11 10:00:01.182244 sent 2024-12-11 10:00:01.179945
INFO:Message received on topic: type-2/0 with payload size: 91 at 2024-12-11 10:00:03.783657 sent 2024-12-11 10:00:03.781128
INFO:Message received on topic: type-2/0 with payload size: 91 at 2024-12-11 10:00:06.412375 sent 2024-12-11 10:00:06.384457
INFO:Message received on topic: type-2/0 with payload size: 91 at 2024-12-11 10:00:09.014313 sent 2024-12-11 10:00:08.985556
INFO:Message received on topic: type-2/0 with payload size: 91 at 2024-12-11 10:00:11.615318 sent 2024-12-11 10:00:11.587273
INFO:Message received on topic: type-2/0 with payload size: 91 at 2024-12-11 10:00:14.219595 sent 2024-12-11 10:00:14.185045
INFO:Message received on topic: type-2/0 with payload size: 91 at 2024-12-11 10:00:16.813918 sent 2024-12-11 10:00:16.787657
INFO:Message received on topic: type-2/0 with payload size: 91 at 2024-12-11 10:00:19.418669 sent 2024-12-11 10:00:19.388242
INFO:Message received on topic: type-2/0 with payload size: 91 at 2024-12-11 10:00:22.013667 sent 2024-12-11 10:00:21.994026
INFO:Message received on topic: type-2/0 with payload size: 91 at 2024-12-11 10:00:24.626653 sent 2024-12-11 10:00:24.596622
INFO:Message received on topic: type-2/0 with payload size: 91 at 2024-12-11 10:00:27.213260 sent 2024-12-11 10:00:27.198122
INFO:Message received on topic: type-2/0 with payload size: 91 at 2024-12-11 10:00:29.816623 sent 2024-12-11 10:00:29.799653
INFO:Message received on topic: type-2/0 with payload size: 91 at 2024-12-11 10:00:32.420999 sent 2024-12-11 10:00:32.400269
INFO:Message received on topic: type-2/0 with payload size: 91 at 2024-12-11 10:00:35.020552 sent 2024-12-11 10:00:35.004178
INFO:Message received on topic: type-2/0 with payload size: 91 at 2024-12-11 10:00:37.628167 sent 2024-12-11 10:00:37.606461
INFO:Message received on topic: type-2/0 with payload size: 91 at 2024-12-11 10:00:40.224196 sent 2024-12-11 10:00:40.209104
INFO:Message received on topic: type-2/0 with payload size: 91 at 2024-12-11 10:00:42.821122 sent 2024-12-11 10:00:42.810843
INFO:Message received on topic: type-2/0 with payload size: 91 at 2024-12-11 10:00:45.421104 sent 2024-12-11 10:00:45.412276
INFO:Message received on topic: type-2/0 with payload size: 91 at 2024-12-11 10:00:48.022961 sent 2024-12-11 10:00:48.014152
INFO:Message received on topic: type-2/0 with payload size: 91 at 2024-12-11 10:00:50.630537 sent 2024-12-11 10:00:50.615447
INFO:Message received on topic: type-2/0 with payload size: 91 at 2024-12-11 10:00:53.235811 sent 2024-12-11 10:00:53.219616
INFO:Message received on topic: type-2/0 with payload size: 91 at 2024-12-11 10:00:55.841784 sent 2024-12-11 10:00:55.824578
INFO:Message received on topic: type-2/0 with payload size: 91 at 2024-12-11 10:00:58.471866 sent 2024-12-11 10:00:58.429635
INFO:Message received on topic: type-2/0 with payload size: 91 at 2024-12-11 10:01:01.078740 sent 2024-12-11 10:01:01.045418
INFO:Message received on topic: type-2/0 with payload size: 91 at 2024-12-11 10:01:03.720880 sent 2024-12-11 10:01:03.648857
INFO:Message received on topic: type-2/0 with payload size: 91 at 2024-12-11 10:01:06.279917 sent 2024-12-11 10:01:06.253035
INFO:Message received on topic: type-2/0 with payload size: 91 at 2024-12-11 10:01:08.909192 sent 2024-12-11 10:01:08.856587
INFO:Message received on topic: type-2/0 with payload size: 91 at 2024-12-11 10:01:11.522096 sent 2024-12-11 10:01:11.467660
INFO:Message received on topic: type-2/0 with payload size: 91 at 2024-12-11 10:01:14.144867 sent 2024-12-11 10:01:14.077515
INFO:Message received on topic: type-2/0 with payload size: 91 at 2024-12-11 10:01:16.718143 sent 2024-12-11 10:01:16.676921
INFO:Message received on topic: type-2/0 with payload size: 91 at 2024-12-11 10:01:19.318190 sent 2024-12-11 10:01:19.281193
INFO:Message received on topic: type-2/0 with payload size: 91 at 2024-12-11 10:01:21.932630 sent 2024-12-11 10:01:21.889743
INFO:Message received on topic: type-2/0 with payload size: 91 at 2024-12-11 10:01:24.524964 sent 2024-12-11 10:01:24.503453
INFO:Message received on topic: type-2/0 with payload size: 91 at 2024-12-11 10:01:27.129988 sent 2024-12-11 10:01:27.112611
INFO:Message received on topic: type-2/0 with payload size: 91 at 2024-12-11 10:01:29.731405 sent 2024-12-11 10:01:29.721412
INFO:Message received on topic: type-2/0 with payload size: 91 at 2024-12-11 10:01:32.374715 sent 2024-12-11 10:01:32.337683
INFO:Message received on topic: type-2/0 with payload size: 91 at 2024-12-11 10:01:34.986550 sent 2024-12-11 10:01:34.948190
INFO:Message received on topic: type-2/0 with payload size: 91 at 2024-12-11 10:01:37.583266 sent 2024-12-11 10:01:37.561389
INFO:Message received on topic: type-2/0 with payload size: 91 at 2024-12-11 10:01:40.186165 sent 2024-12-11 10:01:40.172808
INFO:Message received on topic: type-2/0 with payload size: 91 at 2024-12-11 10:01:42.820656 sent 2024-12-11 10:01:42.788980
INFO:Message received on topic: type-2/0 with payload size: 91 at 2024-12-11 10:01:45.421894 sent 2024-12-11 10:01:45.400765
INFO:Message received on topic: type-2/0 with payload size: 91 at 2024-12-11 10:01:48.041754 sent 2024-12-11 10:01:48.005666
INFO:Message received on topic: type-2/0 with payload size: 91 at 2024-12-11 10:01:50.635306 sent 2024-12-11 10:01:50.626014
INFO:Message received on topic: type-2/0 with payload size: 91 at 2024-12-11 10:01:53.317437 sent 2024-12-11 10:01:53.239898
INFO:Message received on topic: type-2/0 with payload size: 91 at 2024-12-11 10:01:55.885756 sent 2024-12-11 10:01:55.845930
INFO:Message received on topic: type-2/0 with payload size: 91 at 2024-12-11 10:01:58.521413 sent 2024-12-11 10:01:58.458821
INFO:Message received on topic: type-2/0 with payload size: 91 at 2024-12-11 10:02:01.113423 sent 2024-12-11 10:02:01.069565
INFO:Message received on topic: type-2/0 with payload size: 91 at 2024-12-11 10:02:03.732727 sent 2024-12-11 10:02:03.689641
INFO:Message received on topic: type-2/0 with payload size: 91 at 2024-12-11 10:02:06.376726 sent 2024-12-11 10:02:06.300248
INFO:Message received on topic: type-2/0 with payload size: 91 at 2024-12-11 10:02:08.937254 sent 2024-12-11 10:02:08.916720
INFO:Message received on topic: type-2/0 with payload size: 91 at 2024-12-11 10:02:11.537759 sent 2024-12-11 10:02:11.526470
INFO:Message received on topic: type-2/0 with payload size: 91 at 2024-12-11 10:02:14.213181 sent 2024-12-11 10:02:14.135850
INFO:Message received on topic: type-2/0 with payload size: 91 at 2024-12-11 10:02:16.780700 sent 2024-12-11 10:02:16.741375
INFO:Message received on topic: type-2/0 with payload size: 91 at 2024-12-11 10:02:19.414125 sent 2024-12-11 10:02:19.351479
INFO:Message received on topic: type-2/0 with payload size: 91 at 2024-12-11 10:02:22.082874 sent 2024-12-11 10:02:21.964072
INFO:Message received on topic: type-2/0 with payload size: 91 at 2024-12-11 10:02:24.642783 sent 2024-12-11 10:02:24.578790
INFO:Message received on topic: type-2/0 with payload size: 91 at 2024-12-11 10:02:27.245156 sent 2024-12-11 10:02:27.181860
INFO:Message received on topic: type-2/0 with payload size: 91 at 2024-12-11 10:02:29.877130 sent 2024-12-11 10:02:29.788722
INFO:Message received on topic: type-2/0 with payload size: 91 at 2024-12-11 10:02:32.431634 sent 2024-12-11 10:02:32.401151
INFO:Message received on topic: type-2/0 with payload size: 91 at 2024-12-11 10:02:35.030543 sent 2024-12-11 10:02:35.009569
INFO:Message received on topic: type-2/0 with payload size: 91 at 2024-12-11 10:02:37.636655 sent 2024-12-11 10:02:37.623045
INFO:Message received on topic: type-2/0 with payload size: 91 at 2024-12-11 10:02:40.245890 sent 2024-12-11 10:02:40.236921
INFO:Message received on topic: type-2/0 with payload size: 91 at 2024-12-11 10:02:42.919451 sent 2024-12-11 10:02:42.846731
INFO:Message received on topic: type-2/0 with payload size: 91 at 2024-12-11 10:02:45.527415 sent 2024-12-11 10:02:45.457140
INFO:Message received on topic: type-2/0 with payload size: 91 at 2024-12-11 10:02:48.123229 sent 2024-12-11 10:02:48.065207
INFO:Message received on topic: type-2/0 with payload size: 91 at 2024-12-11 10:02:50.733401 sent 2024-12-11 10:02:50.689098
INFO:Message received on topic: type-2/0 with payload size: 91 at 2024-12-11 10:02:53.339684 sent 2024-12-11 10:02:53.301994
INFO:Message received on topic: type-2/0 with payload size: 91 at 2024-12-11 10:02:56.013926 sent 2024-12-11 10:02:55.910413
INFO:Message received on topic: type-2/0 with payload size: 91 at 2024-12-11 10:02:58.576646 sent 2024-12-11 10:02:58.521391
INFO:Message received on topic: type-2/0 with payload size: 91 at 2024-12-11 10:03:01.141637 sent 2024-12-11 10:03:01.128665
INFO:Message received on topic: type-2/0 with payload size: 91 at 2024-12-11 10:03:03.779723 sent 2024-12-11 10:03:03.737683
INFO:Message received on topic: type-2/0 with payload size: 91 at 2024-12-11 10:03:06.413835 sent 2024-12-11 10:03:06.347181
INFO:Message received on topic: type-2/0 with payload size: 91 at 2024-12-11 10:03:09.023703 sent 2024-12-11 10:03:08.962499
INFO:Message received on topic: type-2/0 with payload size: 91 at 2024-12-11 10:03:11.616279 sent 2024-12-11 10:03:11.578935
INFO:Message received on topic: type-2/0 with payload size: 91 at 2024-12-11 10:03:14.222270 sent 2024-12-11 10:03:14.188439
INFO:Message received on topic: type-2/0 with payload size: 91 at 2024-12-11 10:03:16.843011 sent 2024-12-11 10:03:16.790699
INFO:Message received on topic: type-2/0 with payload size: 91 at 2024-12-11 10:03:19.440831 sent 2024-12-11 10:03:19.402162
INFO:Message received on topic: type-2/0 with payload size: 91 at 2024-12-11 10:03:22.030946 sent 2024-12-11 10:03:22.004852
INFO:Message received on topic: type-2/0 with payload size: 91 at 2024-12-11 10:03:24.638191 sent 2024-12-11 10:03:24.593920
INFO:Message received on topic: type-2/0 with payload size: 91 at 2024-12-11 10:03:27.230508 sent 2024-12-11 10:03:27.182929
INFO:Message received on topic: type-2/0 with payload size: 91 at 2024-12-11 10:03:29.825946 sent 2024-12-11 10:03:29.775838
INFO:Message received on topic: type-2/0 with payload size: 91 at 2024-12-11 10:03:32.512920 sent 2024-12-11 10:03:32.375667
INFO:Message received on topic: type-2/0 with payload size: 91 at 2024-12-11 10:03:35.024590 sent 2024-12-11 10:03:34.990031
INFO:Message received on topic: type-2/0 with payload size: 91 at 2024-12-11 10:03:37.675200 sent 2024-12-11 10:03:37.601673
INFO:Message received on topic: type-2/0 with payload size: 91 at 2024-12-11 10:03:40.270662 sent 2024-12-11 10:03:40.209112
INFO:Message received on topic: type-2/0 with payload size: 91 at 2024-12-11 10:03:42.844316 sent 2024-12-11 10:03:42.823597
INFO:Message received on topic: type-2/0 with payload size: 91 at 2024-12-11 10:03:45.478455 sent 2024-12-11 10:03:45.437519
INFO:Message received on topic: type-2/0 with payload size: 91 at 2024-12-11 10:03:48.121370 sent 2024-12-11 10:03:48.046622
INFO:Message received on topic: type-2/0 with payload size: 91 at 2024-12-11 10:03:50.733953 sent 2024-12-11 10:03:50.655645
INFO:Message received on topic: type-2/0 with payload size: 91 at 2024-12-11 10:03:53.322565 sent 2024-12-11 10:03:53.264580
INFO:Message received on topic: type-2/0 with payload size: 91 at 2024-12-11 10:03:55.935837 sent 2024-12-11 10:03:55.869533
INFO:Message received on topic: type-2/0 with payload size: 91 at 2024-12-11 10:03:58.527663 sent 2024-12-11 10:03:58.480229
INFO:Message received on topic: type-2/0 with payload size: 91 at 2024-12-11 10:04:01.140986 sent 2024-12-11 10:04:01.090065
INFO:Message received on topic: type-2/0 with payload size: 91 at 2024-12-11 10:04:03.738777 sent 2024-12-11 10:04:03.697218
INFO:Message received on topic: type-2/0 with payload size: 91 at 2024-12-11 10:04:06.430724 sent 2024-12-11 10:04:06.306956
INFO:Message received on topic: type-2/0 with payload size: 91 at 2024-12-11 10:04:08.940305 sent 2024-12-11 10:04:08.924071
INFO:Message received on topic: type-2/0 with payload size: 91 at 2024-12-11 10:04:11.641292 sent 2024-12-11 10:04:11.533366
INFO:Message received on topic: type-2/0 with payload size: 91 at 2024-12-11 10:04:14.237635 sent 2024-12-11 10:04:14.147293
INFO:Message received on topic: type-2/0 with payload size: 91 at 2024-12-11 10:04:16.844213 sent 2024-12-11 10:04:16.761311
INFO:Message received on topic: type-2/0 with payload size: 91 at 2024-12-11 10:04:19.420764 sent 2024-12-11 10:04:19.371170
INFO:Message received on topic: type-2/0 with payload size: 91 at 2024-12-11 10:04:22.038521 sent 2024-12-11 10:04:21.989102
INFO:Message received on topic: type-2/0 with payload size: 91 at 2024-12-11 10:04:24.642316 sent 2024-12-11 10:04:24.602657
INFO:Message received on topic: type-2/0 with payload size: 91 at 2024-12-11 10:04:27.312066 sent 2024-12-11 10:04:27.213725
INFO:Message received on topic: type-2/0 with payload size: 91 at 2024-12-11 10:04:29.839048 sent 2024-12-11 10:04:29.822165
INFO:Message received on topic: type-2/0 with payload size: 91 at 2024-12-11 10:04:32.475738 sent 2024-12-11 10:04:32.440775
INFO:Message received on topic: type-2/0 with payload size: 91 at 2024-12-11 10:04:35.133010 sent 2024-12-11 10:04:35.049764
INFO:Message received on topic: type-2/0 with payload size: 91 at 2024-12-11 10:04:37.776826 sent 2024-12-11 10:04:37.663260
INFO:Message received on topic: type-2/0 with payload size: 91 at 2024-12-11 10:04:40.314859 sent 2024-12-11 10:04:40.279692
INFO:Message received on topic: type-2/0 with payload size: 91 at 2024-12-11 10:04:42.977066 sent 2024-12-11 10:04:42.890037
INFO:Message received on topic: type-2/0 with payload size: 91 at 2024-12-11 10:04:45.576518 sent 2024-12-11 10:04:45.499150
INFO:Message received on topic: type-2/0 with payload size: 91 at 2024-12-11 10:04:48.215936 sent 2024-12-11 10:04:48.104228
INFO:Message received on topic: type-2/0 with payload size: 91 at 2024-12-11 10:04:50.775053 sent 2024-12-11 10:04:50.712489
INFO:Message received on topic: type-2/0 with payload size: 91 at 2024-12-11 10:04:53.436050 sent 2024-12-11 10:04:53.327003
INFO:Message received on topic: type-2/0 with payload size: 91 at 2024-12-11 10:04:56.017670 sent 2024-12-11 10:04:55.935061
INFO:Message received on topic: type-2/0 with payload size: 91 at 2024-12-11 10:04:58.622863 sent 2024-12-11 10:04:58.539890
INFO:Message received on topic: type-2/0 with payload size: 91 at 2024-12-11 10:05:01.271269 sent 2024-12-11 10:05:01.148394
INFO:Message received on topic: type-2/0 with payload size: 91 at 2024-12-11 10:05:03.830184 sent 2024-12-11 10:05:03.758204
INFO:Message received on topic: type-2/0 with payload size: 91 at 2024-12-11 10:05:06.526214 sent 2024-12-11 10:05:06.370087
INFO:Message received on topic: type-2/0 with payload size: 91 at 2024-12-11 10:05:09.035946 sent 2024-12-11 10:05:08.988061
INFO:Message received on topic: type-2/0 with payload size: 91 at 2024-12-11 10:05:11.647837 sent 2024-12-11 10:05:11.601699
INFO:Message received on topic: type-2/0 with payload size: 91 at 2024-12-11 10:05:14.275056 sent 2024-12-11 10:05:14.211685
INFO:Message received on topic: type-2/0 with payload size: 91 at 2024-12-11 10:05:16.929805 sent 2024-12-11 10:05:16.824924
INFO:Message received on topic: type-2/0 with payload size: 91 at 2024-12-11 10:05:19.520407 sent 2024-12-11 10:05:19.439129
INFO:Message received on topic: type-2/0 with payload size: 91 at 2024-12-11 10:05:22.119698 sent 2024-12-11 10:05:22.051131
INFO:Message received on topic: type-2/0 with payload size: 91 at 2024-12-11 10:05:24.720320 sent 2024-12-11 10:05:24.663501
INFO:Message received on topic: type-2/0 with payload size: 91 at 2024-12-11 10:05:27.321151 sent 2024-12-11 10:05:27.273906
INFO:Message received on topic: type-2/0 with payload size: 91 at 2024-12-11 10:05:30.021927 sent 2024-12-11 10:05:29.884242
INFO:Message received on topic: type-2/0 with payload size: 91 at 2024-12-11 10:05:32.545766 sent 2024-12-11 10:05:32.491116
INFO:Message received on topic: type-2/0 with payload size: 91 at 2024-12-11 10:05:35.178006 sent 2024-12-11 10:05:35.098569
INFO:Message received on topic: type-2/0 with payload size: 91 at 2024-12-11 10:05:37.732546 sent 2024-12-11 10:05:37.708185
INFO:Message received on topic: type-2/0 with payload size: 91 at 2024-12-11 10:05:40.374621 sent 2024-12-11 10:05:40.322920
INFO:Message received on topic: type-2/0 with payload size: 91 at 2024-12-11 10:05:43.028810 sent 2024-12-11 10:05:42.935233
INFO:Message received on topic: type-2/0 with payload size: 91 at 2024-12-11 10:05:45.670789 sent 2024-12-11 10:05:45.545995
INFO:Message received on topic: type-2/0 with payload size: 91 at 2024-12-11 10:05:48.234906 sent 2024-12-11 10:05:48.157546
INFO:Message received on topic: type-2/0 with payload size: 91 at 2024-12-11 10:05:50.815480 sent 2024-12-11 10:05:50.768583
INFO:Message received on topic: type-2/0 with payload size: 91 at 2024-12-11 10:05:53.524756 sent 2024-12-11 10:05:53.389566
INFO:Message received on topic: type-2/0 with payload size: 91 at 2024-12-11 10:05:56.035245 sent 2024-12-11 10:05:55.995957
INFO:Message received on topic: type-2/0 with payload size: 91 at 2024-12-11 10:05:58.636242 sent 2024-12-11 10:05:58.605461
INFO:Message received on topic: type-2/0 with payload size: 91 at 2024-12-11 10:06:01.334262 sent 2024-12-11 10:06:01.216937
INFO:Message received on topic: type-2/0 with payload size: 91 at 2024-12-11 10:06:03.923083 sent 2024-12-11 10:06:03.825231
INFO:Message received on topic: type-2/0 with payload size: 91 at 2024-12-11 10:06:06.571696 sent 2024-12-11 10:06:06.431955
INFO:Message received on topic: type-2/0 with payload size: 91 at 2024-12-11 10:06:09.229828 sent 2024-12-11 10:06:09.049050
INFO:Message received on topic: type-2/0 with payload size: 91 at 2024-12-11 10:06:11.728568 sent 2024-12-11 10:06:11.659529
INFO:Message received on topic: type-2/0 with payload size: 91 at 2024-12-11 10:06:14.329924 sent 2024-12-11 10:06:14.275642
INFO:Message received on topic: type-2/0 with payload size: 91 at 2024-12-11 10:06:16.974270 sent 2024-12-11 10:06:16.881702
INFO:Message received on topic: type-2/0 with payload size: 91 at 2024-12-11 10:06:19.619514 sent 2024-12-11 10:06:19.492772
INFO:Message received on topic: type-2/0 with payload size: 91 at 2024-12-11 10:06:22.241030 sent 2024-12-11 10:06:22.107468
INFO:Message received on topic: type-2/0 with payload size: 91 at 2024-12-11 10:06:25.173939 sent 2024-12-11 10:06:24.714947
INFO:Message received on topic: type-2/0 with payload size: 91 at 2024-12-11 10:06:27.337017 sent 2024-12-11 10:06:27.326196
INFO:Message received on topic: type-2/0 with payload size: 91 at 2024-12-11 10:06:30.027815 sent 2024-12-11 10:06:29.938722
INFO:Message received on topic: type-2/0 with payload size: 91 at 2024-12-11 10:06:32.632699 sent 2024-12-11 10:06:32.555220
INFO:Message received on topic: type-2/0 with payload size: 91 at 2024-12-11 10:06:35.235611 sent 2024-12-11 10:06:35.162442
INFO:Message received on topic: type-2/0 with payload size: 91 at 2024-12-11 10:06:37.827110 sent 2024-12-11 10:06:37.769458
INFO:Message received on topic: type-2/0 with payload size: 91 at 2024-12-11 10:06:40.438315 sent 2024-12-11 10:06:40.382271
INFO:Message received on topic: type-2/0 with payload size: 91 at 2024-12-11 10:06:43.122280 sent 2024-12-11 10:06:43.001844
INFO:Message received on topic: type-2/0 with payload size: 91 at 2024-12-11 10:06:45.675074 sent 2024-12-11 10:06:45.612916
INFO:Message received on topic: type-2/0 with payload size: 91 at 2024-12-11 10:06:48.316290 sent 2024-12-11 10:06:48.222616
INFO:Message received on topic: type-2/0 with payload size: 91 at 2024-12-11 10:06:50.926826 sent 2024-12-11 10:06:50.835137
INFO:Message received on topic: type-2/0 with payload size: 91 at 2024-12-11 10:06:53.543791 sent 2024-12-11 10:06:53.443392
INFO:Message received on topic: type-2/0 with payload size: 91 at 2024-12-11 10:06:56.130379 sent 2024-12-11 10:06:56.053451
INFO:Message received on topic: type-2/0 with payload size: 91 at 2024-12-11 10:06:58.739535 sent 2024-12-11 10:06:58.666807
INFO:Message received on topic: type-2/0 with payload size: 91 at 2024-12-11 10:07:01.330692 sent 2024-12-11 10:07:01.280489
INFO:Message received on topic: type-2/0 with payload size: 91 at 2024-12-11 10:07:03.934885 sent 2024-12-11 10:07:03.900939
INFO:Message received on topic: type-2/0 with payload size: 91 at 2024-12-11 10:07:06.623835 sent 2024-12-11 10:07:06.510000
INFO:Message received on topic: type-2/0 with payload size: 91 at 2024-12-11 10:07:09.219057 sent 2024-12-11 10:07:09.123268
INFO:Message received on topic: type-2/0 with payload size: 91 at 2024-12-11 10:07:11.827165 sent 2024-12-11 10:07:11.739938
INFO:Message received on topic: type-2/0 with payload size: 91 at 2024-12-11 10:07:14.422636 sent 2024-12-11 10:07:14.353502
INFO:Message received on topic: type-2/0 with payload size: 91 at 2024-12-11 10:07:17.043080 sent 2024-12-11 10:07:16.960922
INFO:Message received on topic: type-2/0 with payload size: 91 at 2024-12-11 10:07:19.630916 sent 2024-12-11 10:07:19.573201
INFO:Message received on topic: type-2/0 with payload size: 91 at 2024-12-11 10:07:22.233782 sent 2024-12-11 10:07:22.183146
INFO:Message received on topic: type-2/0 with payload size: 91 at 2024-12-11 10:07:24.913182 sent 2024-12-11 10:07:24.792300
INFO:Message received on topic: type-2/0 with payload size: 91 at 2024-12-11 10:07:27.433909 sent 2024-12-11 10:07:27.400280
INFO:Message received on topic: type-2/0 with payload size: 91 at 2024-12-11 10:07:30.071658 sent 2024-12-11 10:07:30.015086
INFO:Message received on topic: type-2/0 with payload size: 91 at 2024-12-11 10:07:32.721215 sent 2024-12-11 10:07:32.633658
INFO:Message received on topic: type-2/0 with payload size: 91 at 2024-12-11 10:07:35.333556 sent 2024-12-11 10:07:35.247946
