INFO:Starting Version 1.0.5
DEBUG:Using selector: EpollSelector
INFO:Connecting to cluster at: mqtt-quic://emqx-headless.dtwins:14567 using QUIC
INFO:Subscribed to topic: type-2/11
INFO:Logging each: 50
INFO:Unhandled packet type received
INFO:Message received on topic: type-2/11 with payload size: 91 at 2024-12-11 09:59:49.721052 sent 2024-12-11 09:59:49.719963
INFO:Message received on topic: type-2/11 with payload size: 91 at 2024-12-11 09:59:52.319062 sent 2024-12-11 09:59:52.317529
INFO:Message received on topic: type-2/11 with payload size: 91 at 2024-12-11 09:59:54.923452 sent 2024-12-11 09:59:54.918910
INFO:Message received on topic: type-2/11 with payload size: 91 at 2024-12-11 09:59:57.523698 sent 2024-12-11 09:59:57.519804
INFO:Message received on topic: type-2/11 with payload size: 91 at 2024-12-11 10:00:00.121677 sent 2024-12-11 10:00:00.119927
INFO:Message received on topic: type-2/11 with payload size: 91 at 2024-12-11 10:00:02.729642 sent 2024-12-11 10:00:02.719888
INFO:Message received on topic: type-2/11 with payload size: 91 at 2024-12-11 10:00:05.318911 sent 2024-12-11 10:00:05.315247
INFO:Message received on topic: type-2/11 with payload size: 91 at 2024-12-11 10:00:07.925408 sent 2024-12-11 10:00:07.918205
INFO:Message received on topic: type-2/11 with payload size: 91 at 2024-12-11 10:00:10.531863 sent 2024-12-11 10:00:10.525806
INFO:Message received on topic: type-2/11 with payload size: 91 at 2024-12-11 10:00:13.132765 sent 2024-12-11 10:00:13.127525
INFO:Message received on topic: type-2/11 with payload size: 91 at 2024-12-11 10:00:15.736232 sent 2024-12-11 10:00:15.730983
INFO:Message received on topic: type-2/11 with payload size: 91 at 2024-12-11 10:00:18.332699 sent 2024-12-11 10:00:18.330454
INFO:Message received on topic: type-2/11 with payload size: 91 at 2024-12-11 10:00:20.931225 sent 2024-12-11 10:00:20.929871
INFO:Message received on topic: type-2/11 with payload size: 91 at 2024-12-11 10:00:23.577160 sent 2024-12-11 10:00:23.533618
INFO:Message received on topic: type-2/11 with payload size: 91 at 2024-12-11 10:00:26.182522 sent 2024-12-11 10:00:26.139271
INFO:Message received on topic: type-2/11 with payload size: 91 at 2024-12-11 10:00:28.779928 sent 2024-12-11 10:00:28.743963
INFO:Message received on topic: type-2/11 with payload size: 91 at 2024-12-11 10:00:31.377687 sent 2024-12-11 10:00:31.348151
INFO:Message received on topic: type-2/11 with payload size: 91 at 2024-12-11 10:00:33.975079 sent 2024-12-11 10:00:33.951618
INFO:Message received on topic: type-2/11 with payload size: 91 at 2024-12-11 10:00:36.586761 sent 2024-12-11 10:00:36.556389
INFO:Message received on topic: type-2/11 with payload size: 91 at 2024-12-11 10:00:39.180408 sent 2024-12-11 10:00:39.160314
INFO:Message received on topic: type-2/11 with payload size: 91 at 2024-12-11 10:00:41.786476 sent 2024-12-11 10:00:41.759272
INFO:Message received on topic: type-2/11 with payload size: 91 at 2024-12-11 10:00:44.378794 sent 2024-12-11 10:00:44.363559
INFO:Message received on topic: type-2/11 with payload size: 91 at 2024-12-11 10:00:46.979600 sent 2024-12-11 10:00:46.966423
INFO:Message received on topic: type-2/11 with payload size: 91 at 2024-12-11 10:00:49.621588 sent 2024-12-11 10:00:49.569109
INFO:Message received on topic: type-2/11 with payload size: 91 at 2024-12-11 10:00:52.215160 sent 2024-12-11 10:00:52.176440
INFO:Message received on topic: type-2/11 with payload size: 91 at 2024-12-11 10:00:54.812997 sent 2024-12-11 10:00:54.779633
INFO:Message received on topic: type-2/11 with payload size: 91 at 2024-12-11 10:00:57.420834 sent 2024-12-11 10:00:57.382480
INFO:Message received on topic: type-2/11 with payload size: 91 at 2024-12-11 10:01:00.020856 sent 2024-12-11 10:00:59.988699
INFO:Message received on topic: type-2/11 with payload size: 91 at 2024-12-11 10:01:02.618819 sent 2024-12-11 10:01:02.596497
INFO:Message received on topic: type-2/11 with payload size: 91 at 2024-12-11 10:01:05.229221 sent 2024-12-11 10:01:05.207844
INFO:Message received on topic: type-2/11 with payload size: 91 at 2024-12-11 10:01:07.844375 sent 2024-12-11 10:01:07.813054
INFO:Message received on topic: type-2/11 with payload size: 91 at 2024-12-11 10:01:10.427213 sent 2024-12-11 10:01:10.416826
INFO:Message received on topic: type-2/11 with payload size: 91 at 2024-12-11 10:01:13.037845 sent 2024-12-11 10:01:13.017959
INFO:Message received on topic: type-2/11 with payload size: 91 at 2024-12-11 10:01:15.636663 sent 2024-12-11 10:01:15.619049
INFO:Message received on topic: type-2/11 with payload size: 91 at 2024-12-11 10:01:18.237088 sent 2024-12-11 10:01:18.226758
INFO:Message received on topic: type-2/11 with payload size: 91 at 2024-12-11 10:01:20.882042 sent 2024-12-11 10:01:20.832235
INFO:Message received on topic: type-2/11 with payload size: 91 at 2024-12-11 10:01:23.480287 sent 2024-12-11 10:01:23.444226
INFO:Message received on topic: type-2/11 with payload size: 91 at 2024-12-11 10:01:26.077518 sent 2024-12-11 10:01:26.049617
INFO:Message received on topic: type-2/11 with payload size: 91 at 2024-12-11 10:01:28.713923 sent 2024-12-11 10:01:28.658484
INFO:Message received on topic: type-2/11 with payload size: 91 at 2024-12-11 10:01:31.283897 sent 2024-12-11 10:01:31.268295
INFO:Message received on topic: type-2/11 with payload size: 91 at 2024-12-11 10:01:33.973585 sent 2024-12-11 10:01:33.883394
INFO:Message received on topic: type-2/11 with payload size: 91 at 2024-12-11 10:01:36.526069 sent 2024-12-11 10:01:36.492175
INFO:Message received on topic: type-2/11 with payload size: 91 at 2024-12-11 10:01:39.127861 sent 2024-12-11 10:01:39.101553
INFO:Message received on topic: type-2/11 with payload size: 91 at 2024-12-11 10:01:41.722806 sent 2024-12-11 10:01:41.709921
INFO:Message received on topic: type-2/11 with payload size: 91 at 2024-12-11 10:01:44.335716 sent 2024-12-11 10:01:44.328970
INFO:Message received on topic: type-2/11 with payload size: 91 at 2024-12-11 10:01:46.980799 sent 2024-12-11 10:01:46.936539
INFO:Message received on topic: type-2/11 with payload size: 91 at 2024-12-11 10:01:49.586106 sent 2024-12-11 10:01:49.548563
INFO:Message received on topic: type-2/11 with payload size: 91 at 2024-12-11 10:01:52.186979 sent 2024-12-11 10:01:52.162159
INFO:Message received on topic: type-2/11 with payload size: 91 at 2024-12-11 10:01:54.785551 sent 2024-12-11 10:01:54.769763
INFO:Message received on topic: type-2/11 with payload size: 91 at 2024-12-11 10:01:57.413361 sent 2024-12-11 10:01:57.377731
INFO:Message received on topic: type-2/11 with payload size: 91 at 2024-12-11 10:02:00.022615 sent 2024-12-11 10:01:59.989015
INFO:Message received on topic: type-2/11 with payload size: 91 at 2024-12-11 10:02:02.626007 sent 2024-12-11 10:02:02.604408
INFO:Message received on topic: type-2/11 with payload size: 91 at 2024-12-11 10:02:05.229807 sent 2024-12-11 10:02:05.217316
INFO:Message received on topic: type-2/11 with payload size: 91 at 2024-12-11 10:02:07.836793 sent 2024-12-11 10:02:07.827931
INFO:Message received on topic: type-2/11 with payload size: 91 at 2024-12-11 10:02:10.448031 sent 2024-12-11 10:02:10.438002
INFO:Message received on topic: type-2/11 with payload size: 91 at 2024-12-11 10:02:13.133805 sent 2024-12-11 10:02:13.051129
INFO:Message received on topic: type-2/11 with payload size: 91 at 2024-12-11 10:02:15.721214 sent 2024-12-11 10:02:15.666872
INFO:Message received on topic: type-2/11 with payload size: 91 at 2024-12-11 10:02:18.312924 sent 2024-12-11 10:02:18.271693
INFO:Message received on topic: type-2/11 with payload size: 91 at 2024-12-11 10:02:20.929477 sent 2024-12-11 10:02:20.889776
INFO:Message received on topic: type-2/11 with payload size: 91 at 2024-12-11 10:02:23.519389 sent 2024-12-11 10:02:23.502864
INFO:Message received on topic: type-2/11 with payload size: 91 at 2024-12-11 10:02:26.130645 sent 2024-12-11 10:02:26.116258
INFO:Message received on topic: type-2/11 with payload size: 91 at 2024-12-11 10:02:28.737521 sent 2024-12-11 10:02:28.725626
INFO:Message received on topic: type-2/11 with payload size: 91 at 2024-12-11 10:02:31.374033 sent 2024-12-11 10:02:31.335906
INFO:Message received on topic: type-2/11 with payload size: 91 at 2024-12-11 10:02:34.016735 sent 2024-12-11 10:02:33.942523
INFO:Message received on topic: type-2/11 with payload size: 91 at 2024-12-11 10:02:36.618408 sent 2024-12-11 10:02:36.556755
INFO:Message received on topic: type-2/11 with payload size: 91 at 2024-12-11 10:02:39.219575 sent 2024-12-11 10:02:39.171941
INFO:Message received on topic: type-2/11 with payload size: 91 at 2024-12-11 10:02:41.825293 sent 2024-12-11 10:02:41.787509
INFO:Message received on topic: type-2/11 with payload size: 91 at 2024-12-11 10:02:44.428637 sent 2024-12-11 10:02:44.396184
INFO:Message received on topic: type-2/11 with payload size: 91 at 2024-12-11 10:02:47.080089 sent 2024-12-11 10:02:47.003991
INFO:Message received on topic: type-2/11 with payload size: 91 at 2024-12-11 10:02:49.632009 sent 2024-12-11 10:02:49.619250
INFO:Message received on topic: type-2/11 with payload size: 91 at 2024-12-11 10:02:52.285100 sent 2024-12-11 10:02:52.242499
INFO:Message received on topic: type-2/11 with payload size: 91 at 2024-12-11 10:02:54.918035 sent 2024-12-11 10:02:54.852011
INFO:Message received on topic: type-2/11 with payload size: 91 at 2024-12-11 10:02:57.524749 sent 2024-12-11 10:02:57.463316
INFO:Message received on topic: type-2/11 with payload size: 91 at 2024-12-11 10:03:00.173177 sent 2024-12-11 10:03:00.079607
INFO:Message received on topic: type-2/11 with payload size: 91 at 2024-12-11 10:03:02.725301 sent 2024-12-11 10:03:02.692874
INFO:Message received on topic: type-2/11 with payload size: 91 at 2024-12-11 10:03:05.333201 sent 2024-12-11 10:03:05.309547
INFO:Message received on topic: type-2/11 with payload size: 91 at 2024-12-11 10:03:07.973680 sent 2024-12-11 10:03:07.926166
INFO:Message received on topic: type-2/11 with payload size: 91 at 2024-12-11 10:03:10.620270 sent 2024-12-11 10:03:10.537157
INFO:Message received on topic: type-2/11 with payload size: 91 at 2024-12-11 10:03:13.220530 sent 2024-12-11 10:03:13.147058
INFO:Message received on topic: type-2/11 with payload size: 91 at 2024-12-11 10:03:15.873904 sent 2024-12-11 10:03:15.760689
INFO:Message received on topic: type-2/11 with payload size: 91 at 2024-12-11 10:03:18.421821 sent 2024-12-11 10:03:18.368673
INFO:Message received on topic: type-2/11 with payload size: 91 at 2024-12-11 10:03:21.036719 sent 2024-12-11 10:03:20.982563
INFO:Message received on topic: type-2/11 with payload size: 91 at 2024-12-11 10:03:23.629232 sent 2024-12-11 10:03:23.568895
INFO:Message received on topic: type-2/11 with payload size: 91 at 2024-12-11 10:03:26.218757 sent 2024-12-11 10:03:26.154448
INFO:Message received on topic: type-2/11 with payload size: 91 at 2024-12-11 10:03:28.851661 sent 2024-12-11 10:03:28.743205
INFO:Message received on topic: type-2/11 with payload size: 91 at 2024-12-11 10:03:31.427494 sent 2024-12-11 10:03:31.331298
INFO:Message received on topic: type-2/11 with payload size: 91 at 2024-12-11 10:03:34.033281 sent 2024-12-11 10:03:33.945568
INFO:Message received on topic: type-2/11 with payload size: 91 at 2024-12-11 10:03:36.628059 sent 2024-12-11 10:03:36.562167
INFO:Message received on topic: type-2/11 with payload size: 91 at 2024-12-11 10:03:39.236752 sent 2024-12-11 10:03:39.173618
INFO:Message received on topic: type-2/11 with payload size: 91 at 2024-12-11 10:03:41.873465 sent 2024-12-11 10:03:41.796536
INFO:Message received on topic: type-2/11 with payload size: 91 at 2024-12-11 10:03:44.436915 sent 2024-12-11 10:03:44.410563
INFO:Message received on topic: type-2/11 with payload size: 91 at 2024-12-11 10:03:47.118073 sent 2024-12-11 10:03:47.028132
INFO:Message received on topic: type-2/11 with payload size: 91 at 2024-12-11 10:03:49.917022 sent 2024-12-11 10:03:49.642232
INFO:Message received on topic: type-2/11 with payload size: 91 at 2024-12-11 10:03:52.323374 sent 2024-12-11 10:03:52.253637
INFO:Message received on topic: type-2/11 with payload size: 91 at 2024-12-11 10:03:54.937016 sent 2024-12-11 10:03:54.865625
INFO:Message received on topic: type-2/11 with payload size: 91 at 2024-12-11 10:03:57.535085 sent 2024-12-11 10:03:57.480997
INFO:Message received on topic: type-2/11 with payload size: 91 at 2024-12-11 10:04:00.240187 sent 2024-12-11 10:04:00.093622
INFO:Message received on topic: type-2/11 with payload size: 91 at 2024-12-11 10:04:02.818128 sent 2024-12-11 10:04:02.708222
INFO:Message received on topic: type-2/11 with payload size: 91 at 2024-12-11 10:04:05.371442 sent 2024-12-11 10:04:05.318167
INFO:Message received on topic: type-2/11 with payload size: 91 at 2024-12-11 10:04:07.943312 sent 2024-12-11 10:04:07.926673
INFO:Message received on topic: type-2/11 with payload size: 91 at 2024-12-11 10:04:10.629518 sent 2024-12-11 10:04:10.541700
INFO:Message received on topic: type-2/11 with payload size: 91 at 2024-12-11 10:04:13.235297 sent 2024-12-11 10:04:13.152229
INFO:Message received on topic: type-2/11 with payload size: 91 at 2024-12-11 10:04:15.828709 sent 2024-12-11 10:04:15.763729
INFO:Message received on topic: type-2/11 with payload size: 91 at 2024-12-11 10:04:18.428720 sent 2024-12-11 10:04:18.371858
INFO:Message received on topic: type-2/11 with payload size: 91 at 2024-12-11 10:04:21.030437 sent 2024-12-11 10:04:20.987058
INFO:Message received on topic: type-2/11 with payload size: 91 at 2024-12-11 10:04:23.630299 sent 2024-12-11 10:04:23.595739
INFO:Message received on topic: type-2/11 with payload size: 91 at 2024-12-11 10:04:26.229398 sent 2024-12-11 10:04:26.204305
INFO:Message received on topic: type-2/11 with payload size: 91 at 2024-12-11 10:04:28.846037 sent 2024-12-11 10:04:28.814356
INFO:Message received on topic: type-2/11 with payload size: 91 at 2024-12-11 10:04:31.473073 sent 2024-12-11 10:04:31.424677
INFO:Message received on topic: type-2/11 with payload size: 91 at 2024-12-11 10:04:34.129392 sent 2024-12-11 10:04:34.040601
INFO:Message received on topic: type-2/11 with payload size: 91 at 2024-12-11 10:04:36.719831 sent 2024-12-11 10:04:36.651698
INFO:Message received on topic: type-2/11 with payload size: 91 at 2024-12-11 10:04:39.339462 sent 2024-12-11 10:04:39.267675
INFO:Message received on topic: type-2/11 with payload size: 91 at 2024-12-11 10:04:41.935565 sent 2024-12-11 10:04:41.881186
INFO:Message received on topic: type-2/11 with payload size: 91 at 2024-12-11 10:04:44.627629 sent 2024-12-11 10:04:44.494970
INFO:Message received on topic: type-2/11 with payload size: 91 at 2024-12-11 10:04:47.212928 sent 2024-12-11 10:04:47.103959
INFO:Message received on topic: type-2/11 with payload size: 91 at 2024-12-11 10:04:49.732085 sent 2024-12-11 10:04:49.714602
INFO:Message received on topic: type-2/11 with payload size: 91 at 2024-12-11 10:04:52.422970 sent 2024-12-11 10:04:52.328488
INFO:Message received on topic: type-2/11 with payload size: 91 at 2024-12-11 10:04:55.074217 sent 2024-12-11 10:04:54.938148
INFO:Message received on topic: type-2/11 with payload size: 91 at 2024-12-11 10:04:57.627020 sent 2024-12-11 10:04:57.546569
INFO:Message received on topic: type-2/11 with payload size: 91 at 2024-12-11 10:05:00.225013 sent 2024-12-11 10:05:00.148880
INFO:Message received on topic: type-2/11 with payload size: 91 at 2024-12-11 10:05:02.821409 sent 2024-12-11 10:05:02.759152
INFO:Message received on topic: type-2/11 with payload size: 91 at 2024-12-11 10:05:05.432506 sent 2024-12-11 10:05:05.368587
INFO:Message received on topic: type-2/11 with payload size: 91 at 2024-12-11 10:05:08.132789 sent 2024-12-11 10:05:07.977274
INFO:Message received on topic: type-2/11 with payload size: 91 at 2024-12-11 10:05:10.712699 sent 2024-12-11 10:05:10.590469
INFO:Message received on topic: type-2/11 with payload size: 91 at 2024-12-11 10:05:13.225676 sent 2024-12-11 10:05:13.204693
INFO:Message received on topic: type-2/11 with payload size: 91 at 2024-12-11 10:05:15.838523 sent 2024-12-11 10:05:15.821552
INFO:Message received on topic: type-2/11 with payload size: 91 at 2024-12-11 10:05:18.478940 sent 2024-12-11 10:05:18.430164
INFO:Message received on topic: type-2/11 with payload size: 91 at 2024-12-11 10:05:21.117241 sent 2024-12-11 10:05:21.049407
INFO:Message received on topic: type-2/11 with payload size: 91 at 2024-12-11 10:05:23.716026 sent 2024-12-11 10:05:23.658847
INFO:Message received on topic: type-2/11 with payload size: 91 at 2024-12-11 10:05:26.430497 sent 2024-12-11 10:05:26.274623
INFO:Message received on topic: type-2/11 with payload size: 91 at 2024-12-11 10:05:28.925197 sent 2024-12-11 10:05:28.889005
INFO:Message received on topic: type-2/11 with payload size: 91 at 2024-12-11 10:05:31.539994 sent 2024-12-11 10:05:31.503415
INFO:Message received on topic: type-2/11 with payload size: 91 at 2024-12-11 10:05:34.173752 sent 2024-12-11 10:05:34.116081
INFO:Message received on topic: type-2/11 with payload size: 91 at 2024-12-11 10:05:36.811462 sent 2024-12-11 10:05:36.725969
INFO:Message received on topic: type-2/11 with payload size: 91 at 2024-12-11 10:05:39.439608 sent 2024-12-11 10:05:39.343868
INFO:Message received on topic: type-2/11 with payload size: 91 at 2024-12-11 10:05:42.029765 sent 2024-12-11 10:05:41.958557
INFO:Message received on topic: type-2/11 with payload size: 91 at 2024-12-11 10:05:44.638741 sent 2024-12-11 10:05:44.570571
INFO:Message received on topic: type-2/11 with payload size: 91 at 2024-12-11 10:05:47.220055 sent 2024-12-11 10:05:47.180428
INFO:Message received on topic: type-2/11 with payload size: 91 at 2024-12-11 10:05:49.914574 sent 2024-12-11 10:05:49.792792
INFO:Message received on topic: type-2/11 with payload size: 91 at 2024-12-11 10:05:52.522863 sent 2024-12-11 10:05:52.413884
INFO:Message received on topic: type-2/11 with payload size: 91 at 2024-12-11 10:05:55.073219 sent 2024-12-11 10:05:55.030380
INFO:Message received on topic: type-2/11 with payload size: 91 at 2024-12-11 10:05:57.719105 sent 2024-12-11 10:05:57.645180
INFO:Message received on topic: type-2/11 with payload size: 91 at 2024-12-11 10:06:00.346207 sent 2024-12-11 10:06:00.261773
INFO:Message received on topic: type-2/11 with payload size: 91 at 2024-12-11 10:06:02.972039 sent 2024-12-11 10:06:02.876417
INFO:Message received on topic: type-2/11 with payload size: 91 at 2024-12-11 10:06:05.573643 sent 2024-12-11 10:06:05.495790
INFO:Message received on topic: type-2/11 with payload size: 91 at 2024-12-11 10:06:08.123813 sent 2024-12-11 10:06:08.103244
INFO:Message received on topic: type-2/11 with payload size: 91 at 2024-12-11 10:06:10.814219 sent 2024-12-11 10:06:10.715745
INFO:Message received on topic: type-2/11 with payload size: 91 at 2024-12-11 10:06:13.427173 sent 2024-12-11 10:06:13.324747
INFO:Message received on topic: type-2/11 with payload size: 91 at 2024-12-11 10:06:15.980220 sent 2024-12-11 10:06:15.934894
INFO:Message received on topic: type-2/11 with payload size: 91 at 2024-12-11 10:06:18.619548 sent 2024-12-11 10:06:18.546430
INFO:Message received on topic: type-2/11 with payload size: 91 at 2024-12-11 10:06:21.284232 sent 2024-12-11 10:06:21.155961
INFO:Message received on topic: type-2/11 with payload size: 91 at 2024-12-11 10:06:23.938526 sent 2024-12-11 10:06:23.773384
INFO:Message received on topic: type-2/11 with payload size: 91 at 2024-12-11 10:06:26.513484 sent 2024-12-11 10:06:26.390062
INFO:Message received on topic: type-2/11 with payload size: 91 at 2024-12-11 10:06:29.073220 sent 2024-12-11 10:06:28.999488
INFO:Message received on topic: type-2/11 with payload size: 91 at 2024-12-11 10:06:31.726161 sent 2024-12-11 10:06:31.609518
INFO:Message received on topic: type-2/11 with payload size: 91 at 2024-12-11 10:06:34.317289 sent 2024-12-11 10:06:34.226602
INFO:Message received on topic: type-2/11 with payload size: 91 at 2024-12-11 10:06:36.929019 sent 2024-12-11 10:06:36.837442
INFO:Message received on topic: type-2/11 with payload size: 91 at 2024-12-11 10:06:39.541566 sent 2024-12-11 10:06:39.447025
INFO:Message received on topic: type-2/11 with payload size: 91 at 2024-12-11 10:06:42.173685 sent 2024-12-11 10:06:42.060686
INFO:Message received on topic: type-2/11 with payload size: 91 at 2024-12-11 10:06:44.738178 sent 2024-12-11 10:06:44.669998
INFO:Message received on topic: type-2/11 with payload size: 91 at 2024-12-11 10:06:47.326615 sent 2024-12-11 10:06:47.283381
INFO:Message received on topic: type-2/11 with payload size: 91 at 2024-12-11 10:06:49.935735 sent 2024-12-11 10:06:49.899031
INFO:Message received on topic: type-2/11 with payload size: 91 at 2024-12-11 10:06:52.540056 sent 2024-12-11 10:06:52.512170
INFO:Message received on topic: type-2/11 with payload size: 91 at 2024-12-11 10:06:55.173889 sent 2024-12-11 10:06:55.128965
INFO:Message received on topic: type-2/11 with payload size: 91 at 2024-12-11 10:06:57.823300 sent 2024-12-11 10:06:57.739440
INFO:Message received on topic: type-2/11 with payload size: 91 at 2024-12-11 10:07:00.452315 sent 2024-12-11 10:07:00.350215
INFO:Message received on topic: type-2/11 with payload size: 91 at 2024-12-11 10:07:03.026247 sent 2024-12-11 10:07:02.972246
INFO:Message received on topic: type-2/11 with payload size: 91 at 2024-12-11 10:07:05.675174 sent 2024-12-11 10:07:05.587635
INFO:Message received on topic: type-2/11 with payload size: 91 at 2024-12-11 10:07:08.322654 sent 2024-12-11 10:07:08.203044
INFO:Message received on topic: type-2/11 with payload size: 91 at 2024-12-11 10:07:10.853215 sent 2024-12-11 10:07:10.815583
INFO:Message received on topic: type-2/11 with payload size: 91 at 2024-12-11 10:07:13.523041 sent 2024-12-11 10:07:13.429450
INFO:Message received on topic: type-2/11 with payload size: 91 at 2024-12-11 10:07:16.129596 sent 2024-12-11 10:07:16.039475
INFO:Message received on topic: type-2/11 with payload size: 91 at 2024-12-11 10:07:18.847732 sent 2024-12-11 10:07:18.647686
INFO:Message received on topic: type-2/11 with payload size: 91 at 2024-12-11 10:07:21.322989 sent 2024-12-11 10:07:21.260444
INFO:Message received on topic: type-2/11 with payload size: 91 at 2024-12-11 10:07:23.948773 sent 2024-12-11 10:07:23.875667
INFO:Message received on topic: type-2/11 with payload size: 91 at 2024-12-11 10:07:26.622229 sent 2024-12-11 10:07:26.483685
INFO:Message received on topic: type-2/11 with payload size: 91 at 2024-12-11 10:07:29.223864 sent 2024-12-11 10:07:29.093456
INFO:Message received on topic: type-2/11 with payload size: 91 at 2024-12-11 10:07:31.817278 sent 2024-12-11 10:07:31.703961
INFO:Message received on topic: type-2/11 with payload size: 91 at 2024-12-11 10:07:34.471989 sent 2024-12-11 10:07:34.321727
INFO:Message received on topic: type-2/11 with payload size: 91 at 2024-12-11 10:07:37.075086 sent 2024-12-11 10:07:36.930148
INFO:Message received on topic: type-2/11 with payload size: 91 at 2024-12-11 10:07:39.615848 sent 2024-12-11 10:07:39.544797
INFO:Message received on topic: type-2/11 with payload size: 91 at 2024-12-11 10:07:42.223552 sent 2024-12-11 10:07:42.152191
INFO:Message received on topic: type-2/11 with payload size: 91 at 2024-12-11 10:07:44.831975 sent 2024-12-11 10:07:44.758590
INFO:Message received on topic: type-2/11 with payload size: 91 at 2024-12-11 10:07:47.428841 sent 2024-12-11 10:07:47.370976
INFO:Message received on topic: type-2/11 with payload size: 91 at 2024-12-11 10:07:50.075592 sent 2024-12-11 10:07:49.994234
INFO:Message received on topic: type-2/11 with payload size: 91 at 2024-12-11 10:07:52.714612 sent 2024-12-11 10:07:52.607300
INFO:Message received on topic: type-2/11 with payload size: 91 at 2024-12-11 10:07:55.314667 sent 2024-12-11 10:07:55.212442
INFO:Message received on topic: type-2/11 with payload size: 91 at 2024-12-11 10:07:57.927986 sent 2024-12-11 10:07:57.827468
INFO:Message received on topic: type-2/11 with payload size: 91 at 2024-12-11 10:08:00.579794 sent 2024-12-11 10:08:00.440903
INFO:Message received on topic: type-2/11 with payload size: 91 at 2024-12-11 10:08:03.128006 sent 2024-12-11 10:08:03.048519
INFO:Message received on topic: type-2/11 with payload size: 91 at 2024-12-11 10:08:05.777864 sent 2024-12-11 10:08:05.655808
INFO:Message received on topic: type-2/11 with payload size: 91 at 2024-12-11 10:08:08.377704 sent 2024-12-11 10:08:08.275653
INFO:Message received on topic: type-2/11 with payload size: 91 at 2024-12-11 10:08:10.913469 sent 2024-12-11 10:08:10.888296
INFO:Message received on topic: type-2/11 with payload size: 91 at 2024-12-11 10:08:13.530357 sent 2024-12-11 10:08:13.497681
INFO:Message received on topic: type-2/11 with payload size: 91 at 2024-12-11 10:08:16.128082 sent 2024-12-11 10:08:16.107834
INFO:Message received on topic: type-2/11 with payload size: 91 at 2024-12-11 10:08:18.785578 sent 2024-12-11 10:08:18.718230
