INFO:Starting Version 1.0.5
DEBUG:Using selector: EpollSelector
INFO:Connecting to cluster at: mqtt-quic://emqx-headless.dtwins:14567 using QUIC
INFO:Subscribed to topic: type-2/15
INFO:Logging each: 50
INFO:Unhandled packet type received
INFO:Message received on topic: type-2/15 with payload size: 91 at 2024-12-11 10:00:05.930147 sent 2024-12-11 10:00:05.925055
INFO:Message received on topic: type-2/15 with payload size: 91 at 2024-12-11 10:00:08.541179 sent 2024-12-11 10:00:08.525141
INFO:Message received on topic: type-2/15 with payload size: 91 at 2024-12-11 10:00:11.126795 sent 2024-12-11 10:00:11.123198
INFO:Message received on topic: type-2/15 with payload size: 91 at 2024-12-11 10:00:13.728698 sent 2024-12-11 10:00:13.725492
INFO:Message received on topic: type-2/15 with payload size: 91 at 2024-12-11 10:00:16.414823 sent 2024-12-11 10:00:16.327884
INFO:Message received on topic: type-2/15 with payload size: 91 at 2024-12-11 10:00:18.937738 sent 2024-12-11 10:00:18.930107
INFO:Message received on topic: type-2/15 with payload size: 91 at 2024-12-11 10:00:21.575040 sent 2024-12-11 10:00:21.535019
INFO:Message received on topic: type-2/15 with payload size: 91 at 2024-12-11 10:00:24.176267 sent 2024-12-11 10:00:24.134951
INFO:Message received on topic: type-2/15 with payload size: 91 at 2024-12-11 10:00:26.780221 sent 2024-12-11 10:00:26.740013
INFO:Message received on topic: type-2/15 with payload size: 91 at 2024-12-11 10:00:29.377952 sent 2024-12-11 10:00:29.341586
INFO:Message received on topic: type-2/15 with payload size: 91 at 2024-12-11 10:00:31.981841 sent 2024-12-11 10:00:31.946466
INFO:Message received on topic: type-2/15 with payload size: 91 at 2024-12-11 10:00:34.582202 sent 2024-12-11 10:00:34.550712
INFO:Message received on topic: type-2/15 with payload size: 91 at 2024-12-11 10:00:37.211221 sent 2024-12-11 10:00:37.152849
INFO:Message received on topic: type-2/15 with payload size: 91 at 2024-12-11 10:00:39.782086 sent 2024-12-11 10:00:39.755612
INFO:Message received on topic: type-2/15 with payload size: 91 at 2024-12-11 10:00:42.384898 sent 2024-12-11 10:00:42.356905
INFO:Message received on topic: type-2/15 with payload size: 91 at 2024-12-11 10:00:44.982617 sent 2024-12-11 10:00:44.960217
INFO:Message received on topic: type-2/15 with payload size: 91 at 2024-12-11 10:00:47.582783 sent 2024-12-11 10:00:47.567279
INFO:Message received on topic: type-2/15 with payload size: 91 at 2024-12-11 10:00:50.214565 sent 2024-12-11 10:00:50.172836
INFO:Message received on topic: type-2/15 with payload size: 91 at 2024-12-11 10:00:52.820091 sent 2024-12-11 10:00:52.780631
INFO:Message received on topic: type-2/15 with payload size: 91 at 2024-12-11 10:00:55.417415 sent 2024-12-11 10:00:55.384992
INFO:Message received on topic: type-2/15 with payload size: 91 at 2024-12-11 10:00:58.023168 sent 2024-12-11 10:00:57.993692
INFO:Message received on topic: type-2/15 with payload size: 91 at 2024-12-11 10:01:00.641903 sent 2024-12-11 10:01:00.595587
INFO:Message received on topic: type-2/15 with payload size: 91 at 2024-12-11 10:01:03.235896 sent 2024-12-11 10:01:03.200540
INFO:Message received on topic: type-2/15 with payload size: 91 at 2024-12-11 10:01:05.835788 sent 2024-12-11 10:01:05.805272
INFO:Message received on topic: type-2/15 with payload size: 91 at 2024-12-11 10:01:08.429229 sent 2024-12-11 10:01:08.409943
INFO:Message received on topic: type-2/15 with payload size: 91 at 2024-12-11 10:01:11.078417 sent 2024-12-11 10:01:11.022241
INFO:Message received on topic: type-2/15 with payload size: 91 at 2024-12-11 10:01:13.641214 sent 2024-12-11 10:01:13.627188
INFO:Message received on topic: type-2/15 with payload size: 91 at 2024-12-11 10:01:16.249724 sent 2024-12-11 10:01:16.238445
INFO:Message received on topic: type-2/15 with payload size: 91 at 2024-12-11 10:01:18.878773 sent 2024-12-11 10:01:18.842856
INFO:Message received on topic: type-2/15 with payload size: 91 at 2024-12-11 10:01:21.523420 sent 2024-12-11 10:01:21.450945
INFO:Message received on topic: type-2/15 with payload size: 91 at 2024-12-11 10:01:24.081495 sent 2024-12-11 10:01:24.059728
INFO:Message received on topic: type-2/15 with payload size: 91 at 2024-12-11 10:01:26.712515 sent 2024-12-11 10:01:26.665587
INFO:Message received on topic: type-2/15 with payload size: 91 at 2024-12-11 10:01:29.313255 sent 2024-12-11 10:01:29.277838
INFO:Message received on topic: type-2/15 with payload size: 91 at 2024-12-11 10:01:31.923266 sent 2024-12-11 10:01:31.886863
INFO:Message received on topic: type-2/15 with payload size: 91 at 2024-12-11 10:01:34.527140 sent 2024-12-11 10:01:34.497306
INFO:Message received on topic: type-2/15 with payload size: 91 at 2024-12-11 10:01:37.144697 sent 2024-12-11 10:01:37.102503
INFO:Message received on topic: type-2/15 with payload size: 91 at 2024-12-11 10:01:39.726574 sent 2024-12-11 10:01:39.708278
INFO:Message received on topic: type-2/15 with payload size: 91 at 2024-12-11 10:01:42.336720 sent 2024-12-11 10:01:42.328095
INFO:Message received on topic: type-2/15 with payload size: 91 at 2024-12-11 10:01:44.980232 sent 2024-12-11 10:01:44.940925
INFO:Message received on topic: type-2/15 with payload size: 91 at 2024-12-11 10:01:47.582437 sent 2024-12-11 10:01:47.545288
INFO:Message received on topic: type-2/15 with payload size: 91 at 2024-12-11 10:01:50.211627 sent 2024-12-11 10:01:50.153804
INFO:Message received on topic: type-2/15 with payload size: 91 at 2024-12-11 10:01:52.813087 sent 2024-12-11 10:01:52.767154
INFO:Message received on topic: type-2/15 with payload size: 91 at 2024-12-11 10:01:55.415824 sent 2024-12-11 10:01:55.379211
INFO:Message received on topic: type-2/15 with payload size: 91 at 2024-12-11 10:01:58.036495 sent 2024-12-11 10:01:57.990443
INFO:Message received on topic: type-2/15 with payload size: 91 at 2024-12-11 10:02:00.624947 sent 2024-12-11 10:02:00.601940
INFO:Message received on topic: type-2/15 with payload size: 91 at 2024-12-11 10:02:03.246412 sent 2024-12-11 10:02:03.211177
INFO:Message received on topic: type-2/15 with payload size: 91 at 2024-12-11 10:02:05.839289 sent 2024-12-11 10:02:05.822878
INFO:Message received on topic: type-2/15 with payload size: 91 at 2024-12-11 10:02:08.474896 sent 2024-12-11 10:02:08.439737
INFO:Message received on topic: type-2/15 with payload size: 91 at 2024-12-11 10:02:11.111494 sent 2024-12-11 10:02:11.047447
INFO:Message received on topic: type-2/15 with payload size: 91 at 2024-12-11 10:02:13.717827 sent 2024-12-11 10:02:13.657668
INFO:Message received on topic: type-2/15 with payload size: 91 at 2024-12-11 10:02:16.283739 sent 2024-12-11 10:02:16.268921
INFO:Message received on topic: type-2/15 with payload size: 91 at 2024-12-11 10:02:18.926270 sent 2024-12-11 10:02:18.884278
INFO:Message received on topic: type-2/15 with payload size: 91 at 2024-12-11 10:02:21.540779 sent 2024-12-11 10:02:21.493771
INFO:Message received on topic: type-2/15 with payload size: 91 at 2024-12-11 10:02:24.129320 sent 2024-12-11 10:02:24.102600
INFO:Message received on topic: type-2/15 with payload size: 91 at 2024-12-11 10:02:26.722964 sent 2024-12-11 10:02:26.710390
INFO:Message received on topic: type-2/15 with payload size: 91 at 2024-12-11 10:02:29.416096 sent 2024-12-11 10:02:29.320730
INFO:Message received on topic: type-2/15 with payload size: 91 at 2024-12-11 10:02:31.978191 sent 2024-12-11 10:02:31.931156
INFO:Message received on topic: type-2/15 with payload size: 91 at 2024-12-11 10:02:34.574742 sent 2024-12-11 10:02:34.542294
INFO:Message received on topic: type-2/15 with payload size: 91 at 2024-12-11 10:02:37.240478 sent 2024-12-11 10:02:37.158571
INFO:Message received on topic: type-2/15 with payload size: 91 at 2024-12-11 10:02:39.828874 sent 2024-12-11 10:02:39.768737
INFO:Message received on topic: type-2/15 with payload size: 91 at 2024-12-11 10:02:42.431262 sent 2024-12-11 10:02:42.383946
INFO:Message received on topic: type-2/15 with payload size: 91 at 2024-12-11 10:02:45.028653 sent 2024-12-11 10:02:44.992066
INFO:Message received on topic: type-2/15 with payload size: 91 at 2024-12-11 10:02:47.640058 sent 2024-12-11 10:02:47.598708
INFO:Message received on topic: type-2/15 with payload size: 91 at 2024-12-11 10:02:50.229515 sent 2024-12-11 10:02:50.214434
INFO:Message received on topic: type-2/15 with payload size: 91 at 2024-12-11 10:02:52.835700 sent 2024-12-11 10:02:52.826727
INFO:Message received on topic: type-2/15 with payload size: 91 at 2024-12-11 10:02:55.477490 sent 2024-12-11 10:02:55.443312
INFO:Message received on topic: type-2/15 with payload size: 91 at 2024-12-11 10:02:58.131193 sent 2024-12-11 10:02:58.058429
INFO:Message received on topic: type-2/15 with payload size: 91 at 2024-12-11 10:03:00.715455 sent 2024-12-11 10:03:00.668276
INFO:Message received on topic: type-2/15 with payload size: 91 at 2024-12-11 10:03:03.374911 sent 2024-12-11 10:03:03.279174
INFO:Message received on topic: type-2/15 with payload size: 91 at 2024-12-11 10:03:05.933775 sent 2024-12-11 10:03:05.891852
INFO:Message received on topic: type-2/15 with payload size: 91 at 2024-12-11 10:03:08.520809 sent 2024-12-11 10:03:08.507872
INFO:Message received on topic: type-2/15 with payload size: 91 at 2024-12-11 10:03:11.173608 sent 2024-12-11 10:03:11.123041
INFO:Message received on topic: type-2/15 with payload size: 91 at 2024-12-11 10:03:13.827270 sent 2024-12-11 10:03:13.735979
INFO:Message received on topic: type-2/15 with payload size: 91 at 2024-12-11 10:03:16.412999 sent 2024-12-11 10:03:16.347201
INFO:Message received on topic: type-2/15 with payload size: 91 at 2024-12-11 10:03:19.027303 sent 2024-12-11 10:03:18.963602
INFO:Message received on topic: type-2/15 with payload size: 91 at 2024-12-11 10:03:21.714932 sent 2024-12-11 10:03:21.571811
INFO:Message received on topic: type-2/15 with payload size: 91 at 2024-12-11 10:03:24.217022 sent 2024-12-11 10:03:24.158947
INFO:Message received on topic: type-2/15 with payload size: 91 at 2024-12-11 10:03:26.823455 sent 2024-12-11 10:03:26.748363
INFO:Message received on topic: type-2/15 with payload size: 91 at 2024-12-11 10:03:29.429995 sent 2024-12-11 10:03:29.336005
INFO:Message received on topic: type-2/15 with payload size: 91 at 2024-12-11 10:03:32.017906 sent 2024-12-11 10:03:31.928618
INFO:Message received on topic: type-2/15 with payload size: 91 at 2024-12-11 10:03:34.617661 sent 2024-12-11 10:03:34.541998
INFO:Message received on topic: type-2/15 with payload size: 91 at 2024-12-11 10:03:37.219714 sent 2024-12-11 10:03:37.150644
INFO:Message received on topic: type-2/15 with payload size: 91 at 2024-12-11 10:03:39.812930 sent 2024-12-11 10:03:39.763808
INFO:Message received on topic: type-2/15 with payload size: 91 at 2024-12-11 10:03:42.436974 sent 2024-12-11 10:03:42.380258
INFO:Message received on topic: type-2/15 with payload size: 91 at 2024-12-11 10:03:45.076775 sent 2024-12-11 10:03:44.992850
INFO:Message received on topic: type-2/15 with payload size: 91 at 2024-12-11 10:03:47.620181 sent 2024-12-11 10:03:47.604168
INFO:Message received on topic: type-2/15 with payload size: 91 at 2024-12-11 10:03:50.237441 sent 2024-12-11 10:03:50.221258
INFO:Message received on topic: type-2/15 with payload size: 91 at 2024-12-11 10:03:53.031964 sent 2024-12-11 10:03:52.832860
INFO:Message received on topic: type-2/15 with payload size: 91 at 2024-12-11 10:03:55.470243 sent 2024-12-11 10:03:55.441621
INFO:Message received on topic: type-2/15 with payload size: 91 at 2024-12-11 10:03:58.137476 sent 2024-12-11 10:03:58.049125
INFO:Message received on topic: type-2/15 with payload size: 91 at 2024-12-11 10:04:00.737004 sent 2024-12-11 10:04:00.660057
INFO:Message received on topic: type-2/15 with payload size: 91 at 2024-12-11 10:04:03.335839 sent 2024-12-11 10:04:03.273572
INFO:Message received on topic: type-2/15 with payload size: 91 at 2024-12-11 10:04:05.941462 sent 2024-12-11 10:04:05.889019
INFO:Message received on topic: type-2/15 with payload size: 91 at 2024-12-11 10:04:08.539033 sent 2024-12-11 10:04:08.500917
INFO:Message received on topic: type-2/15 with payload size: 91 at 2024-12-11 10:04:11.229067 sent 2024-12-11 10:04:11.108528
INFO:Message received on topic: type-2/15 with payload size: 91 at 2024-12-11 10:04:13.766132 sent 2024-12-11 10:04:13.717226
INFO:Message received on topic: type-2/15 with payload size: 91 at 2024-12-11 10:04:16.357251 sent 2024-12-11 10:04:16.328776
INFO:Message received on topic: type-2/15 with payload size: 91 at 2024-12-11 10:04:19.019557 sent 2024-12-11 10:04:18.938278
INFO:Message received on topic: type-2/15 with payload size: 91 at 2024-12-11 10:04:21.620694 sent 2024-12-11 10:04:21.558590
INFO:Message received on topic: type-2/15 with payload size: 91 at 2024-12-11 10:04:24.230880 sent 2024-12-11 10:04:24.168439
INFO:Message received on topic: type-2/15 with payload size: 91 at 2024-12-11 10:04:26.830203 sent 2024-12-11 10:04:26.782265
INFO:Message received on topic: type-2/15 with payload size: 91 at 2024-12-11 10:04:29.438651 sent 2024-12-11 10:04:29.393945
INFO:Message received on topic: type-2/15 with payload size: 91 at 2024-12-11 10:04:32.035116 sent 2024-12-11 10:04:32.007674
INFO:Message received on topic: type-2/15 with payload size: 91 at 2024-12-11 10:04:34.670619 sent 2024-12-11 10:04:34.614736
INFO:Message received on topic: type-2/15 with payload size: 91 at 2024-12-11 10:04:37.277485 sent 2024-12-11 10:04:37.241859
INFO:Message received on topic: type-2/15 with payload size: 91 at 2024-12-11 10:04:39.933678 sent 2024-12-11 10:04:39.855645
INFO:Message received on topic: type-2/15 with payload size: 91 at 2024-12-11 10:04:42.530464 sent 2024-12-11 10:04:42.465926
INFO:Message received on topic: type-2/15 with payload size: 91 at 2024-12-11 10:04:45.150865 sent 2024-12-11 10:04:45.075113
INFO:Message received on topic: type-2/15 with payload size: 91 at 2024-12-11 10:04:47.733116 sent 2024-12-11 10:04:47.679292
INFO:Message received on topic: type-2/15 with payload size: 91 at 2024-12-11 10:04:50.331040 sent 2024-12-11 10:04:50.286105
INFO:Message received on topic: type-2/15 with payload size: 91 at 2024-12-11 10:04:53.021826 sent 2024-12-11 10:04:52.903099
INFO:Message received on topic: type-2/15 with payload size: 91 at 2024-12-11 10:04:55.574602 sent 2024-12-11 10:04:55.513526
INFO:Message received on topic: type-2/15 with payload size: 91 at 2024-12-11 10:04:58.217431 sent 2024-12-11 10:04:58.116706
INFO:Message received on topic: type-2/15 with payload size: 91 at 2024-12-11 10:05:00.775268 sent 2024-12-11 10:05:00.727079
INFO:Message received on topic: type-2/15 with payload size: 91 at 2024-12-11 10:05:03.436113 sent 2024-12-11 10:05:03.340221
INFO:Message received on topic: type-2/15 with payload size: 91 at 2024-12-11 10:05:06.023435 sent 2024-12-11 10:05:05.945505
INFO:Message received on topic: type-2/15 with payload size: 91 at 2024-12-11 10:05:08.620243 sent 2024-12-11 10:05:08.557695
INFO:Message received on topic: type-2/15 with payload size: 91 at 2024-12-11 10:05:11.232944 sent 2024-12-11 10:05:11.166846
INFO:Message received on topic: type-2/15 with payload size: 91 at 2024-12-11 10:05:13.826747 sent 2024-12-11 10:05:13.787964
INFO:Message received on topic: type-2/15 with payload size: 91 at 2024-12-11 10:05:16.514005 sent 2024-12-11 10:05:16.397869
INFO:Message received on topic: type-2/15 with payload size: 91 at 2024-12-11 10:05:19.073232 sent 2024-12-11 10:05:19.010862
INFO:Message received on topic: type-2/15 with payload size: 91 at 2024-12-11 10:05:21.681957 sent 2024-12-11 10:05:21.621019
INFO:Message received on topic: type-2/15 with payload size: 91 at 2024-12-11 10:05:24.315025 sent 2024-12-11 10:05:24.233726
INFO:Message received on topic: type-2/15 with payload size: 91 at 2024-12-11 10:05:26.919754 sent 2024-12-11 10:05:26.844743
INFO:Message received on topic: type-2/15 with payload size: 91 at 2024-12-11 10:05:29.631963 sent 2024-12-11 10:05:29.459604
INFO:Message received on topic: type-2/15 with payload size: 91 at 2024-12-11 10:05:32.128076 sent 2024-12-11 10:05:32.070492
INFO:Message received on topic: type-2/15 with payload size: 91 at 2024-12-11 10:05:34.778992 sent 2024-12-11 10:05:34.686059
INFO:Message received on topic: type-2/15 with payload size: 91 at 2024-12-11 10:05:37.375034 sent 2024-12-11 10:05:37.294488
INFO:Message received on topic: type-2/15 with payload size: 91 at 2024-12-11 10:05:40.024268 sent 2024-12-11 10:05:39.907021
INFO:Message received on topic: type-2/15 with payload size: 91 at 2024-12-11 10:05:42.573705 sent 2024-12-11 10:05:42.518537
INFO:Message received on topic: type-2/15 with payload size: 91 at 2024-12-11 10:05:45.229704 sent 2024-12-11 10:05:45.128377
INFO:Message received on topic: type-2/15 with payload size: 91 at 2024-12-11 10:05:47.821553 sent 2024-12-11 10:05:47.733825
INFO:Message received on topic: type-2/15 with payload size: 91 at 2024-12-11 10:05:50.424966 sent 2024-12-11 10:05:50.342247
INFO:Message received on topic: type-2/15 with payload size: 91 at 2024-12-11 10:05:53.043732 sent 2024-12-11 10:05:52.955425
INFO:Message received on topic: type-2/15 with payload size: 91 at 2024-12-11 10:05:55.726618 sent 2024-12-11 10:05:55.562870
INFO:Message received on topic: type-2/15 with payload size: 91 at 2024-12-11 10:05:58.272094 sent 2024-12-11 10:05:58.178110
INFO:Message received on topic: type-2/15 with payload size: 91 at 2024-12-11 10:06:00.929731 sent 2024-12-11 10:06:00.796987
INFO:Message received on topic: type-2/15 with payload size: 91 at 2024-12-11 10:06:03.519193 sent 2024-12-11 10:06:03.405844
INFO:Message received on topic: type-2/15 with payload size: 91 at 2024-12-11 10:06:06.135193 sent 2024-12-11 10:06:06.019069
INFO:Message received on topic: type-2/15 with payload size: 91 at 2024-12-11 10:06:08.734094 sent 2024-12-11 10:06:08.632193
INFO:Message received on topic: type-2/15 with payload size: 91 at 2024-12-11 10:06:11.329378 sent 2024-12-11 10:06:11.242307
INFO:Message received on topic: type-2/15 with payload size: 91 at 2024-12-11 10:06:13.941316 sent 2024-12-11 10:06:13.858999
INFO:Message received on topic: type-2/15 with payload size: 91 at 2024-12-11 10:06:16.512733 sent 2024-12-11 10:06:16.470560
INFO:Message received on topic: type-2/15 with payload size: 91 at 2024-12-11 10:06:19.232680 sent 2024-12-11 10:06:19.080991
INFO:Message received on topic: type-2/15 with payload size: 91 at 2024-12-11 10:06:21.736443 sent 2024-12-11 10:06:21.698715
INFO:Message received on topic: type-2/15 with payload size: 91 at 2024-12-11 10:06:24.539660 sent 2024-12-11 10:06:24.310236
INFO:Message received on topic: type-2/15 with payload size: 91 at 2024-12-11 10:06:26.976791 sent 2024-12-11 10:06:26.915315
INFO:Message received on topic: type-2/15 with payload size: 91 at 2024-12-11 10:06:29.615052 sent 2024-12-11 10:06:29.523932
INFO:Message received on topic: type-2/15 with payload size: 91 at 2024-12-11 10:06:32.232122 sent 2024-12-11 10:06:32.145231
INFO:Message received on topic: type-2/15 with payload size: 91 at 2024-12-11 10:06:34.824883 sent 2024-12-11 10:06:34.750290
INFO:Message received on topic: type-2/15 with payload size: 91 at 2024-12-11 10:06:37.474018 sent 2024-12-11 10:06:37.363827
INFO:Message received on topic: type-2/15 with payload size: 91 at 2024-12-11 10:06:40.071534 sent 2024-12-11 10:06:39.973095
INFO:Message received on topic: type-2/15 with payload size: 91 at 2024-12-11 10:06:42.638218 sent 2024-12-11 10:06:42.591701
INFO:Message received on topic: type-2/15 with payload size: 91 at 2024-12-11 10:06:45.319422 sent 2024-12-11 10:06:45.206363
INFO:Message received on topic: type-2/15 with payload size: 91 at 2024-12-11 10:06:47.837684 sent 2024-12-11 10:06:47.811853
INFO:Message received on topic: type-2/15 with payload size: 91 at 2024-12-11 10:06:50.576524 sent 2024-12-11 10:06:50.422734
INFO:Message received on topic: type-2/15 with payload size: 91 at 2024-12-11 10:06:53.076651 sent 2024-12-11 10:06:53.032892
INFO:Message received on topic: type-2/15 with payload size: 91 at 2024-12-11 10:06:55.731003 sent 2024-12-11 10:06:55.643521
INFO:Message received on topic: type-2/15 with payload size: 91 at 2024-12-11 10:06:58.341988 sent 2024-12-11 10:06:58.257276
INFO:Message received on topic: type-2/15 with payload size: 91 at 2024-12-11 10:07:01.015162 sent 2024-12-11 10:07:00.871715
INFO:Message received on topic: type-2/15 with payload size: 91 at 2024-12-11 10:07:03.621423 sent 2024-12-11 10:07:03.486672
INFO:Message received on topic: type-2/15 with payload size: 91 at 2024-12-11 10:07:06.139491 sent 2024-12-11 10:07:06.098095
INFO:Message received on topic: type-2/15 with payload size: 91 at 2024-12-11 10:07:08.778488 sent 2024-12-11 10:07:08.711699
INFO:Message received on topic: type-2/15 with payload size: 91 at 2024-12-11 10:07:11.346727 sent 2024-12-11 10:07:11.320682
INFO:Message received on topic: type-2/15 with payload size: 91 at 2024-12-11 10:07:14.047173 sent 2024-12-11 10:07:13.928909
INFO:Message received on topic: type-2/15 with payload size: 91 at 2024-12-11 10:07:16.639996 sent 2024-12-11 10:07:16.532938
INFO:Message received on topic: type-2/15 with payload size: 91 at 2024-12-11 10:07:19.272511 sent 2024-12-11 10:07:19.140676
INFO:Message received on topic: type-2/15 with payload size: 91 at 2024-12-11 10:07:21.877501 sent 2024-12-11 10:07:21.755785
INFO:Message received on topic: type-2/15 with payload size: 91 at 2024-12-11 10:07:24.439740 sent 2024-12-11 10:07:24.367263
INFO:Message received on topic: type-2/15 with payload size: 91 at 2024-12-11 10:07:27.074177 sent 2024-12-11 10:07:26.982998
INFO:Message received on topic: type-2/15 with payload size: 91 at 2024-12-11 10:07:29.723074 sent 2024-12-11 10:07:29.591464
INFO:Message received on topic: type-2/15 with payload size: 91 at 2024-12-11 10:07:32.235475 sent 2024-12-11 10:07:32.200260
INFO:Message received on topic: type-2/15 with payload size: 91 at 2024-12-11 10:07:34.922614 sent 2024-12-11 10:07:34.810240
INFO:Message received on topic: type-2/15 with payload size: 91 at 2024-12-11 10:07:37.473177 sent 2024-12-11 10:07:37.423298
INFO:Message received on topic: type-2/15 with payload size: 91 at 2024-12-11 10:07:40.114291 sent 2024-12-11 10:07:40.033029
INFO:Message received on topic: type-2/15 with payload size: 91 at 2024-12-11 10:07:42.778299 sent 2024-12-11 10:07:42.646672
INFO:Message received on topic: type-2/15 with payload size: 91 at 2024-12-11 10:07:45.332564 sent 2024-12-11 10:07:45.249947
INFO:Message received on topic: type-2/15 with payload size: 91 at 2024-12-11 10:07:47.927407 sent 2024-12-11 10:07:47.856256
INFO:Message received on topic: type-2/15 with payload size: 91 at 2024-12-11 10:07:50.573919 sent 2024-12-11 10:07:50.468843
INFO:Message received on topic: type-2/15 with payload size: 91 at 2024-12-11 10:07:53.153023 sent 2024-12-11 10:07:53.078893
INFO:Message received on topic: type-2/15 with payload size: 91 at 2024-12-11 10:07:55.816109 sent 2024-12-11 10:07:55.688397
INFO:Message received on topic: type-2/15 with payload size: 91 at 2024-12-11 10:07:58.329368 sent 2024-12-11 10:07:58.296208
INFO:Message received on topic: type-2/15 with payload size: 91 at 2024-12-11 10:08:00.983410 sent 2024-12-11 10:08:00.907518
INFO:Message received on topic: type-2/15 with payload size: 91 at 2024-12-11 10:08:03.573675 sent 2024-12-11 10:08:03.513161
INFO:Message received on topic: type-2/15 with payload size: 91 at 2024-12-11 10:08:06.176917 sent 2024-12-11 10:08:06.120182
INFO:Message received on topic: type-2/15 with payload size: 91 at 2024-12-11 10:08:08.822933 sent 2024-12-11 10:08:08.737410
INFO:Message received on topic: type-2/15 with payload size: 91 at 2024-12-11 10:08:11.414234 sent 2024-12-11 10:08:11.343777
INFO:Message received on topic: type-2/15 with payload size: 91 at 2024-12-11 10:08:13.980306 sent 2024-12-11 10:08:13.949738
INFO:Message received on topic: type-2/15 with payload size: 91 at 2024-12-11 10:08:16.616100 sent 2024-12-11 10:08:16.552302
INFO:Message received on topic: type-2/15 with payload size: 91 at 2024-12-11 10:08:19.216882 sent 2024-12-11 10:08:19.157405
INFO:Message received on topic: type-2/15 with payload size: 91 at 2024-12-11 10:08:21.815048 sent 2024-12-11 10:08:21.766791
INFO:Message received on topic: type-2/15 with payload size: 91 at 2024-12-11 10:08:24.388896 sent 2024-12-11 10:08:24.375371
INFO:Message received on topic: type-2/15 with payload size: 91 at 2024-12-11 10:08:27.021593 sent 2024-12-11 10:08:26.983580
INFO:Message received on topic: type-2/15 with payload size: 91 at 2024-12-11 10:08:29.675106 sent 2024-12-11 10:08:29.593108
INFO:Message received on topic: type-2/15 with payload size: 91 at 2024-12-11 10:08:32.275503 sent 2024-12-11 10:08:32.205233
INFO:Message received on topic: type-2/15 with payload size: 91 at 2024-12-11 10:08:34.883061 sent 2024-12-11 10:08:34.811622
