INFO:Starting Version 1.0.5
DEBUG:Using selector: EpollSelector
INFO:Connecting to cluster at: mqtt-quic://emqx-headless.dtwins:14567 using QUIC
INFO:Subscribed to topic: type-2/12
INFO:Logging each: 50
INFO:Unhandled packet type received
INFO:Message received on topic: type-2/12 with payload size: 91 at 2024-12-11 09:59:53.324600 sent 2024-12-11 09:59:53.321625
INFO:Message received on topic: type-2/12 with payload size: 91 at 2024-12-11 09:59:55.923716 sent 2024-12-11 09:59:55.921392
INFO:Message received on topic: type-2/12 with payload size: 91 at 2024-12-11 09:59:58.528092 sent 2024-12-11 09:59:58.523611
INFO:Message received on topic: type-2/12 with payload size: 91 at 2024-12-11 10:00:01.127031 sent 2024-12-11 10:00:01.123882
INFO:Message received on topic: type-2/12 with payload size: 91 at 2024-12-11 10:00:03.728172 sent 2024-12-11 10:00:03.724846
INFO:Message received on topic: type-2/12 with payload size: 91 at 2024-12-11 10:00:06.328133 sent 2024-12-11 10:00:06.325549
INFO:Message received on topic: type-2/12 with payload size: 91 at 2024-12-11 10:00:08.927353 sent 2024-12-11 10:00:08.926084
INFO:Message received on topic: type-2/12 with payload size: 91 at 2024-12-11 10:00:11.532209 sent 2024-12-11 10:00:11.529744
INFO:Message received on topic: type-2/12 with payload size: 91 at 2024-12-11 10:00:14.176083 sent 2024-12-11 10:00:14.129007
INFO:Message received on topic: type-2/12 with payload size: 91 at 2024-12-11 10:00:16.740852 sent 2024-12-11 10:00:16.737264
INFO:Message received on topic: type-2/12 with payload size: 91 at 2024-12-11 10:00:19.378109 sent 2024-12-11 10:00:19.340296
INFO:Message received on topic: type-2/12 with payload size: 91 at 2024-12-11 10:00:21.980869 sent 2024-12-11 10:00:21.941777
INFO:Message received on topic: type-2/12 with payload size: 91 at 2024-12-11 10:00:24.585048 sent 2024-12-11 10:00:24.549051
INFO:Message received on topic: type-2/12 with payload size: 91 at 2024-12-11 10:00:27.178784 sent 2024-12-11 10:00:27.149627
INFO:Message received on topic: type-2/12 with payload size: 91 at 2024-12-11 10:00:29.778653 sent 2024-12-11 10:00:29.750502
INFO:Message received on topic: type-2/12 with payload size: 91 at 2024-12-11 10:00:32.378020 sent 2024-12-11 10:00:32.351563
INFO:Message received on topic: type-2/12 with payload size: 91 at 2024-12-11 10:00:34.986470 sent 2024-12-11 10:00:34.956055
INFO:Message received on topic: type-2/12 with payload size: 91 at 2024-12-11 10:00:37.583314 sent 2024-12-11 10:00:37.559944
INFO:Message received on topic: type-2/12 with payload size: 91 at 2024-12-11 10:00:40.185197 sent 2024-12-11 10:00:40.167886
INFO:Message received on topic: type-2/12 with payload size: 91 at 2024-12-11 10:00:42.784021 sent 2024-12-11 10:00:42.774060
INFO:Message received on topic: type-2/12 with payload size: 91 at 2024-12-11 10:00:45.383208 sent 2024-12-11 10:00:45.373969
INFO:Message received on topic: type-2/12 with payload size: 91 at 2024-12-11 10:00:47.982219 sent 2024-12-11 10:00:47.973260
INFO:Message received on topic: type-2/12 with payload size: 91 at 2024-12-11 10:00:50.618116 sent 2024-12-11 10:00:50.582646
INFO:Message received on topic: type-2/12 with payload size: 91 at 2024-12-11 10:00:53.231919 sent 2024-12-11 10:00:53.189108
INFO:Message received on topic: type-2/12 with payload size: 91 at 2024-12-11 10:00:55.834442 sent 2024-12-11 10:00:55.791501
INFO:Message received on topic: type-2/12 with payload size: 91 at 2024-12-11 10:00:58.422596 sent 2024-12-11 10:00:58.395062
INFO:Message received on topic: type-2/12 with payload size: 91 at 2024-12-11 10:01:01.051280 sent 2024-12-11 10:01:01.000006
INFO:Message received on topic: type-2/12 with payload size: 91 at 2024-12-11 10:01:03.626160 sent 2024-12-11 10:01:03.604858
INFO:Message received on topic: type-2/12 with payload size: 91 at 2024-12-11 10:01:06.242145 sent 2024-12-11 10:01:06.206948
INFO:Message received on topic: type-2/12 with payload size: 91 at 2024-12-11 10:01:08.828690 sent 2024-12-11 10:01:08.810748
INFO:Message received on topic: type-2/12 with payload size: 91 at 2024-12-11 10:01:11.440133 sent 2024-12-11 10:01:11.413061
INFO:Message received on topic: type-2/12 with payload size: 91 at 2024-12-11 10:01:14.034217 sent 2024-12-11 10:01:14.023972
INFO:Message received on topic: type-2/12 with payload size: 91 at 2024-12-11 10:01:16.639459 sent 2024-12-11 10:01:16.621957
INFO:Message received on topic: type-2/12 with payload size: 91 at 2024-12-11 10:01:19.239472 sent 2024-12-11 10:01:19.228553
INFO:Message received on topic: type-2/12 with payload size: 91 at 2024-12-11 10:01:21.871988 sent 2024-12-11 10:01:21.837140
INFO:Message received on topic: type-2/12 with payload size: 91 at 2024-12-11 10:01:24.480138 sent 2024-12-11 10:01:24.448966
INFO:Message received on topic: type-2/12 with payload size: 91 at 2024-12-11 10:01:27.082648 sent 2024-12-11 10:01:27.057179
INFO:Message received on topic: type-2/12 with payload size: 91 at 2024-12-11 10:01:29.715262 sent 2024-12-11 10:01:29.665894
INFO:Message received on topic: type-2/12 with payload size: 91 at 2024-12-11 10:01:32.316085 sent 2024-12-11 10:01:32.281634
INFO:Message received on topic: type-2/12 with payload size: 91 at 2024-12-11 10:01:34.926118 sent 2024-12-11 10:01:34.892457
INFO:Message received on topic: type-2/12 with payload size: 91 at 2024-12-11 10:01:37.524571 sent 2024-12-11 10:01:37.500227
INFO:Message received on topic: type-2/12 with payload size: 91 at 2024-12-11 10:01:40.173053 sent 2024-12-11 10:01:40.109158
INFO:Message received on topic: type-2/12 with payload size: 91 at 2024-12-11 10:01:42.734425 sent 2024-12-11 10:01:42.720021
INFO:Message received on topic: type-2/12 with payload size: 91 at 2024-12-11 10:01:45.373876 sent 2024-12-11 10:01:45.332977
INFO:Message received on topic: type-2/12 with payload size: 91 at 2024-12-11 10:01:48.013541 sent 2024-12-11 10:01:47.942861
INFO:Message received on topic: type-2/12 with payload size: 91 at 2024-12-11 10:01:50.587158 sent 2024-12-11 10:01:50.559429
INFO:Message received on topic: type-2/12 with payload size: 91 at 2024-12-11 10:01:53.211795 sent 2024-12-11 10:01:53.171295
INFO:Message received on topic: type-2/12 with payload size: 91 at 2024-12-11 10:01:55.846496 sent 2024-12-11 10:01:55.790972
INFO:Message received on topic: type-2/12 with payload size: 91 at 2024-12-11 10:01:58.427744 sent 2024-12-11 10:01:58.400505
INFO:Message received on topic: type-2/12 with payload size: 91 at 2024-12-11 10:02:01.043261 sent 2024-12-11 10:02:01.016564
INFO:Message received on topic: type-2/12 with payload size: 91 at 2024-12-11 10:02:03.646218 sent 2024-12-11 10:02:03.633936
INFO:Message received on topic: type-2/12 with payload size: 91 at 2024-12-11 10:02:06.314558 sent 2024-12-11 10:02:06.247925
INFO:Message received on topic: type-2/12 with payload size: 91 at 2024-12-11 10:02:08.914306 sent 2024-12-11 10:02:08.863819
INFO:Message received on topic: type-2/12 with payload size: 91 at 2024-12-11 10:02:11.521557 sent 2024-12-11 10:02:11.480318
INFO:Message received on topic: type-2/12 with payload size: 91 at 2024-12-11 10:02:14.142169 sent 2024-12-11 10:02:14.099583
INFO:Message received on topic: type-2/12 with payload size: 91 at 2024-12-11 10:02:16.723600 sent 2024-12-11 10:02:16.705907
INFO:Message received on topic: type-2/12 with payload size: 91 at 2024-12-11 10:02:19.331441 sent 2024-12-11 10:02:19.317615
INFO:Message received on topic: type-2/12 with payload size: 91 at 2024-12-11 10:02:21.979287 sent 2024-12-11 10:02:21.928221
INFO:Message received on topic: type-2/12 with payload size: 91 at 2024-12-11 10:02:24.612850 sent 2024-12-11 10:02:24.535258
INFO:Message received on topic: type-2/12 with payload size: 91 at 2024-12-11 10:02:27.225108 sent 2024-12-11 10:02:27.154198
INFO:Message received on topic: type-2/12 with payload size: 91 at 2024-12-11 10:02:29.920839 sent 2024-12-11 10:02:29.765148
INFO:Message received on topic: type-2/12 with payload size: 91 at 2024-12-11 10:02:32.424280 sent 2024-12-11 10:02:32.379892
INFO:Message received on topic: type-2/12 with payload size: 91 at 2024-12-11 10:02:35.022741 sent 2024-12-11 10:02:34.992610
INFO:Message received on topic: type-2/12 with payload size: 91 at 2024-12-11 10:02:37.635110 sent 2024-12-11 10:02:37.600272
INFO:Message received on topic: type-2/12 with payload size: 91 at 2024-12-11 10:02:40.241217 sent 2024-12-11 10:02:40.208837
INFO:Message received on topic: type-2/12 with payload size: 91 at 2024-12-11 10:02:42.836936 sent 2024-12-11 10:02:42.820823
INFO:Message received on topic: type-2/12 with payload size: 91 at 2024-12-11 10:02:45.474063 sent 2024-12-11 10:02:45.434203
INFO:Message received on topic: type-2/12 with payload size: 91 at 2024-12-11 10:02:48.115144 sent 2024-12-11 10:02:48.042286
INFO:Message received on topic: type-2/12 with payload size: 91 at 2024-12-11 10:02:50.720618 sent 2024-12-11 10:02:50.653987
INFO:Message received on topic: type-2/12 with payload size: 91 at 2024-12-11 10:02:53.323841 sent 2024-12-11 10:02:53.265041
INFO:Message received on topic: type-2/12 with payload size: 91 at 2024-12-11 10:02:55.949305 sent 2024-12-11 10:02:55.875590
INFO:Message received on topic: type-2/12 with payload size: 91 at 2024-12-11 10:02:58.531807 sent 2024-12-11 10:02:58.495108
INFO:Message received on topic: type-2/12 with payload size: 91 at 2024-12-11 10:03:01.141145 sent 2024-12-11 10:03:01.107288
INFO:Message received on topic: type-2/12 with payload size: 91 at 2024-12-11 10:03:03.776733 sent 2024-12-11 10:03:03.721302
INFO:Message received on topic: type-2/12 with payload size: 91 at 2024-12-11 10:03:06.416581 sent 2024-12-11 10:03:06.340206
INFO:Message received on topic: type-2/12 with payload size: 91 at 2024-12-11 10:03:09.020002 sent 2024-12-11 10:03:08.946792
INFO:Message received on topic: type-2/12 with payload size: 91 at 2024-12-11 10:03:11.612736 sent 2024-12-11 10:03:11.557153
INFO:Message received on topic: type-2/12 with payload size: 91 at 2024-12-11 10:03:14.214226 sent 2024-12-11 10:03:14.174679
INFO:Message received on topic: type-2/12 with payload size: 91 at 2024-12-11 10:03:16.831472 sent 2024-12-11 10:03:16.780102
INFO:Message received on topic: type-2/12 with payload size: 91 at 2024-12-11 10:03:19.437304 sent 2024-12-11 10:03:19.388536
INFO:Message received on topic: type-2/12 with payload size: 91 at 2024-12-11 10:03:22.033883 sent 2024-12-11 10:03:21.986356
INFO:Message received on topic: type-2/12 with payload size: 91 at 2024-12-11 10:03:24.632613 sent 2024-12-11 10:03:24.577873
INFO:Message received on topic: type-2/12 with payload size: 91 at 2024-12-11 10:03:27.225984 sent 2024-12-11 10:03:27.165111
INFO:Message received on topic: type-2/12 with payload size: 91 at 2024-12-11 10:03:29.838170 sent 2024-12-11 10:03:29.754589
INFO:Message received on topic: type-2/12 with payload size: 91 at 2024-12-11 10:03:32.427212 sent 2024-12-11 10:03:32.350577
INFO:Message received on topic: type-2/12 with payload size: 91 at 2024-12-11 10:03:35.019411 sent 2024-12-11 10:03:34.969495
INFO:Message received on topic: type-2/12 with payload size: 91 at 2024-12-11 10:03:37.627138 sent 2024-12-11 10:03:37.582284
INFO:Message received on topic: type-2/12 with payload size: 91 at 2024-12-11 10:03:40.250605 sent 2024-12-11 10:03:40.196831
INFO:Message received on topic: type-2/12 with payload size: 91 at 2024-12-11 10:03:42.925530 sent 2024-12-11 10:03:42.805866
INFO:Message received on topic: type-2/12 with payload size: 91 at 2024-12-11 10:03:45.516267 sent 2024-12-11 10:03:45.415004
INFO:Message received on topic: type-2/12 with payload size: 91 at 2024-12-11 10:03:48.075643 sent 2024-12-11 10:03:48.026653
INFO:Message received on topic: type-2/12 with payload size: 91 at 2024-12-11 10:03:50.717523 sent 2024-12-11 10:03:50.636164
INFO:Message received on topic: type-2/12 with payload size: 91 at 2024-12-11 10:03:53.318695 sent 2024-12-11 10:03:53.249308
INFO:Message received on topic: type-2/12 with payload size: 91 at 2024-12-11 10:03:55.936468 sent 2024-12-11 10:03:55.863609
INFO:Message received on topic: type-2/12 with payload size: 91 at 2024-12-11 10:03:58.525461 sent 2024-12-11 10:03:58.471041
INFO:Message received on topic: type-2/12 with payload size: 91 at 2024-12-11 10:04:01.140217 sent 2024-12-11 10:04:01.083013
INFO:Message received on topic: type-2/12 with payload size: 91 at 2024-12-11 10:04:03.738814 sent 2024-12-11 10:04:03.694020
INFO:Message received on topic: type-2/12 with payload size: 91 at 2024-12-11 10:04:06.334218 sent 2024-12-11 10:04:06.304529
INFO:Message received on topic: type-2/12 with payload size: 91 at 2024-12-11 10:04:08.947213 sent 2024-12-11 10:04:08.918408
INFO:Message received on topic: type-2/12 with payload size: 91 at 2024-12-11 10:04:11.561206 sent 2024-12-11 10:04:11.532005
INFO:Message received on topic: type-2/12 with payload size: 91 at 2024-12-11 10:04:14.237501 sent 2024-12-11 10:04:14.145496
INFO:Message received on topic: type-2/12 with payload size: 91 at 2024-12-11 10:04:16.833086 sent 2024-12-11 10:04:16.755470
INFO:Message received on topic: type-2/12 with payload size: 91 at 2024-12-11 10:04:19.419060 sent 2024-12-11 10:04:19.367477
INFO:Message received on topic: type-2/12 with payload size: 91 at 2024-12-11 10:04:22.035996 sent 2024-12-11 10:04:21.980646
INFO:Message received on topic: type-2/12 with payload size: 91 at 2024-12-11 10:04:24.645135 sent 2024-12-11 10:04:24.592871
INFO:Message received on topic: type-2/12 with payload size: 91 at 2024-12-11 10:04:27.271749 sent 2024-12-11 10:04:27.203910
INFO:Message received on topic: type-2/12 with payload size: 91 at 2024-12-11 10:04:29.873912 sent 2024-12-11 10:04:29.814936
INFO:Message received on topic: type-2/12 with payload size: 91 at 2024-12-11 10:04:32.472412 sent 2024-12-11 10:04:32.426977
INFO:Message received on topic: type-2/12 with payload size: 91 at 2024-12-11 10:04:35.117630 sent 2024-12-11 10:04:35.038492
INFO:Message received on topic: type-2/12 with payload size: 91 at 2024-12-11 10:04:37.733450 sent 2024-12-11 10:04:37.652531
INFO:Message received on topic: type-2/12 with payload size: 91 at 2024-12-11 10:04:40.324694 sent 2024-12-11 10:04:40.263125
INFO:Message received on topic: type-2/12 with payload size: 91 at 2024-12-11 10:04:42.937891 sent 2024-12-11 10:04:42.878286
INFO:Message received on topic: type-2/12 with payload size: 91 at 2024-12-11 10:04:45.528880 sent 2024-12-11 10:04:45.486444
INFO:Message received on topic: type-2/12 with payload size: 91 at 2024-12-11 10:04:48.176222 sent 2024-12-11 10:04:48.091669
INFO:Message received on topic: type-2/12 with payload size: 91 at 2024-12-11 10:04:50.819547 sent 2024-12-11 10:04:50.697082
INFO:Message received on topic: type-2/12 with payload size: 91 at 2024-12-11 10:04:53.436475 sent 2024-12-11 10:04:53.313524
INFO:Message received on topic: type-2/12 with payload size: 91 at 2024-12-11 10:04:55.932858 sent 2024-12-11 10:04:55.923032
INFO:Message received on topic: type-2/12 with payload size: 91 at 2024-12-11 10:04:58.617268 sent 2024-12-11 10:04:58.522699
INFO:Message received on topic: type-2/12 with payload size: 91 at 2024-12-11 10:05:01.231404 sent 2024-12-11 10:05:01.140566
INFO:Message received on topic: type-2/12 with payload size: 91 at 2024-12-11 10:05:03.875145 sent 2024-12-11 10:05:03.753607
INFO:Message received on topic: type-2/12 with payload size: 91 at 2024-12-11 10:05:06.518598 sent 2024-12-11 10:05:06.361493
INFO:Message received on topic: type-2/12 with payload size: 91 at 2024-12-11 10:05:09.036997 sent 2024-12-11 10:05:08.970821
INFO:Message received on topic: type-2/12 with payload size: 91 at 2024-12-11 10:05:11.714831 sent 2024-12-11 10:05:11.580927
INFO:Message received on topic: type-2/12 with payload size: 91 at 2024-12-11 10:05:14.230530 sent 2024-12-11 10:05:14.196044
INFO:Message received on topic: type-2/12 with payload size: 91 at 2024-12-11 10:05:16.918880 sent 2024-12-11 10:05:16.805645
INFO:Message received on topic: type-2/12 with payload size: 91 at 2024-12-11 10:05:19.425731 sent 2024-12-11 10:05:19.415772
INFO:Message received on topic: type-2/12 with payload size: 91 at 2024-12-11 10:05:22.115005 sent 2024-12-11 10:05:22.028920
INFO:Message received on topic: type-2/12 with payload size: 91 at 2024-12-11 10:05:24.677569 sent 2024-12-11 10:05:24.638133
INFO:Message received on topic: type-2/12 with payload size: 91 at 2024-12-11 10:05:27.318680 sent 2024-12-11 10:05:27.251037
INFO:Message received on topic: type-2/12 with payload size: 91 at 2024-12-11 10:05:29.947850 sent 2024-12-11 10:05:29.867566
INFO:Message received on topic: type-2/12 with payload size: 91 at 2024-12-11 10:05:32.547381 sent 2024-12-11 10:05:32.483580
INFO:Message received on topic: type-2/12 with payload size: 91 at 2024-12-11 10:05:35.172227 sent 2024-12-11 10:05:35.099584
INFO:Message received on topic: type-2/12 with payload size: 91 at 2024-12-11 10:05:37.746155 sent 2024-12-11 10:05:37.713702
INFO:Message received on topic: type-2/12 with payload size: 91 at 2024-12-11 10:05:40.418876 sent 2024-12-11 10:05:40.325442
INFO:Message received on topic: type-2/12 with payload size: 91 at 2024-12-11 10:05:43.028886 sent 2024-12-11 10:05:42.939808
INFO:Message received on topic: type-2/12 with payload size: 91 at 2024-12-11 10:05:45.670028 sent 2024-12-11 10:05:45.556056
INFO:Message received on topic: type-2/12 with payload size: 91 at 2024-12-11 10:05:48.217900 sent 2024-12-11 10:05:48.161525
INFO:Message received on topic: type-2/12 with payload size: 91 at 2024-12-11 10:05:50.876551 sent 2024-12-11 10:05:50.783286
INFO:Message received on topic: type-2/12 with payload size: 91 at 2024-12-11 10:05:53.522051 sent 2024-12-11 10:05:53.393602
INFO:Message received on topic: type-2/12 with payload size: 91 at 2024-12-11 10:05:56.114471 sent 2024-12-11 10:05:56.003642
INFO:Message received on topic: type-2/12 with payload size: 91 at 2024-12-11 10:05:58.724555 sent 2024-12-11 10:05:58.613995
INFO:Message received on topic: type-2/12 with payload size: 91 at 2024-12-11 10:06:01.332592 sent 2024-12-11 10:06:01.225587
INFO:Message received on topic: type-2/12 with payload size: 91 at 2024-12-11 10:06:03.920464 sent 2024-12-11 10:06:03.832196
INFO:Message received on topic: type-2/12 with payload size: 91 at 2024-12-11 10:06:06.525912 sent 2024-12-11 10:06:06.436586
INFO:Message received on topic: type-2/12 with payload size: 91 at 2024-12-11 10:06:09.177284 sent 2024-12-11 10:06:09.051475
INFO:Message received on topic: type-2/12 with payload size: 91 at 2024-12-11 10:06:11.727275 sent 2024-12-11 10:06:11.665909
INFO:Message received on topic: type-2/12 with payload size: 91 at 2024-12-11 10:06:14.326803 sent 2024-12-11 10:06:14.277180
INFO:Message received on topic: type-2/12 with payload size: 91 at 2024-12-11 10:06:16.928391 sent 2024-12-11 10:06:16.890497
INFO:Message received on topic: type-2/12 with payload size: 91 at 2024-12-11 10:06:19.542810 sent 2024-12-11 10:06:19.506707
INFO:Message received on topic: type-2/12 with payload size: 91 at 2024-12-11 10:06:22.377839 sent 2024-12-11 10:06:22.128768
INFO:Message received on topic: type-2/12 with payload size: 91 at 2024-12-11 10:06:25.115990 sent 2024-12-11 10:06:24.744019
INFO:Message received on topic: type-2/12 with payload size: 91 at 2024-12-11 10:06:27.476430 sent 2024-12-11 10:06:27.351204
INFO:Message received on topic: type-2/12 with payload size: 91 at 2024-12-11 10:06:30.031680 sent 2024-12-11 10:06:29.962154
INFO:Message received on topic: type-2/12 with payload size: 91 at 2024-12-11 10:06:32.629602 sent 2024-12-11 10:06:32.573187
INFO:Message received on topic: type-2/12 with payload size: 91 at 2024-12-11 10:06:35.242472 sent 2024-12-11 10:06:35.180828
INFO:Message received on topic: type-2/12 with payload size: 91 at 2024-12-11 10:06:37.877061 sent 2024-12-11 10:06:37.788283
INFO:Message received on topic: type-2/12 with payload size: 91 at 2024-12-11 10:06:40.434386 sent 2024-12-11 10:06:40.401631
INFO:Message received on topic: type-2/12 with payload size: 91 at 2024-12-11 10:06:43.122802 sent 2024-12-11 10:06:43.011570
INFO:Message received on topic: type-2/12 with payload size: 91 at 2024-12-11 10:06:45.635638 sent 2024-12-11 10:06:45.628651
INFO:Message received on topic: type-2/12 with payload size: 91 at 2024-12-11 10:06:48.335159 sent 2024-12-11 10:06:48.242870
INFO:Message received on topic: type-2/12 with payload size: 91 at 2024-12-11 10:06:50.915461 sent 2024-12-11 10:06:50.853243
INFO:Message received on topic: type-2/12 with payload size: 91 at 2024-12-11 10:06:53.616662 sent 2024-12-11 10:06:53.464705
INFO:Message received on topic: type-2/12 with payload size: 91 at 2024-12-11 10:06:56.215900 sent 2024-12-11 10:06:56.069137
INFO:Message received on topic: type-2/12 with payload size: 91 at 2024-12-11 10:06:58.731915 sent 2024-12-11 10:06:58.678100
INFO:Message received on topic: type-2/12 with payload size: 91 at 2024-12-11 10:07:01.332703 sent 2024-12-11 10:07:01.294071
INFO:Message received on topic: type-2/12 with payload size: 91 at 2024-12-11 10:07:03.973190 sent 2024-12-11 10:07:03.904929
INFO:Message received on topic: type-2/12 with payload size: 91 at 2024-12-11 10:07:06.537991 sent 2024-12-11 10:07:06.516855
INFO:Message received on topic: type-2/12 with payload size: 91 at 2024-12-11 10:07:09.224294 sent 2024-12-11 10:07:09.127590
INFO:Message received on topic: type-2/12 with payload size: 91 at 2024-12-11 10:07:11.920539 sent 2024-12-11 10:07:11.741590
INFO:Message received on topic: type-2/12 with payload size: 91 at 2024-12-11 10:07:14.422407 sent 2024-12-11 10:07:14.354633
INFO:Message received on topic: type-2/12 with payload size: 91 at 2024-12-11 10:07:17.044633 sent 2024-12-11 10:07:16.964228
INFO:Message received on topic: type-2/12 with payload size: 91 at 2024-12-11 10:07:19.715231 sent 2024-12-11 10:07:19.579545
INFO:Message received on topic: type-2/12 with payload size: 91 at 2024-12-11 10:07:22.231694 sent 2024-12-11 10:07:22.189613
INFO:Message received on topic: type-2/12 with payload size: 91 at 2024-12-11 10:07:24.835928 sent 2024-12-11 10:07:24.798939
INFO:Message received on topic: type-2/12 with payload size: 91 at 2024-12-11 10:07:27.474504 sent 2024-12-11 10:07:27.408155
INFO:Message received on topic: type-2/12 with payload size: 91 at 2024-12-11 10:07:30.120130 sent 2024-12-11 10:07:30.019119
INFO:Message received on topic: type-2/12 with payload size: 91 at 2024-12-11 10:07:32.738921 sent 2024-12-11 10:07:32.629868
INFO:Message received on topic: type-2/12 with payload size: 91 at 2024-12-11 10:07:35.380351 sent 2024-12-11 10:07:35.244723
INFO:Message received on topic: type-2/12 with payload size: 91 at 2024-12-11 10:07:38.017222 sent 2024-12-11 10:07:37.851880
INFO:Message received on topic: type-2/12 with payload size: 91 at 2024-12-11 10:07:40.543283 sent 2024-12-11 10:07:40.464224
INFO:Message received on topic: type-2/12 with payload size: 91 at 2024-12-11 10:07:43.174585 sent 2024-12-11 10:07:43.075005
INFO:Message received on topic: type-2/12 with payload size: 91 at 2024-12-11 10:07:45.811797 sent 2024-12-11 10:07:45.683859
INFO:Message received on topic: type-2/12 with payload size: 91 at 2024-12-11 10:07:48.340086 sent 2024-12-11 10:07:48.295715
INFO:Message received on topic: type-2/12 with payload size: 91 at 2024-12-11 10:07:50.929442 sent 2024-12-11 10:07:50.903239
INFO:Message received on topic: type-2/12 with payload size: 91 at 2024-12-11 10:07:53.528512 sent 2024-12-11 10:07:53.510143
INFO:Message received on topic: type-2/12 with payload size: 91 at 2024-12-11 10:07:56.174236 sent 2024-12-11 10:07:56.114684
INFO:Message received on topic: type-2/12 with payload size: 91 at 2024-12-11 10:07:58.784531 sent 2024-12-11 10:07:58.724020
INFO:Message received on topic: type-2/12 with payload size: 91 at 2024-12-11 10:08:01.385115 sent 2024-12-11 10:08:01.332779
INFO:Message received on topic: type-2/12 with payload size: 91 at 2024-12-11 10:08:04.074865 sent 2024-12-11 10:08:03.942690
INFO:Message received on topic: type-2/12 with payload size: 91 at 2024-12-11 10:08:06.612226 sent 2024-12-11 10:08:06.550508
INFO:Message received on topic: type-2/12 with payload size: 91 at 2024-12-11 10:08:09.276789 sent 2024-12-11 10:08:09.157695
INFO:Message received on topic: type-2/12 with payload size: 91 at 2024-12-11 10:08:11.823873 sent 2024-12-11 10:08:11.766579
INFO:Message received on topic: type-2/12 with payload size: 91 at 2024-12-11 10:08:14.417109 sent 2024-12-11 10:08:14.373826
INFO:Message received on topic: type-2/12 with payload size: 91 at 2024-12-11 10:08:17.021177 sent 2024-12-11 10:08:16.976449
INFO:Message received on topic: type-2/12 with payload size: 91 at 2024-12-11 10:08:19.622112 sent 2024-12-11 10:08:19.589248
INFO:Message received on topic: type-2/12 with payload size: 91 at 2024-12-11 10:08:22.275912 sent 2024-12-11 10:08:22.195449
