INFO:Starting Version 1.0.5
DEBUG:Using selector: EpollSelector
INFO:Connecting to cluster at: mqtt-quic://emqx-headless.dtwins:14567 using QUIC
INFO:Subscribed to topic: type-2/26
INFO:Logging each: 50
INFO:Unhandled packet type received
INFO:Message received on topic: type-2/26 with payload size: 91 at 2024-12-11 10:00:42.778711 sent 2024-12-11 10:00:42.734623
INFO:Message received on topic: type-2/26 with payload size: 91 at 2024-12-11 10:00:45.375755 sent 2024-12-11 10:00:45.336904
INFO:Message received on topic: type-2/26 with payload size: 91 at 2024-12-11 10:00:47.978826 sent 2024-12-11 10:00:47.949547
INFO:Message received on topic: type-2/26 with payload size: 91 at 2024-12-11 10:00:50.613718 sent 2024-12-11 10:00:50.552717
INFO:Message received on topic: type-2/26 with payload size: 91 at 2024-12-11 10:00:53.221803 sent 2024-12-11 10:00:53.161776
INFO:Message received on topic: type-2/26 with payload size: 91 at 2024-12-11 10:00:55.821278 sent 2024-12-11 10:00:55.766842
INFO:Message received on topic: type-2/26 with payload size: 91 at 2024-12-11 10:00:58.384438 sent 2024-12-11 10:00:58.372418
INFO:Message received on topic: type-2/26 with payload size: 91 at 2024-12-11 10:01:01.042267 sent 2024-12-11 10:01:00.979822
INFO:Message received on topic: type-2/26 with payload size: 91 at 2024-12-11 10:01:03.628296 sent 2024-12-11 10:01:03.584206
INFO:Message received on topic: type-2/26 with payload size: 91 at 2024-12-11 10:01:06.233015 sent 2024-12-11 10:01:06.186998
INFO:Message received on topic: type-2/26 with payload size: 91 at 2024-12-11 10:01:08.827367 sent 2024-12-11 10:01:08.794719
INFO:Message received on topic: type-2/26 with payload size: 91 at 2024-12-11 10:01:11.439484 sent 2024-12-11 10:01:11.402740
INFO:Message received on topic: type-2/26 with payload size: 91 at 2024-12-11 10:01:14.028599 sent 2024-12-11 10:01:14.016588
INFO:Message received on topic: type-2/26 with payload size: 91 at 2024-12-11 10:01:16.638976 sent 2024-12-11 10:01:16.617709
INFO:Message received on topic: type-2/26 with payload size: 91 at 2024-12-11 10:01:19.234636 sent 2024-12-11 10:01:19.220872
INFO:Message received on topic: type-2/26 with payload size: 91 at 2024-12-11 10:01:21.844690 sent 2024-12-11 10:01:21.835741
INFO:Message received on topic: type-2/26 with payload size: 91 at 2024-12-11 10:01:24.478454 sent 2024-12-11 10:01:24.444237
INFO:Message received on topic: type-2/26 with payload size: 91 at 2024-12-11 10:01:27.083108 sent 2024-12-11 10:01:27.049888
INFO:Message received on topic: type-2/26 with payload size: 91 at 2024-12-11 10:01:29.714157 sent 2024-12-11 10:01:29.661008
INFO:Message received on topic: type-2/26 with payload size: 91 at 2024-12-11 10:01:32.282957 sent 2024-12-11 10:01:32.269444
INFO:Message received on topic: type-2/26 with payload size: 91 at 2024-12-11 10:01:34.920069 sent 2024-12-11 10:01:34.878156
INFO:Message received on topic: type-2/26 with payload size: 91 at 2024-12-11 10:01:37.523462 sent 2024-12-11 10:01:37.488415
INFO:Message received on topic: type-2/26 with payload size: 91 at 2024-12-11 10:01:40.172285 sent 2024-12-11 10:01:40.102058
INFO:Message received on topic: type-2/26 with payload size: 91 at 2024-12-11 10:01:42.732140 sent 2024-12-11 10:01:42.716002
INFO:Message received on topic: type-2/26 with payload size: 91 at 2024-12-11 10:01:45.372260 sent 2024-12-11 10:01:45.330979
INFO:Message received on topic: type-2/26 with payload size: 91 at 2024-12-11 10:01:48.011878 sent 2024-12-11 10:01:47.937814
INFO:Message received on topic: type-2/26 with payload size: 91 at 2024-12-11 10:01:50.584606 sent 2024-12-11 10:01:50.549308
INFO:Message received on topic: type-2/26 with payload size: 91 at 2024-12-11 10:01:53.216267 sent 2024-12-11 10:01:53.161084
INFO:Message received on topic: type-2/26 with payload size: 91 at 2024-12-11 10:01:55.818253 sent 2024-12-11 10:01:55.774673
INFO:Message received on topic: type-2/26 with payload size: 91 at 2024-12-11 10:01:58.422132 sent 2024-12-11 10:01:58.382400
INFO:Message received on topic: type-2/26 with payload size: 91 at 2024-12-11 10:02:01.041879 sent 2024-12-11 10:02:00.994030
INFO:Message received on topic: type-2/26 with payload size: 91 at 2024-12-11 10:02:03.629840 sent 2024-12-11 10:02:03.603599
INFO:Message received on topic: type-2/26 with payload size: 91 at 2024-12-11 10:02:06.242975 sent 2024-12-11 10:02:06.207618
INFO:Message received on topic: type-2/26 with payload size: 91 at 2024-12-11 10:02:08.837118 sent 2024-12-11 10:02:08.825929
INFO:Message received on topic: type-2/26 with payload size: 91 at 2024-12-11 10:02:11.475571 sent 2024-12-11 10:02:11.440437
INFO:Message received on topic: type-2/26 with payload size: 91 at 2024-12-11 10:02:14.125188 sent 2024-12-11 10:02:14.054740
INFO:Message received on topic: type-2/26 with payload size: 91 at 2024-12-11 10:02:16.680278 sent 2024-12-11 10:02:16.661692
INFO:Message received on topic: type-2/26 with payload size: 91 at 2024-12-11 10:02:19.317869 sent 2024-12-11 10:02:19.272958
INFO:Message received on topic: type-2/26 with payload size: 91 at 2024-12-11 10:02:21.925805 sent 2024-12-11 10:02:21.885441
INFO:Message received on topic: type-2/26 with payload size: 91 at 2024-12-11 10:02:24.532135 sent 2024-12-11 10:02:24.493845
INFO:Message received on topic: type-2/26 with payload size: 91 at 2024-12-11 10:02:27.210825 sent 2024-12-11 10:02:27.104649
INFO:Message received on topic: type-2/26 with payload size: 91 at 2024-12-11 10:02:29.837221 sent 2024-12-11 10:02:29.719724
INFO:Message received on topic: type-2/26 with payload size: 91 at 2024-12-11 10:02:32.373836 sent 2024-12-11 10:02:32.336163
INFO:Message received on topic: type-2/26 with payload size: 91 at 2024-12-11 10:02:35.014763 sent 2024-12-11 10:02:34.952539
INFO:Message received on topic: type-2/26 with payload size: 91 at 2024-12-11 10:02:37.613583 sent 2024-12-11 10:02:37.565938
INFO:Message received on topic: type-2/26 with payload size: 91 at 2024-12-11 10:02:40.224811 sent 2024-12-11 10:02:40.179871
INFO:Message received on topic: type-2/26 with payload size: 91 at 2024-12-11 10:02:42.829850 sent 2024-12-11 10:02:42.791680
INFO:Message received on topic: type-2/26 with payload size: 91 at 2024-12-11 10:02:45.431710 sent 2024-12-11 10:02:45.398972
INFO:Message received on topic: type-2/26 with payload size: 91 at 2024-12-11 10:02:48.040484 sent 2024-12-11 10:02:48.007827
INFO:Message received on topic: type-2/26 with payload size: 91 at 2024-12-11 10:02:50.715132 sent 2024-12-11 10:02:50.641042
INFO:Message received on topic: type-2/26 with payload size: 91 at 2024-12-11 10:02:53.320979 sent 2024-12-11 10:02:53.257887
INFO:Message received on topic: type-2/26 with payload size: 91 at 2024-12-11 10:02:55.976798 sent 2024-12-11 10:02:55.875995
INFO:Message received on topic: type-2/26 with payload size: 91 at 2024-12-11 10:02:58.531781 sent 2024-12-11 10:02:58.493045
INFO:Message received on topic: type-2/26 with payload size: 91 at 2024-12-11 10:03:01.140075 sent 2024-12-11 10:03:01.105236
INFO:Message received on topic: type-2/26 with payload size: 91 at 2024-12-11 10:03:03.774765 sent 2024-12-11 10:03:03.721628
INFO:Message received on topic: type-2/26 with payload size: 91 at 2024-12-11 10:03:06.417556 sent 2024-12-11 10:03:06.338981
INFO:Message received on topic: type-2/26 with payload size: 91 at 2024-12-11 10:03:09.019510 sent 2024-12-11 10:03:08.945652
INFO:Message received on topic: type-2/26 with payload size: 91 at 2024-12-11 10:03:11.612476 sent 2024-12-11 10:03:11.553900
INFO:Message received on topic: type-2/26 with payload size: 91 at 2024-12-11 10:03:14.185238 sent 2024-12-11 10:03:14.168435
INFO:Message received on topic: type-2/26 with payload size: 91 at 2024-12-11 10:03:16.832687 sent 2024-12-11 10:03:16.774206
INFO:Message received on topic: type-2/26 with payload size: 91 at 2024-12-11 10:03:19.435945 sent 2024-12-11 10:03:19.383840
INFO:Message received on topic: type-2/26 with payload size: 91 at 2024-12-11 10:03:22.033490 sent 2024-12-11 10:03:21.986955
INFO:Message received on topic: type-2/26 with payload size: 91 at 2024-12-11 10:03:24.643689 sent 2024-12-11 10:03:24.574730
INFO:Message received on topic: type-2/26 with payload size: 91 at 2024-12-11 10:03:27.230348 sent 2024-12-11 10:03:27.159642
INFO:Message received on topic: type-2/26 with payload size: 91 at 2024-12-11 10:03:29.838279 sent 2024-12-11 10:03:29.754742
INFO:Message received on topic: type-2/26 with payload size: 91 at 2024-12-11 10:03:32.428556 sent 2024-12-11 10:03:32.353829
INFO:Message received on topic: type-2/26 with payload size: 91 at 2024-12-11 10:03:35.019757 sent 2024-12-11 10:03:34.975447
INFO:Message received on topic: type-2/26 with payload size: 91 at 2024-12-11 10:03:37.627583 sent 2024-12-11 10:03:37.592113
INFO:Message received on topic: type-2/26 with payload size: 91 at 2024-12-11 10:03:40.319404 sent 2024-12-11 10:03:40.202924
INFO:Message received on topic: type-2/26 with payload size: 91 at 2024-12-11 10:03:42.925635 sent 2024-12-11 10:03:42.820144
INFO:Message received on topic: type-2/26 with payload size: 91 at 2024-12-11 10:03:45.476932 sent 2024-12-11 10:03:45.438732
INFO:Message received on topic: type-2/26 with payload size: 91 at 2024-12-11 10:03:48.123228 sent 2024-12-11 10:03:48.048976
INFO:Message received on topic: type-2/26 with payload size: 91 at 2024-12-11 10:03:50.723007 sent 2024-12-11 10:03:50.658092
INFO:Message received on topic: type-2/26 with payload size: 91 at 2024-12-11 10:03:53.322214 sent 2024-12-11 10:03:53.268459
INFO:Message received on topic: type-2/26 with payload size: 91 at 2024-12-11 10:03:55.936249 sent 2024-12-11 10:03:55.882293
INFO:Message received on topic: type-2/26 with payload size: 91 at 2024-12-11 10:03:58.523761 sent 2024-12-11 10:03:58.489868
INFO:Message received on topic: type-2/26 with payload size: 91 at 2024-12-11 10:04:01.145235 sent 2024-12-11 10:04:01.099115
INFO:Message received on topic: type-2/26 with payload size: 91 at 2024-12-11 10:04:03.734708 sent 2024-12-11 10:04:03.708879
INFO:Message received on topic: type-2/26 with payload size: 91 at 2024-12-11 10:04:06.332750 sent 2024-12-11 10:04:06.316995
INFO:Message received on topic: type-2/26 with payload size: 91 at 2024-12-11 10:04:08.945048 sent 2024-12-11 10:04:08.924719
INFO:Message received on topic: type-2/26 with payload size: 91 at 2024-12-11 10:04:11.570278 sent 2024-12-11 10:04:11.539518
INFO:Message received on topic: type-2/26 with payload size: 91 at 2024-12-11 10:04:14.340784 sent 2024-12-11 10:04:14.154277
INFO:Message received on topic: type-2/26 with payload size: 91 at 2024-12-11 10:04:16.845006 sent 2024-12-11 10:04:16.762732
INFO:Message received on topic: type-2/26 with payload size: 91 at 2024-12-11 10:04:19.425175 sent 2024-12-11 10:04:19.378617
INFO:Message received on topic: type-2/26 with payload size: 91 at 2024-12-11 10:04:22.019820 sent 2024-12-11 10:04:21.991204
INFO:Message received on topic: type-2/26 with payload size: 91 at 2024-12-11 10:04:24.640934 sent 2024-12-11 10:04:24.600207
INFO:Message received on topic: type-2/26 with payload size: 91 at 2024-12-11 10:04:27.235113 sent 2024-12-11 10:04:27.210302
INFO:Message received on topic: type-2/26 with payload size: 91 at 2024-12-11 10:04:29.877896 sent 2024-12-11 10:04:29.819786
INFO:Message received on topic: type-2/26 with payload size: 91 at 2024-12-11 10:04:32.474212 sent 2024-12-11 10:04:32.435204
INFO:Message received on topic: type-2/26 with payload size: 91 at 2024-12-11 10:04:35.119607 sent 2024-12-11 10:04:35.045714
INFO:Message received on topic: type-2/26 with payload size: 91 at 2024-12-11 10:04:37.733450 sent 2024-12-11 10:04:37.667444
INFO:Message received on topic: type-2/26 with payload size: 91 at 2024-12-11 10:04:40.328241 sent 2024-12-11 10:04:40.285996
INFO:Message received on topic: type-2/26 with payload size: 91 at 2024-12-11 10:04:42.977625 sent 2024-12-11 10:04:42.897504
INFO:Message received on topic: type-2/26 with payload size: 91 at 2024-12-11 10:04:45.577590 sent 2024-12-11 10:04:45.507908
INFO:Message received on topic: type-2/26 with payload size: 91 at 2024-12-11 10:04:48.216002 sent 2024-12-11 10:04:48.117049
INFO:Message received on topic: type-2/26 with payload size: 91 at 2024-12-11 10:04:50.828530 sent 2024-12-11 10:04:50.733100
INFO:Message received on topic: type-2/26 with payload size: 91 at 2024-12-11 10:04:53.420279 sent 2024-12-11 10:04:53.346570
INFO:Message received on topic: type-2/26 with payload size: 91 at 2024-12-11 10:04:56.031028 sent 2024-12-11 10:04:55.958348
INFO:Message received on topic: type-2/26 with payload size: 91 at 2024-12-11 10:04:58.626480 sent 2024-12-11 10:04:58.562419
INFO:Message received on topic: type-2/26 with payload size: 91 at 2024-12-11 10:05:01.231582 sent 2024-12-11 10:05:01.167149
INFO:Message received on topic: type-2/26 with payload size: 91 at 2024-12-11 10:05:03.826237 sent 2024-12-11 10:05:03.774296
INFO:Message received on topic: type-2/26 with payload size: 91 at 2024-12-11 10:05:06.622403 sent 2024-12-11 10:05:06.388203
INFO:Message received on topic: type-2/26 with payload size: 91 at 2024-12-11 10:05:09.077579 sent 2024-12-11 10:05:08.994731
INFO:Message received on topic: type-2/26 with payload size: 91 at 2024-12-11 10:05:11.647929 sent 2024-12-11 10:05:11.610276
INFO:Message received on topic: type-2/26 with payload size: 91 at 2024-12-11 10:05:14.314861 sent 2024-12-11 10:05:14.224707
INFO:Message received on topic: type-2/26 with payload size: 91 at 2024-12-11 10:05:16.923974 sent 2024-12-11 10:05:16.834028
INFO:Message received on topic: type-2/26 with payload size: 91 at 2024-12-11 10:05:19.531350 sent 2024-12-11 10:05:19.446657
INFO:Message received on topic: type-2/26 with payload size: 91 at 2024-12-11 10:05:22.116592 sent 2024-12-11 10:05:22.058153
INFO:Message received on topic: type-2/26 with payload size: 91 at 2024-12-11 10:05:24.719026 sent 2024-12-11 10:05:24.673366
INFO:Message received on topic: type-2/26 with payload size: 91 at 2024-12-11 10:05:27.322989 sent 2024-12-11 10:05:27.290487
INFO:Message received on topic: type-2/26 with payload size: 91 at 2024-12-11 10:05:30.018497 sent 2024-12-11 10:05:29.901145
INFO:Message received on topic: type-2/26 with payload size: 91 at 2024-12-11 10:05:32.547402 sent 2024-12-11 10:05:32.515384
INFO:Message received on topic: type-2/26 with payload size: 91 at 2024-12-11 10:05:35.179042 sent 2024-12-11 10:05:35.125703
INFO:Message received on topic: type-2/26 with payload size: 91 at 2024-12-11 10:05:37.840275 sent 2024-12-11 10:05:37.737534
INFO:Message received on topic: type-2/26 with payload size: 91 at 2024-12-11 10:05:40.417959 sent 2024-12-11 10:05:40.345442
INFO:Message received on topic: type-2/26 with payload size: 91 at 2024-12-11 10:05:43.037719 sent 2024-12-11 10:05:42.952395
INFO:Message received on topic: type-2/26 with payload size: 91 at 2024-12-11 10:05:45.635156 sent 2024-12-11 10:05:45.558197
INFO:Message received on topic: type-2/26 with payload size: 91 at 2024-12-11 10:05:48.233540 sent 2024-12-11 10:05:48.166577
INFO:Message received on topic: type-2/26 with payload size: 91 at 2024-12-11 10:05:50.828494 sent 2024-12-11 10:05:50.783993
INFO:Message received on topic: type-2/26 with payload size: 91 at 2024-12-11 10:05:53.520693 sent 2024-12-11 10:05:53.396111
INFO:Message received on topic: type-2/26 with payload size: 91 at 2024-12-11 10:05:56.033861 sent 2024-12-11 10:05:56.011513
INFO:Message received on topic: type-2/26 with payload size: 91 at 2024-12-11 10:05:58.723657 sent 2024-12-11 10:05:58.630915
INFO:Message received on topic: type-2/26 with payload size: 91 at 2024-12-11 10:06:01.420866 sent 2024-12-11 10:06:01.243232
INFO:Message received on topic: type-2/26 with payload size: 91 at 2024-12-11 10:06:03.937245 sent 2024-12-11 10:06:03.854823
INFO:Message received on topic: type-2/26 with payload size: 91 at 2024-12-11 10:06:06.539308 sent 2024-12-11 10:06:06.478231
INFO:Message received on topic: type-2/26 with payload size: 91 at 2024-12-11 10:06:09.245577 sent 2024-12-11 10:06:09.086541
INFO:Message received on topic: type-2/26 with payload size: 91 at 2024-12-11 10:06:11.777721 sent 2024-12-11 10:06:11.701853
INFO:Message received on topic: type-2/26 with payload size: 91 at 2024-12-11 10:06:14.417278 sent 2024-12-11 10:06:14.319497
INFO:Message received on topic: type-2/26 with payload size: 91 at 2024-12-11 10:06:16.973585 sent 2024-12-11 10:06:16.927475
INFO:Message received on topic: type-2/26 with payload size: 91 at 2024-12-11 10:06:19.682089 sent 2024-12-11 10:06:19.538253
INFO:Message received on topic: type-2/26 with payload size: 91 at 2024-12-11 10:06:22.423502 sent 2024-12-11 10:06:22.147690
INFO:Message received on topic: type-2/26 with payload size: 91 at 2024-12-11 10:06:25.214378 sent 2024-12-11 10:06:24.752957
INFO:Message received on topic: type-2/26 with payload size: 91 at 2024-12-11 10:06:27.476736 sent 2024-12-11 10:06:27.367905
INFO:Message received on topic: type-2/26 with payload size: 91 at 2024-12-11 10:06:30.029672 sent 2024-12-11 10:06:29.981499
INFO:Message received on topic: type-2/26 with payload size: 91 at 2024-12-11 10:06:32.671962 sent 2024-12-11 10:06:32.588265
INFO:Message received on topic: type-2/26 with payload size: 91 at 2024-12-11 10:06:35.246342 sent 2024-12-11 10:06:35.194959
INFO:Message received on topic: type-2/26 with payload size: 91 at 2024-12-11 10:06:37.833213 sent 2024-12-11 10:06:37.798959
INFO:Message received on topic: type-2/26 with payload size: 91 at 2024-12-11 10:06:40.523517 sent 2024-12-11 10:06:40.412231
INFO:Message received on topic: type-2/26 with payload size: 91 at 2024-12-11 10:06:43.173504 sent 2024-12-11 10:06:43.026411
INFO:Message received on topic: type-2/26 with payload size: 91 at 2024-12-11 10:06:45.736319 sent 2024-12-11 10:06:45.641297
INFO:Message received on topic: type-2/26 with payload size: 91 at 2024-12-11 10:06:48.315535 sent 2024-12-11 10:06:48.250977
INFO:Message received on topic: type-2/26 with payload size: 91 at 2024-12-11 10:06:50.930884 sent 2024-12-11 10:06:50.856463
INFO:Message received on topic: type-2/26 with payload size: 91 at 2024-12-11 10:06:53.548758 sent 2024-12-11 10:06:53.468264
INFO:Message received on topic: type-2/26 with payload size: 91 at 2024-12-11 10:06:56.222051 sent 2024-12-11 10:06:56.078301
INFO:Message received on topic: type-2/26 with payload size: 91 at 2024-12-11 10:06:58.739206 sent 2024-12-11 10:06:58.688672
INFO:Message received on topic: type-2/26 with payload size: 91 at 2024-12-11 10:07:01.371672 sent 2024-12-11 10:07:01.299429
INFO:Message received on topic: type-2/26 with payload size: 91 at 2024-12-11 10:07:03.932924 sent 2024-12-11 10:07:03.911122
INFO:Message received on topic: type-2/26 with payload size: 91 at 2024-12-11 10:07:06.627169 sent 2024-12-11 10:07:06.520283
INFO:Message received on topic: type-2/26 with payload size: 91 at 2024-12-11 10:07:09.218025 sent 2024-12-11 10:07:09.131771
INFO:Message received on topic: type-2/26 with payload size: 91 at 2024-12-11 10:07:11.916117 sent 2024-12-11 10:07:11.748955
INFO:Message received on topic: type-2/26 with payload size: 91 at 2024-12-11 10:07:14.422694 sent 2024-12-11 10:07:14.357581
INFO:Message received on topic: type-2/26 with payload size: 91 at 2024-12-11 10:07:17.116271 sent 2024-12-11 10:07:16.969308
INFO:Message received on topic: type-2/26 with payload size: 91 at 2024-12-11 10:07:19.638512 sent 2024-12-11 10:07:19.585601
INFO:Message received on topic: type-2/26 with payload size: 91 at 2024-12-11 10:07:22.223719 sent 2024-12-11 10:07:22.203595
INFO:Message received on topic: type-2/26 with payload size: 91 at 2024-12-11 10:07:24.830901 sent 2024-12-11 10:07:24.819406
INFO:Message received on topic: type-2/26 with payload size: 91 at 2024-12-11 10:07:27.513977 sent 2024-12-11 10:07:27.431532
INFO:Message received on topic: type-2/26 with payload size: 91 at 2024-12-11 10:07:30.127148 sent 2024-12-11 10:07:30.038250
INFO:Message received on topic: type-2/26 with payload size: 91 at 2024-12-11 10:07:32.727628 sent 2024-12-11 10:07:32.648282
INFO:Message received on topic: type-2/26 with payload size: 91 at 2024-12-11 10:07:35.331198 sent 2024-12-11 10:07:35.256235
INFO:Message received on topic: type-2/26 with payload size: 91 at 2024-12-11 10:07:38.041978 sent 2024-12-11 10:07:37.873015
INFO:Message received on topic: type-2/26 with payload size: 91 at 2024-12-11 10:07:40.573275 sent 2024-12-11 10:07:40.480495
INFO:Message received on topic: type-2/26 with payload size: 91 at 2024-12-11 10:07:43.175720 sent 2024-12-11 10:07:43.093276
INFO:Message received on topic: type-2/26 with payload size: 91 at 2024-12-11 10:07:45.777629 sent 2024-12-11 10:07:45.701731
INFO:Message received on topic: type-2/26 with payload size: 91 at 2024-12-11 10:07:48.342714 sent 2024-12-11 10:07:48.310507
INFO:Message received on topic: type-2/26 with payload size: 91 at 2024-12-11 10:07:50.973793 sent 2024-12-11 10:07:50.916528
INFO:Message received on topic: type-2/26 with payload size: 91 at 2024-12-11 10:07:53.577760 sent 2024-12-11 10:07:53.524768
INFO:Message received on topic: type-2/26 with payload size: 91 at 2024-12-11 10:07:56.214521 sent 2024-12-11 10:07:56.135012
INFO:Message received on topic: type-2/26 with payload size: 91 at 2024-12-11 10:07:58.815118 sent 2024-12-11 10:07:58.750660
INFO:Message received on topic: type-2/26 with payload size: 91 at 2024-12-11 10:08:01.515772 sent 2024-12-11 10:08:01.357903
INFO:Message received on topic: type-2/26 with payload size: 91 at 2024-12-11 10:08:04.076074 sent 2024-12-11 10:08:03.965063
INFO:Message received on topic: type-2/26 with payload size: 91 at 2024-12-11 10:08:06.628203 sent 2024-12-11 10:08:06.582685
INFO:Message received on topic: type-2/26 with payload size: 91 at 2024-12-11 10:08:09.316778 sent 2024-12-11 10:08:09.198465
INFO:Message received on topic: type-2/26 with payload size: 91 at 2024-12-11 10:08:11.828436 sent 2024-12-11 10:08:11.809900
INFO:Message received on topic: type-2/26 with payload size: 91 at 2024-12-11 10:08:14.515069 sent 2024-12-11 10:08:14.418434
INFO:Message received on topic: type-2/26 with payload size: 91 at 2024-12-11 10:08:17.084737 sent 2024-12-11 10:08:17.028034
INFO:Message received on topic: type-2/26 with payload size: 91 at 2024-12-11 10:08:19.686573 sent 2024-12-11 10:08:19.635398
INFO:Message received on topic: type-2/26 with payload size: 91 at 2024-12-11 10:08:22.319767 sent 2024-12-11 10:08:22.240303
INFO:Message received on topic: type-2/26 with payload size: 91 at 2024-12-11 10:08:24.892564 sent 2024-12-11 10:08:24.848567
INFO:Message received on topic: type-2/26 with payload size: 91 at 2024-12-11 10:08:27.521160 sent 2024-12-11 10:08:27.456009
INFO:Message received on topic: type-2/26 with payload size: 91 at 2024-12-11 10:08:30.112464 sent 2024-12-11 10:08:30.064095
INFO:Message received on topic: type-2/26 with payload size: 91 at 2024-12-11 10:08:32.695241 sent 2024-12-11 10:08:32.672684
INFO:Message received on topic: type-2/26 with payload size: 91 at 2024-12-11 10:08:35.287711 sent 2024-12-11 10:08:35.278089
INFO:Message received on topic: type-2/26 with payload size: 91 at 2024-12-11 10:08:37.916062 sent 2024-12-11 10:08:37.887535
INFO:Message received on topic: type-2/26 with payload size: 91 at 2024-12-11 10:08:40.578049 sent 2024-12-11 10:08:40.497718
INFO:Message received on topic: type-2/26 with payload size: 91 at 2024-12-11 10:08:43.177529 sent 2024-12-11 10:08:43.106013
INFO:Message received on topic: type-2/26 with payload size: 91 at 2024-12-11 10:08:45.779846 sent 2024-12-11 10:08:45.715553
INFO:Message received on topic: type-2/26 with payload size: 91 at 2024-12-11 10:08:48.386343 sent 2024-12-11 10:08:48.323641
INFO:Message received on topic: type-2/26 with payload size: 91 at 2024-12-11 10:08:50.982696 sent 2024-12-11 10:08:50.929626
INFO:Message received on topic: type-2/26 with payload size: 91 at 2024-12-11 10:08:53.583567 sent 2024-12-11 10:08:53.535521
INFO:Message received on topic: type-2/26 with payload size: 91 at 2024-12-11 10:08:56.219947 sent 2024-12-11 10:08:56.137294
INFO:Message received on topic: type-2/26 with payload size: 91 at 2024-12-11 10:08:58.784903 sent 2024-12-11 10:08:58.744574
INFO:Message received on topic: type-2/26 with payload size: 91 at 2024-12-11 10:09:01.416768 sent 2024-12-11 10:09:01.350634
INFO:Message received on topic: type-2/26 with payload size: 91 at 2024-12-11 10:09:04.018470 sent 2024-12-11 10:09:03.959013
INFO:Message received on topic: type-2/26 with payload size: 91 at 2024-12-11 10:09:06.579097 sent 2024-12-11 10:09:06.561745
INFO:Message received on topic: type-2/26 with payload size: 91 at 2024-12-11 10:09:09.218152 sent 2024-12-11 10:09:09.168629
INFO:Message received on topic: type-2/26 with payload size: 91 at 2024-12-11 10:09:11.828870 sent 2024-12-11 10:09:11.772264
