INFO:Starting Version 1.0.5
DEBUG:Using selector: EpollSelector
INFO:Connecting to cluster at: mqtt-quic://emqx-headless.dtwins:14567 using QUIC
INFO:Subscribed to topic: type-2/20
INFO:Logging each: 50
INFO:Unhandled packet type received
INFO:Message received on topic: type-2/20 with payload size: 91 at 2024-12-11 10:00:23.712960 sent 2024-12-11 10:00:23.687731
INFO:Message received on topic: type-2/20 with payload size: 91 at 2024-12-11 10:00:26.320036 sent 2024-12-11 10:00:26.291259
INFO:Message received on topic: type-2/20 with payload size: 91 at 2024-12-11 10:00:28.917764 sent 2024-12-11 10:00:28.894198
INFO:Message received on topic: type-2/20 with payload size: 91 at 2024-12-11 10:00:31.524696 sent 2024-12-11 10:00:31.496665
INFO:Message received on topic: type-2/20 with payload size: 91 at 2024-12-11 10:00:34.138915 sent 2024-12-11 10:00:34.099478
INFO:Message received on topic: type-2/20 with payload size: 91 at 2024-12-11 10:00:36.723623 sent 2024-12-11 10:00:36.706559
INFO:Message received on topic: type-2/20 with payload size: 91 at 2024-12-11 10:00:39.320314 sent 2024-12-11 10:00:39.306405
INFO:Message received on topic: type-2/20 with payload size: 91 at 2024-12-11 10:00:41.928306 sent 2024-12-11 10:00:41.908888
INFO:Message received on topic: type-2/20 with payload size: 91 at 2024-12-11 10:00:44.524544 sent 2024-12-11 10:00:44.517176
INFO:Message received on topic: type-2/20 with payload size: 91 at 2024-12-11 10:00:47.124124 sent 2024-12-11 10:00:47.118157
INFO:Message received on topic: type-2/20 with payload size: 91 at 2024-12-11 10:00:49.732971 sent 2024-12-11 10:00:49.724006
INFO:Message received on topic: type-2/20 with payload size: 91 at 2024-12-11 10:00:52.333780 sent 2024-12-11 10:00:52.327103
INFO:Message received on topic: type-2/20 with payload size: 91 at 2024-12-11 10:00:54.943455 sent 2024-12-11 10:00:54.933372
INFO:Message received on topic: type-2/20 with payload size: 91 at 2024-12-11 10:00:57.581465 sent 2024-12-11 10:00:57.536482
INFO:Message received on topic: type-2/20 with payload size: 91 at 2024-12-11 10:01:00.180893 sent 2024-12-11 10:01:00.142773
INFO:Message received on topic: type-2/20 with payload size: 91 at 2024-12-11 10:01:02.824298 sent 2024-12-11 10:01:02.753116
INFO:Message received on topic: type-2/20 with payload size: 91 at 2024-12-11 10:01:05.412275 sent 2024-12-11 10:01:05.358638
INFO:Message received on topic: type-2/20 with payload size: 91 at 2024-12-11 10:01:08.020819 sent 2024-12-11 10:01:07.963661
INFO:Message received on topic: type-2/20 with payload size: 91 at 2024-12-11 10:01:10.617001 sent 2024-12-11 10:01:10.563651
INFO:Message received on topic: type-2/20 with payload size: 91 at 2024-12-11 10:01:13.214042 sent 2024-12-11 10:01:13.165905
INFO:Message received on topic: type-2/20 with payload size: 91 at 2024-12-11 10:01:15.812797 sent 2024-12-11 10:01:15.774653
INFO:Message received on topic: type-2/20 with payload size: 91 at 2024-12-11 10:01:18.422562 sent 2024-12-11 10:01:18.377712
INFO:Message received on topic: type-2/20 with payload size: 91 at 2024-12-11 10:01:21.116584 sent 2024-12-11 10:01:20.981059
INFO:Message received on topic: type-2/20 with payload size: 91 at 2024-12-11 10:01:23.623114 sent 2024-12-11 10:01:23.588610
INFO:Message received on topic: type-2/20 with payload size: 91 at 2024-12-11 10:01:26.226179 sent 2024-12-11 10:01:26.195089
INFO:Message received on topic: type-2/20 with payload size: 91 at 2024-12-11 10:01:28.822534 sent 2024-12-11 10:01:28.807152
INFO:Message received on topic: type-2/20 with payload size: 91 at 2024-12-11 10:01:31.424806 sent 2024-12-11 10:01:31.414182
INFO:Message received on topic: type-2/20 with payload size: 91 at 2024-12-11 10:01:34.075289 sent 2024-12-11 10:01:34.027550
INFO:Message received on topic: type-2/20 with payload size: 91 at 2024-12-11 10:01:36.715249 sent 2024-12-11 10:01:36.637364
INFO:Message received on topic: type-2/20 with payload size: 91 at 2024-12-11 10:01:39.282182 sent 2024-12-11 10:01:39.244378
INFO:Message received on topic: type-2/20 with payload size: 91 at 2024-12-11 10:01:41.882870 sent 2024-12-11 10:01:41.851718
INFO:Message received on topic: type-2/20 with payload size: 91 at 2024-12-11 10:01:44.479707 sent 2024-12-11 10:01:44.462746
INFO:Message received on topic: type-2/20 with payload size: 91 at 2024-12-11 10:01:47.084705 sent 2024-12-11 10:01:47.072058
INFO:Message received on topic: type-2/20 with payload size: 91 at 2024-12-11 10:01:49.709471 sent 2024-12-11 10:01:49.679531
INFO:Message received on topic: type-2/20 with payload size: 91 at 2024-12-11 10:01:52.325738 sent 2024-12-11 10:01:52.287883
INFO:Message received on topic: type-2/20 with payload size: 91 at 2024-12-11 10:01:54.926296 sent 2024-12-11 10:01:54.904118
INFO:Message received on topic: type-2/20 with payload size: 91 at 2024-12-11 10:01:57.534178 sent 2024-12-11 10:01:57.511909
INFO:Message received on topic: type-2/20 with payload size: 91 at 2024-12-11 10:02:00.137789 sent 2024-12-11 10:02:00.124776
INFO:Message received on topic: type-2/20 with payload size: 91 at 2024-12-11 10:02:02.783425 sent 2024-12-11 10:02:02.738878
INFO:Message received on topic: type-2/20 with payload size: 91 at 2024-12-11 10:02:05.413560 sent 2024-12-11 10:02:05.350437
INFO:Message received on topic: type-2/20 with payload size: 91 at 2024-12-11 10:02:08.018546 sent 2024-12-11 10:02:07.959002
INFO:Message received on topic: type-2/20 with payload size: 91 at 2024-12-11 10:02:10.612481 sent 2024-12-11 10:02:10.570820
INFO:Message received on topic: type-2/20 with payload size: 91 at 2024-12-11 10:02:13.249592 sent 2024-12-11 10:02:13.185804
INFO:Message received on topic: type-2/20 with payload size: 91 at 2024-12-11 10:02:15.840890 sent 2024-12-11 10:02:15.799508
INFO:Message received on topic: type-2/20 with payload size: 91 at 2024-12-11 10:02:18.426739 sent 2024-12-11 10:02:18.406687
INFO:Message received on topic: type-2/20 with payload size: 91 at 2024-12-11 10:02:21.031425 sent 2024-12-11 10:02:21.019073
INFO:Message received on topic: type-2/20 with payload size: 91 at 2024-12-11 10:02:23.642215 sent 2024-12-11 10:02:23.629486
INFO:Message received on topic: type-2/20 with payload size: 91 at 2024-12-11 10:02:26.323432 sent 2024-12-11 10:02:26.238927
INFO:Message received on topic: type-2/20 with payload size: 91 at 2024-12-11 10:02:28.926297 sent 2024-12-11 10:02:28.857625
INFO:Message received on topic: type-2/20 with payload size: 91 at 2024-12-11 10:02:31.537075 sent 2024-12-11 10:02:31.467933
INFO:Message received on topic: type-2/20 with payload size: 91 at 2024-12-11 10:02:34.122468 sent 2024-12-11 10:02:34.081743
INFO:Message received on topic: type-2/20 with payload size: 91 at 2024-12-11 10:02:36.719469 sent 2024-12-11 10:02:36.697751
INFO:Message received on topic: type-2/20 with payload size: 91 at 2024-12-11 10:02:39.330703 sent 2024-12-11 10:02:39.305603
INFO:Message received on topic: type-2/20 with payload size: 91 at 2024-12-11 10:02:41.935988 sent 2024-12-11 10:02:41.914173
INFO:Message received on topic: type-2/20 with payload size: 91 at 2024-12-11 10:02:44.616601 sent 2024-12-11 10:02:44.523748
INFO:Message received on topic: type-2/20 with payload size: 91 at 2024-12-11 10:02:47.180366 sent 2024-12-11 10:02:47.133483
INFO:Message received on topic: type-2/20 with payload size: 91 at 2024-12-11 10:02:49.813524 sent 2024-12-11 10:02:49.740715
INFO:Message received on topic: type-2/20 with payload size: 91 at 2024-12-11 10:02:52.418442 sent 2024-12-11 10:02:52.354653
INFO:Message received on topic: type-2/20 with payload size: 91 at 2024-12-11 10:02:55.015009 sent 2024-12-11 10:02:54.966233
INFO:Message received on topic: type-2/20 with payload size: 91 at 2024-12-11 10:02:57.619455 sent 2024-12-11 10:02:57.574685
INFO:Message received on topic: type-2/20 with payload size: 91 at 2024-12-11 10:03:00.230708 sent 2024-12-11 10:03:00.190112
INFO:Message received on topic: type-2/20 with payload size: 91 at 2024-12-11 10:03:02.827643 sent 2024-12-11 10:03:02.803888
INFO:Message received on topic: type-2/20 with payload size: 91 at 2024-12-11 10:03:05.433845 sent 2024-12-11 10:03:05.414853
INFO:Message received on topic: type-2/20 with payload size: 91 at 2024-12-11 10:03:08.076583 sent 2024-12-11 10:03:08.036023
INFO:Message received on topic: type-2/20 with payload size: 91 at 2024-12-11 10:03:10.725718 sent 2024-12-11 10:03:10.642107
INFO:Message received on topic: type-2/20 with payload size: 91 at 2024-12-11 10:03:13.314625 sent 2024-12-11 10:03:13.250483
INFO:Message received on topic: type-2/20 with payload size: 91 at 2024-12-11 10:03:15.918212 sent 2024-12-11 10:03:15.864870
INFO:Message received on topic: type-2/20 with payload size: 91 at 2024-12-11 10:03:18.530696 sent 2024-12-11 10:03:18.482696
INFO:Message received on topic: type-2/20 with payload size: 91 at 2024-12-11 10:03:21.135486 sent 2024-12-11 10:03:21.094439
INFO:Message received on topic: type-2/20 with payload size: 91 at 2024-12-11 10:03:23.729642 sent 2024-12-11 10:03:23.685385
INFO:Message received on topic: type-2/20 with payload size: 91 at 2024-12-11 10:03:26.337459 sent 2024-12-11 10:03:26.272576
INFO:Message received on topic: type-2/20 with payload size: 91 at 2024-12-11 10:03:28.914725 sent 2024-12-11 10:03:28.860509
INFO:Message received on topic: type-2/20 with payload size: 91 at 2024-12-11 10:03:31.520542 sent 2024-12-11 10:03:31.451459
INFO:Message received on topic: type-2/20 with payload size: 91 at 2024-12-11 10:03:34.128299 sent 2024-12-11 10:03:34.062686
INFO:Message received on topic: type-2/20 with payload size: 91 at 2024-12-11 10:03:36.719715 sent 2024-12-11 10:03:36.672541
INFO:Message received on topic: type-2/20 with payload size: 91 at 2024-12-11 10:03:39.315641 sent 2024-12-11 10:03:39.284969
INFO:Message received on topic: type-2/20 with payload size: 91 at 2024-12-11 10:03:41.935575 sent 2024-12-11 10:03:41.896708
INFO:Message received on topic: type-2/20 with payload size: 91 at 2024-12-11 10:03:44.613680 sent 2024-12-11 10:03:44.506353
INFO:Message received on topic: type-2/20 with payload size: 91 at 2024-12-11 10:03:47.138839 sent 2024-12-11 10:03:47.112463
INFO:Message received on topic: type-2/20 with payload size: 91 at 2024-12-11 10:03:49.923704 sent 2024-12-11 10:03:49.719194
INFO:Message received on topic: type-2/20 with payload size: 91 at 2024-12-11 10:03:52.430720 sent 2024-12-11 10:03:52.327474
INFO:Message received on topic: type-2/20 with payload size: 91 at 2024-12-11 10:03:55.014900 sent 2024-12-11 10:03:54.945934
INFO:Message received on topic: type-2/20 with payload size: 91 at 2024-12-11 10:03:57.621182 sent 2024-12-11 10:03:57.553702
INFO:Message received on topic: type-2/20 with payload size: 91 at 2024-12-11 10:04:00.316943 sent 2024-12-11 10:04:00.161622
INFO:Message received on topic: type-2/20 with payload size: 91 at 2024-12-11 10:04:02.838367 sent 2024-12-11 10:04:02.771108
INFO:Message received on topic: type-2/20 with payload size: 91 at 2024-12-11 10:04:05.423512 sent 2024-12-11 10:04:05.379188
INFO:Message received on topic: type-2/20 with payload size: 91 at 2024-12-11 10:04:08.054033 sent 2024-12-11 10:04:07.989913
INFO:Message received on topic: type-2/20 with payload size: 91 at 2024-12-11 10:04:10.635451 sent 2024-12-11 10:04:10.601920
INFO:Message received on topic: type-2/20 with payload size: 91 at 2024-12-11 10:04:13.330453 sent 2024-12-11 10:04:13.205498
INFO:Message received on topic: type-2/20 with payload size: 91 at 2024-12-11 10:04:15.846634 sent 2024-12-11 10:04:15.818881
INFO:Message received on topic: type-2/20 with payload size: 91 at 2024-12-11 10:04:18.472804 sent 2024-12-11 10:04:18.426272
INFO:Message received on topic: type-2/20 with payload size: 91 at 2024-12-11 10:04:21.119115 sent 2024-12-11 10:04:21.051062
INFO:Message received on topic: type-2/20 with payload size: 91 at 2024-12-11 10:04:23.722021 sent 2024-12-11 10:04:23.663295
INFO:Message received on topic: type-2/20 with payload size: 91 at 2024-12-11 10:04:26.323465 sent 2024-12-11 10:04:26.274227
INFO:Message received on topic: type-2/20 with payload size: 91 at 2024-12-11 10:04:28.973948 sent 2024-12-11 10:04:28.885445
INFO:Message received on topic: type-2/20 with payload size: 91 at 2024-12-11 10:04:31.613003 sent 2024-12-11 10:04:31.495183
INFO:Message received on topic: type-2/20 with payload size: 91 at 2024-12-11 10:04:34.217459 sent 2024-12-11 10:04:34.103659
INFO:Message received on topic: type-2/20 with payload size: 91 at 2024-12-11 10:04:36.773433 sent 2024-12-11 10:04:36.716975
INFO:Message received on topic: type-2/20 with payload size: 91 at 2024-12-11 10:04:39.340100 sent 2024-12-11 10:04:39.325814
INFO:Message received on topic: type-2/20 with payload size: 91 at 2024-12-11 10:04:42.116996 sent 2024-12-11 10:04:41.933610
INFO:Message received on topic: type-2/20 with payload size: 91 at 2024-12-11 10:04:44.674696 sent 2024-12-11 10:04:44.546031
INFO:Message received on topic: type-2/20 with payload size: 91 at 2024-12-11 10:04:47.224763 sent 2024-12-11 10:04:47.158736
INFO:Message received on topic: type-2/20 with payload size: 91 at 2024-12-11 10:04:49.821100 sent 2024-12-11 10:04:49.768780
INFO:Message received on topic: type-2/20 with payload size: 91 at 2024-12-11 10:04:52.429109 sent 2024-12-11 10:04:52.381508
INFO:Message received on topic: type-2/20 with payload size: 91 at 2024-12-11 10:04:55.074034 sent 2024-12-11 10:04:54.991785
INFO:Message received on topic: type-2/20 with payload size: 91 at 2024-12-11 10:04:57.715295 sent 2024-12-11 10:04:57.600075
INFO:Message received on topic: type-2/20 with payload size: 91 at 2024-12-11 10:05:00.274186 sent 2024-12-11 10:05:00.204681
INFO:Message received on topic: type-2/20 with payload size: 91 at 2024-12-11 10:05:02.829556 sent 2024-12-11 10:05:02.811805
INFO:Message received on topic: type-2/20 with payload size: 91 at 2024-12-11 10:05:05.612501 sent 2024-12-11 10:05:05.423014
INFO:Message received on topic: type-2/20 with payload size: 91 at 2024-12-11 10:05:08.175632 sent 2024-12-11 10:05:08.033050
INFO:Message received on topic: type-2/20 with payload size: 91 at 2024-12-11 10:05:10.714059 sent 2024-12-11 10:05:10.642429
INFO:Message received on topic: type-2/20 with payload size: 91 at 2024-12-11 10:05:13.317985 sent 2024-12-11 10:05:13.255634
INFO:Message received on topic: type-2/20 with payload size: 91 at 2024-12-11 10:05:15.936206 sent 2024-12-11 10:05:15.865092
INFO:Message received on topic: type-2/20 with payload size: 91 at 2024-12-11 10:05:18.526557 sent 2024-12-11 10:05:18.476309
INFO:Message received on topic: type-2/20 with payload size: 91 at 2024-12-11 10:05:21.133561 sent 2024-12-11 10:05:21.089278
INFO:Message received on topic: type-2/20 with payload size: 91 at 2024-12-11 10:05:23.775038 sent 2024-12-11 10:05:23.700290
INFO:Message received on topic: type-2/20 with payload size: 91 at 2024-12-11 10:05:26.522756 sent 2024-12-11 10:05:26.316525
INFO:Message received on topic: type-2/20 with payload size: 91 at 2024-12-11 10:05:29.029811 sent 2024-12-11 10:05:28.930008
INFO:Message received on topic: type-2/20 with payload size: 91 at 2024-12-11 10:05:31.616216 sent 2024-12-11 10:05:31.546695
INFO:Message received on topic: type-2/20 with payload size: 91 at 2024-12-11 10:05:34.278153 sent 2024-12-11 10:05:34.162577
INFO:Message received on topic: type-2/20 with payload size: 91 at 2024-12-11 10:05:36.822205 sent 2024-12-11 10:05:36.776786
INFO:Message received on topic: type-2/20 with payload size: 91 at 2024-12-11 10:05:39.442925 sent 2024-12-11 10:05:39.392538
INFO:Message received on topic: type-2/20 with payload size: 91 at 2024-12-11 10:05:42.031527 sent 2024-12-11 10:05:42.000105
INFO:Message received on topic: type-2/20 with payload size: 91 at 2024-12-11 10:05:44.636412 sent 2024-12-11 10:05:44.606494
INFO:Message received on topic: type-2/20 with payload size: 91 at 2024-12-11 10:05:47.244689 sent 2024-12-11 10:05:47.214463
INFO:Message received on topic: type-2/20 with payload size: 91 at 2024-12-11 10:05:49.879860 sent 2024-12-11 10:05:49.826042
INFO:Message received on topic: type-2/20 with payload size: 91 at 2024-12-11 10:05:52.519825 sent 2024-12-11 10:05:52.438162
INFO:Message received on topic: type-2/20 with payload size: 91 at 2024-12-11 10:05:55.128118 sent 2024-12-11 10:05:55.047874
INFO:Message received on topic: type-2/20 with payload size: 91 at 2024-12-11 10:05:57.720388 sent 2024-12-11 10:05:57.661026
INFO:Message received on topic: type-2/20 with payload size: 91 at 2024-12-11 10:06:00.347125 sent 2024-12-11 10:06:00.273022
INFO:Message received on topic: type-2/20 with payload size: 91 at 2024-12-11 10:06:03.032388 sent 2024-12-11 10:06:02.888680
INFO:Message received on topic: type-2/20 with payload size: 91 at 2024-12-11 10:06:05.533820 sent 2024-12-11 10:06:05.503271
INFO:Message received on topic: type-2/20 with payload size: 91 at 2024-12-11 10:06:08.220075 sent 2024-12-11 10:06:08.111830
INFO:Message received on topic: type-2/20 with payload size: 91 at 2024-12-11 10:06:10.844769 sent 2024-12-11 10:06:10.721991
INFO:Message received on topic: type-2/20 with payload size: 91 at 2024-12-11 10:06:13.424942 sent 2024-12-11 10:06:13.333427
INFO:Message received on topic: type-2/20 with payload size: 91 at 2024-12-11 10:06:16.026907 sent 2024-12-11 10:06:15.940988
INFO:Message received on topic: type-2/20 with payload size: 91 at 2024-12-11 10:06:18.623510 sent 2024-12-11 10:06:18.549040
INFO:Message received on topic: type-2/20 with payload size: 91 at 2024-12-11 10:06:21.284944 sent 2024-12-11 10:06:21.156733
INFO:Message received on topic: type-2/20 with payload size: 91 at 2024-12-11 10:06:24.025281 sent 2024-12-11 10:06:23.770909
INFO:Message received on topic: type-2/20 with payload size: 91 at 2024-12-11 10:06:26.439645 sent 2024-12-11 10:06:26.385438
INFO:Message received on topic: type-2/20 with payload size: 91 at 2024-12-11 10:06:29.034205 sent 2024-12-11 10:06:28.992517
INFO:Message received on topic: type-2/20 with payload size: 91 at 2024-12-11 10:06:31.726959 sent 2024-12-11 10:06:31.602366
INFO:Message received on topic: type-2/20 with payload size: 91 at 2024-12-11 10:06:34.243872 sent 2024-12-11 10:06:34.210663
INFO:Message received on topic: type-2/20 with payload size: 91 at 2024-12-11 10:06:36.925568 sent 2024-12-11 10:06:36.816919
INFO:Message received on topic: type-2/20 with payload size: 91 at 2024-12-11 10:06:39.511885 sent 2024-12-11 10:06:39.427561
INFO:Message received on topic: type-2/20 with payload size: 91 at 2024-12-11 10:06:42.129138 sent 2024-12-11 10:06:42.038391
INFO:Message received on topic: type-2/20 with payload size: 91 at 2024-12-11 10:06:44.735467 sent 2024-12-11 10:06:44.652915
INFO:Message received on topic: type-2/20 with payload size: 91 at 2024-12-11 10:06:47.334085 sent 2024-12-11 10:06:47.268496
INFO:Message received on topic: type-2/20 with payload size: 91 at 2024-12-11 10:06:49.973963 sent 2024-12-11 10:06:49.877551
INFO:Message received on topic: type-2/20 with payload size: 91 at 2024-12-11 10:06:52.539557 sent 2024-12-11 10:06:52.498720
INFO:Message received on topic: type-2/20 with payload size: 91 at 2024-12-11 10:06:55.150429 sent 2024-12-11 10:06:55.104635
INFO:Message received on topic: type-2/20 with payload size: 91 at 2024-12-11 10:06:57.817830 sent 2024-12-11 10:06:57.716759
INFO:Message received on topic: type-2/20 with payload size: 91 at 2024-12-11 10:07:00.375888 sent 2024-12-11 10:07:00.324849
INFO:Message received on topic: type-2/20 with payload size: 91 at 2024-12-11 10:07:03.024044 sent 2024-12-11 10:07:02.938846
INFO:Message received on topic: type-2/20 with payload size: 91 at 2024-12-11 10:07:05.624263 sent 2024-12-11 10:07:05.546827
INFO:Message received on topic: type-2/20 with payload size: 91 at 2024-12-11 10:07:08.233229 sent 2024-12-11 10:07:08.156892
INFO:Message received on topic: type-2/20 with payload size: 91 at 2024-12-11 10:07:10.853154 sent 2024-12-11 10:07:10.768996
INFO:Message received on topic: type-2/20 with payload size: 91 at 2024-12-11 10:07:13.427487 sent 2024-12-11 10:07:13.377708
INFO:Message received on topic: type-2/20 with payload size: 91 at 2024-12-11 10:07:16.115818 sent 2024-12-11 10:07:15.985732
INFO:Message received on topic: type-2/20 with payload size: 91 at 2024-12-11 10:07:18.721697 sent 2024-12-11 10:07:18.594634
INFO:Message received on topic: type-2/20 with payload size: 91 at 2024-12-11 10:07:21.235867 sent 2024-12-11 10:07:21.205764
INFO:Message received on topic: type-2/20 with payload size: 91 at 2024-12-11 10:07:23.831809 sent 2024-12-11 10:07:23.816769
INFO:Message received on topic: type-2/20 with payload size: 91 at 2024-12-11 10:07:26.519667 sent 2024-12-11 10:07:26.425092
INFO:Message received on topic: type-2/20 with payload size: 91 at 2024-12-11 10:07:29.147093 sent 2024-12-11 10:07:29.037626
INFO:Message received on topic: type-2/20 with payload size: 91 at 2024-12-11 10:07:31.732743 sent 2024-12-11 10:07:31.646138
INFO:Message received on topic: type-2/20 with payload size: 91 at 2024-12-11 10:07:34.412410 sent 2024-12-11 10:07:34.261710
INFO:Message received on topic: type-2/20 with payload size: 91 at 2024-12-11 10:07:36.932509 sent 2024-12-11 10:07:36.875053
INFO:Message received on topic: type-2/20 with payload size: 91 at 2024-12-11 10:07:39.613277 sent 2024-12-11 10:07:39.483728
INFO:Message received on topic: type-2/20 with payload size: 91 at 2024-12-11 10:07:42.137006 sent 2024-12-11 10:07:42.090318
INFO:Message received on topic: type-2/20 with payload size: 91 at 2024-12-11 10:07:44.775832 sent 2024-12-11 10:07:44.702709
INFO:Message received on topic: type-2/20 with payload size: 91 at 2024-12-11 10:07:47.415784 sent 2024-12-11 10:07:47.319805
INFO:Message received on topic: type-2/20 with payload size: 91 at 2024-12-11 10:07:49.976312 sent 2024-12-11 10:07:49.931946
INFO:Message received on topic: type-2/20 with payload size: 91 at 2024-12-11 10:07:52.620936 sent 2024-12-11 10:07:52.536992
INFO:Message received on topic: type-2/20 with payload size: 91 at 2024-12-11 10:07:55.216898 sent 2024-12-11 10:07:55.140551
INFO:Message received on topic: type-2/20 with payload size: 91 at 2024-12-11 10:07:57.777271 sent 2024-12-11 10:07:57.749535
INFO:Message received on topic: type-2/20 with payload size: 91 at 2024-12-11 10:08:00.417863 sent 2024-12-11 10:08:00.359675
INFO:Message received on topic: type-2/20 with payload size: 91 at 2024-12-11 10:08:02.974669 sent 2024-12-11 10:08:02.970174
INFO:Message received on topic: type-2/20 with payload size: 91 at 2024-12-11 10:08:05.717340 sent 2024-12-11 10:08:05.576588
INFO:Message received on topic: type-2/20 with payload size: 91 at 2024-12-11 10:08:08.220806 sent 2024-12-11 10:08:08.187626
INFO:Message received on topic: type-2/20 with payload size: 91 at 2024-12-11 10:08:10.875067 sent 2024-12-11 10:08:10.794863
INFO:Message received on topic: type-2/20 with payload size: 91 at 2024-12-11 10:08:13.479264 sent 2024-12-11 10:08:13.400654
INFO:Message received on topic: type-2/20 with payload size: 91 at 2024-12-11 10:08:16.080409 sent 2024-12-11 10:08:16.006464
INFO:Message received on topic: type-2/20 with payload size: 91 at 2024-12-11 10:08:18.717908 sent 2024-12-11 10:08:18.613581
INFO:Message received on topic: type-2/20 with payload size: 91 at 2024-12-11 10:08:21.288592 sent 2024-12-11 10:08:21.222897
INFO:Message received on topic: type-2/20 with payload size: 91 at 2024-12-11 10:08:23.919692 sent 2024-12-11 10:08:23.827055
INFO:Message received on topic: type-2/20 with payload size: 91 at 2024-12-11 10:08:26.487179 sent 2024-12-11 10:08:26.433231
INFO:Message received on topic: type-2/20 with payload size: 91 at 2024-12-11 10:08:29.174312 sent 2024-12-11 10:08:29.036622
INFO:Message received on topic: type-2/20 with payload size: 91 at 2024-12-11 10:08:31.724155 sent 2024-12-11 10:08:31.649873
INFO:Message received on topic: type-2/20 with payload size: 91 at 2024-12-11 10:08:34.282892 sent 2024-12-11 10:08:34.258756
INFO:Message received on topic: type-2/20 with payload size: 91 at 2024-12-11 10:08:36.923651 sent 2024-12-11 10:08:36.866067
INFO:Message received on topic: type-2/20 with payload size: 91 at 2024-12-11 10:08:39.514963 sent 2024-12-11 10:08:39.479200
INFO:Message received on topic: type-2/20 with payload size: 91 at 2024-12-11 10:08:42.191390 sent 2024-12-11 10:08:42.087808
INFO:Message received on topic: type-2/20 with payload size: 91 at 2024-12-11 10:08:44.722620 sent 2024-12-11 10:08:44.701109
INFO:Message received on topic: type-2/20 with payload size: 91 at 2024-12-11 10:08:47.323578 sent 2024-12-11 10:08:47.308485
INFO:Message received on topic: type-2/20 with payload size: 91 at 2024-12-11 10:08:49.930121 sent 2024-12-11 10:08:49.913562
INFO:Message received on topic: type-2/20 with payload size: 91 at 2024-12-11 10:08:52.574742 sent 2024-12-11 10:08:52.521180
