INFO:Starting Version 1.0.5
DEBUG:Using selector: EpollSelector
INFO:Connecting to cluster at: mqtt-quic://emqx-headless.dtwins:14567 using QUIC
INFO:Subscribed to topic: type-2/31
INFO:Logging each: 50
INFO:Unhandled packet type received
INFO:Message received on topic: type-2/31 with payload size: 91 at 2024-12-11 10:00:57.727598 sent 2024-12-11 10:00:57.695150
INFO:Message received on topic: type-2/31 with payload size: 91 at 2024-12-11 10:01:00.323543 sent 2024-12-11 10:01:00.298506
INFO:Message received on topic: type-2/31 with payload size: 91 at 2024-12-11 10:01:02.944320 sent 2024-12-11 10:01:02.906847
INFO:Message received on topic: type-2/31 with payload size: 91 at 2024-12-11 10:01:05.532119 sent 2024-12-11 10:01:05.514946
INFO:Message received on topic: type-2/31 with payload size: 91 at 2024-12-11 10:01:08.140529 sent 2024-12-11 10:01:08.121171
INFO:Message received on topic: type-2/31 with payload size: 91 at 2024-12-11 10:01:10.815300 sent 2024-12-11 10:01:10.721989
INFO:Message received on topic: type-2/31 with payload size: 91 at 2024-12-11 10:01:13.346163 sent 2024-12-11 10:01:13.323768
INFO:Message received on topic: type-2/31 with payload size: 91 at 2024-12-11 10:01:15.949758 sent 2024-12-11 10:01:15.925827
INFO:Message received on topic: type-2/31 with payload size: 91 at 2024-12-11 10:01:18.545942 sent 2024-12-11 10:01:18.526055
INFO:Message received on topic: type-2/31 with payload size: 91 at 2024-12-11 10:01:21.229116 sent 2024-12-11 10:01:21.133058
INFO:Message received on topic: type-2/31 with payload size: 91 at 2024-12-11 10:01:23.778949 sent 2024-12-11 10:01:23.744733
INFO:Message received on topic: type-2/31 with payload size: 91 at 2024-12-11 10:01:26.412298 sent 2024-12-11 10:01:26.349453
INFO:Message received on topic: type-2/31 with payload size: 91 at 2024-12-11 10:01:29.014105 sent 2024-12-11 10:01:28.961081
INFO:Message received on topic: type-2/31 with payload size: 91 at 2024-12-11 10:01:31.615187 sent 2024-12-11 10:01:31.568595
INFO:Message received on topic: type-2/31 with payload size: 91 at 2024-12-11 10:01:34.217568 sent 2024-12-11 10:01:34.183173
INFO:Message received on topic: type-2/31 with payload size: 91 at 2024-12-11 10:01:36.833294 sent 2024-12-11 10:01:36.792448
INFO:Message received on topic: type-2/31 with payload size: 91 at 2024-12-11 10:01:39.421469 sent 2024-12-11 10:01:39.404996
INFO:Message received on topic: type-2/31 with payload size: 91 at 2024-12-11 10:01:42.031661 sent 2024-12-11 10:01:42.017391
INFO:Message received on topic: type-2/31 with payload size: 91 at 2024-12-11 10:01:44.674028 sent 2024-12-11 10:01:44.633365
INFO:Message received on topic: type-2/31 with payload size: 91 at 2024-12-11 10:01:47.279091 sent 2024-12-11 10:01:47.240640
INFO:Message received on topic: type-2/31 with payload size: 91 at 2024-12-11 10:01:49.886836 sent 2024-12-11 10:01:49.855836
INFO:Message received on topic: type-2/31 with payload size: 91 at 2024-12-11 10:01:52.518249 sent 2024-12-11 10:01:52.465991
INFO:Message received on topic: type-2/31 with payload size: 91 at 2024-12-11 10:01:55.113014 sent 2024-12-11 10:01:55.074023
INFO:Message received on topic: type-2/31 with payload size: 91 at 2024-12-11 10:01:57.722696 sent 2024-12-11 10:01:57.691198
INFO:Message received on topic: type-2/31 with payload size: 91 at 2024-12-11 10:02:00.323244 sent 2024-12-11 10:02:00.299677
INFO:Message received on topic: type-2/31 with payload size: 91 at 2024-12-11 10:02:02.928586 sent 2024-12-11 10:02:02.915554
INFO:Message received on topic: type-2/31 with payload size: 91 at 2024-12-11 10:02:05.535685 sent 2024-12-11 10:02:05.527162
INFO:Message received on topic: type-2/31 with payload size: 91 at 2024-12-11 10:02:08.174954 sent 2024-12-11 10:02:08.137294
INFO:Message received on topic: type-2/31 with payload size: 91 at 2024-12-11 10:02:10.779757 sent 2024-12-11 10:02:10.746040
INFO:Message received on topic: type-2/31 with payload size: 91 at 2024-12-11 10:02:13.414881 sent 2024-12-11 10:02:13.358034
INFO:Message received on topic: type-2/31 with payload size: 91 at 2024-12-11 10:02:16.018238 sent 2024-12-11 10:02:15.965570
INFO:Message received on topic: type-2/31 with payload size: 91 at 2024-12-11 10:02:18.628065 sent 2024-12-11 10:02:18.581740
INFO:Message received on topic: type-2/31 with payload size: 91 at 2024-12-11 10:02:21.224085 sent 2024-12-11 10:02:21.196752
INFO:Message received on topic: type-2/31 with payload size: 91 at 2024-12-11 10:02:23.825680 sent 2024-12-11 10:02:23.808934
INFO:Message received on topic: type-2/31 with payload size: 91 at 2024-12-11 10:02:26.473308 sent 2024-12-11 10:02:26.433509
INFO:Message received on topic: type-2/31 with payload size: 91 at 2024-12-11 10:02:29.116358 sent 2024-12-11 10:02:29.044598
INFO:Message received on topic: type-2/31 with payload size: 91 at 2024-12-11 10:02:31.722934 sent 2024-12-11 10:02:31.654039
INFO:Message received on topic: type-2/31 with payload size: 91 at 2024-12-11 10:02:34.317547 sent 2024-12-11 10:02:34.263077
INFO:Message received on topic: type-2/31 with payload size: 91 at 2024-12-11 10:02:36.919910 sent 2024-12-11 10:02:36.875671
INFO:Message received on topic: type-2/31 with payload size: 91 at 2024-12-11 10:02:39.524356 sent 2024-12-11 10:02:39.490712
INFO:Message received on topic: type-2/31 with payload size: 91 at 2024-12-11 10:02:42.133682 sent 2024-12-11 10:02:42.103276
INFO:Message received on topic: type-2/31 with payload size: 91 at 2024-12-11 10:02:44.812407 sent 2024-12-11 10:02:44.718593
INFO:Message received on topic: type-2/31 with payload size: 91 at 2024-12-11 10:02:47.471152 sent 2024-12-11 10:02:47.332973
INFO:Message received on topic: type-2/31 with payload size: 91 at 2024-12-11 10:02:50.032656 sent 2024-12-11 10:02:49.943212
INFO:Message received on topic: type-2/31 with payload size: 91 at 2024-12-11 10:02:52.616267 sent 2024-12-11 10:02:52.551458
INFO:Message received on topic: type-2/31 with payload size: 91 at 2024-12-11 10:02:55.234774 sent 2024-12-11 10:02:55.158799
INFO:Message received on topic: type-2/31 with payload size: 91 at 2024-12-11 10:02:57.813775 sent 2024-12-11 10:02:57.775955
INFO:Message received on topic: type-2/31 with payload size: 91 at 2024-12-11 10:03:00.425746 sent 2024-12-11 10:03:00.391542
INFO:Message received on topic: type-2/31 with payload size: 91 at 2024-12-11 10:03:03.031905 sent 2024-12-11 10:03:03.002015
INFO:Message received on topic: type-2/31 with payload size: 91 at 2024-12-11 10:03:05.630007 sent 2024-12-11 10:03:05.618562
INFO:Message received on topic: type-2/31 with payload size: 91 at 2024-12-11 10:03:08.314267 sent 2024-12-11 10:03:08.244113
INFO:Message received on topic: type-2/31 with payload size: 91 at 2024-12-11 10:03:10.923613 sent 2024-12-11 10:03:10.856740
INFO:Message received on topic: type-2/31 with payload size: 91 at 2024-12-11 10:03:13.521888 sent 2024-12-11 10:03:13.464717
INFO:Message received on topic: type-2/31 with payload size: 91 at 2024-12-11 10:03:16.151528 sent 2024-12-11 10:03:16.076482
INFO:Message received on topic: type-2/31 with payload size: 91 at 2024-12-11 10:03:18.743792 sent 2024-12-11 10:03:18.685227
INFO:Message received on topic: type-2/31 with payload size: 91 at 2024-12-11 10:03:21.334149 sent 2024-12-11 10:03:21.294552
INFO:Message received on topic: type-2/31 with payload size: 91 at 2024-12-11 10:03:23.941860 sent 2024-12-11 10:03:23.882943
INFO:Message received on topic: type-2/31 with payload size: 91 at 2024-12-11 10:03:26.571228 sent 2024-12-11 10:03:26.469707
INFO:Message received on topic: type-2/31 with payload size: 91 at 2024-12-11 10:03:29.149579 sent 2024-12-11 10:03:29.059054
INFO:Message received on topic: type-2/31 with payload size: 91 at 2024-12-11 10:03:31.718721 sent 2024-12-11 10:03:31.651865
INFO:Message received on topic: type-2/31 with payload size: 91 at 2024-12-11 10:03:34.319491 sent 2024-12-11 10:03:34.260998
INFO:Message received on topic: type-2/31 with payload size: 91 at 2024-12-11 10:03:36.936727 sent 2024-12-11 10:03:36.878378
INFO:Message received on topic: type-2/31 with payload size: 91 at 2024-12-11 10:03:39.521546 sent 2024-12-11 10:03:39.490600
INFO:Message received on topic: type-2/31 with payload size: 91 at 2024-12-11 10:03:42.224538 sent 2024-12-11 10:03:42.104766
INFO:Message received on topic: type-2/31 with payload size: 91 at 2024-12-11 10:03:44.774100 sent 2024-12-11 10:03:44.717755
INFO:Message received on topic: type-2/31 with payload size: 91 at 2024-12-11 10:03:47.380045 sent 2024-12-11 10:03:47.333060
INFO:Message received on topic: type-2/31 with payload size: 91 at 2024-12-11 10:03:50.030020 sent 2024-12-11 10:03:49.951034
INFO:Message received on topic: type-2/31 with payload size: 91 at 2024-12-11 10:03:52.650313 sent 2024-12-11 10:03:52.558562
INFO:Message received on topic: type-2/31 with payload size: 91 at 2024-12-11 10:03:55.232404 sent 2024-12-11 10:03:55.168602
INFO:Message received on topic: type-2/31 with payload size: 91 at 2024-12-11 10:03:57.824034 sent 2024-12-11 10:03:57.778822
INFO:Message received on topic: type-2/31 with payload size: 91 at 2024-12-11 10:04:00.514482 sent 2024-12-11 10:04:00.389235
INFO:Message received on topic: type-2/31 with payload size: 91 at 2024-12-11 10:04:03.119035 sent 2024-12-11 10:04:02.999187
INFO:Message received on topic: type-2/31 with payload size: 91 at 2024-12-11 10:04:05.723474 sent 2024-12-11 10:04:05.605578
INFO:Message received on topic: type-2/31 with payload size: 91 at 2024-12-11 10:04:08.252463 sent 2024-12-11 10:04:08.215568
INFO:Message received on topic: type-2/31 with payload size: 91 at 2024-12-11 10:04:10.834584 sent 2024-12-11 10:04:10.826018
INFO:Message received on topic: type-2/31 with payload size: 91 at 2024-12-11 10:04:13.518177 sent 2024-12-11 10:04:13.438706
INFO:Message received on topic: type-2/31 with payload size: 91 at 2024-12-11 10:04:16.212081 sent 2024-12-11 10:04:16.053201
INFO:Message received on topic: type-2/31 with payload size: 91 at 2024-12-11 10:04:18.724276 sent 2024-12-11 10:04:18.659708
INFO:Message received on topic: type-2/31 with payload size: 91 at 2024-12-11 10:04:21.328365 sent 2024-12-11 10:04:21.272312
INFO:Message received on topic: type-2/31 with payload size: 91 at 2024-12-11 10:04:23.924147 sent 2024-12-11 10:04:23.884515
INFO:Message received on topic: type-2/31 with payload size: 91 at 2024-12-11 10:04:26.549568 sent 2024-12-11 10:04:26.493611
INFO:Message received on topic: type-2/31 with payload size: 91 at 2024-12-11 10:04:29.141927 sent 2024-12-11 10:04:29.103351
INFO:Message received on topic: type-2/31 with payload size: 91 at 2024-12-11 10:04:31.775514 sent 2024-12-11 10:04:31.717789
INFO:Message received on topic: type-2/31 with payload size: 91 at 2024-12-11 10:04:34.430883 sent 2024-12-11 10:04:34.332874
INFO:Message received on topic: type-2/31 with payload size: 91 at 2024-12-11 10:04:37.031603 sent 2024-12-11 10:04:36.943812
INFO:Message received on topic: type-2/31 with payload size: 91 at 2024-12-11 10:04:39.634821 sent 2024-12-11 10:04:39.556048
INFO:Message received on topic: type-2/31 with payload size: 91 at 2024-12-11 10:04:42.275897 sent 2024-12-11 10:04:42.166512
INFO:Message received on topic: type-2/31 with payload size: 91 at 2024-12-11 10:04:45.012796 sent 2024-12-11 10:04:44.774528
INFO:Message received on topic: type-2/31 with payload size: 91 at 2024-12-11 10:04:47.528188 sent 2024-12-11 10:04:47.382687
INFO:Message received on topic: type-2/31 with payload size: 91 at 2024-12-11 10:04:50.128248 sent 2024-12-11 10:04:49.998500
INFO:Message received on topic: type-2/31 with payload size: 91 at 2024-12-11 10:04:52.631553 sent 2024-12-11 10:04:52.609247
INFO:Message received on topic: type-2/31 with payload size: 91 at 2024-12-11 10:04:55.271591 sent 2024-12-11 10:04:55.217806
INFO:Message received on topic: type-2/31 with payload size: 91 at 2024-12-11 10:04:57.911874 sent 2024-12-11 10:04:57.821936
INFO:Message received on topic: type-2/31 with payload size: 91 at 2024-12-11 10:05:00.476609 sent 2024-12-11 10:05:00.424894
INFO:Message received on topic: type-2/31 with payload size: 91 at 2024-12-11 10:05:03.134738 sent 2024-12-11 10:05:03.039025
INFO:Message received on topic: type-2/31 with payload size: 91 at 2024-12-11 10:05:05.724701 sent 2024-12-11 10:05:05.652502
INFO:Message received on topic: type-2/31 with payload size: 91 at 2024-12-11 10:05:08.374495 sent 2024-12-11 10:05:08.267907
INFO:Message received on topic: type-2/31 with payload size: 91 at 2024-12-11 10:05:10.979405 sent 2024-12-11 10:05:10.894383
INFO:Message received on topic: type-2/31 with payload size: 91 at 2024-12-11 10:05:13.528640 sent 2024-12-11 10:05:13.505276
INFO:Message received on topic: type-2/31 with payload size: 91 at 2024-12-11 10:05:16.234991 sent 2024-12-11 10:05:16.116895
INFO:Message received on topic: type-2/31 with payload size: 91 at 2024-12-11 10:05:18.778492 sent 2024-12-11 10:05:18.729125
INFO:Message received on topic: type-2/31 with payload size: 91 at 2024-12-11 10:05:21.441192 sent 2024-12-11 10:05:21.349445
INFO:Message received on topic: type-2/31 with payload size: 91 at 2024-12-11 10:05:24.030182 sent 2024-12-11 10:05:23.958626
INFO:Message received on topic: type-2/31 with payload size: 91 at 2024-12-11 10:05:26.675288 sent 2024-12-11 10:05:26.569302
INFO:Message received on topic: type-2/31 with payload size: 91 at 2024-12-11 10:05:29.329836 sent 2024-12-11 10:05:29.184343
INFO:Message received on topic: type-2/31 with payload size: 91 at 2024-12-11 10:05:31.837261 sent 2024-12-11 10:05:31.800656
INFO:Message received on topic: type-2/31 with payload size: 91 at 2024-12-11 10:05:34.480507 sent 2024-12-11 10:05:34.409665
INFO:Message received on topic: type-2/31 with payload size: 91 at 2024-12-11 10:05:37.075982 sent 2024-12-11 10:05:37.025201
INFO:Message received on topic: type-2/31 with payload size: 91 at 2024-12-11 10:05:39.730973 sent 2024-12-11 10:05:39.631711
INFO:Message received on topic: type-2/31 with payload size: 91 at 2024-12-11 10:05:42.327273 sent 2024-12-11 10:05:42.239994
INFO:Message received on topic: type-2/31 with payload size: 91 at 2024-12-11 10:05:44.936071 sent 2024-12-11 10:05:44.846627
INFO:Message received on topic: type-2/31 with payload size: 91 at 2024-12-11 10:05:47.619641 sent 2024-12-11 10:05:47.453469
INFO:Message received on topic: type-2/31 with payload size: 91 at 2024-12-11 10:05:50.125560 sent 2024-12-11 10:05:50.069311
INFO:Message received on topic: type-2/31 with payload size: 91 at 2024-12-11 10:05:52.774906 sent 2024-12-11 10:05:52.686050
INFO:Message received on topic: type-2/31 with payload size: 91 at 2024-12-11 10:05:55.373129 sent 2024-12-11 10:05:55.293219
INFO:Message received on topic: type-2/31 with payload size: 91 at 2024-12-11 10:05:58.046903 sent 2024-12-11 10:05:57.904763
INFO:Message received on topic: type-2/31 with payload size: 91 at 2024-12-11 10:06:00.613585 sent 2024-12-11 10:06:00.516003
INFO:Message received on topic: type-2/31 with payload size: 91 at 2024-12-11 10:06:03.145712 sent 2024-12-11 10:06:03.133046
INFO:Message received on topic: type-2/31 with payload size: 91 at 2024-12-11 10:06:06.016316 sent 2024-12-11 10:06:05.743543
INFO:Message received on topic: type-2/31 with payload size: 91 at 2024-12-11 10:06:08.477983 sent 2024-12-11 10:06:08.354607
INFO:Message received on topic: type-2/31 with payload size: 91 at 2024-12-11 10:06:11.019301 sent 2024-12-11 10:06:10.964407
INFO:Message received on topic: type-2/31 with payload size: 91 at 2024-12-11 10:06:13.623106 sent 2024-12-11 10:06:13.573159
INFO:Message received on topic: type-2/31 with payload size: 91 at 2024-12-11 10:06:16.225172 sent 2024-12-11 10:06:16.182535
INFO:Message received on topic: type-2/31 with payload size: 91 at 2024-12-11 10:06:18.939451 sent 2024-12-11 10:06:18.793765
INFO:Message received on topic: type-2/31 with payload size: 91 at 2024-12-11 10:06:21.472961 sent 2024-12-11 10:06:21.408158
INFO:Message received on topic: type-2/31 with payload size: 91 at 2024-12-11 10:06:24.120745 sent 2024-12-11 10:06:24.020743
INFO:Message received on topic: type-2/31 with payload size: 91 at 2024-12-11 10:06:26.774261 sent 2024-12-11 10:06:26.631227
INFO:Message received on topic: type-2/31 with payload size: 91 at 2024-12-11 10:06:29.330216 sent 2024-12-11 10:06:29.239591
INFO:Message received on topic: type-2/31 with payload size: 91 at 2024-12-11 10:06:31.921153 sent 2024-12-11 10:06:31.851707
INFO:Message received on topic: type-2/31 with payload size: 91 at 2024-12-11 10:06:34.616885 sent 2024-12-11 10:06:34.459314
INFO:Message received on topic: type-2/31 with payload size: 91 at 2024-12-11 10:06:37.121561 sent 2024-12-11 10:06:37.070302
INFO:Message received on topic: type-2/31 with payload size: 91 at 2024-12-11 10:06:39.772035 sent 2024-12-11 10:06:39.681392
INFO:Message received on topic: type-2/31 with payload size: 91 at 2024-12-11 10:06:42.340591 sent 2024-12-11 10:06:42.290202
INFO:Message received on topic: type-2/31 with payload size: 91 at 2024-12-11 10:06:44.975775 sent 2024-12-11 10:06:44.904488
INFO:Message received on topic: type-2/31 with payload size: 91 at 2024-12-11 10:06:47.616909 sent 2024-12-11 10:06:47.518722
INFO:Message received on topic: type-2/31 with payload size: 91 at 2024-12-11 10:06:50.217808 sent 2024-12-11 10:06:50.130991
INFO:Message received on topic: type-2/31 with payload size: 91 at 2024-12-11 10:06:52.876165 sent 2024-12-11 10:06:52.745109
INFO:Message received on topic: type-2/31 with payload size: 91 at 2024-12-11 10:06:55.437859 sent 2024-12-11 10:06:55.349021
INFO:Message received on topic: type-2/31 with payload size: 91 at 2024-12-11 10:06:58.048038 sent 2024-12-11 10:06:57.958634
INFO:Message received on topic: type-2/31 with payload size: 91 at 2024-12-11 10:07:00.621178 sent 2024-12-11 10:07:00.570125
INFO:Message received on topic: type-2/31 with payload size: 91 at 2024-12-11 10:07:03.241446 sent 2024-12-11 10:07:03.183751
INFO:Message received on topic: type-2/31 with payload size: 91 at 2024-12-11 10:07:05.835215 sent 2024-12-11 10:07:05.795614
INFO:Message received on topic: type-2/31 with payload size: 91 at 2024-12-11 10:07:08.519671 sent 2024-12-11 10:07:08.404171
INFO:Message received on topic: type-2/31 with payload size: 91 at 2024-12-11 10:07:11.117504 sent 2024-12-11 10:07:11.015887
INFO:Message received on topic: type-2/31 with payload size: 91 at 2024-12-11 10:07:13.723520 sent 2024-12-11 10:07:13.626207
INFO:Message received on topic: type-2/31 with payload size: 91 at 2024-12-11 10:07:16.315743 sent 2024-12-11 10:07:16.235943
INFO:Message received on topic: type-2/31 with payload size: 91 at 2024-12-11 10:07:18.939259 sent 2024-12-11 10:07:18.842455
INFO:Message received on topic: type-2/31 with payload size: 91 at 2024-12-11 10:07:21.534009 sent 2024-12-11 10:07:21.450005
INFO:Message received on topic: type-2/31 with payload size: 91 at 2024-12-11 10:07:24.220980 sent 2024-12-11 10:07:24.061735
INFO:Message received on topic: type-2/31 with payload size: 91 at 2024-12-11 10:07:26.818048 sent 2024-12-11 10:07:26.673705
INFO:Message received on topic: type-2/31 with payload size: 91 at 2024-12-11 10:07:29.418844 sent 2024-12-11 10:07:29.281187
INFO:Message received on topic: type-2/31 with payload size: 91 at 2024-12-11 10:07:31.976314 sent 2024-12-11 10:07:31.891726
INFO:Message received on topic: type-2/31 with payload size: 91 at 2024-12-11 10:07:34.640874 sent 2024-12-11 10:07:34.502933
INFO:Message received on topic: type-2/31 with payload size: 91 at 2024-12-11 10:07:37.235552 sent 2024-12-11 10:07:37.118656
INFO:Message received on topic: type-2/31 with payload size: 91 at 2024-12-11 10:07:39.821297 sent 2024-12-11 10:07:39.730614
INFO:Message received on topic: type-2/31 with payload size: 91 at 2024-12-11 10:07:42.419047 sent 2024-12-11 10:07:42.340552
INFO:Message received on topic: type-2/31 with payload size: 91 at 2024-12-11 10:07:45.037983 sent 2024-12-11 10:07:44.952424
INFO:Message received on topic: type-2/31 with payload size: 91 at 2024-12-11 10:07:47.632577 sent 2024-12-11 10:07:47.559614
INFO:Message received on topic: type-2/31 with payload size: 91 at 2024-12-11 10:07:50.219011 sent 2024-12-11 10:07:50.170119
INFO:Message received on topic: type-2/31 with payload size: 91 at 2024-12-11 10:07:52.925928 sent 2024-12-11 10:07:52.775787
INFO:Message received on topic: type-2/31 with payload size: 91 at 2024-12-11 10:07:55.475662 sent 2024-12-11 10:07:55.381122
INFO:Message received on topic: type-2/31 with payload size: 91 at 2024-12-11 10:07:58.031740 sent 2024-12-11 10:07:57.989054
INFO:Message received on topic: type-2/31 with payload size: 91 at 2024-12-11 10:08:00.624542 sent 2024-12-11 10:08:00.599187
INFO:Message received on topic: type-2/31 with payload size: 91 at 2024-12-11 10:08:03.223597 sent 2024-12-11 10:08:03.209629
INFO:Message received on topic: type-2/31 with payload size: 91 at 2024-12-11 10:08:05.879949 sent 2024-12-11 10:08:05.822624
INFO:Message received on topic: type-2/31 with payload size: 91 at 2024-12-11 10:08:08.514707 sent 2024-12-11 10:08:08.431477
INFO:Message received on topic: type-2/31 with payload size: 91 at 2024-12-11 10:08:11.115384 sent 2024-12-11 10:08:11.052886
INFO:Message received on topic: type-2/31 with payload size: 91 at 2024-12-11 10:08:13.724114 sent 2024-12-11 10:08:13.669076
INFO:Message received on topic: type-2/31 with payload size: 91 at 2024-12-11 10:08:16.324264 sent 2024-12-11 10:08:16.283023
INFO:Message received on topic: type-2/31 with payload size: 91 at 2024-12-11 10:08:18.926478 sent 2024-12-11 10:08:18.889596
INFO:Message received on topic: type-2/31 with payload size: 91 at 2024-12-11 10:08:21.523394 sent 2024-12-11 10:08:21.504272
INFO:Message received on topic: type-2/31 with payload size: 91 at 2024-12-11 10:08:24.178555 sent 2024-12-11 10:08:24.111729
INFO:Message received on topic: type-2/31 with payload size: 91 at 2024-12-11 10:08:26.812502 sent 2024-12-11 10:08:26.715043
INFO:Message received on topic: type-2/31 with payload size: 91 at 2024-12-11 10:08:29.382141 sent 2024-12-11 10:08:29.319690
INFO:Message received on topic: type-2/31 with payload size: 91 at 2024-12-11 10:08:31.984199 sent 2024-12-11 10:08:31.930168
INFO:Message received on topic: type-2/31 with payload size: 91 at 2024-12-11 10:08:34.623528 sent 2024-12-11 10:08:34.537228
INFO:Message received on topic: type-2/31 with payload size: 91 at 2024-12-11 10:08:37.188093 sent 2024-12-11 10:08:37.144608
INFO:Message received on topic: type-2/31 with payload size: 91 at 2024-12-11 10:08:39.815476 sent 2024-12-11 10:08:39.752748
INFO:Message received on topic: type-2/31 with payload size: 91 at 2024-12-11 10:08:42.412005 sent 2024-12-11 10:08:42.362586
INFO:Message received on topic: type-2/31 with payload size: 91 at 2024-12-11 10:08:45.015281 sent 2024-12-11 10:08:44.966462
INFO:Message received on topic: type-2/31 with payload size: 91 at 2024-12-11 10:08:47.618312 sent 2024-12-11 10:08:47.569843
INFO:Message received on topic: type-2/31 with payload size: 91 at 2024-12-11 10:08:50.216744 sent 2024-12-11 10:08:50.175464
INFO:Message received on topic: type-2/31 with payload size: 91 at 2024-12-11 10:08:52.822209 sent 2024-12-11 10:08:52.782180
INFO:Message received on topic: type-2/31 with payload size: 91 at 2024-12-11 10:08:55.419904 sent 2024-12-11 10:08:55.385377
INFO:Message received on topic: type-2/31 with payload size: 91 at 2024-12-11 10:08:58.071377 sent 2024-12-11 10:08:57.993910
INFO:Message received on topic: type-2/31 with payload size: 91 at 2024-12-11 10:09:00.685457 sent 2024-12-11 10:09:00.603048
INFO:Message received on topic: type-2/31 with payload size: 91 at 2024-12-11 10:09:03.271624 sent 2024-12-11 10:09:03.217803
INFO:Message received on topic: type-2/31 with payload size: 91 at 2024-12-11 10:09:05.879953 sent 2024-12-11 10:09:05.825405
INFO:Message received on topic: type-2/31 with payload size: 91 at 2024-12-11 10:09:08.518107 sent 2024-12-11 10:09:08.433178
INFO:Message received on topic: type-2/31 with payload size: 91 at 2024-12-11 10:09:11.120256 sent 2024-12-11 10:09:11.036646
INFO:Message received on topic: type-2/31 with payload size: 91 at 2024-12-11 10:09:13.682987 sent 2024-12-11 10:09:13.644997
INFO:Message received on topic: type-2/31 with payload size: 91 at 2024-12-11 10:09:16.312268 sent 2024-12-11 10:09:16.253872
INFO:Message received on topic: type-2/31 with payload size: 91 at 2024-12-11 10:09:18.884241 sent 2024-12-11 10:09:18.859299
INFO:Message received on topic: type-2/31 with payload size: 91 at 2024-12-11 10:09:21.515069 sent 2024-12-11 10:09:21.465667
INFO:Message received on topic: type-2/31 with payload size: 91 at 2024-12-11 10:09:24.112244 sent 2024-12-11 10:09:24.070221
INFO:Message received on topic: type-2/31 with payload size: 91 at 2024-12-11 10:09:26.723498 sent 2024-12-11 10:09:26.674010
