INFO:Starting Version 1.0.5
DEBUG:Using selector: EpollSelector
INFO:Connecting to cluster at: mqtt-quic://emqx-headless.dtwins:14567 using QUIC
INFO:Subscribed to topic: type-2/23
INFO:Logging each: 50
INFO:Unhandled packet type received
INFO:Message received on topic: type-2/23 with payload size: 91 at 2024-12-11 10:00:33.676637 sent 2024-12-11 10:00:33.635290
INFO:Message received on topic: type-2/23 with payload size: 91 at 2024-12-11 10:00:36.277674 sent 2024-12-11 10:00:36.239565
INFO:Message received on topic: type-2/23 with payload size: 91 at 2024-12-11 10:00:38.883435 sent 2024-12-11 10:00:38.840405
INFO:Message received on topic: type-2/23 with payload size: 91 at 2024-12-11 10:00:41.483729 sent 2024-12-11 10:00:41.440083
INFO:Message received on topic: type-2/23 with payload size: 91 at 2024-12-11 10:00:44.079727 sent 2024-12-11 10:00:44.045174
INFO:Message received on topic: type-2/23 with payload size: 91 at 2024-12-11 10:00:46.677477 sent 2024-12-11 10:00:46.646030
INFO:Message received on topic: type-2/23 with payload size: 91 at 2024-12-11 10:00:49.277971 sent 2024-12-11 10:00:49.247591
INFO:Message received on topic: type-2/23 with payload size: 91 at 2024-12-11 10:00:51.885176 sent 2024-12-11 10:00:51.851510
INFO:Message received on topic: type-2/23 with payload size: 91 at 2024-12-11 10:00:54.511152 sent 2024-12-11 10:00:54.455133
INFO:Message received on topic: type-2/23 with payload size: 91 at 2024-12-11 10:00:57.083993 sent 2024-12-11 10:00:57.053958
INFO:Message received on topic: type-2/23 with payload size: 91 at 2024-12-11 10:00:59.678260 sent 2024-12-11 10:00:59.655806
INFO:Message received on topic: type-2/23 with payload size: 91 at 2024-12-11 10:01:02.324188 sent 2024-12-11 10:01:02.264551
INFO:Message received on topic: type-2/23 with payload size: 91 at 2024-12-11 10:01:04.924652 sent 2024-12-11 10:01:04.868276
INFO:Message received on topic: type-2/23 with payload size: 91 at 2024-12-11 10:01:07.520050 sent 2024-12-11 10:01:07.470645
INFO:Message received on topic: type-2/23 with payload size: 91 at 2024-12-11 10:01:10.125857 sent 2024-12-11 10:01:10.074735
INFO:Message received on topic: type-2/23 with payload size: 91 at 2024-12-11 10:01:12.726826 sent 2024-12-11 10:01:12.681798
INFO:Message received on topic: type-2/23 with payload size: 91 at 2024-12-11 10:01:15.329736 sent 2024-12-11 10:01:15.287146
INFO:Message received on topic: type-2/23 with payload size: 91 at 2024-12-11 10:01:17.928171 sent 2024-12-11 10:01:17.893436
INFO:Message received on topic: type-2/23 with payload size: 91 at 2024-12-11 10:01:20.523647 sent 2024-12-11 10:01:20.498650
INFO:Message received on topic: type-2/23 with payload size: 91 at 2024-12-11 10:01:23.133279 sent 2024-12-11 10:01:23.112859
INFO:Message received on topic: type-2/23 with payload size: 91 at 2024-12-11 10:01:25.729003 sent 2024-12-11 10:01:25.721460
INFO:Message received on topic: type-2/23 with payload size: 91 at 2024-12-11 10:01:28.375094 sent 2024-12-11 10:01:28.336947
INFO:Message received on topic: type-2/23 with payload size: 91 at 2024-12-11 10:01:30.984098 sent 2024-12-11 10:01:30.944394
INFO:Message received on topic: type-2/23 with payload size: 91 at 2024-12-11 10:01:33.584535 sent 2024-12-11 10:01:33.554122
INFO:Message received on topic: type-2/23 with payload size: 91 at 2024-12-11 10:01:36.185320 sent 2024-12-11 10:01:36.159435
INFO:Message received on topic: type-2/23 with payload size: 91 at 2024-12-11 10:01:38.784999 sent 2024-12-11 10:01:38.772562
INFO:Message received on topic: type-2/23 with payload size: 91 at 2024-12-11 10:01:41.422858 sent 2024-12-11 10:01:41.382965
INFO:Message received on topic: type-2/23 with payload size: 91 at 2024-12-11 10:01:44.023057 sent 2024-12-11 10:01:43.999233
INFO:Message received on topic: type-2/23 with payload size: 91 at 2024-12-11 10:01:46.624438 sent 2024-12-11 10:01:46.611285
INFO:Message received on topic: type-2/23 with payload size: 91 at 2024-12-11 10:01:49.279847 sent 2024-12-11 10:01:49.225376
INFO:Message received on topic: type-2/23 with payload size: 91 at 2024-12-11 10:01:51.920159 sent 2024-12-11 10:01:51.841095
INFO:Message received on topic: type-2/23 with payload size: 91 at 2024-12-11 10:01:54.529189 sent 2024-12-11 10:01:54.457341
INFO:Message received on topic: type-2/23 with payload size: 91 at 2024-12-11 10:01:57.124567 sent 2024-12-11 10:01:57.065896
INFO:Message received on topic: type-2/23 with payload size: 91 at 2024-12-11 10:01:59.722150 sent 2024-12-11 10:01:59.677673
INFO:Message received on topic: type-2/23 with payload size: 91 at 2024-12-11 10:02:02.319244 sent 2024-12-11 10:02:02.296311
INFO:Message received on topic: type-2/23 with payload size: 91 at 2024-12-11 10:02:04.926796 sent 2024-12-11 10:02:04.902457
INFO:Message received on topic: type-2/23 with payload size: 91 at 2024-12-11 10:02:07.540918 sent 2024-12-11 10:02:07.511273
INFO:Message received on topic: type-2/23 with payload size: 91 at 2024-12-11 10:02:10.134419 sent 2024-12-11 10:02:10.123918
INFO:Message received on topic: type-2/23 with payload size: 91 at 2024-12-11 10:02:12.774808 sent 2024-12-11 10:02:12.734115
INFO:Message received on topic: type-2/23 with payload size: 91 at 2024-12-11 10:02:15.415925 sent 2024-12-11 10:02:15.345686
INFO:Message received on topic: type-2/23 with payload size: 91 at 2024-12-11 10:02:18.016088 sent 2024-12-11 10:02:17.957506
INFO:Message received on topic: type-2/23 with payload size: 91 at 2024-12-11 10:02:20.617557 sent 2024-12-11 10:02:20.573987
INFO:Message received on topic: type-2/23 with payload size: 91 at 2024-12-11 10:02:23.223588 sent 2024-12-11 10:02:23.193142
INFO:Message received on topic: type-2/23 with payload size: 91 at 2024-12-11 10:02:25.879403 sent 2024-12-11 10:02:25.816987
INFO:Message received on topic: type-2/23 with payload size: 91 at 2024-12-11 10:02:28.474191 sent 2024-12-11 10:02:28.433463
INFO:Message received on topic: type-2/23 with payload size: 91 at 2024-12-11 10:02:31.116531 sent 2024-12-11 10:02:31.044773
INFO:Message received on topic: type-2/23 with payload size: 91 at 2024-12-11 10:02:33.716766 sent 2024-12-11 10:02:33.653222
INFO:Message received on topic: type-2/23 with payload size: 91 at 2024-12-11 10:02:36.377724 sent 2024-12-11 10:02:36.260467
INFO:Message received on topic: type-2/23 with payload size: 91 at 2024-12-11 10:02:38.921203 sent 2024-12-11 10:02:38.870039
INFO:Message received on topic: type-2/23 with payload size: 91 at 2024-12-11 10:02:41.539720 sent 2024-12-11 10:02:41.487015
INFO:Message received on topic: type-2/23 with payload size: 91 at 2024-12-11 10:02:44.140563 sent 2024-12-11 10:02:44.093838
INFO:Message received on topic: type-2/23 with payload size: 91 at 2024-12-11 10:02:46.735026 sent 2024-12-11 10:02:46.702616
INFO:Message received on topic: type-2/23 with payload size: 91 at 2024-12-11 10:02:49.343081 sent 2024-12-11 10:02:49.311550
INFO:Message received on topic: type-2/23 with payload size: 91 at 2024-12-11 10:02:51.973223 sent 2024-12-11 10:02:51.928229
INFO:Message received on topic: type-2/23 with payload size: 91 at 2024-12-11 10:02:54.613862 sent 2024-12-11 10:02:54.541536
INFO:Message received on topic: type-2/23 with payload size: 91 at 2024-12-11 10:02:57.214565 sent 2024-12-11 10:02:57.147818
INFO:Message received on topic: type-2/23 with payload size: 91 at 2024-12-11 10:02:59.820188 sent 2024-12-11 10:02:59.762634
INFO:Message received on topic: type-2/23 with payload size: 91 at 2024-12-11 10:03:02.418172 sent 2024-12-11 10:03:02.379134
INFO:Message received on topic: type-2/23 with payload size: 91 at 2024-12-11 10:03:05.029751 sent 2024-12-11 10:03:04.990381
INFO:Message received on topic: type-2/23 with payload size: 91 at 2024-12-11 10:03:07.629873 sent 2024-12-11 10:03:07.596628
INFO:Message received on topic: type-2/23 with payload size: 91 at 2024-12-11 10:03:10.231105 sent 2024-12-11 10:03:10.210754
INFO:Message received on topic: type-2/23 with payload size: 91 at 2024-12-11 10:03:12.836181 sent 2024-12-11 10:03:12.818550
INFO:Message received on topic: type-2/23 with payload size: 91 at 2024-12-11 10:03:15.446858 sent 2024-12-11 10:03:15.431009
INFO:Message received on topic: type-2/23 with payload size: 91 at 2024-12-11 10:03:18.117521 sent 2024-12-11 10:03:18.037172
INFO:Message received on topic: type-2/23 with payload size: 91 at 2024-12-11 10:03:20.728966 sent 2024-12-11 10:03:20.649827
INFO:Message received on topic: type-2/23 with payload size: 91 at 2024-12-11 10:03:23.320214 sent 2024-12-11 10:03:23.241266
INFO:Message received on topic: type-2/23 with payload size: 91 at 2024-12-11 10:03:25.845601 sent 2024-12-11 10:03:25.828180
INFO:Message received on topic: type-2/23 with payload size: 91 at 2024-12-11 10:03:28.446512 sent 2024-12-11 10:03:28.419198
INFO:Message received on topic: type-2/23 with payload size: 91 at 2024-12-11 10:03:31.035666 sent 2024-12-11 10:03:31.003159
INFO:Message received on topic: type-2/23 with payload size: 91 at 2024-12-11 10:03:33.628264 sent 2024-12-11 10:03:33.610507
INFO:Message received on topic: type-2/23 with payload size: 91 at 2024-12-11 10:03:36.336542 sent 2024-12-11 10:03:36.226570
INFO:Message received on topic: type-2/23 with payload size: 91 at 2024-12-11 10:03:39.019453 sent 2024-12-11 10:03:38.839179
INFO:Message received on topic: type-2/23 with payload size: 91 at 2024-12-11 10:03:41.524305 sent 2024-12-11 10:03:41.453252
INFO:Message received on topic: type-2/23 with payload size: 91 at 2024-12-11 10:03:44.174301 sent 2024-12-11 10:03:44.062977
INFO:Message received on topic: type-2/23 with payload size: 91 at 2024-12-11 10:03:46.738067 sent 2024-12-11 10:03:46.671043
INFO:Message received on topic: type-2/23 with payload size: 91 at 2024-12-11 10:03:49.442953 sent 2024-12-11 10:03:49.281912
INFO:Message received on topic: type-2/23 with payload size: 91 at 2024-12-11 10:03:51.932533 sent 2024-12-11 10:03:51.891198
INFO:Message received on topic: type-2/23 with payload size: 91 at 2024-12-11 10:03:54.552655 sent 2024-12-11 10:03:54.501357
INFO:Message received on topic: type-2/23 with payload size: 91 at 2024-12-11 10:03:57.213100 sent 2024-12-11 10:03:57.116899
INFO:Message received on topic: type-2/23 with payload size: 91 at 2024-12-11 10:03:59.771006 sent 2024-12-11 10:03:59.724524
INFO:Message received on topic: type-2/23 with payload size: 91 at 2024-12-11 10:04:02.373547 sent 2024-12-11 10:04:02.336538
INFO:Message received on topic: type-2/23 with payload size: 91 at 2024-12-11 10:04:05.021590 sent 2024-12-11 10:04:04.948239
INFO:Message received on topic: type-2/23 with payload size: 91 at 2024-12-11 10:04:07.639788 sent 2024-12-11 10:04:07.557178
INFO:Message received on topic: type-2/23 with payload size: 91 at 2024-12-11 10:04:10.245807 sent 2024-12-11 10:04:10.169482
INFO:Message received on topic: type-2/23 with payload size: 91 at 2024-12-11 10:04:12.832014 sent 2024-12-11 10:04:12.781470
INFO:Message received on topic: type-2/23 with payload size: 91 at 2024-12-11 10:04:15.431908 sent 2024-12-11 10:04:15.389090
INFO:Message received on topic: type-2/23 with payload size: 91 at 2024-12-11 10:04:18.111183 sent 2024-12-11 10:04:17.995947
INFO:Message received on topic: type-2/23 with payload size: 91 at 2024-12-11 10:04:20.634474 sent 2024-12-11 10:04:20.608615
INFO:Message received on topic: type-2/23 with payload size: 91 at 2024-12-11 10:04:23.312582 sent 2024-12-11 10:04:23.222900
INFO:Message received on topic: type-2/23 with payload size: 91 at 2024-12-11 10:04:25.920110 sent 2024-12-11 10:04:25.834642
INFO:Message received on topic: type-2/23 with payload size: 91 at 2024-12-11 10:04:28.529945 sent 2024-12-11 10:04:28.449434
INFO:Message received on topic: type-2/23 with payload size: 91 at 2024-12-11 10:04:31.120989 sent 2024-12-11 10:04:31.059104
INFO:Message received on topic: type-2/23 with payload size: 91 at 2024-12-11 10:04:33.734611 sent 2024-12-11 10:04:33.669098
INFO:Message received on topic: type-2/23 with payload size: 91 at 2024-12-11 10:04:36.325240 sent 2024-12-11 10:04:36.286231
INFO:Message received on topic: type-2/23 with payload size: 91 at 2024-12-11 10:04:38.971484 sent 2024-12-11 10:04:38.900976
INFO:Message received on topic: type-2/23 with payload size: 91 at 2024-12-11 10:04:41.532845 sent 2024-12-11 10:04:41.513183
INFO:Message received on topic: type-2/23 with payload size: 91 at 2024-12-11 10:04:44.322150 sent 2024-12-11 10:04:44.125648
INFO:Message received on topic: type-2/23 with payload size: 91 at 2024-12-11 10:04:46.833304 sent 2024-12-11 10:04:46.736670
INFO:Message received on topic: type-2/23 with payload size: 91 at 2024-12-11 10:04:49.437606 sent 2024-12-11 10:04:49.345477
INFO:Message received on topic: type-2/23 with payload size: 91 at 2024-12-11 10:04:52.075222 sent 2024-12-11 10:04:51.956146
INFO:Message received on topic: type-2/23 with payload size: 91 at 2024-12-11 10:04:54.647544 sent 2024-12-11 10:04:54.560375
INFO:Message received on topic: type-2/23 with payload size: 91 at 2024-12-11 10:04:57.242445 sent 2024-12-11 10:04:57.171105
INFO:Message received on topic: type-2/23 with payload size: 91 at 2024-12-11 10:04:59.920900 sent 2024-12-11 10:04:59.772089
INFO:Message received on topic: type-2/23 with payload size: 91 at 2024-12-11 10:05:02.431296 sent 2024-12-11 10:05:02.387668
INFO:Message received on topic: type-2/23 with payload size: 91 at 2024-12-11 10:05:05.035494 sent 2024-12-11 10:05:04.995055
INFO:Message received on topic: type-2/23 with payload size: 91 at 2024-12-11 10:05:07.715761 sent 2024-12-11 10:05:07.600886
INFO:Message received on topic: type-2/23 with payload size: 91 at 2024-12-11 10:05:10.243196 sent 2024-12-11 10:05:10.226617
INFO:Message received on topic: type-2/23 with payload size: 91 at 2024-12-11 10:05:12.977557 sent 2024-12-11 10:05:12.838811
INFO:Message received on topic: type-2/23 with payload size: 91 at 2024-12-11 10:05:15.521209 sent 2024-12-11 10:05:15.451148
INFO:Message received on topic: type-2/23 with payload size: 91 at 2024-12-11 10:05:18.118553 sent 2024-12-11 10:05:18.057513
INFO:Message received on topic: type-2/23 with payload size: 91 at 2024-12-11 10:05:20.738769 sent 2024-12-11 10:05:20.677088
INFO:Message received on topic: type-2/23 with payload size: 91 at 2024-12-11 10:05:23.333582 sent 2024-12-11 10:05:23.288651
INFO:Message received on topic: type-2/23 with payload size: 91 at 2024-12-11 10:05:25.942115 sent 2024-12-11 10:05:25.899020
INFO:Message received on topic: type-2/23 with payload size: 91 at 2024-12-11 10:05:28.541080 sent 2024-12-11 10:05:28.512530
INFO:Message received on topic: type-2/23 with payload size: 91 at 2024-12-11 10:05:31.220840 sent 2024-12-11 10:05:31.132975
INFO:Message received on topic: type-2/23 with payload size: 91 at 2024-12-11 10:05:33.832445 sent 2024-12-11 10:05:33.750097
INFO:Message received on topic: type-2/23 with payload size: 91 at 2024-12-11 10:05:36.417399 sent 2024-12-11 10:05:36.360878
INFO:Message received on topic: type-2/23 with payload size: 91 at 2024-12-11 10:05:39.037590 sent 2024-12-11 10:05:38.978142
INFO:Message received on topic: type-2/23 with payload size: 91 at 2024-12-11 10:05:41.776421 sent 2024-12-11 10:05:41.584514
INFO:Message received on topic: type-2/23 with payload size: 91 at 2024-12-11 10:05:44.311415 sent 2024-12-11 10:05:44.196019
INFO:Message received on topic: type-2/23 with payload size: 91 at 2024-12-11 10:05:46.913988 sent 2024-12-11 10:05:46.802310
INFO:Message received on topic: type-2/23 with payload size: 91 at 2024-12-11 10:05:49.477075 sent 2024-12-11 10:05:49.413037
INFO:Message received on topic: type-2/23 with payload size: 91 at 2024-12-11 10:05:52.111708 sent 2024-12-11 10:05:52.030547
INFO:Message received on topic: type-2/23 with payload size: 91 at 2024-12-11 10:05:54.655829 sent 2024-12-11 10:05:54.640219
INFO:Message received on topic: type-2/23 with payload size: 91 at 2024-12-11 10:05:57.332774 sent 2024-12-11 10:05:57.252213
INFO:Message received on topic: type-2/23 with payload size: 91 at 2024-12-11 10:05:59.928074 sent 2024-12-11 10:05:59.867652
INFO:Message received on topic: type-2/23 with payload size: 91 at 2024-12-11 10:06:02.580031 sent 2024-12-11 10:06:02.481096
INFO:Message received on topic: type-2/23 with payload size: 91 at 2024-12-11 10:06:05.120466 sent 2024-12-11 10:06:05.091217
INFO:Message received on topic: type-2/23 with payload size: 91 at 2024-12-11 10:06:07.773225 sent 2024-12-11 10:06:07.705982
INFO:Message received on topic: type-2/23 with payload size: 91 at 2024-12-11 10:06:10.482296 sent 2024-12-11 10:06:10.314613
INFO:Message received on topic: type-2/23 with payload size: 91 at 2024-12-11 10:06:13.071705 sent 2024-12-11 10:06:12.938116
INFO:Message received on topic: type-2/23 with payload size: 91 at 2024-12-11 10:06:15.628018 sent 2024-12-11 10:06:15.549221
INFO:Message received on topic: type-2/23 with payload size: 91 at 2024-12-11 10:06:18.217210 sent 2024-12-11 10:06:18.153534
INFO:Message received on topic: type-2/23 with payload size: 91 at 2024-12-11 10:06:20.826115 sent 2024-12-11 10:06:20.771036
INFO:Message received on topic: type-2/23 with payload size: 91 at 2024-12-11 10:06:23.617422 sent 2024-12-11 10:06:23.385568
INFO:Message received on topic: type-2/23 with payload size: 91 at 2024-12-11 10:06:26.073973 sent 2024-12-11 10:06:25.989716
INFO:Message received on topic: type-2/23 with payload size: 91 at 2024-12-11 10:06:28.674422 sent 2024-12-11 10:06:28.597220
INFO:Message received on topic: type-2/23 with payload size: 91 at 2024-12-11 10:06:31.275111 sent 2024-12-11 10:06:31.215039
INFO:Message received on topic: type-2/23 with payload size: 91 at 2024-12-11 10:06:33.975946 sent 2024-12-11 10:06:33.826291
INFO:Message received on topic: type-2/23 with payload size: 91 at 2024-12-11 10:06:36.475102 sent 2024-12-11 10:06:36.431485
INFO:Message received on topic: type-2/23 with payload size: 91 at 2024-12-11 10:06:39.226692 sent 2024-12-11 10:06:39.048667
INFO:Message received on topic: type-2/23 with payload size: 91 at 2024-12-11 10:06:41.720194 sent 2024-12-11 10:06:41.663694
INFO:Message received on topic: type-2/23 with payload size: 91 at 2024-12-11 10:06:44.336062 sent 2024-12-11 10:06:44.280585
INFO:Message received on topic: type-2/23 with payload size: 91 at 2024-12-11 10:06:47.034164 sent 2024-12-11 10:06:46.885286
INFO:Message received on topic: type-2/23 with payload size: 91 at 2024-12-11 10:06:49.572251 sent 2024-12-11 10:06:49.494630
INFO:Message received on topic: type-2/23 with payload size: 91 at 2024-12-11 10:06:52.220444 sent 2024-12-11 10:06:52.101630
INFO:Message received on topic: type-2/23 with payload size: 91 at 2024-12-11 10:06:54.827474 sent 2024-12-11 10:06:54.714618
INFO:Message received on topic: type-2/23 with payload size: 91 at 2024-12-11 10:06:57.424536 sent 2024-12-11 10:06:57.321774
INFO:Message received on topic: type-2/23 with payload size: 91 at 2024-12-11 10:07:00.026414 sent 2024-12-11 10:06:59.935585
INFO:Message received on topic: type-2/23 with payload size: 91 at 2024-12-11 10:07:02.731620 sent 2024-12-11 10:07:02.543514
INFO:Message received on topic: type-2/23 with payload size: 91 at 2024-12-11 10:07:05.222137 sent 2024-12-11 10:07:05.154308
INFO:Message received on topic: type-2/23 with payload size: 91 at 2024-12-11 10:07:07.823679 sent 2024-12-11 10:07:07.764452
INFO:Message received on topic: type-2/23 with payload size: 91 at 2024-12-11 10:07:10.430877 sent 2024-12-11 10:07:10.375534
INFO:Message received on topic: type-2/23 with payload size: 91 at 2024-12-11 10:07:13.117012 sent 2024-12-11 10:07:12.995254
INFO:Message received on topic: type-2/23 with payload size: 91 at 2024-12-11 10:07:15.637250 sent 2024-12-11 10:07:15.604173
INFO:Message received on topic: type-2/23 with payload size: 91 at 2024-12-11 10:07:18.324010 sent 2024-12-11 10:07:18.211441
INFO:Message received on topic: type-2/23 with payload size: 91 at 2024-12-11 10:07:20.874851 sent 2024-12-11 10:07:20.833221
INFO:Message received on topic: type-2/23 with payload size: 91 at 2024-12-11 10:07:23.542433 sent 2024-12-11 10:07:23.445143
INFO:Message received on topic: type-2/23 with payload size: 91 at 2024-12-11 10:07:26.148653 sent 2024-12-11 10:07:26.059013
INFO:Message received on topic: type-2/23 with payload size: 91 at 2024-12-11 10:07:28.812951 sent 2024-12-11 10:07:28.665993
INFO:Message received on topic: type-2/23 with payload size: 91 at 2024-12-11 10:07:31.326610 sent 2024-12-11 10:07:31.281944
INFO:Message received on topic: type-2/23 with payload size: 91 at 2024-12-11 10:07:34.077244 sent 2024-12-11 10:07:33.893675
INFO:Message received on topic: type-2/23 with payload size: 91 at 2024-12-11 10:07:36.618602 sent 2024-12-11 10:07:36.502942
INFO:Message received on topic: type-2/23 with payload size: 91 at 2024-12-11 10:07:39.214591 sent 2024-12-11 10:07:39.117157
INFO:Message received on topic: type-2/23 with payload size: 91 at 2024-12-11 10:07:41.775933 sent 2024-12-11 10:07:41.729532
INFO:Message received on topic: type-2/23 with payload size: 91 at 2024-12-11 10:07:44.433677 sent 2024-12-11 10:07:44.342784
INFO:Message received on topic: type-2/23 with payload size: 91 at 2024-12-11 10:07:47.019604 sent 2024-12-11 10:07:46.947060
INFO:Message received on topic: type-2/23 with payload size: 91 at 2024-12-11 10:07:49.620055 sent 2024-12-11 10:07:49.558483
INFO:Message received on topic: type-2/23 with payload size: 91 at 2024-12-11 10:07:52.234565 sent 2024-12-11 10:07:52.168704
INFO:Message received on topic: type-2/23 with payload size: 91 at 2024-12-11 10:07:54.930083 sent 2024-12-11 10:07:54.778602
INFO:Message received on topic: type-2/23 with payload size: 91 at 2024-12-11 10:07:57.431282 sent 2024-12-11 10:07:57.386859
INFO:Message received on topic: type-2/23 with payload size: 91 at 2024-12-11 10:08:00.114078 sent 2024-12-11 10:07:59.994551
INFO:Message received on topic: type-2/23 with payload size: 91 at 2024-12-11 10:08:02.714937 sent 2024-12-11 10:08:02.603556
INFO:Message received on topic: type-2/23 with payload size: 91 at 2024-12-11 10:08:05.274471 sent 2024-12-11 10:08:05.215430
INFO:Message received on topic: type-2/23 with payload size: 91 at 2024-12-11 10:08:07.934282 sent 2024-12-11 10:08:07.826028
INFO:Message received on topic: type-2/23 with payload size: 91 at 2024-12-11 10:08:10.486591 sent 2024-12-11 10:08:10.436295
INFO:Message received on topic: type-2/23 with payload size: 91 at 2024-12-11 10:08:13.123706 sent 2024-12-11 10:08:13.046080
INFO:Message received on topic: type-2/23 with payload size: 91 at 2024-12-11 10:08:15.727173 sent 2024-12-11 10:08:15.650537
INFO:Message received on topic: type-2/23 with payload size: 91 at 2024-12-11 10:08:18.321969 sent 2024-12-11 10:08:18.259199
INFO:Message received on topic: type-2/23 with payload size: 91 at 2024-12-11 10:08:20.887222 sent 2024-12-11 10:08:20.867674
INFO:Message received on topic: type-2/23 with payload size: 91 at 2024-12-11 10:08:23.521134 sent 2024-12-11 10:08:23.474284
INFO:Message received on topic: type-2/23 with payload size: 91 at 2024-12-11 10:08:26.193745 sent 2024-12-11 10:08:26.077786
INFO:Message received on topic: type-2/23 with payload size: 91 at 2024-12-11 10:08:28.778971 sent 2024-12-11 10:08:28.686776
INFO:Message received on topic: type-2/23 with payload size: 91 at 2024-12-11 10:08:31.377774 sent 2024-12-11 10:08:31.292756
INFO:Message received on topic: type-2/23 with payload size: 91 at 2024-12-11 10:08:33.927606 sent 2024-12-11 10:08:33.900867
INFO:Message received on topic: type-2/23 with payload size: 91 at 2024-12-11 10:08:36.573967 sent 2024-12-11 10:08:36.510062
INFO:Message received on topic: type-2/23 with payload size: 91 at 2024-12-11 10:08:39.181891 sent 2024-12-11 10:08:39.118593
INFO:Message received on topic: type-2/23 with payload size: 91 at 2024-12-11 10:08:41.784904 sent 2024-12-11 10:08:41.730048
INFO:Message received on topic: type-2/23 with payload size: 91 at 2024-12-11 10:08:44.390985 sent 2024-12-11 10:08:44.343241
INFO:Message received on topic: type-2/23 with payload size: 91 at 2024-12-11 10:08:47.024259 sent 2024-12-11 10:08:46.947680
INFO:Message received on topic: type-2/23 with payload size: 91 at 2024-12-11 10:08:49.614217 sent 2024-12-11 10:08:49.554424
INFO:Message received on topic: type-2/23 with payload size: 91 at 2024-12-11 10:08:52.185269 sent 2024-12-11 10:08:52.160705
INFO:Message received on topic: type-2/23 with payload size: 91 at 2024-12-11 10:08:54.813528 sent 2024-12-11 10:08:54.767041
INFO:Message received on topic: type-2/23 with payload size: 91 at 2024-12-11 10:08:57.420291 sent 2024-12-11 10:08:57.379752
INFO:Message received on topic: type-2/23 with payload size: 91 at 2024-12-11 10:09:00.022988 sent 2024-12-11 10:08:59.988320
INFO:Message received on topic: type-2/23 with payload size: 91 at 2024-12-11 10:09:02.622067 sent 2024-12-11 10:09:02.595924
