INFO:Starting Version 1.0.5
DEBUG:Using selector: EpollSelector
INFO:Connecting to cluster at: mqtt-quic://emqx-headless.dtwins:14567 using QUIC
INFO:Subscribed to topic: type-2/13
INFO:Logging each: 50
INFO:Unhandled packet type received
INFO:Message received on topic: type-2/13 with payload size: 91 at 2024-12-11 09:59:57.732250 sent 2024-12-11 09:59:57.730823
INFO:Message received on topic: type-2/13 with payload size: 91 at 2024-12-11 10:00:00.331919 sent 2024-12-11 10:00:00.330456
INFO:Message received on topic: type-2/13 with payload size: 91 at 2024-12-11 10:00:02.934071 sent 2024-12-11 10:00:02.930044
INFO:Message received on topic: type-2/13 with payload size: 91 at 2024-12-11 10:00:05.528598 sent 2024-12-11 10:00:05.525909
INFO:Message received on topic: type-2/13 with payload size: 91 at 2024-12-11 10:00:08.139031 sent 2024-12-11 10:00:08.125361
INFO:Message received on topic: type-2/13 with payload size: 91 at 2024-12-11 10:00:10.731866 sent 2024-12-11 10:00:10.728626
INFO:Message received on topic: type-2/13 with payload size: 91 at 2024-12-11 10:00:13.337921 sent 2024-12-11 10:00:13.329707
INFO:Message received on topic: type-2/13 with payload size: 91 at 2024-12-11 10:00:15.977767 sent 2024-12-11 10:00:15.931420
INFO:Message received on topic: type-2/13 with payload size: 91 at 2024-12-11 10:00:18.534391 sent 2024-12-11 10:00:18.533020
INFO:Message received on topic: type-2/13 with payload size: 91 at 2024-12-11 10:00:21.174099 sent 2024-12-11 10:00:21.132973
INFO:Message received on topic: type-2/13 with payload size: 91 at 2024-12-11 10:00:23.777803 sent 2024-12-11 10:00:23.736241
INFO:Message received on topic: type-2/13 with payload size: 91 at 2024-12-11 10:00:26.382657 sent 2024-12-11 10:00:26.340780
INFO:Message received on topic: type-2/13 with payload size: 91 at 2024-12-11 10:00:28.979890 sent 2024-12-11 10:00:28.945238
INFO:Message received on topic: type-2/13 with payload size: 91 at 2024-12-11 10:00:31.579058 sent 2024-12-11 10:00:31.547318
INFO:Message received on topic: type-2/13 with payload size: 91 at 2024-12-11 10:00:34.189096 sent 2024-12-11 10:00:34.150620
INFO:Message received on topic: type-2/13 with payload size: 91 at 2024-12-11 10:00:36.785606 sent 2024-12-11 10:00:36.758554
INFO:Message received on topic: type-2/13 with payload size: 91 at 2024-12-11 10:00:39.383239 sent 2024-12-11 10:00:39.361064
INFO:Message received on topic: type-2/13 with payload size: 91 at 2024-12-11 10:00:42.012852 sent 2024-12-11 10:00:41.961121
INFO:Message received on topic: type-2/13 with payload size: 91 at 2024-12-11 10:00:44.580836 sent 2024-12-11 10:00:44.564618
INFO:Message received on topic: type-2/13 with payload size: 91 at 2024-12-11 10:00:47.179497 sent 2024-12-11 10:00:47.165256
INFO:Message received on topic: type-2/13 with payload size: 91 at 2024-12-11 10:00:49.821252 sent 2024-12-11 10:00:49.771479
INFO:Message received on topic: type-2/13 with payload size: 91 at 2024-12-11 10:00:52.413714 sent 2024-12-11 10:00:52.375785
INFO:Message received on topic: type-2/13 with payload size: 91 at 2024-12-11 10:00:55.019811 sent 2024-12-11 10:00:54.980269
INFO:Message received on topic: type-2/13 with payload size: 91 at 2024-12-11 10:00:57.626721 sent 2024-12-11 10:00:57.584661
INFO:Message received on topic: type-2/13 with payload size: 91 at 2024-12-11 10:01:00.221606 sent 2024-12-11 10:01:00.184540
INFO:Message received on topic: type-2/13 with payload size: 91 at 2024-12-11 10:01:02.836937 sent 2024-12-11 10:01:02.788220
INFO:Message received on topic: type-2/13 with payload size: 91 at 2024-12-11 10:01:05.433233 sent 2024-12-11 10:01:05.388832
INFO:Message received on topic: type-2/13 with payload size: 91 at 2024-12-11 10:01:08.025529 sent 2024-12-11 10:01:07.993064
INFO:Message received on topic: type-2/13 with payload size: 91 at 2024-12-11 10:01:10.629214 sent 2024-12-11 10:01:10.594026
INFO:Message received on topic: type-2/13 with payload size: 91 at 2024-12-11 10:01:13.223187 sent 2024-12-11 10:01:13.198091
INFO:Message received on topic: type-2/13 with payload size: 91 at 2024-12-11 10:01:15.832209 sent 2024-12-11 10:01:15.802902
INFO:Message received on topic: type-2/13 with payload size: 91 at 2024-12-11 10:01:18.423457 sent 2024-12-11 10:01:18.408430
INFO:Message received on topic: type-2/13 with payload size: 91 at 2024-12-11 10:01:21.081106 sent 2024-12-11 10:01:21.016010
INFO:Message received on topic: type-2/13 with payload size: 91 at 2024-12-11 10:01:23.634634 sent 2024-12-11 10:01:23.627319
INFO:Message received on topic: type-2/13 with payload size: 91 at 2024-12-11 10:01:26.272785 sent 2024-12-11 10:01:26.236170
INFO:Message received on topic: type-2/13 with payload size: 91 at 2024-12-11 10:01:28.913789 sent 2024-12-11 10:01:28.844275
INFO:Message received on topic: type-2/13 with payload size: 91 at 2024-12-11 10:01:31.481197 sent 2024-12-11 10:01:31.457678
INFO:Message received on topic: type-2/13 with payload size: 91 at 2024-12-11 10:01:34.088568 sent 2024-12-11 10:01:34.068383
INFO:Message received on topic: type-2/13 with payload size: 91 at 2024-12-11 10:01:36.733962 sent 2024-12-11 10:01:36.680792
INFO:Message received on topic: type-2/13 with payload size: 91 at 2024-12-11 10:01:39.328386 sent 2024-12-11 10:01:39.290602
INFO:Message received on topic: type-2/13 with payload size: 91 at 2024-12-11 10:01:41.928427 sent 2024-12-11 10:01:41.897673
INFO:Message received on topic: type-2/13 with payload size: 91 at 2024-12-11 10:01:44.522689 sent 2024-12-11 10:01:44.512529
INFO:Message received on topic: type-2/13 with payload size: 91 at 2024-12-11 10:01:47.139149 sent 2024-12-11 10:01:47.123685
INFO:Message received on topic: type-2/13 with payload size: 91 at 2024-12-11 10:01:49.784627 sent 2024-12-11 10:01:49.738274
INFO:Message received on topic: type-2/13 with payload size: 91 at 2024-12-11 10:01:52.416890 sent 2024-12-11 10:01:52.351400
INFO:Message received on topic: type-2/13 with payload size: 91 at 2024-12-11 10:01:54.986257 sent 2024-12-11 10:01:54.966112
INFO:Message received on topic: type-2/13 with payload size: 91 at 2024-12-11 10:01:57.613889 sent 2024-12-11 10:01:57.577036
INFO:Message received on topic: type-2/13 with payload size: 91 at 2024-12-11 10:02:00.224866 sent 2024-12-11 10:02:00.186438
INFO:Message received on topic: type-2/13 with payload size: 91 at 2024-12-11 10:02:02.834962 sent 2024-12-11 10:02:02.796096
INFO:Message received on topic: type-2/13 with payload size: 91 at 2024-12-11 10:02:05.435713 sent 2024-12-11 10:02:05.405636
INFO:Message received on topic: type-2/13 with payload size: 91 at 2024-12-11 10:02:08.079984 sent 2024-12-11 10:02:08.014780
INFO:Message received on topic: type-2/13 with payload size: 91 at 2024-12-11 10:02:10.636746 sent 2024-12-11 10:02:10.626078
INFO:Message received on topic: type-2/13 with payload size: 91 at 2024-12-11 10:02:13.276572 sent 2024-12-11 10:02:13.240205
INFO:Message received on topic: type-2/13 with payload size: 91 at 2024-12-11 10:02:15.920850 sent 2024-12-11 10:02:15.850871
INFO:Message received on topic: type-2/13 with payload size: 91 at 2024-12-11 10:02:18.513477 sent 2024-12-11 10:02:18.458040
INFO:Message received on topic: type-2/13 with payload size: 91 at 2024-12-11 10:02:21.117832 sent 2024-12-11 10:02:21.068143
INFO:Message received on topic: type-2/13 with payload size: 91 at 2024-12-11 10:02:23.723439 sent 2024-12-11 10:02:23.680801
INFO:Message received on topic: type-2/13 with payload size: 91 at 2024-12-11 10:02:26.344129 sent 2024-12-11 10:02:26.290636
INFO:Message received on topic: type-2/13 with payload size: 91 at 2024-12-11 10:02:28.972583 sent 2024-12-11 10:02:28.903063
INFO:Message received on topic: type-2/13 with payload size: 91 at 2024-12-11 10:02:31.533715 sent 2024-12-11 10:02:31.517876
INFO:Message received on topic: type-2/13 with payload size: 91 at 2024-12-11 10:02:34.140084 sent 2024-12-11 10:02:34.130816
INFO:Message received on topic: type-2/13 with payload size: 91 at 2024-12-11 10:02:36.816499 sent 2024-12-11 10:02:36.740632
INFO:Message received on topic: type-2/13 with payload size: 91 at 2024-12-11 10:02:39.416393 sent 2024-12-11 10:02:39.347305
INFO:Message received on topic: type-2/13 with payload size: 91 at 2024-12-11 10:02:42.027921 sent 2024-12-11 10:02:41.957087
INFO:Message received on topic: type-2/13 with payload size: 91 at 2024-12-11 10:02:44.621429 sent 2024-12-11 10:02:44.565631
INFO:Message received on topic: type-2/13 with payload size: 91 at 2024-12-11 10:02:47.241984 sent 2024-12-11 10:02:47.181233
INFO:Message received on topic: type-2/13 with payload size: 91 at 2024-12-11 10:02:49.837418 sent 2024-12-11 10:02:49.790870
INFO:Message received on topic: type-2/13 with payload size: 91 at 2024-12-11 10:02:52.431997 sent 2024-12-11 10:02:52.404269
INFO:Message received on topic: type-2/13 with payload size: 91 at 2024-12-11 10:02:55.032393 sent 2024-12-11 10:02:55.010504
INFO:Message received on topic: type-2/13 with payload size: 91 at 2024-12-11 10:02:57.713096 sent 2024-12-11 10:02:57.623134
INFO:Message received on topic: type-2/13 with payload size: 91 at 2024-12-11 10:03:00.279517 sent 2024-12-11 10:03:00.235220
INFO:Message received on topic: type-2/13 with payload size: 91 at 2024-12-11 10:03:02.883941 sent 2024-12-11 10:03:02.845305
INFO:Message received on topic: type-2/13 with payload size: 91 at 2024-12-11 10:03:05.480970 sent 2024-12-11 10:03:05.461663
INFO:Message received on topic: type-2/13 with payload size: 91 at 2024-12-11 10:03:08.118563 sent 2024-12-11 10:03:08.069663
INFO:Message received on topic: type-2/13 with payload size: 91 at 2024-12-11 10:03:10.727555 sent 2024-12-11 10:03:10.677929
INFO:Message received on topic: type-2/13 with payload size: 91 at 2024-12-11 10:03:13.332171 sent 2024-12-11 10:03:13.297152
INFO:Message received on topic: type-2/13 with payload size: 91 at 2024-12-11 10:03:16.014271 sent 2024-12-11 10:03:15.904709
INFO:Message received on topic: type-2/13 with payload size: 91 at 2024-12-11 10:03:18.536667 sent 2024-12-11 10:03:18.513235
INFO:Message received on topic: type-2/13 with payload size: 91 at 2024-12-11 10:03:21.212196 sent 2024-12-11 10:03:21.126155
INFO:Message received on topic: type-2/13 with payload size: 91 at 2024-12-11 10:03:23.737999 sent 2024-12-11 10:03:23.715085
INFO:Message received on topic: type-2/13 with payload size: 91 at 2024-12-11 10:03:26.372800 sent 2024-12-11 10:03:26.303197
INFO:Message received on topic: type-2/13 with payload size: 91 at 2024-12-11 10:03:28.933373 sent 2024-12-11 10:03:28.893517
INFO:Message received on topic: type-2/13 with payload size: 91 at 2024-12-11 10:03:31.576774 sent 2024-12-11 10:03:31.484528
INFO:Message received on topic: type-2/13 with payload size: 91 at 2024-12-11 10:03:34.133745 sent 2024-12-11 10:03:34.101284
INFO:Message received on topic: type-2/13 with payload size: 91 at 2024-12-11 10:03:36.823365 sent 2024-12-11 10:03:36.717708
INFO:Message received on topic: type-2/13 with payload size: 91 at 2024-12-11 10:03:39.423637 sent 2024-12-11 10:03:39.331001
INFO:Message received on topic: type-2/13 with payload size: 91 at 2024-12-11 10:03:42.023978 sent 2024-12-11 10:03:41.939191
INFO:Message received on topic: type-2/13 with payload size: 91 at 2024-12-11 10:03:44.620035 sent 2024-12-11 10:03:44.547078
INFO:Message received on topic: type-2/13 with payload size: 91 at 2024-12-11 10:03:47.226072 sent 2024-12-11 10:03:47.155901
INFO:Message received on topic: type-2/13 with payload size: 91 at 2024-12-11 10:03:49.934702 sent 2024-12-11 10:03:49.762319
INFO:Message received on topic: type-2/13 with payload size: 91 at 2024-12-11 10:03:52.432976 sent 2024-12-11 10:03:52.377934
INFO:Message received on topic: type-2/13 with payload size: 91 at 2024-12-11 10:03:55.040087 sent 2024-12-11 10:03:54.996844
INFO:Message received on topic: type-2/13 with payload size: 91 at 2024-12-11 10:03:57.714173 sent 2024-12-11 10:03:57.613428
INFO:Message received on topic: type-2/13 with payload size: 91 at 2024-12-11 10:04:00.430302 sent 2024-12-11 10:04:00.224496
INFO:Message received on topic: type-2/13 with payload size: 91 at 2024-12-11 10:04:02.935512 sent 2024-12-11 10:04:02.837399
INFO:Message received on topic: type-2/13 with payload size: 91 at 2024-12-11 10:04:05.623958 sent 2024-12-11 10:04:05.449980
INFO:Message received on topic: type-2/13 with payload size: 91 at 2024-12-11 10:04:08.119122 sent 2024-12-11 10:04:08.056243
INFO:Message received on topic: type-2/13 with payload size: 91 at 2024-12-11 10:04:10.730244 sent 2024-12-11 10:04:10.668220
INFO:Message received on topic: type-2/13 with payload size: 91 at 2024-12-11 10:04:13.328582 sent 2024-12-11 10:04:13.283008
INFO:Message received on topic: type-2/13 with payload size: 91 at 2024-12-11 10:04:15.940628 sent 2024-12-11 10:04:15.894556
INFO:Message received on topic: type-2/13 with payload size: 91 at 2024-12-11 10:04:18.540931 sent 2024-12-11 10:04:18.505183
INFO:Message received on topic: type-2/13 with payload size: 91 at 2024-12-11 10:04:21.171461 sent 2024-12-11 10:04:21.121682
INFO:Message received on topic: type-2/13 with payload size: 91 at 2024-12-11 10:04:23.812024 sent 2024-12-11 10:04:23.738855
INFO:Message received on topic: type-2/13 with payload size: 91 at 2024-12-11 10:04:26.429563 sent 2024-12-11 10:04:26.348974
INFO:Message received on topic: type-2/13 with payload size: 91 at 2024-12-11 10:04:29.046071 sent 2024-12-11 10:04:28.962488
INFO:Message received on topic: type-2/13 with payload size: 91 at 2024-12-11 10:04:31.628651 sent 2024-12-11 10:04:31.570102
INFO:Message received on topic: type-2/13 with payload size: 91 at 2024-12-11 10:04:34.240488 sent 2024-12-11 10:04:34.187109
INFO:Message received on topic: type-2/13 with payload size: 91 at 2024-12-11 10:04:36.878209 sent 2024-12-11 10:04:36.798399
INFO:Message received on topic: type-2/13 with payload size: 91 at 2024-12-11 10:04:39.473863 sent 2024-12-11 10:04:39.407684
INFO:Message received on topic: type-2/13 with payload size: 91 at 2024-12-11 10:04:42.171123 sent 2024-12-11 10:04:42.023981
INFO:Message received on topic: type-2/13 with payload size: 91 at 2024-12-11 10:04:44.742806 sent 2024-12-11 10:04:44.633567
INFO:Message received on topic: type-2/13 with payload size: 91 at 2024-12-11 10:04:47.331842 sent 2024-12-11 10:04:47.241270
INFO:Message received on topic: type-2/13 with payload size: 91 at 2024-12-11 10:04:50.017938 sent 2024-12-11 10:04:49.853653
INFO:Message received on topic: type-2/13 with payload size: 91 at 2024-12-11 10:04:52.540133 sent 2024-12-11 10:04:52.459873
INFO:Message received on topic: type-2/13 with payload size: 91 at 2024-12-11 10:04:55.131464 sent 2024-12-11 10:04:55.066832
INFO:Message received on topic: type-2/13 with payload size: 91 at 2024-12-11 10:04:57.726647 sent 2024-12-11 10:04:57.677136
INFO:Message received on topic: type-2/13 with payload size: 91 at 2024-12-11 10:05:00.371776 sent 2024-12-11 10:05:00.282564
INFO:Message received on topic: type-2/13 with payload size: 91 at 2024-12-11 10:05:03.011998 sent 2024-12-11 10:05:02.889544
INFO:Message received on topic: type-2/13 with payload size: 91 at 2024-12-11 10:05:05.571627 sent 2024-12-11 10:05:05.500161
INFO:Message received on topic: type-2/13 with payload size: 91 at 2024-12-11 10:05:08.316113 sent 2024-12-11 10:05:08.113518
INFO:Message received on topic: type-2/13 with payload size: 91 at 2024-12-11 10:05:10.773867 sent 2024-12-11 10:05:10.731993
INFO:Message received on topic: type-2/13 with payload size: 91 at 2024-12-11 10:05:13.417757 sent 2024-12-11 10:05:13.342678
INFO:Message received on topic: type-2/13 with payload size: 91 at 2024-12-11 10:05:16.029567 sent 2024-12-11 10:05:15.954062
INFO:Message received on topic: type-2/13 with payload size: 91 at 2024-12-11 10:05:18.626257 sent 2024-12-11 10:05:18.572404
INFO:Message received on topic: type-2/13 with payload size: 91 at 2024-12-11 10:05:21.316416 sent 2024-12-11 10:05:21.186831
INFO:Message received on topic: type-2/13 with payload size: 91 at 2024-12-11 10:05:23.827635 sent 2024-12-11 10:05:23.798819
INFO:Message received on topic: type-2/13 with payload size: 91 at 2024-12-11 10:05:26.572628 sent 2024-12-11 10:05:26.408583
INFO:Message received on topic: type-2/13 with payload size: 91 at 2024-12-11 10:05:29.126929 sent 2024-12-11 10:05:29.024796
INFO:Message received on topic: type-2/13 with payload size: 91 at 2024-12-11 10:05:31.749434 sent 2024-12-11 10:05:31.641235
INFO:Message received on topic: type-2/13 with payload size: 91 at 2024-12-11 10:05:34.325106 sent 2024-12-11 10:05:34.252203
INFO:Message received on topic: type-2/13 with payload size: 91 at 2024-12-11 10:05:36.916011 sent 2024-12-11 10:05:36.856606
INFO:Message received on topic: type-2/13 with payload size: 91 at 2024-12-11 10:05:39.577888 sent 2024-12-11 10:05:39.462484
INFO:Message received on topic: type-2/13 with payload size: 91 at 2024-12-11 10:05:42.179030 sent 2024-12-11 10:05:42.074534
INFO:Message received on topic: type-2/13 with payload size: 91 at 2024-12-11 10:05:44.741817 sent 2024-12-11 10:05:44.683108
INFO:Message received on topic: type-2/13 with payload size: 91 at 2024-12-11 10:05:47.327648 sent 2024-12-11 10:05:47.296545
INFO:Message received on topic: type-2/13 with payload size: 91 at 2024-12-11 10:05:49.972775 sent 2024-12-11 10:05:49.906611
INFO:Message received on topic: type-2/13 with payload size: 91 at 2024-12-11 10:05:52.579922 sent 2024-12-11 10:05:52.526085
INFO:Message received on topic: type-2/13 with payload size: 91 at 2024-12-11 10:05:55.223297 sent 2024-12-11 10:05:55.141103
INFO:Message received on topic: type-2/13 with payload size: 91 at 2024-12-11 10:05:57.833778 sent 2024-12-11 10:05:57.754818
INFO:Message received on topic: type-2/13 with payload size: 91 at 2024-12-11 10:06:00.425081 sent 2024-12-11 10:06:00.372217
INFO:Message received on topic: type-2/13 with payload size: 91 at 2024-12-11 10:06:03.038426 sent 2024-12-11 10:06:02.982455
INFO:Message received on topic: type-2/13 with payload size: 91 at 2024-12-11 10:06:05.716495 sent 2024-12-11 10:06:05.596250
INFO:Message received on topic: type-2/13 with payload size: 91 at 2024-12-11 10:06:08.277545 sent 2024-12-11 10:06:08.204517
INFO:Message received on topic: type-2/13 with payload size: 91 at 2024-12-11 10:06:10.875816 sent 2024-12-11 10:06:10.815097
INFO:Message received on topic: type-2/13 with payload size: 91 at 2024-12-11 10:06:13.473658 sent 2024-12-11 10:06:13.435051
INFO:Message received on topic: type-2/13 with payload size: 91 at 2024-12-11 10:06:16.130473 sent 2024-12-11 10:06:16.044657
INFO:Message received on topic: type-2/13 with payload size: 91 at 2024-12-11 10:06:18.823231 sent 2024-12-11 10:06:18.653892
INFO:Message received on topic: type-2/13 with payload size: 91 at 2024-12-11 10:06:21.380709 sent 2024-12-11 10:06:21.260126
INFO:Message received on topic: type-2/13 with payload size: 91 at 2024-12-11 10:06:24.112407 sent 2024-12-11 10:06:23.881457
INFO:Message received on topic: type-2/13 with payload size: 91 at 2024-12-11 10:06:26.534251 sent 2024-12-11 10:06:26.499285
INFO:Message received on topic: type-2/13 with payload size: 91 at 2024-12-11 10:06:29.146773 sent 2024-12-11 10:06:29.106175
INFO:Message received on topic: type-2/13 with payload size: 91 at 2024-12-11 10:06:31.736159 sent 2024-12-11 10:06:31.722617
INFO:Message received on topic: type-2/13 with payload size: 91 at 2024-12-11 10:06:34.415113 sent 2024-12-11 10:06:34.329118
INFO:Message received on topic: type-2/13 with payload size: 91 at 2024-12-11 10:06:37.077003 sent 2024-12-11 10:06:36.946796
INFO:Message received on topic: type-2/13 with payload size: 91 at 2024-12-11 10:06:39.629449 sent 2024-12-11 10:06:39.559437
INFO:Message received on topic: type-2/13 with payload size: 91 at 2024-12-11 10:06:42.240742 sent 2024-12-11 10:06:42.177938
INFO:Message received on topic: type-2/13 with payload size: 91 at 2024-12-11 10:06:44.924736 sent 2024-12-11 10:06:44.792567
INFO:Message received on topic: type-2/13 with payload size: 91 at 2024-12-11 10:06:47.517287 sent 2024-12-11 10:06:47.398703
INFO:Message received on topic: type-2/13 with payload size: 91 at 2024-12-11 10:06:50.039641 sent 2024-12-11 10:06:50.010621
INFO:Message received on topic: type-2/13 with payload size: 91 at 2024-12-11 10:06:52.642755 sent 2024-12-11 10:06:52.617125
INFO:Message received on topic: type-2/13 with payload size: 91 at 2024-12-11 10:06:55.329617 sent 2024-12-11 10:06:55.232027
INFO:Message received on topic: type-2/13 with payload size: 91 at 2024-12-11 10:06:57.976627 sent 2024-12-11 10:06:57.854197
INFO:Message received on topic: type-2/13 with payload size: 91 at 2024-12-11 10:07:00.518994 sent 2024-12-11 10:07:00.463663
INFO:Message received on topic: type-2/13 with payload size: 91 at 2024-12-11 10:07:03.133723 sent 2024-12-11 10:07:03.083054
INFO:Message received on topic: type-2/13 with payload size: 91 at 2024-12-11 10:07:05.728151 sent 2024-12-11 10:07:05.698992
INFO:Message received on topic: type-2/13 with payload size: 91 at 2024-12-11 10:07:08.417819 sent 2024-12-11 10:07:08.308189
INFO:Message received on topic: type-2/13 with payload size: 91 at 2024-12-11 10:07:10.948996 sent 2024-12-11 10:07:10.924789
INFO:Message received on topic: type-2/13 with payload size: 91 at 2024-12-11 10:07:13.643506 sent 2024-12-11 10:07:13.536626
INFO:Message received on topic: type-2/13 with payload size: 91 at 2024-12-11 10:07:16.227310 sent 2024-12-11 10:07:16.147837
INFO:Message received on topic: type-2/13 with payload size: 91 at 2024-12-11 10:07:18.872871 sent 2024-12-11 10:07:18.754934
INFO:Message received on topic: type-2/13 with payload size: 91 at 2024-12-11 10:07:21.435115 sent 2024-12-11 10:07:21.365489
INFO:Message received on topic: type-2/13 with payload size: 91 at 2024-12-11 10:07:24.026311 sent 2024-12-11 10:07:23.980022
INFO:Message received on topic: type-2/13 with payload size: 91 at 2024-12-11 10:07:26.621060 sent 2024-12-11 10:07:26.587617
INFO:Message received on topic: type-2/13 with payload size: 91 at 2024-12-11 10:07:29.233992 sent 2024-12-11 10:07:29.197938
INFO:Message received on topic: type-2/13 with payload size: 91 at 2024-12-11 10:07:31.919044 sent 2024-12-11 10:07:31.807318
INFO:Message received on topic: type-2/13 with payload size: 91 at 2024-12-11 10:07:34.537230 sent 2024-12-11 10:07:34.421849
INFO:Message received on topic: type-2/13 with payload size: 91 at 2024-12-11 10:07:37.078100 sent 2024-12-11 10:07:37.029576
INFO:Message received on topic: type-2/13 with payload size: 91 at 2024-12-11 10:07:39.736001 sent 2024-12-11 10:07:39.637703
INFO:Message received on topic: type-2/13 with payload size: 91 at 2024-12-11 10:07:42.332377 sent 2024-12-11 10:07:42.249087
INFO:Message received on topic: type-2/13 with payload size: 91 at 2024-12-11 10:07:44.921779 sent 2024-12-11 10:07:44.857716
INFO:Message received on topic: type-2/13 with payload size: 91 at 2024-12-11 10:07:47.521999 sent 2024-12-11 10:07:47.471502
INFO:Message received on topic: type-2/13 with payload size: 91 at 2024-12-11 10:07:50.171100 sent 2024-12-11 10:07:50.078056
INFO:Message received on topic: type-2/13 with payload size: 91 at 2024-12-11 10:07:52.726301 sent 2024-12-11 10:07:52.687803
INFO:Message received on topic: type-2/13 with payload size: 91 at 2024-12-11 10:07:55.417773 sent 2024-12-11 10:07:55.293825
INFO:Message received on topic: type-2/13 with payload size: 91 at 2024-12-11 10:07:57.930887 sent 2024-12-11 10:07:57.900391
INFO:Message received on topic: type-2/13 with payload size: 91 at 2024-12-11 10:08:00.581008 sent 2024-12-11 10:08:00.509943
INFO:Message received on topic: type-2/13 with payload size: 91 at 2024-12-11 10:08:03.132632 sent 2024-12-11 10:08:03.117286
INFO:Message received on topic: type-2/13 with payload size: 91 at 2024-12-11 10:08:05.832167 sent 2024-12-11 10:08:05.732699
INFO:Message received on topic: type-2/13 with payload size: 91 at 2024-12-11 10:08:08.417642 sent 2024-12-11 10:08:08.342969
INFO:Message received on topic: type-2/13 with payload size: 91 at 2024-12-11 10:08:11.082660 sent 2024-12-11 10:08:10.950886
INFO:Message received on topic: type-2/13 with payload size: 91 at 2024-12-11 10:08:13.615057 sent 2024-12-11 10:08:13.558715
INFO:Message received on topic: type-2/13 with payload size: 91 at 2024-12-11 10:08:16.220981 sent 2024-12-11 10:08:16.161701
INFO:Message received on topic: type-2/13 with payload size: 91 at 2024-12-11 10:08:18.829072 sent 2024-12-11 10:08:18.772047
INFO:Message received on topic: type-2/13 with payload size: 91 at 2024-12-11 10:08:21.471010 sent 2024-12-11 10:08:21.384647
INFO:Message received on topic: type-2/13 with payload size: 91 at 2024-12-11 10:08:24.073593 sent 2024-12-11 10:08:23.991434
INFO:Message received on topic: type-2/13 with payload size: 91 at 2024-12-11 10:08:26.673985 sent 2024-12-11 10:08:26.599672
