INFO:Starting Version 1.0.5
DEBUG:Using selector: EpollSelector
INFO:Connecting to cluster at: mqtt-quic://emqx-headless.dtwins:14567 using QUIC
INFO:Subscribed to topic: type-2/29
INFO:Logging each: 50
INFO:Unhandled packet type received
INFO:Message received on topic: type-2/29 with payload size: 91 at 2024-12-11 10:00:51.816742 sent 2024-12-11 10:00:51.779093
INFO:Message received on topic: type-2/29 with payload size: 91 at 2024-12-11 10:00:54.420855 sent 2024-12-11 10:00:54.383823
INFO:Message received on topic: type-2/29 with payload size: 91 at 2024-12-11 10:00:57.029259 sent 2024-12-11 10:00:56.985500
INFO:Message received on topic: type-2/29 with payload size: 91 at 2024-12-11 10:00:59.619809 sent 2024-12-11 10:00:59.590521
INFO:Message received on topic: type-2/29 with payload size: 91 at 2024-12-11 10:01:02.222227 sent 2024-12-11 10:01:02.194561
INFO:Message received on topic: type-2/29 with payload size: 91 at 2024-12-11 10:01:04.827506 sent 2024-12-11 10:01:04.804716
INFO:Message received on topic: type-2/29 with payload size: 91 at 2024-12-11 10:01:07.439473 sent 2024-12-11 10:01:07.414853
INFO:Message received on topic: type-2/29 with payload size: 91 at 2024-12-11 10:01:10.081833 sent 2024-12-11 10:01:10.020206
INFO:Message received on topic: type-2/29 with payload size: 91 at 2024-12-11 10:01:12.682182 sent 2024-12-11 10:01:12.629787
INFO:Message received on topic: type-2/29 with payload size: 91 at 2024-12-11 10:01:15.247437 sent 2024-12-11 10:01:15.238672
INFO:Message received on topic: type-2/29 with payload size: 91 at 2024-12-11 10:01:17.925958 sent 2024-12-11 10:01:17.841133
INFO:Message received on topic: type-2/29 with payload size: 91 at 2024-12-11 10:01:20.482156 sent 2024-12-11 10:01:20.448665
INFO:Message received on topic: type-2/29 with payload size: 91 at 2024-12-11 10:01:23.111349 sent 2024-12-11 10:01:23.060928
INFO:Message received on topic: type-2/29 with payload size: 91 at 2024-12-11 10:01:25.682550 sent 2024-12-11 10:01:25.666254
INFO:Message received on topic: type-2/29 with payload size: 91 at 2024-12-11 10:01:28.314428 sent 2024-12-11 10:01:28.277303
INFO:Message received on topic: type-2/29 with payload size: 91 at 2024-12-11 10:01:30.924479 sent 2024-12-11 10:01:30.889395
INFO:Message received on topic: type-2/29 with payload size: 91 at 2024-12-11 10:01:33.523213 sent 2024-12-11 10:01:33.496261
INFO:Message received on topic: type-2/29 with payload size: 91 at 2024-12-11 10:01:36.135615 sent 2024-12-11 10:01:36.102623
INFO:Message received on topic: type-2/29 with payload size: 91 at 2024-12-11 10:01:38.778191 sent 2024-12-11 10:01:38.715196
INFO:Message received on topic: type-2/29 with payload size: 91 at 2024-12-11 10:01:41.335203 sent 2024-12-11 10:01:41.329376
INFO:Message received on topic: type-2/29 with payload size: 91 at 2024-12-11 10:01:43.983276 sent 2024-12-11 10:01:43.945245
INFO:Message received on topic: type-2/29 with payload size: 91 at 2024-12-11 10:01:46.580532 sent 2024-12-11 10:01:46.554716
INFO:Message received on topic: type-2/29 with payload size: 91 at 2024-12-11 10:01:49.216197 sent 2024-12-11 10:01:49.160775
INFO:Message received on topic: type-2/29 with payload size: 91 at 2024-12-11 10:01:51.823559 sent 2024-12-11 10:01:51.774789
INFO:Message received on topic: type-2/29 with payload size: 91 at 2024-12-11 10:01:54.522987 sent 2024-12-11 10:01:54.395903
INFO:Message received on topic: type-2/29 with payload size: 91 at 2024-12-11 10:01:57.033478 sent 2024-12-11 10:01:57.004520
INFO:Message received on topic: type-2/29 with payload size: 91 at 2024-12-11 10:01:59.629902 sent 2024-12-11 10:01:59.613456
INFO:Message received on topic: type-2/29 with payload size: 91 at 2024-12-11 10:02:02.235146 sent 2024-12-11 10:02:02.225720
INFO:Message received on topic: type-2/29 with payload size: 91 at 2024-12-11 10:02:04.878737 sent 2024-12-11 10:02:04.834077
INFO:Message received on topic: type-2/29 with payload size: 91 at 2024-12-11 10:02:07.517223 sent 2024-12-11 10:02:07.445026
INFO:Message received on topic: type-2/29 with payload size: 91 at 2024-12-11 10:02:10.081565 sent 2024-12-11 10:02:10.055708
INFO:Message received on topic: type-2/29 with payload size: 91 at 2024-12-11 10:02:12.713165 sent 2024-12-11 10:02:12.663311
INFO:Message received on topic: type-2/29 with payload size: 91 at 2024-12-11 10:02:15.315666 sent 2024-12-11 10:02:15.275078
INFO:Message received on topic: type-2/29 with payload size: 91 at 2024-12-11 10:02:17.928264 sent 2024-12-11 10:02:17.885580
INFO:Message received on topic: type-2/29 with payload size: 91 at 2024-12-11 10:02:20.540449 sent 2024-12-11 10:02:20.497472
INFO:Message received on topic: type-2/29 with payload size: 91 at 2024-12-11 10:02:23.134803 sent 2024-12-11 10:02:23.109373
INFO:Message received on topic: type-2/29 with payload size: 91 at 2024-12-11 10:02:25.741265 sent 2024-12-11 10:02:25.716866
INFO:Message received on topic: type-2/29 with payload size: 91 at 2024-12-11 10:02:28.372058 sent 2024-12-11 10:02:28.331543
INFO:Message received on topic: type-2/29 with payload size: 91 at 2024-12-11 10:02:30.978254 sent 2024-12-11 10:02:30.943057
INFO:Message received on topic: type-2/29 with payload size: 91 at 2024-12-11 10:02:33.616036 sent 2024-12-11 10:02:33.560887
INFO:Message received on topic: type-2/29 with payload size: 91 at 2024-12-11 10:02:36.311199 sent 2024-12-11 10:02:36.173640
INFO:Message received on topic: type-2/29 with payload size: 91 at 2024-12-11 10:02:38.829476 sent 2024-12-11 10:02:38.785930
INFO:Message received on topic: type-2/29 with payload size: 91 at 2024-12-11 10:02:41.428807 sent 2024-12-11 10:02:41.394121
INFO:Message received on topic: type-2/29 with payload size: 91 at 2024-12-11 10:02:44.035565 sent 2024-12-11 10:02:44.007573
INFO:Message received on topic: type-2/29 with payload size: 91 at 2024-12-11 10:02:46.632700 sent 2024-12-11 10:02:46.613783
INFO:Message received on topic: type-2/29 with payload size: 91 at 2024-12-11 10:02:49.245905 sent 2024-12-11 10:02:49.225852
INFO:Message received on topic: type-2/29 with payload size: 91 at 2024-12-11 10:02:51.915553 sent 2024-12-11 10:02:51.840718
INFO:Message received on topic: type-2/29 with payload size: 91 at 2024-12-11 10:02:54.486626 sent 2024-12-11 10:02:54.453707
INFO:Message received on topic: type-2/29 with payload size: 91 at 2024-12-11 10:02:57.134809 sent 2024-12-11 10:02:57.059728
INFO:Message received on topic: type-2/29 with payload size: 91 at 2024-12-11 10:02:59.737731 sent 2024-12-11 10:02:59.676455
INFO:Message received on topic: type-2/29 with payload size: 91 at 2024-12-11 10:03:02.323845 sent 2024-12-11 10:03:02.287648
INFO:Message received on topic: type-2/29 with payload size: 91 at 2024-12-11 10:03:04.978951 sent 2024-12-11 10:03:04.902012
INFO:Message received on topic: type-2/29 with payload size: 91 at 2024-12-11 10:03:07.580431 sent 2024-12-11 10:03:07.524763
INFO:Message received on topic: type-2/29 with payload size: 91 at 2024-12-11 10:03:10.230913 sent 2024-12-11 10:03:10.140427
INFO:Message received on topic: type-2/29 with payload size: 91 at 2024-12-11 10:03:12.815211 sent 2024-12-11 10:03:12.748529
INFO:Message received on topic: type-2/29 with payload size: 91 at 2024-12-11 10:03:15.434632 sent 2024-12-11 10:03:15.352226
INFO:Message received on topic: type-2/29 with payload size: 91 at 2024-12-11 10:03:18.014437 sent 2024-12-11 10:03:17.964008
INFO:Message received on topic: type-2/29 with payload size: 91 at 2024-12-11 10:03:20.672231 sent 2024-12-11 10:03:20.581852
INFO:Message received on topic: type-2/29 with payload size: 91 at 2024-12-11 10:03:23.242658 sent 2024-12-11 10:03:23.173885
INFO:Message received on topic: type-2/29 with payload size: 91 at 2024-12-11 10:03:25.820244 sent 2024-12-11 10:03:25.760182
INFO:Message received on topic: type-2/29 with payload size: 91 at 2024-12-11 10:03:28.432071 sent 2024-12-11 10:03:28.353491
INFO:Message received on topic: type-2/29 with payload size: 91 at 2024-12-11 10:03:31.015620 sent 2024-12-11 10:03:30.940144
INFO:Message received on topic: type-2/29 with payload size: 91 at 2024-12-11 10:03:33.627971 sent 2024-12-11 10:03:33.551915
INFO:Message received on topic: type-2/29 with payload size: 91 at 2024-12-11 10:03:36.278870 sent 2024-12-11 10:03:36.164861
INFO:Message received on topic: type-2/29 with payload size: 91 at 2024-12-11 10:03:38.913620 sent 2024-12-11 10:03:38.784704
INFO:Message received on topic: type-2/29 with payload size: 91 at 2024-12-11 10:03:41.512651 sent 2024-12-11 10:03:41.393233
INFO:Message received on topic: type-2/29 with payload size: 91 at 2024-12-11 10:03:44.042664 sent 2024-12-11 10:03:44.003084
INFO:Message received on topic: type-2/29 with payload size: 91 at 2024-12-11 10:03:46.638984 sent 2024-12-11 10:03:46.620805
INFO:Message received on topic: type-2/29 with payload size: 91 at 2024-12-11 10:03:49.415673 sent 2024-12-11 10:03:49.231177
INFO:Message received on topic: type-2/29 with payload size: 91 at 2024-12-11 10:03:51.970485 sent 2024-12-11 10:03:51.844177
INFO:Message received on topic: type-2/29 with payload size: 91 at 2024-12-11 10:03:54.530658 sent 2024-12-11 10:03:54.458065
INFO:Message received on topic: type-2/29 with payload size: 91 at 2024-12-11 10:03:57.131809 sent 2024-12-11 10:03:57.067520
INFO:Message received on topic: type-2/29 with payload size: 91 at 2024-12-11 10:03:59.748783 sent 2024-12-11 10:03:59.681130
INFO:Message received on topic: type-2/29 with payload size: 91 at 2024-12-11 10:04:02.327206 sent 2024-12-11 10:04:02.288945
INFO:Message received on topic: type-2/29 with payload size: 91 at 2024-12-11 10:04:04.933762 sent 2024-12-11 10:04:04.897775
INFO:Message received on topic: type-2/29 with payload size: 91 at 2024-12-11 10:04:07.542556 sent 2024-12-11 10:04:07.513770
INFO:Message received on topic: type-2/29 with payload size: 91 at 2024-12-11 10:04:10.218920 sent 2024-12-11 10:04:10.122232
INFO:Message received on topic: type-2/29 with payload size: 91 at 2024-12-11 10:04:12.818235 sent 2024-12-11 10:04:12.738115
INFO:Message received on topic: type-2/29 with payload size: 91 at 2024-12-11 10:04:15.428855 sent 2024-12-11 10:04:15.353763
INFO:Message received on topic: type-2/29 with payload size: 91 at 2024-12-11 10:04:18.045431 sent 2024-12-11 10:04:17.961072
INFO:Message received on topic: type-2/29 with payload size: 91 at 2024-12-11 10:04:20.624444 sent 2024-12-11 10:04:20.584297
INFO:Message received on topic: type-2/29 with payload size: 91 at 2024-12-11 10:04:23.273576 sent 2024-12-11 10:04:23.200197
INFO:Message received on topic: type-2/29 with payload size: 91 at 2024-12-11 10:04:25.873170 sent 2024-12-11 10:04:25.807617
INFO:Message received on topic: type-2/29 with payload size: 91 at 2024-12-11 10:04:28.443007 sent 2024-12-11 10:04:28.426746
INFO:Message received on topic: type-2/29 with payload size: 91 at 2024-12-11 10:04:31.113670 sent 2024-12-11 10:04:31.041992
INFO:Message received on topic: type-2/29 with payload size: 91 at 2024-12-11 10:04:33.732670 sent 2024-12-11 10:04:33.654998
INFO:Message received on topic: type-2/29 with payload size: 91 at 2024-12-11 10:04:36.326022 sent 2024-12-11 10:04:36.271887
INFO:Message received on topic: type-2/29 with payload size: 91 at 2024-12-11 10:04:38.933772 sent 2024-12-11 10:04:38.889872
INFO:Message received on topic: type-2/29 with payload size: 91 at 2024-12-11 10:04:41.571768 sent 2024-12-11 10:04:41.501175
INFO:Message received on topic: type-2/29 with payload size: 91 at 2024-12-11 10:04:44.316062 sent 2024-12-11 10:04:44.108845
INFO:Message received on topic: type-2/29 with payload size: 91 at 2024-12-11 10:04:46.739276 sent 2024-12-11 10:04:46.718365
INFO:Message received on topic: type-2/29 with payload size: 91 at 2024-12-11 10:04:49.425215 sent 2024-12-11 10:04:49.331930
INFO:Message received on topic: type-2/29 with payload size: 91 at 2024-12-11 10:04:52.033641 sent 2024-12-11 10:04:51.943754
INFO:Message received on topic: type-2/29 with payload size: 91 at 2024-12-11 10:04:54.644804 sent 2024-12-11 10:04:54.551345
INFO:Message received on topic: type-2/29 with payload size: 91 at 2024-12-11 10:04:57.220274 sent 2024-12-11 10:04:57.156612
INFO:Message received on topic: type-2/29 with payload size: 91 at 2024-12-11 10:04:59.837935 sent 2024-12-11 10:04:59.757749
INFO:Message received on topic: type-2/29 with payload size: 91 at 2024-12-11 10:05:02.419075 sent 2024-12-11 10:05:02.371411
INFO:Message received on topic: type-2/29 with payload size: 91 at 2024-12-11 10:05:05.026653 sent 2024-12-11 10:05:04.983921
INFO:Message received on topic: type-2/29 with payload size: 91 at 2024-12-11 10:05:07.626883 sent 2024-12-11 10:05:07.592690
INFO:Message received on topic: type-2/29 with payload size: 91 at 2024-12-11 10:05:10.273275 sent 2024-12-11 10:05:10.200527
INFO:Message received on topic: type-2/29 with payload size: 91 at 2024-12-11 10:05:12.828895 sent 2024-12-11 10:05:12.810289
INFO:Message received on topic: type-2/29 with payload size: 91 at 2024-12-11 10:05:15.476970 sent 2024-12-11 10:05:15.427031
INFO:Message received on topic: type-2/29 with payload size: 91 at 2024-12-11 10:05:18.121625 sent 2024-12-11 10:05:18.035934
INFO:Message received on topic: type-2/29 with payload size: 91 at 2024-12-11 10:05:20.721843 sent 2024-12-11 10:05:20.652502
INFO:Message received on topic: type-2/29 with payload size: 91 at 2024-12-11 10:05:23.283453 sent 2024-12-11 10:05:23.259456
INFO:Message received on topic: type-2/29 with payload size: 91 at 2024-12-11 10:05:25.926374 sent 2024-12-11 10:05:25.868087
INFO:Message received on topic: type-2/29 with payload size: 91 at 2024-12-11 10:05:28.536111 sent 2024-12-11 10:05:28.484144
INFO:Message received on topic: type-2/29 with payload size: 91 at 2024-12-11 10:05:31.134320 sent 2024-12-11 10:05:31.096931
INFO:Message received on topic: type-2/29 with payload size: 91 at 2024-12-11 10:05:33.775934 sent 2024-12-11 10:05:33.711647
INFO:Message received on topic: type-2/29 with payload size: 91 at 2024-12-11 10:05:36.415620 sent 2024-12-11 10:05:36.328936
INFO:Message received on topic: type-2/29 with payload size: 91 at 2024-12-11 10:05:39.039233 sent 2024-12-11 10:05:38.938960
INFO:Message received on topic: type-2/29 with payload size: 91 at 2024-12-11 10:05:41.777022 sent 2024-12-11 10:05:41.553876
INFO:Message received on topic: type-2/29 with payload size: 91 at 2024-12-11 10:05:44.222461 sent 2024-12-11 10:05:44.166779
INFO:Message received on topic: type-2/29 with payload size: 91 at 2024-12-11 10:05:46.841831 sent 2024-12-11 10:05:46.776073
INFO:Message received on topic: type-2/29 with payload size: 91 at 2024-12-11 10:05:49.442305 sent 2024-12-11 10:05:49.389774
INFO:Message received on topic: type-2/29 with payload size: 91 at 2024-12-11 10:05:52.117009 sent 2024-12-11 10:05:52.001271
INFO:Message received on topic: type-2/29 with payload size: 91 at 2024-12-11 10:05:54.653603 sent 2024-12-11 10:05:54.613082
INFO:Message received on topic: type-2/29 with payload size: 91 at 2024-12-11 10:05:57.317542 sent 2024-12-11 10:05:57.220877
INFO:Message received on topic: type-2/29 with payload size: 91 at 2024-12-11 10:05:59.916436 sent 2024-12-11 10:05:59.830721
INFO:Message received on topic: type-2/29 with payload size: 91 at 2024-12-11 10:06:02.475906 sent 2024-12-11 10:06:02.440380
INFO:Message received on topic: type-2/29 with payload size: 91 at 2024-12-11 10:06:05.131438 sent 2024-12-11 10:06:05.049413
INFO:Message received on topic: type-2/29 with payload size: 91 at 2024-12-11 10:06:07.772118 sent 2024-12-11 10:06:07.658745
INFO:Message received on topic: type-2/29 with payload size: 91 at 2024-12-11 10:06:10.377803 sent 2024-12-11 10:06:10.272625
INFO:Message received on topic: type-2/29 with payload size: 91 at 2024-12-11 10:06:12.980393 sent 2024-12-11 10:06:12.889523
INFO:Message received on topic: type-2/29 with payload size: 91 at 2024-12-11 10:06:15.577952 sent 2024-12-11 10:06:15.504907
INFO:Message received on topic: type-2/29 with payload size: 91 at 2024-12-11 10:06:18.173853 sent 2024-12-11 10:06:18.120030
INFO:Message received on topic: type-2/29 with payload size: 91 at 2024-12-11 10:06:20.812462 sent 2024-12-11 10:06:20.734646
INFO:Message received on topic: type-2/29 with payload size: 91 at 2024-12-11 10:06:23.713753 sent 2024-12-11 10:06:23.344962
INFO:Message received on topic: type-2/29 with payload size: 91 at 2024-12-11 10:06:26.118094 sent 2024-12-11 10:06:25.953890
INFO:Message received on topic: type-2/29 with payload size: 91 at 2024-12-11 10:06:28.673741 sent 2024-12-11 10:06:28.564234
INFO:Message received on topic: type-2/29 with payload size: 91 at 2024-12-11 10:06:31.277191 sent 2024-12-11 10:06:31.175558
INFO:Message received on topic: type-2/29 with payload size: 91 at 2024-12-11 10:06:33.919242 sent 2024-12-11 10:06:33.788628
INFO:Message received on topic: type-2/29 with payload size: 91 at 2024-12-11 10:06:36.512650 sent 2024-12-11 10:06:36.400135
INFO:Message received on topic: type-2/29 with payload size: 91 at 2024-12-11 10:06:39.147550 sent 2024-12-11 10:06:39.008086
INFO:Message received on topic: type-2/29 with payload size: 91 at 2024-12-11 10:06:41.713285 sent 2024-12-11 10:06:41.617093
INFO:Message received on topic: type-2/29 with payload size: 91 at 2024-12-11 10:06:44.332948 sent 2024-12-11 10:06:44.238686
INFO:Message received on topic: type-2/29 with payload size: 91 at 2024-12-11 10:06:46.976710 sent 2024-12-11 10:06:46.844383
INFO:Message received on topic: type-2/29 with payload size: 91 at 2024-12-11 10:06:49.526221 sent 2024-12-11 10:06:49.451570
INFO:Message received on topic: type-2/29 with payload size: 91 at 2024-12-11 10:06:52.212553 sent 2024-12-11 10:06:52.064713
INFO:Message received on topic: type-2/29 with payload size: 91 at 2024-12-11 10:06:54.777151 sent 2024-12-11 10:06:54.671457
INFO:Message received on topic: type-2/29 with payload size: 91 at 2024-12-11 10:06:57.375882 sent 2024-12-11 10:06:57.290945
INFO:Message received on topic: type-2/29 with payload size: 91 at 2024-12-11 10:06:59.975781 sent 2024-12-11 10:06:59.899657
INFO:Message received on topic: type-2/29 with payload size: 91 at 2024-12-11 10:07:02.626698 sent 2024-12-11 10:07:02.510704
INFO:Message received on topic: type-2/29 with payload size: 91 at 2024-12-11 10:07:05.221598 sent 2024-12-11 10:07:05.125400
INFO:Message received on topic: type-2/29 with payload size: 91 at 2024-12-11 10:07:07.830862 sent 2024-12-11 10:07:07.737203
INFO:Message received on topic: type-2/29 with payload size: 91 at 2024-12-11 10:07:10.444068 sent 2024-12-11 10:07:10.355290
INFO:Message received on topic: type-2/29 with payload size: 91 at 2024-12-11 10:07:13.039197 sent 2024-12-11 10:07:12.963568
INFO:Message received on topic: type-2/29 with payload size: 91 at 2024-12-11 10:07:15.631845 sent 2024-12-11 10:07:15.574212
INFO:Message received on topic: type-2/29 with payload size: 91 at 2024-12-11 10:07:18.317546 sent 2024-12-11 10:07:18.184025
INFO:Message received on topic: type-2/29 with payload size: 91 at 2024-12-11 10:07:20.919538 sent 2024-12-11 10:07:20.798992
INFO:Message received on topic: type-2/29 with payload size: 91 at 2024-12-11 10:07:23.541941 sent 2024-12-11 10:07:23.406941
INFO:Message received on topic: type-2/29 with payload size: 91 at 2024-12-11 10:07:26.074945 sent 2024-12-11 10:07:26.015191
INFO:Message received on topic: type-2/29 with payload size: 91 at 2024-12-11 10:07:28.726446 sent 2024-12-11 10:07:28.629953
INFO:Message received on topic: type-2/29 with payload size: 91 at 2024-12-11 10:07:31.322817 sent 2024-12-11 10:07:31.243486
INFO:Message received on topic: type-2/29 with payload size: 91 at 2024-12-11 10:07:33.931239 sent 2024-12-11 10:07:33.853240
INFO:Message received on topic: type-2/29 with payload size: 91 at 2024-12-11 10:07:36.532100 sent 2024-12-11 10:07:36.463783
INFO:Message received on topic: type-2/29 with payload size: 91 at 2024-12-11 10:07:39.173891 sent 2024-12-11 10:07:39.083083
INFO:Message received on topic: type-2/29 with payload size: 91 at 2024-12-11 10:07:41.728744 sent 2024-12-11 10:07:41.687188
INFO:Message received on topic: type-2/29 with payload size: 91 at 2024-12-11 10:07:44.374501 sent 2024-12-11 10:07:44.295581
INFO:Message received on topic: type-2/29 with payload size: 91 at 2024-12-11 10:07:46.975015 sent 2024-12-11 10:07:46.908629
INFO:Message received on topic: type-2/29 with payload size: 91 at 2024-12-11 10:07:49.571709 sent 2024-12-11 10:07:49.516465
INFO:Message received on topic: type-2/29 with payload size: 91 at 2024-12-11 10:07:52.280183 sent 2024-12-11 10:07:52.126027
INFO:Message received on topic: type-2/29 with payload size: 91 at 2024-12-11 10:07:54.813138 sent 2024-12-11 10:07:54.731459
INFO:Message received on topic: type-2/29 with payload size: 91 at 2024-12-11 10:07:57.419315 sent 2024-12-11 10:07:57.340211
INFO:Message received on topic: type-2/29 with payload size: 91 at 2024-12-11 10:08:00.038489 sent 2024-12-11 10:07:59.949500
INFO:Message received on topic: type-2/29 with payload size: 91 at 2024-12-11 10:08:02.679827 sent 2024-12-11 10:08:02.562665
INFO:Message received on topic: type-2/29 with payload size: 91 at 2024-12-11 10:08:05.213451 sent 2024-12-11 10:08:05.169444
INFO:Message received on topic: type-2/29 with payload size: 91 at 2024-12-11 10:08:07.829262 sent 2024-12-11 10:08:07.787205
INFO:Message received on topic: type-2/29 with payload size: 91 at 2024-12-11 10:08:10.477001 sent 2024-12-11 10:08:10.396921
INFO:Message received on topic: type-2/29 with payload size: 91 at 2024-12-11 10:08:13.118155 sent 2024-12-11 10:08:13.006862
INFO:Message received on topic: type-2/29 with payload size: 91 at 2024-12-11 10:08:15.672810 sent 2024-12-11 10:08:15.618304
INFO:Message received on topic: type-2/29 with payload size: 91 at 2024-12-11 10:08:18.315607 sent 2024-12-11 10:08:18.223713
INFO:Message received on topic: type-2/29 with payload size: 91 at 2024-12-11 10:08:20.921753 sent 2024-12-11 10:08:20.833904
INFO:Message received on topic: type-2/29 with payload size: 91 at 2024-12-11 10:08:23.519311 sent 2024-12-11 10:08:23.449507
INFO:Message received on topic: type-2/29 with payload size: 91 at 2024-12-11 10:08:26.172850 sent 2024-12-11 10:08:26.055803
INFO:Message received on topic: type-2/29 with payload size: 91 at 2024-12-11 10:08:28.772633 sent 2024-12-11 10:08:28.663881
INFO:Message received on topic: type-2/29 with payload size: 91 at 2024-12-11 10:08:31.286939 sent 2024-12-11 10:08:31.273797
INFO:Message received on topic: type-2/29 with payload size: 91 at 2024-12-11 10:08:33.925319 sent 2024-12-11 10:08:33.883428
INFO:Message received on topic: type-2/29 with payload size: 91 at 2024-12-11 10:08:36.578623 sent 2024-12-11 10:08:36.488297
INFO:Message received on topic: type-2/29 with payload size: 91 at 2024-12-11 10:08:39.175974 sent 2024-12-11 10:08:39.094527
INFO:Message received on topic: type-2/29 with payload size: 91 at 2024-12-11 10:08:41.720164 sent 2024-12-11 10:08:41.699943
INFO:Message received on topic: type-2/29 with payload size: 91 at 2024-12-11 10:08:44.317552 sent 2024-12-11 10:08:44.304970
INFO:Message received on topic: type-2/29 with payload size: 91 at 2024-12-11 10:08:46.982062 sent 2024-12-11 10:08:46.906602
INFO:Message received on topic: type-2/29 with payload size: 91 at 2024-12-11 10:08:49.580715 sent 2024-12-11 10:08:49.511167
INFO:Message received on topic: type-2/29 with payload size: 91 at 2024-12-11 10:08:52.175855 sent 2024-12-11 10:08:52.116938
INFO:Message received on topic: type-2/29 with payload size: 91 at 2024-12-11 10:08:54.774972 sent 2024-12-11 10:08:54.721265
INFO:Message received on topic: type-2/29 with payload size: 91 at 2024-12-11 10:08:57.374839 sent 2024-12-11 10:08:57.329202
INFO:Message received on topic: type-2/29 with payload size: 91 at 2024-12-11 10:08:59.984414 sent 2024-12-11 10:08:59.938362
INFO:Message received on topic: type-2/29 with payload size: 91 at 2024-12-11 10:09:02.614618 sent 2024-12-11 10:09:02.547558
INFO:Message received on topic: type-2/29 with payload size: 91 at 2024-12-11 10:09:05.185860 sent 2024-12-11 10:09:05.159669
INFO:Message received on topic: type-2/29 with payload size: 91 at 2024-12-11 10:09:07.817422 sent 2024-12-11 10:09:07.768396
INFO:Message received on topic: type-2/29 with payload size: 91 at 2024-12-11 10:09:10.415436 sent 2024-12-11 10:09:10.376372
INFO:Message received on topic: type-2/29 with payload size: 91 at 2024-12-11 10:09:13.029128 sent 2024-12-11 10:09:12.980681
INFO:Message received on topic: type-2/29 with payload size: 91 at 2024-12-11 10:09:15.670640 sent 2024-12-11 10:09:15.591007
INFO:Message received on topic: type-2/29 with payload size: 91 at 2024-12-11 10:09:18.223797 sent 2024-12-11 10:09:18.196277
INFO:Message received on topic: type-2/29 with payload size: 91 at 2024-12-11 10:09:20.875925 sent 2024-12-11 10:09:20.801618
