INFO:Starting Version 1.0.5
DEBUG:Using selector: EpollSelector
INFO:Connecting to cluster at: mqtt-quic://emqx-headless.dtwins:14567 using QUIC
INFO:Subscribed to topic: type-2/16
INFO:Logging each: 50
INFO:Unhandled packet type received
INFO:Message received on topic: type-2/16 with payload size: 91 at 2024-12-11 10:00:09.615111 sent 2024-12-11 10:00:09.591226
INFO:Message received on topic: type-2/16 with payload size: 91 at 2024-12-11 10:00:12.214856 sent 2024-12-11 10:00:12.192489
INFO:Message received on topic: type-2/16 with payload size: 91 at 2024-12-11 10:00:14.817620 sent 2024-12-11 10:00:14.792985
INFO:Message received on topic: type-2/16 with payload size: 91 at 2024-12-11 10:00:17.413498 sent 2024-12-11 10:00:17.392273
INFO:Message received on topic: type-2/16 with payload size: 91 at 2024-12-11 10:00:20.022951 sent 2024-12-11 10:00:19.990675
INFO:Message received on topic: type-2/16 with payload size: 91 at 2024-12-11 10:00:22.614924 sent 2024-12-11 10:00:22.590255
INFO:Message received on topic: type-2/16 with payload size: 91 at 2024-12-11 10:00:25.222541 sent 2024-12-11 10:00:25.188737
INFO:Message received on topic: type-2/16 with payload size: 91 at 2024-12-11 10:00:27.815255 sent 2024-12-11 10:00:27.789522
INFO:Message received on topic: type-2/16 with payload size: 91 at 2024-12-11 10:00:30.415898 sent 2024-12-11 10:00:30.398591
INFO:Message received on topic: type-2/16 with payload size: 91 at 2024-12-11 10:00:33.021276 sent 2024-12-11 10:00:33.001749
INFO:Message received on topic: type-2/16 with payload size: 91 at 2024-12-11 10:00:35.618533 sent 2024-12-11 10:00:35.605797
INFO:Message received on topic: type-2/16 with payload size: 91 at 2024-12-11 10:00:38.223555 sent 2024-12-11 10:00:38.207538
INFO:Message received on topic: type-2/16 with payload size: 91 at 2024-12-11 10:00:40.822978 sent 2024-12-11 10:00:40.812406
INFO:Message received on topic: type-2/16 with payload size: 91 at 2024-12-11 10:00:43.421814 sent 2024-12-11 10:00:43.413869
INFO:Message received on topic: type-2/16 with payload size: 91 at 2024-12-11 10:00:46.031815 sent 2024-12-11 10:00:46.017265
INFO:Message received on topic: type-2/16 with payload size: 91 at 2024-12-11 10:00:48.675926 sent 2024-12-11 10:00:48.622068
INFO:Message received on topic: type-2/16 with payload size: 91 at 2024-12-11 10:00:51.233814 sent 2024-12-11 10:00:51.224074
INFO:Message received on topic: type-2/16 with payload size: 91 at 2024-12-11 10:00:53.831497 sent 2024-12-11 10:00:53.827852
INFO:Message received on topic: type-2/16 with payload size: 91 at 2024-12-11 10:00:56.478581 sent 2024-12-11 10:00:56.429478
INFO:Message received on topic: type-2/16 with payload size: 91 at 2024-12-11 10:00:59.076794 sent 2024-12-11 10:00:59.038736
INFO:Message received on topic: type-2/16 with payload size: 91 at 2024-12-11 10:01:01.678611 sent 2024-12-11 10:01:01.641525
INFO:Message received on topic: type-2/16 with payload size: 91 at 2024-12-11 10:01:04.280131 sent 2024-12-11 10:01:04.243652
INFO:Message received on topic: type-2/16 with payload size: 91 at 2024-12-11 10:01:06.926484 sent 2024-12-11 10:01:06.852353
INFO:Message received on topic: type-2/16 with payload size: 91 at 2024-12-11 10:01:09.523844 sent 2024-12-11 10:01:09.458547
INFO:Message received on topic: type-2/16 with payload size: 91 at 2024-12-11 10:01:12.121550 sent 2024-12-11 10:01:12.067313
INFO:Message received on topic: type-2/16 with payload size: 91 at 2024-12-11 10:01:14.717585 sent 2024-12-11 10:01:14.675228
INFO:Message received on topic: type-2/16 with payload size: 91 at 2024-12-11 10:01:17.322641 sent 2024-12-11 10:01:17.276853
INFO:Message received on topic: type-2/16 with payload size: 91 at 2024-12-11 10:01:19.938845 sent 2024-12-11 10:01:19.891582
INFO:Message received on topic: type-2/16 with payload size: 91 at 2024-12-11 10:01:22.524177 sent 2024-12-11 10:01:22.498105
INFO:Message received on topic: type-2/16 with payload size: 91 at 2024-12-11 10:01:25.120986 sent 2024-12-11 10:01:25.104154
INFO:Message received on topic: type-2/16 with payload size: 91 at 2024-12-11 10:01:27.723822 sent 2024-12-11 10:01:27.713317
INFO:Message received on topic: type-2/16 with payload size: 91 at 2024-12-11 10:01:30.335371 sent 2024-12-11 10:01:30.327750
INFO:Message received on topic: type-2/16 with payload size: 91 at 2024-12-11 10:01:32.985822 sent 2024-12-11 10:01:32.935548
INFO:Message received on topic: type-2/16 with payload size: 91 at 2024-12-11 10:01:35.617222 sent 2024-12-11 10:01:35.540922
INFO:Message received on topic: type-2/16 with payload size: 91 at 2024-12-11 10:01:38.213364 sent 2024-12-11 10:01:38.148825
INFO:Message received on topic: type-2/16 with payload size: 91 at 2024-12-11 10:01:40.786234 sent 2024-12-11 10:01:40.765512
INFO:Message received on topic: type-2/16 with payload size: 91 at 2024-12-11 10:01:43.425500 sent 2024-12-11 10:01:43.379895
INFO:Message received on topic: type-2/16 with payload size: 91 at 2024-12-11 10:01:46.076067 sent 2024-12-11 10:01:45.993500
INFO:Message received on topic: type-2/16 with payload size: 91 at 2024-12-11 10:01:48.623236 sent 2024-12-11 10:01:48.604515
INFO:Message received on topic: type-2/16 with payload size: 91 at 2024-12-11 10:01:51.231045 sent 2024-12-11 10:01:51.215904
INFO:Message received on topic: type-2/16 with payload size: 91 at 2024-12-11 10:01:53.880522 sent 2024-12-11 10:01:53.830783
INFO:Message received on topic: type-2/16 with payload size: 91 at 2024-12-11 10:01:56.514229 sent 2024-12-11 10:01:56.437550
INFO:Message received on topic: type-2/16 with payload size: 91 at 2024-12-11 10:01:59.085121 sent 2024-12-11 10:01:59.048584
INFO:Message received on topic: type-2/16 with payload size: 91 at 2024-12-11 10:02:01.721009 sent 2024-12-11 10:02:01.662288
INFO:Message received on topic: type-2/16 with payload size: 91 at 2024-12-11 10:02:04.315927 sent 2024-12-11 10:02:04.276836
INFO:Message received on topic: type-2/16 with payload size: 91 at 2024-12-11 10:02:06.928685 sent 2024-12-11 10:02:06.883293
INFO:Message received on topic: type-2/16 with payload size: 91 at 2024-12-11 10:02:09.525942 sent 2024-12-11 10:02:09.498416
INFO:Message received on topic: type-2/16 with payload size: 91 at 2024-12-11 10:02:12.141000 sent 2024-12-11 10:02:12.113104
INFO:Message received on topic: type-2/16 with payload size: 91 at 2024-12-11 10:02:14.738950 sent 2024-12-11 10:02:14.729273
INFO:Message received on topic: type-2/16 with payload size: 91 at 2024-12-11 10:02:17.378623 sent 2024-12-11 10:02:17.340430
INFO:Message received on topic: type-2/16 with payload size: 91 at 2024-12-11 10:02:19.982583 sent 2024-12-11 10:02:19.949986
INFO:Message received on topic: type-2/16 with payload size: 91 at 2024-12-11 10:02:22.581189 sent 2024-12-11 10:02:22.558695
INFO:Message received on topic: type-2/16 with payload size: 91 at 2024-12-11 10:02:25.219510 sent 2024-12-11 10:02:25.166287
INFO:Message received on topic: type-2/16 with payload size: 91 at 2024-12-11 10:02:27.820108 sent 2024-12-11 10:02:27.778292
INFO:Message received on topic: type-2/16 with payload size: 91 at 2024-12-11 10:02:30.425952 sent 2024-12-11 10:02:30.391009
INFO:Message received on topic: type-2/16 with payload size: 91 at 2024-12-11 10:02:33.025134 sent 2024-12-11 10:02:33.001677
INFO:Message received on topic: type-2/16 with payload size: 91 at 2024-12-11 10:02:35.636366 sent 2024-12-11 10:02:35.619975
INFO:Message received on topic: type-2/16 with payload size: 91 at 2024-12-11 10:02:38.272315 sent 2024-12-11 10:02:38.231427
INFO:Message received on topic: type-2/16 with payload size: 91 at 2024-12-11 10:02:40.923969 sent 2024-12-11 10:02:40.837541
INFO:Message received on topic: type-2/16 with payload size: 91 at 2024-12-11 10:02:43.478149 sent 2024-12-11 10:02:43.447642
INFO:Message received on topic: type-2/16 with payload size: 91 at 2024-12-11 10:02:46.120114 sent 2024-12-11 10:02:46.055626
INFO:Message received on topic: type-2/16 with payload size: 91 at 2024-12-11 10:02:48.723855 sent 2024-12-11 10:02:48.664000
INFO:Message received on topic: type-2/16 with payload size: 91 at 2024-12-11 10:02:51.317543 sent 2024-12-11 10:02:51.277306
INFO:Message received on topic: type-2/16 with payload size: 91 at 2024-12-11 10:02:53.933416 sent 2024-12-11 10:02:53.892204
INFO:Message received on topic: type-2/16 with payload size: 91 at 2024-12-11 10:02:56.530896 sent 2024-12-11 10:02:56.499176
INFO:Message received on topic: type-2/16 with payload size: 91 at 2024-12-11 10:02:59.132514 sent 2024-12-11 10:02:59.111437
INFO:Message received on topic: type-2/16 with payload size: 91 at 2024-12-11 10:03:01.773797 sent 2024-12-11 10:03:01.728725
INFO:Message received on topic: type-2/16 with payload size: 91 at 2024-12-11 10:03:04.416511 sent 2024-12-11 10:03:04.344304
INFO:Message received on topic: type-2/16 with payload size: 91 at 2024-12-11 10:03:07.018472 sent 2024-12-11 10:03:06.963223
INFO:Message received on topic: type-2/16 with payload size: 91 at 2024-12-11 10:03:09.673572 sent 2024-12-11 10:03:09.587790
INFO:Message received on topic: type-2/16 with payload size: 91 at 2024-12-11 10:03:12.237233 sent 2024-12-11 10:03:12.201082
INFO:Message received on topic: type-2/16 with payload size: 91 at 2024-12-11 10:03:14.877861 sent 2024-12-11 10:03:14.815247
INFO:Message received on topic: type-2/16 with payload size: 91 at 2024-12-11 10:03:17.440639 sent 2024-12-11 10:03:17.427613
INFO:Message received on topic: type-2/16 with payload size: 91 at 2024-12-11 10:03:20.130761 sent 2024-12-11 10:03:20.046052
INFO:Message received on topic: type-2/16 with payload size: 91 at 2024-12-11 10:03:22.730387 sent 2024-12-11 10:03:22.641865
INFO:Message received on topic: type-2/16 with payload size: 91 at 2024-12-11 10:03:25.238827 sent 2024-12-11 10:03:25.226822
INFO:Message received on topic: type-2/16 with payload size: 91 at 2024-12-11 10:03:27.831869 sent 2024-12-11 10:03:27.814205
INFO:Message received on topic: type-2/16 with payload size: 91 at 2024-12-11 10:03:30.637070 sent 2024-12-11 10:03:30.403204
INFO:Message received on topic: type-2/16 with payload size: 91 at 2024-12-11 10:03:33.042631 sent 2024-12-11 10:03:33.005695
INFO:Message received on topic: type-2/16 with payload size: 91 at 2024-12-11 10:03:35.639612 sent 2024-12-11 10:03:35.621925
INFO:Message received on topic: type-2/16 with payload size: 91 at 2024-12-11 10:03:38.321184 sent 2024-12-11 10:03:38.229277
INFO:Message received on topic: type-2/16 with payload size: 91 at 2024-12-11 10:03:40.918818 sent 2024-12-11 10:03:40.839760
INFO:Message received on topic: type-2/16 with payload size: 91 at 2024-12-11 10:03:43.523115 sent 2024-12-11 10:03:43.451179
INFO:Message received on topic: type-2/16 with payload size: 91 at 2024-12-11 10:03:46.120340 sent 2024-12-11 10:03:46.059480
INFO:Message received on topic: type-2/16 with payload size: 91 at 2024-12-11 10:03:48.736083 sent 2024-12-11 10:03:48.676687
INFO:Message received on topic: type-2/16 with payload size: 91 at 2024-12-11 10:03:51.421260 sent 2024-12-11 10:03:51.289462
INFO:Message received on topic: type-2/16 with payload size: 91 at 2024-12-11 10:03:53.941885 sent 2024-12-11 10:03:53.901453
INFO:Message received on topic: type-2/16 with payload size: 91 at 2024-12-11 10:03:56.537852 sent 2024-12-11 10:03:56.507141
INFO:Message received on topic: type-2/16 with payload size: 91 at 2024-12-11 10:03:59.217200 sent 2024-12-11 10:03:59.117521
INFO:Message received on topic: type-2/16 with payload size: 91 at 2024-12-11 10:04:01.771608 sent 2024-12-11 10:04:01.730789
INFO:Message received on topic: type-2/16 with payload size: 91 at 2024-12-11 10:04:04.368817 sent 2024-12-11 10:04:04.342614
INFO:Message received on topic: type-2/16 with payload size: 91 at 2024-12-11 10:04:07.121051 sent 2024-12-11 10:04:06.950263
INFO:Message received on topic: type-2/16 with payload size: 91 at 2024-12-11 10:04:09.633247 sent 2024-12-11 10:04:09.559007
INFO:Message received on topic: type-2/16 with payload size: 91 at 2024-12-11 10:04:12.236450 sent 2024-12-11 10:04:12.166578
INFO:Message received on topic: type-2/16 with payload size: 91 at 2024-12-11 10:04:14.832288 sent 2024-12-11 10:04:14.777533
INFO:Message received on topic: type-2/16 with payload size: 91 at 2024-12-11 10:04:17.431896 sent 2024-12-11 10:04:17.387206
INFO:Message received on topic: type-2/16 with payload size: 91 at 2024-12-11 10:04:20.075283 sent 2024-12-11 10:04:19.994084
INFO:Message received on topic: type-2/16 with payload size: 91 at 2024-12-11 10:04:22.626489 sent 2024-12-11 10:04:22.606803
INFO:Message received on topic: type-2/16 with payload size: 91 at 2024-12-11 10:04:25.242017 sent 2024-12-11 10:04:25.219221
INFO:Message received on topic: type-2/16 with payload size: 91 at 2024-12-11 10:04:27.940695 sent 2024-12-11 10:04:27.833110
INFO:Message received on topic: type-2/16 with payload size: 91 at 2024-12-11 10:04:30.525897 sent 2024-12-11 10:04:30.449626
INFO:Message received on topic: type-2/16 with payload size: 91 at 2024-12-11 10:04:33.126019 sent 2024-12-11 10:04:33.059527
INFO:Message received on topic: type-2/16 with payload size: 91 at 2024-12-11 10:04:35.738574 sent 2024-12-11 10:04:35.672038
INFO:Message received on topic: type-2/16 with payload size: 91 at 2024-12-11 10:04:38.344866 sent 2024-12-11 10:04:38.287382
INFO:Message received on topic: type-2/16 with payload size: 91 at 2024-12-11 10:04:40.940949 sent 2024-12-11 10:04:40.905776
INFO:Message received on topic: type-2/16 with payload size: 91 at 2024-12-11 10:04:43.578550 sent 2024-12-11 10:04:43.517002
INFO:Message received on topic: type-2/16 with payload size: 91 at 2024-12-11 10:04:46.143180 sent 2024-12-11 10:04:46.131080
INFO:Message received on topic: type-2/16 with payload size: 91 at 2024-12-11 10:04:48.838938 sent 2024-12-11 10:04:48.740557
INFO:Message received on topic: type-2/16 with payload size: 91 at 2024-12-11 10:04:51.475806 sent 2024-12-11 10:04:51.351397
INFO:Message received on topic: type-2/16 with payload size: 91 at 2024-12-11 10:04:54.109733 sent 2024-12-11 10:04:53.960720
INFO:Message received on topic: type-2/16 with payload size: 91 at 2024-12-11 10:04:56.679094 sent 2024-12-11 10:04:56.571651
INFO:Message received on topic: type-2/16 with payload size: 91 at 2024-12-11 10:04:59.220295 sent 2024-12-11 10:04:59.169885
INFO:Message received on topic: type-2/16 with payload size: 91 at 2024-12-11 10:05:01.830471 sent 2024-12-11 10:05:01.776576
INFO:Message received on topic: type-2/16 with payload size: 91 at 2024-12-11 10:05:04.521870 sent 2024-12-11 10:05:04.388566
INFO:Message received on topic: type-2/16 with payload size: 91 at 2024-12-11 10:05:07.122675 sent 2024-12-11 10:05:06.996240
INFO:Message received on topic: type-2/16 with payload size: 91 at 2024-12-11 10:05:09.676539 sent 2024-12-11 10:05:09.609513
INFO:Message received on topic: type-2/16 with payload size: 91 at 2024-12-11 10:05:12.316728 sent 2024-12-11 10:05:12.225723
INFO:Message received on topic: type-2/16 with payload size: 91 at 2024-12-11 10:05:14.917285 sent 2024-12-11 10:05:14.847096
INFO:Message received on topic: type-2/16 with payload size: 91 at 2024-12-11 10:05:17.519558 sent 2024-12-11 10:05:17.455776
INFO:Message received on topic: type-2/16 with payload size: 91 at 2024-12-11 10:05:20.127861 sent 2024-12-11 10:05:20.074080
INFO:Message received on topic: type-2/16 with payload size: 91 at 2024-12-11 10:05:22.817359 sent 2024-12-11 10:05:22.685310
INFO:Message received on topic: type-2/16 with payload size: 91 at 2024-12-11 10:05:25.335117 sent 2024-12-11 10:05:25.293250
INFO:Message received on topic: type-2/16 with payload size: 91 at 2024-12-11 10:05:27.975888 sent 2024-12-11 10:05:27.905116
INFO:Message received on topic: type-2/16 with payload size: 91 at 2024-12-11 10:05:30.620943 sent 2024-12-11 10:05:30.521638
INFO:Message received on topic: type-2/16 with payload size: 91 at 2024-12-11 10:05:33.176852 sent 2024-12-11 10:05:33.138218
INFO:Message received on topic: type-2/16 with payload size: 91 at 2024-12-11 10:05:35.819482 sent 2024-12-11 10:05:35.747883
INFO:Message received on topic: type-2/16 with payload size: 91 at 2024-12-11 10:05:38.512305 sent 2024-12-11 10:05:38.359882
INFO:Message received on topic: type-2/16 with payload size: 91 at 2024-12-11 10:05:41.045752 sent 2024-12-11 10:05:40.967911
INFO:Message received on topic: type-2/16 with payload size: 91 at 2024-12-11 10:05:43.717479 sent 2024-12-11 10:05:43.579883
INFO:Message received on topic: type-2/16 with payload size: 91 at 2024-12-11 10:05:46.278435 sent 2024-12-11 10:05:46.191944
INFO:Message received on topic: type-2/16 with payload size: 91 at 2024-12-11 10:05:48.878795 sent 2024-12-11 10:05:48.800686
INFO:Message received on topic: type-2/16 with payload size: 91 at 2024-12-11 10:05:51.472857 sent 2024-12-11 10:05:51.410995
INFO:Message received on topic: type-2/16 with payload size: 91 at 2024-12-11 10:05:54.116033 sent 2024-12-11 10:05:54.022267
INFO:Message received on topic: type-2/16 with payload size: 91 at 2024-12-11 10:05:56.673658 sent 2024-12-11 10:05:56.631197
INFO:Message received on topic: type-2/16 with payload size: 91 at 2024-12-11 10:05:59.320839 sent 2024-12-11 10:05:59.248685
INFO:Message received on topic: type-2/16 with payload size: 91 at 2024-12-11 10:06:01.924873 sent 2024-12-11 10:06:01.857479
INFO:Message received on topic: type-2/16 with payload size: 91 at 2024-12-11 10:06:04.530924 sent 2024-12-11 10:06:04.474045
INFO:Message received on topic: type-2/16 with payload size: 91 at 2024-12-11 10:06:07.127578 sent 2024-12-11 10:06:07.090702
INFO:Message received on topic: type-2/16 with payload size: 91 at 2024-12-11 10:06:09.774832 sent 2024-12-11 10:06:09.698181
INFO:Message received on topic: type-2/16 with payload size: 91 at 2024-12-11 10:06:12.371727 sent 2024-12-11 10:06:12.306654
INFO:Message received on topic: type-2/16 with payload size: 91 at 2024-12-11 10:06:15.034131 sent 2024-12-11 10:06:14.917809
INFO:Message received on topic: type-2/16 with payload size: 91 at 2024-12-11 10:06:17.572210 sent 2024-12-11 10:06:17.527285
INFO:Message received on topic: type-2/16 with payload size: 91 at 2024-12-11 10:06:20.215716 sent 2024-12-11 10:06:20.136081
INFO:Message received on topic: type-2/16 with payload size: 91 at 2024-12-11 10:06:23.132794 sent 2024-12-11 10:06:22.748557
INFO:Message received on topic: type-2/16 with payload size: 91 at 2024-12-11 10:06:25.630027 sent 2024-12-11 10:06:25.358306
INFO:Message received on topic: type-2/16 with payload size: 91 at 2024-12-11 10:06:28.033346 sent 2024-12-11 10:06:27.970048
INFO:Message received on topic: type-2/16 with payload size: 91 at 2024-12-11 10:06:30.634150 sent 2024-12-11 10:06:30.579741
INFO:Message received on topic: type-2/16 with payload size: 91 at 2024-12-11 10:06:33.284010 sent 2024-12-11 10:06:33.189184
INFO:Message received on topic: type-2/16 with payload size: 91 at 2024-12-11 10:06:35.833864 sent 2024-12-11 10:06:35.800123
INFO:Message received on topic: type-2/16 with payload size: 91 at 2024-12-11 10:06:38.478638 sent 2024-12-11 10:06:38.413577
INFO:Message received on topic: type-2/16 with payload size: 91 at 2024-12-11 10:06:41.075842 sent 2024-12-11 10:06:41.026901
INFO:Message received on topic: type-2/16 with payload size: 91 at 2024-12-11 10:06:43.719554 sent 2024-12-11 10:06:43.639948
INFO:Message received on topic: type-2/16 with payload size: 91 at 2024-12-11 10:06:46.311626 sent 2024-12-11 10:06:46.249588
INFO:Message received on topic: type-2/16 with payload size: 91 at 2024-12-11 10:06:48.937621 sent 2024-12-11 10:06:48.857565
INFO:Message received on topic: type-2/16 with payload size: 91 at 2024-12-11 10:06:51.573200 sent 2024-12-11 10:06:51.470481
INFO:Message received on topic: type-2/16 with payload size: 91 at 2024-12-11 10:06:54.222681 sent 2024-12-11 10:06:54.083832
INFO:Message received on topic: type-2/16 with payload size: 91 at 2024-12-11 10:06:56.827257 sent 2024-12-11 10:06:56.688940
INFO:Message received on topic: type-2/16 with payload size: 91 at 2024-12-11 10:06:59.411695 sent 2024-12-11 10:06:59.297598
INFO:Message received on topic: type-2/16 with payload size: 91 at 2024-12-11 10:07:02.075491 sent 2024-12-11 10:07:01.912101
INFO:Message received on topic: type-2/16 with payload size: 91 at 2024-12-11 10:07:04.611492 sent 2024-12-11 10:07:04.528843
INFO:Message received on topic: type-2/16 with payload size: 91 at 2024-12-11 10:07:07.221029 sent 2024-12-11 10:07:07.142519
INFO:Message received on topic: type-2/16 with payload size: 91 at 2024-12-11 10:07:09.915417 sent 2024-12-11 10:07:09.752984
INFO:Message received on topic: type-2/16 with payload size: 91 at 2024-12-11 10:07:12.513126 sent 2024-12-11 10:07:12.365685
INFO:Message received on topic: type-2/16 with payload size: 91 at 2024-12-11 10:07:15.113556 sent 2024-12-11 10:07:14.978261
INFO:Message received on topic: type-2/16 with payload size: 91 at 2024-12-11 10:07:17.716938 sent 2024-12-11 10:07:17.588666
INFO:Message received on topic: type-2/16 with payload size: 91 at 2024-12-11 10:07:20.242985 sent 2024-12-11 10:07:20.199467
INFO:Message received on topic: type-2/16 with payload size: 91 at 2024-12-11 10:07:22.847140 sent 2024-12-11 10:07:22.806556
INFO:Message received on topic: type-2/16 with payload size: 91 at 2024-12-11 10:07:25.435728 sent 2024-12-11 10:07:25.417684
INFO:Message received on topic: type-2/16 with payload size: 91 at 2024-12-11 10:07:28.044204 sent 2024-12-11 10:07:28.029621
INFO:Message received on topic: type-2/16 with payload size: 91 at 2024-12-11 10:07:30.773960 sent 2024-12-11 10:07:30.640890
INFO:Message received on topic: type-2/16 with payload size: 91 at 2024-12-11 10:07:33.324972 sent 2024-12-11 10:07:33.250848
INFO:Message received on topic: type-2/16 with payload size: 91 at 2024-12-11 10:07:35.977972 sent 2024-12-11 10:07:35.859307
INFO:Message received on topic: type-2/16 with payload size: 91 at 2024-12-11 10:07:38.574615 sent 2024-12-11 10:07:38.469975
INFO:Message received on topic: type-2/16 with payload size: 91 at 2024-12-11 10:07:41.175487 sent 2024-12-11 10:07:41.086239
INFO:Message received on topic: type-2/16 with payload size: 91 at 2024-12-11 10:07:43.747320 sent 2024-12-11 10:07:43.692609
INFO:Message received on topic: type-2/16 with payload size: 91 at 2024-12-11 10:07:46.372733 sent 2024-12-11 10:07:46.298467
INFO:Message received on topic: type-2/16 with payload size: 91 at 2024-12-11 10:07:48.937307 sent 2024-12-11 10:07:48.912258
INFO:Message received on topic: type-2/16 with payload size: 91 at 2024-12-11 10:07:51.542637 sent 2024-12-11 10:07:51.525191
INFO:Message received on topic: type-2/16 with payload size: 91 at 2024-12-11 10:07:54.224615 sent 2024-12-11 10:07:54.132866
INFO:Message received on topic: type-2/16 with payload size: 91 at 2024-12-11 10:07:56.814860 sent 2024-12-11 10:07:56.737795
INFO:Message received on topic: type-2/16 with payload size: 91 at 2024-12-11 10:07:59.383403 sent 2024-12-11 10:07:59.344830
INFO:Message received on topic: type-2/16 with payload size: 91 at 2024-12-11 10:08:02.215095 sent 2024-12-11 10:08:01.955997
INFO:Message received on topic: type-2/16 with payload size: 91 at 2024-12-11 10:08:04.619228 sent 2024-12-11 10:08:04.565666
INFO:Message received on topic: type-2/16 with payload size: 91 at 2024-12-11 10:08:07.236926 sent 2024-12-11 10:08:07.174619
INFO:Message received on topic: type-2/16 with payload size: 91 at 2024-12-11 10:08:09.815822 sent 2024-12-11 10:08:09.785576
INFO:Message received on topic: type-2/16 with payload size: 91 at 2024-12-11 10:08:12.425519 sent 2024-12-11 10:08:12.393889
INFO:Message received on topic: type-2/16 with payload size: 91 at 2024-12-11 10:08:15.115115 sent 2024-12-11 10:08:15.006414
INFO:Message received on topic: type-2/16 with payload size: 91 at 2024-12-11 10:08:17.718028 sent 2024-12-11 10:08:17.616869
INFO:Message received on topic: type-2/16 with payload size: 91 at 2024-12-11 10:08:20.315481 sent 2024-12-11 10:08:20.226082
INFO:Message received on topic: type-2/16 with payload size: 91 at 2024-12-11 10:08:22.885948 sent 2024-12-11 10:08:22.838484
INFO:Message received on topic: type-2/16 with payload size: 91 at 2024-12-11 10:08:25.490589 sent 2024-12-11 10:08:25.446736
INFO:Message received on topic: type-2/16 with payload size: 91 at 2024-12-11 10:08:28.083076 sent 2024-12-11 10:08:28.053689
INFO:Message received on topic: type-2/16 with payload size: 91 at 2024-12-11 10:08:30.685920 sent 2024-12-11 10:08:30.662164
INFO:Message received on topic: type-2/16 with payload size: 91 at 2024-12-11 10:08:33.377563 sent 2024-12-11 10:08:33.277608
INFO:Message received on topic: type-2/16 with payload size: 91 at 2024-12-11 10:08:35.921738 sent 2024-12-11 10:08:35.886918
INFO:Message received on topic: type-2/16 with payload size: 91 at 2024-12-11 10:08:38.522568 sent 2024-12-11 10:08:38.500252
