INFO:Starting Version 1.0.5
DEBUG:Using selector: EpollSelector
INFO:Connecting to cluster at: mqtt-quic://emqx-headless.dtwins:14567 using QUIC
INFO:Subscribed to topic: type-2/9
INFO:Logging each: 50
INFO:Unhandled packet type received
INFO:Message received on topic: type-2/9 with payload size: 91 at 2024-12-11 09:59:42.463946 sent 2024-12-11 09:59:42.462418
INFO:Message received on topic: type-2/9 with payload size: 91 at 2024-12-11 09:59:45.070856 sent 2024-12-11 09:59:45.062977
INFO:Message received on topic: type-2/9 with payload size: 91 at 2024-12-11 09:59:47.669265 sent 2024-12-11 09:59:47.661484
INFO:Message received on topic: type-2/9 with payload size: 91 at 2024-12-11 09:59:50.269838 sent 2024-12-11 09:59:50.262642
INFO:Message received on topic: type-2/9 with payload size: 91 at 2024-12-11 09:59:52.877998 sent 2024-12-11 09:59:52.863181
INFO:Message received on topic: type-2/9 with payload size: 91 at 2024-12-11 09:59:55.471462 sent 2024-12-11 09:59:55.463530
INFO:Message received on topic: type-2/9 with payload size: 91 at 2024-12-11 09:59:58.073302 sent 2024-12-11 09:59:58.068976
INFO:Message received on topic: type-2/9 with payload size: 91 at 2024-12-11 10:00:00.670444 sent 2024-12-11 10:00:00.668005
INFO:Message received on topic: type-2/9 with payload size: 91 at 2024-12-11 10:00:03.275572 sent 2024-12-11 10:00:03.270390
INFO:Message received on topic: type-2/9 with payload size: 91 at 2024-12-11 10:00:05.876089 sent 2024-12-11 10:00:05.869387
INFO:Message received on topic: type-2/9 with payload size: 91 at 2024-12-11 10:00:08.482144 sent 2024-12-11 10:00:08.471178
INFO:Message received on topic: type-2/9 with payload size: 91 at 2024-12-11 10:00:11.076496 sent 2024-12-11 10:00:11.069852
INFO:Message received on topic: type-2/9 with payload size: 91 at 2024-12-11 10:00:13.683006 sent 2024-12-11 10:00:13.674455
INFO:Message received on topic: type-2/9 with payload size: 91 at 2024-12-11 10:00:16.316614 sent 2024-12-11 10:00:16.276856
INFO:Message received on topic: type-2/9 with payload size: 91 at 2024-12-11 10:00:18.910823 sent 2024-12-11 10:00:18.878542
INFO:Message received on topic: type-2/9 with payload size: 91 at 2024-12-11 10:00:21.514117 sent 2024-12-11 10:00:21.480970
INFO:Message received on topic: type-2/9 with payload size: 91 at 2024-12-11 10:00:24.118132 sent 2024-12-11 10:00:24.088828
INFO:Message received on topic: type-2/9 with payload size: 91 at 2024-12-11 10:00:26.712143 sent 2024-12-11 10:00:26.689696
INFO:Message received on topic: type-2/9 with payload size: 91 at 2024-12-11 10:00:29.319363 sent 2024-12-11 10:00:29.289514
INFO:Message received on topic: type-2/9 with payload size: 91 at 2024-12-11 10:00:31.921457 sent 2024-12-11 10:00:31.893366
INFO:Message received on topic: type-2/9 with payload size: 91 at 2024-12-11 10:00:34.521552 sent 2024-12-11 10:00:34.496429
INFO:Message received on topic: type-2/9 with payload size: 91 at 2024-12-11 10:00:37.117499 sent 2024-12-11 10:00:37.098556
INFO:Message received on topic: type-2/9 with payload size: 91 at 2024-12-11 10:00:39.728155 sent 2024-12-11 10:00:39.702502
INFO:Message received on topic: type-2/9 with payload size: 91 at 2024-12-11 10:00:42.325234 sent 2024-12-11 10:00:42.304291
INFO:Message received on topic: type-2/9 with payload size: 91 at 2024-12-11 10:00:44.921695 sent 2024-12-11 10:00:44.906004
INFO:Message received on topic: type-2/9 with payload size: 91 at 2024-12-11 10:00:47.520015 sent 2024-12-11 10:00:47.505462
INFO:Message received on topic: type-2/9 with payload size: 91 at 2024-12-11 10:00:50.122797 sent 2024-12-11 10:00:50.109689
INFO:Message received on topic: type-2/9 with payload size: 91 at 2024-12-11 10:00:52.728179 sent 2024-12-11 10:00:52.716751
INFO:Message received on topic: type-2/9 with payload size: 91 at 2024-12-11 10:00:55.334609 sent 2024-12-11 10:00:55.316025
INFO:Message received on topic: type-2/9 with payload size: 91 at 2024-12-11 10:00:57.934807 sent 2024-12-11 10:00:57.919243
INFO:Message received on topic: type-2/9 with payload size: 91 at 2024-12-11 10:01:00.577829 sent 2024-12-11 10:01:00.526974
INFO:Message received on topic: type-2/9 with payload size: 91 at 2024-12-11 10:01:03.177005 sent 2024-12-11 10:01:03.135824
INFO:Message received on topic: type-2/9 with payload size: 91 at 2024-12-11 10:01:05.774567 sent 2024-12-11 10:01:05.737222
INFO:Message received on topic: type-2/9 with payload size: 91 at 2024-12-11 10:01:08.379456 sent 2024-12-11 10:01:08.343536
INFO:Message received on topic: type-2/9 with payload size: 91 at 2024-12-11 10:01:11.039084 sent 2024-12-11 10:01:10.951810
INFO:Message received on topic: type-2/9 with payload size: 91 at 2024-12-11 10:01:13.619015 sent 2024-12-11 10:01:13.556563
INFO:Message received on topic: type-2/9 with payload size: 91 at 2024-12-11 10:01:16.212745 sent 2024-12-11 10:01:16.161350
INFO:Message received on topic: type-2/9 with payload size: 91 at 2024-12-11 10:01:18.821249 sent 2024-12-11 10:01:18.762517
INFO:Message received on topic: type-2/9 with payload size: 91 at 2024-12-11 10:01:21.420769 sent 2024-12-11 10:01:21.373784
INFO:Message received on topic: type-2/9 with payload size: 91 at 2024-12-11 10:01:24.021704 sent 2024-12-11 10:01:23.987062
INFO:Message received on topic: type-2/9 with payload size: 91 at 2024-12-11 10:01:26.623536 sent 2024-12-11 10:01:26.591962
INFO:Message received on topic: type-2/9 with payload size: 91 at 2024-12-11 10:01:29.226104 sent 2024-12-11 10:01:29.203274
INFO:Message received on topic: type-2/9 with payload size: 91 at 2024-12-11 10:01:31.827085 sent 2024-12-11 10:01:31.812115
INFO:Message received on topic: type-2/9 with payload size: 91 at 2024-12-11 10:01:34.435746 sent 2024-12-11 10:01:34.421976
INFO:Message received on topic: type-2/9 with payload size: 91 at 2024-12-11 10:01:37.123387 sent 2024-12-11 10:01:37.032822
INFO:Message received on topic: type-2/9 with payload size: 91 at 2024-12-11 10:01:39.712501 sent 2024-12-11 10:01:39.642958
INFO:Message received on topic: type-2/9 with payload size: 91 at 2024-12-11 10:01:42.283067 sent 2024-12-11 10:01:42.257156
INFO:Message received on topic: type-2/9 with payload size: 91 at 2024-12-11 10:01:44.920767 sent 2024-12-11 10:01:44.872094
INFO:Message received on topic: type-2/9 with payload size: 91 at 2024-12-11 10:01:47.517106 sent 2024-12-11 10:01:47.484706
INFO:Message received on topic: type-2/9 with payload size: 91 at 2024-12-11 10:01:50.124090 sent 2024-12-11 10:01:50.094295
INFO:Message received on topic: type-2/9 with payload size: 91 at 2024-12-11 10:01:52.729510 sent 2024-12-11 10:01:52.705440
INFO:Message received on topic: type-2/9 with payload size: 91 at 2024-12-11 10:01:55.325097 sent 2024-12-11 10:01:55.313788
INFO:Message received on topic: type-2/9 with payload size: 91 at 2024-12-11 10:01:57.939696 sent 2024-12-11 10:01:57.925085
INFO:Message received on topic: type-2/9 with payload size: 91 at 2024-12-11 10:02:00.616509 sent 2024-12-11 10:02:00.536970
INFO:Message received on topic: type-2/9 with payload size: 91 at 2024-12-11 10:02:03.217895 sent 2024-12-11 10:02:03.148968
INFO:Message received on topic: type-2/9 with payload size: 91 at 2024-12-11 10:02:05.814897 sent 2024-12-11 10:02:05.758165
INFO:Message received on topic: type-2/9 with payload size: 91 at 2024-12-11 10:02:08.413823 sent 2024-12-11 10:02:08.371530
INFO:Message received on topic: type-2/9 with payload size: 91 at 2024-12-11 10:02:11.022493 sent 2024-12-11 10:02:10.984570
INFO:Message received on topic: type-2/9 with payload size: 91 at 2024-12-11 10:02:13.621149 sent 2024-12-11 10:02:13.599922
INFO:Message received on topic: type-2/9 with payload size: 91 at 2024-12-11 10:02:16.235849 sent 2024-12-11 10:02:16.210575
INFO:Message received on topic: type-2/9 with payload size: 91 at 2024-12-11 10:02:18.836123 sent 2024-12-11 10:02:18.821636
INFO:Message received on topic: type-2/9 with payload size: 91 at 2024-12-11 10:02:21.479198 sent 2024-12-11 10:02:21.433916
INFO:Message received on topic: type-2/9 with payload size: 91 at 2024-12-11 10:02:24.118625 sent 2024-12-11 10:02:24.046662
INFO:Message received on topic: type-2/9 with payload size: 91 at 2024-12-11 10:02:26.716293 sent 2024-12-11 10:02:26.654006
INFO:Message received on topic: type-2/9 with payload size: 91 at 2024-12-11 10:02:29.321241 sent 2024-12-11 10:02:29.263481
INFO:Message received on topic: type-2/9 with payload size: 91 at 2024-12-11 10:02:31.933100 sent 2024-12-11 10:02:31.878760
INFO:Message received on topic: type-2/9 with payload size: 91 at 2024-12-11 10:02:34.541192 sent 2024-12-11 10:02:34.496761
INFO:Message received on topic: type-2/9 with payload size: 91 at 2024-12-11 10:02:37.175708 sent 2024-12-11 10:02:37.109466
INFO:Message received on topic: type-2/9 with payload size: 91 at 2024-12-11 10:02:39.824216 sent 2024-12-11 10:02:39.730600
INFO:Message received on topic: type-2/9 with payload size: 91 at 2024-12-11 10:02:42.420027 sent 2024-12-11 10:02:42.345616
INFO:Message received on topic: type-2/9 with payload size: 91 at 2024-12-11 10:02:45.020282 sent 2024-12-11 10:02:44.953130
INFO:Message received on topic: type-2/9 with payload size: 91 at 2024-12-11 10:02:47.629065 sent 2024-12-11 10:02:47.560409
INFO:Message received on topic: type-2/9 with payload size: 91 at 2024-12-11 10:02:50.235668 sent 2024-12-11 10:02:50.177495
INFO:Message received on topic: type-2/9 with payload size: 91 at 2024-12-11 10:02:52.821436 sent 2024-12-11 10:02:52.792147
INFO:Message received on topic: type-2/9 with payload size: 91 at 2024-12-11 10:02:55.427207 sent 2024-12-11 10:02:55.401607
INFO:Message received on topic: type-2/9 with payload size: 91 at 2024-12-11 10:02:58.038769 sent 2024-12-11 10:02:58.014307
INFO:Message received on topic: type-2/9 with payload size: 91 at 2024-12-11 10:03:00.636413 sent 2024-12-11 10:03:00.622858
INFO:Message received on topic: type-2/9 with payload size: 91 at 2024-12-11 10:03:03.315992 sent 2024-12-11 10:03:03.238432
INFO:Message received on topic: type-2/9 with payload size: 91 at 2024-12-11 10:03:05.915768 sent 2024-12-11 10:03:05.846362
INFO:Message received on topic: type-2/9 with payload size: 91 at 2024-12-11 10:03:08.522993 sent 2024-12-11 10:03:08.456308
INFO:Message received on topic: type-2/9 with payload size: 91 at 2024-12-11 10:03:11.116468 sent 2024-12-11 10:03:11.075566
INFO:Message received on topic: type-2/9 with payload size: 91 at 2024-12-11 10:03:13.737520 sent 2024-12-11 10:03:13.688515
INFO:Message received on topic: type-2/9 with payload size: 91 at 2024-12-11 10:03:16.379799 sent 2024-12-11 10:03:16.296461
INFO:Message received on topic: type-2/9 with payload size: 91 at 2024-12-11 10:03:18.972734 sent 2024-12-11 10:03:18.909884
INFO:Message received on topic: type-2/9 with payload size: 91 at 2024-12-11 10:03:21.620275 sent 2024-12-11 10:03:21.517306
INFO:Message received on topic: type-2/9 with payload size: 91 at 2024-12-11 10:03:24.131229 sent 2024-12-11 10:03:24.102982
INFO:Message received on topic: type-2/9 with payload size: 91 at 2024-12-11 10:03:26.772563 sent 2024-12-11 10:03:26.691792
INFO:Message received on topic: type-2/9 with payload size: 91 at 2024-12-11 10:03:29.329278 sent 2024-12-11 10:03:29.283188
INFO:Message received on topic: type-2/9 with payload size: 91 at 2024-12-11 10:03:31.923855 sent 2024-12-11 10:03:31.874439
INFO:Message received on topic: type-2/9 with payload size: 91 at 2024-12-11 10:03:34.526803 sent 2024-12-11 10:03:34.493933
INFO:Message received on topic: type-2/9 with payload size: 91 at 2024-12-11 10:03:37.134799 sent 2024-12-11 10:03:37.100493
INFO:Message received on topic: type-2/9 with payload size: 91 at 2024-12-11 10:03:39.773672 sent 2024-12-11 10:03:39.712234
INFO:Message received on topic: type-2/9 with payload size: 91 at 2024-12-11 10:03:42.416889 sent 2024-12-11 10:03:42.327896
INFO:Message received on topic: type-2/9 with payload size: 91 at 2024-12-11 10:03:45.018175 sent 2024-12-11 10:03:44.942593
INFO:Message received on topic: type-2/9 with payload size: 91 at 2024-12-11 10:03:47.620959 sent 2024-12-11 10:03:47.552945
INFO:Message received on topic: type-2/9 with payload size: 91 at 2024-12-11 10:03:50.231242 sent 2024-12-11 10:03:50.168064
INFO:Message received on topic: type-2/9 with payload size: 91 at 2024-12-11 10:03:52.929100 sent 2024-12-11 10:03:52.784019
INFO:Message received on topic: type-2/9 with payload size: 91 at 2024-12-11 10:03:55.448420 sent 2024-12-11 10:03:55.392583
INFO:Message received on topic: type-2/9 with payload size: 91 at 2024-12-11 10:03:58.024884 sent 2024-12-11 10:03:58.002315
INFO:Message received on topic: type-2/9 with payload size: 91 at 2024-12-11 10:04:00.719647 sent 2024-12-11 10:04:00.613829
INFO:Message received on topic: type-2/9 with payload size: 91 at 2024-12-11 10:04:03.325466 sent 2024-12-11 10:04:03.224129
INFO:Message received on topic: type-2/9 with payload size: 91 at 2024-12-11 10:04:05.927150 sent 2024-12-11 10:04:05.836715
INFO:Message received on topic: type-2/9 with payload size: 91 at 2024-12-11 10:04:08.514300 sent 2024-12-11 10:04:08.446867
INFO:Message received on topic: type-2/9 with payload size: 91 at 2024-12-11 10:04:11.128473 sent 2024-12-11 10:04:11.055831
INFO:Message received on topic: type-2/9 with payload size: 91 at 2024-12-11 10:04:13.743788 sent 2024-12-11 10:04:13.667241
INFO:Message received on topic: type-2/9 with payload size: 91 at 2024-12-11 10:04:16.357639 sent 2024-12-11 10:04:16.279035
INFO:Message received on topic: type-2/9 with payload size: 91 at 2024-12-11 10:04:18.937591 sent 2024-12-11 10:04:18.889649
INFO:Message received on topic: type-2/9 with payload size: 91 at 2024-12-11 10:04:21.527747 sent 2024-12-11 10:04:21.506543
INFO:Message received on topic: type-2/9 with payload size: 91 at 2024-12-11 10:04:24.132207 sent 2024-12-11 10:04:24.114300
INFO:Message received on topic: type-2/9 with payload size: 91 at 2024-12-11 10:04:26.741040 sent 2024-12-11 10:04:26.719869
INFO:Message received on topic: type-2/9 with payload size: 91 at 2024-12-11 10:04:29.419249 sent 2024-12-11 10:04:29.327719
INFO:Message received on topic: type-2/9 with payload size: 91 at 2024-12-11 10:04:31.941920 sent 2024-12-11 10:04:31.935384
INFO:Message received on topic: type-2/9 with payload size: 91 at 2024-12-11 10:04:34.621274 sent 2024-12-11 10:04:34.549868
INFO:Message received on topic: type-2/9 with payload size: 91 at 2024-12-11 10:04:37.320529 sent 2024-12-11 10:04:37.163736
INFO:Message received on topic: type-2/9 with payload size: 91 at 2024-12-11 10:04:39.828414 sent 2024-12-11 10:04:39.778359
INFO:Message received on topic: type-2/9 with payload size: 91 at 2024-12-11 10:04:42.525953 sent 2024-12-11 10:04:42.391270
INFO:Message received on topic: type-2/9 with payload size: 91 at 2024-12-11 10:04:45.119695 sent 2024-12-11 10:04:45.005265
INFO:Message received on topic: type-2/9 with payload size: 91 at 2024-12-11 10:04:47.672664 sent 2024-12-11 10:04:47.617166
INFO:Message received on topic: type-2/9 with payload size: 91 at 2024-12-11 10:04:50.316938 sent 2024-12-11 10:04:50.228879
INFO:Message received on topic: type-2/9 with payload size: 91 at 2024-12-11 10:04:52.937383 sent 2024-12-11 10:04:52.843056
INFO:Message received on topic: type-2/9 with payload size: 91 at 2024-12-11 10:04:55.572013 sent 2024-12-11 10:04:55.451531
INFO:Message received on topic: type-2/9 with payload size: 91 at 2024-12-11 10:04:58.117277 sent 2024-12-11 10:04:58.062138
INFO:Message received on topic: type-2/9 with payload size: 91 at 2024-12-11 10:05:00.814990 sent 2024-12-11 10:05:00.674684
INFO:Message received on topic: type-2/9 with payload size: 91 at 2024-12-11 10:05:03.416414 sent 2024-12-11 10:05:03.284204
INFO:Message received on topic: type-2/9 with payload size: 91 at 2024-12-11 10:05:05.930612 sent 2024-12-11 10:05:05.890104
INFO:Message received on topic: type-2/9 with payload size: 91 at 2024-12-11 10:05:08.577289 sent 2024-12-11 10:05:08.499291
INFO:Message received on topic: type-2/9 with payload size: 91 at 2024-12-11 10:05:11.179940 sent 2024-12-11 10:05:11.108336
INFO:Message received on topic: type-2/9 with payload size: 91 at 2024-12-11 10:05:13.737077 sent 2024-12-11 10:05:13.721050
INFO:Message received on topic: type-2/9 with payload size: 91 at 2024-12-11 10:05:16.456223 sent 2024-12-11 10:05:16.336662
INFO:Message received on topic: type-2/9 with payload size: 91 at 2024-12-11 10:05:19.039282 sent 2024-12-11 10:05:18.956675
INFO:Message received on topic: type-2/9 with payload size: 91 at 2024-12-11 10:05:21.638288 sent 2024-12-11 10:05:21.563110
INFO:Message received on topic: type-2/9 with payload size: 91 at 2024-12-11 10:05:24.276967 sent 2024-12-11 10:05:24.178284
INFO:Message received on topic: type-2/9 with payload size: 91 at 2024-12-11 10:05:26.874182 sent 2024-12-11 10:05:26.790721
INFO:Message received on topic: type-2/9 with payload size: 91 at 2024-12-11 10:05:29.542192 sent 2024-12-11 10:05:29.408060
INFO:Message received on topic: type-2/9 with payload size: 91 at 2024-12-11 10:05:32.125431 sent 2024-12-11 10:05:32.020117
INFO:Message received on topic: type-2/9 with payload size: 91 at 2024-12-11 10:05:34.720049 sent 2024-12-11 10:05:34.638047
INFO:Message received on topic: type-2/9 with payload size: 91 at 2024-12-11 10:05:37.326396 sent 2024-12-11 10:05:37.246545
INFO:Message received on topic: type-2/9 with payload size: 91 at 2024-12-11 10:05:39.978884 sent 2024-12-11 10:05:39.855086
INFO:Message received on topic: type-2/9 with payload size: 91 at 2024-12-11 10:05:42.537237 sent 2024-12-11 10:05:42.469601
INFO:Message received on topic: type-2/9 with payload size: 91 at 2024-12-11 10:05:45.170972 sent 2024-12-11 10:05:45.083208
INFO:Message received on topic: type-2/9 with payload size: 91 at 2024-12-11 10:05:47.772458 sent 2024-12-11 10:05:47.696904
INFO:Message received on topic: type-2/9 with payload size: 91 at 2024-12-11 10:05:50.418980 sent 2024-12-11 10:05:50.318856
INFO:Message received on topic: type-2/9 with payload size: 91 at 2024-12-11 10:05:53.074501 sent 2024-12-11 10:05:52.934590
INFO:Message received on topic: type-2/9 with payload size: 91 at 2024-12-11 10:05:55.722117 sent 2024-12-11 10:05:55.547544
INFO:Message received on topic: type-2/9 with payload size: 91 at 2024-12-11 10:05:58.234503 sent 2024-12-11 10:05:58.158508
INFO:Message received on topic: type-2/9 with payload size: 91 at 2024-12-11 10:06:00.921215 sent 2024-12-11 10:06:00.771524
INFO:Message received on topic: type-2/9 with payload size: 91 at 2024-12-11 10:06:03.437737 sent 2024-12-11 10:06:03.385017
INFO:Message received on topic: type-2/9 with payload size: 91 at 2024-12-11 10:06:06.122898 sent 2024-12-11 10:06:05.997157
INFO:Message received on topic: type-2/9 with payload size: 91 at 2024-12-11 10:06:08.714955 sent 2024-12-11 10:06:08.607885
INFO:Message received on topic: type-2/9 with payload size: 91 at 2024-12-11 10:06:11.272509 sent 2024-12-11 10:06:11.214669
INFO:Message received on topic: type-2/9 with payload size: 91 at 2024-12-11 10:06:13.877427 sent 2024-12-11 10:06:13.827884
INFO:Message received on topic: type-2/9 with payload size: 91 at 2024-12-11 10:06:16.475237 sent 2024-12-11 10:06:16.433235
INFO:Message received on topic: type-2/9 with payload size: 91 at 2024-12-11 10:06:19.223395 sent 2024-12-11 10:06:19.046481
INFO:Message received on topic: type-2/9 with payload size: 91 at 2024-12-11 10:06:21.721934 sent 2024-12-11 10:06:21.667168
INFO:Message received on topic: type-2/9 with payload size: 91 at 2024-12-11 10:06:24.514211 sent 2024-12-11 10:06:24.287059
INFO:Message received on topic: type-2/9 with payload size: 91 at 2024-12-11 10:06:26.978168 sent 2024-12-11 10:06:26.900411
INFO:Message received on topic: type-2/9 with payload size: 91 at 2024-12-11 10:06:29.577571 sent 2024-12-11 10:06:29.507070
INFO:Message received on topic: type-2/9 with payload size: 91 at 2024-12-11 10:06:32.174283 sent 2024-12-11 10:06:32.113970
INFO:Message received on topic: type-2/9 with payload size: 91 at 2024-12-11 10:06:34.763717 sent 2024-12-11 10:06:34.723315
INFO:Message received on topic: type-2/9 with payload size: 91 at 2024-12-11 10:06:37.414354 sent 2024-12-11 10:06:37.332518
INFO:Message received on topic: type-2/9 with payload size: 91 at 2024-12-11 10:06:40.032670 sent 2024-12-11 10:06:39.941111
INFO:Message received on topic: type-2/9 with payload size: 91 at 2024-12-11 10:06:42.620943 sent 2024-12-11 10:06:42.559506
INFO:Message received on topic: type-2/9 with payload size: 91 at 2024-12-11 10:06:45.273945 sent 2024-12-11 10:06:45.178958
INFO:Message received on topic: type-2/9 with payload size: 91 at 2024-12-11 10:06:47.937225 sent 2024-12-11 10:06:47.794015
INFO:Message received on topic: type-2/9 with payload size: 91 at 2024-12-11 10:06:50.532982 sent 2024-12-11 10:06:50.406509
INFO:Message received on topic: type-2/9 with payload size: 91 at 2024-12-11 10:06:53.113157 sent 2024-12-11 10:06:53.013150
INFO:Message received on topic: type-2/9 with payload size: 91 at 2024-12-11 10:06:55.731291 sent 2024-12-11 10:06:55.621171
INFO:Message received on topic: type-2/9 with payload size: 91 at 2024-12-11 10:06:58.318035 sent 2024-12-11 10:06:58.238017
INFO:Message received on topic: type-2/9 with payload size: 91 at 2024-12-11 10:07:00.929845 sent 2024-12-11 10:07:00.852359
INFO:Message received on topic: type-2/9 with payload size: 91 at 2024-12-11 10:07:03.527992 sent 2024-12-11 10:07:03.462130
INFO:Message received on topic: type-2/9 with payload size: 91 at 2024-12-11 10:07:06.142853 sent 2024-12-11 10:07:06.073279
INFO:Message received on topic: type-2/9 with payload size: 91 at 2024-12-11 10:07:08.733978 sent 2024-12-11 10:07:08.682111
INFO:Message received on topic: type-2/9 with payload size: 91 at 2024-12-11 10:07:11.349983 sent 2024-12-11 10:07:11.301108
INFO:Message received on topic: type-2/9 with payload size: 91 at 2024-12-11 10:07:14.026987 sent 2024-12-11 10:07:13.910309
INFO:Message received on topic: type-2/9 with payload size: 91 at 2024-12-11 10:07:16.621265 sent 2024-12-11 10:07:16.519796
INFO:Message received on topic: type-2/9 with payload size: 91 at 2024-12-11 10:07:19.241044 sent 2024-12-11 10:07:19.138470
INFO:Message received on topic: type-2/9 with payload size: 91 at 2024-12-11 10:07:21.915553 sent 2024-12-11 10:07:21.753817
INFO:Message received on topic: type-2/9 with payload size: 91 at 2024-12-11 10:07:24.438099 sent 2024-12-11 10:07:24.365266
INFO:Message received on topic: type-2/9 with payload size: 91 at 2024-12-11 10:07:27.072590 sent 2024-12-11 10:07:26.978635
INFO:Message received on topic: type-2/9 with payload size: 91 at 2024-12-11 10:07:29.629917 sent 2024-12-11 10:07:29.588225
INFO:Message received on topic: type-2/9 with payload size: 91 at 2024-12-11 10:07:32.323093 sent 2024-12-11 10:07:32.206702
INFO:Message received on topic: type-2/9 with payload size: 91 at 2024-12-11 10:07:34.925637 sent 2024-12-11 10:07:34.822656
INFO:Message received on topic: type-2/9 with payload size: 91 at 2024-12-11 10:07:37.515544 sent 2024-12-11 10:07:37.429970
INFO:Message received on topic: type-2/9 with payload size: 91 at 2024-12-11 10:07:40.135260 sent 2024-12-11 10:07:40.038267
INFO:Message received on topic: type-2/9 with payload size: 91 at 2024-12-11 10:07:42.717416 sent 2024-12-11 10:07:42.648158
INFO:Message received on topic: type-2/9 with payload size: 91 at 2024-12-11 10:07:45.375621 sent 2024-12-11 10:07:45.266523
INFO:Message received on topic: type-2/9 with payload size: 91 at 2024-12-11 10:07:47.975893 sent 2024-12-11 10:07:47.874847
INFO:Message received on topic: type-2/9 with payload size: 91 at 2024-12-11 10:07:50.577658 sent 2024-12-11 10:07:50.485024
INFO:Message received on topic: type-2/9 with payload size: 91 at 2024-12-11 10:07:53.152294 sent 2024-12-11 10:07:53.094924
INFO:Message received on topic: type-2/9 with payload size: 91 at 2024-12-11 10:07:55.825867 sent 2024-12-11 10:07:55.699975
INFO:Message received on topic: type-2/9 with payload size: 91 at 2024-12-11 10:07:58.375434 sent 2024-12-11 10:07:58.307688
INFO:Message received on topic: type-2/9 with payload size: 91 at 2024-12-11 10:08:01.032240 sent 2024-12-11 10:08:00.916195
INFO:Message received on topic: type-2/9 with payload size: 91 at 2024-12-11 10:08:03.619167 sent 2024-12-11 10:08:03.529019
INFO:Message received on topic: type-2/9 with payload size: 91 at 2024-12-11 10:08:06.312135 sent 2024-12-11 10:08:06.143860
INFO:Message received on topic: type-2/9 with payload size: 91 at 2024-12-11 10:08:08.869138 sent 2024-12-11 10:08:08.751717
INFO:Message received on topic: type-2/9 with payload size: 91 at 2024-12-11 10:08:11.426672 sent 2024-12-11 10:08:11.360383
