INFO:Starting Version 1.0.5
DEBUG:Using selector: EpollSelector
INFO:Connecting to cluster at: mqtt-quic://emqx-headless.dtwins:14567 using QUIC
INFO:Subscribed to topic: type-1/26
INFO:Logging each: 50
INFO:Unhandled packet type received
INFO:Message received on topic: type-1/26 with payload size: 91 at 2024-12-11 17:50:38.797956 sent 2024-12-11 17:50:38.689444
INFO:Message received on topic: type-1/26 with payload size: 91 at 2024-12-11 17:50:39.024851 sent 2024-12-11 17:50:38.976095
INFO:Message received on topic: type-1/26 with payload size: 91 at 2024-12-11 17:50:39.314259 sent 2024-12-11 17:50:39.266243
INFO:Message received on topic: type-1/26 with payload size: 91 at 2024-12-11 17:50:39.595225 sent 2024-12-11 17:50:39.551089
INFO:Message received on topic: type-1/26 with payload size: 91 at 2024-12-11 17:50:39.844869 sent 2024-12-11 17:50:39.840769
INFO:Message received on topic: type-1/26 with payload size: 91 at 2024-12-11 17:50:40.237965 sent 2024-12-11 17:50:40.125682
INFO:Message received on topic: type-1/26 with payload size: 91 at 2024-12-11 17:50:40.554121 sent 2024-12-11 17:50:40.409679
INFO:Message received on topic: type-1/26 with payload size: 91 at 2024-12-11 17:50:40.929488 sent 2024-12-11 17:50:40.695697
INFO:Message received on topic: type-1/26 with payload size: 91 at 2024-12-11 17:50:41.193296 sent 2024-12-11 17:50:40.981676
INFO:Message received on topic: type-1/26 with payload size: 91 at 2024-12-11 17:50:41.337193 sent 2024-12-11 17:50:41.272203
INFO:Message received on topic: type-1/26 with payload size: 91 at 2024-12-11 17:50:41.596634 sent 2024-12-11 17:50:41.561015
INFO:Message received on topic: type-1/26 with payload size: 91 at 2024-12-11 17:50:41.893586 sent 2024-12-11 17:50:41.847363
INFO:Message received on topic: type-1/26 with payload size: 91 at 2024-12-11 17:50:42.393209 sent 2024-12-11 17:50:42.137436
INFO:Message received on topic: type-1/26 with payload size: 91 at 2024-12-11 17:50:42.831170 sent 2024-12-11 17:50:42.422530
INFO:Message received on topic: type-1/26 with payload size: 91 at 2024-12-11 17:50:43.127351 sent 2024-12-11 17:50:42.709174
INFO:Message received on topic: type-1/26 with payload size: 91 at 2024-12-11 17:50:43.346848 sent 2024-12-11 17:50:42.994900
INFO:Message received on topic: type-1/26 with payload size: 91 at 2024-12-11 17:50:43.619258 sent 2024-12-11 17:50:43.287199
INFO:Message received on topic: type-1/26 with payload size: 91 at 2024-12-11 17:50:43.839834 sent 2024-12-11 17:50:43.575033
INFO:Message received on topic: type-1/26 with payload size: 91 at 2024-12-11 17:50:44.193483 sent 2024-12-11 17:50:43.860689
INFO:Message received on topic: type-1/26 with payload size: 91 at 2024-12-11 17:50:44.528065 sent 2024-12-11 17:50:44.150666
INFO:Message received on topic: type-1/26 with payload size: 91 at 2024-12-11 17:50:44.822389 sent 2024-12-11 17:50:44.436264
INFO:Message received on topic: type-1/26 with payload size: 91 at 2024-12-11 17:50:45.093168 sent 2024-12-11 17:50:44.722495
INFO:Message received on topic: type-1/26 with payload size: 91 at 2024-12-11 17:50:45.332837 sent 2024-12-11 17:50:45.008803
INFO:Message received on topic: type-1/26 with payload size: 91 at 2024-12-11 17:50:45.623691 sent 2024-12-11 17:50:45.303050
INFO:Message received on topic: type-1/26 with payload size: 91 at 2024-12-11 17:50:45.893287 sent 2024-12-11 17:50:45.593144
INFO:Message received on topic: type-1/26 with payload size: 91 at 2024-12-11 17:50:46.137933 sent 2024-12-11 17:50:45.894827
INFO:Message received on topic: type-1/26 with payload size: 91 at 2024-12-11 17:50:46.443759 sent 2024-12-11 17:50:46.185311
INFO:Message received on topic: type-1/26 with payload size: 91 at 2024-12-11 17:50:46.748723 sent 2024-12-11 17:50:46.477312
INFO:Message received on topic: type-1/26 with payload size: 91 at 2024-12-11 17:50:47.120396 sent 2024-12-11 17:50:46.766900
INFO:Message received on topic: type-1/26 with payload size: 91 at 2024-12-11 17:50:47.415728 sent 2024-12-11 17:50:47.058185
INFO:Message received on topic: type-1/26 with payload size: 91 at 2024-12-11 17:50:47.697755 sent 2024-12-11 17:50:47.352847
INFO:Message received on topic: type-1/26 with payload size: 91 at 2024-12-11 17:50:48.028898 sent 2024-12-11 17:50:47.642297
INFO:Message received on topic: type-1/26 with payload size: 91 at 2024-12-11 17:50:48.521538 sent 2024-12-11 17:50:47.929783
INFO:Message received on topic: type-1/26 with payload size: 91 at 2024-12-11 17:50:48.850784 sent 2024-12-11 17:50:48.222222
INFO:Message received on topic: type-1/26 with payload size: 91 at 2024-12-11 17:50:49.136704 sent 2024-12-11 17:50:48.519010
INFO:Message received on topic: type-1/26 with payload size: 91 at 2024-12-11 17:50:49.337789 sent 2024-12-11 17:50:48.811607
INFO:Message received on topic: type-1/26 with payload size: 91 at 2024-12-11 17:50:49.551970 sent 2024-12-11 17:50:49.098567
INFO:Message received on topic: type-1/26 with payload size: 91 at 2024-12-11 17:50:49.822163 sent 2024-12-11 17:50:49.386527
INFO:Message received on topic: type-1/26 with payload size: 91 at 2024-12-11 17:50:50.058546 sent 2024-12-11 17:50:49.674903
INFO:Message received on topic: type-1/26 with payload size: 91 at 2024-12-11 17:50:50.393643 sent 2024-12-11 17:50:49.963463
INFO:Message received on topic: type-1/26 with payload size: 91 at 2024-12-11 17:50:50.639695 sent 2024-12-11 17:50:50.251024
INFO:Message received on topic: type-1/26 with payload size: 91 at 2024-12-11 17:50:50.938222 sent 2024-12-11 17:50:50.539346
INFO:Message received on topic: type-1/26 with payload size: 91 at 2024-12-11 17:50:51.239896 sent 2024-12-11 17:50:50.826578
INFO:Message received on topic: type-1/26 with payload size: 91 at 2024-12-11 17:50:51.531903 sent 2024-12-11 17:50:51.115484
INFO:Message received on topic: type-1/26 with payload size: 91 at 2024-12-11 17:50:51.843563 sent 2024-12-11 17:50:51.404727
INFO:Message received on topic: type-1/26 with payload size: 91 at 2024-12-11 17:50:52.194351 sent 2024-12-11 17:50:51.695777
INFO:Message received on topic: type-1/26 with payload size: 91 at 2024-12-11 17:50:52.492907 sent 2024-12-11 17:50:51.982394
INFO:Message received on topic: type-1/26 with payload size: 91 at 2024-12-11 17:50:52.753814 sent 2024-12-11 17:50:52.277299
INFO:Message received on topic: type-1/26 with payload size: 91 at 2024-12-11 17:50:53.024314 sent 2024-12-11 17:50:52.562685
INFO:Message received on topic: type-1/26 with payload size: 91 at 2024-12-11 17:50:53.246942 sent 2024-12-11 17:50:52.849284
INFO:Message received on topic: type-1/26 with payload size: 91 at 2024-12-11 17:50:53.515354 sent 2024-12-11 17:50:53.138188
INFO:Message received on topic: type-1/26 with payload size: 91 at 2024-12-11 17:50:53.736893 sent 2024-12-11 17:50:53.426985
INFO:Message received on topic: type-1/26 with payload size: 91 at 2024-12-11 17:50:53.992998 sent 2024-12-11 17:50:53.715152
INFO:Message received on topic: type-1/26 with payload size: 91 at 2024-12-11 17:50:54.295777 sent 2024-12-11 17:50:54.002341
INFO:Message received on topic: type-1/26 with payload size: 91 at 2024-12-11 17:50:54.595128 sent 2024-12-11 17:50:54.291880
INFO:Message received on topic: type-1/26 with payload size: 91 at 2024-12-11 17:50:54.941306 sent 2024-12-11 17:50:54.578199
INFO:Message received on topic: type-1/26 with payload size: 91 at 2024-12-11 17:50:55.326801 sent 2024-12-11 17:50:54.864263
INFO:Message received on topic: type-1/26 with payload size: 91 at 2024-12-11 17:50:55.644244 sent 2024-12-11 17:50:55.153039
INFO:Message received on topic: type-1/26 with payload size: 91 at 2024-12-11 17:50:55.898427 sent 2024-12-11 17:50:55.438888
INFO:Message received on topic: type-1/26 with payload size: 91 at 2024-12-11 17:50:56.146223 sent 2024-12-11 17:50:55.724197
INFO:Message received on topic: type-1/26 with payload size: 91 at 2024-12-11 17:50:56.442220 sent 2024-12-11 17:50:56.012810
INFO:Message received on topic: type-1/26 with payload size: 91 at 2024-12-11 17:50:56.828548 sent 2024-12-11 17:50:56.302226
INFO:Message received on topic: type-1/26 with payload size: 91 at 2024-12-11 17:50:57.118695 sent 2024-12-11 17:50:56.595951
INFO:Message received on topic: type-1/26 with payload size: 91 at 2024-12-11 17:50:57.347996 sent 2024-12-11 17:50:56.881853
INFO:Message received on topic: type-1/26 with payload size: 91 at 2024-12-11 17:50:57.595426 sent 2024-12-11 17:50:57.170925
INFO:Message received on topic: type-1/26 with payload size: 91 at 2024-12-11 17:50:57.838262 sent 2024-12-11 17:50:57.463012
INFO:Message received on topic: type-1/26 with payload size: 91 at 2024-12-11 17:50:58.095912 sent 2024-12-11 17:50:57.751618
INFO:Message received on topic: type-1/26 with payload size: 91 at 2024-12-11 17:50:58.335149 sent 2024-12-11 17:50:58.040142
INFO:Message received on topic: type-1/26 with payload size: 91 at 2024-12-11 17:50:58.536428 sent 2024-12-11 17:50:58.329289
INFO:Message received on topic: type-1/26 with payload size: 91 at 2024-12-11 17:50:58.814077 sent 2024-12-11 17:50:58.617162
INFO:Message received on topic: type-1/26 with payload size: 91 at 2024-12-11 17:50:59.039767 sent 2024-12-11 17:50:58.905177
INFO:Message received on topic: type-1/26 with payload size: 91 at 2024-12-11 17:50:59.296778 sent 2024-12-11 17:50:59.193237
INFO:Message received on topic: type-1/26 with payload size: 91 at 2024-12-11 17:50:59.544718 sent 2024-12-11 17:50:59.481574
INFO:Message received on topic: type-1/26 with payload size: 91 at 2024-12-11 17:50:59.830537 sent 2024-12-11 17:50:59.769080
INFO:Message received on topic: type-1/26 with payload size: 91 at 2024-12-11 17:51:00.115192 sent 2024-12-11 17:51:00.055611
INFO:Message received on topic: type-1/26 with payload size: 91 at 2024-12-11 17:51:00.357206 sent 2024-12-11 17:51:00.342051
INFO:Message received on topic: type-1/26 with payload size: 91 at 2024-12-11 17:51:00.637895 sent 2024-12-11 17:51:00.628857
INFO:Message received on topic: type-1/26 with payload size: 91 at 2024-12-11 17:51:00.928184 sent 2024-12-11 17:51:00.915403
INFO:Message received on topic: type-1/26 with payload size: 91 at 2024-12-11 17:51:01.297129 sent 2024-12-11 17:51:01.204701
INFO:Message received on topic: type-1/26 with payload size: 91 at 2024-12-11 17:51:01.641755 sent 2024-12-11 17:51:01.499346
INFO:Message received on topic: type-1/26 with payload size: 91 at 2024-12-11 17:51:02.039953 sent 2024-12-11 17:51:01.788307
INFO:Message received on topic: type-1/26 with payload size: 91 at 2024-12-11 17:51:02.598563 sent 2024-12-11 17:51:02.074927
INFO:Message received on topic: type-1/26 with payload size: 91 at 2024-12-11 17:51:03.315973 sent 2024-12-11 17:51:02.364884
INFO:Message received on topic: type-1/26 with payload size: 91 at 2024-12-11 17:51:03.693727 sent 2024-12-11 17:51:02.654374
INFO:Message received on topic: type-1/26 with payload size: 91 at 2024-12-11 17:51:03.952195 sent 2024-12-11 17:51:02.942292
INFO:Message received on topic: type-1/26 with payload size: 91 at 2024-12-11 17:51:04.236830 sent 2024-12-11 17:51:03.227944
INFO:Message received on topic: type-1/26 with payload size: 91 at 2024-12-11 17:51:04.514653 sent 2024-12-11 17:51:03.514773
INFO:Message received on topic: type-1/26 with payload size: 91 at 2024-12-11 17:51:04.733807 sent 2024-12-11 17:51:03.803368
INFO:Message received on topic: type-1/26 with payload size: 91 at 2024-12-11 17:51:04.996592 sent 2024-12-11 17:51:04.093671
INFO:Message received on topic: type-1/26 with payload size: 91 at 2024-12-11 17:51:05.249518 sent 2024-12-11 17:51:04.385051
INFO:Message received on topic: type-1/26 with payload size: 91 at 2024-12-11 17:51:05.618890 sent 2024-12-11 17:51:04.675382
INFO:Message received on topic: type-1/26 with payload size: 91 at 2024-12-11 17:51:05.840200 sent 2024-12-11 17:51:04.966182
INFO:Message received on topic: type-1/26 with payload size: 91 at 2024-12-11 17:51:06.195617 sent 2024-12-11 17:51:05.258185
INFO:Message received on topic: type-1/26 with payload size: 91 at 2024-12-11 17:51:06.595434 sent 2024-12-11 17:51:05.558264
INFO:Message received on topic: type-1/26 with payload size: 91 at 2024-12-11 17:51:07.094325 sent 2024-12-11 17:51:05.849192
INFO:Message received on topic: type-1/26 with payload size: 91 at 2024-12-11 17:51:07.342238 sent 2024-12-11 17:51:06.135096
INFO:Message received on topic: type-1/26 with payload size: 91 at 2024-12-11 17:51:07.636859 sent 2024-12-11 17:51:06.421146
INFO:Message received on topic: type-1/26 with payload size: 91 at 2024-12-11 17:51:07.895488 sent 2024-12-11 17:51:06.707062
INFO:Message received on topic: type-1/26 with payload size: 91 at 2024-12-11 17:51:08.149597 sent 2024-12-11 17:51:06.992997
INFO:Message received on topic: type-1/26 with payload size: 91 at 2024-12-11 17:51:08.417092 sent 2024-12-11 17:51:07.281688
INFO:Message received on topic: type-1/26 with payload size: 91 at 2024-12-11 17:51:08.731989 sent 2024-12-11 17:51:07.569588
INFO:Message received on topic: type-1/26 with payload size: 91 at 2024-12-11 17:51:09.045429 sent 2024-12-11 17:51:07.881425
INFO:Message received on topic: type-1/26 with payload size: 91 at 2024-12-11 17:51:09.428595 sent 2024-12-11 17:51:08.168419
INFO:Message received on topic: type-1/26 with payload size: 91 at 2024-12-11 17:51:09.694584 sent 2024-12-11 17:51:08.462116
INFO:Message received on topic: type-1/26 with payload size: 91 at 2024-12-11 17:51:09.992965 sent 2024-12-11 17:51:08.750383
INFO:Message received on topic: type-1/26 with payload size: 91 at 2024-12-11 17:51:10.256895 sent 2024-12-11 17:51:09.038074
INFO:Message received on topic: type-1/26 with payload size: 91 at 2024-12-11 17:51:10.543176 sent 2024-12-11 17:51:09.324690
INFO:Message received on topic: type-1/26 with payload size: 91 at 2024-12-11 17:51:10.819350 sent 2024-12-11 17:51:09.612119
INFO:Message received on topic: type-1/26 with payload size: 91 at 2024-12-11 17:51:11.094569 sent 2024-12-11 17:51:09.907603
INFO:Message received on topic: type-1/26 with payload size: 91 at 2024-12-11 17:51:11.436372 sent 2024-12-11 17:51:10.196848
INFO:Message received on topic: type-1/26 with payload size: 91 at 2024-12-11 17:51:11.748670 sent 2024-12-11 17:51:10.484392
INFO:Message received on topic: type-1/26 with payload size: 91 at 2024-12-11 17:51:12.047763 sent 2024-12-11 17:51:10.771689
INFO:Message received on topic: type-1/26 with payload size: 91 at 2024-12-11 17:51:12.344732 sent 2024-12-11 17:51:11.061477
INFO:Message received on topic: type-1/26 with payload size: 91 at 2024-12-11 17:51:12.695402 sent 2024-12-11 17:51:11.355195
INFO:Message received on topic: type-1/26 with payload size: 91 at 2024-12-11 17:51:13.027395 sent 2024-12-11 17:51:11.642143
INFO:Message received on topic: type-1/26 with payload size: 91 at 2024-12-11 17:51:13.440049 sent 2024-12-11 17:51:11.930372
INFO:Message received on topic: type-1/26 with payload size: 91 at 2024-12-11 17:51:13.795435 sent 2024-12-11 17:51:12.220303
INFO:Message received on topic: type-1/26 with payload size: 91 at 2024-12-11 17:51:14.138539 sent 2024-12-11 17:51:12.507038
INFO:Message received on topic: type-1/26 with payload size: 91 at 2024-12-11 17:51:14.616453 sent 2024-12-11 17:51:12.800203
INFO:Message received on topic: type-1/26 with payload size: 91 at 2024-12-11 17:51:14.945959 sent 2024-12-11 17:51:13.091027
INFO:Message received on topic: type-1/26 with payload size: 91 at 2024-12-11 17:51:15.247107 sent 2024-12-11 17:51:13.380971
INFO:Message received on topic: type-1/26 with payload size: 91 at 2024-12-11 17:51:15.535691 sent 2024-12-11 17:51:13.668685
INFO:Message received on topic: type-1/26 with payload size: 91 at 2024-12-11 17:51:15.836311 sent 2024-12-11 17:51:13.956707
INFO:Message received on topic: type-1/26 with payload size: 91 at 2024-12-11 17:51:16.136279 sent 2024-12-11 17:51:14.244186
INFO:Message received on topic: type-1/26 with payload size: 91 at 2024-12-11 17:51:16.442440 sent 2024-12-11 17:51:14.537688
INFO:Message received on topic: type-1/26 with payload size: 91 at 2024-12-11 17:51:16.793701 sent 2024-12-11 17:51:14.827281
INFO:Message received on topic: type-1/26 with payload size: 91 at 2024-12-11 17:51:17.136780 sent 2024-12-11 17:51:15.118423
INFO:Message received on topic: type-1/26 with payload size: 91 at 2024-12-11 17:51:17.440983 sent 2024-12-11 17:51:15.405736
INFO:Message received on topic: type-1/26 with payload size: 91 at 2024-12-11 17:51:17.832164 sent 2024-12-11 17:51:15.692475
INFO:Message received on topic: type-1/26 with payload size: 91 at 2024-12-11 17:51:18.332619 sent 2024-12-11 17:51:15.984073
INFO:Message received on topic: type-1/26 with payload size: 91 at 2024-12-11 17:51:18.754789 sent 2024-12-11 17:51:16.282722
INFO:Message received on topic: type-1/26 with payload size: 91 at 2024-12-11 17:51:19.347689 sent 2024-12-11 17:51:16.573580
INFO:Message received on topic: type-1/26 with payload size: 91 at 2024-12-11 17:51:19.734710 sent 2024-12-11 17:51:16.863779
INFO:Message received on topic: type-1/26 with payload size: 91 at 2024-12-11 17:51:20.228462 sent 2024-12-11 17:51:17.152492
INFO:Message received on topic: type-1/26 with payload size: 91 at 2024-12-11 17:51:20.630291 sent 2024-12-11 17:51:17.447464
INFO:Message received on topic: type-1/26 with payload size: 91 at 2024-12-11 17:51:20.997426 sent 2024-12-11 17:51:17.736581
INFO:Message received on topic: type-1/26 with payload size: 91 at 2024-12-11 17:51:21.519016 sent 2024-12-11 17:51:18.025683
INFO:Message received on topic: type-1/26 with payload size: 91 at 2024-12-11 17:51:22.041988 sent 2024-12-11 17:51:18.314305
INFO:Message received on topic: type-1/26 with payload size: 91 at 2024-12-11 17:51:22.336348 sent 2024-12-11 17:51:18.600961
INFO:Message received on topic: type-1/26 with payload size: 91 at 2024-12-11 17:51:22.696877 sent 2024-12-11 17:51:18.893490
INFO:Message received on topic: type-1/26 with payload size: 91 at 2024-12-11 17:51:23.033435 sent 2024-12-11 17:51:19.181576
INFO:Message received on topic: type-1/26 with payload size: 91 at 2024-12-11 17:51:23.398629 sent 2024-12-11 17:51:19.468201
INFO:Message received on topic: type-1/26 with payload size: 91 at 2024-12-11 17:51:23.757319 sent 2024-12-11 17:51:19.755672
INFO:Message received on topic: type-1/26 with payload size: 91 at 2024-12-11 17:51:24.195881 sent 2024-12-11 17:51:20.044626
INFO:Message received on topic: type-1/26 with payload size: 91 at 2024-12-11 17:51:24.529593 sent 2024-12-11 17:51:20.333696
INFO:Message received on topic: type-1/26 with payload size: 91 at 2024-12-11 17:51:24.899114 sent 2024-12-11 17:51:20.626346
INFO:Message received on topic: type-1/26 with payload size: 91 at 2024-12-11 17:51:25.227472 sent 2024-12-11 17:51:20.914047
INFO:Message received on topic: type-1/26 with payload size: 91 at 2024-12-11 17:51:25.524224 sent 2024-12-11 17:51:21.199811
INFO:Message received on topic: type-1/26 with payload size: 91 at 2024-12-11 17:51:25.853050 sent 2024-12-11 17:51:21.487473
INFO:Message received on topic: type-1/26 with payload size: 91 at 2024-12-11 17:51:26.219076 sent 2024-12-11 17:51:21.773914
INFO:Message received on topic: type-1/26 with payload size: 91 at 2024-12-11 17:51:26.549441 sent 2024-12-11 17:51:22.064263
INFO:Message received on topic: type-1/26 with payload size: 91 at 2024-12-11 17:51:26.923046 sent 2024-12-11 17:51:22.354064
INFO:Message received on topic: type-1/26 with payload size: 91 at 2024-12-11 17:51:27.396063 sent 2024-12-11 17:51:22.644533
INFO:Message received on topic: type-1/26 with payload size: 91 at 2024-12-11 17:51:27.935276 sent 2024-12-11 17:51:22.941235
INFO:Message received on topic: type-1/26 with payload size: 91 at 2024-12-11 17:51:28.515415 sent 2024-12-11 17:51:23.229639
INFO:Message received on topic: type-1/26 with payload size: 91 at 2024-12-11 17:51:29.092867 sent 2024-12-11 17:51:23.521838
INFO:Message received on topic: type-1/26 with payload size: 91 at 2024-12-11 17:51:29.631781 sent 2024-12-11 17:51:23.810038
INFO:Message received on topic: type-1/26 with payload size: 91 at 2024-12-11 17:51:30.547246 sent 2024-12-11 17:51:24.103466
INFO:Message received on topic: type-1/26 with payload size: 91 at 2024-12-11 17:51:31.118134 sent 2024-12-11 17:51:24.391491
INFO:Message received on topic: type-1/26 with payload size: 91 at 2024-12-11 17:51:31.621667 sent 2024-12-11 17:51:24.679347
INFO:Message received on topic: type-1/26 with payload size: 91 at 2024-12-11 17:51:32.316731 sent 2024-12-11 17:51:24.966334
INFO:Message received on topic: type-1/26 with payload size: 91 at 2024-12-11 17:51:32.895598 sent 2024-12-11 17:51:25.257592
INFO:Message received on topic: type-1/26 with payload size: 91 at 2024-12-11 17:51:33.445819 sent 2024-12-11 17:51:25.549636
INFO:Message received on topic: type-1/26 with payload size: 91 at 2024-12-11 17:51:34.117076 sent 2024-12-11 17:51:25.840475
INFO:Message received on topic: type-1/26 with payload size: 91 at 2024-12-11 17:51:34.632389 sent 2024-12-11 17:51:26.130489
INFO:Message received on topic: type-1/26 with payload size: 91 at 2024-12-11 17:51:35.394905 sent 2024-12-11 17:51:26.421835
INFO:Message received on topic: type-1/26 with payload size: 91 at 2024-12-11 17:51:36.201300 sent 2024-12-11 17:51:26.711954
INFO:Message received on topic: type-1/26 with payload size: 91 at 2024-12-11 17:51:36.729884 sent 2024-12-11 17:51:26.999917
INFO:Message received on topic: type-1/26 with payload size: 91 at 2024-12-11 17:51:37.240478 sent 2024-12-11 17:51:27.287081
INFO:Message received on topic: type-1/26 with payload size: 91 at 2024-12-11 17:51:37.714662 sent 2024-12-11 17:51:27.580384
INFO:Message received on topic: type-1/26 with payload size: 91 at 2024-12-11 17:51:38.295132 sent 2024-12-11 17:51:27.867572
INFO:Message received on topic: type-1/26 with payload size: 91 at 2024-12-11 17:51:38.946078 sent 2024-12-11 17:51:28.168117
INFO:Message received on topic: type-1/26 with payload size: 91 at 2024-12-11 17:51:39.635718 sent 2024-12-11 17:51:28.456358
INFO:Message received on topic: type-1/26 with payload size: 91 at 2024-12-11 17:51:40.448305 sent 2024-12-11 17:51:28.751262
INFO:Message received on topic: type-1/26 with payload size: 91 at 2024-12-11 17:51:41.336847 sent 2024-12-11 17:51:29.039017
INFO:Message received on topic: type-1/26 with payload size: 91 at 2024-12-11 17:51:41.842807 sent 2024-12-11 17:51:29.327539
INFO:Message received on topic: type-1/26 with payload size: 91 at 2024-12-11 17:51:42.398740 sent 2024-12-11 17:51:29.626000
INFO:Message received on topic: type-1/26 with payload size: 91 at 2024-12-11 17:51:42.845787 sent 2024-12-11 17:51:29.913215
INFO:Message received on topic: type-1/26 with payload size: 91 at 2024-12-11 17:51:43.340071 sent 2024-12-11 17:51:30.200601
INFO:Message received on topic: type-1/26 with payload size: 91 at 2024-12-11 17:51:43.744012 sent 2024-12-11 17:51:30.488249
INFO:Message received on topic: type-1/26 with payload size: 91 at 2024-12-11 17:51:44.232594 sent 2024-12-11 17:51:30.775349
INFO:Message received on topic: type-1/26 with payload size: 91 at 2024-12-11 17:51:44.793955 sent 2024-12-11 17:51:31.062775
INFO:Message received on topic: type-1/26 with payload size: 91 at 2024-12-11 17:51:45.542976 sent 2024-12-11 17:51:31.353027
INFO:Message received on topic: type-1/26 with payload size: 91 at 2024-12-11 17:51:46.332314 sent 2024-12-11 17:51:31.639531
INFO:Message received on topic: type-1/26 with payload size: 91 at 2024-12-11 17:51:46.948683 sent 2024-12-11 17:51:31.925269
INFO:Message received on topic: type-1/26 with payload size: 91 at 2024-12-11 17:51:47.843266 sent 2024-12-11 17:51:32.211743
INFO:Message received on topic: type-1/26 with payload size: 91 at 2024-12-11 17:51:48.536597 sent 2024-12-11 17:51:32.505260
INFO:Message received on topic: type-1/26 with payload size: 91 at 2024-12-11 17:51:49.025828 sent 2024-12-11 17:51:32.795666
INFO:Message received on topic: type-1/26 with payload size: 91 at 2024-12-11 17:51:49.448760 sent 2024-12-11 17:51:33.097409
INFO:Message received on topic: type-1/26 with payload size: 91 at 2024-12-11 17:51:49.926422 sent 2024-12-11 17:51:33.384598
INFO:Message received on topic: type-1/26 with payload size: 91 at 2024-12-11 17:51:50.524230 sent 2024-12-11 17:51:33.672653
INFO:Message received on topic: type-1/26 with payload size: 91 at 2024-12-11 17:51:51.394069 sent 2024-12-11 17:51:33.959713
INFO:Message received on topic: type-1/26 with payload size: 91 at 2024-12-11 17:51:51.820093 sent 2024-12-11 17:51:34.246453
INFO:Message received on topic: type-1/26 with payload size: 91 at 2024-12-11 17:51:52.328208 sent 2024-12-11 17:51:34.534917
INFO:Message received on topic: type-1/26 with payload size: 91 at 2024-12-11 17:51:52.798988 sent 2024-12-11 17:51:34.823004
INFO:Message received on topic: type-1/26 with payload size: 91 at 2024-12-11 17:51:53.298004 sent 2024-12-11 17:51:35.111291
INFO:Message received on topic: type-1/26 with payload size: 91 at 2024-12-11 17:51:53.747470 sent 2024-12-11 17:51:35.398563
INFO:Message received on topic: type-1/26 with payload size: 91 at 2024-12-11 17:51:54.338790 sent 2024-12-11 17:51:35.690869
INFO:Message received on topic: type-1/26 with payload size: 91 at 2024-12-11 17:51:54.829081 sent 2024-12-11 17:51:35.978765
INFO:Message received on topic: type-1/26 with payload size: 91 at 2024-12-11 17:51:55.303099 sent 2024-12-11 17:51:36.266560
INFO:Message received on topic: type-1/26 with payload size: 91 at 2024-12-11 17:51:55.734727 sent 2024-12-11 17:51:36.559655
INFO:Message received on topic: type-1/26 with payload size: 91 at 2024-12-11 17:51:56.394611 sent 2024-12-11 17:51:36.848411
INFO:Message received on topic: type-1/26 with payload size: 91 at 2024-12-11 17:51:56.942475 sent 2024-12-11 17:51:37.136657
INFO:Message received on topic: type-1/26 with payload size: 91 at 2024-12-11 17:51:57.600206 sent 2024-12-11 17:51:37.426302
INFO:Message received on topic: type-1/26 with payload size: 91 at 2024-12-11 17:51:58.195654 sent 2024-12-11 17:51:37.718967
INFO:Message received on topic: type-1/26 with payload size: 91 at 2024-12-11 17:51:58.747746 sent 2024-12-11 17:51:38.007573
INFO:Message received on topic: type-1/26 with payload size: 91 at 2024-12-11 17:51:59.315601 sent 2024-12-11 17:51:38.295758
INFO:Message received on topic: type-1/26 with payload size: 91 at 2024-12-11 17:51:59.843626 sent 2024-12-11 17:51:38.585311
INFO:Message received on topic: type-1/26 with payload size: 91 at 2024-12-11 17:52:00.415680 sent 2024-12-11 17:51:38.873330
INFO:Message received on topic: type-1/26 with payload size: 91 at 2024-12-11 17:52:00.929985 sent 2024-12-11 17:51:39.191613
INFO:Message received on topic: type-1/26 with payload size: 91 at 2024-12-11 17:52:01.445413 sent 2024-12-11 17:51:39.483367
INFO:Message received on topic: type-1/26 with payload size: 91 at 2024-12-11 17:52:01.999946 sent 2024-12-11 17:51:39.772691
INFO:Message received on topic: type-1/26 with payload size: 91 at 2024-12-11 17:52:02.596086 sent 2024-12-11 17:51:40.065479
INFO:Message received on topic: type-1/26 with payload size: 91 at 2024-12-11 17:52:03.259437 sent 2024-12-11 17:51:41.035672
INFO:Message received on topic: type-1/26 with payload size: 91 at 2024-12-11 17:52:03.900259 sent 2024-12-11 17:51:41.325245
INFO:Message received on topic: type-1/26 with payload size: 91 at 2024-12-11 17:52:04.437724 sent 2024-12-11 17:51:41.613073
INFO:Message received on topic: type-1/26 with payload size: 91 at 2024-12-11 17:52:05.001428 sent 2024-12-11 17:51:41.899063
INFO:Message received on topic: type-1/26 with payload size: 91 at 2024-12-11 17:52:05.623003 sent 2024-12-11 17:51:42.186442
INFO:Message received on topic: type-1/26 with payload size: 91 at 2024-12-11 17:52:06.816071 sent 2024-12-11 17:51:42.473314
INFO:Message received on topic: type-1/26 with payload size: 91 at 2024-12-11 17:52:07.415434 sent 2024-12-11 17:51:42.759767
INFO:Message received on topic: type-1/26 with payload size: 91 at 2024-12-11 17:52:07.945642 sent 2024-12-11 17:51:43.047307
INFO:Message received on topic: type-1/26 with payload size: 91 at 2024-12-11 17:52:08.532231 sent 2024-12-11 17:51:43.333655
INFO:Message received on topic: type-1/26 with payload size: 91 at 2024-12-11 17:52:09.418152 sent 2024-12-11 17:51:43.621948
INFO:Message received on topic: type-1/26 with payload size: 91 at 2024-12-11 17:52:10.237244 sent 2024-12-11 17:51:43.909067
INFO:Message received on topic: type-1/26 with payload size: 91 at 2024-12-11 17:52:10.818896 sent 2024-12-11 17:51:44.196175
INFO:Message received on topic: type-1/26 with payload size: 91 at 2024-12-11 17:52:11.424982 sent 2024-12-11 17:51:44.483133
INFO:Message received on topic: type-1/26 with payload size: 91 at 2024-12-11 17:52:12.513789 sent 2024-12-11 17:51:44.770069
INFO:Message received on topic: type-1/26 with payload size: 91 at 2024-12-11 17:52:13.329290 sent 2024-12-11 17:51:45.061683
INFO:Message received on topic: type-1/26 with payload size: 91 at 2024-12-11 17:52:14.541798 sent 2024-12-11 17:51:45.348022
INFO:Message received on topic: type-1/26 with payload size: 91 at 2024-12-11 17:52:15.498237 sent 2024-12-11 17:51:45.635340
INFO:Message received on topic: type-1/26 with payload size: 91 at 2024-12-11 17:52:16.596995 sent 2024-12-11 17:51:45.923585
INFO:Message received on topic: type-1/26 with payload size: 91 at 2024-12-11 17:52:17.639779 sent 2024-12-11 17:51:46.211587
INFO:Message received on topic: type-1/26 with payload size: 91 at 2024-12-11 17:52:18.813676 sent 2024-12-11 17:51:46.515318
INFO:Message received on topic: type-1/26 with payload size: 91 at 2024-12-11 17:52:19.808771 sent 2024-12-11 17:51:46.804060
INFO:Message received on topic: type-1/26 with payload size: 91 at 2024-12-11 17:52:20.831398 sent 2024-12-11 17:51:47.091036
INFO:Message received on topic: type-1/26 with payload size: 91 at 2024-12-11 17:52:21.827110 sent 2024-12-11 17:51:47.377357
INFO:Message received on topic: type-1/26 with payload size: 91 at 2024-12-11 17:52:22.725302 sent 2024-12-11 17:51:47.664311
INFO:Message received on topic: type-1/26 with payload size: 91 at 2024-12-11 17:52:23.524851 sent 2024-12-11 17:51:47.951138
INFO:Message received on topic: type-1/26 with payload size: 91 at 2024-12-11 17:52:24.430452 sent 2024-12-11 17:51:48.237199
INFO:Message received on topic: type-1/26 with payload size: 91 at 2024-12-11 17:52:25.519072 sent 2024-12-11 17:51:48.524204
INFO:Message received on topic: type-1/26 with payload size: 91 at 2024-12-11 17:52:26.693486 sent 2024-12-11 17:51:48.859891
INFO:Message received on topic: type-1/26 with payload size: 91 at 2024-12-11 17:52:27.822354 sent 2024-12-11 17:51:49.146846
INFO:Message received on topic: type-1/26 with payload size: 91 at 2024-12-11 17:52:28.916567 sent 2024-12-11 17:51:49.434995
INFO:Message received on topic: type-1/26 with payload size: 91 at 2024-12-11 17:52:30.422970 sent 2024-12-11 17:51:49.724746
INFO:Message received on topic: type-1/26 with payload size: 91 at 2024-12-11 17:52:31.536650 sent 2024-12-11 17:51:50.015807
INFO:Message received on topic: type-1/26 with payload size: 91 at 2024-12-11 17:52:32.839597 sent 2024-12-11 17:51:50.303064
INFO:Message received on topic: type-1/26 with payload size: 91 at 2024-12-11 17:52:33.931894 sent 2024-12-11 17:51:50.588925
INFO:Message received on topic: type-1/26 with payload size: 91 at 2024-12-11 17:52:35.216964 sent 2024-12-11 17:51:50.876148
INFO:Message received on topic: type-1/26 with payload size: 91 at 2024-12-11 17:52:36.122878 sent 2024-12-11 17:51:51.164314
INFO:Message received on topic: type-1/26 with payload size: 91 at 2024-12-11 17:52:37.898889 sent 2024-12-11 17:51:51.453221
INFO:Message received on topic: type-1/26 with payload size: 91 at 2024-12-11 17:52:39.222404 sent 2024-12-11 17:51:51.743207
INFO:Message received on topic: type-1/26 with payload size: 91 at 2024-12-11 17:52:40.434118 sent 2024-12-11 17:51:52.030136
INFO:Message received on topic: type-1/26 with payload size: 91 at 2024-12-11 17:52:41.521917 sent 2024-12-11 17:51:52.318324
INFO:Message received on topic: type-1/26 with payload size: 91 at 2024-12-11 17:52:43.753476 sent 2024-12-11 17:51:52.604956
INFO:Message received on topic: type-1/26 with payload size: 91 at 2024-12-11 17:52:45.193313 sent 2024-12-11 17:51:52.892442
INFO:Message received on topic: type-1/26 with payload size: 91 at 2024-12-11 17:52:46.216050 sent 2024-12-11 17:51:53.180455
INFO:Message received on topic: type-1/26 with payload size: 91 at 2024-12-11 17:52:47.215470 sent 2024-12-11 17:51:53.468205
INFO:Message received on topic: type-1/26 with payload size: 91 at 2024-12-11 17:52:48.301241 sent 2024-12-11 17:51:53.759359
INFO:Message received on topic: type-1/26 with payload size: 91 at 2024-12-11 17:52:49.442081 sent 2024-12-11 17:51:54.047753
INFO:Message received on topic: type-1/26 with payload size: 91 at 2024-12-11 17:52:50.932992 sent 2024-12-11 17:51:54.335332
INFO:Message received on topic: type-1/26 with payload size: 91 at 2024-12-11 17:52:52.197059 sent 2024-12-11 17:51:54.620389
INFO:Message received on topic: type-1/26 with payload size: 91 at 2024-12-11 17:52:53.620866 sent 2024-12-11 17:51:54.907213
INFO:Message received on topic: type-1/26 with payload size: 91 at 2024-12-11 17:52:55.201076 sent 2024-12-11 17:51:55.198479
INFO:Message received on topic: type-1/26 with payload size: 91 at 2024-12-11 17:52:57.015360 sent 2024-12-11 17:51:55.487198
INFO:Message received on topic: type-1/26 with payload size: 91 at 2024-12-11 17:52:58.001191 sent 2024-12-11 17:51:55.775586
INFO:Message received on topic: type-1/26 with payload size: 91 at 2024-12-11 17:52:59.221741 sent 2024-12-11 17:51:56.062329
INFO:Message received on topic: type-1/26 with payload size: 91 at 2024-12-11 17:53:00.523882 sent 2024-12-11 17:51:56.348695
INFO:Message received on topic: type-1/26 with payload size: 91 at 2024-12-11 17:53:02.045250 sent 2024-12-11 17:51:56.635445
INFO:Message received on topic: type-1/26 with payload size: 91 at 2024-12-11 17:53:02.996334 sent 2024-12-11 17:51:56.920825
INFO:Message received on topic: type-1/26 with payload size: 91 at 2024-12-11 17:53:04.119318 sent 2024-12-11 17:51:57.209783
INFO:Message received on topic: type-1/26 with payload size: 91 at 2024-12-11 17:53:05.716725 sent 2024-12-11 17:51:57.494875
INFO:Message received on topic: type-1/26 with payload size: 91 at 2024-12-11 17:53:07.125149 sent 2024-12-11 17:51:57.781525
INFO:Message received on topic: type-1/26 with payload size: 91 at 2024-12-11 17:53:08.127737 sent 2024-12-11 17:51:58.067368
INFO:Message received on topic: type-1/26 with payload size: 91 at 2024-12-11 17:53:09.131880 sent 2024-12-11 17:51:58.353814
INFO:Message received on topic: type-1/26 with payload size: 91 at 2024-12-11 17:53:10.117868 sent 2024-12-11 17:51:58.641579
INFO:Message received on topic: type-1/26 with payload size: 91 at 2024-12-11 17:53:11.341690 sent 2024-12-11 17:51:58.935036
INFO:Message received on topic: type-1/26 with payload size: 91 at 2024-12-11 17:53:12.401192 sent 2024-12-11 17:51:59.221435
INFO:Message received on topic: type-1/26 with payload size: 91 at 2024-12-11 17:53:13.595590 sent 2024-12-11 17:51:59.508946
INFO:Message received on topic: type-1/26 with payload size: 91 at 2024-12-11 17:53:14.817623 sent 2024-12-11 17:51:59.795305
INFO:Message received on topic: type-1/26 with payload size: 91 at 2024-12-11 17:53:16.033815 sent 2024-12-11 17:52:00.081631
INFO:Message received on topic: type-1/26 with payload size: 91 at 2024-12-11 17:53:17.137092 sent 2024-12-11 17:52:00.367575
INFO:Message received on topic: type-1/26 with payload size: 91 at 2024-12-11 17:53:18.921068 sent 2024-12-11 17:52:00.653029
INFO:Message received on topic: type-1/26 with payload size: 91 at 2024-12-11 17:53:20.117642 sent 2024-12-11 17:52:00.937527
INFO:Message received on topic: type-1/26 with payload size: 91 at 2024-12-11 17:53:21.396234 sent 2024-12-11 17:52:01.224221
INFO:Message received on topic: type-1/26 with payload size: 91 at 2024-12-11 17:53:22.794468 sent 2024-12-11 17:52:01.513081
INFO:Message received on topic: type-1/26 with payload size: 91 at 2024-12-11 17:53:23.701050 sent 2024-12-11 17:52:01.801817
INFO:Message received on topic: type-1/26 with payload size: 91 at 2024-12-11 17:53:24.798796 sent 2024-12-11 17:52:02.088590
INFO:Message received on topic: type-1/26 with payload size: 91 at 2024-12-11 17:53:25.796669 sent 2024-12-11 17:52:02.375190
INFO:Message received on topic: type-1/26 with payload size: 91 at 2024-12-11 17:53:26.739907 sent 2024-12-11 17:52:02.661817
INFO:Message received on topic: type-1/26 with payload size: 91 at 2024-12-11 17:53:28.231053 sent 2024-12-11 17:52:02.948407
INFO:Message received on topic: type-1/26 with payload size: 91 at 2024-12-11 17:53:29.520292 sent 2024-12-11 17:52:03.235209
INFO:Message received on topic: type-1/26 with payload size: 91 at 2024-12-11 17:53:30.695674 sent 2024-12-11 17:52:03.522210
INFO:Message received on topic: type-1/26 with payload size: 91 at 2024-12-11 17:53:32.126921 sent 2024-12-11 17:52:03.809663
INFO:Message received on topic: type-1/26 with payload size: 91 at 2024-12-11 17:53:33.443912 sent 2024-12-11 17:52:04.097231
INFO:Message received on topic: type-1/26 with payload size: 91 at 2024-12-11 17:53:34.520018 sent 2024-12-11 17:52:04.389826
INFO:Message received on topic: type-1/26 with payload size: 91 at 2024-12-11 17:53:35.695936 sent 2024-12-11 17:52:04.677854
INFO:Message received on topic: type-1/26 with payload size: 91 at 2024-12-11 17:53:37.113995 sent 2024-12-11 17:52:04.964486
INFO:Message received on topic: type-1/26 with payload size: 91 at 2024-12-11 17:53:37.996360 sent 2024-12-11 17:52:05.252657
INFO:Message received on topic: type-1/26 with payload size: 91 at 2024-12-11 17:53:38.950391 sent 2024-12-11 17:52:05.541086
INFO:Message received on topic: type-1/26 with payload size: 91 at 2024-12-11 17:53:40.932851 sent 2024-12-11 17:52:05.829943
INFO:Message received on topic: type-1/26 with payload size: 91 at 2024-12-11 17:53:42.095798 sent 2024-12-11 17:52:06.117210
INFO:Message received on topic: type-1/26 with payload size: 91 at 2024-12-11 17:53:43.194073 sent 2024-12-11 17:52:06.405651
INFO:Message received on topic: type-1/26 with payload size: 91 at 2024-12-11 17:53:44.114696 sent 2024-12-11 17:52:06.693524
INFO:Message received on topic: type-1/26 with payload size: 91 at 2024-12-11 17:53:45.235586 sent 2024-12-11 17:52:06.980363
INFO:Message received on topic: type-1/26 with payload size: 91 at 2024-12-11 17:53:46.324261 sent 2024-12-11 17:52:07.268381
INFO:Message received on topic: type-1/26 with payload size: 91 at 2024-12-11 17:53:47.501148 sent 2024-12-11 17:52:07.554996
INFO:Message received on topic: type-1/26 with payload size: 91 at 2024-12-11 17:53:49.019349 sent 2024-12-11 17:52:07.842219
INFO:Message received on topic: type-1/26 with payload size: 91 at 2024-12-11 17:53:49.834638 sent 2024-12-11 17:52:08.129701
INFO:Message received on topic: type-1/26 with payload size: 91 at 2024-12-11 17:53:50.928654 sent 2024-12-11 17:52:08.417198
INFO:Message received on topic: type-1/26 with payload size: 91 at 2024-12-11 17:53:52.234094 sent 2024-12-11 17:52:08.716265
INFO:Message received on topic: type-1/26 with payload size: 91 at 2024-12-11 17:53:53.295580 sent 2024-12-11 17:52:09.004022
INFO:Message received on topic: type-1/26 with payload size: 91 at 2024-12-11 17:53:54.494174 sent 2024-12-11 17:52:09.294023
INFO:Message received on topic: type-1/26 with payload size: 91 at 2024-12-11 17:53:55.624493 sent 2024-12-11 17:52:09.581672
INFO:Message received on topic: type-1/26 with payload size: 91 at 2024-12-11 17:53:56.701359 sent 2024-12-11 17:52:09.867468
INFO:Message received on topic: type-1/26 with payload size: 91 at 2024-12-11 17:53:58.033112 sent 2024-12-11 17:52:10.154762
INFO:Message received on topic: type-1/26 with payload size: 91 at 2024-12-11 17:53:59.332691 sent 2024-12-11 17:52:10.440813
INFO:Message received on topic: type-1/26 with payload size: 91 at 2024-12-11 17:54:01.128356 sent 2024-12-11 17:52:10.729155
INFO:Message received on topic: type-1/26 with payload size: 91 at 2024-12-11 17:54:02.399088 sent 2024-12-11 17:52:11.021163
INFO:Message received on topic: type-1/26 with payload size: 91 at 2024-12-11 17:54:03.726619 sent 2024-12-11 17:52:11.311270
INFO:Message received on topic: type-1/26 with payload size: 91 at 2024-12-11 17:54:04.743175 sent 2024-12-11 17:52:11.598934
INFO:Message received on topic: type-1/26 with payload size: 91 at 2024-12-11 17:54:06.020080 sent 2024-12-11 17:52:11.887082
INFO:Message received on topic: type-1/26 with payload size: 91 at 2024-12-11 17:54:07.340974 sent 2024-12-11 17:52:12.176123
INFO:Message received on topic: type-1/26 with payload size: 91 at 2024-12-11 17:54:08.435746 sent 2024-12-11 17:52:12.462866
INFO:Message received on topic: type-1/26 with payload size: 91 at 2024-12-11 17:54:09.803022 sent 2024-12-11 17:52:12.749120
INFO:Message received on topic: type-1/26 with payload size: 91 at 2024-12-11 17:54:11.124208 sent 2024-12-11 17:52:13.037268
INFO:Message received on topic: type-1/26 with payload size: 91 at 2024-12-11 17:54:12.901629 sent 2024-12-11 17:52:13.324442
INFO:Message received on topic: type-1/26 with payload size: 91 at 2024-12-11 17:54:14.523138 sent 2024-12-11 17:52:13.613878
INFO:Message received on topic: type-1/26 with payload size: 91 at 2024-12-11 17:54:16.320010 sent 2024-12-11 17:52:13.900076
INFO:Message received on topic: type-1/26 with payload size: 91 at 2024-12-11 17:54:17.619415 sent 2024-12-11 17:52:14.186614
INFO:Message received on topic: type-1/26 with payload size: 91 at 2024-12-11 17:54:19.139580 sent 2024-12-11 17:52:14.476399
INFO:Message received on topic: type-1/26 with payload size: 91 at 2024-12-11 17:54:20.947415 sent 2024-12-11 17:52:14.765019
INFO:Message received on topic: type-1/26 with payload size: 91 at 2024-12-11 17:54:22.749466 sent 2024-12-11 17:52:15.050598
INFO:Message received on topic: type-1/26 with payload size: 91 at 2024-12-11 17:54:24.126744 sent 2024-12-11 17:52:15.335833
INFO:Message received on topic: type-1/26 with payload size: 91 at 2024-12-11 17:54:25.617201 sent 2024-12-11 17:52:15.624255
INFO:Message received on topic: type-1/26 with payload size: 91 at 2024-12-11 17:54:27.034326 sent 2024-12-11 17:52:15.909541
INFO:Message received on topic: type-1/26 with payload size: 91 at 2024-12-11 17:54:28.193756 sent 2024-12-11 17:52:16.195556
INFO:Message received on topic: type-1/26 with payload size: 91 at 2024-12-11 17:54:29.336419 sent 2024-12-11 17:52:16.480656
INFO:Message received on topic: type-1/26 with payload size: 91 at 2024-12-11 17:54:30.714429 sent 2024-12-11 17:52:16.765859
INFO:Message received on topic: type-1/26 with payload size: 91 at 2024-12-11 17:54:31.842494 sent 2024-12-11 17:52:17.051700
INFO:Message received on topic: type-1/26 with payload size: 91 at 2024-12-11 17:54:33.025643 sent 2024-12-11 17:52:17.347210
INFO:Message received on topic: type-1/26 with payload size: 91 at 2024-12-11 17:54:34.342201 sent 2024-12-11 17:52:17.631705
INFO:Message received on topic: type-1/26 with payload size: 91 at 2024-12-11 17:54:35.615085 sent 2024-12-11 17:52:17.919180
INFO:Message received on topic: type-1/26 with payload size: 91 at 2024-12-11 17:54:36.918089 sent 2024-12-11 17:52:18.205290
INFO:Message received on topic: type-1/26 with payload size: 91 at 2024-12-11 17:54:37.935749 sent 2024-12-11 17:52:18.492218
INFO:Message received on topic: type-1/26 with payload size: 91 at 2024-12-11 17:54:39.241899 sent 2024-12-11 17:52:18.777166
INFO:Message received on topic: type-1/26 with payload size: 91 at 2024-12-11 17:54:40.425468 sent 2024-12-11 17:52:19.062869
INFO:Message received on topic: type-1/26 with payload size: 91 at 2024-12-11 17:54:41.517746 sent 2024-12-11 17:52:19.371724
INFO:Message received on topic: type-1/26 with payload size: 91 at 2024-12-11 17:54:42.894827 sent 2024-12-11 17:52:19.658914
INFO:Message received on topic: type-1/26 with payload size: 91 at 2024-12-11 17:54:43.997396 sent 2024-12-11 17:52:19.946028
INFO:Message received on topic: type-1/26 with payload size: 91 at 2024-12-11 17:54:45.315851 sent 2024-12-11 17:52:20.231948
INFO:Message received on topic: type-1/26 with payload size: 91 at 2024-12-11 17:54:46.448452 sent 2024-12-11 17:52:20.516569
INFO:Message received on topic: type-1/26 with payload size: 91 at 2024-12-11 17:54:47.614644 sent 2024-12-11 17:52:20.800402
INFO:Message received on topic: type-1/26 with payload size: 91 at 2024-12-11 17:54:49.230705 sent 2024-12-11 17:52:21.084270
INFO:Message received on topic: type-1/26 with payload size: 91 at 2024-12-11 17:54:50.620934 sent 2024-12-11 17:52:21.368382
INFO:Message received on topic: type-1/26 with payload size: 91 at 2024-12-11 17:54:51.998687 sent 2024-12-11 17:52:21.653304
INFO:Message received on topic: type-1/26 with payload size: 91 at 2024-12-11 17:54:53.217974 sent 2024-12-11 17:52:21.939565
INFO:Message received on topic: type-1/26 with payload size: 91 at 2024-12-11 17:54:54.531580 sent 2024-12-11 17:52:22.227437
INFO:Message received on topic: type-1/26 with payload size: 91 at 2024-12-11 17:54:55.896637 sent 2024-12-11 17:52:22.512553
INFO:Message received on topic: type-1/26 with payload size: 91 at 2024-12-11 17:54:57.246397 sent 2024-12-11 17:52:22.799762
INFO:Message received on topic: type-1/26 with payload size: 91 at 2024-12-11 17:54:58.498605 sent 2024-12-11 17:52:23.086466
INFO:Message received on topic: type-1/26 with payload size: 91 at 2024-12-11 17:54:59.838254 sent 2024-12-11 17:52:23.373420
INFO:Message received on topic: type-1/26 with payload size: 91 at 2024-12-11 17:55:01.428486 sent 2024-12-11 17:52:23.660902
INFO:Message received on topic: type-1/26 with payload size: 91 at 2024-12-11 17:55:02.654302 sent 2024-12-11 17:52:23.947955
INFO:Message received on topic: type-1/26 with payload size: 91 at 2024-12-11 17:55:03.832191 sent 2024-12-11 17:52:24.235067
INFO:Message received on topic: type-1/26 with payload size: 91 at 2024-12-11 17:55:04.919850 sent 2024-12-11 17:52:24.522879
INFO:Message received on topic: type-1/26 with payload size: 91 at 2024-12-11 17:55:06.130112 sent 2024-12-11 17:52:24.809693
INFO:Message received on topic: type-1/26 with payload size: 91 at 2024-12-11 17:55:07.552613 sent 2024-12-11 17:52:25.096704
INFO:Message received on topic: type-1/26 with payload size: 91 at 2024-12-11 17:55:08.850733 sent 2024-12-11 17:52:25.385937
INFO:Message received on topic: type-1/26 with payload size: 91 at 2024-12-11 17:55:10.122725 sent 2024-12-11 17:52:25.678092
INFO:Message received on topic: type-1/26 with payload size: 91 at 2024-12-11 17:55:11.194614 sent 2024-12-11 17:52:25.963188
INFO:Message received on topic: type-1/26 with payload size: 91 at 2024-12-11 17:55:12.641336 sent 2024-12-11 17:52:26.248612
INFO:Message received on topic: type-1/26 with payload size: 91 at 2024-12-11 17:55:14.235760 sent 2024-12-11 17:52:26.534098
INFO:Message received on topic: type-1/26 with payload size: 91 at 2024-12-11 17:55:15.829585 sent 2024-12-11 17:52:26.819068
INFO:Message received on topic: type-1/26 with payload size: 91 at 2024-12-11 17:55:17.114768 sent 2024-12-11 17:52:27.105557
INFO:Message received on topic: type-1/26 with payload size: 91 at 2024-12-11 17:55:18.945419 sent 2024-12-11 17:52:27.390977
INFO:Message received on topic: type-1/26 with payload size: 91 at 2024-12-11 17:55:20.424759 sent 2024-12-11 17:52:27.678376
INFO:Message received on topic: type-1/26 with payload size: 91 at 2024-12-11 17:55:21.625574 sent 2024-12-11 17:52:27.964891
INFO:Message received on topic: type-1/26 with payload size: 91 at 2024-12-11 17:55:22.857841 sent 2024-12-11 17:52:28.251832
INFO:Message received on topic: type-1/26 with payload size: 91 at 2024-12-11 17:55:23.946262 sent 2024-12-11 17:52:28.538528
INFO:Message received on topic: type-1/26 with payload size: 91 at 2024-12-11 17:55:25.222340 sent 2024-12-11 17:52:28.823669
INFO:Message received on topic: type-1/26 with payload size: 91 at 2024-12-11 17:55:26.829631 sent 2024-12-11 17:52:29.108676
INFO:Message received on topic: type-1/26 with payload size: 91 at 2024-12-11 17:55:28.719929 sent 2024-12-11 17:52:29.393483
INFO:Message received on topic: type-1/26 with payload size: 91 at 2024-12-11 17:55:30.143204 sent 2024-12-11 17:52:29.678612
INFO:Message received on topic: type-1/26 with payload size: 91 at 2024-12-11 17:55:31.446360 sent 2024-12-11 17:52:29.964152
INFO:Message received on topic: type-1/26 with payload size: 91 at 2024-12-11 17:55:32.815414 sent 2024-12-11 17:52:30.248715
INFO:Message received on topic: type-1/26 with payload size: 91 at 2024-12-11 17:55:34.151903 sent 2024-12-11 17:52:30.533231
INFO:Message received on topic: type-1/26 with payload size: 91 at 2024-12-11 17:55:35.746121 sent 2024-12-11 17:52:30.818051
INFO:Message received on topic: type-1/26 with payload size: 91 at 2024-12-11 17:55:37.118045 sent 2024-12-11 17:52:31.104801
INFO:Message received on topic: type-1/26 with payload size: 91 at 2024-12-11 17:55:38.724409 sent 2024-12-11 17:52:31.389759
INFO:Message received on topic: type-1/26 with payload size: 91 at 2024-12-11 17:55:40.561066 sent 2024-12-11 17:52:31.676854
INFO:Message received on topic: type-1/26 with payload size: 91 at 2024-12-11 17:55:41.953903 sent 2024-12-11 17:52:31.966258
INFO:Message received on topic: type-1/26 with payload size: 91 at 2024-12-11 17:55:43.627432 sent 2024-12-11 17:52:32.253792
INFO:Message received on topic: type-1/26 with payload size: 91 at 2024-12-11 17:55:45.150423 sent 2024-12-11 17:52:32.539632
INFO:Message received on topic: type-1/26 with payload size: 91 at 2024-12-11 17:55:46.443705 sent 2024-12-11 17:52:32.826256
INFO:Message received on topic: type-1/26 with payload size: 91 at 2024-12-11 17:55:47.721371 sent 2024-12-11 17:52:33.112157
INFO:Message received on topic: type-1/26 with payload size: 91 at 2024-12-11 17:55:49.429193 sent 2024-12-11 17:52:33.398486
INFO:Message received on topic: type-1/26 with payload size: 91 at 2024-12-11 17:55:52.747105 sent 2024-12-11 17:52:33.684596
INFO:Message received on topic: type-1/26 with payload size: 91 at 2024-12-11 17:55:54.442003 sent 2024-12-11 17:52:33.970460
INFO:Message received on topic: type-1/26 with payload size: 91 at 2024-12-11 17:55:55.927425 sent 2024-12-11 17:52:34.257403
INFO:Message received on topic: type-1/26 with payload size: 91 at 2024-12-11 17:55:57.838944 sent 2024-12-11 17:52:34.548302
INFO:Message received on topic: type-1/26 with payload size: 91 at 2024-12-11 17:55:59.530424 sent 2024-12-11 17:52:34.835815
INFO:Message received on topic: type-1/26 with payload size: 91 at 2024-12-11 17:56:01.135661 sent 2024-12-11 17:52:35.124030
INFO:Message received on topic: type-1/26 with payload size: 91 at 2024-12-11 17:56:03.019485 sent 2024-12-11 17:52:35.412042
INFO:Message received on topic: type-1/26 with payload size: 91 at 2024-12-11 17:56:04.749693 sent 2024-12-11 17:52:35.700515
INFO:Message received on topic: type-1/26 with payload size: 91 at 2024-12-11 17:56:06.444368 sent 2024-12-11 17:52:35.989124
INFO:Message received on topic: type-1/26 with payload size: 91 at 2024-12-11 17:56:07.919549 sent 2024-12-11 17:52:36.275202
INFO:Message received on topic: type-1/26 with payload size: 91 at 2024-12-11 17:56:09.258054 sent 2024-12-11 17:52:36.564182
INFO:Message received on topic: type-1/26 with payload size: 91 at 2024-12-11 17:56:10.631836 sent 2024-12-11 17:52:36.849932
INFO:Message received on topic: type-1/26 with payload size: 91 at 2024-12-11 17:56:12.053563 sent 2024-12-11 17:52:37.134437
INFO:Message received on topic: type-1/26 with payload size: 91 at 2024-12-11 17:56:13.455867 sent 2024-12-11 17:52:37.422022
INFO:Message received on topic: type-1/26 with payload size: 91 at 2024-12-11 17:56:14.663925 sent 2024-12-11 17:52:37.707761
INFO:Message received on topic: type-1/26 with payload size: 91 at 2024-12-11 17:56:16.226145 sent 2024-12-11 17:52:37.995190
INFO:Message received on topic: type-1/26 with payload size: 91 at 2024-12-11 17:56:18.134981 sent 2024-12-11 17:52:38.281399
INFO:Message received on topic: type-1/26 with payload size: 91 at 2024-12-11 17:56:20.219474 sent 2024-12-11 17:52:38.567366
INFO:Message received on topic: type-1/26 with payload size: 91 at 2024-12-11 17:56:22.017063 sent 2024-12-11 17:52:38.852294
INFO:Message received on topic: type-1/26 with payload size: 91 at 2024-12-11 17:56:23.423044 sent 2024-12-11 17:52:39.139326
INFO:Message received on topic: type-1/26 with payload size: 91 at 2024-12-11 17:56:25.255771 sent 2024-12-11 17:52:39.424967
INFO:Message received on topic: type-1/26 with payload size: 91 at 2024-12-11 17:56:27.237690 sent 2024-12-11 17:52:39.710149
INFO:Message received on topic: type-1/26 with payload size: 91 at 2024-12-11 17:56:29.239030 sent 2024-12-11 17:52:39.996750
INFO:Message received on topic: type-1/26 with payload size: 91 at 2024-12-11 17:56:31.239058 sent 2024-12-11 17:52:40.282179
INFO:Message received on topic: type-1/26 with payload size: 91 at 2024-12-11 17:56:32.720632 sent 2024-12-11 17:52:40.567135
INFO:Message received on topic: type-1/26 with payload size: 91 at 2024-12-11 17:56:34.126495 sent 2024-12-11 17:53:39.387412
INFO:Message received on topic: type-1/26 with payload size: 91 at 2024-12-11 17:56:35.718706 sent 2024-12-11 17:53:39.673228
INFO:Message received on topic: type-1/26 with payload size: 91 at 2024-12-11 17:56:37.040204 sent 2024-12-11 17:53:39.959324
INFO:Message received on topic: type-1/26 with payload size: 91 at 2024-12-11 17:56:38.435637 sent 2024-12-11 17:53:40.247942
INFO:Message received on topic: type-1/26 with payload size: 91 at 2024-12-11 17:56:39.944988 sent 2024-12-11 17:53:40.534340
INFO:Message received on topic: type-1/26 with payload size: 91 at 2024-12-11 17:56:42.134313 sent 2024-12-11 17:53:40.821229
INFO:Message received on topic: type-1/26 with payload size: 91 at 2024-12-11 17:56:43.637090 sent 2024-12-11 17:53:41.110209
INFO:Message received on topic: type-1/26 with payload size: 91 at 2024-12-11 17:56:45.122425 sent 2024-12-11 17:53:41.396613
INFO:Message received on topic: type-1/26 with payload size: 91 at 2024-12-11 17:56:46.834286 sent 2024-12-11 17:53:41.683533
INFO:Message received on topic: type-1/26 with payload size: 91 at 2024-12-11 17:56:48.716947 sent 2024-12-11 17:53:41.970176
INFO:Message received on topic: type-1/26 with payload size: 91 at 2024-12-11 17:56:50.347970 sent 2024-12-11 17:53:42.255011
INFO:Message received on topic: type-1/26 with payload size: 91 at 2024-12-11 17:56:51.748081 sent 2024-12-11 17:53:42.541354
INFO:Message received on topic: type-1/26 with payload size: 91 at 2024-12-11 17:56:53.218013 sent 2024-12-11 17:53:42.827814
INFO:Message received on topic: type-1/26 with payload size: 91 at 2024-12-11 17:56:54.746205 sent 2024-12-11 17:53:43.112160
INFO:Message received on topic: type-1/26 with payload size: 91 at 2024-12-11 17:56:56.120494 sent 2024-12-11 17:53:43.398745
INFO:Message received on topic: type-1/26 with payload size: 91 at 2024-12-11 17:56:57.825850 sent 2024-12-11 17:53:43.683039
INFO:Message received on topic: type-1/26 with payload size: 91 at 2024-12-11 17:56:59.819232 sent 2024-12-11 17:53:43.970160
INFO:Message received on topic: type-1/26 with payload size: 91 at 2024-12-11 17:57:01.620380 sent 2024-12-11 17:53:44.257035
INFO:Message received on topic: type-1/26 with payload size: 91 at 2024-12-11 17:57:02.957729 sent 2024-12-11 17:53:44.543185
INFO:Message received on topic: type-1/26 with payload size: 91 at 2024-12-11 17:57:04.438145 sent 2024-12-11 17:53:44.829030
INFO:Message received on topic: type-1/26 with payload size: 91 at 2024-12-11 17:57:06.324496 sent 2024-12-11 17:53:45.118096
INFO:Message received on topic: type-1/26 with payload size: 91 at 2024-12-11 17:57:08.243145 sent 2024-12-11 17:53:45.405676
INFO:Message received on topic: type-1/26 with payload size: 91 at 2024-12-11 17:57:10.151767 sent 2024-12-11 17:53:45.693313
INFO:Message received on topic: type-1/26 with payload size: 91 at 2024-12-11 17:57:11.823677 sent 2024-12-11 17:53:45.978787
INFO:Message received on topic: type-1/26 with payload size: 91 at 2024-12-11 17:57:13.341557 sent 2024-12-11 17:53:46.263696
INFO:Message received on topic: type-1/26 with payload size: 91 at 2024-12-11 17:57:15.426439 sent 2024-12-11 17:53:46.550958
INFO:Message received on topic: type-1/26 with payload size: 91 at 2024-12-11 17:57:17.521863 sent 2024-12-11 17:53:46.838223
INFO:Message received on topic: type-1/26 with payload size: 91 at 2024-12-11 17:57:19.226559 sent 2024-12-11 17:53:47.124477
INFO:Message received on topic: type-1/26 with payload size: 91 at 2024-12-11 17:57:20.825971 sent 2024-12-11 17:53:47.415214
INFO:Message received on topic: type-1/26 with payload size: 91 at 2024-12-11 17:57:22.819947 sent 2024-12-11 17:53:47.702045
INFO:Message received on topic: type-1/26 with payload size: 91 at 2024-12-11 17:57:24.462979 sent 2024-12-11 17:53:47.986806
INFO:Message received on topic: type-1/26 with payload size: 91 at 2024-12-11 17:57:26.117076 sent 2024-12-11 17:53:48.271214
INFO:Message received on topic: type-1/26 with payload size: 91 at 2024-12-11 17:57:27.551651 sent 2024-12-11 17:53:48.556440
INFO:Message received on topic: type-1/26 with payload size: 91 at 2024-12-11 17:57:29.620396 sent 2024-12-11 17:53:48.843397
INFO:Message received on topic: type-1/26 with payload size: 91 at 2024-12-11 17:57:31.521349 sent 2024-12-11 17:53:49.131288
INFO:Message received on topic: type-1/26 with payload size: 91 at 2024-12-11 17:57:33.025672 sent 2024-12-11 17:53:49.417826
INFO:Message received on topic: type-1/26 with payload size: 91 at 2024-12-11 17:57:34.849616 sent 2024-12-11 17:53:49.705629
INFO:Message received on topic: type-1/26 with payload size: 91 at 2024-12-11 17:57:36.829273 sent 2024-12-11 17:53:50.002365
INFO:Message received on topic: type-1/26 with payload size: 91 at 2024-12-11 17:57:39.530089 sent 2024-12-11 17:53:50.288493
INFO:Message received on topic: type-1/26 with payload size: 91 at 2024-12-11 17:57:41.628664 sent 2024-12-11 17:53:50.573600
INFO:Message received on topic: type-1/26 with payload size: 91 at 2024-12-11 17:57:43.927489 sent 2024-12-11 17:53:50.859333
INFO:Message received on topic: type-1/26 with payload size: 91 at 2024-12-11 17:57:46.318361 sent 2024-12-11 17:53:51.145803
INFO:Message received on topic: type-1/26 with payload size: 91 at 2024-12-11 17:57:48.324963 sent 2024-12-11 17:53:51.431289
INFO:Message received on topic: type-1/26 with payload size: 91 at 2024-12-11 17:57:50.446232 sent 2024-12-11 17:53:51.718232
INFO:Message received on topic: type-1/26 with payload size: 91 at 2024-12-11 17:57:52.335712 sent 2024-12-11 17:53:52.005714
INFO:Message received on topic: type-1/26 with payload size: 91 at 2024-12-11 17:57:54.026994 sent 2024-12-11 17:53:52.293760
INFO:Message received on topic: type-1/26 with payload size: 91 at 2024-12-11 17:57:56.535887 sent 2024-12-11 17:53:52.579398
INFO:Message received on topic: type-1/26 with payload size: 91 at 2024-12-11 17:57:58.242106 sent 2024-12-11 17:53:52.870822
INFO:Message received on topic: type-1/26 with payload size: 91 at 2024-12-11 17:57:59.949041 sent 2024-12-11 17:53:53.158645
INFO:Message received on topic: type-1/26 with payload size: 91 at 2024-12-11 17:58:01.734183 sent 2024-12-11 17:53:53.444836
INFO:Message received on topic: type-1/26 with payload size: 91 at 2024-12-11 17:58:03.227066 sent 2024-12-11 17:53:53.739679
INFO:Message received on topic: type-1/26 with payload size: 91 at 2024-12-11 17:58:05.116106 sent 2024-12-11 17:53:54.027959
INFO:Message received on topic: type-1/26 with payload size: 91 at 2024-12-11 17:58:06.647846 sent 2024-12-11 17:53:54.316491
INFO:Message received on topic: type-1/26 with payload size: 91 at 2024-12-11 17:58:08.628878 sent 2024-12-11 17:53:54.604464
INFO:Message received on topic: type-1/26 with payload size: 91 at 2024-12-11 17:58:10.820099 sent 2024-12-11 17:53:54.890606
INFO:Message received on topic: type-1/26 with payload size: 91 at 2024-12-11 17:58:12.847858 sent 2024-12-11 17:53:55.176842
INFO:Message received on topic: type-1/26 with payload size: 91 at 2024-12-11 17:58:14.826230 sent 2024-12-11 17:53:55.463413
INFO:Message received on topic: type-1/26 with payload size: 91 at 2024-12-11 17:58:16.522360 sent 2024-12-11 17:53:55.750870
INFO:Message received on topic: type-1/26 with payload size: 91 at 2024-12-11 17:58:18.792821 sent 2024-12-11 17:53:56.038243
INFO:Message received on topic: type-1/26 with payload size: 91 at 2024-12-11 17:58:20.855366 sent 2024-12-11 17:53:56.331759
INFO:Message received on topic: type-1/26 with payload size: 91 at 2024-12-11 17:58:22.737777 sent 2024-12-11 17:53:56.618809
INFO:Message received on topic: type-1/26 with payload size: 91 at 2024-12-11 17:58:24.814154 sent 2024-12-11 17:53:56.904338
INFO:Message received on topic: type-1/26 with payload size: 91 at 2024-12-11 17:58:26.737012 sent 2024-12-11 17:53:57.190582
INFO:Message received on topic: type-1/26 with payload size: 91 at 2024-12-11 17:58:29.127334 sent 2024-12-11 17:53:57.477638
INFO:Message received on topic: type-1/26 with payload size: 91 at 2024-12-11 17:58:31.038615 sent 2024-12-11 17:53:57.765458
INFO:Message received on topic: type-1/26 with payload size: 91 at 2024-12-11 17:58:32.454616 sent 2024-12-11 17:53:58.052444
INFO:Message received on topic: type-1/26 with payload size: 91 at 2024-12-11 17:58:34.141809 sent 2024-12-11 17:53:58.337792
INFO:Message received on topic: type-1/26 with payload size: 91 at 2024-12-11 17:58:36.213787 sent 2024-12-11 17:53:58.625692
INFO:Message received on topic: type-1/26 with payload size: 91 at 2024-12-11 17:58:38.228430 sent 2024-12-11 17:53:58.913231
INFO:Message received on topic: type-1/26 with payload size: 91 at 2024-12-11 17:58:40.032694 sent 2024-12-11 17:53:59.199814
INFO:Message received on topic: type-1/26 with payload size: 91 at 2024-12-11 17:58:41.639367 sent 2024-12-11 17:53:59.487135
INFO:Message received on topic: type-1/26 with payload size: 91 at 2024-12-11 17:58:43.949067 sent 2024-12-11 17:53:59.772376
INFO:Message received on topic: type-1/26 with payload size: 91 at 2024-12-11 17:58:45.625372 sent 2024-12-11 17:54:00.058755
INFO:Message received on topic: type-1/26 with payload size: 91 at 2024-12-11 17:58:47.216939 sent 2024-12-11 17:54:00.346013
INFO:Message received on topic: type-1/26 with payload size: 91 at 2024-12-11 17:58:48.646428 sent 2024-12-11 17:54:00.632268
INFO:Message received on topic: type-1/26 with payload size: 91 at 2024-12-11 17:58:50.142106 sent 2024-12-11 17:54:00.918693
INFO:Message received on topic: type-1/26 with payload size: 91 at 2024-12-11 17:58:51.621727 sent 2024-12-11 17:54:01.202855
INFO:Message received on topic: type-1/26 with payload size: 91 at 2024-12-11 17:58:53.230429 sent 2024-12-11 17:54:01.494397
INFO:Message received on topic: type-1/26 with payload size: 91 at 2024-12-11 17:58:54.752203 sent 2024-12-11 17:54:01.780799
INFO:Message received on topic: type-1/26 with payload size: 91 at 2024-12-11 17:58:56.292952 sent 2024-12-11 17:54:02.065615
INFO:Message received on topic: type-1/26 with payload size: 91 at 2024-12-11 17:58:57.626938 sent 2024-12-11 17:54:02.351049
INFO:Message received on topic: type-1/26 with payload size: 91 at 2024-12-11 17:58:59.144600 sent 2024-12-11 17:54:02.637369
INFO:Message received on topic: type-1/26 with payload size: 91 at 2024-12-11 17:59:00.643338 sent 2024-12-11 17:54:02.922688
INFO:Message received on topic: type-1/26 with payload size: 91 at 2024-12-11 17:59:02.516643 sent 2024-12-11 17:54:03.208367
INFO:Message received on topic: type-1/26 with payload size: 91 at 2024-12-11 17:59:04.223112 sent 2024-12-11 17:54:03.493854
INFO:Message received on topic: type-1/26 with payload size: 91 at 2024-12-11 17:59:05.850922 sent 2024-12-11 17:54:03.779661
INFO:Message received on topic: type-1/26 with payload size: 91 at 2024-12-11 17:59:07.544270 sent 2024-12-11 17:54:04.064473
INFO:Message received on topic: type-1/26 with payload size: 91 at 2024-12-11 17:59:09.319191 sent 2024-12-11 17:54:04.350366
INFO:Message received on topic: type-1/26 with payload size: 91 at 2024-12-11 17:59:11.047182 sent 2024-12-11 17:54:04.640090
INFO:Message received on topic: type-1/26 with payload size: 91 at 2024-12-11 17:59:12.436199 sent 2024-12-11 17:54:04.925275
INFO:Message received on topic: type-1/26 with payload size: 91 at 2024-12-11 17:59:14.053648 sent 2024-12-11 17:54:05.212010
INFO:Message received on topic: type-1/26 with payload size: 91 at 2024-12-11 17:59:15.722751 sent 2024-12-11 17:54:05.498119
INFO:Message received on topic: type-1/26 with payload size: 91 at 2024-12-11 17:59:17.422935 sent 2024-12-11 17:54:05.786922
INFO:Message received on topic: type-1/26 with payload size: 91 at 2024-12-11 17:59:18.959383 sent 2024-12-11 17:54:06.077880
INFO:Message received on topic: type-1/26 with payload size: 91 at 2024-12-11 17:59:20.617593 sent 2024-12-11 17:54:06.364525
INFO:Message received on topic: type-1/26 with payload size: 91 at 2024-12-11 17:59:22.245766 sent 2024-12-11 17:54:06.652329
INFO:Message received on topic: type-1/26 with payload size: 91 at 2024-12-11 17:59:23.734636 sent 2024-12-11 17:54:06.939188
INFO:Message received on topic: type-1/26 with payload size: 91 at 2024-12-11 17:59:25.337479 sent 2024-12-11 17:54:07.224842
INFO:Message received on topic: type-1/26 with payload size: 91 at 2024-12-11 17:59:27.322745 sent 2024-12-11 17:54:07.510441
INFO:Message received on topic: type-1/26 with payload size: 91 at 2024-12-11 17:59:29.223899 sent 2024-12-11 17:54:07.799215
INFO:Message received on topic: type-1/26 with payload size: 91 at 2024-12-11 17:59:31.156652 sent 2024-12-11 17:54:08.086238
INFO:Message received on topic: type-1/26 with payload size: 91 at 2024-12-11 17:59:32.551241 sent 2024-12-11 17:54:08.372898
INFO:Message received on topic: type-1/26 with payload size: 91 at 2024-12-11 17:59:35.237376 sent 2024-12-11 17:54:08.661588
INFO:Message received on topic: type-1/26 with payload size: 91 at 2024-12-11 17:59:36.850927 sent 2024-12-11 17:54:08.948864
INFO:Message received on topic: type-1/26 with payload size: 91 at 2024-12-11 17:59:38.538576 sent 2024-12-11 17:54:09.234594
INFO:Message received on topic: type-1/26 with payload size: 91 at 2024-12-11 17:59:39.947055 sent 2024-12-11 17:54:09.519231
INFO:Message received on topic: type-1/26 with payload size: 91 at 2024-12-11 17:59:41.338616 sent 2024-12-11 17:54:09.803676
INFO:Message received on topic: type-1/26 with payload size: 91 at 2024-12-11 17:59:42.821048 sent 2024-12-11 17:54:10.087150
INFO:Message received on topic: type-1/26 with payload size: 91 at 2024-12-11 17:59:44.049669 sent 2024-12-11 17:54:10.373273
INFO:Message received on topic: type-1/26 with payload size: 91 at 2024-12-11 17:59:45.553050 sent 2024-12-11 17:54:10.659525
INFO:Message received on topic: type-1/26 with payload size: 91 at 2024-12-11 17:59:46.918168 sent 2024-12-11 17:54:10.945279
INFO:Message received on topic: type-1/26 with payload size: 91 at 2024-12-11 17:59:48.150316 sent 2024-12-11 17:54:11.235606
INFO:Message received on topic: type-1/26 with payload size: 91 at 2024-12-11 17:59:49.635084 sent 2024-12-11 17:54:11.520674
INFO:Message received on topic: type-1/26 with payload size: 91 at 2024-12-11 17:59:50.849098 sent 2024-12-11 17:54:11.805893
INFO:Message received on topic: type-1/26 with payload size: 91 at 2024-12-11 17:59:52.319743 sent 2024-12-11 17:54:12.090178
INFO:Message received on topic: type-1/26 with payload size: 91 at 2024-12-11 17:59:53.317215 sent 2024-12-11 17:54:12.374346
INFO:Message received on topic: type-1/26 with payload size: 91 at 2024-12-11 17:59:54.359786 sent 2024-12-11 17:54:12.659206
INFO:Message received on topic: type-1/26 with payload size: 91 at 2024-12-11 17:59:55.720603 sent 2024-12-11 17:54:12.943778
INFO:Message received on topic: type-1/26 with payload size: 91 at 2024-12-11 17:59:57.114881 sent 2024-12-11 17:54:13.232751
INFO:Message received on topic: type-1/26 with payload size: 91 at 2024-12-11 17:59:58.522305 sent 2024-12-11 17:54:13.516959
INFO:Message received on topic: type-1/26 with payload size: 91 at 2024-12-11 17:59:59.916746 sent 2024-12-11 17:54:13.801667
INFO:Message received on topic: type-1/26 with payload size: 91 at 2024-12-11 18:00:01.534961 sent 2024-12-11 17:54:14.085652
INFO:Message received on topic: type-1/26 with payload size: 91 at 2024-12-11 18:00:02.845263 sent 2024-12-11 17:54:14.369864
INFO:Message received on topic: type-1/26 with payload size: 91 at 2024-12-11 18:00:04.529243 sent 2024-12-11 17:54:14.653445
INFO:Message received on topic: type-1/26 with payload size: 91 at 2024-12-11 18:00:05.834399 sent 2024-12-11 17:54:14.937286
INFO:Message received on topic: type-1/26 with payload size: 91 at 2024-12-11 18:00:07.139955 sent 2024-12-11 17:54:15.224221
INFO:Message received on topic: type-1/26 with payload size: 91 at 2024-12-11 18:00:08.625202 sent 2024-12-11 17:56:40.128134
INFO:Message received on topic: type-1/26 with payload size: 91 at 2024-12-11 18:00:10.017988 sent 2024-12-11 17:56:40.413618
INFO:Message received on topic: type-1/26 with payload size: 91 at 2024-12-11 18:00:11.317852 sent 2024-12-11 17:56:40.699917
INFO:Message received on topic: type-1/26 with payload size: 91 at 2024-12-11 18:00:12.455231 sent 2024-12-11 17:56:40.990567
INFO:Message received on topic: type-1/26 with payload size: 91 at 2024-12-11 18:00:13.652809 sent 2024-12-11 17:56:41.279529
INFO:Message received on topic: type-1/26 with payload size: 91 at 2024-12-11 18:00:15.927167 sent 2024-12-11 17:56:41.565209
INFO:Message received on topic: type-1/26 with payload size: 91 at 2024-12-11 18:00:17.216653 sent 2024-12-11 17:56:41.851863
INFO:Message received on topic: type-1/26 with payload size: 91 at 2024-12-11 18:00:18.427769 sent 2024-12-11 17:56:42.139679
INFO:Message received on topic: type-1/26 with payload size: 91 at 2024-12-11 18:00:19.836677 sent 2024-12-11 17:56:42.426291
INFO:Message received on topic: type-1/26 with payload size: 91 at 2024-12-11 18:00:21.441307 sent 2024-12-11 17:56:42.711151
INFO:Message received on topic: type-1/26 with payload size: 91 at 2024-12-11 18:00:22.940360 sent 2024-12-11 17:56:42.995272
INFO:Message received on topic: type-1/26 with payload size: 91 at 2024-12-11 18:00:24.216827 sent 2024-12-11 17:56:43.281304
INFO:Message received on topic: type-1/26 with payload size: 91 at 2024-12-11 18:00:25.625490 sent 2024-12-11 17:56:43.572144
INFO:Message received on topic: type-1/26 with payload size: 91 at 2024-12-11 18:00:27.020951 sent 2024-12-11 17:56:43.860818
INFO:Message received on topic: type-1/26 with payload size: 91 at 2024-12-11 18:00:28.548244 sent 2024-12-11 17:56:44.147495
INFO:Message received on topic: type-1/26 with payload size: 91 at 2024-12-11 18:00:29.638977 sent 2024-12-11 17:56:44.434313
INFO:Message received on topic: type-1/26 with payload size: 91 at 2024-12-11 18:00:30.838539 sent 2024-12-11 17:56:44.721167
INFO:Message received on topic: type-1/26 with payload size: 91 at 2024-12-11 18:00:32.317338 sent 2024-12-11 17:56:45.008668
INFO:Message received on topic: type-1/26 with payload size: 91 at 2024-12-11 18:00:33.491923 sent 2024-12-11 17:56:45.293814
INFO:Message received on topic: type-1/26 with payload size: 91 at 2024-12-11 18:00:34.720946 sent 2024-12-11 17:56:45.579246
INFO:Message received on topic: type-1/26 with payload size: 91 at 2024-12-11 18:00:36.116792 sent 2024-12-11 17:56:45.865559
INFO:Message received on topic: type-1/26 with payload size: 91 at 2024-12-11 18:00:37.540659 sent 2024-12-11 17:56:46.152174
INFO:Message received on topic: type-1/26 with payload size: 91 at 2024-12-11 18:00:38.650048 sent 2024-12-11 17:56:46.440654
INFO:Message received on topic: type-1/26 with payload size: 91 at 2024-12-11 18:00:39.748823 sent 2024-12-11 17:56:46.725693
INFO:Message received on topic: type-1/26 with payload size: 91 at 2024-12-11 18:00:40.924909 sent 2024-12-11 17:56:47.015452
INFO:Message received on topic: type-1/26 with payload size: 91 at 2024-12-11 18:00:42.037706 sent 2024-12-11 17:56:47.302694
INFO:Message received on topic: type-1/26 with payload size: 91 at 2024-12-11 18:00:43.144866 sent 2024-12-11 17:56:47.589173
INFO:Message received on topic: type-1/26 with payload size: 91 at 2024-12-11 18:00:44.317637 sent 2024-12-11 17:56:47.876183
INFO:Message received on topic: type-1/26 with payload size: 91 at 2024-12-11 18:00:45.516826 sent 2024-12-11 17:56:48.161822
INFO:Message received on topic: type-1/26 with payload size: 91 at 2024-12-11 18:00:46.416496 sent 2024-12-11 17:56:48.449550
INFO:Message received on topic: type-1/26 with payload size: 91 at 2024-12-11 18:00:47.321172 sent 2024-12-11 17:56:48.739230
INFO:Message received on topic: type-1/26 with payload size: 91 at 2024-12-11 18:00:48.342481 sent 2024-12-11 17:56:49.024013
INFO:Message received on topic: type-1/26 with payload size: 91 at 2024-12-11 18:00:49.634579 sent 2024-12-11 17:56:49.310099
INFO:Message received on topic: type-1/26 with payload size: 91 at 2024-12-11 18:00:50.747193 sent 2024-12-11 17:56:49.597001
INFO:Message received on topic: type-1/26 with payload size: 91 at 2024-12-11 18:00:51.837633 sent 2024-12-11 17:56:49.883738
INFO:Message received on topic: type-1/26 with payload size: 91 at 2024-12-11 18:00:52.936537 sent 2024-12-11 17:56:50.170599
INFO:Message received on topic: type-1/26 with payload size: 91 at 2024-12-11 18:00:54.034134 sent 2024-12-11 17:56:50.493454
INFO:Message received on topic: type-1/26 with payload size: 91 at 2024-12-11 18:00:55.124878 sent 2024-12-11 17:56:50.781688
INFO:Message received on topic: type-1/26 with payload size: 91 at 2024-12-11 18:00:56.092016 sent 2024-12-11 17:56:51.068608
INFO:Message received on topic: type-1/26 with payload size: 91 at 2024-12-11 18:00:57.027689 sent 2024-12-11 17:56:51.355460
INFO:Message received on topic: type-1/26 with payload size: 91 at 2024-12-11 18:00:58.144961 sent 2024-12-11 17:56:51.641246
INFO:Message received on topic: type-1/26 with payload size: 91 at 2024-12-11 18:00:59.345185 sent 2024-12-11 17:56:51.932064
INFO:Message received on topic: type-1/26 with payload size: 91 at 2024-12-11 18:01:00.240914 sent 2024-12-11 17:56:52.216836
INFO:Message received on topic: type-1/26 with payload size: 91 at 2024-12-11 18:01:01.334701 sent 2024-12-11 17:56:52.503205
INFO:Message received on topic: type-1/26 with payload size: 91 at 2024-12-11 18:01:02.615274 sent 2024-12-11 17:56:52.789759
INFO:Message received on topic: type-1/26 with payload size: 91 at 2024-12-11 18:01:04.025936 sent 2024-12-11 17:56:53.076666
INFO:Message received on topic: type-1/26 with payload size: 91 at 2024-12-11 18:01:05.336082 sent 2024-12-11 17:56:53.361912
INFO:Message received on topic: type-1/26 with payload size: 91 at 2024-12-11 18:01:06.529977 sent 2024-12-11 17:56:53.648381
INFO:Message received on topic: type-1/26 with payload size: 91 at 2024-12-11 18:01:07.550042 sent 2024-12-11 17:56:53.933683
INFO:Message received on topic: type-1/26 with payload size: 91 at 2024-12-11 18:01:08.547611 sent 2024-12-11 17:56:54.219272
INFO:Message received on topic: type-1/26 with payload size: 91 at 2024-12-11 18:01:09.741867 sent 2024-12-11 17:56:54.506585
INFO:Message received on topic: type-1/26 with payload size: 91 at 2024-12-11 18:01:10.824751 sent 2024-12-11 17:56:54.794183
INFO:Message received on topic: type-1/26 with payload size: 91 at 2024-12-11 18:01:12.043716 sent 2024-12-11 17:56:55.081039
INFO:Message received on topic: type-1/26 with payload size: 91 at 2024-12-11 18:01:13.223971 sent 2024-12-11 17:56:55.365489
INFO:Message received on topic: type-1/26 with payload size: 91 at 2024-12-11 18:01:14.140425 sent 2024-12-11 17:56:55.651859
INFO:Message received on topic: type-1/26 with payload size: 91 at 2024-12-11 18:01:15.218689 sent 2024-12-11 17:56:55.936866
INFO:Message received on topic: type-1/26 with payload size: 91 at 2024-12-11 18:01:16.620894 sent 2024-12-11 17:56:56.226408
INFO:Message received on topic: type-1/26 with payload size: 91 at 2024-12-11 18:01:17.635061 sent 2024-12-11 17:56:56.512071
INFO:Message received on topic: type-1/26 with payload size: 91 at 2024-12-11 18:01:18.936895 sent 2024-12-11 17:56:56.799131
INFO:Message received on topic: type-1/26 with payload size: 91 at 2024-12-11 18:01:20.051808 sent 2024-12-11 17:56:57.085173
INFO:Message received on topic: type-1/26 with payload size: 91 at 2024-12-11 18:01:21.035748 sent 2024-12-11 17:56:57.370108
INFO:Message received on topic: type-1/26 with payload size: 91 at 2024-12-11 18:01:22.058705 sent 2024-12-11 17:56:57.655610
INFO:Message received on topic: type-1/26 with payload size: 91 at 2024-12-11 18:01:23.052181 sent 2024-12-11 17:56:57.943026
INFO:Message received on topic: type-1/26 with payload size: 91 at 2024-12-11 18:01:24.047358 sent 2024-12-11 17:56:58.229950
INFO:Message received on topic: type-1/26 with payload size: 91 at 2024-12-11 18:01:24.946812 sent 2024-12-11 17:56:58.517841
INFO:Message received on topic: type-1/26 with payload size: 91 at 2024-12-11 18:01:25.921998 sent 2024-12-11 17:56:58.807307
INFO:Message received on topic: type-1/26 with payload size: 91 at 2024-12-11 18:01:26.928119 sent 2024-12-11 17:56:59.093605
INFO:Message received on topic: type-1/26 with payload size: 91 at 2024-12-11 18:01:28.244488 sent 2024-12-11 17:56:59.383796
INFO:Message received on topic: type-1/26 with payload size: 91 at 2024-12-11 18:01:29.416271 sent 2024-12-11 17:56:59.670272
INFO:Message received on topic: type-1/26 with payload size: 91 at 2024-12-11 18:01:30.741127 sent 2024-12-11 17:56:59.956575
INFO:Message received on topic: type-1/26 with payload size: 91 at 2024-12-11 18:01:31.850258 sent 2024-12-11 17:57:00.243365
INFO:Message received on topic: type-1/26 with payload size: 91 at 2024-12-11 18:01:32.817768 sent 2024-12-11 17:57:00.532667
INFO:Message received on topic: type-1/26 with payload size: 91 at 2024-12-11 18:01:33.742826 sent 2024-12-11 17:57:00.821178
INFO:Message received on topic: type-1/26 with payload size: 91 at 2024-12-11 18:01:35.041982 sent 2024-12-11 17:57:01.110209
INFO:Message received on topic: type-1/26 with payload size: 91 at 2024-12-11 18:01:35.918078 sent 2024-12-11 17:57:01.397823
INFO:Message received on topic: type-1/26 with payload size: 91 at 2024-12-11 18:01:36.816629 sent 2024-12-11 17:57:01.684820
INFO:Message received on topic: type-1/26 with payload size: 91 at 2024-12-11 18:01:37.833701 sent 2024-12-11 17:57:01.971964
INFO:Message received on topic: type-1/26 with payload size: 91 at 2024-12-11 18:01:38.749191 sent 2024-12-11 17:57:02.256649
INFO:Message received on topic: type-1/26 with payload size: 91 at 2024-12-11 18:01:39.948810 sent 2024-12-11 17:57:02.541344
INFO:Message received on topic: type-1/26 with payload size: 91 at 2024-12-11 18:01:40.920945 sent 2024-12-11 17:57:02.826973
INFO:Message received on topic: type-1/26 with payload size: 91 at 2024-12-11 18:01:41.924675 sent 2024-12-11 17:57:03.111982
INFO:Message received on topic: type-1/26 with payload size: 91 at 2024-12-11 18:01:42.929709 sent 2024-12-11 17:57:03.400585
INFO:Message received on topic: type-1/26 with payload size: 91 at 2024-12-11 18:01:43.818095 sent 2024-12-11 17:57:03.686619
INFO:Message received on topic: type-1/26 with payload size: 91 at 2024-12-11 18:01:44.621011 sent 2024-12-11 17:57:03.972725
INFO:Message received on topic: type-1/26 with payload size: 91 at 2024-12-11 18:01:45.434719 sent 2024-12-11 17:57:04.259683
INFO:Message received on topic: type-1/26 with payload size: 91 at 2024-12-11 18:01:46.158554 sent 2024-12-11 17:57:04.546322
INFO:Message received on topic: type-1/26 with payload size: 91 at 2024-12-11 18:01:47.020146 sent 2024-12-11 17:57:04.833494
INFO:Message received on topic: type-1/26 with payload size: 91 at 2024-12-11 18:01:47.849288 sent 2024-12-11 17:57:05.120597
INFO:Message received on topic: type-1/26 with payload size: 91 at 2024-12-11 18:01:48.742935 sent 2024-12-11 17:57:05.406700
INFO:Message received on topic: type-1/26 with payload size: 91 at 2024-12-11 18:01:49.544908 sent 2024-12-11 17:57:05.692793
INFO:Message received on topic: type-1/26 with payload size: 91 at 2024-12-11 18:01:50.493819 sent 2024-12-11 17:57:05.978528
INFO:Message received on topic: type-1/26 with payload size: 91 at 2024-12-11 18:01:51.831961 sent 2024-12-11 17:57:06.262465
INFO:Message received on topic: type-1/26 with payload size: 91 at 2024-12-11 18:01:53.017677 sent 2024-12-11 17:57:06.548039
INFO:Message received on topic: type-1/26 with payload size: 91 at 2024-12-11 18:01:53.936430 sent 2024-12-11 17:57:06.835085
INFO:Message received on topic: type-1/26 with payload size: 91 at 2024-12-11 18:01:54.940529 sent 2024-12-11 17:57:07.121086
INFO:Message received on topic: type-1/26 with payload size: 91 at 2024-12-11 18:01:55.638847 sent 2024-12-11 17:57:07.406541
INFO:Message received on topic: type-1/26 with payload size: 91 at 2024-12-11 18:01:56.441779 sent 2024-12-11 17:57:07.691624
INFO:Message received on topic: type-1/26 with payload size: 91 at 2024-12-11 18:01:57.316951 sent 2024-12-11 17:57:07.977622
INFO:Message received on topic: type-1/26 with payload size: 91 at 2024-12-11 18:01:58.225959 sent 2024-12-11 17:57:08.262301
INFO:Message received on topic: type-1/26 with payload size: 91 at 2024-12-11 18:01:59.133198 sent 2024-12-11 17:57:08.552245
INFO:Message received on topic: type-1/26 with payload size: 91 at 2024-12-11 18:02:00.045838 sent 2024-12-11 17:57:08.850660
INFO:Message received on topic: type-1/26 with payload size: 91 at 2024-12-11 18:02:00.924808 sent 2024-12-11 17:57:09.135966
INFO:Message received on topic: type-1/26 with payload size: 91 at 2024-12-11 18:02:01.751593 sent 2024-12-11 17:57:09.420958
INFO:Message received on topic: type-1/26 with payload size: 91 at 2024-12-11 18:02:02.618929 sent 2024-12-11 17:57:09.706144
INFO:Message received on topic: type-1/26 with payload size: 91 at 2024-12-11 18:02:03.349817 sent 2024-12-11 17:57:09.993643
INFO:Message received on topic: type-1/26 with payload size: 91 at 2024-12-11 18:02:04.047583 sent 2024-12-11 17:57:10.278089
INFO:Message received on topic: type-1/26 with payload size: 91 at 2024-12-11 18:02:05.052823 sent 2024-12-11 17:57:10.564858
INFO:Message received on topic: type-1/26 with payload size: 91 at 2024-12-11 18:02:05.856361 sent 2024-12-11 17:57:10.852830
INFO:Message received on topic: type-1/26 with payload size: 91 at 2024-12-11 18:02:06.617155 sent 2024-12-11 17:57:11.140555
INFO:Message received on topic: type-1/26 with payload size: 91 at 2024-12-11 18:02:07.419115 sent 2024-12-11 17:57:11.429187
INFO:Message received on topic: type-1/26 with payload size: 91 at 2024-12-11 18:02:08.141450 sent 2024-12-11 17:57:11.715632
INFO:Message received on topic: type-1/26 with payload size: 91 at 2024-12-11 18:02:09.023334 sent 2024-12-11 17:57:12.001803
INFO:Message received on topic: type-1/26 with payload size: 91 at 2024-12-11 18:02:09.644935 sent 2024-12-11 17:57:12.292407
INFO:Message received on topic: type-1/26 with payload size: 91 at 2024-12-11 18:02:10.326541 sent 2024-12-11 17:57:12.580117
INFO:Message received on topic: type-1/26 with payload size: 91 at 2024-12-11 18:02:11.139753 sent 2024-12-11 17:57:12.867356
INFO:Message received on topic: type-1/26 with payload size: 91 at 2024-12-11 18:02:12.032865 sent 2024-12-11 17:57:13.153462
INFO:Message received on topic: type-1/26 with payload size: 91 at 2024-12-11 18:02:13.216237 sent 2024-12-11 17:57:13.440298
INFO:Message received on topic: type-1/26 with payload size: 91 at 2024-12-11 18:02:13.835478 sent 2024-12-11 17:57:13.724880
INFO:Message received on topic: type-1/26 with payload size: 91 at 2024-12-11 18:02:14.541139 sent 2024-12-11 17:57:14.010993
INFO:Message received on topic: type-1/26 with payload size: 91 at 2024-12-11 18:02:15.257061 sent 2024-12-11 17:57:14.296759
INFO:Message received on topic: type-1/26 with payload size: 91 at 2024-12-11 18:02:15.946949 sent 2024-12-11 17:57:14.583240
INFO:Message received on topic: type-1/26 with payload size: 91 at 2024-12-11 18:02:16.817435 sent 2024-12-11 17:57:14.868764
INFO:Message received on topic: type-1/26 with payload size: 91 at 2024-12-11 18:02:17.553199 sent 2024-12-11 17:57:15.155455
INFO:Message received on topic: type-1/26 with payload size: 91 at 2024-12-11 18:02:18.347172 sent 2024-12-11 17:57:15.442759
INFO:Message received on topic: type-1/26 with payload size: 91 at 2024-12-11 18:02:19.143895 sent 2024-12-11 17:57:15.730164
INFO:Message received on topic: type-1/26 with payload size: 91 at 2024-12-11 18:02:19.917379 sent 2024-12-11 17:57:16.017120
INFO:Message received on topic: type-1/26 with payload size: 91 at 2024-12-11 18:02:20.728831 sent 2024-12-11 17:57:16.303617
INFO:Message received on topic: type-1/26 with payload size: 91 at 2024-12-11 18:02:21.617208 sent 2024-12-11 17:57:16.590770
INFO:Message received on topic: type-1/26 with payload size: 91 at 2024-12-11 18:02:22.529753 sent 2024-12-11 17:57:16.875678
INFO:Message received on topic: type-1/26 with payload size: 91 at 2024-12-11 18:02:23.451408 sent 2024-12-11 17:57:17.163261
INFO:Message received on topic: type-1/26 with payload size: 91 at 2024-12-11 18:02:24.458254 sent 2024-12-11 17:57:17.450012
INFO:Message received on topic: type-1/26 with payload size: 91 at 2024-12-11 18:02:25.249717 sent 2024-12-11 17:57:17.736744
INFO:Message received on topic: type-1/26 with payload size: 91 at 2024-12-11 18:02:26.233713 sent 2024-12-11 17:57:18.024124
INFO:Message received on topic: type-1/26 with payload size: 91 at 2024-12-11 18:02:27.044143 sent 2024-12-11 17:57:18.313878
INFO:Message received on topic: type-1/26 with payload size: 91 at 2024-12-11 18:02:28.026022 sent 2024-12-11 17:57:18.599192
INFO:Message received on topic: type-1/26 with payload size: 91 at 2024-12-11 18:02:28.826043 sent 2024-12-11 17:57:18.885230
INFO:Message received on topic: type-1/26 with payload size: 91 at 2024-12-11 18:02:29.427097 sent 2024-12-11 17:57:19.173221
INFO:Message received on topic: type-1/26 with payload size: 91 at 2024-12-11 18:02:30.228960 sent 2024-12-11 17:57:19.461135
INFO:Message received on topic: type-1/26 with payload size: 91 at 2024-12-11 18:02:31.029061 sent 2024-12-11 17:57:19.757612
INFO:Message received on topic: type-1/26 with payload size: 91 at 2024-12-11 18:02:31.923594 sent 2024-12-11 17:57:20.044032
INFO:Message received on topic: type-1/26 with payload size: 91 at 2024-12-11 18:02:32.555917 sent 2024-12-11 17:57:20.330551
INFO:Message received on topic: type-1/26 with payload size: 91 at 2024-12-11 18:02:33.218142 sent 2024-12-11 17:57:20.618768
INFO:Message received on topic: type-1/26 with payload size: 91 at 2024-12-11 18:02:33.753262 sent 2024-12-11 17:57:20.906962
INFO:Message received on topic: type-1/26 with payload size: 91 at 2024-12-11 18:02:34.442835 sent 2024-12-11 17:57:21.191670
INFO:Message received on topic: type-1/26 with payload size: 91 at 2024-12-11 18:02:35.039179 sent 2024-12-11 17:57:21.478313
INFO:Message received on topic: type-1/26 with payload size: 91 at 2024-12-11 18:02:35.814224 sent 2024-12-11 17:57:21.764590
INFO:Message received on topic: type-1/26 with payload size: 91 at 2024-12-11 18:02:36.638820 sent 2024-12-11 17:57:22.051129
INFO:Message received on topic: type-1/26 with payload size: 91 at 2024-12-11 18:02:37.315249 sent 2024-12-11 17:57:22.337496
INFO:Message received on topic: type-1/26 with payload size: 91 at 2024-12-11 18:02:37.926046 sent 2024-12-11 17:57:22.624335
INFO:Message received on topic: type-1/26 with payload size: 91 at 2024-12-11 18:02:38.629801 sent 2024-12-11 17:57:22.910852
INFO:Message received on topic: type-1/26 with payload size: 91 at 2024-12-11 18:02:39.224044 sent 2024-12-11 17:57:23.200186
INFO:Message received on topic: type-1/26 with payload size: 91 at 2024-12-11 18:02:39.823359 sent 2024-12-11 17:57:23.487082
INFO:Message received on topic: type-1/26 with payload size: 91 at 2024-12-11 18:02:40.393386 sent 2024-12-11 17:57:23.774233
INFO:Message received on topic: type-1/26 with payload size: 91 at 2024-12-11 18:02:41.017795 sent 2024-12-11 17:57:24.063211
INFO:Message received on topic: type-1/26 with payload size: 91 at 2024-12-11 18:02:41.629084 sent 2024-12-11 17:57:24.350305
INFO:Message received on topic: type-1/26 with payload size: 91 at 2024-12-11 18:02:42.416467 sent 2024-12-11 17:57:24.637474
INFO:Message received on topic: type-1/26 with payload size: 91 at 2024-12-11 18:02:43.321363 sent 2024-12-11 17:57:24.926304
INFO:Message received on topic: type-1/26 with payload size: 91 at 2024-12-11 18:02:44.121913 sent 2024-12-11 17:57:25.214630
INFO:Message received on topic: type-1/26 with payload size: 91 at 2024-12-11 18:02:44.918010 sent 2024-12-11 17:57:25.500462
INFO:Message received on topic: type-1/26 with payload size: 91 at 2024-12-11 18:02:45.541313 sent 2024-12-11 17:57:25.785356
INFO:Message received on topic: type-1/26 with payload size: 91 at 2024-12-11 18:02:46.217391 sent 2024-12-11 17:57:26.070344
INFO:Message received on topic: type-1/26 with payload size: 91 at 2024-12-11 18:02:46.930007 sent 2024-12-11 17:57:26.356044
INFO:Message received on topic: type-1/26 with payload size: 91 at 2024-12-11 18:02:47.752619 sent 2024-12-11 17:57:26.641403
INFO:Message received on topic: type-1/26 with payload size: 91 at 2024-12-11 18:02:48.621925 sent 2024-12-11 17:57:26.929496
INFO:Message received on topic: type-1/26 with payload size: 91 at 2024-12-11 18:02:49.416245 sent 2024-12-11 17:57:27.215809
INFO:Message received on topic: type-1/26 with payload size: 91 at 2024-12-11 18:02:50.231203 sent 2024-12-11 17:57:27.502315
INFO:Message received on topic: type-1/26 with payload size: 91 at 2024-12-11 18:02:50.922020 sent 2024-12-11 17:57:27.786855
INFO:Message received on topic: type-1/26 with payload size: 91 at 2024-12-11 18:02:51.615921 sent 2024-12-11 17:57:28.071844
INFO:Message received on topic: type-1/26 with payload size: 91 at 2024-12-11 18:02:52.339080 sent 2024-12-11 17:57:28.358267
INFO:Message received on topic: type-1/26 with payload size: 91 at 2024-12-11 18:02:53.147702 sent 2024-12-11 17:57:28.643958
INFO:Message received on topic: type-1/26 with payload size: 91 at 2024-12-11 18:02:53.926812 sent 2024-12-11 17:57:28.940216
INFO:Message received on topic: type-1/26 with payload size: 91 at 2024-12-11 18:02:54.642512 sent 2024-12-11 17:57:29.226379
INFO:Message received on topic: type-1/26 with payload size: 91 at 2024-12-11 18:02:55.525892 sent 2024-12-11 17:57:29.512393
INFO:Message received on topic: type-1/26 with payload size: 91 at 2024-12-11 18:02:56.536918 sent 2024-12-11 17:57:29.797338
INFO:Message received on topic: type-1/26 with payload size: 91 at 2024-12-11 18:02:57.148992 sent 2024-12-11 17:57:30.082200
INFO:Message received on topic: type-1/26 with payload size: 91 at 2024-12-11 18:02:57.846203 sent 2024-12-11 17:57:30.368554
INFO:Message received on topic: type-1/26 with payload size: 91 at 2024-12-11 18:02:58.720248 sent 2024-12-11 17:57:30.653558
INFO:Message received on topic: type-1/26 with payload size: 91 at 2024-12-11 18:02:59.525762 sent 2024-12-11 17:57:30.945672
INFO:Message received on topic: type-1/26 with payload size: 91 at 2024-12-11 18:03:00.326636 sent 2024-12-11 17:57:31.233029
INFO:Message received on topic: type-1/26 with payload size: 91 at 2024-12-11 18:03:01.144942 sent 2024-12-11 17:57:31.519643
INFO:Message received on topic: type-1/26 with payload size: 91 at 2024-12-11 18:03:01.851916 sent 2024-12-11 17:57:31.807396
INFO:Message received on topic: type-1/26 with payload size: 91 at 2024-12-11 18:03:02.714984 sent 2024-12-11 17:57:32.093402
INFO:Message received on topic: type-1/26 with payload size: 91 at 2024-12-11 18:03:03.622220 sent 2024-12-11 17:57:32.379275
INFO:Message received on topic: type-1/26 with payload size: 91 at 2024-12-11 18:03:04.615563 sent 2024-12-11 17:57:32.664024
INFO:Message received on topic: type-1/26 with payload size: 91 at 2024-12-11 18:03:05.516833 sent 2024-12-11 17:57:32.949878
INFO:Message received on topic: type-1/26 with payload size: 91 at 2024-12-11 18:03:06.234283 sent 2024-12-11 17:57:33.233975
INFO:Message received on topic: type-1/26 with payload size: 91 at 2024-12-11 18:03:06.948422 sent 2024-12-11 17:57:33.530243
INFO:Message received on topic: type-1/26 with payload size: 91 at 2024-12-11 18:03:07.815587 sent 2024-12-11 17:57:33.816112
INFO:Message received on topic: type-1/26 with payload size: 91 at 2024-12-11 18:03:08.450337 sent 2024-12-11 17:57:34.100098
INFO:Message received on topic: type-1/26 with payload size: 91 at 2024-12-11 18:03:09.150998 sent 2024-12-11 17:57:34.384966
INFO:Message received on topic: type-1/26 with payload size: 91 at 2024-12-11 18:03:09.941072 sent 2024-12-11 17:57:34.669583
INFO:Message received on topic: type-1/26 with payload size: 91 at 2024-12-11 18:03:10.691462 sent 2024-12-11 17:57:34.953601
INFO:Message received on topic: type-1/26 with payload size: 91 at 2024-12-11 18:03:11.426107 sent 2024-12-11 17:57:35.238011
INFO:Message received on topic: type-1/26 with payload size: 91 at 2024-12-11 18:03:12.220532 sent 2024-12-11 17:57:35.557447
INFO:Message received on topic: type-1/26 with payload size: 91 at 2024-12-11 18:03:12.840610 sent 2024-12-11 17:57:35.843084
INFO:Message received on topic: type-1/26 with payload size: 91 at 2024-12-11 18:03:13.726995 sent 2024-12-11 17:57:36.128693
INFO:Message received on topic: type-1/26 with payload size: 91 at 2024-12-11 18:03:14.433813 sent 2024-12-11 17:57:36.412975
INFO:Message received on topic: type-1/26 with payload size: 91 at 2024-12-11 18:03:15.317047 sent 2024-12-11 17:57:36.698914
INFO:Message received on topic: type-1/26 with payload size: 91 at 2024-12-11 18:03:16.133429 sent 2024-12-11 17:57:36.987875
INFO:Message received on topic: type-1/26 with payload size: 91 at 2024-12-11 18:03:18.026929 sent 2024-12-11 17:57:37.275976
INFO:Message received on topic: type-1/26 with payload size: 91 at 2024-12-11 18:03:18.916393 sent 2024-12-11 17:57:37.563408
INFO:Message received on topic: type-1/26 with payload size: 91 at 2024-12-11 18:03:19.753591 sent 2024-12-11 17:57:37.848439
INFO:Message received on topic: type-1/26 with payload size: 91 at 2024-12-11 18:03:20.533579 sent 2024-12-11 17:57:38.134298
INFO:Message received on topic: type-1/26 with payload size: 91 at 2024-12-11 18:03:21.416170 sent 2024-12-11 17:57:38.421185
INFO:Message received on topic: type-1/26 with payload size: 91 at 2024-12-11 18:03:22.216275 sent 2024-12-11 17:57:38.711872
INFO:Message received on topic: type-1/26 with payload size: 91 at 2024-12-11 18:03:23.121404 sent 2024-12-11 17:57:39.001693
INFO:Message received on topic: type-1/26 with payload size: 91 at 2024-12-11 18:03:23.949924 sent 2024-12-11 17:57:39.292240
INFO:Message received on topic: type-1/26 with payload size: 91 at 2024-12-11 18:03:24.749413 sent 2024-12-11 17:57:39.592206
INFO:Message received on topic: type-1/26 with payload size: 91 at 2024-12-11 18:03:25.442728 sent 2024-12-11 17:57:39.879487
INFO:Message received on topic: type-1/26 with payload size: 91 at 2024-12-11 18:03:26.021319 sent 2024-12-11 17:57:40.164548
INFO:Message received on topic: type-1/26 with payload size: 91 at 2024-12-11 18:03:26.819036 sent 2024-12-11 17:57:40.450818
INFO:Message received on topic: type-1/26 with payload size: 91 at 2024-12-11 18:03:27.537264 sent 2024-12-11 17:57:40.738697
INFO:Message received on topic: type-1/26 with payload size: 91 at 2024-12-11 18:03:28.216558 sent 2024-12-11 17:57:41.028017
INFO:Message received on topic: type-1/26 with payload size: 91 at 2024-12-11 18:03:28.817427 sent 2024-12-11 17:57:41.317195
INFO:Message received on topic: type-1/26 with payload size: 91 at 2024-12-11 18:03:29.339109 sent 2024-12-11 17:57:41.607210
INFO:Message received on topic: type-1/26 with payload size: 91 at 2024-12-11 18:03:29.945821 sent 2024-12-11 17:57:41.894335
INFO:Message received on topic: type-1/26 with payload size: 91 at 2024-12-11 18:03:30.547899 sent 2024-12-11 17:57:42.181555
INFO:Message received on topic: type-1/26 with payload size: 91 at 2024-12-11 18:03:31.233286 sent 2024-12-11 17:57:42.469152
INFO:Message received on topic: type-1/26 with payload size: 91 at 2024-12-11 18:03:31.844376 sent 2024-12-11 17:57:42.757248
INFO:Message received on topic: type-1/26 with payload size: 91 at 2024-12-11 18:03:32.531775 sent 2024-12-11 17:57:43.044287
INFO:Message received on topic: type-1/26 with payload size: 91 at 2024-12-11 18:03:33.196655 sent 2024-12-11 17:57:43.333938
INFO:Message received on topic: type-1/26 with payload size: 91 at 2024-12-11 18:03:33.831686 sent 2024-12-11 17:57:43.624757
INFO:Message received on topic: type-1/26 with payload size: 91 at 2024-12-11 18:03:34.724719 sent 2024-12-11 17:57:43.909308
INFO:Message received on topic: type-1/26 with payload size: 91 at 2024-12-11 18:03:35.522618 sent 2024-12-11 17:57:44.195955
INFO:Message received on topic: type-1/26 with payload size: 91 at 2024-12-11 18:03:36.226002 sent 2024-12-11 17:57:44.483023
INFO:Message received on topic: type-1/26 with payload size: 91 at 2024-12-11 18:03:36.827638 sent 2024-12-11 17:57:44.770948
INFO:Message received on topic: type-1/26 with payload size: 91 at 2024-12-11 18:03:37.456478 sent 2024-12-11 17:57:45.057761
INFO:Message received on topic: type-1/26 with payload size: 91 at 2024-12-11 18:03:38.128644 sent 2024-12-11 17:57:45.345952
INFO:Message received on topic: type-1/26 with payload size: 91 at 2024-12-11 18:03:38.739837 sent 2024-12-11 17:57:45.633827
INFO:Message received on topic: type-1/26 with payload size: 91 at 2024-12-11 18:03:39.444770 sent 2024-12-11 17:57:45.919627
INFO:Message received on topic: type-1/26 with payload size: 91 at 2024-12-11 18:03:40.323408 sent 2024-12-11 17:57:46.206178
INFO:Message received on topic: type-1/26 with payload size: 91 at 2024-12-11 18:03:41.018994 sent 2024-12-11 17:57:46.491698
INFO:Message received on topic: type-1/26 with payload size: 91 at 2024-12-11 18:03:41.641273 sent 2024-12-11 17:57:46.779015
INFO:Message received on topic: type-1/26 with payload size: 91 at 2024-12-11 18:03:42.322207 sent 2024-12-11 17:57:47.063790
INFO:Message received on topic: type-1/26 with payload size: 91 at 2024-12-11 18:03:42.953583 sent 2024-12-11 17:57:47.349003
INFO:Message received on topic: type-1/26 with payload size: 91 at 2024-12-11 18:03:43.592485 sent 2024-12-11 17:59:59.160451
INFO:Message received on topic: type-1/26 with payload size: 91 at 2024-12-11 18:03:44.328367 sent 2024-12-11 17:59:59.445663
INFO:Message received on topic: type-1/26 with payload size: 91 at 2024-12-11 18:03:45.317251 sent 2024-12-11 17:59:59.729555
INFO:Message received on topic: type-1/26 with payload size: 91 at 2024-12-11 18:03:46.015160 sent 2024-12-11 18:00:00.012780
INFO:Message received on topic: type-1/26 with payload size: 91 at 2024-12-11 18:03:46.726641 sent 2024-12-11 18:00:00.296175
