INFO:Starting Version 1.0.5
DEBUG:Using selector: EpollSelector
INFO:Connecting to cluster at: mqtt-quic://emqx-headless.dtwins:14567 using QUIC
INFO:Subscribed to topic: type-1/22
INFO:Logging each: 50
INFO:Unhandled packet type received
INFO:Message received on topic: type-1/22 with payload size: 91 at 2024-12-11 17:50:26.425696 sent 2024-12-11 17:50:26.409261
INFO:Message received on topic: type-1/22 with payload size: 91 at 2024-12-11 17:50:26.719420 sent 2024-12-11 17:50:26.696295
INFO:Message received on topic: type-1/22 with payload size: 91 at 2024-12-11 17:50:27.031945 sent 2024-12-11 17:50:26.988188
INFO:Message received on topic: type-1/22 with payload size: 91 at 2024-12-11 17:50:27.348878 sent 2024-12-11 17:50:27.274424
INFO:Message received on topic: type-1/22 with payload size: 91 at 2024-12-11 17:50:27.648277 sent 2024-12-11 17:50:27.561494
INFO:Message received on topic: type-1/22 with payload size: 91 at 2024-12-11 17:50:27.993745 sent 2024-12-11 17:50:27.849221
INFO:Message received on topic: type-1/22 with payload size: 91 at 2024-12-11 17:50:28.145762 sent 2024-12-11 17:50:28.139017
INFO:Message received on topic: type-1/22 with payload size: 91 at 2024-12-11 17:50:28.429868 sent 2024-12-11 17:50:28.426492
INFO:Message received on topic: type-1/22 with payload size: 91 at 2024-12-11 17:50:28.745684 sent 2024-12-11 17:50:28.713587
INFO:Message received on topic: type-1/22 with payload size: 91 at 2024-12-11 17:50:29.029110 sent 2024-12-11 17:50:29.010439
INFO:Message received on topic: type-1/22 with payload size: 91 at 2024-12-11 17:50:29.317933 sent 2024-12-11 17:50:29.297952
INFO:Message received on topic: type-1/22 with payload size: 91 at 2024-12-11 17:50:29.627241 sent 2024-12-11 17:50:29.584756
INFO:Message received on topic: type-1/22 with payload size: 91 at 2024-12-11 17:50:29.899111 sent 2024-12-11 17:50:29.871023
INFO:Message received on topic: type-1/22 with payload size: 91 at 2024-12-11 17:50:30.233081 sent 2024-12-11 17:50:30.163055
INFO:Message received on topic: type-1/22 with payload size: 91 at 2024-12-11 17:50:30.452787 sent 2024-12-11 17:50:30.451035
INFO:Message received on topic: type-1/22 with payload size: 91 at 2024-12-11 17:50:30.744789 sent 2024-12-11 17:50:30.743583
INFO:Message received on topic: type-1/22 with payload size: 91 at 2024-12-11 17:50:31.033266 sent 2024-12-11 17:50:31.031910
INFO:Message received on topic: type-1/22 with payload size: 91 at 2024-12-11 17:50:31.399408 sent 2024-12-11 17:50:31.320369
INFO:Message received on topic: type-1/22 with payload size: 91 at 2024-12-11 17:50:31.713675 sent 2024-12-11 17:50:31.607978
INFO:Message received on topic: type-1/22 with payload size: 91 at 2024-12-11 17:50:31.992651 sent 2024-12-11 17:50:31.895516
INFO:Message received on topic: type-1/22 with payload size: 91 at 2024-12-11 17:50:32.217616 sent 2024-12-11 17:50:32.185394
INFO:Message received on topic: type-1/22 with payload size: 91 at 2024-12-11 17:50:32.523052 sent 2024-12-11 17:50:32.472865
INFO:Message received on topic: type-1/22 with payload size: 91 at 2024-12-11 17:50:32.797768 sent 2024-12-11 17:50:32.760620
INFO:Message received on topic: type-1/22 with payload size: 91 at 2024-12-11 17:50:33.099725 sent 2024-12-11 17:50:33.049694
INFO:Message received on topic: type-1/22 with payload size: 91 at 2024-12-11 17:50:33.337967 sent 2024-12-11 17:50:33.335187
INFO:Message received on topic: type-1/22 with payload size: 91 at 2024-12-11 17:50:33.637097 sent 2024-12-11 17:50:33.621419
INFO:Message received on topic: type-1/22 with payload size: 91 at 2024-12-11 17:50:33.928424 sent 2024-12-11 17:50:33.917692
INFO:Message received on topic: type-1/22 with payload size: 91 at 2024-12-11 17:50:34.217582 sent 2024-12-11 17:50:34.204721
INFO:Message received on topic: type-1/22 with payload size: 91 at 2024-12-11 17:50:34.621735 sent 2024-12-11 17:50:34.490138
INFO:Message received on topic: type-1/22 with payload size: 91 at 2024-12-11 17:50:34.840145 sent 2024-12-11 17:50:34.780462
INFO:Message received on topic: type-1/22 with payload size: 91 at 2024-12-11 17:50:35.103220 sent 2024-12-11 17:50:35.078091
INFO:Message received on topic: type-1/22 with payload size: 91 at 2024-12-11 17:50:35.414984 sent 2024-12-11 17:50:35.374761
INFO:Message received on topic: type-1/22 with payload size: 91 at 2024-12-11 17:50:35.703909 sent 2024-12-11 17:50:35.661752
INFO:Message received on topic: type-1/22 with payload size: 91 at 2024-12-11 17:50:35.996367 sent 2024-12-11 17:50:35.947213
INFO:Message received on topic: type-1/22 with payload size: 91 at 2024-12-11 17:50:36.324561 sent 2024-12-11 17:50:36.237584
INFO:Message received on topic: type-1/22 with payload size: 91 at 2024-12-11 17:50:36.598160 sent 2024-12-11 17:50:36.523823
INFO:Message received on topic: type-1/22 with payload size: 91 at 2024-12-11 17:50:36.830371 sent 2024-12-11 17:50:36.810808
INFO:Message received on topic: type-1/22 with payload size: 91 at 2024-12-11 17:50:37.127743 sent 2024-12-11 17:50:37.097142
INFO:Message received on topic: type-1/22 with payload size: 91 at 2024-12-11 17:50:37.426138 sent 2024-12-11 17:50:37.385789
INFO:Message received on topic: type-1/22 with payload size: 91 at 2024-12-11 17:50:37.728279 sent 2024-12-11 17:50:37.673981
INFO:Message received on topic: type-1/22 with payload size: 91 at 2024-12-11 17:50:38.041440 sent 2024-12-11 17:50:37.964212
INFO:Message received on topic: type-1/22 with payload size: 91 at 2024-12-11 17:50:38.393876 sent 2024-12-11 17:50:38.257977
INFO:Message received on topic: type-1/22 with payload size: 91 at 2024-12-11 17:50:38.815803 sent 2024-12-11 17:50:38.543772
INFO:Message received on topic: type-1/22 with payload size: 91 at 2024-12-11 17:50:39.019976 sent 2024-12-11 17:50:38.836664
INFO:Message received on topic: type-1/22 with payload size: 91 at 2024-12-11 17:50:39.243982 sent 2024-12-11 17:50:39.124925
INFO:Message received on topic: type-1/22 with payload size: 91 at 2024-12-11 17:50:39.437372 sent 2024-12-11 17:50:39.412960
INFO:Message received on topic: type-1/22 with payload size: 91 at 2024-12-11 17:50:39.727240 sent 2024-12-11 17:50:39.702077
INFO:Message received on topic: type-1/22 with payload size: 91 at 2024-12-11 17:50:40.040993 sent 2024-12-11 17:50:39.997440
INFO:Message received on topic: type-1/22 with payload size: 91 at 2024-12-11 17:50:40.436798 sent 2024-12-11 17:50:40.286908
INFO:Message received on topic: type-1/22 with payload size: 91 at 2024-12-11 17:50:40.753801 sent 2024-12-11 17:50:40.576011
INFO:Message received on topic: type-1/22 with payload size: 91 at 2024-12-11 17:50:41.045236 sent 2024-12-11 17:50:40.864682
INFO:Message received on topic: type-1/22 with payload size: 91 at 2024-12-11 17:50:41.227722 sent 2024-12-11 17:50:41.157233
INFO:Message received on topic: type-1/22 with payload size: 91 at 2024-12-11 17:50:41.493101 sent 2024-12-11 17:50:41.446553
INFO:Message received on topic: type-1/22 with payload size: 91 at 2024-12-11 17:50:41.794151 sent 2024-12-11 17:50:41.736935
INFO:Message received on topic: type-1/22 with payload size: 91 at 2024-12-11 17:50:42.143177 sent 2024-12-11 17:50:42.027588
INFO:Message received on topic: type-1/22 with payload size: 91 at 2024-12-11 17:50:42.644657 sent 2024-12-11 17:50:42.313635
INFO:Message received on topic: type-1/22 with payload size: 91 at 2024-12-11 17:50:43.020400 sent 2024-12-11 17:50:42.599858
INFO:Message received on topic: type-1/22 with payload size: 91 at 2024-12-11 17:50:43.242719 sent 2024-12-11 17:50:42.887126
INFO:Message received on topic: type-1/22 with payload size: 91 at 2024-12-11 17:50:43.515096 sent 2024-12-11 17:50:43.183348
INFO:Message received on topic: type-1/22 with payload size: 91 at 2024-12-11 17:50:43.731796 sent 2024-12-11 17:50:43.471016
INFO:Message received on topic: type-1/22 with payload size: 91 at 2024-12-11 17:50:44.029390 sent 2024-12-11 17:50:43.758697
INFO:Message received on topic: type-1/22 with payload size: 91 at 2024-12-11 17:50:44.395685 sent 2024-12-11 17:50:44.048406
INFO:Message received on topic: type-1/22 with payload size: 91 at 2024-12-11 17:50:44.694009 sent 2024-12-11 17:50:44.340133
INFO:Message received on topic: type-1/22 with payload size: 91 at 2024-12-11 17:50:44.942646 sent 2024-12-11 17:50:44.628637
INFO:Message received on topic: type-1/22 with payload size: 91 at 2024-12-11 17:50:45.227619 sent 2024-12-11 17:50:44.916305
INFO:Message received on topic: type-1/22 with payload size: 91 at 2024-12-11 17:50:45.514275 sent 2024-12-11 17:50:45.209796
INFO:Message received on topic: type-1/22 with payload size: 91 at 2024-12-11 17:50:45.748370 sent 2024-12-11 17:50:45.495888
INFO:Message received on topic: type-1/22 with payload size: 91 at 2024-12-11 17:50:46.027736 sent 2024-12-11 17:50:45.781375
INFO:Message received on topic: type-1/22 with payload size: 91 at 2024-12-11 17:50:46.347882 sent 2024-12-11 17:50:46.075836
INFO:Message received on topic: type-1/22 with payload size: 91 at 2024-12-11 17:50:46.621819 sent 2024-12-11 17:50:46.361706
INFO:Message received on topic: type-1/22 with payload size: 91 at 2024-12-11 17:50:47.025038 sent 2024-12-11 17:50:46.648146
INFO:Message received on topic: type-1/22 with payload size: 91 at 2024-12-11 17:50:47.322159 sent 2024-12-11 17:50:46.935451
INFO:Message received on topic: type-1/22 with payload size: 91 at 2024-12-11 17:50:47.593808 sent 2024-12-11 17:50:47.225585
INFO:Message received on topic: type-1/22 with payload size: 91 at 2024-12-11 17:50:47.901639 sent 2024-12-11 17:50:47.515288
INFO:Message received on topic: type-1/22 with payload size: 91 at 2024-12-11 17:50:48.337292 sent 2024-12-11 17:50:47.803811
INFO:Message received on topic: type-1/22 with payload size: 91 at 2024-12-11 17:50:48.699533 sent 2024-12-11 17:50:48.091773
INFO:Message received on topic: type-1/22 with payload size: 91 at 2024-12-11 17:50:49.029606 sent 2024-12-11 17:50:48.386026
INFO:Message received on topic: type-1/22 with payload size: 91 at 2024-12-11 17:50:49.293896 sent 2024-12-11 17:50:48.680897
INFO:Message received on topic: type-1/22 with payload size: 91 at 2024-12-11 17:50:49.494193 sent 2024-12-11 17:50:48.968364
INFO:Message received on topic: type-1/22 with payload size: 91 at 2024-12-11 17:50:49.720366 sent 2024-12-11 17:50:49.258298
INFO:Message received on topic: type-1/22 with payload size: 91 at 2024-12-11 17:50:49.941774 sent 2024-12-11 17:50:49.548721
INFO:Message received on topic: type-1/22 with payload size: 91 at 2024-12-11 17:50:50.245769 sent 2024-12-11 17:50:49.835050
INFO:Message received on topic: type-1/22 with payload size: 91 at 2024-12-11 17:50:50.537039 sent 2024-12-11 17:50:50.123108
INFO:Message received on topic: type-1/22 with payload size: 91 at 2024-12-11 17:50:50.829375 sent 2024-12-11 17:50:50.412786
INFO:Message received on topic: type-1/22 with payload size: 91 at 2024-12-11 17:50:51.134469 sent 2024-12-11 17:50:50.702088
INFO:Message received on topic: type-1/22 with payload size: 91 at 2024-12-11 17:50:51.427048 sent 2024-12-11 17:50:50.991037
INFO:Message received on topic: type-1/22 with payload size: 91 at 2024-12-11 17:50:51.730152 sent 2024-12-11 17:50:51.282687
INFO:Message received on topic: type-1/22 with payload size: 91 at 2024-12-11 17:50:52.043656 sent 2024-12-11 17:50:51.569741
INFO:Message received on topic: type-1/22 with payload size: 91 at 2024-12-11 17:50:52.340160 sent 2024-12-11 17:50:51.860454
INFO:Message received on topic: type-1/22 with payload size: 91 at 2024-12-11 17:50:52.639331 sent 2024-12-11 17:50:52.160587
INFO:Message received on topic: type-1/22 with payload size: 91 at 2024-12-11 17:50:52.916020 sent 2024-12-11 17:50:52.449208
INFO:Message received on topic: type-1/22 with payload size: 91 at 2024-12-11 17:50:53.140389 sent 2024-12-11 17:50:52.735392
INFO:Message received on topic: type-1/22 with payload size: 91 at 2024-12-11 17:50:53.337803 sent 2024-12-11 17:50:53.021383
INFO:Message received on topic: type-1/22 with payload size: 91 at 2024-12-11 17:50:53.617478 sent 2024-12-11 17:50:53.308309
INFO:Message received on topic: type-1/22 with payload size: 91 at 2024-12-11 17:50:53.843780 sent 2024-12-11 17:50:53.595063
INFO:Message received on topic: type-1/22 with payload size: 91 at 2024-12-11 17:50:54.140752 sent 2024-12-11 17:50:53.884722
INFO:Message received on topic: type-1/22 with payload size: 91 at 2024-12-11 17:50:54.420258 sent 2024-12-11 17:50:54.177906
INFO:Message received on topic: type-1/22 with payload size: 91 at 2024-12-11 17:50:54.816016 sent 2024-12-11 17:50:54.466968
INFO:Message received on topic: type-1/22 with payload size: 91 at 2024-12-11 17:50:55.194527 sent 2024-12-11 17:50:54.754612
INFO:Message received on topic: type-1/22 with payload size: 91 at 2024-12-11 17:50:55.516497 sent 2024-12-11 17:50:55.040485
INFO:Message received on topic: type-1/22 with payload size: 91 at 2024-12-11 17:50:55.795030 sent 2024-12-11 17:50:55.327629
INFO:Message received on topic: type-1/22 with payload size: 91 at 2024-12-11 17:50:56.035552 sent 2024-12-11 17:50:55.614629
INFO:Message received on topic: type-1/22 with payload size: 91 at 2024-12-11 17:50:56.295082 sent 2024-12-11 17:50:55.902359
INFO:Message received on topic: type-1/22 with payload size: 91 at 2024-12-11 17:50:56.639388 sent 2024-12-11 17:50:56.190345
INFO:Message received on topic: type-1/22 with payload size: 91 at 2024-12-11 17:50:56.947415 sent 2024-12-11 17:50:56.476270
INFO:Message received on topic: type-1/22 with payload size: 91 at 2024-12-11 17:50:57.232449 sent 2024-12-11 17:50:56.772861
INFO:Message received on topic: type-1/22 with payload size: 91 at 2024-12-11 17:50:57.438208 sent 2024-12-11 17:50:57.062921
INFO:Message received on topic: type-1/22 with payload size: 91 at 2024-12-11 17:50:57.719974 sent 2024-12-11 17:50:57.354964
INFO:Message received on topic: type-1/22 with payload size: 91 at 2024-12-11 17:50:57.944550 sent 2024-12-11 17:50:57.641706
INFO:Message received on topic: type-1/22 with payload size: 91 at 2024-12-11 17:50:58.195705 sent 2024-12-11 17:50:57.927796
INFO:Message received on topic: type-1/22 with payload size: 91 at 2024-12-11 17:50:58.433221 sent 2024-12-11 17:50:58.214806
INFO:Message received on topic: type-1/22 with payload size: 91 at 2024-12-11 17:50:58.642738 sent 2024-12-11 17:50:58.503446
INFO:Message received on topic: type-1/22 with payload size: 91 at 2024-12-11 17:50:58.917371 sent 2024-12-11 17:50:58.791714
INFO:Message received on topic: type-1/22 with payload size: 91 at 2024-12-11 17:50:59.195723 sent 2024-12-11 17:50:59.080753
INFO:Message received on topic: type-1/22 with payload size: 91 at 2024-12-11 17:50:59.429322 sent 2024-12-11 17:50:59.369060
INFO:Message received on topic: type-1/22 with payload size: 91 at 2024-12-11 17:50:59.714140 sent 2024-12-11 17:50:59.656269
INFO:Message received on topic: type-1/22 with payload size: 91 at 2024-12-11 17:50:59.993279 sent 2024-12-11 17:50:59.946212
INFO:Message received on topic: type-1/22 with payload size: 91 at 2024-12-11 17:51:00.248613 sent 2024-12-11 17:51:00.236129
INFO:Message received on topic: type-1/22 with payload size: 91 at 2024-12-11 17:51:00.535844 sent 2024-12-11 17:51:00.524294
INFO:Message received on topic: type-1/22 with payload size: 91 at 2024-12-11 17:51:00.840796 sent 2024-12-11 17:51:00.810664
INFO:Message received on topic: type-1/22 with payload size: 91 at 2024-12-11 17:51:01.138885 sent 2024-12-11 17:51:01.101245
INFO:Message received on topic: type-1/22 with payload size: 91 at 2024-12-11 17:51:01.497515 sent 2024-12-11 17:51:01.397030
INFO:Message received on topic: type-1/22 with payload size: 91 at 2024-12-11 17:51:01.850148 sent 2024-12-11 17:51:01.686300
INFO:Message received on topic: type-1/22 with payload size: 91 at 2024-12-11 17:51:02.333585 sent 2024-12-11 17:51:01.973120
INFO:Message received on topic: type-1/22 with payload size: 91 at 2024-12-11 17:51:03.033699 sent 2024-12-11 17:51:02.263905
INFO:Message received on topic: type-1/22 with payload size: 91 at 2024-12-11 17:51:03.538190 sent 2024-12-11 17:51:02.552124
INFO:Message received on topic: type-1/22 with payload size: 91 at 2024-12-11 17:51:03.844334 sent 2024-12-11 17:51:02.838848
INFO:Message received on topic: type-1/22 with payload size: 91 at 2024-12-11 17:51:04.115523 sent 2024-12-11 17:51:03.126984
INFO:Message received on topic: type-1/22 with payload size: 91 at 2024-12-11 17:51:04.333070 sent 2024-12-11 17:51:03.413232
INFO:Message received on topic: type-1/22 with payload size: 91 at 2024-12-11 17:51:04.627599 sent 2024-12-11 17:51:03.700575
INFO:Message received on topic: type-1/22 with payload size: 91 at 2024-12-11 17:51:04.841576 sent 2024-12-11 17:51:03.989223
INFO:Message received on topic: type-1/22 with payload size: 91 at 2024-12-11 17:51:05.132189 sent 2024-12-11 17:51:04.280099
INFO:Message received on topic: type-1/22 with payload size: 91 at 2024-12-11 17:51:05.497586 sent 2024-12-11 17:51:04.568946
INFO:Message received on topic: type-1/22 with payload size: 91 at 2024-12-11 17:51:05.742565 sent 2024-12-11 17:51:04.857700
INFO:Message received on topic: type-1/22 with payload size: 91 at 2024-12-11 17:51:05.948992 sent 2024-12-11 17:51:05.145154
INFO:Message received on topic: type-1/22 with payload size: 91 at 2024-12-11 17:51:06.349808 sent 2024-12-11 17:51:05.444628
INFO:Message received on topic: type-1/22 with payload size: 91 at 2024-12-11 17:51:06.858797 sent 2024-12-11 17:51:05.732155
INFO:Message received on topic: type-1/22 with payload size: 91 at 2024-12-11 17:51:07.223227 sent 2024-12-11 17:51:06.021884
INFO:Message received on topic: type-1/22 with payload size: 91 at 2024-12-11 17:51:07.521574 sent 2024-12-11 17:51:06.308668
INFO:Message received on topic: type-1/22 with payload size: 91 at 2024-12-11 17:51:07.794254 sent 2024-12-11 17:51:06.594593
INFO:Message received on topic: type-1/22 with payload size: 91 at 2024-12-11 17:51:08.045717 sent 2024-12-11 17:51:06.881999
INFO:Message received on topic: type-1/22 with payload size: 91 at 2024-12-11 17:51:08.299543 sent 2024-12-11 17:51:07.168659
INFO:Message received on topic: type-1/22 with payload size: 91 at 2024-12-11 17:51:08.558922 sent 2024-12-11 17:51:07.456390
INFO:Message received on topic: type-1/22 with payload size: 91 at 2024-12-11 17:51:08.920836 sent 2024-12-11 17:51:07.746712
INFO:Message received on topic: type-1/22 with payload size: 91 at 2024-12-11 17:51:09.235311 sent 2024-12-11 17:51:08.037968
INFO:Message received on topic: type-1/22 with payload size: 91 at 2024-12-11 17:51:09.547711 sent 2024-12-11 17:51:08.333352
INFO:Message received on topic: type-1/22 with payload size: 91 at 2024-12-11 17:51:09.830050 sent 2024-12-11 17:51:08.620444
INFO:Message received on topic: type-1/22 with payload size: 91 at 2024-12-11 17:51:10.132938 sent 2024-12-11 17:51:08.907847
INFO:Message received on topic: type-1/22 with payload size: 91 at 2024-12-11 17:51:10.426134 sent 2024-12-11 17:51:09.196707
INFO:Message received on topic: type-1/22 with payload size: 91 at 2024-12-11 17:51:10.647563 sent 2024-12-11 17:51:09.487589
INFO:Message received on topic: type-1/22 with payload size: 91 at 2024-12-11 17:51:10.940931 sent 2024-12-11 17:51:09.785242
INFO:Message received on topic: type-1/22 with payload size: 91 at 2024-12-11 17:51:11.234668 sent 2024-12-11 17:51:10.072770
INFO:Message received on topic: type-1/22 with payload size: 91 at 2024-12-11 17:51:11.596412 sent 2024-12-11 17:51:10.359749
INFO:Message received on topic: type-1/22 with payload size: 91 at 2024-12-11 17:51:11.900388 sent 2024-12-11 17:51:10.645811
INFO:Message received on topic: type-1/22 with payload size: 91 at 2024-12-11 17:51:12.196777 sent 2024-12-11 17:51:10.935681
INFO:Message received on topic: type-1/22 with payload size: 91 at 2024-12-11 17:51:12.495451 sent 2024-12-11 17:51:11.275676
INFO:Message received on topic: type-1/22 with payload size: 91 at 2024-12-11 17:51:12.817843 sent 2024-12-11 17:51:11.565248
INFO:Message received on topic: type-1/22 with payload size: 91 at 2024-12-11 17:51:13.239979 sent 2024-12-11 17:51:11.852268
INFO:Message received on topic: type-1/22 with payload size: 91 at 2024-12-11 17:51:13.620494 sent 2024-12-11 17:51:12.142114
INFO:Message received on topic: type-1/22 with payload size: 91 at 2024-12-11 17:51:13.942357 sent 2024-12-11 17:51:12.430516
INFO:Message received on topic: type-1/22 with payload size: 91 at 2024-12-11 17:51:14.324363 sent 2024-12-11 17:51:12.719368
INFO:Message received on topic: type-1/22 with payload size: 91 at 2024-12-11 17:51:14.725758 sent 2024-12-11 17:51:13.016284
INFO:Message received on topic: type-1/22 with payload size: 91 at 2024-12-11 17:51:15.095946 sent 2024-12-11 17:51:13.308675
INFO:Message received on topic: type-1/22 with payload size: 91 at 2024-12-11 17:51:15.420694 sent 2024-12-11 17:51:13.595710
INFO:Message received on topic: type-1/22 with payload size: 91 at 2024-12-11 17:51:15.642338 sent 2024-12-11 17:51:13.882639
INFO:Message received on topic: type-1/22 with payload size: 91 at 2024-12-11 17:51:15.934195 sent 2024-12-11 17:51:14.169902
INFO:Message received on topic: type-1/22 with payload size: 91 at 2024-12-11 17:51:16.254946 sent 2024-12-11 17:51:14.459163
INFO:Message received on topic: type-1/22 with payload size: 91 at 2024-12-11 17:51:16.546412 sent 2024-12-11 17:51:14.746319
INFO:Message received on topic: type-1/22 with payload size: 91 at 2024-12-11 17:51:16.894649 sent 2024-12-11 17:51:15.037721
INFO:Message received on topic: type-1/22 with payload size: 91 at 2024-12-11 17:51:17.239747 sent 2024-12-11 17:51:15.324854
INFO:Message received on topic: type-1/22 with payload size: 91 at 2024-12-11 17:51:17.547612 sent 2024-12-11 17:51:15.612146
INFO:Message received on topic: type-1/22 with payload size: 91 at 2024-12-11 17:51:17.993408 sent 2024-12-11 17:51:15.898668
INFO:Message received on topic: type-1/22 with payload size: 91 at 2024-12-11 17:51:18.499773 sent 2024-12-11 17:51:16.190527
INFO:Message received on topic: type-1/22 with payload size: 91 at 2024-12-11 17:51:19.090688 sent 2024-12-11 17:51:16.477926
INFO:Message received on topic: type-1/22 with payload size: 91 at 2024-12-11 17:51:19.500532 sent 2024-12-11 17:51:16.764858
INFO:Message received on topic: type-1/22 with payload size: 91 at 2024-12-11 17:51:19.834922 sent 2024-12-11 17:51:17.051007
INFO:Message received on topic: type-1/22 with payload size: 91 at 2024-12-11 17:51:20.397890 sent 2024-12-11 17:51:17.339727
INFO:Message received on topic: type-1/22 with payload size: 91 at 2024-12-11 17:51:20.746025 sent 2024-12-11 17:51:17.629427
INFO:Message received on topic: type-1/22 with payload size: 91 at 2024-12-11 17:51:21.098025 sent 2024-12-11 17:51:17.917588
INFO:Message received on topic: type-1/22 with payload size: 91 at 2024-12-11 17:51:21.797734 sent 2024-12-11 17:51:18.204641
INFO:Message received on topic: type-1/22 with payload size: 91 at 2024-12-11 17:51:22.142493 sent 2024-12-11 17:51:18.491578
INFO:Message received on topic: type-1/22 with payload size: 91 at 2024-12-11 17:51:22.455273 sent 2024-12-11 17:51:18.784691
INFO:Message received on topic: type-1/22 with payload size: 91 at 2024-12-11 17:51:22.826235 sent 2024-12-11 17:51:19.072554
INFO:Message received on topic: type-1/22 with payload size: 91 at 2024-12-11 17:51:23.131702 sent 2024-12-11 17:51:19.360664
INFO:Message received on topic: type-1/22 with payload size: 91 at 2024-12-11 17:51:23.445876 sent 2024-12-11 17:51:19.648223
INFO:Message received on topic: type-1/22 with payload size: 91 at 2024-12-11 17:51:23.895013 sent 2024-12-11 17:51:19.935331
INFO:Message received on topic: type-1/22 with payload size: 91 at 2024-12-11 17:51:24.297305 sent 2024-12-11 17:51:20.221987
INFO:Message received on topic: type-1/22 with payload size: 91 at 2024-12-11 17:51:24.645881 sent 2024-12-11 17:51:20.522766
INFO:Message received on topic: type-1/22 with payload size: 91 at 2024-12-11 17:51:24.996267 sent 2024-12-11 17:51:20.810609
INFO:Message received on topic: type-1/22 with payload size: 91 at 2024-12-11 17:51:25.317084 sent 2024-12-11 17:51:21.097834
INFO:Message received on topic: type-1/22 with payload size: 91 at 2024-12-11 17:51:25.641613 sent 2024-12-11 17:51:21.385422
INFO:Message received on topic: type-1/22 with payload size: 91 at 2024-12-11 17:51:26.016118 sent 2024-12-11 17:51:21.672235
INFO:Message received on topic: type-1/22 with payload size: 91 at 2024-12-11 17:51:26.346139 sent 2024-12-11 17:51:21.958823
INFO:Message received on topic: type-1/22 with payload size: 91 at 2024-12-11 17:51:26.717650 sent 2024-12-11 17:51:22.247209
INFO:Message received on topic: type-1/22 with payload size: 91 at 2024-12-11 17:51:27.115654 sent 2024-12-11 17:51:22.533694
INFO:Message received on topic: type-1/22 with payload size: 91 at 2024-12-11 17:51:27.542467 sent 2024-12-11 17:51:22.820483
INFO:Message received on topic: type-1/22 with payload size: 91 at 2024-12-11 17:51:28.099874 sent 2024-12-11 17:51:23.109087
INFO:Message received on topic: type-1/22 with payload size: 91 at 2024-12-11 17:51:28.634293 sent 2024-12-11 17:51:23.401447
INFO:Message received on topic: type-1/22 with payload size: 91 at 2024-12-11 17:51:29.224158 sent 2024-12-11 17:51:23.690274
INFO:Message received on topic: type-1/22 with payload size: 91 at 2024-12-11 17:51:30.024268 sent 2024-12-11 17:51:23.982548
INFO:Message received on topic: type-1/22 with payload size: 91 at 2024-12-11 17:51:30.796358 sent 2024-12-11 17:51:24.268581
INFO:Message received on topic: type-1/22 with payload size: 91 at 2024-12-11 17:51:31.330622 sent 2024-12-11 17:51:24.555612
INFO:Message received on topic: type-1/22 with payload size: 91 at 2024-12-11 17:51:31.941516 sent 2024-12-11 17:51:24.841053
INFO:Message received on topic: type-1/22 with payload size: 91 at 2024-12-11 17:51:32.525148 sent 2024-12-11 17:51:25.132330
INFO:Message received on topic: type-1/22 with payload size: 91 at 2024-12-11 17:51:33.121036 sent 2024-12-11 17:51:25.420473
INFO:Message received on topic: type-1/22 with payload size: 91 at 2024-12-11 17:51:33.643933 sent 2024-12-11 17:51:25.709237
INFO:Message received on topic: type-1/22 with payload size: 91 at 2024-12-11 17:51:34.336696 sent 2024-12-11 17:51:25.995954
INFO:Message received on topic: type-1/22 with payload size: 91 at 2024-12-11 17:51:34.895205 sent 2024-12-11 17:51:26.282942
INFO:Message received on topic: type-1/22 with payload size: 91 at 2024-12-11 17:51:35.740284 sent 2024-12-11 17:51:26.574946
INFO:Message received on topic: type-1/22 with payload size: 91 at 2024-12-11 17:51:36.436817 sent 2024-12-11 17:51:26.862150
INFO:Message received on topic: type-1/22 with payload size: 91 at 2024-12-11 17:51:36.948200 sent 2024-12-11 17:51:27.149411
INFO:Message received on topic: type-1/22 with payload size: 91 at 2024-12-11 17:51:37.419842 sent 2024-12-11 17:51:27.437296
INFO:Message received on topic: type-1/22 with payload size: 91 at 2024-12-11 17:51:37.851273 sent 2024-12-11 17:51:27.730212
INFO:Message received on topic: type-1/22 with payload size: 91 at 2024-12-11 17:51:38.436668 sent 2024-12-11 17:51:28.017676
INFO:Message received on topic: type-1/22 with payload size: 91 at 2024-12-11 17:51:39.239389 sent 2024-12-11 17:51:28.308681
INFO:Message received on topic: type-1/22 with payload size: 91 at 2024-12-11 17:51:39.927865 sent 2024-12-11 17:51:28.594383
INFO:Message received on topic: type-1/22 with payload size: 91 at 2024-12-11 17:51:40.692849 sent 2024-12-11 17:51:28.885643
INFO:Message received on topic: type-1/22 with payload size: 91 at 2024-12-11 17:51:41.597115 sent 2024-12-11 17:51:29.173272
INFO:Message received on topic: type-1/22 with payload size: 91 at 2024-12-11 17:51:42.103765 sent 2024-12-11 17:51:29.471206
INFO:Message received on topic: type-1/22 with payload size: 91 at 2024-12-11 17:51:42.619415 sent 2024-12-11 17:51:29.760327
INFO:Message received on topic: type-1/22 with payload size: 91 at 2024-12-11 17:51:43.096699 sent 2024-12-11 17:51:30.048683
INFO:Message received on topic: type-1/22 with payload size: 91 at 2024-12-11 17:51:43.529765 sent 2024-12-11 17:51:30.335666
INFO:Message received on topic: type-1/22 with payload size: 91 at 2024-12-11 17:51:43.930427 sent 2024-12-11 17:51:30.623214
INFO:Message received on topic: type-1/22 with payload size: 91 at 2024-12-11 17:51:44.415513 sent 2024-12-11 17:51:30.910889
INFO:Message received on topic: type-1/22 with payload size: 91 at 2024-12-11 17:51:45.126678 sent 2024-12-11 17:51:31.198107
INFO:Message received on topic: type-1/22 with payload size: 91 at 2024-12-11 17:51:46.093541 sent 2024-12-11 17:51:31.489665
INFO:Message received on topic: type-1/22 with payload size: 91 at 2024-12-11 17:51:46.724555 sent 2024-12-11 17:51:31.776450
INFO:Message received on topic: type-1/22 with payload size: 91 at 2024-12-11 17:51:47.419840 sent 2024-12-11 17:51:32.063463
INFO:Message received on topic: type-1/22 with payload size: 91 at 2024-12-11 17:51:48.316718 sent 2024-12-11 17:51:32.349360
INFO:Message received on topic: type-1/22 with payload size: 91 at 2024-12-11 17:51:48.800672 sent 2024-12-11 17:51:32.640011
INFO:Message received on topic: type-1/22 with payload size: 91 at 2024-12-11 17:51:49.252132 sent 2024-12-11 17:51:32.939350
INFO:Message received on topic: type-1/22 with payload size: 91 at 2024-12-11 17:51:49.697192 sent 2024-12-11 17:51:33.225460
INFO:Message received on topic: type-1/22 with payload size: 91 at 2024-12-11 17:51:50.221656 sent 2024-12-11 17:51:33.512217
INFO:Message received on topic: type-1/22 with payload size: 91 at 2024-12-11 17:51:50.997190 sent 2024-12-11 17:51:33.798569
INFO:Message received on topic: type-1/22 with payload size: 91 at 2024-12-11 17:51:51.619379 sent 2024-12-11 17:51:34.086869
INFO:Message received on topic: type-1/22 with payload size: 91 at 2024-12-11 17:51:52.094101 sent 2024-12-11 17:51:34.374384
INFO:Message received on topic: type-1/22 with payload size: 91 at 2024-12-11 17:51:52.551610 sent 2024-12-11 17:51:34.660421
INFO:Message received on topic: type-1/22 with payload size: 91 at 2024-12-11 17:51:53.053392 sent 2024-12-11 17:51:34.948479
INFO:Message received on topic: type-1/22 with payload size: 91 at 2024-12-11 17:51:53.515371 sent 2024-12-11 17:51:35.235849
INFO:Message received on topic: type-1/22 with payload size: 91 at 2024-12-11 17:51:54.015477 sent 2024-12-11 17:51:35.524537
INFO:Message received on topic: type-1/22 with payload size: 91 at 2024-12-11 17:51:54.548650 sent 2024-12-11 17:51:35.815648
INFO:Message received on topic: type-1/22 with payload size: 91 at 2024-12-11 17:51:55.053954 sent 2024-12-11 17:51:36.104617
INFO:Message received on topic: type-1/22 with payload size: 91 at 2024-12-11 17:51:55.499442 sent 2024-12-11 17:51:36.391297
INFO:Message received on topic: type-1/22 with payload size: 91 at 2024-12-11 17:51:55.934571 sent 2024-12-11 17:51:36.682338
INFO:Message received on topic: type-1/22 with payload size: 91 at 2024-12-11 17:51:56.725005 sent 2024-12-11 17:51:36.966708
INFO:Message received on topic: type-1/22 with payload size: 91 at 2024-12-11 17:51:57.242632 sent 2024-12-11 17:51:37.252461
INFO:Message received on topic: type-1/22 with payload size: 91 at 2024-12-11 17:51:57.834712 sent 2024-12-11 17:51:37.537377
INFO:Message received on topic: type-1/22 with payload size: 91 at 2024-12-11 17:51:58.426059 sent 2024-12-11 17:51:37.824144
INFO:Message received on topic: type-1/22 with payload size: 91 at 2024-12-11 17:51:58.950210 sent 2024-12-11 17:51:38.109851
INFO:Message received on topic: type-1/22 with payload size: 91 at 2024-12-11 17:51:59.530423 sent 2024-12-11 17:51:38.396056
INFO:Message received on topic: type-1/22 with payload size: 91 at 2024-12-11 17:52:00.119048 sent 2024-12-11 17:51:38.682439
INFO:Message received on topic: type-1/22 with payload size: 91 at 2024-12-11 17:52:00.630781 sent 2024-12-11 17:51:38.969679
INFO:Message received on topic: type-1/22 with payload size: 91 at 2024-12-11 17:52:01.196237 sent 2024-12-11 17:51:39.255675
INFO:Message received on topic: type-1/22 with payload size: 91 at 2024-12-11 17:52:01.700138 sent 2024-12-11 17:51:39.543343
INFO:Message received on topic: type-1/22 with payload size: 91 at 2024-12-11 17:52:02.296196 sent 2024-12-11 17:51:39.829102
INFO:Message received on topic: type-1/22 with payload size: 91 at 2024-12-11 17:52:02.823321 sent 2024-12-11 17:51:40.115443
INFO:Message received on topic: type-1/22 with payload size: 91 at 2024-12-11 17:52:03.595549 sent 2024-12-11 17:51:40.401090
INFO:Message received on topic: type-1/22 with payload size: 91 at 2024-12-11 17:52:04.122041 sent 2024-12-11 17:51:40.685812
INFO:Message received on topic: type-1/22 with payload size: 91 at 2024-12-11 17:52:04.627722 sent 2024-12-11 17:51:40.980161
INFO:Message received on topic: type-1/22 with payload size: 91 at 2024-12-11 17:52:05.237813 sent 2024-12-11 17:51:41.268688
INFO:Message received on topic: type-1/22 with payload size: 91 at 2024-12-11 17:52:05.834263 sent 2024-12-11 17:51:41.555892
INFO:Message received on topic: type-1/22 with payload size: 91 at 2024-12-11 17:52:06.899878 sent 2024-12-11 17:51:41.841439
INFO:Message received on topic: type-1/22 with payload size: 91 at 2024-12-11 17:52:07.449814 sent 2024-12-11 17:51:42.126806
INFO:Message received on topic: type-1/22 with payload size: 91 at 2024-12-11 17:52:08.094845 sent 2024-12-11 17:51:42.411828
INFO:Message received on topic: type-1/22 with payload size: 91 at 2024-12-11 17:52:08.694058 sent 2024-12-11 17:51:42.697769
INFO:Message received on topic: type-1/22 with payload size: 91 at 2024-12-11 17:52:09.616048 sent 2024-12-11 17:51:42.983176
INFO:Message received on topic: type-1/22 with payload size: 91 at 2024-12-11 17:52:10.393951 sent 2024-12-11 17:51:43.269174
INFO:Message received on topic: type-1/22 with payload size: 91 at 2024-12-11 17:52:10.953443 sent 2024-12-11 17:51:43.554281
INFO:Message received on topic: type-1/22 with payload size: 91 at 2024-12-11 17:52:11.796934 sent 2024-12-11 17:51:43.841026
INFO:Message received on topic: type-1/22 with payload size: 91 at 2024-12-11 17:52:12.833873 sent 2024-12-11 17:51:44.127416
INFO:Message received on topic: type-1/22 with payload size: 91 at 2024-12-11 17:52:14.023239 sent 2024-12-11 17:51:44.412555
INFO:Message received on topic: type-1/22 with payload size: 91 at 2024-12-11 17:52:14.798518 sent 2024-12-11 17:51:44.698800
INFO:Message received on topic: type-1/22 with payload size: 91 at 2024-12-11 17:52:15.930053 sent 2024-12-11 17:51:44.984291
INFO:Message received on topic: type-1/22 with payload size: 91 at 2024-12-11 17:52:17.529657 sent 2024-12-11 17:51:45.270835
INFO:Message received on topic: type-1/22 with payload size: 91 at 2024-12-11 17:52:18.647849 sent 2024-12-11 17:51:45.558229
INFO:Message received on topic: type-1/22 with payload size: 91 at 2024-12-11 17:52:19.895625 sent 2024-12-11 17:51:45.844823
INFO:Message received on topic: type-1/22 with payload size: 91 at 2024-12-11 17:52:20.926285 sent 2024-12-11 17:51:46.130545
INFO:Message received on topic: type-1/22 with payload size: 91 at 2024-12-11 17:52:21.901213 sent 2024-12-11 17:51:46.416486
INFO:Message received on topic: type-1/22 with payload size: 91 at 2024-12-11 17:52:22.797049 sent 2024-12-11 17:51:46.711814
INFO:Message received on topic: type-1/22 with payload size: 91 at 2024-12-11 17:52:23.523875 sent 2024-12-11 17:51:46.998643
INFO:Message received on topic: type-1/22 with payload size: 91 at 2024-12-11 17:52:24.397406 sent 2024-12-11 17:51:47.285234
INFO:Message received on topic: type-1/22 with payload size: 91 at 2024-12-11 17:52:25.344644 sent 2024-12-11 17:51:47.571002
INFO:Message received on topic: type-1/22 with payload size: 91 at 2024-12-11 17:52:26.440446 sent 2024-12-11 17:51:47.856134
INFO:Message received on topic: type-1/22 with payload size: 91 at 2024-12-11 17:52:27.616581 sent 2024-12-11 17:51:48.141369
INFO:Message received on topic: type-1/22 with payload size: 91 at 2024-12-11 17:52:28.700117 sent 2024-12-11 17:51:48.429598
INFO:Message received on topic: type-1/22 with payload size: 91 at 2024-12-11 17:52:30.034772 sent 2024-12-11 17:51:48.720111
INFO:Message received on topic: type-1/22 with payload size: 91 at 2024-12-11 17:52:31.339634 sent 2024-12-11 17:51:49.008672
INFO:Message received on topic: type-1/22 with payload size: 91 at 2024-12-11 17:52:32.614694 sent 2024-12-11 17:51:49.295394
INFO:Message received on topic: type-1/22 with payload size: 91 at 2024-12-11 17:52:33.701921 sent 2024-12-11 17:51:49.584481
INFO:Message received on topic: type-1/22 with payload size: 91 at 2024-12-11 17:52:34.829096 sent 2024-12-11 17:51:49.870206
INFO:Message received on topic: type-1/22 with payload size: 91 at 2024-12-11 17:52:35.729142 sent 2024-12-11 17:51:50.155606
INFO:Message received on topic: type-1/22 with payload size: 91 at 2024-12-11 17:52:37.395456 sent 2024-12-11 17:51:50.439816
INFO:Message received on topic: type-1/22 with payload size: 91 at 2024-12-11 17:52:38.734750 sent 2024-12-11 17:51:50.724489
INFO:Message received on topic: type-1/22 with payload size: 91 at 2024-12-11 17:52:40.094530 sent 2024-12-11 17:51:51.011330
INFO:Message received on topic: type-1/22 with payload size: 91 at 2024-12-11 17:52:41.123152 sent 2024-12-11 17:51:51.300152
INFO:Message received on topic: type-1/22 with payload size: 91 at 2024-12-11 17:52:43.315958 sent 2024-12-11 17:51:51.587554
INFO:Message received on topic: type-1/22 with payload size: 91 at 2024-12-11 17:52:44.660013 sent 2024-12-11 17:51:51.876668
INFO:Message received on topic: type-1/22 with payload size: 91 at 2024-12-11 17:52:45.746276 sent 2024-12-11 17:51:52.163295
INFO:Message received on topic: type-1/22 with payload size: 91 at 2024-12-11 17:52:46.700943 sent 2024-12-11 17:51:52.450159
INFO:Message received on topic: type-1/22 with payload size: 91 at 2024-12-11 17:52:47.713766 sent 2024-12-11 17:51:52.736338
INFO:Message received on topic: type-1/22 with payload size: 91 at 2024-12-11 17:52:48.895388 sent 2024-12-11 17:51:53.023829
INFO:Message received on topic: type-1/22 with payload size: 91 at 2024-12-11 17:52:50.244950 sent 2024-12-11 17:51:53.311955
INFO:Message received on topic: type-1/22 with payload size: 91 at 2024-12-11 17:52:51.501065 sent 2024-12-11 17:51:53.600260
INFO:Message received on topic: type-1/22 with payload size: 91 at 2024-12-11 17:52:52.798158 sent 2024-12-11 17:51:53.886683
INFO:Message received on topic: type-1/22 with payload size: 91 at 2024-12-11 17:52:54.217719 sent 2024-12-11 17:51:54.174258
INFO:Message received on topic: type-1/22 with payload size: 91 at 2024-12-11 17:52:55.916751 sent 2024-12-11 17:51:54.461616
INFO:Message received on topic: type-1/22 with payload size: 91 at 2024-12-11 17:52:57.397426 sent 2024-12-11 17:51:54.746759
INFO:Message received on topic: type-1/22 with payload size: 91 at 2024-12-11 17:52:58.397858 sent 2024-12-11 17:51:55.033066
INFO:Message received on topic: type-1/22 with payload size: 91 at 2024-12-11 17:52:59.705267 sent 2024-12-11 17:51:55.319684
INFO:Message received on topic: type-1/22 with payload size: 91 at 2024-12-11 17:53:00.930856 sent 2024-12-11 17:51:55.605252
INFO:Message received on topic: type-1/22 with payload size: 91 at 2024-12-11 17:53:02.396399 sent 2024-12-11 17:51:55.891689
INFO:Message received on topic: type-1/22 with payload size: 91 at 2024-12-11 17:53:03.313781 sent 2024-12-11 17:51:56.176434
INFO:Message received on topic: type-1/22 with payload size: 91 at 2024-12-11 17:53:04.502135 sent 2024-12-11 17:51:56.462929
INFO:Message received on topic: type-1/22 with payload size: 91 at 2024-12-11 17:53:06.192868 sent 2024-12-11 17:51:56.747919
INFO:Message received on topic: type-1/22 with payload size: 91 at 2024-12-11 17:53:07.395989 sent 2024-12-11 17:51:57.032403
INFO:Message received on topic: type-1/22 with payload size: 91 at 2024-12-11 17:53:08.249853 sent 2024-12-11 17:51:57.321705
INFO:Message received on topic: type-1/22 with payload size: 91 at 2024-12-11 17:53:09.227076 sent 2024-12-11 17:51:57.606197
INFO:Message received on topic: type-1/22 with payload size: 91 at 2024-12-11 17:53:10.302421 sent 2024-12-11 17:51:57.893323
INFO:Message received on topic: type-1/22 with payload size: 91 at 2024-12-11 17:53:11.499014 sent 2024-12-11 17:51:58.178117
INFO:Message received on topic: type-1/22 with payload size: 91 at 2024-12-11 17:53:12.501453 sent 2024-12-11 17:51:58.464558
INFO:Message received on topic: type-1/22 with payload size: 91 at 2024-12-11 17:53:13.696307 sent 2024-12-11 17:51:58.755276
INFO:Message received on topic: type-1/22 with payload size: 91 at 2024-12-11 17:53:14.837691 sent 2024-12-11 17:51:59.041238
INFO:Message received on topic: type-1/22 with payload size: 91 at 2024-12-11 17:53:16.043412 sent 2024-12-11 17:51:59.327223
INFO:Message received on topic: type-1/22 with payload size: 91 at 2024-12-11 17:53:17.200742 sent 2024-12-11 17:51:59.615219
INFO:Message received on topic: type-1/22 with payload size: 91 at 2024-12-11 17:53:19.419850 sent 2024-12-11 17:51:59.901831
INFO:Message received on topic: type-1/22 with payload size: 91 at 2024-12-11 17:53:20.616130 sent 2024-12-11 17:52:00.189121
INFO:Message received on topic: type-1/22 with payload size: 91 at 2024-12-11 17:53:21.898038 sent 2024-12-11 17:52:00.475846
INFO:Message received on topic: type-1/22 with payload size: 91 at 2024-12-11 17:53:23.095221 sent 2024-12-11 17:52:00.762359
INFO:Message received on topic: type-1/22 with payload size: 91 at 2024-12-11 17:53:24.150612 sent 2024-12-11 17:52:01.050054
INFO:Message received on topic: type-1/22 with payload size: 91 at 2024-12-11 17:53:25.227108 sent 2024-12-11 17:52:01.337076
INFO:Message received on topic: type-1/22 with payload size: 91 at 2024-12-11 17:53:26.119705 sent 2024-12-11 17:52:01.624543
INFO:Message received on topic: type-1/22 with payload size: 91 at 2024-12-11 17:53:27.218465 sent 2024-12-11 17:52:01.911606
INFO:Message received on topic: type-1/22 with payload size: 91 at 2024-12-11 17:53:28.632778 sent 2024-12-11 17:52:02.199040
INFO:Message received on topic: type-1/22 with payload size: 91 at 2024-12-11 17:53:29.918418 sent 2024-12-11 17:52:02.484546
INFO:Message received on topic: type-1/22 with payload size: 91 at 2024-12-11 17:53:31.229838 sent 2024-12-11 17:52:02.770004
INFO:Message received on topic: type-1/22 with payload size: 91 at 2024-12-11 17:53:32.715064 sent 2024-12-11 17:52:03.055960
INFO:Message received on topic: type-1/22 with payload size: 91 at 2024-12-11 17:53:34.028569 sent 2024-12-11 17:52:03.341769
INFO:Message received on topic: type-1/22 with payload size: 91 at 2024-12-11 17:53:35.027483 sent 2024-12-11 17:52:03.626876
INFO:Message received on topic: type-1/22 with payload size: 91 at 2024-12-11 17:53:36.798001 sent 2024-12-11 17:52:03.914959
INFO:Message received on topic: type-1/22 with payload size: 91 at 2024-12-11 17:53:37.822948 sent 2024-12-11 17:52:04.203181
INFO:Message received on topic: type-1/22 with payload size: 91 at 2024-12-11 17:53:38.731739 sent 2024-12-11 17:52:04.490255
INFO:Message received on topic: type-1/22 with payload size: 91 at 2024-12-11 17:53:39.894911 sent 2024-12-11 17:52:04.775427
INFO:Message received on topic: type-1/22 with payload size: 91 at 2024-12-11 17:53:40.937576 sent 2024-12-11 17:52:05.060845
INFO:Message received on topic: type-1/22 with payload size: 91 at 2024-12-11 17:53:42.095794 sent 2024-12-11 17:52:05.345377
INFO:Message received on topic: type-1/22 with payload size: 91 at 2024-12-11 17:53:43.194280 sent 2024-12-11 17:52:05.631957
INFO:Message received on topic: type-1/22 with payload size: 91 at 2024-12-11 17:53:44.120093 sent 2024-12-11 17:52:05.918357
INFO:Message received on topic: type-1/22 with payload size: 91 at 2024-12-11 17:53:45.298856 sent 2024-12-11 17:52:06.204805
INFO:Message received on topic: type-1/22 with payload size: 91 at 2024-12-11 17:53:46.395373 sent 2024-12-11 17:52:06.490400
INFO:Message received on topic: type-1/22 with payload size: 91 at 2024-12-11 17:53:47.534168 sent 2024-12-11 17:52:17.983143
INFO:Message received on topic: type-1/22 with payload size: 91 at 2024-12-11 17:53:49.029699 sent 2024-12-11 17:52:18.267111
INFO:Message received on topic: type-1/22 with payload size: 91 at 2024-12-11 17:53:49.897886 sent 2024-12-11 17:52:18.551677
INFO:Message received on topic: type-1/22 with payload size: 91 at 2024-12-11 17:53:51.016804 sent 2024-12-11 17:52:18.837887
INFO:Message received on topic: type-1/22 with payload size: 91 at 2024-12-11 17:53:52.320172 sent 2024-12-11 17:52:19.125209
INFO:Message received on topic: type-1/22 with payload size: 91 at 2024-12-11 17:53:53.737316 sent 2024-12-11 17:52:19.425562
INFO:Message received on topic: type-1/22 with payload size: 91 at 2024-12-11 17:53:54.934062 sent 2024-12-11 17:52:19.711986
INFO:Message received on topic: type-1/22 with payload size: 91 at 2024-12-11 17:53:56.022324 sent 2024-12-11 17:52:20.000211
INFO:Message received on topic: type-1/22 with payload size: 91 at 2024-12-11 17:53:57.130873 sent 2024-12-11 17:52:20.286152
INFO:Message received on topic: type-1/22 with payload size: 91 at 2024-12-11 17:53:58.516180 sent 2024-12-11 17:52:20.573144
INFO:Message received on topic: type-1/22 with payload size: 91 at 2024-12-11 17:53:59.837284 sent 2024-12-11 17:52:20.859011
INFO:Message received on topic: type-1/22 with payload size: 91 at 2024-12-11 17:54:01.539245 sent 2024-12-11 17:52:21.143989
INFO:Message received on topic: type-1/22 with payload size: 91 at 2024-12-11 17:54:02.830022 sent 2024-12-11 17:52:21.429843
INFO:Message received on topic: type-1/22 with payload size: 91 at 2024-12-11 17:54:04.222154 sent 2024-12-11 17:52:21.715022
INFO:Message received on topic: type-1/22 with payload size: 91 at 2024-12-11 17:54:05.192462 sent 2024-12-11 17:52:22.001474
INFO:Message received on topic: type-1/22 with payload size: 91 at 2024-12-11 17:54:06.542209 sent 2024-12-11 17:52:22.287728
INFO:Message received on topic: type-1/22 with payload size: 91 at 2024-12-11 17:54:07.840059 sent 2024-12-11 17:52:22.573602
INFO:Message received on topic: type-1/22 with payload size: 91 at 2024-12-11 17:54:09.001206 sent 2024-12-11 17:52:22.859029
INFO:Message received on topic: type-1/22 with payload size: 91 at 2024-12-11 17:54:10.494116 sent 2024-12-11 17:52:23.143385
INFO:Message received on topic: type-1/22 with payload size: 91 at 2024-12-11 17:54:12.225973 sent 2024-12-11 17:52:23.430028
INFO:Message received on topic: type-1/22 with payload size: 91 at 2024-12-11 17:54:13.798820 sent 2024-12-11 17:52:23.716422
INFO:Message received on topic: type-1/22 with payload size: 91 at 2024-12-11 17:54:15.115243 sent 2024-12-11 17:52:24.002049
INFO:Message received on topic: type-1/22 with payload size: 91 at 2024-12-11 17:54:16.837299 sent 2024-12-11 17:52:24.288630
INFO:Message received on topic: type-1/22 with payload size: 91 at 2024-12-11 17:54:18.140596 sent 2024-12-11 17:52:24.574363
INFO:Message received on topic: type-1/22 with payload size: 91 at 2024-12-11 17:54:20.135822 sent 2024-12-11 17:52:24.860196
INFO:Message received on topic: type-1/22 with payload size: 91 at 2024-12-11 17:54:21.624301 sent 2024-12-11 17:52:25.148669
INFO:Message received on topic: type-1/22 with payload size: 91 at 2024-12-11 17:54:23.239667 sent 2024-12-11 17:52:25.437417
INFO:Message received on topic: type-1/22 with payload size: 91 at 2024-12-11 17:54:24.741753 sent 2024-12-11 17:52:25.730938
INFO:Message received on topic: type-1/22 with payload size: 91 at 2024-12-11 17:54:26.130195 sent 2024-12-11 17:52:26.017912
INFO:Message received on topic: type-1/22 with payload size: 91 at 2024-12-11 17:54:27.493484 sent 2024-12-11 17:52:26.304277
INFO:Message received on topic: type-1/22 with payload size: 91 at 2024-12-11 17:54:28.621429 sent 2024-12-11 17:52:26.590791
INFO:Message received on topic: type-1/22 with payload size: 91 at 2024-12-11 17:54:29.901898 sent 2024-12-11 17:52:26.877803
INFO:Message received on topic: type-1/22 with payload size: 91 at 2024-12-11 17:54:31.226644 sent 2024-12-11 17:52:27.164166
INFO:Message received on topic: type-1/22 with payload size: 91 at 2024-12-11 17:54:32.436563 sent 2024-12-11 17:52:27.449232
INFO:Message received on topic: type-1/22 with payload size: 91 at 2024-12-11 17:54:33.626820 sent 2024-12-11 17:52:27.736365
INFO:Message received on topic: type-1/22 with payload size: 91 at 2024-12-11 17:54:34.797244 sent 2024-12-11 17:52:28.023673
INFO:Message received on topic: type-1/22 with payload size: 91 at 2024-12-11 17:54:36.117572 sent 2024-12-11 17:52:28.311232
INFO:Message received on topic: type-1/22 with payload size: 91 at 2024-12-11 17:54:37.229669 sent 2024-12-11 17:52:28.599423
INFO:Message received on topic: type-1/22 with payload size: 91 at 2024-12-11 17:54:38.333542 sent 2024-12-11 17:52:28.887618
INFO:Message received on topic: type-1/22 with payload size: 91 at 2024-12-11 17:54:39.631685 sent 2024-12-11 17:52:29.176285
INFO:Message received on topic: type-1/22 with payload size: 91 at 2024-12-11 17:54:40.743323 sent 2024-12-11 17:52:29.463547
INFO:Message received on topic: type-1/22 with payload size: 91 at 2024-12-11 17:54:42.125932 sent 2024-12-11 17:52:29.750316
INFO:Message received on topic: type-1/22 with payload size: 91 at 2024-12-11 17:54:43.243070 sent 2024-12-11 17:52:30.036798
INFO:Message received on topic: type-1/22 with payload size: 91 at 2024-12-11 17:54:44.339291 sent 2024-12-11 17:52:30.322651
INFO:Message received on topic: type-1/22 with payload size: 91 at 2024-12-11 17:54:45.697975 sent 2024-12-11 17:52:30.608301
INFO:Message received on topic: type-1/22 with payload size: 91 at 2024-12-11 17:54:46.798456 sent 2024-12-11 17:52:30.893868
INFO:Message received on topic: type-1/22 with payload size: 91 at 2024-12-11 17:54:47.913851 sent 2024-12-11 17:52:31.180024
INFO:Message received on topic: type-1/22 with payload size: 91 at 2024-12-11 17:54:49.539614 sent 2024-12-11 17:52:31.467068
INFO:Message received on topic: type-1/22 with payload size: 91 at 2024-12-11 17:54:50.939737 sent 2024-12-11 17:52:31.755672
INFO:Message received on topic: type-1/22 with payload size: 91 at 2024-12-11 17:54:52.423632 sent 2024-12-11 17:52:32.044832
INFO:Message received on topic: type-1/22 with payload size: 91 at 2024-12-11 17:54:53.549626 sent 2024-12-11 17:52:32.331251
INFO:Message received on topic: type-1/22 with payload size: 91 at 2024-12-11 17:54:54.930947 sent 2024-12-11 17:52:32.617241
INFO:Message received on topic: type-1/22 with payload size: 91 at 2024-12-11 17:54:56.426210 sent 2024-12-11 17:52:32.904492
INFO:Message received on topic: type-1/22 with payload size: 91 at 2024-12-11 17:54:57.733941 sent 2024-12-11 17:52:33.190922
INFO:Message received on topic: type-1/22 with payload size: 91 at 2024-12-11 17:54:59.039176 sent 2024-12-11 17:52:33.476802
INFO:Message received on topic: type-1/22 with payload size: 91 at 2024-12-11 17:55:00.542192 sent 2024-12-11 17:52:33.763673
INFO:Message received on topic: type-1/22 with payload size: 91 at 2024-12-11 17:55:02.040120 sent 2024-12-11 17:52:34.048949
INFO:Message received on topic: type-1/22 with payload size: 91 at 2024-12-11 17:55:03.148004 sent 2024-12-11 17:52:34.336672
INFO:Message received on topic: type-1/22 with payload size: 91 at 2024-12-11 17:55:04.416708 sent 2024-12-11 17:52:34.630659
INFO:Message received on topic: type-1/22 with payload size: 91 at 2024-12-11 17:55:05.538825 sent 2024-12-11 17:52:34.915053
INFO:Message received on topic: type-1/22 with payload size: 91 at 2024-12-11 17:55:06.750023 sent 2024-12-11 17:52:35.201489
INFO:Message received on topic: type-1/22 with payload size: 91 at 2024-12-11 17:55:08.222204 sent 2024-12-11 17:52:35.489173
INFO:Message received on topic: type-1/22 with payload size: 91 at 2024-12-11 17:55:09.515965 sent 2024-12-11 17:52:35.776377
INFO:Message received on topic: type-1/22 with payload size: 91 at 2024-12-11 17:55:10.630708 sent 2024-12-11 17:52:36.062750
INFO:Message received on topic: type-1/22 with payload size: 91 at 2024-12-11 17:55:11.938464 sent 2024-12-11 17:52:36.348663
INFO:Message received on topic: type-1/22 with payload size: 91 at 2024-12-11 17:55:13.332814 sent 2024-12-11 17:52:36.640203
INFO:Message received on topic: type-1/22 with payload size: 91 at 2024-12-11 17:55:15.126790 sent 2024-12-11 17:52:36.927432
INFO:Message received on topic: type-1/22 with payload size: 91 at 2024-12-11 17:55:16.517001 sent 2024-12-11 17:52:37.214119
INFO:Message received on topic: type-1/22 with payload size: 91 at 2024-12-11 17:55:17.864411 sent 2024-12-11 17:52:37.499340
INFO:Message received on topic: type-1/22 with payload size: 91 at 2024-12-11 17:55:19.933615 sent 2024-12-11 17:52:37.786854
INFO:Message received on topic: type-1/22 with payload size: 91 at 2024-12-11 17:55:21.221944 sent 2024-12-11 17:52:38.073678
INFO:Message received on topic: type-1/22 with payload size: 91 at 2024-12-11 17:55:22.552434 sent 2024-12-11 17:52:38.359311
INFO:Message received on topic: type-1/22 with payload size: 91 at 2024-12-11 17:55:23.715039 sent 2024-12-11 17:52:38.645018
INFO:Message received on topic: type-1/22 with payload size: 91 at 2024-12-11 17:55:24.846055 sent 2024-12-11 17:52:38.931915
INFO:Message received on topic: type-1/22 with payload size: 91 at 2024-12-11 17:55:26.424793 sent 2024-12-11 17:52:39.218426
INFO:Message received on topic: type-1/22 with payload size: 91 at 2024-12-11 17:55:28.322308 sent 2024-12-11 17:52:39.503813
INFO:Message received on topic: type-1/22 with payload size: 91 at 2024-12-11 17:55:29.834142 sent 2024-12-11 17:52:39.789350
INFO:Message received on topic: type-1/22 with payload size: 91 at 2024-12-11 17:55:31.226460 sent 2024-12-11 17:52:40.074974
INFO:Message received on topic: type-1/22 with payload size: 91 at 2024-12-11 17:55:32.549740 sent 2024-12-11 17:52:40.362678
INFO:Message received on topic: type-1/22 with payload size: 91 at 2024-12-11 17:55:33.819101 sent 2024-12-11 17:52:40.648396
INFO:Message received on topic: type-1/22 with payload size: 91 at 2024-12-11 17:55:35.522130 sent 2024-12-11 17:52:40.934486
INFO:Message received on topic: type-1/22 with payload size: 91 at 2024-12-11 17:55:36.652033 sent 2024-12-11 17:52:41.225477
INFO:Message received on topic: type-1/22 with payload size: 91 at 2024-12-11 17:55:38.520698 sent 2024-12-11 17:52:41.510732
INFO:Message received on topic: type-1/22 with payload size: 91 at 2024-12-11 17:55:40.233473 sent 2024-12-11 17:52:41.797229
INFO:Message received on topic: type-1/22 with payload size: 91 at 2024-12-11 17:55:41.735485 sent 2024-12-11 17:52:42.082138
INFO:Message received on topic: type-1/22 with payload size: 91 at 2024-12-11 17:55:43.333205 sent 2024-12-11 17:52:42.367176
INFO:Message received on topic: type-1/22 with payload size: 91 at 2024-12-11 17:55:44.847819 sent 2024-12-11 17:52:42.651680
INFO:Message received on topic: type-1/22 with payload size: 91 at 2024-12-11 17:55:46.322656 sent 2024-12-11 17:52:42.936940
INFO:Message received on topic: type-1/22 with payload size: 91 at 2024-12-11 17:55:47.539795 sent 2024-12-11 17:52:43.222689
INFO:Message received on topic: type-1/22 with payload size: 91 at 2024-12-11 17:55:49.023823 sent 2024-12-11 17:52:43.507771
INFO:Message received on topic: type-1/22 with payload size: 91 at 2024-12-11 17:55:50.828587 sent 2024-12-11 17:52:43.802696
INFO:Message received on topic: type-1/22 with payload size: 91 at 2024-12-11 17:55:52.930975 sent 2024-12-11 17:52:44.087643
INFO:Message received on topic: type-1/22 with payload size: 91 at 2024-12-11 17:55:54.724589 sent 2024-12-11 17:52:44.372527
INFO:Message received on topic: type-1/22 with payload size: 91 at 2024-12-11 17:55:56.044405 sent 2024-12-11 17:52:44.657565
INFO:Message received on topic: type-1/22 with payload size: 91 at 2024-12-11 17:55:58.047152 sent 2024-12-11 17:52:44.942668
INFO:Message received on topic: type-1/22 with payload size: 91 at 2024-12-11 17:55:59.545117 sent 2024-12-11 17:52:45.227695
INFO:Message received on topic: type-1/22 with payload size: 91 at 2024-12-11 17:56:01.120934 sent 2024-12-11 17:52:45.512813
INFO:Message received on topic: type-1/22 with payload size: 91 at 2024-12-11 17:56:02.825953 sent 2024-12-11 17:52:45.797951
INFO:Message received on topic: type-1/22 with payload size: 91 at 2024-12-11 17:56:04.649927 sent 2024-12-11 17:52:46.085221
INFO:Message received on topic: type-1/22 with payload size: 91 at 2024-12-11 17:56:06.216330 sent 2024-12-11 17:52:46.373577
INFO:Message received on topic: type-1/22 with payload size: 91 at 2024-12-11 17:56:07.739105 sent 2024-12-11 17:52:46.659695
INFO:Message received on topic: type-1/22 with payload size: 91 at 2024-12-11 17:56:09.028988 sent 2024-12-11 17:52:46.944549
INFO:Message received on topic: type-1/22 with payload size: 91 at 2024-12-11 17:56:11.329594 sent 2024-12-11 17:52:47.229455
INFO:Message received on topic: type-1/22 with payload size: 91 at 2024-12-11 17:56:12.928888 sent 2024-12-11 17:52:47.514139
INFO:Message received on topic: type-1/22 with payload size: 91 at 2024-12-11 17:56:14.161336 sent 2024-12-11 17:52:47.798066
INFO:Message received on topic: type-1/22 with payload size: 91 at 2024-12-11 17:56:15.443452 sent 2024-12-11 17:52:48.083968
INFO:Message received on topic: type-1/22 with payload size: 91 at 2024-12-11 17:56:17.526323 sent 2024-12-11 17:52:48.371710
INFO:Message received on topic: type-1/22 with payload size: 91 at 2024-12-11 17:56:19.447827 sent 2024-12-11 17:52:48.657830
INFO:Message received on topic: type-1/22 with payload size: 91 at 2024-12-11 17:56:21.023435 sent 2024-12-11 17:52:48.944164
INFO:Message received on topic: type-1/22 with payload size: 91 at 2024-12-11 17:56:22.632433 sent 2024-12-11 17:52:49.228717
INFO:Message received on topic: type-1/22 with payload size: 91 at 2024-12-11 17:56:24.237559 sent 2024-12-11 17:52:49.526988
INFO:Message received on topic: type-1/22 with payload size: 91 at 2024-12-11 17:56:26.138457 sent 2024-12-11 17:52:49.811617
INFO:Message received on topic: type-1/22 with payload size: 91 at 2024-12-11 17:56:28.352836 sent 2024-12-11 17:52:50.097245
INFO:Message received on topic: type-1/22 with payload size: 91 at 2024-12-11 17:56:29.943008 sent 2024-12-11 17:52:50.387162
INFO:Message received on topic: type-1/22 with payload size: 91 at 2024-12-11 17:56:31.848372 sent 2024-12-11 17:52:50.673460
INFO:Message received on topic: type-1/22 with payload size: 91 at 2024-12-11 17:56:33.228789 sent 2024-12-11 17:52:50.959661
INFO:Message received on topic: type-1/22 with payload size: 91 at 2024-12-11 17:56:34.834344 sent 2024-12-11 17:52:51.245274
INFO:Message received on topic: type-1/22 with payload size: 91 at 2024-12-11 17:56:36.224402 sent 2024-12-11 17:52:51.530486
INFO:Message received on topic: type-1/22 with payload size: 91 at 2024-12-11 17:56:37.520756 sent 2024-12-11 17:52:51.815829
INFO:Message received on topic: type-1/22 with payload size: 91 at 2024-12-11 17:56:38.735001 sent 2024-12-11 17:52:52.100098
INFO:Message received on topic: type-1/22 with payload size: 91 at 2024-12-11 17:56:40.417494 sent 2024-12-11 17:52:52.384916
INFO:Message received on topic: type-1/22 with payload size: 91 at 2024-12-11 17:56:41.921653 sent 2024-12-11 17:52:52.669647
INFO:Message received on topic: type-1/22 with payload size: 91 at 2024-12-11 17:56:43.416105 sent 2024-12-11 17:52:52.955076
INFO:Message received on topic: type-1/22 with payload size: 91 at 2024-12-11 17:56:44.725114 sent 2024-12-11 17:52:53.247123
INFO:Message received on topic: type-1/22 with payload size: 91 at 2024-12-11 17:56:46.416266 sent 2024-12-11 17:52:53.533905
INFO:Message received on topic: type-1/22 with payload size: 91 at 2024-12-11 17:56:47.932100 sent 2024-12-11 17:52:53.819960
INFO:Message received on topic: type-1/22 with payload size: 91 at 2024-12-11 17:56:49.836101 sent 2024-12-11 17:53:51.511689
INFO:Message received on topic: type-1/22 with payload size: 91 at 2024-12-11 17:56:51.141709 sent 2024-12-11 17:53:51.797683
INFO:Message received on topic: type-1/22 with payload size: 91 at 2024-12-11 17:56:52.531413 sent 2024-12-11 17:53:52.083708
INFO:Message received on topic: type-1/22 with payload size: 91 at 2024-12-11 17:56:53.842663 sent 2024-12-11 17:53:52.368711
INFO:Message received on topic: type-1/22 with payload size: 91 at 2024-12-11 17:56:55.651462 sent 2024-12-11 17:53:52.657326
INFO:Message received on topic: type-1/22 with payload size: 91 at 2024-12-11 17:56:58.523373 sent 2024-12-11 17:53:52.943862
INFO:Message received on topic: type-1/22 with payload size: 91 at 2024-12-11 17:57:00.251403 sent 2024-12-11 17:53:53.230061
INFO:Message received on topic: type-1/22 with payload size: 91 at 2024-12-11 17:57:01.958012 sent 2024-12-11 17:53:53.515964
INFO:Message received on topic: type-1/22 with payload size: 91 at 2024-12-11 17:57:03.419392 sent 2024-12-11 17:53:53.803313
INFO:Message received on topic: type-1/22 with payload size: 91 at 2024-12-11 17:57:05.224755 sent 2024-12-11 17:53:54.089837
INFO:Message received on topic: type-1/22 with payload size: 91 at 2024-12-11 17:57:07.341057 sent 2024-12-11 17:53:54.375278
INFO:Message received on topic: type-1/22 with payload size: 91 at 2024-12-11 17:57:09.220924 sent 2024-12-11 17:53:54.660889
INFO:Message received on topic: type-1/22 with payload size: 91 at 2024-12-11 17:57:11.040799 sent 2024-12-11 17:53:54.947295
INFO:Message received on topic: type-1/22 with payload size: 91 at 2024-12-11 17:57:12.830488 sent 2024-12-11 17:53:55.234311
INFO:Message received on topic: type-1/22 with payload size: 91 at 2024-12-11 17:57:14.725111 sent 2024-12-11 17:53:55.521002
INFO:Message received on topic: type-1/22 with payload size: 91 at 2024-12-11 17:57:16.726083 sent 2024-12-11 17:53:55.807441
INFO:Message received on topic: type-1/22 with payload size: 91 at 2024-12-11 17:57:18.429208 sent 2024-12-11 17:53:56.093590
INFO:Message received on topic: type-1/22 with payload size: 91 at 2024-12-11 17:57:20.249940 sent 2024-12-11 17:53:56.383074
INFO:Message received on topic: type-1/22 with payload size: 91 at 2024-12-11 17:57:22.144487 sent 2024-12-11 17:53:56.668640
INFO:Message received on topic: type-1/22 with payload size: 91 at 2024-12-11 17:57:23.827490 sent 2024-12-11 17:53:56.954222
INFO:Message received on topic: type-1/22 with payload size: 91 at 2024-12-11 17:57:25.434046 sent 2024-12-11 17:53:57.241547
INFO:Message received on topic: type-1/22 with payload size: 91 at 2024-12-11 17:57:27.027739 sent 2024-12-11 17:53:57.527482
INFO:Message received on topic: type-1/22 with payload size: 91 at 2024-12-11 17:57:28.728179 sent 2024-12-11 17:53:57.817467
INFO:Message received on topic: type-1/22 with payload size: 91 at 2024-12-11 17:57:30.740350 sent 2024-12-11 17:53:58.103694
INFO:Message received on topic: type-1/22 with payload size: 91 at 2024-12-11 17:57:32.549218 sent 2024-12-11 17:53:58.390333
INFO:Message received on topic: type-1/22 with payload size: 91 at 2024-12-11 17:57:34.248197 sent 2024-12-11 17:53:58.676798
INFO:Message received on topic: type-1/22 with payload size: 91 at 2024-12-11 17:57:36.244453 sent 2024-12-11 17:53:58.963634
INFO:Message received on topic: type-1/22 with payload size: 91 at 2024-12-11 17:57:38.738047 sent 2024-12-11 17:53:59.251078
INFO:Message received on topic: type-1/22 with payload size: 91 at 2024-12-11 17:57:41.216939 sent 2024-12-11 17:53:59.537832
INFO:Message received on topic: type-1/22 with payload size: 91 at 2024-12-11 17:57:43.543862 sent 2024-12-11 17:53:59.824675
INFO:Message received on topic: type-1/22 with payload size: 91 at 2024-12-11 17:57:45.847298 sent 2024-12-11 17:54:00.112118
INFO:Message received on topic: type-1/22 with payload size: 91 at 2024-12-11 17:57:47.934152 sent 2024-12-11 17:54:00.398857
INFO:Message received on topic: type-1/22 with payload size: 91 at 2024-12-11 17:57:50.132606 sent 2024-12-11 17:54:00.685810
INFO:Message received on topic: type-1/22 with payload size: 91 at 2024-12-11 17:57:52.037982 sent 2024-12-11 17:54:00.972115
INFO:Message received on topic: type-1/22 with payload size: 91 at 2024-12-11 17:57:53.793197 sent 2024-12-11 17:54:01.259403
INFO:Message received on topic: type-1/22 with payload size: 91 at 2024-12-11 17:57:56.395432 sent 2024-12-11 17:54:01.549245
INFO:Message received on topic: type-1/22 with payload size: 91 at 2024-12-11 17:57:58.125399 sent 2024-12-11 17:54:01.836431
INFO:Message received on topic: type-1/22 with payload size: 91 at 2024-12-11 17:57:59.920164 sent 2024-12-11 17:54:02.122943
INFO:Message received on topic: type-1/22 with payload size: 91 at 2024-12-11 17:58:01.724063 sent 2024-12-11 17:54:02.411604
INFO:Message received on topic: type-1/22 with payload size: 91 at 2024-12-11 17:58:03.133930 sent 2024-12-11 17:54:02.698365
INFO:Message received on topic: type-1/22 with payload size: 91 at 2024-12-11 17:58:05.029840 sent 2024-12-11 17:54:02.985618
INFO:Message received on topic: type-1/22 with payload size: 91 at 2024-12-11 17:58:06.538705 sent 2024-12-11 17:54:03.273659
INFO:Message received on topic: type-1/22 with payload size: 91 at 2024-12-11 17:58:08.592992 sent 2024-12-11 17:54:03.560945
INFO:Message received on topic: type-1/22 with payload size: 91 at 2024-12-11 17:58:10.727699 sent 2024-12-11 17:54:03.847212
INFO:Message received on topic: type-1/22 with payload size: 91 at 2024-12-11 17:58:12.836751 sent 2024-12-11 17:54:04.135681
INFO:Message received on topic: type-1/22 with payload size: 91 at 2024-12-11 17:58:14.826812 sent 2024-12-11 17:54:04.420965
INFO:Message received on topic: type-1/22 with payload size: 91 at 2024-12-11 17:58:16.540194 sent 2024-12-11 17:54:04.713605
INFO:Message received on topic: type-1/22 with payload size: 91 at 2024-12-11 17:58:18.938017 sent 2024-12-11 17:54:04.998949
INFO:Message received on topic: type-1/22 with payload size: 91 at 2024-12-11 17:58:21.026757 sent 2024-12-11 17:54:05.288028
INFO:Message received on topic: type-1/22 with payload size: 91 at 2024-12-11 17:58:22.932457 sent 2024-12-11 17:54:05.575489
INFO:Message received on topic: type-1/22 with payload size: 91 at 2024-12-11 17:58:24.920334 sent 2024-12-11 17:54:05.866590
INFO:Message received on topic: type-1/22 with payload size: 91 at 2024-12-11 17:58:26.927426 sent 2024-12-11 17:54:06.153429
INFO:Message received on topic: type-1/22 with payload size: 91 at 2024-12-11 17:58:29.320683 sent 2024-12-11 17:54:06.440552
INFO:Message received on topic: type-1/22 with payload size: 91 at 2024-12-11 17:58:31.138533 sent 2024-12-11 17:54:06.726801
INFO:Message received on topic: type-1/22 with payload size: 91 at 2024-12-11 17:58:32.635407 sent 2024-12-11 17:54:07.013421
INFO:Message received on topic: type-1/22 with payload size: 91 at 2024-12-11 17:58:34.517802 sent 2024-12-11 17:54:07.299338
INFO:Message received on topic: type-1/22 with payload size: 91 at 2024-12-11 17:58:36.533470 sent 2024-12-11 17:54:07.586579
INFO:Message received on topic: type-1/22 with payload size: 91 at 2024-12-11 17:58:38.337210 sent 2024-12-11 17:54:07.872983
INFO:Message received on topic: type-1/22 with payload size: 91 at 2024-12-11 17:58:40.147975 sent 2024-12-11 17:54:08.159257
INFO:Message received on topic: type-1/22 with payload size: 91 at 2024-12-11 17:58:41.816895 sent 2024-12-11 17:54:08.447094
INFO:Message received on topic: type-1/22 with payload size: 91 at 2024-12-11 17:58:44.092971 sent 2024-12-11 17:54:08.735857
INFO:Message received on topic: type-1/22 with payload size: 91 at 2024-12-11 17:58:45.953483 sent 2024-12-11 17:54:09.022382
INFO:Message received on topic: type-1/22 with payload size: 91 at 2024-12-11 17:58:47.616756 sent 2024-12-11 17:54:09.309716
INFO:Message received on topic: type-1/22 with payload size: 91 at 2024-12-11 17:58:49.024737 sent 2024-12-11 17:54:09.596212
INFO:Message received on topic: type-1/22 with payload size: 91 at 2024-12-11 17:58:50.525493 sent 2024-12-11 17:54:09.884326
INFO:Message received on topic: type-1/22 with payload size: 91 at 2024-12-11 17:58:52.020823 sent 2024-12-11 17:54:10.170153
INFO:Message received on topic: type-1/22 with payload size: 91 at 2024-12-11 17:58:53.549902 sent 2024-12-11 17:54:10.455473
INFO:Message received on topic: type-1/22 with payload size: 91 at 2024-12-11 17:58:55.316455 sent 2024-12-11 17:54:10.741980
INFO:Message received on topic: type-1/22 with payload size: 91 at 2024-12-11 17:58:56.823442 sent 2024-12-11 17:54:11.029361
INFO:Message received on topic: type-1/22 with payload size: 91 at 2024-12-11 17:58:58.337567 sent 2024-12-11 17:54:11.321251
INFO:Message received on topic: type-1/22 with payload size: 91 at 2024-12-11 17:58:59.818776 sent 2024-12-11 17:54:11.607423
INFO:Message received on topic: type-1/22 with payload size: 91 at 2024-12-11 17:59:01.441475 sent 2024-12-11 17:54:11.892258
INFO:Message received on topic: type-1/22 with payload size: 91 at 2024-12-11 17:59:03.115000 sent 2024-12-11 17:54:12.179149
INFO:Message received on topic: type-1/22 with payload size: 91 at 2024-12-11 17:59:05.118155 sent 2024-12-11 17:54:12.465657
INFO:Message received on topic: type-1/22 with payload size: 91 at 2024-12-11 17:59:06.636642 sent 2024-12-11 17:54:12.750613
INFO:Message received on topic: type-1/22 with payload size: 91 at 2024-12-11 17:59:08.223360 sent 2024-12-11 17:54:13.036443
INFO:Message received on topic: type-1/22 with payload size: 91 at 2024-12-11 17:59:10.092011 sent 2024-12-11 17:54:13.328284
INFO:Message received on topic: type-1/22 with payload size: 91 at 2024-12-11 17:59:11.625958 sent 2024-12-11 17:54:13.614777
INFO:Message received on topic: type-1/22 with payload size: 91 at 2024-12-11 17:59:13.117130 sent 2024-12-11 17:54:13.899878
INFO:Message received on topic: type-1/22 with payload size: 91 at 2024-12-11 17:59:14.736802 sent 2024-12-11 17:54:14.185323
INFO:Message received on topic: type-1/22 with payload size: 91 at 2024-12-11 17:59:16.539645 sent 2024-12-11 17:54:14.472023
INFO:Message received on topic: type-1/22 with payload size: 91 at 2024-12-11 17:59:18.222957 sent 2024-12-11 17:54:14.758926
INFO:Message received on topic: type-1/22 with payload size: 91 at 2024-12-11 17:59:19.731570 sent 2024-12-11 17:54:15.045312
INFO:Message received on topic: type-1/22 with payload size: 91 at 2024-12-11 17:59:21.419251 sent 2024-12-11 17:54:15.332305
INFO:Message received on topic: type-1/22 with payload size: 91 at 2024-12-11 17:59:22.929675 sent 2024-12-11 17:54:15.620487
INFO:Message received on topic: type-1/22 with payload size: 91 at 2024-12-11 17:59:24.444650 sent 2024-12-11 17:54:15.906546
INFO:Message received on topic: type-1/22 with payload size: 91 at 2024-12-11 17:59:26.319255 sent 2024-12-11 17:54:16.190566
INFO:Message received on topic: type-1/22 with payload size: 91 at 2024-12-11 17:59:28.256420 sent 2024-12-11 17:54:16.476427
INFO:Message received on topic: type-1/22 with payload size: 91 at 2024-12-11 17:59:29.846875 sent 2024-12-11 17:54:16.762354
INFO:Message received on topic: type-1/22 with payload size: 91 at 2024-12-11 17:59:31.646730 sent 2024-12-11 17:54:17.047856
INFO:Message received on topic: type-1/22 with payload size: 91 at 2024-12-11 17:59:33.046973 sent 2024-12-11 17:54:17.333161
INFO:Message received on topic: type-1/22 with payload size: 91 at 2024-12-11 17:59:34.728549 sent 2024-12-11 17:54:17.618409
INFO:Message received on topic: type-1/22 with payload size: 91 at 2024-12-11 17:59:36.225662 sent 2024-12-11 17:54:17.906369
INFO:Message received on topic: type-1/22 with payload size: 91 at 2024-12-11 17:59:38.128841 sent 2024-12-11 17:54:18.191661
INFO:Message received on topic: type-1/22 with payload size: 91 at 2024-12-11 17:59:39.450388 sent 2024-12-11 17:54:18.478603
INFO:Message received on topic: type-1/22 with payload size: 91 at 2024-12-11 17:59:40.827668 sent 2024-12-11 17:54:18.764639
INFO:Message received on topic: type-1/22 with payload size: 91 at 2024-12-11 17:59:42.330744 sent 2024-12-11 17:54:19.051418
INFO:Message received on topic: type-1/22 with payload size: 91 at 2024-12-11 17:59:43.628099 sent 2024-12-11 17:54:19.335091
INFO:Message received on topic: type-1/22 with payload size: 91 at 2024-12-11 17:59:45.125741 sent 2024-12-11 17:54:19.620367
INFO:Message received on topic: type-1/22 with payload size: 91 at 2024-12-11 17:59:46.719931 sent 2024-12-11 17:54:19.906878
INFO:Message received on topic: type-1/22 with payload size: 91 at 2024-12-11 17:59:48.041888 sent 2024-12-11 17:54:20.192043
INFO:Message received on topic: type-1/22 with payload size: 91 at 2024-12-11 17:59:49.532388 sent 2024-12-11 17:54:20.476434
INFO:Message received on topic: type-1/22 with payload size: 91 at 2024-12-11 17:59:50.837279 sent 2024-12-11 17:54:20.760871
INFO:Message received on topic: type-1/22 with payload size: 91 at 2024-12-11 17:59:52.328311 sent 2024-12-11 17:54:21.048484
INFO:Message received on topic: type-1/22 with payload size: 91 at 2024-12-11 17:59:53.825012 sent 2024-12-11 17:54:21.338118
INFO:Message received on topic: type-1/22 with payload size: 91 at 2024-12-11 17:59:55.052275 sent 2024-12-11 17:54:21.625278
INFO:Message received on topic: type-1/22 with payload size: 91 at 2024-12-11 17:59:56.624889 sent 2024-12-11 17:54:21.912451
INFO:Message received on topic: type-1/22 with payload size: 91 at 2024-12-11 17:59:58.120173 sent 2024-12-11 17:54:22.199667
INFO:Message received on topic: type-1/22 with payload size: 91 at 2024-12-11 17:59:59.547471 sent 2024-12-11 17:54:22.502988
INFO:Message received on topic: type-1/22 with payload size: 91 at 2024-12-11 18:00:01.233103 sent 2024-12-11 17:54:22.788179
INFO:Message received on topic: type-1/22 with payload size: 91 at 2024-12-11 18:00:02.720046 sent 2024-12-11 17:54:23.074773
INFO:Message received on topic: type-1/22 with payload size: 91 at 2024-12-11 18:00:04.336895 sent 2024-12-11 17:54:23.361128
INFO:Message received on topic: type-1/22 with payload size: 91 at 2024-12-11 18:00:05.793233 sent 2024-12-11 17:54:23.648298
INFO:Message received on topic: type-1/22 with payload size: 91 at 2024-12-11 18:00:07.146708 sent 2024-12-11 17:54:23.937287
INFO:Message received on topic: type-1/22 with payload size: 91 at 2024-12-11 18:00:08.637876 sent 2024-12-11 17:54:24.224225
INFO:Message received on topic: type-1/22 with payload size: 91 at 2024-12-11 18:00:10.039245 sent 2024-12-11 17:54:24.510265
INFO:Message received on topic: type-1/22 with payload size: 91 at 2024-12-11 18:00:11.442182 sent 2024-12-11 17:54:24.796914
INFO:Message received on topic: type-1/22 with payload size: 91 at 2024-12-11 18:00:12.630285 sent 2024-12-11 17:54:25.084322
INFO:Message received on topic: type-1/22 with payload size: 91 at 2024-12-11 18:00:14.019241 sent 2024-12-11 17:54:25.371768
INFO:Message received on topic: type-1/22 with payload size: 91 at 2024-12-11 18:00:15.320548 sent 2024-12-11 17:54:25.657576
INFO:Message received on topic: type-1/22 with payload size: 91 at 2024-12-11 18:00:16.622663 sent 2024-12-11 17:54:25.943029
INFO:Message received on topic: type-1/22 with payload size: 91 at 2024-12-11 18:00:17.745156 sent 2024-12-11 17:54:26.230815
INFO:Message received on topic: type-1/22 with payload size: 91 at 2024-12-11 18:00:18.919257 sent 2024-12-11 17:54:26.517191
INFO:Message received on topic: type-1/22 with payload size: 91 at 2024-12-11 18:00:20.417446 sent 2024-12-11 17:54:26.802314
INFO:Message received on topic: type-1/22 with payload size: 91 at 2024-12-11 18:00:21.827869 sent 2024-12-11 17:54:27.086948
INFO:Message received on topic: type-1/22 with payload size: 91 at 2024-12-11 18:00:23.233993 sent 2024-12-11 17:54:27.372885
INFO:Message received on topic: type-1/22 with payload size: 91 at 2024-12-11 18:00:24.427462 sent 2024-12-11 17:54:27.658807
INFO:Message received on topic: type-1/22 with payload size: 91 at 2024-12-11 18:00:26.023976 sent 2024-12-11 17:54:27.945256
INFO:Message received on topic: type-1/22 with payload size: 91 at 2024-12-11 18:00:27.450363 sent 2024-12-11 17:54:28.231608
INFO:Message received on topic: type-1/22 with payload size: 91 at 2024-12-11 18:00:28.920318 sent 2024-12-11 17:54:28.515894
INFO:Message received on topic: type-1/22 with payload size: 91 at 2024-12-11 18:00:30.020775 sent 2024-12-11 17:54:28.800030
INFO:Message received on topic: type-1/22 with payload size: 91 at 2024-12-11 18:00:31.236199 sent 2024-12-11 17:54:29.084565
INFO:Message received on topic: type-1/22 with payload size: 91 at 2024-12-11 18:00:32.622737 sent 2024-12-11 17:54:29.369179
INFO:Message received on topic: type-1/22 with payload size: 91 at 2024-12-11 18:00:33.736693 sent 2024-12-11 17:54:29.653600
INFO:Message received on topic: type-1/22 with payload size: 91 at 2024-12-11 18:00:34.917103 sent 2024-12-11 17:54:29.939585
INFO:Message received on topic: type-1/22 with payload size: 91 at 2024-12-11 18:00:36.292070 sent 2024-12-11 17:54:30.228026
INFO:Message received on topic: type-1/22 with payload size: 91 at 2024-12-11 18:00:37.642771 sent 2024-12-11 17:54:30.512689
INFO:Message received on topic: type-1/22 with payload size: 91 at 2024-12-11 18:00:38.752428 sent 2024-12-11 17:54:30.798039
INFO:Message received on topic: type-1/22 with payload size: 91 at 2024-12-11 18:00:39.940619 sent 2024-12-11 17:54:31.081914
INFO:Message received on topic: type-1/22 with payload size: 91 at 2024-12-11 18:00:41.029695 sent 2024-12-11 17:54:31.366876
INFO:Message received on topic: type-1/22 with payload size: 91 at 2024-12-11 18:00:42.192285 sent 2024-12-11 17:54:31.653618
INFO:Message received on topic: type-1/22 with payload size: 91 at 2024-12-11 18:00:43.318725 sent 2024-12-11 17:54:31.941094
INFO:Message received on topic: type-1/22 with payload size: 91 at 2024-12-11 18:00:44.392218 sent 2024-12-11 17:54:32.227843
INFO:Message received on topic: type-1/22 with payload size: 91 at 2024-12-11 18:00:45.526188 sent 2024-12-11 17:54:32.515859
INFO:Message received on topic: type-1/22 with payload size: 91 at 2024-12-11 18:00:46.452598 sent 2024-12-11 17:54:32.803267
INFO:Message received on topic: type-1/22 with payload size: 91 at 2024-12-11 18:00:47.431220 sent 2024-12-11 17:54:33.088136
INFO:Message received on topic: type-1/22 with payload size: 91 at 2024-12-11 18:00:48.427043 sent 2024-12-11 17:54:33.373001
INFO:Message received on topic: type-1/22 with payload size: 91 at 2024-12-11 18:00:49.692595 sent 2024-12-11 17:54:33.659468
INFO:Message received on topic: type-1/22 with payload size: 91 at 2024-12-11 18:00:50.815045 sent 2024-12-11 17:54:33.946360
INFO:Message received on topic: type-1/22 with payload size: 91 at 2024-12-11 18:00:51.854201 sent 2024-12-11 17:54:34.231051
INFO:Message received on topic: type-1/22 with payload size: 91 at 2024-12-11 18:00:52.939813 sent 2024-12-11 17:54:34.516975
INFO:Message received on topic: type-1/22 with payload size: 91 at 2024-12-11 18:00:54.033955 sent 2024-12-11 17:54:34.802262
INFO:Message received on topic: type-1/22 with payload size: 91 at 2024-12-11 18:00:55.118774 sent 2024-12-11 17:54:35.088557
INFO:Message received on topic: type-1/22 with payload size: 91 at 2024-12-11 18:00:56.033383 sent 2024-12-11 17:54:35.373376
INFO:Message received on topic: type-1/22 with payload size: 91 at 2024-12-11 18:00:56.951421 sent 2024-12-11 17:54:35.657869
INFO:Message received on topic: type-1/22 with payload size: 91 at 2024-12-11 18:00:57.943035 sent 2024-12-11 17:54:35.942773
INFO:Message received on topic: type-1/22 with payload size: 91 at 2024-12-11 18:00:58.934132 sent 2024-12-11 17:54:36.226821
INFO:Message received on topic: type-1/22 with payload size: 91 at 2024-12-11 18:01:00.119105 sent 2024-12-11 17:54:36.518431
INFO:Message received on topic: type-1/22 with payload size: 91 at 2024-12-11 18:01:01.049365 sent 2024-12-11 17:54:36.805168
INFO:Message received on topic: type-1/22 with payload size: 91 at 2024-12-11 18:01:02.136821 sent 2024-12-11 17:54:37.090108
INFO:Message received on topic: type-1/22 with payload size: 91 at 2024-12-11 18:01:03.537105 sent 2024-12-11 17:54:37.375137
INFO:Message received on topic: type-1/22 with payload size: 91 at 2024-12-11 18:01:04.721594 sent 2024-12-11 17:54:37.662081
INFO:Message received on topic: type-1/22 with payload size: 91 at 2024-12-11 18:01:05.940337 sent 2024-12-11 17:54:37.948804
INFO:Message received on topic: type-1/22 with payload size: 91 at 2024-12-11 18:01:07.116464 sent 2024-12-11 17:54:38.234488
INFO:Message received on topic: type-1/22 with payload size: 91 at 2024-12-11 18:01:08.030468 sent 2024-12-11 17:54:38.522476
INFO:Message received on topic: type-1/22 with payload size: 91 at 2024-12-11 18:01:09.025830 sent 2024-12-11 17:54:38.814165
INFO:Message received on topic: type-1/22 with payload size: 91 at 2024-12-11 18:01:10.224132 sent 2024-12-11 17:54:39.098137
INFO:Message received on topic: type-1/22 with payload size: 91 at 2024-12-11 18:01:11.228043 sent 2024-12-11 17:54:39.382990
INFO:Message received on topic: type-1/22 with payload size: 91 at 2024-12-11 18:01:12.418201 sent 2024-12-11 17:54:39.669832
INFO:Message received on topic: type-1/22 with payload size: 91 at 2024-12-11 18:01:13.530449 sent 2024-12-11 17:54:39.955197
INFO:Message received on topic: type-1/22 with payload size: 91 at 2024-12-11 18:01:14.545155 sent 2024-12-11 17:54:40.241165
INFO:Message received on topic: type-1/22 with payload size: 91 at 2024-12-11 18:01:15.536606 sent 2024-12-11 17:54:40.524899
INFO:Message received on topic: type-1/22 with payload size: 91 at 2024-12-11 18:01:16.834945 sent 2024-12-11 17:54:40.809375
INFO:Message received on topic: type-1/22 with payload size: 91 at 2024-12-11 18:01:17.920904 sent 2024-12-11 17:54:41.095764
INFO:Message received on topic: type-1/22 with payload size: 91 at 2024-12-11 18:01:19.315189 sent 2024-12-11 17:54:41.385910
INFO:Message received on topic: type-1/22 with payload size: 91 at 2024-12-11 18:01:20.337592 sent 2024-12-11 17:54:41.672276
INFO:Message received on topic: type-1/22 with payload size: 91 at 2024-12-11 18:01:21.320623 sent 2024-12-11 17:54:41.957825
INFO:Message received on topic: type-1/22 with payload size: 91 at 2024-12-11 18:01:22.342713 sent 2024-12-11 17:54:42.244222
INFO:Message received on topic: type-1/22 with payload size: 91 at 2024-12-11 18:01:23.335044 sent 2024-12-11 17:54:42.530381
INFO:Message received on topic: type-1/22 with payload size: 91 at 2024-12-11 18:01:24.318305 sent 2024-12-11 17:54:42.817136
INFO:Message received on topic: type-1/22 with payload size: 91 at 2024-12-11 18:01:25.143154 sent 2024-12-11 17:54:43.104813
INFO:Message received on topic: type-1/22 with payload size: 91 at 2024-12-11 18:01:26.116384 sent 2024-12-11 17:54:43.391027
INFO:Message received on topic: type-1/22 with payload size: 91 at 2024-12-11 18:01:27.116744 sent 2024-12-11 17:54:43.678359
INFO:Message received on topic: type-1/22 with payload size: 91 at 2024-12-11 18:01:28.545307 sent 2024-12-11 17:54:43.964600
INFO:Message received on topic: type-1/22 with payload size: 91 at 2024-12-11 18:01:29.551958 sent 2024-12-11 17:54:44.250587
INFO:Message received on topic: type-1/22 with payload size: 91 at 2024-12-11 18:01:30.934093 sent 2024-12-11 17:54:44.536944
INFO:Message received on topic: type-1/22 with payload size: 91 at 2024-12-11 18:01:31.951068 sent 2024-12-11 17:54:44.823710
INFO:Message received on topic: type-1/22 with payload size: 91 at 2024-12-11 18:01:32.838448 sent 2024-12-11 17:54:45.110915
INFO:Message received on topic: type-1/22 with payload size: 91 at 2024-12-11 18:01:33.821274 sent 2024-12-11 17:54:45.395406
INFO:Message received on topic: type-1/22 with payload size: 91 at 2024-12-11 18:01:35.046942 sent 2024-12-11 17:54:45.683103
INFO:Message received on topic: type-1/22 with payload size: 91 at 2024-12-11 18:01:35.930589 sent 2024-12-11 17:54:45.970110
INFO:Message received on topic: type-1/22 with payload size: 91 at 2024-12-11 18:01:36.752038 sent 2024-12-11 17:54:46.257602
INFO:Message received on topic: type-1/22 with payload size: 91 at 2024-12-11 18:01:37.748743 sent 2024-12-11 17:54:46.549611
INFO:Message received on topic: type-1/22 with payload size: 91 at 2024-12-11 18:01:38.729734 sent 2024-12-11 17:54:46.835043
INFO:Message received on topic: type-1/22 with payload size: 91 at 2024-12-11 18:01:39.931036 sent 2024-12-11 17:54:47.121279
INFO:Message received on topic: type-1/22 with payload size: 91 at 2024-12-11 18:01:40.839437 sent 2024-12-11 17:54:47.408479
INFO:Message received on topic: type-1/22 with payload size: 91 at 2024-12-11 18:01:41.829565 sent 2024-12-11 17:54:47.693412
INFO:Message received on topic: type-1/22 with payload size: 91 at 2024-12-11 18:01:42.823098 sent 2024-12-11 17:54:47.978413
INFO:Message received on topic: type-1/22 with payload size: 91 at 2024-12-11 18:01:44.815701 sent 2024-12-11 17:54:48.264190
INFO:Message received on topic: type-1/22 with payload size: 91 at 2024-12-11 18:01:45.530695 sent 2024-12-11 17:54:48.549399
INFO:Message received on topic: type-1/22 with payload size: 91 at 2024-12-11 18:01:46.233454 sent 2024-12-11 17:54:48.840970
INFO:Message received on topic: type-1/22 with payload size: 91 at 2024-12-11 18:01:47.043433 sent 2024-12-11 17:54:49.126029
INFO:Message received on topic: type-1/22 with payload size: 91 at 2024-12-11 18:01:47.917278 sent 2024-12-11 17:54:49.411290
INFO:Message received on topic: type-1/22 with payload size: 91 at 2024-12-11 18:01:48.731137 sent 2024-12-11 17:54:49.695957
INFO:Message received on topic: type-1/22 with payload size: 91 at 2024-12-11 18:01:49.539070 sent 2024-12-11 17:54:49.981377
INFO:Message received on topic: type-1/22 with payload size: 91 at 2024-12-11 18:01:50.348409 sent 2024-12-11 17:54:50.265200
INFO:Message received on topic: type-1/22 with payload size: 91 at 2024-12-11 18:01:51.715738 sent 2024-12-11 17:54:50.549927
INFO:Message received on topic: type-1/22 with payload size: 91 at 2024-12-11 18:01:52.733965 sent 2024-12-11 17:54:50.835563
INFO:Message received on topic: type-1/22 with payload size: 91 at 2024-12-11 18:01:53.715418 sent 2024-12-11 17:54:51.119811
INFO:Message received on topic: type-1/22 with payload size: 91 at 2024-12-11 18:01:54.724827 sent 2024-12-11 17:54:51.405431
INFO:Message received on topic: type-1/22 with payload size: 91 at 2024-12-11 18:01:55.443076 sent 2024-12-11 17:54:51.691602
INFO:Message received on topic: type-1/22 with payload size: 91 at 2024-12-11 18:01:56.224553 sent 2024-12-11 17:54:51.978882
INFO:Message received on topic: type-1/22 with payload size: 91 at 2024-12-11 18:01:56.941371 sent 2024-12-11 17:54:52.264055
INFO:Message received on topic: type-1/22 with payload size: 91 at 2024-12-11 18:01:57.816073 sent 2024-12-11 17:54:52.551102
INFO:Message received on topic: type-1/22 with payload size: 91 at 2024-12-11 18:01:58.718801 sent 2024-12-11 17:54:52.844125
INFO:Message received on topic: type-1/22 with payload size: 91 at 2024-12-11 18:01:59.616399 sent 2024-12-11 17:54:53.132635
INFO:Message received on topic: type-1/22 with payload size: 91 at 2024-12-11 18:02:00.522304 sent 2024-12-11 17:54:53.419342
INFO:Message received on topic: type-1/22 with payload size: 91 at 2024-12-11 18:02:01.245848 sent 2024-12-11 17:54:53.707211
INFO:Message received on topic: type-1/22 with payload size: 91 at 2024-12-11 18:02:02.130088 sent 2024-12-11 17:54:53.992194
INFO:Message received on topic: type-1/22 with payload size: 91 at 2024-12-11 18:02:02.837069 sent 2024-12-11 17:54:54.278643
INFO:Message received on topic: type-1/22 with payload size: 91 at 2024-12-11 18:02:03.616975 sent 2024-12-11 17:54:54.564449
INFO:Message received on topic: type-1/22 with payload size: 91 at 2024-12-11 18:02:04.328598 sent 2024-12-11 17:54:54.849996
INFO:Message received on topic: type-1/22 with payload size: 91 at 2024-12-11 18:02:05.339535 sent 2024-12-11 17:54:55.137289
INFO:Message received on topic: type-1/22 with payload size: 91 at 2024-12-11 18:02:05.950720 sent 2024-12-11 17:54:55.422078
INFO:Message received on topic: type-1/22 with payload size: 91 at 2024-12-11 18:02:06.655844 sent 2024-12-11 17:54:55.706541
INFO:Message received on topic: type-1/22 with payload size: 91 at 2024-12-11 18:02:07.427443 sent 2024-12-11 17:54:55.992637
INFO:Message received on topic: type-1/22 with payload size: 91 at 2024-12-11 18:02:08.146829 sent 2024-12-11 17:54:56.278204
INFO:Message received on topic: type-1/22 with payload size: 91 at 2024-12-11 18:02:08.942861 sent 2024-12-11 17:54:56.563795
INFO:Message received on topic: type-1/22 with payload size: 91 at 2024-12-11 18:02:09.636354 sent 2024-12-11 17:54:56.848676
INFO:Message received on topic: type-1/22 with payload size: 91 at 2024-12-11 18:02:10.249934 sent 2024-12-11 17:54:57.133471
INFO:Message received on topic: type-1/22 with payload size: 91 at 2024-12-11 18:02:11.041054 sent 2024-12-11 17:54:57.417277
INFO:Message received on topic: type-1/22 with payload size: 91 at 2024-12-11 18:02:11.919773 sent 2024-12-11 17:54:57.702460
INFO:Message received on topic: type-1/22 with payload size: 91 at 2024-12-11 18:02:13.040445 sent 2024-12-11 17:54:57.988731
INFO:Message received on topic: type-1/22 with payload size: 91 at 2024-12-11 18:02:13.749126 sent 2024-12-11 17:54:58.275134
INFO:Message received on topic: type-1/22 with payload size: 91 at 2024-12-11 18:02:14.549932 sent 2024-12-11 17:54:58.561696
INFO:Message received on topic: type-1/22 with payload size: 91 at 2024-12-11 18:02:15.254725 sent 2024-12-11 17:56:55.908306
INFO:Message received on topic: type-1/22 with payload size: 91 at 2024-12-11 18:02:15.951285 sent 2024-12-11 17:56:56.195057
INFO:Message received on topic: type-1/22 with payload size: 91 at 2024-12-11 18:02:16.740740 sent 2024-12-11 17:56:56.479834
INFO:Message received on topic: type-1/22 with payload size: 91 at 2024-12-11 18:02:17.518429 sent 2024-12-11 17:56:56.764541
INFO:Message received on topic: type-1/22 with payload size: 91 at 2024-12-11 18:02:18.141625 sent 2024-12-11 17:56:57.049828
