starting up version 1.0
starting with cluster address: emqx.dtwins:18083
cluster user set to: my-app and cluster password set to: AAA4A275-BEEC-4AF8-B70B-DAAC0341F8EB
kubernetes api address set to: someaddress:6443
max queue set to: 1000 and max inflight set to: 32
Warning: Metrics have no next page
date: 2024-12-17 19:23:27.757877 |Cluster size: 1 |Queue: total=0, avg=0.00, max=1000 | Inflight: total=0, avg=0.00, max=32
Warning: Metrics have no next page
date: 2024-12-17 19:23:37.792717 |Cluster size: 1 |Queue: total=0, avg=0.00, max=1000 | Inflight: total=0, avg=0.00, max=32
Warning: Metrics have no next page
date: 2024-12-17 19:23:47.835167 |Cluster size: 1 |Queue: total=0, avg=0.00, max=1000 | Inflight: total=0, avg=0.00, max=32
Warning: Metrics have no next page
date: 2024-12-17 19:23:57.888264 |Cluster size: 1 |Queue: total=0, avg=0.00, max=1000 | Inflight: total=0, avg=0.00, max=32
Warning: Metrics have no next page
date: 2024-12-17 19:24:07.947894 |Cluster size: 1 |Queue: total=0, avg=0.00, max=1000 | Inflight: total=0, avg=0.00, max=32
Warning: Metrics have no next page
date: 2024-12-17 19:24:18.018351 |Cluster size: 1 |Queue: total=0, avg=0.00, max=1000 | Inflight: total=0, avg=0.00, max=32
Warning: Metrics have no next page
date: 2024-12-17 19:24:28.111567 |Cluster size: 1 |Queue: total=0, avg=0.00, max=1000 | Inflight: total=0, avg=0.00, max=32
Warning: Metrics have no next page
date: 2024-12-17 19:24:38.154057 |Cluster size: 1 |Queue: total=0, avg=0.00, max=1000 | Inflight: total=0, avg=0.00, max=32
Warning: Metrics have no next page
date: 2024-12-17 19:24:48.199037 |Cluster size: 1 |Queue: total=0, avg=0.00, max=1000 | Inflight: total=1, avg=1.00, max=32
Warning: Metrics have next page
date: 2024-12-17 19:24:58.254364 |Cluster size: 1 |Queue: total=0, avg=0.00, max=1000 | Inflight: total=2, avg=2.00, max=32
Warning: Metrics have next page
date: 2024-12-17 19:25:08.319911 |Cluster size: 1 |Queue: total=0, avg=0.00, max=1000 | Inflight: total=4, avg=4.00, max=32
Warning: Metrics have next page
date: 2024-12-17 19:25:18.511339 |Cluster size: 1 |Queue: total=0, avg=0.00, max=1000 | Inflight: total=7, avg=7.00, max=32
Warning: Metrics have next page
date: 2024-12-17 19:25:28.653465 |Cluster size: 1 |Queue: total=0, avg=0.00, max=1000 | Inflight: total=11, avg=11.00, max=32
Warning: Metrics have next page
date: 2024-12-17 19:25:38.910374 |Cluster size: 1 |Queue: total=0, avg=0.00, max=1000 | Inflight: total=23, avg=23.00, max=32
Warning: Metrics have next page
date: 2024-12-17 19:25:50.215807 |Cluster size: 1 |Queue: total=0, avg=0.00, max=1000 | Inflight: total=40, avg=40.00, max=32
Warning: Metrics have next page
date: 2024-12-17 19:26:02.071606 |Cluster size: 1 |Queue: total=0, avg=0.00, max=1000 | Inflight: total=75, avg=75.00, max=32
Warning: Metrics have next page
date: 2024-12-17 19:26:12.491305 |Cluster size: 1 |Queue: total=0, avg=0.00, max=1000 | Inflight: total=90, avg=90.00, max=32
Warning: Metrics have next page
date: 2024-12-17 19:26:23.809070 |Cluster size: 1 |Queue: total=0, avg=0.00, max=1000 | Inflight: total=104, avg=104.00, max=32
Warning: Metrics have next page
date: 2024-12-17 19:26:34.991010 |Cluster size: 1 |Queue: total=0, avg=0.00, max=1000 | Inflight: total=119, avg=119.00, max=32
Warning: Metrics have next page
date: 2024-12-17 19:26:46.311326 |Cluster size: 1 |Queue: total=0, avg=0.00, max=1000 | Inflight: total=121, avg=121.00, max=32
Warning: Metrics have next page
date: 2024-12-17 19:26:57.483090 |Cluster size: 1 |Queue: total=0, avg=0.00, max=1000 | Inflight: total=92, avg=92.00, max=32
Warning: Metrics have next page
date: 2024-12-17 19:27:08.808381 |Cluster size: 1 |Queue: total=0, avg=0.00, max=1000 | Inflight: total=96, avg=96.00, max=32
Warning: Metrics have next page
date: 2024-12-17 19:27:20.055363 |Cluster size: 1 |Queue: total=0, avg=0.00, max=1000 | Inflight: total=78, avg=78.00, max=32
Warning: Metrics have next page
date: 2024-12-17 19:27:30.595943 |Cluster size: 1 |Queue: total=0, avg=0.00, max=1000 | Inflight: total=120, avg=120.00, max=32
Warning: Metrics have next page
date: 2024-12-17 19:27:41.613320 |Cluster size: 1 |Queue: total=0, avg=0.00, max=1000 | Inflight: total=112, avg=112.00, max=32
Warning: Metrics have next page
date: 2024-12-17 19:27:52.595726 |Cluster size: 1 |Queue: total=0, avg=0.00, max=1000 | Inflight: total=122, avg=122.00, max=32
Warning: Metrics have next page
date: 2024-12-17 19:28:04.169318 |Cluster size: 1 |Queue: total=0, avg=0.00, max=1000 | Inflight: total=113, avg=113.00, max=32
Warning: Metrics have next page
date: 2024-12-17 19:28:15.506833 |Cluster size: 1 |Queue: total=0, avg=0.00, max=1000 | Inflight: total=126, avg=126.00, max=32
Warning: Metrics have next page
date: 2024-12-17 19:28:26.613201 |Cluster size: 1 |Queue: total=0, avg=0.00, max=1000 | Inflight: total=108, avg=108.00, max=32
Warning: Metrics have next page
date: 2024-12-17 19:28:36.871552 |Cluster size: 1 |Queue: total=0, avg=0.00, max=1000 | Inflight: total=117, avg=117.00, max=32
Warning: Metrics have next page
date: 2024-12-17 19:28:51.405413 |Cluster size: 1 |Queue: total=0, avg=0.00, max=1000 | Inflight: total=109, avg=109.00, max=32
Warning: Metrics have next page
date: 2024-12-17 19:29:02.373287 |Cluster size: 1 |Queue: total=0, avg=0.00, max=1000 | Inflight: total=100, avg=100.00, max=32
Warning: Metrics have next page
date: 2024-12-17 19:29:14.273913 |Cluster size: 1 |Queue: total=0, avg=0.00, max=1000 | Inflight: total=108, avg=108.00, max=32
Warning: Metrics have next page
date: 2024-12-17 19:29:25.200323 |Cluster size: 1 |Queue: total=0, avg=0.00, max=1000 | Inflight: total=117, avg=117.00, max=32
Warning: Metrics have next page
date: 2024-12-17 19:29:37.093890 |Cluster size: 1 |Queue: total=0, avg=0.00, max=1000 | Inflight: total=141, avg=141.00, max=32
Warning: Metrics have next page
date: 2024-12-17 19:29:48.824388 |Cluster size: 1 |Queue: total=0, avg=0.00, max=1000 | Inflight: total=121, avg=121.00, max=32
Warning: Metrics have next page
date: 2024-12-17 19:29:59.203600 |Cluster size: 1 |Queue: total=0, avg=0.00, max=1000 | Inflight: total=149, avg=149.00, max=32
Warning: Metrics have next page
date: 2024-12-17 19:30:10.504445 |Cluster size: 1 |Queue: total=0, avg=0.00, max=1000 | Inflight: total=107, avg=107.00, max=32
Warning: Metrics have next page
date: 2024-12-17 19:30:22.053124 |Cluster size: 1 |Queue: total=0, avg=0.00, max=1000 | Inflight: total=98, avg=98.00, max=32
Warning: Metrics have next page
date: 2024-12-17 19:30:33.409599 |Cluster size: 1 |Queue: total=0, avg=0.00, max=1000 | Inflight: total=128, avg=128.00, max=32
Warning: Metrics have next page
date: 2024-12-17 19:30:43.690625 |Cluster size: 1 |Queue: total=0, avg=0.00, max=1000 | Inflight: total=145, avg=145.00, max=32
Warning: Metrics have next page
date: 2024-12-17 19:30:55.156210 |Cluster size: 1 |Queue: total=0, avg=0.00, max=1000 | Inflight: total=157, avg=157.00, max=32
Warning: Metrics have next page
date: 2024-12-17 19:31:06.762001 |Cluster size: 1 |Queue: total=0, avg=0.00, max=1000 | Inflight: total=123, avg=123.00, max=32
Warning: Metrics have next page
date: 2024-12-17 19:31:18.456948 |Cluster size: 1 |Queue: total=0, avg=0.00, max=1000 | Inflight: total=90, avg=90.00, max=32
Warning: Metrics have next page
date: 2024-12-17 19:31:29.199394 |Cluster size: 1 |Queue: total=0, avg=0.00, max=1000 | Inflight: total=145, avg=145.00, max=32
Warning: Metrics have next page
date: 2024-12-17 19:31:40.890089 |Cluster size: 1 |Queue: total=0, avg=0.00, max=1000 | Inflight: total=124, avg=124.00, max=32
Warning: Metrics have next page
date: 2024-12-17 19:31:52.412025 |Cluster size: 1 |Queue: total=0, avg=0.00, max=1000 | Inflight: total=129, avg=129.00, max=32
Warning: Metrics have next page
date: 2024-12-17 19:32:03.655258 |Cluster size: 1 |Queue: total=0, avg=0.00, max=1000 | Inflight: total=131, avg=131.00, max=32
Warning: Metrics have next page
date: 2024-12-17 19:32:15.112398 |Cluster size: 1 |Queue: total=0, avg=0.00, max=1000 | Inflight: total=129, avg=129.00, max=32
Warning: Metrics have next page
date: 2024-12-17 19:32:26.268012 |Cluster size: 1 |Queue: total=0, avg=0.00, max=1000 | Inflight: total=114, avg=114.00, max=32
Warning: Metrics have next page
date: 2024-12-17 19:32:37.058108 |Cluster size: 1 |Queue: total=0, avg=0.00, max=1000 | Inflight: total=103, avg=103.00, max=32
Warning: Metrics have next page
date: 2024-12-17 19:32:48.173941 |Cluster size: 1 |Queue: total=0, avg=0.00, max=1000 | Inflight: total=125, avg=125.00, max=32
Warning: Metrics have next page
date: 2024-12-17 19:32:59.603529 |Cluster size: 1 |Queue: total=0, avg=0.00, max=1000 | Inflight: total=103, avg=103.00, max=32
Warning: Metrics have next page
date: 2024-12-17 19:33:09.958503 |Cluster size: 1 |Queue: total=0, avg=0.00, max=1000 | Inflight: total=116, avg=116.00, max=32
Warning: Metrics have next page
date: 2024-12-17 19:33:21.391864 |Cluster size: 1 |Queue: total=0, avg=0.00, max=1000 | Inflight: total=86, avg=86.00, max=32
Warning: Metrics have next page
date: 2024-12-17 19:33:32.990645 |Cluster size: 1 |Queue: total=0, avg=0.00, max=1000 | Inflight: total=97, avg=97.00, max=32
Warning: Metrics have next page
date: 2024-12-17 19:33:43.665930 |Cluster size: 1 |Queue: total=0, avg=0.00, max=1000 | Inflight: total=75, avg=75.00, max=32
Warning: Metrics have next page
date: 2024-12-17 19:33:54.602085 |Cluster size: 1 |Queue: total=0, avg=0.00, max=1000 | Inflight: total=74, avg=74.00, max=32
Warning: Metrics have next page
date: 2024-12-17 19:34:06.184840 |Cluster size: 1 |Queue: total=0, avg=0.00, max=1000 | Inflight: total=79, avg=79.00, max=32
Warning: Metrics have next page
date: 2024-12-17 19:34:17.053562 |Cluster size: 1 |Queue: total=0, avg=0.00, max=1000 | Inflight: total=67, avg=67.00, max=32
Warning: Metrics have next page
date: 2024-12-17 19:34:27.271002 |Cluster size: 1 |Queue: total=0, avg=0.00, max=1000 | Inflight: total=56, avg=56.00, max=32
Warning: Metrics have next page
date: 2024-12-17 19:34:38.005000 |Cluster size: 1 |Queue: total=0, avg=0.00, max=1000 | Inflight: total=50, avg=50.00, max=32
Warning: Metrics have next page
date: 2024-12-17 19:34:48.414414 |Cluster size: 1 |Queue: total=0, avg=0.00, max=1000 | Inflight: total=45, avg=45.00, max=32
Warning: Metrics have next page
date: 2024-12-17 19:34:58.804729 |Cluster size: 1 |Queue: total=0, avg=0.00, max=1000 | Inflight: total=46, avg=46.00, max=32
Warning: Metrics have next page
date: 2024-12-17 19:35:08.970082 |Cluster size: 1 |Queue: total=0, avg=0.00, max=1000 | Inflight: total=36, avg=36.00, max=32
Warning: Metrics have next page
date: 2024-12-17 19:35:20.610397 |Cluster size: 1 |Queue: total=0, avg=0.00, max=1000 | Inflight: total=63, avg=63.00, max=32
Warning: Metrics have next page
date: 2024-12-17 19:35:30.854128 |Cluster size: 1 |Queue: total=0, avg=0.00, max=1000 | Inflight: total=43, avg=43.00, max=32
Warning: Metrics have next page
date: 2024-12-17 19:35:40.964982 |Cluster size: 1 |Queue: total=0, avg=0.00, max=1000 | Inflight: total=41, avg=41.00, max=32
Warning: Metrics have next page
date: 2024-12-17 19:35:51.110324 |Cluster size: 1 |Queue: total=0, avg=0.00, max=1000 | Inflight: total=35, avg=35.00, max=32
Warning: Metrics have next page
date: 2024-12-17 19:36:01.205775 |Cluster size: 1 |Queue: total=0, avg=0.00, max=1000 | Inflight: total=27, avg=27.00, max=32
Warning: Metrics have next page
date: 2024-12-17 19:36:11.297900 |Cluster size: 1 |Queue: total=0, avg=0.00, max=1000 | Inflight: total=23, avg=23.00, max=32
Warning: Metrics have next page
date: 2024-12-17 19:36:21.360136 |Cluster size: 1 |Queue: total=0, avg=0.00, max=1000 | Inflight: total=10, avg=10.00, max=32
Warning: Metrics have next page
date: 2024-12-17 19:36:31.431035 |Cluster size: 1 |Queue: total=0, avg=0.00, max=1000 | Inflight: total=2, avg=2.00, max=32
Warning: Metrics have next page
date: 2024-12-17 19:36:41.492509 |Cluster size: 1 |Queue: total=0, avg=0.00, max=1000 | Inflight: total=1, avg=1.00, max=32
Warning: Metrics have next page
date: 2024-12-17 19:36:51.600785 |Cluster size: 1 |Queue: total=0, avg=0.00, max=1000 | Inflight: total=0, avg=0.00, max=32
Warning: Metrics have next page
date: 2024-12-17 19:37:01.672419 |Cluster size: 1 |Queue: total=0, avg=0.00, max=1000 | Inflight: total=3, avg=3.00, max=32
Warning: Metrics have next page
date: 2024-12-17 19:37:11.740236 |Cluster size: 1 |Queue: total=0, avg=0.00, max=1000 | Inflight: total=5, avg=5.00, max=32
Warning: Metrics have next page
date: 2024-12-17 19:37:21.802957 |Cluster size: 1 |Queue: total=0, avg=0.00, max=1000 | Inflight: total=5, avg=5.00, max=32
Warning: Metrics have next page
date: 2024-12-17 19:37:31.871775 |Cluster size: 1 |Queue: total=0, avg=0.00, max=1000 | Inflight: total=4, avg=4.00, max=32
Warning: Metrics have next page
date: 2024-12-17 19:37:41.920229 |Cluster size: 1 |Queue: total=0, avg=0.00, max=1000 | Inflight: total=6, avg=6.00, max=32
Warning: Metrics have next page
date: 2024-12-17 19:37:51.968422 |Cluster size: 1 |Queue: total=0, avg=0.00, max=1000 | Inflight: total=3, avg=3.00, max=32
Warning: Metrics have next page
date: 2024-12-17 19:38:02.014550 |Cluster size: 1 |Queue: total=0, avg=0.00, max=1000 | Inflight: total=2, avg=2.00, max=32
Warning: Metrics have next page
date: 2024-12-17 19:38:12.059959 |Cluster size: 1 |Queue: total=0, avg=0.00, max=1000 | Inflight: total=2, avg=2.00, max=32
Warning: Metrics have next page
date: 2024-12-17 19:38:22.108159 |Cluster size: 1 |Queue: total=0, avg=0.00, max=1000 | Inflight: total=0, avg=0.00, max=32
Warning: Metrics have next page
date: 2024-12-17 19:38:32.153668 |Cluster size: 1 |Queue: total=0, avg=0.00, max=1000 | Inflight: total=0, avg=0.00, max=32
Warning: Metrics have next page
date: 2024-12-17 19:38:42.255499 |Cluster size: 1 |Queue: total=0, avg=0.00, max=1000 | Inflight: total=0, avg=0.00, max=32
Warning: Metrics have next page
date: 2024-12-17 19:38:52.353345 |Cluster size: 1 |Queue: total=0, avg=0.00, max=1000 | Inflight: total=0, avg=0.00, max=32
Warning: Metrics have next page
date: 2024-12-17 19:39:02.459065 |Cluster size: 1 |Queue: total=0, avg=0.00, max=1000 | Inflight: total=0, avg=0.00, max=32
Warning: Metrics have next page
date: 2024-12-17 19:39:12.551152 |Cluster size: 1 |Queue: total=0, avg=0.00, max=1000 | Inflight: total=0, avg=0.00, max=32
Warning: Metrics have next page
date: 2024-12-17 19:39:22.645831 |Cluster size: 1 |Queue: total=0, avg=0.00, max=1000 | Inflight: total=0, avg=0.00, max=32
Warning: Metrics have next page
date: 2024-12-17 19:39:32.725895 |Cluster size: 1 |Queue: total=0, avg=0.00, max=1000 | Inflight: total=0, avg=0.00, max=32
Warning: Metrics have next page
date: 2024-12-17 19:39:42.819648 |Cluster size: 1 |Queue: total=0, avg=0.00, max=1000 | Inflight: total=0, avg=0.00, max=32
Warning: Metrics have next page
date: 2024-12-17 19:39:52.918941 |Cluster size: 1 |Queue: total=0, avg=0.00, max=1000 | Inflight: total=0, avg=0.00, max=32
Warning: Metrics have next page
date: 2024-12-17 19:40:03.013477 |Cluster size: 1 |Queue: total=0, avg=0.00, max=1000 | Inflight: total=0, avg=0.00, max=32
Warning: Metrics have next page
date: 2024-12-17 19:40:13.104783 |Cluster size: 1 |Queue: total=0, avg=0.00, max=1000 | Inflight: total=0, avg=0.00, max=32
Warning: Metrics have next page
date: 2024-12-17 19:40:23.193349 |Cluster size: 1 |Queue: total=0, avg=0.00, max=1000 | Inflight: total=0, avg=0.00, max=32
Warning: Metrics have next page
date: 2024-12-17 19:40:33.272406 |Cluster size: 1 |Queue: total=0, avg=0.00, max=1000 | Inflight: total=0, avg=0.00, max=32
Warning: Metrics have next page
date: 2024-12-17 19:40:43.372527 |Cluster size: 1 |Queue: total=0, avg=0.00, max=1000 | Inflight: total=0, avg=0.00, max=32
Warning: Metrics have next page
date: 2024-12-17 19:40:53.438682 |Cluster size: 1 |Queue: total=0, avg=0.00, max=1000 | Inflight: total=0, avg=0.00, max=32
Warning: Metrics have next page
date: 2024-12-17 19:41:03.540325 |Cluster size: 1 |Queue: total=0, avg=0.00, max=1000 | Inflight: total=0, avg=0.00, max=32
Warning: Metrics have next page
date: 2024-12-17 19:41:13.634315 |Cluster size: 1 |Queue: total=0, avg=0.00, max=1000 | Inflight: total=0, avg=0.00, max=32
Warning: Metrics have next page
date: 2024-12-17 19:41:23.728999 |Cluster size: 1 |Queue: total=0, avg=0.00, max=1000 | Inflight: total=0, avg=0.00, max=32
Warning: Metrics have next page
date: 2024-12-17 19:41:33.828902 |Cluster size: 1 |Queue: total=0, avg=0.00, max=1000 | Inflight: total=0, avg=0.00, max=32
Warning: Metrics have next page
date: 2024-12-17 19:41:43.929345 |Cluster size: 1 |Queue: total=0, avg=0.00, max=1000 | Inflight: total=0, avg=0.00, max=32
Warning: Metrics have next page
date: 2024-12-17 19:41:54.025712 |Cluster size: 1 |Queue: total=0, avg=0.00, max=1000 | Inflight: total=0, avg=0.00, max=32
Warning: Metrics have next page
date: 2024-12-17 19:42:04.141501 |Cluster size: 1 |Queue: total=0, avg=0.00, max=1000 | Inflight: total=0, avg=0.00, max=32
Warning: Metrics have next page
date: 2024-12-17 19:42:14.231857 |Cluster size: 1 |Queue: total=0, avg=0.00, max=1000 | Inflight: total=0, avg=0.00, max=32
Warning: Metrics have next page
date: 2024-12-17 19:42:24.323921 |Cluster size: 1 |Queue: total=0, avg=0.00, max=1000 | Inflight: total=0, avg=0.00, max=32
Warning: Metrics have next page
date: 2024-12-17 19:42:34.416223 |Cluster size: 1 |Queue: total=0, avg=0.00, max=1000 | Inflight: total=0, avg=0.00, max=32
