[2024-09-16T20:28:05Z INFO  dt_instance] Current Twin: mc-twin-4
[2024-09-16T20:28:05Z INFO  dt_instance] Replica Name twin-mc-stateful-4
[2024-09-16T20:28:05Z INFO  dt_instance] Sleeping for 200
[2024-09-16T20:31:25Z INFO  dt_instance] Connecting to broker at emqx.dtwins:1883
[2024-09-16T20:31:25Z INFO  dt_instance] Loggin info each 50 messages
[2024-09-16T20:31:25Z INFO  dt_instance] Set max packet size to 60000 KB.
[2024-09-16T20:31:25Z INFO  dt_instance] Refreshing topics for twin - Listen to mc-4/#
[2024-09-16T20:31:25Z INFO  dt_instance] SubAck { pkid: 1, return_codes: [Success(ExactlyOnce)] }
[2024-09-16T20:31:28Z INFO  dt_instance] received at 2024-09-16 20:31:28.057564066 UTC - from mc-4->source-7 "80" 20:31:28.056481783
[2024-09-16T20:31:30Z INFO  dt_instance] received at 2024-09-16 20:31:30.565917535 UTC - from mc-4->source-7 "85" 20:31:30.565011785
[2024-09-16T20:31:33Z INFO  dt_instance] received at 2024-09-16 20:31:33.072022998 UTC - from mc-4->source-7 "90" 20:31:33.071028107
[2024-09-16T20:31:35Z INFO  dt_instance] received at 2024-09-16 20:31:35.579224354 UTC - from mc-4->source-2 "96" 20:31:35.577715488
[2024-09-16T20:31:38Z INFO  dt_instance] received at 2024-09-16 20:31:38.083601027 UTC - from mc-4->source-2 "101" 20:31:38.082552879
[2024-09-16T20:31:40Z INFO  dt_instance] received at 2024-09-16 20:31:40.591588958 UTC - from mc-4->source-2 "106" 20:31:40.590433744
[2024-09-16T20:31:43Z INFO  dt_instance] received at 2024-09-16 20:31:43.096689362 UTC - from mc-4->source-7 "110" 20:31:43.095663672
[2024-09-16T20:31:45Z INFO  dt_instance] received at 2024-09-16 20:31:45.601947196 UTC - from mc-4->source-2 "116" 20:31:45.600696531
[2024-09-16T20:31:48Z INFO  dt_instance] received at 2024-09-16 20:31:48.106786672 UTC - from mc-4->source-7 "120" 20:31:48.105751792
[2024-09-16T20:31:50Z INFO  dt_instance] received at 2024-09-16 20:31:50.613590939 UTC - from mc-4->source-2 "126" 20:31:50.612362790
[2024-09-16T20:31:53Z INFO  dt_instance] received at 2024-09-16 20:31:53.120059383 UTC - from mc-4->source-7 "130" 20:31:53.118736473
[2024-09-16T20:31:55Z INFO  dt_instance] received at 2024-09-16 20:31:55.627483144 UTC - from mc-4->source-2 "136" 20:31:55.625284123
[2024-09-16T20:31:58Z INFO  dt_instance] received at 2024-09-16 20:31:58.131607736 UTC - from mc-4->source-2 "141" 20:31:58.130863624
[2024-09-16T20:32:00Z INFO  dt_instance] received at 2024-09-16 20:32:00.637741858 UTC - from mc-4->source-2 "146" 20:32:00.636137246
[2024-09-16T20:32:03Z INFO  dt_instance] received at 2024-09-16 20:32:03.143192844 UTC - from mc-4->source-2 "151" 20:32:03.142276308
[2024-09-16T20:32:05Z INFO  dt_instance] received at 2024-09-16 20:32:05.649045019 UTC - from mc-4->source-2 "156" 20:32:05.648134106
[2024-09-16T20:32:08Z INFO  dt_instance] received at 2024-09-16 20:32:08.156059527 UTC - from mc-4->source-2 "161" 20:32:08.154959475
[2024-09-16T20:32:10Z INFO  dt_instance] received at 2024-09-16 20:32:10.661006083 UTC - from mc-4->source-2 "166" 20:32:10.659906062
[2024-09-16T20:32:13Z INFO  dt_instance] received at 2024-09-16 20:32:13.167030240 UTC - from mc-4->source-2 "171" 20:32:13.166081837
[2024-09-16T20:32:15Z INFO  dt_instance] received at 2024-09-16 20:32:15.672566727 UTC - from mc-4->source-2 "176" 20:32:15.671604073
[2024-09-16T20:32:18Z INFO  dt_instance] received at 2024-09-16 20:32:18.178916699 UTC - from mc-4->source-2 "181" 20:32:18.177952604
[2024-09-16T20:32:20Z INFO  dt_instance] received at 2024-09-16 20:32:20.685631314 UTC - from mc-4->source-2 "186" 20:32:20.684553337
[2024-09-16T20:32:23Z INFO  dt_instance] received at 2024-09-16 20:32:23.190443232 UTC - from mc-4->source-2 "191" 20:32:23.189493442
[2024-09-16T20:32:25Z INFO  dt_instance] received at 2024-09-16 20:32:25.697885977 UTC - from mc-4->source-2 "196" 20:32:25.696258196
[2024-09-16T20:32:28Z INFO  dt_instance] received at 2024-09-16 20:32:28.202782852 UTC - from mc-4->source-2 "201" 20:32:28.201818079
[2024-09-16T20:32:30Z INFO  dt_instance] received at 2024-09-16 20:32:30.707474294 UTC - from mc-4->source-2 "206" 20:32:30.706511665
[2024-09-16T20:32:33Z INFO  dt_instance] received at 2024-09-16 20:32:33.212797362 UTC - from mc-4->source-2 "211" 20:32:33.211817756
[2024-09-16T20:32:35Z INFO  dt_instance] received at 2024-09-16 20:32:35.718905704 UTC - from mc-4->source-2 "216" 20:32:35.717503793
[2024-09-16T20:32:38Z INFO  dt_instance] received at 2024-09-16 20:32:38.224213521 UTC - from mc-4->source-2 "221" 20:32:38.223310116
[2024-09-16T20:32:40Z INFO  dt_instance] received at 2024-09-16 20:32:40.730491412 UTC - from mc-4->source-2 "226" 20:32:40.729575151
[2024-09-16T20:32:43Z INFO  dt_instance] received at 2024-09-16 20:32:43.236544275 UTC - from mc-4->source-2 "231" 20:32:43.235453759
[2024-09-16T20:32:45Z INFO  dt_instance] received at 2024-09-16 20:32:45.741796382 UTC - from mc-4->source-2 "236" 20:32:45.740576467
[2024-09-16T20:32:48Z INFO  dt_instance] received at 2024-09-16 20:32:48.247307748 UTC - from mc-4->source-2 "241" 20:32:48.246105116
[2024-09-16T20:32:50Z INFO  dt_instance] received at 2024-09-16 20:32:50.752320199 UTC - from mc-4->source-2 "246" 20:32:50.750828954
[2024-09-16T20:32:53Z INFO  dt_instance] received at 2024-09-16 20:32:53.257187681 UTC - from mc-4->source-2 "251" 20:32:53.256277571
[2024-09-16T20:32:55Z INFO  dt_instance] received at 2024-09-16 20:32:55.762341771 UTC - from mc-4->source-2 "256" 20:32:55.761385131
[2024-09-16T20:32:58Z INFO  dt_instance] received at 2024-09-16 20:32:58.267541071 UTC - from mc-4->source-2 "261" 20:32:58.266559177
[2024-09-16T20:33:00Z INFO  dt_instance] received at 2024-09-16 20:33:00.774297434 UTC - from mc-4->source-7 "265" 20:33:00.773247578
[2024-09-16T20:33:03Z INFO  dt_instance] received at 2024-09-16 20:33:03.280427481 UTC - from mc-4->source-7 "270" 20:33:03.279412751
[2024-09-16T20:33:05Z INFO  dt_instance] received at 2024-09-16 20:33:05.788996301 UTC - from mc-4->source-7 "275" 20:33:05.787435835
[2024-09-16T20:33:08Z INFO  dt_instance] received at 2024-09-16 20:33:08.294623335 UTC - from mc-4->source-7 "280" 20:33:08.293659909
[2024-09-16T20:33:10Z INFO  dt_instance] received at 2024-09-16 20:33:10.800656008 UTC - from mc-4->source-7 "285" 20:33:10.799675049
[2024-09-16T20:33:13Z INFO  dt_instance] received at 2024-09-16 20:33:13.305621805 UTC - from mc-4->source-7 "290" 20:33:13.304413356
[2024-09-16T20:33:15Z INFO  dt_instance] received at 2024-09-16 20:33:15.811533028 UTC - from mc-4->source-7 "295" 20:33:15.810512907
[2024-09-16T20:33:18Z INFO  dt_instance] received at 2024-09-16 20:33:18.316609090 UTC - from mc-4->source-7 "300" 20:33:18.315314881
[2024-09-16T20:33:20Z INFO  dt_instance] received at 2024-09-16 20:33:20.822425611 UTC - from mc-4->source-7 "305" 20:33:20.821243294
[2024-09-16T20:33:23Z INFO  dt_instance] received at 2024-09-16 20:33:23.327724571 UTC - from mc-4->source-7 "310" 20:33:23.326672364
[2024-09-16T20:33:25Z INFO  dt_instance] received at 2024-09-16 20:33:25.832812394 UTC - from mc-4->source-7 "315" 20:33:25.831572549
[2024-09-16T20:33:28Z INFO  dt_instance] received at 2024-09-16 20:33:28.338198011 UTC - from mc-4->source-7 "320" 20:33:28.337235907
[2024-09-16T20:33:30Z INFO  dt_instance] received at 2024-09-16 20:33:30.844323971 UTC - from mc-4->source-7 "325" 20:33:30.843290183
[2024-09-16T20:33:33Z INFO  dt_instance] received at 2024-09-16 20:33:33.350882569 UTC - from mc-4->source-7 "330" 20:33:33.349819455
[2024-09-16T20:33:35Z INFO  dt_instance] received at 2024-09-16 20:33:35.856636529 UTC - from mc-4->source-7 "335" 20:33:35.855651881
[2024-09-16T20:33:38Z INFO  dt_instance] received at 2024-09-16 20:33:38.363188300 UTC - from mc-4->source-7 "340" 20:33:38.362275476
[2024-09-16T20:33:40Z INFO  dt_instance] received at 2024-09-16 20:33:40.870279244 UTC - from mc-4->source-7 "345" 20:33:40.869221813
[2024-09-16T20:33:43Z INFO  dt_instance] received at 2024-09-16 20:33:43.375012626 UTC - from mc-4->source-7 "350" 20:33:43.373888965
[2024-09-16T20:33:45Z INFO  dt_instance] received at 2024-09-16 20:33:45.879756525 UTC - from mc-4->source-7 "355" 20:33:45.878606999
[2024-09-16T20:33:48Z INFO  dt_instance] received at 2024-09-16 20:33:48.385237314 UTC - from mc-4->source-7 "360" 20:33:48.383877217
[2024-09-16T20:33:50Z INFO  dt_instance] received at 2024-09-16 20:33:50.889900597 UTC - from mc-4->source-7 "365" 20:33:50.888813739
[2024-09-16T20:33:53Z INFO  dt_instance] received at 2024-09-16 20:33:53.395359169 UTC - from mc-4->source-7 "370" 20:33:53.394220186
[2024-09-16T20:33:55Z INFO  dt_instance] received at 2024-09-16 20:33:55.899748260 UTC - from mc-4->source-7 "375" 20:33:55.898890792
[2024-09-16T20:33:58Z INFO  dt_instance] received at 2024-09-16 20:33:58.405537186 UTC - from mc-4->source-7 "380" 20:33:58.404315581
[2024-09-16T20:34:00Z INFO  dt_instance] received at 2024-09-16 20:34:00.912717267 UTC - from mc-4->source-7 "385" 20:34:00.911161516
[2024-09-16T20:34:03Z INFO  dt_instance] received at 2024-09-16 20:34:03.419307396 UTC - from mc-4->source-7 "390" 20:34:03.418193436
[2024-09-16T20:34:05Z INFO  dt_instance] received at 2024-09-16 20:34:05.924356961 UTC - from mc-4->source-7 "395" 20:34:05.922982758
[2024-09-16T20:34:08Z INFO  dt_instance] received at 2024-09-16 20:34:08.428958104 UTC - from mc-4->source-7 "400" 20:34:08.428024894
[2024-09-16T20:34:10Z INFO  dt_instance] received at 2024-09-16 20:34:10.934013513 UTC - from mc-4->source-7 "405" 20:34:10.932907472
[2024-09-16T20:34:13Z INFO  dt_instance] received at 2024-09-16 20:34:13.438361320 UTC - from mc-4->source-7 "410" 20:34:13.437416291
[2024-09-16T20:34:15Z INFO  dt_instance] received at 2024-09-16 20:34:15.944086474 UTC - from mc-4->source-2 "416" 20:34:15.942851745
[2024-09-16T20:34:18Z INFO  dt_instance] received at 2024-09-16 20:34:18.449219122 UTC - from mc-4->source-2 "421" 20:34:18.448010553
[2024-09-16T20:34:20Z INFO  dt_instance] received at 2024-09-16 20:34:20.954900689 UTC - from mc-4->source-7 "425" 20:34:20.953884292
[2024-09-16T20:34:23Z INFO  dt_instance] received at 2024-09-16 20:34:23.460316246 UTC - from mc-4->source-7 "430" 20:34:23.458666022
[2024-09-16T20:34:25Z INFO  dt_instance] received at 2024-09-16 20:34:25.966163531 UTC - from mc-4->source-7 "435" 20:34:25.964990228
[2024-09-16T20:34:28Z INFO  dt_instance] received at 2024-09-16 20:34:28.470955405 UTC - from mc-4->source-2 "441" 20:34:28.469381347
[2024-09-16T20:34:30Z INFO  dt_instance] received at 2024-09-16 20:34:30.977067083 UTC - from mc-4->source-7 "445" 20:34:30.975889457
[2024-09-16T20:34:33Z INFO  dt_instance] received at 2024-09-16 20:34:33.483294160 UTC - from mc-4->source-2 "451" 20:34:33.481960545
[2024-09-16T20:34:35Z INFO  dt_instance] received at 2024-09-16 20:34:35.990033638 UTC - from mc-4->source-2 "456" 20:34:35.988785184
[2024-09-16T20:34:38Z INFO  dt_instance] received at 2024-09-16 20:34:38.496014888 UTC - from mc-4->source-7 "460" 20:34:38.494815318
[2024-09-16T20:34:41Z INFO  dt_instance] received at 2024-09-16 20:34:41.001110761 UTC - from mc-4->source-2 "466" 20:34:41.000065487
[2024-09-16T20:34:43Z INFO  dt_instance] received at 2024-09-16 20:34:43.508438393 UTC - from mc-4->source-7 "470" 20:34:43.507394090
[2024-09-16T20:34:46Z INFO  dt_instance] received at 2024-09-16 20:34:46.015026309 UTC - from mc-4->source-7 "475" 20:34:46.013671538
[2024-09-16T20:34:48Z INFO  dt_instance] received at 2024-09-16 20:34:48.522184868 UTC - from mc-4->source-2 "481" 20:34:48.519153038
[2024-09-16T20:34:51Z INFO  dt_instance] received at 2024-09-16 20:34:51.027513633 UTC - from mc-4->source-2 "486" 20:34:51.026508088
[2024-09-16T20:34:53Z INFO  dt_instance] received at 2024-09-16 20:34:53.533909457 UTC - from mc-4->source-2 "491" 20:34:53.532857421
[2024-09-16T20:34:56Z INFO  dt_instance] received at 2024-09-16 20:34:56.038124792 UTC - from mc-4->source-2 "496" 20:34:56.037369156
[2024-09-16T20:34:58Z INFO  dt_instance] received at 2024-09-16 20:34:58.543567516 UTC - from mc-4->source-2 "501" 20:34:58.542544501
[2024-09-16T20:35:01Z INFO  dt_instance] received at 2024-09-16 20:35:01.048516283 UTC - from mc-4->source-7 "505" 20:35:01.047479937
[2024-09-16T20:35:03Z INFO  dt_instance] received at 2024-09-16 20:35:03.554198001 UTC - from mc-4->source-2 "511" 20:35:03.552879316
[2024-09-16T20:35:06Z INFO  dt_instance] received at 2024-09-16 20:35:06.059712854 UTC - from mc-4->source-7 "515" 20:35:06.058475133
[2024-09-16T20:35:08Z INFO  dt_instance] received at 2024-09-16 20:35:08.566194007 UTC - from mc-4->source-2 "521" 20:35:08.565163372
[2024-09-16T20:35:11Z INFO  dt_instance] received at 2024-09-16 20:35:11.070562718 UTC - from mc-4->source-2 "526" 20:35:11.069421557
[2024-09-16T20:35:13Z INFO  dt_instance] received at 2024-09-16 20:35:13.576530042 UTC - from mc-4->source-7 "530" 20:35:13.575327012
[2024-09-16T20:35:16Z INFO  dt_instance] received at 2024-09-16 20:35:16.083009148 UTC - from mc-4->source-7 "535" 20:35:16.081993757
[2024-09-16T20:35:18Z INFO  dt_instance] received at 2024-09-16 20:35:18.588959867 UTC - from mc-4->source-7 "540" 20:35:18.587952779
[2024-09-16T20:35:21Z INFO  dt_instance] received at 2024-09-16 20:35:21.095552581 UTC - from mc-4->source-7 "545" 20:35:21.094462050
[2024-09-16T20:35:23Z INFO  dt_instance] received at 2024-09-16 20:35:23.602462792 UTC - from mc-4->source-7 "550" 20:35:23.601215118
[2024-09-16T20:35:26Z INFO  dt_instance] received at 2024-09-16 20:35:26.107105820 UTC - from mc-4->source-7 "555" 20:35:26.106269098
[2024-09-16T20:35:28Z INFO  dt_instance] received at 2024-09-16 20:35:28.614962667 UTC - from mc-4->source-7 "560" 20:35:28.614010794
[2024-09-16T20:35:31Z INFO  dt_instance] received at 2024-09-16 20:35:31.120379569 UTC - from mc-4->source-7 "565" 20:35:31.119258742
[2024-09-16T20:35:33Z INFO  dt_instance] received at 2024-09-16 20:35:33.626104656 UTC - from mc-4->source-7 "570" 20:35:33.624656045
[2024-09-16T20:35:36Z INFO  dt_instance] received at 2024-09-16 20:35:36.133380136 UTC - from mc-4->source-7 "575" 20:35:36.132217300
[2024-09-16T20:35:38Z INFO  dt_instance] received at 2024-09-16 20:35:38.639987566 UTC - from mc-4->source-7 "580" 20:35:38.638945912
[2024-09-16T20:35:41Z INFO  dt_instance] received at 2024-09-16 20:35:41.146072217 UTC - from mc-4->source-7 "585" 20:35:41.145159485
[2024-09-16T20:35:43Z INFO  dt_instance] received at 2024-09-16 20:35:43.650446272 UTC - from mc-4->source-7 "590" 20:35:43.649358562
[2024-09-16T20:35:46Z INFO  dt_instance] received at 2024-09-16 20:35:46.156997175 UTC - from mc-4->source-7 "595" 20:35:46.155984938
[2024-09-16T20:35:48Z INFO  dt_instance] received at 2024-09-16 20:35:48.661433910 UTC - from mc-4->source-7 "600" 20:35:48.660391155
[2024-09-16T20:35:51Z INFO  dt_instance] received at 2024-09-16 20:35:51.167095682 UTC - from mc-4->source-7 "605" 20:35:51.166011080
[2024-09-16T20:35:53Z INFO  dt_instance] received at 2024-09-16 20:35:53.673816315 UTC - from mc-4->source-7 "610" 20:35:53.672819766
[2024-09-16T20:35:56Z INFO  dt_instance] received at 2024-09-16 20:35:56.178954995 UTC - from mc-4->source-7 "615" 20:35:56.177858098
[2024-09-16T20:35:58Z INFO  dt_instance] received at 2024-09-16 20:35:58.684886755 UTC - from mc-4->source-7 "620" 20:35:58.683860953
[2024-09-16T20:36:01Z INFO  dt_instance] received at 2024-09-16 20:36:01.189370806 UTC - from mc-4->source-7 "625" 20:36:01.188379954
[2024-09-16T20:36:03Z INFO  dt_instance] received at 2024-09-16 20:36:03.695915908 UTC - from mc-4->source-7 "630" 20:36:03.694254618
[2024-09-16T20:36:06Z INFO  dt_instance] received at 2024-09-16 20:36:06.201625731 UTC - from mc-4->source-7 "635" 20:36:06.200584147
[2024-09-16T20:36:08Z INFO  dt_instance] received at 2024-09-16 20:36:08.707887932 UTC - from mc-4->source-7 "640" 20:36:08.706853588
[2024-09-16T20:36:11Z INFO  dt_instance] received at 2024-09-16 20:36:11.214143719 UTC - from mc-4->source-7 "645" 20:36:11.212898124
[2024-09-16T20:36:13Z INFO  dt_instance] received at 2024-09-16 20:36:13.718258958 UTC - from mc-4->source-7 "650" 20:36:13.717478396
[2024-09-16T20:36:16Z INFO  dt_instance] received at 2024-09-16 20:36:16.224112747 UTC - from mc-4->source-7 "655" 20:36:16.223128624
[2024-09-16T20:36:18Z INFO  dt_instance] received at 2024-09-16 20:36:18.729052196 UTC - from mc-4->source-7 "660" 20:36:18.727709378
[2024-09-16T20:36:21Z INFO  dt_instance] received at 2024-09-16 20:36:21.235075406 UTC - from mc-4->source-7 "665" 20:36:21.234016565
[2024-09-16T20:36:23Z INFO  dt_instance] received at 2024-09-16 20:36:23.739664119 UTC - from mc-4->source-7 "670" 20:36:23.738510500
[2024-09-16T20:36:26Z INFO  dt_instance] received at 2024-09-16 20:36:26.245344788 UTC - from mc-4->source-7 "675" 20:36:26.244399233
[2024-09-16T20:36:28Z INFO  dt_instance] received at 2024-09-16 20:36:28.750960809 UTC - from mc-4->source-7 "680" 20:36:28.749969993
[2024-09-16T20:36:31Z INFO  dt_instance] received at 2024-09-16 20:36:31.255171823 UTC - from mc-4->source-7 "685" 20:36:31.254366983
[2024-09-16T20:36:33Z INFO  dt_instance] received at 2024-09-16 20:36:33.762158511 UTC - from mc-4->source-7 "690" 20:36:33.761042427
[2024-09-16T20:36:36Z INFO  dt_instance] received at 2024-09-16 20:36:36.266622436 UTC - from mc-4->source-2 "696" 20:36:36.265486901
[2024-09-16T20:36:38Z INFO  dt_instance] received at 2024-09-16 20:36:38.772610323 UTC - from mc-4->source-7 "700" 20:36:38.771192574
[2024-09-16T20:36:41Z INFO  dt_instance] received at 2024-09-16 20:36:41.278298948 UTC - from mc-4->source-7 "705" 20:36:41.277146850
[2024-09-16T20:36:43Z INFO  dt_instance] received at 2024-09-16 20:36:43.783944246 UTC - from mc-4->source-2 "711" 20:36:43.782566998
[2024-09-16T20:36:46Z INFO  dt_instance] received at 2024-09-16 20:36:46.289894454 UTC - from mc-4->source-7 "715" 20:36:46.288897900
[2024-09-16T20:36:48Z INFO  dt_instance] received at 2024-09-16 20:36:48.795643230 UTC - from mc-4->source-2 "721" 20:36:48.794646861
[2024-09-16T20:36:51Z INFO  dt_instance] received at 2024-09-16 20:36:51.300859582 UTC - from mc-4->source-2 "726" 20:36:51.299858341
[2024-09-16T20:36:53Z INFO  dt_instance] received at 2024-09-16 20:36:53.806296043 UTC - from mc-4->source-7 "730" 20:36:53.804814626
[2024-09-16T20:36:56Z INFO  dt_instance] received at 2024-09-16 20:36:56.311380016 UTC - from mc-4->source-2 "736" 20:36:56.309803304
[2024-09-16T20:36:58Z INFO  dt_instance] received at 2024-09-16 20:36:58.816213552 UTC - from mc-4->source-7 "740" 20:36:58.815148233
[2024-09-16T20:37:01Z INFO  dt_instance] received at 2024-09-16 20:37:01.322067333 UTC - from mc-4->source-7 "745" 20:37:01.321086192
[2024-09-16T20:37:03Z INFO  dt_instance] received at 2024-09-16 20:37:03.827308494 UTC - from mc-4->source-7 "750" 20:37:03.825967460
[2024-09-16T20:37:06Z INFO  dt_instance] received at 2024-09-16 20:37:06.331875858 UTC - from mc-4->source-7 "755" 20:37:06.330700390
[2024-09-16T20:37:08Z INFO  dt_instance] received at 2024-09-16 20:37:08.837395638 UTC - from mc-4->source-2 "761" 20:37:08.836327945
[2024-09-16T20:37:11Z INFO  dt_instance] received at 2024-09-16 20:37:11.343541815 UTC - from mc-4->source-2 "766" 20:37:11.342665808
[2024-09-16T20:37:13Z INFO  dt_instance] received at 2024-09-16 20:37:13.849887253 UTC - from mc-4->source-7 "770" 20:37:13.848477557
[2024-09-16T20:37:16Z INFO  dt_instance] received at 2024-09-16 20:37:16.355501833 UTC - from mc-4->source-2 "776" 20:37:16.354465956
[2024-09-16T20:37:18Z INFO  dt_instance] received at 2024-09-16 20:37:18.861515709 UTC - from mc-4->source-7 "780" 20:37:18.860068368
[2024-09-16T20:37:21Z INFO  dt_instance] received at 2024-09-16 20:37:21.366498106 UTC - from mc-4->source-2 "786" 20:37:21.365443359
[2024-09-16T20:37:23Z INFO  dt_instance] received at 2024-09-16 20:37:23.871963888 UTC - from mc-4->source-7 "790" 20:37:23.871081400
[2024-09-16T20:37:26Z INFO  dt_instance] received at 2024-09-16 20:37:26.376722825 UTC - from mc-4->source-2 "796" 20:37:26.375990328
[2024-09-16T20:37:28Z INFO  dt_instance] received at 2024-09-16 20:37:28.882056303 UTC - from mc-4->source-7 "800" 20:37:28.880821780
[2024-09-16T20:37:31Z INFO  dt_instance] received at 2024-09-16 20:37:31.390357745 UTC - from mc-4->source-2 "806" 20:37:31.387343109
[2024-09-16T20:37:33Z INFO  dt_instance] received at 2024-09-16 20:37:33.895300212 UTC - from mc-4->source-7 "810" 20:37:33.894352235
[2024-09-16T20:37:36Z INFO  dt_instance] received at 2024-09-16 20:37:36.401878775 UTC - from mc-4->source-7 "815" 20:37:36.400851905
[2024-09-16T20:37:38Z INFO  dt_instance] received at 2024-09-16 20:37:38.906599810 UTC - from mc-4->source-7 "820" 20:37:38.905395310
[2024-09-16T20:37:41Z INFO  dt_instance] received at 2024-09-16 20:37:41.412484722 UTC - from mc-4->source-7 "825" 20:37:41.411308343
[2024-09-16T20:37:43Z INFO  dt_instance] received at 2024-09-16 20:37:43.919184238 UTC - from mc-4->source-7 "830" 20:37:43.918208411
[2024-09-16T20:37:46Z INFO  dt_instance] received at 2024-09-16 20:37:46.426609759 UTC - from mc-4->source-7 "835" 20:37:46.425345768
[2024-09-16T20:37:48Z INFO  dt_instance] received at 2024-09-16 20:37:48.931625832 UTC - from mc-4->source-7 "840" 20:37:48.930476105
[2024-09-16T20:37:51Z INFO  dt_instance] received at 2024-09-16 20:37:51.437620419 UTC - from mc-4->source-7 "845" 20:37:51.436563363
[2024-09-16T20:37:53Z INFO  dt_instance] received at 2024-09-16 20:37:53.943702770 UTC - from mc-4->source-7 "850" 20:37:53.942648419
[2024-09-16T20:37:56Z INFO  dt_instance] received at 2024-09-16 20:37:56.451172371 UTC - from mc-4->source-7 "855" 20:37:56.449830927
[2024-09-16T20:37:58Z INFO  dt_instance] received at 2024-09-16 20:37:58.957204013 UTC - from mc-4->source-7 "860" 20:37:58.955614606
[2024-09-16T20:38:01Z INFO  dt_instance] received at 2024-09-16 20:38:01.462834639 UTC - from mc-4->source-7 "865" 20:38:01.461845695
[2024-09-16T20:38:03Z INFO  dt_instance] received at 2024-09-16 20:38:03.967520571 UTC - from mc-4->source-7 "870" 20:38:03.966534170
[2024-09-16T20:38:06Z INFO  dt_instance] received at 2024-09-16 20:38:06.473473737 UTC - from mc-4->source-7 "875" 20:38:06.472653021
[2024-09-16T20:38:08Z INFO  dt_instance] received at 2024-09-16 20:38:08.980189554 UTC - from mc-4->source-7 "880" 20:38:08.979057920
[2024-09-16T20:38:11Z INFO  dt_instance] received at 2024-09-16 20:38:11.486321963 UTC - from mc-4->source-7 "885" 20:38:11.485191876
[2024-09-16T20:38:13Z INFO  dt_instance] received at 2024-09-16 20:38:13.991401432 UTC - from mc-4->source-7 "890" 20:38:13.990454439
[2024-09-16T20:38:16Z INFO  dt_instance] received at 2024-09-16 20:38:16.497393453 UTC - from mc-4->source-7 "895" 20:38:16.496512865
[2024-09-16T20:38:19Z INFO  dt_instance] received at 2024-09-16 20:38:19.003169351 UTC - from mc-4->source-7 "900" 20:38:19.002134863
[2024-09-16T20:38:21Z INFO  dt_instance] received at 2024-09-16 20:38:21.511443439 UTC - from mc-4->source-7 "905" 20:38:21.508527100
[2024-09-16T20:38:24Z INFO  dt_instance] received at 2024-09-16 20:38:24.015553143 UTC - from mc-4->source-7 "910" 20:38:24.014444966
[2024-09-16T20:38:26Z INFO  dt_instance] received at 2024-09-16 20:38:26.520771911 UTC - from mc-4->source-7 "915" 20:38:26.519834396
[2024-09-16T20:38:29Z INFO  dt_instance] received at 2024-09-16 20:38:29.026850414 UTC - from mc-4->source-7 "920" 20:38:29.025656439
[2024-09-16T20:38:31Z INFO  dt_instance] received at 2024-09-16 20:38:31.532375839 UTC - from mc-4->source-7 "925" 20:38:31.531201696
[2024-09-16T20:38:34Z INFO  dt_instance] received at 2024-09-16 20:38:34.037489173 UTC - from mc-4->source-7 "930" 20:38:34.036409805
[2024-09-16T20:38:36Z INFO  dt_instance] received at 2024-09-16 20:38:36.542413277 UTC - from mc-4->source-7 "935" 20:38:36.541694259
[2024-09-16T20:38:39Z INFO  dt_instance] received at 2024-09-16 20:38:39.047899215 UTC - from mc-4->source-7 "940" 20:38:39.046808895
[2024-09-16T20:38:41Z INFO  dt_instance] received at 2024-09-16 20:38:41.553617660 UTC - from mc-4->source-7 "945" 20:38:41.552548998
[2024-09-16T20:38:44Z INFO  dt_instance] received at 2024-09-16 20:38:44.059285487 UTC - from mc-4->source-7 "950" 20:38:44.058199143
[2024-09-16T20:38:46Z INFO  dt_instance] received at 2024-09-16 20:38:46.565137998 UTC - from mc-4->source-7 "955" 20:38:46.564243313
[2024-09-16T20:38:49Z INFO  dt_instance] received at 2024-09-16 20:38:49.069969988 UTC - from mc-4->source-7 "960" 20:38:49.068940704
[2024-09-16T20:38:51Z INFO  dt_instance] received at 2024-09-16 20:38:51.574391409 UTC - from mc-4->source-7 "965" 20:38:51.573402946
[2024-09-16T20:38:54Z INFO  dt_instance] received at 2024-09-16 20:38:54.079848702 UTC - from mc-4->source-7 "970" 20:38:54.078733567
[2024-09-16T20:38:56Z INFO  dt_instance] received at 2024-09-16 20:38:56.586603880 UTC - from mc-4->source-7 "975" 20:38:56.584675106
[2024-09-16T20:38:59Z INFO  dt_instance] received at 2024-09-16 20:38:59.091880527 UTC - from mc-4->source-7 "980" 20:38:59.090655507
[2024-09-16T20:39:01Z INFO  dt_instance] received at 2024-09-16 20:39:01.598359530 UTC - from mc-4->source-7 "985" 20:39:01.597119108
[2024-09-16T20:39:04Z INFO  dt_instance] received at 2024-09-16 20:39:04.103199503 UTC - from mc-4->source-7 "990" 20:39:04.102230477
[2024-09-16T20:39:06Z INFO  dt_instance] received at 2024-09-16 20:39:06.607775985 UTC - from mc-4->source-7 "995" 20:39:06.606926656
[2024-09-16T20:39:09Z INFO  dt_instance] received at 2024-09-16 20:39:09.113009160 UTC - from mc-4->source-7 "1000" 20:39:09.111543406
[2024-09-16T20:39:11Z INFO  dt_instance] received at 2024-09-16 20:39:11.618426247 UTC - from mc-4->source-7 "1005" 20:39:11.617229020
[2024-09-16T20:39:14Z INFO  dt_instance] received at 2024-09-16 20:39:14.125734200 UTC - from mc-4->source-7 "1010" 20:39:14.124334249
[2024-09-16T20:39:16Z INFO  dt_instance] received at 2024-09-16 20:39:16.631757696 UTC - from mc-4->source-7 "1015" 20:39:16.629712349
[2024-09-16T20:39:19Z INFO  dt_instance] received at 2024-09-16 20:39:19.135871642 UTC - from mc-4->source-7 "1020" 20:39:19.134547460
[2024-09-16T20:39:21Z INFO  dt_instance] received at 2024-09-16 20:39:21.641365158 UTC - from mc-4->source-7 "1025" 20:39:21.640326741
[2024-09-16T20:39:24Z INFO  dt_instance] received at 2024-09-16 20:39:24.147773541 UTC - from mc-4->source-7 "1030" 20:39:24.146464826
[2024-09-16T20:39:26Z INFO  dt_instance] received at 2024-09-16 20:39:26.653931565 UTC - from mc-4->source-7 "1035" 20:39:26.652933308
[2024-09-16T20:39:29Z INFO  dt_instance] received at 2024-09-16 20:39:29.159996653 UTC - from mc-4->source-7 "1040" 20:39:29.158253672
[2024-09-16T20:39:31Z INFO  dt_instance] received at 2024-09-16 20:39:31.664511563 UTC - from mc-4->source-7 "1045" 20:39:31.663580265
[2024-09-16T20:39:34Z INFO  dt_instance] received at 2024-09-16 20:39:34.170964482 UTC - from mc-4->source-7 "1050" 20:39:34.169985348
[2024-09-16T20:39:36Z INFO  dt_instance] received at 2024-09-16 20:39:36.676527306 UTC - from mc-4->source-7 "1055" 20:39:36.675207841
[2024-09-16T20:39:39Z INFO  dt_instance] received at 2024-09-16 20:39:39.183004040 UTC - from mc-4->source-7 "1060" 20:39:39.181984801
[2024-09-16T20:39:41Z INFO  dt_instance] received at 2024-09-16 20:39:41.687625995 UTC - from mc-4->source-7 "1065" 20:39:41.686417350
[2024-09-16T20:39:44Z INFO  dt_instance] received at 2024-09-16 20:39:44.193272457 UTC - from mc-4->source-7 "1070" 20:39:44.192118545
[2024-09-16T20:39:46Z INFO  dt_instance] received at 2024-09-16 20:39:46.697806070 UTC - from mc-4->source-7 "1075" 20:39:46.696439411
[2024-09-16T20:39:49Z INFO  dt_instance] received at 2024-09-16 20:39:49.204474782 UTC - from mc-4->source-7 "1080" 20:39:49.203306567
[2024-09-16T20:39:51Z INFO  dt_instance] received at 2024-09-16 20:39:51.709523797 UTC - from mc-4->source-7 "1085" 20:39:51.708326863
[2024-09-16T20:39:54Z INFO  dt_instance] received at 2024-09-16 20:39:54.216372280 UTC - from mc-4->source-7 "1090" 20:39:54.215135899
[2024-09-16T20:39:56Z INFO  dt_instance] received at 2024-09-16 20:39:56.721236941 UTC - from mc-4->source-7 "1095" 20:39:56.720236767
[2024-09-16T20:39:59Z INFO  dt_instance] received at 2024-09-16 20:39:59.225630062 UTC - from mc-4->source-7 "1100" 20:39:59.224345827
[2024-09-16T20:40:01Z INFO  dt_instance] received at 2024-09-16 20:40:01.730671159 UTC - from mc-4->source-7 "1105" 20:40:01.729387547
[2024-09-16T20:40:04Z INFO  dt_instance] received at 2024-09-16 20:40:04.235552824 UTC - from mc-4->source-7 "1110" 20:40:04.234324656
[2024-09-16T20:40:06Z INFO  dt_instance] received at 2024-09-16 20:40:06.741570813 UTC - from mc-4->source-2 "1116" 20:40:06.740444237
[2024-09-16T20:40:09Z INFO  dt_instance] received at 2024-09-16 20:40:09.247666934 UTC - from mc-4->source-2 "1121" 20:40:09.246336737
[2024-09-16T20:40:11Z INFO  dt_instance] received at 2024-09-16 20:40:11.753046587 UTC - from mc-4->source-2 "1126" 20:40:11.751921992
[2024-09-16T20:40:14Z INFO  dt_instance] received at 2024-09-16 20:40:14.258907981 UTC - from mc-4->source-2 "1131" 20:40:14.257949168
[2024-09-16T20:40:16Z INFO  dt_instance] received at 2024-09-16 20:40:16.765263830 UTC - from mc-4->source-2 "1136" 20:40:16.763987771
[2024-09-16T20:40:19Z INFO  dt_instance] received at 2024-09-16 20:40:19.272731674 UTC - from mc-4->source-2 "1141" 20:40:19.271248285
[2024-09-16T20:40:21Z INFO  dt_instance] received at 2024-09-16 20:40:21.777895056 UTC - from mc-4->source-2 "1146" 20:40:21.776823188
[2024-09-16T20:40:24Z INFO  dt_instance] received at 2024-09-16 20:40:24.287625227 UTC - from mc-4->source-2 "1151" 20:40:24.286002306
[2024-09-16T20:40:26Z INFO  dt_instance] received at 2024-09-16 20:40:26.791883425 UTC - from mc-4->source-2 "1156" 20:40:26.790642645
[2024-09-16T20:40:29Z INFO  dt_instance] received at 2024-09-16 20:40:29.298116654 UTC - from mc-4->source-2 "1161" 20:40:29.296805669
[2024-09-16T20:40:31Z INFO  dt_instance] received at 2024-09-16 20:40:31.803690859 UTC - from mc-4->source-2 "1166" 20:40:31.802656058
[2024-09-16T20:40:34Z INFO  dt_instance] received at 2024-09-16 20:40:34.309707555 UTC - from mc-4->source-2 "1171" 20:40:34.308470438
[2024-09-16T20:40:36Z INFO  dt_instance] received at 2024-09-16 20:40:36.815298489 UTC - from mc-4->source-2 "1176" 20:40:36.814218355
[2024-09-16T20:40:39Z INFO  dt_instance] received at 2024-09-16 20:40:39.319973382 UTC - from mc-4->source-2 "1181" 20:40:39.318932490
[2024-09-16T20:40:41Z INFO  dt_instance] received at 2024-09-16 20:40:41.824790125 UTC - from mc-4->source-2 "1186" 20:40:41.823767032
[2024-09-16T20:40:44Z INFO  dt_instance] received at 2024-09-16 20:40:44.330616274 UTC - from mc-4->source-2 "1191" 20:40:44.329351182
[2024-09-16T20:40:46Z INFO  dt_instance] received at 2024-09-16 20:40:46.836060862 UTC - from mc-4->source-2 "1196" 20:40:46.834908323
[2024-09-16T20:40:49Z INFO  dt_instance] received at 2024-09-16 20:40:49.340512142 UTC - from mc-4->source-2 "1201" 20:40:49.339542860
[2024-09-16T20:40:51Z INFO  dt_instance] received at 2024-09-16 20:40:51.846436531 UTC - from mc-4->source-2 "1206" 20:40:51.845386672
[2024-09-16T20:40:54Z INFO  dt_instance] received at 2024-09-16 20:40:54.351690844 UTC - from mc-4->source-2 "1211" 20:40:54.350385447
[2024-09-16T20:40:56Z INFO  dt_instance] received at 2024-09-16 20:40:56.856552975 UTC - from mc-4->source-2 "1216" 20:40:56.855393096
[2024-09-16T20:40:59Z INFO  dt_instance] received at 2024-09-16 20:40:59.362179509 UTC - from mc-4->source-2 "1221" 20:40:59.360699086
[2024-09-16T20:41:01Z INFO  dt_instance] received at 2024-09-16 20:41:01.867901679 UTC - from mc-4->source-2 "1226" 20:41:01.866807707
[2024-09-16T20:41:04Z INFO  dt_instance] received at 2024-09-16 20:41:04.375596436 UTC - from mc-4->source-2 "1231" 20:41:04.374498386
[2024-09-16T20:41:06Z INFO  dt_instance] received at 2024-09-16 20:41:06.881432824 UTC - from mc-4->source-2 "1236" 20:41:06.880415377
[2024-09-16T20:41:09Z INFO  dt_instance] received at 2024-09-16 20:41:09.388111769 UTC - from mc-4->source-2 "1241" 20:41:09.387016103
[2024-09-16T20:41:11Z INFO  dt_instance] received at 2024-09-16 20:41:11.892886084 UTC - from mc-4->source-2 "1246" 20:41:11.891760099
[2024-09-16T20:41:14Z INFO  dt_instance] received at 2024-09-16 20:41:14.398129951 UTC - from mc-4->source-2 "1251" 20:41:14.397139634
[2024-09-16T20:41:16Z INFO  dt_instance] received at 2024-09-16 20:41:16.902577207 UTC - from mc-4->source-2 "1256" 20:41:16.901570227
[2024-09-16T20:41:19Z INFO  dt_instance] received at 2024-09-16 20:41:19.408667559 UTC - from mc-4->source-2 "1261" 20:41:19.407649063
[2024-09-16T20:41:21Z INFO  dt_instance] received at 2024-09-16 20:41:21.914152466 UTC - from mc-4->source-2 "1266" 20:41:21.913082089
[2024-09-16T20:41:24Z INFO  dt_instance] received at 2024-09-16 20:41:24.420186748 UTC - from mc-4->source-2 "1271" 20:41:24.419171003
[2024-09-16T20:41:26Z INFO  dt_instance] received at 2024-09-16 20:41:26.926308245 UTC - from mc-4->source-2 "1276" 20:41:26.925158172
[2024-09-16T20:41:29Z INFO  dt_instance] received at 2024-09-16 20:41:29.431186 UTC - from mc-4->source-2 "1281" 20:41:29.430073436
[2024-09-16T20:41:31Z INFO  dt_instance] received at 2024-09-16 20:41:31.937194712 UTC - from mc-4->source-2 "1286" 20:41:31.935830911
[2024-09-16T20:41:34Z INFO  dt_instance] received at 2024-09-16 20:41:34.442878437 UTC - from mc-4->source-2 "1291" 20:41:34.441475731
[2024-09-16T20:41:36Z INFO  dt_instance] received at 2024-09-16 20:41:36.948578534 UTC - from mc-4->source-2 "1296" 20:41:36.947523815
[2024-09-16T20:41:39Z INFO  dt_instance] received at 2024-09-16 20:41:39.454355049 UTC - from mc-4->source-2 "1301" 20:41:39.453301762
[2024-09-16T20:41:41Z INFO  dt_instance] received at 2024-09-16 20:41:41.961710126 UTC - from mc-4->source-2 "1306" 20:41:41.960660288
[2024-09-16T20:41:44Z INFO  dt_instance] received at 2024-09-16 20:41:44.467455499 UTC - from mc-4->source-2 "1311" 20:41:44.466246644
[2024-09-16T20:41:46Z INFO  dt_instance] received at 2024-09-16 20:41:46.972633857 UTC - from mc-4->source-2 "1316" 20:41:46.971075787
[2024-09-16T20:41:49Z INFO  dt_instance] received at 2024-09-16 20:41:49.478425452 UTC - from mc-4->source-2 "1321" 20:41:49.477318966
[2024-09-16T20:41:51Z INFO  dt_instance] received at 2024-09-16 20:41:51.984312087 UTC - from mc-4->source-2 "1326" 20:41:51.983116232
[2024-09-16T20:41:54Z INFO  dt_instance] received at 2024-09-16 20:41:54.489046403 UTC - from mc-4->source-2 "1331" 20:41:54.487613956
[2024-09-16T20:41:56Z INFO  dt_instance] received at 2024-09-16 20:41:56.994060008 UTC - from mc-4->source-2 "1336" 20:41:56.992944683
[2024-09-16T20:41:59Z INFO  dt_instance] received at 2024-09-16 20:41:59.501672593 UTC - from mc-4->source-2 "1341" 20:41:59.500163120
[2024-09-16T20:42:02Z INFO  dt_instance] received at 2024-09-16 20:42:02.007965827 UTC - from mc-4->source-2 "1346" 20:42:02.006964994
[2024-09-16T20:42:04Z INFO  dt_instance] received at 2024-09-16 20:42:04.513437287 UTC - from mc-4->source-2 "1351" 20:42:04.512100754
[2024-09-16T20:42:07Z INFO  dt_instance] received at 2024-09-16 20:42:07.019740903 UTC - from mc-4->source-2 "1356" 20:42:07.018494998
[2024-09-16T20:42:09Z INFO  dt_instance] received at 2024-09-16 20:42:09.525082472 UTC - from mc-4->source-2 "1361" 20:42:09.523775775
[2024-09-16T20:42:12Z INFO  dt_instance] received at 2024-09-16 20:42:12.030304004 UTC - from mc-4->source-2 "1366" 20:42:12.029022601
[2024-09-16T20:42:14Z INFO  dt_instance] received at 2024-09-16 20:42:14.534538767 UTC - from mc-4->source-2 "1371" 20:42:14.533447706
[2024-09-16T20:42:17Z INFO  dt_instance] received at 2024-09-16 20:42:17.039704538 UTC - from mc-4->source-2 "1376" 20:42:17.038651559
[2024-09-16T20:42:19Z INFO  dt_instance] received at 2024-09-16 20:42:19.547321464 UTC - from mc-4->source-2 "1381" 20:42:19.546112762
[2024-09-16T20:42:22Z INFO  dt_instance] received at 2024-09-16 20:42:22.053012757 UTC - from mc-4->source-2 "1386" 20:42:22.051760539
[2024-09-16T20:42:24Z INFO  dt_instance] received at 2024-09-16 20:42:24.557670604 UTC - from mc-4->source-2 "1391" 20:42:24.556594448
[2024-09-16T20:42:27Z INFO  dt_instance] received at 2024-09-16 20:42:27.064387494 UTC - from mc-4->source-2 "1396" 20:42:27.063224954
[2024-09-16T20:42:29Z INFO  dt_instance] received at 2024-09-16 20:42:29.569709821 UTC - from mc-4->source-2 "1401" 20:42:29.568555713
[2024-09-16T20:42:32Z INFO  dt_instance] received at 2024-09-16 20:42:32.076884567 UTC - from mc-4->source-2 "1406" 20:42:32.075073221
[2024-09-16T20:42:34Z INFO  dt_instance] received at 2024-09-16 20:42:34.582613689 UTC - from mc-4->source-2 "1411" 20:42:34.581386681
[2024-09-16T20:42:37Z INFO  dt_instance] received at 2024-09-16 20:42:37.088208217 UTC - from mc-4->source-2 "1416" 20:42:37.086950158
[2024-09-16T20:42:39Z INFO  dt_instance] received at 2024-09-16 20:42:39.593869656 UTC - from mc-4->source-2 "1421" 20:42:39.592786078
[2024-09-16T20:42:42Z INFO  dt_instance] received at 2024-09-16 20:42:42.100160175 UTC - from mc-4->source-2 "1426" 20:42:42.099059279
[2024-09-16T20:42:44Z INFO  dt_instance] received at 2024-09-16 20:42:44.605521223 UTC - from mc-4->source-2 "1431" 20:42:44.604150596
[2024-09-16T20:42:47Z INFO  dt_instance] received at 2024-09-16 20:42:47.110517641 UTC - from mc-4->source-2 "1436" 20:42:47.109327687
[2024-09-16T20:42:49Z INFO  dt_instance] received at 2024-09-16 20:42:49.616894586 UTC - from mc-4->source-2 "1441" 20:42:49.615618742
[2024-09-16T20:42:52Z INFO  dt_instance] received at 2024-09-16 20:42:52.124055789 UTC - from mc-4->source-2 "1446" 20:42:52.123010533
[2024-09-16T20:42:54Z INFO  dt_instance] received at 2024-09-16 20:42:54.628409562 UTC - from mc-4->source-2 "1451" 20:42:54.627321406
[2024-09-16T20:42:57Z INFO  dt_instance] received at 2024-09-16 20:42:57.134197285 UTC - from mc-4->source-2 "1456" 20:42:57.133008634
[2024-09-16T20:42:59Z INFO  dt_instance] received at 2024-09-16 20:42:59.639451841 UTC - from mc-4->source-2 "1461" 20:42:59.638191085
[2024-09-16T20:43:02Z INFO  dt_instance] received at 2024-09-16 20:43:02.144856419 UTC - from mc-4->source-2 "1466" 20:43:02.143386911
[2024-09-16T20:43:04Z INFO  dt_instance] received at 2024-09-16 20:43:04.650541529 UTC - from mc-4->source-2 "1471" 20:43:04.649490974
[2024-09-16T20:43:07Z INFO  dt_instance] received at 2024-09-16 20:43:07.155442543 UTC - from mc-4->source-2 "1476" 20:43:07.154305570
[2024-09-16T20:43:09Z INFO  dt_instance] received at 2024-09-16 20:43:09.660841090 UTC - from mc-4->source-2 "1481" 20:43:09.659854307
[2024-09-16T20:43:12Z INFO  dt_instance] received at 2024-09-16 20:43:12.166902241 UTC - from mc-4->source-2 "1486" 20:43:12.165784137
[2024-09-16T20:43:14Z INFO  dt_instance] received at 2024-09-16 20:43:14.671547940 UTC - from mc-4->source-2 "1491" 20:43:14.670587203
[2024-09-16T20:43:17Z INFO  dt_instance] received at 2024-09-16 20:43:17.177594902 UTC - from mc-4->source-2 "1496" 20:43:17.176508548
[2024-09-16T20:43:19Z INFO  dt_instance] received at 2024-09-16 20:43:19.683143513 UTC - from mc-4->source-2 "1501" 20:43:19.682052146
[2024-09-16T20:43:22Z INFO  dt_instance] received at 2024-09-16 20:43:22.188110549 UTC - from mc-4->source-2 "1506" 20:43:22.187083461
[2024-09-16T20:43:24Z INFO  dt_instance] received at 2024-09-16 20:43:24.692988746 UTC - from mc-4->source-2 "1511" 20:43:24.691610772
[2024-09-16T20:43:27Z INFO  dt_instance] received at 2024-09-16 20:43:27.197928636 UTC - from mc-4->source-2 "1516" 20:43:27.196829189
[2024-09-16T20:43:29Z INFO  dt_instance] received at 2024-09-16 20:43:29.702814877 UTC - from mc-4->source-2 "1521" 20:43:29.701703953
[2024-09-16T20:43:32Z INFO  dt_instance] received at 2024-09-16 20:43:32.208943075 UTC - from mc-4->source-7 "1525" 20:43:32.207198741
[2024-09-16T20:43:34Z INFO  dt_instance] received at 2024-09-16 20:43:34.715378467 UTC - from mc-4->source-2 "1531" 20:43:34.714241782
[2024-09-16T20:43:37Z INFO  dt_instance] received at 2024-09-16 20:43:37.220868131 UTC - from mc-4->source-2 "1536" 20:43:37.219797612
[2024-09-16T20:43:39Z INFO  dt_instance] received at 2024-09-16 20:43:39.725829705 UTC - from mc-4->source-2 "1541" 20:43:39.724520975
[2024-09-16T20:43:42Z INFO  dt_instance] received at 2024-09-16 20:43:42.232791124 UTC - from mc-4->source-2 "1546" 20:43:42.231659264
[2024-09-16T20:43:44Z INFO  dt_instance] received at 2024-09-16 20:43:44.737352202 UTC - from mc-4->source-2 "1551" 20:43:44.736376901
[2024-09-16T20:43:47Z INFO  dt_instance] received at 2024-09-16 20:43:47.243613167 UTC - from mc-4->source-2 "1556" 20:43:47.242479178
[2024-09-16T20:43:49Z INFO  dt_instance] received at 2024-09-16 20:43:49.750524273 UTC - from mc-4->source-2 "1561" 20:43:49.749193157
[2024-09-16T20:43:52Z INFO  dt_instance] received at 2024-09-16 20:43:52.255445549 UTC - from mc-4->source-2 "1566" 20:43:52.254367701
[2024-09-16T20:43:54Z INFO  dt_instance] received at 2024-09-16 20:43:54.760442206 UTC - from mc-4->source-2 "1571" 20:43:54.759519270
[2024-09-16T20:43:57Z INFO  dt_instance] received at 2024-09-16 20:43:57.266118515 UTC - from mc-4->source-7 "1575" 20:43:57.264996383
[2024-09-16T20:43:59Z INFO  dt_instance] received at 2024-09-16 20:43:59.770695324 UTC - from mc-4->source-7 "1580" 20:43:59.769442633
[2024-09-16T20:44:02Z INFO  dt_instance] received at 2024-09-16 20:44:02.277363556 UTC - from mc-4->source-7 "1585" 20:44:02.275954951
[2024-09-16T20:44:04Z INFO  dt_instance] received at 2024-09-16 20:44:04.783315914 UTC - from mc-4->source-2 "1591" 20:44:04.782089207
[2024-09-16T20:44:07Z INFO  dt_instance] received at 2024-09-16 20:44:07.288335659 UTC - from mc-4->source-7 "1595" 20:44:07.286960930
[2024-09-16T20:44:09Z INFO  dt_instance] received at 2024-09-16 20:44:09.793100957 UTC - from mc-4->source-2 "1601" 20:44:09.791948356
[2024-09-16T20:44:12Z INFO  dt_instance] received at 2024-09-16 20:44:12.298983958 UTC - from mc-4->source-2 "1606" 20:44:12.297509542
[2024-09-16T20:44:14Z INFO  dt_instance] received at 2024-09-16 20:44:14.806312568 UTC - from mc-4->source-2 "1611" 20:44:14.805180779
[2024-09-16T20:44:17Z INFO  dt_instance] received at 2024-09-16 20:44:17.312258579 UTC - from mc-4->source-7 "1615" 20:44:17.311134358
[2024-09-16T20:44:19Z INFO  dt_instance] received at 2024-09-16 20:44:19.817557914 UTC - from mc-4->source-2 "1621" 20:44:19.816357427
[2024-09-16T20:44:22Z INFO  dt_instance] received at 2024-09-16 20:44:22.323436144 UTC - from mc-4->source-7 "1625" 20:44:22.321988773
[2024-09-16T20:44:24Z INFO  dt_instance] received at 2024-09-16 20:44:24.827824474 UTC - from mc-4->source-2 "1631" 20:44:24.826656102
[2024-09-16T20:44:27Z INFO  dt_instance] received at 2024-09-16 20:44:27.332668179 UTC - from mc-4->source-2 "1636" 20:44:27.331701015
[2024-09-16T20:44:29Z INFO  dt_instance] received at 2024-09-16 20:44:29.839280207 UTC - from mc-4->source-2 "1641" 20:44:29.837876714
[2024-09-16T20:44:32Z INFO  dt_instance] received at 2024-09-16 20:44:32.344228530 UTC - from mc-4->source-2 "1646" 20:44:32.342814865
[2024-09-16T20:44:34Z INFO  dt_instance] received at 2024-09-16 20:44:34.849124775 UTC - from mc-4->source-2 "1651" 20:44:34.847656811
[2024-09-16T20:44:37Z INFO  dt_instance] received at 2024-09-16 20:44:37.354547427 UTC - from mc-4->source-2 "1656" 20:44:37.353487004
[2024-09-16T20:44:39Z INFO  dt_instance] received at 2024-09-16 20:44:39.860092234 UTC - from mc-4->source-2 "1661" 20:44:39.858926693
[2024-09-16T20:44:42Z INFO  dt_instance] received at 2024-09-16 20:44:42.365426093 UTC - from mc-4->source-2 "1666" 20:44:42.363523085
[2024-09-16T20:44:44Z INFO  dt_instance] received at 2024-09-16 20:44:44.869891938 UTC - from mc-4->source-2 "1671" 20:44:44.868590548
[2024-09-16T20:44:47Z INFO  dt_instance] received at 2024-09-16 20:44:47.376146303 UTC - from mc-4->source-2 "1676" 20:44:47.375197091
[2024-09-16T20:44:49Z INFO  dt_instance] received at 2024-09-16 20:44:49.882543565 UTC - from mc-4->source-2 "1681" 20:44:49.881351898
[2024-09-16T20:44:52Z INFO  dt_instance] received at 2024-09-16 20:44:52.388064125 UTC - from mc-4->source-2 "1686" 20:44:52.386527268
[2024-09-16T20:44:54Z INFO  dt_instance] received at 2024-09-16 20:44:54.893457624 UTC - from mc-4->source-2 "1691" 20:44:54.892316682
[2024-09-16T20:44:57Z INFO  dt_instance] received at 2024-09-16 20:44:57.399182969 UTC - from mc-4->source-2 "1696" 20:44:57.398189682
[2024-09-16T20:44:59Z INFO  dt_instance] received at 2024-09-16 20:44:59.903426853 UTC - from mc-4->source-2 "1701" 20:44:59.902302011
[2024-09-16T20:45:02Z INFO  dt_instance] received at 2024-09-16 20:45:02.409521260 UTC - from mc-4->source-2 "1706" 20:45:02.408449063
[2024-09-16T20:45:04Z INFO  dt_instance] received at 2024-09-16 20:45:04.915118576 UTC - from mc-4->source-2 "1711" 20:45:04.913611166
[2024-09-16T20:45:07Z INFO  dt_instance] received at 2024-09-16 20:45:07.423010235 UTC - from mc-4->source-7 "1715" 20:45:07.421888405
[2024-09-16T20:45:09Z INFO  dt_instance] received at 2024-09-16 20:45:09.927646741 UTC - from mc-4->source-7 "1720" 20:45:09.926561410
[2024-09-16T20:45:12Z INFO  dt_instance] received at 2024-09-16 20:45:12.433976294 UTC - from mc-4->source-7 "1725" 20:45:12.432910203
[2024-09-16T20:45:14Z INFO  dt_instance] received at 2024-09-16 20:45:14.938680010 UTC - from mc-4->source-7 "1730" 20:45:14.937467523
[2024-09-16T20:45:17Z INFO  dt_instance] received at 2024-09-16 20:45:17.445295228 UTC - from mc-4->source-7 "1735" 20:45:17.443514418
[2024-09-16T20:45:19Z INFO  dt_instance] received at 2024-09-16 20:45:19.951457242 UTC - from mc-4->source-7 "1740" 20:45:19.950209842
[2024-09-16T20:45:22Z INFO  dt_instance] received at 2024-09-16 20:45:22.456737910 UTC - from mc-4->source-7 "1745" 20:45:22.455568066
[2024-09-16T20:45:24Z INFO  dt_instance] received at 2024-09-16 20:45:24.962974027 UTC - from mc-4->source-7 "1750" 20:45:24.961658031
[2024-09-16T20:45:27Z INFO  dt_instance] received at 2024-09-16 20:45:27.468021375 UTC - from mc-4->source-7 "1755" 20:45:27.466666412
[2024-09-16T20:45:29Z INFO  dt_instance] received at 2024-09-16 20:45:29.972439113 UTC - from mc-4->source-7 "1760" 20:45:29.971651948
[2024-09-16T20:45:32Z INFO  dt_instance] received at 2024-09-16 20:45:32.478373784 UTC - from mc-4->source-7 "1765" 20:45:32.477307033
[2024-09-16T20:45:34Z INFO  dt_instance] received at 2024-09-16 20:45:34.984000844 UTC - from mc-4->source-7 "1770" 20:45:34.982848266
[2024-09-16T20:45:37Z INFO  dt_instance] received at 2024-09-16 20:45:37.489504822 UTC - from mc-4->source-7 "1775" 20:45:37.488361851
[2024-09-16T20:45:39Z INFO  dt_instance] received at 2024-09-16 20:45:39.995636194 UTC - from mc-4->source-7 "1780" 20:45:39.994449846
[2024-09-16T20:45:42Z INFO  dt_instance] received at 2024-09-16 20:45:42.501138936 UTC - from mc-4->source-7 "1785" 20:45:42.500025680
[2024-09-16T20:45:45Z INFO  dt_instance] received at 2024-09-16 20:45:45.006170439 UTC - from mc-4->source-7 "1790" 20:45:45.004830279
[2024-09-16T20:45:47Z INFO  dt_instance] received at 2024-09-16 20:45:47.511031386 UTC - from mc-4->source-7 "1795" 20:45:47.509661769
[2024-09-16T20:45:50Z INFO  dt_instance] received at 2024-09-16 20:45:50.016494550 UTC - from mc-4->source-7 "1800" 20:45:50.015135900
[2024-09-16T20:45:52Z INFO  dt_instance] received at 2024-09-16 20:45:52.520404415 UTC - from mc-4->source-7 "1805" 20:45:52.519333350
[2024-09-16T20:45:55Z INFO  dt_instance] received at 2024-09-16 20:45:55.025977812 UTC - from mc-4->source-7 "1810" 20:45:55.024835922
[2024-09-16T20:45:57Z INFO  dt_instance] received at 2024-09-16 20:45:57.530689193 UTC - from mc-4->source-7 "1815" 20:45:57.529619037
[2024-09-16T20:46:00Z INFO  dt_instance] received at 2024-09-16 20:46:00.036201549 UTC - from mc-4->source-7 "1820" 20:46:00.035239403
[2024-09-16T20:46:02Z INFO  dt_instance] received at 2024-09-16 20:46:02.543690354 UTC - from mc-4->source-7 "1825" 20:46:02.542309800
[2024-09-16T20:46:05Z INFO  dt_instance] received at 2024-09-16 20:46:05.048402795 UTC - from mc-4->source-7 "1830" 20:46:05.047526656
[2024-09-16T20:46:07Z INFO  dt_instance] received at 2024-09-16 20:46:07.554534957 UTC - from mc-4->source-7 "1835" 20:46:07.553411985
[2024-09-16T20:46:10Z INFO  dt_instance] received at 2024-09-16 20:46:10.059873251 UTC - from mc-4->source-7 "1840" 20:46:10.058769858
[2024-09-16T20:46:12Z INFO  dt_instance] received at 2024-09-16 20:46:12.567659521 UTC - from mc-4->source-7 "1845" 20:46:12.565541704
[2024-09-16T20:46:15Z INFO  dt_instance] received at 2024-09-16 20:46:15.073063474 UTC - from mc-4->source-7 "1850" 20:46:15.071598043
[2024-09-16T20:46:17Z INFO  dt_instance] received at 2024-09-16 20:46:17.579420245 UTC - from mc-4->source-2 "1856" 20:46:17.578015319
[2024-09-16T20:46:20Z INFO  dt_instance] received at 2024-09-16 20:46:20.084703768 UTC - from mc-4->source-2 "1861" 20:46:20.083540545
[2024-09-16T20:46:22Z INFO  dt_instance] received at 2024-09-16 20:46:22.591119497 UTC - from mc-4->source-7 "1865" 20:46:22.589785781
[2024-09-16T20:46:25Z INFO  dt_instance] received at 2024-09-16 20:46:25.096237540 UTC - from mc-4->source-7 "1870" 20:46:25.094734833
[2024-09-16T20:46:27Z INFO  dt_instance] received at 2024-09-16 20:46:27.601271791 UTC - from mc-4->source-7 "1875" 20:46:27.599941327
[2024-09-16T20:46:30Z INFO  dt_instance] received at 2024-09-16 20:46:30.107864896 UTC - from mc-4->source-2 "1881" 20:46:30.106494565
[2024-09-16T20:46:32Z INFO  dt_instance] received at 2024-09-16 20:46:32.615620844 UTC - from mc-4->source-2 "1886" 20:46:32.614252834
[2024-09-16T20:46:35Z INFO  dt_instance] received at 2024-09-16 20:46:35.120639611 UTC - from mc-4->source-2 "1891" 20:46:35.118714562
[2024-09-16T20:46:37Z INFO  dt_instance] received at 2024-09-16 20:46:37.626530809 UTC - from mc-4->source-2 "1896" 20:46:37.625433494
[2024-09-16T20:46:40Z INFO  dt_instance] received at 2024-09-16 20:46:40.133521406 UTC - from mc-4->source-2 "1901" 20:46:40.132480009
[2024-09-16T20:46:42Z INFO  dt_instance] received at 2024-09-16 20:46:42.640337615 UTC - from mc-4->source-2 "1906" 20:46:42.639181361
[2024-09-16T20:46:45Z INFO  dt_instance] received at 2024-09-16 20:46:45.146172245 UTC - from mc-4->source-2 "1911" 20:46:45.145112392
[2024-09-16T20:46:47Z INFO  dt_instance] received at 2024-09-16 20:46:47.652396319 UTC - from mc-4->source-2 "1916" 20:46:47.651223619
[2024-09-16T20:46:50Z INFO  dt_instance] received at 2024-09-16 20:46:50.158193675 UTC - from mc-4->source-2 "1921" 20:46:50.157087952
[2024-09-16T20:46:52Z INFO  dt_instance] received at 2024-09-16 20:46:52.664443720 UTC - from mc-4->source-2 "1926" 20:46:52.663332797
[2024-09-16T20:46:55Z INFO  dt_instance] received at 2024-09-16 20:46:55.170009372 UTC - from mc-4->source-2 "1931" 20:46:55.168816006
[2024-09-16T20:46:57Z INFO  dt_instance] received at 2024-09-16 20:46:57.676007101 UTC - from mc-4->source-2 "1936" 20:46:57.674105166
[2024-09-16T20:47:00Z INFO  dt_instance] received at 2024-09-16 20:47:00.180886516 UTC - from mc-4->source-2 "1941" 20:47:00.179260436
[2024-09-16T20:47:02Z INFO  dt_instance] received at 2024-09-16 20:47:02.684838211 UTC - from mc-4->source-2 "1946" 20:47:02.683501506
[2024-09-16T20:47:05Z INFO  dt_instance] received at 2024-09-16 20:47:05.190121448 UTC - from mc-4->source-2 "1951" 20:47:05.188846683
[2024-09-16T20:47:07Z INFO  dt_instance] received at 2024-09-16 20:47:07.697083420 UTC - from mc-4->source-2 "1956" 20:47:07.695212092
[2024-09-16T20:47:10Z INFO  dt_instance] received at 2024-09-16 20:47:10.201090108 UTC - from mc-4->source-2 "1961" 20:47:10.199816416
[2024-09-16T20:47:12Z INFO  dt_instance] received at 2024-09-16 20:47:12.706924738 UTC - from mc-4->source-2 "1966" 20:47:12.705646593
[2024-09-16T20:47:15Z INFO  dt_instance] received at 2024-09-16 20:47:15.214859789 UTC - from mc-4->source-2 "1971" 20:47:15.213155950
[2024-09-16T20:47:17Z INFO  dt_instance] received at 2024-09-16 20:47:17.719405555 UTC - from mc-4->source-2 "1976" 20:47:17.718220200
[2024-09-16T20:47:20Z INFO  dt_instance] received at 2024-09-16 20:47:20.225067466 UTC - from mc-4->source-2 "1981" 20:47:20.223735142
[2024-09-16T20:47:22Z INFO  dt_instance] received at 2024-09-16 20:47:22.729428578 UTC - from mc-4->source-2 "1986" 20:47:22.728387345
[2024-09-16T20:47:25Z INFO  dt_instance] received at 2024-09-16 20:47:25.236889346 UTC - from mc-4->source-2 "1991" 20:47:25.235615220
[2024-09-16T20:47:27Z INFO  dt_instance] received at 2024-09-16 20:47:27.743408800 UTC - from mc-4->source-2 "1996" 20:47:27.741714776
