INFO:Starting Version 1.0.5
DEBUG:Using selector: EpollSelector
INFO:Connecting to cluster at: mqtt-quic://emqx-headless.dtwins:14567 using QUIC
INFO:Subscribed to topic: type-3/0
INFO:Subscribed to topic: type-3/1
INFO:Subscribed to topic: type-3/2
INFO:Subscribed to topic: type-3/3
INFO:Subscribed to topic: type-3/4
INFO:Subscribed to topic: type-3/5
INFO:Subscribed to topic: type-3/6
INFO:Subscribed to topic: type-3/7
INFO:Subscribed to topic: type-3/8
INFO:Subscribed to topic: type-3/9
INFO:Logging each: 100
INFO:Unhandled packet type received
INFO:Message received on topic: type-3/1 with payload size: 116 at 2024-12-19 01:15:11.758342 sent 2024-12-19 01:15:11.755363
INFO:Message received on topic: type-3/0 with payload size: 98 at 2024-12-19 01:15:14.959312 sent 2024-12-19 01:15:14.956543
INFO:Message received on topic: type-3/4 with payload size: 109 at 2024-12-19 01:15:17.457277 sent 2024-12-19 01:15:17.454373
INFO:Message received on topic: type-3/4 with payload size: 152 at 2024-12-19 01:15:19.490126 sent 2024-12-19 01:15:19.486906
INFO:Message received on topic: type-3/2 with payload size: 108 at 2024-12-19 01:15:21.419613 sent 2024-12-19 01:15:21.416628
INFO:Message received on topic: type-3/4 with payload size: 119 at 2024-12-19 01:15:23.141880 sent 2024-12-19 01:15:23.138858
INFO:Message received on topic: type-3/2 with payload size: 113 at 2024-12-19 01:15:24.767286 sent 2024-12-19 01:15:24.764852
INFO:Message received on topic: type-3/6 with payload size: 115 at 2024-12-19 01:15:26.256970 sent 2024-12-19 01:15:26.253202
INFO:Message received on topic: type-3/5 with payload size: 122 at 2024-12-19 01:15:27.676346 sent 2024-12-19 01:15:27.673348
INFO:Message received on topic: type-3/2 with payload size: 143 at 2024-12-19 01:15:28.922850 sent 2024-12-19 01:15:28.919989
INFO:Message received on topic: type-3/1 with payload size: 151 at 2024-12-19 01:15:30.214711 sent 2024-12-19 01:15:30.212744
INFO:Message received on topic: type-3/2 with payload size: 141 at 2024-12-19 01:15:31.357489 sent 2024-12-19 01:15:31.353754
INFO:Message received on topic: type-3/3 with payload size: 144 at 2024-12-19 01:15:32.512896 sent 2024-12-19 01:15:32.510024
INFO:Message received on topic: type-3/0 with payload size: 152 at 2024-12-19 01:15:33.617359 sent 2024-12-19 01:15:33.613885
INFO:Message received on topic: type-3/3 with payload size: 107 at 2024-12-19 01:15:34.639012 sent 2024-12-19 01:15:34.636978
INFO:Message received on topic: type-3/6 with payload size: 154 at 2024-12-19 01:15:35.691281 sent 2024-12-19 01:15:35.687656
INFO:Message received on topic: type-3/5 with payload size: 91 at 2024-12-19 01:15:36.707501 sent 2024-12-19 01:15:36.704509
INFO:Message received on topic: type-3/1 with payload size: 154 at 2024-12-19 01:15:37.720054 sent 2024-12-19 01:15:37.716026
INFO:Message received on topic: type-3/7 with payload size: 137 at 2024-12-19 01:15:38.734618 sent 2024-12-19 01:15:38.730473
INFO:Message received on topic: type-3/8 with payload size: 128 at 2024-12-19 01:15:39.749359 sent 2024-12-19 01:15:39.746743
INFO:Message received on topic: type-3/9 with payload size: 100 at 2024-12-19 01:15:40.765036 sent 2024-12-19 01:15:40.762169
INFO:Message received on topic: type-3/4 with payload size: 115 at 2024-12-19 01:15:41.781152 sent 2024-12-19 01:15:41.778972
INFO:Message received on topic: type-3/2 with payload size: 144 at 2024-12-19 01:15:42.798046 sent 2024-12-19 01:15:42.795303
INFO:Message received on topic: type-3/0 with payload size: 110 at 2024-12-19 01:15:43.856132 sent 2024-12-19 01:15:43.853343
INFO:Message received on topic: type-3/3 with payload size: 101 at 2024-12-19 01:15:44.871614 sent 2024-12-19 01:15:44.869028
INFO:Message received on topic: type-3/6 with payload size: 97 at 2024-12-19 01:15:45.927356 sent 2024-12-19 01:15:45.911744
INFO:Message received on topic: type-3/5 with payload size: 117 at 2024-12-19 01:15:46.933060 sent 2024-12-19 01:15:46.929216
INFO:Message received on topic: type-3/1 with payload size: 129 at 2024-12-19 01:15:47.947356 sent 2024-12-19 01:15:47.943682
INFO:Message received on topic: type-3/8 with payload size: 137 at 2024-12-19 01:15:48.966188 sent 2024-12-19 01:15:48.963546
INFO:Message received on topic: type-3/8 with payload size: 148 at 2024-12-19 01:15:49.993378 sent 2024-12-19 01:15:49.974602
INFO:Message received on topic: type-3/9 with payload size: 94 at 2024-12-19 01:15:51.000910 sent 2024-12-19 01:15:50.998109
INFO:Message received on topic: type-3/2 with payload size: 107 at 2024-12-19 01:15:52.040941 sent 2024-12-19 01:15:52.018638
INFO:Message received on topic: type-3/4 with payload size: 118 at 2024-12-19 01:15:53.040116 sent 2024-12-19 01:15:53.037222
INFO:Message received on topic: type-3/3 with payload size: 116 at 2024-12-19 01:15:54.090053 sent 2024-12-19 01:15:54.083104
INFO:Message received on topic: type-3/0 with payload size: 91 at 2024-12-19 01:15:55.101812 sent 2024-12-19 01:15:55.098803
INFO:Message received on topic: type-3/1 with payload size: 139 at 2024-12-19 01:15:56.165372 sent 2024-12-19 01:15:56.162659
INFO:Message received on topic: type-3/5 with payload size: 117 at 2024-12-19 01:15:57.227901 sent 2024-12-19 01:15:57.175585
INFO:Message received on topic: type-3/1 with payload size: 149 at 2024-12-19 01:15:58.231187 sent 2024-12-19 01:15:58.189456
INFO:Message received on topic: type-3/8 with payload size: 112 at 2024-12-19 01:15:59.246202 sent 2024-12-19 01:15:59.212055
INFO:Message received on topic: type-3/6 with payload size: 143 at 2024-12-19 01:16:00.241875 sent 2024-12-19 01:16:00.226620
INFO:Message received on topic: type-3/9 with payload size: 134 at 2024-12-19 01:16:01.251885 sent 2024-12-19 01:16:01.248225
INFO:Message received on topic: type-3/4 with payload size: 121 at 2024-12-19 01:16:02.303059 sent 2024-12-19 01:16:02.264449
INFO:Message received on topic: type-3/5 with payload size: 137 at 2024-12-19 01:16:03.337292 sent 2024-12-19 01:16:03.271297
INFO:Message received on topic: type-3/0 with payload size: 101 at 2024-12-19 01:16:04.341294 sent 2024-12-19 01:16:04.332412
INFO:Message received on topic: type-3/3 with payload size: 139 at 2024-12-19 01:16:05.392599 sent 2024-12-19 01:16:05.359584
INFO:Message received on topic: type-3/1 with payload size: 133 at 2024-12-19 01:16:06.436553 sent 2024-12-19 01:16:06.405021
INFO:Message received on topic: type-3/6 with payload size: 109 at 2024-12-19 01:16:07.438154 sent 2024-12-19 01:16:07.428326
INFO:Message received on topic: type-3/9 with payload size: 93 at 2024-12-19 01:16:08.492195 sent 2024-12-19 01:16:08.447541
INFO:Message received on topic: type-3/4 with payload size: 98 at 2024-12-19 01:16:09.492004 sent 2024-12-19 01:16:09.466928
INFO:Message received on topic: type-3/8 with payload size: 106 at 2024-12-19 01:16:10.536355 sent 2024-12-19 01:16:10.479275
INFO:Message received on topic: type-3/8 with payload size: 118 at 2024-12-19 01:16:11.530621 sent 2024-12-19 01:16:11.494456
INFO:Message received on topic: type-3/5 with payload size: 109 at 2024-12-19 01:16:12.542293 sent 2024-12-19 01:16:12.516440
INFO:Message received on topic: type-3/2 with payload size: 143 at 2024-12-19 01:16:13.549483 sent 2024-12-19 01:16:13.538683
INFO:Message received on topic: type-3/0 with payload size: 103 at 2024-12-19 01:16:14.605766 sent 2024-12-19 01:16:14.584838
INFO:Message received on topic: type-3/3 with payload size: 147 at 2024-12-19 01:16:15.633471 sent 2024-12-19 01:16:15.605800
INFO:Message received on topic: type-3/9 with payload size: 138 at 2024-12-19 01:16:16.693433 sent 2024-12-19 01:16:16.665393
INFO:Message received on topic: type-3/9 with payload size: 114 at 2024-12-19 01:16:17.753169 sent 2024-12-19 01:16:17.678751
INFO:Message received on topic: type-3/6 with payload size: 99 at 2024-12-19 01:16:18.741877 sent 2024-12-19 01:16:18.694642
INFO:Message received on topic: type-3/6 with payload size: 105 at 2024-12-19 01:16:19.746362 sent 2024-12-19 01:16:19.710565
INFO:Message received on topic: type-3/8 with payload size: 116 at 2024-12-19 01:16:20.747346 sent 2024-12-19 01:16:20.741103
INFO:Message received on topic: type-3/4 with payload size: 149 at 2024-12-19 01:16:21.843617 sent 2024-12-19 01:16:21.758799
INFO:Message received on topic: type-3/7 with payload size: 120 at 2024-12-19 01:16:22.800668 sent 2024-12-19 01:16:22.765651
INFO:Message received on topic: type-3/0 with payload size: 92 at 2024-12-19 01:16:23.850725 sent 2024-12-19 01:16:23.830935
INFO:Message received on topic: type-3/0 with payload size: 122 at 2024-12-19 01:16:24.936860 sent 2024-12-19 01:16:24.850413
INFO:Message received on topic: type-3/0 with payload size: 128 at 2024-12-19 01:16:25.896325 sent 2024-12-19 01:16:25.864121
INFO:Message received on topic: type-3/1 with payload size: 154 at 2024-12-19 01:16:26.931869 sent 2024-12-19 01:16:26.908384
INFO:Message received on topic: type-3/4 with payload size: 153 at 2024-12-19 01:16:27.991217 sent 2024-12-19 01:16:27.952889
INFO:Message received on topic: type-3/7 with payload size: 96 at 2024-12-19 01:16:29.042675 sent 2024-12-19 01:16:28.973708
INFO:Message received on topic: type-3/9 with payload size: 149 at 2024-12-19 01:16:30.030985 sent 2024-12-19 01:16:29.991001
INFO:Message received on topic: type-3/9 with payload size: 112 at 2024-12-19 01:16:31.042878 sent 2024-12-19 01:16:31.007066
INFO:Message received on topic: type-3/9 with payload size: 117 at 2024-12-19 01:16:32.045796 sent 2024-12-19 01:16:32.020398
INFO:Message received on topic: type-3/8 with payload size: 131 at 2024-12-19 01:16:33.096118 sent 2024-12-19 01:16:33.055645
INFO:Message received on topic: type-3/2 with payload size: 125 at 2024-12-19 01:16:34.153371 sent 2024-12-19 01:16:34.071907
INFO:Message received on topic: type-3/3 with payload size: 102 at 2024-12-19 01:16:35.146137 sent 2024-12-19 01:16:35.118231
INFO:Message received on topic: type-3/0 with payload size: 126 at 2024-12-19 01:16:36.240213 sent 2024-12-19 01:16:36.143633
INFO:Message received on topic: type-3/4 with payload size: 144 at 2024-12-19 01:16:37.235820 sent 2024-12-19 01:16:37.191326
INFO:Message received on topic: type-3/4 with payload size: 139 at 2024-12-19 01:16:38.262195 sent 2024-12-19 01:16:38.203659
INFO:Message received on topic: type-3/4 with payload size: 126 at 2024-12-19 01:16:39.296373 sent 2024-12-19 01:16:39.215642
INFO:Message received on topic: type-3/9 with payload size: 126 at 2024-12-19 01:16:40.301554 sent 2024-12-19 01:16:40.264521
INFO:Message received on topic: type-3/9 with payload size: 150 at 2024-12-19 01:16:41.340446 sent 2024-12-19 01:16:41.280696
INFO:Message received on topic: type-3/7 with payload size: 126 at 2024-12-19 01:16:42.358141 sent 2024-12-19 01:16:42.291999
INFO:Message received on topic: type-3/2 with payload size: 145 at 2024-12-19 01:16:43.355700 sent 2024-12-19 01:16:43.327926
INFO:Message received on topic: type-3/2 with payload size: 134 at 2024-12-19 01:16:44.401488 sent 2024-12-19 01:16:44.350829
INFO:Message received on topic: type-3/3 with payload size: 123 at 2024-12-19 01:16:45.443810 sent 2024-12-19 01:16:45.390096
INFO:Message received on topic: type-3/0 with payload size: 95 at 2024-12-19 01:16:46.458535 sent 2024-12-19 01:16:46.405857
INFO:Message received on topic: type-3/1 with payload size: 116 at 2024-12-19 01:16:47.492962 sent 2024-12-19 01:16:47.447378
INFO:Message received on topic: type-3/9 with payload size: 95 at 2024-12-19 01:16:48.553302 sent 2024-12-19 01:16:48.500148
INFO:Message received on topic: type-3/9 with payload size: 125 at 2024-12-19 01:16:49.631170 sent 2024-12-19 01:16:49.514229
INFO:Message received on topic: type-3/1 with payload size: 113 at 2024-12-19 01:16:50.557627 sent 2024-12-19 01:16:50.515327
INFO:Message received on topic: type-3/6 with payload size: 121 at 2024-12-19 01:16:51.595417 sent 2024-12-19 01:16:51.555824
INFO:Message received on topic: type-3/6 with payload size: 110 at 2024-12-19 01:16:52.649533 sent 2024-12-19 01:16:52.569338
INFO:Message received on topic: type-3/7 with payload size: 99 at 2024-12-19 01:16:53.692816 sent 2024-12-19 01:16:53.620939
INFO:Message received on topic: type-3/0 with payload size: 133 at 2024-12-19 01:16:54.661203 sent 2024-12-19 01:16:54.630386
INFO:Message received on topic: type-3/7 with payload size: 120 at 2024-12-19 01:16:55.744260 sent 2024-12-19 01:16:55.658487
INFO:Message received on topic: type-3/2 with payload size: 123 at 2024-12-19 01:16:56.753015 sent 2024-12-19 01:16:56.666993
INFO:Message received on topic: type-3/2 with payload size: 112 at 2024-12-19 01:16:57.799279 sent 2024-12-19 01:16:57.680585
INFO:Message received on topic: type-3/1 with payload size: 100 at 2024-12-19 01:16:58.846423 sent 2024-12-19 01:16:58.770613
INFO:Message received on topic: type-3/8 with payload size: 154 at 2024-12-19 01:16:59.932379 sent 2024-12-19 01:16:59.719384
INFO:Message received on topic: type-3/9 with payload size: 100 at 2024-12-19 01:17:00.934370 sent 2024-12-19 01:17:00.803963
INFO:Message received on topic: type-3/3 with payload size: 100 at 2024-12-19 01:17:01.887832 sent 2024-12-19 01:17:01.783135
INFO:Message received on topic: type-3/0 with payload size: 106 at 2024-12-19 01:17:02.951667 sent 2024-12-19 01:17:02.873900
INFO:Message received on topic: type-3/3 with payload size: 112 at 2024-12-19 01:17:03.949689 sent 2024-12-19 01:17:03.919084
INFO:Message received on topic: type-3/2 with payload size: 115 at 2024-12-19 01:17:05.061231 sent 2024-12-19 01:17:04.905991
INFO:Message received on topic: type-3/0 with payload size: 114 at 2024-12-19 01:17:05.987506 sent 2024-12-19 01:17:05.920402
INFO:Message received on topic: type-3/9 with payload size: 104 at 2024-12-19 01:17:07.052189 sent 2024-12-19 01:17:07.004309
INFO:Message received on topic: type-3/6 with payload size: 144 at 2024-12-19 01:17:08.130173 sent 2024-12-19 01:17:08.035145
INFO:Message received on topic: type-3/9 with payload size: 145 at 2024-12-19 01:17:09.145638 sent 2024-12-19 01:17:09.031199
INFO:Message received on topic: type-3/2 with payload size: 143 at 2024-12-19 01:17:10.154611 sent 2024-12-19 01:17:10.087813
INFO:Message received on topic: type-3/0 with payload size: 148 at 2024-12-19 01:17:11.158458 sent 2024-12-19 01:17:11.110506
INFO:Message received on topic: type-3/0 with payload size: 138 at 2024-12-19 01:17:12.244025 sent 2024-12-19 01:17:12.124526
INFO:Message received on topic: type-3/9 with payload size: 98 at 2024-12-19 01:17:13.211229 sent 2024-12-19 01:17:13.122751
INFO:Message received on topic: type-3/6 with payload size: 121 at 2024-12-19 01:17:14.260705 sent 2024-12-19 01:17:14.169579
INFO:Message received on topic: type-3/1 with payload size: 109 at 2024-12-19 01:17:15.296610 sent 2024-12-19 01:17:15.234405
INFO:Message received on topic: type-3/8 with payload size: 98 at 2024-12-19 01:17:16.346109 sent 2024-12-19 01:17:16.254453
INFO:Message received on topic: type-3/8 with payload size: 93 at 2024-12-19 01:17:17.350087 sent 2024-12-19 01:17:17.270045
INFO:Message received on topic: type-3/4 with payload size: 96 at 2024-12-19 01:17:18.398377 sent 2024-12-19 01:17:18.314538
INFO:Message received on topic: type-3/8 with payload size: 117 at 2024-12-19 01:17:19.453852 sent 2024-12-19 01:17:19.299796
INFO:Message received on topic: type-3/5 with payload size: 143 at 2024-12-19 01:17:20.447317 sent 2024-12-19 01:17:20.362134
INFO:Message received on topic: type-3/6 with payload size: 95 at 2024-12-19 01:17:21.506013 sent 2024-12-19 01:17:21.392496
INFO:Message received on topic: type-3/2 with payload size: 134 at 2024-12-19 01:17:22.501508 sent 2024-12-19 01:17:22.396276
INFO:Message received on topic: type-3/0 with payload size: 94 at 2024-12-19 01:17:23.498571 sent 2024-12-19 01:17:23.418851
INFO:Message received on topic: type-3/9 with payload size: 93 at 2024-12-19 01:17:24.550181 sent 2024-12-19 01:17:24.442826
INFO:Message received on topic: type-3/7 with payload size: 103 at 2024-12-19 01:17:25.554631 sent 2024-12-19 01:17:25.475037
INFO:Message received on topic: type-3/8 with payload size: 121 at 2024-12-19 01:17:26.601710 sent 2024-12-19 01:17:26.515665
INFO:Message received on topic: type-3/3 with payload size: 128 at 2024-12-19 01:17:27.647546 sent 2024-12-19 01:17:27.564159
INFO:Message received on topic: type-3/1 with payload size: 116 at 2024-12-19 01:17:28.695107 sent 2024-12-19 01:17:28.589936
INFO:Message received on topic: type-3/5 with payload size: 113 at 2024-12-19 01:17:29.662654 sent 2024-12-19 01:17:29.621118
INFO:Message received on topic: type-3/2 with payload size: 93 at 2024-12-19 01:17:30.704222 sent 2024-12-19 01:17:30.640873
INFO:Message received on topic: type-3/9 with payload size: 114 at 2024-12-19 01:17:31.748715 sent 2024-12-19 01:17:31.675781
INFO:Message received on topic: type-3/7 with payload size: 155 at 2024-12-19 01:17:32.836927 sent 2024-12-19 01:17:32.705181
INFO:Message received on topic: type-3/7 with payload size: 92 at 2024-12-19 01:17:33.804371 sent 2024-12-19 01:17:33.719746
INFO:Message received on topic: type-3/0 with payload size: 123 at 2024-12-19 01:17:34.850439 sent 2024-12-19 01:17:34.749656
INFO:Message received on topic: type-3/0 with payload size: 131 at 2024-12-19 01:17:35.857536 sent 2024-12-19 01:17:35.766299
INFO:Message received on topic: type-3/0 with payload size: 128 at 2024-12-19 01:17:36.930043 sent 2024-12-19 01:17:36.780743
INFO:Message received on topic: type-3/7 with payload size: 104 at 2024-12-19 01:17:37.948714 sent 2024-12-19 01:17:37.896007
INFO:Message received on topic: type-3/6 with payload size: 119 at 2024-12-19 01:17:39.002262 sent 2024-12-19 01:17:38.916710
INFO:Message received on topic: type-3/3 with payload size: 109 at 2024-12-19 01:17:40.032441 sent 2024-12-19 01:17:39.908610
INFO:Message received on topic: type-3/2 with payload size: 107 at 2024-12-19 01:17:41.044108 sent 2024-12-19 01:17:40.961595
INFO:Message received on topic: type-3/7 with payload size: 94 at 2024-12-19 01:17:42.054860 sent 2024-12-19 01:17:41.990567
INFO:Message received on topic: type-3/0 with payload size: 133 at 2024-12-19 01:17:43.058419 sent 2024-12-19 01:17:42.990927
INFO:Message received on topic: type-3/1 with payload size: 139 at 2024-12-19 01:17:44.101681 sent 2024-12-19 01:17:43.979200
INFO:Message received on topic: type-3/9 with payload size: 140 at 2024-12-19 01:17:45.141417 sent 2024-12-19 01:17:45.050503
INFO:Message received on topic: type-3/8 with payload size: 143 at 2024-12-19 01:17:46.155092 sent 2024-12-19 01:17:46.072197
INFO:Message received on topic: type-3/2 with payload size: 101 at 2024-12-19 01:17:47.252487 sent 2024-12-19 01:17:47.074743
INFO:Message received on topic: type-3/5 with payload size: 97 at 2024-12-19 01:17:48.253122 sent 2024-12-19 01:17:48.184079
INFO:Message received on topic: type-3/6 with payload size: 143 at 2024-12-19 01:17:49.335489 sent 2024-12-19 01:17:49.196810
INFO:Message received on topic: type-3/5 with payload size: 142 at 2024-12-19 01:17:50.292990 sent 2024-12-19 01:17:50.223973
INFO:Message received on topic: type-3/0 with payload size: 148 at 2024-12-19 01:17:51.302857 sent 2024-12-19 01:17:51.241354
INFO:Message received on topic: type-3/2 with payload size: 98 at 2024-12-19 01:17:52.360660 sent 2024-12-19 01:17:52.268215
INFO:Message received on topic: type-3/9 with payload size: 153 at 2024-12-19 01:17:53.352404 sent 2024-12-19 01:17:53.310016
INFO:Message received on topic: type-3/7 with payload size: 111 at 2024-12-19 01:17:54.407459 sent 2024-12-19 01:17:54.321535
INFO:Message received on topic: type-3/8 with payload size: 118 at 2024-12-19 01:17:55.405940 sent 2024-12-19 01:17:55.329841
INFO:Message received on topic: type-3/7 with payload size: 114 at 2024-12-19 01:17:56.450512 sent 2024-12-19 01:17:56.364059
INFO:Message received on topic: type-3/9 with payload size: 123 at 2024-12-19 01:17:57.489153 sent 2024-12-19 01:17:57.383566
INFO:Message received on topic: type-3/3 with payload size: 143 at 2024-12-19 01:17:58.549655 sent 2024-12-19 01:17:58.463763
INFO:Message received on topic: type-3/6 with payload size: 140 at 2024-12-19 01:17:59.552989 sent 2024-12-19 01:17:59.489562
INFO:Message received on topic: type-3/6 with payload size: 118 at 2024-12-19 01:18:00.638917 sent 2024-12-19 01:18:00.506017
INFO:Message received on topic: type-3/2 with payload size: 137 at 2024-12-19 01:18:01.638684 sent 2024-12-19 01:18:01.545015
INFO:Message received on topic: type-3/0 with payload size: 100 at 2024-12-19 01:18:02.650135 sent 2024-12-19 01:18:02.567833
INFO:Message received on topic: type-3/9 with payload size: 146 at 2024-12-19 01:18:03.697746 sent 2024-12-19 01:18:03.624531
INFO:Message received on topic: type-3/5 with payload size: 113 at 2024-12-19 01:18:04.759508 sent 2024-12-19 01:18:04.621781
INFO:Message received on topic: type-3/4 with payload size: 141 at 2024-12-19 01:18:05.740222 sent 2024-12-19 01:18:05.642590
INFO:Message received on topic: type-3/3 with payload size: 99 at 2024-12-19 01:18:06.829387 sent 2024-12-19 01:18:06.714960
INFO:Message received on topic: type-3/3 with payload size: 100 at 2024-12-19 01:18:07.788802 sent 2024-12-19 01:18:07.734439
INFO:Message received on topic: type-3/0 with payload size: 149 at 2024-12-19 01:18:08.827527 sent 2024-12-19 01:18:08.673205
INFO:Message received on topic: type-3/2 with payload size: 132 at 2024-12-19 01:18:09.848733 sent 2024-12-19 01:18:09.785079
INFO:Message received on topic: type-3/8 with payload size: 119 at 2024-12-19 01:18:10.891106 sent 2024-12-19 01:18:10.813569
INFO:Message received on topic: type-3/8 with payload size: 136 at 2024-12-19 01:18:11.899612 sent 2024-12-19 01:18:11.826553
INFO:Message received on topic: type-3/8 with payload size: 113 at 2024-12-19 01:18:12.941882 sent 2024-12-19 01:18:12.857514
INFO:Message received on topic: type-3/6 with payload size: 136 at 2024-12-19 01:18:13.955580 sent 2024-12-19 01:18:13.863809
INFO:Message received on topic: type-3/7 with payload size: 96 at 2024-12-19 01:18:15.008443 sent 2024-12-19 01:18:14.937010
INFO:Message received on topic: type-3/5 with payload size: 115 at 2024-12-19 01:18:16.003537 sent 2024-12-19 01:18:15.936601
INFO:Message received on topic: type-3/1 with payload size: 117 at 2024-12-19 01:18:17.047635 sent 2024-12-19 01:18:16.989798
INFO:Message received on topic: type-3/4 with payload size: 131 at 2024-12-19 01:18:18.050218 sent 2024-12-19 01:18:17.968164
INFO:Message received on topic: type-3/1 with payload size: 100 at 2024-12-19 01:18:19.148372 sent 2024-12-19 01:18:19.041142
INFO:Message received on topic: type-3/3 with payload size: 132 at 2024-12-19 01:18:20.142563 sent 2024-12-19 01:18:20.061721
INFO:Message received on topic: type-3/3 with payload size: 108 at 2024-12-19 01:18:21.155446 sent 2024-12-19 01:18:21.079603
INFO:Message received on topic: type-3/0 with payload size: 117 at 2024-12-19 01:18:22.206573 sent 2024-12-19 01:18:22.103656
INFO:Message received on topic: type-3/8 with payload size: 96 at 2024-12-19 01:18:23.195470 sent 2024-12-19 01:18:23.126857
INFO:Message received on topic: type-3/5 with payload size: 121 at 2024-12-19 01:18:24.235556 sent 2024-12-19 01:18:24.186768
INFO:Message received on topic: type-3/4 with payload size: 132 at 2024-12-19 01:18:25.251127 sent 2024-12-19 01:18:25.181214
INFO:Message received on topic: type-3/9 with payload size: 130 at 2024-12-19 01:18:26.329818 sent 2024-12-19 01:18:26.219481
INFO:Message received on topic: type-3/1 with payload size: 101 at 2024-12-19 01:18:27.335711 sent 2024-12-19 01:18:27.284869
INFO:Message received on topic: type-3/9 with payload size: 112 at 2024-12-19 01:18:28.399042 sent 2024-12-19 01:18:28.254099
INFO:Message received on topic: type-3/1 with payload size: 99 at 2024-12-19 01:18:29.389167 sent 2024-12-19 01:18:29.324292
INFO:Message received on topic: type-3/1 with payload size: 116 at 2024-12-19 01:18:30.403375 sent 2024-12-19 01:18:30.350980
INFO:Message received on topic: type-3/3 with payload size: 98 at 2024-12-19 01:18:31.445064 sent 2024-12-19 01:18:31.368502
INFO:Message received on topic: type-3/8 with payload size: 94 at 2024-12-19 01:18:32.496816 sent 2024-12-19 01:18:32.412316
INFO:Message received on topic: type-3/6 with payload size: 116 at 2024-12-19 01:18:33.493168 sent 2024-12-19 01:18:33.416421
INFO:Message received on topic: type-3/2 with payload size: 140 at 2024-12-19 01:18:34.541606 sent 2024-12-19 01:18:34.437305
INFO:Message received on topic: type-3/8 with payload size: 133 at 2024-12-19 01:18:35.545115 sent 2024-12-19 01:18:35.464075
INFO:Message received on topic: type-3/8 with payload size: 147 at 2024-12-19 01:18:36.645479 sent 2024-12-19 01:18:36.482699
INFO:Message received on topic: type-3/7 with payload size: 100 at 2024-12-19 01:18:37.599199 sent 2024-12-19 01:18:37.544949
INFO:Message received on topic: type-3/7 with payload size: 149 at 2024-12-19 01:18:38.639835 sent 2024-12-19 01:18:38.561095
INFO:Message received on topic: type-3/0 with payload size: 95 at 2024-12-19 01:18:39.733442 sent 2024-12-19 01:18:39.605385
INFO:Message received on topic: type-3/1 with payload size: 93 at 2024-12-19 01:18:40.695496 sent 2024-12-19 01:18:40.611725
INFO:Message received on topic: type-3/0 with payload size: 138 at 2024-12-19 01:18:41.731470 sent 2024-12-19 01:18:41.643588
INFO:Message received on topic: type-3/4 with payload size: 101 at 2024-12-19 01:18:42.745816 sent 2024-12-19 01:18:42.683527
INFO:Message received on topic: type-3/6 with payload size: 130 at 2024-12-19 01:18:43.790547 sent 2024-12-19 01:18:43.688592
INFO:Message received on topic: type-3/4 with payload size: 115 at 2024-12-19 01:18:44.847873 sent 2024-12-19 01:18:44.716146
INFO:Message received on topic: type-3/8 with payload size: 128 at 2024-12-19 01:18:45.793781 sent 2024-12-19 01:18:45.736698
INFO:Message received on topic: type-3/9 with payload size: 141 at 2024-12-19 01:18:46.846969 sent 2024-12-19 01:18:46.786857
INFO:Message received on topic: type-3/7 with payload size: 125 at 2024-12-19 01:18:47.896049 sent 2024-12-19 01:18:47.812401
INFO:Message received on topic: type-3/5 with payload size: 112 at 2024-12-19 01:18:48.931166 sent 2024-12-19 01:18:48.839865
INFO:Message received on topic: type-3/1 with payload size: 117 at 2024-12-19 01:18:49.960689 sent 2024-12-19 01:18:49.921793
INFO:Message received on topic: type-3/1 with payload size: 130 at 2024-12-19 01:18:51.036507 sent 2024-12-19 01:18:50.943666
INFO:Message received on topic: type-3/4 with payload size: 122 at 2024-12-19 01:18:52.052277 sent 2024-12-19 01:18:51.991506
INFO:Message received on topic: type-3/9 with payload size: 141 at 2024-12-19 01:18:53.045411 sent 2024-12-19 01:18:53.015767
INFO:Message received on topic: type-3/0 with payload size: 103 at 2024-12-19 01:18:54.129678 sent 2024-12-19 01:18:54.044389
INFO:Message received on topic: type-3/4 with payload size: 133 at 2024-12-19 01:18:55.145415 sent 2024-12-19 01:18:55.064663
INFO:Message received on topic: type-3/2 with payload size: 131 at 2024-12-19 01:18:56.189600 sent 2024-12-19 01:18:56.102345
INFO:Message received on topic: type-3/6 with payload size: 120 at 2024-12-19 01:18:57.235634 sent 2024-12-19 01:18:57.092222
INFO:Message received on topic: type-3/9 with payload size: 153 at 2024-12-19 01:18:58.271884 sent 2024-12-19 01:18:58.152134
INFO:Message received on topic: type-3/9 with payload size: 110 at 2024-12-19 01:18:59.246048 sent 2024-12-19 01:18:59.191101
INFO:Message received on topic: type-3/1 with payload size: 119 at 2024-12-19 01:19:00.333593 sent 2024-12-19 01:19:00.213909
INFO:Message received on topic: type-3/6 with payload size: 142 at 2024-12-19 01:19:01.354587 sent 2024-12-19 01:19:01.291285
INFO:Message received on topic: type-3/8 with payload size: 93 at 2024-12-19 01:19:02.442631 sent 2024-12-19 01:19:02.317040
INFO:Message received on topic: type-3/6 with payload size: 118 at 2024-12-19 01:19:03.405913 sent 2024-12-19 01:19:03.337150
INFO:Message received on topic: type-3/9 with payload size: 105 at 2024-12-19 01:19:04.453196 sent 2024-12-19 01:19:04.386532
INFO:Message received on topic: type-3/0 with payload size: 122 at 2024-12-19 01:19:05.448319 sent 2024-12-19 01:19:05.393074
INFO:Message received on topic: type-3/5 with payload size: 135 at 2024-12-19 01:19:06.495956 sent 2024-12-19 01:19:06.409479
INFO:Message received on topic: type-3/3 with payload size: 127 at 2024-12-19 01:19:07.554421 sent 2024-12-19 01:19:07.473422
INFO:Message received on topic: type-3/5 with payload size: 154 at 2024-12-19 01:19:08.545920 sent 2024-12-19 01:19:08.450476
INFO:Message received on topic: type-3/2 with payload size: 120 at 2024-12-19 01:19:09.601090 sent 2024-12-19 01:19:09.468614
INFO:Message received on topic: type-3/0 with payload size: 143 at 2024-12-19 01:19:10.594863 sent 2024-12-19 01:19:10.474816
INFO:Message received on topic: type-3/6 with payload size: 140 at 2024-12-19 01:19:11.640897 sent 2024-12-19 01:19:11.584940
INFO:Message received on topic: type-3/4 with payload size: 122 at 2024-12-19 01:19:12.728606 sent 2024-12-19 01:19:12.593167
INFO:Message received on topic: type-3/8 with payload size: 119 at 2024-12-19 01:19:13.698626 sent 2024-12-19 01:19:13.630195
INFO:Message received on topic: type-3/8 with payload size: 140 at 2024-12-19 01:19:14.746378 sent 2024-12-19 01:19:14.652948
INFO:Message received on topic: type-3/8 with payload size: 135 at 2024-12-19 01:19:15.746056 sent 2024-12-19 01:19:15.670332
INFO:Message received on topic: type-3/9 with payload size: 92 at 2024-12-19 01:19:16.807298 sent 2024-12-19 01:19:16.710861
INFO:Message received on topic: type-3/5 with payload size: 93 at 2024-12-19 01:19:17.849578 sent 2024-12-19 01:19:17.723953
INFO:Message received on topic: type-3/5 with payload size: 155 at 2024-12-19 01:19:18.856403 sent 2024-12-19 01:19:18.756488
INFO:Message received on topic: type-3/7 with payload size: 149 at 2024-12-19 01:19:19.901863 sent 2024-12-19 01:19:19.772161
INFO:Message received on topic: type-3/3 with payload size: 111 at 2024-12-19 01:19:20.897360 sent 2024-12-19 01:19:20.709581
INFO:Message received on topic: type-3/9 with payload size: 112 at 2024-12-19 01:19:21.945730 sent 2024-12-19 01:19:21.830697
INFO:Message received on topic: type-3/3 with payload size: 120 at 2024-12-19 01:19:23.000295 sent 2024-12-19 01:19:22.866651
INFO:Message received on topic: type-3/8 with payload size: 151 at 2024-12-19 01:19:23.953478 sent 2024-12-19 01:19:23.920566
INFO:Message received on topic: type-3/4 with payload size: 155 at 2024-12-19 01:19:25.033597 sent 2024-12-19 01:19:24.937522
INFO:Message received on topic: type-3/8 with payload size: 133 at 2024-12-19 01:19:26.046388 sent 2024-12-19 01:19:25.966975
INFO:Message received on topic: type-3/1 with payload size: 99 at 2024-12-19 01:19:27.096474 sent 2024-12-19 01:19:26.992718
INFO:Message received on topic: type-3/5 with payload size: 131 at 2024-12-19 01:19:28.102480 sent 2024-12-19 01:19:28.012447
INFO:Message received on topic: type-3/5 with payload size: 139 at 2024-12-19 01:19:29.134162 sent 2024-12-19 01:19:29.023745
INFO:Message received on topic: type-3/7 with payload size: 120 at 2024-12-19 01:19:30.154441 sent 2024-12-19 01:19:30.060870
INFO:Message received on topic: type-3/7 with payload size: 136 at 2024-12-19 01:19:31.203693 sent 2024-12-19 01:19:31.075527
INFO:Message received on topic: type-3/9 with payload size: 113 at 2024-12-19 01:19:32.255925 sent 2024-12-19 01:19:32.141568
INFO:Message received on topic: type-3/3 with payload size: 123 at 2024-12-19 01:19:33.293714 sent 2024-12-19 01:19:33.166095
INFO:Message received on topic: type-3/3 with payload size: 124 at 2024-12-19 01:19:34.254107 sent 2024-12-19 01:19:34.179919
INFO:Message received on topic: type-3/8 with payload size: 109 at 2024-12-19 01:19:35.309821 sent 2024-12-19 01:19:35.218652
INFO:Message received on topic: type-3/0 with payload size: 135 at 2024-12-19 01:19:36.339631 sent 2024-12-19 01:19:36.251072
INFO:Message received on topic: type-3/7 with payload size: 116 at 2024-12-19 01:19:37.392522 sent 2024-12-19 01:19:37.180824
INFO:Message received on topic: type-3/2 with payload size: 113 at 2024-12-19 01:19:38.449825 sent 2024-12-19 01:19:38.303483
INFO:Message received on topic: type-3/8 with payload size: 123 at 2024-12-19 01:19:39.434291 sent 2024-12-19 01:19:39.385930
INFO:Message received on topic: type-3/6 with payload size: 155 at 2024-12-19 01:19:40.447036 sent 2024-12-19 01:19:40.278691
INFO:Message received on topic: type-3/9 with payload size: 93 at 2024-12-19 01:19:41.536830 sent 2024-12-19 01:19:41.415965
INFO:Message received on topic: type-3/2 with payload size: 125 at 2024-12-19 01:19:42.551967 sent 2024-12-19 01:19:42.371635
INFO:Message received on topic: type-3/4 with payload size: 133 at 2024-12-19 01:19:43.599768 sent 2024-12-19 01:19:43.459607
INFO:Message received on topic: type-3/3 with payload size: 133 at 2024-12-19 01:19:44.540959 sent 2024-12-19 01:19:44.483774
INFO:Message received on topic: type-3/0 with payload size: 152 at 2024-12-19 01:19:45.632942 sent 2024-12-19 01:19:45.521200
INFO:Message received on topic: type-3/0 with payload size: 116 at 2024-12-19 01:19:46.653498 sent 2024-12-19 01:19:46.540082
INFO:Message received on topic: type-3/0 with payload size: 91 at 2024-12-19 01:19:47.648499 sent 2024-12-19 01:19:47.558545
INFO:Message received on topic: type-3/7 with payload size: 108 at 2024-12-19 01:19:48.703130 sent 2024-12-19 01:19:48.591504
INFO:Message received on topic: type-3/5 with payload size: 100 at 2024-12-19 01:19:49.803175 sent 2024-12-19 01:19:49.632291
INFO:Message received on topic: type-3/6 with payload size: 102 at 2024-12-19 01:19:50.753662 sent 2024-12-19 01:19:50.679408
INFO:Message received on topic: type-3/6 with payload size: 110 at 2024-12-19 01:19:51.747542 sent 2024-12-19 01:19:51.705539
INFO:Message received on topic: type-3/6 with payload size: 122 at 2024-12-19 01:19:52.839886 sent 2024-12-19 01:19:52.717950
INFO:Message received on topic: type-3/4 with payload size: 111 at 2024-12-19 01:19:53.855429 sent 2024-12-19 01:19:53.747193
INFO:Message received on topic: type-3/3 with payload size: 135 at 2024-12-19 01:19:54.896166 sent 2024-12-19 01:19:54.761218
INFO:Message received on topic: type-3/1 with payload size: 128 at 2024-12-19 01:19:55.893417 sent 2024-12-19 01:19:55.806825
INFO:Message received on topic: type-3/2 with payload size: 113 at 2024-12-19 01:19:56.945337 sent 2024-12-19 01:19:56.864763
INFO:Message received on topic: type-3/8 with payload size: 138 at 2024-12-19 01:19:57.953295 sent 2024-12-19 01:19:57.845602
INFO:Message received on topic: type-3/3 with payload size: 146 at 2024-12-19 01:19:59.038184 sent 2024-12-19 01:19:58.924560
INFO:Message received on topic: type-3/6 with payload size: 142 at 2024-12-19 01:20:00.003800 sent 2024-12-19 01:19:59.950047
INFO:Message received on topic: type-3/0 with payload size: 114 at 2024-12-19 01:20:01.097940 sent 2024-12-19 01:20:00.991859
INFO:Message received on topic: type-3/4 with payload size: 150 at 2024-12-19 01:20:02.056535 sent 2024-12-19 01:20:01.991959
INFO:Message received on topic: type-3/4 with payload size: 132 at 2024-12-19 01:20:03.099034 sent 2024-12-19 01:20:03.010443
INFO:Message received on topic: type-3/5 with payload size: 110 at 2024-12-19 01:20:04.137152 sent 2024-12-19 01:20:04.015176
INFO:Message received on topic: type-3/9 with payload size: 91 at 2024-12-19 01:20:05.151778 sent 2024-12-19 01:20:05.063995
INFO:Message received on topic: type-3/9 with payload size: 146 at 2024-12-19 01:20:06.201318 sent 2024-12-19 01:20:06.077398
INFO:Message received on topic: type-3/2 with payload size: 136 at 2024-12-19 01:20:07.242375 sent 2024-12-19 01:20:07.147901
INFO:Message received on topic: type-3/7 with payload size: 91 at 2024-12-19 01:20:08.233985 sent 2024-12-19 01:20:08.154838
INFO:Message received on topic: type-3/8 with payload size: 129 at 2024-12-19 01:20:09.331071 sent 2024-12-19 01:20:09.246917
INFO:Message received on topic: type-3/0 with payload size: 101 at 2024-12-19 01:20:10.253062 sent 2024-12-19 01:20:10.157281
INFO:Message received on topic: type-3/6 with payload size: 142 at 2024-12-19 01:20:11.335920 sent 2024-12-19 01:20:11.244830
INFO:Message received on topic: type-3/6 with payload size: 114 at 2024-12-19 01:20:12.350111 sent 2024-12-19 01:20:12.262511
INFO:Message received on topic: type-3/9 with payload size: 132 at 2024-12-19 01:20:13.404665 sent 2024-12-19 01:20:13.292416
INFO:Message received on topic: type-3/9 with payload size: 111 at 2024-12-19 01:20:14.395057 sent 2024-12-19 01:20:14.312292
INFO:Message received on topic: type-3/3 with payload size: 140 at 2024-12-19 01:20:15.401631 sent 2024-12-19 01:20:15.338628
INFO:Message received on topic: type-3/0 with payload size: 153 at 2024-12-19 01:20:16.455192 sent 2024-12-19 01:20:16.377716
INFO:Message received on topic: type-3/8 with payload size: 141 at 2024-12-19 01:20:17.501772 sent 2024-12-19 01:20:17.403369
INFO:Message received on topic: type-3/8 with payload size: 106 at 2024-12-19 01:20:18.492103 sent 2024-12-19 01:20:18.417311
INFO:Message received on topic: type-3/6 with payload size: 138 at 2024-12-19 01:20:19.589369 sent 2024-12-19 01:20:19.479934
INFO:Message received on topic: type-3/2 with payload size: 137 at 2024-12-19 01:20:20.635516 sent 2024-12-19 01:20:20.499485
INFO:Message received on topic: type-3/2 with payload size: 126 at 2024-12-19 01:20:21.647382 sent 2024-12-19 01:20:21.519676
INFO:Message received on topic: type-3/9 with payload size: 96 at 2024-12-19 01:20:22.650720 sent 2024-12-19 01:20:22.558570
INFO:Message received on topic: type-3/9 with payload size: 116 at 2024-12-19 01:20:23.739440 sent 2024-12-19 01:20:23.573867
INFO:Message received on topic: type-3/6 with payload size: 108 at 2024-12-19 01:20:24.653434 sent 2024-12-19 01:20:24.577829
INFO:Message received on topic: type-3/3 with payload size: 104 at 2024-12-19 01:20:25.703979 sent 2024-12-19 01:20:25.615710
INFO:Message received on topic: type-3/1 with payload size: 147 at 2024-12-19 01:20:26.753163 sent 2024-12-19 01:20:26.563862
INFO:Message received on topic: type-3/8 with payload size: 137 at 2024-12-19 01:20:27.791409 sent 2024-12-19 01:20:27.690420
INFO:Message received on topic: type-3/8 with payload size: 105 at 2024-12-19 01:20:28.796150 sent 2024-12-19 01:20:28.706113
INFO:Message received on topic: type-3/6 with payload size: 105 at 2024-12-19 01:20:29.934392 sent 2024-12-19 01:20:29.775033
INFO:Message received on topic: type-3/6 with payload size: 98 at 2024-12-19 01:20:30.904906 sent 2024-12-19 01:20:30.796537
INFO:Message received on topic: type-3/5 with payload size: 145 at 2024-12-19 01:20:31.902996 sent 2024-12-19 01:20:31.823434
INFO:Message received on topic: type-3/1 with payload size: 128 at 2024-12-19 01:20:32.946753 sent 2024-12-19 01:20:32.772837
INFO:Message received on topic: type-3/5 with payload size: 151 at 2024-12-19 01:20:33.946223 sent 2024-12-19 01:20:33.864681
INFO:Message received on topic: type-3/6 with payload size: 114 at 2024-12-19 01:20:35.037877 sent 2024-12-19 01:20:34.878838
INFO:Message received on topic: type-3/5 with payload size: 137 at 2024-12-19 01:20:36.034669 sent 2024-12-19 01:20:35.903193
INFO:Message received on topic: type-3/8 with payload size: 145 at 2024-12-19 01:20:37.052550 sent 2024-12-19 01:20:36.946067
INFO:Message received on topic: type-3/3 with payload size: 117 at 2024-12-19 01:20:38.094213 sent 2024-12-19 01:20:37.974041
INFO:Message received on topic: type-3/0 with payload size: 155 at 2024-12-19 01:20:39.130490 sent 2024-12-19 01:20:38.994903
INFO:Message received on topic: type-3/7 with payload size: 153 at 2024-12-19 01:20:40.152847 sent 2024-12-19 01:20:40.056381
INFO:Message received on topic: type-3/8 with payload size: 113 at 2024-12-19 01:20:41.200581 sent 2024-12-19 01:20:41.130526
INFO:Message received on topic: type-3/6 with payload size: 96 at 2024-12-19 01:20:42.236964 sent 2024-12-19 01:20:42.131960
INFO:Message received on topic: type-3/1 with payload size: 92 at 2024-12-19 01:20:43.248782 sent 2024-12-19 01:20:43.172043
INFO:Message received on topic: type-3/7 with payload size: 91 at 2024-12-19 01:20:44.301950 sent 2024-12-19 01:20:44.247351
INFO:Message received on topic: type-3/1 with payload size: 134 at 2024-12-19 01:20:45.400058 sent 2024-12-19 01:20:45.204217
INFO:Message received on topic: type-3/8 with payload size: 119 at 2024-12-19 01:20:46.401074 sent 2024-12-19 01:20:46.228901
INFO:Message received on topic: type-3/9 with payload size: 153 at 2024-12-19 01:20:47.355580 sent 2024-12-19 01:20:47.322790
INFO:Message received on topic: type-3/0 with payload size: 106 at 2024-12-19 01:20:48.352637 sent 2024-12-19 01:20:48.292905
INFO:Message received on topic: type-3/4 with payload size: 121 at 2024-12-19 01:20:49.445475 sent 2024-12-19 01:20:49.356528
INFO:Message received on topic: type-3/5 with payload size: 95 at 2024-12-19 01:20:50.446525 sent 2024-12-19 01:20:50.396068
INFO:Message received on topic: type-3/9 with payload size: 99 at 2024-12-19 01:20:51.504957 sent 2024-12-19 01:20:51.411429
INFO:Message received on topic: type-3/4 with payload size: 105 at 2024-12-19 01:20:52.557143 sent 2024-12-19 01:20:52.413009
INFO:Message received on topic: type-3/5 with payload size: 128 at 2024-12-19 01:20:53.550847 sent 2024-12-19 01:20:53.458871
INFO:Message received on topic: type-3/3 with payload size: 120 at 2024-12-19 01:20:54.629786 sent 2024-12-19 01:20:54.451065
INFO:Message received on topic: type-3/0 with payload size: 154 at 2024-12-19 01:20:55.632321 sent 2024-12-19 01:20:55.520358
INFO:Message received on topic: type-3/5 with payload size: 113 at 2024-12-19 01:20:56.632813 sent 2024-12-19 01:20:56.513330
INFO:Message received on topic: type-3/2 with payload size: 139 at 2024-12-19 01:20:57.701049 sent 2024-12-19 01:20:57.543551
INFO:Message received on topic: type-3/7 with payload size: 137 at 2024-12-19 01:20:58.740681 sent 2024-12-19 01:20:58.635676
INFO:Message received on topic: type-3/8 with payload size: 106 at 2024-12-19 01:20:59.747300 sent 2024-12-19 01:20:59.569998
INFO:Message received on topic: type-3/3 with payload size: 148 at 2024-12-19 01:21:00.745050 sent 2024-12-19 01:21:00.677744
INFO:Message received on topic: type-3/3 with payload size: 137 at 2024-12-19 01:21:01.809790 sent 2024-12-19 01:21:01.700431
INFO:Message received on topic: type-3/4 with payload size: 94 at 2024-12-19 01:21:02.814568 sent 2024-12-19 01:21:02.716745
INFO:Message received on topic: type-3/8 with payload size: 142 at 2024-12-19 01:21:03.849937 sent 2024-12-19 01:21:03.755479
INFO:Message received on topic: type-3/0 with payload size: 129 at 2024-12-19 01:21:04.902740 sent 2024-12-19 01:21:04.783548
INFO:Message received on topic: type-3/3 with payload size: 151 at 2024-12-19 01:21:05.998402 sent 2024-12-19 01:21:05.774574
INFO:Message received on topic: type-3/5 with payload size: 116 at 2024-12-19 01:21:06.945083 sent 2024-12-19 01:21:06.851325
INFO:Message received on topic: type-3/7 with payload size: 124 at 2024-12-19 01:21:07.943661 sent 2024-12-19 01:21:07.884863
INFO:Message received on topic: type-3/7 with payload size: 123 at 2024-12-19 01:21:09.037477 sent 2024-12-19 01:21:08.902320
INFO:Message received on topic: type-3/3 with payload size: 108 at 2024-12-19 01:21:10.049431 sent 2024-12-19 01:21:09.946787
INFO:Message received on topic: type-3/4 with payload size: 93 at 2024-12-19 01:21:11.037683 sent 2024-12-19 01:21:10.971643
INFO:Message received on topic: type-3/1 with payload size: 154 at 2024-12-19 01:21:12.110455 sent 2024-12-19 01:21:11.919226
INFO:Message received on topic: type-3/7 with payload size: 98 at 2024-12-19 01:21:13.141401 sent 2024-12-19 01:21:13.074425
INFO:Message received on topic: type-3/5 with payload size: 116 at 2024-12-19 01:21:14.206457 sent 2024-12-19 01:21:14.080718
INFO:Message received on topic: type-3/1 with payload size: 121 at 2024-12-19 01:21:15.155733 sent 2024-12-19 01:21:15.077951
INFO:Message received on topic: type-3/6 with payload size: 98 at 2024-12-19 01:21:16.211651 sent 2024-12-19 01:21:16.100191
INFO:Message received on topic: type-3/0 with payload size: 135 at 2024-12-19 01:21:17.238710 sent 2024-12-19 01:21:17.129440
INFO:Message received on topic: type-3/5 with payload size: 118 at 2024-12-19 01:21:18.293969 sent 2024-12-19 01:21:18.152996
INFO:Message received on topic: type-3/0 with payload size: 151 at 2024-12-19 01:21:19.249787 sent 2024-12-19 01:21:19.178424
INFO:Message received on topic: type-3/3 with payload size: 127 at 2024-12-19 01:21:20.337438 sent 2024-12-19 01:21:20.229060
INFO:Message received on topic: type-3/7 with payload size: 107 at 2024-12-19 01:21:21.348676 sent 2024-12-19 01:21:21.255619
INFO:Message received on topic: type-3/6 with payload size: 129 at 2024-12-19 01:21:22.442599 sent 2024-12-19 01:21:22.323029
INFO:Message received on topic: type-3/9 with payload size: 138 at 2024-12-19 01:21:23.449498 sent 2024-12-19 01:21:23.360768
INFO:Message received on topic: type-3/9 with payload size: 134 at 2024-12-19 01:21:24.444559 sent 2024-12-19 01:21:24.378452
INFO:Message received on topic: type-3/1 with payload size: 150 at 2024-12-19 01:21:25.539199 sent 2024-12-19 01:21:25.375963
INFO:Message received on topic: type-3/2 with payload size: 132 at 2024-12-19 01:21:26.534527 sent 2024-12-19 01:21:26.425571
INFO:Message received on topic: type-3/9 with payload size: 111 at 2024-12-19 01:21:27.542994 sent 2024-12-19 01:21:27.435136
INFO:Message received on topic: type-3/7 with payload size: 145 at 2024-12-19 01:21:28.597829 sent 2024-12-19 01:21:28.476813
INFO:Message received on topic: type-3/4 with payload size: 97 at 2024-12-19 01:21:29.605399 sent 2024-12-19 01:21:29.494825
INFO:Message received on topic: type-3/4 with payload size: 115 at 2024-12-19 01:21:30.609043 sent 2024-12-19 01:21:30.512852
INFO:Message received on topic: type-3/1 with payload size: 146 at 2024-12-19 01:21:31.649536 sent 2024-12-19 01:21:31.589398
INFO:Message received on topic: type-3/2 with payload size: 95 at 2024-12-19 01:21:32.694395 sent 2024-12-19 01:21:32.565371
INFO:Message received on topic: type-3/5 with payload size: 124 at 2024-12-19 01:21:33.734921 sent 2024-12-19 01:21:33.626355
INFO:Message received on topic: type-3/9 with payload size: 91 at 2024-12-19 01:21:34.797543 sent 2024-12-19 01:21:34.674078
INFO:Message received on topic: type-3/5 with payload size: 126 at 2024-12-19 01:21:35.802597 sent 2024-12-19 01:21:35.666701
INFO:Message received on topic: type-3/0 with payload size: 100 at 2024-12-19 01:21:36.800126 sent 2024-12-19 01:21:36.709833
INFO:Message received on topic: type-3/9 with payload size: 104 at 2024-12-19 01:21:37.844691 sent 2024-12-19 01:21:37.728780
INFO:Message received on topic: type-3/0 with payload size: 127 at 2024-12-19 01:21:38.854947 sent 2024-12-19 01:21:38.768997
INFO:Message received on topic: type-3/4 with payload size: 118 at 2024-12-19 01:21:39.932387 sent 2024-12-19 01:21:39.810290
INFO:Message received on topic: type-3/3 with payload size: 119 at 2024-12-19 01:21:40.947780 sent 2024-12-19 01:21:40.842764
INFO:Message received on topic: type-3/7 with payload size: 132 at 2024-12-19 01:21:41.999208 sent 2024-12-19 01:21:41.852833
INFO:Message received on topic: type-3/1 with payload size: 126 at 2024-12-19 01:21:42.996184 sent 2024-12-19 01:21:42.911099
INFO:Message received on topic: type-3/3 with payload size: 93 at 2024-12-19 01:21:44.011512 sent 2024-12-19 01:21:43.895013
INFO:Message received on topic: type-3/8 with payload size: 111 at 2024-12-19 01:21:45.094682 sent 2024-12-19 01:21:44.932653
INFO:Message received on topic: type-3/5 with payload size: 128 at 2024-12-19 01:21:46.130458 sent 2024-12-19 01:21:45.981675
INFO:Message received on topic: type-3/0 with payload size: 144 at 2024-12-19 01:21:47.146427 sent 2024-12-19 01:21:47.014817
INFO:Message received on topic: type-3/5 with payload size: 114 at 2024-12-19 01:21:48.148409 sent 2024-12-19 01:21:48.011971
INFO:Message received on topic: type-3/3 with payload size: 144 at 2024-12-19 01:21:49.189108 sent 2024-12-19 01:21:49.083635
INFO:Message received on topic: type-3/5 with payload size: 119 at 2024-12-19 01:21:50.237081 sent 2024-12-19 01:21:50.146844
INFO:Message received on topic: type-3/3 with payload size: 113 at 2024-12-19 01:21:51.239052 sent 2024-12-19 01:21:51.125449
INFO:Message received on topic: type-3/9 with payload size: 140 at 2024-12-19 01:21:52.247683 sent 2024-12-19 01:21:52.198781
INFO:Message received on topic: type-3/2 with payload size: 151 at 2024-12-19 01:21:53.308870 sent 2024-12-19 01:21:53.178298
INFO:Message received on topic: type-3/9 with payload size: 143 at 2024-12-19 01:21:54.338339 sent 2024-12-19 01:21:54.231636
INFO:Message received on topic: type-3/8 with payload size: 92 at 2024-12-19 01:21:55.305743 sent 2024-12-19 01:21:55.218351
INFO:Message received on topic: type-3/5 with payload size: 137 at 2024-12-19 01:21:56.401807 sent 2024-12-19 01:21:56.277850
INFO:Message received on topic: type-3/3 with payload size: 151 at 2024-12-19 01:21:57.433521 sent 2024-12-19 01:21:57.342660
INFO:Message received on topic: type-3/6 with payload size: 125 at 2024-12-19 01:21:58.500419 sent 2024-12-19 01:21:58.361691
INFO:Message received on topic: type-3/9 with payload size: 135 at 2024-12-19 01:21:59.438413 sent 2024-12-19 01:21:59.338621
INFO:Message received on topic: type-3/9 with payload size: 137 at 2024-12-19 01:22:00.496172 sent 2024-12-19 01:22:00.356442
INFO:Message received on topic: type-3/8 with payload size: 147 at 2024-12-19 01:22:01.499778 sent 2024-12-19 01:22:01.438650
INFO:Message received on topic: type-3/6 with payload size: 106 at 2024-12-19 01:22:02.503835 sent 2024-12-19 01:22:02.428389
INFO:Message received on topic: type-3/2 with payload size: 137 at 2024-12-19 01:22:03.639002 sent 2024-12-19 01:22:03.368608
INFO:Message received on topic: type-3/7 with payload size: 124 at 2024-12-19 01:22:04.606566 sent 2024-12-19 01:22:04.358617
INFO:Message received on topic: type-3/2 with payload size: 144 at 2024-12-19 01:22:05.637603 sent 2024-12-19 01:22:05.506865
INFO:Message received on topic: type-3/3 with payload size: 94 at 2024-12-19 01:22:06.648462 sent 2024-12-19 01:22:06.612469
INFO:Message received on topic: type-3/9 with payload size: 110 at 2024-12-19 01:22:07.697032 sent 2024-12-19 01:22:07.578434
INFO:Message received on topic: type-3/7 with payload size: 142 at 2024-12-19 01:22:08.730111 sent 2024-12-19 01:22:08.624589
INFO:Message received on topic: type-3/7 with payload size: 114 at 2024-12-19 01:22:09.743300 sent 2024-12-19 01:22:09.650062
INFO:Message received on topic: type-3/6 with payload size: 149 at 2024-12-19 01:22:10.941106 sent 2024-12-19 01:22:10.688393
INFO:Message received on topic: type-3/1 with payload size: 121 at 2024-12-19 01:22:11.838174 sent 2024-12-19 01:22:11.553885
INFO:Message received on topic: type-3/2 with payload size: 148 at 2024-12-19 01:22:12.835500 sent 2024-12-19 01:22:12.732655
INFO:Message received on topic: type-3/0 with payload size: 138 at 2024-12-19 01:22:13.846438 sent 2024-12-19 01:22:13.774854
INFO:Message received on topic: type-3/6 with payload size: 130 at 2024-12-19 01:22:14.935431 sent 2024-12-19 01:22:14.768062
INFO:Message received on topic: type-3/5 with payload size: 98 at 2024-12-19 01:22:15.897616 sent 2024-12-19 01:22:15.824576
INFO:Message received on topic: type-3/8 with payload size: 148 at 2024-12-19 01:22:16.950215 sent 2024-12-19 01:22:16.823808
INFO:Message received on topic: type-3/1 with payload size: 126 at 2024-12-19 01:22:17.992828 sent 2024-12-19 01:22:17.854827
INFO:Message received on topic: type-3/8 with payload size: 136 at 2024-12-19 01:22:19.004058 sent 2024-12-19 01:22:18.873625
INFO:Message received on topic: type-3/7 with payload size: 142 at 2024-12-19 01:22:20.039051 sent 2024-12-19 01:22:19.911542
INFO:Message received on topic: type-3/6 with payload size: 132 at 2024-12-19 01:22:21.043531 sent 2024-12-19 01:22:20.971761
INFO:Message received on topic: type-3/6 with payload size: 101 at 2024-12-19 01:22:22.044017 sent 2024-12-19 01:22:21.986031
INFO:Message received on topic: type-3/6 with payload size: 95 at 2024-12-19 01:22:23.204667 sent 2024-12-19 01:22:23.012748
INFO:Message received on topic: type-3/3 with payload size: 110 at 2024-12-19 01:22:24.139342 sent 2024-12-19 01:22:24.025870
INFO:Message received on topic: type-3/9 with payload size: 136 at 2024-12-19 01:22:25.204281 sent 2024-12-19 01:22:25.095938
INFO:Message received on topic: type-3/5 with payload size: 149 at 2024-12-19 01:22:26.208294 sent 2024-12-19 01:22:26.118046
INFO:Message received on topic: type-3/1 with payload size: 109 at 2024-12-19 01:22:27.233544 sent 2024-12-19 01:22:27.142203
INFO:Message received on topic: type-3/1 with payload size: 116 at 2024-12-19 01:22:28.252680 sent 2024-12-19 01:22:28.165710
INFO:Message received on topic: type-3/5 with payload size: 132 at 2024-12-19 01:22:29.254232 sent 2024-12-19 01:22:29.187603
INFO:Message received on topic: type-3/7 with payload size: 144 at 2024-12-19 01:22:30.355368 sent 2024-12-19 01:22:30.246072
INFO:Message received on topic: type-3/4 with payload size: 102 at 2024-12-19 01:22:31.400346 sent 2024-12-19 01:22:31.262439
INFO:Message received on topic: type-3/7 with payload size: 146 at 2024-12-19 01:22:32.347503 sent 2024-12-19 01:22:32.282166
INFO:Message received on topic: type-3/7 with payload size: 120 at 2024-12-19 01:22:33.437997 sent 2024-12-19 01:22:33.320343
INFO:Message received on topic: type-3/0 with payload size: 121 at 2024-12-19 01:22:34.444881 sent 2024-12-19 01:22:34.338599
INFO:Message received on topic: type-3/7 with payload size: 115 at 2024-12-19 01:22:35.631704 sent 2024-12-19 01:22:35.467150
INFO:Message received on topic: type-3/8 with payload size: 102 at 2024-12-19 01:22:36.543514 sent 2024-12-19 01:22:36.405959
INFO:Message received on topic: type-3/1 with payload size: 154 at 2024-12-19 01:22:37.597523 sent 2024-12-19 01:22:37.476303
INFO:Message received on topic: type-3/6 with payload size: 106 at 2024-12-19 01:22:38.632447 sent 2024-12-19 01:22:38.466828
INFO:Message received on topic: type-3/1 with payload size: 151 at 2024-12-19 01:22:39.637862 sent 2024-12-19 01:22:39.512761
INFO:Message received on topic: type-3/2 with payload size: 155 at 2024-12-19 01:22:40.703406 sent 2024-12-19 01:22:40.455709
INFO:Message received on topic: type-3/5 with payload size: 107 at 2024-12-19 01:22:41.756642 sent 2024-12-19 01:22:41.556868
INFO:Message received on topic: type-3/8 with payload size: 148 at 2024-12-19 01:22:42.705538 sent 2024-12-19 01:22:42.553215
INFO:Message received on topic: type-3/4 with payload size: 123 at 2024-12-19 01:22:43.796630 sent 2024-12-19 01:22:43.618302
INFO:Message received on topic: type-3/0 with payload size: 118 at 2024-12-19 01:22:44.736106 sent 2024-12-19 01:22:44.636319
INFO:Message received on topic: type-3/5 with payload size: 146 at 2024-12-19 01:22:45.810179 sent 2024-12-19 01:22:45.616965
INFO:Message received on topic: type-3/8 with payload size: 141 at 2024-12-19 01:22:46.836899 sent 2024-12-19 01:22:46.718625
INFO:Message received on topic: type-3/1 with payload size: 115 at 2024-12-19 01:22:47.848684 sent 2024-12-19 01:22:47.756605
INFO:Message received on topic: type-3/5 with payload size: 91 at 2024-12-19 01:22:48.904331 sent 2024-12-19 01:22:48.770068
INFO:Message received on topic: type-3/8 with payload size: 112 at 2024-12-19 01:22:49.900059 sent 2024-12-19 01:22:49.797458
INFO:Message received on topic: type-3/8 with payload size: 138 at 2024-12-19 01:22:50.955962 sent 2024-12-19 01:22:50.816142
INFO:Message received on topic: type-3/0 with payload size: 103 at 2024-12-19 01:22:51.995085 sent 2024-12-19 01:22:51.870225
INFO:Message received on topic: type-3/6 with payload size: 114 at 2024-12-19 01:22:53.036941 sent 2024-12-19 01:22:52.928080
INFO:Message received on topic: type-3/4 with payload size: 104 at 2024-12-19 01:22:54.045626 sent 2024-12-19 01:22:53.910914
INFO:Message received on topic: type-3/4 with payload size: 144 at 2024-12-19 01:22:55.097703 sent 2024-12-19 01:22:55.027321
INFO:Message received on topic: type-3/6 with payload size: 101 at 2024-12-19 01:22:56.091350 sent 2024-12-19 01:22:55.976209
INFO:Message received on topic: type-3/5 with payload size: 139 at 2024-12-19 01:22:57.134771 sent 2024-12-19 01:22:57.015171
INFO:Message received on topic: type-3/5 with payload size: 105 at 2024-12-19 01:22:58.198922 sent 2024-12-19 01:22:58.037423
INFO:Message received on topic: type-3/0 with payload size: 108 at 2024-12-19 01:22:59.209628 sent 2024-12-19 01:22:59.081133
INFO:Message received on topic: type-3/1 with payload size: 141 at 2024-12-19 01:23:00.204629 sent 2024-12-19 01:23:00.075621
INFO:Message received on topic: type-3/4 with payload size: 138 at 2024-12-19 01:23:01.302355 sent 2024-12-19 01:23:01.124704
INFO:Message received on topic: type-3/6 with payload size: 97 at 2024-12-19 01:23:02.302619 sent 2024-12-19 01:23:02.185856
INFO:Message received on topic: type-3/7 with payload size: 153 at 2024-12-19 01:23:03.299355 sent 2024-12-19 01:23:03.149280
INFO:Message received on topic: type-3/2 with payload size: 149 at 2024-12-19 01:23:04.304900 sent 2024-12-19 01:23:04.158558
INFO:Message received on topic: type-3/1 with payload size: 114 at 2024-12-19 01:23:05.337194 sent 2024-12-19 01:23:05.263708
INFO:Message received on topic: type-3/9 with payload size: 105 at 2024-12-19 01:23:06.396177 sent 2024-12-19 01:23:06.264538
INFO:Message received on topic: type-3/0 with payload size: 107 at 2024-12-19 01:23:07.430637 sent 2024-12-19 01:23:07.245009
INFO:Message received on topic: type-3/2 with payload size: 106 at 2024-12-19 01:23:08.437573 sent 2024-12-19 01:23:08.322649
INFO:Message received on topic: type-3/6 with payload size: 132 at 2024-12-19 01:23:09.493176 sent 2024-12-19 01:23:09.309052
INFO:Message received on topic: type-3/1 with payload size: 96 at 2024-12-19 01:23:10.496950 sent 2024-12-19 01:23:10.352948
INFO:Message received on topic: type-3/8 with payload size: 155 at 2024-12-19 01:23:11.529962 sent 2024-12-19 01:23:11.416835
INFO:Message received on topic: type-3/7 with payload size: 132 at 2024-12-19 01:23:12.591858 sent 2024-12-19 01:23:12.427901
INFO:Message received on topic: type-3/7 with payload size: 128 at 2024-12-19 01:23:13.606834 sent 2024-12-19 01:23:13.458655
INFO:Message received on topic: type-3/7 with payload size: 149 at 2024-12-19 01:23:14.653419 sent 2024-12-19 01:23:14.473187
INFO:Message received on topic: type-3/3 with payload size: 100 at 2024-12-19 01:23:15.627922 sent 2024-12-19 01:23:15.529449
INFO:Message received on topic: type-3/8 with payload size: 105 at 2024-12-19 01:23:16.694578 sent 2024-12-19 01:23:16.560049
INFO:Message received on topic: type-3/1 with payload size: 92 at 2024-12-19 01:23:17.710191 sent 2024-12-19 01:23:17.573662
INFO:Message received on topic: type-3/8 with payload size: 136 at 2024-12-19 01:23:18.734362 sent 2024-12-19 01:23:18.581033
INFO:Message received on topic: type-3/4 with payload size: 98 at 2024-12-19 01:23:19.738205 sent 2024-12-19 01:23:19.663586
INFO:Message received on topic: type-3/4 with payload size: 119 at 2024-12-19 01:23:20.796577 sent 2024-12-19 01:23:20.678915
INFO:Message received on topic: type-3/4 with payload size: 96 at 2024-12-19 01:23:21.792720 sent 2024-12-19 01:23:21.697738
INFO:Message received on topic: type-3/6 with payload size: 121 at 2024-12-19 01:23:22.805963 sent 2024-12-19 01:23:22.723345
INFO:Message received on topic: type-3/6 with payload size: 150 at 2024-12-19 01:23:23.945355 sent 2024-12-19 01:23:23.748837
INFO:Message received on topic: type-3/9 with payload size: 101 at 2024-12-19 01:23:24.930931 sent 2024-12-19 01:23:24.792304
INFO:Message received on topic: type-3/3 with payload size: 119 at 2024-12-19 01:23:25.906896 sent 2024-12-19 01:23:25.818042
INFO:Message received on topic: type-3/2 with payload size: 92 at 2024-12-19 01:23:27.000782 sent 2024-12-19 01:23:26.858514
INFO:Message received on topic: type-3/8 with payload size: 122 at 2024-12-19 01:23:28.003845 sent 2024-12-19 01:23:27.859153
INFO:Message received on topic: type-3/7 with payload size: 93 at 2024-12-19 01:23:28.997683 sent 2024-12-19 01:23:28.856200
INFO:Message received on topic: type-3/4 with payload size: 135 at 2024-12-19 01:23:30.002838 sent 2024-12-19 01:23:29.920080
INFO:Message received on topic: type-3/9 with payload size: 146 at 2024-12-19 01:23:31.089791 sent 2024-12-19 01:23:30.998478
INFO:Message received on topic: type-3/4 with payload size: 130 at 2024-12-19 01:23:32.050323 sent 2024-12-19 01:23:31.961650
INFO:Message received on topic: type-3/3 with payload size: 145 at 2024-12-19 01:23:33.141615 sent 2024-12-19 01:23:32.957613
INFO:Message received on topic: type-3/2 with payload size: 118 at 2024-12-19 01:23:34.245552 sent 2024-12-19 01:23:34.081933
INFO:Message received on topic: type-3/5 with payload size: 126 at 2024-12-19 01:23:35.403410 sent 2024-12-19 01:23:35.230036
INFO:Message received on topic: type-3/7 with payload size: 147 at 2024-12-19 01:23:36.508840 sent 2024-12-19 01:23:36.344085
INFO:Message received on topic: type-3/4 with payload size: 140 at 2024-12-19 01:23:37.598680 sent 2024-12-19 01:23:37.470728
INFO:Message received on topic: type-3/3 with payload size: 155 at 2024-12-19 01:23:38.898678 sent 2024-12-19 01:23:38.770570
INFO:Message received on topic: type-3/4 with payload size: 91 at 2024-12-19 01:23:40.203330 sent 2024-12-19 01:23:40.025163
INFO:Message received on topic: type-3/8 with payload size: 151 at 2024-12-19 01:23:41.505094 sent 2024-12-19 01:23:41.425372
INFO:Message received on topic: type-3/5 with payload size: 142 at 2024-12-19 01:23:42.993349 sent 2024-12-19 01:23:42.888759
INFO:Message received on topic: type-3/9 with payload size: 142 at 2024-12-19 01:23:44.592036 sent 2024-12-19 01:23:44.457435
INFO:Message received on topic: type-3/5 with payload size: 137 at 2024-12-19 01:23:46.310569 sent 2024-12-19 01:23:46.151817
INFO:Message received on topic: type-3/7 with payload size: 109 at 2024-12-19 01:23:48.302288 sent 2024-12-19 01:23:48.201313
INFO:Message received on topic: type-3/8 with payload size: 129 at 2024-12-19 01:23:50.353409 sent 2024-12-19 01:23:50.274845
INFO:Message received on topic: type-3/7 with payload size: 123 at 2024-12-19 01:23:52.936730 sent 2024-12-19 01:23:52.873620
INFO:Message received on topic: type-3/9 with payload size: 107 at 2024-12-19 01:23:56.195152 sent 2024-12-19 01:23:56.037796
INFO:Message received on topic: type-3/9 with payload size: 114 at 2024-12-19 01:24:02.187355 sent 2024-12-19 01:24:02.038739
