INFO:Starting Version 1.0.5
DEBUG:Using selector: EpollSelector
INFO:Connecting to cluster at: mqtt-quic://emqx-headless.dtwins:14567 using QUIC
INFO:Subscribed to topic: type-3/20
INFO:Subscribed to topic: type-3/21
INFO:Subscribed to topic: type-3/22
INFO:Subscribed to topic: type-3/23
INFO:Subscribed to topic: type-3/24
INFO:Subscribed to topic: type-3/25
INFO:Subscribed to topic: type-3/26
INFO:Subscribed to topic: type-3/27
INFO:Subscribed to topic: type-3/28
INFO:Subscribed to topic: type-3/29
INFO:Logging each: 100
INFO:Unhandled packet type received
INFO:Message received on topic: type-3/20 with payload size: 136 at 2024-12-19 01:16:17.706831 sent 2024-12-19 01:16:17.656438
INFO:Message received on topic: type-3/20 with payload size: 135 at 2024-12-19 01:16:21.237005 sent 2024-12-19 01:16:21.207028
INFO:Message received on topic: type-3/23 with payload size: 147 at 2024-12-19 01:16:23.905332 sent 2024-12-19 01:16:23.868031
INFO:Message received on topic: type-3/20 with payload size: 108 at 2024-12-19 01:16:26.200177 sent 2024-12-19 01:16:26.176790
INFO:Message received on topic: type-3/24 with payload size: 91 at 2024-12-19 01:16:28.238712 sent 2024-12-19 01:16:28.197687
INFO:Message received on topic: type-3/22 with payload size: 113 at 2024-12-19 01:16:29.949734 sent 2024-12-19 01:16:29.914685
INFO:Message received on topic: type-3/21 with payload size: 153 at 2024-12-19 01:16:31.664520 sent 2024-12-19 01:16:31.600532
INFO:Message received on topic: type-3/25 with payload size: 109 at 2024-12-19 01:16:33.156768 sent 2024-12-19 01:16:33.079807
INFO:Message received on topic: type-3/20 with payload size: 132 at 2024-12-19 01:16:34.555682 sent 2024-12-19 01:16:34.509908
INFO:Message received on topic: type-3/22 with payload size: 144 at 2024-12-19 01:16:35.995363 sent 2024-12-19 01:16:35.904473
INFO:Message received on topic: type-3/21 with payload size: 140 at 2024-12-19 01:16:37.237906 sent 2024-12-19 01:16:37.203255
INFO:Message received on topic: type-3/20 with payload size: 120 at 2024-12-19 01:16:38.537937 sent 2024-12-19 01:16:38.478417
INFO:Message received on topic: type-3/21 with payload size: 98 at 2024-12-19 01:16:39.832438 sent 2024-12-19 01:16:39.760457
INFO:Message received on topic: type-3/22 with payload size: 108 at 2024-12-19 01:16:40.944480 sent 2024-12-19 01:16:40.878771
INFO:Message received on topic: type-3/25 with payload size: 150 at 2024-12-19 01:16:42.045379 sent 2024-12-19 01:16:42.014371
INFO:Message received on topic: type-3/24 with payload size: 124 at 2024-12-19 01:16:43.057020 sent 2024-12-19 01:16:43.046327
INFO:Message received on topic: type-3/28 with payload size: 98 at 2024-12-19 01:16:44.137971 sent 2024-12-19 01:16:44.065211
INFO:Message received on topic: type-3/27 with payload size: 107 at 2024-12-19 01:16:45.160216 sent 2024-12-19 01:16:45.105322
INFO:Message received on topic: type-3/27 with payload size: 147 at 2024-12-19 01:16:46.153704 sent 2024-12-19 01:16:46.118285
INFO:Message received on topic: type-3/23 with payload size: 138 at 2024-12-19 01:16:47.194405 sent 2024-12-19 01:16:47.141148
INFO:Message received on topic: type-3/23 with payload size: 96 at 2024-12-19 01:16:48.262363 sent 2024-12-19 01:16:48.159117
INFO:Message received on topic: type-3/23 with payload size: 105 at 2024-12-19 01:16:49.337758 sent 2024-12-19 01:16:49.177592
INFO:Message received on topic: type-3/21 with payload size: 115 at 2024-12-19 01:16:50.300436 sent 2024-12-19 01:16:50.249681
INFO:Message received on topic: type-3/26 with payload size: 98 at 2024-12-19 01:16:51.397148 sent 2024-12-19 01:16:51.273178
INFO:Message received on topic: type-3/28 with payload size: 105 at 2024-12-19 01:16:52.354024 sent 2024-12-19 01:16:52.294496
INFO:Message received on topic: type-3/24 with payload size: 110 at 2024-12-19 01:16:53.362752 sent 2024-12-19 01:16:53.327032
INFO:Message received on topic: type-3/25 with payload size: 134 at 2024-12-19 01:16:54.440630 sent 2024-12-19 01:16:54.371774
INFO:Message received on topic: type-3/29 with payload size: 134 at 2024-12-19 01:16:55.452325 sent 2024-12-19 01:16:55.370945
INFO:Message received on topic: type-3/22 with payload size: 113 at 2024-12-19 01:16:56.504864 sent 2024-12-19 01:16:56.425133
INFO:Message received on topic: type-3/25 with payload size: 154 at 2024-12-19 01:16:57.463587 sent 2024-12-19 01:16:57.418362
INFO:Message received on topic: type-3/29 with payload size: 108 at 2024-12-19 01:16:58.570041 sent 2024-12-19 01:16:58.420322
INFO:Message received on topic: type-3/21 with payload size: 110 at 2024-12-19 01:16:59.551184 sent 2024-12-19 01:16:59.496796
INFO:Message received on topic: type-3/22 with payload size: 141 at 2024-12-19 01:17:00.598032 sent 2024-12-19 01:17:00.525996
INFO:Message received on topic: type-3/26 with payload size: 98 at 2024-12-19 01:17:01.662466 sent 2024-12-19 01:17:01.565514
INFO:Message received on topic: type-3/24 with payload size: 148 at 2024-12-19 01:17:02.651469 sent 2024-12-19 01:17:02.597398
INFO:Message received on topic: type-3/20 with payload size: 114 at 2024-12-19 01:17:03.656791 sent 2024-12-19 01:17:03.624642
INFO:Message received on topic: type-3/24 with payload size: 113 at 2024-12-19 01:17:04.755804 sent 2024-12-19 01:17:04.631608
INFO:Message received on topic: type-3/23 with payload size: 138 at 2024-12-19 01:17:05.786463 sent 2024-12-19 01:17:05.673038
INFO:Message received on topic: type-3/24 with payload size: 105 at 2024-12-19 01:17:06.752761 sent 2024-12-19 01:17:06.692023
INFO:Message received on topic: type-3/27 with payload size: 119 at 2024-12-19 01:17:07.840356 sent 2024-12-19 01:17:07.622863
INFO:Message received on topic: type-3/21 with payload size: 147 at 2024-12-19 01:17:08.929176 sent 2024-12-19 01:17:08.770975
INFO:Message received on topic: type-3/28 with payload size: 155 at 2024-12-19 01:17:09.848752 sent 2024-12-19 01:17:09.799778
INFO:Message received on topic: type-3/21 with payload size: 124 at 2024-12-19 01:17:10.888439 sent 2024-12-19 01:17:10.802696
INFO:Message received on topic: type-3/28 with payload size: 145 at 2024-12-19 01:17:11.944334 sent 2024-12-19 01:17:11.833421
INFO:Message received on topic: type-3/29 with payload size: 103 at 2024-12-19 01:17:12.990813 sent 2024-12-19 01:17:12.879696
INFO:Message received on topic: type-3/28 with payload size: 92 at 2024-12-19 01:17:13.991401 sent 2024-12-19 01:17:13.867907
INFO:Message received on topic: type-3/20 with payload size: 103 at 2024-12-19 01:17:15.038269 sent 2024-12-19 01:17:14.931635
INFO:Message received on topic: type-3/22 with payload size: 137 at 2024-12-19 01:17:16.053482 sent 2024-12-19 01:17:16.002612
INFO:Message received on topic: type-3/25 with payload size: 124 at 2024-12-19 01:17:17.090472 sent 2024-12-19 01:17:16.985884
INFO:Message received on topic: type-3/25 with payload size: 128 at 2024-12-19 01:17:18.097472 sent 2024-12-19 01:17:17.998735
INFO:Message received on topic: type-3/25 with payload size: 97 at 2024-12-19 01:17:19.095931 sent 2024-12-19 01:17:19.016095
INFO:Message received on topic: type-3/28 with payload size: 133 at 2024-12-19 01:17:20.153777 sent 2024-12-19 01:17:20.070810
INFO:Message received on topic: type-3/22 with payload size: 138 at 2024-12-19 01:17:21.160621 sent 2024-12-19 01:17:21.089060
INFO:Message received on topic: type-3/22 with payload size: 146 at 2024-12-19 01:17:22.205442 sent 2024-12-19 01:17:22.104031
INFO:Message received on topic: type-3/20 with payload size: 155 at 2024-12-19 01:17:23.248858 sent 2024-12-19 01:17:23.075649
INFO:Message received on topic: type-3/20 with payload size: 138 at 2024-12-19 01:17:24.254208 sent 2024-12-19 01:17:24.192564
INFO:Message received on topic: type-3/23 with payload size: 115 at 2024-12-19 01:17:25.305685 sent 2024-12-19 01:17:25.207958
INFO:Message received on topic: type-3/24 with payload size: 105 at 2024-12-19 01:17:26.395725 sent 2024-12-19 01:17:26.263631
INFO:Message received on topic: type-3/25 with payload size: 94 at 2024-12-19 01:17:27.392866 sent 2024-12-19 01:17:27.267632
INFO:Message received on topic: type-3/27 with payload size: 110 at 2024-12-19 01:17:28.438724 sent 2024-12-19 01:17:28.306060
INFO:Message received on topic: type-3/27 with payload size: 117 at 2024-12-19 01:17:29.442684 sent 2024-12-19 01:17:29.319743
INFO:Message received on topic: type-3/21 with payload size: 99 at 2024-12-19 01:17:30.435604 sent 2024-12-19 01:17:30.344315
INFO:Message received on topic: type-3/21 with payload size: 95 at 2024-12-19 01:17:31.456430 sent 2024-12-19 01:17:31.371703
INFO:Message received on topic: type-3/27 with payload size: 99 at 2024-12-19 01:17:32.538068 sent 2024-12-19 01:17:32.380925
INFO:Message received on topic: type-3/29 with payload size: 127 at 2024-12-19 01:17:33.551220 sent 2024-12-19 01:17:33.427033
INFO:Message received on topic: type-3/20 with payload size: 139 at 2024-12-19 01:17:34.554777 sent 2024-12-19 01:17:34.501329
INFO:Message received on topic: type-3/26 with payload size: 141 at 2024-12-19 01:17:35.555816 sent 2024-12-19 01:17:35.509661
INFO:Message received on topic: type-3/28 with payload size: 117 at 2024-12-19 01:17:36.633876 sent 2024-12-19 01:17:36.484152
INFO:Message received on topic: type-3/23 with payload size: 143 at 2024-12-19 01:17:37.698410 sent 2024-12-19 01:17:37.481660
INFO:Message received on topic: type-3/27 with payload size: 122 at 2024-12-19 01:17:38.699078 sent 2024-12-19 01:17:38.612269
INFO:Message received on topic: type-3/28 with payload size: 147 at 2024-12-19 01:17:39.734149 sent 2024-12-19 01:17:39.639082
INFO:Message received on topic: type-3/22 with payload size: 97 at 2024-12-19 01:17:40.756540 sent 2024-12-19 01:17:40.669795
INFO:Message received on topic: type-3/22 with payload size: 123 at 2024-12-19 01:17:41.757439 sent 2024-12-19 01:17:41.582643
INFO:Message received on topic: type-3/26 with payload size: 93 at 2024-12-19 01:17:42.828687 sent 2024-12-19 01:17:42.753421
INFO:Message received on topic: type-3/24 with payload size: 106 at 2024-12-19 01:17:43.835188 sent 2024-12-19 01:17:43.678596
INFO:Message received on topic: type-3/26 with payload size: 100 at 2024-12-19 01:17:44.852132 sent 2024-12-19 01:17:44.791679
INFO:Message received on topic: type-3/20 with payload size: 119 at 2024-12-19 01:17:45.902661 sent 2024-12-19 01:17:45.820948
INFO:Message received on topic: type-3/20 with payload size: 126 at 2024-12-19 01:17:46.997212 sent 2024-12-19 01:17:46.842755
INFO:Message received on topic: type-3/25 with payload size: 144 at 2024-12-19 01:17:47.947689 sent 2024-12-19 01:17:47.856816
INFO:Message received on topic: type-3/27 with payload size: 142 at 2024-12-19 01:17:48.989704 sent 2024-12-19 01:17:48.910514
INFO:Message received on topic: type-3/20 with payload size: 123 at 2024-12-19 01:17:49.995532 sent 2024-12-19 01:17:49.907721
INFO:Message received on topic: type-3/27 with payload size: 99 at 2024-12-19 01:17:51.004363 sent 2024-12-19 01:17:50.943494
INFO:Message received on topic: type-3/28 with payload size: 100 at 2024-12-19 01:17:52.145683 sent 2024-12-19 01:17:51.962069
INFO:Message received on topic: type-3/26 with payload size: 103 at 2024-12-19 01:17:53.151490 sent 2024-12-19 01:17:53.055624
INFO:Message received on topic: type-3/25 with payload size: 107 at 2024-12-19 01:17:54.146926 sent 2024-12-19 01:17:54.060623
INFO:Message received on topic: type-3/25 with payload size: 142 at 2024-12-19 01:17:55.148153 sent 2024-12-19 01:17:55.078211
INFO:Message received on topic: type-3/25 with payload size: 120 at 2024-12-19 01:17:56.189728 sent 2024-12-19 01:17:56.095656
INFO:Message received on topic: type-3/20 with payload size: 96 at 2024-12-19 01:17:57.255619 sent 2024-12-19 01:17:57.148346
INFO:Message received on topic: type-3/20 with payload size: 148 at 2024-12-19 01:17:58.320108 sent 2024-12-19 01:17:58.162746
INFO:Message received on topic: type-3/23 with payload size: 99 at 2024-12-19 01:17:59.254380 sent 2024-12-19 01:17:59.178824
INFO:Message received on topic: type-3/20 with payload size: 107 at 2024-12-19 01:18:00.393609 sent 2024-12-19 01:18:00.309231
INFO:Message received on topic: type-3/22 with payload size: 91 at 2024-12-19 01:18:01.337950 sent 2024-12-19 01:18:01.278522
INFO:Message received on topic: type-3/21 with payload size: 143 at 2024-12-19 01:18:02.344554 sent 2024-12-19 01:18:02.279777
INFO:Message received on topic: type-3/29 with payload size: 147 at 2024-12-19 01:18:03.399486 sent 2024-12-19 01:18:03.315637
INFO:Message received on topic: type-3/27 with payload size: 131 at 2024-12-19 01:18:04.436940 sent 2024-12-19 01:18:04.345771
INFO:Message received on topic: type-3/23 with payload size: 98 at 2024-12-19 01:18:05.509155 sent 2024-12-19 01:18:05.394621
INFO:Message received on topic: type-3/23 with payload size: 154 at 2024-12-19 01:18:06.589792 sent 2024-12-19 01:18:06.413883
INFO:Message received on topic: type-3/23 with payload size: 135 at 2024-12-19 01:18:07.552173 sent 2024-12-19 01:18:07.432827
INFO:Message received on topic: type-3/26 with payload size: 102 at 2024-12-19 01:18:08.554761 sent 2024-12-19 01:18:08.446763
INFO:Message received on topic: type-3/22 with payload size: 152 at 2024-12-19 01:18:09.603978 sent 2024-12-19 01:18:09.517653
INFO:Message received on topic: type-3/21 with payload size: 129 at 2024-12-19 01:18:10.604896 sent 2024-12-19 01:18:10.533672
INFO:Message received on topic: type-3/21 with payload size: 151 at 2024-12-19 01:18:11.650004 sent 2024-12-19 01:18:11.557131
INFO:Message received on topic: type-3/28 with payload size: 141 at 2024-12-19 01:18:12.644643 sent 2024-12-19 01:18:12.604388
INFO:Message received on topic: type-3/22 with payload size: 112 at 2024-12-19 01:18:13.688653 sent 2024-12-19 01:18:13.611461
INFO:Message received on topic: type-3/27 with payload size: 113 at 2024-12-19 01:18:14.732913 sent 2024-12-19 01:18:14.652310
INFO:Message received on topic: type-3/23 with payload size: 101 at 2024-12-19 01:18:15.754166 sent 2024-12-19 01:18:15.582615
INFO:Message received on topic: type-3/23 with payload size: 105 at 2024-12-19 01:18:16.739006 sent 2024-12-19 01:18:16.705097
INFO:Message received on topic: type-3/25 with payload size: 102 at 2024-12-19 01:18:17.797348 sent 2024-12-19 01:18:17.707184
INFO:Message received on topic: type-3/23 with payload size: 139 at 2024-12-19 01:18:18.896276 sent 2024-12-19 01:18:18.735945
INFO:Message received on topic: type-3/26 with payload size: 137 at 2024-12-19 01:18:19.841955 sent 2024-12-19 01:18:19.767633
INFO:Message received on topic: type-3/29 with payload size: 155 at 2024-12-19 01:18:20.858419 sent 2024-12-19 01:18:20.833420
INFO:Message received on topic: type-3/29 with payload size: 95 at 2024-12-19 01:18:21.902404 sent 2024-12-19 01:18:21.858307
INFO:Message received on topic: type-3/27 with payload size: 155 at 2024-12-19 01:18:22.944783 sent 2024-12-19 01:18:22.887689
INFO:Message received on topic: type-3/24 with payload size: 147 at 2024-12-19 01:18:23.992527 sent 2024-12-19 01:18:23.926118
INFO:Message received on topic: type-3/25 with payload size: 145 at 2024-12-19 01:18:24.953224 sent 2024-12-19 01:18:24.930521
INFO:Message received on topic: type-3/25 with payload size: 152 at 2024-12-19 01:18:26.101033 sent 2024-12-19 01:18:25.953206
INFO:Message received on topic: type-3/24 with payload size: 148 at 2024-12-19 01:18:27.097551 sent 2024-12-19 01:18:26.981094
INFO:Message received on topic: type-3/24 with payload size: 132 at 2024-12-19 01:18:28.134218 sent 2024-12-19 01:18:28.003313
INFO:Message received on topic: type-3/26 with payload size: 121 at 2024-12-19 01:18:29.103200 sent 2024-12-19 01:18:29.045002
INFO:Message received on topic: type-3/20 with payload size: 93 at 2024-12-19 01:18:30.151704 sent 2024-12-19 01:18:30.068082
INFO:Message received on topic: type-3/26 with payload size: 130 at 2024-12-19 01:18:31.190863 sent 2024-12-19 01:18:31.076147
INFO:Message received on topic: type-3/21 with payload size: 98 at 2024-12-19 01:18:32.232687 sent 2024-12-19 01:18:32.120869
INFO:Message received on topic: type-3/24 with payload size: 125 at 2024-12-19 01:18:33.235456 sent 2024-12-19 01:18:33.190738
INFO:Message received on topic: type-3/27 with payload size: 147 at 2024-12-19 01:18:34.337383 sent 2024-12-19 01:18:34.203901
INFO:Message received on topic: type-3/23 with payload size: 144 at 2024-12-19 01:18:35.300380 sent 2024-12-19 01:18:35.228875
INFO:Message received on topic: type-3/24 with payload size: 95 at 2024-12-19 01:18:36.444768 sent 2024-12-19 01:18:36.241064
INFO:Message received on topic: type-3/24 with payload size: 127 at 2024-12-19 01:18:37.352397 sent 2024-12-19 01:18:37.266367
INFO:Message received on topic: type-3/25 with payload size: 91 at 2024-12-19 01:18:38.394379 sent 2024-12-19 01:18:38.273034
INFO:Message received on topic: type-3/23 with payload size: 94 at 2024-12-19 01:18:39.400181 sent 2024-12-19 01:18:39.298557
INFO:Message received on topic: type-3/20 with payload size: 107 at 2024-12-19 01:18:40.439380 sent 2024-12-19 01:18:40.371636
INFO:Message received on topic: type-3/21 with payload size: 112 at 2024-12-19 01:18:41.458154 sent 2024-12-19 01:18:41.387385
INFO:Message received on topic: type-3/29 with payload size: 91 at 2024-12-19 01:18:42.490610 sent 2024-12-19 01:18:42.412064
INFO:Message received on topic: type-3/28 with payload size: 128 at 2024-12-19 01:18:43.588773 sent 2024-12-19 01:18:43.463386
INFO:Message received on topic: type-3/28 with payload size: 134 at 2024-12-19 01:18:44.601485 sent 2024-12-19 01:18:44.481979
INFO:Message received on topic: type-3/25 with payload size: 92 at 2024-12-19 01:18:45.549889 sent 2024-12-19 01:18:45.512635
INFO:Message received on topic: type-3/24 with payload size: 133 at 2024-12-19 01:18:46.600835 sent 2024-12-19 01:18:46.535565
INFO:Message received on topic: type-3/24 with payload size: 129 at 2024-12-19 01:18:47.643181 sent 2024-12-19 01:18:47.558182
INFO:Message received on topic: type-3/22 with payload size: 137 at 2024-12-19 01:18:48.741698 sent 2024-12-19 01:18:48.670993
INFO:Message received on topic: type-3/21 with payload size: 126 at 2024-12-19 01:18:49.740408 sent 2024-12-19 01:18:49.628202
INFO:Message received on topic: type-3/21 with payload size: 100 at 2024-12-19 01:18:50.741006 sent 2024-12-19 01:18:50.663538
INFO:Message received on topic: type-3/22 with payload size: 144 at 2024-12-19 01:18:51.750161 sent 2024-12-19 01:18:51.721674
INFO:Message received on topic: type-3/29 with payload size: 93 at 2024-12-19 01:18:52.789852 sent 2024-12-19 01:18:52.720383
INFO:Message received on topic: type-3/28 with payload size: 119 at 2024-12-19 01:18:53.840964 sent 2024-12-19 01:18:53.784320
INFO:Message received on topic: type-3/23 with payload size: 102 at 2024-12-19 01:18:54.897980 sent 2024-12-19 01:18:54.821981
INFO:Message received on topic: type-3/25 with payload size: 154 at 2024-12-19 01:18:55.900921 sent 2024-12-19 01:18:55.833773
INFO:Message received on topic: type-3/26 with payload size: 129 at 2024-12-19 01:18:56.944327 sent 2024-12-19 01:18:56.873515
INFO:Message received on topic: type-3/26 with payload size: 148 at 2024-12-19 01:18:57.951191 sent 2024-12-19 01:18:57.885544
INFO:Message received on topic: type-3/20 with payload size: 114 at 2024-12-19 01:18:59.000152 sent 2024-12-19 01:18:58.937116
INFO:Message received on topic: type-3/21 with payload size: 139 at 2024-12-19 01:19:00.052759 sent 2024-12-19 01:18:59.954000
INFO:Message received on topic: type-3/20 with payload size: 115 at 2024-12-19 01:19:01.099515 sent 2024-12-19 01:19:00.979954
INFO:Message received on topic: type-3/24 with payload size: 122 at 2024-12-19 01:19:02.103044 sent 2024-12-19 01:19:02.009530
INFO:Message received on topic: type-3/26 with payload size: 153 at 2024-12-19 01:19:03.155869 sent 2024-12-19 01:19:03.072463
INFO:Message received on topic: type-3/29 with payload size: 152 at 2024-12-19 01:19:04.150044 sent 2024-12-19 01:19:04.085705
INFO:Message received on topic: type-3/25 with payload size: 153 at 2024-12-19 01:19:05.192943 sent 2024-12-19 01:19:05.098174
INFO:Message received on topic: type-3/22 with payload size: 128 at 2024-12-19 01:19:06.207087 sent 2024-12-19 01:19:06.116448
INFO:Message received on topic: type-3/26 with payload size: 94 at 2024-12-19 01:19:07.199987 sent 2024-12-19 01:19:07.150855
INFO:Message received on topic: type-3/23 with payload size: 139 at 2024-12-19 01:19:08.240016 sent 2024-12-19 01:19:08.169996
INFO:Message received on topic: type-3/24 with payload size: 137 at 2024-12-19 01:19:09.301518 sent 2024-12-19 01:19:09.223502
INFO:Message received on topic: type-3/20 with payload size: 94 at 2024-12-19 01:19:10.331740 sent 2024-12-19 01:19:10.235432
INFO:Message received on topic: type-3/24 with payload size: 110 at 2024-12-19 01:19:11.350676 sent 2024-12-19 01:19:11.274351
INFO:Message received on topic: type-3/27 with payload size: 96 at 2024-12-19 01:19:12.452038 sent 2024-12-19 01:19:12.313327
INFO:Message received on topic: type-3/28 with payload size: 143 at 2024-12-19 01:19:13.400728 sent 2024-12-19 01:19:13.333648
INFO:Message received on topic: type-3/25 with payload size: 141 at 2024-12-19 01:19:14.454732 sent 2024-12-19 01:19:14.262881
INFO:Message received on topic: type-3/21 with payload size: 120 at 2024-12-19 01:19:15.496785 sent 2024-12-19 01:19:15.400447
INFO:Message received on topic: type-3/29 with payload size: 134 at 2024-12-19 01:19:16.596086 sent 2024-12-19 01:19:16.407891
INFO:Message received on topic: type-3/25 with payload size: 132 at 2024-12-19 01:19:17.542989 sent 2024-12-19 01:19:17.428671
INFO:Message received on topic: type-3/29 with payload size: 131 at 2024-12-19 01:19:18.599575 sent 2024-12-19 01:19:18.466514
INFO:Message received on topic: type-3/23 with payload size: 123 at 2024-12-19 01:19:19.558192 sent 2024-12-19 01:19:19.482129
INFO:Message received on topic: type-3/20 with payload size: 148 at 2024-12-19 01:19:20.595475 sent 2024-12-19 01:19:20.518006
INFO:Message received on topic: type-3/22 with payload size: 151 at 2024-12-19 01:19:21.695519 sent 2024-12-19 01:19:21.605650
INFO:Message received on topic: type-3/28 with payload size: 111 at 2024-12-19 01:19:22.649435 sent 2024-12-19 01:19:22.602558
INFO:Message received on topic: type-3/27 with payload size: 115 at 2024-12-19 01:19:23.732666 sent 2024-12-19 01:19:23.629117
INFO:Message received on topic: type-3/22 with payload size: 117 at 2024-12-19 01:19:24.748863 sent 2024-12-19 01:19:24.661305
INFO:Message received on topic: type-3/21 with payload size: 124 at 2024-12-19 01:19:25.749454 sent 2024-12-19 01:19:25.681077
INFO:Message received on topic: type-3/25 with payload size: 101 at 2024-12-19 01:19:26.836148 sent 2024-12-19 01:19:26.721219
INFO:Message received on topic: type-3/25 with payload size: 117 at 2024-12-19 01:19:27.806366 sent 2024-12-19 01:19:27.742892
INFO:Message received on topic: type-3/23 with payload size: 93 at 2024-12-19 01:19:28.893685 sent 2024-12-19 01:19:28.763434
INFO:Message received on topic: type-3/23 with payload size: 103 at 2024-12-19 01:19:29.851563 sent 2024-12-19 01:19:29.778103
INFO:Message received on topic: type-3/27 with payload size: 142 at 2024-12-19 01:19:30.948293 sent 2024-12-19 01:19:30.866189
INFO:Message received on topic: type-3/27 with payload size: 124 at 2024-12-19 01:19:31.948872 sent 2024-12-19 01:19:31.880268
INFO:Message received on topic: type-3/24 with payload size: 97 at 2024-12-19 01:19:32.946177 sent 2024-12-19 01:19:32.884210
INFO:Message received on topic: type-3/22 with payload size: 149 at 2024-12-19 01:19:34.033658 sent 2024-12-19 01:19:33.912556
INFO:Message received on topic: type-3/27 with payload size: 154 at 2024-12-19 01:19:35.031151 sent 2024-12-19 01:19:34.927570
INFO:Message received on topic: type-3/21 with payload size: 139 at 2024-12-19 01:19:36.041972 sent 2024-12-19 01:19:35.959222
INFO:Message received on topic: type-3/25 with payload size: 150 at 2024-12-19 01:19:37.192162 sent 2024-12-19 01:19:37.012277
INFO:Message received on topic: type-3/25 with payload size: 99 at 2024-12-19 01:19:38.104598 sent 2024-12-19 01:19:38.026448
INFO:Message received on topic: type-3/22 with payload size: 112 at 2024-12-19 01:19:39.149568 sent 2024-12-19 01:19:39.098162
INFO:Message received on topic: type-3/20 with payload size: 99 at 2024-12-19 01:19:40.196026 sent 2024-12-19 01:19:40.076919
INFO:Message received on topic: type-3/24 with payload size: 108 at 2024-12-19 01:19:41.234692 sent 2024-12-19 01:19:41.125560
INFO:Message received on topic: type-3/24 with payload size: 115 at 2024-12-19 01:19:42.255488 sent 2024-12-19 01:19:42.159987
INFO:Message received on topic: type-3/22 with payload size: 110 at 2024-12-19 01:19:43.294878 sent 2024-12-19 01:19:43.182915
INFO:Message received on topic: type-3/25 with payload size: 93 at 2024-12-19 01:19:44.303575 sent 2024-12-19 01:19:44.223191
INFO:Message received on topic: type-3/22 with payload size: 118 at 2024-12-19 01:19:45.302950 sent 2024-12-19 01:19:45.224656
INFO:Message received on topic: type-3/24 with payload size: 136 at 2024-12-19 01:19:46.398492 sent 2024-12-19 01:19:46.252859
INFO:Message received on topic: type-3/23 with payload size: 132 at 2024-12-19 01:19:47.345837 sent 2024-12-19 01:19:47.280918
INFO:Message received on topic: type-3/24 with payload size: 147 at 2024-12-19 01:19:48.442014 sent 2024-12-19 01:19:48.380062
INFO:Message received on topic: type-3/20 with payload size: 114 at 2024-12-19 01:19:49.445891 sent 2024-12-19 01:19:49.353357
INFO:Message received on topic: type-3/24 with payload size: 141 at 2024-12-19 01:19:50.495440 sent 2024-12-19 01:19:50.412084
INFO:Message received on topic: type-3/24 with payload size: 155 at 2024-12-19 01:19:51.498818 sent 2024-12-19 01:19:51.427431
INFO:Message received on topic: type-3/24 with payload size: 99 at 2024-12-19 01:19:52.552218 sent 2024-12-19 01:19:52.463844
INFO:Message received on topic: type-3/27 with payload size: 107 at 2024-12-19 01:19:53.548579 sent 2024-12-19 01:19:53.482384
INFO:Message received on topic: type-3/21 with payload size: 129 at 2024-12-19 01:19:54.631207 sent 2024-12-19 01:19:54.499692
INFO:Message received on topic: type-3/28 with payload size: 126 at 2024-12-19 01:19:55.651462 sent 2024-12-19 01:19:55.550692
INFO:Message received on topic: type-3/25 with payload size: 123 at 2024-12-19 01:19:56.646596 sent 2024-12-19 01:19:56.563961
INFO:Message received on topic: type-3/25 with payload size: 145 at 2024-12-19 01:19:57.648634 sent 2024-12-19 01:19:57.576012
INFO:Message received on topic: type-3/23 with payload size: 146 at 2024-12-19 01:19:58.698462 sent 2024-12-19 01:19:58.595860
INFO:Message received on topic: type-3/28 with payload size: 154 at 2024-12-19 01:19:59.745702 sent 2024-12-19 01:19:59.636871
INFO:Message received on topic: type-3/24 with payload size: 104 at 2024-12-19 01:20:00.844247 sent 2024-12-19 01:20:00.734087
INFO:Message received on topic: type-3/21 with payload size: 150 at 2024-12-19 01:20:01.830999 sent 2024-12-19 01:20:01.725964
INFO:Message received on topic: type-3/22 with payload size: 139 at 2024-12-19 01:20:02.846767 sent 2024-12-19 01:20:02.761001
INFO:Message received on topic: type-3/21 with payload size: 137 at 2024-12-19 01:20:03.895895 sent 2024-12-19 01:20:03.772883
INFO:Message received on topic: type-3/21 with payload size: 138 at 2024-12-19 01:20:04.850434 sent 2024-12-19 01:20:04.789698
INFO:Message received on topic: type-3/24 with payload size: 92 at 2024-12-19 01:20:05.902709 sent 2024-12-19 01:20:05.824375
INFO:Message received on topic: type-3/21 with payload size: 122 at 2024-12-19 01:20:07.026093 sent 2024-12-19 01:20:06.925759
INFO:Message received on topic: type-3/21 with payload size: 107 at 2024-12-19 01:20:08.030324 sent 2024-12-19 01:20:07.941738
INFO:Message received on topic: type-3/20 with payload size: 128 at 2024-12-19 01:20:09.034332 sent 2024-12-19 01:20:08.916028
INFO:Message received on topic: type-3/26 with payload size: 94 at 2024-12-19 01:20:10.049026 sent 2024-12-19 01:20:09.878936
INFO:Message received on topic: type-3/20 with payload size: 144 at 2024-12-19 01:20:11.043137 sent 2024-12-19 01:20:10.955770
INFO:Message received on topic: type-3/27 with payload size: 137 at 2024-12-19 01:20:12.058812 sent 2024-12-19 01:20:12.024832
INFO:Message received on topic: type-3/27 with payload size: 142 at 2024-12-19 01:20:13.229771 sent 2024-12-19 01:20:13.042526
INFO:Message received on topic: type-3/26 with payload size: 94 at 2024-12-19 01:20:14.206744 sent 2024-12-19 01:20:14.050793
INFO:Message received on topic: type-3/22 with payload size: 136 at 2024-12-19 01:20:15.194900 sent 2024-12-19 01:20:15.083916
INFO:Message received on topic: type-3/23 with payload size: 125 at 2024-12-19 01:20:16.205469 sent 2024-12-19 01:20:16.122326
INFO:Message received on topic: type-3/20 with payload size: 92 at 2024-12-19 01:20:17.294691 sent 2024-12-19 01:20:16.968064
INFO:Message received on topic: type-3/24 with payload size: 100 at 2024-12-19 01:20:18.296173 sent 2024-12-19 01:20:18.171064
INFO:Message received on topic: type-3/25 with payload size: 118 at 2024-12-19 01:20:19.246553 sent 2024-12-19 01:20:19.184777
INFO:Message received on topic: type-3/29 with payload size: 153 at 2024-12-19 01:20:20.343740 sent 2024-12-19 01:20:20.220654
INFO:Message received on topic: type-3/24 with payload size: 104 at 2024-12-19 01:20:21.343311 sent 2024-12-19 01:20:21.225811
INFO:Message received on topic: type-3/28 with payload size: 144 at 2024-12-19 01:20:22.407060 sent 2024-12-19 01:20:22.269479
INFO:Message received on topic: type-3/28 with payload size: 135 at 2024-12-19 01:20:23.497722 sent 2024-12-19 01:20:23.284538
INFO:Message received on topic: type-3/22 with payload size: 105 at 2024-12-19 01:20:24.490640 sent 2024-12-19 01:20:24.355625
INFO:Message received on topic: type-3/22 with payload size: 153 at 2024-12-19 01:20:25.453189 sent 2024-12-19 01:20:25.370510
INFO:Message received on topic: type-3/27 with payload size: 109 at 2024-12-19 01:20:26.498381 sent 2024-12-19 01:20:26.406920
INFO:Message received on topic: type-3/26 with payload size: 97 at 2024-12-19 01:20:27.551045 sent 2024-12-19 01:20:27.501154
INFO:Message received on topic: type-3/25 with payload size: 140 at 2024-12-19 01:20:28.555860 sent 2024-12-19 01:20:28.470890
INFO:Message received on topic: type-3/23 with payload size: 120 at 2024-12-19 01:20:29.600830 sent 2024-12-19 01:20:29.473480
INFO:Message received on topic: type-3/25 with payload size: 108 at 2024-12-19 01:20:30.636142 sent 2024-12-19 01:20:30.512286
INFO:Message received on topic: type-3/25 with payload size: 150 at 2024-12-19 01:20:31.631909 sent 2024-12-19 01:20:31.533297
INFO:Message received on topic: type-3/28 with payload size: 110 at 2024-12-19 01:20:32.693258 sent 2024-12-19 01:20:32.561903
INFO:Message received on topic: type-3/26 with payload size: 132 at 2024-12-19 01:20:33.735876 sent 2024-12-19 01:20:33.607386
INFO:Message received on topic: type-3/25 with payload size: 99 at 2024-12-19 01:20:34.790117 sent 2024-12-19 01:20:34.700009
INFO:Message received on topic: type-3/22 with payload size: 141 at 2024-12-19 01:20:35.743620 sent 2024-12-19 01:20:35.676135
INFO:Message received on topic: type-3/23 with payload size: 131 at 2024-12-19 01:20:36.794224 sent 2024-12-19 01:20:36.726667
INFO:Message received on topic: type-3/29 with payload size: 148 at 2024-12-19 01:20:37.842169 sent 2024-12-19 01:20:37.740862
INFO:Message received on topic: type-3/24 with payload size: 134 at 2024-12-19 01:20:38.902293 sent 2024-12-19 01:20:38.780422
INFO:Message received on topic: type-3/20 with payload size: 103 at 2024-12-19 01:20:39.932766 sent 2024-12-19 01:20:39.806613
INFO:Message received on topic: type-3/23 with payload size: 104 at 2024-12-19 01:20:40.940194 sent 2024-12-19 01:20:40.819926
INFO:Message received on topic: type-3/24 with payload size: 124 at 2024-12-19 01:20:41.999230 sent 2024-12-19 01:20:41.857837
INFO:Message received on topic: type-3/28 with payload size: 124 at 2024-12-19 01:20:42.991099 sent 2024-12-19 01:20:42.900612
INFO:Message received on topic: type-3/23 with payload size: 125 at 2024-12-19 01:20:44.096065 sent 2024-12-19 01:20:43.880211
INFO:Message received on topic: type-3/22 with payload size: 136 at 2024-12-19 01:20:45.095450 sent 2024-12-19 01:20:44.968132
INFO:Message received on topic: type-3/29 with payload size: 97 at 2024-12-19 01:20:46.136033 sent 2024-12-19 01:20:45.993204
INFO:Message received on topic: type-3/29 with payload size: 93 at 2024-12-19 01:20:47.151527 sent 2024-12-19 01:20:47.024455
INFO:Message received on topic: type-3/28 with payload size: 96 at 2024-12-19 01:20:48.154902 sent 2024-12-19 01:20:48.077559
INFO:Message received on topic: type-3/27 with payload size: 155 at 2024-12-19 01:20:49.202595 sent 2024-12-19 01:20:49.061727
INFO:Message received on topic: type-3/20 with payload size: 145 at 2024-12-19 01:20:50.236231 sent 2024-12-19 01:20:50.101131
INFO:Message received on topic: type-3/28 with payload size: 148 at 2024-12-19 01:20:51.209374 sent 2024-12-19 01:20:51.126024
INFO:Message received on topic: type-3/20 with payload size: 132 at 2024-12-19 01:20:52.242848 sent 2024-12-19 01:20:52.155416
INFO:Message received on topic: type-3/23 with payload size: 139 at 2024-12-19 01:20:53.293916 sent 2024-12-19 01:20:53.166643
INFO:Message received on topic: type-3/29 with payload size: 152 at 2024-12-19 01:20:54.387949 sent 2024-12-19 01:20:54.265881
INFO:Message received on topic: type-3/29 with payload size: 119 at 2024-12-19 01:20:55.350456 sent 2024-12-19 01:20:55.282425
INFO:Message received on topic: type-3/27 with payload size: 107 at 2024-12-19 01:20:56.349549 sent 2024-12-19 01:20:56.280658
INFO:Message received on topic: type-3/23 with payload size: 130 at 2024-12-19 01:20:57.401296 sent 2024-12-19 01:20:57.333302
INFO:Message received on topic: type-3/25 with payload size: 129 at 2024-12-19 01:20:58.431659 sent 2024-12-19 01:20:58.364289
INFO:Message received on topic: type-3/24 with payload size: 115 at 2024-12-19 01:20:59.500757 sent 2024-12-19 01:20:59.402132
INFO:Message received on topic: type-3/23 with payload size: 134 at 2024-12-19 01:21:00.536517 sent 2024-12-19 01:21:00.421651
INFO:Message received on topic: type-3/28 with payload size: 129 at 2024-12-19 01:21:01.603863 sent 2024-12-19 01:21:01.444500
INFO:Message received on topic: type-3/26 with payload size: 146 at 2024-12-19 01:21:02.632206 sent 2024-12-19 01:21:02.469344
INFO:Message received on topic: type-3/25 with payload size: 109 at 2024-12-19 01:21:03.592740 sent 2024-12-19 01:21:03.474886
INFO:Message received on topic: type-3/22 with payload size: 148 at 2024-12-19 01:21:04.617230 sent 2024-12-19 01:21:04.523206
INFO:Message received on topic: type-3/20 with payload size: 120 at 2024-12-19 01:21:05.636275 sent 2024-12-19 01:21:05.589607
INFO:Message received on topic: type-3/20 with payload size: 133 at 2024-12-19 01:21:06.703585 sent 2024-12-19 01:21:06.614567
INFO:Message received on topic: type-3/29 with payload size: 139 at 2024-12-19 01:21:07.729291 sent 2024-12-19 01:21:07.630612
INFO:Message received on topic: type-3/28 with payload size: 111 at 2024-12-19 01:21:08.749132 sent 2024-12-19 01:21:08.666545
INFO:Message received on topic: type-3/22 with payload size: 127 at 2024-12-19 01:21:09.832225 sent 2024-12-19 01:21:09.710852
INFO:Message received on topic: type-3/28 with payload size: 97 at 2024-12-19 01:21:10.813400 sent 2024-12-19 01:21:10.712163
INFO:Message received on topic: type-3/26 with payload size: 132 at 2024-12-19 01:21:11.846887 sent 2024-12-19 01:21:11.752509
INFO:Message received on topic: type-3/28 with payload size: 109 at 2024-12-19 01:21:12.896233 sent 2024-12-19 01:21:12.760444
INFO:Message received on topic: type-3/27 with payload size: 93 at 2024-12-19 01:21:13.898788 sent 2024-12-19 01:21:13.775364
INFO:Message received on topic: type-3/22 with payload size: 128 at 2024-12-19 01:21:14.907264 sent 2024-12-19 01:21:14.817158
INFO:Message received on topic: type-3/29 with payload size: 130 at 2024-12-19 01:21:15.943141 sent 2024-12-19 01:21:15.780344
INFO:Message received on topic: type-3/29 with payload size: 110 at 2024-12-19 01:21:17.001818 sent 2024-12-19 01:21:16.905864
INFO:Message received on topic: type-3/28 with payload size: 97 at 2024-12-19 01:21:18.135151 sent 2024-12-19 01:21:17.963682
INFO:Message received on topic: type-3/26 with payload size: 125 at 2024-12-19 01:21:19.049666 sent 2024-12-19 01:21:18.993119
INFO:Message received on topic: type-3/25 with payload size: 136 at 2024-12-19 01:21:20.130687 sent 2024-12-19 01:21:20.007442
INFO:Message received on topic: type-3/28 with payload size: 154 at 2024-12-19 01:21:21.134798 sent 2024-12-19 01:21:21.027299
INFO:Message received on topic: type-3/20 with payload size: 120 at 2024-12-19 01:21:22.191918 sent 2024-12-19 01:21:22.103005
INFO:Message received on topic: type-3/24 with payload size: 122 at 2024-12-19 01:21:23.197490 sent 2024-12-19 01:21:23.059877
INFO:Message received on topic: type-3/21 with payload size: 130 at 2024-12-19 01:21:24.206293 sent 2024-12-19 01:21:24.100652
INFO:Message received on topic: type-3/21 with payload size: 139 at 2024-12-19 01:21:25.205168 sent 2024-12-19 01:21:25.119192
INFO:Message received on topic: type-3/26 with payload size: 116 at 2024-12-19 01:21:26.302490 sent 2024-12-19 01:21:26.136122
INFO:Message received on topic: type-3/22 with payload size: 95 at 2024-12-19 01:21:27.296790 sent 2024-12-19 01:21:27.156934
INFO:Message received on topic: type-3/21 with payload size: 125 at 2024-12-19 01:21:28.296431 sent 2024-12-19 01:21:28.175372
INFO:Message received on topic: type-3/25 with payload size: 138 at 2024-12-19 01:21:29.340852 sent 2024-12-19 01:21:29.276298
INFO:Message received on topic: type-3/24 with payload size: 104 at 2024-12-19 01:21:30.405645 sent 2024-12-19 01:21:30.287365
INFO:Message received on topic: type-3/21 with payload size: 152 at 2024-12-19 01:21:31.411991 sent 2024-12-19 01:21:31.337152
INFO:Message received on topic: type-3/26 with payload size: 97 at 2024-12-19 01:21:32.446048 sent 2024-12-19 01:21:32.365180
INFO:Message received on topic: type-3/26 with payload size: 132 at 2024-12-19 01:21:33.494013 sent 2024-12-19 01:21:33.388497
INFO:Message received on topic: type-3/23 with payload size: 112 at 2024-12-19 01:21:34.537036 sent 2024-12-19 01:21:34.416821
INFO:Message received on topic: type-3/27 with payload size: 109 at 2024-12-19 01:21:35.554863 sent 2024-12-19 01:21:35.285535
INFO:Message received on topic: type-3/23 with payload size: 97 at 2024-12-19 01:21:36.595098 sent 2024-12-19 01:21:36.456950
INFO:Message received on topic: type-3/26 with payload size: 111 at 2024-12-19 01:21:37.592693 sent 2024-12-19 01:21:37.473652
INFO:Message received on topic: type-3/21 with payload size: 99 at 2024-12-19 01:21:38.635775 sent 2024-12-19 01:21:38.503654
INFO:Message received on topic: type-3/27 with payload size: 94 at 2024-12-19 01:21:39.652314 sent 2024-12-19 01:21:39.571659
INFO:Message received on topic: type-3/26 with payload size: 127 at 2024-12-19 01:21:40.656027 sent 2024-12-19 01:21:40.571746
INFO:Message received on topic: type-3/28 with payload size: 116 at 2024-12-19 01:21:41.730633 sent 2024-12-19 01:21:41.610338
INFO:Message received on topic: type-3/25 with payload size: 143 at 2024-12-19 01:21:42.787585 sent 2024-12-19 01:21:42.662303
INFO:Message received on topic: type-3/20 with payload size: 118 at 2024-12-19 01:21:43.807034 sent 2024-12-19 01:21:43.700848
INFO:Message received on topic: type-3/28 with payload size: 147 at 2024-12-19 01:21:44.843482 sent 2024-12-19 01:21:44.770659
INFO:Message received on topic: type-3/24 with payload size: 119 at 2024-12-19 01:21:45.831423 sent 2024-12-19 01:21:45.720121
INFO:Message received on topic: type-3/23 with payload size: 111 at 2024-12-19 01:21:46.904077 sent 2024-12-19 01:21:46.738554
INFO:Message received on topic: type-3/22 with payload size: 110 at 2024-12-19 01:21:47.850601 sent 2024-12-19 01:21:47.784585
INFO:Message received on topic: type-3/26 with payload size: 120 at 2024-12-19 01:21:48.934398 sent 2024-12-19 01:21:48.814311
INFO:Message received on topic: type-3/25 with payload size: 136 at 2024-12-19 01:21:49.948112 sent 2024-12-19 01:21:49.881476
INFO:Message received on topic: type-3/26 with payload size: 132 at 2024-12-19 01:21:50.952747 sent 2024-12-19 01:21:50.859506
INFO:Message received on topic: type-3/23 with payload size: 150 at 2024-12-19 01:21:52.035696 sent 2024-12-19 01:21:51.919355
INFO:Message received on topic: type-3/23 with payload size: 104 at 2024-12-19 01:21:53.034371 sent 2024-12-19 01:21:52.938532
INFO:Message received on topic: type-3/24 with payload size: 131 at 2024-12-19 01:21:54.052951 sent 2024-12-19 01:21:53.962883
INFO:Message received on topic: type-3/26 with payload size: 147 at 2024-12-19 01:21:55.130908 sent 2024-12-19 01:21:55.030897
INFO:Message received on topic: type-3/26 with payload size: 151 at 2024-12-19 01:21:56.149898 sent 2024-12-19 01:21:56.054776
INFO:Message received on topic: type-3/20 with payload size: 139 at 2024-12-19 01:21:57.189813 sent 2024-12-19 01:21:57.035936
INFO:Message received on topic: type-3/20 with payload size: 114 at 2024-12-19 01:21:58.241499 sent 2024-12-19 01:21:58.054812
INFO:Message received on topic: type-3/27 with payload size: 122 at 2024-12-19 01:21:59.233356 sent 2024-12-19 01:21:59.141656
INFO:Message received on topic: type-3/27 with payload size: 140 at 2024-12-19 01:22:00.288756 sent 2024-12-19 01:22:00.166690
INFO:Message received on topic: type-3/27 with payload size: 105 at 2024-12-19 01:22:01.293377 sent 2024-12-19 01:22:01.183938
INFO:Message received on topic: type-3/25 with payload size: 131 at 2024-12-19 01:22:02.331618 sent 2024-12-19 01:22:02.206713
INFO:Message received on topic: type-3/22 with payload size: 103 at 2024-12-19 01:22:03.432213 sent 2024-12-19 01:22:03.176797
INFO:Message received on topic: type-3/29 with payload size: 91 at 2024-12-19 01:22:04.413899 sent 2024-12-19 01:22:04.285832
INFO:Message received on topic: type-3/20 with payload size: 115 at 2024-12-19 01:22:05.394329 sent 2024-12-19 01:22:05.285178
INFO:Message received on topic: type-3/24 with payload size: 97 at 2024-12-19 01:22:06.438426 sent 2024-12-19 01:22:06.280369
INFO:Message received on topic: type-3/29 with payload size: 109 at 2024-12-19 01:22:07.506877 sent 2024-12-19 01:22:07.353232
INFO:Message received on topic: type-3/29 with payload size: 137 at 2024-12-19 01:22:08.497719 sent 2024-12-19 01:22:08.366585
INFO:Message received on topic: type-3/21 with payload size: 135 at 2024-12-19 01:22:09.531834 sent 2024-12-19 01:22:09.364647
INFO:Message received on topic: type-3/28 with payload size: 122 at 2024-12-19 01:22:10.729128 sent 2024-12-19 01:22:10.436752
INFO:Message received on topic: type-3/29 with payload size: 128 at 2024-12-19 01:22:11.592430 sent 2024-12-19 01:22:11.414358
INFO:Message received on topic: type-3/26 with payload size: 151 at 2024-12-19 01:22:12.596550 sent 2024-12-19 01:22:12.462709
INFO:Message received on topic: type-3/25 with payload size: 149 at 2024-12-19 01:22:13.597630 sent 2024-12-19 01:22:13.499015
INFO:Message received on topic: type-3/29 with payload size: 125 at 2024-12-19 01:22:14.694856 sent 2024-12-19 01:22:14.580011
INFO:Message received on topic: type-3/21 with payload size: 101 at 2024-12-19 01:22:15.658459 sent 2024-12-19 01:22:15.587003
INFO:Message received on topic: type-3/21 with payload size: 96 at 2024-12-19 01:22:16.738391 sent 2024-12-19 01:22:16.613539
INFO:Message received on topic: type-3/21 with payload size: 111 at 2024-12-19 01:22:17.742874 sent 2024-12-19 01:22:17.630926
INFO:Message received on topic: type-3/26 with payload size: 122 at 2024-12-19 01:22:18.752801 sent 2024-12-19 01:22:18.669854
INFO:Message received on topic: type-3/27 with payload size: 133 at 2024-12-19 01:22:19.797447 sent 2024-12-19 01:22:19.687350
INFO:Message received on topic: type-3/27 with payload size: 121 at 2024-12-19 01:22:20.838521 sent 2024-12-19 01:22:20.714284
INFO:Message received on topic: type-3/22 with payload size: 91 at 2024-12-19 01:22:21.837302 sent 2024-12-19 01:22:21.717768
INFO:Message received on topic: type-3/28 with payload size: 143 at 2024-12-19 01:22:22.896693 sent 2024-12-19 01:22:22.763645
INFO:Message received on topic: type-3/28 with payload size: 151 at 2024-12-19 01:22:23.933914 sent 2024-12-19 01:22:23.776771
INFO:Message received on topic: type-3/22 with payload size: 151 at 2024-12-19 01:22:24.935193 sent 2024-12-19 01:22:24.884520
INFO:Message received on topic: type-3/28 with payload size: 143 at 2024-12-19 01:22:25.999208 sent 2024-12-19 01:22:25.921940
INFO:Message received on topic: type-3/21 with payload size: 109 at 2024-12-19 01:22:27.042130 sent 2024-12-19 01:22:26.906916
INFO:Message received on topic: type-3/21 with payload size: 136 at 2024-12-19 01:22:28.031618 sent 2024-12-19 01:22:27.920305
INFO:Message received on topic: type-3/26 with payload size: 132 at 2024-12-19 01:22:29.096424 sent 2024-12-19 01:22:28.990125
INFO:Message received on topic: type-3/23 with payload size: 119 at 2024-12-19 01:22:30.102010 sent 2024-12-19 01:22:30.037006
INFO:Message received on topic: type-3/25 with payload size: 131 at 2024-12-19 01:22:31.136203 sent 2024-12-19 01:22:31.035524
INFO:Message received on topic: type-3/28 with payload size: 128 at 2024-12-19 01:22:32.200473 sent 2024-12-19 01:22:32.057146
INFO:Message received on topic: type-3/22 with payload size: 132 at 2024-12-19 01:22:33.151616 sent 2024-12-19 01:22:33.090361
INFO:Message received on topic: type-3/27 with payload size: 139 at 2024-12-19 01:22:34.290098 sent 2024-12-19 01:22:34.123919
INFO:Message received on topic: type-3/22 with payload size: 143 at 2024-12-19 01:22:35.344895 sent 2024-12-19 01:22:35.222637
INFO:Message received on topic: type-3/21 with payload size: 100 at 2024-12-19 01:22:36.297812 sent 2024-12-19 01:22:36.182657
INFO:Message received on topic: type-3/20 with payload size: 119 at 2024-12-19 01:22:37.339477 sent 2024-12-19 01:22:37.214352
INFO:Message received on topic: type-3/24 with payload size: 138 at 2024-12-19 01:22:38.343813 sent 2024-12-19 01:22:38.259655
INFO:Message received on topic: type-3/20 with payload size: 112 at 2024-12-19 01:22:39.354220 sent 2024-12-19 01:22:39.257941
INFO:Message received on topic: type-3/24 with payload size: 103 at 2024-12-19 01:22:40.435074 sent 2024-12-19 01:22:40.302624
INFO:Message received on topic: type-3/27 with payload size: 110 at 2024-12-19 01:22:41.535292 sent 2024-12-19 01:22:41.370094
INFO:Message received on topic: type-3/24 with payload size: 113 at 2024-12-19 01:22:42.492934 sent 2024-12-19 01:22:42.346438
INFO:Message received on topic: type-3/22 with payload size: 152 at 2024-12-19 01:22:43.501524 sent 2024-12-19 01:22:43.367022
INFO:Message received on topic: type-3/27 with payload size: 144 at 2024-12-19 01:22:44.536624 sent 2024-12-19 01:22:44.418454
INFO:Message received on topic: type-3/27 with payload size: 128 at 2024-12-19 01:22:45.556304 sent 2024-12-19 01:22:45.436368
INFO:Message received on topic: type-3/20 with payload size: 101 at 2024-12-19 01:22:46.637916 sent 2024-12-19 01:22:46.488685
INFO:Message received on topic: type-3/20 with payload size: 149 at 2024-12-19 01:22:47.628753 sent 2024-12-19 01:22:47.512556
INFO:Message received on topic: type-3/29 with payload size: 116 at 2024-12-19 01:22:48.638859 sent 2024-12-19 01:22:48.530376
INFO:Message received on topic: type-3/20 with payload size: 107 at 2024-12-19 01:22:49.697088 sent 2024-12-19 01:22:49.548550
INFO:Message received on topic: type-3/22 with payload size: 91 at 2024-12-19 01:22:50.698383 sent 2024-12-19 01:22:50.594955
INFO:Message received on topic: type-3/24 with payload size: 128 at 2024-12-19 01:22:51.728928 sent 2024-12-19 01:22:51.620440
INFO:Message received on topic: type-3/24 with payload size: 132 at 2024-12-19 01:22:52.749987 sent 2024-12-19 01:22:52.641149
INFO:Message received on topic: type-3/28 with payload size: 148 at 2024-12-19 01:22:53.795960 sent 2024-12-19 01:22:53.666752
INFO:Message received on topic: type-3/22 with payload size: 123 at 2024-12-19 01:22:54.802925 sent 2024-12-19 01:22:54.672764
INFO:Message received on topic: type-3/29 with payload size: 136 at 2024-12-19 01:22:55.900103 sent 2024-12-19 01:22:55.656714
INFO:Message received on topic: type-3/20 with payload size: 128 at 2024-12-19 01:22:56.895772 sent 2024-12-19 01:22:56.776232
INFO:Message received on topic: type-3/29 with payload size: 103 at 2024-12-19 01:22:57.909365 sent 2024-12-19 01:22:57.792024
INFO:Message received on topic: type-3/20 with payload size: 113 at 2024-12-19 01:22:58.942513 sent 2024-12-19 01:22:58.811443
INFO:Message received on topic: type-3/28 with payload size: 142 at 2024-12-19 01:23:00.039857 sent 2024-12-19 01:22:59.868615
INFO:Message received on topic: type-3/22 with payload size: 107 at 2024-12-19 01:23:01.105620 sent 2024-12-19 01:23:00.677559
INFO:Message received on topic: type-3/23 with payload size: 149 at 2024-12-19 01:23:01.998606 sent 2024-12-19 01:23:01.915556
INFO:Message received on topic: type-3/24 with payload size: 121 at 2024-12-19 01:23:03.040047 sent 2024-12-19 01:23:02.923856
INFO:Message received on topic: type-3/28 with payload size: 99 at 2024-12-19 01:23:04.095132 sent 2024-12-19 01:23:03.939481
INFO:Message received on topic: type-3/23 with payload size: 137 at 2024-12-19 01:23:05.106791 sent 2024-12-19 01:23:04.969634
INFO:Message received on topic: type-3/23 with payload size: 120 at 2024-12-19 01:23:06.106175 sent 2024-12-19 01:23:05.983622
INFO:Message received on topic: type-3/20 with payload size: 138 at 2024-12-19 01:23:07.228281 sent 2024-12-19 01:23:07.051337
INFO:Message received on topic: type-3/25 with payload size: 124 at 2024-12-19 01:23:08.202986 sent 2024-12-19 01:23:08.046511
INFO:Message received on topic: type-3/29 with payload size: 136 at 2024-12-19 01:23:09.234624 sent 2024-12-19 01:23:09.082175
INFO:Message received on topic: type-3/28 with payload size: 97 at 2024-12-19 01:23:10.309606 sent 2024-12-19 01:23:10.153341
INFO:Message received on topic: type-3/28 with payload size: 142 at 2024-12-19 01:23:11.302344 sent 2024-12-19 01:23:11.166531
INFO:Message received on topic: type-3/23 with payload size: 96 at 2024-12-19 01:23:12.303502 sent 2024-12-19 01:23:12.201338
INFO:Message received on topic: type-3/26 with payload size: 119 at 2024-12-19 01:23:13.394442 sent 2024-12-19 01:23:13.327941
INFO:Message received on topic: type-3/27 with payload size: 120 at 2024-12-19 01:23:14.344232 sent 2024-12-19 01:23:14.253993
INFO:Message received on topic: type-3/26 with payload size: 107 at 2024-12-19 01:23:15.412420 sent 2024-12-19 01:23:15.265224
INFO:Message received on topic: type-3/24 with payload size: 96 at 2024-12-19 01:23:16.448964 sent 2024-12-19 01:23:16.261177
INFO:Message received on topic: type-3/20 with payload size: 99 at 2024-12-19 01:23:17.436101 sent 2024-12-19 01:23:17.333049
INFO:Message received on topic: type-3/21 with payload size: 129 at 2024-12-19 01:23:18.446636 sent 2024-12-19 01:23:18.365047
INFO:Message received on topic: type-3/21 with payload size: 100 at 2024-12-19 01:23:19.492795 sent 2024-12-19 01:23:19.380420
INFO:Message received on topic: type-3/24 with payload size: 125 at 2024-12-19 01:23:20.532125 sent 2024-12-19 01:23:20.429595
INFO:Message received on topic: type-3/21 with payload size: 96 at 2024-12-19 01:23:21.589412 sent 2024-12-19 01:23:21.521038
INFO:Message received on topic: type-3/26 with payload size: 93 at 2024-12-19 01:23:22.600726 sent 2024-12-19 01:23:22.478724
INFO:Message received on topic: type-3/25 with payload size: 155 at 2024-12-19 01:23:23.703006 sent 2024-12-19 01:23:23.460225
INFO:Message received on topic: type-3/27 with payload size: 151 at 2024-12-19 01:23:24.644390 sent 2024-12-19 01:23:24.525351
INFO:Message received on topic: type-3/22 with payload size: 130 at 2024-12-19 01:23:25.696104 sent 2024-12-19 01:23:25.524612
INFO:Message received on topic: type-3/21 with payload size: 139 at 2024-12-19 01:23:26.710784 sent 2024-12-19 01:23:26.629602
INFO:Message received on topic: type-3/22 with payload size: 138 at 2024-12-19 01:23:27.706169 sent 2024-12-19 01:23:27.663871
INFO:Message received on topic: type-3/26 with payload size: 112 at 2024-12-19 01:23:28.739424 sent 2024-12-19 01:23:28.683977
INFO:Message received on topic: type-3/28 with payload size: 137 at 2024-12-19 01:23:29.799416 sent 2024-12-19 01:23:29.691152
INFO:Message received on topic: type-3/29 with payload size: 142 at 2024-12-19 01:23:30.890162 sent 2024-12-19 01:23:30.776091
INFO:Message received on topic: type-3/24 with payload size: 96 at 2024-12-19 01:23:31.902848 sent 2024-12-19 01:23:31.750066
INFO:Message received on topic: type-3/24 with payload size: 129 at 2024-12-19 01:23:32.892710 sent 2024-12-19 01:23:32.766021
INFO:Message received on topic: type-3/24 with payload size: 145 at 2024-12-19 01:23:34.018556 sent 2024-12-19 01:23:33.785204
INFO:Message received on topic: type-3/23 with payload size: 137 at 2024-12-19 01:23:34.940288 sent 2024-12-19 01:23:34.807507
INFO:Message received on topic: type-3/29 with payload size: 148 at 2024-12-19 01:23:36.013870 sent 2024-12-19 01:23:35.904822
INFO:Message received on topic: type-3/23 with payload size: 130 at 2024-12-19 01:23:37.039482 sent 2024-12-19 01:23:36.955874
INFO:Message received on topic: type-3/20 with payload size: 107 at 2024-12-19 01:23:38.045952 sent 2024-12-19 01:23:37.946680
INFO:Message received on topic: type-3/26 with payload size: 104 at 2024-12-19 01:23:39.127735 sent 2024-12-19 01:23:38.979510
INFO:Message received on topic: type-3/28 with payload size: 112 at 2024-12-19 01:23:40.192696 sent 2024-12-19 01:23:40.011542
INFO:Message received on topic: type-3/23 with payload size: 98 at 2024-12-19 01:23:41.133132 sent 2024-12-19 01:23:41.030663
INFO:Message received on topic: type-3/21 with payload size: 99 at 2024-12-19 01:23:42.191655 sent 2024-12-19 01:23:42.056145
INFO:Message received on topic: type-3/24 with payload size: 138 at 2024-12-19 01:23:43.202129 sent 2024-12-19 01:23:43.061123
INFO:Message received on topic: type-3/21 with payload size: 125 at 2024-12-19 01:23:44.238943 sent 2024-12-19 01:23:44.109511
INFO:Message received on topic: type-3/27 with payload size: 132 at 2024-12-19 01:23:45.238056 sent 2024-12-19 01:23:45.123630
INFO:Message received on topic: type-3/25 with payload size: 118 at 2024-12-19 01:23:46.311107 sent 2024-12-19 01:23:46.120393
INFO:Message received on topic: type-3/26 with payload size: 109 at 2024-12-19 01:23:47.305838 sent 2024-12-19 01:23:47.222285
INFO:Message received on topic: type-3/20 with payload size: 148 at 2024-12-19 01:23:48.389386 sent 2024-12-19 01:23:48.226753
INFO:Message received on topic: type-3/28 with payload size: 139 at 2024-12-19 01:23:49.396311 sent 2024-12-19 01:23:49.271802
INFO:Message received on topic: type-3/28 with payload size: 136 at 2024-12-19 01:23:50.394499 sent 2024-12-19 01:23:50.286110
INFO:Message received on topic: type-3/24 with payload size: 136 at 2024-12-19 01:23:51.402329 sent 2024-12-19 01:23:51.306898
INFO:Message received on topic: type-3/28 with payload size: 148 at 2024-12-19 01:23:52.406403 sent 2024-12-19 01:23:52.321441
INFO:Message received on topic: type-3/22 with payload size: 116 at 2024-12-19 01:23:53.492203 sent 2024-12-19 01:23:53.357371
INFO:Message received on topic: type-3/21 with payload size: 150 at 2024-12-19 01:23:54.492940 sent 2024-12-19 01:23:54.386739
INFO:Message received on topic: type-3/27 with payload size: 135 at 2024-12-19 01:23:55.490407 sent 2024-12-19 01:23:55.397659
INFO:Message received on topic: type-3/20 with payload size: 153 at 2024-12-19 01:23:56.607448 sent 2024-12-19 01:23:56.449544
INFO:Message received on topic: type-3/23 with payload size: 125 at 2024-12-19 01:23:57.603119 sent 2024-12-19 01:23:57.484765
INFO:Message received on topic: type-3/21 with payload size: 107 at 2024-12-19 01:23:58.597293 sent 2024-12-19 01:23:58.455944
INFO:Message received on topic: type-3/23 with payload size: 129 at 2024-12-19 01:23:59.627621 sent 2024-12-19 01:23:59.518877
INFO:Message received on topic: type-3/23 with payload size: 153 at 2024-12-19 01:24:00.703628 sent 2024-12-19 01:24:00.534741
INFO:Message received on topic: type-3/21 with payload size: 147 at 2024-12-19 01:24:01.804804 sent 2024-12-19 01:24:01.608070
INFO:Message received on topic: type-3/24 with payload size: 142 at 2024-12-19 01:24:02.731849 sent 2024-12-19 01:24:02.595930
INFO:Message received on topic: type-3/24 with payload size: 129 at 2024-12-19 01:24:03.739465 sent 2024-12-19 01:24:03.617158
INFO:Message received on topic: type-3/27 with payload size: 153 at 2024-12-19 01:24:04.802628 sent 2024-12-19 01:24:04.651667
INFO:Message received on topic: type-3/29 with payload size: 104 at 2024-12-19 01:24:05.797195 sent 2024-12-19 01:24:05.699638
INFO:Message received on topic: type-3/22 with payload size: 155 at 2024-12-19 01:24:06.816272 sent 2024-12-19 01:24:06.667518
INFO:Message received on topic: type-3/25 with payload size: 123 at 2024-12-19 01:24:07.812005 sent 2024-12-19 01:24:07.721656
INFO:Message received on topic: type-3/29 with payload size: 122 at 2024-12-19 01:24:08.893806 sent 2024-12-19 01:24:08.755838
INFO:Message received on topic: type-3/21 with payload size: 137 at 2024-12-19 01:24:09.912874 sent 2024-12-19 01:24:09.757340
INFO:Message received on topic: type-3/26 with payload size: 143 at 2024-12-19 01:24:10.905105 sent 2024-12-19 01:24:10.823647
INFO:Message received on topic: type-3/26 with payload size: 108 at 2024-12-19 01:24:11.936575 sent 2024-12-19 01:24:11.844012
INFO:Message received on topic: type-3/26 with payload size: 92 at 2024-12-19 01:24:13.037471 sent 2024-12-19 01:24:12.859428
INFO:Message received on topic: type-3/22 with payload size: 137 at 2024-12-19 01:24:14.008459 sent 2024-12-19 01:24:13.884425
INFO:Message received on topic: type-3/27 with payload size: 109 at 2024-12-19 01:24:15.033097 sent 2024-12-19 01:24:14.922184
INFO:Message received on topic: type-3/29 with payload size: 95 at 2024-12-19 01:24:16.099816 sent 2024-12-19 01:24:15.977217
INFO:Message received on topic: type-3/22 with payload size: 113 at 2024-12-19 01:24:17.036437 sent 2024-12-19 01:24:16.937214
INFO:Message received on topic: type-3/25 with payload size: 106 at 2024-12-19 01:24:18.219438 sent 2024-12-19 01:24:18.097625
INFO:Message received on topic: type-3/29 with payload size: 124 at 2024-12-19 01:24:19.132489 sent 2024-12-19 01:24:19.024625
INFO:Message received on topic: type-3/23 with payload size: 99 at 2024-12-19 01:24:20.200000 sent 2024-12-19 01:24:20.056652
INFO:Message received on topic: type-3/25 with payload size: 106 at 2024-12-19 01:24:21.197544 sent 2024-12-19 01:24:21.045713
INFO:Message received on topic: type-3/25 with payload size: 117 at 2024-12-19 01:24:22.211576 sent 2024-12-19 01:24:22.162157
INFO:Message received on topic: type-3/24 with payload size: 125 at 2024-12-19 01:24:23.292106 sent 2024-12-19 01:24:23.148649
INFO:Message received on topic: type-3/29 with payload size: 101 at 2024-12-19 01:24:24.307620 sent 2024-12-19 01:24:24.214010
INFO:Message received on topic: type-3/28 with payload size: 153 at 2024-12-19 01:24:25.297282 sent 2024-12-19 01:24:25.147667
INFO:Message received on topic: type-3/26 with payload size: 105 at 2024-12-19 01:24:26.389873 sent 2024-12-19 01:24:26.269222
INFO:Message received on topic: type-3/27 with payload size: 119 at 2024-12-19 01:24:27.442560 sent 2024-12-19 01:24:27.327450
INFO:Message received on topic: type-3/29 with payload size: 130 at 2024-12-19 01:24:28.339648 sent 2024-12-19 01:24:28.283652
INFO:Message received on topic: type-3/23 with payload size: 140 at 2024-12-19 01:24:29.537876 sent 2024-12-19 01:24:29.500668
INFO:Message received on topic: type-3/28 with payload size: 119 at 2024-12-19 01:24:30.409575 sent 2024-12-19 01:24:30.325348
INFO:Message received on topic: type-3/27 with payload size: 137 at 2024-12-19 01:24:31.435594 sent 2024-12-19 01:24:31.385127
INFO:Message received on topic: type-3/26 with payload size: 124 at 2024-12-19 01:24:32.501394 sent 2024-12-19 01:24:32.363951
INFO:Message received on topic: type-3/28 with payload size: 115 at 2024-12-19 01:24:33.509476 sent 2024-12-19 01:24:33.375484
INFO:Message received on topic: type-3/24 with payload size: 111 at 2024-12-19 01:24:34.506187 sent 2024-12-19 01:24:34.422465
INFO:Message received on topic: type-3/22 with payload size: 98 at 2024-12-19 01:24:35.532121 sent 2024-12-19 01:24:35.436129
INFO:Message received on topic: type-3/21 with payload size: 150 at 2024-12-19 01:24:36.593272 sent 2024-12-19 01:24:36.503171
INFO:Message received on topic: type-3/25 with payload size: 91 at 2024-12-19 01:24:37.641293 sent 2024-12-19 01:24:37.515696
INFO:Message received on topic: type-3/25 with payload size: 103 at 2024-12-19 01:24:38.604820 sent 2024-12-19 01:24:38.526866
INFO:Message received on topic: type-3/21 with payload size: 131 at 2024-12-19 01:24:39.639173 sent 2024-12-19 01:24:39.548317
INFO:Message received on topic: type-3/26 with payload size: 91 at 2024-12-19 01:24:40.788350 sent 2024-12-19 01:24:40.694727
INFO:Message received on topic: type-3/27 with payload size: 114 at 2024-12-19 01:24:41.934011 sent 2024-12-19 01:24:41.831863
INFO:Message received on topic: type-3/21 with payload size: 117 at 2024-12-19 01:24:43.107472 sent 2024-12-19 01:24:43.003620
INFO:Message received on topic: type-3/29 with payload size: 131 at 2024-12-19 01:24:44.293181 sent 2024-12-19 01:24:44.144921
INFO:Message received on topic: type-3/26 with payload size: 94 at 2024-12-19 01:24:45.441665 sent 2024-12-19 01:24:45.362172
INFO:Message received on topic: type-3/26 with payload size: 97 at 2024-12-19 01:24:46.829389 sent 2024-12-19 01:24:46.682611
INFO:Message received on topic: type-3/23 with payload size: 97 at 2024-12-19 01:24:48.098309 sent 2024-12-19 01:24:48.000010
INFO:Message received on topic: type-3/23 with payload size: 102 at 2024-12-19 01:24:49.790801 sent 2024-12-19 01:24:49.421930
INFO:Message received on topic: type-3/28 with payload size: 138 at 2024-12-19 01:24:51.090731 sent 2024-12-19 01:24:50.949469
INFO:Message received on topic: type-3/29 with payload size: 91 at 2024-12-19 01:24:52.735782 sent 2024-12-19 01:24:52.673325
INFO:Message received on topic: type-3/25 with payload size: 100 at 2024-12-19 01:24:54.501760 sent 2024-12-19 01:24:54.369302
INFO:Message received on topic: type-3/28 with payload size: 155 at 2024-12-19 01:24:56.529935 sent 2024-12-19 01:24:56.430546
INFO:Message received on topic: type-3/29 with payload size: 128 at 2024-12-19 01:24:58.742576 sent 2024-12-19 01:24:58.659861
INFO:Message received on topic: type-3/27 with payload size: 128 at 2024-12-19 01:25:01.401590 sent 2024-12-19 01:25:01.326396
INFO:Message received on topic: type-3/29 with payload size: 136 at 2024-12-19 01:25:04.744307 sent 2024-12-19 01:25:04.650758
INFO:Message received on topic: type-3/29 with payload size: 127 at 2024-12-19 01:25:10.801038 sent 2024-12-19 01:25:10.735989
